-------------------------------
Execução 1
Instância: Data/raw//in1 - medium.txt
Tempo limite: 120 segundos
Seed: 36
Solução inicial:
Instalacoes:
7 18 23 11 15 22 9 19 0 14 
Atribuicoes:
9 22 7 15 18 18 18 14 23 14 23 0 18 18 9 14 7 0 19 0 18 22 19 22 18 7 9 22 19 19 18 18 19 11 15 18 22 0 0 7 0 11 7 11 23 7 11 11 23 22 0 15 0 22 9 15 14 9 7 0 11 15 9 19 18 0 23 18 11 9 19 22 23 0 7 23 9 9 15 14 19 15 15 7 0 11 22 15 0 11 19 15 
Custo Total: 76873
Solução após busca local:
Instalacoes:
7 18 23 11 15 22 9 19 0 14 
Atribuicoes:
9 22 7 15 18 18 18 14 23 14 23 0 18 18 9 14 7 0 19 0 18 22 19 22 18 7 9 22 19 19 18 18 19 11 15 11 22 0 0 11 0 11 7 11 23 7 11 11 23 22 0 15 0 22 9 15 14 9 7 0 11 15 9 19 18 0 23 18 11 9 19 22 23 0 7 23 15 9 15 14 19 15 15 7 0 11 22 15 0 11 19 15 
Custo Total: 76432
Total de iterações: 267589
Melhorias: 3
Tempo até a melhor solução: 34.2456 segundos
Melhor solução encontrada:
Instalacoes:
0 1 7 8 9 11 14 15 17 18 19 22 23 
Atribuicoes:
15 22 7 15 18 8 18 14 8 14 23 17 1 18 9 14 7 0 1 0 18 22 19 22 18 7 9 22 19 19 17 18 1 11 17 1 1 0 0 1 0 17 7 11 23 7 8 11 23 17 0 15 0 22 9 8 14 8 7 0 11 15 9 19 18 0 23 18 11 9 19 22 23 0 7 17 17 9 15 14 19 8 15 7 0 11 17 15 0 11 19 1 
Custo Total: 74553
Instalacoes:
0 1 7 8 9 11 14 15 17 18 19 22 23 
Atribuicoes:
15 22 7 15 18 8 18 14 8 14 23 17 1 18 9 14 7 0 1 0 18 22 19 22 18 7 9 22 19 19 17 18 1 11 17 1 1 0 0 1 0 17 7 11 23 7 8 11 23 17 0 15 0 22 9 8 14 8 7 0 11 15 9 19 18 0 23 18 11 9 19 22 23 0 7 17 17 9 15 14 19 8 15 7 0 11 17 15 0 11 19 1 
Custo Total: 74553
-------------------------------
-------------------------------
Execução 2
Instância: Data/raw//in1 - medium.txt
Tempo limite: 120 segundos
Seed: 55
Solução inicial:
Instalacoes:
7 18 23 11 15 22 9 19 0 14 
Atribuicoes:
9 22 7 15 18 18 18 14 23 14 23 0 18 18 9 14 7 0 19 0 18 22 19 22 18 7 9 22 19 19 18 18 19 11 15 18 22 0 0 7 0 11 7 11 23 7 11 11 23 22 0 15 0 22 9 15 14 9 7 0 11 15 9 19 18 0 23 18 11 9 19 22 23 0 7 23 9 9 15 14 19 15 15 7 0 11 22 15 0 11 19 15 
Custo Total: 76873
Solução após busca local:
Instalacoes:
7 18 23 11 15 22 9 19 0 14 
Atribuicoes:
9 22 7 15 18 18 18 14 23 14 23 0 18 18 9 14 7 0 19 0 18 22 19 22 18 7 9 22 19 19 18 18 19 11 15 11 22 0 0 11 0 11 7 11 23 7 11 11 23 22 0 15 0 22 9 15 14 9 7 0 11 15 9 19 18 0 23 18 11 9 19 22 23 0 7 23 15 9 15 14 19 15 15 7 0 11 22 15 0 11 19 15 
Custo Total: 76432
Total de iterações: 266121
Melhorias: 5
Tempo até a melhor solução: 102.689 segundos
Melhor solução encontrada:
Instalacoes:
0 1 7 9 10 11 14 15 17 18 19 22 23 
Atribuicoes:
15 22 7 15 18 18 18 10 10 14 23 17 1 18 9 14 7 10 1 0 18 22 19 22 18 7 9 22 19 19 17 18 1 11 17 1 1 0 0 1 0 17 7 11 23 7 1 11 23 17 0 15 0 22 9 15 14 9 7 0 11 15 9 19 18 0 23 18 11 9 19 22 23 0 7 17 17 9 15 14 19 15 15 7 0 11 17 15 0 11 19 1 
Custo Total: 74289
Instalacoes:
0 1 7 9 10 11 14 15 17 18 19 22 23 
Atribuicoes:
15 22 7 15 18 18 18 10 10 14 23 17 1 18 9 14 7 10 1 0 18 22 19 22 18 7 9 22 19 19 17 18 1 11 17 1 1 0 0 1 0 17 7 11 23 7 1 11 23 17 0 15 0 22 9 15 14 9 7 0 11 15 9 19 18 0 23 18 11 9 19 22 23 0 7 17 17 9 15 14 19 15 15 7 0 11 17 15 0 11 19 1 
Custo Total: 74289
-------------------------------
-------------------------------
Execução 3
Instância: Data/raw//in1 - medium.txt
Tempo limite: 120 segundos
Seed: 30
Solução inicial:
Instalacoes:
7 18 23 11 15 22 9 19 0 14 
Atribuicoes:
9 22 7 15 18 18 18 14 23 14 23 0 18 18 9 14 7 0 19 0 18 22 19 22 18 7 9 22 19 19 18 18 19 11 15 18 22 0 0 7 0 11 7 11 23 7 11 11 23 22 0 15 0 22 9 15 14 9 7 0 11 15 9 19 18 0 23 18 11 9 19 22 23 0 7 23 9 9 15 14 19 15 15 7 0 11 22 15 0 11 19 15 
Custo Total: 76873
Solução após busca local:
Instalacoes:
7 18 23 11 15 22 9 19 0 14 
Atribuicoes:
9 22 7 15 18 18 18 14 23 14 23 0 18 18 9 14 7 0 19 0 18 22 19 22 18 7 9 22 19 19 18 18 19 11 15 11 22 0 0 11 0 11 7 11 23 7 11 11 23 22 0 15 0 22 9 15 14 9 7 0 11 15 9 19 18 0 23 18 11 9 19 22 23 0 7 23 15 9 15 14 19 15 15 7 0 11 22 15 0 11 19 15 
Custo Total: 76432
Total de iterações: 267630
Melhorias: 6
Tempo até a melhor solução: 96.5245 segundos
Melhor solução encontrada:
Instalacoes:
0 1 7 9 11 14 15 17 18 19 22 23 
Atribuicoes:
15 22 7 15 18 18 18 14 23 14 23 17 1 18 9 14 7 0 1 0 18 22 19 22 18 7 9 22 19 19 17 18 1 11 17 1 1 0 0 1 0 17 7 11 23 7 1 11 23 17 0 15 0 22 9 15 14 9 7 0 11 15 9 19 18 0 23 18 11 9 19 22 23 0 7 17 17 9 15 14 19 15 15 7 0 11 17 15 0 11 19 1 
Custo Total: 72982
Instalacoes:
0 1 7 9 11 14 15 17 18 19 22 23 
Atribuicoes:
15 22 7 15 18 18 18 14 23 14 23 17 1 18 9 14 7 0 1 0 18 22 19 22 18 7 9 22 19 19 17 18 1 11 17 1 1 0 0 1 0 17 7 11 23 7 1 11 23 17 0 15 0 22 9 15 14 9 7 0 11 15 9 19 18 0 23 18 11 9 19 22 23 0 7 17 17 9 15 14 19 15 15 7 0 11 17 15 0 11 19 1 
Custo Total: 72982
-------------------------------
-------------------------------
Execução 4
Instância: Data/raw//in1 - medium.txt
Tempo limite: 120 segundos
Seed: 9
Solução inicial:
Instalacoes:
7 18 23 11 15 22 9 19 0 14 
Atribuicoes:
9 22 7 15 18 18 18 14 23 14 23 0 18 18 9 14 7 0 19 0 18 22 19 22 18 7 9 22 19 19 18 18 19 11 15 18 22 0 0 7 0 11 7 11 23 7 11 11 23 22 0 15 0 22 9 15 14 9 7 0 11 15 9 19 18 0 23 18 11 9 19 22 23 0 7 23 9 9 15 14 19 15 15 7 0 11 22 15 0 11 19 15 
Custo Total: 76873
Solução após busca local:
Instalacoes:
7 18 23 11 15 22 9 19 0 14 
Atribuicoes:
9 22 7 15 18 18 18 14 23 14 23 0 18 18 9 14 7 0 19 0 18 22 19 22 18 7 9 22 19 19 18 18 19 11 15 11 22 0 0 11 0 11 7 11 23 7 11 11 23 22 0 15 0 22 9 15 14 9 7 0 11 15 9 19 18 0 23 18 11 9 19 22 23 0 7 23 15 9 15 14 19 15 15 7 0 11 22 15 0 11 19 15 
Custo Total: 76432
Total de iterações: 262846
Melhorias: 5
Tempo até a melhor solução: 103.943 segundos
Melhor solução encontrada:
Instalacoes:
0 1 7 9 10 11 15 17 18 19 22 23 
Atribuicoes:
15 22 7 15 18 18 18 10 10 0 23 17 1 18 9 10 7 10 1 0 18 22 19 22 18 7 9 22 19 19 17 18 1 11 17 1 1 0 0 1 0 17 7 11 23 7 1 11 23 17 0 15 0 22 9 15 7 9 7 0 11 15 9 19 18 0 23 18 11 9 19 22 23 0 7 17 17 9 15 18 19 15 15 7 0 11 17 15 0 11 19 1 
Custo Total: 73159
Instalacoes:
0 1 7 9 10 11 15 17 18 19 22 23 
Atribuicoes:
15 22 7 15 18 18 18 10 10 0 23 17 1 18 9 10 7 10 1 0 18 22 19 22 18 7 9 22 19 19 17 18 1 11 17 1 1 0 0 1 0 17 7 11 23 7 1 11 23 17 0 15 0 22 9 15 7 9 7 0 11 15 9 19 18 0 23 18 11 9 19 22 23 0 7 17 17 9 15 18 19 15 15 7 0 11 17 15 0 11 19 1 
Custo Total: 73159
-------------------------------
-------------------------------
Execução 5
Instância: Data/raw//in1 - medium.txt
Tempo limite: 120 segundos
Seed: 83
Solução inicial:
Instalacoes:
7 18 23 11 15 22 9 19 0 14 
Atribuicoes:
9 22 7 15 18 18 18 14 23 14 23 0 18 18 9 14 7 0 19 0 18 22 19 22 18 7 9 22 19 19 18 18 19 11 15 18 22 0 0 7 0 11 7 11 23 7 11 11 23 22 0 15 0 22 9 15 14 9 7 0 11 15 9 19 18 0 23 18 11 9 19 22 23 0 7 23 9 9 15 14 19 15 15 7 0 11 22 15 0 11 19 15 
Custo Total: 76873
Solução após busca local:
Instalacoes:
7 18 23 11 15 22 9 19 0 14 
Atribuicoes:
9 22 7 15 18 18 18 14 23 14 23 0 18 18 9 14 7 0 19 0 18 22 19 22 18 7 9 22 19 19 18 18 19 11 15 11 22 0 0 11 0 11 7 11 23 7 11 11 23 22 0 15 0 22 9 15 14 9 7 0 11 15 9 19 18 0 23 18 11 9 19 22 23 0 7 23 15 9 15 14 19 15 15 7 0 11 22 15 0 11 19 15 
Custo Total: 76432
Total de iterações: 268406
Melhorias: 7
Tempo até a melhor solução: 56.3092 segundos
Melhor solução encontrada:
Instalacoes:
0 1 7 9 11 14 15 17 18 19 20 22 23 
Atribuicoes:
15 22 7 15 18 18 18 14 23 14 20 17 1 18 9 14 7 0 1 0 18 22 19 22 18 7 9 22 19 19 17 18 1 11 17 1 1 0 0 1 0 17 7 11 23 20 20 11 20 17 0 15 0 22 9 15 14 9 7 0 11 15 9 19 18 0 23 18 20 9 19 22 23 0 7 20 17 9 15 14 19 15 15 7 0 11 17 15 0 11 19 1 
Custo Total: 74290
Instalacoes:
0 1 7 9 11 14 15 17 18 19 20 22 23 
Atribuicoes:
15 22 7 15 18 18 18 14 23 14 20 17 1 18 9 14 7 0 1 0 18 22 19 22 18 7 9 22 19 19 17 18 1 11 17 1 1 0 0 1 0 17 7 11 23 20 20 11 20 17 0 15 0 22 9 15 14 9 7 0 11 15 9 19 18 0 23 18 20 9 19 22 23 0 7 20 17 9 15 14 19 15 15 7 0 11 17 15 0 11 19 1 
Custo Total: 74290
-------------------------------
-------------------------------
Execução 6
Instância: Data/raw//in1 - medium.txt
Tempo limite: 120 segundos
Seed: 15
Solução inicial:
Instalacoes:
7 18 23 11 15 22 9 19 0 14 
Atribuicoes:
9 22 7 15 18 18 18 14 23 14 23 0 18 18 9 14 7 0 19 0 18 22 19 22 18 7 9 22 19 19 18 18 19 11 15 18 22 0 0 7 0 11 7 11 23 7 11 11 23 22 0 15 0 22 9 15 14 9 7 0 11 15 9 19 18 0 23 18 11 9 19 22 23 0 7 23 9 9 15 14 19 15 15 7 0 11 22 15 0 11 19 15 
Custo Total: 76873
Solução após busca local:
Instalacoes:
7 18 23 11 15 22 9 19 0 14 
Atribuicoes:
9 22 7 15 18 18 18 14 23 14 23 0 18 18 9 14 7 0 19 0 18 22 19 22 18 7 9 22 19 19 18 18 19 11 15 11 22 0 0 11 0 11 7 11 23 7 11 11 23 22 0 15 0 22 9 15 14 9 7 0 11 15 9 19 18 0 23 18 11 9 19 22 23 0 7 23 15 9 15 14 19 15 15 7 0 11 22 15 0 11 19 15 
Custo Total: 76432
Total de iterações: 267540
Melhorias: 5
Tempo até a melhor solução: 47.608 segundos
Melhor solução encontrada:
Instalacoes:
0 1 7 9 11 12 14 15 17 18 19 22 23 
Atribuicoes:
15 22 7 15 18 18 18 14 12 14 23 17 1 12 9 14 7 0 1 0 18 12 19 22 18 7 9 22 19 19 17 18 1 11 17 1 1 0 0 1 0 17 7 11 23 7 1 11 23 17 12 15 0 22 9 15 14 9 7 0 11 15 9 19 18 0 23 18 11 9 19 22 23 12 7 17 17 9 15 14 19 12 15 7 0 11 17 15 0 11 19 1 
Custo Total: 74483
Instalacoes:
0 1 7 9 11 12 14 15 17 18 19 22 23 
Atribuicoes:
15 22 7 15 18 18 18 14 12 14 23 17 1 12 9 14 7 0 1 0 18 12 19 22 18 7 9 22 19 19 17 18 1 11 17 1 1 0 0 1 0 17 7 11 23 7 1 11 23 17 12 15 0 22 9 15 14 9 7 0 11 15 9 19 18 0 23 18 11 9 19 22 23 12 7 17 17 9 15 14 19 12 15 7 0 11 17 15 0 11 19 1 
Custo Total: 74483
-------------------------------
-------------------------------
Execução 7
Instância: Data/raw//in1 - medium.txt
Tempo limite: 120 segundos
Seed: 12
Solução inicial:
Instalacoes:
7 18 23 11 15 22 9 19 0 14 
Atribuicoes:
9 22 7 15 18 18 18 14 23 14 23 0 18 18 9 14 7 0 19 0 18 22 19 22 18 7 9 22 19 19 18 18 19 11 15 18 22 0 0 7 0 11 7 11 23 7 11 11 23 22 0 15 0 22 9 15 14 9 7 0 11 15 9 19 18 0 23 18 11 9 19 22 23 0 7 23 9 9 15 14 19 15 15 7 0 11 22 15 0 11 19 15 
Custo Total: 76873
Solução após busca local:
Instalacoes:
7 18 23 11 15 22 9 19 0 14 
Atribuicoes:
9 22 7 15 18 18 18 14 23 14 23 0 18 18 9 14 7 0 19 0 18 22 19 22 18 7 9 22 19 19 18 18 19 11 15 11 22 0 0 11 0 11 7 11 23 7 11 11 23 22 0 15 0 22 9 15 14 9 7 0 11 15 9 19 18 0 23 18 11 9 19 22 23 0 7 23 15 9 15 14 19 15 15 7 0 11 22 15 0 11 19 15 
Custo Total: 76432
Total de iterações: 267138
Melhorias: 12
Tempo até a melhor solução: 96.5761 segundos
Melhor solução encontrada:
Instalacoes:
0 1 7 9 14 15 17 18 19 20 22 23 
Atribuicoes:
15 22 7 15 18 18 18 14 23 14 20 17 1 18 9 14 7 0 1 0 18 22 19 22 18 7 9 22 19 19 17 18 1 20 17 1 1 0 0 1 0 17 7 17 23 20 20 14 20 17 0 15 0 22 9 15 14 9 7 0 23 15 9 19 18 0 23 18 20 9 19 22 23 0 7 20 17 9 15 14 19 15 15 7 0 19 17 15 0 22 19 1 
Custo Total: 74255
Instalacoes:
0 1 7 9 14 15 17 18 19 20 22 23 
Atribuicoes:
15 22 7 15 18 18 18 14 23 14 20 17 1 18 9 14 7 0 1 0 18 22 19 22 18 7 9 22 19 19 17 18 1 20 17 1 1 0 0 1 0 17 7 17 23 20 20 14 20 17 0 15 0 22 9 15 14 9 7 0 23 15 9 19 18 0 23 18 20 9 19 22 23 0 7 20 17 9 15 14 19 15 15 7 0 19 17 15 0 22 19 1 
Custo Total: 74255
-------------------------------
-------------------------------
Execução 8
Instância: Data/raw//in1 - medium.txt
Tempo limite: 120 segundos
Seed: 50
Solução inicial:
Instalacoes:
7 18 23 11 15 22 9 19 0 14 
Atribuicoes:
9 22 7 15 18 18 18 14 23 14 23 0 18 18 9 14 7 0 19 0 18 22 19 22 18 7 9 22 19 19 18 18 19 11 15 18 22 0 0 7 0 11 7 11 23 7 11 11 23 22 0 15 0 22 9 15 14 9 7 0 11 15 9 19 18 0 23 18 11 9 19 22 23 0 7 23 9 9 15 14 19 15 15 7 0 11 22 15 0 11 19 15 
Custo Total: 76873
Solução após busca local:
Instalacoes:
7 18 23 11 15 22 9 19 0 14 
Atribuicoes:
9 22 7 15 18 18 18 14 23 14 23 0 18 18 9 14 7 0 19 0 18 22 19 22 18 7 9 22 19 19 18 18 19 11 15 11 22 0 0 11 0 11 7 11 23 7 11 11 23 22 0 15 0 22 9 15 14 9 7 0 11 15 9 19 18 0 23 18 11 9 19 22 23 0 7 23 15 9 15 14 19 15 15 7 0 11 22 15 0 11 19 15 
Custo Total: 76432
Total de iterações: 264774
Melhorias: 4
Tempo até a melhor solução: 103.898 segundos
Melhor solução encontrada:
Instalacoes:
0 1 7 9 10 11 14 15 17 18 19 22 23 
Atribuicoes:
15 22 7 15 18 18 18 10 10 14 23 17 1 18 9 14 7 10 1 0 18 22 19 22 18 7 9 22 19 19 17 18 1 11 17 1 1 0 0 1 0 17 7 11 23 7 1 11 23 17 0 15 0 22 9 15 14 9 7 0 11 15 9 19 18 0 23 18 11 9 19 22 23 0 7 17 17 9 15 14 19 15 15 7 0 11 17 15 0 11 19 1 
Custo Total: 74289
Instalacoes:
0 1 7 9 10 11 14 15 17 18 19 22 23 
Atribuicoes:
15 22 7 15 18 18 18 10 10 14 23 17 1 18 9 14 7 10 1 0 18 22 19 22 18 7 9 22 19 19 17 18 1 11 17 1 1 0 0 1 0 17 7 11 23 7 1 11 23 17 0 15 0 22 9 15 14 9 7 0 11 15 9 19 18 0 23 18 11 9 19 22 23 0 7 17 17 9 15 14 19 15 15 7 0 11 17 15 0 11 19 1 
Custo Total: 74289
-------------------------------
-------------------------------
Execução 9
Instância: Data/raw//in1 - medium.txt
Tempo limite: 120 segundos
Seed: 13
Solução inicial:
Instalacoes:
7 18 23 11 15 22 9 19 0 14 
Atribuicoes:
9 22 7 15 18 18 18 14 23 14 23 0 18 18 9 14 7 0 19 0 18 22 19 22 18 7 9 22 19 19 18 18 19 11 15 18 22 0 0 7 0 11 7 11 23 7 11 11 23 22 0 15 0 22 9 15 14 9 7 0 11 15 9 19 18 0 23 18 11 9 19 22 23 0 7 23 9 9 15 14 19 15 15 7 0 11 22 15 0 11 19 15 
Custo Total: 76873
Solução após busca local:
Instalacoes:
7 18 23 11 15 22 9 19 0 14 
Atribuicoes:
9 22 7 15 18 18 18 14 23 14 23 0 18 18 9 14 7 0 19 0 18 22 19 22 18 7 9 22 19 19 18 18 19 11 15 11 22 0 0 11 0 11 7 11 23 7 11 11 23 22 0 15 0 22 9 15 14 9 7 0 11 15 9 19 18 0 23 18 11 9 19 22 23 0 7 23 15 9 15 14 19 15 15 7 0 11 22 15 0 11 19 15 
Custo Total: 76432
Total de iterações: 268333
Melhorias: 7
Tempo até a melhor solução: 23.1925 segundos
Melhor solução encontrada:
Instalacoes:
0 1 7 9 11 12 14 15 17 18 19 22 23 
Atribuicoes:
15 22 7 15 18 18 18 14 12 14 23 17 1 12 9 14 7 0 1 0 18 12 19 22 18 7 9 22 19 19 17 18 1 11 17 1 1 0 0 1 0 17 7 11 23 7 1 11 23 17 12 15 0 22 9 15 14 9 7 0 11 15 9 19 18 0 23 18 11 9 19 22 23 12 7 17 17 9 15 14 19 12 15 7 0 11 17 15 0 11 19 1 
Custo Total: 74483
Instalacoes:
0 1 7 9 11 12 14 15 17 18 19 22 23 
Atribuicoes:
15 22 7 15 18 18 18 14 12 14 23 17 1 12 9 14 7 0 1 0 18 12 19 22 18 7 9 22 19 19 17 18 1 11 17 1 1 0 0 1 0 17 7 11 23 7 1 11 23 17 12 15 0 22 9 15 14 9 7 0 11 15 9 19 18 0 23 18 11 9 19 22 23 12 7 17 17 9 15 14 19 12 15 7 0 11 17 15 0 11 19 1 
Custo Total: 74483
-------------------------------
-------------------------------
Execução 10
Instância: Data/raw//in1 - medium.txt
Tempo limite: 120 segundos
Seed: 56
Solução inicial:
Instalacoes:
7 18 23 11 15 22 9 19 0 14 
Atribuicoes:
9 22 7 15 18 18 18 14 23 14 23 0 18 18 9 14 7 0 19 0 18 22 19 22 18 7 9 22 19 19 18 18 19 11 15 18 22 0 0 7 0 11 7 11 23 7 11 11 23 22 0 15 0 22 9 15 14 9 7 0 11 15 9 19 18 0 23 18 11 9 19 22 23 0 7 23 9 9 15 14 19 15 15 7 0 11 22 15 0 11 19 15 
Custo Total: 76873
Solução após busca local:
Instalacoes:
7 18 23 11 15 22 9 19 0 14 
Atribuicoes:
9 22 7 15 18 18 18 14 23 14 23 0 18 18 9 14 7 0 19 0 18 22 19 22 18 7 9 22 19 19 18 18 19 11 15 11 22 0 0 11 0 11 7 11 23 7 11 11 23 22 0 15 0 22 9 15 14 9 7 0 11 15 9 19 18 0 23 18 11 9 19 22 23 0 7 23 15 9 15 14 19 15 15 7 0 11 22 15 0 11 19 15 
Custo Total: 76432
Total de iterações: 264284
Melhorias: 2
Tempo até a melhor solução: 21.1317 segundos
Melhor solução encontrada:
Instalacoes:
0 1 7 9 11 14 15 17 18 19 22 23 
Atribuicoes:
15 22 7 15 18 18 18 14 23 14 23 17 1 18 9 14 7 0 1 0 18 22 19 22 18 7 9 22 19 19 17 18 1 11 17 1 1 0 0 1 0 17 7 11 23 7 1 11 23 17 0 15 0 22 9 15 14 9 7 0 11 15 9 19 18 0 23 18 11 9 19 22 23 0 7 17 17 9 15 14 19 15 15 7 0 11 17 15 0 11 19 1 
Custo Total: 72982
Instalacoes:
0 1 7 9 11 14 15 17 18 19 22 23 
Atribuicoes:
15 22 7 15 18 18 18 14 23 14 23 17 1 18 9 14 7 0 1 0 18 22 19 22 18 7 9 22 19 19 17 18 1 11 17 1 1 0 0 1 0 17 7 11 23 7 1 11 23 17 0 15 0 22 9 15 14 9 7 0 11 15 9 19 18 0 23 18 11 9 19 22 23 0 7 17 17 9 15 14 19 15 15 7 0 11 17 15 0 11 19 1 
Custo Total: 72982
-------------------------------
-------------------------------
Execução 11
Instância: Data/raw//in1 - medium.txt
Tempo limite: 120 segundos
Seed: 19
Solução inicial:
Instalacoes:
7 18 23 11 15 22 9 19 0 14 
Atribuicoes:
9 22 7 15 18 18 18 14 23 14 23 0 18 18 9 14 7 0 19 0 18 22 19 22 18 7 9 22 19 19 18 18 19 11 15 18 22 0 0 7 0 11 7 11 23 7 11 11 23 22 0 15 0 22 9 15 14 9 7 0 11 15 9 19 18 0 23 18 11 9 19 22 23 0 7 23 9 9 15 14 19 15 15 7 0 11 22 15 0 11 19 15 
Custo Total: 76873
Solução após busca local:
Instalacoes:
7 18 23 11 15 22 9 19 0 14 
Atribuicoes:
9 22 7 15 18 18 18 14 23 14 23 0 18 18 9 14 7 0 19 0 18 22 19 22 18 7 9 22 19 19 18 18 19 11 15 11 22 0 0 11 0 11 7 11 23 7 11 11 23 22 0 15 0 22 9 15 14 9 7 0 11 15 9 19 18 0 23 18 11 9 19 22 23 0 7 23 15 9 15 14 19 15 15 7 0 11 22 15 0 11 19 15 
Custo Total: 76432
Total de iterações: 269048
Melhorias: 5
Tempo até a melhor solução: 51.5377 segundos
Melhor solução encontrada:
Instalacoes:
0 1 7 9 11 14 15 17 18 19 20 22 23 
Atribuicoes:
15 22 7 15 18 18 18 14 23 14 20 17 1 18 9 14 7 0 1 0 18 22 19 22 18 7 9 22 19 19 17 18 1 11 17 1 1 0 0 1 0 17 7 11 23 20 20 11 20 17 0 15 0 22 9 15 14 9 7 0 11 15 9 19 18 0 23 18 20 9 19 22 23 0 7 20 17 9 15 14 19 15 15 7 0 11 17 15 0 11 19 1 
Custo Total: 74290
Instalacoes:
0 1 7 9 11 14 15 17 18 19 20 22 23 
Atribuicoes:
15 22 7 15 18 18 18 14 23 14 20 17 1 18 9 14 7 0 1 0 18 22 19 22 18 7 9 22 19 19 17 18 1 11 17 1 1 0 0 1 0 17 7 11 23 20 20 11 20 17 0 15 0 22 9 15 14 9 7 0 11 15 9 19 18 0 23 18 20 9 19 22 23 0 7 20 17 9 15 14 19 15 15 7 0 11 17 15 0 11 19 1 
Custo Total: 74290
-------------------------------
-------------------------------
Execução 12
Instância: Data/raw//in1 - medium.txt
Tempo limite: 120 segundos
Seed: 54
Solução inicial:
Instalacoes:
7 18 23 11 15 22 9 19 0 14 
Atribuicoes:
9 22 7 15 18 18 18 14 23 14 23 0 18 18 9 14 7 0 19 0 18 22 19 22 18 7 9 22 19 19 18 18 19 11 15 18 22 0 0 7 0 11 7 11 23 7 11 11 23 22 0 15 0 22 9 15 14 9 7 0 11 15 9 19 18 0 23 18 11 9 19 22 23 0 7 23 9 9 15 14 19 15 15 7 0 11 22 15 0 11 19 15 
Custo Total: 76873
Solução após busca local:
Instalacoes:
7 18 23 11 15 22 9 19 0 14 
Atribuicoes:
9 22 7 15 18 18 18 14 23 14 23 0 18 18 9 14 7 0 19 0 18 22 19 22 18 7 9 22 19 19 18 18 19 11 15 11 22 0 0 11 0 11 7 11 23 7 11 11 23 22 0 15 0 22 9 15 14 9 7 0 11 15 9 19 18 0 23 18 11 9 19 22 23 0 7 23 15 9 15 14 19 15 15 7 0 11 22 15 0 11 19 15 
Custo Total: 76432
Total de iterações: 267313
Melhorias: 5
Tempo até a melhor solução: 55.2862 segundos
Melhor solução encontrada:
Instalacoes:
0 1 7 9 11 12 14 15 17 18 19 22 23 
Atribuicoes:
15 22 7 15 18 18 18 14 12 14 23 17 1 12 9 14 7 0 1 0 18 12 19 22 18 7 9 22 19 19 17 18 1 11 17 1 1 0 0 1 0 17 7 11 23 7 1 11 23 17 12 15 0 22 9 15 14 9 7 0 11 15 9 19 18 0 23 18 11 9 19 22 23 12 7 17 17 9 15 14 19 12 15 7 0 11 17 15 0 11 19 1 
Custo Total: 74483
Instalacoes:
0 1 7 9 11 12 14 15 17 18 19 22 23 
Atribuicoes:
15 22 7 15 18 18 18 14 12 14 23 17 1 12 9 14 7 0 1 0 18 12 19 22 18 7 9 22 19 19 17 18 1 11 17 1 1 0 0 1 0 17 7 11 23 7 1 11 23 17 12 15 0 22 9 15 14 9 7 0 11 15 9 19 18 0 23 18 11 9 19 22 23 12 7 17 17 9 15 14 19 12 15 7 0 11 17 15 0 11 19 1 
Custo Total: 74483
-------------------------------
-------------------------------
Execução 13
Instância: Data/raw//in1 - medium.txt
Tempo limite: 120 segundos
Seed: 99
Solução inicial:
Instalacoes:
7 18 23 11 15 22 9 19 0 14 
Atribuicoes:
9 22 7 15 18 18 18 14 23 14 23 0 18 18 9 14 7 0 19 0 18 22 19 22 18 7 9 22 19 19 18 18 19 11 15 18 22 0 0 7 0 11 7 11 23 7 11 11 23 22 0 15 0 22 9 15 14 9 7 0 11 15 9 19 18 0 23 18 11 9 19 22 23 0 7 23 9 9 15 14 19 15 15 7 0 11 22 15 0 11 19 15 
Custo Total: 76873
Solução após busca local:
Instalacoes:
7 18 23 11 15 22 9 19 0 14 
Atribuicoes:
9 22 7 15 18 18 18 14 23 14 23 0 18 18 9 14 7 0 19 0 18 22 19 22 18 7 9 22 19 19 18 18 19 11 15 11 22 0 0 11 0 11 7 11 23 7 11 11 23 22 0 15 0 22 9 15 14 9 7 0 11 15 9 19 18 0 23 18 11 9 19 22 23 0 7 23 15 9 15 14 19 15 15 7 0 11 22 15 0 11 19 15 
Custo Total: 76432
Total de iterações: 266322
Melhorias: 6
Tempo até a melhor solução: 62.5812 segundos
Melhor solução encontrada:
Instalacoes:
0 1 7 9 11 14 15 17 18 19 22 23 
Atribuicoes:
15 22 7 15 18 18 18 14 23 14 23 17 1 18 9 14 7 0 1 0 18 22 19 22 18 7 9 22 19 19 17 18 1 11 17 1 1 0 0 1 0 17 7 11 23 7 1 11 23 17 0 15 0 22 9 15 14 9 7 0 11 15 9 19 18 0 23 18 11 9 19 22 23 0 7 17 17 9 15 14 19 15 15 7 0 11 17 15 0 11 19 1 
Custo Total: 72982
Instalacoes:
0 1 7 9 11 14 15 17 18 19 22 23 
Atribuicoes:
15 22 7 15 18 18 18 14 23 14 23 17 1 18 9 14 7 0 1 0 18 22 19 22 18 7 9 22 19 19 17 18 1 11 17 1 1 0 0 1 0 17 7 11 23 7 1 11 23 17 0 15 0 22 9 15 14 9 7 0 11 15 9 19 18 0 23 18 11 9 19 22 23 0 7 17 17 9 15 14 19 15 15 7 0 11 17 15 0 11 19 1 
Custo Total: 72982
-------------------------------
-------------------------------
Execução 14
Instância: Data/raw//in1 - medium.txt
Tempo limite: 120 segundos
Seed: 90
Solução inicial:
Instalacoes:
7 18 23 11 15 22 9 19 0 14 
Atribuicoes:
9 22 7 15 18 18 18 14 23 14 23 0 18 18 9 14 7 0 19 0 18 22 19 22 18 7 9 22 19 19 18 18 19 11 15 18 22 0 0 7 0 11 7 11 23 7 11 11 23 22 0 15 0 22 9 15 14 9 7 0 11 15 9 19 18 0 23 18 11 9 19 22 23 0 7 23 9 9 15 14 19 15 15 7 0 11 22 15 0 11 19 15 
Custo Total: 76873
Solução após busca local:
Instalacoes:
7 18 23 11 15 22 9 19 0 14 
Atribuicoes:
9 22 7 15 18 18 18 14 23 14 23 0 18 18 9 14 7 0 19 0 18 22 19 22 18 7 9 22 19 19 18 18 19 11 15 11 22 0 0 11 0 11 7 11 23 7 11 11 23 22 0 15 0 22 9 15 14 9 7 0 11 15 9 19 18 0 23 18 11 9 19 22 23 0 7 23 15 9 15 14 19 15 15 7 0 11 22 15 0 11 19 15 
Custo Total: 76432
Total de iterações: 264677
Melhorias: 4
Tempo até a melhor solução: 116.994 segundos
Melhor solução encontrada:
Instalacoes:
0 1 7 9 11 14 15 17 18 19 20 22 23 
Atribuicoes:
15 22 7 15 18 18 18 14 23 14 20 0 17 18 9 14 7 0 1 0 18 22 19 22 18 7 9 22 19 19 17 18 1 11 17 1 1 0 0 1 0 17 7 11 23 20 20 11 20 17 0 15 0 22 9 15 14 9 7 0 11 15 9 19 18 0 23 18 20 9 19 22 23 0 7 20 17 9 15 14 19 15 15 7 0 11 17 15 0 11 19 1 
Custo Total: 74300
Instalacoes:
0 1 7 9 11 14 15 17 18 19 20 22 23 
Atribuicoes:
15 22 7 15 18 18 18 14 23 14 20 0 17 18 9 14 7 0 1 0 18 22 19 22 18 7 9 22 19 19 17 18 1 11 17 1 1 0 0 1 0 17 7 11 23 20 20 11 20 17 0 15 0 22 9 15 14 9 7 0 11 15 9 19 18 0 23 18 20 9 19 22 23 0 7 20 17 9 15 14 19 15 15 7 0 11 17 15 0 11 19 1 
Custo Total: 74300
-------------------------------
-------------------------------
Execução 15
Instância: Data/raw//in1 - medium.txt
Tempo limite: 120 segundos
Seed: 100
Solução inicial:
Instalacoes:
7 18 23 11 15 22 9 19 0 14 
Atribuicoes:
9 22 7 15 18 18 18 14 23 14 23 0 18 18 9 14 7 0 19 0 18 22 19 22 18 7 9 22 19 19 18 18 19 11 15 18 22 0 0 7 0 11 7 11 23 7 11 11 23 22 0 15 0 22 9 15 14 9 7 0 11 15 9 19 18 0 23 18 11 9 19 22 23 0 7 23 9 9 15 14 19 15 15 7 0 11 22 15 0 11 19 15 
Custo Total: 76873
Solução após busca local:
Instalacoes:
7 18 23 11 15 22 9 19 0 14 
Atribuicoes:
9 22 7 15 18 18 18 14 23 14 23 0 18 18 9 14 7 0 19 0 18 22 19 22 18 7 9 22 19 19 18 18 19 11 15 11 22 0 0 11 0 11 7 11 23 7 11 11 23 22 0 15 0 22 9 15 14 9 7 0 11 15 9 19 18 0 23 18 11 9 19 22 23 0 7 23 15 9 15 14 19 15 15 7 0 11 22 15 0 11 19 15 
Custo Total: 76432
Total de iterações: 263996
Melhorias: 2
Tempo até a melhor solução: 23.3934 segundos
Melhor solução encontrada:
Instalacoes:
0 1 7 9 11 12 14 15 17 18 19 22 23 
Atribuicoes:
15 22 7 15 18 18 18 14 12 14 23 17 1 12 9 14 7 0 1 0 18 12 19 22 18 7 9 22 19 19 17 18 1 11 17 1 1 0 0 1 0 17 7 11 23 7 1 11 23 17 12 15 0 22 9 15 14 9 7 0 11 15 9 19 18 0 23 18 11 9 19 22 23 12 7 17 17 9 15 14 19 12 15 7 0 11 17 15 0 11 19 1 
Custo Total: 74483
Instalacoes:
0 1 7 9 11 12 14 15 17 18 19 22 23 
Atribuicoes:
15 22 7 15 18 18 18 14 12 14 23 17 1 12 9 14 7 0 1 0 18 12 19 22 18 7 9 22 19 19 17 18 1 11 17 1 1 0 0 1 0 17 7 11 23 7 1 11 23 17 12 15 0 22 9 15 14 9 7 0 11 15 9 19 18 0 23 18 11 9 19 22 23 12 7 17 17 9 15 14 19 12 15 7 0 11 17 15 0 11 19 1 
Custo Total: 74483
-------------------------------
-------------------------------
Execução 16
Instância: Data/raw//in1 - medium.txt
Tempo limite: 120 segundos
Seed: 32
Solução inicial:
Instalacoes:
7 18 23 11 15 22 9 19 0 14 
Atribuicoes:
9 22 7 15 18 18 18 14 23 14 23 0 18 18 9 14 7 0 19 0 18 22 19 22 18 7 9 22 19 19 18 18 19 11 15 18 22 0 0 7 0 11 7 11 23 7 11 11 23 22 0 15 0 22 9 15 14 9 7 0 11 15 9 19 18 0 23 18 11 9 19 22 23 0 7 23 9 9 15 14 19 15 15 7 0 11 22 15 0 11 19 15 
Custo Total: 76873
Solução após busca local:
Instalacoes:
7 18 23 11 15 22 9 19 0 14 
Atribuicoes:
9 22 7 15 18 18 18 14 23 14 23 0 18 18 9 14 7 0 19 0 18 22 19 22 18 7 9 22 19 19 18 18 19 11 15 11 22 0 0 11 0 11 7 11 23 7 11 11 23 22 0 15 0 22 9 15 14 9 7 0 11 15 9 19 18 0 23 18 11 9 19 22 23 0 7 23 15 9 15 14 19 15 15 7 0 11 22 15 0 11 19 15 
Custo Total: 76432
Total de iterações: 261513
Melhorias: 2
Tempo até a melhor solução: 66.2249 segundos
Melhor solução encontrada:
Instalacoes:
0 1 7 9 11 14 15 17 18 19 20 22 23 
Atribuicoes:
15 22 7 15 18 18 18 14 23 14 20 17 1 18 9 14 7 0 1 0 18 22 19 22 18 7 9 22 19 19 17 18 1 11 17 1 1 0 0 1 0 17 7 11 23 20 20 11 20 17 0 15 0 22 9 15 14 9 7 0 11 15 9 19 18 0 23 18 20 9 19 22 23 0 7 20 17 9 15 14 19 15 15 7 0 11 17 15 0 11 19 1 
Custo Total: 74290
Instalacoes:
0 1 7 9 11 14 15 17 18 19 20 22 23 
Atribuicoes:
15 22 7 15 18 18 18 14 23 14 20 17 1 18 9 14 7 0 1 0 18 22 19 22 18 7 9 22 19 19 17 18 1 11 17 1 1 0 0 1 0 17 7 11 23 20 20 11 20 17 0 15 0 22 9 15 14 9 7 0 11 15 9 19 18 0 23 18 20 9 19 22 23 0 7 20 17 9 15 14 19 15 15 7 0 11 17 15 0 11 19 1 
Custo Total: 74290
-------------------------------
-------------------------------
Execução 17
Instância: Data/raw//in1 - medium.txt
Tempo limite: 120 segundos
Seed: 51
Solução inicial:
Instalacoes:
7 18 23 11 15 22 9 19 0 14 
Atribuicoes:
9 22 7 15 18 18 18 14 23 14 23 0 18 18 9 14 7 0 19 0 18 22 19 22 18 7 9 22 19 19 18 18 19 11 15 18 22 0 0 7 0 11 7 11 23 7 11 11 23 22 0 15 0 22 9 15 14 9 7 0 11 15 9 19 18 0 23 18 11 9 19 22 23 0 7 23 9 9 15 14 19 15 15 7 0 11 22 15 0 11 19 15 
Custo Total: 76873
Solução após busca local:
Instalacoes:
7 18 23 11 15 22 9 19 0 14 
Atribuicoes:
9 22 7 15 18 18 18 14 23 14 23 0 18 18 9 14 7 0 19 0 18 22 19 22 18 7 9 22 19 19 18 18 19 11 15 11 22 0 0 11 0 11 7 11 23 7 11 11 23 22 0 15 0 22 9 15 14 9 7 0 11 15 9 19 18 0 23 18 11 9 19 22 23 0 7 23 15 9 15 14 19 15 15 7 0 11 22 15 0 11 19 15 
Custo Total: 76432
Total de iterações: 261018
Melhorias: 3
Tempo até a melhor solução: 97.0423 segundos
Melhor solução encontrada:
Instalacoes:
0 1 7 9 11 14 15 17 18 19 22 23 
Atribuicoes:
15 22 7 15 18 18 18 14 23 14 23 17 1 18 9 14 7 0 1 0 18 22 19 22 18 7 9 22 19 19 17 18 1 11 17 1 1 0 0 1 0 17 7 11 23 7 1 11 23 17 0 15 0 22 9 15 14 9 7 0 11 15 9 19 18 0 23 18 11 9 19 22 23 0 7 17 17 9 15 14 19 15 15 7 0 11 17 15 0 11 19 1 
Custo Total: 72982
Instalacoes:
0 1 7 9 11 14 15 17 18 19 22 23 
Atribuicoes:
15 22 7 15 18 18 18 14 23 14 23 17 1 18 9 14 7 0 1 0 18 22 19 22 18 7 9 22 19 19 17 18 1 11 17 1 1 0 0 1 0 17 7 11 23 7 1 11 23 17 0 15 0 22 9 15 14 9 7 0 11 15 9 19 18 0 23 18 11 9 19 22 23 0 7 17 17 9 15 14 19 15 15 7 0 11 17 15 0 11 19 1 
Custo Total: 72982
-------------------------------
-------------------------------
Execução 18
Instância: Data/raw//in1 - medium.txt
Tempo limite: 120 segundos
Seed: 88
Solução inicial:
Instalacoes:
7 18 23 11 15 22 9 19 0 14 
Atribuicoes:
9 22 7 15 18 18 18 14 23 14 23 0 18 18 9 14 7 0 19 0 18 22 19 22 18 7 9 22 19 19 18 18 19 11 15 18 22 0 0 7 0 11 7 11 23 7 11 11 23 22 0 15 0 22 9 15 14 9 7 0 11 15 9 19 18 0 23 18 11 9 19 22 23 0 7 23 9 9 15 14 19 15 15 7 0 11 22 15 0 11 19 15 
Custo Total: 76873
Solução após busca local:
Instalacoes:
7 18 23 11 15 22 9 19 0 14 
Atribuicoes:
9 22 7 15 18 18 18 14 23 14 23 0 18 18 9 14 7 0 19 0 18 22 19 22 18 7 9 22 19 19 18 18 19 11 15 11 22 0 0 11 0 11 7 11 23 7 11 11 23 22 0 15 0 22 9 15 14 9 7 0 11 15 9 19 18 0 23 18 11 9 19 22 23 0 7 23 15 9 15 14 19 15 15 7 0 11 22 15 0 11 19 15 
Custo Total: 76432
Total de iterações: 262809
Melhorias: 7
Tempo até a melhor solução: 27.7709 segundos
Melhor solução encontrada:
Instalacoes:
0 1 7 9 11 12 14 15 17 18 19 22 23 
Atribuicoes:
15 22 7 15 18 18 18 14 12 14 23 17 1 12 9 14 7 0 1 0 18 12 19 22 18 7 9 22 19 19 17 18 1 11 17 1 1 0 0 1 0 17 7 11 23 7 1 11 23 17 12 15 0 22 9 15 14 9 7 0 11 15 9 19 18 0 23 18 11 9 19 22 23 12 7 17 17 9 15 14 19 12 15 7 0 11 17 15 0 11 19 1 
Custo Total: 74483
Instalacoes:
0 1 7 9 11 12 14 15 17 18 19 22 23 
Atribuicoes:
15 22 7 15 18 18 18 14 12 14 23 17 1 12 9 14 7 0 1 0 18 12 19 22 18 7 9 22 19 19 17 18 1 11 17 1 1 0 0 1 0 17 7 11 23 7 1 11 23 17 12 15 0 22 9 15 14 9 7 0 11 15 9 19 18 0 23 18 11 9 19 22 23 12 7 17 17 9 15 14 19 12 15 7 0 11 17 15 0 11 19 1 
Custo Total: 74483
-------------------------------
-------------------------------
Execução 19
Instância: Data/raw//in1 - medium.txt
Tempo limite: 120 segundos
Seed: 32
Solução inicial:
Instalacoes:
7 18 23 11 15 22 9 19 0 14 
Atribuicoes:
9 22 7 15 18 18 18 14 23 14 23 0 18 18 9 14 7 0 19 0 18 22 19 22 18 7 9 22 19 19 18 18 19 11 15 18 22 0 0 7 0 11 7 11 23 7 11 11 23 22 0 15 0 22 9 15 14 9 7 0 11 15 9 19 18 0 23 18 11 9 19 22 23 0 7 23 9 9 15 14 19 15 15 7 0 11 22 15 0 11 19 15 
Custo Total: 76873
Solução após busca local:
Instalacoes:
7 18 23 11 15 22 9 19 0 14 
Atribuicoes:
9 22 7 15 18 18 18 14 23 14 23 0 18 18 9 14 7 0 19 0 18 22 19 22 18 7 9 22 19 19 18 18 19 11 15 11 22 0 0 11 0 11 7 11 23 7 11 11 23 22 0 15 0 22 9 15 14 9 7 0 11 15 9 19 18 0 23 18 11 9 19 22 23 0 7 23 15 9 15 14 19 15 15 7 0 11 22 15 0 11 19 15 
Custo Total: 76432
Total de iterações: 261348
Melhorias: 2
Tempo até a melhor solução: 66.2843 segundos
Melhor solução encontrada:
Instalacoes:
0 1 7 9 11 14 15 17 18 19 20 22 23 
Atribuicoes:
15 22 7 15 18 18 18 14 23 14 20 17 1 18 9 14 7 0 1 0 18 22 19 22 18 7 9 22 19 19 17 18 1 11 17 1 1 0 0 1 0 17 7 11 23 20 20 11 20 17 0 15 0 22 9 15 14 9 7 0 11 15 9 19 18 0 23 18 20 9 19 22 23 0 7 20 17 9 15 14 19 15 15 7 0 11 17 15 0 11 19 1 
Custo Total: 74290
Instalacoes:
0 1 7 9 11 14 15 17 18 19 20 22 23 
Atribuicoes:
15 22 7 15 18 18 18 14 23 14 20 17 1 18 9 14 7 0 1 0 18 22 19 22 18 7 9 22 19 19 17 18 1 11 17 1 1 0 0 1 0 17 7 11 23 20 20 11 20 17 0 15 0 22 9 15 14 9 7 0 11 15 9 19 18 0 23 18 20 9 19 22 23 0 7 20 17 9 15 14 19 15 15 7 0 11 17 15 0 11 19 1 
Custo Total: 74290
-------------------------------
-------------------------------
Execução 20
Instância: Data/raw//in1 - medium.txt
Tempo limite: 120 segundos
Seed: 62
Solução inicial:
Instalacoes:
7 18 23 11 15 22 9 19 0 14 
Atribuicoes:
9 22 7 15 18 18 18 14 23 14 23 0 18 18 9 14 7 0 19 0 18 22 19 22 18 7 9 22 19 19 18 18 19 11 15 18 22 0 0 7 0 11 7 11 23 7 11 11 23 22 0 15 0 22 9 15 14 9 7 0 11 15 9 19 18 0 23 18 11 9 19 22 23 0 7 23 9 9 15 14 19 15 15 7 0 11 22 15 0 11 19 15 
Custo Total: 76873
Solução após busca local:
Instalacoes:
7 18 23 11 15 22 9 19 0 14 
Atribuicoes:
9 22 7 15 18 18 18 14 23 14 23 0 18 18 9 14 7 0 19 0 18 22 19 22 18 7 9 22 19 19 18 18 19 11 15 11 22 0 0 11 0 11 7 11 23 7 11 11 23 22 0 15 0 22 9 15 14 9 7 0 11 15 9 19 18 0 23 18 11 9 19 22 23 0 7 23 15 9 15 14 19 15 15 7 0 11 22 15 0 11 19 15 
Custo Total: 76432
Total de iterações: 266628
Melhorias: 7
Tempo até a melhor solução: 115.532 segundos
Melhor solução encontrada:
Instalacoes:
0 1 7 9 11 14 15 17 18 19 20 22 23 
Atribuicoes:
15 22 7 15 18 18 18 14 23 14 20 17 1 18 9 14 7 0 1 0 18 22 19 22 18 7 9 22 19 19 17 18 1 11 17 1 1 0 0 1 0 17 7 11 23 20 20 11 20 17 0 15 0 22 9 15 14 9 7 0 11 15 9 19 18 0 23 18 20 9 19 22 23 0 7 20 17 9 15 14 19 15 15 7 0 11 17 15 0 11 19 1 
Custo Total: 74290
Instalacoes:
0 1 7 9 11 14 15 17 18 19 20 22 23 
Atribuicoes:
15 22 7 15 18 18 18 14 23 14 20 17 1 18 9 14 7 0 1 0 18 22 19 22 18 7 9 22 19 19 17 18 1 11 17 1 1 0 0 1 0 17 7 11 23 20 20 11 20 17 0 15 0 22 9 15 14 9 7 0 11 15 9 19 18 0 23 18 20 9 19 22 23 0 7 20 17 9 15 14 19 15 15 7 0 11 17 15 0 11 19 1 
Custo Total: 74290
-------------------------------
