-------------------------------
Execução 1
Instância: Data/raw//in1 - large.txt
Tempo limite: 30 segundos
Seed: 70
Tamanho da pertubação: 5
Solução inicial:
Instalacoes:
0 0 1 1 0 0 0 0 1 0 0 0 0 0 0 1 0 0 0 0 0 0 1 0 0 1 1 1 0 0 0 0 0 1 1 0 0 0 0 0 0 0 0 0 1 0 1 0 1 0 0 0 0 1 0 1 0 0 1 0 0 0 0 0 0 0 0 1 0 0 0 0 0 0 0 1 1 0 0 1 0 0 0 0 0 1 1 0 0 0 0 0 1 0 0 0 0 1 0 0 
Atribuicoes:
3 26 85 67 22 97 25 79 79 25 48 22 2 79 34 46 8 8 92 46 15 79 46 55 8 53 46 22 67 26 22 22 46 48 75 76 53 27 15 46 33 3 33 22 97 58 27 53 75 27 79 33 33 53 22 86 8 3 33 44 92 58 34 25 86 85 33 67 97 48 67 25 85 3 92 15 76 2 15 75 2 33 15 44 75 22 67 86 46 26 92 8 15 27 92 15 76 55 92 27 55 8 85 27 22 8 22 46 27 55 75 76 33 97 75 86 79 25 75 92 15 86 15 67 26 79 26 58 48 48 2 55 92 26 85 44 76 3 15 85 48 
Custo Total: 67573
Solução após busca local:
Instalacoes:
0 0 1 1 0 0 0 0 1 0 0 0 0 0 0 1 0 0 0 0 0 0 1 0 0 1 1 1 0 0 0 0 0 1 1 0 0 0 0 0 0 0 0 0 1 0 1 0 1 0 0 0 0 1 0 1 0 0 1 0 0 0 0 0 0 0 0 1 0 0 0 0 0 0 0 1 1 0 0 1 0 0 0 0 0 1 1 0 0 0 0 0 1 0 0 0 0 1 0 0 
Atribuicoes:
3 26 85 67 22 97 25 79 79 25 48 22 2 79 34 46 8 8 92 46 85 79 46 55 8 53 46 22 67 26 22 22 46 48 75 76 53 27 15 46 33 3 33 22 97 58 27 53 75 27 79 33 33 53 22 86 8 3 33 44 92 58 34 25 86 85 33 67 97 48 67 25 85 86 92 15 76 2 15 75 2 33 15 44 75 22 67 86 46 26 92 8 15 27 92 15 76 55 92 97 55 8 85 27 22 8 22 46 27 55 75 76 15 97 75 86 79 25 75 92 15 86 15 67 26 79 26 58 48 48 2 55 92 26 85 44 76 3 15 85 48 
Custo Total: 61160
Total de iterações: 115529
Melhorias: 4
Tempo até a melhor solução: 0.167684 segundos
Melhor solução encontrada:
Instalacoes:
0 0 1 1 1 0 0 0 1 0 0 0 0 0 0 1 0 0 0 0 0 0 1 0 0 1 1 1 0 0 0 0 0 1 1 0 0 0 0 0 0 0 0 1 1 0 1 0 1 0 0 0 0 1 0 1 0 0 0 0 0 1 0 0 0 0 0 1 0 0 0 0 0 0 0 1 1 0 0 1 0 0 0 0 0 1 1 0 0 0 0 0 1 0 0 0 0 1 0 0 
Atribuicoes:
3 26 85 4 22 97 25 79 79 25 48 22 2 79 34 43 4 8 92 46 85 4 46 55 8 53 46 22 67 26 22 22 46 43 75 76 53 27 61 46 33 3 33 61 97 61 27 53 75 27 79 33 61 53 4 86 8 3 33 44 92 61 34 25 86 85 33 67 97 48 61 25 85 86 92 26 76 2 15 75 2 43 15 44 75 22 67 86 46 26 92 8 15 43 92 15 76 55 92 97 4 8 85 27 22 8 22 46 27 55 75 76 4 97 75 86 79 61 75 92 15 86 15 67 26 79 26 43 48 48 2 55 92 8 85 44 76 3 15 85 48 
Custo Total: 59371
-------------------------------
-------------------------------
Execução 2
Instância: Data/raw//in1 - large.txt
Tempo limite: 30 segundos
Seed: 71
Tamanho da pertubação: 5
Solução inicial:
Instalacoes:
0 0 1 1 0 0 0 0 1 0 0 0 0 0 0 1 0 0 0 0 0 0 1 0 0 1 1 1 0 0 0 0 0 1 1 0 0 0 0 0 0 0 0 0 1 0 1 0 1 0 0 0 0 1 0 1 0 0 1 0 0 0 0 0 0 0 0 1 0 0 0 0 0 0 0 1 1 0 0 1 0 0 0 0 0 1 1 0 0 0 0 0 1 0 0 0 0 1 0 0 
Atribuicoes:
3 26 85 67 22 97 25 79 79 25 48 22 2 79 34 46 8 8 92 46 15 79 46 55 8 53 46 22 67 26 22 22 46 48 75 76 53 27 15 46 33 3 33 22 97 58 27 53 75 27 79 33 33 53 22 86 8 3 33 44 92 58 34 25 86 85 33 67 97 48 67 25 85 3 92 15 76 2 15 75 2 33 15 44 75 22 67 86 46 26 92 8 15 27 92 15 76 55 92 27 55 8 85 27 22 8 22 46 27 55 75 76 33 97 75 86 79 25 75 92 15 86 15 67 26 79 26 58 48 48 2 55 92 26 85 44 76 3 15 85 48 
Custo Total: 67573
Solução após busca local:
Instalacoes:
0 0 1 1 0 0 0 0 1 0 0 0 0 0 0 1 0 0 0 0 0 0 1 0 0 1 1 1 0 0 0 0 0 1 1 0 0 0 0 0 0 0 0 0 1 0 1 0 1 0 0 0 0 1 0 1 0 0 1 0 0 0 0 0 0 0 0 1 0 0 0 0 0 0 0 1 1 0 0 1 0 0 0 0 0 1 1 0 0 0 0 0 1 0 0 0 0 1 0 0 
Atribuicoes:
3 26 85 67 22 97 25 79 79 25 48 22 2 79 34 46 8 8 92 46 85 79 46 55 8 53 46 22 67 26 22 22 46 48 75 76 53 27 15 46 33 3 33 22 97 58 27 53 75 27 79 33 33 53 22 86 8 3 33 44 92 58 34 25 86 85 33 67 97 48 67 25 85 86 92 15 76 2 15 75 2 33 15 44 75 22 67 86 46 26 92 8 15 27 92 15 76 55 92 97 55 8 85 27 22 8 22 46 27 55 75 76 15 97 75 86 79 25 75 92 15 86 15 67 26 79 26 58 48 48 2 55 92 26 85 44 76 3 15 85 48 
Custo Total: 61160
Total de iterações: 116882
Melhorias: 5
Tempo até a melhor solução: 0.293582 segundos
Melhor solução encontrada:
Instalacoes:
0 0 1 1 1 0 1 0 1 0 0 0 0 0 0 1 0 0 0 0 0 0 1 0 0 1 1 1 0 0 0 0 0 1 1 0 0 0 0 0 0 0 0 0 1 0 1 0 1 0 0 0 0 1 0 1 0 0 0 0 0 1 0 0 0 0 0 1 0 0 0 0 0 0 0 1 1 0 0 1 0 0 0 0 0 1 1 0 0 0 0 0 1 0 0 0 0 1 0 0 
Atribuicoes:
3 26 85 4 22 97 25 79 79 25 48 22 2 79 34 46 4 8 92 46 85 4 46 6 8 53 46 22 67 26 22 22 46 48 75 76 53 27 61 46 33 3 33 61 97 61 27 53 75 27 79 33 61 53 4 86 8 3 33 44 92 61 34 25 86 85 33 67 97 48 61 25 85 86 92 26 76 2 15 75 2 33 15 44 75 6 67 86 46 26 92 8 15 27 92 15 76 55 92 97 4 8 85 27 22 8 22 46 27 55 75 76 6 97 75 86 79 61 75 92 15 86 15 67 26 79 26 6 6 48 2 55 92 8 85 44 76 3 15 6 48 
Custo Total: 60047
-------------------------------
-------------------------------
Execução 3
Instância: Data/raw//in1 - large.txt
Tempo limite: 30 segundos
Seed: 71
Tamanho da pertubação: 5
Solução inicial:
Instalacoes:
0 0 1 1 0 0 0 0 1 0 0 0 0 0 0 1 0 0 0 0 0 0 1 0 0 1 1 1 0 0 0 0 0 1 1 0 0 0 0 0 0 0 0 0 1 0 1 0 1 0 0 0 0 1 0 1 0 0 1 0 0 0 0 0 0 0 0 1 0 0 0 0 0 0 0 1 1 0 0 1 0 0 0 0 0 1 1 0 0 0 0 0 1 0 0 0 0 1 0 0 
Atribuicoes:
3 26 85 67 22 97 25 79 79 25 48 22 2 79 34 46 8 8 92 46 15 79 46 55 8 53 46 22 67 26 22 22 46 48 75 76 53 27 15 46 33 3 33 22 97 58 27 53 75 27 79 33 33 53 22 86 8 3 33 44 92 58 34 25 86 85 33 67 97 48 67 25 85 3 92 15 76 2 15 75 2 33 15 44 75 22 67 86 46 26 92 8 15 27 92 15 76 55 92 27 55 8 85 27 22 8 22 46 27 55 75 76 33 97 75 86 79 25 75 92 15 86 15 67 26 79 26 58 48 48 2 55 92 26 85 44 76 3 15 85 48 
Custo Total: 67573
Solução após busca local:
Instalacoes:
0 0 1 1 0 0 0 0 1 0 0 0 0 0 0 1 0 0 0 0 0 0 1 0 0 1 1 1 0 0 0 0 0 1 1 0 0 0 0 0 0 0 0 0 1 0 1 0 1 0 0 0 0 1 0 1 0 0 1 0 0 0 0 0 0 0 0 1 0 0 0 0 0 0 0 1 1 0 0 1 0 0 0 0 0 1 1 0 0 0 0 0 1 0 0 0 0 1 0 0 
Atribuicoes:
3 26 85 67 22 97 25 79 79 25 48 22 2 79 34 46 8 8 92 46 85 79 46 55 8 53 46 22 67 26 22 22 46 48 75 76 53 27 15 46 33 3 33 22 97 58 27 53 75 27 79 33 33 53 22 86 8 3 33 44 92 58 34 25 86 85 33 67 97 48 67 25 85 86 92 15 76 2 15 75 2 33 15 44 75 22 67 86 46 26 92 8 15 27 92 15 76 55 92 97 55 8 85 27 22 8 22 46 27 55 75 76 15 97 75 86 79 25 75 92 15 86 15 67 26 79 26 58 48 48 2 55 92 26 85 44 76 3 15 85 48 
Custo Total: 61160
Total de iterações: 117208
Melhorias: 5
Tempo até a melhor solução: 0.287258 segundos
Melhor solução encontrada:
Instalacoes:
0 0 1 1 1 0 1 0 1 0 0 0 0 0 0 1 0 0 0 0 0 0 1 0 0 1 1 1 0 0 0 0 0 1 1 0 0 0 0 0 0 0 0 0 1 0 1 0 1 0 0 0 0 1 0 1 0 0 0 0 0 1 0 0 0 0 0 1 0 0 0 0 0 0 0 1 1 0 0 1 0 0 0 0 0 1 1 0 0 0 0 0 1 0 0 0 0 1 0 0 
Atribuicoes:
3 26 85 4 22 97 25 79 79 25 48 22 2 79 34 46 4 8 92 46 85 4 46 6 8 53 46 22 67 26 22 22 46 48 75 76 53 27 61 46 33 3 33 61 97 61 27 53 75 27 79 33 61 53 4 86 8 3 33 44 92 61 34 25 86 85 33 67 97 48 61 25 85 86 92 26 76 2 15 75 2 33 15 44 75 6 67 86 46 26 92 8 15 27 92 15 76 55 92 97 4 8 85 27 22 8 22 46 27 55 75 76 6 97 75 86 79 61 75 92 15 86 15 67 26 79 26 6 6 48 2 55 92 8 85 44 76 3 15 6 48 
Custo Total: 60047
-------------------------------
-------------------------------
Execução 4
Instância: Data/raw//in1 - large.txt
Tempo limite: 30 segundos
Seed: 85
Tamanho da pertubação: 5
Solução inicial:
Instalacoes:
0 0 1 1 0 0 0 0 1 0 0 0 0 0 0 1 0 0 0 0 0 0 1 0 0 1 1 1 0 0 0 0 0 1 1 0 0 0 0 0 0 0 0 0 1 0 1 0 1 0 0 0 0 1 0 1 0 0 1 0 0 0 0 0 0 0 0 1 0 0 0 0 0 0 0 1 1 0 0 1 0 0 0 0 0 1 1 0 0 0 0 0 1 0 0 0 0 1 0 0 
Atribuicoes:
3 26 85 67 22 97 25 79 79 25 48 22 2 79 34 46 8 8 92 46 15 79 46 55 8 53 46 22 67 26 22 22 46 48 75 76 53 27 15 46 33 3 33 22 97 58 27 53 75 27 79 33 33 53 22 86 8 3 33 44 92 58 34 25 86 85 33 67 97 48 67 25 85 3 92 15 76 2 15 75 2 33 15 44 75 22 67 86 46 26 92 8 15 27 92 15 76 55 92 27 55 8 85 27 22 8 22 46 27 55 75 76 33 97 75 86 79 25 75 92 15 86 15 67 26 79 26 58 48 48 2 55 92 26 85 44 76 3 15 85 48 
Custo Total: 67573
Solução após busca local:
Instalacoes:
0 0 1 1 0 0 0 0 1 0 0 0 0 0 0 1 0 0 0 0 0 0 1 0 0 1 1 1 0 0 0 0 0 1 1 0 0 0 0 0 0 0 0 0 1 0 1 0 1 0 0 0 0 1 0 1 0 0 1 0 0 0 0 0 0 0 0 1 0 0 0 0 0 0 0 1 1 0 0 1 0 0 0 0 0 1 1 0 0 0 0 0 1 0 0 0 0 1 0 0 
Atribuicoes:
3 26 85 67 22 97 25 79 79 25 48 22 2 79 34 46 8 8 92 46 85 79 46 55 8 53 46 22 67 26 22 22 46 48 75 76 53 27 15 46 33 3 33 22 97 58 27 53 75 27 79 33 33 53 22 86 8 3 33 44 92 58 34 25 86 85 33 67 97 48 67 25 85 86 92 15 76 2 15 75 2 33 15 44 75 22 67 86 46 26 92 8 15 27 92 15 76 55 92 97 55 8 85 27 22 8 22 46 27 55 75 76 15 97 75 86 79 25 75 92 15 86 15 67 26 79 26 58 48 48 2 55 92 26 85 44 76 3 15 85 48 
Custo Total: 61160
Total de iterações: 118184
Melhorias: 4
Tempo até a melhor solução: 0.47917 segundos
Melhor solução encontrada:
Instalacoes:
0 0 1 1 1 0 0 0 1 0 0 0 0 0 0 1 0 0 0 0 0 0 1 0 0 1 1 1 0 0 0 0 0 1 1 0 0 0 0 0 0 0 0 1 1 0 1 0 1 0 0 0 0 1 0 1 0 0 0 0 0 1 0 0 0 0 0 1 0 0 0 0 0 0 0 1 1 0 0 1 0 0 0 0 0 1 1 0 0 0 0 0 1 0 0 0 0 1 0 0 
Atribuicoes:
3 26 85 4 22 97 25 79 79 25 48 22 2 79 34 43 4 8 92 46 85 4 46 55 8 53 46 22 67 26 22 22 46 43 75 76 53 27 61 46 33 3 33 61 97 61 27 53 75 27 79 33 61 53 4 86 8 3 33 44 92 61 34 25 86 85 33 67 97 48 61 25 85 86 92 26 76 2 15 75 2 43 15 44 75 22 67 86 46 26 92 8 15 43 92 15 76 55 92 97 4 8 85 27 22 8 22 46 27 55 75 76 4 97 75 86 79 61 75 92 15 86 15 67 26 79 26 43 48 48 2 55 92 8 85 44 76 3 15 85 48 
Custo Total: 59371
-------------------------------
-------------------------------
Execução 5
Instância: Data/raw//in1 - large.txt
Tempo limite: 30 segundos
Seed: 34
Tamanho da pertubação: 5
Solução inicial:
Instalacoes:
0 0 1 1 0 0 0 0 1 0 0 0 0 0 0 1 0 0 0 0 0 0 1 0 0 1 1 1 0 0 0 0 0 1 1 0 0 0 0 0 0 0 0 0 1 0 1 0 1 0 0 0 0 1 0 1 0 0 1 0 0 0 0 0 0 0 0 1 0 0 0 0 0 0 0 1 1 0 0 1 0 0 0 0 0 1 1 0 0 0 0 0 1 0 0 0 0 1 0 0 
Atribuicoes:
3 26 85 67 22 97 25 79 79 25 48 22 2 79 34 46 8 8 92 46 15 79 46 55 8 53 46 22 67 26 22 22 46 48 75 76 53 27 15 46 33 3 33 22 97 58 27 53 75 27 79 33 33 53 22 86 8 3 33 44 92 58 34 25 86 85 33 67 97 48 67 25 85 3 92 15 76 2 15 75 2 33 15 44 75 22 67 86 46 26 92 8 15 27 92 15 76 55 92 27 55 8 85 27 22 8 22 46 27 55 75 76 33 97 75 86 79 25 75 92 15 86 15 67 26 79 26 58 48 48 2 55 92 26 85 44 76 3 15 85 48 
Custo Total: 67573
Solução após busca local:
Instalacoes:
0 0 1 1 0 0 0 0 1 0 0 0 0 0 0 1 0 0 0 0 0 0 1 0 0 1 1 1 0 0 0 0 0 1 1 0 0 0 0 0 0 0 0 0 1 0 1 0 1 0 0 0 0 1 0 1 0 0 1 0 0 0 0 0 0 0 0 1 0 0 0 0 0 0 0 1 1 0 0 1 0 0 0 0 0 1 1 0 0 0 0 0 1 0 0 0 0 1 0 0 
Atribuicoes:
3 26 85 67 22 97 25 79 79 25 48 22 2 79 34 46 8 8 92 46 85 79 46 55 8 53 46 22 67 26 22 22 46 48 75 76 53 27 15 46 33 3 33 22 97 58 27 53 75 27 79 33 33 53 22 86 8 3 33 44 92 58 34 25 86 85 33 67 97 48 67 25 85 86 92 15 76 2 15 75 2 33 15 44 75 22 67 86 46 26 92 8 15 27 92 15 76 55 92 97 55 8 85 27 22 8 22 46 27 55 75 76 15 97 75 86 79 25 75 92 15 86 15 67 26 79 26 58 48 48 2 55 92 26 85 44 76 3 15 85 48 
Custo Total: 61160
Total de iterações: 118525
Melhorias: 5
Tempo até a melhor solução: 15.5062 segundos
Melhor solução encontrada:
Instalacoes:
0 0 1 1 1 0 1 0 1 0 0 0 0 0 0 1 0 0 0 0 0 0 1 0 0 1 1 1 0 0 0 0 0 1 1 0 0 0 0 0 0 0 0 0 1 0 1 0 1 0 0 0 0 1 0 1 0 0 0 0 0 1 0 0 0 0 0 0 0 0 0 0 0 0 0 1 1 0 0 1 0 0 0 0 0 1 1 0 0 0 0 0 1 0 0 0 0 1 0 0 
Atribuicoes:
3 26 85 4 22 97 25 79 79 25 48 22 2 79 34 46 4 8 92 46 85 4 46 6 8 53 46 22 76 26 22 22 46 48 75 76 53 27 61 46 33 3 33 61 97 61 27 53 75 27 79 33 61 53 4 86 8 3 33 44 92 61 34 25 86 85 33 53 97 48 61 25 85 86 92 26 76 2 15 75 2 33 15 44 75 6 61 86 46 26 92 8 15 27 92 15 76 55 92 97 4 8 85 27 22 8 22 46 27 55 75 76 6 97 75 86 79 61 75 92 15 86 15 44 26 79 26 6 6 48 2 55 92 8 85 44 76 3 15 6 48 
Custo Total: 59640
-------------------------------
-------------------------------
Execução 6
Instância: Data/raw//in1 - large.txt
Tempo limite: 30 segundos
Seed: 85
Tamanho da pertubação: 5
Solução inicial:
Instalacoes:
0 0 1 1 0 0 0 0 1 0 0 0 0 0 0 1 0 0 0 0 0 0 1 0 0 1 1 1 0 0 0 0 0 1 1 0 0 0 0 0 0 0 0 0 1 0 1 0 1 0 0 0 0 1 0 1 0 0 1 0 0 0 0 0 0 0 0 1 0 0 0 0 0 0 0 1 1 0 0 1 0 0 0 0 0 1 1 0 0 0 0 0 1 0 0 0 0 1 0 0 
Atribuicoes:
3 26 85 67 22 97 25 79 79 25 48 22 2 79 34 46 8 8 92 46 15 79 46 55 8 53 46 22 67 26 22 22 46 48 75 76 53 27 15 46 33 3 33 22 97 58 27 53 75 27 79 33 33 53 22 86 8 3 33 44 92 58 34 25 86 85 33 67 97 48 67 25 85 3 92 15 76 2 15 75 2 33 15 44 75 22 67 86 46 26 92 8 15 27 92 15 76 55 92 27 55 8 85 27 22 8 22 46 27 55 75 76 33 97 75 86 79 25 75 92 15 86 15 67 26 79 26 58 48 48 2 55 92 26 85 44 76 3 15 85 48 
Custo Total: 67573
Solução após busca local:
Instalacoes:
0 0 1 1 0 0 0 0 1 0 0 0 0 0 0 1 0 0 0 0 0 0 1 0 0 1 1 1 0 0 0 0 0 1 1 0 0 0 0 0 0 0 0 0 1 0 1 0 1 0 0 0 0 1 0 1 0 0 1 0 0 0 0 0 0 0 0 1 0 0 0 0 0 0 0 1 1 0 0 1 0 0 0 0 0 1 1 0 0 0 0 0 1 0 0 0 0 1 0 0 
Atribuicoes:
3 26 85 67 22 97 25 79 79 25 48 22 2 79 34 46 8 8 92 46 85 79 46 55 8 53 46 22 67 26 22 22 46 48 75 76 53 27 15 46 33 3 33 22 97 58 27 53 75 27 79 33 33 53 22 86 8 3 33 44 92 58 34 25 86 85 33 67 97 48 67 25 85 86 92 15 76 2 15 75 2 33 15 44 75 22 67 86 46 26 92 8 15 27 92 15 76 55 92 97 55 8 85 27 22 8 22 46 27 55 75 76 15 97 75 86 79 25 75 92 15 86 15 67 26 79 26 58 48 48 2 55 92 26 85 44 76 3 15 85 48 
Custo Total: 61160
Total de iterações: 117316
Melhorias: 4
Tempo até a melhor solução: 0.485953 segundos
Melhor solução encontrada:
Instalacoes:
0 0 1 1 1 0 0 0 1 0 0 0 0 0 0 1 0 0 0 0 0 0 1 0 0 1 1 1 0 0 0 0 0 1 1 0 0 0 0 0 0 0 0 1 1 0 1 0 1 0 0 0 0 1 0 1 0 0 0 0 0 1 0 0 0 0 0 1 0 0 0 0 0 0 0 1 1 0 0 1 0 0 0 0 0 1 1 0 0 0 0 0 1 0 0 0 0 1 0 0 
Atribuicoes:
3 26 85 4 22 97 25 79 79 25 48 22 2 79 34 43 4 8 92 46 85 4 46 55 8 53 46 22 67 26 22 22 46 43 75 76 53 27 61 46 33 3 33 61 97 61 27 53 75 27 79 33 61 53 4 86 8 3 33 44 92 61 34 25 86 85 33 67 97 48 61 25 85 86 92 26 76 2 15 75 2 43 15 44 75 22 67 86 46 26 92 8 15 43 92 15 76 55 92 97 4 8 85 27 22 8 22 46 27 55 75 76 4 97 75 86 79 61 75 92 15 86 15 67 26 79 26 43 48 48 2 55 92 8 85 44 76 3 15 85 48 
Custo Total: 59371
-------------------------------
-------------------------------
Execução 7
Instância: Data/raw//in1 - large.txt
Tempo limite: 30 segundos
Seed: 96
Tamanho da pertubação: 5
Solução inicial:
Instalacoes:
0 0 1 1 0 0 0 0 1 0 0 0 0 0 0 1 0 0 0 0 0 0 1 0 0 1 1 1 0 0 0 0 0 1 1 0 0 0 0 0 0 0 0 0 1 0 1 0 1 0 0 0 0 1 0 1 0 0 1 0 0 0 0 0 0 0 0 1 0 0 0 0 0 0 0 1 1 0 0 1 0 0 0 0 0 1 1 0 0 0 0 0 1 0 0 0 0 1 0 0 
Atribuicoes:
3 26 85 67 22 97 25 79 79 25 48 22 2 79 34 46 8 8 92 46 15 79 46 55 8 53 46 22 67 26 22 22 46 48 75 76 53 27 15 46 33 3 33 22 97 58 27 53 75 27 79 33 33 53 22 86 8 3 33 44 92 58 34 25 86 85 33 67 97 48 67 25 85 3 92 15 76 2 15 75 2 33 15 44 75 22 67 86 46 26 92 8 15 27 92 15 76 55 92 27 55 8 85 27 22 8 22 46 27 55 75 76 33 97 75 86 79 25 75 92 15 86 15 67 26 79 26 58 48 48 2 55 92 26 85 44 76 3 15 85 48 
Custo Total: 67573
Solução após busca local:
Instalacoes:
0 0 1 1 0 0 0 0 1 0 0 0 0 0 0 1 0 0 0 0 0 0 1 0 0 1 1 1 0 0 0 0 0 1 1 0 0 0 0 0 0 0 0 0 1 0 1 0 1 0 0 0 0 1 0 1 0 0 1 0 0 0 0 0 0 0 0 1 0 0 0 0 0 0 0 1 1 0 0 1 0 0 0 0 0 1 1 0 0 0 0 0 1 0 0 0 0 1 0 0 
Atribuicoes:
3 26 85 67 22 97 25 79 79 25 48 22 2 79 34 46 8 8 92 46 85 79 46 55 8 53 46 22 67 26 22 22 46 48 75 76 53 27 15 46 33 3 33 22 97 58 27 53 75 27 79 33 33 53 22 86 8 3 33 44 92 58 34 25 86 85 33 67 97 48 67 25 85 86 92 15 76 2 15 75 2 33 15 44 75 22 67 86 46 26 92 8 15 27 92 15 76 55 92 97 55 8 85 27 22 8 22 46 27 55 75 76 15 97 75 86 79 25 75 92 15 86 15 67 26 79 26 58 48 48 2 55 92 26 85 44 76 3 15 85 48 
Custo Total: 61160
Total de iterações: 117048
Melhorias: 4
Tempo até a melhor solução: 0.263322 segundos
Melhor solução encontrada:
Instalacoes:
0 0 1 1 1 0 0 0 1 0 0 0 0 0 0 1 0 0 0 0 0 0 1 0 0 1 1 1 0 0 0 0 0 1 1 0 0 0 0 0 0 0 0 1 1 0 1 0 1 0 0 0 0 1 0 1 0 0 0 0 0 1 0 0 0 0 0 1 0 0 0 0 0 0 0 1 1 0 0 1 0 0 0 0 0 1 1 0 0 0 0 0 1 0 0 0 0 1 0 0 
Atribuicoes:
3 26 85 4 22 97 25 79 79 25 48 22 2 79 34 43 4 8 92 46 85 4 46 55 8 53 46 22 67 26 22 22 46 43 75 76 53 27 61 46 33 3 33 61 97 61 27 53 75 27 79 33 61 53 4 86 8 3 33 44 92 61 34 25 86 85 33 67 97 48 61 25 85 86 92 26 76 2 15 75 2 43 15 44 75 22 67 86 46 26 92 8 15 43 92 15 76 55 92 97 4 8 85 27 22 8 22 46 27 55 75 76 4 97 75 86 79 61 75 92 15 86 15 67 26 79 26 43 48 48 2 55 92 8 85 44 76 3 15 85 48 
Custo Total: 59371
-------------------------------
-------------------------------
Execução 8
Instância: Data/raw//in1 - large.txt
Tempo limite: 30 segundos
Seed: 58
Tamanho da pertubação: 5
Solução inicial:
Instalacoes:
0 0 1 1 0 0 0 0 1 0 0 0 0 0 0 1 0 0 0 0 0 0 1 0 0 1 1 1 0 0 0 0 0 1 1 0 0 0 0 0 0 0 0 0 1 0 1 0 1 0 0 0 0 1 0 1 0 0 1 0 0 0 0 0 0 0 0 1 0 0 0 0 0 0 0 1 1 0 0 1 0 0 0 0 0 1 1 0 0 0 0 0 1 0 0 0 0 1 0 0 
Atribuicoes:
3 26 85 67 22 97 25 79 79 25 48 22 2 79 34 46 8 8 92 46 15 79 46 55 8 53 46 22 67 26 22 22 46 48 75 76 53 27 15 46 33 3 33 22 97 58 27 53 75 27 79 33 33 53 22 86 8 3 33 44 92 58 34 25 86 85 33 67 97 48 67 25 85 3 92 15 76 2 15 75 2 33 15 44 75 22 67 86 46 26 92 8 15 27 92 15 76 55 92 27 55 8 85 27 22 8 22 46 27 55 75 76 33 97 75 86 79 25 75 92 15 86 15 67 26 79 26 58 48 48 2 55 92 26 85 44 76 3 15 85 48 
Custo Total: 67573
Solução após busca local:
Instalacoes:
0 0 1 1 0 0 0 0 1 0 0 0 0 0 0 1 0 0 0 0 0 0 1 0 0 1 1 1 0 0 0 0 0 1 1 0 0 0 0 0 0 0 0 0 1 0 1 0 1 0 0 0 0 1 0 1 0 0 1 0 0 0 0 0 0 0 0 1 0 0 0 0 0 0 0 1 1 0 0 1 0 0 0 0 0 1 1 0 0 0 0 0 1 0 0 0 0 1 0 0 
Atribuicoes:
3 26 85 67 22 97 25 79 79 25 48 22 2 79 34 46 8 8 92 46 85 79 46 55 8 53 46 22 67 26 22 22 46 48 75 76 53 27 15 46 33 3 33 22 97 58 27 53 75 27 79 33 33 53 22 86 8 3 33 44 92 58 34 25 86 85 33 67 97 48 67 25 85 86 92 15 76 2 15 75 2 33 15 44 75 22 67 86 46 26 92 8 15 27 92 15 76 55 92 97 55 8 85 27 22 8 22 46 27 55 75 76 15 97 75 86 79 25 75 92 15 86 15 67 26 79 26 58 48 48 2 55 92 26 85 44 76 3 15 85 48 
Custo Total: 61160
Total de iterações: 117096
Melhorias: 4
Tempo até a melhor solução: 0.278675 segundos
Melhor solução encontrada:
Instalacoes:
0 0 1 1 1 0 0 0 1 0 0 0 0 0 0 1 0 0 0 0 0 0 1 0 0 1 1 1 0 0 0 0 0 1 1 0 0 0 0 0 0 0 0 1 1 0 1 0 1 0 0 0 0 1 0 1 0 0 0 0 0 1 0 0 0 0 0 1 0 0 0 0 0 0 0 1 1 0 0 1 0 0 0 0 0 1 1 0 0 0 0 0 1 0 0 0 0 1 0 0 
Atribuicoes:
3 26 85 4 22 97 25 79 79 25 48 22 2 79 34 43 4 8 92 46 85 4 46 55 8 53 46 22 67 26 22 22 46 43 75 76 53 27 61 46 33 3 33 61 97 61 27 53 75 27 79 33 61 53 4 86 8 3 33 44 92 61 34 25 86 85 33 67 97 48 61 25 85 86 92 26 76 2 15 75 2 43 15 44 75 22 67 86 46 26 92 8 15 43 92 15 76 55 92 97 4 8 85 27 22 8 22 46 27 55 75 76 4 97 75 86 79 61 75 92 15 86 15 67 26 79 26 43 48 48 2 55 92 8 85 44 76 3 15 85 48 
Custo Total: 59371
-------------------------------
-------------------------------
Execução 9
Instância: Data/raw//in1 - large.txt
Tempo limite: 30 segundos
Seed: 46
Tamanho da pertubação: 5
Solução inicial:
Instalacoes:
0 0 1 1 0 0 0 0 1 0 0 0 0 0 0 1 0 0 0 0 0 0 1 0 0 1 1 1 0 0 0 0 0 1 1 0 0 0 0 0 0 0 0 0 1 0 1 0 1 0 0 0 0 1 0 1 0 0 1 0 0 0 0 0 0 0 0 1 0 0 0 0 0 0 0 1 1 0 0 1 0 0 0 0 0 1 1 0 0 0 0 0 1 0 0 0 0 1 0 0 
Atribuicoes:
3 26 85 67 22 97 25 79 79 25 48 22 2 79 34 46 8 8 92 46 15 79 46 55 8 53 46 22 67 26 22 22 46 48 75 76 53 27 15 46 33 3 33 22 97 58 27 53 75 27 79 33 33 53 22 86 8 3 33 44 92 58 34 25 86 85 33 67 97 48 67 25 85 3 92 15 76 2 15 75 2 33 15 44 75 22 67 86 46 26 92 8 15 27 92 15 76 55 92 27 55 8 85 27 22 8 22 46 27 55 75 76 33 97 75 86 79 25 75 92 15 86 15 67 26 79 26 58 48 48 2 55 92 26 85 44 76 3 15 85 48 
Custo Total: 67573
Solução após busca local:
Instalacoes:
0 0 1 1 0 0 0 0 1 0 0 0 0 0 0 1 0 0 0 0 0 0 1 0 0 1 1 1 0 0 0 0 0 1 1 0 0 0 0 0 0 0 0 0 1 0 1 0 1 0 0 0 0 1 0 1 0 0 1 0 0 0 0 0 0 0 0 1 0 0 0 0 0 0 0 1 1 0 0 1 0 0 0 0 0 1 1 0 0 0 0 0 1 0 0 0 0 1 0 0 
Atribuicoes:
3 26 85 67 22 97 25 79 79 25 48 22 2 79 34 46 8 8 92 46 85 79 46 55 8 53 46 22 67 26 22 22 46 48 75 76 53 27 15 46 33 3 33 22 97 58 27 53 75 27 79 33 33 53 22 86 8 3 33 44 92 58 34 25 86 85 33 67 97 48 67 25 85 86 92 15 76 2 15 75 2 33 15 44 75 22 67 86 46 26 92 8 15 27 92 15 76 55 92 97 55 8 85 27 22 8 22 46 27 55 75 76 15 97 75 86 79 25 75 92 15 86 15 67 26 79 26 58 48 48 2 55 92 26 85 44 76 3 15 85 48 
Custo Total: 61160
Total de iterações: 117113
Melhorias: 4
Tempo até a melhor solução: 0.185711 segundos
Melhor solução encontrada:
Instalacoes:
0 0 1 1 1 0 0 0 1 0 0 0 0 0 0 1 0 0 0 0 0 0 1 0 0 1 1 1 0 0 0 0 0 1 1 0 0 0 0 0 0 0 0 1 1 0 1 0 1 0 0 0 0 1 0 1 0 0 0 0 0 1 0 0 0 0 0 1 0 0 0 0 0 0 0 1 1 0 0 1 0 0 0 0 0 1 1 0 0 0 0 0 1 0 0 0 0 1 0 0 
Atribuicoes:
3 26 85 4 22 97 25 79 79 25 48 22 2 79 34 43 4 8 92 46 85 4 46 55 8 53 46 22 67 26 22 22 46 43 75 76 53 27 61 46 33 3 33 61 97 61 27 53 75 27 79 33 61 53 4 86 8 3 33 44 92 61 34 25 86 85 33 67 97 48 61 25 85 86 92 26 76 2 15 75 2 43 15 44 75 22 67 86 46 26 92 8 15 43 92 15 76 55 92 97 4 8 85 27 22 8 22 46 27 55 75 76 4 97 75 86 79 61 75 92 15 86 15 67 26 79 26 43 48 48 2 55 92 8 85 44 76 3 15 85 48 
Custo Total: 59371
-------------------------------
-------------------------------
Execução 10
Instância: Data/raw//in1 - large.txt
Tempo limite: 30 segundos
Seed: 82
Tamanho da pertubação: 5
Solução inicial:
Instalacoes:
0 0 1 1 0 0 0 0 1 0 0 0 0 0 0 1 0 0 0 0 0 0 1 0 0 1 1 1 0 0 0 0 0 1 1 0 0 0 0 0 0 0 0 0 1 0 1 0 1 0 0 0 0 1 0 1 0 0 1 0 0 0 0 0 0 0 0 1 0 0 0 0 0 0 0 1 1 0 0 1 0 0 0 0 0 1 1 0 0 0 0 0 1 0 0 0 0 1 0 0 
Atribuicoes:
3 26 85 67 22 97 25 79 79 25 48 22 2 79 34 46 8 8 92 46 15 79 46 55 8 53 46 22 67 26 22 22 46 48 75 76 53 27 15 46 33 3 33 22 97 58 27 53 75 27 79 33 33 53 22 86 8 3 33 44 92 58 34 25 86 85 33 67 97 48 67 25 85 3 92 15 76 2 15 75 2 33 15 44 75 22 67 86 46 26 92 8 15 27 92 15 76 55 92 27 55 8 85 27 22 8 22 46 27 55 75 76 33 97 75 86 79 25 75 92 15 86 15 67 26 79 26 58 48 48 2 55 92 26 85 44 76 3 15 85 48 
Custo Total: 67573
Solução após busca local:
Instalacoes:
0 0 1 1 0 0 0 0 1 0 0 0 0 0 0 1 0 0 0 0 0 0 1 0 0 1 1 1 0 0 0 0 0 1 1 0 0 0 0 0 0 0 0 0 1 0 1 0 1 0 0 0 0 1 0 1 0 0 1 0 0 0 0 0 0 0 0 1 0 0 0 0 0 0 0 1 1 0 0 1 0 0 0 0 0 1 1 0 0 0 0 0 1 0 0 0 0 1 0 0 
Atribuicoes:
3 26 85 67 22 97 25 79 79 25 48 22 2 79 34 46 8 8 92 46 85 79 46 55 8 53 46 22 67 26 22 22 46 48 75 76 53 27 15 46 33 3 33 22 97 58 27 53 75 27 79 33 33 53 22 86 8 3 33 44 92 58 34 25 86 85 33 67 97 48 67 25 85 86 92 15 76 2 15 75 2 33 15 44 75 22 67 86 46 26 92 8 15 27 92 15 76 55 92 97 55 8 85 27 22 8 22 46 27 55 75 76 15 97 75 86 79 25 75 92 15 86 15 67 26 79 26 58 48 48 2 55 92 26 85 44 76 3 15 85 48 
Custo Total: 61160
Total de iterações: 117317
Melhorias: 4
Tempo até a melhor solução: 0.422067 segundos
Melhor solução encontrada:
Instalacoes:
0 0 1 1 1 0 0 0 1 0 0 0 0 0 0 1 0 0 0 0 0 0 1 0 0 1 1 1 0 0 0 0 0 1 1 0 0 0 0 0 0 0 0 1 1 0 1 0 1 0 0 0 0 1 0 1 0 0 0 0 0 1 0 0 0 0 0 1 0 0 0 0 0 0 0 1 1 0 0 1 0 0 0 0 0 1 1 0 0 0 0 0 1 0 0 0 0 1 0 0 
Atribuicoes:
3 26 85 4 22 97 25 79 79 25 48 22 2 79 34 43 4 8 92 46 85 4 46 55 8 53 46 22 67 26 22 22 46 43 75 76 53 27 61 46 33 3 33 61 97 61 27 53 75 27 79 33 61 53 4 86 8 3 33 44 92 61 34 25 86 85 33 67 97 48 61 25 85 86 92 26 76 2 15 75 2 43 15 44 75 22 67 86 46 26 92 8 15 43 92 15 76 55 92 97 4 8 85 27 22 8 22 46 27 55 75 76 4 97 75 86 79 61 75 92 15 86 15 67 26 79 26 43 48 48 2 55 92 8 85 44 76 3 15 85 48 
Custo Total: 59371
-------------------------------
-------------------------------
Execução 11
Instância: Data/raw//in1 - large.txt
Tempo limite: 30 segundos
Seed: 6
Tamanho da pertubação: 5
Solução inicial:
Instalacoes:
0 0 1 1 0 0 0 0 1 0 0 0 0 0 0 1 0 0 0 0 0 0 1 0 0 1 1 1 0 0 0 0 0 1 1 0 0 0 0 0 0 0 0 0 1 0 1 0 1 0 0 0 0 1 0 1 0 0 1 0 0 0 0 0 0 0 0 1 0 0 0 0 0 0 0 1 1 0 0 1 0 0 0 0 0 1 1 0 0 0 0 0 1 0 0 0 0 1 0 0 
Atribuicoes:
3 26 85 67 22 97 25 79 79 25 48 22 2 79 34 46 8 8 92 46 15 79 46 55 8 53 46 22 67 26 22 22 46 48 75 76 53 27 15 46 33 3 33 22 97 58 27 53 75 27 79 33 33 53 22 86 8 3 33 44 92 58 34 25 86 85 33 67 97 48 67 25 85 3 92 15 76 2 15 75 2 33 15 44 75 22 67 86 46 26 92 8 15 27 92 15 76 55 92 27 55 8 85 27 22 8 22 46 27 55 75 76 33 97 75 86 79 25 75 92 15 86 15 67 26 79 26 58 48 48 2 55 92 26 85 44 76 3 15 85 48 
Custo Total: 67573
Solução após busca local:
Instalacoes:
0 0 1 1 0 0 0 0 1 0 0 0 0 0 0 1 0 0 0 0 0 0 1 0 0 1 1 1 0 0 0 0 0 1 1 0 0 0 0 0 0 0 0 0 1 0 1 0 1 0 0 0 0 1 0 1 0 0 1 0 0 0 0 0 0 0 0 1 0 0 0 0 0 0 0 1 1 0 0 1 0 0 0 0 0 1 1 0 0 0 0 0 1 0 0 0 0 1 0 0 
Atribuicoes:
3 26 85 67 22 97 25 79 79 25 48 22 2 79 34 46 8 8 92 46 85 79 46 55 8 53 46 22 67 26 22 22 46 48 75 76 53 27 15 46 33 3 33 22 97 58 27 53 75 27 79 33 33 53 22 86 8 3 33 44 92 58 34 25 86 85 33 67 97 48 67 25 85 86 92 15 76 2 15 75 2 33 15 44 75 22 67 86 46 26 92 8 15 27 92 15 76 55 92 97 55 8 85 27 22 8 22 46 27 55 75 76 15 97 75 86 79 25 75 92 15 86 15 67 26 79 26 58 48 48 2 55 92 26 85 44 76 3 15 85 48 
Custo Total: 61160
Total de iterações: 116247
Melhorias: 4
Tempo até a melhor solução: 0.316738 segundos
Melhor solução encontrada:
Instalacoes:
0 0 1 1 1 0 1 0 1 0 0 0 0 0 0 1 0 0 0 0 0 0 1 0 0 1 1 1 0 0 0 0 0 1 1 0 0 0 0 0 0 0 0 0 1 0 1 0 1 0 0 0 0 1 0 1 0 0 0 0 0 1 0 0 0 0 0 1 0 0 0 0 0 0 0 1 1 0 0 1 0 0 0 0 0 1 1 0 0 0 0 0 1 0 0 0 0 1 0 0 
Atribuicoes:
3 26 85 4 22 97 25 79 79 25 48 22 2 79 34 46 4 8 92 46 85 4 46 6 8 53 46 22 67 26 22 22 46 48 75 76 53 27 61 46 33 3 33 61 97 61 27 53 75 27 79 33 61 53 4 86 8 3 33 44 92 61 34 25 86 85 33 67 97 48 61 25 85 86 92 26 76 2 15 75 2 33 15 44 75 6 67 86 46 26 92 8 15 27 92 15 76 55 92 97 4 8 85 27 22 8 22 46 27 55 75 76 6 97 75 86 79 61 75 92 15 86 15 67 26 79 26 6 6 48 2 55 92 8 85 44 76 3 15 6 48 
Custo Total: 60047
-------------------------------
-------------------------------
Execução 12
Instância: Data/raw//in1 - large.txt
Tempo limite: 30 segundos
Seed: 25
Tamanho da pertubação: 5
Solução inicial:
Instalacoes:
0 0 1 1 0 0 0 0 1 0 0 0 0 0 0 1 0 0 0 0 0 0 1 0 0 1 1 1 0 0 0 0 0 1 1 0 0 0 0 0 0 0 0 0 1 0 1 0 1 0 0 0 0 1 0 1 0 0 1 0 0 0 0 0 0 0 0 1 0 0 0 0 0 0 0 1 1 0 0 1 0 0 0 0 0 1 1 0 0 0 0 0 1 0 0 0 0 1 0 0 
Atribuicoes:
3 26 85 67 22 97 25 79 79 25 48 22 2 79 34 46 8 8 92 46 15 79 46 55 8 53 46 22 67 26 22 22 46 48 75 76 53 27 15 46 33 3 33 22 97 58 27 53 75 27 79 33 33 53 22 86 8 3 33 44 92 58 34 25 86 85 33 67 97 48 67 25 85 3 92 15 76 2 15 75 2 33 15 44 75 22 67 86 46 26 92 8 15 27 92 15 76 55 92 27 55 8 85 27 22 8 22 46 27 55 75 76 33 97 75 86 79 25 75 92 15 86 15 67 26 79 26 58 48 48 2 55 92 26 85 44 76 3 15 85 48 
Custo Total: 67573
Solução após busca local:
Instalacoes:
0 0 1 1 0 0 0 0 1 0 0 0 0 0 0 1 0 0 0 0 0 0 1 0 0 1 1 1 0 0 0 0 0 1 1 0 0 0 0 0 0 0 0 0 1 0 1 0 1 0 0 0 0 1 0 1 0 0 1 0 0 0 0 0 0 0 0 1 0 0 0 0 0 0 0 1 1 0 0 1 0 0 0 0 0 1 1 0 0 0 0 0 1 0 0 0 0 1 0 0 
Atribuicoes:
3 26 85 67 22 97 25 79 79 25 48 22 2 79 34 46 8 8 92 46 85 79 46 55 8 53 46 22 67 26 22 22 46 48 75 76 53 27 15 46 33 3 33 22 97 58 27 53 75 27 79 33 33 53 22 86 8 3 33 44 92 58 34 25 86 85 33 67 97 48 67 25 85 86 92 15 76 2 15 75 2 33 15 44 75 22 67 86 46 26 92 8 15 27 92 15 76 55 92 97 55 8 85 27 22 8 22 46 27 55 75 76 15 97 75 86 79 25 75 92 15 86 15 67 26 79 26 58 48 48 2 55 92 26 85 44 76 3 15 85 48 
Custo Total: 61160
Total de iterações: 116749
Melhorias: 4
Tempo até a melhor solução: 0.274783 segundos
Melhor solução encontrada:
Instalacoes:
0 0 1 1 1 0 0 0 1 0 0 0 0 0 0 1 0 0 0 0 0 0 1 0 0 1 1 1 0 0 0 0 0 1 1 0 0 0 0 0 0 0 0 1 1 0 1 0 1 0 0 0 0 1 0 1 0 0 0 0 0 1 0 0 0 0 0 1 0 0 0 0 0 0 0 1 1 0 0 1 0 0 0 0 0 1 1 0 0 0 0 0 1 0 0 0 0 1 0 0 
Atribuicoes:
3 26 85 4 22 97 25 79 79 25 48 22 2 79 34 43 4 8 92 46 85 4 46 55 8 53 46 22 67 26 22 22 46 43 75 76 53 27 61 46 33 3 33 61 97 61 27 53 75 27 79 33 61 53 4 86 8 3 33 44 92 61 34 25 86 85 33 67 97 48 61 25 85 86 92 26 76 2 15 75 2 43 15 44 75 22 67 86 46 26 92 8 15 43 92 15 76 55 92 97 4 8 85 27 22 8 22 46 27 55 75 76 4 97 75 86 79 61 75 92 15 86 15 67 26 79 26 43 48 48 2 55 92 8 85 44 76 3 15 85 48 
Custo Total: 59371
-------------------------------
-------------------------------
Execução 13
Instância: Data/raw//in1 - large.txt
Tempo limite: 30 segundos
Seed: 80
Tamanho da pertubação: 5
Solução inicial:
Instalacoes:
0 0 1 1 0 0 0 0 1 0 0 0 0 0 0 1 0 0 0 0 0 0 1 0 0 1 1 1 0 0 0 0 0 1 1 0 0 0 0 0 0 0 0 0 1 0 1 0 1 0 0 0 0 1 0 1 0 0 1 0 0 0 0 0 0 0 0 1 0 0 0 0 0 0 0 1 1 0 0 1 0 0 0 0 0 1 1 0 0 0 0 0 1 0 0 0 0 1 0 0 
Atribuicoes:
3 26 85 67 22 97 25 79 79 25 48 22 2 79 34 46 8 8 92 46 15 79 46 55 8 53 46 22 67 26 22 22 46 48 75 76 53 27 15 46 33 3 33 22 97 58 27 53 75 27 79 33 33 53 22 86 8 3 33 44 92 58 34 25 86 85 33 67 97 48 67 25 85 3 92 15 76 2 15 75 2 33 15 44 75 22 67 86 46 26 92 8 15 27 92 15 76 55 92 27 55 8 85 27 22 8 22 46 27 55 75 76 33 97 75 86 79 25 75 92 15 86 15 67 26 79 26 58 48 48 2 55 92 26 85 44 76 3 15 85 48 
Custo Total: 67573
Solução após busca local:
Instalacoes:
0 0 1 1 0 0 0 0 1 0 0 0 0 0 0 1 0 0 0 0 0 0 1 0 0 1 1 1 0 0 0 0 0 1 1 0 0 0 0 0 0 0 0 0 1 0 1 0 1 0 0 0 0 1 0 1 0 0 1 0 0 0 0 0 0 0 0 1 0 0 0 0 0 0 0 1 1 0 0 1 0 0 0 0 0 1 1 0 0 0 0 0 1 0 0 0 0 1 0 0 
Atribuicoes:
3 26 85 67 22 97 25 79 79 25 48 22 2 79 34 46 8 8 92 46 85 79 46 55 8 53 46 22 67 26 22 22 46 48 75 76 53 27 15 46 33 3 33 22 97 58 27 53 75 27 79 33 33 53 22 86 8 3 33 44 92 58 34 25 86 85 33 67 97 48 67 25 85 86 92 15 76 2 15 75 2 33 15 44 75 22 67 86 46 26 92 8 15 27 92 15 76 55 92 97 55 8 85 27 22 8 22 46 27 55 75 76 15 97 75 86 79 25 75 92 15 86 15 67 26 79 26 58 48 48 2 55 92 26 85 44 76 3 15 85 48 
Custo Total: 61160
Total de iterações: 115180
Melhorias: 4
Tempo até a melhor solução: 1.05388 segundos
Melhor solução encontrada:
Instalacoes:
0 0 1 1 1 0 0 0 1 0 0 0 0 0 0 1 0 0 0 0 0 0 1 0 0 1 1 1 0 0 0 0 0 1 1 0 0 0 0 0 0 0 0 1 1 0 1 0 1 0 0 0 0 1 0 1 0 0 0 0 0 1 0 0 0 0 0 1 0 0 0 0 0 0 0 1 1 0 0 1 0 0 0 0 0 1 1 0 0 0 0 0 1 0 0 0 0 1 0 0 
Atribuicoes:
3 26 85 4 22 97 25 79 79 25 48 22 2 79 34 43 4 8 92 46 85 4 46 55 8 53 46 22 67 26 22 22 46 43 75 76 53 27 61 46 33 3 33 61 97 61 27 53 75 27 79 33 61 53 4 86 8 3 33 44 92 61 34 25 86 85 33 67 97 48 61 25 85 86 92 26 76 2 15 75 2 43 15 44 75 22 67 86 46 26 92 8 15 43 92 15 76 55 92 97 4 8 85 27 22 8 22 46 27 55 75 76 4 97 75 86 79 61 75 92 15 86 15 67 26 79 26 43 48 48 2 55 92 8 85 44 76 3 15 85 48 
Custo Total: 59371
-------------------------------
-------------------------------
Execução 14
Instância: Data/raw//in1 - large.txt
Tempo limite: 30 segundos
Seed: 44
Tamanho da pertubação: 5
Solução inicial:
Instalacoes:
0 0 1 1 0 0 0 0 1 0 0 0 0 0 0 1 0 0 0 0 0 0 1 0 0 1 1 1 0 0 0 0 0 1 1 0 0 0 0 0 0 0 0 0 1 0 1 0 1 0 0 0 0 1 0 1 0 0 1 0 0 0 0 0 0 0 0 1 0 0 0 0 0 0 0 1 1 0 0 1 0 0 0 0 0 1 1 0 0 0 0 0 1 0 0 0 0 1 0 0 
Atribuicoes:
3 26 85 67 22 97 25 79 79 25 48 22 2 79 34 46 8 8 92 46 15 79 46 55 8 53 46 22 67 26 22 22 46 48 75 76 53 27 15 46 33 3 33 22 97 58 27 53 75 27 79 33 33 53 22 86 8 3 33 44 92 58 34 25 86 85 33 67 97 48 67 25 85 3 92 15 76 2 15 75 2 33 15 44 75 22 67 86 46 26 92 8 15 27 92 15 76 55 92 27 55 8 85 27 22 8 22 46 27 55 75 76 33 97 75 86 79 25 75 92 15 86 15 67 26 79 26 58 48 48 2 55 92 26 85 44 76 3 15 85 48 
Custo Total: 67573
Solução após busca local:
Instalacoes:
0 0 1 1 0 0 0 0 1 0 0 0 0 0 0 1 0 0 0 0 0 0 1 0 0 1 1 1 0 0 0 0 0 1 1 0 0 0 0 0 0 0 0 0 1 0 1 0 1 0 0 0 0 1 0 1 0 0 1 0 0 0 0 0 0 0 0 1 0 0 0 0 0 0 0 1 1 0 0 1 0 0 0 0 0 1 1 0 0 0 0 0 1 0 0 0 0 1 0 0 
Atribuicoes:
3 26 85 67 22 97 25 79 79 25 48 22 2 79 34 46 8 8 92 46 85 79 46 55 8 53 46 22 67 26 22 22 46 48 75 76 53 27 15 46 33 3 33 22 97 58 27 53 75 27 79 33 33 53 22 86 8 3 33 44 92 58 34 25 86 85 33 67 97 48 67 25 85 86 92 15 76 2 15 75 2 33 15 44 75 22 67 86 46 26 92 8 15 27 92 15 76 55 92 97 55 8 85 27 22 8 22 46 27 55 75 76 15 97 75 86 79 25 75 92 15 86 15 67 26 79 26 58 48 48 2 55 92 26 85 44 76 3 15 85 48 
Custo Total: 61160
Total de iterações: 117444
Melhorias: 4
Tempo até a melhor solução: 0.236311 segundos
Melhor solução encontrada:
Instalacoes:
0 0 1 1 1 0 1 0 1 0 0 0 0 0 0 1 0 0 0 0 0 0 1 0 0 1 1 1 0 0 0 0 0 1 1 0 0 0 0 0 0 0 0 0 1 0 1 0 1 0 0 0 0 1 0 1 0 0 0 0 0 1 0 0 0 0 0 1 0 0 0 0 0 0 0 1 1 0 0 1 0 0 0 0 0 1 1 0 0 0 0 0 1 0 0 0 0 1 0 0 
Atribuicoes:
3 26 85 4 22 97 25 79 79 25 48 22 2 79 34 46 4 8 92 46 85 4 46 6 8 53 46 22 67 26 22 22 46 48 75 76 53 27 61 46 33 3 33 61 97 61 27 53 75 27 79 33 61 53 4 86 8 3 33 44 92 61 34 25 86 85 33 67 97 48 61 25 85 86 92 26 76 2 15 75 2 33 15 44 75 6 67 86 46 26 92 8 15 27 92 15 76 55 92 97 4 8 85 27 22 8 22 46 27 55 75 76 6 97 75 86 79 61 75 92 15 86 15 67 26 79 26 6 6 48 2 55 92 8 85 44 76 3 15 6 48 
Custo Total: 60047
-------------------------------
-------------------------------
Execução 15
Instância: Data/raw//in1 - large.txt
Tempo limite: 30 segundos
Seed: 17
Tamanho da pertubação: 5
Solução inicial:
Instalacoes:
0 0 1 1 0 0 0 0 1 0 0 0 0 0 0 1 0 0 0 0 0 0 1 0 0 1 1 1 0 0 0 0 0 1 1 0 0 0 0 0 0 0 0 0 1 0 1 0 1 0 0 0 0 1 0 1 0 0 1 0 0 0 0 0 0 0 0 1 0 0 0 0 0 0 0 1 1 0 0 1 0 0 0 0 0 1 1 0 0 0 0 0 1 0 0 0 0 1 0 0 
Atribuicoes:
3 26 85 67 22 97 25 79 79 25 48 22 2 79 34 46 8 8 92 46 15 79 46 55 8 53 46 22 67 26 22 22 46 48 75 76 53 27 15 46 33 3 33 22 97 58 27 53 75 27 79 33 33 53 22 86 8 3 33 44 92 58 34 25 86 85 33 67 97 48 67 25 85 3 92 15 76 2 15 75 2 33 15 44 75 22 67 86 46 26 92 8 15 27 92 15 76 55 92 27 55 8 85 27 22 8 22 46 27 55 75 76 33 97 75 86 79 25 75 92 15 86 15 67 26 79 26 58 48 48 2 55 92 26 85 44 76 3 15 85 48 
Custo Total: 67573
Solução após busca local:
Instalacoes:
0 0 1 1 0 0 0 0 1 0 0 0 0 0 0 1 0 0 0 0 0 0 1 0 0 1 1 1 0 0 0 0 0 1 1 0 0 0 0 0 0 0 0 0 1 0 1 0 1 0 0 0 0 1 0 1 0 0 1 0 0 0 0 0 0 0 0 1 0 0 0 0 0 0 0 1 1 0 0 1 0 0 0 0 0 1 1 0 0 0 0 0 1 0 0 0 0 1 0 0 
Atribuicoes:
3 26 85 67 22 97 25 79 79 25 48 22 2 79 34 46 8 8 92 46 85 79 46 55 8 53 46 22 67 26 22 22 46 48 75 76 53 27 15 46 33 3 33 22 97 58 27 53 75 27 79 33 33 53 22 86 8 3 33 44 92 58 34 25 86 85 33 67 97 48 67 25 85 86 92 15 76 2 15 75 2 33 15 44 75 22 67 86 46 26 92 8 15 27 92 15 76 55 92 97 55 8 85 27 22 8 22 46 27 55 75 76 15 97 75 86 79 25 75 92 15 86 15 67 26 79 26 58 48 48 2 55 92 26 85 44 76 3 15 85 48 
Custo Total: 61160
Total de iterações: 119702
Melhorias: 4
Tempo até a melhor solução: 0.248915 segundos
Melhor solução encontrada:
Instalacoes:
0 0 1 1 1 0 0 0 1 0 0 0 0 0 0 1 0 0 0 0 0 0 1 0 0 1 1 1 0 0 0 0 0 1 1 0 0 0 0 0 0 0 0 1 1 0 1 0 1 0 0 0 0 1 0 1 0 0 0 0 0 1 0 0 0 0 0 1 0 0 0 0 0 0 0 1 1 0 0 1 0 0 0 0 0 1 1 0 0 0 0 0 1 0 0 0 0 1 0 0 
Atribuicoes:
3 26 85 4 22 97 25 79 79 25 48 22 2 79 34 43 4 8 92 46 85 4 46 55 8 53 46 22 67 26 22 22 46 43 75 76 53 27 61 46 33 3 33 61 97 61 27 53 75 27 79 33 61 53 4 86 8 3 33 44 92 61 34 25 86 85 33 67 97 48 61 25 85 86 92 26 76 2 15 75 2 43 15 44 75 22 67 86 46 26 92 8 15 43 92 15 76 55 92 97 4 8 85 27 22 8 22 46 27 55 75 76 4 97 75 86 79 61 75 92 15 86 15 67 26 79 26 43 48 48 2 55 92 8 85 44 76 3 15 85 48 
Custo Total: 59371
-------------------------------
-------------------------------
Execução 16
Instância: Data/raw//in1 - large.txt
Tempo limite: 30 segundos
Seed: 22
Tamanho da pertubação: 5
Solução inicial:
Instalacoes:
0 0 1 1 0 0 0 0 1 0 0 0 0 0 0 1 0 0 0 0 0 0 1 0 0 1 1 1 0 0 0 0 0 1 1 0 0 0 0 0 0 0 0 0 1 0 1 0 1 0 0 0 0 1 0 1 0 0 1 0 0 0 0 0 0 0 0 1 0 0 0 0 0 0 0 1 1 0 0 1 0 0 0 0 0 1 1 0 0 0 0 0 1 0 0 0 0 1 0 0 
Atribuicoes:
3 26 85 67 22 97 25 79 79 25 48 22 2 79 34 46 8 8 92 46 15 79 46 55 8 53 46 22 67 26 22 22 46 48 75 76 53 27 15 46 33 3 33 22 97 58 27 53 75 27 79 33 33 53 22 86 8 3 33 44 92 58 34 25 86 85 33 67 97 48 67 25 85 3 92 15 76 2 15 75 2 33 15 44 75 22 67 86 46 26 92 8 15 27 92 15 76 55 92 27 55 8 85 27 22 8 22 46 27 55 75 76 33 97 75 86 79 25 75 92 15 86 15 67 26 79 26 58 48 48 2 55 92 26 85 44 76 3 15 85 48 
Custo Total: 67573
Solução após busca local:
Instalacoes:
0 0 1 1 0 0 0 0 1 0 0 0 0 0 0 1 0 0 0 0 0 0 1 0 0 1 1 1 0 0 0 0 0 1 1 0 0 0 0 0 0 0 0 0 1 0 1 0 1 0 0 0 0 1 0 1 0 0 1 0 0 0 0 0 0 0 0 1 0 0 0 0 0 0 0 1 1 0 0 1 0 0 0 0 0 1 1 0 0 0 0 0 1 0 0 0 0 1 0 0 
Atribuicoes:
3 26 85 67 22 97 25 79 79 25 48 22 2 79 34 46 8 8 92 46 85 79 46 55 8 53 46 22 67 26 22 22 46 48 75 76 53 27 15 46 33 3 33 22 97 58 27 53 75 27 79 33 33 53 22 86 8 3 33 44 92 58 34 25 86 85 33 67 97 48 67 25 85 86 92 15 76 2 15 75 2 33 15 44 75 22 67 86 46 26 92 8 15 27 92 15 76 55 92 97 55 8 85 27 22 8 22 46 27 55 75 76 15 97 75 86 79 25 75 92 15 86 15 67 26 79 26 58 48 48 2 55 92 26 85 44 76 3 15 85 48 
Custo Total: 61160
Total de iterações: 119628
Melhorias: 4
Tempo até a melhor solução: 0.36732 segundos
Melhor solução encontrada:
Instalacoes:
0 0 1 1 1 0 0 0 1 0 0 0 0 0 0 1 0 0 0 0 0 0 1 0 0 1 1 1 0 0 0 0 0 1 1 0 0 0 0 0 0 0 0 1 1 0 1 0 1 0 0 0 0 1 0 1 0 0 0 0 0 1 0 0 0 0 0 1 0 0 0 0 0 0 0 1 1 0 0 1 0 0 0 0 0 1 1 0 0 0 0 0 1 0 0 0 0 1 0 0 
Atribuicoes:
3 26 85 4 22 97 25 79 79 25 48 22 2 79 34 43 4 8 92 46 85 4 46 55 8 53 46 22 67 26 22 22 46 43 75 76 53 27 61 46 33 3 33 61 97 61 27 53 75 27 79 33 61 53 4 86 8 3 33 44 92 61 34 25 86 85 33 67 97 48 61 25 85 86 92 26 76 2 15 75 2 43 15 44 75 22 67 86 46 26 92 8 15 43 92 15 76 55 92 97 4 8 85 27 22 8 22 46 27 55 75 76 4 97 75 86 79 61 75 92 15 86 15 67 26 79 26 43 48 48 2 55 92 8 85 44 76 3 15 85 48 
Custo Total: 59371
-------------------------------
-------------------------------
Execução 17
Instância: Data/raw//in1 - large.txt
Tempo limite: 30 segundos
Seed: 49
Tamanho da pertubação: 5
Solução inicial:
Instalacoes:
0 0 1 1 0 0 0 0 1 0 0 0 0 0 0 1 0 0 0 0 0 0 1 0 0 1 1 1 0 0 0 0 0 1 1 0 0 0 0 0 0 0 0 0 1 0 1 0 1 0 0 0 0 1 0 1 0 0 1 0 0 0 0 0 0 0 0 1 0 0 0 0 0 0 0 1 1 0 0 1 0 0 0 0 0 1 1 0 0 0 0 0 1 0 0 0 0 1 0 0 
Atribuicoes:
3 26 85 67 22 97 25 79 79 25 48 22 2 79 34 46 8 8 92 46 15 79 46 55 8 53 46 22 67 26 22 22 46 48 75 76 53 27 15 46 33 3 33 22 97 58 27 53 75 27 79 33 33 53 22 86 8 3 33 44 92 58 34 25 86 85 33 67 97 48 67 25 85 3 92 15 76 2 15 75 2 33 15 44 75 22 67 86 46 26 92 8 15 27 92 15 76 55 92 27 55 8 85 27 22 8 22 46 27 55 75 76 33 97 75 86 79 25 75 92 15 86 15 67 26 79 26 58 48 48 2 55 92 26 85 44 76 3 15 85 48 
Custo Total: 67573
Solução após busca local:
Instalacoes:
0 0 1 1 0 0 0 0 1 0 0 0 0 0 0 1 0 0 0 0 0 0 1 0 0 1 1 1 0 0 0 0 0 1 1 0 0 0 0 0 0 0 0 0 1 0 1 0 1 0 0 0 0 1 0 1 0 0 1 0 0 0 0 0 0 0 0 1 0 0 0 0 0 0 0 1 1 0 0 1 0 0 0 0 0 1 1 0 0 0 0 0 1 0 0 0 0 1 0 0 
Atribuicoes:
3 26 85 67 22 97 25 79 79 25 48 22 2 79 34 46 8 8 92 46 85 79 46 55 8 53 46 22 67 26 22 22 46 48 75 76 53 27 15 46 33 3 33 22 97 58 27 53 75 27 79 33 33 53 22 86 8 3 33 44 92 58 34 25 86 85 33 67 97 48 67 25 85 86 92 15 76 2 15 75 2 33 15 44 75 22 67 86 46 26 92 8 15 27 92 15 76 55 92 97 55 8 85 27 22 8 22 46 27 55 75 76 15 97 75 86 79 25 75 92 15 86 15 67 26 79 26 58 48 48 2 55 92 26 85 44 76 3 15 85 48 
Custo Total: 61160
Total de iterações: 119307
Melhorias: 5
Tempo até a melhor solução: 24.1243 segundos
Melhor solução encontrada:
Instalacoes:
0 0 1 1 1 0 0 0 1 0 0 0 0 0 0 1 0 0 0 0 0 0 1 0 0 0 1 1 0 0 0 0 0 1 1 0 0 0 0 0 0 0 0 1 1 0 1 0 1 0 0 0 0 1 0 1 0 0 0 0 0 1 0 0 0 0 0 1 0 0 0 0 0 0 0 1 1 0 0 1 0 0 0 0 0 1 1 0 0 0 0 0 1 0 0 0 0 1 0 0 
Atribuicoes:
3 26 85 4 22 97 55 79 79 27 48 22 2 79 34 43 4 8 92 46 85 4 46 55 8 53 46 22 67 26 22 22 46 43 75 76 53 27 61 46 33 3 33 61 97 61 27 53 75 27 79 33 61 53 4 86 8 3 33 44 92 61 34 76 86 85 33 67 97 48 61 26 85 86 92 26 76 2 15 75 2 43 15 44 75 22 67 86 46 26 92 8 15 43 92 15 76 55 92 97 4 8 85 27 22 8 22 46 27 55 75 76 4 97 75 86 79 61 75 92 15 86 15 67 26 79 26 43 48 48 2 55 92 8 85 44 76 3 15 85 48 
Custo Total: 59153
-------------------------------
-------------------------------
Execução 18
Instância: Data/raw//in1 - large.txt
Tempo limite: 30 segundos
Seed: 54
Tamanho da pertubação: 5
Solução inicial:
Instalacoes:
0 0 1 1 0 0 0 0 1 0 0 0 0 0 0 1 0 0 0 0 0 0 1 0 0 1 1 1 0 0 0 0 0 1 1 0 0 0 0 0 0 0 0 0 1 0 1 0 1 0 0 0 0 1 0 1 0 0 1 0 0 0 0 0 0 0 0 1 0 0 0 0 0 0 0 1 1 0 0 1 0 0 0 0 0 1 1 0 0 0 0 0 1 0 0 0 0 1 0 0 
Atribuicoes:
3 26 85 67 22 97 25 79 79 25 48 22 2 79 34 46 8 8 92 46 15 79 46 55 8 53 46 22 67 26 22 22 46 48 75 76 53 27 15 46 33 3 33 22 97 58 27 53 75 27 79 33 33 53 22 86 8 3 33 44 92 58 34 25 86 85 33 67 97 48 67 25 85 3 92 15 76 2 15 75 2 33 15 44 75 22 67 86 46 26 92 8 15 27 92 15 76 55 92 27 55 8 85 27 22 8 22 46 27 55 75 76 33 97 75 86 79 25 75 92 15 86 15 67 26 79 26 58 48 48 2 55 92 26 85 44 76 3 15 85 48 
Custo Total: 67573
Solução após busca local:
Instalacoes:
0 0 1 1 0 0 0 0 1 0 0 0 0 0 0 1 0 0 0 0 0 0 1 0 0 1 1 1 0 0 0 0 0 1 1 0 0 0 0 0 0 0 0 0 1 0 1 0 1 0 0 0 0 1 0 1 0 0 1 0 0 0 0 0 0 0 0 1 0 0 0 0 0 0 0 1 1 0 0 1 0 0 0 0 0 1 1 0 0 0 0 0 1 0 0 0 0 1 0 0 
Atribuicoes:
3 26 85 67 22 97 25 79 79 25 48 22 2 79 34 46 8 8 92 46 85 79 46 55 8 53 46 22 67 26 22 22 46 48 75 76 53 27 15 46 33 3 33 22 97 58 27 53 75 27 79 33 33 53 22 86 8 3 33 44 92 58 34 25 86 85 33 67 97 48 67 25 85 86 92 15 76 2 15 75 2 33 15 44 75 22 67 86 46 26 92 8 15 27 92 15 76 55 92 97 55 8 85 27 22 8 22 46 27 55 75 76 15 97 75 86 79 25 75 92 15 86 15 67 26 79 26 58 48 48 2 55 92 26 85 44 76 3 15 85 48 
Custo Total: 61160
Total de iterações: 119425
Melhorias: 4
Tempo até a melhor solução: 0.845338 segundos
Melhor solução encontrada:
Instalacoes:
0 0 1 1 1 0 0 0 1 0 0 0 0 0 0 1 0 0 0 0 0 0 1 0 0 1 1 1 0 0 0 0 0 1 1 0 0 0 0 0 0 0 0 1 1 0 1 0 1 0 0 0 0 1 0 1 0 0 0 0 0 1 0 0 0 0 0 1 0 0 0 0 0 0 0 1 1 0 0 1 0 0 0 0 0 1 1 0 0 0 0 0 1 0 0 0 0 1 0 0 
Atribuicoes:
3 26 85 4 22 97 25 79 79 25 48 22 2 79 34 43 4 8 92 46 85 4 46 55 8 53 46 22 67 26 22 22 46 43 75 76 53 27 61 46 33 3 33 61 97 61 27 53 75 27 79 33 61 53 4 86 8 3 33 44 92 61 34 25 86 85 33 67 97 48 61 25 85 86 92 26 76 2 15 75 2 43 15 44 75 22 67 86 46 26 92 8 15 43 92 15 76 55 92 97 4 8 85 27 22 8 22 46 27 55 75 76 4 97 75 86 79 61 75 92 15 86 15 67 26 79 26 43 48 48 2 55 92 8 85 44 76 3 15 85 48 
Custo Total: 59371
-------------------------------
-------------------------------
Execução 19
Instância: Data/raw//in1 - large.txt
Tempo limite: 30 segundos
Seed: 75
Tamanho da pertubação: 5
Solução inicial:
Instalacoes:
0 0 1 1 0 0 0 0 1 0 0 0 0 0 0 1 0 0 0 0 0 0 1 0 0 1 1 1 0 0 0 0 0 1 1 0 0 0 0 0 0 0 0 0 1 0 1 0 1 0 0 0 0 1 0 1 0 0 1 0 0 0 0 0 0 0 0 1 0 0 0 0 0 0 0 1 1 0 0 1 0 0 0 0 0 1 1 0 0 0 0 0 1 0 0 0 0 1 0 0 
Atribuicoes:
3 26 85 67 22 97 25 79 79 25 48 22 2 79 34 46 8 8 92 46 15 79 46 55 8 53 46 22 67 26 22 22 46 48 75 76 53 27 15 46 33 3 33 22 97 58 27 53 75 27 79 33 33 53 22 86 8 3 33 44 92 58 34 25 86 85 33 67 97 48 67 25 85 3 92 15 76 2 15 75 2 33 15 44 75 22 67 86 46 26 92 8 15 27 92 15 76 55 92 27 55 8 85 27 22 8 22 46 27 55 75 76 33 97 75 86 79 25 75 92 15 86 15 67 26 79 26 58 48 48 2 55 92 26 85 44 76 3 15 85 48 
Custo Total: 67573
Solução após busca local:
Instalacoes:
0 0 1 1 0 0 0 0 1 0 0 0 0 0 0 1 0 0 0 0 0 0 1 0 0 1 1 1 0 0 0 0 0 1 1 0 0 0 0 0 0 0 0 0 1 0 1 0 1 0 0 0 0 1 0 1 0 0 1 0 0 0 0 0 0 0 0 1 0 0 0 0 0 0 0 1 1 0 0 1 0 0 0 0 0 1 1 0 0 0 0 0 1 0 0 0 0 1 0 0 
Atribuicoes:
3 26 85 67 22 97 25 79 79 25 48 22 2 79 34 46 8 8 92 46 85 79 46 55 8 53 46 22 67 26 22 22 46 48 75 76 53 27 15 46 33 3 33 22 97 58 27 53 75 27 79 33 33 53 22 86 8 3 33 44 92 58 34 25 86 85 33 67 97 48 67 25 85 86 92 15 76 2 15 75 2 33 15 44 75 22 67 86 46 26 92 8 15 27 92 15 76 55 92 97 55 8 85 27 22 8 22 46 27 55 75 76 15 97 75 86 79 25 75 92 15 86 15 67 26 79 26 58 48 48 2 55 92 26 85 44 76 3 15 85 48 
Custo Total: 61160
Total de iterações: 119414
Melhorias: 4
Tempo até a melhor solução: 0.185708 segundos
Melhor solução encontrada:
Instalacoes:
0 0 1 1 1 0 0 0 1 0 0 0 0 0 0 1 0 0 0 0 0 0 1 0 0 1 1 1 0 0 0 0 0 1 1 0 0 0 0 0 0 0 0 1 1 0 1 0 1 0 0 0 0 1 0 1 0 0 0 0 0 1 0 0 0 0 0 1 0 0 0 0 0 0 0 1 1 0 0 1 0 0 0 0 0 1 1 0 0 0 0 0 1 0 0 0 0 1 0 0 
Atribuicoes:
3 26 85 4 22 97 25 79 79 25 48 22 2 79 34 43 4 8 92 46 85 4 46 55 8 53 46 22 67 26 22 22 46 43 75 76 53 27 61 46 33 3 33 61 97 61 27 53 75 27 79 33 61 53 4 86 8 3 33 44 92 61 34 25 86 85 33 67 97 48 61 25 85 86 92 26 76 2 15 75 2 43 15 44 75 22 67 86 46 26 92 8 15 43 92 15 76 55 92 97 4 8 85 27 22 8 22 46 27 55 75 76 4 97 75 86 79 61 75 92 15 86 15 67 26 79 26 43 48 48 2 55 92 8 85 44 76 3 15 85 48 
Custo Total: 59371
-------------------------------
-------------------------------
Execução 20
Instância: Data/raw//in1 - large.txt
Tempo limite: 30 segundos
Seed: 56
Tamanho da pertubação: 5
Solução inicial:
Instalacoes:
0 0 1 1 0 0 0 0 1 0 0 0 0 0 0 1 0 0 0 0 0 0 1 0 0 1 1 1 0 0 0 0 0 1 1 0 0 0 0 0 0 0 0 0 1 0 1 0 1 0 0 0 0 1 0 1 0 0 1 0 0 0 0 0 0 0 0 1 0 0 0 0 0 0 0 1 1 0 0 1 0 0 0 0 0 1 1 0 0 0 0 0 1 0 0 0 0 1 0 0 
Atribuicoes:
3 26 85 67 22 97 25 79 79 25 48 22 2 79 34 46 8 8 92 46 15 79 46 55 8 53 46 22 67 26 22 22 46 48 75 76 53 27 15 46 33 3 33 22 97 58 27 53 75 27 79 33 33 53 22 86 8 3 33 44 92 58 34 25 86 85 33 67 97 48 67 25 85 3 92 15 76 2 15 75 2 33 15 44 75 22 67 86 46 26 92 8 15 27 92 15 76 55 92 27 55 8 85 27 22 8 22 46 27 55 75 76 33 97 75 86 79 25 75 92 15 86 15 67 26 79 26 58 48 48 2 55 92 26 85 44 76 3 15 85 48 
Custo Total: 67573
Solução após busca local:
Instalacoes:
0 0 1 1 0 0 0 0 1 0 0 0 0 0 0 1 0 0 0 0 0 0 1 0 0 1 1 1 0 0 0 0 0 1 1 0 0 0 0 0 0 0 0 0 1 0 1 0 1 0 0 0 0 1 0 1 0 0 1 0 0 0 0 0 0 0 0 1 0 0 0 0 0 0 0 1 1 0 0 1 0 0 0 0 0 1 1 0 0 0 0 0 1 0 0 0 0 1 0 0 
Atribuicoes:
3 26 85 67 22 97 25 79 79 25 48 22 2 79 34 46 8 8 92 46 85 79 46 55 8 53 46 22 67 26 22 22 46 48 75 76 53 27 15 46 33 3 33 22 97 58 27 53 75 27 79 33 33 53 22 86 8 3 33 44 92 58 34 25 86 85 33 67 97 48 67 25 85 86 92 15 76 2 15 75 2 33 15 44 75 22 67 86 46 26 92 8 15 27 92 15 76 55 92 97 55 8 85 27 22 8 22 46 27 55 75 76 15 97 75 86 79 25 75 92 15 86 15 67 26 79 26 58 48 48 2 55 92 26 85 44 76 3 15 85 48 
Custo Total: 61160
Total de iterações: 119538
Melhorias: 4
Tempo até a melhor solução: 0.602598 segundos
Melhor solução encontrada:
Instalacoes:
0 0 1 1 1 0 0 0 1 0 0 0 0 0 0 1 0 0 0 0 0 0 1 0 0 1 1 1 0 0 0 0 0 1 1 0 0 0 0 0 0 0 0 1 1 0 1 0 1 0 0 0 0 1 0 1 0 0 0 0 0 1 0 0 0 0 0 1 0 0 0 0 0 0 0 1 1 0 0 1 0 0 0 0 0 1 1 0 0 0 0 0 1 0 0 0 0 1 0 0 
Atribuicoes:
3 26 85 4 22 97 25 79 79 25 48 22 2 79 34 43 4 8 92 46 85 4 46 55 8 53 46 22 67 26 22 22 46 43 75 76 53 27 61 46 33 3 33 61 97 61 27 53 75 27 79 33 61 53 4 86 8 3 33 44 92 61 34 25 86 85 33 67 97 48 61 25 85 86 92 26 76 2 15 75 2 43 15 44 75 22 67 86 46 26 92 8 15 43 92 15 76 55 92 97 4 8 85 27 22 8 22 46 27 55 75 76 4 97 75 86 79 61 75 92 15 86 15 67 26 79 26 43 48 48 2 55 92 8 85 44 76 3 15 85 48 
Custo Total: 59371
-------------------------------
