-------------------------------
Execução 1
Instância: Data/raw//in4 - large.txt
Tempo limite: 120 segundos
Seed: 29
Solução inicial:
Instalacoes:
39 14 44 1 22 4 34 59 50 53 63 18 35 20 36 65 
Atribuicoes:
44 20 4 53 53 63 44 35 50 36 35 14 1 50 1 36 35 36 22 36 35 53 1 34 36 34 18 39 59 1 22 53 63 39 18 65 14 63 65 1 35 63 63 34 20 39 36 44 35 34 53 63 22 14 39 53 39 44 65 22 65 18 18 4 44 65 50 59 53 34 39 35 35 39 1 22 34 39 36 4 65 34 53 1 59 35 34 20 34 65 50 
Custo Total: 50181
Solução após busca local:
Instalacoes:
39 14 44 1 22 4 34 59 50 53 63 18 35 20 36 65 
Atribuicoes:
44 20 4 53 53 63 44 35 50 36 35 14 1 50 1 36 35 36 22 36 35 53 1 34 36 34 18 39 59 1 22 53 63 20 18 65 14 63 65 1 35 63 63 34 20 39 36 44 35 34 53 63 22 14 39 53 39 44 65 22 65 18 18 4 44 65 50 59 53 34 39 35 35 39 1 22 34 39 36 4 65 34 53 1 59 35 34 20 34 65 50 
Custo Total: 50118
Total de iterações: 83250
Melhorias: 0
Tempo até a melhor solução: 0 segundos
Melhor solução encontrada:
Instalacoes:
39 14 44 1 22 4 34 59 50 53 63 18 35 20 36 65 
Atribuicoes:
44 20 4 53 53 63 44 35 50 36 35 14 1 50 1 36 35 36 22 36 35 53 1 34 36 34 18 39 59 1 22 53 63 20 18 65 14 63 65 1 35 63 63 34 20 39 36 44 35 34 53 63 22 14 39 53 39 44 65 22 65 18 18 4 44 65 50 59 53 34 39 35 35 39 1 22 34 39 36 4 65 34 53 1 59 35 34 20 34 65 50 
Custo Total: 50118
Instalacoes:
39 14 44 1 22 4 34 59 50 53 63 18 35 20 36 65 
Atribuicoes:
44 20 4 53 53 63 44 35 50 36 35 14 1 50 1 36 35 36 22 36 35 53 1 34 36 34 18 39 59 1 22 53 63 20 18 65 14 63 65 1 35 63 63 34 20 39 36 44 35 34 53 63 22 14 39 53 39 44 65 22 65 18 18 4 44 65 50 59 53 34 39 35 35 39 1 22 34 39 36 4 65 34 53 1 59 35 34 20 34 65 50 
Custo Total: 50118
-------------------------------
-------------------------------
Execução 2
Instância: Data/raw//in4 - large.txt
Tempo limite: 120 segundos
Seed: 81
Solução inicial:
Instalacoes:
39 14 44 1 22 4 34 59 50 53 63 18 35 20 36 65 
Atribuicoes:
44 20 4 53 53 63 44 35 50 36 35 14 1 50 1 36 35 36 22 36 35 53 1 34 36 34 18 39 59 1 22 53 63 39 18 65 14 63 65 1 35 63 63 34 20 39 36 44 35 34 53 63 22 14 39 53 39 44 65 22 65 18 18 4 44 65 50 59 53 34 39 35 35 39 1 22 34 39 36 4 65 34 53 1 59 35 34 20 34 65 50 
Custo Total: 50181
Solução após busca local:
Instalacoes:
39 14 44 1 22 4 34 59 50 53 63 18 35 20 36 65 
Atribuicoes:
44 20 4 53 53 63 44 35 50 36 35 14 1 50 1 36 35 36 22 36 35 53 1 34 36 34 18 39 59 1 22 53 63 20 18 65 14 63 65 1 35 63 63 34 20 39 36 44 35 34 53 63 22 14 39 53 39 44 65 22 65 18 18 4 44 65 50 59 53 34 39 35 35 39 1 22 34 39 36 4 65 34 53 1 59 35 34 20 34 65 50 
Custo Total: 50118
Total de iterações: 83239
Melhorias: 0
Tempo até a melhor solução: 0 segundos
Melhor solução encontrada:
Instalacoes:
39 14 44 1 22 4 34 59 50 53 63 18 35 20 36 65 
Atribuicoes:
44 20 4 53 53 63 44 35 50 36 35 14 1 50 1 36 35 36 22 36 35 53 1 34 36 34 18 39 59 1 22 53 63 20 18 65 14 63 65 1 35 63 63 34 20 39 36 44 35 34 53 63 22 14 39 53 39 44 65 22 65 18 18 4 44 65 50 59 53 34 39 35 35 39 1 22 34 39 36 4 65 34 53 1 59 35 34 20 34 65 50 
Custo Total: 50118
Instalacoes:
39 14 44 1 22 4 34 59 50 53 63 18 35 20 36 65 
Atribuicoes:
44 20 4 53 53 63 44 35 50 36 35 14 1 50 1 36 35 36 22 36 35 53 1 34 36 34 18 39 59 1 22 53 63 20 18 65 14 63 65 1 35 63 63 34 20 39 36 44 35 34 53 63 22 14 39 53 39 44 65 22 65 18 18 4 44 65 50 59 53 34 39 35 35 39 1 22 34 39 36 4 65 34 53 1 59 35 34 20 34 65 50 
Custo Total: 50118
-------------------------------
-------------------------------
Execução 3
Instância: Data/raw//in4 - large.txt
Tempo limite: 120 segundos
Seed: 51
Solução inicial:
Instalacoes:
39 14 44 1 22 4 34 59 50 53 63 18 35 20 36 65 
Atribuicoes:
44 20 4 53 53 63 44 35 50 36 35 14 1 50 1 36 35 36 22 36 35 53 1 34 36 34 18 39 59 1 22 53 63 39 18 65 14 63 65 1 35 63 63 34 20 39 36 44 35 34 53 63 22 14 39 53 39 44 65 22 65 18 18 4 44 65 50 59 53 34 39 35 35 39 1 22 34 39 36 4 65 34 53 1 59 35 34 20 34 65 50 
Custo Total: 50181
Solução após busca local:
Instalacoes:
39 14 44 1 22 4 34 59 50 53 63 18 35 20 36 65 
Atribuicoes:
44 20 4 53 53 63 44 35 50 36 35 14 1 50 1 36 35 36 22 36 35 53 1 34 36 34 18 39 59 1 22 53 63 20 18 65 14 63 65 1 35 63 63 34 20 39 36 44 35 34 53 63 22 14 39 53 39 44 65 22 65 18 18 4 44 65 50 59 53 34 39 35 35 39 1 22 34 39 36 4 65 34 53 1 59 35 34 20 34 65 50 
Custo Total: 50118
Total de iterações: 83466
Melhorias: 0
Tempo até a melhor solução: 0 segundos
Melhor solução encontrada:
Instalacoes:
39 14 44 1 22 4 34 59 50 53 63 18 35 20 36 65 
Atribuicoes:
44 20 4 53 53 63 44 35 50 36 35 14 1 50 1 36 35 36 22 36 35 53 1 34 36 34 18 39 59 1 22 53 63 20 18 65 14 63 65 1 35 63 63 34 20 39 36 44 35 34 53 63 22 14 39 53 39 44 65 22 65 18 18 4 44 65 50 59 53 34 39 35 35 39 1 22 34 39 36 4 65 34 53 1 59 35 34 20 34 65 50 
Custo Total: 50118
Instalacoes:
39 14 44 1 22 4 34 59 50 53 63 18 35 20 36 65 
Atribuicoes:
44 20 4 53 53 63 44 35 50 36 35 14 1 50 1 36 35 36 22 36 35 53 1 34 36 34 18 39 59 1 22 53 63 20 18 65 14 63 65 1 35 63 63 34 20 39 36 44 35 34 53 63 22 14 39 53 39 44 65 22 65 18 18 4 44 65 50 59 53 34 39 35 35 39 1 22 34 39 36 4 65 34 53 1 59 35 34 20 34 65 50 
Custo Total: 50118
-------------------------------
-------------------------------
Execução 4
Instância: Data/raw//in4 - large.txt
Tempo limite: 120 segundos
Seed: 10
Solução inicial:
Instalacoes:
39 14 44 1 22 4 34 59 50 53 63 18 35 20 36 65 
Atribuicoes:
44 20 4 53 53 63 44 35 50 36 35 14 1 50 1 36 35 36 22 36 35 53 1 34 36 34 18 39 59 1 22 53 63 39 18 65 14 63 65 1 35 63 63 34 20 39 36 44 35 34 53 63 22 14 39 53 39 44 65 22 65 18 18 4 44 65 50 59 53 34 39 35 35 39 1 22 34 39 36 4 65 34 53 1 59 35 34 20 34 65 50 
Custo Total: 50181
Solução após busca local:
Instalacoes:
39 14 44 1 22 4 34 59 50 53 63 18 35 20 36 65 
Atribuicoes:
44 20 4 53 53 63 44 35 50 36 35 14 1 50 1 36 35 36 22 36 35 53 1 34 36 34 18 39 59 1 22 53 63 20 18 65 14 63 65 1 35 63 63 34 20 39 36 44 35 34 53 63 22 14 39 53 39 44 65 22 65 18 18 4 44 65 50 59 53 34 39 35 35 39 1 22 34 39 36 4 65 34 53 1 59 35 34 20 34 65 50 
Custo Total: 50118
Total de iterações: 80734
Melhorias: 0
Tempo até a melhor solução: 0 segundos
Melhor solução encontrada:
Instalacoes:
39 14 44 1 22 4 34 59 50 53 63 18 35 20 36 65 
Atribuicoes:
44 20 4 53 53 63 44 35 50 36 35 14 1 50 1 36 35 36 22 36 35 53 1 34 36 34 18 39 59 1 22 53 63 20 18 65 14 63 65 1 35 63 63 34 20 39 36 44 35 34 53 63 22 14 39 53 39 44 65 22 65 18 18 4 44 65 50 59 53 34 39 35 35 39 1 22 34 39 36 4 65 34 53 1 59 35 34 20 34 65 50 
Custo Total: 50118
Instalacoes:
39 14 44 1 22 4 34 59 50 53 63 18 35 20 36 65 
Atribuicoes:
44 20 4 53 53 63 44 35 50 36 35 14 1 50 1 36 35 36 22 36 35 53 1 34 36 34 18 39 59 1 22 53 63 20 18 65 14 63 65 1 35 63 63 34 20 39 36 44 35 34 53 63 22 14 39 53 39 44 65 22 65 18 18 4 44 65 50 59 53 34 39 35 35 39 1 22 34 39 36 4 65 34 53 1 59 35 34 20 34 65 50 
Custo Total: 50118
-------------------------------
-------------------------------
Execução 5
Instância: Data/raw//in4 - large.txt
Tempo limite: 120 segundos
Seed: 18
Solução inicial:
Instalacoes:
39 14 44 1 22 4 34 59 50 53 63 18 35 20 36 65 
Atribuicoes:
44 20 4 53 53 63 44 35 50 36 35 14 1 50 1 36 35 36 22 36 35 53 1 34 36 34 18 39 59 1 22 53 63 39 18 65 14 63 65 1 35 63 63 34 20 39 36 44 35 34 53 63 22 14 39 53 39 44 65 22 65 18 18 4 44 65 50 59 53 34 39 35 35 39 1 22 34 39 36 4 65 34 53 1 59 35 34 20 34 65 50 
Custo Total: 50181
Solução após busca local:
Instalacoes:
39 14 44 1 22 4 34 59 50 53 63 18 35 20 36 65 
Atribuicoes:
44 20 4 53 53 63 44 35 50 36 35 14 1 50 1 36 35 36 22 36 35 53 1 34 36 34 18 39 59 1 22 53 63 20 18 65 14 63 65 1 35 63 63 34 20 39 36 44 35 34 53 63 22 14 39 53 39 44 65 22 65 18 18 4 44 65 50 59 53 34 39 35 35 39 1 22 34 39 36 4 65 34 53 1 59 35 34 20 34 65 50 
Custo Total: 50118
Total de iterações: 78080
Melhorias: 0
Tempo até a melhor solução: 0 segundos
Melhor solução encontrada:
Instalacoes:
39 14 44 1 22 4 34 59 50 53 63 18 35 20 36 65 
Atribuicoes:
44 20 4 53 53 63 44 35 50 36 35 14 1 50 1 36 35 36 22 36 35 53 1 34 36 34 18 39 59 1 22 53 63 20 18 65 14 63 65 1 35 63 63 34 20 39 36 44 35 34 53 63 22 14 39 53 39 44 65 22 65 18 18 4 44 65 50 59 53 34 39 35 35 39 1 22 34 39 36 4 65 34 53 1 59 35 34 20 34 65 50 
Custo Total: 50118
Instalacoes:
39 14 44 1 22 4 34 59 50 53 63 18 35 20 36 65 
Atribuicoes:
44 20 4 53 53 63 44 35 50 36 35 14 1 50 1 36 35 36 22 36 35 53 1 34 36 34 18 39 59 1 22 53 63 20 18 65 14 63 65 1 35 63 63 34 20 39 36 44 35 34 53 63 22 14 39 53 39 44 65 22 65 18 18 4 44 65 50 59 53 34 39 35 35 39 1 22 34 39 36 4 65 34 53 1 59 35 34 20 34 65 50 
Custo Total: 50118
-------------------------------
-------------------------------
Execução 6
Instância: Data/raw//in4 - large.txt
Tempo limite: 120 segundos
Seed: 49
Solução inicial:
Instalacoes:
39 14 44 1 22 4 34 59 50 53 63 18 35 20 36 65 
Atribuicoes:
44 20 4 53 53 63 44 35 50 36 35 14 1 50 1 36 35 36 22 36 35 53 1 34 36 34 18 39 59 1 22 53 63 39 18 65 14 63 65 1 35 63 63 34 20 39 36 44 35 34 53 63 22 14 39 53 39 44 65 22 65 18 18 4 44 65 50 59 53 34 39 35 35 39 1 22 34 39 36 4 65 34 53 1 59 35 34 20 34 65 50 
Custo Total: 50181
Solução após busca local:
Instalacoes:
39 14 44 1 22 4 34 59 50 53 63 18 35 20 36 65 
Atribuicoes:
44 20 4 53 53 63 44 35 50 36 35 14 1 50 1 36 35 36 22 36 35 53 1 34 36 34 18 39 59 1 22 53 63 20 18 65 14 63 65 1 35 63 63 34 20 39 36 44 35 34 53 63 22 14 39 53 39 44 65 22 65 18 18 4 44 65 50 59 53 34 39 35 35 39 1 22 34 39 36 4 65 34 53 1 59 35 34 20 34 65 50 
Custo Total: 50118
Total de iterações: 82177
Melhorias: 0
Tempo até a melhor solução: 0 segundos
Melhor solução encontrada:
Instalacoes:
39 14 44 1 22 4 34 59 50 53 63 18 35 20 36 65 
Atribuicoes:
44 20 4 53 53 63 44 35 50 36 35 14 1 50 1 36 35 36 22 36 35 53 1 34 36 34 18 39 59 1 22 53 63 20 18 65 14 63 65 1 35 63 63 34 20 39 36 44 35 34 53 63 22 14 39 53 39 44 65 22 65 18 18 4 44 65 50 59 53 34 39 35 35 39 1 22 34 39 36 4 65 34 53 1 59 35 34 20 34 65 50 
Custo Total: 50118
Instalacoes:
39 14 44 1 22 4 34 59 50 53 63 18 35 20 36 65 
Atribuicoes:
44 20 4 53 53 63 44 35 50 36 35 14 1 50 1 36 35 36 22 36 35 53 1 34 36 34 18 39 59 1 22 53 63 20 18 65 14 63 65 1 35 63 63 34 20 39 36 44 35 34 53 63 22 14 39 53 39 44 65 22 65 18 18 4 44 65 50 59 53 34 39 35 35 39 1 22 34 39 36 4 65 34 53 1 59 35 34 20 34 65 50 
Custo Total: 50118
-------------------------------
-------------------------------
Execução 7
Instância: Data/raw//in4 - large.txt
Tempo limite: 120 segundos
Seed: 66
Solução inicial:
Instalacoes:
39 14 44 1 22 4 34 59 50 53 63 18 35 20 36 65 
Atribuicoes:
44 20 4 53 53 63 44 35 50 36 35 14 1 50 1 36 35 36 22 36 35 53 1 34 36 34 18 39 59 1 22 53 63 39 18 65 14 63 65 1 35 63 63 34 20 39 36 44 35 34 53 63 22 14 39 53 39 44 65 22 65 18 18 4 44 65 50 59 53 34 39 35 35 39 1 22 34 39 36 4 65 34 53 1 59 35 34 20 34 65 50 
Custo Total: 50181
Solução após busca local:
Instalacoes:
39 14 44 1 22 4 34 59 50 53 63 18 35 20 36 65 
Atribuicoes:
44 20 4 53 53 63 44 35 50 36 35 14 1 50 1 36 35 36 22 36 35 53 1 34 36 34 18 39 59 1 22 53 63 20 18 65 14 63 65 1 35 63 63 34 20 39 36 44 35 34 53 63 22 14 39 53 39 44 65 22 65 18 18 4 44 65 50 59 53 34 39 35 35 39 1 22 34 39 36 4 65 34 53 1 59 35 34 20 34 65 50 
Custo Total: 50118
Total de iterações: 82201
Melhorias: 0
Tempo até a melhor solução: 0 segundos
Melhor solução encontrada:
Instalacoes:
39 14 44 1 22 4 34 59 50 53 63 18 35 20 36 65 
Atribuicoes:
44 20 4 53 53 63 44 35 50 36 35 14 1 50 1 36 35 36 22 36 35 53 1 34 36 34 18 39 59 1 22 53 63 20 18 65 14 63 65 1 35 63 63 34 20 39 36 44 35 34 53 63 22 14 39 53 39 44 65 22 65 18 18 4 44 65 50 59 53 34 39 35 35 39 1 22 34 39 36 4 65 34 53 1 59 35 34 20 34 65 50 
Custo Total: 50118
Instalacoes:
39 14 44 1 22 4 34 59 50 53 63 18 35 20 36 65 
Atribuicoes:
44 20 4 53 53 63 44 35 50 36 35 14 1 50 1 36 35 36 22 36 35 53 1 34 36 34 18 39 59 1 22 53 63 20 18 65 14 63 65 1 35 63 63 34 20 39 36 44 35 34 53 63 22 14 39 53 39 44 65 22 65 18 18 4 44 65 50 59 53 34 39 35 35 39 1 22 34 39 36 4 65 34 53 1 59 35 34 20 34 65 50 
Custo Total: 50118
-------------------------------
-------------------------------
Execução 8
Instância: Data/raw//in4 - large.txt
Tempo limite: 120 segundos
Seed: 34
Solução inicial:
Instalacoes:
39 14 44 1 22 4 34 59 50 53 63 18 35 20 36 65 
Atribuicoes:
44 20 4 53 53 63 44 35 50 36 35 14 1 50 1 36 35 36 22 36 35 53 1 34 36 34 18 39 59 1 22 53 63 39 18 65 14 63 65 1 35 63 63 34 20 39 36 44 35 34 53 63 22 14 39 53 39 44 65 22 65 18 18 4 44 65 50 59 53 34 39 35 35 39 1 22 34 39 36 4 65 34 53 1 59 35 34 20 34 65 50 
Custo Total: 50181
Solução após busca local:
Instalacoes:
39 14 44 1 22 4 34 59 50 53 63 18 35 20 36 65 
Atribuicoes:
44 20 4 53 53 63 44 35 50 36 35 14 1 50 1 36 35 36 22 36 35 53 1 34 36 34 18 39 59 1 22 53 63 20 18 65 14 63 65 1 35 63 63 34 20 39 36 44 35 34 53 63 22 14 39 53 39 44 65 22 65 18 18 4 44 65 50 59 53 34 39 35 35 39 1 22 34 39 36 4 65 34 53 1 59 35 34 20 34 65 50 
Custo Total: 50118
Total de iterações: 81643
Melhorias: 0
Tempo até a melhor solução: 0 segundos
Melhor solução encontrada:
Instalacoes:
39 14 44 1 22 4 34 59 50 53 63 18 35 20 36 65 
Atribuicoes:
44 20 4 53 53 63 44 35 50 36 35 14 1 50 1 36 35 36 22 36 35 53 1 34 36 34 18 39 59 1 22 53 63 20 18 65 14 63 65 1 35 63 63 34 20 39 36 44 35 34 53 63 22 14 39 53 39 44 65 22 65 18 18 4 44 65 50 59 53 34 39 35 35 39 1 22 34 39 36 4 65 34 53 1 59 35 34 20 34 65 50 
Custo Total: 50118
Instalacoes:
39 14 44 1 22 4 34 59 50 53 63 18 35 20 36 65 
Atribuicoes:
44 20 4 53 53 63 44 35 50 36 35 14 1 50 1 36 35 36 22 36 35 53 1 34 36 34 18 39 59 1 22 53 63 20 18 65 14 63 65 1 35 63 63 34 20 39 36 44 35 34 53 63 22 14 39 53 39 44 65 22 65 18 18 4 44 65 50 59 53 34 39 35 35 39 1 22 34 39 36 4 65 34 53 1 59 35 34 20 34 65 50 
Custo Total: 50118
-------------------------------
-------------------------------
Execução 9
Instância: Data/raw//in4 - large.txt
Tempo limite: 120 segundos
Seed: 95
Solução inicial:
Instalacoes:
39 14 44 1 22 4 34 59 50 53 63 18 35 20 36 65 
Atribuicoes:
44 20 4 53 53 63 44 35 50 36 35 14 1 50 1 36 35 36 22 36 35 53 1 34 36 34 18 39 59 1 22 53 63 39 18 65 14 63 65 1 35 63 63 34 20 39 36 44 35 34 53 63 22 14 39 53 39 44 65 22 65 18 18 4 44 65 50 59 53 34 39 35 35 39 1 22 34 39 36 4 65 34 53 1 59 35 34 20 34 65 50 
Custo Total: 50181
Solução após busca local:
Instalacoes:
39 14 44 1 22 4 34 59 50 53 63 18 35 20 36 65 
Atribuicoes:
44 20 4 53 53 63 44 35 50 36 35 14 1 50 1 36 35 36 22 36 35 53 1 34 36 34 18 39 59 1 22 53 63 20 18 65 14 63 65 1 35 63 63 34 20 39 36 44 35 34 53 63 22 14 39 53 39 44 65 22 65 18 18 4 44 65 50 59 53 34 39 35 35 39 1 22 34 39 36 4 65 34 53 1 59 35 34 20 34 65 50 
Custo Total: 50118
Total de iterações: 79760
Melhorias: 0
Tempo até a melhor solução: 0 segundos
Melhor solução encontrada:
Instalacoes:
39 14 44 1 22 4 34 59 50 53 63 18 35 20 36 65 
Atribuicoes:
44 20 4 53 53 63 44 35 50 36 35 14 1 50 1 36 35 36 22 36 35 53 1 34 36 34 18 39 59 1 22 53 63 20 18 65 14 63 65 1 35 63 63 34 20 39 36 44 35 34 53 63 22 14 39 53 39 44 65 22 65 18 18 4 44 65 50 59 53 34 39 35 35 39 1 22 34 39 36 4 65 34 53 1 59 35 34 20 34 65 50 
Custo Total: 50118
Instalacoes:
39 14 44 1 22 4 34 59 50 53 63 18 35 20 36 65 
Atribuicoes:
44 20 4 53 53 63 44 35 50 36 35 14 1 50 1 36 35 36 22 36 35 53 1 34 36 34 18 39 59 1 22 53 63 20 18 65 14 63 65 1 35 63 63 34 20 39 36 44 35 34 53 63 22 14 39 53 39 44 65 22 65 18 18 4 44 65 50 59 53 34 39 35 35 39 1 22 34 39 36 4 65 34 53 1 59 35 34 20 34 65 50 
Custo Total: 50118
-------------------------------
-------------------------------
Execução 10
Instância: Data/raw//in4 - large.txt
Tempo limite: 120 segundos
Seed: 10
Solução inicial:
Instalacoes:
39 14 44 1 22 4 34 59 50 53 63 18 35 20 36 65 
Atribuicoes:
44 20 4 53 53 63 44 35 50 36 35 14 1 50 1 36 35 36 22 36 35 53 1 34 36 34 18 39 59 1 22 53 63 39 18 65 14 63 65 1 35 63 63 34 20 39 36 44 35 34 53 63 22 14 39 53 39 44 65 22 65 18 18 4 44 65 50 59 53 34 39 35 35 39 1 22 34 39 36 4 65 34 53 1 59 35 34 20 34 65 50 
Custo Total: 50181
Solução após busca local:
Instalacoes:
39 14 44 1 22 4 34 59 50 53 63 18 35 20 36 65 
Atribuicoes:
44 20 4 53 53 63 44 35 50 36 35 14 1 50 1 36 35 36 22 36 35 53 1 34 36 34 18 39 59 1 22 53 63 20 18 65 14 63 65 1 35 63 63 34 20 39 36 44 35 34 53 63 22 14 39 53 39 44 65 22 65 18 18 4 44 65 50 59 53 34 39 35 35 39 1 22 34 39 36 4 65 34 53 1 59 35 34 20 34 65 50 
Custo Total: 50118
Total de iterações: 82550
Melhorias: 0
Tempo até a melhor solução: 0 segundos
Melhor solução encontrada:
Instalacoes:
39 14 44 1 22 4 34 59 50 53 63 18 35 20 36 65 
Atribuicoes:
44 20 4 53 53 63 44 35 50 36 35 14 1 50 1 36 35 36 22 36 35 53 1 34 36 34 18 39 59 1 22 53 63 20 18 65 14 63 65 1 35 63 63 34 20 39 36 44 35 34 53 63 22 14 39 53 39 44 65 22 65 18 18 4 44 65 50 59 53 34 39 35 35 39 1 22 34 39 36 4 65 34 53 1 59 35 34 20 34 65 50 
Custo Total: 50118
Instalacoes:
39 14 44 1 22 4 34 59 50 53 63 18 35 20 36 65 
Atribuicoes:
44 20 4 53 53 63 44 35 50 36 35 14 1 50 1 36 35 36 22 36 35 53 1 34 36 34 18 39 59 1 22 53 63 20 18 65 14 63 65 1 35 63 63 34 20 39 36 44 35 34 53 63 22 14 39 53 39 44 65 22 65 18 18 4 44 65 50 59 53 34 39 35 35 39 1 22 34 39 36 4 65 34 53 1 59 35 34 20 34 65 50 
Custo Total: 50118
-------------------------------
-------------------------------
Execução 11
Instância: Data/raw//in4 - large.txt
Tempo limite: 120 segundos
Seed: 3
Solução inicial:
Instalacoes:
39 14 44 1 22 4 34 59 50 53 63 18 35 20 36 65 
Atribuicoes:
44 20 4 53 53 63 44 35 50 36 35 14 1 50 1 36 35 36 22 36 35 53 1 34 36 34 18 39 59 1 22 53 63 39 18 65 14 63 65 1 35 63 63 34 20 39 36 44 35 34 53 63 22 14 39 53 39 44 65 22 65 18 18 4 44 65 50 59 53 34 39 35 35 39 1 22 34 39 36 4 65 34 53 1 59 35 34 20 34 65 50 
Custo Total: 50181
Solução após busca local:
Instalacoes:
39 14 44 1 22 4 34 59 50 53 63 18 35 20 36 65 
Atribuicoes:
44 20 4 53 53 63 44 35 50 36 35 14 1 50 1 36 35 36 22 36 35 53 1 34 36 34 18 39 59 1 22 53 63 20 18 65 14 63 65 1 35 63 63 34 20 39 36 44 35 34 53 63 22 14 39 53 39 44 65 22 65 18 18 4 44 65 50 59 53 34 39 35 35 39 1 22 34 39 36 4 65 34 53 1 59 35 34 20 34 65 50 
Custo Total: 50118
Total de iterações: 82475
Melhorias: 0
Tempo até a melhor solução: 0 segundos
Melhor solução encontrada:
Instalacoes:
39 14 44 1 22 4 34 59 50 53 63 18 35 20 36 65 
Atribuicoes:
44 20 4 53 53 63 44 35 50 36 35 14 1 50 1 36 35 36 22 36 35 53 1 34 36 34 18 39 59 1 22 53 63 20 18 65 14 63 65 1 35 63 63 34 20 39 36 44 35 34 53 63 22 14 39 53 39 44 65 22 65 18 18 4 44 65 50 59 53 34 39 35 35 39 1 22 34 39 36 4 65 34 53 1 59 35 34 20 34 65 50 
Custo Total: 50118
Instalacoes:
39 14 44 1 22 4 34 59 50 53 63 18 35 20 36 65 
Atribuicoes:
44 20 4 53 53 63 44 35 50 36 35 14 1 50 1 36 35 36 22 36 35 53 1 34 36 34 18 39 59 1 22 53 63 20 18 65 14 63 65 1 35 63 63 34 20 39 36 44 35 34 53 63 22 14 39 53 39 44 65 22 65 18 18 4 44 65 50 59 53 34 39 35 35 39 1 22 34 39 36 4 65 34 53 1 59 35 34 20 34 65 50 
Custo Total: 50118
-------------------------------
-------------------------------
Execução 12
Instância: Data/raw//in4 - large.txt
Tempo limite: 120 segundos
Seed: 25
Solução inicial:
Instalacoes:
39 14 44 1 22 4 34 59 50 53 63 18 35 20 36 65 
Atribuicoes:
44 20 4 53 53 63 44 35 50 36 35 14 1 50 1 36 35 36 22 36 35 53 1 34 36 34 18 39 59 1 22 53 63 39 18 65 14 63 65 1 35 63 63 34 20 39 36 44 35 34 53 63 22 14 39 53 39 44 65 22 65 18 18 4 44 65 50 59 53 34 39 35 35 39 1 22 34 39 36 4 65 34 53 1 59 35 34 20 34 65 50 
Custo Total: 50181
Solução após busca local:
Instalacoes:
39 14 44 1 22 4 34 59 50 53 63 18 35 20 36 65 
Atribuicoes:
44 20 4 53 53 63 44 35 50 36 35 14 1 50 1 36 35 36 22 36 35 53 1 34 36 34 18 39 59 1 22 53 63 20 18 65 14 63 65 1 35 63 63 34 20 39 36 44 35 34 53 63 22 14 39 53 39 44 65 22 65 18 18 4 44 65 50 59 53 34 39 35 35 39 1 22 34 39 36 4 65 34 53 1 59 35 34 20 34 65 50 
Custo Total: 50118
Total de iterações: 81279
Melhorias: 0
Tempo até a melhor solução: 0 segundos
Melhor solução encontrada:
Instalacoes:
39 14 44 1 22 4 34 59 50 53 63 18 35 20 36 65 
Atribuicoes:
44 20 4 53 53 63 44 35 50 36 35 14 1 50 1 36 35 36 22 36 35 53 1 34 36 34 18 39 59 1 22 53 63 20 18 65 14 63 65 1 35 63 63 34 20 39 36 44 35 34 53 63 22 14 39 53 39 44 65 22 65 18 18 4 44 65 50 59 53 34 39 35 35 39 1 22 34 39 36 4 65 34 53 1 59 35 34 20 34 65 50 
Custo Total: 50118
Instalacoes:
39 14 44 1 22 4 34 59 50 53 63 18 35 20 36 65 
Atribuicoes:
44 20 4 53 53 63 44 35 50 36 35 14 1 50 1 36 35 36 22 36 35 53 1 34 36 34 18 39 59 1 22 53 63 20 18 65 14 63 65 1 35 63 63 34 20 39 36 44 35 34 53 63 22 14 39 53 39 44 65 22 65 18 18 4 44 65 50 59 53 34 39 35 35 39 1 22 34 39 36 4 65 34 53 1 59 35 34 20 34 65 50 
Custo Total: 50118
-------------------------------
-------------------------------
Execução 13
Instância: Data/raw//in4 - large.txt
Tempo limite: 120 segundos
Seed: 15
Solução inicial:
Instalacoes:
39 14 44 1 22 4 34 59 50 53 63 18 35 20 36 65 
Atribuicoes:
44 20 4 53 53 63 44 35 50 36 35 14 1 50 1 36 35 36 22 36 35 53 1 34 36 34 18 39 59 1 22 53 63 39 18 65 14 63 65 1 35 63 63 34 20 39 36 44 35 34 53 63 22 14 39 53 39 44 65 22 65 18 18 4 44 65 50 59 53 34 39 35 35 39 1 22 34 39 36 4 65 34 53 1 59 35 34 20 34 65 50 
Custo Total: 50181
Solução após busca local:
Instalacoes:
39 14 44 1 22 4 34 59 50 53 63 18 35 20 36 65 
Atribuicoes:
44 20 4 53 53 63 44 35 50 36 35 14 1 50 1 36 35 36 22 36 35 53 1 34 36 34 18 39 59 1 22 53 63 20 18 65 14 63 65 1 35 63 63 34 20 39 36 44 35 34 53 63 22 14 39 53 39 44 65 22 65 18 18 4 44 65 50 59 53 34 39 35 35 39 1 22 34 39 36 4 65 34 53 1 59 35 34 20 34 65 50 
Custo Total: 50118
Total de iterações: 83881
Melhorias: 0
Tempo até a melhor solução: 0 segundos
Melhor solução encontrada:
Instalacoes:
39 14 44 1 22 4 34 59 50 53 63 18 35 20 36 65 
Atribuicoes:
44 20 4 53 53 63 44 35 50 36 35 14 1 50 1 36 35 36 22 36 35 53 1 34 36 34 18 39 59 1 22 53 63 20 18 65 14 63 65 1 35 63 63 34 20 39 36 44 35 34 53 63 22 14 39 53 39 44 65 22 65 18 18 4 44 65 50 59 53 34 39 35 35 39 1 22 34 39 36 4 65 34 53 1 59 35 34 20 34 65 50 
Custo Total: 50118
Instalacoes:
39 14 44 1 22 4 34 59 50 53 63 18 35 20 36 65 
Atribuicoes:
44 20 4 53 53 63 44 35 50 36 35 14 1 50 1 36 35 36 22 36 35 53 1 34 36 34 18 39 59 1 22 53 63 20 18 65 14 63 65 1 35 63 63 34 20 39 36 44 35 34 53 63 22 14 39 53 39 44 65 22 65 18 18 4 44 65 50 59 53 34 39 35 35 39 1 22 34 39 36 4 65 34 53 1 59 35 34 20 34 65 50 
Custo Total: 50118
-------------------------------
-------------------------------
Execução 14
Instância: Data/raw//in4 - large.txt
Tempo limite: 120 segundos
Seed: 85
Solução inicial:
Instalacoes:
39 14 44 1 22 4 34 59 50 53 63 18 35 20 36 65 
Atribuicoes:
44 20 4 53 53 63 44 35 50 36 35 14 1 50 1 36 35 36 22 36 35 53 1 34 36 34 18 39 59 1 22 53 63 39 18 65 14 63 65 1 35 63 63 34 20 39 36 44 35 34 53 63 22 14 39 53 39 44 65 22 65 18 18 4 44 65 50 59 53 34 39 35 35 39 1 22 34 39 36 4 65 34 53 1 59 35 34 20 34 65 50 
Custo Total: 50181
Solução após busca local:
Instalacoes:
39 14 44 1 22 4 34 59 50 53 63 18 35 20 36 65 
Atribuicoes:
44 20 4 53 53 63 44 35 50 36 35 14 1 50 1 36 35 36 22 36 35 53 1 34 36 34 18 39 59 1 22 53 63 20 18 65 14 63 65 1 35 63 63 34 20 39 36 44 35 34 53 63 22 14 39 53 39 44 65 22 65 18 18 4 44 65 50 59 53 34 39 35 35 39 1 22 34 39 36 4 65 34 53 1 59 35 34 20 34 65 50 
Custo Total: 50118
Total de iterações: 83737
Melhorias: 0
Tempo até a melhor solução: 0 segundos
Melhor solução encontrada:
Instalacoes:
39 14 44 1 22 4 34 59 50 53 63 18 35 20 36 65 
Atribuicoes:
44 20 4 53 53 63 44 35 50 36 35 14 1 50 1 36 35 36 22 36 35 53 1 34 36 34 18 39 59 1 22 53 63 20 18 65 14 63 65 1 35 63 63 34 20 39 36 44 35 34 53 63 22 14 39 53 39 44 65 22 65 18 18 4 44 65 50 59 53 34 39 35 35 39 1 22 34 39 36 4 65 34 53 1 59 35 34 20 34 65 50 
Custo Total: 50118
Instalacoes:
39 14 44 1 22 4 34 59 50 53 63 18 35 20 36 65 
Atribuicoes:
44 20 4 53 53 63 44 35 50 36 35 14 1 50 1 36 35 36 22 36 35 53 1 34 36 34 18 39 59 1 22 53 63 20 18 65 14 63 65 1 35 63 63 34 20 39 36 44 35 34 53 63 22 14 39 53 39 44 65 22 65 18 18 4 44 65 50 59 53 34 39 35 35 39 1 22 34 39 36 4 65 34 53 1 59 35 34 20 34 65 50 
Custo Total: 50118
-------------------------------
-------------------------------
Execução 15
Instância: Data/raw//in4 - large.txt
Tempo limite: 120 segundos
Seed: 70
Solução inicial:
Instalacoes:
39 14 44 1 22 4 34 59 50 53 63 18 35 20 36 65 
Atribuicoes:
44 20 4 53 53 63 44 35 50 36 35 14 1 50 1 36 35 36 22 36 35 53 1 34 36 34 18 39 59 1 22 53 63 39 18 65 14 63 65 1 35 63 63 34 20 39 36 44 35 34 53 63 22 14 39 53 39 44 65 22 65 18 18 4 44 65 50 59 53 34 39 35 35 39 1 22 34 39 36 4 65 34 53 1 59 35 34 20 34 65 50 
Custo Total: 50181
Solução após busca local:
Instalacoes:
39 14 44 1 22 4 34 59 50 53 63 18 35 20 36 65 
Atribuicoes:
44 20 4 53 53 63 44 35 50 36 35 14 1 50 1 36 35 36 22 36 35 53 1 34 36 34 18 39 59 1 22 53 63 20 18 65 14 63 65 1 35 63 63 34 20 39 36 44 35 34 53 63 22 14 39 53 39 44 65 22 65 18 18 4 44 65 50 59 53 34 39 35 35 39 1 22 34 39 36 4 65 34 53 1 59 35 34 20 34 65 50 
Custo Total: 50118
Total de iterações: 83712
Melhorias: 0
Tempo até a melhor solução: 0 segundos
Melhor solução encontrada:
Instalacoes:
39 14 44 1 22 4 34 59 50 53 63 18 35 20 36 65 
Atribuicoes:
44 20 4 53 53 63 44 35 50 36 35 14 1 50 1 36 35 36 22 36 35 53 1 34 36 34 18 39 59 1 22 53 63 20 18 65 14 63 65 1 35 63 63 34 20 39 36 44 35 34 53 63 22 14 39 53 39 44 65 22 65 18 18 4 44 65 50 59 53 34 39 35 35 39 1 22 34 39 36 4 65 34 53 1 59 35 34 20 34 65 50 
Custo Total: 50118
Instalacoes:
39 14 44 1 22 4 34 59 50 53 63 18 35 20 36 65 
Atribuicoes:
44 20 4 53 53 63 44 35 50 36 35 14 1 50 1 36 35 36 22 36 35 53 1 34 36 34 18 39 59 1 22 53 63 20 18 65 14 63 65 1 35 63 63 34 20 39 36 44 35 34 53 63 22 14 39 53 39 44 65 22 65 18 18 4 44 65 50 59 53 34 39 35 35 39 1 22 34 39 36 4 65 34 53 1 59 35 34 20 34 65 50 
Custo Total: 50118
-------------------------------
-------------------------------
Execução 16
Instância: Data/raw//in4 - large.txt
Tempo limite: 120 segundos
Seed: 3
Solução inicial:
Instalacoes:
39 14 44 1 22 4 34 59 50 53 63 18 35 20 36 65 
Atribuicoes:
44 20 4 53 53 63 44 35 50 36 35 14 1 50 1 36 35 36 22 36 35 53 1 34 36 34 18 39 59 1 22 53 63 39 18 65 14 63 65 1 35 63 63 34 20 39 36 44 35 34 53 63 22 14 39 53 39 44 65 22 65 18 18 4 44 65 50 59 53 34 39 35 35 39 1 22 34 39 36 4 65 34 53 1 59 35 34 20 34 65 50 
Custo Total: 50181
Solução após busca local:
Instalacoes:
39 14 44 1 22 4 34 59 50 53 63 18 35 20 36 65 
Atribuicoes:
44 20 4 53 53 63 44 35 50 36 35 14 1 50 1 36 35 36 22 36 35 53 1 34 36 34 18 39 59 1 22 53 63 20 18 65 14 63 65 1 35 63 63 34 20 39 36 44 35 34 53 63 22 14 39 53 39 44 65 22 65 18 18 4 44 65 50 59 53 34 39 35 35 39 1 22 34 39 36 4 65 34 53 1 59 35 34 20 34 65 50 
Custo Total: 50118
Total de iterações: 83935
Melhorias: 0
Tempo até a melhor solução: 0 segundos
Melhor solução encontrada:
Instalacoes:
39 14 44 1 22 4 34 59 50 53 63 18 35 20 36 65 
Atribuicoes:
44 20 4 53 53 63 44 35 50 36 35 14 1 50 1 36 35 36 22 36 35 53 1 34 36 34 18 39 59 1 22 53 63 20 18 65 14 63 65 1 35 63 63 34 20 39 36 44 35 34 53 63 22 14 39 53 39 44 65 22 65 18 18 4 44 65 50 59 53 34 39 35 35 39 1 22 34 39 36 4 65 34 53 1 59 35 34 20 34 65 50 
Custo Total: 50118
Instalacoes:
39 14 44 1 22 4 34 59 50 53 63 18 35 20 36 65 
Atribuicoes:
44 20 4 53 53 63 44 35 50 36 35 14 1 50 1 36 35 36 22 36 35 53 1 34 36 34 18 39 59 1 22 53 63 20 18 65 14 63 65 1 35 63 63 34 20 39 36 44 35 34 53 63 22 14 39 53 39 44 65 22 65 18 18 4 44 65 50 59 53 34 39 35 35 39 1 22 34 39 36 4 65 34 53 1 59 35 34 20 34 65 50 
Custo Total: 50118
-------------------------------
-------------------------------
Execução 17
Instância: Data/raw//in4 - large.txt
Tempo limite: 120 segundos
Seed: 90
Solução inicial:
Instalacoes:
39 14 44 1 22 4 34 59 50 53 63 18 35 20 36 65 
Atribuicoes:
44 20 4 53 53 63 44 35 50 36 35 14 1 50 1 36 35 36 22 36 35 53 1 34 36 34 18 39 59 1 22 53 63 39 18 65 14 63 65 1 35 63 63 34 20 39 36 44 35 34 53 63 22 14 39 53 39 44 65 22 65 18 18 4 44 65 50 59 53 34 39 35 35 39 1 22 34 39 36 4 65 34 53 1 59 35 34 20 34 65 50 
Custo Total: 50181
Solução após busca local:
Instalacoes:
39 14 44 1 22 4 34 59 50 53 63 18 35 20 36 65 
Atribuicoes:
44 20 4 53 53 63 44 35 50 36 35 14 1 50 1 36 35 36 22 36 35 53 1 34 36 34 18 39 59 1 22 53 63 20 18 65 14 63 65 1 35 63 63 34 20 39 36 44 35 34 53 63 22 14 39 53 39 44 65 22 65 18 18 4 44 65 50 59 53 34 39 35 35 39 1 22 34 39 36 4 65 34 53 1 59 35 34 20 34 65 50 
Custo Total: 50118
Total de iterações: 83945
Melhorias: 0
Tempo até a melhor solução: 0 segundos
Melhor solução encontrada:
Instalacoes:
39 14 44 1 22 4 34 59 50 53 63 18 35 20 36 65 
Atribuicoes:
44 20 4 53 53 63 44 35 50 36 35 14 1 50 1 36 35 36 22 36 35 53 1 34 36 34 18 39 59 1 22 53 63 20 18 65 14 63 65 1 35 63 63 34 20 39 36 44 35 34 53 63 22 14 39 53 39 44 65 22 65 18 18 4 44 65 50 59 53 34 39 35 35 39 1 22 34 39 36 4 65 34 53 1 59 35 34 20 34 65 50 
Custo Total: 50118
Instalacoes:
39 14 44 1 22 4 34 59 50 53 63 18 35 20 36 65 
Atribuicoes:
44 20 4 53 53 63 44 35 50 36 35 14 1 50 1 36 35 36 22 36 35 53 1 34 36 34 18 39 59 1 22 53 63 20 18 65 14 63 65 1 35 63 63 34 20 39 36 44 35 34 53 63 22 14 39 53 39 44 65 22 65 18 18 4 44 65 50 59 53 34 39 35 35 39 1 22 34 39 36 4 65 34 53 1 59 35 34 20 34 65 50 
Custo Total: 50118
-------------------------------
-------------------------------
Execução 18
Instância: Data/raw//in4 - large.txt
Tempo limite: 120 segundos
Seed: 30
Solução inicial:
Instalacoes:
39 14 44 1 22 4 34 59 50 53 63 18 35 20 36 65 
Atribuicoes:
44 20 4 53 53 63 44 35 50 36 35 14 1 50 1 36 35 36 22 36 35 53 1 34 36 34 18 39 59 1 22 53 63 39 18 65 14 63 65 1 35 63 63 34 20 39 36 44 35 34 53 63 22 14 39 53 39 44 65 22 65 18 18 4 44 65 50 59 53 34 39 35 35 39 1 22 34 39 36 4 65 34 53 1 59 35 34 20 34 65 50 
Custo Total: 50181
Solução após busca local:
Instalacoes:
39 14 44 1 22 4 34 59 50 53 63 18 35 20 36 65 
Atribuicoes:
44 20 4 53 53 63 44 35 50 36 35 14 1 50 1 36 35 36 22 36 35 53 1 34 36 34 18 39 59 1 22 53 63 20 18 65 14 63 65 1 35 63 63 34 20 39 36 44 35 34 53 63 22 14 39 53 39 44 65 22 65 18 18 4 44 65 50 59 53 34 39 35 35 39 1 22 34 39 36 4 65 34 53 1 59 35 34 20 34 65 50 
Custo Total: 50118
Total de iterações: 84129
Melhorias: 0
Tempo até a melhor solução: 0 segundos
Melhor solução encontrada:
Instalacoes:
39 14 44 1 22 4 34 59 50 53 63 18 35 20 36 65 
Atribuicoes:
44 20 4 53 53 63 44 35 50 36 35 14 1 50 1 36 35 36 22 36 35 53 1 34 36 34 18 39 59 1 22 53 63 20 18 65 14 63 65 1 35 63 63 34 20 39 36 44 35 34 53 63 22 14 39 53 39 44 65 22 65 18 18 4 44 65 50 59 53 34 39 35 35 39 1 22 34 39 36 4 65 34 53 1 59 35 34 20 34 65 50 
Custo Total: 50118
Instalacoes:
39 14 44 1 22 4 34 59 50 53 63 18 35 20 36 65 
Atribuicoes:
44 20 4 53 53 63 44 35 50 36 35 14 1 50 1 36 35 36 22 36 35 53 1 34 36 34 18 39 59 1 22 53 63 20 18 65 14 63 65 1 35 63 63 34 20 39 36 44 35 34 53 63 22 14 39 53 39 44 65 22 65 18 18 4 44 65 50 59 53 34 39 35 35 39 1 22 34 39 36 4 65 34 53 1 59 35 34 20 34 65 50 
Custo Total: 50118
-------------------------------
-------------------------------
Execução 19
Instância: Data/raw//in4 - large.txt
Tempo limite: 120 segundos
Seed: 34
Solução inicial:
Instalacoes:
39 14 44 1 22 4 34 59 50 53 63 18 35 20 36 65 
Atribuicoes:
44 20 4 53 53 63 44 35 50 36 35 14 1 50 1 36 35 36 22 36 35 53 1 34 36 34 18 39 59 1 22 53 63 39 18 65 14 63 65 1 35 63 63 34 20 39 36 44 35 34 53 63 22 14 39 53 39 44 65 22 65 18 18 4 44 65 50 59 53 34 39 35 35 39 1 22 34 39 36 4 65 34 53 1 59 35 34 20 34 65 50 
Custo Total: 50181
Solução após busca local:
Instalacoes:
39 14 44 1 22 4 34 59 50 53 63 18 35 20 36 65 
Atribuicoes:
44 20 4 53 53 63 44 35 50 36 35 14 1 50 1 36 35 36 22 36 35 53 1 34 36 34 18 39 59 1 22 53 63 20 18 65 14 63 65 1 35 63 63 34 20 39 36 44 35 34 53 63 22 14 39 53 39 44 65 22 65 18 18 4 44 65 50 59 53 34 39 35 35 39 1 22 34 39 36 4 65 34 53 1 59 35 34 20 34 65 50 
Custo Total: 50118
Total de iterações: 83513
Melhorias: 0
Tempo até a melhor solução: 0 segundos
Melhor solução encontrada:
Instalacoes:
39 14 44 1 22 4 34 59 50 53 63 18 35 20 36 65 
Atribuicoes:
44 20 4 53 53 63 44 35 50 36 35 14 1 50 1 36 35 36 22 36 35 53 1 34 36 34 18 39 59 1 22 53 63 20 18 65 14 63 65 1 35 63 63 34 20 39 36 44 35 34 53 63 22 14 39 53 39 44 65 22 65 18 18 4 44 65 50 59 53 34 39 35 35 39 1 22 34 39 36 4 65 34 53 1 59 35 34 20 34 65 50 
Custo Total: 50118
Instalacoes:
39 14 44 1 22 4 34 59 50 53 63 18 35 20 36 65 
Atribuicoes:
44 20 4 53 53 63 44 35 50 36 35 14 1 50 1 36 35 36 22 36 35 53 1 34 36 34 18 39 59 1 22 53 63 20 18 65 14 63 65 1 35 63 63 34 20 39 36 44 35 34 53 63 22 14 39 53 39 44 65 22 65 18 18 4 44 65 50 59 53 34 39 35 35 39 1 22 34 39 36 4 65 34 53 1 59 35 34 20 34 65 50 
Custo Total: 50118
-------------------------------
-------------------------------
Execução 20
Instância: Data/raw//in4 - large.txt
Tempo limite: 120 segundos
Seed: 77
Solução inicial:
Instalacoes:
39 14 44 1 22 4 34 59 50 53 63 18 35 20 36 65 
Atribuicoes:
44 20 4 53 53 63 44 35 50 36 35 14 1 50 1 36 35 36 22 36 35 53 1 34 36 34 18 39 59 1 22 53 63 39 18 65 14 63 65 1 35 63 63 34 20 39 36 44 35 34 53 63 22 14 39 53 39 44 65 22 65 18 18 4 44 65 50 59 53 34 39 35 35 39 1 22 34 39 36 4 65 34 53 1 59 35 34 20 34 65 50 
Custo Total: 50181
Solução após busca local:
Instalacoes:
39 14 44 1 22 4 34 59 50 53 63 18 35 20 36 65 
Atribuicoes:
44 20 4 53 53 63 44 35 50 36 35 14 1 50 1 36 35 36 22 36 35 53 1 34 36 34 18 39 59 1 22 53 63 20 18 65 14 63 65 1 35 63 63 34 20 39 36 44 35 34 53 63 22 14 39 53 39 44 65 22 65 18 18 4 44 65 50 59 53 34 39 35 35 39 1 22 34 39 36 4 65 34 53 1 59 35 34 20 34 65 50 
Custo Total: 50118
Total de iterações: 83814
Melhorias: 0
Tempo até a melhor solução: 0 segundos
Melhor solução encontrada:
Instalacoes:
39 14 44 1 22 4 34 59 50 53 63 18 35 20 36 65 
Atribuicoes:
44 20 4 53 53 63 44 35 50 36 35 14 1 50 1 36 35 36 22 36 35 53 1 34 36 34 18 39 59 1 22 53 63 20 18 65 14 63 65 1 35 63 63 34 20 39 36 44 35 34 53 63 22 14 39 53 39 44 65 22 65 18 18 4 44 65 50 59 53 34 39 35 35 39 1 22 34 39 36 4 65 34 53 1 59 35 34 20 34 65 50 
Custo Total: 50118
Instalacoes:
39 14 44 1 22 4 34 59 50 53 63 18 35 20 36 65 
Atribuicoes:
44 20 4 53 53 63 44 35 50 36 35 14 1 50 1 36 35 36 22 36 35 53 1 34 36 34 18 39 59 1 22 53 63 20 18 65 14 63 65 1 35 63 63 34 20 39 36 44 35 34 53 63 22 14 39 53 39 44 65 22 65 18 18 4 44 65 50 59 53 34 39 35 35 39 1 22 34 39 36 4 65 34 53 1 59 35 34 20 34 65 50 
Custo Total: 50118
-------------------------------
