Version identifier: 22.1.1.0 | 2022-11-28 | 9160aff4d
CPXPARAM_TimeLimit                               3600
Tried aggregator 1 time.
MIP Presolve eliminated 50 rows and 1 columns.
Reduced MIP has 20350 rows, 2906 columns, and 60950 nonzeros.
Reduced MIP has 2906 binaries, 0 generals, 0 SOSs, and 0 indicators.
Presolve time = 0.03 sec. (31.39 ticks)
Found incumbent of value 1.5583542e+07 after 0.04 sec. (39.39 ticks)
Probing time = 0.01 sec. (5.25 ticks)
Tried aggregator 1 time.
Detecting symmetries...
Reduced MIP has 20350 rows, 2906 columns, and 60950 nonzeros.
Reduced MIP has 2906 binaries, 0 generals, 0 SOSs, and 0 indicators.
Presolve time = 0.04 sec. (37.53 ticks)
Probing time = 0.01 sec. (5.25 ticks)
Clique table members: 2500.
MIP emphasis: balance optimality and feasibility.
MIP search method: dynamic search.
Parallel mode: deterministic, using up to 8 threads.
Root relaxation solution time = 0.11 sec. (30.92 ticks)

        Nodes                                         Cuts/
   Node  Left     Objective  IInf  Best Integer    Best Bound    ItCnt     Gap

*     0+    0                       1.55835e+07        0.0000           100.00%
*     0+    0                       1.16498e+07        0.0000           100.00%
*     0+    0                       521317.0000        0.0000           100.00%
*     0+    0                       496317.0000        0.0000           100.00%
*     0+    0                       461183.0000        0.0000           100.00%
      0     0    93774.0000   100   461183.0000    93774.0000      182   79.67%
*     0+    0                       365616.0000    93774.0000            74.35%
      0     0   106217.5000   100   365616.0000     Cuts: 913      437   70.95%
      0     0   118774.0000    98   365616.0000     Cuts: 895      728   67.51%
*     0+    0                       320448.0000   118774.0000            62.94%
      0     0   131217.5000    98   320448.0000 ZeroHalf: 388     1726   59.05%
*     0+    0                       299426.0000   131217.5000            56.18%
      0     0  -1.00000e+75     0   299426.0000   131217.5000     1726   56.18%
*     0+    0                       289205.0000   131217.5000            54.63%
      0     0   135414.5751   216   289205.0000     Cuts: 375     2262   53.18%
      0     0   140388.9433   185   289205.0000     Cuts: 362     3058   51.46%
Detecting symmetries...
      0     0   143510.4821   188   289205.0000     Cuts: 178     3484   50.38%
      0     0   145208.1183   182   289205.0000     Cuts: 125     3758   49.79%
*     0+    0                       287354.0000   145208.1183            49.47%
*     0+    0                       285498.0000   145208.1183            49.14%
      0     0   147826.1338   187   285498.0000     Cuts: 113     4137   48.22%
      0     0   149894.6853   182   285498.0000      Cuts: 69     4491   47.50%
      0     0   150772.8124   197   285498.0000      Cuts: 93     4745   47.19%
      0     0   151424.6763   181   285498.0000      Cuts: 90     4957   46.96%
      0     0   152390.6377   219   285498.0000      Cuts: 73     5276   46.62%
      0     0   153262.0364   186   285498.0000     Cuts: 186     5459   46.32%
      0     0   153987.6625   189   285498.0000      Cuts: 78     5650   46.06%
      0     0   154654.2049   185   285498.0000     Cuts: 101     5829   45.83%
      0     0   155095.2226   186   285498.0000      Cuts: 54     5992   45.68%
      0     0   155379.3988   212   285498.0000      Cuts: 51     6135   45.58%
      0     0   155791.9317   212   285498.0000      Cuts: 57     6314   45.43%
      0     0   156021.1743   189   285498.0000      Cuts: 80     6440   45.35%
      0     0   156149.9774   191   285498.0000      Cuts: 35     6509   45.31%
      0     0   156335.3814   185   285498.0000      Cuts: 24     6607   45.24%
*     0+    0                       285444.0000   156335.3814            45.23%
      0     0   156502.7105   187   285444.0000      Cuts: 23     6654   45.17%
      0     0   156789.3932   188   285444.0000      Cuts: 42     6778   45.07%
      0     0   157284.4490   182   285444.0000      Cuts: 48     6917   44.90%
      0     0   157920.3730   182   285444.0000      Cuts: 42     7121   44.68%
      0     0   158517.2432   181   285444.0000      Cuts: 69     7294   44.47%
      0     0   158882.4028   184   285444.0000      Cuts: 56     7467   44.34%
      0     0   159118.3559   212   285444.0000      Cuts: 58     7598   44.26%
      0     0   159228.5054   218   285444.0000      Cuts: 27     7677   44.22%
      0     0   159264.4718   212   285444.0000      Cuts: 19     7721   44.20%
      0     0   159302.3980   215   285444.0000      Cuts: 29     7763   44.19%
Detecting symmetries...
      0     2   159302.3980   215   285444.0000   159302.3980     7763   44.19%
Elapsed time = 8.43 sec. (4320.04 ticks, tree = 0.02 MB, solutions = 12)
      9    11   184631.0833   140   285444.0000   159302.6615     9477   44.19%
*    15+    4                       277806.0000   159302.6615            42.66%
*    16+    6                       270952.0000   159302.6615            41.21%
*    22+    7                       267504.0000   159302.6615            40.45%
     41    35   218644.7500   108   267504.0000   159331.5527    11765   40.44%
     88    89   241594.5000    56   267504.0000   159331.5527    18634   40.44%
*   121   108      integral     0   242267.0000   159331.5527    21772   34.23%
    138    95   193968.7308   132   242267.0000   159331.5527    23249   34.23%
    174   126   237040.5000    74   242267.0000   159331.5527    27568   34.23%
    225   145   214970.5000    86   242267.0000   159331.5527    31553   34.23%
*   317   204      integral     0   240544.0000   159473.1106    39198   33.70%
    321   231   235073.5417   134   240544.0000   159473.1106    42814   33.70%
    394   268   202121.0000    99   240544.0000   159802.7802    50817   33.57%
    493   324        cutoff         240544.0000   160532.1129    59124   33.26%
    773   525   207550.0000   126   240544.0000   160532.1129    89387   33.26%
Elapsed time = 18.23 sec. (7469.07 ticks, tree = 34.35 MB, solutions = 27)
   1134   810   238897.5000    86   240544.0000   160789.4149   126409   33.16%
   1418  1145        cutoff         240544.0000   169269.2560   165021   29.63%
   1737  1298   214891.0000    92   240544.0000   174400.4657   194976   27.50%
   2084  1606   200262.5000    90   240544.0000   175266.6045   239247   27.14%
   2432  1898   199649.3000   149   240544.0000   177929.1724   277936   26.03%
   2875  2204   233261.0000    94   240544.0000   179160.5000   316853   25.52%
   3257  2578   225884.4091   127   240544.0000   180965.0631   356236   24.77%

Performing restart 1

Repeating presolve.
Tried aggregator 1 time.
MIP Presolve eliminated 4813 rows and 472 columns.
Reduced MIP has 15537 rows, 2434 columns, and 46511 nonzeros.
Reduced MIP has 2434 binaries, 0 generals, 0 SOSs, and 0 indicators.
Presolve time = 0.02 sec. (26.38 ticks)
Tried aggregator 1 time.
Reduced MIP has 15537 rows, 2434 columns, and 46511 nonzeros.
Reduced MIP has 2434 binaries, 0 generals, 0 SOSs, and 0 indicators.
Presolve time = 0.03 sec. (29.37 ticks)
Represolve time = 0.09 sec. (83.26 ticks)
   3378     0   160054.2827   190   240544.0000      Cuts: 36   384431   24.49%
   3378     0   160673.1233   208   240544.0000      Cuts: 42   384607   24.49%
*  3378+    0                       237867.0000   181632.1667            23.64%
   3378     0   160895.5051   209   237867.0000      Cuts: 51   384709   23.64%
   3378     0   161293.4759   213   237867.0000      Cuts: 45   384870   23.64%
   3378     0   161815.3690   216   237867.0000      Cuts: 60   385067   23.64%
   3378     2   161815.3690   216   237867.0000   181632.1667   385067   23.64%
   3379     3   162263.8235   206   237867.0000   181632.1667   385175   23.64%
   3383     4   169883.4750   175   237867.0000   181632.1667   385631   23.64%
Elapsed time = 59.84 sec. (22857.69 ticks, tree = 0.02 MB, solutions = 28)
   3394     9   174275.8448   197   237867.0000   181632.1667   387412   23.64%
   3407    21   176959.6469   178   237867.0000   181632.1667   393222   23.64%
   3423    32   208599.3333   125   237867.0000   181632.1667   400449   23.64%
   3454    68   202039.7317   142   237867.0000   181632.1667   416095   23.64%
   3543    83   234233.0000   128   237867.0000   181632.1667   420057   23.64%
   3675   171   205876.8115   155   237867.0000   181632.1667   437927   23.64%
   3776   282   221091.7500   103   237867.0000   181632.1667   456582   23.64%
   3873   361        cutoff         237867.0000   181632.1667   471378   23.64%
   4041   469   224315.5000   118   237867.0000   181632.1667   494065   23.64%
   4219   550   203933.0458   153   237867.0000   181632.1667   505409   23.64%
Elapsed time = 99.43 sec. (32697.35 ticks, tree = 29.64 MB, solutions = 28)
   4393   622   228391.4600   144   237867.0000   181632.1667   515110   23.64%
   4578   771   184572.7051   164   237867.0000   181632.1667   533656   23.64%
   4769  1010        cutoff         237867.0000   181632.1667   560977   23.64%
   4964  1060   217135.7834   173   237867.0000   181632.1667   569111   23.64%
   5185  1369   215242.7857   125   237867.0000   181632.1667   613040   23.64%
   5388  1533   217764.0996   200   237867.0000   181632.1667   638032   23.64%
   5601  1580   194139.5646   174   237867.0000   181632.1667   644519   23.64%
   5822  1740   233634.9916   161   237867.0000   181632.1667   669336   23.64%
   6028  2037   186386.6334   157   237867.0000   181632.1667   705711   23.64%
   6232  2169   199955.2517   171   237867.0000   181632.1667   725322   23.64%
Elapsed time = 139.89 sec. (42263.47 ticks, tree = 153.81 MB, solutions = 28)
   6436  2429   233645.9000    99   237867.0000   181632.1667   756400   23.64%
   6681  2511   235693.9154   169   237867.0000   181632.1667   768204   23.64%
   6927  2659   208201.0492   180   237867.0000   181632.1667   788349   23.64%
   7159  2904   214550.8462   123   237867.0000   181632.1667   816889   23.64%
   7371  3251   233965.5439   149   237867.0000   181632.1667   857186   23.64%
   7638  3404   228612.7276   195   237867.0000   181632.1667   879237   23.64%
   7920  3552   213060.3476   201   237867.0000   181828.2661   898260   23.56%
   8196  3680   226524.3551   141   237867.0000   182434.1308   913538   23.30%
   8467  4100   225787.5556   122   237867.0000   183582.0000   963829   22.82%
   8754  4294   231467.3750   127   237867.0000   183582.0000   986294   22.82%
Elapsed time = 180.07 sec. (51818.75 ticks, tree = 274.49 MB, solutions = 28)
   9029  4519   228381.6901   151   237867.0000   184118.8114  1010344   22.60%
   9232  4724   233073.8462   116   237867.0000   184430.4216  1034995   22.46%
   9444  4889   236193.0000    74   237867.0000   185030.8519  1060226   22.21%
   9690  5103   228832.2000   159   237867.0000   185128.0000  1092358   22.17%
   9926  5223   233459.8627   171   237867.0000   185274.0947  1109916   22.11%
  10234  5338   208621.9885   164   237867.0000   185655.0106  1126774   21.95%
  10449  5782   216150.9091   121   237867.0000   186133.1282  1185072   21.75%
  10711  5911   214200.6667   127   237867.0000   186300.6000  1202432   21.68%
  10959  6012   230630.6875   121   237867.0000   186463.7632  1216518   21.61%
  11261  6178   210089.8919   134   237867.0000   186697.0357  1237219   21.51%
Elapsed time = 221.07 sec. (61389.19 ticks, tree = 395.84 MB, solutions = 28)
  11492  6368   210652.6707   192   237867.0000   186851.2818  1262867   21.45%
  11792  6665   189541.7281   170   237867.0000   187399.9126  1295292   21.22%
  12067  6950   209388.5441   132   237867.0000   187525.2432  1330101   21.16%
  12372  7178   236846.3514   123   237867.0000   187603.6333  1350720   21.13%
  12662  7459   225815.0848   158   237867.0000   188146.8494  1382039   20.90%
  12887  7672   233382.9167   118   237867.0000   188314.3261  1404985   20.83%
  13080  7873   218009.8000   146   237867.0000   188650.1500  1431684   20.69%
  13313  8088   223764.3778   150   237867.0000   188806.7381  1464889   20.63%
  13542  8308        cutoff         237867.0000   189177.3542  1503799   20.47%
  13794  8424   237059.3810   161   237867.0000   189477.6599  1524248   20.34%
Elapsed time = 260.40 sec. (70951.70 ticks, tree = 556.69 MB, solutions = 28)
  14078  8581   226919.5000   121   237867.0000   189722.0000  1546027   20.24%
  14335  8930   231999.4615   116   237867.0000   190069.1465  1589580   20.09%
  14625  8914   222055.2500   112   237867.0000   190195.9154  1589437   20.04%
  14883  9414   215868.5455   125   237867.0000   190427.5556  1650129   19.94%
  15166  9352   236580.1429   144   237867.0000   190552.2954  1639450   19.89%
  15428  9659   236698.4667   113   237867.0000   190761.2450  1680093   19.80%
  15694  9909   236157.4444   150   237867.0000   191142.9982  1706742   19.64%
  16000 10005   230391.4681   157   237867.0000   191230.9505  1717922   19.61%
  16306 10567   225144.3824   143   237867.0000   191389.0000  1787998   19.54%
  16579 10807   236083.7143    93   237867.0000   191686.8148  1815365   19.41%
Elapsed time = 301.77 sec. (80526.93 ticks, tree = 715.61 MB, solutions = 28)
  16887 10783   215143.3824   178   237867.0000   191835.9156  1813547   19.35%
  17160 11189   231953.9817   170   237867.0000   192239.2500  1868178   19.18%
  17482 11411        cutoff         237867.0000   192593.4057  1890851   19.03%
  17814 11642   213703.9044   159   237867.0000   192859.2000  1921675   18.92%
  18122 11851   211553.1500   192   237867.0000   193030.3091  1945719   18.85%
  18409 12185   204978.4538   176   237867.0000   193211.1833  1982394   18.77%
  18637 12443   224865.2759   134   237867.0000   193395.6379  2013552   18.70%
  18845 12501   220192.7500   160   237867.0000   193395.6379  2021478   18.70%
  19070 12799   205113.9545   159   237867.0000   193528.7271  2057675   18.64%
  19319 12765   223600.1733   145   237867.0000   193849.8989  2051824   18.50%
Elapsed time = 339.15 sec. (90098.22 ticks, tree = 856.80 MB, solutions = 28)
  19579 12942   232248.8864   176   237867.0000   193911.5948  2073001   18.48%
  19829 13200        cutoff         237867.0000   193911.5948  2104577   18.48%
  20091 13456   205979.6667   129   237867.0000   194089.0625  2134041   18.40%
  20365 13486   228971.6042   132   237867.0000   194118.9962  2137635   18.39%
  20594 13900   215329.3333   118   237867.0000   194332.2120  2183897   18.30%
  20899 14281   216661.0624   163   237867.0000   194493.8889  2234349   18.23%
  21184 14175   235875.9016   165   237867.0000   194583.6066  2218894   18.20%
  21470 14490   212804.0890   135   237867.0000   194833.2500  2260196   18.09%
  21741 14757        cutoff         237867.0000   195010.2500  2290609   18.02%
  22836 15436   222863.5714   111   237867.0000   195570.6667  2381445   17.78%
Elapsed time = 390.09 sec. (102527.63 ticks, tree = 1124.59 MB, solutions = 28)
  24025 16534   227293.5145   152   237867.0000   196302.1636  2514333   17.47%
  25229 17838   231998.3000   126   237867.0000   196817.8116  2661964   17.26%
  26348 18516   214821.0000   104   237867.0000   197265.6955  2751100   17.07%
  27376 19342   221286.9491   169   237867.0000   197625.8467  2849898   16.92%
  28572 20097   225287.4638   177   237867.0000   197980.7349  2954397   16.77%
  29735 21201   230418.1597   133   237867.0000   198439.8742  3092387   16.58%
  30981 21966        cutoff         237867.0000   198793.4167  3177885   16.43%
  32144 23169   234204.2949   134   237867.0000   199232.9261  3330376   16.24%
  33597 23790   228955.4701   139   237867.0000   199553.8701  3390889   16.11%
  34762 25022   216188.6769   133   237867.0000   199872.1047  3534708   15.97%
Elapsed time = 541.95 sec. (140724.14 ticks, tree = 1851.26 MB, solutions = 28)
  35902 26068        cutoff         237867.0000   200163.8333  3655196   15.85%
  36609 26392        cutoff         237867.0000   200320.0784  3704608   15.78%

Performing restart 2

Repeating presolve.
Tried aggregator 1 time.
MIP Presolve eliminated 597 rows and 56 columns.
Reduced MIP has 14940 rows, 2378 columns, and 57328 nonzeros.
Reduced MIP has 2378 binaries, 0 generals, 0 SOSs, and 0 indicators.
Presolve time = 0.08 sec. (78.01 ticks)
Tried aggregator 1 time.
Reduced MIP has 14940 rows, 2378 columns, and 57328 nonzeros.
Reduced MIP has 2378 binaries, 0 generals, 0 SOSs, and 0 indicators.
Presolve time = 0.05 sec. (42.98 ticks)
Represolve time = 0.19 sec. (156.99 ticks)
  36620     0   164254.7518   226   237867.0000      Cuts: 37  3771572   15.68%
  36620     0   164950.8747   223   237867.0000      Cuts: 41  3771875   15.68%
  36620     0   165677.2626   210   237867.0000      Cuts: 64  3772134   15.68%
  36620     0   166141.6325   210   237867.0000      Cuts: 65  3772299   15.68%
  36620     0   166525.6554   212   237867.0000      Cuts: 72  3772420   15.68%
  36620     0   166707.1796   216   237867.0000      Cuts: 55  3772572   15.68%
  36620     0   166903.0854   210   237867.0000      Cuts: 45  3772697   15.68%
  36620     0   167312.6657   210   237867.0000      Cuts: 62  3772888   15.68%

Repeating presolve.
Tried aggregator 1 time.
MIP Presolve eliminated 460 rows and 48 columns.
Reduced MIP has 14480 rows, 2330 columns, and 55536 nonzeros.
Reduced MIP has 2330 binaries, 0 generals, 0 SOSs, and 0 indicators.
Presolve time = 0.06 sec. (71.56 ticks)
Tried aggregator 1 time.
Reduced MIP has 14480 rows, 2330 columns, and 55536 nonzeros.
Reduced MIP has 2330 binaries, 0 generals, 0 SOSs, and 0 indicators.
Presolve time = 0.04 sec. (41.64 ticks)
Represolve time = 0.14 sec. (148.56 ticks)
  36620     0   167684.3292   210   237867.0000      Cuts: 71  3776042   15.68%
  36620     0   168598.6134   217   237867.0000      Cuts: 59  3776370   15.68%
  36620     0   169140.8134   182   237867.0000      Cuts: 85  3776575   15.68%
  36620     0   169479.1511   215   237867.0000      Cuts: 52  3776757   15.68%
  36620     0   169698.3653   205   237867.0000      Cuts: 53  3776924   15.68%
  36620     0   169831.8226   216   237867.0000      Cuts: 48  3777027   15.68%
  36620     0   170055.7969   211   237867.0000      Cuts: 54  3777183   15.68%
  36620     0   170330.5647   212   237867.0000      Cuts: 73  3777370   15.68%
* 36620+    0                       236012.0000   200568.2222            15.02%
  36620     2   170330.5647   212   236012.0000   200568.2222  3777370   15.02%
  36644    17   179526.8802   182   236012.0000   200568.2222  3784348   15.02%
  36738    74   215199.5000   102   236012.0000   200568.2222  3809226   15.02%
  37272   343   195390.4232   175   236012.0000   200568.2222  3873189   15.02%
  37962   815   215065.0659   193   236012.0000   200568.2222  3950676   15.02%
  38680  1469   188236.0121   163   236012.0000   200568.2222  4067674   15.02%
  39520  2242   227740.3333   150   236012.0000   200568.2222  4218840   15.02%
  40373  2864   204994.2577   191   236012.0000   200568.2222  4359538   15.02%
Elapsed time = 697.47 sec. (192669.25 ticks, tree = 19.20 MB, solutions = 29)
  41168  3563   215143.0658   156   236012.0000   200568.2222  4483689   15.02%
  42128  4354   213155.4530   163   236012.0000   200568.2222  4645374   15.02%
  43048  4990   211379.4796   151   236012.0000   200568.2222  4781084   15.02%
  44034  5798   218220.2730   153   236012.0000   200568.2222  4932639   15.02%
  44814  6504   222801.0952   132   236012.0000   200568.2222  5082764   15.02%
  45738  7228   226674.6037   145   236012.0000   200568.2222  5230189   15.02%
  46642  7818   220087.6847   170   236012.0000   200568.2222  5363378   15.02%
  47526  8496   223750.9056   188   236012.0000   200568.2222  5511614   15.02%
  48588  9481   232619.9130   130   236012.0000   200568.2222  5700432   15.02%
  49526 10243   234425.2741   165   236012.0000   200568.2222  5867977   15.02%
Elapsed time = 831.07 sec. (230867.18 ticks, tree = 43.37 MB, solutions = 29)
  50532 10971   231971.7586   160   236012.0000   200568.2222  6006492   15.02%
  51614 11586        cutoff         236012.0000   200568.2222  6134499   15.02%
  52569 12381   218692.4737   140   236012.0000   200568.2222  6295441   15.02%
  53485 13309        cutoff         236012.0000   200568.2222  6476279   15.02%
  54438 14105   222075.2364   144   236012.0000   200568.2222  6641345   15.02%
  55520 15011   231775.0929   139   236012.0000   200586.0324  6811151   15.01%
  56657 15541   226492.7928   158   236012.0000   201061.2922  6911029   14.81%
  57638 16386   233364.7008   170   236012.0000   201678.2693  7086975   14.55%
  58605 17125   224619.3974   137   236012.0000   202146.3808  7241405   14.35%
  59686 17792   230241.4435   150   236012.0000   202686.1905  7394598   14.12%
Elapsed time = 964.39 sec. (269044.50 ticks, tree = 63.52 MB, solutions = 29)
  60660 18563   230357.5677   134   236012.0000   203216.7425  7554844   13.90%
  61637 19049   229706.1379   135   236012.0000   203528.3407  7657031   13.76%
  62703 19923   217696.4375   141   236012.0000   203994.1792  7830993   13.57%
  63810 20931   229278.0156   153   236012.0000   204333.6206  8036930   13.42%
  64893 21768   234078.2500   152   236012.0000   204777.0825  8190038   13.23%
  65941 22386        cutoff         236012.0000   205079.6833  8328925   13.11%
  66883 23279   234479.5000    77   236012.0000   205398.1265  8531825   12.97%
  67875 24023   221983.5176   134   236012.0000   205785.5011  8698526   12.81%
  68826 24765   233600.1650   163   236012.0000   206071.7087  8835555   12.69%
  70033 25354   233163.6250    88   236012.0000   206255.3050  8916334   12.61%
Elapsed time = 1099.60 sec. (307210.90 ticks, tree = 156.28 MB, solutions = 29)
  71114 26262   216883.5100   167   236012.0000   206458.8293  9031439   12.52%
  72113 27057   217548.7665   168   236012.0000   206816.0625  9166658   12.37%
  73190 27465   228031.2941   145   236012.0000   207070.5175  9225022   12.26%
  74206 28126   222904.3622   155   236012.0000   207336.4687  9326007   12.15%
  75198 28910   221502.4533   157   236012.0000   207636.4209  9452386   12.02%
  76409 30093   217611.5270   158   236012.0000   207855.1250  9612118   11.93%
  77444 30622   234216.1440   204   236012.0000   208084.8892  9687535   11.83%
  78437 31179   229459.0937   128   236012.0000   208272.3377  9756906   11.75%
  79417 32002   219967.5625   131   236012.0000   208462.6772  9890485   11.67%
  80534 32745   232160.5018   141   236012.0000   208662.4520 10012047   11.59%
Elapsed time = 1253.01 sec. (345403.43 ticks, tree = 710.42 MB, solutions = 29)
* 80558 32487      integral     0   234664.0000   208662.4520  9975533   11.08%
  81616 31788   221513.4221   137   234664.0000   208880.3356 10095017   10.99%
  82562 32542   229485.0263   140   234664.0000   209045.3154 10204114   10.92%
  83732 33619   233978.6579   142   234664.0000   209238.8000 10390246   10.83%
  84748 33839   211893.2610   129   234664.0000   209433.7440 10428679   10.75%
  85602 34345   227984.1320   188   234664.0000   209614.9184 10512896   10.67%
  86582 35544   231043.6154   161   234664.0000   209816.5927 10709300   10.59%
  87695 35849   234310.7500    97   234664.0000   210013.5000 10774513   10.50%
  88751 36334   218964.0772   161   234664.0000   210188.8083 10849812   10.43%
  89728 37143   230972.8079   140   234664.0000   210389.7887 10987353   10.34%
  90885 38305        cutoff         234664.0000   210632.8054 11189800   10.24%
Elapsed time = 1402.46 sec. (383605.64 ticks, tree = 1204.73 MB, solutions = 30)
  91951 38542   231263.1905   142   234664.0000   210784.7129 11227662   10.18%
  92961 39430   230669.9786   175   234664.0000   210895.2379 11370386   10.13%
  93851 40064   231117.3145   188   234664.0000   211103.8838 11479471   10.04%
  94859 40391        cutoff         234664.0000   211281.8953 11541943    9.96%
  95996 41252        cutoff         234664.0000   211442.5973 11702471    9.90%
  97053 41712   229853.0000    64   234664.0000   211606.6786 11779366    9.83%
  97998 42478   215303.3333   175   234664.0000   211784.8239 11920018    9.75%
  99089 43121   227603.8795   147   234664.0000   211966.5291 12044751    9.67%
 100145 43735   232814.4000   117   234664.0000   212138.3019 12145141    9.60%
 101109 44416   232791.5932   141   234664.0000   212245.7126 12252606    9.55%
Elapsed time = 1553.56 sec. (421785.94 ticks, tree = 1727.70 MB, solutions = 30)
 102102 44852   225760.5000    70   234664.0000   212361.0000 12343861    9.50%
 103202 45736   224510.9975   166   234664.0000   212489.5963 12507500    9.45%
 104283 46008        cutoff         234664.0000   212602.5207 12560514    9.40%
 105383 46855   229829.8469   151   234664.0000   212739.8923 12710997    9.34%
 106389 47640   223779.3952   174   234664.0000   212885.1534 12854784    9.28%
 107433 48169   231965.7950   153   234664.0000   213072.8000 12957468    9.20%
 108481 48998   227234.3281   114   234664.0000   213198.6930 13105848    9.15%
 109493 49281        cutoff         234664.0000   213306.3500 13154056    9.10%
 110465 50129   232811.4643   122   234664.0000   213427.0274 13317709    9.05%
 111548 50343   233724.8490   118   234664.0000   213530.6096 13368600    9.01%
Elapsed time = 1703.00 sec. (459968.92 ticks, tree = 2118.73 MB, solutions = 30)
Nodefile size = 62.56 MB (38.36 MB after compression)
 112709 51170   227046.3571   105   234664.0000   213652.7500 13512674    8.95%
 113759 51939   223922.2065   146   234664.0000   213777.1183 13650586    8.90%
 114802 52378   231113.9091   129   234664.0000   213892.4479 13722187    8.85%
 115913 52904   227102.8409   164   234664.0000   214002.6389 13826835    8.80%
 116972 53346   229292.7955   165   234664.0000   214107.2254 13902979    8.76%
 117902 53921   227986.2500    99   234664.0000   214243.5000 14011043    8.70%
 118978 54542        cutoff         234664.0000   214371.0556 14137101    8.65%
 120119 55160   229458.7500   123   234664.0000   214505.6425 14250078    8.59%
 121247 55739        cutoff         234664.0000   214614.0000 14365142    8.54%
 122236 56678   228464.7340   143   234664.0000   214715.2669 14533097    8.50%
Elapsed time = 1849.96 sec. (498156.51 ticks, tree = 2616.33 MB, solutions = 30)
Nodefile size = 564.30 MB (347.85 MB after compression)
 123365 57264   229671.0671   125   234664.0000   214835.8987 14665393    8.45%
 124540 57561   226495.9535   128   234664.0000   214960.4444 14718213    8.40%
 125545 58369   225003.0532   134   234664.0000   215050.5000 14853925    8.36%
 126557 58732   228251.0357   150   234664.0000   215138.5000 14926225    8.32%
 127628 59619   221233.0476   133   234664.0000   215238.4238 15121066    8.28%
 128862 60141   231554.3714   165   234664.0000   215293.4242 15222617    8.25%
 129979 60624        cutoff         234664.0000   215381.0000 15298154    8.22%
 130984 61240   234032.5301   162   234664.0000   215459.3391 15414494    8.18%
 132092 61902   218993.2667   124   234664.0000   215565.9365 15563140    8.14%
*132873+61965                       234497.0000   215637.4760             8.04%
 133094 62412   226893.4333   141   234497.0000   215646.3333 15644994    8.04%
Elapsed time = 1999.35 sec. (536347.86 ticks, tree = 3058.66 MB, solutions = 30)
Nodefile size = 1004.44 MB (619.75 MB after compression)
 134187 62474   232388.7053   156   234497.0000   215751.0000 15725958    7.99%
 135228 62874   234018.8506   133   234497.0000   215840.9468 15794760    7.96%
 136459 63569   229233.0000    70   234497.0000   215936.1000 15946192    7.92%
 137675 64543        cutoff         234497.0000   216006.5466 16111665    7.89%
 138784 64972   225984.7964   154   234497.0000   216108.3761 16190783    7.84%
 139895 65473   223308.7174   127   234497.0000   216197.0392 16283615    7.80%
 140977 66050   224280.7234   136   234497.0000   216263.8249 16405508    7.78%
 142115 66525   227597.3031   134   234497.0000   216347.1786 16500060    7.74%
 143200 67015   231418.0000    72   234497.0000   216450.5714 16601568    7.70%
 144205 67892   227819.7500   130   234497.0000   216533.3083 16791619    7.66%
Elapsed time = 2150.11 sec. (574533.04 ticks, tree = 3480.39 MB, solutions = 31)
Nodefile size = 1427.10 MB (881.11 MB after compression)
 145387 68329   227055.5378   130   234497.0000   216652.3750 16896522    7.61%
 146537 68927   231888.6538   126   234497.0000   216751.3438 17016243    7.57%
 147630 69465        cutoff         234497.0000   216844.0000 17118146    7.53%
*148401 69851      integral     0   234492.0000   216930.3667 17200587    7.49%
 148631 70113        cutoff         234492.0000   216938.8500 17261011    7.49%
 149739 70522   230660.8766   159   234492.0000   217042.0355 17365158    7.44%
 150919 71014   232751.0270   131   234492.0000   217123.3639 17462809    7.41%
 151917 71497   225951.3372   148   234492.0000   217191.7850 17566559    7.38%
 152948 71935   228482.9565   140   234492.0000   217271.1324 17687139    7.34%
 154178 72259        cutoff         234492.0000   217337.1250 17766445    7.32%
 155387 72817   234116.9000    94   234492.0000   217430.5323 17858412    7.28%
Elapsed time = 2299.26 sec. (612731.95 ticks, tree = 3884.37 MB, solutions = 32)
Nodefile size = 1819.36 MB (1123.51 MB after compression)
 156399 73572        cutoff         234492.0000   217521.5000 18004133    7.24%
 157439 73968   233030.1094   108   234492.0000   217601.9286 18093906    7.20%
 158572 74454   230350.4439   143   234492.0000   217679.0192 18199391    7.17%
 159795 74820        cutoff         234492.0000   217767.6901 18271295    7.13%
 160854 75421   230124.9460   159   234492.0000   217843.1613 18373203    7.10%
 161902 75933   226304.6932   155   234492.0000   217928.1461 18475639    7.06%
 163074 76758   228878.9000   107   234492.0000   217994.7451 18664759    7.04%
 164200 76984   232662.5769   132   234492.0000   218064.1724 18707817    7.01%
 165156 77433        cutoff         234492.0000   218139.8584 18797559    6.97%
 166235 78020   233772.6042   126   234492.0000   218212.2250 18922115    6.94%
Elapsed time = 2442.61 sec. (650896.69 ticks, tree = 4322.42 MB, solutions = 32)
Nodefile size = 2270.71 MB (1402.83 MB after compression)
 167363 78447   229998.3182   151   234492.0000   218288.8850 19017066    6.91%
 168528 78958   232988.4525   155   234492.0000   218377.5742 19136908    6.87%
 169618 79849   227267.9218   155   234492.0000   218440.3462 19330078    6.85%
 170642 80230        cutoff         234492.0000   218500.1739 19434856    6.82%
 171815 80765   234033.5025   129   234492.0000   218571.4016 19553771    6.79%
 172956 80951        cutoff         234492.0000   218623.5000 19595756    6.77%
 173976 81410   221153.4221   167   234492.0000   218691.2985 19695051    6.74%
 175065 82019   232648.7222   151   234492.0000   218756.0000 19831451    6.71%
 176244 82547   231878.0440   161   234492.0000   218821.5000 19951567    6.68%
 177415 83049   232404.2353   134   234492.0000   218902.8212 20059441    6.65%
Elapsed time = 2585.99 sec. (689073.85 ticks, tree = 4673.55 MB, solutions = 32)
Nodefile size = 2615.32 MB (1615.47 MB after compression)
 178506 83238        cutoff         234492.0000   218967.5000 20107531    6.62%
 179596 83773        cutoff         234492.0000   219027.3232 20254101    6.59%
 180723 84117   228563.1111   152   234492.0000   219103.6667 20336893    6.56%
 181894 84737   231684.7326   127   234492.0000   219178.0000 20494818    6.53%
 183046 85064        cutoff         234492.0000   219266.8527 20567518    6.49%
 184197 85556   231397.0464   168   234492.0000   219330.7166 20673153    6.47%
 185279 86231   225529.5000   105   234492.0000   219404.5269 20850512    6.43%
 186471 86715   234315.9854   151   234492.0000   219465.8889 20970564    6.41%
 187630 86894        cutoff         234492.0000   219516.4618 21013157    6.39%
 188681 87309        cutoff         234492.0000   219596.6955 21115785    6.35%
Elapsed time = 2727.04 sec. (727242.27 ticks, tree = 4973.04 MB, solutions = 32)
Nodefile size = 2918.21 MB (1802.47 MB after compression)
*188849+87237                       234480.0000   219596.6955             6.35%
 189632 87951   234451.0000   138   234480.0000   219665.7912 21280202    6.32%
 190800 88313        cutoff         234480.0000   219734.5000 21389338    6.29%
 192025 88753        cutoff         234480.0000   219803.6633 21494102    6.26%
 193194 89208        cutoff         234480.0000   219876.4000 21601234    6.23%
 194270 89508        cutoff         234480.0000   219933.2242 21679552    6.20%
 195485 90058   227490.3611   163   234480.0000   220004.8603 21816620    6.17%
 196700 90539        cutoff         234480.0000   220074.1792 21922811    6.14%
 197599 90643   234038.4615   114   234480.0000   220137.1221 21964481    6.12%
 198732 91265   232873.3333   107   234480.0000   220176.1344 22121601    6.10%
 199947 91756   232939.4706   138   234480.0000   220232.3333 22257350    6.08%
Elapsed time = 2869.76 sec. (765417.03 ticks, tree = 5275.44 MB, solutions = 33)
Nodefile size = 3220.14 MB (1989.23 MB after compression)
 201133 91895   224520.9124   156   234480.0000   220291.8137 22298354    6.05%
 202261 92508   232606.6711   144   234480.0000   220370.1250 22475640    6.02%
 203418 92861   228800.7358   158   234480.0000   220441.0500 22575663    5.99%
 204670 93024   224265.8011   141   234480.0000   220494.9278 22632616    5.96%
 205853 93414   225578.4241   154   234480.0000   220564.8191 22727002    5.93%
 207006 94128        cutoff         234480.0000   220638.5688 22898097    5.90%
 208112 94425   232806.1392   123   234480.0000   220702.5259 22980388    5.88%
 209350 94783        cutoff         234480.0000   220737.6154 23090228    5.86%
 210654 95460        cutoff         234480.0000   220805.6667 23254987    5.83%
 211803 95963   231430.3621   171   234480.0000   220873.9821 23378294    5.80%
Elapsed time = 3013.27 sec. (803586.46 ticks, tree = 5612.36 MB, solutions = 33)
Nodefile size = 3555.83 MB (2196.25 MB after compression)
 212895 96033   231658.6471   147   234480.0000   220923.0000 23404643    5.78%
 214004 96570   232774.8846   126   234480.0000   220990.7132 23583412    5.75%
 215229 96690   227048.0766   152   234480.0000   221043.2062 23624145    5.73%
 216462 97319   230084.9474   141   234480.0000   221109.0000 23801817    5.70%
 217556 97603        cutoff         234480.0000   221180.4130 23882145    5.67%
 218657 98030        cutoff         234480.0000   221245.7031 24007847    5.64%
 219895 98432   233750.3529   100   234480.0000   221289.1775 24124051    5.63%
 220992 98878   231998.7317   188   234480.0000   221356.7432 24254020    5.60%
 222012 98931        cutoff         234480.0000   221408.3105 24268300    5.57%
 223149 99334   229285.2373   121   234480.0000   221468.0000 24383997    5.55%
Elapsed time = 3154.15 sec. (841764.68 ticks, tree = 5860.12 MB, solutions = 33)
Nodefile size = 3807.67 MB (2351.73 MB after compression)
 224382 99947   230500.9438   169   234480.0000   221525.3333 24583124    5.52%
 225665 100044        cutoff         234480.0000   221580.3750 24622453    5.50%
 226800 100418   233544.7576   133   234480.0000   221648.9167 24746207    5.47%
 227939 100785        cutoff         234480.0000   221713.0152 24845670    5.44%
 229034 101107        cutoff         234480.0000   221746.2426 25002897    5.43%
 230248 101286   226603.1667    90   234480.0000   221797.0417 25078647    5.41%
Starting limited solution polishing.
 231531 101668   231809.5546   157   234480.0000   221863.6552 25214019    5.38%
 232621 101889   234007.5000    90   234480.0000   221926.8425 25276426    5.35%
*232693+102081                       234418.0000   221926.8425             5.33%
 233540 102185   227316.2895   138   234418.0000   221995.3610 25427660    5.30%
 234582 102387   232304.9474   125   234418.0000   222046.2568 25497675    5.28%
Elapsed time = 3288.90 sec. (879984.75 ticks, tree = 6064.52 MB, solutions = 34)
Nodefile size = 4013.00 MB (2478.40 MB after compression)
 235621 102861   224207.0000   114   234418.0000   222117.6667 25642221    5.25%
 236405 103042   232600.1181   157   234418.0000   222143.2685 25703589    5.24%
 237140 103044   227721.6400   146   234418.0000   222199.4000 25717436    5.21%
 238014 103368   228580.4038   125   234418.0000   222240.6978 25806275    5.19%
 238920 103556        cutoff         234418.0000   222274.6667 25898968    5.18%
 239907 103778   233095.5323   133   234418.0000   222322.7069 25965980    5.16%
 240755 104196   234243.6765   110   234418.0000   222373.7609 26099642    5.14%
 241602 104445   233309.6042   115   234418.0000   222401.0215 26175459    5.13%
 242291 104574   232833.0900   158   234418.0000   222431.7786 26211965    5.11%
 243274 104826   225668.9472   167   234418.0000   222478.7500 26324118    5.09%
Elapsed time = 3396.80 sec. (918170.25 ticks, tree = 6237.78 MB, solutions = 34)
Nodefile size = 4186.28 MB (2585.38 MB after compression)
 244189 104877   229501.5674   158   234418.0000   222523.7770 26336238    5.07%
 245058 105366        cutoff         234418.0000   222584.4772 26502396    5.05%
 245891 105543   231356.8000   113   234418.0000   222607.7188 26580679    5.04%
 246644 105643   233941.4535   134   234418.0000   222627.0000 26612373    5.03%
 247528 105836        cutoff         234418.0000   222671.3816 26677835    5.01%
 248161 106053        cutoff         234418.0000   222705.1237 26730294    5.00%
 249054 106282   233456.3462   115   234418.0000   222765.8000 26788532    4.97%
 249794 106674        cutoff         234418.0000   222795.0417 26929651    4.96%
 250576 106706   234226.6494   152   234418.0000   222824.5714 26944000    4.95%
 251436 107128        cutoff         234418.0000   222851.8333 27072753    4.93%
Elapsed time = 3500.02 sec. (956362.85 ticks, tree = 6413.91 MB, solutions = 34)
Nodefile size = 4356.73 MB (2690.21 MB after compression)
 252020 107251   231269.0000   155   234418.0000   222875.9303 27115112    4.92%
 252665 107360   232542.6250   117   234418.0000   222875.9303 27181296    4.92%
 253137 107458   226141.3333   130   234418.0000   222926.0000 27221187    4.90%
 253942 107613        cutoff         234418.0000   222926.0000 27282242    4.90%
 254420 107670   226114.5106   150   234418.0000   222974.0000 27310649    4.88%
 255131 107809   231306.6364   135   234418.0000   222974.0000 27358158    4.88%
 255960 108037   232865.2759   185   234418.0000   222974.0000 27452507    4.88%
 256744 108131        cutoff         234418.0000   223069.6200 27500343    4.84%
 257327 108402        cutoff         234418.0000   223111.3333 27613822    4.82%
 257766 108443   233362.9700   154   234418.0000   223141.8462 27629224    4.81%
Elapsed time = 3596.90 sec. (994643.22 ticks, tree = 6495.43 MB, solutions = 34)
Nodefile size = 4435.99 MB (2739.11 MB after compression)

Zero-half cuts applied:  415
Lift and project cuts applied:  359
Gomory fractional cuts applied:  1

Root node processing (before b&c):
  Real time             =    8.39 sec. (4287.91 ticks)
Parallel b&c, 8 threads:
  Real time             = 3593.31 sec. (993758.16 ticks)
  Sync time (average)   =  436.89 sec.
  Wait time (average)   =    0.01 sec.
                          ------------
Total (root+branch&cut) = 3601.70 sec. (998046.07 ticks)
Status: Feasible
Obj: 234418

Instalacoes abertas:
Instalação 1 aberta
Instalação 4 aberta
Instalação 8 aberta
Instalação 9 aberta
Instalação 20 aberta
Instalação 22 aberta
Instalação 47 aberta

Atribuições (cliente -> instalação):
Cliente 0 -> Instalação 1
Cliente 1 -> Instalação 1
Cliente 2 -> Instalação 1
Cliente 3 -> Instalação 4
Cliente 4 -> Instalação 4
Cliente 5 -> Instalação 47
Cliente 6 -> Instalação 20
Cliente 7 -> Instalação 20
Cliente 8 -> Instalação 8
Cliente 9 -> Instalação 47
Cliente 10 -> Instalação 1
Cliente 11 -> Instalação 8
Cliente 12 -> Instalação 9
Cliente 13 -> Instalação 9
Cliente 14 -> Instalação 1
Cliente 15 -> Instalação 20
Cliente 16 -> Instalação 4
Cliente 17 -> Instalação 20
Cliente 18 -> Instalação 4
Cliente 19 -> Instalação 47
Cliente 20 -> Instalação 9
Cliente 21 -> Instalação 4
Cliente 22 -> Instalação 22
Cliente 23 -> Instalação 20
Cliente 24 -> Instalação 9
Cliente 25 -> Instalação 47
Cliente 26 -> Instalação 8
Cliente 27 -> Instalação 22
Cliente 28 -> Instalação 8
Cliente 29 -> Instalação 47
Cliente 30 -> Instalação 20
Cliente 31 -> Instalação 8
Cliente 32 -> Instalação 47
Cliente 33 -> Instalação 4
Cliente 34 -> Instalação 9
Cliente 35 -> Instalação 20
Cliente 36 -> Instalação 8
Cliente 37 -> Instalação 47
Cliente 38 -> Instalação 8
Cliente 39 -> Instalação 1
Cliente 40 -> Instalação 9
Cliente 41 -> Instalação 20
Cliente 42 -> Instalação 9
Cliente 43 -> Instalação 4
Cliente 44 -> Instalação 8
Cliente 45 -> Instalação 9
Cliente 46 -> Instalação 4
Cliente 47 -> Instalação 47
Cliente 48 -> Instalação 8
Cliente 49 -> Instalação 9
