Version identifier: 22.1.1.0 | 2022-11-28 | 9160aff4d
CPXPARAM_TimeLimit                               3600
Tried aggregator 1 time.
MIP Presolve eliminated 50 rows and 1 columns.
Reduced MIP has 27000 rows, 3039 columns, and 80900 nonzeros.
Reduced MIP has 3039 binaries, 0 generals, 0 SOSs, and 0 indicators.
Presolve time = 0.04 sec. (39.30 ticks)
Found incumbent of value 2.1369328e+07 after 0.05 sec. (49.71 ticks)
Probing time = 0.01 sec. (6.15 ticks)
Tried aggregator 1 time.
Detecting symmetries...
Reduced MIP has 27000 rows, 3039 columns, and 80900 nonzeros.
Reduced MIP has 3039 binaries, 0 generals, 0 SOSs, and 0 indicators.
Presolve time = 0.05 sec. (47.30 ticks)
Probing time = 0.01 sec. (6.15 ticks)
Clique table members: 2500.
MIP emphasis: balance optimality and feasibility.
MIP search method: dynamic search.
Parallel mode: deterministic, using up to 8 threads.
Root relaxation solution time = 0.10 sec. (40.38 ticks)

        Nodes                                         Cuts/
   Node  Left     Objective  IInf  Best Integer    Best Bound    ItCnt     Gap

*     0+    0                       2.13693e+07        0.0000           100.00%
*     0+    0                       1.61127e+07        0.0000           100.00%
*     0+    0                       719965.0000        0.0000           100.00%
*     0+    0                       701081.0000        0.0000           100.00%
      0     0    93774.0000   100   701081.0000    93774.0000      175   86.62%
*     0+    0                       700552.0000    93774.0000            86.61%
      0     0   106217.5000   100   700552.0000    Cuts: 1211      379   84.84%
      0     0   118774.0000    98   700552.0000    Cuts: 1184      639   83.05%
*     0+    0                       384219.0000   118774.0000            69.09%
      0     0   130091.0000   226   384219.0000 ZeroHalf: 504     2053   66.14%
*     0+    0                       379730.0000   130091.0000            65.74%
      0     0   134196.0000   209   379730.0000 ZeroHalf: 249     2487   64.66%
      0     0   139232.8935   220   379730.0000     Cuts: 462     3101   63.33%
Detecting symmetries...
      0     0   143796.4226   188   379730.0000     Cuts: 392     3615   62.13%
*     0+    0                       356282.0000   143796.4226            59.64%
      0     0   147828.9968   180   356282.0000     Cuts: 202     4145   58.51%
      0     0   149971.9012   189   356282.0000     Cuts: 120     4496   57.91%
      0     0   151630.3063   205   356282.0000     Cuts: 132     4784   57.44%
*     0+    0                       341959.0000   151630.3063            55.66%
      0     0   152875.8458   230   341959.0000     Cuts: 154     5051   55.29%
      0     0   154341.4054   231   341959.0000     Cuts: 204     5377   54.87%
*     0+    0                       335856.0000   154341.4054            54.05%
      0     0   155944.4847   181   335856.0000     Cuts: 294     5826   53.57%
      0     0   156651.1397   176   335856.0000      Cuts: 89     6058   53.36%
      0     0   158006.8625   181   335856.0000     Cuts: 134     6349   52.95%
      0     0   158998.7374   183   335856.0000      Cuts: 85     6578   52.66%
      0     0   159447.2405   202   335856.0000      Cuts: 92     6761   52.53%
      0     0   160129.0919   208   335856.0000      Cuts: 91     6989   52.32%
      0     0   160928.9699   205   335856.0000      Cuts: 95     7275   52.08%
      0     0   161491.7583   207   335856.0000     Cuts: 112     7466   51.92%
      0     0   162046.8898   184   335856.0000     Cuts: 126     7703   51.75%
      0     0   162617.7098   177   335856.0000      Cuts: 42     7985   51.58%
      0     0   163170.6833   176   335856.0000      Cuts: 67     8177   51.42%
      0     0   163894.9335   203   335856.0000      Cuts: 91     8422   51.20%
      0     0   164392.8425   196   335856.0000      Cuts: 76     8628   51.05%
      0     0   164683.6696   204   335856.0000      Cuts: 61     8780   50.97%
      0     0   165007.1458   205   335856.0000      Cuts: 73     8965   50.87%
      0     0   165344.6521   176   335856.0000     Cuts: 110     9174   50.77%
      0     0   165695.8135   181   335856.0000      Cuts: 56     9375   50.66%
      0     0   166021.9859   181   335856.0000      Cuts: 35     9526   50.57%
      0     0   166475.4468   179   335856.0000      Cuts: 45     9697   50.43%
      0     0   166656.6485   180   335856.0000      Cuts: 66     9827   50.38%
      0     0   166911.4024   187   335856.0000      Cuts: 39     9985   50.30%
      0     0   167153.2242   184   335856.0000      Cuts: 26    10120   50.23%
      0     0   167338.6104   186   335856.0000      Cuts: 34    10255   50.18%
      0     0   167553.6665   186   335856.0000      Cuts: 40    10396   50.11%
      0     0   167760.1871   182   335856.0000      Cuts: 57    10517   50.05%
      0     0   168105.7023   227   335856.0000      Cuts: 44    10729   49.95%
      0     0   168598.4665   225   335856.0000      Cuts: 81    10944   49.80%
      0     0   168871.5320   226   335856.0000      Cuts: 52    11157   49.72%
      0     0   169241.0903   229   335856.0000      Cuts: 45    11366   49.61%
      0     0   169418.4275   226   335856.0000      Cuts: 52    11475   49.56%
      0     0   169653.6374   232   335856.0000      Cuts: 61    11605   49.49%
      0     0   169894.4723   225   335856.0000      Cuts: 30    11797   49.41%
      0     0   170107.8656   206   335856.0000      Cuts: 79    11913   49.35%
      0     0   170191.8834   207   335856.0000      Cuts: 52    11996   49.33%
      0     0   170299.4148   200   335856.0000      Cuts: 49    12095   49.29%
      0     0   170406.9017   207   335856.0000      Cuts: 50    12210   49.26%
      0     0   170509.8924   201   335856.0000      Cuts: 48    12341   49.23%
      0     0   170636.0032   181   335856.0000      Cuts: 72    12462   49.19%
      0     0   170733.8499   178   335856.0000      Cuts: 36    12600   49.16%
      0     0   170768.9195   179   335856.0000      Cuts: 16    12647   49.15%
      0     0   170809.6553   181   335856.0000      Cuts: 17    12718   49.14%
Detecting symmetries...
      0     2   170809.6553   181   335856.0000   170809.6553    12718   49.14%
Elapsed time = 21.17 sec. (9160.44 ticks, tree = 0.02 MB, solutions = 10)
     10     9   179267.4379   179   335856.0000   171056.4681    14284   49.07%
     33    26   244182.0000    93   335856.0000   171746.9604    19304   48.86%
     71    67   246215.0000   110   335856.0000   171746.9604    28442   48.86%
    119    93   313907.5000    58   335856.0000   171746.9604    32376   48.86%
*   146   112      integral     0   327578.0000   171746.9604    35327   47.57%
    178   154   321475.7500    80   327578.0000   171746.9604    40911   47.57%
    241   200   298236.5000   119   327578.0000   171746.9604    49442   47.57%
    304   237   179956.1771   166   327578.0000   171746.9604    55972   47.57%
    381   281   282802.6000   102   327578.0000   171746.9604    63535   47.57%
    459   345        cutoff         327578.0000   171746.9604    71893   47.57%
    756   603   256592.8333   105   327578.0000   178679.2242   107443   45.45%
Elapsed time = 35.92 sec. (12303.67 ticks, tree = 52.11 MB, solutions = 11)
   1015   792   218591.1970   140   327578.0000   179514.3002   125333   45.20%
   1286  1002   202652.0426   176   327578.0000   179514.3002   147970   45.20%
   1515  1283   254427.1554   134   327578.0000   184378.0460   179055   43.71%

Performing restart 1

Repeating presolve.
Tried aggregator 2 times.
MIP Presolve eliminated 3451 rows and 240 columns.
Aggregator did 2 substitutions.
Reduced MIP has 23547 rows, 2797 columns, and 70543 nonzeros.
Reduced MIP has 2797 binaries, 0 generals, 0 SOSs, and 0 indicators.
Presolve time = 0.04 sec. (41.78 ticks)
Tried aggregator 1 time.
Reduced MIP has 23547 rows, 2797 columns, and 70543 nonzeros.
Reduced MIP has 2797 binaries, 0 generals, 0 SOSs, and 0 indicators.
Presolve time = 0.05 sec. (42.49 ticks)
Represolve time = 0.13 sec. (124.26 ticks)
*  1667+    0                       325169.0000   185181.9401            43.05%
   1667     0   172150.4592   216   325169.0000      Cuts: 57   208747   43.05%
   1667     0   172891.0562   221   325169.0000      Cuts: 66   209108   43.05%
   1667     0   173314.0955   220   325169.0000      Cuts: 69   209438   43.05%
*  1667+    0                       324747.0000   185181.9401            42.98%
   1667     0  -1.00000e+75     0   324747.0000   185181.9401   209438   42.98%
   1667     0   173640.1608   223   324747.0000      Cuts: 71   209593   42.98%
   1667     2   173640.1608   223   324747.0000   185181.9401   209593   42.98%
   1668     3   186250.1338   182   324747.0000   185181.9401   210246   42.98%
   1673     6   191807.0629   169   324747.0000   185181.9401   211084   42.98%
   1681     8   179334.9638   196   324747.0000   185181.9401   212704   42.98%
   1690    19   175250.9352   234   324747.0000   185181.9401   216828   42.98%
   1700    30   196028.6087   188   324747.0000   185181.9401   222188   42.98%
   1710    33   224433.1319   151   324747.0000   185181.9401   224288   42.98%
Elapsed time = 109.75 sec. (32809.30 ticks, tree = 1.69 MB, solutions = 13)
   1720    45   209538.2410   175   324747.0000   185181.9401   232519   42.98%
   1738    60   212777.7400   157   324747.0000   185181.9401   239793   42.98%
   1779    67   187525.4901   218   324747.0000   185181.9401   241980   42.98%
   1830   105   228831.4632   189   324747.0000   185181.9401   253046   42.98%
   1881   152   288227.7500    73   324747.0000   185181.9401   258770   42.98%
   1937   183   238730.6619   158   324747.0000   185181.9401   265284   42.98%
   2002   284   257600.0000    97   324747.0000   185181.9401   282459   42.98%
   2057   300   199077.6983   201   324747.0000   185181.9401   287138   42.98%
   2125   354   238145.3750   121   324747.0000   185181.9401   298098   42.98%
   2198   438   228916.7768   165   324747.0000   185181.9401   318560   42.98%
Elapsed time = 165.38 sec. (42611.84 ticks, tree = 27.38 MB, solutions = 13)
   2282   421   249357.7500   160   324747.0000   185181.9401   313335   42.98%
   2353   513   244451.6923   129   324747.0000   185181.9401   333441   42.98%
   2448   638   299585.8333   136   324747.0000   185181.9401   352957   42.98%
   2545   673   322767.7600   135   324747.0000   185181.9401   356509   42.98%
   2638   769   301081.5833   127   324747.0000   185181.9401   367258   42.98%
   2733   928   283286.9688   145   324747.0000   185181.9401   398195   42.98%
   2877   842   246954.6176   124   324747.0000   185181.9401   388524   42.98%
   2988  1102   203466.8353   216   324747.0000   185181.9401   440727   42.98%
   3110  1164   217138.0729   221   324747.0000   185181.9401   453110   42.98%
   3201  1333   256174.1667   122   324747.0000   185181.9401   484927   42.98%
Elapsed time = 221.27 sec. (52268.34 ticks, tree = 43.20 MB, solutions = 13)
   3297  1423   263632.2778   174   324747.0000   185181.9401   503609   42.98%
   3400  1407   253343.9802   177   324747.0000   185181.9401   497634   42.98%
   3522  1625   271544.9800   166   324747.0000   185181.9401   532075   42.98%
   3616  1643        cutoff         324747.0000   185181.9401   534779   42.98%
   3732  1760   299848.4037   174   324747.0000   185181.9401   552119   42.98%
   3822  1865   282990.6410   163   324747.0000   185181.9401   566089   42.98%

Performing restart 2

Repeating presolve.
Tried aggregator 1 time.
MIP Presolve eliminated 163 rows and 10 columns.
Reduced MIP has 23384 rows, 2787 columns, and 90700 nonzeros.
Reduced MIP has 2787 binaries, 0 generals, 0 SOSs, and 0 indicators.
Presolve time = 0.08 sec. (87.00 ticks)
Tried aggregator 1 time.
Reduced MIP has 23384 rows, 2787 columns, and 90700 nonzeros.
Reduced MIP has 2787 binaries, 0 generals, 0 SOSs, and 0 indicators.
Presolve time = 0.07 sec. (67.41 ticks)
Represolve time = 0.21 sec. (207.30 ticks)
   3832     0   174798.2765   233   324747.0000      Cuts: 53   592095   42.98%
   3832     0   175010.6693   230   324747.0000      Cuts: 36   592216   42.98%
   3832     0   175345.8195   227   324747.0000      Cuts: 56   592402   42.98%
*  3832+    0                       322367.0000   185181.9401            42.56%
   3832     0   175524.8470   232   322367.0000      Cuts: 72   592531   42.56%
   3832     0   175740.2615   226   322367.0000      Cuts: 51   592650   42.56%
   3832     0   176165.9205   225   322367.0000      Cuts: 72   592875   42.56%
   3832     0   176417.9208   221   322367.0000      Cuts: 74   593040   42.56%
   3832     0   176884.7006   224   322367.0000      Cuts: 70   593272   42.56%
   3832     0   177086.1548   229   322367.0000      Cuts: 86   593432   42.56%
   3832     2   177086.1548   229   322367.0000   185181.9401   593432   42.56%
   3843    11   186386.2774   180   322367.0000   185181.9401   598871   42.56%
   3905    34   242890.3750   110   322367.0000   185181.9401   610491   42.56%
   3970   108   282064.7333   133   322367.0000   185181.9401   643141   42.56%
Elapsed time = 292.50 sec. (72558.26 ticks, tree = 0.78 MB, solutions = 14)
   4086   186   276850.5000   118   322367.0000   185181.9401   671492   42.56%
   4227   310   252602.3846   114   322367.0000   185181.9401   709998   42.56%
   4420   457   198389.2412   164   322367.0000   187449.3083   743653   41.85%
   4509   525   254792.7978   206   322367.0000   187451.6041   762616   41.85%
   4624   582   296052.4545   122   322367.0000   188892.3701   779693   41.40%
   4752   768   286607.1667   108   322367.0000   189459.5737   822516   41.23%
   4872   808   258415.4891   162   322367.0000   189459.5737   839445   41.23%
   4979   913   314277.9982   168   322367.0000   189459.5737   860263   41.23%
   5114  1005   257583.2308   124   322367.0000   191695.0586   879899   40.54%
   5259  1208   316510.5000   110   322367.0000   194346.3865   922844   39.71%
Elapsed time = 343.95 sec. (82214.07 ticks, tree = 4.74 MB, solutions = 14)
   5377  1299   244288.7500   107   322367.0000   194346.3865   945388   39.71%
   5524  1417   280668.8333   115   322367.0000   199657.7682   970121   38.07%
   5653  1564   261403.2857   125   322367.0000   200005.2500  1002983   37.96%
   5800  1660   320513.8750    99   322367.0000   200444.8260  1023997   37.82%
   5966  1840   227617.8222   156   322367.0000   201473.1864  1063202   37.50%
   6116  1907   258683.5691   176   322367.0000   201964.5953  1080813   37.35%
   6303  2087   275026.1667    90   322367.0000   202977.1163  1121217   37.04%
   6442  2165   256547.5306   134   322367.0000   203451.4667  1136433   36.89%
   6622  2366   269085.9659   151   322367.0000   204559.3672  1182276   36.54%
   6759  2514   320911.3542   118   322367.0000   204559.3672  1208459   36.54%
Elapsed time = 394.51 sec. (91814.45 ticks, tree = 10.39 MB, solutions = 14)
   6903  2627   250473.2000   117   322367.0000   205451.2280  1232911   36.27%
   7031  2795   291434.5026   143   322367.0000   205797.7863  1265991   36.16%
   7157  2865   322171.7500    81   322367.0000   206239.2036  1289236   36.02%
   7294  2973   251147.9244   149   322367.0000   206239.2036  1321100   36.02%
   7433  3117   298594.5877   155   322367.0000   206239.2036  1355528   36.02%
   7583  3247   308594.0714   120   322367.0000   206246.9046  1382692   36.02%
   7695  3291   262888.9286   123   322367.0000   206813.6518  1391713   35.85%
   7857  3388   305289.1028   149   322367.0000   207096.0074  1420629   35.76%
   8032  3563   305407.2727   106   322367.0000   207112.7306  1455948   35.75%
   8198  3738   259952.9927   178   322367.0000   207682.2545  1498154   35.58%
Elapsed time = 443.69 sec. (101414.27 ticks, tree = 15.02 MB, solutions = 14)
   8356  3905   289904.0000    79   322367.0000   208013.3076  1530375   35.47%
   8521  3954   254740.3250   140   322367.0000   208105.8940  1542161   35.44%
   8679  4129   296901.6364   105   322367.0000   209079.7012  1583754   35.14%
   8880  4342        cutoff         322367.0000   209668.9647  1620495   34.96%
   8998  4493   262541.2000   129   322367.0000   210035.4798  1651972   34.85%
   9153  4571   269796.3750   129   322367.0000   210401.3900  1673784   34.73%
   9314  4684   308197.5000    60   322367.0000   210570.8176  1697945   34.68%
   9485  4819   314390.1321   125   322367.0000   210607.3263  1727152   34.67%
   9599  4924   318263.1955   152   322367.0000   211325.3154  1750760   34.45%
   9751  5065   282657.4848   127   322367.0000   212440.1227  1778948   34.10%
Elapsed time = 494.87 sec. (111008.10 ticks, tree = 20.43 MB, solutions = 14)
   9922  5191        cutoff         322367.0000   212440.1227  1813250   34.10%
  10057  5387   289829.8295   174   322367.0000   212666.1203  1858972   34.03%
  10230  5440   288232.0817   128   322367.0000   212666.1203  1872972   34.03%
  10393  5658   241772.5927   180   322367.0000   213937.9600  1922968   33.64%
  10546  5699   218706.6040   193   322367.0000   214297.5679  1931141   33.52%
  10660  5900   249416.7903   166   322367.0000   214550.5459  1973985   33.45%
  10804  5991   267642.4384   139   322367.0000   214933.4808  1994960   33.33%
  10944  6161   296649.8500   177   322367.0000   214956.2404  2042773   33.32%
  11098  6245   239716.3021   177   322367.0000   215209.0957  2062728   33.24%
* 11270  6461      integral     0   322229.0000   215507.1213  2099039   33.12%
  11769  6762   277580.8052   117   322229.0000   215794.0743  2164497   33.03%
Elapsed time = 559.23 sec. (123477.56 ticks, tree = 27.16 MB, solutions = 15)
  12365  7377   274114.4167   134   322229.0000   216463.2601  2291533   32.82%
  12941  7834   320959.5000    59   322229.0000   217230.9154  2405528   32.58%
  13549  8436   284537.9286    95   322229.0000   217805.5000  2543848   32.41%
  14171  8915   278198.5000    99   322229.0000   218199.3333  2646804   32.28%
  14726  9306   269084.6107   151   322229.0000   218872.1308  2731138   32.08%
  15413  9829   307113.3125    99   322229.0000   219244.5690  2832631   31.96%
  16065 10556   296848.8333    94   322229.0000   219502.2708  2984007   31.88%
  16655 11148   283339.0278   121   322229.0000   220191.4885  3114936   31.67%
  17328 11521   316684.5000   110   322229.0000   220687.3294  3196988   31.51%
  18023 12244   279462.0000    74   322229.0000   221014.9502  3341627   31.41%
Elapsed time = 757.78 sec. (161714.83 ticks, tree = 82.80 MB, solutions = 15)
  18720 12742   301315.2000   115   322229.0000   221667.2132  3446143   31.21%
  19333 13298   311500.9091    99   322229.0000   221890.1549  3554872   31.14%
  19878 13937   267124.4667   142   322229.0000   222278.5535  3686233   31.02%
  20411 14125   272745.9511   167   322229.0000   222666.6033  3727383   30.90%
* 20554 14551      integral     0   320949.0000   222726.7936  3814638   30.60%
  20979 14795   260615.6333   131   320949.0000   222726.7936  3892652   30.60%
  21617 15253   282748.5198   129   320949.0000   223317.7698  3997483   30.42%
  22255 15687   239050.7065   146   320949.0000   223475.7676  4083552   30.37%
  22947 16225   280141.6558   180   320949.0000   223981.0536  4201627   30.21%
  23617 16909   314996.6875   121   320949.0000   224309.1349  4333769   30.11%
  24295 17252   263284.8050   157   320949.0000   224603.3418  4404261   30.02%
Elapsed time = 945.32 sec. (199913.80 ticks, tree = 102.44 MB, solutions = 16)
  24907 17974   308721.6850   163   320949.0000   225070.7325  4558742   29.87%
  25598 18693   252619.3611   132   320949.0000   225373.6989  4710443   29.78%
  26240 19279   277162.2475   187   320949.0000   225625.2461  4824212   29.70%
* 26287 19176      integral     0   311286.0000   225625.2461  4801807   27.52%
  26847 17541   236636.4183   187   311286.0000   225966.2843  4950574   27.41%
* 26862+17378                       305998.0000   225966.2843            26.15%
  27530 16652   272905.9825   128   305998.0000   226005.6545  5050701   26.14%
  28245 17218   281538.7708   129   305998.0000   226563.5118  5165291   25.96%
  28862 17622   286277.2326   166   305998.0000   226996.5803  5251648   25.82%
  29456 18107   247051.4343   177   305998.0000   227268.8953  5351417   25.73%
  30165 18904   305951.2727   111   305998.0000   227495.1131  5521055   25.65%
  30864 19115   242896.0388   162   305998.0000   227911.6886  5574241   25.52%
Elapsed time = 1148.82 sec. (238109.82 ticks, tree = 102.81 MB, solutions = 18)
  31450 20143   263038.0024   152   305998.0000   228472.8996  5795206   25.34%
  32102 20590   283719.6163   137   305998.0000   228814.5606  5909687   25.22%
  32717 21006   283777.3443   128   305998.0000   229032.0829  5997820   25.15%
  33325 21424   285450.6250   125   305998.0000   229454.6667  6110336   25.01%
  33910 22110   289746.3750   101   305998.0000   229791.7535  6260893   24.90%
  34552 22591   258397.5294   161   305998.0000   230070.4689  6367105   24.81%
  35174 23233   298849.8522   124   305998.0000   230317.7531  6510067   24.73%
  35813 23607   293116.1437   127   305998.0000   230565.3050  6600583   24.65%
  36432 24077   282904.5000    74   305998.0000   230747.5872  6708688   24.59%
  37016 24597   266650.3333   102   305998.0000   230878.9333  6810324   24.55%
Elapsed time = 1336.11 sec. (276310.80 ticks, tree = 124.73 MB, solutions = 18)
  37614 25050   248916.3145   208   305998.0000   231166.1507  6933327   24.46%
  38329 25808   304547.9086   143   305998.0000   231275.6563  7087873   24.42%
  39060 26132   277369.7934   145   305998.0000   231506.3492  7153862   24.34%
  39593 26598   292199.8500   128   305998.0000   231668.5307  7254417   24.29%
  40260 26997   305045.2727   131   305998.0000   231842.2648  7331627   24.23%
  40913 27595   258807.6190   148   305998.0000   231984.8238  7470870   24.19%
  41617 28408   258345.3000   153   305998.0000   232096.1618  7648812   24.15%
  42327 28723   305994.8500   122   305998.0000   232355.7500  7713580   24.07%
  43063 29569   283083.0972   165   305998.0000   232533.1615  7896995   24.01%
  43767 30216        cutoff         305998.0000   232689.5846  8022711   23.96%
Elapsed time = 1526.35 sec. (314516.46 ticks, tree = 146.50 MB, solutions = 18)
* 43953+29847                       301673.0000   232698.7253            22.86%
* 43986+29845                       301394.0000   232698.7253            22.79%
  44413 28593   296063.9174   119   301394.0000   232793.2811  8096711   22.76%
  45064 28894   270750.4300   121   301394.0000   233061.8731  8172759   22.67%
  45676 29953   261939.2500   143   301394.0000   233254.5424  8425448   22.61%
  46247 29946   277860.1832   134   301394.0000   233366.5000  8419586   22.57%
  46921 30949   257986.7500   136   301394.0000   233607.8841  8641282   22.49%
  47582 31438   243895.5285   202   301394.0000   233722.6745  8749295   22.45%
  48255 31808   278843.2847   129   301394.0000   233957.4381  8845307   22.37%
  48958 32187   246230.1231   165   301394.0000   234106.6334  8917952   22.33%
  49611 32834   279627.3171   157   301394.0000   234260.4271  9071015   22.27%
  50379 33400   247134.2672   193   301394.0000   234423.5736  9187334   22.22%
Elapsed time = 1718.99 sec. (352745.99 ticks, tree = 156.31 MB, solutions = 20)
  50972 33633   273658.6538   130   301394.0000   234561.2564  9241669   22.17%
  51689 34717   296752.8182   123   301394.0000   234789.5504  9474712   22.10%
  52239 35052   240381.4731   195   301394.0000   234865.2984  9552597   22.07%
  52742 35773   272208.1090   139   301394.0000   234962.0393  9700241   22.04%
  53412 36248   263140.0132   133   301394.0000   235239.0062  9801579   21.95%
  54082 36227        cutoff         301394.0000   235384.6623  9801049   21.90%
  54849 36829        cutoff         301394.0000   235488.6950  9918317   21.87%
  55510 37619   286321.1042   138   301394.0000   235578.1250 10099809   21.84%
  56194 38546   261000.5000   102   301394.0000   235741.3965 10296488   21.78%
  56860 38448   248315.8489   152   301394.0000   235888.6413 10270198   21.73%
Elapsed time = 1897.84 sec. (390965.90 ticks, tree = 178.36 MB, solutions = 20)
  57555 39401   296534.1774   124   301394.0000   236012.3681 10488514   21.69%
  58286 39890   253388.5000   133   301394.0000   236155.3776 10599814   21.65%
  59030 40855   297966.3571    92   301394.0000   236306.9448 10802155   21.60%
  59607 40715   275000.5933   144   301394.0000   236420.4266 10767780   21.56%
  60334 41901   262618.5679   153   301394.0000   236565.4716 11005343   21.51%
  61096 42374   285687.5425   160   301394.0000   236655.7778 11098901   21.48%
  61776 42953   266033.0000    90   301394.0000   236741.6667 11216044   21.45%
  62498 43486   251279.2934   198   301394.0000   236864.3322 11337915   21.41%
  63146 44183   272856.8853   157   301394.0000   236976.6401 11496333   21.37%
  63913 44545   283124.6918   136   301394.0000   237082.9178 11573655   21.34%
Elapsed time = 2104.51 sec. (429162.44 ticks, tree = 202.52 MB, solutions = 20)
  64636 45360   292392.9400   140   301394.0000   237276.7705 11752679   21.27%
  65366 46032   300731.1250   147   301394.0000   237406.7903 11896006   21.23%
  66039 46552   293867.6389   124   301394.0000   237537.5833 12011501   21.19%
  66618 46525   295032.0000   130   301394.0000   237679.2958 12004841   21.14%
  67281 47227   294080.0526   113   301394.0000   237730.5006 12151884   21.12%
  67944 47726   298641.3333   111   301394.0000   237857.7127 12266494   21.08%
  68633 48159   287055.6000   110   301394.0000   237982.9362 12355795   21.04%
  69429 48657   272928.8808   138   301394.0000   238069.7427 12444230   21.01%
  70230 49451   259649.4438   150   301394.0000   238203.9538 12618032   20.97%
  70925 50112   273369.3000   121   301394.0000   238322.4250 12741272   20.93%
Elapsed time = 2281.74 sec. (467365.21 ticks, tree = 224.73 MB, solutions = 20)
  71588 50771   243226.6667   115   301394.0000   238322.4250 12877130   20.93%
  72373 51599        cutoff         301394.0000   238558.6032 13032388   20.85%
  73080 51805   293011.6000   106   301394.0000   238663.4806 13084245   20.81%
  73736 52622   278970.7834   128   301394.0000   238752.0175 13244307   20.78%
  74448 53039   270745.3751   183   301394.0000   238930.2066 13338626   20.72%
  75005 53734   278476.0000    75   301394.0000   238954.5000 13471275   20.72%
  75599 53992   291316.3432   142   301394.0000   239150.8436 13531945   20.65%
  76240 54556   294399.7692   103   301394.0000   239247.0750 13648950   20.62%
  76879 54942   296833.6667    71   301394.0000   239293.7606 13728849   20.60%
  77598 56040   268081.6667   126   301394.0000   239393.8139 13968679   20.57%
Elapsed time = 2464.33 sec. (505575.90 ticks, tree = 248.45 MB, solutions = 20)
  78395 56417   274368.2726   150   301394.0000   239511.2714 14051897   20.53%
  79206 56581   270062.7500    98   301394.0000   239588.7308 14084312   20.51%
  79941 57888   290961.8683   129   301394.0000   239688.8670 14344523   20.47%
  80603 58478   296168.0000   109   301394.0000   239772.4230 14466119   20.45%
  81218 58920   256552.5305   155   301394.0000   239848.5000 14563594   20.42%
  81882 59525   271815.4362   141   301394.0000   239952.7266 14686837   20.39%
  82509 59866   296313.6875   124   301394.0000   240099.1729 14756320   20.34%
  83124 60351   286512.1193   142   301394.0000   240175.8987 14859651   20.31%
  83879 60932   297555.4703   120   301394.0000   240264.0526 14988185   20.28%
  84596 61284        cutoff         301394.0000   240338.0719 15071431   20.26%
Elapsed time = 2664.36 sec. (543751.06 ticks, tree = 270.30 MB, solutions = 20)
  85268 61715   300092.0000    75   301394.0000   240385.5205 15154053   20.24%
  86083 62411   276213.4500   138   301394.0000   240462.6486 15289459   20.22%
  86875 63405        cutoff         301394.0000   240586.2955 15484404   20.18%
  87646 64085        cutoff         301394.0000   240623.0846 15624915   20.16%
  88418 64862   275090.9444   138   301394.0000   240692.5000 15786242   20.14%
  89130 65575   298178.6978   159   301394.0000   240790.6519 15929030   20.11%
  89757 65722   276423.8100   157   301394.0000   240851.6757 15962107   20.09%
  90458 66601   249764.0347   142   301394.0000   240938.0250 16135976   20.06%
  91180 66854   265593.8539   166   301394.0000   241031.9193 16184904   20.03%
  91923 67402   300338.1250   103   301394.0000   241080.0443 16295156   20.01%
Elapsed time = 2866.05 sec. (581935.46 ticks, tree = 298.69 MB, solutions = 20)
  92624 67850   289830.6667    90   301394.0000   241150.6986 16392674   19.99%
  93394 68652   300161.0000    75   301394.0000   241272.4515 16546503   19.95%
  94187 68979   285359.6875   116   301394.0000   241337.6999 16620902   19.93%
  94974 69830   280303.6667   141   301394.0000   241395.4064 16781779   19.91%
  95757 70677   280465.9327   131   301394.0000   241518.9433 16939368   19.87%
  96517 71451   264465.0104   159   301394.0000   241554.8921 17098519   19.85%
  97160 71951   297926.6667   111   301394.0000   241683.7795 17195668   19.81%
  97821 72820   278956.7975   178   301394.0000   241777.7634 17382755   19.78%
  98454 73154   301002.5000    68   301394.0000   241820.6740 17449644   19.77%
  99221 73579   257023.7746   142   301394.0000   241887.4844 17540435   19.74%
Elapsed time = 3089.35 sec. (620109.66 ticks, tree = 323.56 MB, solutions = 20)
 100006 73998   298565.0397   144   301394.0000   241957.9138 17621870   19.72%
 100720 74638   270170.4165   169   301394.0000   241998.3936 17739956   19.71%
 101381 75299   297921.6015   171   301394.0000   242096.0944 17880029   19.67%
 102116 76019   283191.4104   155   301394.0000   242177.1708 18033316   19.65%
 102875 76311   291517.6667    84   301394.0000   242257.4040 18094505   19.62%
 103602 77217   285463.7955   157   301394.0000   242351.5490 18280605   19.59%
Starting limited solution polishing.
 104370 77698   269267.1310   122   301394.0000   242416.5179 18374978   19.57%
 105013 77960   300982.4143   137   301394.0000   242440.3333 18429919   19.56%
 105559 78608   259850.5000    86   301394.0000   242511.2908 18565548   19.54%
 106194 79275   292322.7771   172   301394.0000   242586.0781 18692158   19.51%
Elapsed time = 3303.64 sec. (658287.27 ticks, tree = 346.67 MB, solutions = 20)
 106672 79681   250496.0023   156   301394.0000   242589.1039 18771065   19.51%
 106949 80058   270263.0748   196   301394.0000   242629.8701 18851995   19.50%
 107364 80427   272337.1667   117   301394.0000   242673.2461 18924370   19.48%
 107687 80672   272206.8750   115   301394.0000   242696.5852 18976025   19.48%
 108043 80803   256402.9044   180   301394.0000   242700.4076 19007585   19.47%
 108419 81223   253153.5597   178   301394.0000   242748.4444 19099141   19.46%
 108882 81701   281807.8571   152   301394.0000   242801.8379 19191820   19.44%
 109596 81918   288793.5725   143   301394.0000   242829.5068 19234280   19.43%
 109874 82033   254486.6705   167   301394.0000   242875.7133 19255904   19.42%
 110315 83013   288307.5000   111   301394.0000   242878.5152 19430049   19.41%
Elapsed time = 3417.82 sec. (696497.78 ticks, tree = 361.33 MB, solutions = 20)
 110689 83210   252693.6406   150   301394.0000   242925.4752 19474823   19.40%
 111231 83675   298032.6000   121   301394.0000   242976.8105 19571817   19.38%
 111618 83729   296620.3000   111   301394.0000   242996.1119 19586114   19.38%
 111951 83902   279299.9032   122   301394.0000   242999.5397 19621129   19.37%
 112420 84516   297632.3629   147   301394.0000   243034.6429 19740513   19.36%
 112671 84871   291370.0000    70   301394.0000   243053.7706 19811480   19.36%
 113098 85069   285054.8858   172   301394.0000   243053.7706 19847895   19.36%
 113311 85250   267767.0833   118   301394.0000   243095.8750 19883835   19.34%
 113801 85318   283471.5000    74   301394.0000   243124.6583 19900670   19.33%
 114220 86013   281147.8889    96   301394.0000   243147.4253 20030141   19.33%
Elapsed time = 3522.51 sec. (734702.79 ticks, tree = 373.52 MB, solutions = 20)
 114555 86115   249982.5964   196   301394.0000   243147.4253 20046316   19.33%
 114992 86692   265750.2377   194   301394.0000   243232.9813 20157114   19.30%
 115354 86961   294024.2030   160   301394.0000   243255.4500 20217362   19.29%
 115796 87200   258014.7484   155   301394.0000   243282.9041 20255367   19.28%
 116252 87736   292614.5000    80   301394.0000   243308.5903 20366400   19.27%
 116492 87934   271931.1285   168   301394.0000   243308.5903 20401425   19.27%
 116922 88388   279660.6391   163   301394.0000   243329.8214 20488890   19.27%

Implied bound cuts applied:  1
Zero-half cuts applied:  433
Lift and project cuts applied:  257
Gomory fractional cuts applied:  1

Root node processing (before b&c):
  Real time             =   21.13 sec. (9116.43 ticks)
Parallel b&c, 8 threads:
  Real time             = 3578.88 sec. (757320.50 ticks)
  Sync time (average)   =  611.04 sec.
  Wait time (average)   =    0.01 sec.
                          ------------
Total (root+branch&cut) = 3600.01 sec. (766436.93 ticks)
Status: Feasible
Obj: 301394

Instalacoes abertas:
Instalação 0 aberta
Instalação 1 aberta
Instalação 4 aberta
Instalação 8 aberta
Instalação 9 aberta
Instalação 13 aberta
Instalação 20 aberta
Instalação 22 aberta
Instalação 47 aberta

Atribuições (cliente -> instalação):
Cliente 0 -> Instalação 4
Cliente 1 -> Instalação 9
Cliente 2 -> Instalação 47
Cliente 3 -> Instalação 20
Cliente 4 -> Instalação 4
Cliente 5 -> Instalação 20
Cliente 6 -> Instalação 20
Cliente 7 -> Instalação 9
Cliente 8 -> Instalação 8
Cliente 9 -> Instalação 20
Cliente 10 -> Instalação 1
Cliente 11 -> Instalação 1
Cliente 12 -> Instalação 20
Cliente 13 -> Instalação 13
Cliente 14 -> Instalação 1
Cliente 15 -> Instalação 4
Cliente 16 -> Instalação 8
Cliente 17 -> Instalação 8
Cliente 18 -> Instalação 20
Cliente 19 -> Instalação 0
Cliente 20 -> Instalação 4
Cliente 21 -> Instalação 1
Cliente 22 -> Instalação 47
Cliente 23 -> Instalação 4
Cliente 24 -> Instalação 20
Cliente 25 -> Instalação 9
Cliente 26 -> Instalação 47
Cliente 27 -> Instalação 22
Cliente 28 -> Instalação 20
Cliente 29 -> Instalação 47
Cliente 30 -> Instalação 8
Cliente 31 -> Instalação 9
Cliente 32 -> Instalação 9
Cliente 33 -> Instalação 13
Cliente 34 -> Instalação 20
Cliente 35 -> Instalação 20
Cliente 36 -> Instalação 13
Cliente 37 -> Instalação 0
Cliente 38 -> Instalação 8
Cliente 39 -> Instalação 8
Cliente 40 -> Instalação 13
Cliente 41 -> Instalação 8
Cliente 42 -> Instalação 0
Cliente 43 -> Instalação 47
Cliente 44 -> Instalação 9
Cliente 45 -> Instalação 20
Cliente 46 -> Instalação 8
Cliente 47 -> Instalação 4
Cliente 48 -> Instalação 13
Cliente 49 -> Instalação 1
