Version identifier: 22.1.1.0 | 2022-11-28 | 9160aff4d
CPXPARAM_TimeLimit                               3600
Found incumbent of value 2353383.000000 after 0.00 sec. (3.36 ticks)
Tried aggregator 1 time.
MIP Presolve eliminated 50 rows and 1 columns.
Reduced MIP has 51950 rows, 3538 columns, and 155750 nonzeros.
Reduced MIP has 3538 binaries, 0 generals, 0 SOSs, and 0 indicators.
Presolve time = 0.08 sec. (69.13 ticks)
Probing time = 0.02 sec. (7.92 ticks)
Tried aggregator 1 time.
Detecting symmetries...
Reduced MIP has 51950 rows, 3538 columns, and 155750 nonzeros.
Reduced MIP has 3538 binaries, 0 generals, 0 SOSs, and 0 indicators.
Presolve time = 0.10 sec. (84.10 ticks)
Probing time = 0.03 sec. (7.97 ticks)
Clique table members: 2500.
MIP emphasis: balance optimality and feasibility.
MIP search method: dynamic search.
Parallel mode: deterministic, using up to 8 threads.
Root relaxation solution time = 0.18 sec. (75.97 ticks)

        Nodes                                         Cuts/
   Node  Left     Objective  IInf  Best Integer    Best Bound    ItCnt     Gap

*     0+    0                      2353383.0000        0.0000           100.00%
*     0+    0                      1596062.0000        0.0000           100.00%
*     0+    0                      1557204.0000        0.0000           100.00%
      0     0    93774.0000   100  1557204.0000    93774.0000      187   93.98%
      0     0   106217.5000   100  1557204.0000    Cuts: 2498      394   93.18%
      0     0   118774.0000    98  1557204.0000    Cuts: 2377      789   92.37%
      0     0   130934.8750   195  1557204.0000 ZeroHalf: 1055     2351   91.59%
*     0+    0                      1556371.0000   130934.8750            91.59%
      0     0  -1.00000e+75     0  1556371.0000   130934.8750     2351   91.59%
      0     0   138202.7222   185  1556371.0000 ZeroHalf: 1098     3363   91.12%
      0     0   144204.1120   199  1556371.0000     Cuts: 842     4312   90.73%
Detecting symmetries...
      0     0   150944.0611   185  1556371.0000     Cuts: 437     5170   90.30%
*     0+    0                      1033773.0000   150944.0611            85.40%
      0     0   155792.4099   183  1033773.0000     Cuts: 295     5803   84.93%
*     0+    0                       964850.0000   155792.4099            83.85%
      0     0  -1.00000e+75     0   964850.0000   155792.4099     5803   83.85%
      0     0   159071.4446   227   964850.0000     Cuts: 319     6273   83.51%
      0     0   161990.0078   220   964850.0000     Cuts: 206     6806   83.21%
*     0+    0                       921498.0000   161990.0078            82.42%
      0     0   163819.2948   204   921498.0000     Cuts: 616     7305   82.22%
      0     0   166829.3319   218   921498.0000     Cuts: 524     7892   81.90%
      0     0   168555.1323   221   921498.0000     Cuts: 134     8178   81.71%
*     0+    0                       784999.0000   168555.1323            78.53%
      0     0   170268.5741   180   784999.0000     Cuts: 377     8588   78.31%
      0     0   172458.9502   205   784999.0000      Cuts: 89     9059   78.03%
      0     0   174053.8609   207   784999.0000     Cuts: 107     9535   77.83%
      0     0   175394.9173   205   784999.0000     Cuts: 257     9975   77.66%
      0     0   176922.8163   195   784999.0000     Cuts: 229    10449   77.46%
*     0+    0                       723904.0000   176922.8163            75.56%
      0     0   178670.2209   225   723904.0000     Cuts: 131    10921   75.32%
      0     0   179633.1893   217   723904.0000     Cuts: 132    11221   75.19%
      0     0   180473.3799   206   723904.0000     Cuts: 292    11456   75.07%
      0     0   181804.7905   232   723904.0000     Cuts: 211    11934   74.89%
      0     0   182950.0602   204   723904.0000     Cuts: 479    12275   74.73%
      0     0   184388.7506   213   723904.0000     Cuts: 225    12789   74.53%
      0     0   185660.7077   207   723904.0000     Cuts: 104    13126   74.35%
      0     0   186738.7274   205   723904.0000     Cuts: 146    13451   74.20%
      0     0   188073.8551   203   723904.0000      Cuts: 87    13917   74.02%
      0     0   188750.7239   204   723904.0000     Cuts: 176    14192   73.93%
      0     0   189396.3847   219   723904.0000     Cuts: 286    14519   73.84%
      0     0   190051.1074   212   723904.0000      Cuts: 98    14857   73.75%
      0     0   190555.0692   206   723904.0000      Cuts: 66    15111   73.68%
      0     0   191161.1286   196   723904.0000      Cuts: 98    15366   73.59%
      0     0   191875.5357   206   723904.0000     Cuts: 124    15682   73.49%
      0     0   192508.9134   209   723904.0000     Cuts: 131    16086   73.41%
      0     0   193253.9918   207   723904.0000      Cuts: 76    16439   73.30%
      0     0   194093.1538   203   723904.0000     Cuts: 108    16839   73.19%
      0     0   194685.5214   238   723904.0000     Cuts: 165    17135   73.11%
      0     0   195214.6192   229   723904.0000      Cuts: 80    17404   73.03%
      0     0   195768.3583   205   723904.0000     Cuts: 225    17627   72.96%
      0     0   196362.8013   210   723904.0000      Cuts: 74    17989   72.87%
      0     0   196689.5554   209   723904.0000      Cuts: 67    18295   72.83%
      0     0   197029.3754   246   723904.0000      Cuts: 96    18553   72.78%
      0     0   197510.5729   240   723904.0000      Cuts: 87    18830   72.72%
      0     0   197786.0384   247   723904.0000      Cuts: 51    19106   72.68%
      0     0   198106.4540   206   723904.0000      Cuts: 56    19325   72.63%
      0     0   198354.3168   239   723904.0000      Cuts: 75    19540   72.60%
      0     0   198540.5676   211   723904.0000      Cuts: 73    19706   72.57%
      0     0   198854.8077   214   723904.0000      Cuts: 71    19940   72.53%
      0     0   199081.1126   234   723904.0000      Cuts: 87    20150   72.50%
      0     0   199441.5925   235   723904.0000      Cuts: 46    20360   72.45%
      0     0   199685.0751   239   723904.0000      Cuts: 83    20561   72.42%
      0     0   199992.9750   223   723904.0000     Cuts: 161    20784   72.37%
      0     0   200333.9303   226   723904.0000     Cuts: 118    21041   72.33%
      0     0   200651.5739   238   723904.0000      Cuts: 70    21222   72.28%
      0     0   200838.9230   216   723904.0000      Cuts: 89    21390   72.26%
      0     0   201035.5146   211   723904.0000      Cuts: 35    21605   72.23%
      0     0   201233.4111   241   723904.0000      Cuts: 38    21793   72.20%
      0     0   201494.0526   248   723904.0000      Cuts: 64    21972   72.17%
      0     0   201665.3662   217   723904.0000  ZeroHalf: 50    22163   72.14%
      0     0   201844.9368   245   723904.0000      Cuts: 48    22333   72.12%
      0     0   202089.2652   247   723904.0000      Cuts: 51    22546   72.08%
      0     0   202208.4462   242   723904.0000      Cuts: 21    22653   72.07%
      0     0   202432.4717   238   723904.0000      Cuts: 37    22773   72.04%
      0     0   202663.6297   202   723904.0000      Cuts: 85    22928   72.00%
      0     0   202935.2284   210   723904.0000      Cuts: 40    23132   71.97%
      0     0   203287.2510   243   723904.0000      Cuts: 36    23387   71.92%
      0     0   203651.6622   213   723904.0000      Cuts: 37    23602   71.87%
      0     0   203795.8783   247   723904.0000      Cuts: 44    23760   71.85%
      0     0   204034.6803   244   723904.0000      Cuts: 76    23938   71.81%
      0     0   204335.5385   207   723904.0000      Cuts: 90    24143   71.77%
      0     0   204516.3294   217   723904.0000     Cuts: 118    24353   71.75%
      0     0   204759.5044   227   723904.0000      Cuts: 30    24539   71.71%
      0     0   204911.7403   218   723904.0000      Cuts: 64    24690   71.69%
      0     0   205029.5580   224   723904.0000      Cuts: 23    24794   71.68%
Detecting symmetries...
      0     2   205029.5580   224   723904.0000   205029.5580    24794   71.68%
Elapsed time = 43.85 sec. (31488.47 ticks, tree = 0.02 MB, solutions = 9)
      2     4   205267.7711   219   723904.0000   205036.5158    25074   71.68%
      6     3   222801.2299   190   723904.0000   205036.5158    25821   71.68%
     14    11   242056.0939   194   723904.0000   205435.6549    27958   71.62%
     25    20   222861.4903   205   723904.0000   205775.6954    31420   71.57%
     31    26   251120.6358   208   723904.0000   205775.6954    33175   71.57%
     40    38   213755.1509   205   723904.0000   205782.7680    39979   71.57%
     51    42   267934.0661   174   723904.0000   205782.7680    41712   71.57%
     61    51   267391.4331   164   723904.0000   205782.7680    45488   71.57%
     69    64   292814.2500   114   723904.0000   205782.7680    50424   71.57%
    133   112   337511.5000    93   723904.0000   205782.7680    66039   71.57%
Elapsed time = 71.47 sec. (34802.87 ticks, tree = 6.43 MB, solutions = 9)
    260   197   477655.0000    66   723904.0000   205782.7680    80584   71.57%
    425   317   646234.5000    39   723904.0000   205782.7680    91677   71.57%
    651   543   717650.0000    19   723904.0000   205782.7680   108237   71.57%
*   677+  462                       714594.0000   205782.7680            71.20%
    737   635   450926.5000    71   714594.0000   205782.7680   114872   71.20%
    810   695   582140.0000    79   714594.0000   205782.7680   126103   71.20%
    947   735   273508.9842   173   714594.0000   205782.7680   141651   71.20%
   1109   880   408658.0000    75   714594.0000   205782.7680   158889   71.20%
   1331  1019   540121.1250    93   714594.0000   205782.7680   174235   71.20%
   1575  1335   500754.0000    85   714594.0000   209366.4521   197756   70.70%
   1730  1479   630917.0000    53   714594.0000   215813.7467   206902   69.80%
Elapsed time = 137.22 sec. (44394.16 ticks, tree = 286.17 MB, solutions = 10)
   1749  1261   223342.2224   185   714594.0000   217818.1634   191240   69.52%

Performing restart 1

Repeating presolve.
Tried aggregator 1 time.
MIP Presolve eliminated 831 rows and 28 columns.
Reduced MIP has 51119 rows, 3510 columns, and 153257 nonzeros.
Reduced MIP has 3510 binaries, 0 generals, 0 SOSs, and 0 indicators.
Presolve time = 0.07 sec. (70.31 ticks)
Tried aggregator 1 time.
Reduced MIP has 51119 rows, 3510 columns, and 153257 nonzeros.
Reduced MIP has 3510 binaries, 0 generals, 0 SOSs, and 0 indicators.
Presolve time = 0.09 sec. (85.60 ticks)
Represolve time = 0.26 sec. (221.93 ticks)
*  1750+    0                       714307.0000   219044.4764            69.33%
   1750     0   205191.7858   218   714307.0000      Cuts: 94   223644   69.33%
   1750     0   205471.5235   222   714307.0000      Cuts: 84   223825   69.33%
   1750     0   205725.5585   206   714307.0000      Cuts: 85   223987   69.33%
   1750     0   206061.6738   215   714307.0000     Cuts: 130   224192   69.33%
   1750     0   206340.5538   211   714307.0000      Cuts: 97   224459   69.33%
   1750     2   206340.5538   211   714307.0000   219044.4764   224459   69.33%
   1751     3   206604.2487   205   714307.0000   219044.4764   224596   69.33%
   1753     5   206645.8614   209   714307.0000   219044.4764   224713   69.33%
   1754     4   224564.5724   202   714307.0000   219044.4764   225671   69.33%
   1756     3   225577.2953   195   714307.0000   219044.4764   225181   69.33%
   1759    10   206938.7126   214   714307.0000   219044.4764   226988   69.33%
   1766     9   240020.3667   201   714307.0000   219044.4764   226878   69.33%
   1768     6   227471.1086   188   714307.0000   219044.4764   225334   69.33%
   1773    19   231910.4107   205   714307.0000   219044.4764   232752   69.33%
Elapsed time = 264.73 sec. (72514.14 ticks, tree = 1.21 MB, solutions = 11)
   1779    20   232388.8973   204   714307.0000   219044.4764   233624   69.33%
   1784    22   228967.4471   208   714307.0000   219044.4764   233565   69.33%
   1786    29   241263.7297   199   714307.0000   219044.4764   236992   69.33%
   1792    32   225289.6425   208   714307.0000   219044.4764   241044   69.33%
   1799    42   233289.7705   202   714307.0000   219044.4764   247101   69.33%
   1806    51   233660.9602   208   714307.0000   219044.4764   251528   69.33%
   1819    53   233648.9667   211   714307.0000   219044.4764   252221   69.33%
   1837    65   228528.1341   203   714307.0000   219044.4764   256194   69.33%
   1869    84   236530.0750   184   714307.0000   219044.4764   258547   69.33%
   1907    95   255482.3092   182   714307.0000   219044.4764   262045   69.33%
Elapsed time = 365.34 sec. (83491.17 ticks, tree = 2.72 MB, solutions = 11)
   1956   117   212953.0875   204   714307.0000   219044.4764   269022   69.33%
   2012   163   243000.4008   163   714307.0000   219044.4764   278600   69.33%
   2054   238   246257.8974   201   714307.0000   219044.4764   294982   69.33%
   2085   168   280332.1671   158   714307.0000   219044.4764   282670   69.33%
   2119   198   268476.4226   157   714307.0000   219044.4764   287001   69.33%
   2139   328   252038.8595   173   714307.0000   219044.4764   317574   69.33%
   2165   392   268661.5517   160   714307.0000   219044.4764   331826   69.33%
   2206   358   280305.4495   162   714307.0000   219044.4764   324768   69.33%
   2245   390   248979.3115   194   714307.0000   219044.4764   330811   69.33%
   2277   414   286848.1289   144   714307.0000   219044.4764   338901   69.33%
Elapsed time = 467.46 sec. (93327.82 ticks, tree = 4.09 MB, solutions = 11)
   2308   419   272166.2135   165   714307.0000   219044.4764   340687   69.33%
   2332   516   294661.2130   144   714307.0000   219044.4764   360094   69.33%
   2353   545   289297.2947   146   714307.0000   219044.4764   364864   69.33%
   2370   575   307600.0083   174   714307.0000   219044.4764   371524   69.33%
   2386   577   285023.0595   189   714307.0000   219044.4764   371691   69.33%
   2407   600   228650.2208   208   714307.0000   219044.4764   378728   69.33%
   2438   585   281052.8332   181   714307.0000   219044.4764   375184   69.33%
   2459   591   320819.7584   156   714307.0000   219044.4764   376954   69.33%
   2483   669   287280.8973   181   714307.0000   219044.4764   397165   69.33%
   2514   724   299770.5688   143   714307.0000   219044.4764   410645   69.33%
Elapsed time = 575.43 sec. (103357.03 ticks, tree = 38.39 MB, solutions = 11)
   2533   729   320334.9868   165   714307.0000   219044.4764   412304   69.33%
   2558   738   336873.8470   156   714307.0000   219044.4764   413712   69.33%
   2582   760   236995.6965   183   714307.0000   219044.4764   423024   69.33%
   2602   761   273869.1179   191   714307.0000   219044.4764   424493   69.33%
   2628   767   265211.2139   201   714307.0000   219044.4764   425668   69.33%
   2664   849   292427.3609   153   714307.0000   219044.4764   443325   69.33%
   2705   779   317663.0782   173   714307.0000   219044.4764   429122   69.33%
   2717   859   324618.9912   147   714307.0000   219044.4764   446374   69.33%
   2732   917   287047.6483   208   714307.0000   219044.4764   462398   69.33%
   2760   951   352006.1130   143   714307.0000   219044.4764   468186   69.33%
Elapsed time = 687.13 sec. (113494.72 ticks, tree = 41.55 MB, solutions = 11)
   2780   900   249251.8393   206   714307.0000   219044.4764   457398   69.33%
   2811   995   353647.1953   157   714307.0000   219044.4764   477421   69.33%
   2845  1035   331485.1886   146   714307.0000   219044.4764   486696   69.33%
   2866  1009   305874.3629   203   714307.0000   219044.4764   481826   69.33%
   2880  1057   317330.1882   162   714307.0000   219044.4764   490437   69.33%
   2896  1013   306499.6193   200   714307.0000   219044.4764   482563   69.33%
   2930  1097   343600.1079   174   714307.0000   219044.4764   499075   69.33%
   2978  1146   296764.2360   201   714307.0000   219044.4764   510235   69.33%
   3021  1100   363157.9890   206   714307.0000   219044.4764   500186   69.33%
   3056  1108   317241.0873   163   714307.0000   219044.4764   501653   69.33%
Elapsed time = 803.04 sec. (123335.98 ticks, tree = 41.56 MB, solutions = 11)
   3108  1150   324235.8433   174   714307.0000   219044.4764   507580   69.33%
   3142  1198   309783.7087   169   714307.0000   219044.4764   520037   69.33%
   3168  1322   342970.1678   135   714307.0000   219044.4764   545146   69.33%
   3209  1270   366223.8758   161   714307.0000   219044.4764   536194   69.33%
   3262  1279   367491.1566   161   714307.0000   219044.4764   537362   69.33%
   3315  1421   365361.7554   143   714307.0000   219044.4764   560446   69.33%
   3366  1454   283097.3878   158   714307.0000   219044.4764   564961   69.33%
   3403  1574   345244.4235   141   714307.0000   219044.4764   583098   69.33%
   3432  1516   375469.8666   150   714307.0000   219044.4764   573938   69.33%
   3466  1627   391618.8512   122   714307.0000   219044.4764   593094   69.33%
Elapsed time = 907.81 sec. (133217.77 ticks, tree = 45.48 MB, solutions = 11)
   3527  1605   353195.4992   162   714307.0000   219044.4764   589607   69.33%
   3568  1641   400032.6562   134   714307.0000   219044.4764   593695   69.33%
   3609  1740   357236.1617   177   714307.0000   219044.4764   607791   69.33%
   3639  1663   388603.5333   149   714307.0000   219044.4764   598416   69.33%
   3695  1675   397485.4922   155   714307.0000   219044.4764   599947   69.33%
   3747  1879   428307.6574   118   714307.0000   219044.4764   630893   69.33%
   3796  1880   363591.9000   125   714307.0000   219044.4764   631347   69.33%
   3847  1814   454507.9000   115   714307.0000   219044.4764   619365   69.33%
   3893  2016   494219.7500   109   714307.0000   219044.4764   646133   69.33%
   4046  2029   489849.5000   182   714307.0000   219044.4764   647637   69.33%
Elapsed time = 1023.31 sec. (145867.04 ticks, tree = 48.08 MB, solutions = 11)

Performing restart 2

Repeating presolve.
Tried aggregator 1 time.
Reduced MIP has 51119 rows, 3510 columns, and 200915 nonzeros.
Reduced MIP has 3510 binaries, 0 generals, 0 SOSs, and 0 indicators.
Presolve time = 0.13 sec. (117.04 ticks)
Tried aggregator 1 time.
Reduced MIP has 51119 rows, 3510 columns, and 200915 nonzeros.
Reduced MIP has 3510 binaries, 0 generals, 0 SOSs, and 0 indicators.
Presolve time = 0.15 sec. (134.36 ticks)
Represolve time = 0.39 sec. (339.07 ticks)
   4053     0   206955.7477   222   714307.0000     Cuts: 120   689501   69.33%
   4053     0   207349.4566   217   714307.0000     Cuts: 100   689703   69.33%
   4053     0   207900.0907   211   714307.0000      Cuts: 82   689966   69.33%
*  4053+    0                       712866.0000   219044.4764            69.27%
   4053     0  -1.00000e+75     0   712866.0000   219044.4764   689966   69.27%
   4053     0   208381.2345   217   712866.0000     Cuts: 163   690217   69.27%
   4053     0   208701.2026   215   712866.0000     Cuts: 115   690485   69.27%
   4053     0   209152.2909   237   712866.0000     Cuts: 142   690770   69.27%
   4053     0   209509.4455   243   712866.0000     Cuts: 108   691076   69.27%
   4053     0   210216.4570   248   712866.0000     Cuts: 114   691430   69.27%
   4053     2   210216.4570   248   712866.0000   219044.4764   691430   69.27%
   4134    58   252462.0501   170   712866.0000   219044.4764   728929   69.27%
   4361   270   629476.5000    61   712866.0000   219044.4764   779679   69.27%
   4654   535   376837.3333   109   712866.0000   219044.4764   851049   69.27%
   5012   760   265095.5014   172   712866.0000   219044.4764   901903   69.27%
   5325  1109   412811.0000    76   712866.0000   223652.9659   981200   68.63%
*  5708  1425      integral     0   708485.0000   223652.9659  1038040   68.43%
   5785  1555   704768.8333    32   708485.0000   223652.9659  1063686   68.43%
   6051  1780   312630.4982   169   708485.0000   223652.9659  1111559   68.43%
*  6288+ 1986                       696809.0000   226444.6837            67.50%
   6317  2033   567794.7500    76   696809.0000   226444.6837  1162452   67.50%
   6519  2196   448646.3755   172   696809.0000   226681.5999  1208751   67.47%
Elapsed time = 1388.87 sec. (199761.65 ticks, tree = 56.08 MB, solutions = 14)
   6733  2396   499243.3333   131   696809.0000   226681.5999  1251576   67.47%
   6995  2642   469602.5442   172   696809.0000   226681.5999  1294820   67.47%
*  7041+ 2729                       692889.0000   226681.5999            67.28%
   7233  2850   297926.7018   203   692889.0000   226681.5999  1337059   67.28%
   7378  3067   289313.9777   213   692889.0000   226681.5999  1389544   67.28%
   7575  3226   311882.1946   208   692889.0000   227952.2475  1425128   67.10%
   7805  3475   364654.2709   188   692889.0000   227952.2475  1480375   67.10%
   8058  3649   491975.3544   209   692889.0000   227952.2475  1516319   67.10%
   8286  3956   461365.8526   220   692889.0000   227952.2475  1580685   67.10%
   8512  4124   290611.7862   205   692889.0000   228065.9806  1619714   67.08%
   8707  4352   325007.2867   180   692889.0000   228065.9806  1664591   67.08%
Elapsed time = 1827.50 sec. (238028.92 ticks, tree = 77.95 MB, solutions = 15)
   8892  4534   620800.0456   170   692889.0000   228065.9806  1708182   67.08%
   9099  4672   290658.1042   213   692889.0000   228065.9806  1741711   67.08%
   9259  4862   354049.9466   214   692889.0000   228364.4141  1783024   67.04%
   9463  5064   499542.1149   158   692889.0000   229087.3185  1835748   66.94%
   9643  5226   381253.7803   195   692889.0000   229087.3185  1873315   66.94%
   9871  5396   463340.7078   171   692889.0000   229087.3185  1910382   66.94%
  10081  5693   327513.5000    91   692889.0000   229188.8231  1977685   66.92%
  10325  5906   572672.6850   186   692889.0000   229188.8231  2024013   66.92%
  10680  6049   553679.5000    69   692889.0000   229827.2263  2058385   66.83%
  10939  6512   557083.1667   100   692889.0000   229827.2263  2143999   66.83%
Elapsed time = 2225.54 sec. (276307.64 ticks, tree = 96.08 MB, solutions = 15)
  11154  6776   258723.0927   168   692889.0000   230405.6406  2213129   66.75%
  11441  6903   621966.5000    42   692889.0000   230405.6406  2240130   66.75%
  11716  7228   503289.9688   154   692889.0000   230405.6406  2319142   66.75%
  11992  7435   549350.8264   184   692889.0000   230405.6406  2375087   66.75%
  12220  7618   315660.9561   212   692889.0000   230405.6406  2408377   66.75%
* 12424+ 7885                       688293.0000   230405.6406            66.53%
* 12432+ 7885                       687865.0000   230405.6406            66.50%
  12501  7970   517900.3462   122   687865.0000   230405.6406  2489270   66.50%
  12741  8259   629242.1667   132   687865.0000   230713.6473  2545008   66.46%
  13023  8434   497073.3623   156   687865.0000   230713.6473  2581732   66.46%
  13262  8706   621052.3175   185   687865.0000   230713.6473  2627891   66.46%
  13532  8883   676706.8750   127   687865.0000   230713.6473  2662530   66.46%
Elapsed time = 2633.52 sec. (314631.58 ticks, tree = 114.02 MB, solutions = 17)
  13738  9246   663008.8039   157   687865.0000   230713.6473  2749983   66.46%
  13937  9313   524633.9029   149   687865.0000   230713.6473  2763769   66.46%
  14139  9574   548447.5763   194   687865.0000   230713.6473  2835590   66.46%
  14355  9804   425037.5931   186   687865.0000   230713.6473  2898689   66.46%
  14570  9945   280169.2217   197   687865.0000   230713.6473  2939403   66.46%
  14775 10144   485649.3491   199   687865.0000   231198.8806  2985048   66.39%
  14950 10303   536638.7499   171   687865.0000   231198.8806  3028630   66.39%
  15134 10459   366937.8504   200   687865.0000   231198.8806  3076145   66.39%
  15374 10678   424106.6056   186   687865.0000   231198.8806  3141105   66.39%
  15603 10981   528976.9063   163   687865.0000   231198.8806  3211450   66.39%
Elapsed time = 3059.55 sec. (352983.58 ticks, tree = 129.96 MB, solutions = 17)
  15879 11113   621460.5986   132   687865.0000   231198.8806  3242007   66.39%
  16114 11567   645404.9018   136   687865.0000   233450.0967  3340992   66.06%
  16289 11620   285718.0344   202   687865.0000   234098.6657  3351226   65.97%
  16508 11905   664207.0000    65   687865.0000   234132.2546  3425022   65.96%
Starting limited solution polishing.
  16722 12088   384966.2672   155   687865.0000   234298.0070  3472414   65.94%
* 16775+12065                       686702.0000   234298.0070            65.88%
  16936 12121   458712.9626   174   686702.0000   234298.0070  3479534   65.88%
  17150 12522   497349.2721   144   686702.0000   234298.0070  3578559   65.88%
  17368 12733   424430.7875   178   686702.0000   234348.8121  3630783   65.87%
* 17394+12677                       681088.0000   234348.8121            65.59%
  17593 12740   615914.8301   170   681088.0000   234348.8121  3632481   65.59%
  17920 13136   429302.9626   179   681088.0000   234348.8121  3745949   65.59%
Elapsed time = 3430.80 sec. (391345.83 ticks, tree = 145.15 MB, solutions = 19)
* 17925+13060                       673129.0000   234348.8121            65.19%
  18100 12859   598609.4639   142   673129.0000   234394.0725  3687799   65.18%
  18304 13227   240541.4049   199   673129.0000   234419.8617  3791051   65.17%
* 18429+13100                       656571.0000   234901.4607            64.22%
  18448 13484   354885.5450   172   656571.0000   234901.4607  3869938   64.22%
  18587 13213   309713.2326   248   656571.0000   234901.4607  3901732   64.22%
  18824 13338   489078.9401   148   656571.0000   234901.4607  3931716   64.22%
  18960 13497   304025.2336   204   656571.0000   236068.7757  3967357   64.05%
  19226 13697   622115.7500    69   656571.0000   236156.5348  4014057   64.03%
  19266 13319   447146.8887   142   656571.0000   236156.5348  3929381   64.03%

Implied bound cuts applied:  1
Zero-half cuts applied:  331
Lift and project cuts applied:  47

Root node processing (before b&c):
  Real time             =   43.78 sec. (31399.64 ticks)
Parallel b&c, 8 threads:
  Real time             = 3556.24 sec. (392801.98 ticks)
  Sync time (average)   =  795.04 sec.
  Wait time (average)   =    0.02 sec.
                          ------------
Total (root+branch&cut) = 3600.02 sec. (424201.62 ticks)
Status: Feasible
Obj: 656571

Instalacoes abertas:
Instalação 0 aberta
Instalação 1 aberta
Instalação 4 aberta
Instalação 8 aberta
Instalação 9 aberta
Instalação 13 aberta
Instalação 16 aberta
Instalação 18 aberta
Instalação 20 aberta
Instalação 22 aberta
Instalação 23 aberta
Instalação 25 aberta
Instalação 30 aberta
Instalação 31 aberta
Instalação 39 aberta
Instalação 46 aberta
Instalação 47 aberta
Instalação 49 aberta

Atribuições (cliente -> instalação):
Cliente 0 -> Instalação 8
Cliente 1 -> Instalação 0
Cliente 2 -> Instalação 13
Cliente 3 -> Instalação 39
Cliente 4 -> Instalação 49
Cliente 5 -> Instalação 8
Cliente 6 -> Instalação 9
Cliente 7 -> Instalação 4
Cliente 8 -> Instalação 49
Cliente 9 -> Instalação 20
Cliente 10 -> Instalação 18
Cliente 11 -> Instalação 23
Cliente 12 -> Instalação 16
Cliente 13 -> Instalação 25
Cliente 14 -> Instalação 1
Cliente 15 -> Instalação 30
Cliente 16 -> Instalação 25
Cliente 17 -> Instalação 22
Cliente 18 -> Instalação 20
Cliente 19 -> Instalação 9
Cliente 20 -> Instalação 18
Cliente 21 -> Instalação 1
Cliente 22 -> Instalação 39
Cliente 23 -> Instalação 30
Cliente 24 -> Instalação 49
Cliente 25 -> Instalação 30
Cliente 26 -> Instalação 0
Cliente 27 -> Instalação 39
Cliente 28 -> Instalação 22
Cliente 29 -> Instalação 13
Cliente 30 -> Instalação 23
Cliente 31 -> Instalação 23
Cliente 32 -> Instalação 31
Cliente 33 -> Instalação 20
Cliente 34 -> Instalação 16
Cliente 35 -> Instalação 0
Cliente 36 -> Instalação 25
Cliente 37 -> Instalação 9
Cliente 38 -> Instalação 46
Cliente 39 -> Instalação 13
Cliente 40 -> Instalação 1
Cliente 41 -> Instalação 31
Cliente 42 -> Instalação 47
Cliente 43 -> Instalação 8
Cliente 44 -> Instalação 47
Cliente 45 -> Instalação 4
Cliente 46 -> Instalação 46
Cliente 47 -> Instalação 4
Cliente 48 -> Instalação 20
Cliente 49 -> Instalação 47
