Version identifier: 22.1.1.0 | 2022-11-28 | 9160aff4d
CPXPARAM_TimeLimit                               3600
Found incumbent of value 1871920.000000 after 0.00 sec. (4.10 ticks)
Tried aggregator 1 time.
MIP Presolve eliminated 50 rows and 1 columns.
Reduced MIP has 63750 rows, 3774 columns, and 191150 nonzeros.
Reduced MIP has 3774 binaries, 0 generals, 0 SOSs, and 0 indicators.
Presolve time = 0.10 sec. (83.25 ticks)
Probing time = 0.03 sec. (8.81 ticks)
Tried aggregator 1 time.
Detecting symmetries...
Reduced MIP has 63750 rows, 3774 columns, and 191150 nonzeros.
Reduced MIP has 3774 binaries, 0 generals, 0 SOSs, and 0 indicators.
Presolve time = 0.12 sec. (101.60 ticks)
Probing time = 0.04 sec. (8.88 ticks)
Clique table members: 2500.
MIP emphasis: balance optimality and feasibility.
MIP search method: dynamic search.
Parallel mode: deterministic, using up to 8 threads.
Root relaxation solution time = 0.24 sec. (92.62 ticks)

        Nodes                                         Cuts/
   Node  Left     Objective  IInf  Best Integer    Best Bound    ItCnt     Gap

*     0+    0                      1871920.0000        0.0000           100.00%
      0     0    93774.0000   100  1871920.0000    93774.0000      186   94.99%
      0     0   106217.5000   100  1871920.0000    Cuts: 3136      374   94.33%
      0     0   118774.0000    98  1871920.0000    Cuts: 3045      658   93.65%
      0     0   131111.1667   149  1871920.0000    Cuts: 1232     2028   93.00%
*     0+    0                      1852833.0000   131111.1667            92.92%
*     0+    0                      1771783.0000   131111.1667            92.60%
*     0+    0                      1759968.0000   131111.1667            92.55%
*     0+    0                      1744869.0000   131111.1667            92.49%
*     0+    0                      1743795.0000   131111.1667            92.48%
      0     0  -1.00000e+75     0  1743795.0000   131111.1667     2028   92.48%
      0     0   135445.2619   216  1743795.0000 ZeroHalf: 1441     2563   92.23%
*     0+    0                      1581213.0000   135445.2619            91.43%
      0     0   143355.5625   174  1581213.0000     Cuts: 992     3490   90.93%
Detecting symmetries...
      0     0   151282.8544   182  1581213.0000    Cuts: 1491     4548   90.43%
*     0+    0                      1576725.0000   151282.8544            90.41%
*     0+    0                      1566282.0000   151282.8544            90.34%
      0     0  -1.00000e+75     0  1566282.0000   151282.8544     4548   90.34%
      0     0   159479.3044   221  1566282.0000     Cuts: 367     5492   89.82%
*     0+    0                      1445462.0000   159479.3044            88.97%
      0     0   164910.8965   195  1445462.0000     Cuts: 597     6388   88.59%
      0     0   169629.6644   208  1445462.0000     Cuts: 685     7294   88.26%
      0     0   173998.2582   206  1445462.0000     Cuts: 450     8148   87.96%
      0     0   177021.2508   202  1445462.0000     Cuts: 209     8594   87.75%
      0     0   180150.2302   210  1445462.0000     Cuts: 262     9203   87.54%
      0     0   182443.6615   248  1445462.0000 ZeroHalf: 117     9731   87.38%
      0     0   185676.4858   237  1445462.0000     Cuts: 632    10434   87.15%
      0     0   187547.9842   199  1445462.0000     Cuts: 256    11023   87.03%
      0     0   188704.5781   201  1445462.0000     Cuts: 437    11510   86.95%
      0     0   190624.0767   194  1445462.0000     Cuts: 227    12048   86.81%
      0     0   192367.3462   227  1445462.0000     Cuts: 228    12585   86.69%
      0     0   194021.7049   197  1445462.0000      Cuts: 95    13014   86.58%
      0     0   195757.1577   193  1445462.0000     Cuts: 279    13556   86.46%
      0     0   198087.8320   198  1445462.0000     Cuts: 169    14278   86.30%
*     0+    0                      1338531.0000   198087.8320            85.20%
      0     0   200165.1163   219  1338531.0000     Cuts: 129    14834   85.05%
*     0+    0                      1315963.0000   200165.1163            84.79%
      0     0  -1.00000e+75     0  1315963.0000   200165.1163    14834   84.79%
      0     0   201956.4172   200  1315963.0000     Cuts: 273    15433   84.65%
      0     0   203910.5537   205  1315963.0000     Cuts: 132    16070   84.50%
      0     0   205569.3611   199  1315963.0000     Cuts: 118    16586   84.38%
      0     0   207383.2756   189  1315963.0000      Cuts: 99    17124   84.24%
*     0+    0                      1311311.0000   207383.2756            84.19%
      0     0   209109.5972   215  1311311.0000     Cuts: 185    17684   84.05%
      0     0   210104.2297   235  1311311.0000     Cuts: 298    18107   83.98%
      0     0   211148.2777   210  1311311.0000      Cuts: 84    18524   83.90%
      0     0   212162.1783   215  1311311.0000     Cuts: 243    18974   83.82%
      0     0   213165.1455   211  1311311.0000      Cuts: 84    19301   83.74%
      0     0   214410.0363   212  1311311.0000     Cuts: 206    19791   83.65%
      0     0   215519.9103   213  1311311.0000     Cuts: 204    20133   83.56%
      0     0   216847.9687   216  1311311.0000     Cuts: 193    20641   83.46%
      0     0   217880.7898   223  1311311.0000     Cuts: 172    21079   83.38%
      0     0   218628.9335   227  1311311.0000     Cuts: 244    21532   83.33%
      0     0   219636.5506   204  1311311.0000     Cuts: 137    22019   83.25%
      0     0   220844.2826   215  1311311.0000     Cuts: 174    22426   83.16%
      0     0   221801.5684   209  1311311.0000      Cuts: 91    22794   83.09%
      0     0   222924.1404   214  1311311.0000     Cuts: 128    23279   83.00%
      0     0   223916.0703   231  1311311.0000     Cuts: 185    23663   82.92%
      0     0   224385.0182   221  1311311.0000     Cuts: 126    23982   82.89%
      0     0   225146.5607   215  1311311.0000     Cuts: 112    24291   82.83%
      0     0   225729.6426   228  1311311.0000      Cuts: 75    24574   82.79%
      0     0   226390.6797   226  1311311.0000     Cuts: 277    24928   82.74%
      0     0   226801.5875   224  1311311.0000      Cuts: 75    25216   82.70%
      0     0   227519.8118   239  1311311.0000      Cuts: 76    25610   82.65%
      0     0   228195.5305   230  1311311.0000     Cuts: 118    25953   82.60%
      0     0   228938.9713   213  1311311.0000     Cuts: 164    26269   82.54%
      0     0   229670.3121   239  1311311.0000      Cuts: 87    26557   82.49%
      0     0   230621.0274   264  1311311.0000     Cuts: 121    27017   82.41%
      0     0   231740.7022   243  1311311.0000     Cuts: 201    27454   82.33%
      0     0   232657.7252   230  1311311.0000     Cuts: 109    27819   82.26%
      0     0   233668.8693   211  1311311.0000     Cuts: 259    28362   82.18%
      0     0   234345.8430   219  1311311.0000     Cuts: 147    28726   82.13%
      0     0   235092.6944   216  1311311.0000      Cuts: 98    29175   82.07%
      0     0   235711.5371   216  1311311.0000      Cuts: 90    29496   82.02%
      0     0   236342.2061   221  1311311.0000      Cuts: 87    29951   81.98%
      0     0   237171.0905   216  1311311.0000     Cuts: 134    30330   81.91%
      0     0   237836.2303   235  1311311.0000      Cuts: 96    30742   81.86%
      0     0   238379.4283   240  1311311.0000     Cuts: 178    31151   81.82%
      0     0   238868.5344   241  1311311.0000      Cuts: 74    31410   81.78%
      0     0   239494.8405   227  1311311.0000 ZeroHalf: 119    31818   81.74%
      0     0   240325.1950   219  1311311.0000     Cuts: 156    32174   81.67%
      0     0   240727.3309   254  1311311.0000  ZeroHalf: 59    32520   81.64%
      0     0   240990.5270   255  1311311.0000      Cuts: 61    32766   81.62%
      0     0   241317.3827   224  1311311.0000     Cuts: 107    32994   81.60%
      0     0   241765.6312   222  1311311.0000      Cuts: 45    33370   81.56%
      0     0   242183.8227   208  1311311.0000      Cuts: 70    33632   81.53%
      0     0   242539.2447   229  1311311.0000      Cuts: 92    33860   81.50%
      0     0   242810.5561   241  1311311.0000      Cuts: 35    34054   81.48%
      0     0   243259.6950   235  1311311.0000      Cuts: 43    34298   81.45%
      0     0   243653.2011   257  1311311.0000     Cuts: 172    34618   81.42%
      0     0   243958.0487   226  1311311.0000      Cuts: 61    34816   81.40%
      0     0   244224.7434   244  1311311.0000      Cuts: 53    35053   81.38%
      0     0   244446.0117   226  1311311.0000     Cuts: 153    35267   81.36%
      0     0   244813.6875   228  1311311.0000      Cuts: 55    35545   81.33%
      0     0   245200.3711   256  1311311.0000      Cuts: 56    35832   81.30%
      0     0   245560.1335   249  1311311.0000  ZeroHalf: 47    36070   81.27%
      0     0   246159.5040   226  1311311.0000      Cuts: 53    36407   81.23%
      0     0   246508.6600   265  1311311.0000      Cuts: 76    36667   81.20%
      0     0   246954.5170   253  1311311.0000      Cuts: 62    37002   81.17%
      0     0   247312.8097   244  1311311.0000      Cuts: 87    37337   81.14%
      0     0   247584.1286   247  1311311.0000      Cuts: 62    37628   81.12%
      0     0   248012.9262   227  1311311.0000     Cuts: 107    37875   81.09%
      0     0   248302.7932   245  1311311.0000      Cuts: 45    38213   81.06%
      0     0   248720.3145   256  1311311.0000      Cuts: 70    38513   81.03%
      0     0   249070.9194   261  1311311.0000      Cuts: 62    38689   81.01%
      0     0   249470.0170   261  1311311.0000      Cuts: 51    39022   80.98%
      0     0   249698.5378   260  1311311.0000      Cuts: 45    39205   80.96%
      0     0   249950.5612   283  1311311.0000      Cuts: 43    39459   80.94%
      0     0   250338.5149   215  1311311.0000     Cuts: 166    39747   80.91%
      0     0   250514.1343   254  1311311.0000  ZeroHalf: 31    39945   80.90%
      0     0   250731.3930   251  1311311.0000      Cuts: 75    40157   80.88%
Detecting symmetries...
      0     2   250731.3930   251  1311311.0000   250731.3930    40157   80.88%
Elapsed time = 94.58 sec. (59394.67 ticks, tree = 0.02 MB, solutions = 13)
      2     4   250775.5453   244  1311311.0000   250733.3725    40267   80.88%
      5     4   283459.1293   218  1311311.0000   250733.3725    40816   80.88%
*     8+    5                      1303894.0000   250761.1946            80.77%
*     8+    5                      1303887.0000   250761.1946            80.77%
*     8+    5                      1302832.0000   250761.1946            80.75%
      8     7   315958.4103   204  1302832.0000   250761.1946    41720   80.75%
     11     9   320180.3463   212  1302832.0000   250801.5698    43015   80.75%
     18    16   321146.4937   200  1302832.0000   250801.5698    45760   80.75%
     22    18   320660.7173   200  1302832.0000   250801.5698    47874   80.75%
     30    17   356202.9551   173  1302832.0000   250801.5698    46741   80.75%
     35    33   321798.3872   191  1302832.0000   250801.5698    53008   80.75%
     39    35   356947.3378   182  1302832.0000   250801.5698    54048   80.75%
*    50+    4                      1302669.0000   250801.5698            80.75%
*    50+    4                      1301527.0000   250801.5698            80.73%
*    50+    4                      1301015.0000   250801.5698            80.72%
*    51+    4                      1300563.0000   250801.5698            80.72%
     58    53   374690.7070   175  1300563.0000   250801.5698    59535   80.72%
Elapsed time = 120.03 sec. (63296.23 ticks, tree = 0.28 MB, solutions = 18)
     78    75   376618.0693   198  1300563.0000   250896.5636    67789   80.71%
     97    87   295411.5407   198  1300563.0000   250977.7126    71508   80.70%
    140   101   405119.7740   169  1300563.0000   251158.7875    76629   80.69%
    197   187   634493.7500   103  1300563.0000   251158.7875    96934   80.69%
    279   227   825190.0000    70  1300563.0000   251158.7875    98948   80.69%
    349   261   496657.6377   141  1300563.0000   251304.7476   110966   80.68%
    457   364   911913.0833   109  1300563.0000   251600.3641   124069   80.65%
    582   458  1054212.0000    53  1300563.0000   251600.3641   137446   80.65%
    699   597  1108545.0000    43  1300563.0000   251600.3641   154174   80.65%
    859   795   950683.5000    62  1300563.0000   251600.3641   171251   80.65%
Elapsed time = 202.97 sec. (72962.30 ticks, tree = 12.95 MB, solutions = 24)
   1010   864  1142641.5000    36  1300563.0000   251600.3641   175307   80.65%
   1097  1042  1287361.0000    43  1300563.0000   251600.3641   194104   80.65%
   1174  1100  1201046.0000    35  1300563.0000   251600.3641   200978   80.65%
   1258  1102   472760.2954   176  1300563.0000   251600.3641   206871   80.65%
   1303  1191   825302.5000    68  1300563.0000   251600.3641   220742   80.65%
   1377  1297   879935.5000    69  1300563.0000   251600.3641   236638   80.65%
   1478  1329   938685.5000    65  1300563.0000   251600.3641   237887   80.65%
   1583  1419   884479.5000    66  1300563.0000   251600.3641   253857   80.65%
   1674  1553  1119847.0000    44  1300563.0000   251600.3641   270641   80.65%

Performing restart 1

Repeating presolve.
Tried aggregator 1 time.
MIP Presolve eliminated 372 rows and 8 columns.
Reduced MIP has 63378 rows, 3766 columns, and 190034 nonzeros.
Reduced MIP has 3766 binaries, 0 generals, 0 SOSs, and 0 indicators.
Presolve time = 0.10 sec. (85.21 ticks)
Tried aggregator 1 time.
Reduced MIP has 63378 rows, 3766 columns, and 190034 nonzeros.
Reduced MIP has 3766 binaries, 0 generals, 0 SOSs, and 0 indicators.
Presolve time = 0.12 sec. (104.53 ticks)
Represolve time = 0.35 sec. (281.62 ticks)
*  1717+    0                      1300502.0000   251600.3641            80.65%
   1717     0   251060.1543   273  1300502.0000     Cuts: 183   295356   80.65%
   1717     0   251420.9594   258  1300502.0000      Cuts: 94   295710   80.65%
   1717     0   251959.9875   257  1300502.0000     Cuts: 207   295996   80.63%
*  1717+    0                      1300177.0000   251959.9875            80.62%
   1717     0  -1.00000e+75     0  1300177.0000   251959.9875   295996   80.62%
   1717     0   252403.5185   252  1300177.0000     Cuts: 150   296382   80.59%
   1717     0   252856.0612   236  1300177.0000     Cuts: 141   296785   80.55%
   1717     0   253377.0189   265  1300177.0000     Cuts: 104   297250   80.51%
   1717     0   253880.3690   256  1300177.0000     Cuts: 108   297709   80.47%
   1717     0   254474.8713   253  1300177.0000     Cuts: 147   298116   80.43%
   1717     0   254906.1890   265  1300177.0000     Cuts: 123   298440   80.39%
   1717     0   255402.9944   256  1300177.0000     Cuts: 111   298782   80.36%
   1717     0   255905.8192   252  1300177.0000  ZeroHalf: 53   299083   80.32%
   1717     0   256303.3081   261  1300177.0000      Cuts: 93   299431   80.29%
   1717     0   256701.4506   265  1300177.0000     Cuts: 112   299738   80.26%
   1717     0   257494.7010   263  1300177.0000      Cuts: 48   300244   80.20%
   1717     0   258409.0385   256  1300177.0000      Cuts: 90   300810   80.13%
   1717     0   259012.6737   263  1300177.0000      Cuts: 86   301156   80.08%
   1717     0   259590.9245   263  1300177.0000     Cuts: 115   301478   80.03%
   1717     0   260181.3066   259  1300177.0000      Cuts: 72   301803   79.99%
   1717     0   260588.4513   262  1300177.0000      Cuts: 77   302116   79.96%
   1717     0   261138.8822   253  1300177.0000      Cuts: 59   302497   79.92%
   1717     0   261692.3335   245  1300177.0000      Cuts: 65   302883   79.87%
   1717     0   262322.7497   246  1300177.0000      Cuts: 98   303182   79.82%
   1717     0   262840.7350   252  1300177.0000      Cuts: 89   303443   79.78%
   1717     0   263287.8886   253  1300177.0000      Cuts: 80   303736   79.75%
   1717     0   263773.4114   257  1300177.0000      Cuts: 51   303985   79.71%
   1717     0   264459.4880   260  1300177.0000      Cuts: 63   304248   79.66%
   1717     0   264861.0171   248  1300177.0000      Cuts: 94   304573   79.63%
   1717     0   265157.9264   253  1300177.0000      Cuts: 61   304801   79.61%
   1717     0   265618.4695   253  1300177.0000      Cuts: 73   305054   79.57%
   1717     0   266059.2521   253  1300177.0000      Cuts: 50   305353   79.54%
   1717     0   266456.5832   257  1300177.0000      Cuts: 72   305639   79.51%
   1717     0   266709.2078   264  1300177.0000      Cuts: 75   305837   79.49%
   1717     0   266940.9405   256  1300177.0000      Cuts: 57   306022   79.47%
   1717     0   267173.3001   252  1300177.0000      Cuts: 54   306226   79.45%
   1717     0   267443.6917   251  1300177.0000      Cuts: 83   306551   79.43%
   1717     0   267615.6303   253  1300177.0000      Cuts: 68   306764   79.42%
   1717     0   267793.7926   254  1300177.0000      Cuts: 67   306982   79.40%
   1717     0   268077.6488   256  1300177.0000      Cuts: 56   307321   79.38%
   1717     0   268426.6903   261  1300177.0000     Cuts: 117   307635   79.35%
   1717     0   268695.1759   258  1300177.0000      Cuts: 71   307933   79.33%
   1717     0   268923.9489   259  1300177.0000      Cuts: 67   308212   79.32%
   1717     0   269115.6035   259  1300177.0000  ZeroHalf: 34   308479   79.30%
   1717     0   269307.3063   258  1300177.0000      Cuts: 43   308705   79.29%
   1717     0   269670.2182   260  1300177.0000      Cuts: 59   309159   79.26%
   1717     0   269939.0053   266  1300177.0000      Cuts: 89   309549   79.24%
   1717     0   270318.3591   268  1300177.0000      Cuts: 85   309936   79.21%
   1717     0   270546.4645   258  1300177.0000      Cuts: 68   310214   79.19%
   1717     0   270769.4743   250  1300177.0000      Cuts: 75   310469   79.17%
   1717     0   271094.2102   257  1300177.0000      Cuts: 51   310793   79.15%
   1717     0   271547.1352   259  1300177.0000  ZeroHalf: 56   311179   79.11%
   1717     0   271876.5577   255  1300177.0000      Cuts: 83   311465   79.09%
   1717     0   272149.7433   258  1300177.0000      Cuts: 60   311706   79.07%
   1717     0   272530.9992   263  1300177.0000      Cuts: 73   311975   79.04%
   1717     0   272882.7564   248  1300177.0000      Cuts: 61   312278   79.01%
   1717     0   273221.4274   256  1300177.0000      Cuts: 80   312596   78.99%
   1717     0   273447.5423   253  1300177.0000      Cuts: 64   312945   78.97%
   1717     0   273796.6726   251  1300177.0000      Cuts: 63   313248   78.94%
   1717     0   274078.0090   255  1300177.0000      Cuts: 74   313545   78.92%
   1717     0   274318.3956   263  1300177.0000      Cuts: 73   313846   78.90%
   1717     0   274511.1261   255  1300177.0000      Cuts: 45   314052   78.89%
   1717     0   274740.2361   256  1300177.0000      Cuts: 37   314362   78.87%
   1717     0   274980.1970   249  1300177.0000      Cuts: 49   314578   78.85%
   1717     0   275249.0427   245  1300177.0000      Cuts: 71   314756   78.83%
   1717     0   275444.8097   279  1300177.0000      Cuts: 53   314990   78.81%
   1717     0   275671.8907   276  1300177.0000      Cuts: 55   315239   78.80%
   1717     0   275782.1359   272  1300177.0000      Cuts: 60   315445   78.79%
   1717     0   275998.5006   246  1300177.0000      Cuts: 65   315667   78.77%
   1717     0   276245.8396   252  1300177.0000      Cuts: 44   315891   78.75%
   1717     0   276462.8396   277  1300177.0000      Cuts: 50   316094   78.74%
   1717     0   276908.4462   258  1300177.0000      Cuts: 95   316473   78.70%
   1717     0   277227.1654   252  1300177.0000      Cuts: 35   316726   78.68%
   1717     0   277435.9887   247  1300177.0000  ZeroHalf: 42   316921   78.66%
   1717     0   277705.8862   237  1300177.0000      Cuts: 50   317178   78.64%
   1717     0   277943.5331   276  1300177.0000      Cuts: 65   317383   78.62%
   1717     0   278191.1239   273  1300177.0000      Cuts: 45   317603   78.60%
   1717     0   278441.0772   272  1300177.0000      Cuts: 69   317907   78.58%
   1717     0   278604.8960   277  1300177.0000      Cuts: 61   318103   78.57%
   1717     0   278956.9901   278  1300177.0000      Cuts: 48   318361   78.54%
   1717     0   279206.1453   285  1300177.0000      Cuts: 57   318629   78.53%
   1717     0   279462.2583   278  1300177.0000      Cuts: 45   318882   78.51%
   1717     0   279779.6128   280  1300177.0000     Cuts: 103   319222   78.48%
   1717     0   279974.7213   253  1300177.0000      Cuts: 42   319517   78.47%
   1717     0   280270.5203   291  1300177.0000      Cuts: 75   319910   78.44%
   1717     0   280531.3034   283  1300177.0000  ZeroHalf: 24   320177   78.42%
   1717     0   280715.7097   281  1300177.0000      Cuts: 93   320404   78.41%
   1717     2   280715.7097   281  1300177.0000   280715.7097   320404   78.41%
Elapsed time = 465.05 sec. (158832.73 ticks, tree = 0.02 MB, solutions = 26)
   1718     3   280818.0266   253  1300177.0000   280818.1607   320555   78.40%
   1719     4   280861.6397   284  1300177.0000   280883.0402   320669   78.40%
   1721     4   315364.7293   211  1300177.0000   280883.0402   321742   78.40%
   1723     8   281465.4149   273  1300177.0000   281466.4754   323534   78.35%
   1728    12   281880.3161   271  1300177.0000   281882.1672   327179   78.32%
*  1731+    4                      1298470.0000   281969.2076            78.28%
*  1732+    4                      1297949.0000   281969.2076            78.28%
*  1733+    4                      1297768.0000   281969.2076            78.27%
*  1733+    4                      1297722.0000   281969.2076            78.27%
*  1733+    4                      1297676.0000   281969.2076            78.27%
*  1734+    4                      1297473.0000   281969.2076            78.27%
   1736    15   282148.8219   270  1297473.0000   282149.9809   329209   78.25%
   1744    19   319632.6401   234  1297473.0000   282279.3886   331747   78.24%
   1757    29   283552.7112   268  1297473.0000   283554.4455   335310   78.15%
*  1762+    7                      1296969.0000   283914.4396            78.11%
*  1762+    7                      1296966.0000   283914.4396            78.11%
   1762    17   318395.3604   260  1296966.0000   283914.4396   329765   78.11%
*  1769+    7                      1288211.0000   283914.4396            77.96%
   1770     6   349011.9944   215  1288211.0000   283914.4396   322699   77.96%
Elapsed time = 563.32 sec. (175622.90 ticks, tree = 0.02 MB, solutions = 32)
*  1790+    7                      1287247.0000   283914.4396            77.94%
   1790    46   351113.4846   207  1287247.0000   283914.4396   343649   77.94%
   1818    68   320436.4687   253  1287247.0000   284158.7111   347262   77.93%
*  1819+    7                      1286499.0000   284158.7111            77.91%
   1860    85   351036.9562   201  1286499.0000   284158.7111   351309   77.91%
   1894   124   358133.3401   178  1286499.0000   284158.7111   356229   77.91%
   1927   139   323159.3606   235  1286499.0000   284158.7111   358419   77.91%
   1972   152   324847.5212   209  1286499.0000   284158.7111   359671   77.91%
   2018   206   355162.6368   197  1286499.0000   284158.7111   368295   77.91%
   2068   256   328637.8617   188  1286499.0000   284158.7111   373085   77.91%
   2120   301   322090.5757   234  1286499.0000   284158.7111   382762   77.91%
   2165   369   332791.5207   195  1286499.0000   284158.7111   392327   77.91%
Elapsed time = 654.97 sec. (185414.18 ticks, tree = 2.68 MB, solutions = 40)
   2215   372   335110.0921   215  1286499.0000   284158.7111   393056   77.91%
   2262   426   363835.2645   187  1286499.0000   284158.7111   401645   77.91%
   2314   507   333693.0117   187  1286499.0000   284158.7111   413274   77.91%
   2354   565   334110.4345   208  1286499.0000   284158.7111   422140   77.91%
   2403   614   337482.2351   184  1286499.0000   284158.7111   430556   77.91%
   2423   622   339525.2365   185  1286499.0000   284158.7111   431932   77.91%
   2439   656   344712.2374   212  1286499.0000   284158.7111   435593   77.91%
   2455   595   360270.8457   198  1286499.0000   284158.7111   429141   77.91%
   2496   735   343839.4608   200  1286499.0000   284158.7111   447114   77.91%
   2531   628   345501.6707   182  1286499.0000   284158.7111   433905   77.91%
Elapsed time = 768.82 sec. (195640.95 ticks, tree = 6.29 MB, solutions = 40)
   2581   773   381789.0713   201  1286499.0000   284158.7111   453623   77.91%
   2618   801   368338.9153   190  1286499.0000   284158.7111   456988   77.91%
   2638   826   331473.3458   222  1286499.0000   284158.7111   460967   77.91%
   2651   856   353335.3564   211  1286499.0000   284158.7111   463871   77.91%
   2678   836   353917.3797   188  1286499.0000   284158.7111   462556   77.91%
   2690   940   357105.5782   195  1286499.0000   284158.7111   478615   77.91%
   2717   945   357939.3738   209  1286499.0000   284158.7111   479201   77.91%
   2742   975   390327.4748   220  1286499.0000   284158.7111   485750   77.91%
   2780   988   343328.0780   189  1286499.0000   284158.7111   488675   77.91%
   2806  1031   370396.0806   190  1286499.0000   284158.7111   496043   77.91%
Elapsed time = 888.46 sec. (205587.28 ticks, tree = 47.48 MB, solutions = 40)
   2844   989   351685.2149   223  1286499.0000   284158.7111   487728   77.91%
   2872  1072   365637.0403   173  1286499.0000   284158.7111   501271   77.91%
   2898  1084   369433.0544   182  1286499.0000   284158.7111   502489   77.91%
   2931  1165   374554.5972   226  1286499.0000   284158.7111   513815   77.91%
   3020  1159   380307.2211   193  1286499.0000   284158.7111   512545   77.91%
   3063  1164   380731.6794   186  1286499.0000   284158.7111   512753   77.91%
   3115  1241   396953.8431   239  1286499.0000   284158.7111   522712   77.91%
   3145  1334   389993.0887   189  1286499.0000   284158.7111   531512   77.91%
   3164  1311   361466.2626   203  1286499.0000   284158.7111   529705   77.91%
   3191  1319   363856.2785   178  1286499.0000   284158.7111   530593   77.91%
Elapsed time = 1003.29 sec. (215354.17 ticks, tree = 49.62 MB, solutions = 40)
   3210  1436   382491.3214   185  1286499.0000   284158.7111   541909   77.91%
   3249  1409   416559.2923   225  1286499.0000   284158.7111   541328   77.91%
   3276  1484   368406.8186   226  1286499.0000   284158.7111   549287   77.91%
   3318  1466   392045.4293   187  1286499.0000   284158.7111   544103   77.91%
   3373  1479   391886.9280   205  1286499.0000   284158.7111   547960   77.91%
   3430  1497   371587.8101   226  1286499.0000   284158.7111   550965   77.91%
   3504  1543   433351.1599   207  1286499.0000   284158.7111   557827   77.91%
   3575  1605   422046.3418   199  1286499.0000   284158.7111   562301   77.91%
   3625  1642   409014.5569   166  1286499.0000   284158.7111   566648   77.91%
   3667  1741   440379.6136   193  1286499.0000   284158.7111   578090   77.91%
Elapsed time = 1119.89 sec. (225203.26 ticks, tree = 53.90 MB, solutions = 40)
   3701  1923   480910.1498   146  1286499.0000   284158.7111   596069   77.91%
   3757  1895   389115.2742   159  1286499.0000   284158.7111   593787   77.91%
   3798  1972   453618.0581   156  1286499.0000   284158.7111   601290   77.91%
   3842  1978   418037.0090   193  1286499.0000   284158.7111   604719   77.91%
   3866  1982   418268.5176   187  1286499.0000   284158.7111   604874   77.91%
   3900  2014   397997.6856   220  1286499.0000   284158.7111   613508   77.91%
   3925  2134   422646.2538   190  1286499.0000   284158.7111   624571   77.91%
   3965  1968   408228.1017   194  1286499.0000   284158.7111   604176   77.91%
   4036  2155   416415.0714   168  1286499.0000   284158.7111   627074   77.91%
   4241  2366   409275.5551   229  1286499.0000   284158.7111   652194   77.91%
Elapsed time = 1275.46 sec. (238038.03 ticks, tree = 59.62 MB, solutions = 40)
   4407  2592   444247.1802   138  1286499.0000   284158.7111   677565   77.91%
   4632  2773   578331.5833   178  1286499.0000   284158.7111   690564   77.91%
   4841  2919   543698.9033   174  1286499.0000   284158.7111   708825   77.91%
   5053  3151   477117.1071   168  1286499.0000   284158.7111   729781   77.91%
   5282  3293   562087.1837   158  1286499.0000   284158.7111   745839   77.91%
   5477  3578   494132.8394   193  1286499.0000   284158.7111   769624   77.91%
   5672  3684   527285.9775   170  1286499.0000   284158.7111   779568   77.91%
   5933  4080   699096.6250   163  1286499.0000   284158.7111   809137   77.91%
   6173  4194   719099.0000    90  1286499.0000   284158.7111   816380   77.91%
   6405  4411   797546.0000    99  1286499.0000   284158.7111   828514   77.91%
Elapsed time = 1703.82 sec. (276346.68 ticks, tree = 77.59 MB, solutions = 40)
   6775  4645  1008448.5000   103  1286499.0000   284158.7111   845256   77.91%
   7150  4913   797660.6786   171  1286499.0000   284158.7111   862083   77.91%
   7621  5281   938077.1111   128  1286499.0000   284158.7111   881277   77.91%
   8119  6117   750719.8932   149  1286499.0000   284158.7111   913860   77.91%
   8410  6486   855316.7500   167  1286499.0000   285793.2796   939147   77.79%
   8664  6747   960801.5000    84  1286499.0000   287999.5969   972771   77.61%
   9006  7053  1133778.5455   127  1286499.0000   287999.5969  1021321   77.61%
   9238  7262   370066.4956   209  1286499.0000   290105.6480  1057386   77.45%
   9379  7402   425799.2446   196  1286499.0000   290105.6480  1081830   77.45%
*  9460+ 7502                      1286087.0000   290105.6480            77.44%
*  9532+ 7559                      1281161.0000   290105.6480            77.36%
   9544  7674   558393.8212   208  1281161.0000   290105.6480  1153109   77.36%
Elapsed time = 2108.58 sec. (314698.74 ticks, tree = 105.80 MB, solutions = 42)
   9703  7707   573722.2483   186  1281161.0000   290105.6480  1159097   77.36%
*  9725+ 7717                      1276544.0000   290105.6480            77.27%
   9906  7852   606208.5000   109  1276544.0000   290105.6480  1199673   77.27%
*  9935+ 7895                      1271870.0000   290105.6480            77.19%
*  9940+ 7895                      1266008.0000   290105.6480            77.09%
*  9940+ 7895                      1262631.0000   290105.6480            77.02%
  10139  8100   571457.7207   182  1262631.0000   290105.6480  1265555   77.02%
  10400  8260   793505.5000    91  1262631.0000   290105.6480  1288923   77.02%
  10705  8649   645970.9589   171  1262631.0000   290105.6480  1353548   77.02%
  11049  8971   682142.2500   116  1262631.0000   290105.6480  1393877   77.02%
  11451  9217   766619.2500   122  1262631.0000   290105.6480  1423267   77.02%
  11919  9286   793469.0000    83  1262631.0000   290105.6480  1428728   77.02%
  12344 10119   757758.8963   133  1262631.0000   290531.6843  1491675   76.99%
  12911 10468   986406.0000    68  1262631.0000   290531.6843  1515439   76.99%
Elapsed time = 2547.21 sec. (352948.57 ticks, tree = 130.06 MB, solutions = 48)
  13542 11126  1189222.0000    56  1262631.0000   290531.6843  1551688   76.99%
  13831 11550   997962.0000    70  1262631.0000   290905.8586  1584117   76.96%
  14191 11815   859846.7500   117  1262631.0000   290905.8586  1597906   76.96%
  14596 12490  1156362.6667   107  1262631.0000   292221.1773  1664628   76.86%
  14921 12845   968422.2500    75  1262631.0000   292221.1773  1697424   76.86%
  15177 12939   395519.0651   232  1262631.0000   292221.1773  1725870   76.86%
  15481 13380   427044.6350   196  1262631.0000   296978.0748  1787263   76.48%
  15695 13349   355056.7431   199  1262631.0000   296978.0748  1785472   76.48%
  15870 13828   440521.7213   211  1262631.0000   298362.6358  1859704   76.37%
  16061 14026   550526.2727   176  1262631.0000   298362.6358  1909238   76.37%
Elapsed time = 2925.49 sec. (391251.47 ticks, tree = 166.66 MB, solutions = 48)
  16300 14326   508903.1667   136  1262631.0000   299965.7290  1976926   76.24%
  16614 14436   739767.0667   142  1262631.0000   299965.7290  2007238   76.24%
  16862 14710   705855.7333   137  1262631.0000   301241.6047  2055775   76.14%
* 17012+14705                      1258129.0000   301241.6047            76.06%
  17090 14759   835769.2500    99  1258129.0000   301241.6047  2063141   76.06%
  17236 15054   311975.4133   242  1258129.0000   301313.9060  2117067   76.05%
  17413 15267   366450.0760   261  1258129.0000   301313.9060  2150239   76.05%
  17602 15394   667958.3208   176  1258129.0000   302615.4488  2184713   75.95%
  17849 15649   382187.3225   249  1258129.0000   302615.4488  2253005   75.95%
  18070 15767   421611.8322   242  1258129.0000   303133.1113  2272298   75.91%
Starting limited solution polishing.
  18266 16165   431595.4147   265  1258129.0000   303133.1113  2345544   75.91%
Elapsed time = 3276.54 sec. (429546.99 ticks, tree = 194.75 MB, solutions = 49)
  18473 16127   431514.6789   251  1258129.0000   304536.4266  2337514   75.79%
  18705 16474   447263.2150   242  1258129.0000   304828.2203  2401833   75.77%
  18912 16653   415836.2466   255  1258129.0000   304828.2203  2436605   75.77%
  19030 16807   452994.0074   241  1258129.0000   304828.2203  2462045   75.77%
  19138 16928   468049.1524   255  1258129.0000   304828.2203  2487456   75.77%
* 19150+16538                      1257460.0000   304828.2203            75.76%
* 19219+16494                      1256574.0000   304828.2203            75.74%
  19239 17094   416094.9268   237  1256574.0000   304828.2203  2514720   75.74%
  19342 17263   393719.2311   227  1256574.0000   304890.0537  2541361   75.74%
  19481 17303   447131.9990   267  1256574.0000   304890.0537  2548970   75.74%
* 19502+17379                      1252768.0000   305041.6660            75.65%
* 19505+17379                      1252668.0000   305041.6660            75.65%
* 19507+17379                      1248405.0000   305041.6660            75.57%
  19628 17335   468917.1984   263  1248405.0000   306352.6177  2553658   75.46%
  19818 17451   372663.8125   207  1248405.0000   306352.6177  2589331   75.46%
Elapsed time = 3535.77 sec. (467979.70 ticks, tree = 206.46 MB, solutions = 55)
* 19845+17585                      1247539.0000   306352.6177            75.44%
  20040 17686   426768.3929   233  1247539.0000   306832.9169  2629001   75.40%
* 20190+17695                      1244624.0000   306832.9169            75.35%

Implied bound cuts applied:  520
Zero-half cuts applied:  427
Lift and project cuts applied:  15

Root node processing (before b&c):
  Real time             =   94.50 sec. (59283.98 ticks)
Parallel b&c, 8 threads:
  Real time             = 3505.52 sec. (416232.53 ticks)
  Sync time (average)   =  709.06 sec.
  Wait time (average)   =    0.01 sec.
                          ------------
Total (root+branch&cut) = 3600.02 sec. (475516.51 ticks)
Status: Feasible
Obj: 1244624

Instalacoes abertas:
Instalação 0 aberta
Instalação 1 aberta
Instalação 4 aberta
Instalação 5 aberta
Instalação 8 aberta
Instalação 9 aberta
Instalação 13 aberta
Instalação 15 aberta
Instalação 16 aberta
Instalação 18 aberta
Instalação 19 aberta
Instalação 20 aberta
Instalação 22 aberta
Instalação 23 aberta
Instalação 24 aberta
Instalação 25 aberta
Instalação 27 aberta
Instalação 28 aberta
Instalação 30 aberta
Instalação 31 aberta
Instalação 35 aberta
Instalação 39 aberta
Instalação 42 aberta
Instalação 43 aberta
Instalação 46 aberta
Instalação 47 aberta
Instalação 49 aberta

Atribuições (cliente -> instalação):
Cliente 0 -> Instalação 0
Cliente 1 -> Instalação 9
Cliente 2 -> Instalação 25
Cliente 3 -> Instalação 23
Cliente 4 -> Instalação 4
Cliente 5 -> Instalação 5
Cliente 6 -> Instalação 9
Cliente 7 -> Instalação 42
Cliente 8 -> Instalação 42
Cliente 9 -> Instalação 15
Cliente 10 -> Instalação 27
Cliente 11 -> Instalação 16
Cliente 12 -> Instalação 18
Cliente 13 -> Instalação 30
Cliente 14 -> Instalação 43
Cliente 15 -> Instalação 49
Cliente 16 -> Instalação 13
Cliente 17 -> Instalação 28
Cliente 18 -> Instalação 16
Cliente 19 -> Instalação 47
Cliente 20 -> Instalação 18
Cliente 21 -> Instalação 49
Cliente 22 -> Instalação 27
Cliente 23 -> Instalação 8
Cliente 24 -> Instalação 20
Cliente 25 -> Instalação 31
Cliente 26 -> Instalação 47
Cliente 27 -> Instalação 31
Cliente 28 -> Instalação 28
Cliente 29 -> Instalação 13
Cliente 30 -> Instalação 23
Cliente 31 -> Instalação 22
Cliente 32 -> Instalação 1
Cliente 33 -> Instalação 39
Cliente 34 -> Instalação 19
Cliente 35 -> Instalação 35
Cliente 36 -> Instalação 1
Cliente 37 -> Instalação 35
Cliente 38 -> Instalação 8
Cliente 39 -> Instalação 30
Cliente 40 -> Instalação 24
Cliente 41 -> Instalação 0
Cliente 42 -> Instalação 20
Cliente 43 -> Instalação 9
Cliente 44 -> Instalação 4
Cliente 45 -> Instalação 46
Cliente 46 -> Instalação 46
Cliente 47 -> Instalação 19
Cliente 48 -> Instalação 39
Cliente 49 -> Instalação 43
