Version identifier: 22.1.1.0 | 2022-11-28 | 9160aff4d
CPXPARAM_TimeLimit                               3600
Tried aggregator 1 time.
MIP Presolve eliminated 50 rows and 1 columns.
Reduced MIP has 32950 rows, 3158 columns, and 98750 nonzeros.
Reduced MIP has 3158 binaries, 0 generals, 0 SOSs, and 0 indicators.
Presolve time = 0.05 sec. (46.44 ticks)
Found incumbent of value 2.6130294e+07 after 0.06 sec. (59.00 ticks)
Probing time = 0.01 sec. (6.47 ticks)
Tried aggregator 1 time.
Detecting symmetries...
Reduced MIP has 32950 rows, 3158 columns, and 98750 nonzeros.
Reduced MIP has 3158 binaries, 0 generals, 0 SOSs, and 0 indicators.
Presolve time = 0.06 sec. (56.10 ticks)
Probing time = 0.02 sec. (6.47 ticks)
Clique table members: 2500.
MIP emphasis: balance optimality and feasibility.
MIP search method: dynamic search.
Parallel mode: deterministic, using up to 8 threads.
Root relaxation solution time = 0.08 sec. (48.95 ticks)

        Nodes                                         Cuts/
   Node  Left     Objective  IInf  Best Integer    Best Bound    ItCnt     Gap

*     0+    0                       2.61303e+07        0.0000           100.00%
*     0+    0                       1.97704e+07        0.0000           100.00%
*     0+    0                      2344030.0000        0.0000           100.00%
*     0+    0                      2217575.0000        0.0000           100.00%
      0     0    93774.0000   100  2217575.0000    93774.0000      172   95.77%
*     0+    0                       837202.0000    93774.0000            88.80%
      0     0   106217.5000   100   837202.0000    Cuts: 1516      420   87.31%
      0     0   118774.0000    98   837202.0000    Cuts: 1403      721   85.81%
*     0+    0                       615468.0000   118774.0000            80.70%
      0     0   131217.5000    98   615468.0000 ZeroHalf: 641     1927   78.68%
*     0+    0                       498490.0000   131217.5000            73.68%
      0     0  -1.00000e+75     0   498490.0000   131217.5000     1927   73.68%
*     0+    0                       441896.0000   131217.5000            70.31%
      0     0   135761.4375   135   441896.0000 ZeroHalf: 588     2401   69.28%
*     0+    0                       420296.0000   135761.4375            67.70%
      0     0   142185.6630   187   420296.0000     Cuts: 452     3243   66.17%
Detecting symmetries...
*     0+    0                       415952.0000   142185.6630            65.82%
      0     0   146542.9482   196   415952.0000     Cuts: 357     3760   64.77%
      0     0   151084.2186   212   415952.0000     Cuts: 400     4471   63.68%
      0     0   153623.1630   218   415952.0000     Cuts: 263     5011   63.07%
      0     0   155712.2395   186   415952.0000     Cuts: 357     5415   62.56%
      0     0   157673.5500   175   415952.0000     Cuts: 122     5786   62.09%
      0     0   158577.5584   177   415952.0000     Cuts: 164     6025   61.88%
      0     0   159634.7932   208   415952.0000      Cuts: 99     6387   61.62%
      0     0   160473.8911   202   415952.0000     Cuts: 127     6591   61.42%
      0     0   161403.3016   209   415952.0000     Cuts: 147     6886   61.20%
      0     0   162167.1732   202   415952.0000      Cuts: 80     7168   61.01%
      0     0   163457.7586   208   415952.0000     Cuts: 257     7674   60.70%
      0     0   164119.4368   199   415952.0000      Cuts: 96     7892   60.54%
      0     0   164973.6360   208   415952.0000     Cuts: 207     8213   60.34%
      0     0   165604.6363   203   415952.0000      Cuts: 67     8533   60.19%
      0     0   166428.3175   203   415952.0000      Cuts: 84     8805   59.99%
      0     0   167932.5202   175   415952.0000     Cuts: 154     9262   59.63%
      0     0   168535.4820   174   415952.0000      Cuts: 58     9437   59.48%
      0     0   169333.7571   203   415952.0000      Cuts: 52     9725   59.29%
      0     0   169833.8140   230   415952.0000      Cuts: 57     9904   59.17%
      0     0   170179.7706   206   415952.0000     Cuts: 229    10063   59.09%
      0     0   170699.7836   192   415952.0000      Cuts: 93    10277   58.96%
      0     0   171180.6639   194   415952.0000      Cuts: 54    10467   58.85%
      0     0   171455.6285   213   415952.0000     Cuts: 118    10647   58.78%
      0     0   171579.1229   206   415952.0000      Cuts: 20    10748   58.75%
      0     0   171746.9893   206   415952.0000      Cuts: 34    10868   58.71%
      0     0   172035.1834   212   415952.0000      Cuts: 72    11096   58.64%
      0     0   172314.9563   207   415952.0000      Cuts: 39    11228   58.57%
      0     0   172517.5800   206   415952.0000      Cuts: 85    11416   58.52%
      0     0   172652.6481   221   415952.0000      Cuts: 59    11548   58.49%
      0     0   172811.3058   205   415952.0000      Cuts: 21    11662   58.45%
      0     0   172966.6895   206   415952.0000      Cuts: 39    11789   58.42%
      0     0   173125.2215   209   415952.0000     Cuts: 137    11905   58.38%
      0     0   173208.2657   209   415952.0000  ZeroHalf: 26    11965   58.36%
      0     0   173315.5008   207   415952.0000      Cuts: 25    12030   58.33%
      0     0   173382.4248   207   415952.0000      Cuts: 35    12087   58.32%
      0     0   173427.7757   209   415952.0000      Cuts: 29    12149   58.31%
*     0+    0                       415112.0000   173427.7757            58.22%
      0     0  -1.00000e+75     0   415112.0000   173427.7757    12149   58.22%
Detecting symmetries...
      0     2   173427.7757   209   415112.0000   175205.3662    12149   57.79%
Elapsed time = 32.54 sec. (10960.37 ticks, tree = 0.02 MB, solutions = 11)
      2     4   189225.1777   155   415112.0000   175205.3662    13300   57.79%
     11    11   204272.3000   125   415112.0000   175205.3662    15324   57.79%
     31    21   174030.3939   197   415112.0000   175205.3662    18577   57.79%
     52    43   228555.0833   147   415112.0000   175205.3662    26303   57.79%
     84    83   249750.5000    84   415112.0000   175205.3662    36918   57.79%
    119    87   245052.0000   111   415112.0000   175205.3662    38467   57.79%
    151   110   257240.0000    85   415112.0000   175205.3662    43425   57.79%
    183   157   252324.1667   101   415112.0000   175205.3662    52727   57.79%
    254   198   298584.5000    86   415112.0000   175205.3662    56110   57.79%
*   560   512      integral     0   410800.0000   175205.3662    82169   57.35%
    569   373   185530.7734   199   410800.0000   175205.3662    72215   57.35%
Elapsed time = 47.91 sec. (14231.85 ticks, tree = 7.69 MB, solutions = 12)
*   587   488      integral     0   394546.0000   175205.3662    80073   55.59%
    665   569   219611.5961   154   394546.0000   175205.3662    99950   55.59%
    806   671   363388.5000    60   394546.0000   175205.3662   121642   55.59%
   1066   836   381928.0000    77   394546.0000   175205.3662   142388   55.59%
   1205  1024   236363.8231   136   394546.0000   176435.7631   165708   55.28%
   1412  1166   263379.0038   132   394546.0000   178108.6845   183079   54.86%
   1624  1388   338220.7500    93   394546.0000   178112.5550   203151   54.86%

Performing restart 1

Repeating presolve.
Tried aggregator 1 time.
MIP Presolve eliminated 2557 rows and 145 columns.
Reduced MIP has 30393 rows, 3013 columns, and 91079 nonzeros.
Reduced MIP has 3013 binaries, 0 generals, 0 SOSs, and 0 indicators.
Presolve time = 0.05 sec. (45.00 ticks)
Tried aggregator 1 time.
Reduced MIP has 30393 rows, 3013 columns, and 91079 nonzeros.
Reduced MIP has 3013 binaries, 0 generals, 0 SOSs, and 0 indicators.
Presolve time = 0.06 sec. (53.39 ticks)
Represolve time = 0.17 sec. (147.96 ticks)
   1713     0   174454.8703   216   394546.0000      Cuts: 95   228662   54.86%
   1713     0   176940.0713   216   394546.0000      Cuts: 80   229288   54.86%
   1713     0   178521.6247   214   394546.0000      Cuts: 83   229693   54.75%
*  1713+    0                       391506.0000   178521.6247            54.40%
   1713     0  -1.00000e+75     0   391506.0000   178521.6247   229693   54.40%
   1713     0   179500.4531   218   391506.0000      Cuts: 60   229951   54.15%
   1713     0   180369.6991   220   391506.0000      Cuts: 56   230255   53.93%
   1713     0   180996.0858   209   391506.0000      Cuts: 46   230472   53.77%
   1713     0   181343.3176   218   391506.0000      Cuts: 64   230689   53.68%
   1713     0   181584.7059   238   391506.0000      Cuts: 62   230836   53.62%
   1713     0   181697.3677   246   391506.0000      Cuts: 81   230927   53.59%
   1713     0   181890.9166   222   391506.0000      Cuts: 69   231005   53.54%
   1713     0   182146.8671   247   391506.0000      Cuts: 25   231098   53.48%
   1713     0   182576.6286   252   391506.0000      Cuts: 49   231233   53.37%
   1713     0   182736.2667   218   391506.0000      Cuts: 28   231308   53.32%
   1713     0   182943.5651   242   391506.0000      Cuts: 32   231467   53.27%
   1713     0   183221.4953   218   391506.0000      Cuts: 39   231614   53.20%
   1713     0   183364.3562   238   391506.0000      Cuts: 38   231758   53.16%
   1713     0   183444.2761   216   391506.0000      Cuts: 14   231820   53.14%
   1713     0   183475.4816   216   391506.0000      Cuts: 13   231850   53.14%
   1713     0   183505.9340   218   391506.0000      Cuts: 17   231881   53.13%
   1713     0   183529.5792   220   391506.0000      Cuts: 17   231909   53.12%
   1713     0   183555.0055   243   391506.0000      Cuts: 23   231958   53.12%
   1713     0   183674.9964   221   391506.0000      Cuts: 25   232047   53.09%
   1713     0   183735.2366   217   391506.0000      Cuts: 26   232097   53.07%
   1713     0   183847.8106   217   391506.0000      Cuts: 36   232181   53.04%
   1713     0   183938.8006   237   391506.0000      Cuts: 15   232257   53.02%
   1713     0   184007.7341   217   391506.0000      Cuts: 27   232340   53.00%
   1713     0   184136.3138   212   391506.0000      Cuts: 18   232420   52.97%
   1713     0   184322.3114   244   391506.0000      Cuts: 49   232551   52.92%
   1713     0   184507.0974   244   391506.0000      Cuts: 33   232671   52.87%
   1713     0   184615.7338   213   391506.0000      Cuts: 36   232724   52.84%
   1713     0   184735.6922   217   391506.0000      Cuts: 38   232782   52.81%
   1713     0   184785.1255   211   391506.0000      Cuts: 18   232826   52.80%
   1713     0   184835.9189   215   391506.0000      Cuts: 27   232868   52.79%
   1713     0   184938.3002   210   391506.0000      Cuts: 14   232954   52.76%
   1713     0   185013.7645   212   391506.0000      Cuts: 30   233010   52.74%
   1713     0   185036.2308   211   391506.0000      Cuts: 17   233047   52.74%
   1713     0   185182.5677   221   391506.0000      Cuts: 18   233148   52.70%
   1713     0   185317.6387   221   391506.0000      Cuts: 33   233252   52.67%
   1713     0   185455.0247   216   391506.0000      Cuts: 26   233340   52.63%
   1713     0   185517.7172   212   391506.0000      Cuts: 17   233401   52.61%
   1713     0   185654.3172   219   391506.0000      Cuts: 25   233522   52.58%
   1713     0   185711.7407   218   391506.0000      Cuts: 16   233565   52.56%
   1713     0   185749.8735   221   391506.0000      Cuts: 13   233622   52.56%
   1713     0   185820.0725   221   391506.0000      Cuts: 23   233687   52.54%
   1713     0   185902.5455   219   391506.0000      Cuts: 11   233754   52.52%
   1713     0   186040.6730   214   391506.0000      Cuts: 26   233869   52.48%
   1713     0   186239.8470   245   391506.0000      Cuts: 31   234015   52.43%
   1713     0   186381.2697   254   391506.0000      Cuts: 48   234177   52.39%
   1713     0   186416.7845   248   391506.0000      Cuts: 14   234234   52.38%
   1713     2   186416.7845   248   391506.0000   186416.7845   234234   52.38%
   1714     3   186539.5402   249   391506.0000   186539.6960   234368   52.35%
   1716     3   193605.5299   182   391506.0000   186549.6758   234759   52.35%
   1719     8   208798.8152   187   391506.0000   186578.1593   236018   52.34%
Elapsed time = 129.68 sec. (44581.63 ticks, tree = 0.02 MB, solutions = 14)
   1727    10   201272.6602   164   391506.0000   186700.7589   237236   52.31%
   1730    13   203470.8901   187   391506.0000   186700.7589   239681   52.31%
   1736    18   202082.1849   164   391506.0000   187474.1273   241374   52.11%
   1744    26   212231.5265   165   391506.0000   188329.7788   248363   51.90%
   1752    29   205371.7783   184   391506.0000   188329.7788   250383   51.90%
   1760    30   205556.5621   182   391506.0000   189000.8873   250476   51.72%
   1770    56   217664.7636   166   391506.0000   189000.8873   263408   51.72%
   1807    58   189809.4823   216   391506.0000   189552.5094   264762   51.58%
   1854    70   217725.8820   165   391506.0000   189552.5094   268489   51.58%
   1896    83   222963.1532   157   391506.0000   189552.5094   271726   51.58%
Elapsed time = 197.11 sec. (54753.48 ticks, tree = 0.45 MB, solutions = 14)
   1934   159   245400.0461   136   391506.0000   189552.5094   290987   51.58%
   1976   220   216631.7514   182   391506.0000   189552.5094   305650   51.58%
   1993   229   276985.8667   108   391506.0000   189552.5094   307514   51.58%
   2022   256   247650.0275   151   391506.0000   189552.5094   314328   51.58%
   2052   302   255401.5399   166   391506.0000   189552.5094   324611   51.58%
   2091   335   285456.4444   114   391506.0000   189552.5094   330391   51.58%
   2130   339   278263.0974   119   391506.0000   189552.5094   330819   51.58%
   2154   386   243234.4812   163   391506.0000   189552.5094   341316   51.58%
   2189   445   278350.7422   152   391506.0000   189552.5094   350526   51.58%
   2223   441   239420.7942   183   391506.0000   189552.5094   350150   51.58%
Elapsed time = 277.53 sec. (64785.93 ticks, tree = 32.14 MB, solutions = 14)
   2277   501   240533.2137   171   391506.0000   189552.5094   357442   51.58%
   2312   472   250864.3196   158   391506.0000   189552.5094   354697   51.58%
   2361   536   229077.4541   168   391506.0000   189552.5094   363744   51.58%
   2410   647   291435.1954   148   391506.0000   189552.5094   379835   51.58%
   2457   670   234787.8336   153   391506.0000   189552.5094   382217   51.58%
   2519   707   278943.6250   113   391506.0000   189552.5094   384435   51.58%
   2586   774   328974.6694   120   391506.0000   189552.5094   394119   51.58%
   2644   729   256821.6589   147   391506.0000   189552.5094   389356   51.58%
   2714   776   318502.2984   134   391506.0000   189552.5094   396984   51.58%
   2763   879   308602.7500   104   391506.0000   189552.5094   410736   51.58%
Elapsed time = 356.81 sec. (74452.63 ticks, tree = 42.85 MB, solutions = 14)
   2821   903   337079.5982   118   391506.0000   189552.5094   413796   51.58%
   2897  1082   345096.9224   117   391506.0000   189552.5094   433461   51.58%
   2977  1050   299610.8167   138   391506.0000   189552.5094   432805   51.58%
   3051  1067   357214.5933   139   391506.0000   189552.5094   432426   51.58%
   3120  1102   236324.3084   151   391506.0000   189552.5094   439425   51.58%
   3221  1215   289967.0000   104   391506.0000   189552.5094   445420   51.58%
   3280  1354   192393.8382   203   391506.0000   189552.5094   465953   51.58%
   3345  1361   219366.4097   167   391506.0000   189552.5094   469277   51.58%
   3411  1535   254360.0329   191   391506.0000   189552.5094   498534   51.58%
   3501  1534   276640.4091   156   391506.0000   189552.5094   496086   51.58%
Elapsed time = 429.87 sec. (84111.49 ticks, tree = 46.32 MB, solutions = 14)
   3583  1594   293879.5903   137   391506.0000   189552.5094   500579   51.58%
   3684  1679   299857.2000   119   391506.0000   189552.5094   523428   51.58%
   3802  1771   335421.4451   135   391506.0000   189552.5094   535821   51.58%
   3916  1885   371182.6364   124   391506.0000   189552.5094   559094   51.58%
   4030  1913   383401.1667   120   391506.0000   189552.5094   558113   51.58%
   4120  2208   237818.3052   175   391506.0000   190321.5386   595252   51.39%
   4181  2133   197029.3386   221   391506.0000   190321.5386   582272   51.39%
   4244  2106   203581.1835   196   391506.0000   190321.5386   579843   51.39%
   4351  2417   225136.1853   218   391506.0000   190321.5386   631090   51.39%
   4438  2476   278035.5000    83   391506.0000   190321.5386   644594   51.39%
Elapsed time = 498.88 sec. (93772.43 ticks, tree = 51.68 MB, solutions = 14)
   4531  2520   325837.2500   133   391506.0000   190321.5386   654333   51.39%
   4647  2527   373009.5833    75   391506.0000   190321.5386   649929   51.39%
   4773  2617   241044.7304   203   391506.0000   190321.5386   670172   51.39%
   4857  2681   273950.3580   175   391506.0000   190321.5386   682757   51.39%
   4939  2928   268810.6001   212   391506.0000   190321.5386   716288   51.39%
   5031  3005   249931.0700   150   391506.0000   195493.6558   730899   50.07%
   5155  3115   283573.9521   176   391506.0000   195493.6558   746403   50.07%
   5292  3264   288808.1182   172   391506.0000   195493.6558   775294   50.07%
   5394  3211   265856.5180   203   391506.0000   196077.8807   763113   49.92%
   5499  3430   241793.2494   172   391506.0000   196077.8807   801826   49.92%
Elapsed time = 563.69 sec. (103367.57 ticks, tree = 59.36 MB, solutions = 14)
   5628  3404   250970.0465   185   391506.0000   196077.8807   799043   49.92%
   5735  3591   328842.3265   156   391506.0000   196516.4346   819234   49.81%
   5888  3897   336590.8704   170   391506.0000   196516.4346   858071   49.81%
   6016  3787   335158.6538   159   391506.0000   196516.4346   848424   49.81%
   6130  4021   310567.1506   161   391506.0000   196531.3810   877536   49.80%
   6241  4042   325171.6389   156   391506.0000   196531.3810   879398   49.80%
   6364  4374   289231.8279   150   391506.0000   196531.3810   922142   49.80%
   6482  4300   340884.6550   148   391506.0000   197029.7262   910820   49.67%
   6599  4576   321089.0694   173   391506.0000   197029.7262   957870   49.67%
   6725  4458   284750.5103   160   391506.0000   197034.1322   941826   49.67%
Elapsed time = 635.92 sec. (112962.01 ticks, tree = 64.70 MB, solutions = 14)
   6863  4771   285243.5639   206   391506.0000   197042.0140   987379   49.67%
   6952  4916   232350.3761   172   391506.0000   197377.9530  1002762   49.58%
   7064  4929   251886.6190   178   391506.0000   197377.9530  1005634   49.58%
   7195  5167   266810.7788   168   391506.0000   197377.9530  1048919   49.58%
   7342  5031   292460.1538   179   391506.0000   197377.9530  1022506   49.58%
   7499  5363   337025.3125   150   391506.0000   197377.9530  1073809   49.58%
   7629  5300   321979.3848   156   391506.0000   197377.9530  1066386   49.58%
   7801  5633   333610.2331   185   391506.0000   197377.9530  1105335   49.58%
   7906  5637   334975.6000   177   391506.0000   197449.6456  1105523   49.57%
   8440  6192   207985.6479   193   391506.0000   198108.0707  1180936   49.40%
Elapsed time = 726.77 sec. (125422.93 ticks, tree = 73.07 MB, solutions = 14)
   8926  6617   216415.3846   189   391506.0000   198531.7249  1255992   49.29%
   9383  7030   296195.3541   170   391506.0000   199251.4150  1333842   49.11%
*  9544+ 7259                       389380.0000   199251.4150            48.83%
   9911  7670   330104.2317   155   389380.0000   199353.5618  1437690   48.80%
  10523  8224   330491.0824   184   389380.0000   199394.5184  1501140   48.79%
  11042  8573   292731.6563   167   389380.0000   200074.1659  1547019   48.62%
  11522  9141   337395.0284   180   389380.0000   200152.1139  1631805   48.60%
  12094  9845   328288.3941   184   389380.0000   200152.1139  1719237   48.60%
  12528 10216   332925.9105   195   389380.0000   200721.8886  1770004   48.45%
  13000 10481   267122.1547   206   389380.0000   200731.9950  1818824   48.45%
  13526 10958   262835.9901   244   389380.0000   200892.2793  1883548   48.41%
Elapsed time = 1000.10 sec. (163644.48 ticks, tree = 95.04 MB, solutions = 15)
  13939 11381   289988.2788   182   389380.0000   201018.1057  1934820   48.37%
  14467 12138   319832.1839   198   389380.0000   201276.7640  2043026   48.31%
  14953 12558   351832.0484   189   389380.0000   201276.7640  2104103   48.31%
  15500 12941   316266.6770   179   389380.0000   201523.3775  2161526   48.25%
  15951 13668   362048.9438   157   389380.0000   202040.7614  2271813   48.11%
  16394 13799   284853.3750   201   389380.0000   202091.9639  2302642   48.10%
  16831 14254   266094.9513   160   389380.0000   202231.5350  2374022   48.06%
* 17072+14488                       388176.0000   202287.9909            47.89%
  17194 14563   218142.9098   179   388176.0000   202287.9909  2423612   47.89%
  17650 15117   381329.0000    85   388176.0000   202910.3823  2530480   47.73%
  18030 15302   265985.5581   198   388176.0000   203123.1770  2556833   47.67%
Elapsed time = 1260.82 sec. (201877.71 ticks, tree = 115.33 MB, solutions = 16)
  18385 15701   316252.1735   211   388176.0000   203123.1770  2628058   47.67%
* 18618+15849                       386741.0000   203123.1770            47.48%
  18795 16125   351396.4737   183   386741.0000   203380.6266  2693353   47.41%
  19183 16628   240159.7006   180   386741.0000   203394.2731  2778350   47.41%
  19603 17101   218365.4103   188   386741.0000   203512.3673  2858616   47.38%
  20100 17349   356361.7152   188   386741.0000   203735.3861  2897754   47.32%
  20619 17608   333003.3101   194   386741.0000   203807.6533  2936828   47.30%
  21080 18206   366271.7880   198   386741.0000   204217.1250  3011584   47.20%
  21508 18830   286552.3715   172   386741.0000   204220.3137  3120834   47.19%
  22019 18984   307543.5942   134   386741.0000   204287.2651  3151333   47.18%
  22492 19586   310411.6422   248   386741.0000   204404.2608  3243295   47.15%
Elapsed time = 1540.03 sec. (240109.32 ticks, tree = 137.18 MB, solutions = 17)
  22952 19974   264914.7500   111   386741.0000   204563.9341  3306664   47.11%
  23454 20228   345691.4811   187   386741.0000   204731.7182  3357298   47.06%
  23876 21041   370653.0000    85   386741.0000   204820.0580  3480465   47.04%
  24341 21221   367724.8142   200   386741.0000   204854.8955  3499433   47.03%
  24850 22138   363793.7812   160   386741.0000   204892.0941  3665763   47.02%
  25356 22364   377715.7500    91   386741.0000   205051.4665  3693335   46.98%
  25789 22932   342411.7500   176   386741.0000   205051.4665  3784668   46.98%
  26223 23141   374337.3878   164   386741.0000   205374.3233  3812798   46.90%
  26689 23972   356027.4629   211   386741.0000   205444.8756  3949856   46.88%
  27218 23918        cutoff         386741.0000   205511.9346  3936081   46.86%
Elapsed time = 1814.74 sec. (278312.03 ticks, tree = 160.77 MB, solutions = 17)
  27679 24602   334540.9375   151   386741.0000   205728.9004  4041795   46.80%
  28147 25091   377182.6538   150   386741.0000   205735.3701  4118563   46.80%
  28548 25559   292843.6618   169   386741.0000   205929.6388  4215930   46.75%
  29047 25818   357155.4962   204   386741.0000   206131.1828  4266913   46.70%
  29641 26327   253745.3659   168   386741.0000   206131.1828  4343827   46.70%
  30170 26906   217627.3899   186   386741.0000   206177.6247  4416735   46.69%
  30725 27042   311398.5111   157   386741.0000   206459.6463  4441511   46.62%
  31186 27834   311495.7586   161   386741.0000   206459.6463  4576484   46.62%
  31564 28275   266480.9687   181   386741.0000   206517.4020  4636246   46.60%
  32046 28752   290126.8612   179   386741.0000   206597.9324  4697484   46.58%
Elapsed time = 2087.09 sec. (316514.92 ticks, tree = 182.55 MB, solutions = 17)
  32521 29110   317462.7667   154   386741.0000   206801.1821  4747959   46.53%
  33087 29662   318377.3891   185   386741.0000   206830.4006  4832970   46.52%
  33784 30301   302836.8000   146   386741.0000   206871.9999  4919775   46.51%
  34149 30452   259501.9076   191   386741.0000   206898.8672  4939990   46.50%
* 34179+30763                       383966.0000   206988.2246            46.09%
* 34238+31109                       382103.0000   206997.8964            45.83%
* 34325+31109                       380133.0000   206997.8964            45.55%
* 34376+31109                       361696.0000   207008.7721            42.77%
  34404 31103   349667.0286   183   361696.0000   207008.7721  5086980   42.77%
  34720 31180   227833.1121   177   361696.0000   207068.8121  5096490   42.75%
  35108 26564   344317.2500   100   361696.0000   207073.9005  5116497   42.75%
  35431 26858   304682.9295   171   361696.0000   207073.9005  5172443   42.75%

Performing restart 2

Repeating presolve.
Tried aggregator 1 time.
MIP Presolve eliminated 826 rows and 50 columns.
Reduced MIP has 29567 rows, 2963 columns, and 115254 nonzeros.
Reduced MIP has 2963 binaries, 0 generals, 0 SOSs, and 0 indicators.
Presolve time = 0.18 sec. (158.09 ticks)
Tried aggregator 1 time.
Reduced MIP has 29567 rows, 2963 columns, and 115254 nonzeros.
Reduced MIP has 2963 binaries, 0 generals, 0 SOSs, and 0 indicators.
Presolve time = 0.10 sec. (84.60 ticks)
Represolve time = 0.35 sec. (295.55 ticks)
  35495     0   187614.4327   261   361696.0000      Cuts: 38  5306254   42.75%
  35495     0   188035.9712   251   361696.0000      Cuts: 32  5306518   42.75%
  35495     0   188362.1983   212   361696.0000      Cuts: 49  5306668   42.75%
  35495     0   188657.4755   248   361696.0000      Cuts: 58  5306827   42.75%
  35495     0   188867.3715   217   361696.0000      Cuts: 66  5306970   42.75%
  35495     0   188986.1463   211   361696.0000      Cuts: 58  5307056   42.75%
  35495     0   189058.5093   215   361696.0000      Cuts: 45  5307109   42.75%
  35495     0   189173.6210   210   361696.0000      Cuts: 62  5307193   42.75%
  35495     0   189327.2546   218   361696.0000      Cuts: 62  5307345   42.75%
  35495     0   189468.0745   225   361696.0000      Cuts: 88  5307451   42.75%
  35495     0   189536.3164   218   361696.0000      Cuts: 18  5307516   42.75%
* 35495+    0                       361508.0000   207073.9005            42.72%
  35495     2   189536.3164   218   361508.0000   207073.9005  5307516   42.72%
  35514    17   200761.6034   191   361508.0000   207073.9005  5313104   42.72%
Elapsed time = 2301.09 sec. (367559.33 ticks, tree = 0.03 MB, solutions = 30)
  35678   159   239042.6504   129   361508.0000   207073.9005  5350666   42.72%
  35813   256   253092.0542   167   361508.0000   207073.9005  5371248   42.72%
  36016   373   281954.6755   153   361508.0000   207073.9005  5395838   42.72%
  36216   604   284013.6728   154   361508.0000   207073.9005  5435398   42.72%
  36590   865   205386.1522   164   361508.0000   207073.9005  5476103   42.72%
  36993  1224   248548.2100   176   361508.0000   207073.9005  5541485   42.72%
  37486  1690   230269.0265   183   361508.0000   207073.9005  5630953   42.72%
  37913  2059   318809.2026   182   361508.0000   207073.9005  5693453   42.72%
  38354  2528   357434.0682   167   361508.0000   207073.9005  5743109   42.72%
  38860  2938   213342.4515   220   361508.0000   207073.9005  5786267   42.72%
Elapsed time = 2581.91 sec. (405878.35 ticks, tree = 55.09 MB, solutions = 30)
  39461  3513   288193.4591   200   361508.0000   207073.9005  5846344   42.72%
  40120  4088   326451.2860   196   361508.0000   207073.9005  5881672   42.72%
  40606  4655   271741.5398   203   361508.0000   207073.9005  5931616   42.72%
  41199  5222   314097.7529   212   361508.0000   207073.9005  5984941   42.72%
  41775  5827   232851.5397   209   361508.0000   207073.9005  6030809   42.72%
  42272  6350   243110.9265   160   361508.0000   207073.9005  6100044   42.72%
  42796  6676   285024.0434   205   361508.0000   207073.9005  6144790   42.72%
  43504  7480   334885.7758   178   361508.0000   207073.9005  6216261   42.72%
  44088  8126   259785.7403   207   361508.0000   207073.9005  6266881   42.72%
  44727  8467   298728.7114   212   361508.0000   207073.9005  6305896   42.72%
Elapsed time = 2901.12 sec. (444099.04 ticks, tree = 1098.22 MB, solutions = 30)
  45358  9001   253304.6483   195   361508.0000   207073.9005  6349538   42.72%
  45969  9696   306322.1404   165   361508.0000   207073.9005  6403908   42.72%
  46589 10380   346418.5092   173   361508.0000   207073.9005  6464218   42.72%
  47201 10911   344029.1172   170   361508.0000   207073.9005  6510102   42.72%
  47787 11666   307119.3148   145   361508.0000   207073.9005  6576556   42.72%
  48419 12172   283499.1253   224   361508.0000   207073.9005  6626654   42.72%
  49023 12660   333608.4833   178   361508.0000   207073.9005  6665327   42.72%
  49601 13122   263490.7345   204   361508.0000   207073.9005  6720927   42.72%
  50233 13758   313235.0417   169   361508.0000   207073.9005  6787995   42.72%
  50954 14473   313868.0083   173   361508.0000   207073.9005  6849001   42.72%
Elapsed time = 3173.47 sec. (482280.86 ticks, tree = 1950.10 MB, solutions = 30)
  51405 15207   255799.5238   202   361508.0000   207073.9005  6909451   42.72%
  51749 15423   345023.6658   192   361508.0000   207073.9005  6930283   42.72%
  52246 15760   331565.4203   179   361508.0000   207073.9005  6962223   42.72%
Starting limited solution polishing.
  52964 16048   303198.2460   204   361508.0000   207073.9005  6989589   42.72%
  53562 17180   253509.4254   186   361508.0000   207073.9005  7083058   42.72%
  53967 17572   345534.2769   172   361508.0000   207073.9005  7118921   42.72%
  54389 17790   281855.6630   205   361508.0000   207073.9005  7140620   42.72%
  54727 18108   323241.2840   229   361508.0000   207073.9005  7168974   42.72%
  55078 18546   293021.8842   167   361508.0000   207073.9005  7206186   42.72%
  55493 18832   343438.5293   189   361508.0000   207073.9005  7232447   42.72%
Elapsed time = 3374.16 sec. (520497.92 ticks, tree = 2451.37 MB, solutions = 30)
Nodefile size = 379.01 MB (238.23 MB after compression)
  55930 19217   274368.5115   149   361508.0000   207073.9005  7266365   42.72%
  56531 19551   239649.2690   197   361508.0000   207073.9005  7289631   42.72%
  57106 20164   307769.1135   209   361508.0000   207073.9005  7345911   42.72%
* 57265+20487                       355441.0000   207073.9005            41.74%
* 57460+20103                       355388.0000   207073.9005            41.73%
  57728 20249   329163.7548   197   355388.0000   207073.9005  7449738   41.73%
  58267 20725   287381.3421   158   355388.0000   207073.9005  7495331   41.73%
  58841 20924   301026.4400   167   355388.0000   207196.0339  7514290   41.70%
  59384 21502   341968.0511   206   355388.0000   207235.0391  7566275   41.69%
  60059 22487   311374.7754   163   355388.0000   207235.0391  7664328   41.69%
  60606 22994   351284.2500    87   355388.0000   207673.7930  7715007   41.56%

Implied bound cuts applied:  5
Zero-half cuts applied:  292
Lift and project cuts applied:  101

Root node processing (before b&c):
  Real time             =   32.49 sec. (10905.61 ticks)
Parallel b&c, 8 threads:
  Real time             = 3569.45 sec. (545050.22 ticks)
  Sync time (average)   =  633.56 sec.
  Wait time (average)   =    0.01 sec.
                          ------------
Total (root+branch&cut) = 3601.94 sec. (555955.83 ticks)
Status: Feasible
Obj: 355388

Instalacoes abertas:
Instalação 0 aberta
Instalação 1 aberta
Instalação 4 aberta
Instalação 8 aberta
Instalação 9 aberta
Instalação 13 aberta
Instalação 20 aberta
Instalação 22 aberta
Instalação 39 aberta
Instalação 47 aberta

Atribuições (cliente -> instalação):
Cliente 0 -> Instalação 1
Cliente 1 -> Instalação 8
Cliente 2 -> Instalação 13
Cliente 3 -> Instalação 20
Cliente 4 -> Instalação 47
Cliente 5 -> Instalação 9
Cliente 6 -> Instalação 4
Cliente 7 -> Instalação 13
Cliente 8 -> Instalação 0
Cliente 9 -> Instalação 1
Cliente 10 -> Instalação 22
Cliente 11 -> Instalação 4
Cliente 12 -> Instalação 39
Cliente 13 -> Instalação 9
Cliente 14 -> Instalação 4
Cliente 15 -> Instalação 4
Cliente 16 -> Instalação 20
Cliente 17 -> Instalação 9
Cliente 18 -> Instalação 4
Cliente 19 -> Instalação 8
Cliente 20 -> Instalação 1
Cliente 21 -> Instalação 47
Cliente 22 -> Instalação 22
Cliente 23 -> Instalação 47
Cliente 24 -> Instalação 13
Cliente 25 -> Instalação 20
Cliente 26 -> Instalação 8
Cliente 27 -> Instalação 8
Cliente 28 -> Instalação 0
Cliente 29 -> Instalação 9
Cliente 30 -> Instalação 20
Cliente 31 -> Instalação 0
Cliente 32 -> Instalação 13
Cliente 33 -> Instalação 20
Cliente 34 -> Instalação 9
Cliente 35 -> Instalação 47
Cliente 36 -> Instalação 13
Cliente 37 -> Instalação 39
Cliente 38 -> Instalação 8
Cliente 39 -> Instalação 39
Cliente 40 -> Instalação 9
Cliente 41 -> Instalação 9
Cliente 42 -> Instalação 0
Cliente 43 -> Instalação 1
Cliente 44 -> Instalação 47
Cliente 45 -> Instalação 8
Cliente 46 -> Instalação 4
Cliente 47 -> Instalação 1
Cliente 48 -> Instalação 13
Cliente 49 -> Instalação 0
