Version identifier: 22.1.1.0 | 2022-11-28 | 9160aff4d
CPXPARAM_TimeLimit                               3600
Tried aggregator 1 time.
MIP Presolve eliminated 50 rows and 1 columns.
Reduced MIP has 19550 rows, 2890 columns, and 58550 nonzeros.
Reduced MIP has 2890 binaries, 0 generals, 0 SOSs, and 0 indicators.
Presolve time = 0.03 sec. (30.43 ticks)
Found incumbent of value 1.5070401e+07 after 0.04 sec. (38.14 ticks)
Probing time = 0.01 sec. (5.17 ticks)
Tried aggregator 1 time.
Detecting symmetries...
Reduced MIP has 19550 rows, 2890 columns, and 58550 nonzeros.
Reduced MIP has 2890 binaries, 0 generals, 0 SOSs, and 0 indicators.
Presolve time = 0.05 sec. (36.35 ticks)
Probing time = 0.01 sec. (5.17 ticks)
Clique table members: 2500.
MIP emphasis: balance optimality and feasibility.
MIP search method: dynamic search.
Parallel mode: deterministic, using up to 8 threads.
Root relaxation solution time = 0.05 sec. (29.72 ticks)

        Nodes                                         Cuts/
   Node  Left     Objective  IInf  Best Integer    Best Bound    ItCnt     Gap

*     0+    0                       1.50704e+07        0.0000           100.00%
*     0+    0                       1.12529e+07        0.0000           100.00%
*     0+    0                       509323.0000        0.0000           100.00%
*     0+    0                       484323.0000        0.0000           100.00%
*     0+    0                       359802.0000        0.0000           100.00%
      0     0    93774.0000   100   359802.0000    93774.0000      173   73.94%
*     0+    0                       294510.0000    93774.0000            68.16%
      0     0   106217.5000   100   294510.0000     Cuts: 877      380   63.93%
      0     0   118774.0000    98   294510.0000     Cuts: 842      630   59.67%
*     0+    0                       263740.0000   118774.0000            54.97%
      0     0   129987.7143   212   263740.0000 ZeroHalf: 328     1743   50.71%
*     0+    0                       250349.0000   129987.7143            48.08%
      0     0  -1.00000e+75     0   250349.0000   129987.7143     1743   48.08%
      0     0   132500.5714   223   250349.0000 ZeroHalf: 308     2124   47.07%
      0     0   136444.5904   210   250349.0000     Cuts: 353     2460   45.50%
Detecting symmetries...
      0     0   140363.3223   172   250349.0000     Cuts: 366     2989   43.93%
      0     0   142979.1901   184   250349.0000     Cuts: 283     3367   42.89%
      0     0   145550.8514   191   250349.0000     Cuts: 177     3764   41.86%
      0     0   146771.4684   188   250349.0000     Cuts: 114     4042   41.37%
      0     0   148240.7929   184   250349.0000      Cuts: 96     4364   40.79%
      0     0   149473.0510   197   250349.0000     Cuts: 121     4659   40.29%
      0     0   150534.3058   199   250349.0000     Cuts: 100     4912   39.87%
      0     0   151600.1383   191   250349.0000     Cuts: 165     5203   39.44%
      0     0   151810.5786   193   250349.0000      Cuts: 41     5314   39.36%
      0     0   152054.5248   189   250349.0000      Cuts: 44     5414   39.26%
      0     0   152471.3777   184   250349.0000      Cuts: 69     5573   39.10%
      0     0   152888.6281   181   250349.0000      Cuts: 48     5708   38.93%
      0     0   153183.5448   192   250349.0000      Cuts: 77     5852   38.81%
      0     0   153461.5069   187   250349.0000      Cuts: 35     5964   38.70%
      0     0   153837.5910   186   250349.0000      Cuts: 61     6070   38.55%
      0     0   154093.2602   185   250349.0000      Cuts: 80     6174   38.45%
      0     0   154471.2925   192   250349.0000      Cuts: 96     6340   38.30%
      0     0   154709.1475   184   250349.0000      Cuts: 62     6419   38.20%
      0     0   155115.3690   187   250349.0000      Cuts: 43     6553   38.04%
      0     0   155361.0888   208   250349.0000      Cuts: 31     6687   37.94%
      0     0   155711.1582   187   250349.0000     Cuts: 120     6841   37.80%
      0     0   155983.8380   184   250349.0000      Cuts: 41     6946   37.69%
      0     0   156273.7125   187   250349.0000      Cuts: 68     7122   37.58%
      0     0   156400.0004   188   250349.0000      Cuts: 25     7186   37.53%
      0     0   156509.7407   185   250349.0000      Cuts: 35     7252   37.48%
      0     0   156700.4524   189   250349.0000      Cuts: 32     7356   37.41%
      0     0   157055.2746   185   250349.0000      Cuts: 49     7459   37.27%
      0     0   157478.6839   183   250349.0000      Cuts: 55     7612   37.10%
      0     0   157661.6298   190   250349.0000      Cuts: 33     7697   37.02%
      0     0   157848.8583   224   250349.0000      Cuts: 48     7815   36.95%
      0     0   158125.3796   218   250349.0000      Cuts: 51     7995   36.84%
      0     0   158306.5260   183   250349.0000      Cuts: 66     8179   36.77%
      0     0   158402.8988   218   250349.0000      Cuts: 41     8297   36.73%
      0     0   158482.3212   187   250349.0000      Cuts: 27     8362   36.70%
      0     0   158577.6816   190   250349.0000      Cuts: 22     8441   36.66%
      0     0   158734.9349   184   250349.0000      Cuts: 36     8508   36.59%
      0     0   158846.7070   216   250349.0000      Cuts: 23     8576   36.55%
      0     0   158944.5357   218   250349.0000      Cuts: 41     8638   36.51%
      0     0   159042.7136   216   250349.0000      Cuts: 22     8746   36.47%
      0     0   159099.1420   219   250349.0000      Cuts: 68     8844   36.45%
      0     0   159207.8425   186   250349.0000     Cuts: 118     8929   36.41%
      0     0   159315.0393   184   250349.0000      Cuts: 43     9046   36.36%
      0     0   159377.2532   181   250349.0000      Cuts: 46     9130   36.34%
Detecting symmetries...
      0     2   159377.2532   181   250349.0000   159377.2532     9130   36.34%
Elapsed time = 10.20 sec. (5625.82 ticks, tree = 0.02 MB, solutions = 8)
      6     8   165945.2668   144   250349.0000   159628.4584    11212   36.24%
     32    19   167185.4158   192   250349.0000   160360.3023    15673   35.95%
     65    50   173328.4067   156   250349.0000   160372.2926    24599   35.94%
    113    91   231761.9565   113   250349.0000   160372.2926    33583   35.94%
    160   122   180423.8135   153   250349.0000   160372.2926    39059   35.94%
*   193   157      integral     0   239480.0000   160372.2926    43479   33.03%
    216   178   190139.1667   109   239480.0000   160372.2926    48038   33.03%
    271   219   213273.0000    68   239480.0000   160372.2926    60990   33.03%
    364   241   185555.0833   146   239480.0000   160372.2926    67814   33.03%
    428   317        cutoff         239480.0000   161388.0968    77049   32.61%
*   621   461      integral     0   233793.0000   162992.1180   104535   30.28%
    748   569   221047.0000   105   233793.0000   162992.1180   122753   30.28%
Elapsed time = 20.15 sec. (8767.32 ticks, tree = 14.11 MB, solutions = 11)
   1081   778   215192.8500   131   233793.0000   165372.8497   148495   29.27%
   1373  1100   224015.9167   111   233793.0000   168113.3448   188914   28.09%
   1658  1283   186704.8602   160   233793.0000   168720.7947   222024   27.83%
   1945  1510   217173.9217   132   233793.0000   169332.0769   260668   27.57%
   2189  1757   220988.6825   146   233793.0000   170067.3070   297947   27.26%
   2460  1948   190811.5000    88   233793.0000   170505.7619   337997   27.07%
   2734  2155   210298.5000    84   233793.0000   170970.2278   369428   26.87%
   3086  2432   206968.2500   108   233793.0000   171536.6724   408564   26.63%
   3341  2648   176877.2290   180   233793.0000   172073.3028   435649   26.40%

Performing restart 1

Repeating presolve.
Tried aggregator 1 time.
MIP Presolve eliminated 5318 rows and 546 columns.
Reduced MIP has 14232 rows, 2344 columns, and 42596 nonzeros.
Reduced MIP has 2344 binaries, 0 generals, 0 SOSs, and 0 indicators.
Presolve time = 0.03 sec. (24.71 ticks)
Tried aggregator 1 time.
Reduced MIP has 14232 rows, 2344 columns, and 42596 nonzeros.
Reduced MIP has 2344 binaries, 0 generals, 0 SOSs, and 0 indicators.
Presolve time = 0.03 sec. (27.08 ticks)
Represolve time = 0.10 sec. (79.42 ticks)
   3342     0   160000.7048   227   233793.0000      Cuts: 53   455586   26.30%
   3342     0   160449.6532   188   233793.0000      Cuts: 44   455791   26.30%
*  3342+    0                       232475.0000   172306.5622            25.88%
   3342     0   160707.9065   194   232475.0000      Cuts: 52   455945   25.88%
   3342     0   161177.6222   223   232475.0000      Cuts: 46   456168   25.88%
   3342     0   161678.5026   223   232475.0000      Cuts: 53   456381   25.88%
   3342     2   161678.5026   223   232475.0000   172306.5622   456381   25.88%
Elapsed time = 67.40 sec. (25510.86 ticks, tree = 0.02 MB, solutions = 13)
   3344     3   161771.0136   222   232475.0000   172306.5622   456423   25.88%
   3397    51   180153.9216   148   232475.0000   172306.5622   470005   25.88%
   3478   105   178014.9591   190   232475.0000   172306.5622   488143   25.88%
   3586   187   210900.7500   114   232475.0000   172306.5622   502308   25.88%
   3705   336   186794.5278   145   232475.0000   172306.5622   526374   25.88%
   3892   410   188079.3538   155   232475.0000   172306.5622   535609   25.88%
   4173   643   226492.5000   124   232475.0000   172306.5622   559733   25.88%
   4393   724   179700.8603   155   232475.0000   172306.5622   570063   25.88%
   4657  1052   209643.5000    84   232475.0000   172306.5622   626582   25.88%
   4935  1130        cutoff         232475.0000   172306.5622   638706   25.88%
Elapsed time = 98.91 sec. (35336.71 ticks, tree = 5.96 MB, solutions = 13)
   5267  1446   203392.2273   157   232475.0000   172306.5622   673274   25.88%
   5567  1695   200157.0833   162   232475.0000   172306.5622   700205   25.88%
   5911  1895   174267.2500   150   232475.0000   172306.5622   723546   25.88%
   6161  2333   228982.4000   150   232475.0000   172306.5622   763889   25.88%
   6410  2563   197657.0181   160   232475.0000   172306.5622   801760   25.88%
   6728  2853   212821.1071   162   232475.0000   172306.5622   834051   25.88%
   7032  3058   220154.3125   166   232475.0000   172306.5622   861804   25.88%
   7276  3303   204098.0547   156   232475.0000   172306.5622   900131   25.88%
   7577  3582   213467.9773   181   232475.0000   172306.5622   944640   25.88%
   7864  3825   217029.8108   161   232475.0000   172306.5622   977245   25.88%
Elapsed time = 132.18 sec. (44911.93 ticks, tree = 13.55 MB, solutions = 13)
   8142  4022   224252.6410   166   232475.0000   172306.5622   996243   25.88%
   8379  4286   226598.5909    99   232475.0000   172306.5622  1036527   25.88%
   8664  4519   210624.7625   163   232475.0000   172306.5622  1078168   25.88%
   8970  4748   191709.5836   148   232475.0000   172306.5622  1109551   25.88%
   9256  5185   218156.7893   188   232475.0000   172543.2851  1173298   25.78%
   9535  5292   196950.0310   163   232475.0000   172912.6561  1196427   25.62%
   9850  5544   201556.7448   173   232475.0000   172956.1042  1237243   25.60%
  10136  5933   212133.6296   133   232475.0000   173004.7242  1286331   25.58%
  10416  6083   218314.1227   171   232475.0000   173253.3458  1306587   25.47%
  10740  6315   197367.0000   158   232475.0000   173425.3993  1341595   25.40%
Elapsed time = 165.53 sec. (54512.18 ticks, tree = 19.94 MB, solutions = 13)
  11078  6801   222213.1572   167   232475.0000   173515.6001  1398876   25.36%
  11400  6960   188445.1023   162   232475.0000   173617.3531  1419548   25.32%
  11668  7297   210159.0484   191   232475.0000   173827.6270  1459704   25.23%
  11967  7442   204916.1250   145   232475.0000   173967.0016  1481723   25.17%
  12302  7780   192472.9977   155   232475.0000   174244.5000  1529044   25.05%
  12606  8153   221623.4740   169   232475.0000   174497.0000  1580600   24.94%
  12979  8269   228595.4476   183   232475.0000   174505.9500  1594174   24.94%
  13283  8699   224471.7500   154   232475.0000   174783.5000  1637502   24.82%
  13689  8918   226580.2807   156   232475.0000   175285.8625  1658482   24.60%
  14048  9293        cutoff         232475.0000   175394.7229  1709859   24.55%
Elapsed time = 197.62 sec. (64085.91 ticks, tree = 28.29 MB, solutions = 13)
  14361  9672   231402.4167   120   232475.0000   175667.5591  1760437   24.44%
  14663  9984   211237.1642   154   232475.0000   175807.3693  1808658   24.38%
  14938 10209   226387.2479   188   232475.0000   175906.5659  1844777   24.33%
  15294 10359   231544.1574   186   232475.0000   176066.9000  1861006   24.26%
  15657 10729   194626.6963   178   232475.0000   176151.2302  1914165   24.23%
  15939 11132   222377.7143   142   232475.0000   176510.3487  1964498   24.07%
  16194 11168   221822.3333   139   232475.0000   176931.2222  1970105   23.89%
  16516 11394   202564.2381   145   232475.0000   177062.8919  2008048   23.84%
  16844 11752   223732.2326   148   232475.0000   177107.9036  2054512   23.82%
  17261 12219   214407.5160   148   232475.0000   177330.6512  2121195   23.72%
Elapsed time = 231.04 sec. (73644.14 ticks, tree = 36.36 MB, solutions = 13)
  17574 12426   224313.7436   191   232475.0000   177510.4059  2146686   23.64%
  17933 12778   200880.3407   156   232475.0000   177618.2050  2190024   23.60%
  18201 13107        cutoff         232475.0000   177752.8929  2229818   23.54%
  18423 13210   232439.0000    64   232475.0000   177762.5975  2243680   23.53%
  18684 13526   231428.4181   144   232475.0000   177984.6154  2301422   23.44%
  19000 13648   230381.7900   143   232475.0000   178021.7521  2327598   23.42%
  19258 13836   204688.1747   170   232475.0000   178054.0447  2357469   23.41%
  19431 14162   231962.5714   159   232475.0000   178054.0447  2404852   23.41%
  19697 14348   193456.8125   147   232475.0000   178289.9231  2435064   23.31%
  19928 14547   223161.1667   121   232475.0000   178343.8393  2458354   23.28%
Elapsed time = 262.03 sec. (83214.30 ticks, tree = 41.62 MB, solutions = 13)
  20296 14792   226646.2778   114   232475.0000   178343.8393  2495589   23.28%
  20601 14877   183529.8670   191   232475.0000   178553.1571  2514280   23.19%
  20870 15259   220075.2077   177   232475.0000   179112.2182  2557316   22.95%
  21272 15612   190720.0674   150   232475.0000   179117.2694  2604857   22.95%
  21631 15683   208330.9885   167   232475.0000   179153.2153  2615434   22.94%
  21951 16460        cutoff         232475.0000   179397.9043  2712536   22.83%
  22242 16361   226305.2540   181   232475.0000   179551.0625  2703844   22.77%
  22553 16860        cutoff         232475.0000   179670.3179  2782801   22.71%
  22863 16897   230902.3188   133   232475.0000   179702.0708  2788538   22.70%
  23165 17365   228790.8824   132   232475.0000   179922.9677  2850176   22.61%
Elapsed time = 293.00 sec. (92766.28 ticks, tree = 49.76 MB, solutions = 13)
  23448 17660   230970.0000    65   232475.0000   180025.3939  2899394   22.56%
  23762 17922   214583.4394   145   232475.0000   180242.6386  2939010   22.47%
  24061 17948   220515.7257   150   232475.0000   180507.7125  2944821   22.35%
  24345 18197   222497.1888   160   232475.0000   180507.7125  2983375   22.35%
  24667 18758   206853.6812   159   232475.0000   180751.0638  3063313   22.25%
  24990 19013   196713.0552   190   232475.0000   180884.6089  3098612   22.19%
  25301 19378   228467.2000   138   232475.0000   180897.7789  3151556   22.19%
  25623 19445   227652.5808   147   232475.0000   180897.7789  3156939   22.19%
  25899 19531   224765.3380   162   232475.0000   181057.3077  3170488   22.12%
  27227 20956   226605.6667   132   232475.0000   181655.2035  3381708   21.86%
Elapsed time = 334.26 sec. (105179.59 ticks, tree = 59.52 MB, solutions = 13)
  28463 21910   200250.2321   151   232475.0000   182007.8929  3530578   21.71%
  29868 22866   231156.9167   106   232475.0000   182551.0000  3660062   21.47%
  31017 23807   223643.4787   158   232475.0000   182935.1720  3803963   21.31%
  32242 25003   228491.5811   154   232475.0000   183308.0000  3999486   21.15%
  33664 25930   200181.5504   125   232475.0000   183596.0000  4146878   21.03%
  34884 27218   202298.6389   166   232475.0000   183978.2955  4328146   20.86%
  36005 28487   203904.8333   107   232475.0000   184405.1696  4526401   20.68%
  36747 28862   219542.8658   180   232475.0000   184533.0147  4586459   20.62%

Performing restart 2

Repeating presolve.
Tried aggregator 1 time.
MIP Presolve eliminated 305 rows and 34 columns.
Reduced MIP has 13927 rows, 2310 columns, and 53344 nonzeros.
Reduced MIP has 2310 binaries, 0 generals, 0 SOSs, and 0 indicators.
Presolve time = 0.08 sec. (63.47 ticks)
Tried aggregator 1 time.
Reduced MIP has 13927 rows, 2310 columns, and 53344 nonzeros.
Reduced MIP has 2310 binaries, 0 generals, 0 SOSs, and 0 indicators.
Presolve time = 0.05 sec. (40.35 ticks)
Represolve time = 0.18 sec. (138.30 ticks)
  36758     0   162798.1194   234   232475.0000      Cuts: 37  4675245   20.52%
  36758     0   162977.2657   225   232475.0000      Cuts: 24  4675334   20.52%
  36758     0   163377.9208   224   232475.0000      Cuts: 47  4675611   20.52%
* 36758+    0                       231878.0000   184780.3538            20.31%
  36758     0   163917.8532   218   231878.0000      Cuts: 54  4675895   20.31%
  36758     0   164130.9811   220   231878.0000      Cuts: 43  4676015   20.31%
  36758     0   164534.4311   226   231878.0000      Cuts: 52  4676183   20.31%
  36758     0   165012.4485   217   231878.0000      Cuts: 55  4676355   20.31%
  36758     0   165362.2711   223   231878.0000      Cuts: 65  4676532   20.31%
  36758     0   165617.5048   223   231878.0000      Cuts: 54  4676711   20.31%

Repeating presolve.
Tried aggregator 1 time.
MIP Presolve eliminated 1454 rows and 77 columns.
Reduced MIP has 12473 rows, 2233 columns, and 48813 nonzeros.
Reduced MIP has 2233 binaries, 0 generals, 0 SOSs, and 0 indicators.
Presolve time = 0.07 sec. (82.56 ticks)
Tried aggregator 1 time.
Reduced MIP has 12473 rows, 2233 columns, and 48813 nonzeros.
Reduced MIP has 2233 binaries, 0 generals, 0 SOSs, and 0 indicators.
Presolve time = 0.03 sec. (35.03 ticks)
Represolve time = 0.14 sec. (149.10 ticks)
  36758     0   165962.6670   224   231878.0000      Cuts: 85  4679296   20.31%
  36758     0   166394.0094   214   231878.0000      Cuts: 47  4679399   20.31%
  36758     0   166834.9377   210   231878.0000      Cuts: 68  4679541   20.31%
* 36758+    0                       230610.0000   184780.3538            19.87%
* 36758+    0                       230228.0000   184780.3538            19.74%
  36758     0  -1.00000e+75     0   230228.0000   184780.3538  4679541   19.74%
  36758     0   167275.2262   215   230228.0000      Cuts: 69  4679677   19.74%
  36758     0   167560.2351   215   230228.0000      Cuts: 75  4679749   19.74%
  36758     0   167801.0072   220   230228.0000      Cuts: 77  4679812   19.74%
  36758     0   168146.6634   218   230228.0000      Cuts: 68  4679899   19.74%
  36758     0   168322.4759   225   230228.0000      Cuts: 65  4679986   19.74%
  36758     2   168322.4759   225   230228.0000   184780.3538  4679986   19.74%
  37042   190   186758.5924   177   230228.0000   184780.3538  4732921   19.74%
Elapsed time = 483.19 sec. (159066.51 ticks, tree = 2.21 MB, solutions = 16)
  37817   738   209331.3684   161   230228.0000   184780.3538  4840086   19.74%
  38733  1544   207573.3014   201   230228.0000   184780.3538  4943998   19.74%
  39767  2445   228492.9412   165   230228.0000   184780.3538  5082259   19.74%
  40988  3361   227196.9655   137   230228.0000   184780.3538  5206987   19.74%
  42210  4438        cutoff         230228.0000   184780.3538  5355099   19.74%
  43340  5607   215917.0883   180   230228.0000   184780.3538  5531066   19.74%
* 44178+ 6005                       229547.0000   184780.3538            19.50%
  44410  6389   223864.5538   136   229547.0000   184780.3538  5670544   19.50%
  45502  7169   223719.3984   187   229547.0000   184780.3538  5804601   19.50%
* 46224+ 7770                       229443.0000   184780.3538            19.47%
* 46681+ 7770                       229257.0000   184780.3538            19.40%
  46686  8221   217046.3138   142   229257.0000   184780.3538  5973247   19.40%
  47807  9171   214739.8077   137   229257.0000   185019.3985  6138718   19.30%
Elapsed time = 606.99 sec. (197233.22 ticks, tree = 24.82 MB, solutions = 19)
  49034 10076        cutoff         229257.0000   185875.9983  6284133   18.92%
  50219 11051   228026.9756   141   229257.0000   186511.4967  6460537   18.65%
  51304 12085   223249.2919   142   229257.0000   187693.0891  6658145   18.13%
  52368 12851   216659.5714   115   229257.0000   188469.1508  6797902   17.79%
  53490 13856   227181.4490   151   229257.0000   189019.4707  6978228   17.55%
  54482 14554   205072.4898   141   229257.0000   189494.7401  7115768   17.34%
  55694 15658   228990.7226   149   229257.0000   190459.0176  7295782   16.92%
  57080 16471   225991.5000   103   229257.0000   191000.7076  7416259   16.69%
  58299 17893   212635.3750   193   229257.0000   191359.8282  7585750   16.53%
  59656 18756   217304.3750   114   229257.0000   191964.2089  7676888   16.27%
Elapsed time = 730.53 sec. (235403.98 ticks, tree = 201.98 MB, solutions = 19)
  60821 19879   227549.0833   117   229257.0000   192544.3486  7815061   16.01%
  62289 20787   214326.0720   175   229257.0000   192849.9714  7909309   15.88%
  63447 21721   216811.4294   149   229257.0000   193318.3242  8009399   15.68%
  64764 22650   218780.0789   148   229257.0000   193811.2971  8135079   15.46%
  66085 24050   203863.5000   139   229257.0000   194316.8387  8286424   15.24%
  67401 24694   203668.7959   136   229257.0000   194711.4583  8365077   15.07%
  68611 25765   217955.6269   122   229257.0000   194996.9256  8492513   14.94%
  69656 26666   207008.9531   189   229257.0000   195420.4545  8613740   14.76%
  71076 27263   221142.2174   109   229257.0000   195666.2118  8693340   14.65%
  72373 28598   213327.7500   122   229257.0000   195954.5297  8841723   14.53%
Elapsed time = 866.85 sec. (273578.24 ticks, tree = 906.98 MB, solutions = 19)
  73727 29780   226028.2673   126   229257.0000   196445.9535  8984630   14.31%
  75130 30267   222371.1136   122   229257.0000   196718.0109  9045265   14.19%
  76170 31788   212789.5789   135   229257.0000   197063.6822  9205498   14.04%
  77452 32334   205966.9758   146   229257.0000   197312.5504  9286846   13.93%
  78858 33610   209246.6170   183   229257.0000   197581.4258  9428311   13.82%
  80006 34495   228676.3167    96   229257.0000   197729.0000  9524111   13.75%
  81226 35440   222303.4487   134   229257.0000   198029.4541  9647894   13.62%
  82564 36479   226631.9334   141   229257.0000   198177.8594  9773540   13.56%
  83688 37623   220337.6250   118   229257.0000   198377.0978  9924862   13.47%
  85029 38257   213750.0680   148   229257.0000   198668.5732 10012855   13.34%
Elapsed time = 1004.23 sec. (311746.80 ticks, tree = 1529.45 MB, solutions = 19)
  86335 39163   228908.0000   107   229257.0000   198947.7432 10112659   13.22%
  87575 40136   209096.2941   182   229257.0000   199159.7500 10231371   13.13%
  88797 41151   225525.0526   135   229257.0000   199371.2089 10363121   13.04%
  90204 42498   220010.1497   182   229257.0000   199592.2589 10519716   12.94%
  91509 43083        cutoff         229257.0000   199722.5000 10588432   12.88%
  92707 43915   221994.7437   148   229257.0000   199941.7034 10694566   12.79%
  93981 45140   220327.1667   148   229257.0000   200113.6667 10845756   12.71%
  95192 46507   204007.5025   164   229257.0000   200302.4000 10997011   12.63%
  96406 47030   211900.6633   165   229257.0000   200430.5994 11063115   12.57%
  97686 47804   210859.4367   128   229257.0000   200611.2963 11172564   12.50%
Elapsed time = 1136.89 sec. (349951.01 ticks, tree = 2199.85 MB, solutions = 19)
Nodefile size = 140.87 MB (88.69 MB after compression)
  98991 48651   222793.7647   102   229257.0000   200743.2664 11268942   12.44%
 100149 49746   218372.9694   128   229257.0000   200871.6985 11397834   12.38%
 101597 50783        cutoff         229257.0000   201036.6070 11537670   12.31%
 103022 52145        cutoff         229257.0000   201175.8728 11674411   12.25%
 104252 52719        cutoff         229257.0000   201331.6500 11741665   12.18%
 105514 53885   217922.6750   124   229257.0000   201437.8571 11882326   12.13%
 106926 54528   209136.5417   125   229257.0000   201583.3503 11967409   12.07%
 108220 55818   219890.2346   179   229257.0000   201739.5249 12122779   12.00%
*108741+56071                       228680.0000   201818.6583            11.75%
 109423 55971   224097.4286   122   228680.0000   201893.9472 12239092   11.71%
 110805 56759   224931.0000   158   228680.0000   202017.5097 12335867   11.66%
Elapsed time = 1269.30 sec. (388112.19 ticks, tree = 2859.45 MB, solutions = 20)
Nodefile size = 796.41 MB (502.38 MB after compression)
 112165 57868   225813.1533   132   228680.0000   202146.0000 12468316   11.60%
 113329 58478   228145.9412   113   228680.0000   202244.6720 12535007   11.56%
 114635 59657   209679.6364   128   228680.0000   202393.8376 12698082   11.49%
 116015 60755   223014.5312   162   228680.0000   202491.3664 12823130   11.45%
 117287 61423   227905.0733   156   228680.0000   202572.7943 12901572   11.42%
 118456 62412   214918.3412   140   228680.0000   202715.3163 13026308   11.35%
 119781 63176   218820.3262   133   228680.0000   202850.0970 13134220   11.30%
 121176 64344   219629.4167   103   228680.0000   202919.1838 13274370   11.27%
 122300 65270   219302.8519   151   228680.0000   203027.6500 13397918   11.22%
 123663 66185   227549.5435   121   228680.0000   203191.3928 13525028   11.15%
Elapsed time = 1398.57 sec. (426293.39 ticks, tree = 3551.10 MB, solutions = 20)
Nodefile size = 1494.75 MB (942.99 MB after compression)
 125029 66851   220048.2667   117   228680.0000   203298.7787 13595344   11.10%
 126229 68131   222946.8148   150   228680.0000   203405.7429 13755853   11.05%
 127527 68721   213385.8277   145   228680.0000   203532.6000 13831367   11.00%
 128985 69765   225023.6877   169   228680.0000   203603.5321 13955335   10.97%
 130309 71314   225949.8909   140   228680.0000   203715.4115 14129072   10.92%
 131513 71499        cutoff         228680.0000   203804.5532 14156524   10.88%
 132844 72925   211106.1765   135   228680.0000   203896.8333 14349562   10.84%
 134049 73882   214447.6250   151   228680.0000   203981.3682 14457810   10.80%
 135364 74620        cutoff         228680.0000   204076.6767 14540426   10.76%
 136613 75298   227524.7563   145   228680.0000   204182.3611 14631541   10.71%
Elapsed time = 1523.11 sec. (464466.92 ticks, tree = 4232.52 MB, solutions = 20)
Nodefile size = 2172.19 MB (1370.63 MB after compression)
 138048 76408   222699.4727   145   228680.0000   204284.6964 14778274   10.67%
 139356 77294   220400.8636   139   228680.0000   204366.0327 14879988   10.63%
 140604 78269   212853.7866   131   228680.0000   204438.3548 15009322   10.60%
 141932 78894   213325.8070   122   228680.0000   204542.5550 15101615   10.56%
 143074 80041   212147.8804   126   228680.0000   204616.3846 15234135   10.52%
 144390 80661   222543.3810   122   228680.0000   204702.5000 15305394   10.49%
 145812 81834   213952.2941   113   228680.0000   204775.3425 15467709   10.45%
 147121 82777   213151.3046   172   228680.0000   204809.2963 15569975   10.44%
 148556 83276   222095.7143   116   228680.0000   204920.8889 15630799   10.39%
 149910 84401   209360.4322   142   228680.0000   205032.3000 15766359   10.34%
Elapsed time = 1648.70 sec. (502636.99 ticks, tree = 4909.64 MB, solutions = 20)
Nodefile size = 2854.79 MB (1800.55 MB after compression)
 151059 85186   221228.1086   148   228680.0000   205127.8790 15872067   10.30%
 152494 86227   217963.3250   142   228680.0000   205216.9074 16013180   10.26%
*152523 86394      integral     0   227628.0000   205216.9074 16034562    9.85%
*152539 83510      integral     0   227070.0000   205216.9074 16060228    9.62%
 153777 81921   226664.8889   103   227070.0000   205287.8571 16147239    9.59%
 155136 82632   209326.0769   128   227070.0000   205369.7840 16252442    9.56%
 156572 83240   226320.4286   123   227070.0000   205435.3323 16336968    9.53%
 158022 84796   224949.4516   142   227070.0000   205514.4667 16530043    9.49%
 159179 85174   222531.1176   132   227070.0000   205599.3353 16578820    9.46%
 160580 85911   226178.7647    98   227070.0000   205671.6561 16690178    9.42%
 161994 87146   212229.8546   170   227070.0000   205766.7624 16866051    9.38%
 163361 87962   210645.3429   130   227070.0000   205824.9412 16972615    9.36%
Elapsed time = 1775.61 sec. (540811.04 ticks, tree = 5289.32 MB, solutions = 22)
Nodefile size = 3233.46 MB (2039.13 MB after compression)
 164672 88910   208439.2500   140   227070.0000   205912.1019 17111903    9.32%
 166116 89324   210882.6552   127   227070.0000   206007.9706 17174782    9.28%
 167486 90415   225612.3810   113   227070.0000   206066.9033 17323134    9.25%
 168668 91506   208637.0385   145   227070.0000   206126.7857 17465896    9.22%
 170054 92209   226128.3980   159   227070.0000   206209.1818 17574227    9.19%
 171498 92781   220035.6739   117   227070.0000   206298.1190 17645232    9.15%
 172790 93423   209465.7419   152   227070.0000   206354.5105 17729578    9.12%
 174108 94683   211498.8000   116   227070.0000   206424.6720 17922525    9.09%
 175533 95483   218096.6250   106   227070.0000   206497.8682 18023349    9.06%
 176871 96728        cutoff         227070.0000   206576.0863 18182384    9.03%
Elapsed time = 1900.29 sec. (578971.72 ticks, tree = 5930.50 MB, solutions = 22)
Nodefile size = 3874.34 MB (2442.80 MB after compression)
 178162 97175   212421.5625   123   227070.0000   206657.9844 18239565    8.99%
 179552 97961   219200.4211   127   227070.0000   206720.3333 18363332    8.96%
 180946 99006   223955.6296   123   227070.0000   206789.6250 18506538    8.93%
 182097 99763   220673.0435   132   227070.0000   206869.9661 18621796    8.90%
 183392 100325   224864.5625   122   227070.0000   206940.6234 18711797    8.86%
 184798 100811   220065.0000   102   227070.0000   207007.4444 18782969    8.84%
 186211 101927   223151.0965   132   227070.0000   207066.3916 18921985    8.81%
 187558 103034   222945.7143   109   227070.0000   207130.0000 19075062    8.78%
 189054 103620   214908.4675   134   227070.0000   207209.1000 19154540    8.75%
 190424 104574   222943.6923   126   227070.0000   207278.7500 19291168    8.72%
Elapsed time = 2027.61 sec. (617146.94 ticks, tree = 6405.71 MB, solutions = 22)
Nodefile size = 4340.47 MB (2735.85 MB after compression)
 191625 105709   225228.8500   103   227070.0000   207336.5000 19435945    8.69%
 193075 106544        cutoff         227070.0000   207396.0000 19558817    8.66%
 194567 107315   212457.8433   112   227070.0000   207442.0000 19652873    8.64%
 195994 107764   226786.7902   160   227070.0000   207503.8093 19713633    8.62%
 197262 108711   226414.1877   167   227070.0000   207561.5769 19831144    8.59%
 198725 109912        cutoff         227070.0000   207622.0000 20017526    8.56%
 200130 110476   220110.4000   105   227070.0000   207681.1250 20088705    8.54%
 201402 111472   217119.4000   101   227070.0000   207722.7914 20242401    8.52%
 202701 112357   221077.1000   153   227070.0000   207795.0476 20377044    8.49%
 204220 112678   217356.2500    95   227070.0000   207864.0800 20418134    8.46%
Elapsed time = 2151.06 sec. (655309.10 ticks, tree = 6974.41 MB, solutions = 22)
Nodefile size = 4905.72 MB (3091.38 MB after compression)
 205676 114286        cutoff         227070.0000   207937.4809 20641123    8.43%
 206966 114842   211201.1296   113   227070.0000   207989.7222 20726412    8.40%
 208512 115201   224902.2174   120   227070.0000   208055.2840 20784557    8.37%
 209941 116763   220551.6923   128   227070.0000   208116.2778 20983335    8.35%
 211180 117272   226987.1111    98   227070.0000   208154.4479 21059523    8.33%
 212570 118087   222331.6000   149   227070.0000   208216.3971 21186754    8.30%
 214006 118521   222521.7230   146   227070.0000   208265.7500 21248658    8.28%
 215493 119310   213002.6794   197   227070.0000   208313.2000 21349117    8.26%
 216813 120758   225155.2039   146   227070.0000   208359.4500 21545897    8.24%
 218134 121002   218391.4167    97   227070.0000   208414.8571 21582972    8.22%
Elapsed time = 2276.12 sec. (693481.85 ticks, tree = 7600.60 MB, solutions = 22)
Nodefile size = 5547.88 MB (3495.41 MB after compression)
 219705 122120   221743.0000   102   227070.0000   208472.7143 21755819    8.19%
 221145 123028   215470.2222    89   227070.0000   208537.0000 21868031    8.16%
 222470 124161        cutoff         227070.0000   208584.3333 22030648    8.14%
 223997 124620   221327.5000   116   227070.0000   208637.0500 22106831    8.12%
 225602 125704   220638.1399   148   227070.0000   208698.8295 22246987    8.09%
 227006 126434   223851.1818   119   227070.0000   208747.4442 22348565    8.07%
 228388 127460   226340.6400   109   227070.0000   208796.0000 22502271    8.05%
 229890 128368   221975.3494   152   227070.0000   208862.7698 22631975    8.02%
 231471 129238   216511.5446   170   227070.0000   208910.0000 22742171    8.00%
 232968 130047   217655.7556   161   227070.0000   208945.5000 22846820    7.98%
Elapsed time = 2402.76 sec. (731646.85 ticks, tree = 8274.75 MB, solutions = 22)
Nodefile size = 6217.99 MB (3916.77 MB after compression)
 234294 130704   213397.0556   114   227070.0000   208989.1818 22947452    7.96%
 235812 131610   217907.4761   168   227070.0000   209038.3646 23087174    7.94%
 237316 132059        cutoff         227070.0000   209083.2516 23146651    7.92%
 238711 133167   211671.0411   137   227070.0000   209130.2000 23299249    7.90%
 240115 133783   215970.7273   117   227070.0000   209183.0000 23389691    7.88%
 241690 134550   225789.2812    94   227070.0000   209236.7015 23490719    7.85%
 243164 135393        cutoff         227070.0000   209279.8957 23618739    7.83%
 244544 136495   217768.3333   103   227070.0000   209326.8953 23776662    7.81%
 245929 137365        cutoff         227070.0000   209372.6667 23919572    7.79%
 247484 138249   217803.2963   127   227070.0000   209423.6667 24041507    7.77%
Elapsed time = 2527.69 sec. (769810.49 ticks, tree = 8783.29 MB, solutions = 22)
Nodefile size = 6725.35 MB (4234.73 MB after compression)
 249043 138656   225591.6961   145   227070.0000   209465.3333 24097274    7.75%
 250485 139782   216713.7742   134   227070.0000   209518.8889 24238658    7.73%
 251945 140330        cutoff         227070.0000   209557.1250 24311788    7.71%
 253365 141168   227042.3125   100   227070.0000   209610.8667 24431543    7.69%
 254813 142442   220750.0000   113   227070.0000   209653.0000 24614831    7.67%
 256183 142934   225892.6197   138   227070.0000   209689.3660 24700522    7.65%
 257759 143886        cutoff         227070.0000   209730.5778 24847965    7.64%
*257909+143381                       226984.0000   209730.5778             7.60%
 259304 144194   222616.5556   144   226984.0000   209777.8020 24939045    7.58%
 260569 144633   225314.9614   144   226984.0000   209826.3297 25001346    7.56%
 262007 145873   215407.8125   127   226984.0000   209865.0000 25194526    7.54%
Elapsed time = 2651.98 sec. (807983.78 ticks, tree = 9277.26 MB, solutions = 23)
Nodefile size = 7219.17 MB (4544.31 MB after compression)
 263542 146198   221753.7750   131   226984.0000   209907.0339 25241099    7.52%
 264996 147438   225608.2500   133   226984.0000   209962.1409 25413519    7.50%
*265612+147801                       225840.0000   210002.2778             7.01%
 266327 140658   220868.3333   123   225840.0000   210017.6667 25550236    7.01%
 267865 141160   222548.5659   153   225840.0000   210057.3939 25635765    6.99%
 269349 142047   216824.4000   102   225840.0000   210102.3590 25760890    6.97%
 270801 142868   221164.4375   116   225840.0000   210136.4149 25892181    6.95%
 272310 143392        cutoff         225840.0000   210175.8723 25979568    6.94%
 273942 143917        cutoff         225840.0000   210225.0000 26070425    6.91%
 275469 144953   225346.5789   135   225840.0000   210271.7500 26219494    6.89%
 276765 145848        cutoff         225840.0000   210311.2941 26362045    6.88%
Elapsed time = 2784.41 sec. (846154.22 ticks, tree = 9384.67 MB, solutions = 24)
Nodefile size = 7328.89 MB (4612.17 MB after compression)
 278305 146743        cutoff         225840.0000   210358.0000 26508518    6.86%
 279946 147271        cutoff         225840.0000   210400.8566 26588825    6.84%
 281449 147788   221543.5873   124   225840.0000   210455.7500 26671059    6.81%
 282905 149007        cutoff         225840.0000   210493.0000 26872638    6.80%
 284494 149338   223928.3889   166   225840.0000   210543.4092 26929333    6.77%
 286163 150670   219857.7059   150   225840.0000   210593.9646 27130940    6.75%
*287361+151062                       225577.0000   210624.5610             6.63%
 287569 151335   223692.6897   116   225577.0000   210630.3571 27239183    6.63%
 288943 149514        cutoff         225577.0000   210686.0000 27350381    6.60%
 290409 149852   214090.7324   138   225577.0000   210728.8864 27407913    6.58%
 292007 150581        cutoff         225577.0000   210774.3750 27531602    6.56%
Elapsed time = 2912.55 sec. (884327.28 ticks, tree = 9672.36 MB, solutions = 25)
Nodefile size = 7608.21 MB (4786.47 MB after compression)
 293504 151359   220103.5714   121   225577.0000   210812.4818 27653064    6.55%
 294966 152011   221364.0417   128   225577.0000   210843.3750 27758149    6.53%
 296471 152959        cutoff         225577.0000   210884.2500 27920120    6.51%
 297946 153405        cutoff         225577.0000   210923.6957 28004254    6.50%
 299384 154480        cutoff         225577.0000   210971.0000 28185498    6.47%
 300728 154688        cutoff         225577.0000   211012.1622 28227946    6.46%
 302327 155432        cutoff         225577.0000   211049.1333 28379671    6.44%
 303936 155984   222711.9375    93   225577.0000   211100.0000 28461698    6.42%
 305382 156850   220715.9000    97   225577.0000   211140.5000 28601382    6.40%
 306821 157539        cutoff         225577.0000   211179.2857 28717544    6.38%
Elapsed time = 3045.12 sec. (922488.01 ticks, tree = 10144.75 MB, solutions = 25)
Nodefile size = 8088.75 MB (5087.67 MB after compression)
 308349 158175   218669.5000   105   225577.0000   211216.1985 28838768    6.37%
 310028 158871   225266.0000   113   225577.0000   211261.5480 28963892    6.35%
 311611 159559   219026.2410   140   225577.0000   211305.0526 29075174    6.33%
 313113 160299   221131.0000    91   225577.0000   211345.5000 29184792    6.31%
 314531 160793   224558.1970   133   225577.0000   211383.3636 29279599    6.29%
 316145 162052   223856.6923   131   225577.0000   211431.2214 29504342    6.27%
 317759 162722   224444.0372   150   225577.0000   211478.0128 29615678    6.25%
 319178 163337        cutoff         225577.0000   211515.5070 29707141    6.23%
 320623 163911   219170.9687   146   225577.0000   211552.9630 29821302    6.22%
 322132 164782   221980.7661   150   225577.0000   211601.6596 29985686    6.20%
Elapsed time = 3177.41 sec. (960652.69 ticks, tree = 10563.78 MB, solutions = 25)
Nodefile size = 8501.00 MB (5345.60 MB after compression)
 323750 165377   214647.5906   144   225577.0000   211636.3333 30097196    6.18%
 325059 165958   225260.6238   142   225577.0000   211666.2909 30204030    6.17%
 326600 166509   216098.2100   148   225577.0000   211695.6429 30314042    6.15%
 328308 166947        cutoff         225577.0000   211730.0394 30391086    6.14%
Starting limited solution polishing.
 329895 167833        cutoff         225577.0000   211769.0000 30527050    6.12%
 331246 168540        cutoff         225577.0000   211815.8750 30659197    6.10%
 332644 168731        cutoff         225577.0000   211853.5000 30700168    6.08%
 333844 169721   224044.1667   112   225577.0000   211892.3333 30870455    6.07%
 334772 170156        cutoff         225577.0000   211938.8421 30949470    6.05%
 335844 170323   217727.5000    79   225577.0000   211944.2500 30978082    6.04%
Elapsed time = 3296.85 sec. (998833.22 ticks, tree = 10964.17 MB, solutions = 25)
Nodefile size = 8904.91 MB (5598.48 MB after compression)
 336610 170807   221204.3600   125   225577.0000   211993.7000 31072719    6.02%
 337385 171174   223334.5152   121   225577.0000   212027.0000 31135131    6.01%
 338616 171480        cutoff         225577.0000   212040.5385 31189221    6.00%
 339458 172122   215739.6647   122   225577.0000   212069.0000 31293546    5.99%
 340134 172423   215861.0952   158   225577.0000   212088.0000 31343324    5.98%
 340847 172690   221830.8852   150   225577.0000   212101.0000 31390004    5.97%
 342005 172836   225422.5000   130   225577.0000   212130.4031 31418626    5.96%
 342814 173498   219462.8571   119   225577.0000   212144.2500 31534232    5.95%
 343924 174011   219294.3000   124   225577.0000   212170.0000 31627855    5.94%
 344587 174333   221439.2000   134   225577.0000   212185.7000 31682638    5.94%
Elapsed time = 3388.98 sec. (1037020.70 ticks, tree = 11209.73 MB, solutions = 25)
Nodefile size = 9151.77 MB (5752.92 MB after compression)
 345441 174627   225451.2647   126   225577.0000   212211.9949 31731341    5.92%
 346127 174978   225514.4348    94   225577.0000   212227.3333 31793101    5.92%
 347113 175360   225105.1447   175   225577.0000   212255.8701 31878034    5.91%
 348034 175472   220803.3922   124   225577.0000   212263.0000 31894589    5.90%
 348925 176208   218541.4574   124   225577.0000   212307.0748 32013493    5.88%
 349773 176672   224679.6034   158   225577.0000   212316.0833 32094186    5.88%
 350466 176777   224009.1176   108   225577.0000   212333.0000 32116993    5.87%
 351630 177194        cutoff         225577.0000   212355.6667 32199416    5.86%
 352676 177731        cutoff         225577.0000   212364.7500 32306426    5.86%
 353282 177838        cutoff         225577.0000   212378.4839 32328854    5.85%
Elapsed time = 3481.98 sec. (1075207.25 ticks, tree = 11388.98 MB, solutions = 25)
Nodefile size = 9330.34 MB (5864.30 MB after compression)
 353799 178249   223925.3765   151   225577.0000   212407.3148 32397456    5.84%
 354159 178383        cutoff         225577.0000   212407.3148 32426607    5.84%
 354738 178616   220016.6034   132   225577.0000   212407.3148 32469282    5.84%
 355308 178959   224048.8750   121   225577.0000   212431.9000 32529490    5.83%
 355533 179062   220249.7820   147   225577.0000   212453.8999 32548039    5.82%
 356025 179219   219919.9091   135   225577.0000   212453.8999 32578511    5.82%
 356489 179317   221713.1053   131   225577.0000   212468.9483 32594342    5.81%
 357204 179614   224922.6071   145   225577.0000   212468.9483 32653597    5.81%
 358061 179820   223585.8855   124   225577.0000   212493.4000 32704841    5.80%
 358821 180115   224077.8670   170   225577.0000   212504.3333 32755526    5.80%
Elapsed time = 3568.64 sec. (1113459.72 ticks, tree = 11507.81 MB, solutions = 25)
Nodefile size = 9454.25 MB (5941.80 MB after compression)
 359333 180317   219003.2004   157   225577.0000   212526.5878 32804705    5.79%
 359886 180726   223263.5556    98   225577.0000   212529.3750 32892653    5.78%
 360426 180820   222686.3906   155   225577.0000   212529.3750 32912343    5.78%

Zero-half cuts applied:  371
Lift and project cuts applied:  394
Gomory fractional cuts applied:  1

Root node processing (before b&c):
  Real time             =   10.17 sec. (5597.07 ticks)
Parallel b&c, 8 threads:
  Real time             = 3592.30 sec. (1121970.89 ticks)
  Sync time (average)   =  491.06 sec.
  Wait time (average)   =    0.01 sec.
                          ------------
Total (root+branch&cut) = 3602.46 sec. (1127567.96 ticks)
Status: Feasible
Obj: 225577

Instalacoes abertas:
Instalação 4 aberta
Instalação 8 aberta
Instalação 9 aberta
Instalação 13 aberta
Instalação 20 aberta
Instalação 22 aberta
Instalação 47 aberta

Atribuições (cliente -> instalação):
Cliente 0 -> Instalação 47
Cliente 1 -> Instalação 47
Cliente 2 -> Instalação 13
Cliente 3 -> Instalação 9
Cliente 4 -> Instalação 4
Cliente 5 -> Instalação 4
Cliente 6 -> Instalação 20
Cliente 7 -> Instalação 4
Cliente 8 -> Instalação 8
Cliente 9 -> Instalação 9
Cliente 10 -> Instalação 8
Cliente 11 -> Instalação 20
Cliente 12 -> Instalação 20
Cliente 13 -> Instalação 13
Cliente 14 -> Instalação 4
Cliente 15 -> Instalação 47
Cliente 16 -> Instalação 4
Cliente 17 -> Instalação 20
Cliente 18 -> Instalação 8
Cliente 19 -> Instalação 9
Cliente 20 -> Instalação 20
Cliente 21 -> Instalação 8
Cliente 22 -> Instalação 22
Cliente 23 -> Instalação 4
Cliente 24 -> Instalação 4
Cliente 25 -> Instalação 13
Cliente 26 -> Instalação 47
Cliente 27 -> Instalação 4
Cliente 28 -> Instalação 47
Cliente 29 -> Instalação 13
Cliente 30 -> Instalação 8
Cliente 31 -> Instalação 20
Cliente 32 -> Instalação 8
Cliente 33 -> Instalação 4
Cliente 34 -> Instalação 47
Cliente 35 -> Instalação 20
Cliente 36 -> Instalação 13
Cliente 37 -> Instalação 9
Cliente 38 -> Instalação 8
Cliente 39 -> Instalação 9
Cliente 40 -> Instalação 20
Cliente 41 -> Instalação 20
Cliente 42 -> Instalação 8
Cliente 43 -> Instalação 9
Cliente 44 -> Instalação 8
Cliente 45 -> Instalação 9
Cliente 46 -> Instalação 8
Cliente 47 -> Instalação 47
Cliente 48 -> Instalação 13
Cliente 49 -> Instalação 9
