Version identifier: 22.1.1.0 | 2022-11-28 | 9160aff4d
CPXPARAM_TimeLimit                               3600
Tried aggregator 1 time.
MIP Presolve eliminated 50 rows and 1 columns.
Reduced MIP has 21300 rows, 2925 columns, and 63800 nonzeros.
Reduced MIP has 2925 binaries, 0 generals, 0 SOSs, and 0 indicators.
Presolve time = 0.03 sec. (32.52 ticks)
Found incumbent of value 1.6674009e+07 after 0.04 sec. (40.87 ticks)
Probing time = 0.01 sec. (5.36 ticks)
Tried aggregator 1 time.
Detecting symmetries...
Reduced MIP has 21300 rows, 2925 columns, and 63800 nonzeros.
Reduced MIP has 2925 binaries, 0 generals, 0 SOSs, and 0 indicators.
Presolve time = 0.04 sec. (38.93 ticks)
Probing time = 0.01 sec. (5.36 ticks)
Clique table members: 2500.
MIP emphasis: balance optimality and feasibility.
MIP search method: dynamic search.
Parallel mode: deterministic, using up to 8 threads.
Root relaxation solution time = 0.04 sec. (32.37 ticks)

        Nodes                                         Cuts/
   Node  Left     Objective  IInf  Best Integer    Best Bound    ItCnt     Gap

*     0+    0                       1.66740e+07        0.0000           100.00%
*     0+    0                       1.20950e+07        0.0000           100.00%
*     0+    0                      1107862.0000        0.0000           100.00%
*     0+    0                       787901.0000        0.0000           100.00%
      0     0    93774.0000   100   787901.0000    93774.0000      178   88.10%
*     0+    0                       403894.0000    93774.0000            76.78%
      0     0   106217.5000   100   403894.0000     Cuts: 929      427   73.70%
      0     0   118774.0000    98   403894.0000     Cuts: 916      651   70.59%
*     0+    0                       373488.0000   118774.0000            68.20%
      0     0   129742.6176   208   373488.0000 ZeroHalf: 334     1562   65.26%
*     0+    0                       348433.0000   129742.6176            62.76%
*     0+    0                       324994.0000   129742.6176            60.08%
*     0+    0                       311543.0000   129742.6176            58.35%
      0     0  -1.00000e+75     0   311543.0000   129742.6176     1562   58.35%
*     0+    0                       280146.0000   129742.6176            53.69%
      0     0   132135.2222   177   280146.0000 ZeroHalf: 300     1865   52.83%
      0     0   138576.5314   183   280146.0000     Cuts: 535     2601   50.53%
Detecting symmetries...
*     0+    0                       270718.0000   138576.5314            48.81%
      0     0   141867.2636   183   270718.0000     Cuts: 182     2992   47.60%
      0     0   144596.0594   186   270718.0000     Cuts: 214     3358   46.59%
      0     0   146304.3579   224   270718.0000     Cuts: 105     3702   45.96%
*     0+    0                       269524.0000   146304.3579            45.72%
      0     0   147233.6217   219   269524.0000     Cuts: 103     3983   45.37%
      0     0   147799.1102   192   269524.0000      Cuts: 99     4139   45.16%
      0     0   148592.9022   182   269524.0000     Cuts: 106     4330   44.87%
      0     0   149310.7558   186   269524.0000      Cuts: 81     4548   44.60%
      0     0   149973.7393   187   269524.0000      Cuts: 66     4705   44.36%
      0     0   150854.3649   207   269524.0000      Cuts: 71     4930   44.03%
      0     0   151371.5785   206   269524.0000      Cuts: 78     5126   43.84%
      0     0   152070.2210   236   269524.0000      Cuts: 79     5340   43.58%
      0     0   152286.2989   235   269524.0000      Cuts: 34     5435   43.50%
      0     0   152750.6646   224   269524.0000      Cuts: 42     5624   43.33%
      0     0   153066.7182   212   269524.0000     Cuts: 119     5801   43.21%
      0     0   153398.3304   219   269524.0000      Cuts: 81     5944   43.09%
      0     0   153726.8201   186   269524.0000     Cuts: 126     6057   42.96%
      0     0   153993.9608   181   269524.0000      Cuts: 32     6218   42.86%
      0     0   154341.6760   178   269524.0000      Cuts: 44     6362   42.74%
      0     0   154624.2084   182   269524.0000      Cuts: 80     6493   42.63%
      0     0   155499.4810   206   269524.0000      Cuts: 61     6750   42.31%
      0     0   155938.2462   176   269524.0000     Cuts: 118     6967   42.14%
      0     0   156304.1646   177   269524.0000      Cuts: 36     7125   42.01%
      0     0   156774.3271   177   269524.0000      Cuts: 91     7338   41.83%
      0     0   157056.8060   187   269524.0000      Cuts: 90     7545   41.73%
      0     0   157468.3491   173   269524.0000      Cuts: 46     7700   41.58%
      0     0   158142.1026   194   269524.0000      Cuts: 72     7925   41.33%
      0     0   158950.8554   202   269524.0000      Cuts: 81     8179   41.03%
      0     0   159350.7645   200   269524.0000      Cuts: 37     8288   40.88%
      0     0   160156.2588   195   269524.0000      Cuts: 50     8496   40.58%
      0     0   160850.9113   196   269524.0000     Cuts: 111     8653   40.32%
      0     0   161246.0379   195   269524.0000      Cuts: 43     8843   40.17%
      0     0   161739.8436   203   269524.0000     Cuts: 113     9038   39.99%
      0     0   162328.6192   206   269524.0000      Cuts: 81     9279   39.77%
      0     0   162731.1390   200   269524.0000      Cuts: 78     9471   39.62%
      0     0   162880.3457   203   269524.0000      Cuts: 39     9587   39.57%
      0     0   163055.9615   187   269524.0000      Cuts: 62     9719   39.50%
      0     0   163675.1953   193   269524.0000      Cuts: 62     9938   39.27%
      0     0   164913.7999   226   269524.0000     Cuts: 110    10163   38.81%
      0     0   165059.4017   204   269524.0000      Cuts: 72    10261   38.76%
      0     0   165660.2887   190   269524.0000      Cuts: 78    10513   38.54%
      0     0   166034.5364   195   269524.0000      Cuts: 77    10691   38.40%
      0     0   166347.9595   199   269524.0000      Cuts: 52    10889   38.28%
      0     0   166819.8619   210   269524.0000      Cuts: 73    11082   38.11%
      0     0   166987.6207   210   269524.0000      Cuts: 44    11189   38.04%
      0     0   167184.5068   197   269524.0000      Cuts: 46    11335   37.97%
      0     0   167332.1128   195   269524.0000      Cuts: 45    11424   37.92%
      0     0   167375.7764   196   269524.0000      Cuts: 27    11471   37.90%
      0     0   167428.4224   181   269524.0000      Cuts: 24    11522   37.88%
Detecting symmetries...
      0     2   167428.4224   181   269524.0000   167428.4224    11522   37.88%
Elapsed time = 14.43 sec. (7009.36 ticks, tree = 0.02 MB, solutions = 12)
      3     3   167629.2213   180   269524.0000   167429.8484    11629   37.88%
     22     6   168017.1790   179   269524.0000   167642.9128    12943   37.80%
     56    47   201020.5000   103   269524.0000   168017.7388    24430   37.66%
     98    92   248632.0000    74   269524.0000   168017.7388    35270   37.66%
    163   140   218949.2500    94   269524.0000   168017.7388    44179   37.66%
    254   187   269431.5000    69   269524.0000   168017.7388    49875   37.66%
    368   272   218835.0000    62   269524.0000   168017.7388    59341   37.66%
*   446   334      integral     0   265878.0000   171225.0163    67518   35.60%
    455   337   218456.0000    80   265878.0000   171225.0163    69874   35.60%
    512   372   211169.3810   136   265878.0000   171508.2939    76609   35.49%
    806   567   177060.5580   166   265878.0000   171709.6506   110386   35.42%
Elapsed time = 25.28 sec. (10166.69 ticks, tree = 15.70 MB, solutions = 13)
   1098   832   210200.0000    87   265878.0000   174885.3750   148452   34.22%
   1375  1052   224881.0000   112   265878.0000   174885.3750   179123   34.22%
*  1393  1145      integral     0   254544.0000   174885.3750   190541   31.29%
   1614  1154   197946.5017   135   254544.0000   177393.7077   215132   30.31%
   1893  1447   222341.1667    98   254544.0000   178336.0158   265137   29.94%
   2158  1642   202168.9032   135   254544.0000   178948.6977   296346   29.70%
*  2168  1582      integral     0   250206.0000   178948.6977   286865   28.48%
   2445  1813   245388.5476   116   250206.0000   179353.1035   337523   28.32%
   2731  2000   243033.0000   114   250206.0000   180225.2200   368541   27.97%
   2996  2183   201200.8400   156   250206.0000   180501.8399   401081   27.86%
*  3055+ 2232                       238790.0000   181174.5088            24.13%
   3226  1995   208595.1250   103   238790.0000   181340.0888   447756   24.06%

Performing restart 1

Repeating presolve.
Tried aggregator 1 time.
MIP Presolve eliminated 6135 rows and 563 columns.
Reduced MIP has 15165 rows, 2362 columns, and 45395 nonzeros.
Reduced MIP has 2362 binaries, 0 generals, 0 SOSs, and 0 indicators.
Presolve time = 0.03 sec. (26.14 ticks)
Tried aggregator 1 time.
Reduced MIP has 15165 rows, 2362 columns, and 45395 nonzeros.
Reduced MIP has 2362 binaries, 0 generals, 0 SOSs, and 0 indicators.
Presolve time = 0.04 sec. (28.45 ticks)
Represolve time = 0.12 sec. (83.17 ticks)
   3274     0   168878.0961   217   238790.0000      Cuts: 52   471448   24.06%
   3274     0   169561.7227   215   238790.0000      Cuts: 61   471745   24.06%
   3274     0   169924.2136   215   238790.0000      Cuts: 59   471902   24.06%
   3274     0   170238.4302   223   238790.0000      Cuts: 58   472054   24.06%
   3274     0   170802.2067   193   238790.0000      Cuts: 66   472267   24.06%
   3274     0   171546.8837   193   238790.0000      Cuts: 80   472523   24.06%
   3274     0   171660.4361   188   238790.0000      Cuts: 60   472591   24.06%
   3274     2   171660.4361   188   238790.0000   181340.0888   472591   24.06%
Elapsed time = 75.12 sec. (27372.85 ticks, tree = 0.02 MB, solutions = 16)
   3279     5   178558.3581   158   238790.0000   181340.0888   473540   24.06%
   3310    32   202971.7827   175   238790.0000   181340.0888   484726   24.06%
   3353    69   181973.2129   189   238790.0000   181340.0888   501133   24.06%
   3447   112   208608.1254   151   238790.0000   181340.0888   512647   24.06%
   3535   176   208849.7353   151   238790.0000   181340.0888   525431   24.06%
   3658   292   216907.3333   123   238790.0000   181340.0888   545376   24.06%
   3784   417   224008.0161   140   238790.0000   181340.0888   562648   24.06%
   3943   494   194507.7108   169   238790.0000   181340.0888   579163   24.06%
   4092   600   216599.6376   190   238790.0000   181340.0888   599714   24.06%
   4288   734   237518.5000    78   238790.0000   181340.0888   625069   24.06%
Elapsed time = 110.54 sec. (37052.76 ticks, tree = 3.33 MB, solutions = 16)
   4457   920        cutoff         238790.0000   181340.0888   665459   24.06%
   4658  1081   203515.9121   182   238790.0000   181340.0888   698058   24.06%
   4877  1208   235840.0288   173   238790.0000   181340.0888   714897   24.06%
   5106  1374   234285.0000   147   238790.0000   181340.0888   740517   24.06%
   5273  1618   210181.2675   182   238790.0000   181340.0888   774593   24.06%
   5486  1787   205861.4008   167   238790.0000   181340.0888   811365   24.06%
   5683  2038   234948.3828   156   238790.0000   181340.0888   853837   24.06%
   5876  2208   222612.6955   143   238790.0000   181340.0888   888011   24.06%
   6087  2277   218436.6750   186   238790.0000   181340.0888   899236   24.06%
   6288  2512   238645.0144   188   238790.0000   181340.0888   938584   24.06%
Elapsed time = 146.57 sec. (46636.78 ticks, tree = 13.85 MB, solutions = 16)
   6492  2734   202632.7400   179   238790.0000   181340.0888   974337   24.06%
   6704  2878   219336.5833   167   238790.0000   183067.1785  1003141   23.34%
   6950  3000   226226.6006   186   238790.0000   183357.2101  1034170   23.21%
   7198  3347   204163.8750   130   238790.0000   183465.0121  1088237   23.17%
   7447  3512   228993.8205   153   238790.0000   184252.0390  1114480   22.84%
   7656  3753   232389.9700   154   238790.0000   184277.8461  1149168   22.83%
   7910  3868   234792.5000    75   238790.0000   184795.3268  1172540   22.61%
   8142  4139   220799.2082   190   238790.0000   185403.0940  1225436   22.36%
   8372  4385   223835.2383   185   238790.0000   185510.2868  1268648   22.31%
   8583  4479        cutoff         238790.0000   185848.2262  1289713   22.17%
Elapsed time = 182.68 sec. (56199.30 ticks, tree = 19.13 MB, solutions = 16)
   8793  4762   203758.4556   157   238790.0000   186204.2696  1343674   22.02%
   9019  4986   232487.6111   140   238790.0000   186415.2938  1380758   21.93%
   9277  5126   235393.0000   103   238790.0000   186516.9120  1407745   21.89%
   9508  5224   230792.4993   146   238790.0000   187205.8717  1427091   21.60%
   9731  5603        cutoff         238790.0000   187207.6545  1485746   21.60%
   9937  5637   227939.1213   181   238790.0000   187630.1328  1494080   21.42%
  10156  5846   221980.3389   197   238790.0000   187698.6849  1536125   21.40%
  10364  5990   232834.0270   154   238790.0000   187788.1731  1566968   21.36%
  10590  6145   231846.8799   177   238790.0000   188322.4269  1598669   21.13%
  10826  6286   205151.1978   186   238790.0000   188483.0672  1625964   21.07%
Elapsed time = 219.33 sec. (65800.53 ticks, tree = 40.77 MB, solutions = 16)
  11052  6563   208542.1115   166   238790.0000   188848.4701  1684020   20.91%
  11207  6720   221429.3716   215   238790.0000   189260.1210  1712025   20.74%
  11469  6915   232686.6667   117   238790.0000   189536.4968  1749610   20.63%
  11701  7014   230515.2500   142   238790.0000   189711.9159  1765444   20.55%
  11969  7430   211760.4183   151   238790.0000   189979.5032  1838690   20.44%
  12201  7617        cutoff         238790.0000   190202.3240  1876742   20.35%
  12417  7804   222801.4093   169   238790.0000   190404.8550  1908230   20.26%
  12642  7903   214877.9721   177   238790.0000   190594.2107  1927291   20.18%
  12885  8050   221385.4419   165   238790.0000   190739.6000  1959545   20.12%
  13144  8185   218298.7119   148   238790.0000   191028.8014  1987554   20.00%
Elapsed time = 254.35 sec. (75394.98 ticks, tree = 45.97 MB, solutions = 16)
  13388  8611   196113.4450   187   238790.0000   191169.3200  2069088   19.94%
  13609  8629   225527.6593   196   238790.0000   191235.8706  2073469   19.91%
  13879  8924   205323.5767   155   238790.0000   191474.0804  2126842   19.81%
  14119  9007   215366.9010   186   238790.0000   191659.5402  2141637   19.74%
  14359  9406   226153.8250   160   238790.0000   191848.9167  2220789   19.66%
  14571  9596   212176.2122   150   238790.0000   192217.7964  2256348   19.50%
  14796  9619   221286.7890   160   238790.0000   192365.3220  2261414   19.44%
  15005  9882   225542.2500   154   238790.0000   192451.3280  2314942   19.41%
  15261 10017        cutoff         238790.0000   192686.9122  2342165   19.31%
  15500 10207   212148.4857   210   238790.0000   192929.0286  2386016   19.21%
Elapsed time = 289.97 sec. (84965.68 ticks, tree = 51.03 MB, solutions = 16)
  15718 10492   212001.9762   164   238790.0000   193229.8952  2437746   19.08%
  15976 10579   221600.4638   148   238790.0000   193521.9076  2454242   18.96%
  16216 10826   215446.0800   154   238790.0000   193736.6410  2506544   18.87%
  16475 11110   234009.1111   132   238790.0000   193928.8462  2562417   18.79%
  16699 11093   228283.3885   144   238790.0000   194069.6569  2558978   18.73%
  16931 11443   225327.1797   161   238790.0000   194148.5250  2625372   18.69%
  17189 11536   234118.3065   152   238790.0000   194335.8190  2643996   18.62%
  17412 11932   230803.2176   148   238790.0000   194514.8984  2724751   18.54%
  17633 11922   215986.0735   158   238790.0000   194673.8631  2720595   18.47%
  17902 12174   209173.8556   161   238790.0000   194755.0067  2774766   18.44%
Elapsed time = 326.78 sec. (94536.89 ticks, tree = 56.32 MB, solutions = 16)
  18125 12159   236857.3273   109   238790.0000   194862.8231  2771486   18.40%
  18340 12589   215029.1379   159   238790.0000   194980.1136  2850808   18.35%
  18617 12807   233641.2143   144   238790.0000   195178.1716  2894222   18.26%
  18860 12916   224700.1615   152   238790.0000   195404.4381  2934541   18.17%
  19043 13230   225904.9683   163   238790.0000   195594.4648  2982353   18.09%
  19216 13324   230963.9375   132   238790.0000   195717.9816  3009661   18.04%
  19451 13327   222211.0517   145   238790.0000   195841.7897  3008509   17.99%
  19681 13690   230904.0535   156   238790.0000   195953.0714  3084075   17.94%
  19922 13671   235043.6758   145   238790.0000   196128.5714  3080649   17.87%
  20875 14688   211990.6535   145   238790.0000   196606.5535  3291278   17.67%
Elapsed time = 370.70 sec. (106967.18 ticks, tree = 63.90 MB, solutions = 16)
  21803 15329   233598.5116   158   238790.0000   197202.5519  3429379   17.42%
  22810 16235        cutoff         238790.0000   197677.6978  3621599   17.22%
  23809 16536   205321.4286   143   238790.0000   198025.4126  3690306   17.07%
  24813 17629   215308.8368   162   238790.0000   198683.4357  3917788   16.80%
  25806 18096   236386.3333   128   238790.0000   199129.6221  4025165   16.61%
* 26362 18557      integral     0   238166.0000   199377.1132  4120568   16.29%
  26842 18957   224823.1220   141   238166.0000   199377.1132  4197324   16.29%
* 27382+18853                       236829.0000   199697.0000            15.68%
  27792 18960   220656.7857   122   236829.0000   199905.0385  4378493   15.59%
  28805 19798        cutoff         236829.0000   200229.7298  4570030   15.45%
  29711 20111   212392.1396   162   236829.0000   200628.5000  4633205   15.29%
  30734 20947   220722.9545   162   236829.0000   201046.6782  4837627   15.11%
Elapsed time = 505.88 sec. (145144.41 ticks, tree = 84.22 MB, solutions = 18)
  31716 21766   233847.8000   152   236829.0000   201419.7358  5023239   14.95%
  32747 22440        cutoff         236829.0000   201673.4835  5179658   14.84%
  33773 23185   213570.7407   148   236829.0000   202097.6565  5345069   14.67%
  34676 24026        cutoff         236829.0000   202409.6944  5544068   14.53%
  35501 24343   219025.4877   141   236829.0000   202655.8639  5620841   14.43%

Performing restart 2

Repeating presolve.
Tried aggregator 1 time.
MIP Presolve eliminated 1758 rows and 97 columns.
Reduced MIP has 13407 rows, 2265 columns, and 52605 nonzeros.
Reduced MIP has 2265 binaries, 0 generals, 0 SOSs, and 0 indicators.
Presolve time = 0.09 sec. (94.47 ticks)
Tried aggregator 1 time.
Reduced MIP has 13407 rows, 2265 columns, and 52605 nonzeros.
Reduced MIP has 2265 binaries, 0 generals, 0 SOSs, and 0 indicators.
Presolve time = 0.04 sec. (37.90 ticks)
Represolve time = 0.18 sec. (166.60 ticks)
  35769     0   173570.8701   223   236829.0000      Cuts: 47  5786500   14.32%
  35769     0   174188.6908   210   236829.0000      Cuts: 40  5786710   14.32%
  35769     0   174601.3221   217   236829.0000      Cuts: 69  5786908   14.32%
* 35769+    0                       234393.0000   202919.3462            13.43%
  35769     0   174749.7404   209   234393.0000      Cuts: 43  5787016   13.43%
  35769     0   175003.5472   211   234393.0000      Cuts: 46  5787170   13.43%
  35769     0   175251.0741   189   234393.0000      Cuts: 61  5787341   13.43%
  35769     0   175467.7600   214   234393.0000      Cuts: 66  5787488   13.43%
  35769     0   175515.5148   212   234393.0000      Cuts: 44  5787550   13.43%
  35769     0   175682.0829   209   234393.0000      Cuts: 53  5787670   13.43%

Repeating presolve.
Tried aggregator 2 times.
MIP Presolve eliminated 1362 rows and 128 columns.
MIP Presolve modified 58 coefficients.
Aggregator did 1 substitutions.
Reduced MIP has 12044 rows, 2136 columns, and 47359 nonzeros.
Reduced MIP has 2136 binaries, 0 generals, 0 SOSs, and 0 indicators.
Presolve time = 0.09 sec. (83.93 ticks)
Tried aggregator 1 time.
Reduced MIP has 12044 rows, 2136 columns, and 47359 nonzeros.
Reduced MIP has 2136 binaries, 0 generals, 0 SOSs, and 0 indicators.
Presolve time = 0.05 sec. (39.01 ticks)
Represolve time = 0.17 sec. (155.22 ticks)
  35769     0   176099.8228   221   234393.0000      Cuts: 57  5790681   13.43%
  35769     0   176897.7062   222   234393.0000      Cuts: 67  5790814   13.43%
  35769     0   177071.4841   220   234393.0000      Cuts: 63  5790904   13.43%
  35769     0   177252.5226   215   234393.0000      Cuts: 48  5790986   13.43%
  35769     0   177887.5444   218   234393.0000      Cuts: 72  5791189   13.43%
  35769     0   178063.4773   226   234393.0000      Cuts: 49  5791275   13.43%
  35769     0   178280.2827   220   234393.0000      Cuts: 62  5791362   13.43%
  35769     2   178280.2827   220   234393.0000   202919.3462  5791362   13.43%
  35931   123   221545.8776   156   234393.0000   202919.3462  5833008   13.43%
  36578   562   212060.1807   173   234393.0000   202919.3462  5905583   13.43%
  37578  1318   228709.9375   144   234393.0000   202919.3462  5986974   13.43%
  38530  2142        cutoff         234393.0000   202919.3462  6093640   13.43%
Elapsed time = 674.82 sec. (199926.54 ticks, tree = 122.57 MB, solutions = 19)
  39529  2909   232531.9163   179   234393.0000   202919.3462  6193279   13.43%
  40426  3646   231747.2347   171   234393.0000   202919.3462  6302007   13.43%
  41382  4234   218118.5102   189   234393.0000   202919.3462  6399288   13.43%
  42290  4978   220364.7674   162   234393.0000   202919.3462  6517545   13.43%
  43279  5704   210008.1156   145   234393.0000   202919.3462  6634271   13.43%
  44294  6394   206210.0145   175   234393.0000   202919.3462  6753161   13.43%
  45205  7037   232857.7727   121   234393.0000   202919.3462  6860714   13.43%
  46181  7825   222917.6771   139   234393.0000   202919.3462  6995504   13.43%
  47197  8485   229049.3333   102   234393.0000   202919.3462  7104708   13.43%
  48187  9263   217173.1892   135   234393.0000   202975.4253  7238620   13.40%
Elapsed time = 817.71 sec. (238117.19 ticks, tree = 597.30 MB, solutions = 19)
  49204  9914   214504.3478   131   234393.0000   203481.8854  7338961   13.19%
  50136 10558        cutoff         234393.0000   204122.0000  7462557   12.91%
  51264 11396   221102.2500   118   234393.0000   204510.3465  7595984   12.75%
  52117 11984   230954.1250   154   234393.0000   205018.0775  7695905   12.53%
  53169 12724        cutoff         234393.0000   205421.8725  7812359   12.36%
  54230 13144   231819.5422   148   234393.0000   205996.2628  7896270   12.12%
  55321 14028        cutoff         234393.0000   206398.6808  8042790   11.94%
  56363 14737   230933.9756   142   234393.0000   206887.9529  8163914   11.73%
  57515 15226   217220.8007   191   234393.0000   207228.5033  8248799   11.59%
  58535 16129   233208.0455   129   234393.0000   207711.5441  8403025   11.38%
Elapsed time = 963.67 sec. (276304.59 ticks, tree = 1084.07 MB, solutions = 19)
  59619 16805   222952.7443   167   234393.0000   207944.0000  8513825   11.28%
  60441 17361   216577.1095   172   234393.0000   208322.7083  8600120   11.12%
  61552 18122   230598.4460   146   234393.0000   208506.2563  8725497   11.04%
  62677 18717   231176.8333   120   234393.0000   208910.7897  8822217   10.87%
  63805 19406   234320.8750   132   234393.0000   209143.7909  8948224   10.77%
  64863 20080   227330.8017   154   234393.0000   209463.4714  9070280   10.64%
  65907 20497   230240.6452   146   234393.0000   209797.8005  9147776   10.49%
  67001 21383   227064.0970   149   234393.0000   210189.6072  9321041   10.33%
  67981 21681   225914.8137   141   234393.0000   210447.8261  9379793   10.22%
  69025 22360   217580.9670   159   234393.0000   210763.5428  9531975   10.08%
Elapsed time = 1108.93 sec. (314474.72 ticks, tree = 1468.73 MB, solutions = 19)
  70142 23124   232015.9524   133   234393.0000   211090.8333  9690014    9.94%
  71246 23543        cutoff         234393.0000   211331.8947  9765764    9.84%
  72264 24328   220197.5485   147   234393.0000   211625.2136  9928908    9.71%
  73319 24533   224479.1067   178   234393.0000   211956.8873  9966084    9.57%
  74412 25549   234165.2381   176   234393.0000   212353.7273 10180920    9.40%
  75366 25975   227603.5296   151   234393.0000   212566.6875 10287040    9.31%
  76312 26429   230870.1887   132   234393.0000   212798.2000 10393787    9.21%
  77436 26967   227845.9935   163   234393.0000   213035.6112 10501272    9.11%
  78520 27456   232412.5926   155   234393.0000   213242.2812 10601652    9.02%
  79521 27965   232523.4444   129   234393.0000   213482.2040 10723891    8.92%
Elapsed time = 1252.90 sec. (352679.64 ticks, tree = 1792.02 MB, solutions = 19)
  80649 28530   232612.6635   168   234393.0000   213704.1978 10859419    8.83%
  81777 28779   220579.6064   169   234393.0000   214013.8000 10909380    8.69%
  82762 29394   228000.8598   166   234393.0000   214242.4753 11057150    8.60%
  83887 29815   233379.0000    89   234393.0000   214478.1452 11169708    8.50%
  84973 30706        cutoff         234393.0000   214732.2187 11363978    8.39%
  85995 30985   220017.6174   159   234393.0000   214926.5841 11437782    8.31%
  87056 31292   219351.3070   193   234393.0000   215149.0694 11508552    8.21%
  88183 31886   232450.2237   142   234393.0000   215355.0351 11646816    8.12%
  89269 32328        cutoff         234393.0000   215536.7244 11757895    8.04%
  90287 33049   229070.0909   132   234393.0000   215738.6714 11942529    7.96%
Elapsed time = 1399.42 sec. (390855.97 ticks, tree = 2078.59 MB, solutions = 19)
Nodefile size = 28.87 MB (18.70 MB after compression)
  91407 33287        cutoff         234393.0000   215961.6948 12007164    7.86%
  92461 33813   226494.3564   151   234393.0000   216131.3701 12129681    7.79%
  93482 34401   231850.5476   128   234393.0000   216347.6207 12282421    7.70%
  94614 34667   234214.3869   153   234393.0000   216561.0290 12363932    7.61%
  95845 35122   226592.5000   132   234393.0000   216757.4371 12477237    7.52%
  96980 35679   230575.8750   155   234393.0000   216936.0000 12611024    7.45%
  97999 36393   232941.8889   135   234393.0000   217169.1810 12800847    7.35%
  99192 36477   233080.3000   122   234393.0000   217347.4926 12827134    7.27%
 100330 36947   231887.7368   136   234393.0000   217501.6071 12951492    7.21%
 101410 37422   233892.5952   129   234393.0000   217676.9933 13063133    7.13%
Elapsed time = 1535.29 sec. (429034.44 ticks, tree = 2342.81 MB, solutions = 19)
Nodefile size = 287.33 MB (185.54 MB after compression)
*101819 37773      integral     0   234011.0000   217676.9933 13140137    6.98%
 102471 37575   221499.3034   158   234011.0000   217808.8063 13191873    6.92%
 103688 37956   231032.3030   136   234011.0000   217971.8971 13305939    6.85%
 104887 38347        cutoff         234011.0000   218129.5910 13418735    6.79%
 106056 38812   233795.5000    64   234011.0000   218275.6085 13544366    6.72%
 107118 39293   233402.9000   108   234011.0000   218384.8541 13686965    6.68%
 108226 39693   220670.1013   167   234011.0000   218552.1667 13811331    6.61%
 109445 39955        cutoff         234011.0000   218776.5698 13887769    6.51%
 110482 40453        cutoff         234011.0000   218946.0951 14054189    6.44%
 111654 40680   232584.5359   147   234011.0000   219090.6053 14140153    6.38%
 112951 41279        cutoff         234011.0000   219258.2374 14307651    6.30%
Elapsed time = 1676.54 sec. (467218.88 ticks, tree = 2550.06 MB, solutions = 20)
Nodefile size = 495.06 MB (319.44 MB after compression)
 114197 41827   233406.1739   125   234011.0000   219444.4261 14459932    6.22%
 115258 42024   229843.0449   156   234011.0000   219552.2222 14535609    6.18%
 116452 42191   232814.1024   151   234011.0000   219705.9768 14595949    6.11%
 117604 42570   233140.0714   108   234011.0000   219844.7143 14712528    6.05%
 118746 42972   230179.7667   149   234011.0000   219968.1000 14836647    6.00%
 119970 43446        cutoff         234011.0000   220114.4980 15006972    5.94%
 121301 43793   233757.5446   138   234011.0000   220252.6865 15119770    5.88%
 122416 44179   232765.2879   120   234011.0000   220395.5357 15246764    5.82%
 123480 44422   228303.4593   156   234011.0000   220513.9543 15346001    5.77%
 124726 44631   233261.5088   158   234011.0000   220661.4938 15439237    5.70%
Elapsed time = 1813.17 sec. (505394.66 ticks, tree = 2725.79 MB, solutions = 20)
Nodefile size = 673.43 MB (434.43 MB after compression)
 125967 44900   230349.6316   127   234011.0000   220793.7930 15533692    5.65%
 127176 45093   230352.5294   136   234011.0000   220930.5731 15593395    5.59%
 128304 45562        cutoff         234011.0000   221043.4728 15809034    5.54%
 129588 45721   224985.1607   147   234011.0000   221192.4250 15880178    5.48%
 130890 46149        cutoff         234011.0000   221347.8981 16051830    5.41%
 132059 46353        cutoff         234011.0000   221494.5383 16152786    5.35%
 133165 46672   233573.0000   125   234011.0000   221622.7619 16331034    5.29%
 134444 46799   229367.1029   118   234011.0000   221745.0655 16391444    5.24%
 135633 47051   233194.2778   125   234011.0000   221896.4902 16504425    5.18%
 136798 47333   231411.0746   209   234011.0000   222008.9804 16634475    5.13%
Elapsed time = 1953.84 sec. (543562.03 ticks, tree = 2909.55 MB, solutions = 20)
Nodefile size = 858.58 MB (553.45 MB after compression)
 138129 47620        cutoff         234011.0000   222113.8555 16776115    5.08%
 139343 47913   233569.9211   134   234011.0000   222248.0069 16895906    5.03%
 140510 48082   233081.4468   150   234011.0000   222354.2440 16983329    4.98%
 141758 48326   233448.5075   150   234011.0000   222467.5388 17111044    4.93%
 143078 48420   233664.5335   136   234011.0000   222578.4750 17170356    4.89%
 144309 48585   226728.8667   129   234011.0000   222726.6146 17283542    4.82%
 145548 48850        cutoff         234011.0000   222839.9087 17439833    4.77%
 146901 49131   232827.6667   114   234011.0000   222944.9474 17584617    4.73%
 148068 49205   225688.9294   152   234011.0000   223098.1018 17627844    4.66%
 149150 49345   233343.4514   141   234011.0000   223199.2222 17746865    4.62%
Elapsed time = 2092.08 sec. (581735.24 ticks, tree = 3024.50 MB, solutions = 20)
Nodefile size = 968.88 MB (624.24 MB after compression)
 150446 49505   229075.8114   141   234011.0000   223301.6603 17899817    4.58%
 151852 49695        cutoff         234011.0000   223412.6000 18029519    4.53%
 153217 49743        cutoff         234011.0000   223523.2014 18089129    4.48%
 154450 49841   233842.9268   138   234011.0000   223638.5511 18216458    4.43%
 155694 49957        cutoff         234011.0000   223741.3478 18361382    4.39%
 157123 50061   232974.7578   146   234011.0000   223869.6296 18447545    4.33%
 158367 50144   228280.3966   136   234011.0000   224029.5224 18612210    4.27%
 159585 50142   231009.1928   137   234011.0000   224164.7452 18690037    4.21%
 160990 50172        cutoff         234011.0000   224279.7935 18808866    4.16%
 162352 50222   231657.3158   114   234011.0000   224411.7717 18936046    4.10%
Elapsed time = 2231.78 sec. (619908.36 ticks, tree = 3058.42 MB, solutions = 20)
Nodefile size = 1018.56 MB (656.01 MB after compression)
 163537 50204   226691.1189   166   234011.0000   224559.8182 19036519    4.04%
 164803 50273   233121.9608   148   234011.0000   224677.1385 19249041    3.99%
*165380+50295                       233865.0000   224724.3662             3.91%
*165449 50096      integral     0   233132.0000   224724.3662 19308437    3.61%
 166163 47512   230374.4160   150   233132.0000   224781.8750 19337081    3.58%
 167416 47460   229331.7936   161   233132.0000   224930.0000 19433378    3.52%
 168608 47274   228370.5476   130   233132.0000   225040.3768 19575538    3.47%
 170046 47035   228775.5000   107   233132.0000   225143.1000 19714532    3.43%
 171460 46928   231585.1235   140   233132.0000   225262.8039 19769147    3.38%
 172819 46688   232065.7333   113   233132.0000   225394.5000 19868269    3.32%
 174099 46412   230961.7353   134   233132.0000   225502.5000 19989800    3.27%
 175467 46235   229398.5526   155   233132.0000   225643.1041 20103681    3.21%
Elapsed time = 2363.24 sec. (658091.12 ticks, tree = 2817.83 MB, solutions = 22)
Nodefile size = 877.59 MB (565.31 MB after compression)
 177049 45935   230186.2429   153   233132.0000   225794.3592 20241528    3.15%
 178542 45621        cutoff         233132.0000   225934.3333 20315700    3.09%
 179796 45204        cutoff         233132.0000   226076.2442 20432660    3.03%
 181196 44929        cutoff         233132.0000   226194.9800 20523213    2.98%
 182751 44445   229105.8006   183   233132.0000   226327.2333 20671098    2.92%
 184328 44029        cutoff         233132.0000   226487.5000 20765393    2.85%
 185856 43399        cutoff         233132.0000   226630.8116 20897233    2.79%
 187307 42916        cutoff         233132.0000   226749.0938 21011357    2.74%
 188872 42542        cutoff         233132.0000   226874.4214 21113077    2.68%
 190541 41701   233113.1408   173   233132.0000   227025.6129 21256378    2.62%
Elapsed time = 2493.90 sec. (696264.36 ticks, tree = 2551.69 MB, solutions = 22)
Nodefile size = 877.59 MB (565.31 MB after compression)
 192233 40860        cutoff         233132.0000   227226.1893 21382553    2.53%
 193850 40495        cutoff         233132.0000   227368.1530 21434016    2.47%
 195363 39768        cutoff         233132.0000   227489.9630 21558492    2.42%
 197024 39020        cutoff         233132.0000   227676.0415 21691545    2.34%
 198810 38094        cutoff         233132.0000   227815.2278 21802287    2.28%
 200698 37407        cutoff         233132.0000   228074.6957 21881443    2.17%
 202623 36059        cutoff         233132.0000   228252.9200 22018065    2.09%
 204512 34948        cutoff         233132.0000   228473.6316 22113698    2.00%
 206429 34055        cutoff         233132.0000   228706.7028 22196531    1.90%
 208480 32580        cutoff         233132.0000   228894.2284 22314323    1.82%
Elapsed time = 2616.34 sec. (734426.63 ticks, tree = 2020.27 MB, solutions = 22)
Nodefile size = 877.59 MB (565.31 MB after compression)
 210636 31482        cutoff         233132.0000   229112.4000 22394318    1.72%
 212830 29798        cutoff         233132.0000   229354.0718 22499963    1.62%
 215138 28144        cutoff         233132.0000   229612.0000 22593703    1.51%
 217526 26425        cutoff         233132.0000   229870.5435 22680955    1.40%
 220041 24181        cutoff         233132.0000   230137.6290 22781859    1.28%
 222766 21804        cutoff         233132.0000   230447.9333 22872313    1.15%
 225433 19440        cutoff         233132.0000   230693.1464 22947974    1.05%
 227971 17430   231278.3952   164   233132.0000   230986.0749 23003281    0.92%
 230547 14798        cutoff         233132.0000   231261.2778 23065132    0.80%
 233258 12376        cutoff         233132.0000   231565.3333 23109768    0.67%
Elapsed time = 2740.11 sec. (772585.92 ticks, tree = 638.99 MB, solutions = 22)
Nodefile size = 431.63 MB (277.85 MB after compression)
 236058  9424    infeasible         233132.0000   231883.1834 23151054    0.54%
 238966  6291        cutoff         233132.0000   232260.3333 23183114    0.37%
 242031  2997        cutoff         233132.0000   232660.1329 23205458    0.20%

Cover cuts applied:  1
Implied bound cuts applied:  10
Zero-half cuts applied:  447
Lift and project cuts applied:  368
Gomory fractional cuts applied:  1

Root node processing (before b&c):
  Real time             =   14.40 sec. (6977.66 ticks)
Parallel b&c, 8 threads:
  Real time             = 2780.44 sec. (780330.42 ticks)
  Sync time (average)   =  246.96 sec.
  Wait time (average)   =    0.01 sec.
                          ------------
Total (root+branch&cut) = 2794.84 sec. (787308.08 ticks)
Status: Optimal
Obj: 233132

Instalacoes abertas:
Instalação 1 aberta
Instalação 4 aberta
Instalação 8 aberta
Instalação 9 aberta
Instalação 20 aberta
Instalação 22 aberta
Instalação 47 aberta

Atribuições (cliente -> instalação):
Cliente 0 -> Instalação 47
Cliente 1 -> Instalação 1
Cliente 2 -> Instalação 4
Cliente 3 -> Instalação 9
Cliente 4 -> Instalação 20
Cliente 5 -> Instalação 4
Cliente 6 -> Instalação 47
Cliente 7 -> Instalação 47
Cliente 8 -> Instalação 8
Cliente 9 -> Instalação 8
Cliente 10 -> Instalação 22
Cliente 11 -> Instalação 20
Cliente 12 -> Instalação 9
Cliente 13 -> Instalação 4
Cliente 14 -> Instalação 1
Cliente 15 -> Instalação 1
Cliente 16 -> Instalação 8
Cliente 17 -> Instalação 20
Cliente 18 -> Instalação 47
Cliente 19 -> Instalação 4
Cliente 20 -> Instalação 20
Cliente 21 -> Instalação 9
Cliente 22 -> Instalação 22
Cliente 23 -> Instalação 9
Cliente 24 -> Instalação 9
Cliente 25 -> Instalação 1
Cliente 26 -> Instalação 8
Cliente 27 -> Instalação 9
Cliente 28 -> Instalação 1
Cliente 29 -> Instalação 9
Cliente 30 -> Instalação 8
Cliente 31 -> Instalação 20
Cliente 32 -> Instalação 8
Cliente 33 -> Instalação 9
Cliente 34 -> Instalação 1
Cliente 35 -> Instalação 4
Cliente 36 -> Instalação 4
Cliente 37 -> Instalação 20
Cliente 38 -> Instalação 8
Cliente 39 -> Instalação 20
Cliente 40 -> Instalação 1
Cliente 41 -> Instalação 20
Cliente 42 -> Instalação 47
Cliente 43 -> Instalação 9
Cliente 44 -> Instalação 47
Cliente 45 -> Instalação 4
Cliente 46 -> Instalação 4
Cliente 47 -> Instalação 47
Cliente 48 -> Instalação 20
Cliente 49 -> Instalação 9
