Version identifier: 22.1.1.0 | 2022-11-28 | 9160aff4d
CPXPARAM_TimeLimit                               3600
Tried aggregator 1 time.
MIP Presolve eliminated 50 rows and 1 columns.
Reduced MIP has 14750 rows, 2794 columns, and 44150 nonzeros.
Reduced MIP has 2794 binaries, 0 generals, 0 SOSs, and 0 indicators.
Presolve time = 0.02 sec. (24.69 ticks)
Found incumbent of value 1.1602041e+07 after 0.03 sec. (30.67 ticks)
Probing time = 0.01 sec. (4.69 ticks)
Tried aggregator 1 time.
Detecting symmetries...
Reduced MIP has 14750 rows, 2794 columns, and 44150 nonzeros.
Reduced MIP has 2794 binaries, 0 generals, 0 SOSs, and 0 indicators.
Presolve time = 0.03 sec. (29.27 ticks)
Probing time = 0.01 sec. (4.69 ticks)
Clique table members: 2500.
MIP emphasis: balance optimality and feasibility.
MIP search method: dynamic search.
Parallel mode: deterministic, using up to 8 threads.
Root relaxation solution time = 0.06 sec. (23.16 ticks)

        Nodes                                         Cuts/
   Node  Left     Objective  IInf  Best Integer    Best Bound    ItCnt     Gap

*     0+    0                       1.16020e+07        0.0000           100.00%
*     0+    0                      7780221.0000        0.0000           100.00%
*     0+    0                      1069885.0000        0.0000           100.00%
*     0+    0                      1044885.0000        0.0000           100.00%
*     0+    0                       748538.0000        0.0000           100.00%
      0     0    93774.0000   100   748538.0000    93774.0000      182   87.47%
*     0+    0                       416162.0000    93774.0000            77.47%
      0     0   106217.5000   100   416162.0000     Cuts: 609      397   74.48%
      0     0   118774.0000    98   416162.0000     Cuts: 616      693   71.46%
      0     0   128569.2500   144   416162.0000 ZeroHalf: 193     1368   69.11%
*     0+    0                       358273.0000   128569.2500            64.11%
*     0+    0                       320239.0000   128569.2500            59.85%
*     0+    0                       281931.0000   128569.2500            54.40%
*     0+    0                       281697.0000   128569.2500            54.36%
      0     0  -1.00000e+75     0   281697.0000   128569.2500     1368   54.36%
*     0+    0                       219173.0000   128569.2500            41.34%
*     0+    0                       217990.0000   128569.2500            41.02%
      0     0   131746.8182   221   217990.0000 ZeroHalf: 247     1926   39.56%
      0     0   136398.3827   210   217990.0000     Cuts: 292     2368   37.43%
Detecting symmetries...
      0     0   139821.6667   148   217990.0000     Cuts: 279     2788   35.86%
      0     0   142444.5565   183   217990.0000     Cuts: 187     3321   34.66%
      0     0   143810.7058   180   217990.0000      Cuts: 94     3552   34.03%
      0     0   144605.5479   184   217990.0000      Cuts: 78     3735   33.66%
      0     0   145046.4104   181   217990.0000      Cuts: 53     3871   33.46%
*     0+    0                       216838.0000   145046.4104            33.11%
      0     0   145627.9003   175   216838.0000      Cuts: 41     4056   32.84%
      0     0   146071.3911   177   216838.0000      Cuts: 61     4214   32.64%
      0     0   146550.8699   185   216838.0000      Cuts: 61     4329   32.41%
      0     0   146842.0837   185   216838.0000      Cuts: 35     4473   32.28%
      0     0   146981.0507   187   216838.0000      Cuts: 44     4538   32.22%
      0     0   147854.2490   176   216838.0000      Cuts: 33     4750   31.81%
      0     0   149346.6972   180   216838.0000      Cuts: 66     4981   31.13%
      0     0   150256.8750   203   216838.0000      Cuts: 51     5180   30.71%
      0     0   151029.7346   180   216838.0000      Cuts: 91     5370   30.35%
      0     0   151735.5312   179   216838.0000      Cuts: 39     5536   30.02%
      0     0   152132.3251   179   216838.0000      Cuts: 74     5696   29.84%
      0     0   152273.0325   189   216838.0000      Cuts: 41     5787   29.78%
      0     0   152382.5673   200   216838.0000      Cuts: 31     5869   29.73%
      0     0   152490.7538   205   216838.0000      Cuts: 63     5967   29.68%
      0     0   152583.9124   201   216838.0000      Cuts: 27     6034   29.63%
      0     0   152626.5177   236   216838.0000      Cuts: 40     6078   29.61%
      0     0   152663.4376   217   216838.0000      Cuts: 19     6138   29.60%
      0     0   152737.9179   205   216838.0000      Cuts: 24     6191   29.56%
      0     0   152909.6969   242   216838.0000  ZeroHalf: 13     6293   29.48%
      0     0   153039.7043   212   216838.0000      Cuts: 61     6370   29.42%
      0     0   153217.1021   204   216838.0000      Cuts: 23     6427   29.34%
      0     0   153327.9807   193   216838.0000      Cuts: 36     6522   29.29%
      0     0   153404.2427   211   216838.0000      Cuts: 15     6596   29.25%
      0     0   153550.6639   211   216838.0000      Cuts: 25     6702   29.19%
      0     0   153662.4923   206   216838.0000  ZeroHalf: 15     6787   29.13%
      0     0   153699.6613   209   216838.0000      Cuts: 19     6820   29.12%
*     0+    0                       202881.0000   153699.6613            24.24%
Detecting symmetries...

Repeating presolve.
Tried aggregator 2 times.
MIP Presolve eliminated 7795 rows and 977 columns.
MIP Presolve modified 2114 coefficients.
Aggregator did 1 substitutions.
Reduced MIP has 6954 rows, 1816 columns, and 22354 nonzeros.
Reduced MIP has 1816 binaries, 0 generals, 0 SOSs, and 0 indicators.
Presolve time = 0.02 sec. (22.04 ticks)
Probing time = 0.00 sec. (3.05 ticks)
Tried aggregator 1 time.
Detecting symmetries...
Reduced MIP has 6954 rows, 1816 columns, and 22354 nonzeros.
Reduced MIP has 1816 binaries, 0 generals, 0 SOSs, and 0 indicators.
Presolve time = 0.02 sec. (17.09 ticks)
Represolve time = 0.06 sec. (58.84 ticks)
Probing time = 0.01 sec. (3.05 ticks)
Clique table members: 2311.
MIP emphasis: balance optimality and feasibility.
MIP search method: dynamic search.
Parallel mode: deterministic, using up to 8 threads.
Root relaxation solution time = 0.23 sec. (119.42 ticks)

        Nodes                                         Cuts/
   Node  Left     Objective  IInf  Best Integer    Best Bound    ItCnt     Gap

*     0+    0                       202881.0000   153896.8789            24.14%
      0     0   153809.9723   189   202881.0000   153896.8789     7985   24.14%
      0     0   156031.7482   212   202881.0000      Cuts: 69     8216   23.09%
      0     0   157022.4771   201   202881.0000      Cuts: 75     8347   22.60%
      0     0   157502.1005   206   202881.0000      Cuts: 39     8442   22.37%
      0     0   157940.9208   190   202881.0000      Cuts: 44     8539   22.15%
*     0+    0                       200662.0000   157940.9208            21.29%
      0     0  -1.00000e+75     0   200662.0000   157940.9208     8539   21.29%
*     0+    0                       198827.0000   157940.9208            20.56%
      0     0   158351.4615   186   198827.0000      Cuts: 31     8623   20.36%
      0     0   158455.8762   189   198827.0000      Cuts: 29     8676   20.30%
      0     0   158563.3190   191   198827.0000      Cuts: 24     8713   20.25%
      0     0   158988.3556   189   198827.0000      Cuts: 34     8820   20.04%
      0     0   159219.7803   181   198827.0000      Cuts: 27     8887   19.92%
      0     0   159348.7751   216   198827.0000      Cuts: 28     8951   19.86%
      0     0   159502.5436   210   198827.0000      Cuts: 17     9004   19.78%
      0     0   159623.1065   215   198827.0000      Cuts: 19     9060   19.72%
      0     0   159730.7066   185   198827.0000      Cuts: 14     9102   19.66%
      0     0   159806.0223   219   198827.0000      Cuts: 14     9152   19.63%
      0     0   160006.8495   216   198827.0000      Cuts: 14     9221   19.52%
      0     0   160167.6553   223   198827.0000      Cuts: 22     9298   19.44%
      0     0   160360.6339   223   198827.0000      Cuts: 18     9368   19.35%
      0     0   160415.1155   217   198827.0000      Cuts: 18     9409   19.32%
      0     0   160450.5176   223   198827.0000      Cuts: 12     9442   19.30%
      0     0   160483.5081   187   198827.0000      Cuts: 38     9470   19.28%
      0     0   160506.8054   185   198827.0000      Cuts: 15     9491   19.27%
      0     0   160508.7352   182   198827.0000       Cuts: 7     9499   19.27%
Detecting symmetries...
      0     2   160508.7352   182   198827.0000   160508.7352     9499   19.27%
Elapsed time = 10.37 sec. (5776.06 ticks, tree = 0.02 MB, solutions = 16)
     35    25   169944.0488   144   198827.0000   161673.0866    14821   18.69%
    116    99        cutoff         198827.0000   161673.0866    34704   18.69%
    260   182   183894.4000   118   198827.0000   162967.2158    47557   18.04%
    412   262        cutoff         198827.0000   163643.7260    57419   17.70%
    564   354   185286.9767   145   198827.0000   165584.9044    69503   16.72%
    725   498   180922.6615   171   198827.0000   167094.3846    83564   15.96%
    882   598   188806.7500    91   198827.0000   167724.8508    93624   15.64%
   1025   650   177036.5380   156   198827.0000   168518.9194   100236   15.24%
   1173   824        cutoff         198827.0000   168934.7917   120627   15.03%
   1960  1409   194504.2500    85   198827.0000   170524.8780   176901   14.23%
Elapsed time = 16.15 sec. (8891.17 ticks, tree = 42.95 MB, solutions = 16)
   2762  2006   179272.7105   119   198827.0000   171716.4992   227199   13.64%

Performing restart 1

Repeating presolve.
Tried aggregator 2 times.
MIP Presolve eliminated 1649 rows and 334 columns.
MIP Presolve modified 970 coefficients.
Aggregator did 1 substitutions.
Reduced MIP has 5304 rows, 1481 columns, and 17363 nonzeros.
Reduced MIP has 1481 binaries, 0 generals, 0 SOSs, and 0 indicators.
Presolve time = 0.02 sec. (19.94 ticks)
Tried aggregator 1 time.
Reduced MIP has 5304 rows, 1481 columns, and 17363 nonzeros.
Reduced MIP has 1481 binaries, 0 generals, 0 SOSs, and 0 indicators.
Presolve time = 0.02 sec. (16.46 ticks)
Represolve time = 0.07 sec. (51.60 ticks)
   3397     0   163257.6227   217   198827.0000      Cuts: 52   282499   13.08%
   3397     0   165029.8443   199   198827.0000      Cuts: 45   282709   13.08%
   3397     0   165969.4312   209   198827.0000      Cuts: 17   282846   13.08%
   3397     0   166104.6490   207   198827.0000       Cuts: 8   282910   13.08%
   3397     0   166148.1562   207   198827.0000       Cuts: 4   282941   13.08%
   3397     0   166209.7494   204   198827.0000   LiftProj: 2   282978   13.08%
   3397     0   166345.6885   210   198827.0000   ZeroHalf: 5   283030   13.08%
*  3397+    0                       198409.0000   172812.6000            12.90%
*  3397+    0                       197355.0000   172812.6000            12.44%
   3397     0  -1.00000e+75     0   197355.0000   172812.6000   283030   12.44%
   3397     2   166345.6885   210   197355.0000   172812.6000   283030   12.44%
   3399     3   178362.7752   190   197355.0000   172812.6000   283846   12.44%
   3412     8   173376.2469   151   197355.0000   172812.6000   285195   12.44%
   3435    32   194331.1829   198   197355.0000   172812.6000   290961   12.44%
   3630   138   189167.1481   133   197355.0000   172812.6000   310796   12.44%
   3948   303        cutoff         197355.0000   172812.6000   335122   12.44%
   4333   637   172496.6071   138   197355.0000   172812.6000   364312   12.44%
   4803   811   183655.5072   162   197355.0000   172812.6000   378657   12.44%
   5444  1256   193701.7222   111   197355.0000   172812.6000   408043   12.44%
Elapsed time = 41.96 sec. (24471.82 ticks, tree = 42.63 MB, solutions = 18)
   6025  1788   192830.4550   158   197355.0000   172812.6000   457005   12.44%
   6718  2240   183384.3636   131   197355.0000   172839.0000   497712   12.42%
   7379  2718   196806.1786   140   197355.0000   173349.7500   543372   12.16%
   8012  3211   187407.5139   143   197355.0000   174714.8472   599505   11.47%
   8610  3638   184439.7617   151   197355.0000   175597.2727   648425   11.02%
   9305  4053   188127.9677   139   197355.0000   176309.3333   691169   10.66%
   9959  4477   182001.8462   166   197355.0000   176797.1585   741819   10.42%
  10677  5024   196684.8889   118   197355.0000   177307.4824   802103   10.16%
  11284  5395   195620.8000   139   197355.0000   177848.0000   852987    9.88%
  11870  5695   183639.7923   157   197355.0000   178357.6840   901460    9.63%
Elapsed time = 60.12 sec. (34025.63 ticks, tree = 220.34 MB, solutions = 18)
  12473  6097   189097.4118   143   197355.0000   178630.9074   954896    9.49%
  13133  6491   191501.6667   114   197355.0000   178968.0000   998517    9.32%
  13832  6769        cutoff         197355.0000   179289.6818  1038095    9.15%
  14597  7309        cutoff         197355.0000   179669.5000  1098878    8.96%
  15349  7821   193562.8333   131   197355.0000   180032.6000  1163242    8.78%
  15980  8283        cutoff         197355.0000   180362.1111  1226337    8.61%
  16716  8560        cutoff         197355.0000   180629.1862  1269756    8.47%
  17441  8859   185309.0000   140   197355.0000   180812.4159  1312998    8.38%
  18138  9401   194754.3333    89   197355.0000   181175.4589  1390717    8.20%
  18809  9567   187229.8046   174   197355.0000   181392.1577  1413673    8.09%
Elapsed time = 78.45 sec. (43586.14 ticks, tree = 333.97 MB, solutions = 18)
  19498 10105   192527.7647   130   197355.0000   181638.8951  1493655    7.96%
  20207 10551   189406.7045   139   197355.0000   181913.6667  1553816    7.82%
  20802 10653   190110.4545   142   197355.0000   182179.4722  1569785    7.69%
  21518 11003   189869.2409   161   197355.0000   182346.0000  1628028    7.61%
  22188 11282        cutoff         197355.0000   182540.5000  1680430    7.51%
  22812 11705   188553.8685   165   197355.0000   182820.0000  1763686    7.36%
  23474 11958   187640.9167   133   197355.0000   183032.0000  1814322    7.26%
  24208 12281   192757.8765   160   197355.0000   183180.0000  1872063    7.18%
  24974 12511   196816.9444   133   197355.0000   183316.9276  1916682    7.11%
  25675 12903   193912.8000    95   197355.0000   183521.6845  1982308    7.01%
Elapsed time = 97.12 sec. (53134.03 ticks, tree = 420.66 MB, solutions = 18)
  26367 13294        cutoff         197355.0000   183751.7577  2053011    6.89%
  27074 13378        cutoff         197355.0000   183890.5545  2072005    6.82%
  27757 13756   195366.2500    90   197355.0000   184094.7949  2134092    6.72%
  28446 14036   191700.3860   130   197355.0000   184224.8788  2187139    6.65%
  29187 14348   195309.5263   132   197355.0000   184380.5000  2247866    6.57%
  29926 14616   195075.5714    79   197355.0000   184604.0278  2305989    6.46%
  30645 14836   195592.5255   126   197355.0000   184794.5181  2343799    6.36%
  31309 15060   196562.5000   101   197355.0000   184937.6919  2389817    6.29%
  32090 15379   188854.2281   145   197355.0000   185151.6667  2456392    6.18%
  32860 15707        cutoff         197355.0000   185262.8043  2516538    6.13%
Elapsed time = 115.62 sec. (62679.53 ticks, tree = 467.83 MB, solutions = 18)
  33663 16140        cutoff         197355.0000   185433.5072  2599668    6.04%
  34384 16120   195234.0233   130   197355.0000   185557.5714  2599416    5.98%
  35124 16570        cutoff         197355.0000   185700.5000  2700183    5.91%
  35966 16863   189204.8500   143   197355.0000   185856.9375  2768096    5.83%
  36536 17110   193233.0000   109   197355.0000   185976.3077  2817141    5.77%

Performing restart 2

Repeating presolve.
Tried aggregator 2 times.
MIP Presolve eliminated 1177 rows and 255 columns.
MIP Presolve modified 36 coefficients.
Aggregator did 7 substitutions.
Reduced MIP has 4120 rows, 1219 columns, and 16311 nonzeros.
Reduced MIP has 1219 binaries, 0 generals, 0 SOSs, and 0 indicators.
Presolve time = 0.03 sec. (30.50 ticks)
Tried aggregator 1 time.
Reduced MIP has 4120 rows, 1219 columns, and 16311 nonzeros.
Reduced MIP has 1219 binaries, 0 generals, 0 SOSs, and 0 indicators.
Presolve time = 0.02 sec. (18.16 ticks)
Represolve time = 0.10 sec. (80.26 ticks)
  36945     0   167152.6645   217   197355.0000      Cuts: 39  2881926    5.66%
  36945     0   167449.6531   214   197355.0000      Cuts: 40  2882055    5.66%
  36945     0   167508.2515   210   197355.0000   ZeroHalf: 5  2882102    5.66%
  36945     0   167514.3499   213   197355.0000   ZeroHalf: 1  2882122    5.66%
  36945     0   167582.8727   212   197355.0000   ZeroHalf: 3  2882194    5.66%
  36945     0   167606.6569   209   197355.0000       Cuts: 2  2882226    5.66%
  36945     0   167682.8355   209   197355.0000   ZeroHalf: 2  2882289    5.66%
  36945     0   167690.6911   209   197355.0000   ZeroHalf: 3  2882316    5.66%

Repeating presolve.
Tried aggregator 2 times.
MIP Presolve eliminated 353 rows and 91 columns.
MIP Presolve modified 19 coefficients.
Aggregator did 3 substitutions.
Reduced MIP has 3764 rows, 1125 columns, and 15001 nonzeros.
Reduced MIP has 1125 binaries, 0 generals, 0 SOSs, and 0 indicators.
Presolve time = 0.03 sec. (25.27 ticks)
Tried aggregator 1 time.
Reduced MIP has 3764 rows, 1125 columns, and 15001 nonzeros.
Reduced MIP has 1125 binaries, 0 generals, 0 SOSs, and 0 indicators.
Presolve time = 0.02 sec. (16.61 ticks)
Represolve time = 0.10 sec. (65.01 ticks)
  36945     0   167874.5861   210   197355.0000      Cuts: 45  2884493    5.66%
  36945     0   168040.1153   215   197355.0000      Cuts: 35  2884613    5.66%
  36945     0   168183.9012   211   197355.0000       Cuts: 6  2884698    5.66%
  36945     0   168204.2693   211   197355.0000       Cuts: 3  2884734    5.66%
  36945     0   168218.5796   212   197355.0000       Cuts: 2  2884771    5.66%
  36945     0   168255.6475   213   197355.0000       Cuts: 4  2884828    5.66%
  36945     0   168259.6594   209   197355.0000   ZeroHalf: 1  2884854    5.66%
  36945     2   168259.6594   209   197355.0000   186177.6250  2884854    5.66%
  36953     5   173686.2914   155   197355.0000   186177.6250  2886019    5.66%
  36969    16   176547.0049   144   197355.0000   186177.6250  2897555    5.66%
  37007    40   188246.3132   152   197355.0000   186177.6250  2906068    5.66%
  37272   167   192611.4545   124   197355.0000   186177.6250  2929031    5.66%
Elapsed time = 140.61 sec. (79868.78 ticks, tree = 1.54 MB, solutions = 18)
  37602   398   195933.2857   119   197355.0000   186177.6250  2954357    5.66%
  38023   643   196813.2273   123   197355.0000   186177.6250  2976261    5.66%
  38703  1038   178615.6148   154   197355.0000   186177.6250  3010161    5.66%
  39490  1614   182961.7416   145   197355.0000   186177.6250  3056050    5.66%
  40181  2233   191739.1635   115   197355.0000   186177.6250  3123280    5.66%
  40940  2636   188369.1348   163   197355.0000   186177.6250  3170672    5.66%
  41691  3145   188354.0000   136   197355.0000   186177.6250  3230044    5.66%
  42442  3740        cutoff         197355.0000   186177.6250  3302741    5.66%
  43139  4052   193221.9436   156   197355.0000   186177.6250  3348761    5.66%
  43860  4466   187090.3333    90   197355.0000   186177.6250  3411901    5.66%
Elapsed time = 156.08 sec. (89415.29 ticks, tree = 90.68 MB, solutions = 18)
  44651  5021   189289.0000   100   197355.0000   186177.6250  3484588    5.66%
  45288  5225   194903.0746   141   197355.0000   186177.6250  3513504    5.66%
  46058  5671   182666.5194   152   197355.0000   186177.6250  3571105    5.66%
  46897  6091   193075.9500   100   197355.0000   186177.6250  3633254    5.66%
  47619  6582        cutoff         197355.0000   186177.6250  3705148    5.66%
  48366  6955   190930.1282   122   197355.0000   186177.6250  3768314    5.66%
  49182  7426        cutoff         197355.0000   186177.6250  3844081    5.66%
  50013  7809   185365.5307   150   197355.0000   186177.6250  3903954    5.66%
  50810  8243   192481.2889   159   197355.0000   186177.6250  3968403    5.66%
  51585  8521        cutoff         197355.0000   186177.6250  4021180    5.66%
Elapsed time = 171.62 sec. (98963.73 ticks, tree = 173.74 MB, solutions = 18)
  52380  8992   190705.4097   137   197355.0000   186177.6250  4107719    5.66%
  53157  9214   197325.3532   139   197355.0000   186177.6250  4147509    5.66%
  53946  9617   197273.1176   104   197355.0000   186177.6250  4229817    5.66%
  54744  9949   195681.5000    77   197355.0000   186177.6250  4291250    5.66%
  55512 10222   192858.2708   132   197355.0000   186177.6250  4345045    5.66%
  56419 10580   191483.5000    65   197355.0000   186177.6250  4410175    5.66%
  57251 10792   190038.5457   134   197355.0000   186177.6250  4454546    5.66%
  58024 11247   193624.2024   137   197355.0000   186177.6250  4549680    5.66%
  58858 11394   192164.0868   133   197355.0000   186177.6250  4586259    5.66%
  61924 12534        cutoff         197355.0000   186177.6250  4843974    5.66%
Elapsed time = 192.13 sec. (111370.44 ticks, tree = 244.52 MB, solutions = 18)
  65295 13493   196410.7576   115   197355.0000   186847.5952  5082101    5.32%
  68798 14457   193639.2105   127   197355.0000   187598.4667  5318766    4.94%
  72273 15293        cutoff         197355.0000   188226.0833  5594694    4.63%
  75753 15705        cutoff         197355.0000   188863.0000  5826249    4.30%
  79174 16008        cutoff         197355.0000   189508.5714  6101246    3.98%
  82901 16104   195230.4320   159   197355.0000   190203.0000  6376600    3.62%
  86527 15799        cutoff         197355.0000   190917.5714  6730209    3.26%
  90419 15125        cutoff         197355.0000   191733.0000  7043935    2.85%
  94694 13497        cutoff         197355.0000   192686.5720  7473359    2.37%
  99656 11251   196838.4500   130   197355.0000   193733.6750  7838853    1.83%
Elapsed time = 255.15 sec. (149524.19 ticks, tree = 150.12 MB, solutions = 18)
 105928  7190        cutoff         197355.0000   195057.9000  8196358    1.16%

Zero-half cuts applied:  198
Lift and project cuts applied:  84

Root node processing (before b&c):
  Real time             =   10.36 sec. (5768.02 ticks)
Parallel b&c, 8 threads:
  Real time             =  256.62 sec. (150405.59 ticks)
  Sync time (average)   =   16.81 sec.
  Wait time (average)   =    0.01 sec.
                          ------------
Total (root+branch&cut) =  266.97 sec. (156173.61 ticks)
Status: Optimal
Obj: 197355

Instalacoes abertas:
Instalação 4 aberta
Instalação 8 aberta
Instalação 9 aberta
Instalação 20 aberta
Instalação 22 aberta
Instalação 47 aberta

Atribuições (cliente -> instalação):
Cliente 0 -> Instalação 9
Cliente 1 -> Instalação 47
Cliente 2 -> Instalação 4
Cliente 3 -> Instalação 8
Cliente 4 -> Instalação 9
Cliente 5 -> Instalação 20
Cliente 6 -> Instalação 47
Cliente 7 -> Instalação 8
Cliente 8 -> Instalação 8
Cliente 9 -> Instalação 4
Cliente 10 -> Instalação 8
Cliente 11 -> Instalação 22
Cliente 12 -> Instalação 20
Cliente 13 -> Instalação 20
Cliente 14 -> Instalação 47
Cliente 15 -> Instalação 8
Cliente 16 -> Instalação 20
Cliente 17 -> Instalação 20
Cliente 18 -> Instalação 20
Cliente 19 -> Instalação 9
Cliente 20 -> Instalação 20
Cliente 21 -> Instalação 9
Cliente 22 -> Instalação 22
Cliente 23 -> Instalação 4
Cliente 24 -> Instalação 4
Cliente 25 -> Instalação 9
Cliente 26 -> Instalação 47
Cliente 27 -> Instalação 20
Cliente 28 -> Instalação 8
Cliente 29 -> Instalação 20
Cliente 30 -> Instalação 9
Cliente 31 -> Instalação 9
Cliente 32 -> Instalação 47
Cliente 33 -> Instalação 20
Cliente 34 -> Instalação 9
Cliente 35 -> Instalação 4
Cliente 36 -> Instalação 8
Cliente 37 -> Instalação 4
Cliente 38 -> Instalação 4
Cliente 39 -> Instalação 9
Cliente 40 -> Instalação 4
Cliente 41 -> Instalação 9
Cliente 42 -> Instalação 8
Cliente 43 -> Instalação 47
Cliente 44 -> Instalação 4
Cliente 45 -> Instalação 8
Cliente 46 -> Instalação 4
Cliente 47 -> Instalação 47
Cliente 48 -> Instalação 9
Cliente 49 -> Instalação 20
