Version identifier: 22.1.1.0 | 2022-11-28 | 9160aff4d
CPXPARAM_TimeLimit                               3600
Tried aggregator 1 time.
MIP Presolve eliminated 50 rows and 1 columns.
Reduced MIP has 20900 rows, 2917 columns, and 62600 nonzeros.
Reduced MIP has 2917 binaries, 0 generals, 0 SOSs, and 0 indicators.
Presolve time = 0.03 sec. (32.04 ticks)
Found incumbent of value 1.6251623e+07 after 0.04 sec. (40.25 ticks)
Probing time = 0.01 sec. (5.32 ticks)
Tried aggregator 1 time.
Detecting symmetries...
Reduced MIP has 20900 rows, 2917 columns, and 62600 nonzeros.
Reduced MIP has 2917 binaries, 0 generals, 0 SOSs, and 0 indicators.
Presolve time = 0.04 sec. (38.34 ticks)
Probing time = 0.01 sec. (5.32 ticks)
Clique table members: 2500.
MIP emphasis: balance optimality and feasibility.
MIP search method: dynamic search.
Parallel mode: deterministic, using up to 8 threads.
Root relaxation solution time = 0.09 sec. (31.81 ticks)

        Nodes                                         Cuts/
   Node  Left     Objective  IInf  Best Integer    Best Bound    ItCnt     Gap

*     0+    0                       1.62516e+07        0.0000           100.00%
*     0+    0                       1.18078e+07        0.0000           100.00%
*     0+    0                       750627.0000        0.0000           100.00%
*     0+    0                       639300.0000        0.0000           100.00%
      0     0    93774.0000   100   639300.0000    93774.0000      171   85.33%
*     0+    0                       391613.0000    93774.0000            76.05%
      0     0   106217.5000   100   391613.0000     Cuts: 930      377   72.88%
      0     0   118774.0000    98   391613.0000     Cuts: 899      638   69.67%
*     0+    0                       331985.0000   118774.0000            64.22%
      0     0   129680.8750   180   331985.0000 ZeroHalf: 338     1626   60.94%
*     0+    0                       287551.0000   129680.8750            54.90%
      0     0   136147.2029   219   287551.0000 ZeroHalf: 460     2353   52.65%
*     0+    0                       276147.0000   136147.2029            50.70%
      0     0   141799.5517   190   276147.0000     Cuts: 496     2978   48.65%
Detecting symmetries...
      0     0   145459.1570   177   276147.0000     Cuts: 176     3269   47.33%
*     0+    0                       249243.0000   145459.1570            41.64%
      0     0   148007.3295   200   249243.0000     Cuts: 156     3596   40.62%
      0     0   149394.6260   180   249243.0000     Cuts: 226     3852   40.06%
      0     0   150183.2107   183   249243.0000      Cuts: 66     4072   39.74%
      0     0   151375.5858   209   249243.0000      Cuts: 84     4274   39.27%
      0     0   152224.5977   215   249243.0000      Cuts: 51     4458   38.93%
      0     0   152911.5882   181   249243.0000      Cuts: 70     4604   38.65%
      0     0   153378.1554   182   249243.0000      Cuts: 60     4728   38.46%
      0     0   153711.8551   182   249243.0000      Cuts: 43     4845   38.33%
      0     0   153882.3102   183   249243.0000      Cuts: 32     4925   38.26%
      0     0   154098.5827   183   249243.0000      Cuts: 43     5013   38.17%
      0     0   154388.3331   182   249243.0000      Cuts: 50     5148   38.06%
      0     0   154550.8775   184   249243.0000      Cuts: 37     5228   37.99%
      0     0   154882.9797   183   249243.0000      Cuts: 61     5343   37.86%
      0     0   155321.3555   182   249243.0000      Cuts: 51     5456   37.68%
      0     0   155519.2810   222   249243.0000      Cuts: 59     5569   37.60%
      0     0   155705.8035   222   249243.0000      Cuts: 51     5690   37.53%
      0     0   155950.2923   212   249243.0000      Cuts: 29     5792   37.43%
      0     0   156179.7047   214   249243.0000      Cuts: 44     5859   37.34%
      0     0   156416.5684   191   249243.0000     Cuts: 101     5983   37.24%
      0     0   156666.9217   181   249243.0000      Cuts: 24     6099   37.14%
      0     0   156853.9820   184   249243.0000      Cuts: 31     6189   37.07%
      0     0   157097.7928   185   249243.0000      Cuts: 33     6294   36.97%
      0     0   157260.6010   217   249243.0000      Cuts: 19     6393   36.90%
      0     0   157318.0419   215   249243.0000      Cuts: 14     6435   36.88%
      0     0   157367.2403   186   249243.0000      Cuts: 35     6481   36.86%
      0     0   157394.6573   215   249243.0000       Cuts: 4     6506   36.85%
      0     0   157480.1417   212   249243.0000      Cuts: 15     6573   36.82%
      0     0   157556.5968   181   249243.0000     Cuts: 105     6627   36.79%
      0     0   157707.0514   174   249243.0000      Cuts: 17     6724   36.73%
      0     0   157799.3916   186   249243.0000      Cuts: 29     6810   36.69%
      0     0   157914.6789   180   249243.0000      Cuts: 46     6920   36.64%
      0     0   158034.7809   182   249243.0000      Cuts: 38     6999   36.59%
      0     0   158146.8294   178   249243.0000      Cuts: 31     7064   36.55%
      0     0   158244.5472   181   249243.0000      Cuts: 28     7129   36.51%
      0     0   158437.2618   178   249243.0000      Cuts: 31     7247   36.43%
      0     0   158682.2826   188   249243.0000      Cuts: 67     7389   36.33%
      0     0   159107.4279   181   249243.0000      Cuts: 38     7541   36.16%
      0     0   159399.7633   184   249243.0000      Cuts: 51     7655   36.05%
      0     0   159527.3284   187   249243.0000      Cuts: 45     7741   36.00%
      0     0   159601.2654   184   249243.0000      Cuts: 31     7790   35.97%
      0     0   159700.5248   189   249243.0000      Cuts: 36     7853   35.93%
      0     0   159754.5543   190   249243.0000      Cuts: 20     7899   35.90%
Detecting symmetries...
      0     2   159754.5543   190   249243.0000   159754.5543     7899   35.90%
Elapsed time = 13.58 sec. (5965.09 ticks, tree = 0.02 MB, solutions = 9)
      7     8   172966.7929   123   249243.0000   160209.5329    10043   35.72%
     36    26   171831.5500   134   249243.0000   160239.8591    15659   35.71%
     64    53   208756.6667   102   249243.0000   162129.2784    23524   34.95%
    127    87   212674.2500   112   249243.0000   162129.2784    32012   34.95%
    237   207   247247.7727   104   249243.0000   162129.2784    45659   34.95%
    290   248   202489.3333   101   249243.0000   162129.2784    52797   34.95%
    359   283   196759.5000    98   249243.0000   162129.2784    59355   34.95%
    414   331   207895.6364   134   249243.0000   162129.2784    66354   34.95%
    489   418   243593.5000    52   249243.0000   162129.2784    81356   34.95%
    742   566   239798.4000   131   249243.0000   166343.1225   107467   33.26%
Elapsed time = 24.55 sec. (9113.27 ticks, tree = 6.83 MB, solutions = 9)
   1071   896   188066.2963   169   249243.0000   167182.7282   151966   32.92%
   1389  1141   246743.7333   115   249243.0000   171666.2293   190571   31.12%
   1729  1377   245881.2500   100   249243.0000   173140.5612   230402   30.53%
   2119  1634   238429.5000   114   249243.0000   175183.3750   266315   29.71%
   2471  1953   207418.1941   162   249243.0000   176492.9233   293158   29.19%
   2870  2325   207730.1250   111   249243.0000   177760.1640   340926   28.68%
   3243  2592   199973.9714   141   249243.0000   178207.5000   371935   28.50%

Performing restart 1

Repeating presolve.
Tried aggregator 1 time.
MIP Presolve eliminated 4236 rows and 417 columns.
Reduced MIP has 16664 rows, 2500 columns, and 49892 nonzeros.
Reduced MIP has 2500 binaries, 0 generals, 0 SOSs, and 0 indicators.
Presolve time = 0.03 sec. (27.75 ticks)
Tried aggregator 1 time.
Reduced MIP has 16664 rows, 2500 columns, and 49892 nonzeros.
Reduced MIP has 2500 binaries, 0 generals, 0 SOSs, and 0 indicators.
Presolve time = 0.03 sec. (31.32 ticks)
Represolve time = 0.10 sec. (90.20 ticks)
   3264     0   160447.5146   192   249243.0000      Cuts: 42   389127   28.31%
   3264     0   160895.6244   188   249243.0000      Cuts: 37   389350   28.31%
   3264     0   161340.3747   189   249243.0000      Cuts: 54   389503   28.31%
   3264     0   161788.7552   189   249243.0000      Cuts: 52   389731   28.31%
   3264     0   162239.1217   185   249243.0000      Cuts: 61   389913   28.31%
   3264     0   162863.9070   214   249243.0000      Cuts: 70   390134   28.31%
   3264     2   162863.9070   214   249243.0000   178685.7500   390134   28.31%
   3266     3   167993.8013   158   249243.0000   178685.7500   390612   28.31%
   3270     6   165140.1676   207   249243.0000   178685.7500   391394   28.31%
Elapsed time = 70.20 sec. (26027.67 ticks, tree = 0.02 MB, solutions = 10)
   3284    16   166252.7653   205   249243.0000   178685.7500   395733   28.31%
   3295    21   179346.1237   173   249243.0000   178685.7500   397037   28.31%
   3309    26   178267.5791   163   249243.0000   178685.7500   400374   28.31%
   3321    49   174205.3854   193   249243.0000   178685.7500   416281   28.31%
   3346    70   167043.7995   172   249243.0000   178685.7500   424971   28.31%
   3418   110   209577.5000    82   249243.0000   178685.7500   433804   28.31%
   3487   163   196146.7846   158   249243.0000   178685.7500   448931   28.31%
   3547   239   241314.6250   106   249243.0000   178685.7500   463864   28.31%
   3643   281   245104.7000   106   249243.0000   178685.7500   474664   28.31%
   3762   357        cutoff         249243.0000   178685.7500   490392   28.31%
Elapsed time = 111.21 sec. (35727.15 ticks, tree = 2.16 MB, solutions = 10)
   3894   435   247590.3333    79   249243.0000   178685.7500   509496   28.31%
   4055   646   243513.8000   126   249243.0000   178685.7500   552641   28.31%
   4208   591   221098.0000   128   249243.0000   178685.7500   543085   28.31%
   4339   735   247853.5000    98   249243.0000   178685.7500   571978   28.31%
   4502   973   240666.3750   146   249243.0000   178685.7500   618157   28.31%
   4657  1036   245647.7928   145   249243.0000   178685.7500   632762   28.31%
   4839  1103   243004.6892   169   249243.0000   178685.7500   645240   28.31%
   5000  1394   232067.6190   173   249243.0000   178685.7500   701149   28.31%
   5225  1504   229954.5476   138   249243.0000   178685.7500   725031   28.31%
   5446  1714   236904.9244   158   249243.0000   178685.7500   767130   28.31%
Elapsed time = 149.76 sec. (45300.82 ticks, tree = 5.95 MB, solutions = 10)
   5574  1876   207968.3853   174   249243.0000   178685.7500   799375   28.31%
   5765  2063   227199.6329   220   249243.0000   178685.7500   836163   28.31%
   5973  2147   232198.5625   120   249243.0000   178685.7500   849923   28.31%
   6159  2256   236019.8519   145   249243.0000   178685.7500   875830   28.31%
   6347  2517   242947.1808   161   249243.0000   178685.7500   926719   28.31%
   6536  2698   223118.9378   156   249243.0000   178685.7500   974381   28.31%
   6764  2864   210432.0980   108   249243.0000   178685.7500  1009913   28.31%
   6977  3064   222177.6944   145   249243.0000   178685.7500  1043543   28.31%
   7148  3217   215375.5197   157   249243.0000   178685.7500  1082255   28.31%
*  7349  3345      integral     0   244765.0000   178685.7500  1102805   27.00%
   7373  3093   188460.5789   153   244765.0000   178685.7500  1112067   27.00%
Elapsed time = 186.50 sec. (54894.40 ticks, tree = 9.94 MB, solutions = 11)
   7592  3133   219741.9684   163   244765.0000   178685.7500  1122229   27.00%
   7790  3439   241791.7778   157   244765.0000   178685.7500  1181023   27.00%
   8000  3498   228905.4944   165   244765.0000   179195.1331  1193983   26.79%
   8213  3665   203372.3399   174   244765.0000   179248.9741  1232141   26.77%
   8419  4018        cutoff         244765.0000   180263.6535  1295643   26.35%
   8626  3996   194594.7777   191   244765.0000   180310.2352  1297112   26.33%
   8832  4326   232761.9238   147   244765.0000   180722.8870  1362664   26.16%
   9065  4547   236875.0000   112   244765.0000   180948.8698  1405893   26.07%
   9292  4643   241378.6364   137   244765.0000   181431.1330  1429494   25.88%
   9509  4794   238971.8164   163   244765.0000   181628.9330  1459220   25.79%
Elapsed time = 225.94 sec. (64476.47 ticks, tree = 18.46 MB, solutions = 11)
   9713  5042   233233.1667   127   244765.0000   181921.7233  1509571   25.67%
   9938  5073   232719.0625   111   244765.0000   182126.5861  1514317   25.59%
  10130  5433   201334.3260   164   244765.0000   182417.9402  1592202   25.47%
  10318  5525   208915.7222   155   244765.0000   182426.8294  1610482   25.47%
  10517  5721   206175.4505   200   244765.0000   182435.8729  1661229   25.46%
  10743  5747   240498.5090   175   244765.0000   183086.7177  1665827   25.20%
  10953  6189   217787.4423   160   244765.0000   183235.2170  1750429   25.14%
  11167  6277   199592.8364   142   244765.0000   183590.5880  1771537   24.99%
* 11301+ 6210                       243979.0000   183726.5000            24.70%
  11312  6351   210084.7459   169   243979.0000   183726.5000  1786718   24.70%
  11548  6387   212776.2917   134   243979.0000   184053.5926  1806628   24.56%
Elapsed time = 261.11 sec. (74067.09 ticks, tree = 23.16 MB, solutions = 12)
  11798  6552        cutoff         243979.0000   184301.5539  1842137   24.46%
  12042  6802   211676.3421   146   243979.0000   184437.1428  1887438   24.40%
  12224  7167   240561.1818   115   243979.0000   184765.7183  1950108   24.27%
  12413  7332   241566.0000    86   243979.0000   184851.5320  1981506   24.23%
  12640  7353        cutoff         243979.0000   184851.5320  1986722   24.23%
  12851  7527   231716.8000   122   243979.0000   185518.0717  2026030   23.96%
  13093  7839   221180.0950   149   243979.0000   185557.4967  2084671   23.95%
  13304  7963   211112.1313   158   243979.0000   185557.4967  2109420   23.95%
  13505  8255   239626.9062   165   243979.0000   186244.0992  2169354   23.66%
  13762  8428   231449.9444   110   243979.0000   186320.7595  2197637   23.63%
Elapsed time = 298.65 sec. (83652.16 ticks, tree = 40.03 MB, solutions = 12)
  13979  8630   233928.2647   139   243979.0000   186624.3481  2241363   23.51%
  14198  8617   240541.2031   174   243979.0000   186706.4796  2237419   23.47%
  14433  8742   226828.6250   140   243979.0000   186766.5292  2262326   23.45%
  14648  9143   226812.0000   128   243979.0000   187197.3766  2348136   23.27%
  14901  9207   210983.3904   206   243979.0000   187326.3333  2360017   23.22%
  15098  9533   235366.4667   128   243979.0000   187530.8525  2429923   23.14%
  15326  9514   202640.7000   115   243979.0000   187757.2846  2420549   23.04%
  15551  9682   236084.0741   151   243979.0000   187967.5121  2461626   22.96%
  15756  9905   232241.0000   153   243979.0000   188389.7000  2512857   22.78%
  16010 10085   202773.7744   154   243979.0000   188468.6500  2545081   22.75%
Elapsed time = 335.85 sec. (93223.07 ticks, tree = 45.00 MB, solutions = 12)
  16300 10397   217389.9549   148   243979.0000   188605.3309  2605711   22.70%
  16583 10490   234356.8485   165   243979.0000   188633.8000  2616673   22.68%
  16855 10820   210539.4421   159   243979.0000   188835.5567  2667988   22.60%
  17107 10794   219020.8140   123   243979.0000   188939.6925  2665494   22.56%
  17368 11118   200731.6570   162   243979.0000   189189.5933  2721166   22.46%
  17634 11314   210937.3636   148   243979.0000   189235.8667  2759678   22.44%
  17900 11848   225085.2500   143   243979.0000   189439.8897  2859364   22.35%
  18137 11947   206197.0095   144   243979.0000   189594.6072  2881213   22.29%
  18370 11976   203408.6419   164   243979.0000   189836.6282  2886150   22.19%
  19233 12940   236381.5722   138   243979.0000   190392.5579  3074719   21.96%
Elapsed time = 382.18 sec. (105645.32 ticks, tree = 53.32 MB, solutions = 12)
* 19280+12573                       243357.0000   190392.5579            21.76%
  20250 13525   237245.5238   161   243357.0000   190862.3909  3213959   21.57%
  21280 14157   225446.6458   147   243357.0000   191363.2056  3329198   21.37%
  22435 14977   203037.8333    98   243357.0000   191848.1104  3478168   21.17%
  23344 16168   227309.7500   129   243357.0000   192395.4739  3685548   20.94%
  24436 16766        cutoff         243357.0000   192790.4062  3803028   20.78%
  25553 17927   234470.5608   150   243357.0000   193293.1660  4011441   20.57%
* 25729 17822      integral     0   240641.0000   193315.0000  3990792   19.67%
  26570 17415   237323.7500   140   240641.0000   193668.5223  4167963   19.52%
  27359 17812   221374.9286   153   240641.0000   194128.2558  4243594   19.33%
  28420 18492   238057.8000    83   240641.0000   194476.4359  4369281   19.18%
  29471 19750   225064.2500   120   240641.0000   194783.6745  4592547   19.06%
Elapsed time = 521.00 sec. (143851.05 ticks, tree = 72.35 MB, solutions = 15)
  30555 20516   233161.8435   158   240641.0000   195148.0714  4742646   18.90%
  31520 21354   217858.0661   145   240641.0000   195500.8500  4910521   18.76%
  32493 21848   212342.9430   176   240641.0000   195823.7952  5008639   18.62%
  33510 22532   230709.8023   152   240641.0000   196154.0000  5139233   18.49%
  34531 23846   217493.0938   125   240641.0000   196526.9218  5408154   18.33%
  35491 24322   218490.8799   196   240641.0000   196841.0236  5498296   18.20%
  35788 24505   227506.7829   193   240641.0000   196841.0236  5534639   18.20%

Performing restart 2

Repeating presolve.
Tried aggregator 1 time.
MIP Presolve eliminated 1049 rows and 95 columns.
Reduced MIP has 15615 rows, 2405 columns, and 60001 nonzeros.
Reduced MIP has 2405 binaries, 0 generals, 0 SOSs, and 0 indicators.
Presolve time = 0.09 sec. (93.22 ticks)
Tried aggregator 1 time.
Reduced MIP has 15615 rows, 2405 columns, and 60001 nonzeros.
Reduced MIP has 2405 binaries, 0 generals, 0 SOSs, and 0 indicators.
Presolve time = 0.05 sec. (45.12 ticks)
Represolve time = 0.19 sec. (176.93 ticks)
  35789     0   164589.2413   192   240641.0000      Cuts: 45  5657470   18.12%
  35789     0   165273.3394   221   240641.0000      Cuts: 35  5657687   18.12%
* 35789+    0                       240379.0000   197037.2692            18.03%
  35789     0   165830.0290   219   240379.0000      Cuts: 60  5657890   18.03%
  35789     0   166441.6767   190   240379.0000      Cuts: 59  5658098   18.03%
  35789     0   166822.7928   186   240379.0000      Cuts: 59  5658217   18.03%
  35789     0   167250.3342   217   240379.0000      Cuts: 59  5658380   18.03%
  35789     0   167479.9612   219   240379.0000      Cuts: 58  5658484   18.03%
  35789     0   167753.6577   212   240379.0000      Cuts: 61  5658616   18.03%

Repeating presolve.
Tried aggregator 1 time.
MIP Presolve eliminated 460 rows and 45 columns.
Reduced MIP has 15155 rows, 2360 columns, and 58206 nonzeros.
Reduced MIP has 2360 binaries, 0 generals, 0 SOSs, and 0 indicators.
Presolve time = 0.07 sec. (74.63 ticks)
Tried aggregator 1 time.
Reduced MIP has 15155 rows, 2360 columns, and 58206 nonzeros.
Reduced MIP has 2360 binaries, 0 generals, 0 SOSs, and 0 indicators.
Presolve time = 0.05 sec. (43.68 ticks)
Represolve time = 0.16 sec. (156.25 ticks)
  35789     0   168213.9389   214   240379.0000      Cuts: 55  5661536   18.03%
  35789     0   168447.2062   214   240379.0000      Cuts: 67  5661636   18.03%
  35789     0   168667.4903   190   240379.0000      Cuts: 55  5661807   18.03%
  35789     0   168919.4835   220   240379.0000      Cuts: 85  5661953   18.03%
  35789     0   169668.6436   213   240379.0000      Cuts: 30  5662205   18.03%
  35789     0   170138.4207   213   240379.0000      Cuts: 73  5662409   18.03%
  35789     0   170333.2263   215   240379.0000      Cuts: 66  5662532   18.03%
  35789     0   170461.6714   217   240379.0000      Cuts: 51  5662632   18.03%
  35789     2   170461.6714   217   240379.0000   197037.2692  5662632   18.03%
  36005   170   212176.8333   121   240379.0000   197037.2692  5710134   18.03%
  36551   539   233802.1449   134   240379.0000   197037.2692  5801707   18.03%
Elapsed time = 678.62 sec. (196544.75 ticks, tree = 1.61 MB, solutions = 16)
  37316  1130   202968.3014   156   240379.0000   197037.2692  5873125   18.03%
  38261  1874   216285.0588   161   240379.0000   197037.2692  5978551   18.03%
  39245  2841   202246.4872   138   240379.0000   197037.2692  6129793   18.03%
  40346  3747   218065.3947   162   240379.0000   197037.2692  6260837   18.03%
  41329  4672   234572.5000   128   240379.0000   197037.2692  6408081   18.03%
  42346  5581   230962.7015   151   240379.0000   197037.2692  6557076   18.03%
  43335  6317   194235.2566   187   240379.0000   197037.2692  6683316   18.03%
  44370  7219   203058.1462   165   240379.0000   197037.2692  6828210   18.03%
  45394  8027   230759.1818   143   240379.0000   197037.2692  6977345   18.03%
  46505  8965   218699.0000    83   240379.0000   197037.2692  7126203   18.03%
Elapsed time = 819.40 sec. (234759.20 ticks, tree = 31.01 MB, solutions = 16)
  47624 10060        cutoff         240379.0000   197037.2692  7299454   18.03%
  48693 11040   237560.5714   122   240379.0000   197037.2692  7470755   18.03%
  49785 11873   233912.5000    75   240379.0000   197037.2692  7613866   18.03%
  50794 12505   223229.8642   154   240379.0000   197037.2692  7724379   18.03%
  51732 13361   239096.0000    68   240379.0000   197284.0833  7885142   17.93%
  52750 14234   240153.3931   138   240379.0000   197917.5283  8055047   17.66%
  53848 14913   224038.7560   143   240379.0000   198346.6477  8182033   17.49%
  54951 15945   230085.0650   165   240379.0000   198638.8942  8363853   17.36%
  56041 16949   231152.8103   125   240379.0000   199124.4532  8542117   17.16%
  57119 17581   229444.5309   136   240379.0000   199492.8716  8656301   17.01%
Elapsed time = 953.74 sec. (272924.94 ticks, tree = 65.98 MB, solutions = 16)
  58175 18683   228506.5647   157   240379.0000   199886.5597  8863286   16.85%
  59258 19565   237678.7000   170   240379.0000   200247.9195  9019357   16.69%
  60239 20364   214534.0694   164   240379.0000   200466.3743  9178972   16.60%
  61248 21210   238160.5556   125   240379.0000   200712.0678  9339907   16.50%
  62348 21741   231708.0421   145   240379.0000   201165.7693  9446391   16.31%
  63407 22605   237735.9923   147   240379.0000   201556.6572  9596050   16.15%
  64463 23567   220594.7368   127   240379.0000   201892.0699  9773324   16.01%
  65581 24396   230833.3261   127   240379.0000   202222.0611  9936701   15.87%
  66657 25350   223211.9060   149   240379.0000   202555.2575 10110487   15.74%
* 67547+25560                       236582.0000   202791.9350            14.28%
  67576 26146        cutoff         236582.0000   202896.1693 10249088   14.24%
Elapsed time = 1090.83 sec. (311105.54 ticks, tree = 94.12 MB, solutions = 17)
  68607 23166   210113.9263   159   236582.0000   203092.2881 10350000   14.16%
  69577 24293   225557.3595   170   236582.0000   203378.9167 10599624   14.03%
  70630 25038   221926.5560   142   236582.0000   203684.3164 10750451   13.91%
  71665 25508   221926.7288   164   236582.0000   203946.6000 10855514   13.79%
  72682 26543   228735.0561   156   236582.0000   204123.0560 11078016   13.72%
  73685 27243   211660.8462   128   236582.0000   204333.6681 11233810   13.63%
  74716 27827   232415.8232   125   236582.0000   204612.5735 11352621   13.51%
  75701 28646   228996.0208   174   236582.0000   204810.0856 11523842   13.43%
  76707 29570        cutoff         236582.0000   205014.1404 11725746   13.34%
  77701 29814   222565.4075   146   236582.0000   205205.4038 11776557   13.26%
Elapsed time = 1228.83 sec. (349280.11 ticks, tree = 101.85 MB, solutions = 17)
  78750 30640   234115.6288   138   236582.0000   205371.2955 11957655   13.19%
  79757 31466   226443.0031   155   236582.0000   205590.4970 12143908   13.10%
  80790 32140   233552.5000   144   236582.0000   205761.5000 12298853   13.03%
  81800 32883   222779.6831   176   236582.0000   205946.7651 12467449   12.95%
  82856 33958   222344.6709   157   236582.0000   206133.3512 12712147   12.87%
  83833 34487   216370.6927   173   236582.0000   206336.9267 12827982   12.78%
  84846 35011        cutoff         236582.0000   206534.2849 12929780   12.70%
  85922 35732        cutoff         236582.0000   206662.8056 13081183   12.65%
  86940 36922   231239.3774   154   236582.0000   206817.0000 13319852   12.58%
  87928 37505        cutoff         236582.0000   206964.0804 13417026   12.52%
Elapsed time = 1372.25 sec. (387456.07 ticks, tree = 192.75 MB, solutions = 17)
  89087 37947        cutoff         236582.0000   207155.0571 13488059   12.44%
  90132 38536   227066.6154   138   236582.0000   207308.7609 13568563   12.37%
  91061 39713   219682.0857   118   236582.0000   207512.9852 13750455   12.29%
  91994 40156   219151.7500   157   236582.0000   207653.5000 13835944   12.23%
  93025 40738   230006.1292   151   236582.0000   207823.9545 13929088   12.16%
  94028 41495   218988.5455   150   236582.0000   207978.4413 14042502   12.09%
  94945 42546   220225.2463   137   236582.0000   208174.3439 14218307   12.01%
  96008 42947   218847.7197   176   236582.0000   208307.5215 14288271   11.95%
  97078 43436   235807.1667    96   236582.0000   208410.9000 14363551   11.91%
  98067 44472   234465.6913   123   236582.0000   208550.8322 14530629   11.85%
Elapsed time = 1534.24 sec. (425654.05 ticks, tree = 805.73 MB, solutions = 17)
  99086 44837   221535.6071   158   236582.0000   208699.9666 14594525   11.79%
 100184 45937   232516.4000   119   236582.0000   208853.4359 14772631   11.72%
 101269 46639   222927.4000   133   236582.0000   208973.8377 14883374   11.67%
 102232 47044   231762.2174   134   236582.0000   209122.9063 14952388   11.61%
 103243 47777   230520.1778   134   236582.0000   209257.2737 15075747   11.55%
 104353 48336   227049.5696   146   236582.0000   209360.4580 15170234   11.51%
 105273 49269   225080.7256   166   236582.0000   209490.6290 15317985   11.45%
 106275 49719   214849.6962   168   236582.0000   209601.1354 15403956   11.40%
 107378 50404        cutoff         236582.0000   209721.5000 15527247   11.35%
 108404 51349   231681.1940   151   236582.0000   209843.4953 15675291   11.30%
Elapsed time = 1699.45 sec. (463822.54 ticks, tree = 1359.40 MB, solutions = 17)
 109373 51904   221174.2907   179   236582.0000   209965.4444 15767853   11.25%
 110417 52553   228731.1667   116   236582.0000   210074.8339 15880836   11.20%
 111548 53331   231622.9446   191   236582.0000   210191.7857 16012230   11.15%
 112540 53919   235414.0000   136   236582.0000   210310.9425 16098313   11.10%
 113520 54658   233877.0000   103   236582.0000   210418.3627 16238476   11.06%
 114573 55061        cutoff         236582.0000   210539.7778 16308645   11.01%
 115547 55692        cutoff         236582.0000   210638.2975 16409172   10.97%
 116481 56622   227963.7727   126   236582.0000   210743.1222 16570055   10.92%
 117550 57164   219202.9717   141   236582.0000   210854.3273 16668644   10.87%
 118699 58037   217005.1581   143   236582.0000   210965.4764 16806717   10.83%
Elapsed time = 1866.39 sec. (502000.93 ticks, tree = 1856.24 MB, solutions = 17)
 119745 58809        cutoff         236582.0000   211063.2173 16918009   10.79%
 120799 59190   219480.8852   152   236582.0000   211152.1147 16983489   10.75%
 121840 60236   232259.6667   114   236582.0000   211259.2247 17160468   10.70%
 122851 60579   233647.4082   162   236582.0000   211342.0000 17218857   10.67%
 123842 61192   232341.0455   144   236582.0000   211432.9051 17321768   10.63%
 124862 62244   234596.3583   159   236582.0000   211529.0952 17501533   10.59%
 125921 62876   231621.7759   132   236582.0000   211626.1795 17599088   10.55%
 126920 63529   226843.2071   146   236582.0000   211740.0339 17699829   10.50%
 127883 63709   233145.9100   143   236582.0000   211813.5012 17740526   10.47%
 128922 64516   228229.6538   160   236582.0000   211914.3625 17883877   10.43%
Elapsed time = 2020.03 sec. (540187.36 ticks, tree = 2324.93 MB, solutions = 17)
Nodefile size = 266.82 MB (161.80 MB after compression)
 129935 65346   231787.8077   143   236582.0000   212002.7754 18033082   10.39%
 130968 65986   228925.1429   139   236582.0000   212082.0020 18140806   10.36%
 131893 66494        cutoff         236582.0000   212157.0977 18231743   10.32%
 132957 67168   222551.6708   162   236582.0000   212234.9639 18370386   10.29%
 134032 67740   228835.9636   153   236582.0000   212318.3718 18463603   10.26%
 135029 68294        cutoff         236582.0000   212405.5185 18565128   10.22%
 136100 69262   233003.5000    70   236582.0000   212505.0047 18731091   10.18%
 137183 69479        cutoff         236582.0000   212592.5000 18773859   10.14%
 138274 70427   235053.8158   156   236582.0000   212684.7475 18937661   10.10%
 139222 70990        cutoff         236582.0000   212755.4812 19032351   10.07%
Elapsed time = 2171.11 sec. (578370.14 ticks, tree = 2890.68 MB, solutions = 17)
Nodefile size = 840.03 MB (512.35 MB after compression)
 140243 71691   235024.0342   157   236582.0000   212860.0000 19166284   10.03%
 141391 72240        cutoff         236582.0000   212957.0000 19259517    9.99%
 142465 72746   218999.4737   134   236582.0000   213044.1667 19347976    9.95%
 143480 73375        cutoff         236582.0000   213113.8553 19437421    9.92%
 144555 74373   229781.0000   108   236582.0000   213198.8810 19621120    9.88%
 145698 74812   228304.8690   140   236582.0000   213278.7871 19698589    9.85%
 146699 75173        cutoff         236582.0000   213365.5000 19764269    9.81%
 147571 76110        cutoff         236582.0000   213440.7203 19932726    9.78%
 148558 76671   232730.4000   103   236582.0000   213539.5625 20040087    9.74%
 149689 77375   225408.7188   131   236582.0000   213601.3469 20172027    9.71%
Elapsed time = 2324.35 sec. (616548.14 ticks, tree = 3372.03 MB, solutions = 17)
Nodefile size = 1315.54 MB (803.42 MB after compression)
 150734 77844   218826.8298   152   236582.0000   213686.4656 20249419    9.68%
 151764 78289   235663.7990   133   236582.0000   213774.4359 20327691    9.64%
 152828 78986   227613.1667   120   236582.0000   213832.8636 20462110    9.62%
 153919 79822   235963.3072   179   236582.0000   213938.8741 20624987    9.57%
 155013 80209   232165.5116   127   236582.0000   214010.8649 20690230    9.54%
 156035 80959   230046.3333    97   236582.0000   214094.5000 20820319    9.51%
 156993 81476   220308.2500   122   236582.0000   214170.7647 20921326    9.47%
 158125 82398   233676.7619   129   236582.0000   214252.5217 21094874    9.44%
 159272 82660   225560.1840   143   236582.0000   214315.0000 21137393    9.41%
 160313 83167   232438.5385   121   236582.0000   214367.3500 21227761    9.39%
Elapsed time = 2478.08 sec. (654731.48 ticks, tree = 3850.86 MB, solutions = 17)
Nodefile size = 1798.45 MB (1099.64 MB after compression)
 161357 84216        cutoff         236582.0000   214441.1316 21429840    9.36%
 162521 84686   231059.0119   135   236582.0000   214507.8462 21511184    9.33%
 163582 85267   228237.7746   182   236582.0000   214568.8378 21616876    9.30%
 164665 85757   232182.3937   145   236582.0000   214640.0000 21707515    9.27%
 165695 86678   223672.1667   133   236582.0000   214701.2800 21869723    9.25%
 166797 87040   236027.0732   139   236582.0000   214789.0000 21946926    9.21%
 167925 87452   220249.4545   139   236582.0000   214859.8045 22025428    9.18%
 169004 88565   226288.7500   108   236582.0000   214923.5740 22216741    9.15%
 170039 89294   223696.2772   144   236582.0000   214997.8466 22352779    9.12%
 171002 89410   236014.1328   172   236582.0000   215045.6783 22372744    9.10%
Elapsed time = 2627.32 sec. (692898.95 ticks, tree = 4252.25 MB, solutions = 17)
Nodefile size = 2192.91 MB (1341.65 MB after compression)
 172051 90380   224189.7252   147   236582.0000   215128.9291 22549184    9.07%
 173074 90637        cutoff         236582.0000   215191.0442 22591390    9.04%
 174143 91304   233883.1121   144   236582.0000   215238.1429 22717169    9.02%
 175284 91714   224848.6923   137   236582.0000   215297.5740 22806820    9.00%
 176443 92451   235471.3522   166   236582.0000   215353.3283 22946359    8.97%
 177446 93131   235419.7059   116   236582.0000   215405.7381 23069726    8.95%
 178477 93575        cutoff         236582.0000   215467.1164 23162068    8.92%
 179554 94439   228680.3333   124   236582.0000   215541.5454 23324980    8.89%
 180722 94947   235160.6144   168   236582.0000   215603.9000 23414888    8.87%
 181748 95675        cutoff         236582.0000   215661.2576 23550435    8.84%
Elapsed time = 2777.55 sec. (731075.23 ticks, tree = 4789.10 MB, solutions = 17)
Nodefile size = 2735.00 MB (1674.50 MB after compression)
 182724 95978   222896.3314   194   236582.0000   215723.6284 23615579    8.82%
 183799 96452   231619.7430   138   236582.0000   215789.4762 23723667    8.79%
 184936 97371   231669.6378   158   236582.0000   215852.9231 23907951    8.76%
 185991 97923        cutoff         236582.0000   215902.2826 24017362    8.74%
 187037 98569        cutoff         236582.0000   215953.0000 24144589    8.72%
 188219 99021   236293.5000    97   236582.0000   216011.2929 24236929    8.69%
 189378 99620        cutoff         236582.0000   216070.8800 24326420    8.67%
 190420 100174        cutoff         236582.0000   216129.5593 24429682    8.64%
 191427 100647        cutoff         236582.0000   216185.9524 24527027    8.62%
 192556 101127   232792.7143   141   236582.0000   216252.1170 24633280    8.59%
Elapsed time = 2925.99 sec. (769265.01 ticks, tree = 5170.81 MB, solutions = 17)
Nodefile size = 3116.96 MB (1908.87 MB after compression)
 193711 102073   226671.2035   163   236582.0000   216314.8214 24817203    8.57%
 194844 102443   234813.6250   134   236582.0000   216376.9462 24885520    8.54%
 195868 102987   223054.5000   118   236582.0000   216429.3881 24999965    8.52%
 196988 103395   222935.5882   131   236582.0000   216486.7032 25075046    8.49%
 198088 104108        cutoff         236582.0000   216541.2144 25218336    8.47%
 199302 104508   231781.9008   145   236582.0000   216594.4789 25293427    8.45%
 200347 105368   228063.8143   132   236582.0000   216638.8437 25449314    8.43%
 201395 106050        cutoff         236582.0000   216682.4337 25593544    8.41%
 202557 106662        cutoff         236582.0000   216741.2778 25718157    8.39%
 203642 107235   230739.0526   113   236582.0000   216801.4557 25822133    8.36%
Elapsed time = 3077.13 sec. (807433.23 ticks, tree = 5701.05 MB, solutions = 17)
Nodefile size = 3645.74 MB (2233.72 MB after compression)
 204591 107402   223867.4118   144   236582.0000   216854.0000 25860412    8.34%
 205711 108127   228853.6250   123   236582.0000   216887.9565 26011373    8.32%
 206874 108590   230616.5227   137   236582.0000   216940.3649 26101594    8.30%
 208042 109371   226670.1515   127   236582.0000   216979.2577 26256694    8.29%
 209171 109860   230789.2286   142   236582.0000   217016.7935 26343678    8.27%
 210214 110561   230463.8621   136   236582.0000   217074.0000 26469596    8.25%
 211329 110817   228562.2778   126   236582.0000   217128.0923 26523481    8.22%
 212424 111360   231943.6667   141   236582.0000   217185.8750 26640042    8.20%
 213620 112271        cutoff         236582.0000   217236.6667 26798494    8.18%
 214679 113024   231686.9545   129   236582.0000   217272.5946 26942874    8.16%
Elapsed time = 3230.48 sec. (845620.58 ticks, tree = 6148.56 MB, solutions = 17)
Nodefile size = 4094.94 MB (2509.72 MB after compression)
Starting limited solution polishing.
 215754 113244   232027.9545   134   236582.0000   217327.6111 26986754    8.14%
 216855 113872   225960.1695   144   236582.0000   217362.7442 27118656    8.12%
 217885 114365   229915.8571   126   236582.0000   217408.0000 27215576    8.10%
 218841 114964   233017.0861   135   236582.0000   217461.7748 27334031    8.08%
 219640 115301   231536.8636   123   236582.0000   217461.7748 27405833    8.08%
 220446 115809   228750.4091   143   236582.0000   217518.7538 27503561    8.06%
 221072 116326        cutoff         236582.0000   217580.2473 27613808    8.03%
 221806 116628   232168.0670   136   236582.0000   217623.3028 27673789    8.01%
 222542 116683        cutoff         236582.0000   217661.7000 27688498    8.00%
 223086 117331   228046.3146   160   236582.0000   217697.7545 27818575    7.98%
Elapsed time = 3353.49 sec. (883815.50 ticks, tree = 6454.77 MB, solutions = 17)
Nodefile size = 4403.24 MB (2698.91 MB after compression)
 223933 117780        cutoff         236582.0000   217732.5455 27908340    7.97%
 224518 118001   225065.4167   155   236582.0000   217747.7058 27957426    7.96%
 225221 118418   234596.5000   128   236582.0000   217778.2486 28044837    7.95%
 225711 118614   233559.3833   134   236582.0000   217784.8603 28081167    7.95%
 226292 118912   236164.8684   154   236582.0000   217813.0029 28144457    7.93%
 226913 119218        cutoff         236582.0000   217849.3898 28215134    7.92%
 227654 119478   218567.3859   178   236582.0000   217887.0811 28266515    7.90%
 228240 119992   226998.8416   144   236582.0000   217933.0625 28367391    7.88%
 229077 120118   234802.1677   167   236582.0000   217946.1120 28391760    7.88%
 229625 120606   232952.7500   120   236582.0000   217977.3305 28483390    7.86%
Elapsed time = 3453.19 sec. (922054.58 ticks, tree = 6711.43 MB, solutions = 17)
Nodefile size = 4656.21 MB (2854.02 MB after compression)
 230084 120706   231136.2925   133   236582.0000   218009.0000 28508337    7.85%
 230740 120980   230067.8250   124   236582.0000   218033.1081 28568444    7.84%
 231237 121386        cutoff         236582.0000   218051.5614 28652288    7.83%
 231859 121621        cutoff         236582.0000   218078.8811 28711298    7.82%
 232326 121755   232955.5556   145   236582.0000   218094.1667 28741140    7.81%
 233034 122066   227586.1165   144   236582.0000   218133.0721 28801508    7.80%
 233540 122384   232135.1250   119   236582.0000   218148.0000 28863335    7.79%
 234313 122898   221308.5799   152   236582.0000   218169.0000 28973754    7.78%
 234859 123034   236144.5583   136   236582.0000   218179.0476 29000304    7.78%
 235370 123450   230047.0873   160   236582.0000   218206.8269 29082005    7.77%
Elapsed time = 3551.32 sec. (960277.38 ticks, tree = 6930.37 MB, solutions = 17)
Nodefile size = 4876.99 MB (2989.80 MB after compression)
 235802 123656   233945.5000   130   236582.0000   218206.8269 29127635    7.77%
 236358 123960   225162.5714   125   236582.0000   218257.2105 29191819    7.75%
 237100 124156   232548.5500   110   236582.0000   218257.2105 29233663    7.75%
 237432 124396   236374.2143   139   236582.0000   218291.0909 29282513    7.73%
 238062 124569   234336.5000    68   236582.0000   218291.0909 29324351    7.73%
 238092 124148   231618.6667   146   236582.0000   218291.0909 29224013    7.73%

Implied bound cuts applied:  1
Zero-half cuts applied:  377
Lift and project cuts applied:  382

Root node processing (before b&c):
  Real time             =   13.56 sec. (5934.87 ticks)
Parallel b&c, 8 threads:
  Real time             = 3588.37 sec. (978502.07 ticks)
  Sync time (average)   =  502.14 sec.
  Wait time (average)   =    0.01 sec.
                          ------------
Total (root+branch&cut) = 3601.92 sec. (984436.94 ticks)
Status: Feasible
Obj: 236582

Instalacoes abertas:
Instalação 1 aberta
Instalação 4 aberta
Instalação 8 aberta
Instalação 9 aberta
Instalação 20 aberta
Instalação 22 aberta
Instalação 47 aberta

Atribuições (cliente -> instalação):
Cliente 0 -> Instalação 47
Cliente 1 -> Instalação 1
Cliente 2 -> Instalação 4
Cliente 3 -> Instalação 20
Cliente 4 -> Instalação 8
Cliente 5 -> Instalação 20
Cliente 6 -> Instalação 8
Cliente 7 -> Instalação 9
Cliente 8 -> Instalação 8
Cliente 9 -> Instalação 8
Cliente 10 -> Instalação 20
Cliente 11 -> Instalação 22
Cliente 12 -> Instalação 20
Cliente 13 -> Instalação 47
Cliente 14 -> Instalação 20
Cliente 15 -> Instalação 8
Cliente 16 -> Instalação 9
Cliente 17 -> Instalação 22
Cliente 18 -> Instalação 4
Cliente 19 -> Instalação 4
Cliente 20 -> Instalação 20
Cliente 21 -> Instalação 9
Cliente 22 -> Instalação 22
Cliente 23 -> Instalação 20
Cliente 24 -> Instalação 1
Cliente 25 -> Instalação 1
Cliente 26 -> Instalação 9
Cliente 27 -> Instalação 20
Cliente 28 -> Instalação 47
Cliente 29 -> Instalação 9
Cliente 30 -> Instalação 4
Cliente 31 -> Instalação 9
Cliente 32 -> Instalação 1
Cliente 33 -> Instalação 47
Cliente 34 -> Instalação 8
Cliente 35 -> Instalação 47
Cliente 36 -> Instalação 4
Cliente 37 -> Instalação 9
Cliente 38 -> Instalação 8
Cliente 39 -> Instalação 4
Cliente 40 -> Instalação 1
Cliente 41 -> Instalação 20
Cliente 42 -> Instalação 9
Cliente 43 -> Instalação 47
Cliente 44 -> Instalação 4
Cliente 45 -> Instalação 4
Cliente 46 -> Instalação 8
Cliente 47 -> Instalação 1
Cliente 48 -> Instalação 8
Cliente 49 -> Instalação 4
