Version identifier: 22.1.1.0 | 2022-11-28 | 9160aff4d
CPXPARAM_TimeLimit                               3600
Found incumbent of value 2078747.000000 after 0.00 sec. (3.33 ticks)
Tried aggregator 1 time.
MIP Presolve eliminated 50 rows and 1 columns.
Reduced MIP has 51500 rows, 3529 columns, and 154400 nonzeros.
Reduced MIP has 3529 binaries, 0 generals, 0 SOSs, and 0 indicators.
Presolve time = 0.08 sec. (68.59 ticks)
Probing time = 0.03 sec. (8.00 ticks)
Tried aggregator 1 time.
Detecting symmetries...
Reduced MIP has 51500 rows, 3529 columns, and 154400 nonzeros.
Reduced MIP has 3529 binaries, 0 generals, 0 SOSs, and 0 indicators.
Presolve time = 0.10 sec. (83.44 ticks)
Probing time = 0.03 sec. (8.09 ticks)
Clique table members: 2500.
MIP emphasis: balance optimality and feasibility.
MIP search method: dynamic search.
Parallel mode: deterministic, using up to 8 threads.
Root relaxation solution time = 0.12 sec. (75.10 ticks)

        Nodes                                         Cuts/
   Node  Left     Objective  IInf  Best Integer    Best Bound    ItCnt     Gap

*     0+    0                      2078747.0000        0.0000           100.00%
*     0+    0                      1415730.0000        0.0000           100.00%
*     0+    0                      1379851.0000        0.0000           100.00%
*     0+    0                      1324151.0000        0.0000           100.00%
      0     0    93774.0000   100  1324151.0000    93774.0000      185   92.92%
*     0+    0                      1323518.0000    93774.0000            92.91%
      0     0   106217.5000   100  1323518.0000    Cuts: 2531      439   91.97%
      0     0   118774.0000    98  1323518.0000    Cuts: 2533      711   91.03%
      0     0   131217.5000    98  1323518.0000 ZeroHalf: 1021     2101   90.09%
*     0+    0                      1134342.0000   131217.5000            88.43%
*     0+    0                      1067601.0000   131217.5000            87.71%
      0     0  -1.00000e+75     0  1067601.0000   131217.5000     2101   87.71%
      0     0   136290.5833   134  1067601.0000 ZeroHalf: 1011     2748   87.23%
      0     0   142471.8354   190  1067601.0000    Cuts: 1010     3799   86.65%
Detecting symmetries...
      0     0   147578.0176   176  1067601.0000     Cuts: 336     4344   86.18%
*     0+    0                       887924.0000   147578.0176            83.38%
      0     0   152133.1905   210   887924.0000     Cuts: 511     5064   82.87%
      0     0   155908.4884   236   887924.0000     Cuts: 317     5683   82.44%
*     0+    0                       766427.0000   155908.4884            79.66%
      0     0   160781.8683   245   766427.0000     Cuts: 416     6502   79.02%
      0     0   163155.7575   210   766427.0000     Cuts: 515     7016   78.71%
      0     0   165292.3701   184   766427.0000     Cuts: 505     7627   78.43%
      0     0   167337.8118   223   766427.0000     Cuts: 174     8093   78.17%
      0     0   169429.0277   201   766427.0000     Cuts: 152     8638   77.89%
      0     0   171897.8187   225   766427.0000     Cuts: 478     9296   77.57%
      0     0   172982.0295   233   766427.0000     Cuts: 123     9638   77.43%
      0     0   174272.9411   233   766427.0000     Cuts: 211    10096   77.26%
      0     0   175506.0528   210   766427.0000     Cuts: 207    10586   77.10%
      0     0   177197.6236   196   766427.0000     Cuts: 380    11075   76.88%
      0     0   179522.5995   194   766427.0000     Cuts: 282    11733   76.58%
      0     0   181104.9455   205   766427.0000     Cuts: 143    12274   76.37%
      0     0   182975.0985   226   766427.0000     Cuts: 204    12831   76.13%
      0     0   184765.0463   220   766427.0000     Cuts: 159    13307   75.89%
      0     0   186077.6462   202   766427.0000     Cuts: 299    13756   75.72%
      0     0   187542.1894   203   766427.0000     Cuts: 183    14298   75.53%
      0     0   188655.5364   198   766427.0000     Cuts: 103    14783   75.39%
      0     0   189715.0336   227   766427.0000     Cuts: 162    15219   75.25%
      0     0   190740.4005   227   766427.0000     Cuts: 115    15550   75.11%
      0     0   192025.6788   198   766427.0000     Cuts: 231    16030   74.95%
      0     0   193341.6128   202   766427.0000     Cuts: 117    16491   74.77%
      0     0   194519.7579   221   766427.0000      Cuts: 89    16974   74.62%
      0     0   195195.6328   225   766427.0000     Cuts: 137    17306   74.53%
      0     0   195962.7671   200   766427.0000     Cuts: 201    17695   74.43%
      0     0   196534.7310   206   766427.0000     Cuts: 116    18055   74.36%
      0     0   197222.6286   193   766427.0000      Cuts: 86    18397   74.27%
      0     0   198128.4825   196   766427.0000     Cuts: 100    18865   74.15%
      0     0   198582.7232   217   766427.0000      Cuts: 90    19135   74.09%
      0     0   198885.8486   233   766427.0000      Cuts: 82    19404   74.05%
      0     0   199313.2126   230   766427.0000     Cuts: 167    19753   73.99%
      0     0   199803.0873   255   766427.0000      Cuts: 71    20065   73.93%
      0     0   200217.6205   252   766427.0000      Cuts: 66    20355   73.88%
      0     0   200646.0687   220   766427.0000     Cuts: 132    20648   73.82%
      0     0   201083.1777   205   766427.0000     Cuts: 188    20913   73.76%
      0     0   201517.4797   202   766427.0000      Cuts: 70    21128   73.71%
      0     0   202184.4833   206   766427.0000      Cuts: 91    21549   73.62%
      0     0   202698.1318   230   766427.0000      Cuts: 80    21874   73.55%
      0     0   202921.8406   225   766427.0000      Cuts: 44    22069   73.52%
      0     0   203183.6439   207   766427.0000     Cuts: 138    22294   73.49%
      0     0   203502.0919   232   766427.0000      Cuts: 37    22573   73.45%
      0     0   204105.0494   233   766427.0000     Cuts: 119    22947   73.37%
      0     0   204597.5457   233   766427.0000      Cuts: 73    23240   73.31%
      0     0   204996.0927   230   766427.0000      Cuts: 57    23472   73.25%
      0     0   205431.3634   224   766427.0000      Cuts: 82    23808   73.20%
      0     0   205713.0986   226   766427.0000      Cuts: 62    24022   73.16%
      0     0   206126.0132   232   766427.0000      Cuts: 62    24374   73.11%
      0     0   206474.2570   237   766427.0000      Cuts: 83    24616   73.06%
      0     0   206763.8978   237   766427.0000      Cuts: 64    24847   73.02%
      0     0   207103.6790   240   766427.0000      Cuts: 79    25106   72.98%
      0     0   207405.6335   228   766427.0000      Cuts: 82    25352   72.94%
      0     0   207609.9875   233   766427.0000      Cuts: 76    25522   72.91%
      0     0   207745.6164   242   766427.0000      Cuts: 73    25700   72.89%
      0     0   208025.8518   226   766427.0000      Cuts: 72    25959   72.86%
      0     0   208201.0210   227   766427.0000      Cuts: 44    26139   72.83%
      0     0   208515.3043   225   766427.0000     Cuts: 117    26376   72.79%
      0     0   208934.2854   227   766427.0000      Cuts: 91    26699   72.74%
      0     0   209284.0101   234   766427.0000      Cuts: 49    26923   72.69%
      0     0   209708.6381   239   766427.0000      Cuts: 50    27095   72.64%
      0     0   210015.7346   231   766427.0000      Cuts: 69    27319   72.60%
      0     0   210095.7218   254   766427.0000      Cuts: 40    27407   72.59%
      0     0   210305.8273   243   766427.0000      Cuts: 34    27546   72.56%
      0     0   210472.6064   233   766427.0000      Cuts: 32    27669   72.54%
      0     0   210745.6476   253   766427.0000  ZeroHalf: 31    27870   72.50%
      0     0   210918.7744   231   766427.0000      Cuts: 60    28010   72.48%
      0     0   211145.7399   222   766427.0000     Cuts: 147    28192   72.45%
      0     0   211453.6999   229   766427.0000      Cuts: 95    28405   72.41%
      0     0   211586.9203   236   766427.0000     Cuts: 138    28560   72.39%
*     0+    0                       744677.0000   211586.9203            71.59%
*     0+    0                       744289.0000   211586.9203            71.57%
      0     0  -1.00000e+75     0   744289.0000   211586.9203    28560   71.57%
Detecting symmetries...
      0     2   211586.9203   236   744289.0000   211586.9203    28560   71.57%
Elapsed time = 47.97 sec. (33888.74 ticks, tree = 0.02 MB, solutions = 11)
      1     3   235152.3372   194   744289.0000   211592.1677    29187   71.57%
      2     4   235458.0988   193   744289.0000   211592.1677    29342   71.57%
      6     7   236523.1205   194   744289.0000   211592.1677    30971   71.57%
     12    12   269100.3223   181   744289.0000   211592.1677    32558   71.57%
     21    17   276497.1554   196   744289.0000   211625.2004    33316   71.57%
     33    18   292997.9673   150   744289.0000   211625.2004    34083   71.57%
     45    35   237815.0225   190   744289.0000   211625.2004    39976   71.57%
     59    42   303532.1182   178   744289.0000   211625.2004    42880   71.57%
     75    65   299588.8687   151   744289.0000   211625.2004    50567   71.57%
    157   129   496749.0000   113   744289.0000   211625.2004    64216   71.57%
Elapsed time = 74.46 sec. (37369.77 ticks, tree = 15.63 MB, solutions = 11)
    252   232   666850.7500    56   744289.0000   211625.2004    83670   71.57%
    386   346   497785.0000    73   744289.0000   211625.2004    98822   71.57%
    535   460   568587.5000    84   744289.0000   211625.2004   115010   71.57%
    682   572   359919.6388   146   744289.0000   211697.7450   131468   71.56%
    748   676   442309.6667   118   744289.0000   211697.7450   145964   71.56%
    867   716   361623.0000   100   744289.0000   211697.7450   158998   71.56%
   1030   859   516595.5000    76   744289.0000   211697.7450   177802   71.56%
   1159  1048   229229.0569   196   744289.0000   211697.7450   200095   71.56%
   1306  1090   242285.5114   189   744289.0000   211697.7450   207248   71.56%
   1389  1200   340952.7666   162   744289.0000   211697.7450   223197   71.56%
Elapsed time = 140.77 sec. (47016.04 ticks, tree = 44.52 MB, solutions = 11)
   1441  1201   269559.1128   186   744289.0000   211697.7450   221040   71.56%
   1513  1344   510219.5000    71   744289.0000   211697.7450   263063   71.56%
   1636  1393   569513.5000    72   744289.0000   211697.7450   274381   71.56%
*  1695  1496      integral     0   743175.0000   211697.7450   288321   71.51%
*  1696  1536      integral     0   732676.0000   211697.7450   296850   71.11%
   1711  1524   313607.6378   184   732676.0000   211697.7450   300640   71.11%
   1771  1536   344902.6751   189   732676.0000   211697.7450   302973   71.11%
   1858  1633   705833.7500    47   732676.0000   211697.7450   318474   71.11%
   1950  1721   574168.5000    81   732676.0000   222232.5485   334730   69.67%
   2060  1752   280735.0074   208   732676.0000   222232.5485   344400   69.67%
   2130  1844   376733.8734   182   732676.0000   222232.5485   356241   69.67%
   2217  1962   408486.1080   186   732676.0000   222232.5485   378701   69.67%
Elapsed time = 208.39 sec. (56644.59 ticks, tree = 56.57 MB, solutions = 13)
   2299  2026   354123.3847   189   732676.0000   222232.5485   392622   69.67%
   2380  2140   529844.5259   160   732676.0000   222232.5485   412110   69.67%
   2444  2200   317743.2311   213   732676.0000   222232.5485   424540   69.67%
   2531  2211   328871.3032   201   732676.0000   222232.5485   426800   69.67%
   2612  2304   359744.8210   186   732676.0000   222232.5485   442125   69.67%
   2693  2408   526231.5824   178   732676.0000   222232.5485   459664   69.67%
   2772  2517   570295.4762   174   732676.0000   222232.5485   477868   69.67%
   2881  2590   411563.5077   187   732676.0000   222232.5485   493240   69.67%
   2979  2725   408723.6108   194   732676.0000   222232.5485   515753   69.67%
   3046  2735   431636.0035   183   732676.0000   222232.5485   518135   69.67%
Elapsed time = 281.53 sec. (66282.20 ticks, tree = 71.56 MB, solutions = 13)
   3117  2778   275172.7822   190   732676.0000   222748.9136   527581   69.60%
   3198  2895   347402.6509   201   732676.0000   222748.9136   546881   69.60%
   3237  2931   380655.5365   159   732676.0000   222748.9136   557260   69.60%

Performing restart 1

Repeating presolve.
Tried aggregator 1 time.
MIP Presolve eliminated 809 rows and 27 columns.
Reduced MIP has 50691 rows, 3502 columns, and 151973 nonzeros.
Reduced MIP has 3502 binaries, 0 generals, 0 SOSs, and 0 indicators.
Presolve time = 0.07 sec. (69.77 ticks)
Tried aggregator 1 time.
Reduced MIP has 50691 rows, 3502 columns, and 151973 nonzeros.
Reduced MIP has 3502 binaries, 0 generals, 0 SOSs, and 0 indicators.
Presolve time = 0.09 sec. (84.95 ticks)
Represolve time = 0.25 sec. (223.91 ticks)
*  3239+    0                       726471.0000   222748.9136            69.34%
   3239     0   211946.1331   241   726471.0000     Cuts: 109   583941   69.34%
   3239     0   212145.6741   237   726471.0000      Cuts: 82   584153   69.34%
   3239     0   212470.7533   239   726471.0000     Cuts: 102   584379   69.34%
   3239     0   212941.7405   242   726471.0000     Cuts: 117   584659   69.34%
   3239     0   213220.8384   245   726471.0000     Cuts: 111   584917   69.34%
   3239     2   213220.8384   245   726471.0000   222748.9136   584917   69.34%
   3240     3   213380.4207   244   726471.0000   222748.9136   585028   69.34%
   3243     6   213643.8548   240   726471.0000   222748.9136   585234   69.34%
   3245     8   214145.4672   236   726471.0000   222748.9136   585673   69.34%
   3248     4   245507.1336   208   726471.0000   222748.9136   585673   69.34%
   3251    12   246348.6097   213   726471.0000   222748.9136   586969   69.34%
   3257    16   241996.9752   209   726471.0000   222748.9136   590756   69.34%
Elapsed time = 428.14 sec. (96011.06 ticks, tree = 0.43 MB, solutions = 14)
   3275    22   215919.9693   229   726471.0000   222748.9136   593067   69.34%
   3300    37   242420.4864   212   726471.0000   222748.9136   601255   69.34%
   3324    47   222635.2559   214   726471.0000   222748.9136   606058   69.34%
   3355    84   251952.9798   199   726471.0000   222748.9136   616627   69.34%
   3401   115   246366.7465   196   726471.0000   222748.9136   627096   69.34%
   3424   113   266582.1030   184   726471.0000   222748.9136   627458   69.34%
   3433    64   255911.6773   233   726471.0000   222748.9136   609977   69.34%
   3452   140   258631.0640   235   726471.0000   222748.9136   632855   69.34%
   3472   202   240915.9022   197   726471.0000   222748.9136   647472   69.34%
   3495   220   254987.0229   169   726471.0000   222748.9136   651237   69.34%
Elapsed time = 530.73 sec. (106008.31 ticks, tree = 11.35 MB, solutions = 14)
   3544   262   253092.4796   179   726471.0000   222748.9136   658915   69.34%
   3567   251   264350.4198   213   726471.0000   222748.9136   658821   69.34%
   3573   292   278401.4776   196   726471.0000   222748.9136   669055   69.34%
   3585   302   288757.9399   177   726471.0000   222748.9136   671031   69.34%
   3614   331   285125.5476   213   726471.0000   222748.9136   674751   69.34%
   3639   349   279651.0755   166   726471.0000   222748.9136   679371   69.34%
   3694   390   306650.9347   195   726471.0000   222748.9136   690649   69.34%
   3721   383   277748.4803   193   726471.0000   222748.9136   687868   69.34%
   3762   407   293524.6069   181   726471.0000   222748.9136   695850   69.34%
   3798   451   300233.5623   183   726471.0000   222748.9136   704469   69.34%
Elapsed time = 639.69 sec. (115894.89 ticks, tree = 13.25 MB, solutions = 14)
   3831   479   283737.1298   194   726471.0000   222748.9136   708084   69.34%
   3877   532   325356.9080   190   726471.0000   222748.9136   720334   69.34%
   3897   534   326600.1754   192   726471.0000   222748.9136   720796   69.34%
   3923   562   322286.5661   176   726471.0000   222748.9136   726653   69.34%
   3959   650   328378.9631   183   726471.0000   222748.9136   740892   69.34%
   3997   637   327597.1122   147   726471.0000   222748.9136   736298   69.34%
   4016   638   330137.8482   188   726471.0000   222748.9136   736494   69.34%
   4059   694   358639.8333   138   726471.0000   222748.9136   748818   69.34%
   4107   767   340458.9296   188   726471.0000   222748.9136   759296   69.34%
   4158   725   355854.4954   163   726471.0000   222748.9136   752212   69.34%
Elapsed time = 753.15 sec. (125661.09 ticks, tree = 13.98 MB, solutions = 14)
   4207   863   323240.8086   172   726471.0000   222748.9136   774802   69.34%
   4271   910   352534.2945   185   726471.0000   222748.9136   780807   69.34%
   4314   964   386585.5128   148   726471.0000   222748.9136   785815   69.34%
   4375   994   361013.2113   195   726471.0000   222748.9136   788227   69.34%
   4433   935   367376.0274   165   726471.0000   222748.9136   783109   69.34%
   4491  1076   344951.9881   181   726471.0000   222748.9136   802707   69.34%
   4520  1083   349418.8493   172   726471.0000   222748.9136   803892   69.34%
   4587  1225   376135.5667   174   726471.0000   222748.9136   816393   69.34%
   4636  1073   375204.0000   143   726471.0000   222748.9136   798244   69.34%
   4682  1210   400455.2500   104   726471.0000   222748.9136   814151   69.34%
Elapsed time = 862.38 sec. (135432.65 ticks, tree = 17.86 MB, solutions = 14)
   4718  1274   370604.2092   171   726471.0000   222748.9136   822690   69.34%
   4755  1450   403168.1667   108   726471.0000   222748.9136   838264   69.34%
   4795  1492   439992.6500   127   726471.0000   222748.9136   842450   69.34%
   4846  1423   393735.2500   118   726471.0000   222748.9136   835664   69.34%
   4898  1517   401903.6579   146   726471.0000   222748.9136   845419   69.34%
   4960  1551   414718.6892   149   726471.0000   222748.9136   848458   69.34%
   5035  1625   464565.2500    84   726471.0000   222748.9136   855170   69.34%
   5101  1678   405903.0000    97   726471.0000   222748.9136   859859   69.34%
   5135  1730   425467.6750   162   726471.0000   222748.9136   865389   69.34%
   5363  1910   433635.6852   167   726471.0000   222748.9136   878945   69.34%
Elapsed time = 991.02 sec. (148024.76 ticks, tree = 21.88 MB, solutions = 14)
   5601  2225   510253.2500    99   726471.0000   222748.9136   899392   69.34%
   5913  2486   584522.1667   105   726471.0000   222748.9136   917317   69.34%
   6328  2679   492267.0000   137   726471.0000   222748.9136   931823   69.34%
   6680  3302   567731.8313   171   726471.0000   222748.9136   962440   69.34%
   7026  3553   299278.0825   148   726471.0000   222748.9136   991873   69.34%
   7305  3726   344859.0365   173   726471.0000   226289.8434  1012122   68.85%

Performing restart 2

Repeating presolve.
Tried aggregator 1 time.
MIP Presolve eliminated 17 rows and 1 columns.
Reduced MIP has 50674 rows, 3501 columns, and 199144 nonzeros.
Reduced MIP has 3501 binaries, 0 generals, 0 SOSs, and 0 indicators.
Presolve time = 0.13 sec. (119.06 ticks)
Tried aggregator 1 time.
Reduced MIP has 50674 rows, 3501 columns, and 199144 nonzeros.
Reduced MIP has 3501 binaries, 0 generals, 0 SOSs, and 0 indicators.
Presolve time = 0.15 sec. (133.94 ticks)
Represolve time = 0.39 sec. (343.41 ticks)
*  7358+    0                       725899.0000   226289.8434            68.83%
   7358     0   214036.8797   257   725899.0000      Cuts: 80  1070857   68.83%
   7358     0   214526.2450   247   725899.0000     Cuts: 114  1071158   68.83%
   7358     0   214919.8731   251   725899.0000     Cuts: 112  1071390   68.83%
   7358     0   215207.9487   249   725899.0000      Cuts: 93  1071557   68.83%
   7358     0   216321.2295   257   725899.0000     Cuts: 119  1072269   68.83%
   7358     0   217659.8975   249   725899.0000     Cuts: 123  1073036   68.83%
   7358     0   218132.6501   250   725899.0000     Cuts: 158  1073330   68.83%
   7358     0   218709.4176   265   725899.0000     Cuts: 130  1073735   68.83%
   7358     0   219143.7707   241   725899.0000     Cuts: 114  1073917   68.83%
   7358     0   219585.9692   249   725899.0000     Cuts: 130  1074203   68.83%
   7358     0   220209.3998   245   725899.0000      Cuts: 89  1074533   68.83%
   7358     2   220209.3998   245   725899.0000   226289.8434  1074533   68.83%
   7426    58   247637.8396   218   725899.0000   226289.8434  1109216   68.83%
   7539   147   359531.9605   119   725899.0000   226289.8434  1152878   68.83%
   7868   407   441034.0000    83   725899.0000   226289.8434  1219756   68.83%
Elapsed time = 1363.99 sec. (207410.55 ticks, tree = 7.50 MB, solutions = 15)
   8288   843   270449.2873   183   725899.0000   226289.8434  1306476   68.83%
   8523  1060   257186.8906   187   725899.0000   227796.9448  1369026   68.62%
   8809  1321   636610.5000    56   725899.0000   227796.9448  1447198   68.62%
   9096  1645   262627.7268   189   725899.0000   227796.9448  1514989   68.62%
   9327  1766   519075.7500    71   725899.0000   227796.9448  1557598   68.62%
   9575  2032   314831.7174   210   725899.0000   227796.9448  1621557   68.62%
   9769  2233   375962.3085   142   725899.0000   240133.1360  1665944   66.92%
   9929  2378   443858.0433   167   725899.0000   240133.1360  1701863   66.92%
  10079  2559   496088.3646   210   725899.0000   240133.1360  1752424   66.92%
  10254  2747   446725.4817   172   725899.0000   240133.1360  1806440   66.92%
Elapsed time = 1725.97 sec. (245737.11 ticks, tree = 25.52 MB, solutions = 15)
  10445  2891   287075.8731   178   725899.0000   240133.1360  1845424   66.92%
  10599  3073   585954.5488   153   725899.0000   240133.1360  1892842   66.92%
  10768  3192   523463.9683   170   725899.0000   240671.3285  1931974   66.85%
  10927  3367   418974.9302   166   725899.0000   240744.2751  1979355   66.84%
  11081  3538   318002.7529   210   725899.0000   242917.0133  2030623   66.54%
  11249  3703   307648.8281   194   725899.0000   242917.0133  2079606   66.54%
  11438  3937   477586.8842   184   725899.0000   242917.0133  2140602   66.54%
  11581  4002   391937.2368   151   725899.0000   242917.0133  2161467   66.54%
  11708  4102   327588.7896   212   725899.0000   242917.0133  2188098   66.54%
  11840  4300   567996.2170   189   725899.0000   242917.0133  2249597   66.54%
Elapsed time = 2075.53 sec. (284014.15 ticks, tree = 36.87 MB, solutions = 15)
  11964  4454   523161.6261   198   725899.0000   242917.0133  2301749   66.54%
  12075  4573   639864.9854   136   725899.0000   242917.0133  2341412   66.54%
  12237  4644   496789.1825   184   725899.0000   242917.0133  2363319   66.54%
  12392  4824   374269.7541   201   725899.0000   243373.0943  2414109   66.47%
  12533  4981   614342.0060   195   725899.0000   243373.0943  2462876   66.47%
  12681  5119   418469.9256   163   725899.0000   243373.0943  2499976   66.47%
  12857  5223   436335.0618   202   725899.0000   243373.0943  2530140   66.47%
  13019  5429   516830.4812   200   725899.0000   244212.4059  2583542   66.36%
  13209  5668   329214.8722   178   725899.0000   244214.1734  2641344   66.36%
  13471  5754   581742.2300   164   725899.0000   244259.5295  2666717   66.35%
Elapsed time = 2420.16 sec. (322429.59 ticks, tree = 57.74 MB, solutions = 15)
  13725  5988   675265.2500    72   725899.0000   244259.5295  2710049   66.35%
  13962  6331   373988.0129   191   725899.0000   244566.1306  2774243   66.31%
  14269  6471   390738.0994   175   725899.0000   244566.1306  2804910   66.31%
  14591  6837   656605.9192   152   725899.0000   244566.1306  2856353   66.31%
  14809  6974   361520.2648   149   725899.0000   244983.4139  2883089   66.25%
  15142  7205   446489.5533   141   725899.0000   245345.0098  2910638   66.20%
  15460  7615   430210.6273   168   725899.0000   245345.0098  2977724   66.20%
* 15508+ 7693                       702833.0000   245345.0098            65.09%
  15760  7905   262948.3921   196   702833.0000   245801.8584  3039073   65.03%
  16015  8108   572672.1603   197   702833.0000   245801.8584  3061472   65.03%
* 16098+ 8271                       702681.0000   246119.1895            64.97%
  16273  8334   586267.7194   143   702681.0000   246119.1895  3092224   64.97%
Elapsed time = 2835.35 sec. (360659.90 ticks, tree = 540.61 MB, solutions = 17)
  16592  8746   664518.4467   127   702681.0000   246119.1895  3142775   64.97%
  16908  8907   271165.6602   187   702681.0000   246119.1895  3162354   64.97%
  17118  9109   473870.9096   153   702681.0000   246119.1895  3189663   64.97%
  17441  9507   390214.8635   174   702681.0000   246119.1895  3243571   64.97%
  17715  9636   389805.1158   216   702681.0000   246119.1895  3261376   64.97%
  18018  9951   309142.1324   206   702681.0000   246893.7815  3299913   64.86%
  18293 10287   362834.2620   172   702681.0000   247361.7444  3342966   64.80%
  18547 10422   559409.2186   140   702681.0000   247361.7444  3361398   64.80%
  18848 10768   635411.6833   161   702681.0000   247361.7444  3407109   64.80%
Starting limited solution polishing.
  19218 11088   288206.0147   198   702681.0000   247742.6403  3450641   64.74%
Elapsed time = 3249.97 sec. (398909.07 ticks, tree = 1399.26 MB, solutions = 17)
  19502 11378   480072.5178   151   702681.0000   247945.5240  3478864   64.71%
  19732 11629   364974.3290   209   702681.0000   248026.0396  3509348   64.70%
  19986 11947   465995.4262   176   702681.0000   248151.4430  3555150   64.69%
  20229 12168   429884.3518   193   702681.0000   248165.6205  3587507   64.68%
  20385 12274   340086.3306   184   702681.0000   248165.6205  3602309   64.68%
* 20420+12242                       693679.0000   248165.6205            64.22%
  20478 12383   475240.2578   169   693679.0000   248165.6205  3617557   64.22%
  20750 12430   665910.0000   132   693679.0000   248196.0368  3638214   64.22%
* 20867+12686                       691487.0000   248196.0368            64.11%
  21061 12611   644826.9651   159   691487.0000   248196.0368  3666211   64.11%
  21321 13014   304303.2317   222   691487.0000   248540.3511  3727161   64.06%
  21523 13384   580796.3750   125   691487.0000   248540.3511  3786808   64.06%
Elapsed time = 3559.90 sec. (437172.80 ticks, tree = 2216.86 MB, solutions = 19)
Nodefile size = 161.81 MB (100.45 MB after compression)
* 21571+12783                       680217.0000   249305.8805            63.35%
  21830 13282   364187.0497   214   680217.0000   249556.6404  3799469   63.31%

Zero-half cuts applied:  295
Lift and project cuts applied:  52

Root node processing (before b&c):
  Real time             =   47.90 sec. (33798.74 ticks)
Parallel b&c, 8 threads:
  Real time             = 3552.98 sec. (410030.56 ticks)
  Sync time (average)   =  605.28 sec.
  Wait time (average)   =    0.02 sec.
                          ------------
Total (root+branch&cut) = 3600.88 sec. (443829.29 ticks)
Status: Feasible
Obj: 680217

Instalacoes abertas:
Instalação 0 aberta
Instalação 1 aberta
Instalação 4 aberta
Instalação 8 aberta
Instalação 9 aberta
Instalação 13 aberta
Instalação 16 aberta
Instalação 19 aberta
Instalação 20 aberta
Instalação 22 aberta
Instalação 25 aberta
Instalação 30 aberta
Instalação 31 aberta
Instalação 39 aberta
Instalação 42 aberta
Instalação 46 aberta
Instalação 47 aberta
Instalação 49 aberta

Atribuições (cliente -> instalação):
Cliente 0 -> Instalação 19
Cliente 1 -> Instalação 16
Cliente 2 -> Instalação 13
Cliente 3 -> Instalação 13
Cliente 4 -> Instalação 20
Cliente 5 -> Instalação 20
Cliente 6 -> Instalação 16
Cliente 7 -> Instalação 19
Cliente 8 -> Instalação 4
Cliente 9 -> Instalação 9
Cliente 10 -> Instalação 9
Cliente 11 -> Instalação 25
Cliente 12 -> Instalação 19
Cliente 13 -> Instalação 13
Cliente 14 -> Instalação 49
Cliente 15 -> Instalação 42
Cliente 16 -> Instalação 9
Cliente 17 -> Instalação 30
Cliente 18 -> Instalação 46
Cliente 19 -> Instalação 1
Cliente 20 -> Instalação 1
Cliente 21 -> Instalação 25
Cliente 22 -> Instalação 49
Cliente 23 -> Instalação 30
Cliente 24 -> Instalação 16
Cliente 25 -> Instalação 16
Cliente 26 -> Instalação 0
Cliente 27 -> Instalação 22
Cliente 28 -> Instalação 0
Cliente 29 -> Instalação 47
Cliente 30 -> Instalação 8
Cliente 31 -> Instalação 25
Cliente 32 -> Instalação 25
Cliente 33 -> Instalação 31
Cliente 34 -> Instalação 9
Cliente 35 -> Instalação 8
Cliente 36 -> Instalação 8
Cliente 37 -> Instalação 39
Cliente 38 -> Instalação 46
Cliente 39 -> Instalação 4
Cliente 40 -> Instalação 31
Cliente 41 -> Instalação 20
Cliente 42 -> Instalação 42
Cliente 43 -> Instalação 30
Cliente 44 -> Instalação 47
Cliente 45 -> Instalação 46
Cliente 46 -> Instalação 8
Cliente 47 -> Instalação 4
Cliente 48 -> Instalação 31
Cliente 49 -> Instalação 49
