Version identifier: 22.1.1.0 | 2022-11-28 | 9160aff4d
CPXPARAM_TimeLimit                               3600
Tried aggregator 1 time.
MIP Presolve eliminated 50 rows and 1 columns.
Reduced MIP has 51500 rows, 3529 columns, and 154400 nonzeros.
Reduced MIP has 3529 binaries, 0 generals, 0 SOSs, and 0 indicators.
Presolve time = 0.08 sec. (68.60 ticks)
Found incumbent of value 4.0567248e+07 after 0.09 sec. (87.87 ticks)
Probing time = 0.02 sec. (7.88 ticks)
Tried aggregator 1 time.
Detecting symmetries...
Reduced MIP has 51500 rows, 3529 columns, and 154400 nonzeros.
Reduced MIP has 3529 binaries, 0 generals, 0 SOSs, and 0 indicators.
Presolve time = 0.09 sec. (83.45 ticks)
Probing time = 0.04 sec. (7.99 ticks)
Clique table members: 2500.
MIP emphasis: balance optimality and feasibility.
MIP search method: dynamic search.
Parallel mode: deterministic, using up to 8 threads.
Root relaxation solution time = 0.14 sec. (76.08 ticks)

        Nodes                                         Cuts/
   Node  Left     Objective  IInf  Best Integer    Best Bound    ItCnt     Gap

*     0+    0                       4.05672e+07        0.0000           100.00%
*     0+    0                       3.07805e+07        0.0000           100.00%
*     0+    0                      1734087.0000        0.0000           100.00%
*     0+    0                      1534886.0000        0.0000           100.00%
      0     0    93774.0000   100  1534886.0000    93774.0000      187   93.89%
*     0+    0                      1365931.0000    93774.0000            93.13%
      0     0   106217.5000   100  1365931.0000    Cuts: 2397      414   92.22%
      0     0   118774.0000    98  1365931.0000    Cuts: 2407      680   91.30%
      0     0   130786.6111   180  1365931.0000 ZeroHalf: 1001     2275   90.43%
*     0+    0                      1186696.0000   130786.6111            88.98%
*     0+    0                      1161733.0000   130786.6111            88.74%
*     0+    0                      1140490.0000   130786.6111            88.53%
*     0+    0                      1099441.0000   130786.6111            88.10%
      0     0  -1.00000e+75     0  1099441.0000   130786.6111     2275   88.10%
*     0+    0                       933082.0000   130786.6111            85.98%
      0     0   137438.9837   186   933082.0000    Cuts: 1461     3497   85.27%
      0     0   143322.8391   186   933082.0000     Cuts: 490     4227   84.64%
Detecting symmetries...
      0     0   148984.9654   220   933082.0000     Cuts: 693     5039   84.03%
*     0+    0                       764196.0000   148984.9654            80.50%
      0     0   154414.8464   213   764196.0000     Cuts: 566     5826   79.79%
      0     0   157706.5552   219   764196.0000     Cuts: 677     6385   79.36%
      0     0   162300.7283   201   764196.0000     Cuts: 570     7118   78.76%
      0     0   164719.3405   196   764196.0000     Cuts: 170     7624   78.45%
      0     0   166895.5569   210   764196.0000     Cuts: 272     8126   78.16%
      0     0   168328.5092   215   764196.0000     Cuts: 162     8529   77.97%
      0     0   170114.3926   181   764196.0000     Cuts: 356     9030   77.74%
      0     0   171565.8890   213   764196.0000     Cuts: 134     9524   77.55%
*     0+    0                       709928.0000   171565.8890            75.83%
      0     0   172306.7477   211   709928.0000     Cuts: 111     9769   75.73%
      0     0   173058.9114   217   709928.0000     Cuts: 279    10138   75.62%
      0     0   173818.5208   217   709928.0000      Cuts: 61    10479   75.52%
      0     0   174523.1474   203   709928.0000     Cuts: 468    10770   75.42%
      0     0   175062.7157   214   709928.0000      Cuts: 57    10960   75.34%
      0     0   175585.2029   210   709928.0000     Cuts: 152    11229   75.27%
      0     0   175919.9238   215   709928.0000      Cuts: 63    11418   75.22%
      0     0   176831.4007   205   709928.0000     Cuts: 103    11710   75.09%
      0     0   177826.8722   215   709928.0000     Cuts: 100    12097   74.95%
      0     0   178746.3474   194   709928.0000     Cuts: 165    12412   74.82%
      0     0   179420.1192   203   709928.0000      Cuts: 89    12634   74.73%
      0     0   180294.9750   200   709928.0000     Cuts: 106    13060   74.60%
      0     0   180870.6780   246   709928.0000     Cuts: 132    13407   74.52%
      0     0   181263.9826   202   709928.0000      Cuts: 58    13616   74.47%
      0     0   181903.8728   215   709928.0000      Cuts: 97    13872   74.38%
      0     0   182581.9931   201   709928.0000     Cuts: 246    14155   74.28%
      0     0   183378.5785   204   709928.0000     Cuts: 182    14530   74.17%
      0     0   184144.9650   210   709928.0000     Cuts: 138    14926   74.06%
      0     0   184630.3619   200   709928.0000     Cuts: 116    15157   73.99%
      0     0   185360.2306   197   709928.0000     Cuts: 129    15473   73.89%
      0     0   186025.6448   212   709928.0000     Cuts: 132    15868   73.80%
      0     0   186655.4287   209   709928.0000     Cuts: 115    16174   73.71%
      0     0   187413.2698   205   709928.0000      Cuts: 84    16530   73.60%
      0     0   187986.7289   226   709928.0000     Cuts: 139    16810   73.52%
      0     0   188687.9281   205   709928.0000     Cuts: 207    17103   73.42%
      0     0   189115.7734   207   709928.0000      Cuts: 75    17336   73.36%
      0     0   189582.5858   209   709928.0000      Cuts: 85    17634   73.30%
      0     0   189984.1940   243   709928.0000      Cuts: 48    17946   73.24%
      0     0   190290.7707   238   709928.0000      Cuts: 53    18141   73.20%
      0     0   190670.4645   208   709928.0000     Cuts: 251    18384   73.14%
      0     0   191476.8024   205   709928.0000      Cuts: 73    18705   73.03%
      0     0   192058.1128   229   709928.0000      Cuts: 96    18982   72.95%
      0     0   192527.7424   203   709928.0000     Cuts: 173    19232   72.88%
      0     0   192930.8394   199   709928.0000      Cuts: 81    19466   72.82%
      0     0   193346.7888   202   709928.0000      Cuts: 53    19694   72.77%
      0     0   193615.1553   242   709928.0000      Cuts: 92    19890   72.73%
      0     0   193916.1615   211   709928.0000     Cuts: 124    20155   72.69%
      0     0   194405.8929   207   709928.0000      Cuts: 78    20424   72.62%
      0     0   195052.3327   226   709928.0000      Cuts: 48    20654   72.53%
      0     0   195540.8122   247   709928.0000     Cuts: 141    20969   72.46%
      0     0   195851.6955   241   709928.0000      Cuts: 48    21164   72.41%
      0     0   196125.7299   219   709928.0000      Cuts: 82    21358   72.37%
      0     0   196336.6750   223   709928.0000      Cuts: 69    21538   72.34%
      0     0   196510.3592   224   709928.0000      Cuts: 49    21728   72.32%
      0     0   196719.9462   243   709928.0000     Cuts: 109    21924   72.29%
      0     0   196900.4060   241   709928.0000      Cuts: 64    22063   72.26%
      0     0   197124.9035   208   709928.0000      Cuts: 92    22192   72.23%
      0     0   197542.4734   239   709928.0000      Cuts: 44    22592   72.17%
      0     0   197998.0168   235   709928.0000      Cuts: 58    22832   72.11%
      0     0   198332.6247   235   709928.0000      Cuts: 69    23067   72.06%
      0     0   198583.7625   201   709928.0000      Cuts: 96    23269   72.03%
      0     0   198894.6663   201   709928.0000      Cuts: 48    23570   71.98%
      0     0   199185.7355   226   709928.0000  ZeroHalf: 55    23823   71.94%
      0     0   199645.7172   233   709928.0000      Cuts: 58    24107   71.88%
      0     0   200043.1265   224   709928.0000      Cuts: 95    24401   71.82%
      0     0   200301.4617   234   709928.0000      Cuts: 81    24584   71.79%
      0     0   200535.2840   260   709928.0000      Cuts: 58    24834   71.75%
      0     0   200627.7159   230   709928.0000      Cuts: 49    24955   71.74%
      0     0   200730.3261   251   709928.0000      Cuts: 31    25073   71.73%
*     0+    0                       709870.0000   200730.3261            71.72%
*     0+    0                       709241.0000   200730.3261            71.70%
      0     0  -1.00000e+75     0   709241.0000   200730.3261    25073   71.70%
Detecting symmetries...
      0     2   200730.3261   251   709241.0000   200730.3261    25073   71.70%
Elapsed time = 40.75 sec. (28097.67 ticks, tree = 0.02 MB, solutions = 14)
      2     4   200818.0065   242   709241.0000   200731.1470    25235   71.70%
      6     5   229081.8500   200   709241.0000   200733.4150    25942   71.70%
     10    11   254246.3883   188   709241.0000   200889.6048    28504   71.68%
     20    17   245608.6302   171   709241.0000   200889.6048    31527   71.68%
     24    20   275576.3783   157   709241.0000   200889.6048    32665   71.68%
     30    29   247616.5501   168   709241.0000   200889.6048    36165   71.68%
*    35+    6                       707881.0000   200889.6048            71.62%
     35    32   247318.7085   166   707881.0000   200889.6048    37998   71.62%
     39    38   249142.1088   164   707881.0000   200889.6048    39948   71.62%
     41    41   262214.2762   163   707881.0000   200889.6048    41288   71.62%
     78    77   328745.5000    91   707881.0000   200889.6048    48052   71.62%
Elapsed time = 61.85 sec. (31655.78 ticks, tree = 1.57 MB, solutions = 14)
    141   135   590598.6000    83   707881.0000   200889.6048    51857   71.62%
    241   211   389970.7500   115   707881.0000   200999.7385    59241   71.61%
    339   251   233657.8972   188   707881.0000   201388.3044    65949   71.55%
    413   364   690892.5000    29   707881.0000   201388.3044    78833   71.55%
    482   425   290607.7685   173   707881.0000   201388.3044    95426   71.55%
    556   458   248787.4740   188   707881.0000   201388.3044   107205   71.55%
    702   542   501917.0000    70   707881.0000   201388.3044   119986   71.55%
*   803   595      integral     0   689055.0000   201388.3044   125452   70.77%
    867   656   601398.0000    56   689055.0000   201388.3044   133861   70.77%
   1019   856   574892.0000    72   689055.0000   201388.3044   150983   70.77%
*  1109+  939                       675875.0000   201388.3044            70.20%
   1141   942   678586.7500    56   675875.0000   201388.3044   161589   70.20%
Elapsed time = 132.07 sec. (41265.04 ticks, tree = 166.66 MB, solutions = 18)
   1232  1054   250562.0191   206   675875.0000   201388.3044   183150   70.20%
*  1286  1111      integral     0   669893.0000   201388.3044   186490   69.94%
   1301  1141   263837.5569   193   669893.0000   201388.3044   195872   69.94%
   1358  1178   245574.5747   206   669893.0000   201388.3044   201878   69.94%
   1441  1210   374097.9394   139   669893.0000   201388.3044   210872   69.94%
   1584  1297   334727.9967   191   669893.0000   201388.3044   224436   69.94%
   1736  1391   362512.0883   142   669893.0000   201388.3044   241258   69.94%

Performing restart 1

Repeating presolve.
Tried aggregator 1 time.
MIP Presolve eliminated 987 rows and 33 columns.
Reduced MIP has 50513 rows, 3496 columns, and 151439 nonzeros.
Reduced MIP has 3496 binaries, 0 generals, 0 SOSs, and 0 indicators.
Presolve time = 0.07 sec. (69.61 ticks)
Tried aggregator 1 time.
Reduced MIP has 50513 rows, 3496 columns, and 151439 nonzeros.
Reduced MIP has 3496 binaries, 0 generals, 0 SOSs, and 0 indicators.
Presolve time = 0.09 sec. (84.65 ticks)
Represolve time = 0.26 sec. (224.23 ticks)
*  1758+    0                       653245.0000   201388.3044            69.17%
   1758     0   201155.4659   245   653245.0000     Cuts: 160   267885   69.17%
   1758     0   201681.9659   236   653245.0000     Cuts: 104   268292   69.13%
   1758     0   202152.4852   241   653245.0000     Cuts: 132   268616   69.05%
*  1758+    0                       653026.0000   202152.4852            69.04%
*  1758+    0                       652699.0000   202152.4852            69.03%
   1758     0  -1.00000e+75     0   652699.0000   202152.4852   268616   69.03%
*  1758+    0                       652660.0000   202152.4852            69.03%
   1758     0   202580.0539   262   652660.0000     Cuts: 104   268993   68.96%
   1758     0   202896.4541   262   652660.0000     Cuts: 115   269366   68.91%
   1758     0   203207.6529   258   652660.0000     Cuts: 132   269657   68.86%
   1758     0   203744.1179   258   652660.0000     Cuts: 160   270048   68.78%
   1758     0   204182.6100   233   652660.0000     Cuts: 112   270480   68.72%
   1758     0   204665.8452   234   652660.0000     Cuts: 128   270894   68.64%
   1758     0   205235.7766   233   652660.0000     Cuts: 138   271173   68.55%
   1758     0   205938.9433   230   652660.0000      Cuts: 81   271597   68.45%
   1758     0   206397.9743   249   652660.0000     Cuts: 101   272058   68.38%
   1758     0   206752.1613   269   652660.0000     Cuts: 102   272333   68.32%
   1758     0   207214.6348   262   652660.0000      Cuts: 82   272665   68.25%
   1758     0   207386.0300   265   652660.0000      Cuts: 87   272899   68.22%
   1758     0   207736.9896   264   652660.0000      Cuts: 80   273212   68.17%
   1758     0   208142.4639   270   652660.0000      Cuts: 94   273558   68.11%
   1758     0   208899.6225   269   652660.0000     Cuts: 105   273874   67.99%
   1758     0   209150.2085   262   652660.0000      Cuts: 74   274127   67.95%
   1758     0   209451.4970   274   652660.0000     Cuts: 127   274432   67.91%
   1758     0   209744.3862   278   652660.0000     Cuts: 104   274662   67.86%
   1758     0   210179.2804   268   652660.0000      Cuts: 61   274941   67.80%
   1758     0   210554.1037   267   652660.0000      Cuts: 52   275175   67.74%
   1758     0   210833.0119   268   652660.0000      Cuts: 74   275433   67.70%
   1758     0   211041.3223   272   652660.0000      Cuts: 82   275625   67.66%
   1758     0   211226.2156   269   652660.0000      Cuts: 73   275858   67.64%
   1758     0   211361.5428   273   652660.0000      Cuts: 98   276037   67.62%
   1758     0   211643.5837   245   652660.0000      Cuts: 55   276281   67.57%
   1758     0   211841.1346   243   652660.0000      Cuts: 71   276457   67.54%
   1758     0   212066.3086   255   652660.0000      Cuts: 79   276680   67.51%
   1758     0   212271.2333   272   652660.0000      Cuts: 91   276926   67.48%
   1758     0   212602.5842   243   652660.0000      Cuts: 62   277133   67.43%
   1758     0   212891.7018   275   652660.0000      Cuts: 90   277410   67.38%
   1758     0   213254.5188   246   652660.0000      Cuts: 58   277723   67.33%
   1758     0   213735.0384   264   652660.0000      Cuts: 97   278079   67.25%
   1758     0   214310.3975   261   652660.0000     Cuts: 152   278359   67.16%
   1758     0   214840.5248   265   652660.0000      Cuts: 75   278759   67.08%
   1758     0   215214.5478   266   652660.0000      Cuts: 66   279009   67.03%
   1758     0   215429.0057   265   652660.0000      Cuts: 66   279234   66.99%
   1758     0   215750.6011   250   652660.0000     Cuts: 100   279599   66.94%
   1758     0   215972.8895   249   652660.0000      Cuts: 98   279831   66.91%
   1758     0   216146.1320   267   652660.0000  ZeroHalf: 76   279995   66.88%
   1758     0   216300.2884   244   652660.0000      Cuts: 82   280180   66.86%
   1758     0   216500.8958   238   652660.0000      Cuts: 47   280368   66.83%
   1758     0   216940.2973   242   652660.0000      Cuts: 97   280691   66.76%
   1758     0   218805.9997   235   652660.0000      Cuts: 87   281338   66.47%
   1758     0   220736.5763   236   652660.0000     Cuts: 171   282022   66.18%
   1758     0   221818.2058   263   652660.0000     Cuts: 103   282531   66.01%
   1758     0   222574.9214   264   652660.0000     Cuts: 111   282979   65.90%
   1758     0   223257.6554   239   652660.0000      Cuts: 81   283260   65.79%
   1758     0   223518.4005   266   652660.0000      Cuts: 47   283428   65.75%
   1758     0   223908.9702   268   652660.0000      Cuts: 71   283711   65.69%
   1758     0   224134.5593   264   652660.0000      Cuts: 54   283891   65.66%
   1758     0   224317.0172   268   652660.0000      Cuts: 45   284051   65.63%
   1758     0   224506.3924   247   652660.0000      Cuts: 64   284236   65.60%
   1758     0   224800.8577   236   652660.0000      Cuts: 42   284500   65.56%
   1758     0   225028.7551   236   652660.0000  ZeroHalf: 56   284690   65.52%
   1758     0   225450.0447   246   652660.0000      Cuts: 69   285009   65.46%
   1758     0   225690.6461   249   652660.0000      Cuts: 75   285208   65.42%
   1758     0   226046.3623   240   652660.0000      Cuts: 56   285480   65.37%
   1758     0   226301.8507   243   652660.0000      Cuts: 75   285733   65.33%
   1758     0   226494.0861   251   652660.0000      Cuts: 60   285953   65.30%
   1758     0   226635.8400   250   652660.0000      Cuts: 33   286043   65.28%
   1758     0   226865.8291   245   652660.0000      Cuts: 54   286228   65.24%
   1758     0   227093.1955   244   652660.0000      Cuts: 78   286438   65.20%
   1758     0   227263.2087   247   652660.0000      Cuts: 79   286632   65.18%
   1758     0   227390.4250   250   652660.0000      Cuts: 26   286769   65.16%
   1758     0   227495.7432   253   652660.0000      Cuts: 30   286896   65.14%
   1758     0   227596.2826   256   652660.0000      Cuts: 59   287039   65.13%
   1758     0   227757.6484   249   652660.0000  ZeroHalf: 24   287220   65.10%
   1758     0   227940.0120   251   652660.0000      Cuts: 69   287368   65.08%
   1758     0   228081.5417   256   652660.0000  ZeroHalf: 42   287518   65.05%
   1758     0   228183.9558   250   652660.0000      Cuts: 33   287651   65.04%
   1758     2   228183.9558   250   652660.0000   228183.9558   287651   65.04%
   1759     3   228318.3643   237   652660.0000   228318.3705   287819   65.02%
   1762     6   228545.5912   237   652660.0000   228546.4395   288085   64.98%
   1765     4   245370.2928   206   652660.0000   228685.6178   288544   64.96%
Elapsed time = 332.95 sec. (108359.05 ticks, tree = 0.02 MB, solutions = 23)
   1769    13   246639.4752   196   652660.0000   228685.6178   292565   64.96%
   1777     9   229267.1010   261   652660.0000   229269.6955   289201   64.87%
   1786    23   258218.7741   205   652660.0000   231584.1942   297746   64.52%
   1797    23   250282.1876   231   652660.0000   231584.1942   298964   64.52%
   1838    40   252216.1428   220   652660.0000   231584.1942   305170   64.52%
   1904    62   251489.9122   225   652660.0000   231584.1942   319650   64.52%
   1920   126   256125.7290   209   652660.0000   231584.1942   334861   64.52%
   1973   172   256944.3471   209   652660.0000   231584.1942   340495   64.52%
   2043   208   240885.3610   222   652660.0000   231584.1942   345035   64.52%
   2108   268   261890.9950   192   652660.0000   231584.1942   353772   64.52%
Elapsed time = 437.24 sec. (118956.42 ticks, tree = 1.54 MB, solutions = 23)
   2143   289   250855.6967   203   652660.0000   231584.1942   356730   64.52%
   2186   392   266779.1503   187   652660.0000   231584.1942   374928   64.52%
   2231   403   272450.4362   210   652660.0000   231584.1942   376429   64.52%
   2279   435   274805.7563   182   652660.0000   231584.1942   382038   64.52%
   2325   486   275823.5954   198   652660.0000   231584.1942   394096   64.52%
   2349   480   276979.3262   191   652660.0000   231584.1942   392851   64.52%
   2354   542   303942.0564   162   652660.0000   231584.1942   402696   64.52%
   2380   576   294071.5320   172   652660.0000   231584.1942   410803   64.52%
   2410   610   291843.9319   192   652660.0000   231584.1942   419124   64.52%
   2437   642   286548.5508   163   652660.0000   231584.1942   426701   64.52%
Elapsed time = 544.47 sec. (129292.97 ticks, tree = 4.01 MB, solutions = 23)
   2464   610   280318.9203   217   652660.0000   231584.1942   418215   64.52%
   2495   692   265841.0340   223   652660.0000   231584.1942   436267   64.52%
   2534   709   271284.0704   201   652660.0000   231584.1942   438103   64.52%
   2556   735   292710.5762   218   652660.0000   231584.1942   445354   64.52%
   2588   758   283641.4630   206   652660.0000   231584.1942   448956   64.52%
   2618   804   303128.0709   189   652660.0000   231584.1942   455936   64.52%
   2638   685   320728.3358   230   652660.0000   231584.1942   437328   64.52%
   2663   831   290290.1243   217   652660.0000   231584.1942   460937   64.52%
   2707   842   295875.4532   229   652660.0000   231584.1942   462469   64.52%
   2766   934   299127.5069   209   652660.0000   231584.1942   479621   64.52%
Elapsed time = 646.27 sec. (138983.13 ticks, tree = 14.20 MB, solutions = 23)
   2840   909   305915.9019   181   652660.0000   231584.1942   473984   64.52%
   2885   976   294286.5489   183   652660.0000   231584.1942   487503   64.52%
   2937   928   310258.5340   182   652660.0000   231584.1942   479404   64.52%
   2970  1043   308623.8796   231   652660.0000   231584.1942   494726   64.52%
   3010  1198   336152.8341   185   652660.0000   231584.1942   516443   64.52%
   3062  1220   317694.0926   202   652660.0000   231584.1942   520197   64.52%
   3138  1185   293267.1632   200   652660.0000   231584.1942   515712   64.52%
   3163  1238   330838.9778   220   652660.0000   231584.1942   524215   64.52%
   3214  1365   333981.2352   196   652660.0000   231584.1942   540636   64.52%
   3264  1308   348599.8442   224   652660.0000   231584.1942   532871   64.52%
Elapsed time = 754.38 sec. (148781.96 ticks, tree = 17.39 MB, solutions = 23)
   3299  1380   336235.4952   183   652660.0000   231584.1942   542905   64.52%
   3340  1446   321914.6702   214   652660.0000   231584.1942   553424   64.52%
   3384  1577   317690.2886   177   652660.0000   231584.1942   571562   64.52%
   3422  1587   322376.0681   179   652660.0000   231584.1942   573197   64.52%
   3454  1622   336358.7411   185   652660.0000   231584.1942   578189   64.52%
   3496  1674   332448.6160   185   652660.0000   231584.1942   589847   64.52%
   3559  1638   342634.2003   194   652660.0000   231584.1942   579719   64.52%
   3587  1693   340198.1984   179   652660.0000   231584.1942   592413   64.52%
   3633  1717   356825.6441   184   652660.0000   231584.1942   597367   64.52%
   3694  1846   334037.9574   195   652660.0000   231584.1942   611109   64.52%
Elapsed time = 867.20 sec. (158528.29 ticks, tree = 24.45 MB, solutions = 23)
   3763  1841   346644.8523   205   652660.0000   231584.1942   609437   64.52%
   3842  2013   346787.4808   211   652660.0000   231584.1942   626685   64.52%
   3888  1995   353858.9610   199   652660.0000   231584.1942   626085   64.52%
   3981  2012   364310.4228   189   652660.0000   231584.1942   627147   64.52%
   4051  2168   366244.8378   229   652660.0000   231584.1942   637814   64.52%
   4139  2227   350037.8973   192   652660.0000   231584.1942   642641   64.52%
   4210  2155   401495.4082   191   652660.0000   231584.1942   637568   64.52%
   4272  2295   369571.8335   194   652660.0000   231584.1942   649645   64.52%
   4336  2373   384086.3866   188   652660.0000   231584.1942   657081   64.52%
   4388  2472   380600.6587   181   652660.0000   231584.1942   661220   64.52%
Elapsed time = 977.39 sec. (168179.66 ticks, tree = 233.81 MB, solutions = 23)
   4435  2465   411202.7940   172   652660.0000   231584.1942   659910   64.52%
   4488  2646   366004.6448   200   652660.0000   231584.1942   675808   64.52%
   4524  2680   389045.7829   158   652660.0000   231584.1942   679903   64.52%
   4587  2725   388923.0239   192   652660.0000   231584.1942   682870   64.52%
   4633  2699   403021.2535   186   652660.0000   231584.1942   681154   64.52%
   4692  2741   402671.0298   172   652660.0000   231584.1942   684904   64.52%
   4752  2794   377184.4022   174   652660.0000   231584.1942   688584   64.52%
   4803  2912   429676.9211   173   652660.0000   231584.1942   696133   64.52%
   4881  2990   530095.2376   179   652660.0000   231584.1942   699938   64.52%
   5216  3279   453817.9390   157   652660.0000   231584.1942   717481   64.52%
Elapsed time = 1116.95 sec. (180713.74 ticks, tree = 553.73 MB, solutions = 23)
   5553  3595   461731.1667   131   652660.0000   231584.1942   735514   64.52%
   5904  3804   581684.1669   147   652660.0000   231584.1942   743853   64.52%
*  6169+ 3953                       652541.0000   231584.1942            64.51%
   6288  4345   517421.9522   180   652541.0000   231584.1942   765624   64.51%
   6621  4685   538465.4167   114   652541.0000   234415.1070   787844   64.08%
   6989  4970   520931.6607   163   652541.0000   234992.9639   813179   63.99%
   7361  5077   403681.5938   161   652541.0000   236499.2280   829321   63.76%
   7742  5729   603802.0000    92   652541.0000   236499.2280   874941   63.76%
   8087  5916   577315.4129   177   652541.0000   237358.2289   900217   63.63%
   8497  6506   649610.0000    62   652541.0000   237358.2289   958025   63.63%
   8852  6820   315989.6924   185   652541.0000   238595.8977   998678   63.44%
Elapsed time = 1542.02 sec. (218897.01 ticks, tree = 1862.80 MB, solutions = 24)
   9213  7134   558982.0000    93   652541.0000   238595.8977  1033194   63.44%
   9558  7216   300509.5283   205   652541.0000   238728.7632  1048606   63.42%
   9884  7714   314378.3177   211   652541.0000   238728.7632  1105410   63.42%
  10291  7976   342978.8400   233   652541.0000   238728.7632  1136408   63.42%
  10602  8307   305312.7595   214   652541.0000   240950.3585  1170110   63.08%
  10999  8732   345193.6377   207   652541.0000   241769.2230  1206496   62.95%
  11315  9199   307180.8827   210   652541.0000   242810.5781  1252082   62.79%
  11736  9505   337109.7859   193   652541.0000   243327.6437  1284397   62.71%
  12102  9943   394288.4782   220   652541.0000   243747.4975  1318188   62.65%
  12465 10288   439783.3864   232   652541.0000   244343.3553  1352228   62.56%
Elapsed time = 1949.78 sec. (257145.29 ticks, tree = 3074.05 MB, solutions = 24)
Nodefile size = 1020.11 MB (627.92 MB after compression)
  12849 10529   262038.1925   209   652541.0000   245413.5036  1374054   62.39%
  13231 10995   421286.7506   226   652541.0000   245765.4014  1414282   62.34%
  13612 11279   358191.1393   207   652541.0000   246472.0791  1444422   62.23%
  13977 11906   452407.5106   195   652541.0000   246558.1829  1500669   62.22%
  14358 12101   434406.7715   200   652541.0000   246558.1829  1515887   62.22%
  14664 12438   417120.6607   229   652541.0000   246775.9788  1551941   62.18%
  15047 12918   413844.9653   196   652541.0000   246869.7776  1599533   62.17%
  15383 12896   387638.3970   241   652541.0000   246929.3137  1598378   62.16%
  15727 13275   427009.3211   206   652541.0000   247091.1835  1628732   62.13%
  16111 13849   387694.9723   220   652541.0000   247415.5062  1686459   62.08%
Elapsed time = 2364.91 sec. (295347.46 ticks, tree = 3545.76 MB, solutions = 24)
Nodefile size = 1479.44 MB (911.72 MB after compression)
  16534 14037   627707.5000    59   652541.0000   247449.2037  1709366   62.08%
  16856 14609   612223.5000    51   652541.0000   247535.3081  1766587   62.07%
  17183 14950   578361.7042   139   652541.0000   247846.0920  1807624   62.02%
  17467 15184   625906.0000    54   652541.0000   247952.8162  1834852   62.00%
  17766 15467   296600.6972   183   652541.0000   247952.8162  1870155   62.00%
  18089 15555   407765.6288   268   652541.0000   247952.8162  1877823   62.00%
  18424 16161   400300.5057   218   652541.0000   247952.8162  1933863   62.00%
  18821 16249   330390.2368   220   652541.0000   248130.6485  1942627   61.97%
  19103 16773   380530.7644   231   652541.0000   248130.6485  1976903   61.97%
  19458 16993   328203.1793   208   652541.0000   248277.8890  1998137   61.95%
Elapsed time = 2728.72 sec. (333556.47 ticks, tree = 4634.39 MB, solutions = 24)
Nodefile size = 2560.54 MB (1583.80 MB after compression)
  19893 17599   449047.3530   239   652541.0000   248277.8890  2055452   61.95%
  20291 17727   397835.8409   230   652541.0000   248420.0023  2069784   61.93%
  20580 18408   278551.8446   185   652541.0000   248806.7812  2127251   61.87%
  20858 18565   323160.9298   234   652541.0000   248806.7812  2146561   61.87%
  21225 19008   354147.5911   235   652541.0000   248881.7829  2199684   61.86%
  21589 19122   281287.5441   204   652541.0000   248881.7829  2208539   61.86%
  21902 19721   391857.5233   215   652541.0000   248881.7829  2264389   61.86%
  22197 20026   307379.4222   197   652541.0000   249046.3369  2303406   61.83%
  22485 20135   411503.9200   188   652541.0000   249094.3483  2313813   61.83%
  22856 20467   441530.6934   214   652541.0000   249094.3483  2347736   61.83%
Elapsed time = 3089.91 sec. (371770.90 ticks, tree = 5152.85 MB, solutions = 24)
Nodefile size = 3073.36 MB (1900.32 MB after compression)
  23204 20605   425576.9917   238   652541.0000   249178.8661  2365437   61.81%
  23558 20788   428152.6722   218   652541.0000   249353.0865  2387413   61.79%
  23888 21673   490697.5000    77   652541.0000   249424.7272  2472605   61.78%
  24306 21564   611249.7500    96   652541.0000   249434.1366  2460649   61.77%
Starting limited solution polishing.
* 24569+22101                       652041.0000   249434.1366            61.75%
  24632 21900   414926.7772   120   652041.0000   249434.1366  2500835   61.75%
  24966 22566   569642.8333   102   652041.0000   249896.7215  2569904   61.67%
  25351 22942   427634.0194   160   652041.0000   249896.7215  2621125   61.67%
  25763 23337   315951.1296   233   652041.0000   250023.1040  2657480   61.66%
  25975 23468   440181.9674   213   652041.0000   250023.1040  2668050   61.66%
  26206 23769   322864.8786   255   652041.0000   250023.1040  2695444   61.66%
Elapsed time = 3405.85 sec. (409993.14 ticks, tree = 6243.83 MB, solutions = 25)
Nodefile size = 4170.69 MB (2585.37 MB after compression)
  26468 23996   471015.5067   226   652041.0000   250036.0962  2718570   61.65%
* 26718+24077                       650466.0000   250147.1611            61.54%
  26735 24376   401091.6056   237   650466.0000   250147.1611  2748947   61.54%
  27017 24514   377669.2163   252   650466.0000   250147.1611  2760642   61.54%
  27280 24600   428123.6337   198   650466.0000   250188.6521  2767226   61.54%
  27449 25118   360352.8640   238   650466.0000   250188.6521  2818808   61.54%
* 27482+24623                       649283.0000   250188.6521            61.47%
  27670 25231   400491.0930   275   649283.0000   250188.6521  2828625   61.47%
  28026 25331   487221.6539   211   649283.0000   250204.5145  2835243   61.46%
* 28047+25330                       643446.0000   250204.5145            61.11%
* 28129+25428                       642250.0000   250204.5145            61.04%
  28204 25738   279026.1397   200   642250.0000   250204.5145  2893978   61.04%
  28494 25777   473636.0500   143   642250.0000   250204.5145  2899247   61.04%

Implied bound cuts applied:  109
Zero-half cuts applied:  494
Lift and project cuts applied:  17
Gomory fractional cuts applied:  1

Root node processing (before b&c):
  Real time             =   40.68 sec. (28009.10 ticks)
Parallel b&c, 8 threads:
  Real time             = 3560.71 sec. (420163.21 ticks)
  Sync time (average)   =  668.99 sec.
  Wait time (average)   =    0.01 sec.
                          ------------
Total (root+branch&cut) = 3601.39 sec. (448172.32 ticks)
Status: Feasible
Obj: 642250

Instalacoes abertas:
Instalação 0 aberta
Instalação 1 aberta
Instalação 4 aberta
Instalação 8 aberta
Instalação 9 aberta
Instalação 11 aberta
Instalação 13 aberta
Instalação 16 aberta
Instalação 18 aberta
Instalação 19 aberta
Instalação 20 aberta
Instalação 22 aberta
Instalação 25 aberta
Instalação 30 aberta
Instalação 31 aberta
Instalação 47 aberta
Instalação 49 aberta

Atribuições (cliente -> instalação):
Cliente 0 -> Instalação 8
Cliente 1 -> Instalação 1
Cliente 2 -> Instalação 30
Cliente 3 -> Instalação 19
Cliente 4 -> Instalação 8
Cliente 5 -> Instalação 20
Cliente 6 -> Instalação 4
Cliente 7 -> Instalação 16
Cliente 8 -> Instalação 1
Cliente 9 -> Instalação 9
Cliente 10 -> Instalação 22
Cliente 11 -> Instalação 11
Cliente 12 -> Instalação 13
Cliente 13 -> Instalação 25
Cliente 14 -> Instalação 0
Cliente 15 -> Instalação 1
Cliente 16 -> Instalação 19
Cliente 17 -> Instalação 13
Cliente 18 -> Instalação 18
Cliente 19 -> Instalação 47
Cliente 20 -> Instalação 0
Cliente 21 -> Instalação 49
Cliente 22 -> Instalação 13
Cliente 23 -> Instalação 13
Cliente 24 -> Instalação 22
Cliente 25 -> Instalação 22
Cliente 26 -> Instalação 8
Cliente 27 -> Instalação 31
Cliente 28 -> Instalação 49
Cliente 29 -> Instalação 9
Cliente 30 -> Instalação 30
Cliente 31 -> Instalação 25
Cliente 32 -> Instalação 31
Cliente 33 -> Instalação 20
Cliente 34 -> Instalação 4
Cliente 35 -> Instalação 49
Cliente 36 -> Instalação 0
Cliente 37 -> Instalação 4
Cliente 38 -> Instalação 47
Cliente 39 -> Instalação 18
Cliente 40 -> Instalação 18
Cliente 41 -> Instalação 16
Cliente 42 -> Instalação 0
Cliente 43 -> Instalação 30
Cliente 44 -> Instalação 9
Cliente 45 -> Instalação 20
Cliente 46 -> Instalação 20
Cliente 47 -> Instalação 19
Cliente 48 -> Instalação 25
Cliente 49 -> Instalação 47
