Version identifier: 22.1.1.0 | 2022-11-28 | 9160aff4d
CPXPARAM_TimeLimit                               3600
Tried aggregator 1 time.
MIP Presolve eliminated 50 rows and 1 columns.
Reduced MIP has 45400 rows, 3407 columns, and 136100 nonzeros.
Reduced MIP has 3407 binaries, 0 generals, 0 SOSs, and 0 indicators.
Presolve time = 0.07 sec. (61.35 ticks)
Found incumbent of value 3.6302520e+07 after 0.09 sec. (78.42 ticks)
Probing time = 0.09 sec. (7.52 ticks)
Tried aggregator 1 time.
Detecting symmetries...
Reduced MIP has 45400 rows, 3407 columns, and 136100 nonzeros.
Reduced MIP has 3407 binaries, 0 generals, 0 SOSs, and 0 indicators.
Presolve time = 0.09 sec. (74.51 ticks)
Probing time = 0.05 sec. (7.70 ticks)
Clique table members: 2500.
MIP emphasis: balance optimality and feasibility.
MIP search method: dynamic search.
Parallel mode: deterministic, using up to 8 threads.
Root relaxation solution time = 0.11 sec. (66.93 ticks)

        Nodes                                         Cuts/
   Node  Left     Objective  IInf  Best Integer    Best Bound    ItCnt     Gap

*     0+    0                       3.63025e+07        0.0000           100.00%
*     0+    0                       2.79934e+07        0.0000           100.00%
*     0+    0                      1568745.0000        0.0000           100.00%
*     0+    0                      1502376.0000        0.0000           100.00%
      0     0    93774.0000   100  1502376.0000    93774.0000      183   93.76%
      0     0   106217.5000   100  1502376.0000    Cuts: 2145      398   92.93%
      0     0   118774.0000    98  1502376.0000    Cuts: 2134      709   92.09%
*     0+    0                      1144295.0000   118774.0000            89.62%
      0     0   131217.5000    98  1144295.0000 ZeroHalf: 783     1990   88.53%
*     0+    0                       865337.0000   131217.5000            84.84%
      0     0  -1.00000e+75     0   865337.0000   131217.5000     1990   84.84%
      0     0   135609.0683   216   865337.0000 ZeroHalf: 816     2653   84.33%
      0     0   143183.6784   186   865337.0000     Cuts: 700     3520   83.45%
Detecting symmetries...
      0     0   149575.5807   184   865337.0000     Cuts: 467     4267   82.71%
*     0+    0                       728370.0000   149575.5807            79.46%
      0     0   154250.8677   211   728370.0000     Cuts: 419     4967   78.82%
*     0+    0                       678841.0000   154250.8677            77.28%
      0     0   158389.4097   204   678841.0000     Cuts: 716     5579   76.67%
      0     0   160960.0360   198   678841.0000     Cuts: 186     5969   76.29%
      0     0   163812.6466   179   678841.0000     Cuts: 401     6528   75.87%
      0     0   165648.0564   181   678841.0000     Cuts: 133     7000   75.60%
      0     0   166835.9036   211   678841.0000     Cuts: 132     7338   75.42%
      0     0   168569.3928   216   678841.0000     Cuts: 277     7800   75.17%
      0     0   169471.2777   202   678841.0000     Cuts: 248     8079   75.04%
      0     0   170427.2760   206   678841.0000      Cuts: 89     8373   74.89%
      0     0   171311.2429   170   678841.0000     Cuts: 282     8717   74.76%
      0     0   173133.4512   196   678841.0000      Cuts: 93     9247   74.50%
      0     0   173698.5012   195   678841.0000     Cuts: 149     9456   74.41%
      0     0   174159.7912   209   678841.0000     Cuts: 218     9695   74.34%
      0     0   174944.0177   195   678841.0000     Cuts: 329     9948   74.23%
      0     0   175978.0442   201   678841.0000     Cuts: 122    10285   74.08%
      0     0   176651.1775   209   678841.0000     Cuts: 231    10638   73.98%
      0     0   177579.9923   200   678841.0000     Cuts: 230    11089   73.84%
      0     0   178538.5115   206   678841.0000      Cuts: 65    11440   73.70%
      0     0   179299.8789   206   678841.0000  ZeroHalf: 88    11697   73.59%
      0     0   180055.9049   208   678841.0000      Cuts: 93    11984   73.48%
      0     0   180851.4238   206   678841.0000      Cuts: 84    12322   73.36%
      0     0   181432.6703   210   678841.0000     Cuts: 148    12615   73.27%
      0     0   181983.8417   218   678841.0000      Cuts: 51    12875   73.19%
      0     0   182252.1825   232   678841.0000      Cuts: 44    13019   73.15%
      0     0   182508.8674   213   678841.0000      Cuts: 82    13171   73.11%
      0     0   182884.2256   206   678841.0000     Cuts: 220    13368   73.06%
      0     0   183443.0794   206   678841.0000     Cuts: 122    13653   72.98%
      0     0   183969.0235   206   678841.0000      Cuts: 82    13883   72.90%
      0     0   184462.4902   210   678841.0000     Cuts: 100    14095   72.83%
      0     0   185540.2086   209   678841.0000      Cuts: 85    14441   72.67%
      0     0   186223.6324   223   678841.0000      Cuts: 57    14677   72.57%
      0     0   186764.8767   206   678841.0000     Cuts: 148    15005   72.49%
      0     0   187343.1335   199   678841.0000      Cuts: 63    15298   72.40%
      0     0   187996.3845   217   678841.0000     Cuts: 161    15691   72.31%
      0     0   188336.3569   244   678841.0000      Cuts: 40    15907   72.26%
      0     0   188817.3976   208   678841.0000     Cuts: 176    16214   72.19%
      0     0   189271.4442   243   678841.0000      Cuts: 67    16456   72.12%
      0     0   189599.7090   233   678841.0000      Cuts: 75    16599   72.07%
      0     0   189736.0019   206   678841.0000      Cuts: 63    16709   72.05%
      0     0   190218.1681   204   678841.0000      Cuts: 59    16937   71.98%
      0     0   190726.5635   227   678841.0000  ZeroHalf: 76    17247   71.90%
      0     0   191129.3411   236   678841.0000      Cuts: 54    17477   71.84%
      0     0   191496.4695   211   678841.0000     Cuts: 135    17678   71.79%
      0     0   191743.6914   213   678841.0000      Cuts: 56    17825   71.75%
      0     0   192035.8512   214   678841.0000     Cuts: 132    18038   71.71%
      0     0   192201.4696   206   678841.0000  ZeroHalf: 34    18277   71.69%
      0     0   192360.0644   233   678841.0000      Cuts: 42    18441   71.66%
      0     0   192441.1668   233   678841.0000      Cuts: 25    18513   71.65%
      0     0   192661.6355   210   678841.0000      Cuts: 33    18697   71.62%
      0     0   192831.5561   240   678841.0000      Cuts: 47    18883   71.59%
      0     0   192981.5690   238   678841.0000      Cuts: 38    19079   71.57%
      0     0   193195.8752   232   678841.0000      Cuts: 39    19280   71.54%
      0     0   193381.8893   230   678841.0000      Cuts: 32    19453   71.51%
      0     0   193590.6896   230   678841.0000      Cuts: 45    19607   71.48%
      0     0   193704.8707   224   678841.0000      Cuts: 20    19734   71.47%
*     0+    0                       676150.0000   193704.8707            71.35%
      0     0  -1.00000e+75     0   676150.0000   193704.8707    19734   71.35%
Detecting symmetries...
      0     2   193704.8707   224   676150.0000   193704.8707    19734   71.35%
Elapsed time = 26.63 sec. (19215.50 ticks, tree = 0.02 MB, solutions = 9)
      4     5   219810.7814   192   676150.0000   193793.6048    20206   71.34%
     11    13   242425.5218   174   676150.0000   193840.1300    22487   71.33%
*    16+    4                       671843.0000   193847.4313            71.15%
     21    16   224092.7847   190   671843.0000   193911.9128    23550   71.14%
     31    31   245155.5233   187   671843.0000   193911.9128    27691   71.14%
     39    32   212395.4018   189   671843.0000   193911.9128    28427   71.14%
     55    47   287842.3691   153   671843.0000   193911.9128    33523   71.14%
     70    62   280722.0165   162   671843.0000   193911.9128    37183   71.14%
     81    79   290562.2112   147   671843.0000   193911.9128    40927   71.14%
     96    90   343232.6667   109   671843.0000   193911.9128    42888   71.14%
    225   212   407597.5000    88   671843.0000   193911.9128    60124   71.14%
Elapsed time = 42.49 sec. (22531.81 ticks, tree = 3.98 MB, solutions = 10)
*   272+    6                       654766.0000   193911.9128            70.38%
    392   306        cutoff         654766.0000   193911.9128    72943   70.38%
    540   477   331254.1228   149   654766.0000   197693.5942    93994   69.81%
    653   544   431887.1250   108   654766.0000   197693.5942   103830   69.81%
    740   660   270463.4121   160   654766.0000   197693.5942   127135   69.81%
    929   717   371008.0000    86   654766.0000   197693.5942   141034   69.81%
   1143   890   476752.5000    98   654766.0000   197693.5942   159869   69.81%
   1349  1112   586669.5000    61   654766.0000   197693.5942   180506   69.81%
   1459  1251   217429.0429   178   654766.0000   198828.0984   196749   69.63%
   1553  1374   369557.5000    86   654766.0000   200340.3753   214078   69.40%
   1651  1454   251555.7824   202   654766.0000   200340.3753   227836   69.40%
Elapsed time = 99.25 sec. (32139.67 ticks, tree = 14.12 MB, solutions = 11)

Performing restart 1

Repeating presolve.
Tried aggregator 1 time.
MIP Presolve eliminated 896 rows and 34 columns.
Reduced MIP has 44504 rows, 3373 columns, and 133412 nonzeros.
Reduced MIP has 3373 binaries, 0 generals, 0 SOSs, and 0 indicators.
Presolve time = 0.06 sec. (62.20 ticks)
Tried aggregator 1 time.
Reduced MIP has 44504 rows, 3373 columns, and 133412 nonzeros.
Reduced MIP has 3373 binaries, 0 generals, 0 SOSs, and 0 indicators.
Presolve time = 0.08 sec. (75.50 ticks)
Represolve time = 0.21 sec. (197.09 ticks)
*  1681+    0                       652227.0000   200340.3753            69.28%
   1681     0   193847.4451   250   652227.0000      Cuts: 72   248372   69.28%
   1681     0   194038.9062   212   652227.0000      Cuts: 61   248522   69.28%
   1681     0   194159.8542   218   652227.0000      Cuts: 77   248636   69.28%
*  1681+    0                       651813.0000   200340.3753            69.26%
   1681     0  -1.00000e+75     0   651813.0000   200340.3753   248636   69.26%
   1681     0   194440.9806   212   651813.0000      Cuts: 78   248873   69.26%
   1681     0   194725.9374   208   651813.0000      Cuts: 70   249049   69.26%
   1681     0   194930.1174   257   651813.0000      Cuts: 60   249211   69.26%
   1681     2   194930.1174   257   651813.0000   200340.3753   249211   69.26%
   1682     3   194966.1979   254   651813.0000   200340.3753   249291   69.26%
   1683     4   195008.8352   250   651813.0000   200340.3753   249412   69.26%
   1687     8   234147.3958   200   651813.0000   200340.3753   250701   69.26%
   1703    14   228846.4906   200   651813.0000   200340.3753   252419   69.26%
   1725    22   231513.9857   191   651813.0000   200340.3753   255013   69.26%
   1741    17   235384.8540   209   651813.0000   200340.3753   252402   69.26%
   1764    52   281610.0919   158   651813.0000   200340.3753   264704   69.26%
   1835   100   242065.8111   176   651813.0000   200340.3753   275592   69.26%
   1868   126   252610.1430   166   651813.0000   200340.3753   280801   69.26%
Elapsed time = 215.36 sec. (60287.43 ticks, tree = 4.56 MB, solutions = 13)
   1894   196   288851.5452   143   651813.0000   200340.3753   293819   69.26%
   1906   206   278528.9513   184   651813.0000   200340.3753   295290   69.26%
   1924   214   258417.0477   189   651813.0000   200340.3753   298632   69.26%
   1934   227   281693.3100   165   651813.0000   200340.3753   300946   69.26%
   1955   236   243267.3168   208   651813.0000   200340.3753   303373   69.26%
   1984   277   246764.4779   186   651813.0000   200340.3753   310412   69.26%
   2019   271   261017.8375   172   651813.0000   200340.3753   310352   69.26%
   2059   333   288619.9034   175   651813.0000   200340.3753   323785   69.26%
   2096   348   234584.1110   183   651813.0000   200340.3753   328234   69.26%
   2131   401   259126.9506   200   651813.0000   200340.3753   337638   69.26%
Elapsed time = 316.09 sec. (70241.76 ticks, tree = 8.98 MB, solutions = 13)
   2168   384   299329.6947   172   651813.0000   200340.3753   335052   69.26%
   2222   438   280061.6039   194   651813.0000   200340.3753   343200   69.26%
   2255   495   269053.2250   159   651813.0000   200340.3753   350489   69.26%
   2304   543   284637.1523   177   651813.0000   200340.3753   359254   69.26%
   2363   566   317994.3861   170   651813.0000   200340.3753   362554   69.26%
   2413   614   284605.5033   149   651813.0000   200340.3753   370797   69.26%
   2476   700   288180.8874   164   651813.0000   200340.3753   382721   69.26%
   2552   709   292430.2492   173   651813.0000   200340.3753   383678   69.26%
   2616   777   341348.0995   164   651813.0000   200340.3753   391285   69.26%
   2658   783   365165.7000   142   651813.0000   200340.3753   392523   69.26%
Elapsed time = 421.60 sec. (80019.50 ticks, tree = 16.13 MB, solutions = 13)
   2704   921   361377.3984   174   651813.0000   200340.3753   407236   69.26%
   2760   879   318196.9250   122   651813.0000   200340.3753   401556   69.26%
   2826   994   336328.0042   159   651813.0000   200340.3753   415315   69.26%
   2883  1077   330380.6375   124   651813.0000   200340.3753   420683   69.26%
   2958  1092   385756.3333   128   651813.0000   200340.3753   421998   69.26%
   3001  1141   374122.7381   160   651813.0000   200340.3753   428551   69.26%
   3067  1280   328139.2581   173   651813.0000   200340.3753   440410   69.26%
   3142  1360   347921.8393   153   651813.0000   200340.3753   447827   69.26%
   3195  1316   351583.3000   133   651813.0000   200340.3753   442630   69.26%
   3247  1443   346408.7452   141   651813.0000   200340.3753   457577   69.26%
Elapsed time = 521.29 sec. (89912.91 ticks, tree = 22.17 MB, solutions = 13)
   3306  1503   410088.6458   128   651813.0000   200340.3753   462902   69.26%
   3373  1511   402108.3241   157   651813.0000   200340.3753   463893   69.26%
   3433  1564   367984.0000   142   651813.0000   200340.3753   469247   69.26%
   3512  1641   381606.6667   163   651813.0000   200340.3753   478393   69.26%
   3612  1649   399651.9000   155   651813.0000   200340.3753   479971   69.26%
   3709  1933   412779.2188   120   651813.0000   200340.3753   501540   69.26%
   3765  1818   425719.5000    88   651813.0000   200340.3753   489555   69.26%
   3836  2008   466906.1250   112   651813.0000   200340.3753   506672   69.26%

Performing restart 2

Repeating presolve.
Tried aggregator 1 time.
Reduced MIP has 44504 rows, 3373 columns, and 174592 nonzeros.
Reduced MIP has 3373 binaries, 0 generals, 0 SOSs, and 0 indicators.
Presolve time = 0.12 sec. (110.11 ticks)
Tried aggregator 1 time.
Reduced MIP has 44504 rows, 3373 columns, and 174592 nonzeros.
Reduced MIP has 3373 binaries, 0 generals, 0 SOSs, and 0 indicators.
Presolve time = 0.14 sec. (126.79 ticks)
Represolve time = 0.35 sec. (312.85 ticks)
*  3882+    0                       647177.0000   200340.3753            69.04%
   3882     0   195554.9340   225   647177.0000      Cuts: 78   522849   69.04%
   3882     0   195895.5510   221   647177.0000      Cuts: 62   523010   69.04%
   3882     0   196151.8876   224   647177.0000      Cuts: 70   523166   69.04%
*  3882+    0                       646954.0000   200340.3753            69.03%
   3882     0  -1.00000e+75     0   646954.0000   200340.3753   523166   69.03%
   3882     0   196462.9901   219   646954.0000      Cuts: 48   523372   69.03%
   3882     0   196642.3208   221   646954.0000      Cuts: 94   523502   69.03%
   3882     0   197047.7500   217   646954.0000      Cuts: 82   523782   69.03%
   3882     0   197381.8636   217   646954.0000      Cuts: 87   524017   69.03%
   3882     0   197505.4256   215   646954.0000      Cuts: 59   524096   69.03%
   3882     0   197589.0492   220   646954.0000      Cuts: 66   524197   69.03%
   3882     0   197696.4827   220   646954.0000      Cuts: 77   524338   69.03%
   3882     0   197875.6037   215   646954.0000      Cuts: 43   524428   69.03%
   3882     2   197875.6037   215   646954.0000   200340.3753   524428   69.03%
   3888     8   250333.5872   184   646954.0000   200340.3753   527449   69.03%
Elapsed time = 626.88 sec. (117432.96 ticks, tree = 0.02 MB, solutions = 15)
   3904    18   288722.2984   147   646954.0000   200340.3753   536085   69.03%
   3934    41   311221.1220   150   646954.0000   200340.3753   556170   69.03%
   3971    79   322670.8037   155   646954.0000   200340.3753   571882   69.03%
   4007   113   265080.2237   158   646954.0000   200340.3753   586725   69.03%
   4063   159   478032.5000    76   646954.0000   200340.3753   600110   69.03%
   4170   210   465495.2755   152   646954.0000   200340.3753   615004   69.03%
   4280   345   531782.5000    78   646954.0000   200340.3753   641112   69.03%
   4355   373   608050.7500    89   646954.0000   200340.3753   646897   69.03%
   4461   456   430699.5000   107   646954.0000   200340.3753   665951   69.03%
   4564   505   217460.7255   216   646954.0000   200340.3753   675955   69.03%
Elapsed time = 712.14 sec. (127184.15 ticks, tree = 5.91 MB, solutions = 15)
   4688   707   354092.4000   125   646954.0000   201428.5747   716781   68.87%
   4769   742   291252.2584   176   646954.0000   213184.9161   726047   67.05%
   4874   828   522123.5000    71   646954.0000   213184.9161   743311   67.05%
   4989   897   386666.7500   104   646954.0000   213184.9161   761607   67.05%
   5109  1026   514839.0000    69   646954.0000   213513.2629   782260   67.00%
   5170  1110   222735.9537   223   646954.0000   213766.1563   802089   66.96%
   5224  1211        cutoff         646954.0000   213766.1563   823053   66.96%
   5308  1255   259036.9013   195   646954.0000   213766.1563   839315   66.96%
   5369  1262   270377.3166   180   646954.0000   213766.1563   841450   66.96%
   5423  1345   301031.6951   218   646954.0000   213766.1563   859771   66.96%
Elapsed time = 798.66 sec. (136885.43 ticks, tree = 11.42 MB, solutions = 15)
   5487  1400   311244.0559   206   646954.0000   213766.1563   880752   66.96%
   5549  1453   310024.8819   187   646954.0000   213766.1563   890193   66.96%
   5602  1494   285411.1851   219   646954.0000   213766.1563   900913   66.96%
   5683  1585   354069.3329   199   646954.0000   213766.1563   917610   66.96%
   5745  1689   371241.0205   165   646954.0000   213766.1563   941018   66.96%
   5829  1784   371804.5973   185   646954.0000   213766.1563   958935   66.96%
   5881  1747   364641.3710   227   646954.0000   213766.1563   956190   66.96%
   5959  1827   274382.4480   248   646954.0000   213766.1563   971780   66.96%
   6011  1964   392603.9754   180   646954.0000   213766.1563  1003125   66.96%
   6236  2182   479529.7049   204   646954.0000   213766.1563  1046650   66.96%
Elapsed time = 916.87 sec. (149415.17 ticks, tree = 20.34 MB, solutions = 15)
   6500  2356   511606.3506   180   646954.0000   213766.1563  1083869   66.96%
   6740  2625   438218.9299   189   646954.0000   213766.1563  1137220   66.96%
   6948  2890   299104.9810   209   646954.0000   213766.1563  1189634   66.96%
   7196  3024   254593.1292   191   646954.0000   213766.1563  1219899   66.96%
   7443  3279   318693.4685   186   646954.0000   213766.1563  1273804   66.96%
   7734  3576   449682.0091   182   646954.0000   213766.1563  1333311   66.96%
   8106  3812   552328.9472   163   646954.0000   221413.7090  1373465   65.78%
   8412  4131   598943.0000    64   646954.0000   222002.5723  1413386   65.68%
   8682  4526   483349.7014   149   646954.0000   222447.6213  1470017   65.62%
   9096  4867   605326.0000   115   646954.0000   222447.6213  1507471   65.62%
Elapsed time = 1286.24 sec. (187706.16 ticks, tree = 196.67 MB, solutions = 15)
   9386  5138   367459.3570   181   646954.0000   222447.6213  1535035   65.62%
   9706  5486   438253.2552   147   646954.0000   222447.6213  1586068   65.62%
  10070  5884   543780.5000    66   646954.0000   222447.6213  1637146   65.62%
  10406  6020   460026.1250   104   646954.0000   222447.6213  1658974   65.62%
  10817  6575   277554.5752   185   646954.0000   223710.2924  1734347   65.42%
  11201  6865   260752.4498   186   646954.0000   224137.3370  1778799   65.35%
* 11233+ 6925                       630312.0000   224137.3370            64.44%
* 11354+ 6884                       618309.0000   224137.3370            63.75%
  11510  6865   433332.3310   168   618309.0000   224137.3370  1806951   63.75%
  11846  7053   286807.4686   193   618309.0000   224185.1935  1863485   63.74%
* 11937+ 6969                       607565.0000   224185.1935            63.10%
  12231  7134   515757.5000    83   607565.0000   225516.1903  1891578   62.88%
  12563  7626   297365.9535   202   607565.0000   225516.1903  1958551   62.88%
Elapsed time = 1658.83 sec. (225981.78 ticks, tree = 743.73 MB, solutions = 18)
  12936  8051   418203.6223   168   607565.0000   225516.1903  2004090   62.88%
  13405  8190   517095.7778   107   607565.0000   225516.1903  2017546   62.88%
* 13438+ 8420                       601979.0000   225516.1903            62.54%
  13754  8653   324414.0434   182   601979.0000   226800.4282  2075946   62.32%
  14069  8952   369561.0883   188   601979.0000   227960.9562  2124120   62.13%
  14388  9029   320695.8185   262   601979.0000   228192.8103  2136174   62.09%
  14760  9557   564500.9556   177   601979.0000   228192.8103  2189741   62.09%
  15060  9985   539603.9773   132   601979.0000   228192.8103  2239992   62.09%
  15363 10147   343876.8925   173   601979.0000   228192.8103  2277891   62.09%
  15642 10474   373432.0592   161   601979.0000   228718.8218  2326066   62.01%
  16089 10827   462532.1052   157   601979.0000   228718.8218  2367854   62.01%
Elapsed time = 2062.69 sec. (264255.69 ticks, tree = 1093.53 MB, solutions = 19)
  16433 11142   380074.2000   124   601979.0000   228782.6623  2409073   61.99%
* 16576+11150                       597753.0000   228903.7040            61.71%
  16802 11352   560670.5000    71   597753.0000   228970.5167  2436132   61.69%
  17118 11734   349918.7270   171   597753.0000   229515.7007  2506120   61.60%
  17428 12056   438076.3765   152   597753.0000   229818.6795  2558553   61.55%
  17964 12401   548914.5625    88   597753.0000   229818.6795  2599293   61.55%
  18338 12714   522912.9721   146   597753.0000   229928.3316  2624102   61.53%
  18717 13112   268633.4702   197   597753.0000   230270.8046  2669691   61.48%
  18995 13720   551822.3750    98   597753.0000   230569.0545  2756807   61.43%
* 19122+13413                       596703.0000   230569.0545            61.36%
* 19123+13413                       595691.0000   230569.0545            61.29%
* 19145+13413                       588918.0000   230569.0545            60.85%
* 19209+13413                       586553.0000   230569.0545            60.69%
  19284 13417   536487.0625   129   586553.0000   230569.0545  2778295   60.69%
  19613 13595   479303.7857   155   586553.0000   230569.0545  2803417   60.69%
Elapsed time = 2452.38 sec. (302535.46 ticks, tree = 1597.71 MB, solutions = 24)
  19795 13841   378016.9613   157   586553.0000   230569.0545  2825507   60.69%
  20128 13970   284750.3766   194   586553.0000   231213.3525  2845818   60.58%
  20509 14513   314937.9819   182   586553.0000   231827.1439  2915347   60.48%
  20822 14781   560212.0000   116   586553.0000   232040.1335  2943980   60.44%
  21176 14991   449867.9771   170   586553.0000   232383.7870  2972882   60.38%
  21487 15388   408539.5170   200   586553.0000   232440.0280  3027048   60.37%
  21871 15713   363925.9014   163   586553.0000   232694.1073  3065577   60.33%
  22189 15991   359537.8712   220   586553.0000   232694.1073  3100036   60.33%
  22632 16464   448497.9231   156   586553.0000   233771.6817  3158091   60.14%
  22997 16615   344405.8280   188   586553.0000   233840.8688  3182488   60.13%
Elapsed time = 2817.41 sec. (340730.49 ticks, tree = 2043.48 MB, solutions = 24)
  23361 17231   289484.9240   207   586553.0000   234024.1643  3264472   60.10%
  23695 17618   573853.9667   141   586553.0000   234024.1643  3318873   60.10%
  24025 17859   268843.3195   201   586553.0000   234660.4170  3352059   59.99%
  24471 18080   272587.0463   185   586553.0000   234732.9348  3378763   59.98%
  24833 18696   311026.5540   182   586553.0000   235047.1808  3458533   59.93%
  25212 19014   299284.3387   239   586553.0000   235883.7950  3500370   59.78%
  25603 19047   344198.8272   219   586553.0000   235893.7404  3505364   59.78%
  25912 19479   409599.3255   152   586553.0000   236167.5981  3553296   59.74%
  26312 19778   559614.1569   143   586553.0000   236244.3539  3586917   59.72%
  26695 20224   376770.7930   160   586553.0000   237185.4900  3640774   59.56%
Elapsed time = 3179.94 sec. (379016.10 ticks, tree = 3041.28 MB, solutions = 24)
Nodefile size = 978.59 MB (597.91 MB after compression)
  27089 20484   416720.7517   173   586553.0000   237185.4900  3668847   59.56%
* 27231+20308                       580845.0000   237185.4900            59.17%
  27469 20802   326571.5728   164   580845.0000   237983.7372  3739730   59.03%
Starting limited solution polishing.
  27840 21014   561755.0000    66   580845.0000   238012.6247  3764374   59.02%
  28230 21219   422498.5000    84   580845.0000   238140.1414  3788766   59.00%
  28629 21650   483534.2199   161   580845.0000   239278.0582  3837713   58.81%
* 28905+22280                       578916.0000   239315.4048            58.66%
  28905 22282   525748.0000    71   578916.0000   239315.4048  3921810   58.66%
  29163 22485   406661.6188   147   578916.0000   239541.6530  3953017   58.62%
* 29398+22488                       577962.0000   239541.6530            58.55%
  29435 22545   525421.6130   181   577962.0000   239618.8277  3957735   58.54%
  29612 22672   317707.8865   184   577962.0000   240014.0607  3992245   58.47%
  29808 23060   444444.3462   145   577962.0000   240332.8713  4036344   58.42%
Elapsed time = 3435.60 sec. (417326.29 ticks, tree = 3471.02 MB, solutions = 30)
Nodefile size = 1408.89 MB (856.42 MB after compression)
  29960 23249   385611.8377   161   577962.0000   240447.0166  4064992   58.40%
* 30067+23138                       577888.0000   240447.0166            58.39%
* 30078+23138                       577849.0000   240447.0166            58.39%
  30229 23362   441336.3410   157   577849.0000   240447.0166  4077135   58.39%
  30558 23348   494355.5352   144   577849.0000   240477.2159  4078077   58.38%
  30762 23822   458555.5970   175   577849.0000   240477.2159  4131134   58.38%
* 30788+23631                       576063.0000   240477.2159            58.26%
  30947 23888   280062.2656   189   576063.0000   240984.8377  4137138   58.17%
  31235 23989   523868.7080   150   576063.0000   240999.1897  4160610   58.16%
  31516 24527   489029.9594   143   576063.0000   241117.2004  4219970   58.14%
* 31541+24181                       572013.0000   241117.2004            57.85%
  31741 24474   457382.0995   140   572013.0000   241117.2004  4216455   57.85%

Implied bound cuts applied:  2
Zero-half cuts applied:  328
Lift and project cuts applied:  118

Root node processing (before b&c):
  Real time             =   26.57 sec. (19136.07 ticks)
Parallel b&c, 8 threads:
  Real time             = 3575.98 sec. (431425.34 ticks)
  Sync time (average)   =  787.53 sec.
  Wait time (average)   =    0.01 sec.
                          ------------
Total (root+branch&cut) = 3602.56 sec. (450561.41 ticks)
Status: Feasible
Obj: 572013

Instalacoes abertas:
Instalação 0 aberta
Instalação 1 aberta
Instalação 4 aberta
Instalação 8 aberta
Instalação 9 aberta
Instalação 13 aberta
Instalação 16 aberta
Instalação 18 aberta
Instalação 19 aberta
Instalação 20 aberta
Instalação 22 aberta
Instalação 30 aberta
Instalação 39 aberta
Instalação 42 aberta
Instalação 47 aberta
Instalação 49 aberta

Atribuições (cliente -> instalação):
Cliente 0 -> Instalação 19
Cliente 1 -> Instalação 30
Cliente 2 -> Instalação 18
Cliente 3 -> Instalação 13
Cliente 4 -> Instalação 4
Cliente 5 -> Instalação 0
Cliente 6 -> Instalação 30
Cliente 7 -> Instalação 9
Cliente 8 -> Instalação 8
Cliente 9 -> Instalação 0
Cliente 10 -> Instalação 4
Cliente 11 -> Instalação 8
Cliente 12 -> Instalação 1
Cliente 13 -> Instalação 1
Cliente 14 -> Instalação 1
Cliente 15 -> Instalação 9
Cliente 16 -> Instalação 4
Cliente 17 -> Instalação 49
Cliente 18 -> Instalação 18
Cliente 19 -> Instalação 0
Cliente 20 -> Instalação 8
Cliente 21 -> Instalação 49
Cliente 22 -> Instalação 18
Cliente 23 -> Instalação 9
Cliente 24 -> Instalação 1
Cliente 25 -> Instalação 49
Cliente 26 -> Instalação 47
Cliente 27 -> Instalação 47
Cliente 28 -> Instalação 1
Cliente 29 -> Instalação 13
Cliente 30 -> Instalação 4
Cliente 31 -> Instalação 22
Cliente 32 -> Instalação 30
Cliente 33 -> Instalação 9
Cliente 34 -> Instalação 1
Cliente 35 -> Instalação 42
Cliente 36 -> Instalação 39
Cliente 37 -> Instalação 47
Cliente 38 -> Instalação 20
Cliente 39 -> Instalação 9
Cliente 40 -> Instalação 30
Cliente 41 -> Instalação 16
Cliente 42 -> Instalação 42
Cliente 43 -> Instalação 0
Cliente 44 -> Instalação 8
Cliente 45 -> Instalação 4
Cliente 46 -> Instalação 9
Cliente 47 -> Instalação 47
Cliente 48 -> Instalação 39
Cliente 49 -> Instalação 20
