Version identifier: 22.1.1.0 | 2022-11-28 | 9160aff4d
CPXPARAM_TimeLimit                               3600
Found incumbent of value 2415975.000000 after 0.00 sec. (3.33 ticks)
Tried aggregator 1 time.
MIP Presolve eliminated 50 rows and 1 columns.
Reduced MIP has 51500 rows, 3529 columns, and 154400 nonzeros.
Reduced MIP has 3529 binaries, 0 generals, 0 SOSs, and 0 indicators.
Presolve time = 0.08 sec. (68.63 ticks)
Probing time = 0.03 sec. (8.01 ticks)
Tried aggregator 1 time.
Detecting symmetries...
Reduced MIP has 51500 rows, 3529 columns, and 154400 nonzeros.
Reduced MIP has 3529 binaries, 0 generals, 0 SOSs, and 0 indicators.
Presolve time = 0.10 sec. (83.48 ticks)
Probing time = 0.03 sec. (8.15 ticks)
Clique table members: 2500.
MIP emphasis: balance optimality and feasibility.
MIP search method: dynamic search.
Parallel mode: deterministic, using up to 8 threads.
Root relaxation solution time = 0.13 sec. (75.55 ticks)

        Nodes                                         Cuts/
   Node  Left     Objective  IInf  Best Integer    Best Bound    ItCnt     Gap

*     0+    0                      2415975.0000        0.0000           100.00%
*     0+    0                      1703597.0000        0.0000           100.00%
*     0+    0                      1434219.0000        0.0000           100.00%
      0     0    93774.0000   100  1434219.0000    93774.0000      180   93.46%
*     0+    0                      1433934.0000    93774.0000            93.46%
      0     0   106217.5000   100  1433934.0000    Cuts: 2512      396   92.59%
      0     0   118774.0000    98  1433934.0000    Cuts: 2458      681   91.72%
      0     0   131146.1190   213  1433934.0000 ZeroHalf: 1071     2029   90.85%
*     0+    0                      1306491.0000   131146.1190            89.96%
*     0+    0                      1264969.0000   131146.1190            89.63%
      0     0  -1.00000e+75     0  1264969.0000   131146.1190     2029   89.63%
      0     0   135512.7231   207  1264969.0000 ZeroHalf: 947     2696   89.29%
      0     0   143217.0864   190  1264969.0000    Cuts: 1033     3637   88.68%
Detecting symmetries...
      0     0   149981.6491   207  1264969.0000     Cuts: 392     4431   88.14%
      0     0   156598.7790   210  1264969.0000     Cuts: 439     5260   87.62%
      0     0   161231.9806   175  1264969.0000     Cuts: 846     5973   87.25%
*     0+    0                      1034087.0000   161231.9806            84.41%
      0     0   165075.4008   196  1034087.0000     Cuts: 239     6668   84.04%
*     0+    0                       928547.0000   165075.4008            82.22%
      0     0  -1.00000e+75     0   928547.0000   165075.4008     6668   82.22%
*     0+    0                       816652.0000   165075.4008            79.79%
*     0+    0                       809904.0000   165075.4008            79.62%
      0     0   167976.7548   237   809904.0000     Cuts: 294     7283   79.26%
      0     0   169833.8361   199   809904.0000     Cuts: 607     7711   79.03%
      0     0   172296.5511   170   809904.0000     Cuts: 429     8352   78.73%
      0     0   173824.9578   212   809904.0000     Cuts: 112     8782   78.54%
      0     0   175412.4892   204   809904.0000     Cuts: 145     9209   78.34%
      0     0   177119.5852   227   809904.0000     Cuts: 330     9863   78.13%
      0     0   178170.2663   226   809904.0000      Cuts: 72    10236   78.00%
      0     0   179580.4824   217   809904.0000     Cuts: 228    10839   77.83%
*     0+    0                       780605.0000   179580.4824            76.99%
      0     0   180704.3657   211   780605.0000     Cuts: 258    11156   76.85%
      0     0   182307.8875   207   780605.0000     Cuts: 178    11687   76.65%
      0     0   184001.0706   231   780605.0000     Cuts: 250    12246   76.43%
      0     0   185177.2064   209   780605.0000     Cuts: 221    12610   76.28%
      0     0   186406.1229   217   780605.0000     Cuts: 108    12977   76.12%
      0     0   187578.0884   200   780605.0000     Cuts: 286    13503   75.97%
      0     0   188279.4363   207   780605.0000     Cuts: 180    13811   75.88%
      0     0   189314.7730   200   780605.0000      Cuts: 97    14240   75.75%
      0     0   190399.3854   204   780605.0000     Cuts: 115    14712   75.61%
*     0+    0                       780333.0000   190399.3854            75.60%
      0     0   191447.9163   234   780333.0000     Cuts: 132    15030   75.47%
      0     0   191928.0845   232   780333.0000      Cuts: 97    15254   75.40%
      0     0   192229.4237   205   780333.0000     Cuts: 194    15453   75.37%
      0     0   192641.3367   200   780333.0000      Cuts: 62    15723   75.31%
      0     0   193152.3941   206   780333.0000     Cuts: 109    15922   75.25%
      0     0   193554.5964   203   780333.0000      Cuts: 66    16133   75.20%
      0     0   194211.5084   200   780333.0000      Cuts: 80    16402   75.11%
      0     0   194687.4687   225   780333.0000      Cuts: 40    16651   75.05%
      0     0   195195.0679   231   780333.0000     Cuts: 113    16870   74.99%
      0     0   195810.5470   227   780333.0000      Cuts: 82    17176   74.91%
      0     0   196195.5590   234   780333.0000      Cuts: 81    17386   74.86%
      0     0   196667.3110   223   780333.0000      Cuts: 65    17628   74.80%
      0     0   197564.1203   195   780333.0000     Cuts: 228    18069   74.68%
      0     0   197888.9063   200   780333.0000      Cuts: 56    18268   74.64%
      0     0   198211.6013   246   780333.0000      Cuts: 88    18508   74.60%
      0     0   198596.8110   231   780333.0000      Cuts: 82    18760   74.55%
      0     0   199227.9575   226   780333.0000     Cuts: 131    19124   74.47%
      0     0   199701.1221   233   780333.0000     Cuts: 103    19423   74.41%
      0     0   200235.7299   206   780333.0000     Cuts: 141    19669   74.34%
      0     0   200520.0374   215   780333.0000      Cuts: 53    19853   74.30%
      0     0   200889.3403   238   780333.0000      Cuts: 58    20087   74.26%
      0     0   201454.5318   229   780333.0000      Cuts: 86    20311   74.18%
      0     0   201975.5239   239   780333.0000      Cuts: 61    20512   74.12%
      0     0   202454.5999   213   780333.0000      Cuts: 49    20766   74.06%
      0     0   202854.5456   237   780333.0000      Cuts: 81    21033   74.00%
      0     0   203195.5703   232   780333.0000      Cuts: 96    21206   73.96%
      0     0   203483.0165   200   780333.0000      Cuts: 59    21378   73.92%
      0     0   203751.5661   239   780333.0000      Cuts: 59    21534   73.89%
      0     0   204057.1919   243   780333.0000      Cuts: 51    21735   73.85%
      0     0   204334.8905   271   780333.0000      Cuts: 65    21942   73.81%
      0     0   204747.9804   226   780333.0000      Cuts: 53    22190   73.76%
      0     0   205192.5211   236   780333.0000     Cuts: 188    22517   73.70%
      0     0   205452.6618   228   780333.0000     Cuts: 100    22712   73.67%
      0     0   205764.5756   240   780333.0000      Cuts: 49    22928   73.63%
      0     0   205933.7561   234   780333.0000      Cuts: 41    23083   73.61%
      0     0   206117.9592   245   780333.0000      Cuts: 37    23253   73.59%
      0     0   206275.7090   212   780333.0000     Cuts: 109    23365   73.57%
      0     0   206579.8036   217   780333.0000      Cuts: 36    23572   73.53%
      0     0   207022.3167   237   780333.0000      Cuts: 65    23804   73.47%
      0     0   207437.5943   236   780333.0000      Cuts: 42    24009   73.42%
      0     0   207843.2779   233   780333.0000      Cuts: 61    24241   73.36%
      0     0   208064.9822   238   780333.0000      Cuts: 82    24415   73.34%
      0     0   208236.7169   246   780333.0000      Cuts: 99    24587   73.31%
      0     0   208697.7826   229   780333.0000      Cuts: 77    24820   73.26%
      0     0   208905.6377   231   780333.0000      Cuts: 58    25008   73.23%
      0     0   209248.5356   226   780333.0000      Cuts: 67    25287   73.18%
      0     0   209513.8906   224   780333.0000     Cuts: 121    25521   73.15%
      0     0   209825.2172   230   780333.0000      Cuts: 78    25762   73.11%
      0     0   210142.9097   229   780333.0000      Cuts: 54    25956   73.07%
      0     0   210401.7065   235   780333.0000     Cuts: 113    26251   73.04%
      0     0   210516.6980   232   780333.0000      Cuts: 39    26373   73.02%
      0     0   210724.4758   245   780333.0000      Cuts: 49    26563   73.00%
      0     0   210853.5110   238   780333.0000      Cuts: 44    26688   72.98%
Detecting symmetries...
      0     2   210853.5110   238   780333.0000   210853.5110    26688   72.98%
Elapsed time = 48.50 sec. (34612.01 ticks, tree = 0.02 MB, solutions = 12)
      2     4   211022.4346   233   780333.0000   210866.0461    26898   72.98%
      5     4   238752.4656   192   780333.0000   210866.0461    27494   72.98%
      7     7   236242.4294   191   780333.0000   210908.5777    28475   72.97%
     16     9   241180.8004   166   780333.0000   211166.9427    29942   72.94%
     28    16   287108.3531   170   780333.0000   211166.9427    32776   72.94%
     41    29   240522.6562   221   780333.0000   211545.2817    36699   72.89%
     53    48   214149.5836   210   780333.0000   211585.8406    42745   72.89%
     63    50   281793.8273   163   780333.0000   211585.8406    44024   72.89%
     73    64   296377.2610   150   780333.0000   211585.8406    48690   72.89%
    108    87   350992.1809   143   780333.0000   211585.8406    58473   72.89%
Elapsed time = 76.47 sec. (37892.48 ticks, tree = 2.31 MB, solutions = 12)
    156   117   290817.4514   163   780333.0000   211585.8406    70103   72.89%
    253   216   302426.6592   147   780333.0000   211585.8406    88408   72.89%
    366   328   660898.5000    75   780333.0000   211585.8406   100174   72.89%
    491   373   240907.4044   202   780333.0000   211585.8406   109623   72.89%
    639   583   653402.0000    53   780333.0000   211585.8406   130801   72.89%
    778   713   773033.5000    41   780333.0000   211585.8406   142679   72.89%
    914   753   526979.0000    73   780333.0000   211585.8406   149978   72.89%
   1029   880   623611.0000    69   780333.0000   211585.8406   160574   72.89%
   1135  1075   553567.2500    97   780333.0000   211585.8406   183284   72.89%
   1226  1154   722022.6667    70   780333.0000   211585.8406   191007   72.89%
Elapsed time = 155.01 sec. (47504.86 ticks, tree = 286.31 MB, solutions = 12)
   1385  1202   395403.2778   139   780333.0000   211585.8406   203445   72.89%
   1588  1373   562157.5000    67   780333.0000   211585.8406   217186   72.89%
   1766  1512   474257.9712   122   780333.0000   211585.8406   229333   72.89%

Performing restart 1

Repeating presolve.
Tried aggregator 1 time.
MIP Presolve eliminated 745 rows and 24 columns.
Reduced MIP has 50755 rows, 3505 columns, and 152165 nonzeros.
Reduced MIP has 3505 binaries, 0 generals, 0 SOSs, and 0 indicators.
Presolve time = 0.07 sec. (69.86 ticks)
Tried aggregator 1 time.
Reduced MIP has 50755 rows, 3505 columns, and 152165 nonzeros.
Reduced MIP has 3505 binaries, 0 generals, 0 SOSs, and 0 indicators.
Presolve time = 0.09 sec. (85.10 ticks)
Represolve time = 0.26 sec. (222.85 ticks)
   1771     0   211110.5856   241   780333.0000      Cuts: 74   246144   72.89%
*  1771+    0                       772060.0000   211585.8406            72.59%
   1771     0   211565.4356   243   772060.0000      Cuts: 93   246444   72.59%
   1771     0   212003.6082   240   772060.0000     Cuts: 141   246670   72.54%
*  1771+    0                       771989.0000   212003.6082            72.54%
   1771     0   212343.6178   247   771989.0000      Cuts: 65   246890   72.37%
   1771     0   213274.8640   248   771989.0000     Cuts: 168   247323   72.34%
   1771     0   214429.6504   248   771989.0000     Cuts: 163   247773   72.22%
   1771     0   215353.9424   237   771989.0000      Cuts: 90   248115   72.10%
   1771     0   216255.8997   248   771989.0000     Cuts: 117   248469   71.99%
   1771     0   216919.2291   248   771989.0000      Cuts: 93   248719   71.89%
   1771     0   218325.7352   244   771989.0000     Cuts: 148   249103   71.66%
   1771     0   219698.1303   241   771989.0000     Cuts: 171   249567   71.54%
   1771     0   220252.4770   246   771989.0000      Cuts: 64   249853   71.47%
   1771     0   220948.1356   247   771989.0000     Cuts: 105   250155   71.38%
   1771     0   221456.8598   243   771989.0000      Cuts: 77   250357   71.31%
   1771     0   221840.3843   252   771989.0000      Cuts: 73   250537   71.26%
   1771     0   222290.1193   246   771989.0000      Cuts: 71   250742   71.21%
   1771     0   222740.1474   236   771989.0000     Cuts: 158   250938   71.15%
   1771     0   223084.1081   240   771989.0000     Cuts: 107   251140   71.10%
   1771     0   223326.2962   239   771989.0000      Cuts: 68   251302   71.07%
   1771     0   223734.4038   236   771989.0000      Cuts: 94   251544   71.02%
   1771     0   224012.2557   240   771989.0000      Cuts: 77   251773   70.98%
   1771     0   224342.0652   231   771989.0000      Cuts: 77   252000   70.94%
   1771     0   224813.2776   242   771989.0000     Cuts: 120   252339   70.88%
   1771     0   224973.2941   238   771989.0000      Cuts: 60   252461   70.86%
   1771     0   225193.2727   246   771989.0000      Cuts: 95   252664   70.83%
   1771     0   225412.8393   247   771989.0000      Cuts: 50   252870   70.80%
   1771     0   225703.0880   240   771989.0000      Cuts: 81   253024   70.76%
   1771     0   225975.2783   244   771989.0000      Cuts: 75   253239   70.73%
   1771     0   226470.2648   239   771989.0000      Cuts: 95   253498   70.66%
   1771     0   226795.1948   249   771989.0000     Cuts: 118   253738   70.62%
   1771     0   227285.1140   244   771989.0000      Cuts: 48   253997   70.56%
   1771     0   227769.3055   239   771989.0000      Cuts: 84   254287   70.50%
   1771     0   228161.3129   243   771989.0000      Cuts: 84   254570   70.45%
   1771     0   228355.6701   244   771989.0000  ZeroHalf: 47   254720   70.42%
   1771     0   228533.0936   249   771989.0000      Cuts: 69   254888   70.40%
   1771     0   229002.5947   240   771989.0000      Cuts: 53   255174   70.34%
   1771     0   229570.7829   237   771989.0000      Cuts: 88   255494   70.26%
   1771     0   229995.1095   239   771989.0000      Cuts: 99   255712   70.21%
   1771     0   230345.7018   236   771989.0000      Cuts: 68   255987   70.16%
   1771     0   230586.4595   242   771989.0000      Cuts: 71   256172   70.13%
   1771     0   230652.3612   245   771989.0000      Cuts: 41   256258   70.12%
   1771     0   230729.2811   239   771989.0000      Cuts: 37   256344   70.11%
   1771     0   230914.0597   243   771989.0000      Cuts: 50   256496   70.09%
   1771     0   231193.9934   242   771989.0000      Cuts: 81   256810   70.05%
   1771     0   231500.3924   240   771989.0000      Cuts: 74   257064   70.01%
   1771     0   231712.8625   245   771989.0000      Cuts: 89   257330   69.98%
   1771     0   231920.4135   242   771989.0000      Cuts: 77   257594   69.96%
   1771     0   232068.7428   244   771989.0000      Cuts: 69   257768   69.94%
   1771     0   232225.5779   235   771989.0000  ZeroHalf: 28   257901   69.92%
   1771     0   232477.9837   238   771989.0000      Cuts: 79   258144   69.89%
   1771     0   232664.6798   241   771989.0000      Cuts: 94   258311   69.86%
   1771     0   232920.1234   240   771989.0000      Cuts: 47   258528   69.83%
   1771     0   233030.8185   243   771989.0000      Cuts: 51   258713   69.81%
   1771     0   233196.4587   238   771989.0000      Cuts: 58   258917   69.79%
   1771     0   233390.5273   241   771989.0000      Cuts: 69   259179   69.77%
   1771     0   233761.7437   248   771989.0000      Cuts: 73   259366   69.72%
   1771     0   233958.2581   242   771989.0000      Cuts: 69   259570   69.69%
   1771     0   234151.0304   235   771989.0000      Cuts: 51   259789   69.67%
   1771     0   234261.2708   236   771989.0000      Cuts: 75   259940   69.65%
   1771     0   234390.6498   244   771989.0000      Cuts: 42   260063   69.64%
   1771     0   234658.5407   223   771989.0000      Cuts: 38   260266   69.60%
   1771     0   234828.3751   234   771989.0000      Cuts: 89   260445   69.58%
   1771     0   235131.0749   230   771989.0000      Cuts: 78   260690   69.54%
   1771     0   235307.3528   233   771989.0000      Cuts: 80   260934   69.52%
   1771     0   235446.4859   234   771989.0000      Cuts: 47   261179   69.50%
   1771     0   235614.1893   239   771989.0000      Cuts: 73   261431   69.48%
   1771     0   235799.5998   230   771989.0000      Cuts: 44   261648   69.46%
   1771     0   236313.2195   226   771989.0000     Cuts: 121   261997   69.39%
   1771     0   236679.3959   232   771989.0000     Cuts: 122   262302   69.34%
   1771     0   236909.5832   235   771989.0000      Cuts: 82   262493   69.31%
   1771     0   237156.0844   235   771989.0000      Cuts: 54   262704   69.28%
   1771     0   237477.3756   228   771989.0000     Cuts: 102   262915   69.24%
   1771     0   237813.3864   233   771989.0000      Cuts: 83   263167   69.19%
   1771     0   238094.8017   228   771989.0000      Cuts: 84   263389   69.16%
   1771     0   238324.0334   226   771989.0000  ZeroHalf: 51   263560   69.13%
   1771     0   238471.9927   231   771989.0000     Cuts: 110   263680   69.11%
   1771     0   238643.1845   233   771989.0000      Cuts: 46   263844   69.09%
   1771     0   238879.9424   238   771989.0000      Cuts: 51   264041   69.06%
   1771     0   239208.9297   235   771989.0000      Cuts: 61   264234   69.01%
   1771     0   239418.9855   240   771989.0000      Cuts: 69   264435   68.99%
   1771     0   239660.1026   239   771989.0000      Cuts: 43   264579   68.96%
   1771     0   239970.1770   240   771989.0000      Cuts: 40   264818   68.92%
   1771     0   240259.0100   232   771989.0000      Cuts: 67   264995   68.88%
   1771     0   240498.2647   229   771989.0000  ZeroHalf: 31   265151   68.85%
   1771     0   240611.9233   237   771989.0000      Cuts: 48   265295   68.83%
   1771     2   240611.9233   237   771989.0000   240611.9233   265295   68.83%
   1772     3   263707.9297   213   771989.0000   240613.5626   265784   68.83%
   1774     5   241039.6075   233   771989.0000   241039.6078   266252   68.78%
   1776     5   264127.5561   196   771989.0000   241039.6078   267022   68.78%
   1779     8   264267.3618   196   771989.0000   241040.2086   268068   68.78%
   1783    11   264611.5581   195   771989.0000   241108.7146   269429   68.77%
   1786    14   241115.4334   236   771989.0000   241117.0407   269928   68.77%
Elapsed time = 353.42 sec. (116812.62 ticks, tree = 0.03 MB, solutions = 14)
   1791    19   278431.3320   186   771989.0000   241117.0407   272159   68.77%
   1797     9   312285.2399   192   771989.0000   241185.2556   269908   68.76%
   1799    25   241500.9267   232   771989.0000   241505.6289   274241   68.72%
   1805    26   242204.6648   233   771989.0000   242204.6811   274489   68.63%
   1810    32   271329.1213   210   771989.0000   242204.6811   276949   68.63%
   1817    29   282670.4619   185   771989.0000   242216.3570   276011   68.62%
   1823    43   242293.5832   229   771989.0000   242221.2282   279236   68.62%
   1830    46   285060.3638   184   771989.0000   242221.2282   280669   68.62%
   1836    44   253721.2976   220   771989.0000   242221.2282   280653   68.62%
   1842    63   242294.0422   231   771989.0000   242221.2282   284619   68.62%
Elapsed time = 460.39 sec. (128340.48 ticks, tree = 4.90 MB, solutions = 14)
   1860    74   295746.0264   188   771989.0000   242221.2282   289221   68.62%
   1892    94   243548.6823   222   771989.0000   242221.2282   293740   68.62%
   1922    77   343567.9970   171   771989.0000   242221.2282   291867   68.62%
   1955    88   296898.2897   230   771989.0000   242221.2282   293113   68.62%
   1981   120   316492.1897   207   771989.0000   242221.2282   305841   68.62%
   2022   210   300397.0760   203   771989.0000   242221.2282   329359   68.62%
   2072   171   246913.4912   207   771989.0000   242221.2282   318933   68.62%
   2085   231   294332.0708   196   771989.0000   242221.2282   336013   68.62%
   2098   263   314034.0095   172   771989.0000   242221.2282   344126   68.62%
   2113   294   327311.0560   193   771989.0000   242221.2282   349479   68.62%
Elapsed time = 569.55 sec. (138699.08 ticks, tree = 19.33 MB, solutions = 14)
   2132   327   340276.8414   171   771989.0000   242221.2282   356861   68.62%
   2168   318   276186.4222   189   771989.0000   242221.2282   356129   68.62%
   2197   346   307105.0032   179   771989.0000   242221.2282   364189   68.62%
   2224   359   253657.4151   199   771989.0000   242221.2282   363050   68.62%
   2246   353   325615.5380   201   771989.0000   242221.2282   365825   68.62%
   2262   365   331819.1372   205   771989.0000   242221.2282   366853   68.62%
   2276   429   259014.9452   219   771989.0000   242221.2282   380176   68.62%
   2305   477   326027.7998   192   771989.0000   242221.2282   392592   68.62%
   2326   512   259484.6220   169   771989.0000   242221.2282   402158   68.62%
   2356   498   318765.3447   157   771989.0000   242221.2282   398595   68.62%
Elapsed time = 677.53 sec. (148840.99 ticks, tree = 37.90 MB, solutions = 14)
   2391   552   333308.0771   223   771989.0000   242221.2282   412116   68.62%
   2412   510   358400.9622   176   771989.0000   242221.2282   401693   68.62%
   2421   547   331301.4845   202   771989.0000   242221.2282   411275   68.62%
   2437   648   339497.8618   224   771989.0000   242221.2282   436500   68.62%
   2458   607   344113.6736   176   771989.0000   242221.2282   429285   68.62%
   2485   658   340750.7454   209   771989.0000   242221.2282   437557   68.62%
   2502   609   285272.6574   229   771989.0000   242221.2282   429150   68.62%
   2517   665   353769.7865   165   771989.0000   242221.2282   440206   68.62%
   2524   681   348506.5403   206   771989.0000   242221.2282   445799   68.62%
   2544   692   351909.0539   197   771989.0000   242221.2282   447659   68.62%
Elapsed time = 787.57 sec. (158994.26 ticks, tree = 42.36 MB, solutions = 14)
   2573   723   338131.4991   176   771989.0000   242221.2282   452157   68.62%
   2596   759   357465.2913   197   771989.0000   242221.2282   460624   68.62%
   2634   755   353273.4351   170   771989.0000   242221.2282   461054   68.62%
   2655   758   354060.3653   222   771989.0000   242221.2282   462162   68.62%
   2672   804   347767.1774   172   771989.0000   242221.2282   472565   68.62%
   2688   838   350827.8183   189   771989.0000   242221.2282   478870   68.62%
   2708   878   354601.3277   198   771989.0000   242221.2282   488669   68.62%
   2729   845   382078.2635   182   771989.0000   242221.2282   480478   68.62%
   2765   919   294894.5602   197   771989.0000   242221.2282   498304   68.62%
   2795   839   334484.6207   224   771989.0000   242221.2282   481713   68.62%
Elapsed time = 894.52 sec. (168894.55 ticks, tree = 41.06 MB, solutions = 14)
   2824   917   278701.8900   206   771989.0000   242221.2282   497483   68.62%
   2839   927   304196.1241   210   771989.0000   242221.2282   501432   68.62%
   2856   998   372150.4110   181   771989.0000   242221.2282   515666   68.62%
   2876   935   300712.3404   215   771989.0000   242221.2282   502128   68.62%
   2906  1048   301244.8421   199   771989.0000   242221.2282   526327   68.62%
   2948  1007   375471.3104   179   771989.0000   242221.2282   516867   68.62%
   2996  1065   320813.4185   176   771989.0000   242221.2282   530298   68.62%
   3026  1090   403688.4707   174   771989.0000   242221.2282   534849   68.62%
   3045  1171   382920.4901   211   771989.0000   242221.2282   550262   68.62%
   3073  1180   386050.7233   195   771989.0000   242221.2282   551729   68.62%
Elapsed time = 1008.82 sec. (178923.94 ticks, tree = 45.51 MB, solutions = 14)
   3103  1225   282910.6250   189   771989.0000   242221.2282   561982   68.62%
   3131  1257   390841.0017   177   771989.0000   242221.2282   566985   68.62%
   3155  1231   291502.0437   193   771989.0000   242221.2282   564924   68.62%
   3188  1312   386858.7828   223   771989.0000   242221.2282   580876   68.62%
   3205  1309   381000.3240   171   771989.0000   242221.2282   581428   68.62%
   3245  1320   389582.8682   197   771989.0000   242221.2282   583170   68.62%
   3295  1348   395100.4779   172   771989.0000   242221.2282   587405   68.62%
   3346  1449   399207.3039   199   771989.0000   242221.2282   612091   68.62%
   3366  1379   321468.1655   215   771989.0000   242221.2282   596841   68.62%
   3452  1574   300855.7164   180   771989.0000   242221.2282   638511   68.62%
Elapsed time = 1144.65 sec. (191527.23 ticks, tree = 47.69 MB, solutions = 14)
   3559  1707   391366.6664   182   771989.0000   242221.2282   667139   68.62%
   3687  1763   423059.8912   184   771989.0000   242221.2282   677419   68.62%
   3807  1967   441876.8684   215   771989.0000   242221.2282   722514   68.62%
   3949  2025   431546.8218   178   771989.0000   242221.2282   734414   68.62%
   4080  2075   442478.7137   186   771989.0000   242221.2282   740565   68.62%
   4324  2288   484226.5208   133   771989.0000   242221.2282   770921   68.62%
   4572  2664   468590.5930   213   771989.0000   242221.2282   807241   68.62%
   4821  2652   486462.8553   173   771989.0000   242221.2282   806990   68.62%
   5030  3039   554807.5556   155   771989.0000   242221.2282   839435   68.62%
   5238  3110   432718.6884   185   771989.0000   242221.2282   844190   68.62%
Elapsed time = 1553.15 sec. (229939.41 ticks, tree = 397.13 MB, solutions = 14)
   5509  3354   504864.2768   172   771989.0000   242221.2282   861723   68.62%
   5815  3630   540179.3841   152   771989.0000   242221.2282   875889   68.62%
   6116  3861   649871.7476   128   771989.0000   242221.2282   886120   68.62%
   6476  4395   560238.2917   138   771989.0000   242221.2282   913515   68.62%
   6799  4691   636672.4792   152   771989.0000   242221.2282   922987   68.62%
   7026  4915   344180.3750   134   771989.0000   242221.2282   937217   68.62%
   7356  5257   497788.7500   106   771989.0000   242221.2282   964756   68.62%
   7727  5356   574057.8232   144   771989.0000   242221.2282   983237   68.62%
   8198  5719   693705.3750   122   771989.0000   242221.2282  1009988   68.62%
   8654  6546   730748.5000    64   771989.0000   242968.0258  1090557   68.53%
Elapsed time = 1943.55 sec. (268286.51 ticks, tree = 1640.64 MB, solutions = 14)
   8904  6591   370755.3125   130   771989.0000   243303.5946  1096042   68.48%
   9094  6998   354931.8722   186   771989.0000   243303.5946  1141929   68.48%
   9415  7297   689192.8503   114   771989.0000   243303.5946  1177798   68.48%
*  9686+ 7524                       768925.0000   243303.5946            68.36%
   9765  7515   307289.3475   206   768925.0000   243303.5946  1214116   68.36%
*  9787+ 7352                       766859.0000   243303.5946            68.27%
  10008  7574   293277.6936   219   766859.0000   245326.2208  1229012   68.01%
  10297  8054   411839.9634   230   766859.0000   247636.7987  1283808   67.71%
* 10379+ 8084                       765335.0000   247636.7987            67.64%
  10646  8285   422360.7081   221   765335.0000   247636.7987  1315027   67.64%
  10951  8377   382405.7176   204   765335.0000   247636.7987  1326263   67.64%
  11317  8712   316998.1455   218   765335.0000   248058.8916  1358533   67.59%
  11635  9107   411124.0783   220   765335.0000   250325.5385  1388974   67.29%
Elapsed time = 2316.75 sec. (306567.25 ticks, tree = 2485.03 MB, solutions = 17)
Nodefile size = 424.60 MB (252.64 MB after compression)
  11945  9427   306407.3776   179   765335.0000   251398.3328  1428932   67.15%
  12288 10088   409276.1087   221   765335.0000   252135.6048  1493211   67.06%
  12613  9973   382744.6987   243   765335.0000   252731.2753  1487720   66.98%
  12952 10457   411616.1087   231   765335.0000   253107.9116  1532845   66.93%
  13295 10859   329863.3033   210   765335.0000   253394.5190  1578172   66.89%
  13616 10980   317959.7169   214   765335.0000   253399.9350  1586433   66.89%
  13933 11395   376821.7183   199   765335.0000   253663.5210  1636919   66.86%
* 14110+11699                       765096.0000   253663.5210            66.85%
  14281 11642   464209.1250   175   765096.0000   253721.9733  1654563   66.84%
  14623 12266   449418.1691   183   765096.0000   253721.9733  1711957   66.84%
  14957 12544   375483.5830   234   765096.0000   254492.8180  1740214   66.74%
Elapsed time = 2694.20 sec. (344947.57 ticks, tree = 3009.77 MB, solutions = 18)
Nodefile size = 951.36 MB (567.33 MB after compression)
  15330 13026   417136.0723   235   765096.0000   254492.8180  1794106   66.74%
  15719 13202   470303.8989   209   765096.0000   255424.0224  1808525   66.62%
  16118 13644        cutoff         765096.0000   255676.5811  1851572   66.58%
  16413 13890   462842.1217   190   765096.0000   255910.1798  1873218   66.55%
  16662 14129   393044.8015   212   765096.0000   255998.6424  1905079   66.54%
  16966 14610   752002.1667   101   765096.0000   256318.6913  1961813   66.50%
  17386 14894   726215.6667    86   765096.0000   256935.8062  2003472   66.42%
* 17472+14767                       744019.0000   256935.8062            65.47%
* 17601+14754                       725841.0000   256935.8062            64.60%
  17645 14925   262893.7443   211   725841.0000   256935.8062  2032387   64.60%
  17941 14880   363544.4703   166   725841.0000   256935.8062  2051355   64.60%
* 18012+14999                       723862.0000   257144.2776            64.48%
  18249 15194   520249.5281   184   723862.0000   257144.2776  2073305   64.48%
Elapsed time = 3019.85 sec. (383208.63 ticks, tree = 3546.93 MB, solutions = 22)
Nodefile size = 1457.36 MB (879.11 MB after compression)
* 18279+15342                       719013.0000   257144.2776            64.24%
  18525 15564   378937.8681   208   719013.0000   257218.3573  2134953   64.23%
  18881 15474   423062.2386   242   719013.0000   257567.2447  2124593   64.18%
  19263 16111   423125.7844   206   719013.0000   257567.2447  2191179   64.18%
  19606 16495   340411.8385   196   719013.0000   258311.8005  2229810   64.07%
  19935 16734   311296.6907   182   719013.0000   258777.3827  2255676   64.01%
Starting limited solution polishing.
  20271 17083   325404.8617   185   719013.0000   258783.3006  2287463   64.01%
  20651 17419   396926.9873   209   719013.0000   258945.6453  2319092   63.99%
* 20886+17401                       718060.0000   258961.0129            63.94%
  20996 17605   456854.4487   243   718060.0000   258962.3383  2340270   63.94%
* 21018+17693                       715799.0000   258962.3383            63.82%
  21278 17923   384981.0435   225   715799.0000   258962.3383  2377919   63.82%
* 21412+18012                       714896.0000   259023.9264            63.77%
  21462 18223   421838.5616   232   714896.0000   259037.7341  2411908   63.77%
Elapsed time = 3362.68 sec. (421427.32 ticks, tree = 4707.37 MB, solutions = 26)
Nodefile size = 2645.51 MB (1614.13 MB after compression)
  21544 18480   336298.4787   222   714896.0000   259037.7341  2438760   63.77%
* 21581+18106                       710147.0000   259037.7341            63.52%
  21733 18653   387452.2765   208   710147.0000   259037.7341  2464617   63.52%
  22117 18581   387772.4976   177   710147.0000   259037.7341  2452320   63.52%
  22397 18901   431396.6103   216   710147.0000   259506.0788  2501620   63.46%
  22661 19397   486526.5354   228   710147.0000   259506.0788  2540882   63.46%
  22969 19580   495049.5250   200   710147.0000   259518.8251  2555103   63.46%
  23086 19923   350375.5292   202   710147.0000   259518.8251  2599296   63.46%
  23304 20239   441270.5137   222   710147.0000   259518.8251  2625376   63.46%
  23653 20177   458247.1952   234   710147.0000   259518.8251  2619873   63.46%

Implied bound cuts applied:  179
Zero-half cuts applied:  493
Lift and project cuts applied:  17

Root node processing (before b&c):
  Real time             =   48.44 sec. (34523.23 ticks)
Parallel b&c, 8 threads:
  Real time             = 3555.50 sec. (426127.85 ticks)
  Sync time (average)   =  585.55 sec.
  Wait time (average)   =    0.01 sec.
                          ------------
Total (root+branch&cut) = 3603.93 sec. (460651.08 ticks)
Status: Feasible
Obj: 710147

Instalacoes abertas:
Instalação 0 aberta
Instalação 1 aberta
Instalação 4 aberta
Instalação 8 aberta
Instalação 9 aberta
Instalação 13 aberta
Instalação 16 aberta
Instalação 18 aberta
Instalação 19 aberta
Instalação 20 aberta
Instalação 22 aberta
Instalação 23 aberta
Instalação 25 aberta
Instalação 30 aberta
Instalação 31 aberta
Instalação 35 aberta
Instalação 39 aberta
Instalação 47 aberta
Instalação 49 aberta

Atribuições (cliente -> instalação):
Cliente 0 -> Instalação 1
Cliente 1 -> Instalação 47
Cliente 2 -> Instalação 47
Cliente 3 -> Instalação 31
Cliente 4 -> Instalação 16
Cliente 5 -> Instalação 13
Cliente 6 -> Instalação 13
Cliente 7 -> Instalação 9
Cliente 8 -> Instalação 8
Cliente 9 -> Instalação 13
Cliente 10 -> Instalação 22
Cliente 11 -> Instalação 8
Cliente 12 -> Instalação 25
Cliente 13 -> Instalação 25
Cliente 14 -> Instalação 25
Cliente 15 -> Instalação 9
Cliente 16 -> Instalação 30
Cliente 17 -> Instalação 18
Cliente 18 -> Instalação 4
Cliente 19 -> Instalação 9
Cliente 20 -> Instalação 18
Cliente 21 -> Instalação 19
Cliente 22 -> Instalação 22
Cliente 23 -> Instalação 30
Cliente 24 -> Instalação 49
Cliente 25 -> Instalação 31
Cliente 26 -> Instalação 0
Cliente 27 -> Instalação 0
Cliente 28 -> Instalação 49
Cliente 29 -> Instalação 1
Cliente 30 -> Instalação 8
Cliente 31 -> Instalação 23
Cliente 32 -> Instalação 4
Cliente 33 -> Instalação 9
Cliente 34 -> Instalação 49
Cliente 35 -> Instalação 16
Cliente 36 -> Instalação 23
Cliente 37 -> Instalação 39
Cliente 38 -> Instalação 4
Cliente 39 -> Instalação 9
Cliente 40 -> Instalação 20
Cliente 41 -> Instalação 35
Cliente 42 -> Instalação 18
Cliente 43 -> Instalação 20
Cliente 44 -> Instalação 8
Cliente 45 -> Instalação 47
Cliente 46 -> Instalação 20
Cliente 47 -> Instalação 0
Cliente 48 -> Instalação 39
Cliente 49 -> Instalação 19
