Version identifier: 22.1.1.0 | 2022-11-28 | 9160aff4d
CPXPARAM_TimeLimit                               3600
Tried aggregator 1 time.
MIP Presolve eliminated 50 rows and 1 columns.
Reduced MIP has 20900 rows, 2917 columns, and 62600 nonzeros.
Reduced MIP has 2917 binaries, 0 generals, 0 SOSs, and 0 indicators.
Presolve time = 0.03 sec. (32.04 ticks)
Found incumbent of value 1.6645761e+07 after 0.04 sec. (40.25 ticks)
Probing time = 0.01 sec. (5.38 ticks)
Tried aggregator 1 time.
Detecting symmetries...
Reduced MIP has 20900 rows, 2917 columns, and 62600 nonzeros.
Reduced MIP has 2917 binaries, 0 generals, 0 SOSs, and 0 indicators.
Presolve time = 0.04 sec. (38.34 ticks)
Probing time = 0.01 sec. (5.38 ticks)
Clique table members: 2500.
MIP emphasis: balance optimality and feasibility.
MIP search method: dynamic search.
Parallel mode: deterministic, using up to 8 threads.
Root relaxation solution time = 0.09 sec. (32.13 ticks)

        Nodes                                         Cuts/
   Node  Left     Objective  IInf  Best Integer    Best Bound    ItCnt     Gap

*     0+    0                       1.66458e+07        0.0000           100.00%
*     0+    0                       1.26568e+07        0.0000           100.00%
*     0+    0                      1166049.0000        0.0000           100.00%
*     0+    0                      1141049.0000        0.0000           100.00%
*     0+    0                       711906.0000        0.0000           100.00%
      0     0    93774.0000   100   711906.0000    93774.0000      182   86.83%
      0     0   106217.5000   100   711906.0000     Cuts: 931      380   85.08%
*     0+    0                       335534.0000   106217.5000            68.34%
      0     0   118774.0000    98   335534.0000     Cuts: 953      613   64.60%
      0     0   129585.2143   179   335534.0000 ZeroHalf: 371     1780   61.38%
*     0+    0                       297898.0000   129585.2143            56.50%
*     0+    0                       296210.0000   129585.2143            56.25%
      0     0  -1.00000e+75     0   296210.0000   129585.2143     1780   56.25%
*     0+    0                       286370.0000   129585.2143            54.75%
      0     0   134425.2500   185   286370.0000     Cuts: 419     2387   53.06%
      0     0   139772.5634   187   286370.0000     Cuts: 293     2952   51.19%
Detecting symmetries...
      0     0   142873.5314   188   286370.0000     Cuts: 269     3300   50.11%
*     0+    0                       274686.0000   142873.5314            47.99%
      0     0   145667.0329   207   274686.0000     Cuts: 134     3689   46.97%
      0     0   146896.9467   183   274686.0000     Cuts: 136     3952   46.52%
      0     0   147883.3259   175   274686.0000      Cuts: 56     4221   46.16%
      0     0   148655.6607   208   274686.0000      Cuts: 97     4465   45.88%
      0     0   149076.8186   201   274686.0000      Cuts: 59     4619   45.73%
      0     0   149653.3003   183   274686.0000     Cuts: 201     4810   45.52%
      0     0   150509.0114   208   274686.0000      Cuts: 49     5059   45.21%
      0     0   151239.1548   217   274686.0000     Cuts: 129     5296   44.94%
      0     0   151814.0133   187   274686.0000     Cuts: 143     5485   44.73%
      0     0   152264.8289   188   274686.0000      Cuts: 47     5698   44.57%
      0     0   152686.8737   211   274686.0000      Cuts: 39     5882   44.41%
      0     0   153022.6016   215   274686.0000      Cuts: 50     6020   44.29%
      0     0   153521.3781   209   274686.0000      Cuts: 57     6175   44.11%
      0     0   154246.5690   186   274686.0000      Cuts: 97     6422   43.85%
      0     0   154415.8686   212   274686.0000      Cuts: 25     6522   43.78%
      0     0   154798.7701   211   274686.0000      Cuts: 57     6670   43.65%
      0     0   155166.2210   187   274686.0000      Cuts: 53     6809   43.51%
      0     0   155350.0839   198   274686.0000      Cuts: 25     6917   43.44%
      0     0   155637.1883   211   274686.0000      Cuts: 51     7085   43.34%
      0     0   155842.5246   210   274686.0000      Cuts: 36     7202   43.27%
      0     0   156117.4254   181   274686.0000      Cuts: 92     7300   43.17%
      0     0   156293.1697   182   274686.0000      Cuts: 27     7364   43.10%
      0     0   156530.1311   196   274686.0000      Cuts: 48     7467   43.01%
      0     0   156563.9221   194   274686.0000      Cuts: 35     7489   43.00%
      0     0   156601.4348   199   274686.0000      Cuts: 19     7537   42.99%
Detecting symmetries...
      0     2   156601.4348   199   274686.0000   156601.4348     7537   42.99%
Elapsed time = 11.99 sec. (5662.56 ticks, tree = 0.02 MB, solutions = 10)
      8     6   161102.5630   159   274686.0000   156830.7168     8754   42.91%
     37    30   189035.0000    92   274686.0000   157564.5000    15976   42.64%
     85    77   205638.5000    86   274686.0000   157564.5000    28629   42.64%
    163   139   238078.8333   118   274686.0000   157564.5000    37220   42.64%
    266   208   237546.5000    78   274686.0000   157564.5000    45027   42.64%
    362   320   255578.5000    44   274686.0000   157564.5000    58832   42.64%
*   375   322      integral     0   273223.0000   157564.5000    59111   42.33%
    445   355   245158.0000    56   273223.0000   157564.5000    64803   42.33%
*   497   399      integral     0   268850.0000   157564.5000    70647   41.39%
    514   420   163695.5500   155   268850.0000   158728.2491    76442   40.96%
    560   445   205150.1667   120   268850.0000   159536.2183    83578   40.66%
    833   678   251802.2500   108   268850.0000   162057.1015   123401   39.72%
Elapsed time = 22.97 sec. (8818.47 ticks, tree = 19.08 MB, solutions = 12)
   1185   981   263348.9492   155   268850.0000   162770.9381   152163   39.46%
   1509  1291   215744.4000   147   268850.0000   168960.8426   189714   37.15%
   1850  1456   254697.0000    82   268850.0000   168960.8426   207240   37.15%
   2209  1786   215457.3000   136   268850.0000   171512.5039   248392   36.21%
   2595  2138   250416.6667   114   268850.0000   172205.6749   282563   35.95%
*  2693  2191      integral     0   263581.0000   172436.7679   288936   34.58%
   3004  2298   218810.6829   142   263581.0000   173856.3648   309795   34.04%

Performing restart 1

Repeating presolve.
Tried aggregator 2 times.
MIP Presolve eliminated 3682 rows and 354 columns.
Aggregator did 1 substitutions.
Reduced MIP has 17217 rows, 2562 columns, and 51552 nonzeros.
Reduced MIP has 2562 binaries, 0 generals, 0 SOSs, and 0 indicators.
Presolve time = 0.03 sec. (32.19 ticks)
Tried aggregator 1 time.
Reduced MIP has 17217 rows, 2562 columns, and 51552 nonzeros.
Reduced MIP has 2562 binaries, 0 generals, 0 SOSs, and 0 indicators.
Presolve time = 0.03 sec. (32.40 ticks)
Represolve time = 0.10 sec. (94.32 ticks)
   3319     0   158242.8652   186   263581.0000      Cuts: 57   356866   33.69%
*  3319+    0                       259750.0000   174768.2000            32.72%
   3319     0   160180.6479   184   259750.0000      Cuts: 69   357451   32.72%
   3319     0   161628.9107   185   259750.0000      Cuts: 52   357733   32.72%
*  3319+    0                       257258.0000   174768.2000            32.07%
   3319     0  -1.00000e+75     0   257258.0000   174768.2000   357733   32.07%
   3319     0   162250.2499   185   257258.0000      Cuts: 57   357927   32.07%
   3319     0   163168.3604   186   257258.0000      Cuts: 60   358175   32.07%
   3319     0   164203.2150   186   257258.0000      Cuts: 60   358436   32.07%
   3319     2   164203.2150   186   257258.0000   174768.2000   358436   32.07%
   3322     4   164847.3438   181   257258.0000   174768.2000   358712   32.07%
   3330     6   173268.7488   170   257258.0000   174768.2000   360143   32.07%
   3341    18   195514.2857   149   257258.0000   174768.2000   365993   32.07%
Elapsed time = 77.82 sec. (27877.20 ticks, tree = 0.29 MB, solutions = 15)
   3356    29   182038.1547   197   257258.0000   174768.2000   371698   32.07%
   3368    36   207072.1395   164   257258.0000   174768.2000   376904   32.07%
   3386    59   214791.3333   144   257258.0000   174768.2000   390817   32.07%
   3437    86   185378.1641   187   257258.0000   174768.2000   398951   32.07%
   3523    92   201514.6389   153   257258.0000   174768.2000   400687   32.07%
   3639   211   227098.9286   133   257258.0000   174768.2000   427756   32.07%
   3745   327   240881.3333   125   257258.0000   174768.2000   453845   32.07%
   3874   412   247202.2333   128   257258.0000   174768.2000   475690   32.07%
   3999   493   236777.3999   182   257258.0000   174768.2000   491960   32.07%
   4126   540   230904.4955   170   257258.0000   174768.2000   500149   32.07%
Elapsed time = 116.56 sec. (37472.22 ticks, tree = 2.75 MB, solutions = 15)
   4268   668   202485.4600   159   257258.0000   174768.2000   533371   32.07%
   4401   696   214177.4695   144   257258.0000   174768.2000   538015   32.07%
   4549   974   248307.3573   206   257258.0000   174768.2000   594135   32.07%
   4694  1100   241469.7188   175   257258.0000   174768.2000   607318   32.07%
   4884  1152   226807.0000   160   257258.0000   174768.2000   622660   32.07%
   5071  1217   214259.6814   168   257258.0000   174768.2000   630452   32.07%
   5205  1434   229098.3691   204   257258.0000   174768.2000   655743   32.07%
   5397  1541   194525.4215   160   257258.0000   174768.2000   675237   32.07%
   5542  1784   220722.8769   183   257258.0000   174768.2000   716138   32.07%
   5705  1881   252658.8868   188   257258.0000   176282.9929   729244   31.48%
Elapsed time = 162.75 sec. (47068.85 ticks, tree = 94.94 MB, solutions = 15)
   5850  1975   253751.9048   149   257258.0000   176835.3726   745467   31.26%
   6019  2053   249114.0833   133   257258.0000   176919.6231   760501   31.23%
   6200  2327   231116.1667   123   257258.0000   177465.4317   804168   31.02%
   6441  2512   242124.6765   125   257258.0000   177693.7683   826152   30.93%
   6640  2737   184863.9302   195   257258.0000   178342.4750   853855   30.68%
   6849  2756   222878.3438   135   257258.0000   179499.9816   858019   30.23%
   7046  2954   256000.5833   116   257258.0000   179839.1084   887052   30.09%
   7305  3161   210942.4970   155   257258.0000   179919.4343   916072   30.06%
   7500  3394   241410.6049   168   257258.0000   180743.7426   944028   29.74%
   7696  3532   232303.3750   138   257258.0000   181194.5852   964486   29.57%
Elapsed time = 209.16 sec. (56632.11 ticks, tree = 208.01 MB, solutions = 15)
   7885  3694   223250.9164   179   257258.0000   181548.3406   980936   29.43%
   8062  3920   243790.4593   152   257258.0000   182188.1213  1012497   29.18%
   8259  4019   210803.4454   190   257258.0000   182188.1213  1029309   29.18%
   8489  4339   232151.0000   149   257258.0000   182478.7250  1068576   29.07%
   8713  4419   239659.3597   185   257258.0000   183875.9046  1078215   28.52%
*  8851  4559      integral     0   244765.0000   184019.8264  1096583   24.82%
   8924  3325   210098.2524   188   244765.0000   184175.8485  1110194   24.75%
   9099  3476        cutoff         244765.0000   184733.4569  1136185   24.53%
   9277  3585   202601.4706   128   244765.0000   184911.2953  1158946   24.45%
   9495  3759        cutoff         244765.0000   185118.4106  1189315   24.37%
   9671  3837   236160.2985   138   244765.0000   185575.2185  1199995   24.18%
Elapsed time = 254.71 sec. (66202.88 ticks, tree = 250.73 MB, solutions = 16)
   9848  4096        cutoff         244765.0000   185958.6131  1242714   24.03%
  10012  4190   242595.3281   172   244765.0000   186152.9897  1261531   23.95%
  10216  4234   212598.3896   156   244765.0000   186223.2152  1271057   23.92%
  10431  4448   214090.5806   146   244765.0000   187111.1972  1310033   23.55%
  10678  4597   241346.5000   125   244765.0000   187397.0000  1331991   23.44%
  10869  4814   223019.1340   183   244765.0000   187559.8940  1364473   23.37%
  11001  4861   238756.1812   129   244765.0000   187717.9514  1372364   23.31%
  11196  5146   237955.5000   117   244765.0000   188035.8824  1419441   23.18%
  11359  5165   222168.3111   189   244765.0000   188129.5933  1424593   23.14%
  11599  5394   230383.4044   173   244765.0000   188607.5000  1456127   22.94%
Elapsed time = 298.69 sec. (75795.07 ticks, tree = 363.87 MB, solutions = 16)
  11857  5731   243240.6667    98   244765.0000   189262.8985  1501749   22.68%
  12084  5746   228929.2105   137   244765.0000   189501.9375  1505469   22.58%
  12280  5974   234855.9886   200   244765.0000   189905.3522  1535334   22.41%
  12491  6210   234994.2816   162   244765.0000   190048.3340  1566384   22.35%
  12669  6279   215456.3251   190   244765.0000   190143.9982  1579824   22.32%
  12906  6619   236787.6111   123   244765.0000   191098.0337  1634469   21.93%
  13149  6584   223629.2500   138   244765.0000   191283.6296  1629202   21.85%
  13359  6969   240625.7500    97   244765.0000   191859.1250  1679861   21.61%
  13541  7148        cutoff         244765.0000   192051.6606  1714162   21.54%
  13784  7296   229045.3000   128   244765.0000   192538.3333  1738647   21.34%
Elapsed time = 345.90 sec. (85373.84 ticks, tree = 543.61 MB, solutions = 16)
  14008  7254   241798.5000   109   244765.0000   192834.6274  1731562   21.22%
  14230  7649   226912.6216   154   244765.0000   193208.0000  1788190   21.06%
  14455  7707        cutoff         244765.0000   193359.7833  1795782   21.00%
  14666  7957   214304.6471   146   244765.0000   193589.9017  1833973   20.91%
  14915  8186   215882.1549   143   244765.0000   193725.3090  1868888   20.85%
  15127  8323   214139.2500   131   244765.0000   194002.8943  1886049   20.74%
  15327  8419   220943.4249   178   244765.0000   194090.1358  1901470   20.70%
  15560  8658   228393.6667   109   244765.0000   194524.1667  1936814   20.53%
  15778  8943   215938.8308   141   244765.0000   194942.1404  1976054   20.36%
  16010  8966   236971.5294   134   244765.0000   195231.8636  1979664   20.24%
Elapsed time = 389.83 sec. (94959.46 ticks, tree = 684.82 MB, solutions = 16)
  16228  9192   222945.0218   177   244765.0000   195406.3200  2017866   20.17%
  16431  9441        cutoff         244765.0000   195517.3846  2052163   20.12%
  16600  9506   241975.4103   138   244765.0000   195754.4834  2059841   20.02%
  16816  9640   235973.8636   142   244765.0000   195940.0442  2083430   19.95%
  17035  9930   212152.8541   169   244765.0000   196130.5944  2131641   19.87%
  17262  9836   236678.3636   157   244765.0000   196352.4973  2117370   19.78%
  17493 10164   237511.0166   165   244765.0000   196538.4339  2161548   19.70%
  17713 10317        cutoff         244765.0000   196883.5785  2189247   19.56%
  17963 10615   224951.8718   165   244765.0000   196944.5000  2236028   19.54%
  18844 11185   224761.1316   132   244765.0000   197627.3619  2321170   19.26%
Elapsed time = 446.03 sec. (107406.73 ticks, tree = 850.14 MB, solutions = 16)
* 19301+11644                       242830.0000   198005.0625            18.46%
  19659 11279        cutoff         242830.0000   198005.0625  2419573   18.46%
  20459 11904   218270.7500   124   242830.0000   198722.5000  2512159   18.16%
  21358 12645   219200.6496   156   242830.0000   199496.1752  2631576   17.85%
  22291 13437   234774.9211   135   242830.0000   200340.7333  2747602   17.50%
  23251 13916   231322.3773   185   242830.0000   200957.2500  2829815   17.24%
  24206 14718   223654.5435   151   242830.0000   201674.6325  2943728   16.95%
  25103 15506   229693.6181   177   242830.0000   202103.6333  3068421   16.77%
  25929 16198   238580.2500   115   242830.0000   202740.1320  3175388   16.51%
  26866 16702   216401.5333   154   242830.0000   203347.1549  3250457   16.26%
  27655 17460   239588.6667    98   242830.0000   203768.7273  3366368   16.09%
Elapsed time = 622.22 sec. (145609.46 ticks, tree = 1373.19 MB, solutions = 17)
  28594 18054        cutoff         242830.0000   204222.7500  3461684   15.90%
  29533 18731   229951.3796   170   242830.0000   204592.8548  3563779   15.75%
  30404 19296   233867.3400   150   242830.0000   204998.3124  3650016   15.58%
  31361 20046   226871.6555   161   242830.0000   205347.7532  3769285   15.44%
  32344 20802   233935.8077   129   242830.0000   205688.9306  3891643   15.30%
  33238 21424   242217.5741   160   242830.0000   206163.2372  3985754   15.10%
* 33919 21849      integral     0   241348.0000   206494.3125  4044514   14.44%
  34222 22092   217201.3333   113   241348.0000   206572.6973  4089510   14.41%
  35156 22108   231295.4706   144   241348.0000   207057.3906  4261948   14.21%

Performing restart 2

Repeating presolve.
Tried aggregator 1 time.
MIP Presolve eliminated 1623 rows and 155 columns.
Reduced MIP has 15594 rows, 2407 columns, and 59915 nonzeros.
Reduced MIP has 2407 binaries, 0 generals, 0 SOSs, and 0 indicators.
Presolve time = 0.13 sec. (104.70 ticks)
Tried aggregator 1 time.
Reduced MIP has 15594 rows, 2407 columns, and 59915 nonzeros.
Reduced MIP has 2407 binaries, 0 generals, 0 SOSs, and 0 indicators.
Presolve time = 0.06 sec. (45.11 ticks)
Represolve time = 0.27 sec. (187.43 ticks)
  35568     0   166837.7957   216   241348.0000      Cuts: 39  4349340   14.05%
  35568     0   167400.9342   207   241348.0000      Cuts: 36  4349498   14.05%
  35568     0   168281.8264   228   241348.0000      Cuts: 59  4349698   14.05%
* 35568+    0                       241291.0000   207429.3869            14.03%
* 35568+    0                       241118.0000   207429.3869            13.97%
  35568     0  -1.00000e+75     0   241118.0000   207429.3869  4349698   13.97%
  35568     0   168901.2141   206   241118.0000      Cuts: 88  4349935   13.97%
  35568     0   169376.5873   205   241118.0000      Cuts: 69  4350135   13.97%
  35568     0   169590.1807   208   241118.0000      Cuts: 83  4350308   13.97%
  35568     0   169898.6376   207   241118.0000      Cuts: 67  4350513   13.97%
  35568     0   170022.5909   209   241118.0000      Cuts: 86  4350612   13.97%

Repeating presolve.
Tried aggregator 1 time.
MIP Presolve eliminated 628 rows and 60 columns.
Reduced MIP has 14966 rows, 2347 columns, and 57463 nonzeros.
Reduced MIP has 2347 binaries, 0 generals, 0 SOSs, and 0 indicators.
Presolve time = 0.07 sec. (79.37 ticks)
Tried aggregator 1 time.
Reduced MIP has 14966 rows, 2347 columns, and 57463 nonzeros.
Reduced MIP has 2347 binaries, 0 generals, 0 SOSs, and 0 indicators.
Presolve time = 0.04 sec. (42.87 ticks)
Represolve time = 0.14 sec. (158.77 ticks)
  35568     0   170608.9752   203   241118.0000      Cuts: 69  4353811   13.97%
  35568     0   171255.5109   204   241118.0000      Cuts: 86  4354040   13.97%
  35568     0   171563.3613   209   241118.0000      Cuts: 66  4354190   13.97%
  35568     0   171696.2783   213   241118.0000      Cuts: 59  4354350   13.97%
  35568     0   171947.6878   187   241118.0000      Cuts: 43  4354546   13.97%
  35568     0   172419.5672   215   241118.0000      Cuts: 62  4354732   13.97%
  35568     0   172926.3890   210   241118.0000      Cuts: 74  4354957   13.97%
  35568     0   173293.6150   206   241118.0000      Cuts: 77  4355143   13.97%
  35568     2   173293.6150   206   241118.0000   207429.3869  4355143   13.97%
  35740   136   231303.7684   137   241118.0000   207429.3869  4397415   13.97%
Elapsed time = 820.97 sec. (201247.74 ticks, tree = 3.45 MB, solutions = 20)
  36295   522   218254.5479   187   241118.0000   207429.3869  4502717   13.97%
  37014  1067   236143.0031   159   241118.0000   207429.3869  4598363   13.97%
  37813  1705   232213.9277   144   241118.0000   207429.3869  4724721   13.97%
  38603  2355   237026.0003   162   241118.0000   207429.3869  4846393   13.97%
* 38685  2465      integral     0   238913.0000   207429.3869  4869728   13.18%
  39516  3079        cutoff         238913.0000   207429.3869  5013933   13.18%
  40416  3801   238318.7143   168   238913.0000   207429.3869  5157462   13.18%
  41265  4510   229078.6500   156   238913.0000   207429.3869  5310554   13.18%
  42139  5123   216583.2500   116   238913.0000   207429.3869  5444813   13.18%
  42993  5762   234515.3421   187   238913.0000   207429.3869  5589399   13.18%
  43815  6485   214145.9643   141   238913.0000   207429.3869  5748571   13.18%
Elapsed time = 960.92 sec. (239471.22 ticks, tree = 21.51 MB, solutions = 21)
  44706  7153        cutoff         238913.0000   207429.3869  5898093   13.18%
  45562  7689   235138.1346   162   238913.0000   207429.3869  6026137   13.18%
  46500  8403        cutoff         238913.0000   207429.3869  6189721   13.18%
  47389  9126   228578.7953   173   238913.0000   207429.3869  6356882   13.18%
  48263  9661   224326.7057   174   238913.0000   207429.3869  6486982   13.18%
  49153 10377   235538.0787   190   238913.0000   207429.3869  6665010   13.18%
* 49619 10760      integral     0   236796.0000   207429.3869  6766601   12.40%
  50004 10176   211599.2500   124   236796.0000   207429.3869  6830922   12.40%
  50862 10688   235117.1181   192   236796.0000   207429.3869  6967610   12.40%
  51697 11190   228793.1455   138   236796.0000   207429.3869  7112256   12.40%
  52502 11629   222470.8246   168   236796.0000   207588.7389  7246198   12.33%
Elapsed time = 1098.55 sec. (277682.59 ticks, tree = 37.82 MB, solutions = 22)
  53481 12355   232926.9310   137   236796.0000   208200.1429  7445923   12.08%
  54372 12940   227895.0476   153   236796.0000   208678.5332  7597152   11.87%
  55265 13479   228767.1712   149   236796.0000   209095.4500  7740901   11.70%
  56238 14190   236391.8333    89   236796.0000   209483.4352  7923896   11.53%
  57156 14622        cutoff         236796.0000   209957.4222  8044780   11.33%
  57984 15235   224985.0000   115   236796.0000   210353.4472  8226142   11.17%
  58821 15741   234661.8750   136   236796.0000   210813.2949  8388408   10.97%
  59633 16111        cutoff         236796.0000   211138.4667  8507052   10.84%
  60513 16656   216822.2576   164   236796.0000   211443.3990  8671010   10.71%
  61436 17154   230851.6831   169   236796.0000   211760.2788  8818036   10.57%
Elapsed time = 1231.71 sec. (315875.10 ticks, tree = 54.13 MB, solutions = 22)
  62378 17878        cutoff         236796.0000   212115.2571  9025123   10.42%
  63287 18374   234830.5438   165   236796.0000   212360.9896  9185476   10.32%
  64216 18944        cutoff         236796.0000   212676.6202  9369322   10.19%
  65164 19398   236015.1429   129   236796.0000   212946.0155  9500888   10.07%
  66113 19919   230696.7627   157   236796.0000   213236.7339  9654599    9.95%
  67111 20438   234775.0126   156   236796.0000   213520.1537  9816753    9.83%
  68054 20979   220869.8013   155   236796.0000   213823.9451  9969319    9.70%
  68978 21477   234313.0583   132   236796.0000   214079.8488 10118248    9.59%
  69965 22016   230994.1646   144   236796.0000   214371.4286 10287625    9.47%
  70865 22407   226890.8773   204   236796.0000   214637.5794 10414983    9.36%
Elapsed time = 1369.25 sec. (354060.22 ticks, tree = 68.16 MB, solutions = 22)
  71748 23031        cutoff         236796.0000   214889.5368 10623539    9.25%
  72717 23429   235024.8500   112   236796.0000   215179.3221 10755108    9.13%
  73714 23652        cutoff         236796.0000   215418.5941 10826555    9.03%
  74641 24057   225643.0323   141   236796.0000   215669.9722 10964258    8.92%
  75668 24623   236234.0233   136   236796.0000   215870.6809 11149910    8.84%
  76656 25314        cutoff         236796.0000   216104.2533 11385124    8.74%
  77642 25831   223583.3500   133   236796.0000   216327.1276 11546136    8.64%
  78620 26088   233245.9778   163   236796.0000   216539.5777 11640540    8.55%
  79540 26671   227637.5714   124   236796.0000   216746.1048 11839417    8.47%
  80505 27149        cutoff         236796.0000   216941.2083 12022910    8.38%
Elapsed time = 1504.91 sec. (392251.56 ticks, tree = 81.28 MB, solutions = 22)
  81503 27636   230356.3857   152   236796.0000   217166.6217 12184960    8.29%
  82496 28051        cutoff         236796.0000   217387.0088 12335249    8.20%
  83510 28481   236236.0526   143   236796.0000   217596.2917 12481032    8.11%
  84370 28952   232628.7551   149   236796.0000   217796.0526 12650160    8.02%
  85206 29370   235063.5278   152   236796.0000   218028.5704 12791189    7.93%
  86146 29642   233253.0393   158   236796.0000   218248.5763 12879968    7.83%
  87108 29883   229141.3662   149   236796.0000   218442.7500 12940159    7.75%
  87972 30272   223745.4433   157   236796.0000   218620.0000 13052949    7.68%
  88857 30686   226099.0912   191   236796.0000   218812.9141 13169360    7.59%
  89933 31140   234408.6667    98   236796.0000   218997.7222 13300690    7.52%
Elapsed time = 1656.29 sec. (430445.35 ticks, tree = 240.28 MB, solutions = 22)
  90829 31558   229396.1000   118   236796.0000   219205.8775 13398110    7.43%
  91626 32164        cutoff         236796.0000   219369.0000 13595282    7.36%
  92470 32423   233118.9444   148   236796.0000   219542.5345 13682477    7.29%
  93435 32738   231477.5268   166   236796.0000   219748.9091 13784268    7.20%
  94367 32976   235010.6485   152   236796.0000   219923.0896 13858062    7.13%
  95197 33429        cutoff         236796.0000   220037.5517 14003284    7.08%
  96167 33703   227426.7011   144   236796.0000   220198.4167 14093841    7.01%
  97204 34228        cutoff         236796.0000   220404.8108 14265763    6.92%
  98116 34551   229544.3797   153   236796.0000   220554.9474 14352333    6.86%
  99007 34845   227187.0000   146   236796.0000   220680.4502 14446082    6.81%
Elapsed time = 1815.36 sec. (468643.38 ticks, tree = 613.60 MB, solutions = 22)
 100003 34965   225552.8762   120   236796.0000   220809.1652 14487111    6.75%
 101088 35449   226307.5414   149   236796.0000   220975.3116 14646770    6.68%
 102008 35871        cutoff         236796.0000   221121.0508 14760778    6.62%
*102514 36030      integral     0   236787.0000   221222.8349 14793810    6.57%
 102870 36106   230709.0000    81   236787.0000   221242.3227 14824781    6.56%
 103835 36473   236617.0074   156   236787.0000   221411.6842 14971401    6.49%
 104865 36828   230990.3907   193   236787.0000   221570.8813 15101796    6.43%
 105810 37068        cutoff         236787.0000   221716.5000 15189593    6.36%
 106681 37570   229583.3529   160   236787.0000   221837.7227 15378697    6.31%
 107572 37706        cutoff         236787.0000   221998.9804 15429041    6.25%
*107928+37861                       234860.0000   222024.8681             5.47%
 108513 32688        cutoff         234860.0000   222199.5797 15521870    5.39%
Elapsed time = 1968.82 sec. (506809.54 ticks, tree = 772.04 MB, solutions = 24)
 109451 32861   230456.0000   138   234860.0000   222307.3206 15611396    5.34%
 110320 33090   234162.6500   112   234860.0000   222448.2417 15793411    5.28%
 111272 33340   234666.5000   106   234860.0000   222594.6867 15942408    5.22%
 112291 33359        cutoff         234860.0000   222688.5532 15955849    5.18%
 113186 33518        cutoff         234860.0000   222896.5600 16103630    5.09%
 114031 33605   232681.0749   132   234860.0000   223024.8351 16173836    5.04%
 115021 33673   227571.9545   141   234860.0000   223134.4743 16238305    4.99%
 116074 33798   233524.7955   134   234860.0000   223333.0933 16416147    4.91%
 117013 33927   233115.1528   160   234860.0000   223490.9602 16518629    4.84%
 117879 34038        cutoff         234860.0000   223647.0672 16663577    4.77%
Elapsed time = 2128.49 sec. (544987.43 ticks, tree = 1014.36 MB, solutions = 24)
 118842 34083   232913.0714   129   234860.0000   223811.0000 16773937    4.70%
 119863 34202        cutoff         234860.0000   223993.5206 16903562    4.63%
 120846 34245   229936.8346   170   234860.0000   224159.7222 16951284    4.56%
 121736 34301        cutoff         234860.0000   224276.2389 17127605    4.51%
 122710 34323        cutoff         234860.0000   224457.5000 17237362    4.43%
 123760 34354        cutoff         234860.0000   224605.8102 17300107    4.37%
 124673 34391        cutoff         234860.0000   224764.5300 17379432    4.30%
 125583 34353   232836.7727   118   234860.0000   224873.9545 17443691    4.25%
 126533 34372   232190.7654   151   234860.0000   225009.0000 17544965    4.19%
 127597 34321        cutoff         234860.0000   225169.7059 17668197    4.13%
Elapsed time = 2279.90 sec. (583168.50 ticks, tree = 1146.37 MB, solutions = 24)
 128618 34257   227809.2917   130   234860.0000   225304.6267 17773924    4.07%
 129511 34101        cutoff         234860.0000   225473.8771 17945421    4.00%
 130479 34032   234779.0606   163   234860.0000   225614.5000 18001145    3.94%
 131573 33924        cutoff         234860.0000   225774.7713 18149412    3.87%
 132595 33783        cutoff         234860.0000   225925.9760 18262579    3.80%
 133607 33640        cutoff         234860.0000   226104.8215 18423359    3.73%
 134601 33554        cutoff         234860.0000   226237.9088 18534365    3.67%
 135743 33507   230969.7000   120   234860.0000   226361.8939 18612514    3.62%
 136893 33362        cutoff         234860.0000   226491.8261 18715322    3.56%
 137896 33309   230048.1600   131   234860.0000   226653.7674 18764673    3.49%
Elapsed time = 2433.94 sec. (621362.22 ticks, tree = 1234.03 MB, solutions = 24)
 138947 33024        cutoff         234860.0000   226814.0769 18911099    3.43%
 140071 32908   233088.6124   207   234860.0000   226951.3500 18974986    3.37%
 141079 32501        cutoff         234860.0000   227104.2847 19168486    3.30%
 142125 32174   233677.3004   113   234860.0000   227283.7615 19276389    3.23%
 143114 31969        cutoff         234860.0000   227426.3125 19371549    3.17%
 144205 31587        cutoff         234860.0000   227569.0368 19492763    3.10%
 145329 31562        cutoff         234860.0000   227688.6537 19489970    3.05%
 146428 30973        cutoff         234860.0000   227831.9457 19662840    2.99%
 147472 30803        cutoff         234860.0000   227997.3333 19700335    2.92%
 148513 30457   234439.3451   126   234860.0000   228132.6902 19796909    2.86%
Elapsed time = 2581.86 sec. (659528.62 ticks, tree = 1202.54 MB, solutions = 24)
 149689 30074   234602.1908   159   234860.0000   228305.2941 19912705    2.79%
 150969 29216        cutoff         234860.0000   228524.5253 20082121    2.70%
 152125 28984        cutoff         234860.0000   228710.5000 20122712    2.62%
 153280 28191        cutoff         234860.0000   228862.5267 20281356    2.55%
 154562 27894        cutoff         234860.0000   229070.6923 20338531    2.47%
 155873 27266   232532.3750   158   234860.0000   229303.5679 20443316    2.37%
 157080 26236   233996.7090   148   234860.0000   229509.5000 20600491    2.28%
 158465 25909        cutoff         234860.0000   229721.0870 20648553    2.19%
 159872 24628        cutoff         234860.0000   229978.9486 20790807    2.08%
 161339 24057   234087.2727   169   234860.0000   230169.3052 20843099    2.00%
Elapsed time = 2724.41 sec. (697710.96 ticks, tree = 1004.05 MB, solutions = 24)
 162910 22828        cutoff         234860.0000   230447.5119 20960251    1.88%
 164528 21643        cutoff         234860.0000   230726.0116 21048349    1.76%
 166242 20335        cutoff         234860.0000   231002.3214 21134991    1.64%
 167976 18887   233744.2547   143   234860.0000   231299.4890 21220812    1.52%
 169785 17578        cutoff         234860.0000   231599.3782 21289927    1.39%
 171770 16029        cutoff         234860.0000   231906.5000 21358732    1.26%
 173818 13972        cutoff         234860.0000   232247.1731 21433362    1.11%
 176001 11857        cutoff         234860.0000   232614.1297 21498851    0.96%
 178362  9741        cutoff         234860.0000   233007.3500 21551031    0.79%
 180871  7320        cutoff         234860.0000   233415.4468 21596583    0.62%
Elapsed time = 2848.67 sec. (735873.75 ticks, tree = 278.52 MB, solutions = 24)
 183588  4692        cutoff         234860.0000   233901.2500 21630155    0.41%
 186435  1793        cutoff         234860.0000   234453.7000 21652590    0.17%

Zero-half cuts applied:  405
Lift and project cuts applied:  379
Gomory fractional cuts applied:  1

Root node processing (before b&c):
  Real time             =   11.96 sec. (5630.24 ticks)
Parallel b&c, 8 threads:
  Real time             = 2871.54 sec. (739966.10 ticks)
  Sync time (average)   =  325.50 sec.
  Wait time (average)   =    0.01 sec.
                          ------------
Total (root+branch&cut) = 2883.50 sec. (745596.34 ticks)
Status: Optimal
Obj: 234860

Instalacoes abertas:
Instalação 1 aberta
Instalação 4 aberta
Instalação 8 aberta
Instalação 9 aberta
Instalação 20 aberta
Instalação 22 aberta
Instalação 47 aberta

Atribuições (cliente -> instalação):
Cliente 0 -> Instalação 9
Cliente 1 -> Instalação 4
Cliente 2 -> Instalação 9
Cliente 3 -> Instalação 8
Cliente 4 -> Instalação 9
Cliente 5 -> Instalação 47
Cliente 6 -> Instalação 4
Cliente 7 -> Instalação 20
Cliente 8 -> Instalação 8
Cliente 9 -> Instalação 9
Cliente 10 -> Instalação 20
Cliente 11 -> Instalação 9
Cliente 12 -> Instalação 47
Cliente 13 -> Instalação 4
Cliente 14 -> Instalação 47
Cliente 15 -> Instalação 9
Cliente 16 -> Instalação 9
Cliente 17 -> Instalação 8
Cliente 18 -> Instalação 1
Cliente 19 -> Instalação 9
Cliente 20 -> Instalação 1
Cliente 21 -> Instalação 1
Cliente 22 -> Instalação 22
Cliente 23 -> Instalação 20
Cliente 24 -> Instalação 20
Cliente 25 -> Instalação 8
Cliente 26 -> Instalação 4
Cliente 27 -> Instalação 22
Cliente 28 -> Instalação 47
Cliente 29 -> Instalação 4
Cliente 30 -> Instalação 9
Cliente 31 -> Instalação 20
Cliente 32 -> Instalação 1
Cliente 33 -> Instalação 8
Cliente 34 -> Instalação 1
Cliente 35 -> Instalação 4
Cliente 36 -> Instalação 20
Cliente 37 -> Instalação 4
Cliente 38 -> Instalação 8
Cliente 39 -> Instalação 4
Cliente 40 -> Instalação 22
Cliente 41 -> Instalação 20
Cliente 42 -> Instalação 8
Cliente 43 -> Instalação 9
Cliente 44 -> Instalação 4
Cliente 45 -> Instalação 20
Cliente 46 -> Instalação 8
Cliente 47 -> Instalação 47
Cliente 48 -> Instalação 4
Cliente 49 -> Instalação 47
