Version identifier: 22.1.1.0 | 2022-11-28 | 9160aff4d
CPXPARAM_TimeLimit                               3600
Tried aggregator 1 time.
MIP Presolve eliminated 50 rows and 1 columns.
Reduced MIP has 33150 rows, 3162 columns, and 99350 nonzeros.
Reduced MIP has 3162 binaries, 0 generals, 0 SOSs, and 0 indicators.
Presolve time = 0.05 sec. (46.67 ticks)
Found incumbent of value 2.6833395e+07 after 0.06 sec. (59.30 ticks)
Probing time = 0.01 sec. (6.53 ticks)
Tried aggregator 1 time.
Detecting symmetries...
Reduced MIP has 33150 rows, 3162 columns, and 99350 nonzeros.
Reduced MIP has 3162 binaries, 0 generals, 0 SOSs, and 0 indicators.
Presolve time = 0.06 sec. (56.39 ticks)
Probing time = 0.02 sec. (6.53 ticks)
Clique table members: 2500.
MIP emphasis: balance optimality and feasibility.
MIP search method: dynamic search.
Parallel mode: deterministic, using up to 8 threads.
Root relaxation solution time = 0.08 sec. (49.57 ticks)

        Nodes                                         Cuts/
   Node  Left     Objective  IInf  Best Integer    Best Bound    ItCnt     Gap

*     0+    0                       2.68334e+07        0.0000           100.00%
*     0+    0                       1.99700e+07        0.0000           100.00%
*     0+    0                       728989.0000        0.0000           100.00%
*     0+    0                       714148.0000        0.0000           100.00%
*     0+    0                       691986.0000        0.0000           100.00%
      0     0    93774.0000   100   691986.0000    93774.0000      185   86.45%
      0     0   106217.5000   100   691986.0000    Cuts: 1503      401   84.65%
*     0+    0                       616052.0000   106217.5000            82.76%
      0     0   118774.0000    98   616052.0000    Cuts: 1548      632   80.72%
*     0+    0                       540620.0000   118774.0000            78.03%
      0     0   129827.4444   219   540620.0000 ZeroHalf: 509     1913   75.99%
*     0+    0                       538957.0000   129827.4444            75.91%
      0     0  -1.00000e+75     0   538957.0000   129827.4444     1913   75.91%
      0     0   134723.4172   189   538957.0000     Cuts: 473     2278   75.00%
      0     0   143088.5542   211   538957.0000     Cuts: 628     3174   73.45%
Detecting symmetries...
      0     0   148149.9776   190   538957.0000     Cuts: 794     4152   72.51%
      0     0   150730.1696   182   538957.0000     Cuts: 164     4546   72.03%
      0     0   152095.1886   191   538957.0000     Cuts: 171     4949   71.78%
*     0+    0                       426369.0000   152095.1886            64.33%
      0     0   153031.2488   193   426369.0000  ZeroHalf: 87     5215   64.11%
*     0+    0                       417169.0000   153031.2488            63.32%
      0     0   154057.0222   186   417169.0000     Cuts: 112     5396   63.07%
      0     0   155082.1191   217   417169.0000     Cuts: 125     5715   62.83%
      0     0   155862.2104   227   417169.0000     Cuts: 132     5970   62.64%
      0     0   156727.6597   236   417169.0000     Cuts: 113     6205   62.43%
      0     0   157833.8143   183   417169.0000     Cuts: 496     6506   62.17%
      0     0   158763.0671   185   417169.0000      Cuts: 91     6787   61.94%
      0     0   159956.4120   183   417169.0000      Cuts: 82     7091   61.66%
      0     0   160707.0785   177   417169.0000     Cuts: 179     7274   61.48%
      0     0   161382.4997   209   417169.0000      Cuts: 50     7533   61.31%
*     0+    0                       411238.0000   161382.4997            60.76%
      0     0   161968.3575   213   411238.0000      Cuts: 73     7755   60.61%
      0     0   163229.6703   184   411238.0000     Cuts: 217     8160   60.31%
      0     0   164213.8414   183   411238.0000      Cuts: 84     8416   60.07%
      0     0   164727.8542   215   411238.0000      Cuts: 52     8580   59.94%
      0     0   165371.5750   208   411238.0000      Cuts: 66     8842   59.79%
      0     0   165799.6012   213   411238.0000      Cuts: 69     9025   59.68%
      0     0   166077.2338   215   411238.0000      Cuts: 68     9184   59.62%
      0     0   166483.9579   218   411238.0000      Cuts: 49     9398   59.52%
      0     0   166935.1127   183   411238.0000     Cuts: 153     9587   59.41%
      0     0   167197.3497   184   411238.0000      Cuts: 52     9727   59.34%
      0     0   167499.2467   183   411238.0000      Cuts: 37     9886   59.27%
      0     0   167915.6457   180   411238.0000      Cuts: 50    10053   59.17%
      0     0   168133.2608   200   411238.0000      Cuts: 54    10180   59.12%
      0     0   168246.1443   182   411238.0000      Cuts: 26    10255   59.09%
      0     0   168368.0555   197   411238.0000  ZeroHalf: 30    10332   59.06%
      0     0   168466.6670   180   411238.0000      Cuts: 26    10430   59.03%
      0     0   168639.4528   199   411238.0000      Cuts: 42    10556   58.99%
      0     0   168824.9218   184   411238.0000     Cuts: 141    10710   58.95%
      0     0   168951.4818   183   411238.0000      Cuts: 40    10823   58.92%
      0     0   169037.5797   187   411238.0000      Cuts: 41    10921   58.90%
      0     0   169063.3222   184   411238.0000      Cuts: 21    10955   58.89%
      0     0   169144.3108   216   411238.0000      Cuts: 20    11030   58.87%
      0     0   169210.7019   214   411238.0000      Cuts: 35    11103   58.85%
Detecting symmetries...
      0     2   169210.7019   214   411238.0000   169210.7019    11103   58.85%
Elapsed time = 26.04 sec. (10251.00 ticks, tree = 0.02 MB, solutions = 11)
      4     5   169469.5703   211   411238.0000   169212.9763    11531   58.85%
     12    11   170575.3116   198   411238.0000   169473.6019    14788   58.79%
     25    17   205786.7327   155   411238.0000   169773.8266    18269   58.72%
     41    29   211512.6733   159   411238.0000   169773.8266    22895   58.72%
     59    53   220130.5000   100   411238.0000   169773.8266    33714   58.72%
     77    72   236130.0000    87   411238.0000   169773.8266    40009   58.72%
    108    81   207812.9687   151   411238.0000   169773.8266    44239   58.72%
    155   102   252981.5000    92   411238.0000   169773.8266    49474   58.72%
    217   194   348035.0000    70   411238.0000   169773.8266    62409   58.72%
    457   382   382061.5000    64   411238.0000   169773.8266    79949   58.72%
Elapsed time = 44.18 sec. (13465.52 ticks, tree = 40.82 MB, solutions = 11)
    564   510   331462.0000    61   411238.0000   169773.8266   101603   58.72%
    715   611   327087.3000    95   411238.0000   184083.5665   123072   55.24%
*   769   688      integral     0   397620.0000   184083.5665   133752   53.70%
    936   746   394879.1667    87   397620.0000   184083.5665   145964   53.70%
   1152   968   393041.2500    69   397620.0000   184290.8271   180751   53.65%
   1338  1153   246136.3333   150   397620.0000   188345.1728   207361   52.63%
   1557  1301   313976.1875   122   397620.0000   189592.4588   225079   52.32%
   1703  1488   387728.0909   114   397620.0000   189633.5813   241895   52.31%

Performing restart 1

Repeating presolve.
Tried aggregator 1 time.
MIP Presolve eliminated 2442 rows and 136 columns.
Reduced MIP has 30708 rows, 3026 columns, and 92024 nonzeros.
Reduced MIP has 3026 binaries, 0 generals, 0 SOSs, and 0 indicators.
Presolve time = 0.05 sec. (45.37 ticks)
Tried aggregator 1 time.
Reduced MIP has 30708 rows, 3026 columns, and 92024 nonzeros.
Reduced MIP has 3026 binaries, 0 generals, 0 SOSs, and 0 indicators.
Presolve time = 0.06 sec. (53.90 ticks)
Represolve time = 0.16 sec. (150.34 ticks)
   1707     0   169830.7320   221   397620.0000      Cuts: 63   256634   52.12%
   1707     0   170903.7097   221   397620.0000      Cuts: 80   257080   52.12%
   1707     0   172102.0746   215   397620.0000      Cuts: 69   257430   52.12%
*  1707+    0                       396031.0000   190367.0854            51.93%
*  1707+    0                       392484.0000   190367.0854            51.50%
*  1707+    0                       392124.0000   190367.0854            51.45%
   1707     0  -1.00000e+75     0   392124.0000   190367.0854   257430   51.45%
*  1707+    0                       391344.0000   190367.0854            51.36%
   1707     0   173278.7120   222   391344.0000      Cuts: 83   257749   51.36%
   1707     0   174062.9888   220   391344.0000      Cuts: 86   258052   51.36%
*  1707+    0                       391101.0000   190367.0854            51.33%
   1707     2   174062.9888   220   391101.0000   190367.0854   258052   51.33%
   1713     8   175660.3218   196   391101.0000   190367.0854   259055   51.33%
   1720     8   185620.3893   179   391101.0000   190367.0854   259482   51.33%
Elapsed time = 115.91 sec. (34332.26 ticks, tree = 0.02 MB, solutions = 18)
   1740    24   191869.1245   182   391101.0000   190367.0854   267775   51.33%
   1750    22   186805.9886   214   391101.0000   190367.0854   266320   51.33%
   1783    57   199120.8600   197   391101.0000   190367.0854   287677   51.33%
   1831   104   199801.9917   197   391101.0000   190367.0854   302195   51.33%
   1877   150   204199.7037   177   391101.0000   190367.0854   313420   51.33%
   1903   162   199698.9568   195   391101.0000   190367.0854   318008   51.33%
   1949   178   221731.7843   183   391101.0000   190367.0854   323027   51.33%
   1987   228   217681.8230   193   391101.0000   190367.0854   338897   51.33%
   2038   291   227756.9864   171   391101.0000   190367.0854   352454   51.33%
   2085   301   248596.8045   145   391101.0000   190367.0854   354214   51.33%
Elapsed time = 194.11 sec. (44250.38 ticks, tree = 16.73 MB, solutions = 18)
   2158   358   271166.6744   147   391101.0000   190367.0854   365977   51.33%
   2210   448   230686.3733   147   391101.0000   190367.0854   377582   51.33%
   2263   514   240412.6721   162   391101.0000   190367.0854   387189   51.33%
   2333   516   270455.8911   155   391101.0000   190367.0854   386708   51.33%
   2391   604   258968.1429   140   391101.0000   190367.0854   396860   51.33%
   2440   662   258498.0240   158   391101.0000   190367.0854   403910   51.33%
   2494   690   262524.1500   154   391101.0000   190367.0854   405424   51.33%
   2594   767   253791.2989   170   391101.0000   190367.0854   410929   51.33%
   2686   761   263594.2400   173   391101.0000   190367.0854   410539   51.33%
   2786   837   276507.4296   167   391101.0000   190367.0854   417147   51.33%
Elapsed time = 280.51 sec. (53970.85 ticks, tree = 131.79 MB, solutions = 18)
   2872   979   274106.6250   140   391101.0000   190367.0854   423548   51.33%
   2937  1097   283390.6012   167   391101.0000   190367.0854   431370   51.33%
   3049  1202   304391.6516   180   391101.0000   190367.0854   438359   51.33%
   3152  1217   297546.0000   111   391101.0000   190367.0854   438822   51.33%
   3262  1478   310320.8889   114   391101.0000   190367.0854   454137   51.33%
   3370  1439   291856.6667   149   391101.0000   190367.0854   453236   51.33%
   3542  1524   313580.7673   140   391101.0000   190367.0854   455946   51.33%
   3706  1659   298339.1422   213   391101.0000   190367.0854   460991   51.33%
   3828  1942   325076.1250   120   391101.0000   190367.0854   470787   51.33%
   3937  2021   345604.0455   121   391101.0000   190367.0854   475901   51.33%
Elapsed time = 353.71 sec. (63584.76 ticks, tree = 405.61 MB, solutions = 18)

Performing restart 2

Repeating presolve.
Tried aggregator 1 time.
MIP Presolve eliminated 153 rows and 11 columns.
Reduced MIP has 30555 rows, 3015 columns, and 119154 nonzeros.
Reduced MIP has 3015 binaries, 0 generals, 0 SOSs, and 0 indicators.
Presolve time = 0.12 sec. (111.24 ticks)
Tried aggregator 1 time.
Reduced MIP has 30555 rows, 3015 columns, and 119154 nonzeros.
Reduced MIP has 3015 binaries, 0 generals, 0 SOSs, and 0 indicators.
Presolve time = 0.10 sec. (87.28 ticks)
Represolve time = 0.30 sec. (251.25 ticks)
   3968     0   175328.7112   224   391101.0000      Cuts: 53   493292   51.33%
   3968     0   176192.9574   222   391101.0000      Cuts: 63   493622   51.33%
   3968     0   176573.6984   220   391101.0000      Cuts: 66   493814   51.33%
   3968     0   177258.7030   224   391101.0000      Cuts: 77   494013   51.33%
   3968     0   177944.5433   213   391101.0000      Cuts: 59   494251   51.33%
   3968     0   178635.9384   220   391101.0000      Cuts: 89   494507   51.33%
   3968     0   179009.3148   222   391101.0000      Cuts: 56   494680   51.33%
   3968     0   179285.4705   220   391101.0000      Cuts: 87   494907   51.33%
   3968     2   179285.4705   220   391101.0000   190367.0854   494907   51.33%
   3985     4   191328.2514   180   391101.0000   190367.0854   495897   51.33%
   4025    53   269102.5000    82   391101.0000   190367.0854   526148   51.33%
   4100   111   285079.0000    88   391101.0000   190367.0854   547284   51.33%
   4218   204   327895.3333   103   391101.0000   190367.0854   571307   51.33%
   4356   318   357602.0000    68   391101.0000   190367.0854   592970   51.33%
   4465   405   290828.1667    91   391101.0000   190367.0854   612040   51.33%
   4592   495   281351.0000    82   391101.0000   190367.0854   638433   51.33%
   4727   601   357410.1111    87   391101.0000   190367.0854   656400   51.33%
   4845   710   257888.3889   126   391101.0000   190367.0854   684125   51.33%
Elapsed time = 422.39 sec. (85372.58 ticks, tree = 9.11 MB, solutions = 18)
   4925   806   255982.2000   147   391101.0000   190367.0854   709014   51.33%
   5033   843   228729.1933   198   391101.0000   190367.0854   720591   51.33%
   5150   954   365472.6000   109   391101.0000   190367.0854   745250   51.33%
   5269  1128   340974.7407   149   391101.0000   193574.3927   780865   50.51%
   5383  1161   324760.3409   141   391101.0000   196362.6457   785957   49.79%
   5504  1302   299800.1094   147   391101.0000   196362.6457   816093   49.79%
   5600  1414   318270.3443   143   391101.0000   197781.8658   833847   49.43%
   5680  1464   265741.7234   140   391101.0000   197786.0381   848552   49.43%
   5779  1588   280046.5706   171   391101.0000   197786.0381   877680   49.43%
   5873  1633   329402.1667   101   391101.0000   197786.0381   888211   49.43%
Elapsed time = 485.52 sec. (94959.82 ticks, tree = 14.32 MB, solutions = 18)
   5997  1778   201398.1009   184   391101.0000   199971.7221   918813   48.87%
   6082  1829   343001.0000    93   391101.0000   199971.7221   928888   48.87%
   6187  1945   382199.7097   156   391101.0000   200118.7293   949421   48.83%
   6280  2049   287856.1622   218   391101.0000   200265.6893   979028   48.79%
   6355  2133   368585.7600   137   391101.0000   200265.6893   995628   48.79%
   6466  2245   328888.0000    76   391101.0000   200265.6893  1028881   48.79%
   6635  2224   346728.4086   166   391101.0000   200477.5000  1024379   48.74%
   6744  2407   367438.4514   140   391101.0000   201480.3863  1055313   48.48%
   6868  2520   382093.3153   133   391101.0000   202098.3645  1077367   48.33%
   6988  2696   274545.1719   147   391101.0000   202098.3645  1113186   48.33%
Elapsed time = 546.03 sec. (104611.54 ticks, tree = 20.03 MB, solutions = 18)
   7088  2812   346519.5000    75   391101.0000   202524.0457  1135098   48.22%
   7231  2892   329964.7222   101   391101.0000   202524.0457  1157918   48.22%
   7346  3028   361373.8889   135   391101.0000   202603.4030  1182499   48.20%
   7476  3091   360158.1818   109   391101.0000   202694.5323  1198992   48.17%
   7624  3260   347907.5882   136   391101.0000   202929.9718  1233430   48.11%
   7752  3328   381500.0000    79   391101.0000   202929.9718  1241385   48.11%
   7878  3389   359916.0000    96   391101.0000   203424.9043  1258368   47.99%
   7971  3527   342553.5000    81   391101.0000   203680.6491  1283219   47.92%
   8083  3680   287015.9051   148   391101.0000   203690.5314  1317687   47.92%
   8191  3792   363037.8750   137   391101.0000   203690.5314  1342263   47.92%
Elapsed time = 611.21 sec. (114200.05 ticks, tree = 23.96 MB, solutions = 18)
   8304  3894   311570.8036   179   391101.0000   203920.7170  1363417   47.86%
   8384  3954   350464.9675   182   391101.0000   203920.7170  1378863   47.86%
   8526  4035   363814.5000    66   391101.0000   203920.7170  1392155   47.86%
   8671  4121   215666.4103   151   391101.0000   203962.1322  1415811   47.85%
   8797  4359   310250.5000    92   391101.0000   204543.0851  1456077   47.70%
   8920  4362   331343.3571   121   391101.0000   204652.8016  1453724   47.67%
   9063  4580   206388.0844   225   391101.0000   204807.3965  1496044   47.63%
   9156  4637   337194.8889   135   391101.0000   204833.1520  1507537   47.63%
   9284  4776   279522.5612   142   391101.0000   204833.1520  1537379   47.63%
   9799  5266   280132.1154   133   391101.0000   205433.8423  1632359   47.47%
Elapsed time = 702.98 sec. (126686.65 ticks, tree = 32.45 MB, solutions = 18)
*  9908  5395      integral     0   390981.0000   205433.8423  1657139   47.46%
  10309  5704   272960.7314   222   390981.0000   205814.5006  1724280   47.36%
  10732  6149   298366.6135   157   390981.0000   206802.9854  1816205   47.11%
  11343  6514        cutoff         390981.0000   207771.1979  1896548   46.86%
  11841  7158   247568.8574   167   390981.0000   208202.7531  2008887   46.75%
  12323  7610   388090.3333   104   390981.0000   209046.9182  2093654   46.53%
  12792  7991   326439.3409   124   390981.0000   209758.8572  2182836   46.35%
  13345  8551   244700.5426   207   390981.0000   210476.8584  2277641   46.17%
  13874  8911   239944.4250   155   390981.0000   211052.2210  2323422   46.02%
* 13893  9029      integral     0   378516.0000   211052.2210  2338333   44.24%
  14366  8618   286618.8879   148   378516.0000   211292.9768  2379410   44.18%
  14904  9217   303488.2500   109   378516.0000   212095.4167  2463639   43.97%
Elapsed time = 986.16 sec. (164963.16 ticks, tree = 220.87 MB, solutions = 20)
  15477  9664   282487.0000    77   378516.0000   213141.0178  2527627   43.69%
  16046 10255   349470.2500    73   378516.0000   213406.2500  2611337   43.62%
  16609 10754   303523.0158   142   378516.0000   214466.7475  2673189   43.34%
  17128 11301   366454.6667    95   378516.0000   214672.9818  2749160   43.29%
* 17587 11540      integral     0   377951.0000   214877.2500  2782299   43.15%
  17657 11747   363313.0000    56   377951.0000   215161.8224  2816048   43.07%
* 17932+11943                       370039.0000   215554.2959            41.75%
  18198 11488   255981.0000   126   370039.0000   215622.8486  2878577   41.73%
  18747 11856   275133.8333   147   370039.0000   216140.0417  2936958   41.59%
* 19272 12522      integral     0   369857.0000   216174.1964  3028538   41.55%
  19304 12360   249468.0000   122   369857.0000   216174.1964  3004287   41.55%
* 19586+12517                       357895.0000   216174.1964            39.60%
  19769 11685   316583.2500   156   357895.0000   217060.1563  3074408   39.35%
  20214 11958   330626.8969   125   357895.0000   217069.5338  3115312   39.35%
Elapsed time = 1262.82 sec. (203153.49 ticks, tree = 725.19 MB, solutions = 24)
  20666 12287   325094.0000    75   357895.0000   217285.0907  3157933   39.29%
  21172 12783   266195.6422   206   357895.0000   218053.0891  3230835   39.07%
  21664 13573   302751.5176   155   357895.0000   218362.3795  3354509   38.99%
  22229 13729   276258.8333   125   357895.0000   218728.8232  3381248   38.88%
  22765 14288   289395.3104   141   357895.0000   219159.9137  3464916   38.76%
  23286 14773   334038.6379   141   357895.0000   219268.5434  3528638   38.73%
  23830 15374   252096.3906   146   357895.0000   219570.2173  3627107   38.65%
  24409 15714   317044.3856   146   357895.0000   220132.4448  3675656   38.49%
  24899 16411   344640.1765   132   357895.0000   220482.4042  3768906   38.39%
  25408 16575   348696.2500    86   357895.0000   220570.2910  3793122   38.37%
Elapsed time = 1552.11 sec. (241358.63 ticks, tree = 1404.59 MB, solutions = 24)
  25990 17276   271586.1826   144   357895.0000   220786.1106  3901566   38.31%
  26518 17412   276605.8606   137   357895.0000   221005.9585  3917470   38.25%
  26999 18228   310481.0000   115   357895.0000   221393.2822  4042354   38.14%
  27564 18370   348045.1859   162   357895.0000   221787.4291  4067616   38.03%
* 27801+18683                       353794.0000   221892.2993            37.28%
  27980 18452   325147.2996   145   353794.0000   221892.2993  4158395   37.28%
* 28143+18666                       353015.0000   221924.8178            37.13%
  28410 18556   277560.7409   186   353015.0000   221924.8178  4192681   37.13%
  28980 19045   345153.6250   122   353015.0000   222301.9494  4253377   37.03%
  29482 19389   252773.2500   131   353015.0000   222635.6250  4302671   36.93%
  30057 20001   332185.4787   166   353015.0000   222809.8760  4388949   36.88%
  30645 20294   307866.3860   168   353015.0000   223187.0473  4428425   36.78%
Elapsed time = 1818.66 sec. (279591.93 ticks, tree = 1918.16 MB, solutions = 26)
  31188 21274   272656.7103   147   353015.0000   223296.4558  4559826   36.75%
  31709 21564   320033.9145   168   353015.0000   223510.9190  4606325   36.69%
  32272 21717   254716.7778   134   353015.0000   223883.6949  4623817   36.58%
  32834 22140   309622.2734   149   353015.0000   224088.4363  4692310   36.52%
  33404 22912   274849.2303   132   353015.0000   224343.1702  4785513   36.45%
  33989 23836   317926.9034   140   353015.0000   224454.9987  4915299   36.42%
  34622 24106   283734.4000   113   353015.0000   224518.4444  4950546   36.40%
  35122 24543        cutoff         353015.0000   224845.8866  5002341   36.31%
  35639 24902   323201.0000    83   353015.0000   225018.8244  5049833   36.26%
  36039 25492   272257.0000   122   353015.0000   225086.1446  5132056   36.24%
Elapsed time = 2093.77 sec. (317789.00 ticks, tree = 2704.95 MB, solutions = 26)
Nodefile size = 640.71 MB (384.76 MB after compression)
  36589 25947   343260.9643   125   353015.0000   225357.5041  5190333   36.16%
  37117 26377   246974.8389   159   353015.0000   225403.0300  5243778   36.15%
  37732 26754   336608.7165   124   353015.0000   225784.7090  5281830   36.04%
  38366 26957   263982.1582   153   353015.0000   225927.1818  5311002   36.00%
  39004 27782   264089.9705   182   353015.0000   226182.2447  5407551   35.93%
  39613 28792   320592.4167   101   353015.0000   226304.5964  5532400   35.89%
  40226 29325   344567.6409   162   353015.0000   226476.8243  5600491   35.84%
  40789 29782   303860.3556   150   353015.0000   226683.3337  5650790   35.79%
  41383 30008   326672.4783   139   353015.0000   226822.2981  5681215   35.75%
  42013 30643   266997.0441   138   353015.0000   226993.7967  5754422   35.70%
Elapsed time = 2354.60 sec. (356006.31 ticks, tree = 3579.60 MB, solutions = 26)
Nodefile size = 1518.48 MB (913.36 MB after compression)
  42701 31414   306281.5000    73   353015.0000   227072.2365  5841085   35.68%
  43344 31518   258362.0833   124   353015.0000   227327.9220  5850333   35.60%
* 43541+32235                       351786.0000   227342.8836            35.37%
  43847 32220   323611.3671   130   351786.0000   227472.1354  5951839   35.34%
  44296 32824   277182.6784   171   351786.0000   227542.0683  6018158   35.32%
  44936 33184   261275.8929   158   351786.0000   227542.0683  6055491   35.32%
  45552 33669        cutoff         351786.0000   227858.5303  6111734   35.23%
  46203 34264   337082.2500    97   351786.0000   228004.0444  6186528   35.19%
  46847 34928   293802.2479   134   351786.0000   228200.9725  6248838   35.13%
  47433 35575        cutoff         351786.0000   228321.7433  6323280   35.10%
  48036 36047   316327.2500   127   351786.0000   228625.6612  6381083   35.01%
Elapsed time = 2603.62 sec. (394190.94 ticks, tree = 4379.32 MB, solutions = 27)
Nodefile size = 2310.92 MB (1390.28 MB after compression)
  48664 36726   262742.3402   152   351786.0000   228721.6667  6463626   34.98%
  49254 37562   293650.9231   118   351786.0000   228870.7445  6557314   34.94%
  49901 37800   329070.2778   127   351786.0000   228964.6787  6585811   34.91%
  50611 38339   280312.3056   127   351786.0000   229076.7125  6639818   34.88%
  51163 38634   335246.1154   145   351786.0000   229107.3178  6674978   34.87%
  51646 39054   285283.0139   140   351786.0000   229465.7377  6721935   34.77%
  52190 40169        cutoff         351786.0000   229780.2572  6850531   34.68%
  52629 40010   292643.0287   165   351786.0000   229805.6197  6831248   34.67%
  53259 41113   339505.7500    71   351786.0000   229947.8333  6968069   34.63%
  53879 41403   343012.0000    68   351786.0000   229947.8333  7000772   34.63%
Elapsed time = 2848.47 sec. (432388.60 ticks, tree = 5235.90 MB, solutions = 27)
Nodefile size = 3174.02 MB (1910.25 MB after compression)
  54504 41717   314713.0000    77   351786.0000   230157.9149  7036240   34.57%
  55093 42925   276552.2860   150   351786.0000   230557.3459  7187307   34.46%
  55708 42896   273209.8892   153   351786.0000   230612.8333  7186234   34.45%
  56279 43287   263002.0000    99   351786.0000   230796.0940  7225155   34.39%
  56823 43863   260434.9530   190   351786.0000   230913.5424  7295531   34.36%
  57425 44609   343740.5000    74   351786.0000   231062.2108  7385379   34.32%
  58025 45221   322873.5000    72   351786.0000   231168.0357  7463010   34.29%
  58610 45505   284405.0925   157   351786.0000   231233.1844  7499246   34.27%
* 59092+46015                       351518.0000   231311.0554            34.20%
  59109 46103   279005.8888   191   351518.0000   231311.0554  7570785   34.20%
  59644 46376   344408.4663   176   351518.0000   231431.5727  7604941   34.16%
Elapsed time = 3115.49 sec. (470592.08 ticks, tree = 5886.86 MB, solutions = 28)
Nodefile size = 3821.07 MB (2299.71 MB after compression)
  60259 47342   304103.5185   169   351518.0000   231581.7991  7725236   34.12%
  60788 48119   277424.8480   172   351518.0000   231678.3697  7815687   34.09%
  61320 47827   253276.7767   168   351518.0000   231857.0837  7784488   34.04%
  61894 48795   316877.7500   113   351518.0000   231982.5184  7905251   34.01%
Starting limited solution polishing.
  62408 48947   270544.4301   174   351518.0000   232152.1119  7930125   33.96%
  62949 49764   274652.7261   176   351518.0000   232249.0989  8039648   33.93%
  63447 50128   297744.4031   164   351518.0000   232392.2107  8086095   33.89%
* 63560+50488                       350426.0000   232437.0500            33.67%
  63882 50545   263185.3249   207   350426.0000   232457.9269  8170573   33.66%
* 63888+50169                       350388.0000   232457.9269            33.66%
  64287 50781   273979.1724   133   350388.0000   232493.4537  8194346   33.65%
  64489 51003   258486.8388   173   350388.0000   232525.4667  8228751   33.64%
Elapsed time = 3346.35 sec. (508797.75 ticks, tree = 6534.11 MB, solutions = 30)
Nodefile size = 4455.09 MB (2680.36 MB after compression)
  64765 51525   306062.6790   181   350388.0000   232622.5903  8293283   33.61%
  65320 51768   333955.1429   156   350388.0000   232622.5903  8319067   33.61%
  65730 52046   281260.1991   175   350388.0000   232695.6017  8359161   33.59%
  66065 52572   335588.4333   125   350388.0000   232738.4434  8418137   33.58%
  66456 52882   327958.8675   181   350388.0000   232751.5200  8455106   33.57%
  66794 52959   252630.0254   144   350388.0000   232896.8734  8470503   33.53%
  67120 53486   274886.4869   133   350388.0000   232924.4545  8542936   33.52%
* 67267+53552                       350353.0000   232924.4545            33.52%
  67441 53752   319246.3078   141   350353.0000   232924.4545  8579310   33.52%
  67770 53898   336995.9559   123   350353.0000   232924.4545  8596354   33.52%
  68289 54520   337059.8333   107   350353.0000   232924.4545  8667292   33.52%
Elapsed time = 3516.80 sec. (547100.12 ticks, tree = 7122.60 MB, solutions = 31)
Nodefile size = 5055.91 MB (3043.51 MB after compression)
  68504 54641   333665.0417   160   350353.0000   233193.9377  8682533   33.44%
  68842 55099   281752.1840   207   350353.0000   233200.9189  8732815   33.44%
  69173 55439   268689.6436   151   350353.0000   233304.0512  8769458   33.41%
  69455 55388   256469.5909   159   350353.0000   233347.7584  8764041   33.40%
  69862 56011   343713.9295   128   350353.0000   233424.5503  8849633   33.37%
* 69966+55275                       347801.0000   233424.5503            32.89%
  70112 55357        cutoff         347801.0000   233467.7702  8879035   32.87%
* 70180+55534                       342998.0000   233467.7702            31.93%
* 70180+55534                       342209.0000   233467.7702            31.78%

Zero-half cuts applied:  446
Lift and project cuts applied:  199

Root node processing (before b&c):
  Real time             =   26.00 sec. (10195.94 ticks)
Parallel b&c, 8 threads:
  Real time             = 3576.97 sec. (565975.40 ticks)
  Sync time (average)   =  546.66 sec.
  Wait time (average)   =    0.01 sec.
                          ------------
Total (root+branch&cut) = 3602.97 sec. (576171.34 ticks)
Status: Feasible
Obj: 342209

Instalacoes abertas:
Instalação 1 aberta
Instalação 4 aberta
Instalação 8 aberta
Instalação 9 aberta
Instalação 13 aberta
Instalação 18 aberta
Instalação 20 aberta
Instalação 22 aberta
Instalação 30 aberta
Instalação 47 aberta

Atribuições (cliente -> instalação):
Cliente 0 -> Instalação 30
Cliente 1 -> Instalação 1
Cliente 2 -> Instalação 30
Cliente 3 -> Instalação 20
Cliente 4 -> Instalação 4
Cliente 5 -> Instalação 13
Cliente 6 -> Instalação 4
Cliente 7 -> Instalação 13
Cliente 8 -> Instalação 8
Cliente 9 -> Instalação 20
Cliente 10 -> Instalação 8
Cliente 11 -> Instalação 20
Cliente 12 -> Instalação 20
Cliente 13 -> Instalação 9
Cliente 14 -> Instalação 47
Cliente 15 -> Instalação 1
Cliente 16 -> Instalação 9
Cliente 17 -> Instalação 47
Cliente 18 -> Instalação 18
Cliente 19 -> Instalação 1
Cliente 20 -> Instalação 18
Cliente 21 -> Instalação 20
Cliente 22 -> Instalação 22
Cliente 23 -> Instalação 30
Cliente 24 -> Instalação 13
Cliente 25 -> Instalação 4
Cliente 26 -> Instalação 47
Cliente 27 -> Instalação 22
Cliente 28 -> Instalação 47
Cliente 29 -> Instalação 8
Cliente 30 -> Instalação 20
Cliente 31 -> Instalação 8
Cliente 32 -> Instalação 9
Cliente 33 -> Instalação 9
Cliente 34 -> Instalação 1
Cliente 35 -> Instalação 8
Cliente 36 -> Instalação 13
Cliente 37 -> Instalação 47
Cliente 38 -> Instalação 4
Cliente 39 -> Instalação 9
Cliente 40 -> Instalação 9
Cliente 41 -> Instalação 18
Cliente 42 -> Instalação 8
Cliente 43 -> Instalação 4
Cliente 44 -> Instalação 47
Cliente 45 -> Instalação 4
Cliente 46 -> Instalação 9
Cliente 47 -> Instalação 1
Cliente 48 -> Instalação 4
Cliente 49 -> Instalação 13
