Version identifier: 22.1.1.0 | 2022-11-28 | 9160aff4d
CPXPARAM_TimeLimit                               3600
Tried aggregator 1 time.
MIP Presolve eliminated 50 rows and 1 columns.
Reduced MIP has 27000 rows, 3039 columns, and 80900 nonzeros.
Reduced MIP has 3039 binaries, 0 generals, 0 SOSs, and 0 indicators.
Presolve time = 0.04 sec. (39.34 ticks)
Found incumbent of value 2.1059206e+07 after 0.05 sec. (49.75 ticks)
Probing time = 0.01 sec. (6.20 ticks)
Tried aggregator 1 time.
Detecting symmetries...
Reduced MIP has 27000 rows, 3039 columns, and 80900 nonzeros.
Reduced MIP has 3039 binaries, 0 generals, 0 SOSs, and 0 indicators.
Presolve time = 0.05 sec. (47.34 ticks)
Probing time = 0.02 sec. (6.20 ticks)
Clique table members: 2500.
MIP emphasis: balance optimality and feasibility.
MIP search method: dynamic search.
Parallel mode: deterministic, using up to 8 threads.
Root relaxation solution time = 0.06 sec. (40.67 ticks)

        Nodes                                         Cuts/
   Node  Left     Objective  IInf  Best Integer    Best Bound    ItCnt     Gap

*     0+    0                       2.10592e+07        0.0000           100.00%
*     0+    0                       1.51807e+07        0.0000           100.00%
*     0+    0                       975402.0000        0.0000           100.00%
*     0+    0                       894568.0000        0.0000           100.00%
      0     0    93774.0000   100   894568.0000    93774.0000      180   89.52%
      0     0   106217.5000   100   894568.0000    Cuts: 1157      410   88.13%
*     0+    0                       576084.0000   106217.5000            81.56%
      0     0   118774.0000    98   576084.0000    Cuts: 1197      701   79.38%
*     0+    0                       513089.0000   118774.0000            76.85%
      0     0   129705.6111   174   513089.0000 ZeroHalf: 439     1963   74.72%
*     0+    0                       446927.0000   129705.6111            70.98%
      0     0  -1.00000e+75     0   446927.0000   129705.6111     1963   70.98%
*     0+    0                       350035.0000   129705.6111            62.94%
      0     0   133285.6533   149   350035.0000     Cuts: 642     2517   61.92%
      0     0   139048.1953   183   350035.0000     Cuts: 241     3089   60.28%
Detecting symmetries...
      0     0   143065.1969   210   350035.0000     Cuts: 255     3639   59.13%
      0     0   146610.1625   214   350035.0000     Cuts: 162     4051   58.12%
      0     0   148427.7480   191   350035.0000     Cuts: 369     4404   57.60%
      0     0   150072.1164   183   350035.0000     Cuts: 140     4722   57.13%
      0     0   151245.2515   209   350035.0000     Cuts: 160     5011   56.79%
      0     0   152492.0196   205   350035.0000     Cuts: 107     5310   56.44%
      0     0   153225.8329   208   350035.0000      Cuts: 88     5533   56.23%
      0     0   154232.7971   213   350035.0000     Cuts: 165     5744   55.94%
      0     0   155189.8010   183   350035.0000     Cuts: 167     6025   55.66%
      0     0   156124.5315   175   350035.0000      Cuts: 91     6267   55.40%
      0     0   157346.1719   214   350035.0000     Cuts: 112     6603   55.05%
      0     0   158281.4480   208   350035.0000      Cuts: 86     6909   54.78%
      0     0   159293.3136   207   350035.0000      Cuts: 79     7164   54.49%
      0     0   160497.5263   181   350035.0000     Cuts: 235     7477   54.15%
      0     0   160872.4844   182   350035.0000      Cuts: 61     7624   54.04%
      0     0   161391.6133   179   350035.0000      Cuts: 46     7760   53.89%
      0     0   161938.4211   177   350035.0000      Cuts: 68     7891   53.74%
      0     0   162333.6582   176   350035.0000      Cuts: 44     8021   53.62%
      0     0   162692.7559   212   350035.0000      Cuts: 41     8190   53.52%
      0     0   163143.3102   206   350035.0000      Cuts: 61     8340   53.39%
      0     0   163483.9650   207   350035.0000      Cuts: 50     8464   53.29%
      0     0   163988.3250   210   350035.0000     Cuts: 146     8706   53.15%
      0     0   164266.8146   205   350035.0000      Cuts: 88     8880   53.07%
      0     0   164612.5210   182   350035.0000     Cuts: 101     9032   52.97%
      0     0   164950.5871   176   350035.0000      Cuts: 49     9177   52.88%
      0     0   165134.4605   176   350035.0000      Cuts: 31     9271   52.82%
      0     0   165485.6157   176   350035.0000      Cuts: 39     9435   52.72%
      0     0   165626.0110   180   350035.0000      Cuts: 59     9543   52.68%
      0     0   165974.5764   176   350035.0000      Cuts: 33     9756   52.58%
      0     0   166312.3935   206   350035.0000      Cuts: 51     9964   52.49%
      0     0   166577.5579   176   350035.0000     Cuts: 122    10132   52.41%
      0     0   166806.1044   177   350035.0000      Cuts: 37    10260   52.35%
      0     0   166986.5131   180   350035.0000      Cuts: 26    10384   52.29%
      0     0   167159.2089   211   350035.0000      Cuts: 39    10461   52.25%
      0     0   167196.9350   208   350035.0000      Cuts: 22    10488   52.23%
*     0+    0                       349835.0000   167196.9350            52.21%
      0     0   167243.3461   208   349835.0000       Cuts: 6    10516   52.19%
Detecting symmetries...
      0     2   167243.3461   208   349835.0000   167243.3461    10516   52.19%
Elapsed time = 17.73 sec. (7418.50 ticks, tree = 0.02 MB, solutions = 9)
      4     4   177480.2542   195   349835.0000   167244.2476    11404   52.19%
     17    14   192016.1201   156   349835.0000   168251.9432    15798   51.91%
     41    23   207084.7917   139   349835.0000   168264.8249    19012   51.90%
     59    57   244431.0000    90   349835.0000   168264.8249    30193   51.90%
     93    72   209040.9868   142   349835.0000   168264.8249    35799   51.90%
    111   102   296274.5000    73   349835.0000   168264.8249    44296   51.90%
    138   111   311142.0000    64   349835.0000   168264.8249    47484   51.90%
    233   209   259481.8750   115   349835.0000   168264.8249    67635   51.90%
*   245+  148                       319722.0000   168264.8249            47.37%
    296   249   299511.5000    76   319722.0000   168264.8249    72795   47.37%
    517   402   318061.0000    70   319722.0000   176832.7266    99935   44.69%
Elapsed time = 30.51 sec. (10585.41 ticks, tree = 2.32 MB, solutions = 10)
    733   508   200357.7242   168   319722.0000   179152.2937   123536   43.97%
*   889   685      integral     0   315152.0000   179152.2937   151443   43.15%
    921   704   203146.9689   215   315152.0000   180814.9040   154629   42.63%
   1085   834   248331.8000   165   315152.0000   180814.9040   181050   42.63%
   1258  1048   263802.3487   167   315152.0000   180814.9040   215250   42.63%
   1447  1117   298111.0727   165   315152.0000   180814.9040   227718   42.63%
   1616  1306   241578.6164   166   315152.0000   187141.1002   263402   40.62%

Performing restart 1

Repeating presolve.
Tried aggregator 2 times.
MIP Presolve eliminated 3438 rows and 252 columns.
Aggregator did 2 substitutions.
Reduced MIP has 23560 rows, 2785 columns, and 70582 nonzeros.
Reduced MIP has 2785 binaries, 0 generals, 0 SOSs, and 0 indicators.
Presolve time = 0.04 sec. (41.70 ticks)
Tried aggregator 1 time.
Reduced MIP has 23560 rows, 2785 columns, and 70582 nonzeros.
Reduced MIP has 2785 binaries, 0 generals, 0 SOSs, and 0 indicators.
Presolve time = 0.05 sec. (42.50 ticks)
Represolve time = 0.14 sec. (123.32 ticks)
   1655     0   168075.0816   214   315152.0000      Cuts: 66   284339   40.58%
*  1655+    0                       312901.0000   187253.5738            40.16%
   1655     0   168865.9561   187   312901.0000      Cuts: 51   284706   40.16%
   1655     0   169255.7643   219   312901.0000      Cuts: 61   284907   40.16%
*  1655+    0                       312885.0000   187253.5738            40.15%
   1655     0   169862.3946   222   312885.0000      Cuts: 87   285107   40.15%
   1655     0   171106.2083   218   312885.0000      Cuts: 68   285341   40.15%
   1655     2   171106.2083   218   312885.0000   187253.5738   285341   40.15%
   1656     3   171518.8373   217   312885.0000   187253.5738   285581   40.15%
   1663     9   175175.4288   198   312885.0000   187253.5738   287249   40.15%
   1675    17   191179.9134   173   312885.0000   187253.5738   293017   40.15%
Elapsed time = 97.39 sec. (30186.55 ticks, tree = 0.39 MB, solutions = 13)
   1685    15   185231.8842   196   312885.0000   187253.5738   292180   40.15%
   1723    43   195193.7851   203   312885.0000   187253.5738   314650   40.15%
   1761    76   197036.7227   167   312885.0000   187253.5738   326989   40.15%
   1795   117   202388.8481   178   312885.0000   187253.5738   338848   40.15%
   1815    88   194505.0612   211   312885.0000   187253.5738   330724   40.15%
   1859   174   237899.1237   165   312885.0000   187253.5738   357425   40.15%
   1916   196   213634.4884   176   312885.0000   187253.5738   363090   40.15%
   1990   265   259601.7216   144   312885.0000   187253.5738   375533   40.15%
   2059   353   234620.0000   173   312885.0000   187253.5738   390448   40.15%
   2166   379   288072.9000   116   312885.0000   187253.5738   393390   40.15%
Elapsed time = 160.20 sec. (40073.91 ticks, tree = 2.67 MB, solutions = 13)
   2283   551   280288.0000   116   312885.0000   187253.5738   416703   40.15%
   2350   555   265895.2500   165   312885.0000   187253.5738   417653   40.15%
   2461   726   310694.2667   141   312885.0000   187253.5738   435118   40.15%
   2555   793   268913.5141   152   312885.0000   187253.5738   441983   40.15%
   2676   863   221955.1304   160   312885.0000   187253.5738   463882   40.15%
   2791   856   242043.0896   208   312885.0000   187253.5738   456708   40.15%
   2885  1004   277741.9036   158   312885.0000   187253.5738   480899   40.15%
   3015  1137   251164.2500   158   312885.0000   187253.5738   503881   40.15%
   3149  1246   277893.6574   166   312885.0000   187253.5738   523817   40.15%
   3287  1411   214216.0355   182   312885.0000   187253.5738   548024   40.15%
Elapsed time = 217.34 sec. (49701.97 ticks, tree = 7.58 MB, solutions = 13)
   3384  1539   256191.8754   170   312885.0000   187253.5738   573748   40.15%
   3519  1614   294432.9769   170   312885.0000   187253.5738   587209   40.15%
   3624  1773   301831.3534   180   312885.0000   187253.5738   617421   40.15%
   3740  1794   265693.8000   176   312885.0000   187253.5738   619723   40.15%
   3791  1816   258380.3973   175   312885.0000   187253.5738   626876   40.15%

Performing restart 2

Repeating presolve.
Tried aggregator 1 time.
MIP Presolve eliminated 158 rows and 13 columns.
Reduced MIP has 23402 rows, 2772 columns, and 90783 nonzeros.
Reduced MIP has 2772 binaries, 0 generals, 0 SOSs, and 0 indicators.
Presolve time = 0.08 sec. (86.45 ticks)
Tried aggregator 1 time.
Reduced MIP has 23402 rows, 2772 columns, and 90783 nonzeros.
Reduced MIP has 2772 binaries, 0 generals, 0 SOSs, and 0 indicators.
Presolve time = 0.07 sec. (66.69 ticks)
Represolve time = 0.19 sec. (205.22 ticks)
   3795     0   174089.0628   214   312885.0000      Cuts: 65   656210   40.15%
   3795     0   175474.7216   218   312885.0000      Cuts: 63   656509   40.15%
   3795     0   176472.2151   217   312885.0000      Cuts: 87   656931   40.15%
   3795     0   177391.4541   221   312885.0000      Cuts: 75   657228   40.15%
   3795     0   177893.9091   204   312885.0000      Cuts: 64   657477   40.15%
   3795     0   178451.9296   207   312885.0000      Cuts: 79   657715   40.15%
   3795     0   179073.6934   198   312885.0000      Cuts: 81   657939   40.15%
   3795     0   179864.6346   199   312885.0000      Cuts: 82   658147   40.15%
   3795     0   180600.5546   207   312885.0000      Cuts: 92   658387   40.15%
   3795     0   181114.4749   201   312885.0000      Cuts: 75   658603   40.15%
   3795     2   181114.4749   201   312885.0000   187253.5738   658603   40.15%
   3802     3   181245.5279   200   312885.0000   187253.5738   658673   40.15%
   3872    35   193275.6106   201   312885.0000   187253.5738   677513   40.15%
   4011   183   261577.9333   131   312885.0000   187253.5738   711804   40.15%
   4098   235   263199.3333   121   312885.0000   187253.5738   726629   40.15%
Elapsed time = 284.30 sec. (69727.02 ticks, tree = 3.21 MB, solutions = 13)
   4289   332   203940.4426   166   312885.0000   187253.5738   748808   40.15%
   4390   460   238698.0699   169   312885.0000   187253.5738   769787   40.15%
   4473   535   237329.0359   176   312885.0000   187253.5738   787388   40.15%
   4595   609   297107.1859   163   312885.0000   187253.5738   797689   40.15%
   4709   699   229212.9465   161   312885.0000   187253.5738   815003   40.15%
   4792   820   291299.9556   122   312885.0000   187253.5738   844633   40.15%
   4909   877   255058.7152   170   312885.0000   187253.5738   861537   40.15%
   4985  1039   277892.2116   152   312885.0000   187253.5738   893208   40.15%
   5083  1108   312210.4150   154   312885.0000   187253.5738   907606   40.15%
   5166  1147   302854.5000   106   312885.0000   187253.5738   914808   40.15%
Elapsed time = 341.60 sec. (79347.68 ticks, tree = 80.83 MB, solutions = 13)
   5261  1204   253233.2143   167   312885.0000   193297.5466   931925   38.22%
   5355  1337   310025.2778   112   312885.0000   193297.5466   964221   38.22%
   5466  1436   297991.0000   115   312885.0000   193753.8263   987340   38.08%
   5592  1502   301447.0000    74   312885.0000   194114.2412  1006939   37.96%
   5681  1590   253420.6363   165   312885.0000   194114.2412  1026229   37.96%
   5829  1751   238671.2458   201   312885.0000   196573.3554  1066805   37.17%
   5924  1798   214694.3673   185   312885.0000   196573.3554  1075443   37.17%
   6033  1916   266375.0000   112   312885.0000   198754.7507  1108665   36.48%
   6146  1961   278244.4286   191   312885.0000   200381.8346  1119757   35.96%
   6248  2122   248457.6109   188   312885.0000   200896.7924  1160778   35.79%
Elapsed time = 395.94 sec. (88951.03 ticks, tree = 114.36 MB, solutions = 13)
   6328  2141   270398.4348   167   312885.0000   200896.7924  1168001   35.79%
   6450  2292   277602.0000    88   312885.0000   200896.7924  1213721   35.79%
   6540  2360   238259.4128   176   312885.0000   203091.2957  1235962   35.09%
   6637  2484   284635.8203   177   312885.0000   203580.7612  1257658   34.93%
   6726  2536   228791.7639   168   312885.0000   204013.6667  1270951   34.80%
   6877  2574   309886.6333   127   312885.0000   204013.6667  1275646   34.80%
   6982  2663   286054.2737   225   312885.0000   204206.8109  1298407   34.73%
   7135  2798   285640.5000    85   312885.0000   205045.9185  1325289   34.47%
   7278  2984   271414.7604   155   312885.0000   205714.2623  1368493   34.25%
   7409  3010   302998.4872   131   312885.0000   206366.3488  1372024   34.04%
Elapsed time = 451.78 sec. (98592.94 ticks, tree = 155.96 MB, solutions = 13)
   7572  3283        cutoff         312885.0000   206774.9796  1429240   33.91%
   7728  3295   266366.6531   155   312885.0000   207160.8335  1432865   33.79%
   7844  3419        cutoff         312885.0000   207321.5403  1456765   33.74%
   7942  3611   286800.5000    78   312885.0000   207787.0713  1496823   33.59%
   8096  3764   287385.3214   129   312885.0000   207954.1631  1531498   33.54%
   8225  3799   257997.5000   139   312885.0000   208121.5955  1538131   33.48%
   8361  3975   304757.4661   165   312885.0000   208816.2457  1574071   33.26%
   8451  4123   296531.4798   166   312885.0000   208919.7145  1605386   33.23%
   8583  4092   248264.3573   182   312885.0000   209264.6394  1599782   33.12%
   8697  4271   251858.5101   194   312885.0000   209264.6394  1638178   33.12%
Elapsed time = 510.04 sec. (108162.78 ticks, tree = 161.82 MB, solutions = 13)
   8815  4406   305892.7500    79   312885.0000   209264.6394  1668587   33.12%
   8949  4462   264787.5122   167   312885.0000   209651.9527  1684771   32.99%
   9084  4521   235487.4826   165   312885.0000   210422.3333  1702814   32.75%
   9220  4652   274889.8333   152   312885.0000   210889.8278  1728459   32.60%
   9347  4871   235954.0000   112   312885.0000   210967.3794  1772576   32.57%
   9502  4969        cutoff         312885.0000   211712.0391  1798409   32.34%
   9647  5019   232239.8656   153   312885.0000   211712.0391  1809293   32.34%
   9780  5213   274746.3889   116   312885.0000   211771.5175  1849398   32.32%
   9926  5250   308184.6250    93   312885.0000   212236.5755  1854775   32.17%
  10500  5758   245042.7576   166   312885.0000   213233.6965  1963137   31.85%
Elapsed time = 579.43 sec. (120608.15 ticks, tree = 165.46 MB, solutions = 13)
  11034  6335   311030.9630   113   312885.0000   213970.3317  2096493   31.61%
  11545  6798   250565.9575   209   312885.0000   214461.4752  2195869   31.46%
  12044  7069   271398.5127   210   312885.0000   214714.8265  2255422   31.38%
  12536  7608   295430.5463   158   312885.0000   215852.3164  2380844   31.01%
  13103  8044   298145.3766   148   312885.0000   216589.0003  2473972   30.78%
  13638  8567   274105.1000   127   312885.0000   217161.8878  2593144   30.59%
  14177  9123   258557.6667   142   312885.0000   217649.9329  2721549   30.44%
  14745  9462   273685.5000    84   312885.0000   218145.9173  2792290   30.28%
  15275  9795   257255.2294   150   312885.0000   219252.5798  2869156   29.93%
  15826 10495   312768.3056   121   312885.0000   219751.7985  3023493   29.77%
Elapsed time = 783.52 sec. (158810.57 ticks, tree = 181.15 MB, solutions = 13)
  16293 10754   295246.2917   121   312885.0000   220211.9028  3084855   29.62%
  16890 11236   300292.5000    70   312885.0000   220564.5911  3186802   29.51%
  17459 11670   311103.1524   127   312885.0000   220961.6345  3275412   29.38%
  18049 12341   272241.6512   164   312885.0000   221492.9189  3435953   29.21%
  18653 12929   253110.9091   130   312885.0000   221642.3404  3553708   29.16%
  19149 13456   241179.2769   155   312885.0000   222039.5293  3662096   29.03%
  19684 13851        cutoff         312885.0000   222150.2562  3744910   29.00%
  20257 14219   272636.4522   158   312885.0000   222525.7778  3810150   28.88%
  20871 14682   288427.3172   156   312885.0000   222802.2971  3895959   28.79%
  21506 15236   266220.2367   202   312885.0000   223197.6414  3999035   28.66%
Elapsed time = 993.59 sec. (197028.43 ticks, tree = 197.43 MB, solutions = 13)
  22143 16104   243464.7904   145   312885.0000   223721.7354  4163619   28.50%
  22761 16611   310988.9491   110   312885.0000   224056.5625  4256536   28.39%
  23404 16967   274877.2500   101   312885.0000   224253.0082  4334185   28.33%
  24035 17653   282796.4790   189   312885.0000   224455.5898  4462905   28.26%
  24690 18287   274805.8333   126   312885.0000   224637.8698  4589107   28.20%
  25439 18480        cutoff         312885.0000   225059.4411  4624469   28.07%
  26074 19271   261583.7470   229   312885.0000   225336.3125  4756942   27.98%
  26679 20121   293811.4052   136   312885.0000   225725.2344  4907897   27.86%
  27399 20689   299016.0000   138   312885.0000   225972.3485  4995485   27.78%
  28039 20848   284461.8571   122   312885.0000   226219.3525  5036643   27.70%
Elapsed time = 1209.22 sec. (235218.61 ticks, tree = 218.43 MB, solutions = 13)
  28718 21452   268659.3333   113   312885.0000   226422.8372  5139819   27.63%
  29450 22500   276551.6458   161   312885.0000   226608.1819  5321422   27.57%
  30123 22622   274321.0649   137   312885.0000   226860.0548  5347093   27.49%
  30866 23339   239010.9874   190   312885.0000   227079.1387  5457850   27.42%
  31526 24182   262343.5012   179   312885.0000   227327.5833  5600257   27.34%
  32244 24934   268350.1242   155   312885.0000   227574.7687  5730505   27.27%
  32924 25350   259343.5996   208   312885.0000   227868.9323  5801686   27.17%
  33670 25692   271836.7684   210   312885.0000   228012.8000  5871434   27.13%
  34358 26340   296822.5000   133   312885.0000   228251.3022  5980853   27.05%
  35090 27079   265749.7560   206   312885.0000   228438.4921  6094966   26.99%
Elapsed time = 1431.76 sec. (273402.97 ticks, tree = 239.18 MB, solutions = 13)
  35706 27923   267492.4560   158   312885.0000   228594.5695  6253615   26.94%
  36199 28662   290677.8330   144   312885.0000   228816.6429  6385626   26.87%
  36856 28664   251052.4553   166   312885.0000   228847.0000  6380348   26.86%
  37521 29064   237130.7923   156   312885.0000   229088.6537  6460901   26.78%
  38122 30154   305928.7901   170   312885.0000   229295.1338  6648222   26.72%
  38790 30327   267640.1500   130   312885.0000   229494.5185  6675352   26.65%
  39499 31195   267682.6667   137   312885.0000   229644.2216  6844995   26.60%
  40262 31725   268038.7756   171   312885.0000   229789.0318  6944600   26.56%
  40998 32692   282155.8631   188   312885.0000   229903.0849  7107512   26.52%
  41667 32776   263597.0689   145   312885.0000   230227.7480  7122964   26.42%
Elapsed time = 1651.57 sec. (311597.47 ticks, tree = 259.82 MB, solutions = 13)
  42301 33426   291954.7250   137   312885.0000   230401.7455  7235459   26.36%
  42951 34231   272440.5556   150   312885.0000   230584.3125  7385746   26.30%
  43544 34574   262326.6935   132   312885.0000   230880.0909  7440211   26.21%
  44273 35224   248905.6328   143   312885.0000   231000.7500  7544359   26.17%
  44965 35635   291927.0000    91   312885.0000   231155.7980  7619722   26.12%
  45627 36454   291110.5193   159   312885.0000   231258.4313  7752755   26.09%
  46354 37357   277839.6132   150   312885.0000   231332.6250  7905948   26.06%
  47022 37743   308048.5000    80   312885.0000   231526.8783  7977221   26.00%
  47745 38148   310417.9618   148   312885.0000   231656.6708  8042316   25.96%
  48365 38614   309435.6316   129   312885.0000   231706.2379  8128502   25.95%
Elapsed time = 1871.25 sec. (349773.44 ticks, tree = 281.87 MB, solutions = 13)
  48968 39267   308636.1033   170   312885.0000   231877.3350  8246003   25.89%
  49631 39903   310359.5000    70   312885.0000   232019.3509  8363129   25.85%
  50258 40375   306026.8583   122   312885.0000   232033.8348  8446786   25.84%
  50863 41164   265212.3864   134   312885.0000   232124.9540  8595487   25.81%
  51444 41997   287138.6818   138   312885.0000   232285.3576  8748635   25.76%
  52166 41948   298758.5714    96   312885.0000   232336.7660  8734601   25.74%
  52850 43132   271524.7111   120   312885.0000   232406.0169  8931393   25.72%
  53479 43909   286412.5000    86   312885.0000   232504.5316  9057830   25.69%
  54092 43755   275457.0517   159   312885.0000   232538.0038  9033651   25.68%
  54794 44612   278177.5694   136   312885.0000   232695.5199  9198308   25.63%
Elapsed time = 2088.07 sec. (388017.01 ticks, tree = 304.69 MB, solutions = 13)
  55557 45039   271492.6395   162   312885.0000   232956.6250  9282613   25.55%
  56230 45546   302610.5278   109   312885.0000   232977.6970  9364924   25.54%
  56818 46624        cutoff         312885.0000   233072.5587  9537862   25.51%
  57460 47164   266010.0156   156   312885.0000   233279.6754  9639475   25.44%
  58230 47662   280444.6623   140   312885.0000   233352.8258  9724061   25.42%
  58819 47776   300010.0909   107   312885.0000   233437.5147  9752627   25.39%
  59441 48907   280009.6634   172   312885.0000   233501.2115  9949886   25.37%
  60036 49098   286266.4250   152   312885.0000   233501.2115  9983141   25.37%
  60715 49660   277922.6250   121   312885.0000   233856.4007 10090924   25.26%
  61340 50389   264661.3251   162   312885.0000   234045.4865 10207812   25.20%
Elapsed time = 2307.41 sec. (426282.45 ticks, tree = 327.72 MB, solutions = 13)
  62126 51094   257672.3759   160   312885.0000   234082.4630 10332981   25.19%
  62887 52146   297373.6736   164   312885.0000   234191.3763 10507854   25.15%
  63603 52395   288079.6250   105   312885.0000   234285.5521 10547561   25.12%
  64231 52981   286766.1146   138   312885.0000   234347.1679 10639990   25.10%
  64899 53497   266978.7445   168   312885.0000   234525.4180 10737612   25.04%
  65593 54365   284764.5704   214   312885.0000   234636.0589 10885525   25.01%
  66220 54442   290422.1481   216   312885.0000   234645.4580 10897172   25.01%
  66882 55277   253547.2491   181   312885.0000   234804.2392 11039577   24.96%
  67529 55902   289289.8667   166   312885.0000   234897.6016 11140361   24.93%
  68205 55969   263334.1516   163   312885.0000   234930.0139 11153658   24.91%
Elapsed time = 2537.80 sec. (464503.80 ticks, tree = 348.69 MB, solutions = 13)
  68963 56957   255628.5845   172   312885.0000   235075.2367 11323138   24.87%
  69577 58132   280801.5000   122   312885.0000   235116.4753 11520678   24.86%
  70208 58196   311116.2368   121   312885.0000   235219.2769 11534416   24.82%
  70901 58578   279243.4794   152   312885.0000   235310.8224 11610359   24.79%
  71570 59602   251326.8922   210   312885.0000   235380.1050 11783051   24.77%
  72250 59675   286100.2857   120   312885.0000   235464.6978 11797025   24.74%
  72986 60839   261891.2978   146   312885.0000   235581.1539 11982531   24.71%
  73777 61339   241044.6271   196   312885.0000   235629.0859 12060423   24.69%
  74443 61576        cutoff         312885.0000   235734.2860 12098399   24.66%
  75100 62883   244324.0446   196   312885.0000   235891.4099 12305308   24.61%
Elapsed time = 2762.48 sec. (502731.99 ticks, tree = 376.82 MB, solutions = 13)
  75757 62870   267573.6972   161   312885.0000   235950.1152 12300651   24.59%
  76446 63502   294382.9444   116   312885.0000   236001.0675 12423812   24.57%
  77103 64122   298409.3718   163   312885.0000   236199.2692 12539095   24.51%
  77825 64879   251001.7856   185   312885.0000   236259.7963 12661981   24.49%
  78459 65326   258158.2857   138   312885.0000   236353.5923 12749717   24.46%
  79277 66097   293186.8000   107   312885.0000   236423.3464 12878005   24.44%
  79957 66452   256255.2829   205   312885.0000   236507.9458 12946616   24.41%
  80663 67966   300405.6278   150   312885.0000   236595.4000 13194256   24.38%
  81227 67920        cutoff         312885.0000   236659.0863 13186362   24.36%
  81947 69048   270674.5554   175   312885.0000   236716.4548 13383920   24.34%
Elapsed time = 2992.96 sec. (540941.80 ticks, tree = 403.88 MB, solutions = 13)
  82613 69120   266609.1600   122   312885.0000   236826.2049 13398080   24.31%
  83120 69538   285036.8155   150   312885.0000   236841.5940 13464294   24.30%
  83836 70448   284829.1502   129   312885.0000   236943.0231 13626144   24.27%
  84484 70631   279419.7000   144   312885.0000   237034.5000 13660464   24.24%
  85170 71779   245870.4930   204   312885.0000   237092.8069 13852034   24.22%
  85896 72528   298724.0046   157   312885.0000   237188.7271 13979859   24.19%
  86619 72551   269527.7176   172   312885.0000   237251.8547 13981833   24.17%
  87214 72796   291704.5988   174   312885.0000   237299.1538 14040353   24.16%
  87952 73742   265668.8240   162   312885.0000   237409.7287 14191639   24.12%
  88629 74980   258732.3279   179   312885.0000   237434.0736 14410862   24.11%
Elapsed time = 3212.78 sec. (579132.40 ticks, tree = 426.64 MB, solutions = 13)
  89325 75385   294554.1762   150   312885.0000   237516.2507 14481822   24.09%
Starting limited solution polishing.
  90010 76255        cutoff         312885.0000   237635.1484 14626435   24.05%
  90571 76506   312337.5000    62   312885.0000   237719.1909 14676164   24.02%
  91193 76635   277025.7602   157   312885.0000   237795.4600 14698107   24.00%
  91561 77396   261684.3587   170   312885.0000   237795.4600 14835141   24.00%
  92000 77474   266543.4687   170   312885.0000   237877.1242 14839752   23.97%
  92485 78275   269175.6525   161   312885.0000   237918.6565 14956772   23.96%
  92881 78571   282324.6360   169   312885.0000   237967.9742 15012326   23.94%
  93444 79181   297570.0000    68   312885.0000   238008.1696 15128421   23.93%
  93874 79636   274095.5165   185   312885.0000   238018.0296 15202167   23.93%
Elapsed time = 3370.36 sec. (617355.55 ticks, tree = 446.08 MB, solutions = 13)
  94354 79995   299598.7500   115   312885.0000   238120.6301 15264253   23.90%
  94755 80240   288204.0000   132   312885.0000   238139.1730 15300676   23.89%
  95063 80200   298825.5955   204   312885.0000   238212.1875 15294629   23.87%
  95554 80922   308386.6667   103   312885.0000   238278.2759 15395742   23.84%
  95912 81307   268811.5294   192   312885.0000   238316.6557 15457849   23.83%
  96341 81831   307162.8095   145   312885.0000   238332.8437 15543544   23.83%
  96700 82042   266983.8143   133   312885.0000   238350.0467 15579529   23.82%
  97096 82348   282145.4081   161   312885.0000   238369.5709 15631523   23.82%
  97489 82742   299708.9412   131   312885.0000   238414.6902 15703890   23.80%
  98022 83223   274104.4528   151   312885.0000   238461.5434 15791354   23.79%
Elapsed time = 3487.63 sec. (655585.36 ticks, tree = 458.88 MB, solutions = 13)
  98429 83743        cutoff         312885.0000   238528.6343 15865929   23.76%
* 98703 83878      integral     0   312546.0000   238528.6343 15891952   23.68%
  98863 83966   284340.3849   162   312546.0000   238532.1283 15905033   23.68%
  99130 84183   310397.6154   141   312546.0000   238566.4673 15960117   23.67%
  99547 84495   257993.5319   167   312546.0000   238618.0535 16015830   23.65%
  99974 84971   273552.4627   178   312546.0000   238663.6087 16088804   23.64%
 100423 85129   263731.0981   183   312546.0000   238686.5764 16119165   23.63%
*100744+85059                       312501.0000   238700.4857            23.62%
*100749+85059                       312247.0000   238700.4857            23.55%
 100749 85515   274358.0000   107   312247.0000   238700.4857 16183968   23.55%
*100773+85355                       311016.0000   238700.4857            23.25%
*100805+85059                       310452.0000   238700.4857            23.11%
*100841+84141                       310445.0000   238700.4857            23.11%
 101048 84645   255289.7749   170   310445.0000   238723.6057 16221629   23.10%
*101261+84187                       308658.0000   238723.6057            22.66%
 101271 84231   293086.0000    82   308658.0000   238723.6057 16256557   22.66%
*101546+84214                       307893.0000   238723.6057            22.47%
 101688 81986   296520.0000   121   307893.0000   238760.7765 16326322   22.45%
Elapsed time = 3593.62 sec. (693870.78 ticks, tree = 448.28 MB, solutions = 21)
*101925+84501                       305209.0000   238802.6667            21.76%
 101925 84355   258508.9459   177   305209.0000   238802.6667 16282432   21.76%

Zero-half cuts applied:  378
Lift and project cuts applied:  203
Gomory fractional cuts applied:  1

Root node processing (before b&c):
  Real time             =   17.69 sec. (7373.96 ticks)
Parallel b&c, 8 threads:
  Real time             = 3582.32 sec. (691604.85 ticks)
  Sync time (average)   =  452.26 sec.
  Wait time (average)   =    0.01 sec.
                          ------------
Total (root+branch&cut) = 3600.02 sec. (698978.81 ticks)
Status: Feasible
Obj: 305209

Instalacoes abertas:
Instalação 1 aberta
Instalação 4 aberta
Instalação 8 aberta
Instalação 9 aberta
Instalação 13 aberta
Instalação 16 aberta
Instalação 20 aberta
Instalação 22 aberta
Instalação 47 aberta

Atribuições (cliente -> instalação):
Cliente 0 -> Instalação 1
Cliente 1 -> Instalação 47
Cliente 2 -> Instalação 4
Cliente 3 -> Instalação 8
Cliente 4 -> Instalação 8
Cliente 5 -> Instalação 13
Cliente 6 -> Instalação 4
Cliente 7 -> Instalação 20
Cliente 8 -> Instalação 4
Cliente 9 -> Instalação 9
Cliente 10 -> Instalação 4
Cliente 11 -> Instalação 13
Cliente 12 -> Instalação 9
Cliente 13 -> Instalação 4
Cliente 14 -> Instalação 20
Cliente 15 -> Instalação 4
Cliente 16 -> Instalação 16
Cliente 17 -> Instalação 22
Cliente 18 -> Instalação 9
Cliente 19 -> Instalação 47
Cliente 20 -> Instalação 13
Cliente 21 -> Instalação 8
Cliente 22 -> Instalação 22
Cliente 23 -> Instalação 9
Cliente 24 -> Instalação 1
Cliente 25 -> Instalação 13
Cliente 26 -> Instalação 47
Cliente 27 -> Instalação 20
Cliente 28 -> Instalação 1
Cliente 29 -> Instalação 9
Cliente 30 -> Instalação 47
Cliente 31 -> Instalação 47
Cliente 32 -> Instalação 8
Cliente 33 -> Instalação 1
Cliente 34 -> Instalação 1
Cliente 35 -> Instalação 4
Cliente 36 -> Instalação 20
Cliente 37 -> Instalação 9
Cliente 38 -> Instalação 8
Cliente 39 -> Instalação 47
Cliente 40 -> Instalação 16
Cliente 41 -> Instalação 16
Cliente 42 -> Instalação 20
Cliente 43 -> Instalação 47
Cliente 44 -> Instalação 9
Cliente 45 -> Instalação 20
Cliente 46 -> Instalação 20
Cliente 47 -> Instalação 47
Cliente 48 -> Instalação 47
Cliente 49 -> Instalação 13
