Version identifier: 22.1.1.0 | 2022-11-28 | 9160aff4d
CPXPARAM_TimeLimit                               3600
Tried aggregator 1 time.
MIP Presolve eliminated 50 rows and 1 columns.
Reduced MIP has 45400 rows, 3407 columns, and 136100 nonzeros.
Reduced MIP has 3407 binaries, 0 generals, 0 SOSs, and 0 indicators.
Presolve time = 0.07 sec. (61.31 ticks)
Found incumbent of value 3.6416303e+07 after 0.08 sec. (78.37 ticks)
Probing time = 0.02 sec. (7.51 ticks)
Tried aggregator 1 time.
Detecting symmetries...
Reduced MIP has 45400 rows, 3407 columns, and 136100 nonzeros.
Reduced MIP has 3407 binaries, 0 generals, 0 SOSs, and 0 indicators.
Presolve time = 0.08 sec. (74.45 ticks)
Probing time = 0.03 sec. (7.65 ticks)
Clique table members: 2500.
MIP emphasis: balance optimality and feasibility.
MIP search method: dynamic search.
Parallel mode: deterministic, using up to 8 threads.
Root relaxation solution time = 0.12 sec. (66.86 ticks)

        Nodes                                         Cuts/
   Node  Left     Objective  IInf  Best Integer    Best Bound    ItCnt     Gap

*     0+    0                       3.64163e+07        0.0000           100.00%
*     0+    0                       2.79582e+07        0.0000           100.00%
*     0+    0                      1345223.0000        0.0000           100.00%
*     0+    0                      1136948.0000        0.0000           100.00%
      0     0    93774.0000   100  1136948.0000    93774.0000      188   91.75%
*     0+    0                       851325.0000    93774.0000            88.98%
      0     0   106217.5000   100   851325.0000    Cuts: 2145      422   87.52%
      0     0   118774.0000    98   851325.0000    Cuts: 2057      784   86.05%
*     0+    0                       734939.0000   118774.0000            83.84%
      0     0   130796.1667   168   734939.0000 ZeroHalf: 789     2304   82.20%
*     0+    0                       733479.0000   130796.1667            82.17%
*     0+    0                       732863.0000   130796.1667            82.15%
      0     0  -1.00000e+75     0   732863.0000   130796.1667     2304   82.15%
      0     0   139086.7434   220   732863.0000    Cuts: 1266     3858   81.02%
      0     0   146907.1426   178   732863.0000     Cuts: 284     4658   79.95%
Detecting symmetries...
*     0+    0                       672376.0000   146907.1426            78.15%
      0     0   153573.1397   209   672376.0000     Cuts: 431     5304   77.16%
*     0+    0                       638637.0000   153573.1397            75.95%
      0     0   158752.5084   212   638637.0000     Cuts: 508     6072   75.14%
      0     0   161303.6276   240   638637.0000     Cuts: 212     6558   74.74%
      0     0   163723.8049   189   638637.0000     Cuts: 689     7023   74.36%
      0     0   165790.8637   206   638637.0000     Cuts: 169     7539   74.04%
      0     0   167350.0122   200   638637.0000     Cuts: 153     7805   73.80%
      0     0   169219.8709   170   638637.0000     Cuts: 202     8279   73.50%
      0     0   170860.4110   209   638637.0000     Cuts: 126     8641   73.25%
      0     0   172738.5030   206   638637.0000     Cuts: 103     8962   72.95%
      0     0   174330.1203   209   638637.0000     Cuts: 183     9303   72.70%
      0     0   175465.6823   212   638637.0000     Cuts: 141     9576   72.52%
      0     0   176849.4241   207   638637.0000     Cuts: 132     9926   72.31%
      0     0   177685.7504   212   638637.0000     Cuts: 141    10255   72.18%
      0     0   178607.8370   240   638637.0000  ZeroHalf: 50    10594   72.03%
      0     0   179303.9581   203   638637.0000     Cuts: 173    10853   71.92%
      0     0   180487.0732   208   638637.0000     Cuts: 123    11204   71.74%
      0     0   181252.2173   202   638637.0000     Cuts: 139    11426   71.62%
      0     0   182230.7980   200   638637.0000     Cuts: 111    11804   71.47%
      0     0   182929.8189   199   638637.0000      Cuts: 83    12143   71.36%
      0     0   183563.4086   220   638637.0000     Cuts: 127    12481   71.26%
      0     0   184139.4280   209   638637.0000      Cuts: 56    12700   71.17%
      0     0   184664.7242   201   638637.0000     Cuts: 105    13003   71.08%
      0     0   185092.6751   220   638637.0000      Cuts: 54    13180   71.02%
      0     0   185714.7062   230   638637.0000     Cuts: 103    13451   70.92%
      0     0   186313.7421   204   638637.0000     Cuts: 195    13652   70.83%
      0     0   186877.7889   211   638637.0000     Cuts: 122    13936   70.74%
      0     0   188047.7118   211   638637.0000      Cuts: 85    14277   70.55%
      0     0   188629.1161   211   638637.0000      Cuts: 76    14477   70.46%
      0     0   189576.0382   222   638637.0000      Cuts: 62    14723   70.32%
      0     0   190065.6247   229   638637.0000      Cuts: 65    15035   70.24%
      0     0   190639.1272   210   638637.0000      Cuts: 78    15367   70.15%
      0     0   191403.8556   233   638637.0000      Cuts: 88    15679   70.03%
      0     0   191965.7725   227   638637.0000      Cuts: 89    16018   69.94%
      0     0   192641.3404   200   638637.0000     Cuts: 161    16353   69.84%
      0     0   193210.6409   206   638637.0000      Cuts: 97    16665   69.75%
      0     0   193864.8380   201   638637.0000      Cuts: 91    17012   69.64%
      0     0   194392.7852   223   638637.0000      Cuts: 87    17288   69.56%
      0     0   194740.8556   226   638637.0000     Cuts: 153    17530   69.51%
      0     0   195067.0111   207   638637.0000      Cuts: 97    17780   69.46%
      0     0   195390.0186   211   638637.0000      Cuts: 70    17989   69.41%
      0     0   195646.1103   206   638637.0000      Cuts: 57    18181   69.37%
      0     0   196122.1015   210   638637.0000      Cuts: 62    18459   69.29%
      0     0   196471.6157   204   638637.0000      Cuts: 33    18673   69.24%
      0     0   196734.7747   219   638637.0000      Cuts: 40    18839   69.19%
      0     0   197034.5644   211   638637.0000      Cuts: 37    19083   69.15%
      0     0   197320.2248   205   638637.0000      Cuts: 65    19288   69.10%
      0     0   197483.2883   240   638637.0000      Cuts: 50    19505   69.08%
      0     0   197627.2001   210   638637.0000     Cuts: 156    19658   69.05%
      0     0   197961.5715   206   638637.0000      Cuts: 43    19868   69.00%
      0     0   198252.7436   212   638637.0000      Cuts: 59    20084   68.96%
      0     0   198591.3336   228   638637.0000  ZeroHalf: 26    20297   68.90%
      0     0   198962.6822   238   638637.0000     Cuts: 107    20593   68.85%
      0     0   199334.4734   214   638637.0000      Cuts: 82    20816   68.79%
      0     0   199848.1479   209   638637.0000  ZeroHalf: 40    21103   68.71%
      0     0   200102.4818   238   638637.0000      Cuts: 96    21340   68.67%
      0     0   200382.3799   237   638637.0000      Cuts: 48    21561   68.62%
      0     0   200680.2552   235   638637.0000      Cuts: 70    21735   68.58%
      0     0   200838.3416   225   638637.0000     Cuts: 119    21886   68.55%
      0     0   201085.4529   241   638637.0000     Cuts: 100    22049   68.51%
      0     0   201235.8975   236   638637.0000      Cuts: 26    22152   68.49%
      0     0   201534.4398   225   638637.0000      Cuts: 73    22347   68.44%
      0     0   201843.3925   229   638637.0000      Cuts: 54    22535   68.39%
      0     0   202198.7969   244   638637.0000     Cuts: 112    22745   68.34%
      0     0   202382.6209   230   638637.0000      Cuts: 96    22884   68.31%
      0     0   202708.2499   232   638637.0000     Cuts: 138    23116   68.26%
      0     0   202828.7875   231   638637.0000      Cuts: 41    23248   68.24%
      0     0   202996.9499   226   638637.0000      Cuts: 91    23472   68.21%
      0     0   203138.1628   233   638637.0000      Cuts: 49    23626   68.19%
*     0+    0                       631286.0000   203138.1628            67.82%
      0     0  -1.00000e+75     0   631286.0000   203138.1628    23626   67.82%
Detecting symmetries...
      0     2   203138.1628   233   631286.0000   203138.1628    23626   67.82%
Elapsed time = 33.03 sec. (24248.02 ticks, tree = 0.02 MB, solutions = 11)
      2     4   247854.0769   156   631286.0000   203144.0791    24649   67.82%
      5     7   252359.3561   181   631286.0000   203144.0791    25414   67.82%
     10    12   288011.8333   120   631286.0000   203144.0791    27096   67.82%
*    16+    5                       626168.0000   203144.0791            67.56%
     19    16   224372.1729   181   626168.0000   203223.2189    27973   67.54%
     31    22   270920.0314   152   626168.0000   203223.2189    29507   67.54%
     36    24   294389.0681   165   626168.0000   203223.2189    30109   67.54%
     41    36   243670.9747   177   626168.0000   203223.2189    33445   67.54%
     48    45   230668.3350   219   626168.0000   203223.2189    36102   67.54%
     52    50   255025.2017   189   626168.0000   203223.2189    38971   67.54%
     79    76   292926.2106   144   626168.0000   203223.2189    50032   67.54%
Elapsed time = 46.27 sec. (27987.00 ticks, tree = 5.57 MB, solutions = 11)
    147   100   419917.5000    83   626168.0000   203223.2189    60739   67.54%
    325   188   450789.0000    61   626168.0000   203223.2189    75959   67.54%
    531   488   617666.2500    75   626168.0000   203223.2189   103743   67.54%
*   605+  488                       625956.0000   203223.2189            67.53%
    648   534   253416.7838   146   625956.0000   203249.3689   112473   67.53%
    759   596   283528.0387   179   625956.0000   203249.3689   125708   67.53%
    880   689   320092.6503   149   625956.0000   203249.3689   143697   67.53%
   1002   806   522191.7500    55   625956.0000   203249.3689   155776   67.53%
   1153   983   418243.5000    72   625956.0000   203249.3689   186200   67.53%
   1322   990   333611.4458   143   625956.0000   203249.3689   188797   67.53%
   1446  1216   282430.4650   197   625956.0000   203249.3689   208199   67.53%
Elapsed time = 114.04 sec. (37579.53 ticks, tree = 245.68 MB, solutions = 13)
   1572  1369   261659.0631   198   625956.0000   203249.3689   229636   67.53%
   1676  1414   273475.2303   170   625956.0000   203249.3689   234491   67.53%
   1694  1429   246523.7778   184   625956.0000   203249.3689   235693   67.53%

Performing restart 1

Repeating presolve.
Tried aggregator 1 time.
MIP Presolve eliminated 930 rows and 35 columns.
Reduced MIP has 44470 rows, 3372 columns, and 133310 nonzeros.
Reduced MIP has 3372 binaries, 0 generals, 0 SOSs, and 0 indicators.
Presolve time = 0.06 sec. (62.14 ticks)
Tried aggregator 1 time.
Reduced MIP has 44470 rows, 3372 columns, and 133310 nonzeros.
Reduced MIP has 3372 binaries, 0 generals, 0 SOSs, and 0 indicators.
Presolve time = 0.08 sec. (75.40 ticks)
Represolve time = 0.22 sec. (200.94 ticks)
*  1695+    0                       625712.0000   203249.3689            67.52%
   1695     0   203277.3839   248   625712.0000      Cuts: 70   260261   67.51%
   1695     0   203396.1228   242   625712.0000      Cuts: 46   260397   67.49%
   1695     0   203616.0823   246   625712.0000      Cuts: 64   260623   67.46%
*  1695+    0                       605323.0000   203616.0823            66.36%
   1695     0  -1.00000e+75     0   605323.0000   203616.0823   260623   66.36%
   1695     0   203907.6707   243   605323.0000      Cuts: 55   260880   66.17%
   1695     0   204916.5250   236   605323.0000      Cuts: 86   261401   66.15%
   1695     0   205549.3589   246   605323.0000      Cuts: 98   261788   66.04%
   1695     0   205967.1651   243   605323.0000      Cuts: 75   261985   65.97%
   1695     0   206088.3542   247   605323.0000      Cuts: 77   262108   65.95%
   1695     0   206205.4570   251   605323.0000      Cuts: 55   262195   65.93%
   1695     0   206502.1574   248   605323.0000      Cuts: 75   262363   65.89%
   1695     0   206976.8162   244   605323.0000      Cuts: 47   262637   65.81%
   1695     0   207333.3451   255   605323.0000      Cuts: 49   262887   65.75%
   1695     0   207513.2890   253   605323.0000      Cuts: 68   263049   65.72%
   1695     0   207629.1519   249   605323.0000      Cuts: 24   263163   65.70%
   1695     0   207803.1791   254   605323.0000      Cuts: 59   263327   65.67%
   1695     0   207944.7604   258   605323.0000      Cuts: 14   263454   65.65%
   1695     0   207994.4344   250   605323.0000      Cuts: 16   263505   65.64%
   1695     0   208121.2792   247   605323.0000      Cuts: 19   263608   65.62%
   1695     0   208180.8136   245   605323.0000      Cuts: 36   263690   65.61%
   1695     0   208249.4042   244   605323.0000      Cuts: 19   263788   65.60%
   1695     0   208329.3632   240   605323.0000      Cuts: 18   263881   65.58%
   1695     0   208413.0676   248   605323.0000      Cuts: 39   264017   65.57%
   1695     0   208568.3502   246   605323.0000      Cuts: 33   264152   65.54%
   1695     0   208776.4242   241   605323.0000      Cuts: 37   264364   65.51%
   1695     0   209077.2108   245   605323.0000      Cuts: 47   264563   65.46%
   1695     0   209518.7958   249   605323.0000      Cuts: 65   264903   65.39%
   1695     0   209839.2697   239   605323.0000      Cuts: 36   265082   65.33%
   1695     0   210175.1765   248   605323.0000      Cuts: 91   265312   65.28%
   1695     0   210554.1628   254   605323.0000      Cuts: 49   265574   65.22%
   1695     0   210773.7225   253   605323.0000      Cuts: 35   265795   65.18%
   1695     0   210911.8052   256   605323.0000      Cuts: 22   265952   65.16%
   1695     0   210967.1018   257   605323.0000      Cuts: 15   266004   65.15%
   1695     0   211100.2715   254   605323.0000      Cuts: 15   266121   65.13%
   1695     0   211380.4682   251   605323.0000      Cuts: 47   266377   65.08%
   1695     0   211561.2889   248   605323.0000      Cuts: 25   266616   65.05%
   1695     0   211652.9333   254   605323.0000      Cuts: 34   266775   65.03%
   1695     0   211853.8591   249   605323.0000      Cuts: 21   266948   65.00%
   1695     0   212029.8424   247   605323.0000      Cuts: 47   267128   64.97%
   1695     0   212120.4204   252   605323.0000      Cuts: 41   267247   64.96%
   1695     0   212243.6811   255   605323.0000      Cuts: 26   267401   64.94%
   1695     0   212342.2843   257   605323.0000      Cuts: 29   267589   64.92%
   1695     0   212409.1208   256   605323.0000      Cuts: 13   267678   64.91%
   1695     0   212539.8365   252   605323.0000      Cuts: 58   267875   64.89%
   1695     0   212715.3295   252   605323.0000      Cuts: 56   268084   64.86%
   1695     0   212789.8169   249   605323.0000      Cuts: 23   268206   64.85%
   1695     0   212843.7970   247   605323.0000      Cuts: 20   268283   64.84%
   1695     0   212917.3115   251   605323.0000      Cuts: 21   268363   64.83%
   1695     0   213014.1122   250   605323.0000      Cuts: 20   268476   64.81%
   1695     0   213142.9832   254   605323.0000      Cuts: 40   268617   64.79%
   1695     0   213248.8931   251   605323.0000      Cuts: 22   268729   64.77%
   1695     0   213319.3978   255   605323.0000      Cuts: 26   268873   64.76%
   1695     2   213319.3978   255   605323.0000   213319.3978   268873   64.76%
   1696     3   213358.4299   251   605323.0000   213358.6375   268943   64.75%
   1699     5   213466.1416   255   605323.0000   213468.7080   269118   64.73%
   1712    16   245941.5819   190   605323.0000   213836.7647   271660   64.67%
   1734    17   242593.0198   217   605323.0000   214803.9899   276610   64.51%
   1771    57   245298.0980   193   605323.0000   216229.7418   295038   64.28%
   1799    79   220010.8820   222   605323.0000   219708.0966   302311   63.70%
Elapsed time = 256.32 sec. (83480.26 ticks, tree = 0.62 MB, solutions = 15)
   1835   104   252928.2547   188   605323.0000   219708.0966   306148   63.70%
   1888   150   236877.8228   195   605323.0000   219708.0966   315615   63.70%
   1923   204   250785.2712   172   605323.0000   219708.0966   325600   63.70%
   1957   247   257185.9107   180   605323.0000   219708.0966   333820   63.70%
   1984   235   288768.3958   166   605323.0000   219708.0966   331356   63.70%
   2035   266   275136.9913   177   605323.0000   219708.0966   337457   63.70%
   2073   267   241572.4567   212   605323.0000   219708.0966   337429   63.70%
   2085   356   263327.3360   176   605323.0000   219708.0966   355868   63.70%
   2121   380   286410.5000   117   605323.0000   219708.0966   358424   63.70%
   2184   409   279028.6908   170   605323.0000   219708.0966   365117   63.70%
Elapsed time = 356.60 sec. (93700.41 ticks, tree = 4.93 MB, solutions = 15)
   2214   416   302927.0714   159   605323.0000   219708.0966   367753   63.70%
   2262   508   280858.2962   168   605323.0000   219708.0966   383226   63.70%
   2293   447   289957.7172   186   605323.0000   219708.0966   373174   63.70%
   2343   538   307489.8636   155   605323.0000   219708.0966   386553   63.70%
   2372   635   293033.1988   197   605323.0000   219708.0966   401514   63.70%
   2434   673   286945.4084   197   605323.0000   219708.0966   407315   63.70%
   2485   698   318294.0000    97   605323.0000   219708.0966   410074   63.70%
   2541   766   275988.7844   198   605323.0000   219708.0966   415396   63.70%
   2628   839   299507.4268   195   605323.0000   219708.0966   421604   63.70%
   2670   827   327475.2000   126   605323.0000   219708.0966   421231   63.70%
Elapsed time = 450.90 sec. (103443.63 ticks, tree = 50.71 MB, solutions = 15)
   2747   951   313486.0721   174   605323.0000   219708.0966   427811   63.70%
   2821  1009   346514.8333   144   605323.0000   219708.0966   432420   63.70%
   2899  1000   349585.9182   156   605323.0000   219708.0966   432048   63.70%
   2989  1170   323294.4242   171   605323.0000   219708.0966   440030   63.70%
   3061  1178   330811.2677   173   605323.0000   219708.0966   440371   63.70%
   3119  1273   324112.0389   178   605323.0000   219708.0966   447061   63.70%
   3234  1385   377267.7823   156   605323.0000   219708.0966   452665   63.70%
   3328  1534   363287.2500   117   605323.0000   219708.0966   458374   63.70%
   3414  1614   409485.4359   152   605323.0000   219708.0966   462041   63.70%
   3471  1671   374222.4092   162   605323.0000   219708.0966   465236   63.70%
Elapsed time = 535.02 sec. (113109.61 ticks, tree = 284.62 MB, solutions = 15)
   3542  1759   355252.8551   183   605323.0000   219708.0966   468586   63.70%
   3633  1794   463905.9621   164   605323.0000   219708.0966   470575   63.70%
   3742  1857   411971.3667   169   605323.0000   219708.0966   474211   63.70%
   3884  1838   393419.2500   125   605323.0000   219708.0966   473374   63.70%
   3953  2018   416881.3901   123   605323.0000   219708.0966   481137   63.70%
   4055  2185   377138.4341   152   605323.0000   219708.0966   488153   63.70%
   4149  2237   409711.7500   113   605323.0000   219708.0966   489806   63.70%
   4260  2304   456329.1370   151   605323.0000   219708.0966   491938   63.70%
*  4367+ 2361                       602355.0000   219708.0966            63.53%
   4401  2587   446945.1250   140   602355.0000   219708.0966   502178   63.53%
   4508  2513   497494.0882   121   602355.0000   219708.0966   499552   63.53%
Elapsed time = 627.87 sec. (122732.71 ticks, tree = 577.89 MB, solutions = 16)
   4641  2688   564586.4303   152   602355.0000   219708.0966   506097   63.53%
   4772  2886   488477.6200   160   602355.0000   219708.0966   515680   63.53%
   4905  3012   543064.0000    84   602355.0000   219708.0966   519598   63.53%
   5076  3027   591967.7500    68   602355.0000   219708.0966   520031   63.53%
   5222  3233   595474.2524   136   602355.0000   219708.0966   528857   63.53%
   5371  3225   595332.5000   148   602355.0000   219708.0966   528414   63.53%
   5512  3372   529908.8750   116   602355.0000   219708.0966   533479   63.53%
   5625  3651   272385.2267   162   602355.0000   222724.8617   549765   63.02%
   5685  3754   452394.2778   124   602355.0000   222724.8617   557595   63.02%
   5744  3852   461014.4000   140   602355.0000   225985.6059   573948   62.48%
Elapsed time = 712.53 sec. (132347.09 ticks, tree = 1031.75 MB, solutions = 16)
   5794  3889   284383.5953   195   602355.0000   225985.6059   578371   62.48%
   5880  3928   362794.4275   150   602355.0000   225985.6059   583623   62.48%
   5995  4006   433876.2841   118   602355.0000   225985.6059   594646   62.48%
   6119  4141   600070.2500    72   602355.0000   225985.6059   612576   62.48%
   6240  4096   351489.9973   164   602355.0000   225985.6059   611779   62.48%
   6362  4253   399261.3000   132   602355.0000   225988.3568   625691   62.48%
   6501  4562   398449.7500   156   602355.0000   225988.3568   651343   62.48%
   6636  4612   543991.5000    78   602355.0000   225988.3568   654383   62.48%
   6774  4858   447352.4444   134   602355.0000   225988.3568   670693   62.48%
   6927  4910   583122.4000    99   602355.0000   225988.3568   672439   62.48%
Elapsed time = 800.00 sec. (141957.08 ticks, tree = 1392.04 MB, solutions = 16)
   7047  4909   483169.1929   132   602355.0000   225988.3568   672305   62.48%
   7109  5048   514057.2857   119   602355.0000   225988.3568   686123   62.48%
   7211  5172   267814.3146   180   602355.0000   225988.3568   694639   62.48%
   7302  5281   294624.4793   164   602355.0000   225988.3568   709991   62.48%
   7405  5366   313572.7028   190   602355.0000   225988.3568   718625   62.48%
   7540  5421   553650.6667   122   602355.0000   225988.3568   721767   62.48%
   7727  5516   583766.2500    90   602355.0000   225988.3568   731538   62.48%
   7867  5619   231209.3760   210   602355.0000   225988.3568   742951   62.48%
   7960  5776   361576.7895   203   602355.0000   226684.9711   752382   62.37%
   8341  6331   417709.7500   224   602355.0000   231006.5509   796742   61.65%
Elapsed time = 911.77 sec. (154468.96 ticks, tree = 1768.58 MB, solutions = 16)
   8719  6625   514084.2222   132   602355.0000   231006.5509   842757   61.65%
   9268  6930   572487.8333   111   602355.0000   233681.2854   870200   61.21%
*  9624+ 7224                       600996.0000   233681.2854            61.12%
*  9626+ 7223                       600450.0000   233681.2854            61.08%
   9742  7553   347534.8994   239   600450.0000   233681.2854   927691   61.08%
  10191  7796   332006.0752   195   600450.0000   234751.2362   950271   60.90%
  10781  8456   389443.0714   167   600450.0000   234751.2362  1001905   60.90%
  11328  9155   447290.1696   177   600450.0000   234938.3756  1037206   60.87%
  11761  9623   316820.0240   205   600450.0000   235197.2167  1072597   60.83%
  12194  9802   328106.1894   250   600450.0000   236495.7726  1098347   60.61%
  12670 10239   385811.1961   185   600450.0000   236495.7726  1136629   60.61%
  13159 10830   452963.0625   196   600450.0000   236931.5783  1171738   60.54%
Elapsed time = 1234.45 sec. (192669.36 ticks, tree = 3258.44 MB, solutions = 18)
Nodefile size = 1183.60 MB (720.07 MB after compression)
  13541 11125   347413.5913   200   600450.0000   237508.5142  1198431   60.44%
  14155 11721   427334.5417   183   600450.0000   237508.5142  1249582   60.44%
  14688 12423   408539.2980   184   600450.0000   237550.7721  1293844   60.44%
  15008 12904   305621.5929   184   600450.0000   238434.5804  1341480   60.29%
  15477 13034   374885.8404   212   600450.0000   238434.5804  1352552   60.29%
* 16075+13801                       595879.0000   238434.5804            59.99%
  16093 13546   485880.5000    72   595879.0000   238434.5804  1398602   59.99%
  16498 13992   255705.2516   196   595879.0000   238715.9694  1433017   59.94%
  16866 14357   588145.2500    81   595879.0000   238915.5067  1464832   59.91%
  17421 14749   580965.2500   128   595879.0000   238931.0800  1509370   59.90%
  17777 15150   315447.4675   215   595879.0000   239119.7524  1554465   59.87%
Elapsed time = 1555.47 sec. (230896.48 ticks, tree = 4162.45 MB, solutions = 19)
Nodefile size = 2104.05 MB (1286.68 MB after compression)
  17953 15642   361418.4848   220   595879.0000   239151.8025  1597243   59.87%
  18239 15941   398106.1735   192   595879.0000   239151.8025  1617591   59.87%
  18790 16113   462310.6667   191   595879.0000   239151.8025  1628146   59.87%
  19303 16691   321008.6865   201   595879.0000   239311.2746  1666262   59.84%
  19802 16940   372296.9952   203   595879.0000   239311.2746  1685517   59.84%
  20357 17462   444947.7455   174   595879.0000   239522.3693  1720546   59.80%
  20812 17967   311809.7027   208   595879.0000   239538.8926  1761040   59.80%
  21299 18541   356913.6348   201   595879.0000   239731.6085  1802953   59.77%
  21835 19008   361283.2593   173   595879.0000   239996.2360  1842008   59.72%
  22252 19711   401348.7833   204   595879.0000   240018.8184  1893018   59.72%
Elapsed time = 1834.40 sec. (269136.82 ticks, tree = 4876.27 MB, solutions = 19)
Nodefile size = 2805.79 MB (1717.66 MB after compression)
  22687 20262   378065.7565   206   595879.0000   240701.5124  1945203   59.61%
  23270 20574   421130.3153   200   595879.0000   240701.5124  1969298   59.61%
  23706 21275   415052.6000   201   595879.0000   240878.7136  2021878   59.58%
  24084 21491   443789.3295   182   595879.0000   240940.6517  2041822   59.57%
  24519 21987   299711.2501   189   595879.0000   241414.2127  2101643   59.49%
  24951 22466   369874.0290   187   595879.0000   241437.1113  2137738   59.48%
* 25275+22248                       591415.0000   241437.1113            59.18%
* 25285+22248                       590950.0000   241437.1113            59.14%
  25408 22704   331885.9007   178   590950.0000   241489.6871  2182846   59.14%
* 25435+22710                       584925.0000   241489.6871            58.71%
  25849 22803   293813.3060   236   584925.0000   241671.9219  2216448   58.68%
* 26108+22968                       584515.0000   241671.9219            58.65%
  26393 23414   334913.0018   200   584515.0000   241676.8712  2266683   58.65%
  26910 24069   435706.2367   195   584515.0000   241676.8712  2311213   58.65%
Elapsed time = 2146.03 sec. (307343.91 ticks, tree = 5982.54 MB, solutions = 23)
Nodefile size = 3917.86 MB (2405.10 MB after compression)
* 27417+23934                       574589.0000   241778.7834            57.92%
  27512 23849   321622.1288   195   574589.0000   241778.7834  2296509   57.92%
  28131 24727   305517.9438   185   574589.0000   241868.6883  2373598   57.91%
  28646 25103   475435.2917   177   574589.0000   241898.8584  2395036   57.90%
  29189 25690   401299.5118   190   574589.0000   241961.0906  2444210   57.89%
  29641 25983   293143.3390   189   574589.0000   242120.2841  2468372   57.86%
  30030 26825   399576.7314   166   574589.0000   242265.0648  2535790   57.84%
  30585 26991   411379.1636   208   574589.0000   242265.0648  2550935   57.84%
  31103 27060   461308.0247   170   574589.0000   242383.7903  2555286   57.82%
  31529 28238   381723.4598   193   574589.0000   242515.0178  2649245   57.79%
* 31894+27897                       573256.0000   242621.6951            57.68%
  31997 28412   446521.1265   153   573256.0000   242621.6951  2672654   57.68%
Elapsed time = 2463.71 sec. (345543.85 ticks, tree = 6346.12 MB, solutions = 25)
Nodefile size = 4262.59 MB (2611.86 MB after compression)
  32499 28631   562263.2692   120   573256.0000   242784.5553  2695807   57.65%
* 32653+29049                       568337.0000   242784.5553            57.28%
  32968 29518   465762.2095   167   568337.0000   242784.5553  2782078   57.28%
  33416 29568   287111.7996   211   568337.0000   242853.7597  2788245   57.27%
* 33542+29163                       563936.0000   243359.0266            56.85%
  33758 29651   311149.8871   214   563936.0000   243359.0266  2797223   56.85%
  34179 30067   438569.6395   192   563936.0000   243359.0266  2838116   56.85%
  34564 30413   460545.8750   147   563936.0000   243489.1932  2867806   56.82%
  35043 30913   290929.5554   216   563936.0000   243489.1932  2904112   56.82%
  35552 31593   431027.6796   166   563936.0000   243753.7748  2938394   56.78%
  36095 31740   273240.4743   194   563936.0000   243935.8705  2949641   56.74%
  36607 32461   351952.2324   194   563936.0000   244148.4259  3007706   56.71%
Elapsed time = 2736.20 sec. (383795.55 ticks, tree = 7645.69 MB, solutions = 29)
Nodefile size = 5575.02 MB (3424.96 MB after compression)
  37186 32534   400362.0662   189   563936.0000   244271.7365  3012233   56.68%
  37706 33658   296700.9779   158   563936.0000   244389.9118  3086825   56.66%
  38191 34230   422487.3437   156   563936.0000   244486.9819  3122763   56.65%
  38644 34442   419608.4500   176   563936.0000   244661.8571  3139277   56.62%
  39125 34893   371902.8466   221   563936.0000   244715.9797  3187199   56.61%
  39744 35593   452898.6847   192   563936.0000   244715.9797  3233961   56.61%
  40149 36138   409487.2970   185   563936.0000   244736.5058  3277045   56.60%
  40595 36781   360293.0000   106   563936.0000   245135.5499  3329030   56.53%
  41026 36640   412484.5126   194   563936.0000   245187.6544  3310105   56.52%
  41511 37432   311124.5570   217   563936.0000   245230.2165  3391006   56.51%
Elapsed time = 3055.38 sec. (421997.14 ticks, tree = 8557.46 MB, solutions = 29)
Nodefile size = 6479.23 MB (3979.35 MB after compression)
  41957 37858   367963.1141   209   563936.0000   245262.0255  3434992   56.51%
* 42234+37895                       560412.0000   245373.9568            56.22%
  42368 38273   394909.4710   171   560412.0000   245373.9568  3466362   56.22%
  42758 38265   499635.5417   172   560412.0000   245470.7455  3474744   56.20%
  43347 38694   424050.4450   200   560412.0000   245470.7455  3503131   56.20%
  43868 39398   380806.5110   184   560412.0000   245517.2556  3551416   56.19%
  44302 40235   388257.3707   193   560412.0000   245517.4103  3603589   56.19%
  44827 40379   453052.9091   149   560412.0000   245517.4103  3611566   56.19%
Starting limited solution polishing.
  45350 40685   372887.6481   191   560412.0000   246087.0467  3638808   56.09%
  45862 41227   365756.7705   208   560412.0000   246087.0467  3681420   56.09%
  46208 41751   320967.8029   168   560412.0000   246087.0467  3714969   56.09%
Elapsed time = 3314.96 sec. (460186.99 ticks, tree = 10017.04 MB, solutions = 30)
Nodefile size = 7943.80 MB (4885.41 MB after compression)
  46494 42125   278003.4608   187   560412.0000   246115.7293  3743864   56.08%
  46820 42669   327654.6521   186   560412.0000   246115.7293  3789120   56.08%
  47002 42763   289881.9144   178   560412.0000   246115.7293  3794985   56.08%
  47101 42920   340532.2356   212   560412.0000   246212.6557  3809842   56.07%
  47490 43024   399606.6875   171   560412.0000   246287.5394  3814286   56.05%
  47763 43170   397835.3363   183   560412.0000   246287.5394  3832583   56.05%
  47946 43529   436867.4414   130   560412.0000   246336.1919  3863026   56.04%
  48214 43890   383368.1035   178   560412.0000   246336.1919  3886688   56.04%
  48643 44440   272546.4879   192   560412.0000   246336.1919  3921822   56.04%
  48898 44486   482539.8214   121   560412.0000   246336.1919  3928331   56.04%
Elapsed time = 3481.73 sec. (498522.90 ticks, tree = 10519.96 MB, solutions = 30)
Nodefile size = 8413.13 MB (5172.29 MB after compression)
  49230 44962   320699.1484   176   560412.0000   246665.9006  3980012   55.98%
* 49414+44237                       558895.0000   246665.9006            55.87%
  49563 45127   419472.4643   197   558895.0000   246713.1487  3991023   55.86%
  49859 45440   475981.0000   179   558895.0000   246713.1487  4028826   55.86%
* 49897+45471                       557097.0000   246713.1487            55.71%
  49966 45726   380456.6058   176   557097.0000   246713.1487  4051373   55.71%
  50339 45817   437280.7695   169   557097.0000   246825.0588  4055285   55.69%
  50674 46095   333717.1597   218   557097.0000   246825.0588  4081316   55.69%
* 50719+45693                       551499.0000   246825.0588            55.24%
  50907 46062   329852.5203   224   551499.0000   246825.0588  4102269   55.24%
  50959 45911   480518.6667   131   551499.0000   246825.0588  4057878   55.24%

Implied bound cuts applied:  99
Zero-half cuts applied:  507
Lift and project cuts applied:  77

Root node processing (before b&c):
  Real time             =   32.97 sec. (24169.29 ticks)
Parallel b&c, 8 threads:
  Real time             = 3570.24 sec. (508820.67 ticks)
  Sync time (average)   =  557.55 sec.
  Wait time (average)   =    0.01 sec.
                          ------------
Total (root+branch&cut) = 3603.21 sec. (532989.96 ticks)
Status: Feasible
Obj: 551499

Instalacoes abertas:
Instalação 0 aberta
Instalação 1 aberta
Instalação 4 aberta
Instalação 8 aberta
Instalação 9 aberta
Instalação 13 aberta
Instalação 16 aberta
Instalação 18 aberta
Instalação 19 aberta
Instalação 20 aberta
Instalação 22 aberta
Instalação 25 aberta
Instalação 30 aberta
Instalação 39 aberta
Instalação 47 aberta
Instalação 49 aberta

Atribuições (cliente -> instalação):
Cliente 0 -> Instalação 0
Cliente 1 -> Instalação 47
Cliente 2 -> Instalação 30
Cliente 3 -> Instalação 30
Cliente 4 -> Instalação 9
Cliente 5 -> Instalação 25
Cliente 6 -> Instalação 4
Cliente 7 -> Instalação 1
Cliente 8 -> Instalação 13
Cliente 9 -> Instalação 1
Cliente 10 -> Instalação 19
Cliente 11 -> Instalação 22
Cliente 12 -> Instalação 9
Cliente 13 -> Instalação 9
Cliente 14 -> Instalação 19
Cliente 15 -> Instalação 47
Cliente 16 -> Instalação 16
Cliente 17 -> Instalação 16
Cliente 18 -> Instalação 20
Cliente 19 -> Instalação 19
Cliente 20 -> Instalação 18
Cliente 21 -> Instalação 9
Cliente 22 -> Instalação 22
Cliente 23 -> Instalação 13
Cliente 24 -> Instalação 1
Cliente 25 -> Instalação 25
Cliente 26 -> Instalação 4
Cliente 27 -> Instalação 4
Cliente 28 -> Instalação 30
Cliente 29 -> Instalação 9
Cliente 30 -> Instalação 20
Cliente 31 -> Instalação 18
Cliente 32 -> Instalação 47
Cliente 33 -> Instalação 49
Cliente 34 -> Instalação 49
Cliente 35 -> Instalação 1
Cliente 36 -> Instalação 20
Cliente 37 -> Instalação 47
Cliente 38 -> Instalação 8
Cliente 39 -> Instalação 39
Cliente 40 -> Instalação 1
Cliente 41 -> Instalação 8
Cliente 42 -> Instalação 0
Cliente 43 -> Instalação 30
Cliente 44 -> Instalação 8
Cliente 45 -> Instalação 8
Cliente 46 -> Instalação 20
Cliente 47 -> Instalação 4
Cliente 48 -> Instalação 20
Cliente 49 -> Instalação 4
