Version identifier: 22.1.1.0 | 2022-11-28 | 9160aff4d
CPXPARAM_TimeLimit                               3600
Tried aggregator 1 time.
MIP Presolve eliminated 50 rows and 1 columns.
Reduced MIP has 51500 rows, 3529 columns, and 154400 nonzeros.
Reduced MIP has 3529 binaries, 0 generals, 0 SOSs, and 0 indicators.
Presolve time = 0.08 sec. (68.60 ticks)
Found incumbent of value 4.0066815e+07 after 0.10 sec. (87.86 ticks)
Probing time = 0.03 sec. (7.99 ticks)
Tried aggregator 1 time.
Detecting symmetries...
Reduced MIP has 51500 rows, 3529 columns, and 154400 nonzeros.
Reduced MIP has 3529 binaries, 0 generals, 0 SOSs, and 0 indicators.
Presolve time = 0.09 sec. (83.44 ticks)
Probing time = 0.03 sec. (8.12 ticks)
Clique table members: 2500.
MIP emphasis: balance optimality and feasibility.
MIP search method: dynamic search.
Parallel mode: deterministic, using up to 8 threads.
Root relaxation solution time = 0.19 sec. (76.05 ticks)

        Nodes                                         Cuts/
   Node  Left     Objective  IInf  Best Integer    Best Bound    ItCnt     Gap

*     0+    0                       4.00668e+07        0.0000           100.00%
*     0+    0                       3.01760e+07        0.0000           100.00%
*     0+    0                      1652611.0000        0.0000           100.00%
*     0+    0                      1609721.0000        0.0000           100.00%
      0     0    93774.0000   100  1609721.0000    93774.0000      194   94.17%
*     0+    0                      1312648.0000    93774.0000            92.86%
      0     0   106217.5000   100  1312648.0000    Cuts: 2534      416   91.91%
      0     0   118774.0000    98  1312648.0000    Cuts: 2497      714   90.95%
      0     0   131217.5000    98  1312648.0000 ZeroHalf: 1083     1739   90.00%
*     0+    0                      1102313.0000   131217.5000            88.10%
*     0+    0                       977922.0000   131217.5000            86.58%
      0     0  -1.00000e+75     0   977922.0000   131217.5000     1739   86.58%
      0     0   138236.2667   171   977922.0000 ZeroHalf: 1028     2764   85.86%
      0     0   145295.5510   182   977922.0000     Cuts: 913     3760   85.14%
Detecting symmetries...
      0     0   150065.3549   181   977922.0000     Cuts: 453     4209   84.65%
      0     0   152736.2245   221   977922.0000     Cuts: 387     4616   84.38%
*     0+    0                       799312.0000   152736.2245            80.89%
      0     0   156773.2756   229   799312.0000     Cuts: 287     5247   80.39%
      0     0   159412.9399   245   799312.0000     Cuts: 568     5767   80.06%
      0     0   162506.1241   223   799312.0000     Cuts: 770     6458   79.67%
      0     0   166045.9617   208   799312.0000     Cuts: 351     7030   79.23%
      0     0   169044.8627   176   799312.0000     Cuts: 441     7743   78.85%
      0     0   171684.1850   196   799312.0000     Cuts: 160     8357   78.52%
      0     0   173296.2820   175   799312.0000     Cuts: 248     8835   78.32%
      0     0   174613.7515   206   799312.0000     Cuts: 107     9228   78.15%
      0     0   176189.2233   236   799312.0000     Cuts: 171     9627   77.96%
      0     0   177749.6030   210   799312.0000     Cuts: 174    10036   77.76%
      0     0   178964.3639   208   799312.0000     Cuts: 121    10520   77.61%
      0     0   179853.2069   209   799312.0000      Cuts: 67    10850   77.50%
      0     0   180755.4327   208   799312.0000     Cuts: 168    11219   77.39%
      0     0   182202.5570   240   799312.0000      Cuts: 98    11690   77.21%
      0     0   183269.2983   234   799312.0000     Cuts: 177    12029   77.07%
      0     0   184491.2133   200   799312.0000     Cuts: 263    12489   76.92%
      0     0   185928.7106   210   799312.0000     Cuts: 191    12986   76.74%
      0     0   187237.7617   205   799312.0000     Cuts: 151    13413   76.58%
      0     0   188058.0408   206   799312.0000     Cuts: 140    13714   76.47%
      0     0   188760.5648   211   799312.0000      Cuts: 85    14031   76.38%
      0     0   189799.0174   226   799312.0000      Cuts: 75    14464   76.25%
      0     0   190507.6915   236   799312.0000     Cuts: 164    14813   76.17%
      0     0   190849.0726   216   799312.0000     Cuts: 186    15083   76.12%
      0     0   191184.1229   201   799312.0000      Cuts: 60    15308   76.08%
      0     0   191774.6642   208   799312.0000     Cuts: 153    15566   76.01%
      0     0   192303.8725   226   799312.0000      Cuts: 72    15839   75.94%
      0     0   192906.3986   225   799312.0000      Cuts: 54    16086   75.87%
      0     0   193232.3386   211   799312.0000     Cuts: 145    16272   75.83%
      0     0   193779.0046   236   799312.0000      Cuts: 90    16573   75.76%
      0     0   194316.4809   242   799312.0000      Cuts: 90    16920   75.69%
      0     0   194691.0138   233   799312.0000      Cuts: 60    17078   75.64%
      0     0   195370.2207   223   799312.0000      Cuts: 75    17409   75.56%
      0     0   196044.9991   210   799312.0000     Cuts: 273    17731   75.47%
      0     0   196564.0259   214   799312.0000      Cuts: 79    17962   75.41%
      0     0   197004.2362   219   799312.0000      Cuts: 50    18213   75.35%
      0     0   197478.1220   237   799312.0000     Cuts: 123    18531   75.29%
      0     0   197717.1636   242   799312.0000      Cuts: 63    18745   75.26%
      0     0   198080.6624   231   799312.0000     Cuts: 146    18947   75.22%
      0     0   198677.4874   228   799312.0000      Cuts: 88    19187   75.14%
      0     0   199454.9555   230   799312.0000     Cuts: 184    19600   75.05%
      0     0   199992.4253   230   799312.0000      Cuts: 66    19860   74.98%
      0     0   200463.6568   207   799312.0000     Cuts: 173    20155   74.92%
      0     0   200814.6999   235   799312.0000      Cuts: 56    20467   74.88%
      0     0   201091.8582   237   799312.0000      Cuts: 68    20626   74.84%
      0     0   201463.2074   228   799312.0000      Cuts: 42    20847   74.80%
      0     0   201747.0907   208   799312.0000     Cuts: 188    21062   74.76%
      0     0   201978.2848   238   799312.0000      Cuts: 65    21311   74.73%
      0     0   202404.5978   244   799312.0000      Cuts: 87    21548   74.68%
      0     0   202676.7807   257   799312.0000      Cuts: 84    21794   74.64%
      0     0   202865.4249   239   799312.0000      Cuts: 75    21939   74.62%
      0     0   203150.4145   238   799312.0000      Cuts: 97    22130   74.58%
      0     0   203541.1896   210   799312.0000     Cuts: 241    22360   74.54%
      0     0   203934.9162   226   799312.0000      Cuts: 46    22588   74.49%
      0     0   204224.1288   206   799312.0000 ZeroHalf: 108    22827   74.45%
      0     0   204619.1821   232   799312.0000      Cuts: 59    23069   74.40%
      0     0   204862.4622   205   799312.0000     Cuts: 171    23268   74.37%
      0     0   205171.2538   228   799312.0000  ZeroHalf: 33    23479   74.33%
      0     0   205280.0850   232   799312.0000      Cuts: 30    23557   74.32%
      0     0   205456.5622   230   799312.0000  ZeroHalf: 23    23681   74.30%
      0     0   205832.2188   210   799312.0000     Cuts: 144    23931   74.25%
      0     0   206061.8720   214   799312.0000      Cuts: 36    24108   74.22%
      0     0   206247.0024   246   799312.0000      Cuts: 35    24239   74.20%
      0     0   206574.1995   234   799312.0000      Cuts: 79    24540   74.16%
      0     0   206784.9653   232   799312.0000      Cuts: 72    24731   74.13%
      0     0   206999.1012   235   799312.0000      Cuts: 35    24887   74.10%
      0     0   207179.4124   244   799312.0000      Cuts: 47    25086   74.08%
      0     0   207418.3394   231   799312.0000      Cuts: 30    25222   74.05%
      0     0   207619.2449   233   799312.0000      Cuts: 37    25371   74.03%
      0     0   207936.3990   232   799312.0000      Cuts: 71    25556   73.99%
      0     0   208064.6816   230   799312.0000      Cuts: 28    25705   73.97%
*     0+    0                       742458.0000   208064.6816            71.98%
Detecting symmetries...
      0     2   208064.6816   230   742458.0000   208064.6816    25705   71.98%
Elapsed time = 42.57 sec. (32146.90 ticks, tree = 0.02 MB, solutions = 9)
      2     4   208218.1883   215   742458.0000   208064.6852    25966   71.98%
      5     4   227253.0221   192   742458.0000   208064.6852    26546   71.98%
      9     9   235971.3728   202   742458.0000   208219.7559    28145   71.96%
     17    17   249086.8879   174   742458.0000   208845.3650    32233   71.87%
     29    19   237322.7543   193   742458.0000   208845.3650    34566   71.87%
     39    19   285344.1439   154   742458.0000   208845.3650    33764   71.87%
     47    40   297531.0562   147   742458.0000   208845.3650    41907   71.87%
     58    47   258414.6027   173   742458.0000   208845.3650    44462   71.87%
     67    55   297019.3798   156   742458.0000   208845.3650    48255   71.87%
    102    84   389036.3750   118   742458.0000   208845.3650    59091   71.87%
Elapsed time = 71.65 sec. (35408.53 ticks, tree = 0.70 MB, solutions = 9)
    151   124   285641.4988   155   742458.0000   208845.3650    75183   71.87%
    217   202   509347.0000    74   742458.0000   208845.3650    93407   71.87%
    315   269   616265.6667    72   742458.0000   208845.3650   102727   71.87%
    479   425   456634.7500    88   742458.0000   208845.3650   119809   71.87%
    615   545        cutoff         742458.0000   208845.3650   132074   71.87%
    758   643   714061.0000    61   742458.0000   208845.3650   140465   71.87%
    866   699   469694.5000    78   742458.0000   210674.3250   150504   71.62%
    995   809   341333.1667   130   742458.0000   211487.6084   163577   71.52%
   1159  1059   692587.5000    48   742458.0000   211487.6084   189623   71.52%
   1255  1075   276639.4962   178   742458.0000   211487.6084   191245   71.52%
Elapsed time = 144.69 sec. (45020.83 ticks, tree = 163.78 MB, solutions = 9)
   1369  1135   277430.9959   167   742458.0000   211487.6084   203706   71.52%
   1499  1314   375515.4286   147   742458.0000   211487.6084   230488   71.52%
   1682  1489   645671.0000    58   742458.0000   211487.6084   244290   71.52%

Performing restart 1

Repeating presolve.
Tried aggregator 1 time.
MIP Presolve eliminated 787 rows and 26 columns.
Reduced MIP has 50713 rows, 3503 columns, and 152039 nonzeros.
Reduced MIP has 3503 binaries, 0 generals, 0 SOSs, and 0 indicators.
Presolve time = 0.07 sec. (69.79 ticks)
Tried aggregator 1 time.
Reduced MIP has 50713 rows, 3503 columns, and 152039 nonzeros.
Reduced MIP has 3503 binaries, 0 generals, 0 SOSs, and 0 indicators.
Presolve time = 0.09 sec. (84.99 ticks)
Represolve time = 0.25 sec. (221.76 ticks)
*  1755+    0                       739972.0000   211487.6084            71.42%
   1755     0   208466.2481   238   739972.0000      Cuts: 89   263721   71.42%
   1755     0   208906.5973   235   739972.0000      Cuts: 88   263939   71.42%
   1755     0   209213.0532   241   739972.0000      Cuts: 93   264135   71.42%
*  1755+    0                       735609.0000   211487.6084            71.25%
   1755     0  -1.00000e+75     0   735609.0000   211487.6084   264135   71.25%
   1755     0   209660.6077   235   735609.0000     Cuts: 106   264438   71.25%
   1755     0   210025.7174   244   735609.0000     Cuts: 129   264700   71.25%
   1755     0   210195.5646   245   735609.0000     Cuts: 152   264862   71.25%
   1755     0   210486.3259   247   735609.0000     Cuts: 116   265059   71.25%
   1755     0   210889.5662   247   735609.0000      Cuts: 99   265339   71.25%
   1755     0   211378.8535   243   735609.0000     Cuts: 120   265622   71.25%
   1755     0   211678.3686   248   735609.0000     Cuts: 126   265866   71.22%
   1755     0   211911.1597   249   735609.0000      Cuts: 61   266039   71.19%
   1755     0   212180.5309   247   735609.0000      Cuts: 71   266327   71.16%
   1755     0   212694.7475   241   735609.0000      Cuts: 41   266614   71.09%
   1755     0   212972.6136   237   735609.0000      Cuts: 79   266807   71.05%
   1755     0   213617.5109   243   735609.0000     Cuts: 119   267106   70.96%
   1755     0   214176.0547   240   735609.0000     Cuts: 116   267485   70.88%
   1755     0   214614.9308   236   735609.0000  ZeroHalf: 55   267748   70.82%
   1755     0   214969.7627   240   735609.0000     Cuts: 136   267958   70.78%
   1755     0   215981.2149   241   735609.0000     Cuts: 122   268358   70.64%
   1755     0   216716.8748   241   735609.0000     Cuts: 108   268758   70.54%
   1755     0   217029.4475   241   735609.0000     Cuts: 108   268998   70.50%
   1755     0   217282.1931   234   735609.0000      Cuts: 57   269185   70.46%
   1755     0   217677.7930   237   735609.0000     Cuts: 157   269397   70.41%
   1755     0   217883.3750   243   735609.0000      Cuts: 49   269629   70.38%
   1755     0   218045.4164   241   735609.0000      Cuts: 70   269809   70.36%
   1755     0   218478.7921   238   735609.0000      Cuts: 43   270029   70.30%
   1755     0   218840.4281   251   735609.0000      Cuts: 90   270386   70.25%
   1755     0   219138.0278   253   735609.0000      Cuts: 83   270604   70.21%
   1755     0   219313.4155   251   735609.0000      Cuts: 75   270787   70.19%
   1755     0   219400.4791   240   735609.0000      Cuts: 83   270952   70.17%
   1755     0   219602.7981   251   735609.0000      Cuts: 89   271216   70.15%
   1755     0   219950.8051   239   735609.0000      Cuts: 72   271456   70.10%
   1755     0   220184.5749   247   735609.0000      Cuts: 52   271660   70.07%
   1755     0   220577.9701   242   735609.0000     Cuts: 107   271952   70.01%
   1755     0   220970.5472   245   735609.0000      Cuts: 98   272237   69.96%
   1755     0   221211.1903   247   735609.0000  ZeroHalf: 47   272519   69.93%
   1755     0   221486.9836   245   735609.0000  ZeroHalf: 53   272751   69.89%
   1755     0   221628.3556   242   735609.0000      Cuts: 46   272903   69.87%
   1755     0   221935.1258   244   735609.0000  ZeroHalf: 37   273103   69.83%
   1755     0   222614.0961   239   735609.0000      Cuts: 86   273370   69.74%
   1755     0   222933.3349   243   735609.0000     Cuts: 114   273593   69.69%
   1755     0   223394.4522   231   735609.0000      Cuts: 44   273838   69.63%
   1755     0   223898.2189   237   735609.0000      Cuts: 95   274144   69.56%
   1755     0   224581.2153   234   735609.0000      Cuts: 95   274427   69.47%
   1755     0   225037.4190   237   735609.0000      Cuts: 76   274714   69.41%
   1755     0   225474.9327   240   735609.0000  ZeroHalf: 53   274940   69.35%
   1755     0   225741.3033   236   735609.0000      Cuts: 63   275171   69.31%
   1755     0   226069.5449   244   735609.0000      Cuts: 71   275394   69.27%
   1755     0   226389.2119   240   735609.0000      Cuts: 73   275669   69.22%
   1755     0   226557.1571   244   735609.0000      Cuts: 52   275814   69.20%
   1755     0   226712.7061   244   735609.0000  ZeroHalf: 46   275948   69.18%
   1755     0   227010.7162   241   735609.0000      Cuts: 60   276193   69.14%
   1755     0   227481.4170   236   735609.0000      Cuts: 57   276518   69.08%
   1755     0   227813.9952   242   735609.0000      Cuts: 69   276751   69.03%
   1755     0   228111.3519   241   735609.0000      Cuts: 62   276993   68.99%
   1755     0   228534.3240   239   735609.0000      Cuts: 65   277304   68.93%
   1755     0   228910.7503   230   735609.0000      Cuts: 93   277615   68.88%
   1755     0   229369.0459   233   735609.0000      Cuts: 83   277879   68.82%
   1755     0   229702.2136   236   735609.0000  ZeroHalf: 70   278097   68.77%
   1755     0   230047.2138   233   735609.0000      Cuts: 83   278355   68.73%
   1755     0   230475.4520   231   735609.0000      Cuts: 72   278665   68.67%
   1755     0   230944.0599   233   735609.0000  ZeroHalf: 78   278963   68.61%
   1755     0   231192.7378   241   735609.0000      Cuts: 71   279219   68.57%
   1755     0   231494.0330   227   735609.0000      Cuts: 45   279398   68.53%
   1755     0   231940.0020   236   735609.0000      Cuts: 68   279724   68.47%
   1755     0   232259.9402   232   735609.0000      Cuts: 59   279925   68.43%
   1755     0   232575.7875   229   735609.0000      Cuts: 61   280163   68.38%
   1755     0   232793.0687   243   735609.0000      Cuts: 79   280393   68.35%
   1755     0   232977.4370   240   735609.0000      Cuts: 92   280645   68.33%
   1755     0   233307.5023   238   735609.0000      Cuts: 48   280870   68.28%
   1755     0   233611.0031   234   735609.0000  ZeroHalf: 38   281108   68.24%
   1755     0   233847.6923   228   735609.0000      Cuts: 77   281303   68.21%
   1755     0   234107.7914   234   735609.0000      Cuts: 84   281545   68.17%
   1755     0   234272.2646   235   735609.0000      Cuts: 52   281701   68.15%
   1755     0   234673.4633   231   735609.0000      Cuts: 59   281948   68.10%
   1755     0   235143.1996   234   735609.0000      Cuts: 82   282291   68.03%
   1755     0   235681.8631   236   735609.0000      Cuts: 49   282607   67.96%
   1755     0   235870.2549   240   735609.0000     Cuts: 104   282789   67.94%
   1755     0   236060.2425   243   735609.0000      Cuts: 51   282985   67.91%
   1755     0   236441.0394   243   735609.0000      Cuts: 56   283317   67.86%
   1755     0   236845.2991   240   735609.0000      Cuts: 45   283599   67.80%
   1755     0   237141.0341   236   735609.0000      Cuts: 77   283871   67.76%
   1755     0   237402.4442   231   735609.0000      Cuts: 52   284074   67.73%
   1755     0   237549.3284   239   735609.0000      Cuts: 70   284212   67.71%
   1755     0   237896.0923   243   735609.0000  ZeroHalf: 47   284504   67.66%
   1755     0   238171.4607   236   735609.0000      Cuts: 37   284665   67.62%
   1755     0   238323.3498   237   735609.0000      Cuts: 61   284821   67.60%
   1755     0   238549.9136   232   735609.0000      Cuts: 63   285050   67.57%
   1755     0   238818.7891   236   735609.0000  ZeroHalf: 47   285228   67.53%
   1755     0   239102.5417   235   735609.0000      Cuts: 51   285434   67.50%
   1755     0   239431.3085   235   735609.0000      Cuts: 43   285668   67.45%
   1755     0   240092.7757   239   735609.0000      Cuts: 77   286068   67.36%
   1755     0   240713.8244   239   735609.0000     Cuts: 104   286470   67.28%
   1755     0   241031.6588   255   735609.0000  ZeroHalf: 44   286745   67.23%
   1755     0   241339.6389   242   735609.0000     Cuts: 114   287005   67.19%
   1755     0   241672.4527   226   735609.0000  ZeroHalf: 35   287308   67.15%
   1755     0   241966.5424   250   735609.0000      Cuts: 66   287657   67.11%
   1755     0   242255.8000   252   735609.0000  ZeroHalf: 43   287936   67.07%
   1755     0   242469.9216   249   735609.0000      Cuts: 52   288193   67.04%
   1755     0   242816.8935   241   735609.0000 ZeroHalf: 132   288447   66.99%
   1755     0   243136.9544   249   735609.0000 ZeroHalf: 132   288667   66.95%
   1755     0   243346.8157   253   735609.0000      Cuts: 71   288899   66.92%
   1755     2   243346.8157   253   735609.0000   243346.8157   288899   66.92%
   1756     3   243393.3919   251   735609.0000   243393.4644   288960   66.91%
   1757     4   243402.8451   251   735609.0000   243406.7741   289005   66.91%
   1758     5   243424.8613   247   735609.0000   243425.0092   289068   66.91%
   1760     3   263195.6847   194   735609.0000   243425.0092   289750   66.91%
   1761     6   243456.6851   228   735609.0000   243462.1704   289130   66.90%
*  1762+    5                       735580.0000   243462.1704            66.90%
   1762     7   270577.5685   218   735580.0000   243462.1704   290276   66.90%
Elapsed time = 349.60 sec. (119559.97 ticks, tree = 0.02 MB, solutions = 11)
   1765     9   244229.2760   255   735580.0000   244229.5831   291377   66.80%
   1768    14   271616.9191   218   735580.0000   244229.5831   294677   66.80%
   1771    15   271746.6561   214   735580.0000   244866.2964   295443   66.71%
   1775    16   245147.5958   233   735580.0000   244869.7942   295946   66.71%
   1778    19   263691.7121   195   735580.0000   244869.7942   299165   66.71%
   1784    20   263839.0310   198   735580.0000   244869.7942   299408   66.71%
   1788    25   272979.5915   215   735580.0000   244869.7942   302309   66.71%
   1794    30   246064.0441   237   735580.0000   244869.7942   306391   66.71%
   1798    26   273342.6236   217   735580.0000   244869.7942   302517   66.71%
   1803    34   289831.1407   198   735580.0000   244869.7942   308342   66.71%
Elapsed time = 443.78 sec. (132689.46 ticks, tree = 0.88 MB, solutions = 12)
   1809    41   282825.4046   193   735580.0000   244869.7942   312641   66.71%
   1817    42   269976.0925   229   735580.0000   244869.7942   313086   66.71%
   1828    38   274671.4217   193   735580.0000   244869.7942   310215   66.71%
   1851    55   291500.2917   199   735580.0000   244869.7942   317714   66.71%
   1869    72   268549.9993   209   735580.0000   244869.7942   322986   66.71%
   1898    88   267430.0973   203   735580.0000   244869.7942   329432   66.71%
   1916    86   298725.9169   188   735580.0000   244869.7942   328630   66.71%
   1935   115   299711.6944   217   735580.0000   244869.7942   336675   66.71%
   1960   101   273973.3828   204   735580.0000   244869.7942   333058   66.71%
   1982   135   278946.6942   208   735580.0000   244869.7942   344285   66.71%
Elapsed time = 547.54 sec. (142647.76 ticks, tree = 1.33 MB, solutions = 12)
   1997   161   255702.9750   209   735580.0000   244869.7942   349538   66.71%
   2018   201   301423.7581   190   735580.0000   244869.7942   362781   66.71%
   2045   266   257196.8027   214   735580.0000   244869.7942   380890   66.71%
   2069   178   295500.2848   201   735580.0000   244869.7942   355593   66.71%
   2086   251   281835.6266   206   735580.0000   244869.7942   376250   66.71%
   2121   311   284521.2538   197   735580.0000   244869.7942   390334   66.71%
   2165   319   287733.1578   215   735580.0000   244869.7942   394645   66.71%
   2197   364   261549.4380   218   735580.0000   244869.7942   403441   66.71%
   2228   371   262938.6725   195   735580.0000   244869.7942   404595   66.71%
   2247   379   264529.2141   215   735580.0000   244869.7942   405751   66.71%
Elapsed time = 638.41 sec. (152565.47 ticks, tree = 22.97 MB, solutions = 12)
   2277   446   308862.6020   198   735580.0000   244869.7942   417243   66.71%
   2303   389   312059.7310   235   735580.0000   244869.7942   407680   66.71%
   2333   443   314317.4206   199   735580.0000   244869.7942   418274   66.71%
   2368   503   312734.2661   184   735580.0000   244869.7942   426763   66.71%
   2409   542   316176.6527   206   735580.0000   244869.7942   433453   66.71%
   2442   565   316144.9788   202   735580.0000   244869.7942   437497   66.71%
   2469   566   284435.4343   201   735580.0000   244869.7942   437651   66.71%
   2494   636   317495.1738   198   735580.0000   244869.7942   451193   66.71%
   2519   682   301224.0010   217   735580.0000   244869.7942   456732   66.71%
   2544   640   320465.2617   212   735580.0000   244869.7942   452598   66.71%
Elapsed time = 740.68 sec. (162381.90 ticks, tree = 110.22 MB, solutions = 12)
   2565   701   350798.4191   177   735580.0000   244869.7942   460074   66.71%
   2604   721   315187.2376   210   735580.0000   244869.7942   461849   66.71%
   2642   771   325431.7294   216   735580.0000   244869.7942   472968   66.71%
   2666   785   349237.1831   190   735580.0000   244869.7942   473993   66.71%
   2685   862   334507.2306   222   735580.0000   244869.7942   483644   66.71%
   2715   840   315704.9135   187   735580.0000   244869.7942   481349   66.71%
   2748   781   341397.2029   257   735580.0000   244869.7942   474675   66.71%
   2778   907   281414.8003   189   735580.0000   244869.7942   488939   66.71%
   2822   899   320037.8513   187   735580.0000   244869.7942   487192   66.71%
   2842   924   372271.5191   226   735580.0000   244869.7942   492096   66.71%
Elapsed time = 847.85 sec. (172140.84 ticks, tree = 212.53 MB, solutions = 12)
   2867   959   368728.2076   184   735580.0000   244869.7942   492850   66.71%
   2894  1031   322853.3527   225   735580.0000   244869.7942   503921   66.71%
   2926  1042   344580.9228   229   735580.0000   244869.7942   504977   66.71%
   2982  1053   345486.8988   213   735580.0000   244869.7942   505886   66.71%
   3028  1099   382565.2795   189   735580.0000   244869.7942   512778   66.71%
   3069  1234   325514.8728   189   735580.0000   244869.7942   525217   66.71%
   3121  1119   318667.3832   197   735580.0000   244869.7942   516519   66.71%
   3158  1077   346514.7752   243   735580.0000   244869.7942   507936   66.71%
   3197  1206   327002.9189   209   735580.0000   244869.7942   524682   66.71%
   3241  1216   338858.4476   184   735580.0000   244869.7942   525549   66.71%
Elapsed time = 936.15 sec. (181847.97 ticks, tree = 325.97 MB, solutions = 12)
   3255  1401   358920.1234   209   735580.0000   244869.7942   545042   66.71%
   3289  1349   373834.4567   191   735580.0000   244869.7942   539787   66.71%
   3308  1409   373975.1895   210   735580.0000   244869.7942   545390   66.71%
   3343  1414   395739.3073   200   735580.0000   244869.7942   546029   66.71%
   3377  1432   336643.6724   169   735580.0000   244869.7942   548123   66.71%
   3423  1455   354569.2740   216   735580.0000   244869.7942   551005   66.71%
   3481  1555   344783.4657   183   735580.0000   244869.7942   563310   66.71%
   3519  1614   380283.0864   197   735580.0000   244869.7942   567989   66.71%
   3567  1642   365791.3588   203   735580.0000   244869.7942   569624   66.71%
   3745  1887   394085.7542   153   735580.0000   244869.7942   590264   66.71%
Elapsed time = 1061.06 sec. (194532.32 ticks, tree = 590.15 MB, solutions = 12)
   3948  1936   420515.2328   194   735580.0000   244869.7942   593847   66.71%
   4180  2190   445567.2572   170   735580.0000   244869.7942   616785   66.71%
   4391  2345   384251.3678   207   735580.0000   244869.7942   628095   66.71%
   4621  2516   410212.0801   177   735580.0000   244869.7942   642406   66.71%
   4869  2732   502779.5492   200   735580.0000   244869.7942   652907   66.71%
   5130  3095   494460.1533   165   735580.0000   244869.7942   675733   66.71%
   5367  3450   481203.6185   177   735580.0000   244869.7942   696355   66.71%
   5705  3489   503095.2446   165   735580.0000   244869.7942   699868   66.71%
   6060  3807   647942.1250   116   735580.0000   244869.7942   712181   66.71%
   6485  4186   714583.7500   100   735580.0000   244869.7942   733793   66.71%
Elapsed time = 1414.80 sec. (232796.45 ticks, tree = 1493.49 MB, solutions = 12)
   6770  4519   516136.4742   139   735580.0000   244869.7942   755993   66.71%
   7025  5019   615046.0714   152   735580.0000   244869.7942   785285   66.71%
   7313  5318   462211.4085   158   735580.0000   247068.0029   825942   66.41%
   7498  5479   282517.7055   202   735580.0000   248995.1609   850380   66.15%
   7733  5598   322088.9064   184   735580.0000   248995.1609   875921   66.15%
   8028  5901   653629.6667   145   735580.0000   248995.1609   923051   66.15%
   8328  5969   367583.5549   191   735580.0000   248995.1609   942907   66.15%
   8585  6391   653188.1486   131   735580.0000   248995.1609   985987   66.15%
   8863  6866   606280.5781   134   735580.0000   248995.1609  1045586   66.15%
   9249  6938   421292.1635   210   735580.0000   248995.1609  1059332   66.15%
Elapsed time = 1749.41 sec. (271061.91 ticks, tree = 2507.50 MB, solutions = 12)
Nodefile size = 436.85 MB (282.93 MB after compression)
*  9266+ 7015                       733857.0000   248995.1609            66.07%
*  9285+ 7015                       730011.0000   248995.1609            65.89%
   9629  7380   684734.7500    93   730011.0000   254691.3528  1091046   65.11%
   9947  7460   336313.8477   219   730011.0000   254691.3528  1106881   65.11%
  10255  7998   302382.3100   226   730011.0000   255948.3229  1153148   64.94%
  10582  8388   527268.4457   129   730011.0000   255948.3229  1203193   64.94%
  10930  8754   358155.8321   205   730011.0000   256368.6605  1239069   64.88%
  11204  8820   382075.0799   236   730011.0000   256503.8230  1242883   64.86%
  11517  9318   302471.6831   208   730011.0000   257887.1445  1301352   64.67%
  11873  9443   323740.1127   251   730011.0000   257887.1445  1316316   64.67%
  12297  9802   376165.3868   268   730011.0000   258679.5525  1350388   64.56%
  12607 10168   319312.6182   190   730011.0000   258755.7062  1381915   64.55%
Elapsed time = 2109.71 sec. (309295.95 ticks, tree = 3608.65 MB, solutions = 14)
Nodefile size = 1536.92 MB (991.87 MB after compression)
  12914 10439   307319.4259   213   730011.0000   259544.0675  1399847   64.45%
  13205 11130   352114.8864   233   730011.0000   260146.5719  1472798   64.36%
  13615 11256   358773.0351   240   730011.0000   260297.4528  1483474   64.34%
  14053 11670   405752.8684   226   730011.0000   260297.4528  1516900   64.34%
  14380 11891   380103.6364   226   730011.0000   260967.7720  1534927   64.25%
  14674 12534   299636.7909   191   730011.0000   260967.7720  1589024   64.25%
  15034 12580   330686.2617   257   730011.0000   261318.7119  1593598   64.20%
  15363 13144   415753.4408   225   730011.0000   261327.7432  1650032   64.20%
  15712 13179   283884.4710   201   730011.0000   261457.6164  1654273   64.18%
  16022 13672   412468.5210   153   730011.0000   261522.2454  1701450   64.18%
Elapsed time = 2468.47 sec. (347551.91 ticks, tree = 4752.90 MB, solutions = 14)
Nodefile size = 2679.92 MB (1715.73 MB after compression)
  16324 14137   605365.0000    64   730011.0000   262030.3295  1757749   64.11%
  16660 14119   500191.0792   177   730011.0000   262030.3295  1753628   64.11%
  16933 14543   358938.4873   242   730011.0000   262030.3295  1799377   64.11%
  17181 15021   360771.7418   196   730011.0000   262418.7369  1856720   64.05%
  17473 14962   355173.3846   173   730011.0000   262418.7369  1853007   64.05%
* 17522+15170                       728413.0000   262418.7369            63.97%
  17761 15536   418074.5947   255   728413.0000   262446.1227  1916601   63.97%
  18084 15753   461739.1326   213   728413.0000   262446.1227  1937499   63.97%
  18453 15844   590438.3333    96   728413.0000   262807.1649  1952089   63.92%
  18799 16550   356982.7917   210   728413.0000   263147.7204  2008837   63.87%
  19135 16552   318528.6752   185   728413.0000   263147.7204  2007198   63.87%
Elapsed time = 2769.48 sec. (385811.11 ticks, tree = 5736.01 MB, solutions = 15)
Nodefile size = 3670.36 MB (2345.99 MB after compression)
  19487 17089   411795.5242   239   728413.0000   263206.4090  2058994   63.87%
  19858 17506   427838.7553   221   728413.0000   263527.5607  2088489   63.82%
  20188 17725   337417.3630   225   728413.0000   263527.5607  2111820   63.82%
  20535 17951   362127.9002   261   728413.0000   263698.5615  2133570   63.80%
  20943 18174   331518.8459   219   728413.0000   263698.5615  2158973   63.80%
  21302 18832   362278.5349   207   728413.0000   264046.4126  2214617   63.75%
  21617 18888   384597.6034   194   728413.0000   264221.4706  2218474   63.73%
  21939 19674   364818.8158   266   728413.0000   264221.4706  2292297   63.73%
  22262 19519   298531.5082   213   728413.0000   264335.2956  2272803   63.71%
  22609 20107   360813.5636   237   728413.0000   264483.3665  2342870   63.69%
Elapsed time = 3148.08 sec. (424066.78 ticks, tree = 6399.34 MB, solutions = 15)
Nodefile size = 4330.46 MB (2757.63 MB after compression)
  22974 20520   414050.4812   246   728413.0000   264491.0632  2378794   63.69%
  23292 20546   338920.1881   205   728413.0000   264491.0632  2383911   63.69%
Starting limited solution polishing.
* 23484+20754                       719744.0000   264491.0632            63.25%
  23582 21121   417408.4510   208   719744.0000   264491.0632  2437439   63.25%
  23875 21495   545752.8333   111   719744.0000   264491.0632  2495113   63.25%
  24249 21563   678888.6667   139   719744.0000   264491.0632  2500278   63.25%
  24526 22049   304445.7839   219   719744.0000   264491.0632  2559368   63.25%
* 24658+21716                       718949.0000   264491.0632            63.21%
  24658 21718   466345.0679   228   718949.0000   264491.0632  2509827   63.21%
  24817 22459   396772.6637   216   718949.0000   264491.0632  2597169   63.21%
  25060 22549   308055.3303   225   718949.0000   264491.0632  2608193   63.21%
* 25153+22506                       706277.0000   264548.3884            62.54%
* 25156+22555                       704324.0000   264548.3884            62.44%
* 25173+22506                       681291.0000   264548.3884            61.17%
  25352 22558   366136.5826   233   681291.0000   264658.5026  2610580   61.15%
Elapsed time = 3489.45 sec. (462362.51 ticks, tree = 7091.14 MB, solutions = 22)
Nodefile size = 4992.80 MB (3172.04 MB after compression)
  25592 22665        cutoff         681291.0000   264658.5026  2690774   61.15%
  25917 22812   397693.2338   260   681291.0000   264659.8839  2703360   61.15%
* 26184+22863                       678516.0000   264659.8839            60.99%
  26200 22813   431995.8545   219   678516.0000   264659.8839  2704261   60.99%
  26287 23073   292993.3195   193   678516.0000   264680.4779  2739427   60.99%
* 26292+22978                       676675.0000   264680.4779            60.89%

Implied bound cuts applied:  69
Zero-half cuts applied:  543
Lift and project cuts applied:  11

Root node processing (before b&c):
  Real time             =   42.51 sec. (32058.28 ticks)
Parallel b&c, 8 threads:
  Real time             = 3560.72 sec. (448753.50 ticks)
  Sync time (average)   =  600.84 sec.
  Wait time (average)   =    0.01 sec.
                          ------------
Total (root+branch&cut) = 3603.24 sec. (480811.77 ticks)
Status: Feasible
Obj: 676675

Instalacoes abertas:
Instalação 0 aberta
Instalação 1 aberta
Instalação 4 aberta
Instalação 8 aberta
Instalação 9 aberta
Instalação 13 aberta
Instalação 16 aberta
Instalação 18 aberta
Instalação 19 aberta
Instalação 20 aberta
Instalação 22 aberta
Instalação 25 aberta
Instalação 30 aberta
Instalação 34 aberta
Instalação 35 aberta
Instalação 39 aberta
Instalação 46 aberta
Instalação 47 aberta
Instalação 49 aberta

Atribuições (cliente -> instalação):
Cliente 0 -> Instalação 19
Cliente 1 -> Instalação 1
Cliente 2 -> Instalação 9
Cliente 3 -> Instalação 13
Cliente 4 -> Instalação 18
Cliente 5 -> Instalação 30
Cliente 6 -> Instalação 30
Cliente 7 -> Instalação 16
Cliente 8 -> Instalação 19
Cliente 9 -> Instalação 0
Cliente 10 -> Instalação 18
Cliente 11 -> Instalação 49
Cliente 12 -> Instalação 39
Cliente 13 -> Instalação 8
Cliente 14 -> Instalação 9
Cliente 15 -> Instalação 35
Cliente 16 -> Instalação 16
Cliente 17 -> Instalação 47
Cliente 18 -> Instalação 18
Cliente 19 -> Instalação 20
Cliente 20 -> Instalação 1
Cliente 21 -> Instalação 8
Cliente 22 -> Instalação 22
Cliente 23 -> Instalação 8
Cliente 24 -> Instalação 20
Cliente 25 -> Instalação 0
Cliente 26 -> Instalação 1
Cliente 27 -> Instalação 20
Cliente 28 -> Instalação 4
Cliente 29 -> Instalação 47
Cliente 30 -> Instalação 34
Cliente 31 -> Instalação 4
Cliente 32 -> Instalação 30
Cliente 33 -> Instalação 39
Cliente 34 -> Instalação 49
Cliente 35 -> Instalação 34
Cliente 36 -> Instalação 13
Cliente 37 -> Instalação 22
Cliente 38 -> Instalação 4
Cliente 39 -> Instalação 25
Cliente 40 -> Instalação 49
Cliente 41 -> Instalação 8
Cliente 42 -> Instalação 9
Cliente 43 -> Instalação 30
Cliente 44 -> Instalação 4
Cliente 45 -> Instalação 46
Cliente 46 -> Instalação 9
Cliente 47 -> Instalação 47
Cliente 48 -> Instalação 4
Cliente 49 -> Instalação 34
