Version identifier: 22.1.1.0 | 2022-11-28 | 9160aff4d
CPXPARAM_TimeLimit                               3600
Found incumbent of value 1871920.000000 after 0.01 sec. (4.10 ticks)
Tried aggregator 1 time.
MIP Presolve eliminated 50 rows and 1 columns.
Reduced MIP has 63750 rows, 3774 columns, and 191150 nonzeros.
Reduced MIP has 3774 binaries, 0 generals, 0 SOSs, and 0 indicators.
Presolve time = 0.12 sec. (83.25 ticks)
Probing time = 0.12 sec. (8.81 ticks)
Tried aggregator 1 time.
Detecting symmetries...
Reduced MIP has 63750 rows, 3774 columns, and 191150 nonzeros.
Reduced MIP has 3774 binaries, 0 generals, 0 SOSs, and 0 indicators.
Presolve time = 0.16 sec. (101.60 ticks)
Probing time = 0.05 sec. (8.88 ticks)
Clique table members: 2500.
MIP emphasis: balance optimality and feasibility.
MIP search method: dynamic search.
Parallel mode: deterministic, using up to 8 threads.
Root relaxation solution time = 0.13 sec. (92.62 ticks)

        Nodes                                         Cuts/
   Node  Left     Objective  IInf  Best Integer    Best Bound    ItCnt     Gap

*     0+    0                      1871920.0000        0.0000           100.00%
      0     0    93774.0000   100  1871920.0000    93774.0000      186   94.99%
      0     0   106217.5000   100  1871920.0000    Cuts: 3136      374   94.33%
      0     0   118774.0000    98  1871920.0000    Cuts: 3045      658   93.65%
      0     0   131111.1667   149  1871920.0000    Cuts: 1232     2028   93.00%
*     0+    0                      1778790.0000   131111.1667            92.63%
*     0+    0                      1767061.0000   131111.1667            92.58%
*     0+    0                      1763457.0000   131111.1667            92.57%
*     0+    0                      1763046.0000   131111.1667            92.56%
      0     0  -1.00000e+75     0  1763046.0000   131111.1667     2028   92.56%
      0     0   135445.2619   216  1763046.0000 ZeroHalf: 1441     2563   92.32%
*     0+    0                      1525970.0000   135445.2619            91.12%
      0     0   143355.5625   174  1525970.0000     Cuts: 992     3490   90.61%
Detecting symmetries...
      0     0   151282.8544   182  1525970.0000    Cuts: 1492     4614   90.09%
*     0+    0                      1525106.0000   151282.8544            90.08%
*     0+    0                      1433088.0000   151282.8544            89.44%
*     0+    0                      1418941.0000   151282.8544            89.34%
      0     0  -1.00000e+75     0  1418941.0000   151282.8544     4614   89.34%
      0     0   159479.3044   221  1418941.0000     Cuts: 364     5602   88.76%
      0     0   164910.8965   195  1418941.0000     Cuts: 599     6452   88.38%
      0     0   169629.6644   208  1418941.0000     Cuts: 685     7325   88.05%
      0     0   173998.2582   206  1418941.0000     Cuts: 454     8332   87.74%
      0     0   177021.2508   202  1418941.0000     Cuts: 210     8911   87.52%
      0     0   180150.2302   210  1418941.0000     Cuts: 263     9589   87.30%
      0     0   182443.6615   248  1418941.0000 ZeroHalf: 117    10048   87.14%
      0     0   185676.4858   237  1418941.0000     Cuts: 632    10916   86.91%
      0     0   187682.1778   229  1418941.0000     Cuts: 256    11405   86.77%
      0     0   189121.6751   201  1418941.0000     Cuts: 688    11944   86.67%
      0     0   190734.7578   234  1418941.0000     Cuts: 233    12452   86.56%
      0     0   192314.4768   206  1418941.0000     Cuts: 377    13003   86.45%
      0     0   194439.3383   199  1418941.0000     Cuts: 193    13606   86.30%
      0     0   195800.2274   204  1418941.0000     Cuts: 194    14063   86.20%
      0     0   197090.4619   188  1418941.0000     Cuts: 121    14495   86.11%
      0     0   198311.3343   199  1418941.0000     Cuts: 170    15000   86.02%
      0     0   199462.2166   228  1418941.0000     Cuts: 149    15498   85.94%
      0     0   200430.3058   219  1418941.0000     Cuts: 100    15813   85.87%
      0     0   201700.3780   220  1418941.0000     Cuts: 264    16403   85.79%
      0     0   202767.8375   230  1418941.0000     Cuts: 140    16905   85.71%
*     0+    0                      1405385.0000   202767.8375            85.57%
      0     0   203760.3928   201  1405385.0000     Cuts: 372    17314   85.50%
*     0+    0                      1392408.0000   203760.3928            85.37%
      0     0  -1.00000e+75     0  1392408.0000   203760.3928    17314   85.37%
      0     0   205016.0472   216  1392408.0000     Cuts: 116    17823   85.28%
      0     0   206111.0295   225  1392408.0000     Cuts: 268    18303   85.20%
      0     0   207134.7424   244  1392408.0000     Cuts: 107    18759   85.12%
      0     0   208191.4061   231  1392408.0000      Cuts: 87    19211   85.05%
*     0+    0                      1369979.0000   208191.4061            84.80%
      0     0   208819.1741   202  1369979.0000     Cuts: 301    19623   84.76%
      0     0   209404.4897   224  1369979.0000  ZeroHalf: 68    20007   84.71%
      0     0   209926.4479   220  1369979.0000      Cuts: 56    20251   84.68%
      0     0   210805.4606   218  1369979.0000     Cuts: 120    20609   84.61%
      0     0   211568.6505   234  1369979.0000     Cuts: 117    20943   84.56%
      0     0   212248.8140   229  1369979.0000     Cuts: 247    21286   84.51%
      0     0   213045.2997   234  1369979.0000      Cuts: 63    21670   84.45%
      0     0   213406.5720   222  1369979.0000     Cuts: 272    21978   84.42%
      0     0   213786.2404   209  1369979.0000      Cuts: 82    22278   84.39%
      0     0   214587.4995   224  1369979.0000     Cuts: 211    22616   84.34%
      0     0   215224.0122   226  1369979.0000     Cuts: 210    23068   84.29%
      0     0   216007.3759   224  1369979.0000      Cuts: 72    23393   84.23%
      0     0   216800.9393   237  1369979.0000     Cuts: 205    23779   84.17%
      0     0   217736.3939   226  1369979.0000      Cuts: 99    24117   84.11%
      0     0   218582.1912   222  1369979.0000     Cuts: 107    24505   84.04%
      0     0   218972.5234   226  1369979.0000      Cuts: 96    24807   84.02%
      0     0   219330.4379   230  1369979.0000     Cuts: 119    25039   83.99%
      0     0   219866.9092   223  1369979.0000      Cuts: 87    25350   83.95%
      0     0   220316.3370   236  1369979.0000      Cuts: 74    25671   83.92%
      0     0   220873.8131   229  1369979.0000      Cuts: 57    25920   83.88%
      0     0   221456.2944   229  1369979.0000      Cuts: 65    26239   83.84%
      0     0   222135.8335   257  1369979.0000     Cuts: 114    26669   83.79%
      0     0   222520.5630   237  1369979.0000      Cuts: 52    26959   83.76%
      0     0   222911.8951   244  1369979.0000      Cuts: 51    27267   83.73%
      0     0   223203.3272   242  1369979.0000     Cuts: 160    27554   83.71%
      0     0   223627.8097   236  1369979.0000      Cuts: 96    27819   83.68%
      0     0   223992.5162   231  1369979.0000      Cuts: 52    28105   83.65%
      0     0   224472.5266   234  1369979.0000     Cuts: 100    28435   83.61%
      0     0   225049.4992   226  1369979.0000      Cuts: 49    28731   83.57%
      0     0   225306.9821   230  1369979.0000      Cuts: 79    28950   83.55%
      0     0   225742.9268   231  1369979.0000      Cuts: 82    29196   83.52%
      0     0   225967.9318   245  1369979.0000      Cuts: 58    29424   83.51%
      0     0   226243.5032   247  1369979.0000      Cuts: 60    29662   83.49%
      0     0   226637.9261   230  1369979.0000     Cuts: 146    29903   83.46%
      0     0   227116.4580   234  1369979.0000      Cuts: 78    30230   83.42%
      0     0   227439.5499   238  1369979.0000     Cuts: 160    30467   83.40%
      0     0   227995.8971   230  1369979.0000     Cuts: 213    30806   83.36%
      0     0   228476.7334   226  1369979.0000      Cuts: 43    31148   83.32%
      0     0   228848.8301   244  1369979.0000      Cuts: 72    31462   83.30%
      0     0   229478.3535   236  1369979.0000      Cuts: 43    31778   83.25%
      0     0   229972.9022   244  1369979.0000     Cuts: 101    32057   83.21%
      0     0   230151.8112   252  1369979.0000      Cuts: 39    32188   83.20%
      0     0   230339.6035   242  1369979.0000  ZeroHalf: 24    32285   83.19%
      0     0   230751.6016   248  1369979.0000      Cuts: 66    32509   83.16%
      0     0   230974.4506   231  1369979.0000      Cuts: 76    32710   83.14%
      0     0   231328.3815   235  1369979.0000      Cuts: 55    32931   83.11%
      0     0   231570.9766   228  1369979.0000      Cuts: 33    33053   83.10%
      0     0   231928.6382   237  1369979.0000      Cuts: 61    33324   83.07%
      0     0   232220.9015   245  1369979.0000     Cuts: 156    33552   83.05%
      0     0   232582.4871   251  1369979.0000     Cuts: 185    33781   83.02%
      0     0   232923.1328   222  1369979.0000  ZeroHalf: 24    33954   83.00%
      0     0   233297.6098   247  1369979.0000      Cuts: 41    34153   82.97%
      0     0   233525.2047   253  1369979.0000      Cuts: 35    34334   82.95%
      0     0   233670.5025   252  1369979.0000      Cuts: 61    34481   82.94%
      0     0   233843.2105   226  1369979.0000      Cuts: 77    34619   82.93%
Detecting symmetries...
      0     2   233843.2105   226  1369979.0000   233843.2105    34619   82.93%
Elapsed time = 80.89 sec. (52228.60 ticks, tree = 0.02 MB, solutions = 12)
      2     4   233962.1344   223  1369979.0000   233845.3241    34801   82.93%
      4     3   269353.3256   188  1369979.0000   233845.3241    35566   82.93%
      6     4   272032.8508   201  1369979.0000   233845.3241    35788   82.93%
     11     7   269735.9340   195  1369979.0000   233994.4686    36023   82.92%
     18    12   309997.7182   198  1369979.0000   233994.4686    40321   82.92%
     24    18   310733.8338   223  1369979.0000   233994.4686    42718   82.92%
     30    20   273210.6037   208  1369979.0000   233994.4686    44237   82.92%
     37    25   290603.5306   214  1369979.0000   233994.4686    46486   82.92%
     44    42   381913.9875   155  1369979.0000   233994.4686    52620   82.92%
     79    77   483078.4375   124  1369979.0000   234104.1214    63941   82.91%
Elapsed time = 112.62 sec. (55855.96 ticks, tree = 4.79 MB, solutions = 12)
    150   138   685815.5000    79  1369979.0000   235840.0000    72633   82.79%
    236   215   728837.5000   112  1369979.0000   235840.0000    82217   82.79%
    350   294   900209.5000    64  1369979.0000   235840.0000    88961   82.79%
    486   350   444337.5303   171  1369979.0000   235840.0000    98708   82.79%
    605   539   730908.0000    78  1369979.0000   235840.0000   114030   82.79%
    786   617   861981.0000    66  1369979.0000   235840.0000   118828   82.79%
    996   839   914597.0000    65  1369979.0000   235840.0000   132056   82.79%
   1168  1002   819203.5000    70  1369979.0000   235840.0000   141194   82.79%
   1393  1241   868976.5000    68  1369979.0000   235840.0000   150680   82.79%
   1616  1547   959152.0000    63  1369979.0000   235840.0000   163249   82.79%
Elapsed time = 176.18 sec. (65451.94 ticks, tree = 59.84 MB, solutions = 12)
*  1737+ 1600                      1369293.0000   235840.0000            82.78%
   1747  1583   290034.9798   238  1369293.0000   235840.0000   165399   82.78%
   1750  1484   308429.4320   182  1369293.0000   235840.0000   161076   82.78%

Performing restart 1

Repeating presolve.
Tried aggregator 1 time.
MIP Presolve eliminated 285 rows and 6 columns.
Reduced MIP has 63465 rows, 3768 columns, and 190295 nonzeros.
Reduced MIP has 3768 binaries, 0 generals, 0 SOSs, and 0 indicators.
Presolve time = 0.09 sec. (85.31 ticks)
Tried aggregator 1 time.
Reduced MIP has 63465 rows, 3768 columns, and 190295 nonzeros.
Reduced MIP has 3768 binaries, 0 generals, 0 SOSs, and 0 indicators.
Presolve time = 0.11 sec. (104.68 ticks)
Represolve time = 0.32 sec. (279.61 ticks)
*  1751+    0                      1363472.0000   235840.0000            82.70%
   1751     0   234215.1442   234  1363472.0000     Cuts: 119   177867   82.70%
   1751     0   234836.2925   232  1363472.0000      Cuts: 94   178151   82.70%
   1751     0   235561.2349   235  1363472.0000     Cuts: 122   178584   82.70%
   1751     0   236321.0387   226  1363472.0000     Cuts: 101   178960   82.67%
   1751     0   236876.9566   228  1363472.0000     Cuts: 130   179272   82.63%
   1751     0   237364.5292   234  1363472.0000     Cuts: 119   179618   82.59%
   1751     0   238087.1867   226  1363472.0000      Cuts: 93   179972   82.54%
   1751     0   238642.0890   220  1363472.0000     Cuts: 109   180252   82.50%
   1751     0   239092.2165   226  1363472.0000     Cuts: 109   180465   82.46%
   1751     0   239458.0876   229  1363472.0000     Cuts: 124   180786   82.44%
   1751     0   239834.8444   228  1363472.0000      Cuts: 66   181013   82.41%
   1751     0   240185.3040   224  1363472.0000      Cuts: 92   181258   82.38%
   1751     0   240524.6019   224  1363472.0000      Cuts: 82   181473   82.36%
   1751     0   241103.6510   223  1363472.0000  ZeroHalf: 60   181776   82.32%
   1751     0   241581.5877   226  1363472.0000      Cuts: 72   182027   82.28%
   1751     0   241925.6054   218  1363472.0000     Cuts: 113   182253   82.26%
   1751     0   242217.0694   223  1363472.0000      Cuts: 70   182475   82.24%
   1751     0   242431.3526   225  1363472.0000      Cuts: 84   182657   82.22%
   1751     0   242894.1392   225  1363472.0000      Cuts: 82   182951   82.19%
   1751     0   243236.8098   217  1363472.0000     Cuts: 108   183141   82.16%
   1751     0   243686.3925   223  1363472.0000     Cuts: 124   183471   82.13%
   1751     0   244184.9748   220  1363472.0000      Cuts: 76   183782   82.09%
   1751     0   244543.7359   226  1363472.0000  ZeroHalf: 85   184007   82.06%
   1751     0   245106.2775   216  1363472.0000      Cuts: 59   184297   82.02%
   1751     0   245761.0781   216  1363472.0000      Cuts: 64   184602   81.98%
   1751     0   246292.0914   222  1363472.0000      Cuts: 87   184886   81.94%
   1751     0   246804.9390   223  1363472.0000      Cuts: 74   185224   81.90%
   1751     0   247546.4758   223  1363472.0000     Cuts: 148   185578   81.84%
   1751     0   248046.2067   224  1363472.0000      Cuts: 96   185906   81.81%
   1751     0   248400.7676   229  1363472.0000      Cuts: 89   186116   81.78%
   1751     0   248655.8363   226  1363472.0000      Cuts: 71   186294   81.76%
   1751     0   249028.4123   226  1363472.0000      Cuts: 64   186532   81.74%
   1751     0   249489.0086   223  1363472.0000      Cuts: 46   186747   81.70%
   1751     0   250131.3449   224  1363472.0000      Cuts: 54   186990   81.65%
   1751     0   250641.2635   227  1363472.0000      Cuts: 78   187257   81.62%
   1751     0   250983.6338   224  1363472.0000      Cuts: 43   187435   81.59%
   1751     0   251419.5698   226  1363472.0000      Cuts: 82   187724   81.56%
   1751     0   251661.5947   225  1363472.0000      Cuts: 79   187934   81.54%
   1751     0   252005.2608   226  1363472.0000      Cuts: 57   188211   81.52%
   1751     0   252093.7053   228  1363472.0000      Cuts: 78   188334   81.51%
   1751     0   252386.0708   228  1363472.0000      Cuts: 67   188552   81.49%
   1751     0   252613.9219   231  1363472.0000      Cuts: 66   188742   81.47%
   1751     0   252816.3390   232  1363472.0000      Cuts: 50   188954   81.46%
   1751     0   253101.0121   225  1363472.0000      Cuts: 70   189164   81.44%
   1751     0   253665.6673   222  1363472.0000      Cuts: 58   189517   81.40%
   1751     0   254209.6040   241  1363472.0000      Cuts: 50   189780   81.36%
   1751     0   254572.2092   255  1363472.0000     Cuts: 107   190049   81.33%
   1751     0   255010.9444   251  1363472.0000      Cuts: 71   190427   81.30%
   1751     0   255209.8324   252  1363472.0000      Cuts: 62   190621   81.28%
   1751     0   255489.6057   256  1363472.0000      Cuts: 82   190882   81.26%
   1751     0   256054.2231   244  1363472.0000      Cuts: 56   191283   81.22%
   1751     0   256432.2328   240  1363472.0000      Cuts: 95   191580   81.19%
   1751     0   256837.9736   238  1363472.0000      Cuts: 61   191929   81.16%
   1751     0   257247.7214   225  1363472.0000      Cuts: 96   192216   81.13%
   1751     0   257484.5723   258  1363472.0000      Cuts: 90   192403   81.12%
   1751     0   257879.3323   253  1363472.0000      Cuts: 68   192636   81.09%
   1751     0   258444.2517   248  1363472.0000      Cuts: 95   193029   81.05%
   1751     0   258955.2523   247  1363472.0000  ZeroHalf: 71   193397   81.01%
   1751     0   259285.1920   252  1363472.0000      Cuts: 62   193580   80.98%
   1751     0   259543.7258   259  1363472.0000      Cuts: 46   193813   80.96%
   1751     0   259980.5857   246  1363472.0000      Cuts: 68   194065   80.93%
   1751     0   260340.1243   236  1363472.0000      Cuts: 76   194299   80.91%
   1751     0   260815.5916   247  1363472.0000      Cuts: 71   194608   80.87%
   1751     0   261237.2481   246  1363472.0000  ZeroHalf: 68   194862   80.84%
   1751     0   261686.6089   247  1363472.0000      Cuts: 74   195149   80.81%
   1751     0   262057.0521   252  1363472.0000  ZeroHalf: 93   195370   80.78%
   1751     0   262436.0137   255  1363472.0000  ZeroHalf: 55   195646   80.75%
   1751     0   262590.0544   253  1363472.0000      Cuts: 52   195871   80.74%
   1751     0   262932.5344   258  1363472.0000      Cuts: 71   196129   80.72%
   1751     0   263181.5523   264  1363472.0000  ZeroHalf: 61   196348   80.70%
   1751     0   263514.9754   251  1363472.0000      Cuts: 65   196641   80.67%
   1751     0   263751.3302   256  1363472.0000      Cuts: 74   196870   80.66%
   1751     0   263943.3003   256  1363472.0000      Cuts: 76   197064   80.64%
   1751     0   264177.7175   262  1363472.0000      Cuts: 75   197251   80.62%
   1751     0   264337.0992   260  1363472.0000  ZeroHalf: 49   197425   80.61%
   1751     0   264454.6040   261  1363472.0000      Cuts: 47   197558   80.60%
   1751     0   264533.6511   258  1363472.0000      Cuts: 45   197676   80.60%
   1751     0   264632.5967   254  1363472.0000      Cuts: 42   197792   80.59%
   1751     2   264632.5967   254  1363472.0000   264632.5967   197792   80.59%
   1752     3   264758.7949   250  1363472.0000   264759.1653   197931   80.58%
   1753     4   264764.2454   244  1363472.0000   264765.4957   197945   80.58%
   1754     4   285677.3360   211  1363472.0000   264765.4957   198467   80.58%
   1756     5   264767.3832   243  1363472.0000   264767.6924   197958   80.58%
   1758     5   289078.3069   210  1363472.0000   264767.6924   198339   80.58%
   1762    11   299095.6257   199  1363472.0000   264770.1541   200063   80.58%
   1768    13   286485.4971   222  1363472.0000   264772.3370   200575   80.58%
Elapsed time = 382.81 sec. (150846.08 ticks, tree = 0.02 MB, solutions = 14)
   1773    17   264865.2329   220  1363472.0000   264865.4483   202840   80.57%
   1778    19   285980.0875   212  1363472.0000   264865.4483   202916   80.57%
   1784    21   286606.3341   219  1363472.0000   264867.4187   203048   80.57%
   1789    29   325484.5675   209  1363472.0000   264867.4187   205506   80.57%
   1795    34   312171.7439   217  1363472.0000   264867.4187   206062   80.57%
   1802    37   318416.2591   180  1363472.0000   264867.4187   206245   80.57%
   1808    48   286242.0503   207  1363472.0000   264867.4187   207597   80.57%
   1816    61   301365.7666   211  1363472.0000   264867.4187   209229   80.57%
   1841    64   325033.6753   202  1363472.0000   264867.4187   210414   80.57%
   1858    74   265121.6407   214  1363472.0000   264867.4187   212456   80.57%
Elapsed time = 480.01 sec. (161778.75 ticks, tree = 5.69 MB, solutions = 14)
   1884    99   287762.9338   209  1363472.0000   264867.4187   219723   80.57%
   1925   112   289476.6222   198  1363472.0000   264867.4187   220444   80.57%
   1959   120   289558.6246   192  1363472.0000   264867.4187   223227   80.57%
   1981   106   323122.4587   193  1363472.0000   264867.4187   221422   80.57%
   2002   205   291112.1741   190  1363472.0000   264867.4187   237995   80.57%
   2049   156   268336.6708   198  1363472.0000   264867.4187   230775   80.57%
   2063   197   330623.5455   204  1363472.0000   264867.4187   236727   80.57%
   2078   272   306850.6297   217  1363472.0000   264867.4187   255068   80.57%
   2102   312   293644.2187   191  1363472.0000   264867.4187   262895   80.57%
   2138   333   270141.8792   193  1363472.0000   264867.4187   267494   80.57%
Elapsed time = 575.25 sec. (171418.15 ticks, tree = 38.56 MB, solutions = 14)
   2181   385   296150.7458   181  1363472.0000   264867.4187   281897   80.57%
   2209   390   297456.0303   183  1363472.0000   264867.4187   283356   80.57%
   2237   363   332436.2960   202  1363472.0000   264867.4187   275391   80.57%
   2290   458   296665.9108   174  1363472.0000   264867.4187   296550   80.57%
   2314   449   274817.4462   199  1363472.0000   264867.4187   292623   80.57%
   2357   505   310556.0934   190  1363472.0000   264867.4187   304724   80.57%
   2390   538   307289.9486   192  1363472.0000   264867.4187   309343   80.57%
   2420   544   308737.7516   179  1363472.0000   264867.4187   309864   80.57%
   2446   562   311835.2000   192  1363472.0000   264867.4187   314431   80.57%
   2464   651   327857.1033   183  1363472.0000   264867.4187   331135   80.57%
Elapsed time = 680.45 sec. (181322.31 ticks, tree = 48.51 MB, solutions = 14)
   2476   640   321275.3100   210  1363472.0000   264867.4187   329410   80.57%
   2504   676   336902.1090   177  1363472.0000   264867.4187   334051   80.57%
   2537   681   314999.4662   177  1363472.0000   264867.4187   336954   80.57%
   2582   701   313599.3041   213  1363472.0000   264867.4187   337678   80.57%
   2606   753   319714.1959   206  1363472.0000   264867.4187   355611   80.57%
   2639   745   336585.1132   193  1363472.0000   264867.4187   352505   80.57%
   2659   836   320974.6098   226  1363472.0000   264867.4187   370061   80.57%
   2674   803   372440.8492   176  1363472.0000   264867.4187   364886   80.57%
   2694   887   288980.6578   216  1363472.0000   264867.4187   380932   80.57%
   2713   896   289797.6437   190  1363472.0000   264867.4187   382350   80.57%
Elapsed time = 791.88 sec. (191485.95 ticks, tree = 50.05 MB, solutions = 14)
   2738   937   322011.0971   210  1363472.0000   264867.4187   389381   80.57%
   2771   944   341512.2839   162  1363472.0000   264867.4187   390262   80.57%
   2803   878   322885.6442   196  1363472.0000   264867.4187   379804   80.57%
   2830   986   357194.2171   202  1363472.0000   264867.4187   400545   80.57%
   2847  1009   292148.6294   214  1363472.0000   264867.4187   402493   80.57%
   2875  1012   292157.7535   208  1363472.0000   264867.4187   403289   80.57%
   2904  1002   353253.3163   154  1363472.0000   264867.4187   402943   80.57%
   2922  1064   324758.2986   184  1363472.0000   264867.4187   415278   80.57%
   2939  1067   325129.9616   196  1363472.0000   264867.4187   415550   80.57%
   2970  1119   352865.0938   193  1363472.0000   264867.4187   422913   80.57%
Elapsed time = 901.75 sec. (201371.51 ticks, tree = 52.54 MB, solutions = 14)
   2983  1135   333872.6522   190  1363472.0000   264867.4187   427375   80.57%
   3007  1160   385728.1795   222  1363472.0000   264867.4187   432127   80.57%
   3030  1158   345578.3980   199  1363472.0000   264867.4187   430415   80.57%
   3063  1192   297957.2502   188  1363472.0000   264867.4187   440277   80.57%
   3088  1258   364154.4322   174  1363472.0000   264867.4187   459907   80.57%
   3119  1262   299802.3572   217  1363472.0000   264867.4187   456636   80.57%
   3155  1242   337702.3536   218  1363472.0000   264867.4187   452053   80.57%
   3203  1313   367080.9284   226  1363472.0000   264867.4187   472655   80.57%
   3254  1273   370852.2445   218  1363472.0000   264867.4187   463336   80.57%
   3274  1364   341149.1526   224  1363472.0000   264867.4187   481688   80.57%
Elapsed time = 1011.26 sec. (211172.66 ticks, tree = 73.33 MB, solutions = 14)
   3297  1337   360843.5826   198  1363472.0000   264867.4187   479057   80.57%
   3330  1410   304298.1974   219  1363472.0000   264867.4187   488971   80.57%
   3355  1461   356412.6732   274  1363472.0000   264867.4187   493346   80.57%
   3385  1449   350353.2997   193  1363472.0000   264867.4187   490355   80.57%
   3412  1477   385867.0070   205  1363472.0000   264867.4187   494785   80.57%
   3440  1528   376814.4661   238  1363472.0000   264867.4187   500226   80.57%
   3487  1604   329306.0832   187  1363472.0000   264867.4187   511995   80.57%
   3543  1591   308142.6063   224  1363472.0000   264867.4187   510014   80.57%
   3571  1581   464614.3269   161  1363472.0000   264867.4187   509282   80.57%
   3727  1786   358958.6867   198  1363472.0000   264867.4187   533507   80.57%
Elapsed time = 1153.05 sec. (223833.32 ticks, tree = 229.57 MB, solutions = 14)
   3866  1957   385667.6606   187  1363472.0000   264867.4187   548967   80.57%
   4059  2167   402326.9550   193  1363472.0000   264867.4187   566216   80.57%
   4267  2322   422402.1677   186  1363472.0000   264867.4187   579273   80.57%
   4474  2551   430679.9902   172  1363472.0000   264867.4187   595898   80.57%
   4630  2714   440054.6100   200  1363472.0000   264867.4187   607604   80.57%
   4825  2871   401149.6434   178  1363472.0000   264867.4187   618464   80.57%
   5013  3067   396670.9194   206  1363472.0000   264867.4187   632250   80.57%
   5201  3248   430550.1827   185  1363472.0000   264867.4187   641765   80.57%
   5453  3576   468202.6792   171  1363472.0000   264867.4187   658830   80.57%
   5678  3612   572905.0875   209  1363472.0000   264867.4187   661410   80.57%
Elapsed time = 1573.32 sec. (262226.07 ticks, tree = 1088.02 MB, solutions = 14)
   5916  3913   578293.2324   176  1363472.0000   264867.4187   675963   80.57%
   6165  4188   628283.3810   141  1363472.0000   264867.4187   688913   80.57%
   6494  4488   746919.5000    88  1363472.0000   264867.4187   704551   80.57%
   6762  4642   742050.4559   141  1363472.0000   264867.4187   711733   80.57%
   7034  5183   637975.4300   135  1363472.0000   264867.4187   732004   80.57%
   7319  5396   452740.3212   165  1363472.0000   264867.4187   741748   80.57%
   7747  5348   700457.7202   167  1363472.0000   264867.4187   740617   80.57%
   8126  5816   570554.7500   165  1363472.0000   264867.4187   756617   80.57%
   8540  6307   620086.4713   137  1363472.0000   264867.4187   770459   80.57%
   8975  6603   898668.1667   137  1363472.0000   264867.4187   775738   80.57%
Elapsed time = 1931.20 sec. (300497.30 ticks, tree = 2568.92 MB, solutions = 14)
Nodefile size = 481.92 MB (302.54 MB after compression)
   9312  7393  1034903.8000   131  1363472.0000   264867.4187   805046   80.57%
*  9551+ 7426                      1357822.0000   264867.4187            80.49%
   9722  7541  1065144.7500   139  1357822.0000   264867.4187   812811   80.49%
  10112  7981  1161798.4091   129  1357822.0000   264867.4187   836660   80.49%
  10362  8259   435227.0151   193  1357822.0000   264939.9178   859598   80.49%
  10578  8536   345372.1240   169  1357822.0000   265211.4464   880248   80.47%
* 10762+ 8779                      1352348.0000   265211.4464            80.39%
* 10762+ 8779                      1351915.0000   265211.4464            80.38%
  10798  8739   361986.2338   230  1351915.0000   265211.4464   909735   80.38%
  11014  9051   362401.7207   192  1351915.0000   265211.4464   957661   80.38%
  11241  9195   585984.1250   134  1351915.0000   265211.4464   976328   80.38%
  11448  9423   397564.1970   218  1351915.0000   265211.4464  1008701   80.38%
  11670  9629   508779.8268   171  1351915.0000   265211.4464  1037028   80.38%
Elapsed time = 2318.81 sec. (338808.79 ticks, tree = 3999.37 MB, solutions = 17)
Nodefile size = 1934.34 MB (1222.14 MB after compression)
  11949  9904   422549.1547   243  1351915.0000   265211.4464  1072680   80.38%
  12256  9934   464691.5174   217  1351915.0000   265211.4464  1076439   80.38%
  12572 10300   636593.6786   134  1351915.0000   265211.4464  1107653   80.38%
  12922 10542   574537.8804   160  1351915.0000   265211.4464  1133193   80.38%
  13319 10978   599178.8978   172  1351915.0000   265211.4464  1171784   80.38%
  13752 11383   715040.1944   128  1351915.0000   265211.4464  1198259   80.38%
  14125 11514   654383.9737   154  1351915.0000   265211.4464  1207184   80.38%
* 14147+11830                      1343163.0000   265211.4464            80.25%
  14525 12171   685923.4519   157  1343163.0000   265211.4464  1246137   80.25%
  14924 12408   575500.2083   202  1343163.0000   265211.4464  1261085   80.25%
  15424 12811   820212.7750   153  1343163.0000   265211.4464  1280783   80.25%
Elapsed time = 2719.35 sec. (377038.03 ticks, tree = 5569.68 MB, solutions = 18)
Nodefile size = 3456.53 MB (2202.96 MB after compression)
  15936 13507   920862.5833   120  1343163.0000   265211.4464  1316544   80.25%
  16396 13849   964833.6250   123  1343163.0000   265211.4464  1342799   80.25%
  16871 14480   993698.5000    70  1343163.0000   265211.4464  1360544   80.25%
  17341 15024  1264279.0000    57  1343163.0000   265269.2722  1390439   80.25%
  17610 15211  1331802.0000    59  1343163.0000   265269.2722  1397096   80.25%
  17833 15680  1267381.5000    79  1343163.0000   265750.2380  1420165   80.21%
  18137 15872   316038.1077   213  1343163.0000   266487.7309  1433881   80.16%
  18308 16005   383373.3693   194  1343163.0000   266770.1300  1455520   80.14%
  18524 16350   384985.8557   214  1343163.0000   267205.4136  1481391   80.11%
  18765 16396   285324.7162   229  1343163.0000   269078.6469  1489560   79.97%
Elapsed time = 3010.45 sec. (415289.77 ticks, tree = 7110.51 MB, solutions = 18)
Nodefile size = 5049.54 MB (3250.55 MB after compression)
  19005 16644   348081.3037   201  1343163.0000   269449.6869  1522485   79.94%
  19221 17011   363564.4708   218  1343163.0000   270519.9550  1564798   79.86%
  19533 17115   433916.3974   205  1343163.0000   272598.6242  1574921   79.70%
  19860 17479   445428.7216   274  1343163.0000   272598.6242  1619003   79.70%
  20195 17935   423514.2005   247  1343163.0000   273478.2666  1660133   79.64%
Starting limited solution polishing.
  20469 17857   463530.3011   227  1343163.0000   273678.1281  1651096   79.62%
  20759 18597   402346.2420   240  1343163.0000   273737.5356  1717516   79.62%
* 21002+18673                      1341704.0000   273737.5356            79.60%
  21055 18556   357850.8939   217  1341704.0000   273737.5356  1715376   79.60%
  21310 18879   446947.1705   197  1341704.0000   274574.4707  1749229   79.54%
  21583 19426   439407.1139   269  1341704.0000   274805.7545  1799976   79.52%
Elapsed time = 3400.14 sec. (453602.10 ticks, tree = 8207.77 MB, solutions = 19)
Nodefile size = 6140.37 MB (3929.43 MB after compression)
  21682 19298   329588.8396   213  1341704.0000   274805.7545  1792688   79.52%
  21706 19524   362517.1601   216  1341704.0000   274805.7545  1815922   79.52%
* 21709+19158                      1334858.0000   274805.7545            79.41%
  21784 19551   393564.8548   282  1334858.0000   274848.5868  1819161   79.41%
  21978 19699   323936.2611   226  1334858.0000   274848.5868  1832599   79.41%
* 22051+19946                      1327503.0000   274848.5868            79.30%
* 22053+19946                      1326648.0000   274848.5868            79.28%
* 22124+19946                      1323836.0000   274848.5868            79.24%
* 22126+19946                      1323454.0000   274848.5868            79.23%
* 22127+19946                      1320858.0000   274848.5868            79.19%
  22203 19829   368871.2625   222  1320858.0000   274848.5868  1844706   79.19%
* 22281+19878                      1317322.0000   274848.5868            79.14%
* 22292+19878                      1316765.0000   274848.5868            79.13%
  22377 19961   410453.7472   245  1316765.0000   275364.2696  1865342   79.09%
  22595 20283   415370.3486   231  1316765.0000   275386.3717  1904337   79.09%
* 22660+20349                      1313571.0000   275386.3717            79.04%
* 22718+20233                      1313201.0000   275386.3717            79.03%
* 22725+20233                      1299962.0000   275386.3717            78.82%
  22885 20314   449946.7035   218  1299962.0000   275757.8371  1907759   78.79%

Implied bound cuts applied:  325
Zero-half cuts applied:  357
Lift and project cuts applied:  7

Root node processing (before b&c):
  Real time             =   80.81 sec. (52118.77 ticks)
Parallel b&c, 8 threads:
  Real time             = 3520.63 sec. (438122.49 ticks)
  Sync time (average)   =  578.09 sec.
  Wait time (average)   =    0.01 sec.
                          ------------
Total (root+branch&cut) = 3601.44 sec. (490241.26 ticks)
Status: Feasible
Obj: 1299962

Instalacoes abertas:
Instalação 0 aberta
Instalação 1 aberta
Instalação 4 aberta
Instalação 5 aberta
Instalação 8 aberta
Instalação 9 aberta
Instalação 11 aberta
Instalação 12 aberta
Instalação 13 aberta
Instalação 16 aberta
Instalação 18 aberta
Instalação 19 aberta
Instalação 20 aberta
Instalação 22 aberta
Instalação 23 aberta
Instalação 25 aberta
Instalação 27 aberta
Instalação 28 aberta
Instalação 30 aberta
Instalação 31 aberta
Instalação 34 aberta
Instalação 35 aberta
Instalação 39 aberta
Instalação 42 aberta
Instalação 46 aberta
Instalação 47 aberta
Instalação 49 aberta

Atribuições (cliente -> instalação):
Cliente 0 -> Instalação 19
Cliente 1 -> Instalação 0
Cliente 2 -> Instalação 1
Cliente 3 -> Instalação 25
Cliente 4 -> Instalação 49
Cliente 5 -> Instalação 27
Cliente 6 -> Instalação 9
Cliente 7 -> Instalação 18
Cliente 8 -> Instalação 20
Cliente 9 -> Instalação 8
Cliente 10 -> Instalação 12
Cliente 11 -> Instalação 19
Cliente 12 -> Instalação 27
Cliente 13 -> Instalação 23
Cliente 14 -> Instalação 5
Cliente 15 -> Instalação 1
Cliente 16 -> Instalação 18
Cliente 17 -> Instalação 39
Cliente 18 -> Instalação 42
Cliente 19 -> Instalação 47
Cliente 20 -> Instalação 13
Cliente 21 -> Instalação 9
Cliente 22 -> Instalação 22
Cliente 23 -> Instalação 13
Cliente 24 -> Instalação 35
Cliente 25 -> Instalação 30
Cliente 26 -> Instalação 4
Cliente 27 -> Instalação 22
Cliente 28 -> Instalação 34
Cliente 29 -> Instalação 4
Cliente 30 -> Instalação 28
Cliente 31 -> Instalação 31
Cliente 32 -> Instalação 30
Cliente 33 -> Instalação 39
Cliente 34 -> Instalação 16
Cliente 35 -> Instalação 35
Cliente 36 -> Instalação 23
Cliente 37 -> Instalação 11
Cliente 38 -> Instalação 46
Cliente 39 -> Instalação 31
Cliente 40 -> Instalação 28
Cliente 41 -> Instalação 20
Cliente 42 -> Instalação 0
Cliente 43 -> Instalação 49
Cliente 44 -> Instalação 47
Cliente 45 -> Instalação 8
Cliente 46 -> Instalação 42
Cliente 47 -> Instalação 46
Cliente 48 -> Instalação 16
Cliente 49 -> Instalação 34
