Version identifier: 22.1.1.0 | 2022-11-28 | 9160aff4d
CPXPARAM_TimeLimit                               3600
Tried aggregator 1 time.
MIP Presolve eliminated 50 rows and 1 columns.
Reduced MIP has 20900 rows, 2917 columns, and 62600 nonzeros.
Reduced MIP has 2917 binaries, 0 generals, 0 SOSs, and 0 indicators.
Presolve time = 0.03 sec. (32.03 ticks)
Found incumbent of value 1.6371873e+07 after 0.04 sec. (40.23 ticks)
Probing time = 0.01 sec. (5.46 ticks)
Tried aggregator 1 time.
Detecting symmetries...
Reduced MIP has 20900 rows, 2917 columns, and 62600 nonzeros.
Reduced MIP has 2917 binaries, 0 generals, 0 SOSs, and 0 indicators.
Presolve time = 0.04 sec. (38.32 ticks)
Probing time = 0.01 sec. (5.46 ticks)
Clique table members: 2500.
MIP emphasis: balance optimality and feasibility.
MIP search method: dynamic search.
Parallel mode: deterministic, using up to 8 threads.
Root relaxation solution time = 0.08 sec. (31.68 ticks)

        Nodes                                         Cuts/
   Node  Left     Objective  IInf  Best Integer    Best Bound    ItCnt     Gap

*     0+    0                       1.63719e+07        0.0000           100.00%
*     0+    0                       1.17912e+07        0.0000           100.00%
*     0+    0                      1572886.0000        0.0000           100.00%
*     0+    0                       893711.0000        0.0000           100.00%
      0     0    93774.0000   100   893711.0000    93774.0000      172   89.51%
*     0+    0                       413179.0000    93774.0000            77.30%
      0     0   106217.5000   100   413179.0000     Cuts: 952      376   74.29%
      0     0   118774.0000    98   413179.0000     Cuts: 946      652   71.25%
*     0+    0                       365564.0000   118774.0000            67.51%
      0     0   128906.0000   217   365564.0000 ZeroHalf: 373     1692   64.74%
*     0+    0                       299129.0000   128906.0000            56.91%
      0     0  -1.00000e+75     0   299129.0000   128906.0000     1692   56.91%
*     0+    0                       275252.0000   128906.0000            53.17%
      0     0   133387.0000   145   275252.0000     Cuts: 420     2204   51.54%
      0     0   137388.0909   190   275252.0000     Cuts: 383     2902   50.09%
Detecting symmetries...
      0     0   141446.8966   220   275252.0000     Cuts: 328     3481   48.61%
      0     0   143887.8543   210   275252.0000     Cuts: 212     3841   47.73%
      0     0   146046.7975   209   275252.0000     Cuts: 129     4196   46.94%
      0     0   146845.3158   207   275252.0000      Cuts: 69     4327   46.65%
      0     0   147334.0196   187   275252.0000      Cuts: 81     4432   46.47%
      0     0   148213.2059   193   275252.0000      Cuts: 67     4624   46.15%
      0     0   148777.5463   188   275252.0000      Cuts: 82     4777   45.95%
      0     0   149284.1699   206   275252.0000      Cuts: 84     5001   45.76%
      0     0   149940.4836   203   275252.0000      Cuts: 93     5225   45.53%
      0     0   150939.3806   205   275252.0000     Cuts: 108     5470   45.16%
      0     0   152105.2553   217   275252.0000     Cuts: 144     5788   44.74%
      0     0   152744.6471   213   275252.0000      Cuts: 59     5942   44.51%
      0     0   153584.4875   219   275252.0000     Cuts: 106     6208   44.20%
      0     0   154286.3595   212   275252.0000      Cuts: 63     6431   43.95%
      0     0   154874.1980   186   275252.0000      Cuts: 62     6587   43.73%
      0     0   155037.2764   181   275252.0000      Cuts: 40     6662   43.67%
      0     0   155149.3720   186   275252.0000      Cuts: 40     6736   43.63%
      0     0   155289.5020   189   275252.0000      Cuts: 37     6853   43.58%
      0     0   155398.3198   190   275252.0000      Cuts: 59     6949   43.54%
      0     0   155622.3719   181   275252.0000      Cuts: 33     7065   43.46%
      0     0   155726.2359   184   275252.0000      Cuts: 43     7147   43.42%
      0     0   155837.5955   189   275252.0000      Cuts: 38     7221   43.38%
      0     0   155974.7970   185   275252.0000      Cuts: 24     7329   43.33%
      0     0   156098.2739   185   275252.0000      Cuts: 24     7403   43.29%
      0     0   156216.6620   185   275252.0000      Cuts: 38     7520   43.25%
      0     0   156320.3735   189   275252.0000      Cuts: 41     7598   43.21%
      0     0   156415.9521   186   275252.0000      Cuts: 53     7708   43.17%
      0     0   156621.3043   191   275252.0000      Cuts: 47     7833   43.10%
      0     0   156803.7057   189   275252.0000      Cuts: 56     7913   43.03%
      0     0   157053.4711   205   275252.0000      Cuts: 36     7986   42.94%
      0     0   157455.2487   190   275252.0000     Cuts: 141     8165   42.80%
      0     0   157668.2230   183   275252.0000      Cuts: 56     8311   42.72%
      0     0   157839.2629   189   275252.0000      Cuts: 59     8496   42.66%
      0     0   157944.7787   185   275252.0000      Cuts: 31     8572   42.62%
      0     0   158067.8612   180   275252.0000      Cuts: 45     8656   42.57%
      0     0   158218.2161   183   275252.0000      Cuts: 48     8721   42.52%
      0     0   158279.0075   185   275252.0000      Cuts: 29     8792   42.50%
      0     0   158298.2230   188   275252.0000      Cuts: 22     8825   42.49%
Detecting symmetries...
      0     2   158298.2230   188   275252.0000   158298.2230     8825   42.49%
Elapsed time = 14.70 sec. (6382.55 ticks, tree = 0.02 MB, solutions = 8)
      8     8   165109.0159   157   275252.0000   158420.0355    10370   42.45%
     27    19   177451.6358   156   275252.0000   158929.9332    15063   42.26%
     49    50   197539.2500    91   275252.0000   158929.9332    25145   42.26%
     99    80   184969.8589   145   275252.0000   158929.9332    33411   42.26%
    178   132   260563.0000    88   275252.0000   158929.9332    41189   42.26%
*   293   215      integral     0   248451.0000   158929.9332    50515   36.03%
    295   181   170035.8013   147   248451.0000   158929.9332    47585   36.03%
    362   263   203037.0000    96   248451.0000   158929.9332    61161   36.03%
    422   327   194338.6410   126   248451.0000   158929.9332    73758   36.03%
    500   401   240342.5000    70   248451.0000   158929.9332    85951   36.03%
    830   608   226721.2500    90   248451.0000   163329.8907   119340   34.26%
Elapsed time = 24.80 sec. (9519.16 ticks, tree = 2.39 MB, solutions = 9)
   1172   921   244317.7500   108   248451.0000   168210.9920   161950   32.30%
   1449  1157   200124.0000    86   248451.0000   169137.2500   198125   31.92%
   1765  1373   222095.6214   128   248451.0000   170210.3783   230651   31.49%
   2084  1660   230752.0000   124   248451.0000   171157.4982   277446   31.11%
   2361  1922   227778.5357   139   248451.0000   173099.9483   314452   30.33%
   2647  2120   221225.0625   149   248451.0000   173398.4375   350798   30.21%
   2937  2398   237930.9091   107   248451.0000   174669.3890   398460   29.70%
   3196  2563   233617.6441   134   248451.0000   174905.3750   429098   29.60%

Performing restart 1

Repeating presolve.
Tried aggregator 2 times.
MIP Presolve eliminated 4343 rows and 419 columns.
Aggregator did 1 substitutions.
Reduced MIP has 16556 rows, 2497 columns, and 49569 nonzeros.
Reduced MIP has 2497 binaries, 0 generals, 0 SOSs, and 0 indicators.
Presolve time = 0.04 sec. (31.37 ticks)
Tried aggregator 1 time.
Reduced MIP has 16556 rows, 2497 columns, and 49569 nonzeros.
Reduced MIP has 2497 binaries, 0 generals, 0 SOSs, and 0 indicators.
Presolve time = 0.04 sec. (31.13 ticks)
Represolve time = 0.13 sec. (93.74 ticks)
*  3245+    0                       245003.0000   174905.3750            28.61%
   3245     0   159794.2413   193   245003.0000      Cuts: 47   459661   28.61%
   3245     0   160674.9386   195   245003.0000      Cuts: 57   459916   28.61%
   3245     0   161240.7615   217   245003.0000      Cuts: 62   460108   28.61%
*  3245+    0                       244851.0000   174905.3750            28.57%
   3245     0   161970.5091   214   244851.0000      Cuts: 66   460309   28.57%
   3245     0   162352.6106   194   244851.0000      Cuts: 66   460479   28.57%
   3245     0   163085.4732   193   244851.0000      Cuts: 69   460723   28.57%
   3245     2   163085.4732   193   244851.0000   174905.3750   460723   28.57%
   3249     6   171172.1570   155   244851.0000   174905.3750   461554   28.57%
Elapsed time = 71.32 sec. (26711.45 ticks, tree = 0.02 MB, solutions = 12)
   3274    18   173538.8607   188   244851.0000   174905.3750   464494   28.57%
   3322    61   183669.3861   179   244851.0000   174905.3750   480050   28.57%
   3428   125   208299.0109   147   244851.0000   174905.3750   493989   28.57%
   3485   199   192050.5688   169   244851.0000   174905.3750   507211   28.57%
   3573   283   222293.1282   160   244851.0000   174905.3750   523000   28.57%
   3718   370        cutoff         244851.0000   174905.3750   538783   28.57%
   3854   498   211318.9321   150   244851.0000   174905.3750   564850   28.57%
   4050   632   223849.7258   155   244851.0000   174905.3750   590473   28.57%
   4258   804   235323.6923   136   244851.0000   174905.3750   617611   28.57%
   4483   863   223501.8889   153   244851.0000   174905.3750   625740   28.57%
Elapsed time = 110.43 sec. (36430.21 ticks, tree = 2.69 MB, solutions = 12)
   4718  1044   210253.1184   156   244851.0000   174905.3750   652382   28.57%
   4929  1338   194526.7463   182   244851.0000   174905.3750   694716   28.57%
   5129  1511   231512.6390   154   244851.0000   174905.3750   721005   28.57%
   5377  1756   236709.8679   149   244851.0000   174905.3750   754150   28.57%
   5625  1854   223189.7463   167   244851.0000   174905.3750   767030   28.57%
   5829  2096   227360.5000    85   244851.0000   174905.3750   799986   28.57%
   6063  2337   214925.7188   174   244851.0000   176069.0948   848670   28.09%
   6294  2598   225559.7500    92   244851.0000   176102.9322   888137   28.08%
   6566  2745   235674.0000    84   244851.0000   176102.9322   913192   28.08%
   6787  2945   204845.9655   161   244851.0000   177309.3314   953105   27.58%
Elapsed time = 147.58 sec. (46019.39 ticks, tree = 8.79 MB, solutions = 12)
   7010  3038   239482.1220   163   244851.0000   177351.1574   965493   27.57%
   7246  3312   203284.4336   164   244851.0000   177378.6812  1012764   27.56%
   7492  3513   240179.6734   189   244851.0000   177864.8421  1044926   27.36%
   7732  3705   217432.0444   151   244851.0000   178003.6281  1077640   27.30%
   7981  4003   192960.8600   145   244851.0000   178681.3517  1127973   27.02%
   8191  4116   200082.2777   174   244851.0000   179171.9667  1146667   26.82%
   8407  4379   230077.1111   133   244851.0000   179313.4234  1182603   26.77%
   8665  4589   200706.4868   181   244851.0000   179613.3399  1218656   26.64%
   8867  4694   207874.1141   181   244851.0000   180324.7679  1240750   26.35%
   9069  4906   204782.9038   168   244851.0000   180393.0167  1284583   26.33%
Elapsed time = 185.15 sec. (55595.25 ticks, tree = 33.87 MB, solutions = 12)
   9319  5106   237841.8021   192   244851.0000   180644.6757  1322229   26.22%
   9541  5325   225619.7353   140   244851.0000   180934.7073  1362080   26.10%
   9749  5422   196120.1452   146   244851.0000   181231.3532  1384967   25.98%
  10002  5683        cutoff         244851.0000   181231.3532  1423236   25.98%
  10226  5786        cutoff         244851.0000   181335.3882  1436468   25.94%
  10449  6046   199997.9722   168   244851.0000   181896.3763  1477554   25.71%
  10691  6240   235346.4396   193   244851.0000   181964.3579  1506517   25.68%
  10954  6390   229396.1250   159   244851.0000   182097.6447  1536110   25.63%
  11175  6786   243767.2500   188   244851.0000   182512.5771  1600259   25.46%
  11385  6886   219794.1586   171   244851.0000   182538.6429  1619835   25.45%
Elapsed time = 222.29 sec. (65153.34 ticks, tree = 82.67 MB, solutions = 12)
  11636  7059   213613.0457   209   244851.0000   182793.4052  1653108   25.35%
  11869  7209   226670.0586   163   244851.0000   182880.2372  1681407   25.31%
  12121  7505   204426.0000   111   244851.0000   183185.3134  1731558   25.18%
  12357  7586   240126.6111   158   244851.0000   183694.6235  1746996   24.98%
  12574  7782   196385.1078   161   244851.0000   183784.3751  1783275   24.94%
  12802  8172   209964.6049   176   244851.0000   183784.3751  1848763   24.94%
  13094  8271   243163.0000   143   244851.0000   183838.4908  1863270   24.92%
  13370  8486   216866.3146   148   244851.0000   184431.9090  1895224   24.68%
  13603  8708   210174.5539   170   244851.0000   184431.9090  1916061   24.68%
  13844  9008   202626.4154   177   244851.0000   184599.2320  1951772   24.61%
Elapsed time = 259.98 sec. (74735.79 ticks, tree = 161.16 MB, solutions = 12)
  14106  9135   229124.5357   147   244851.0000   184610.9138  1967451   24.60%
  14364  9295   240454.3865   157   244851.0000   184823.1550  1983290   24.52%
  14608  9604   232701.8182   142   244851.0000   185008.4103  2017305   24.44%
  14865  9930   228962.4737   153   244851.0000   185208.3333  2060988   24.36%
  15088 10046   221799.4335   229   244851.0000   185440.6931  2079096   24.26%
  15328 10191   223191.2244   160   244851.0000   185657.2585  2105233   24.18%
  15589 10333   222177.7500   111   244851.0000   185892.5000  2116905   24.08%
  15806 10744   225961.0893   153   244851.0000   186096.5358  2168202   24.00%
  16047 10876   236630.0000    93   244851.0000   186227.5102  2190036   23.94%
  16265 10960   223081.5649   153   244851.0000   186362.2713  2202419   23.89%
Elapsed time = 305.23 sec. (84306.90 ticks, tree = 310.88 MB, solutions = 12)
  16489 11323   201155.9907   158   244851.0000   186600.1211  2250646   23.79%
  16713 11406   228434.1333   149   244851.0000   186837.0000  2263513   23.69%
  17023 11678   230580.9091   167   244851.0000   186934.2051  2303289   23.65%
  17302 11844   225788.6482   186   244851.0000   187117.6919  2318214   23.58%
* 17398 11786      integral     0   242993.0000   187145.0000  2316775   22.98%
  17578 12120   200151.3436   162   242993.0000   187365.1000  2347673   22.89%
  17833 12014   236662.3669   183   242993.0000   187499.0328  2391373   22.84%
  18081 12141   213200.8545   166   242993.0000   187623.1429  2409669   22.79%
  18306 12250   241270.2804   163   242993.0000   187852.9898  2424320   22.69%
  18530 12602   225940.3300   145   242993.0000   187966.2124  2477345   22.65%
  18749 12704   224828.1851   179   242993.0000   188163.4677  2496142   22.56%
Elapsed time = 347.99 sec. (93886.77 ticks, tree = 447.93 MB, solutions = 13)
  19018 12849   219622.6196   146   242993.0000   188310.1366  2516102   22.50%
  19192 12864   209487.5000   146   242993.0000   188353.5000  2517783   22.49%
  19367 13261   204476.0667   136   242993.0000   188588.3312  2573660   22.39%
  19571 13435   233144.2889   159   242993.0000   188803.3571  2597151   22.30%
* 19620 13267      integral     0   240890.0000   188816.3029  2576745   21.62%
  19797 13378   206412.6471   132   240890.0000   188847.8014  2589822   21.60%
  20003 12861        cutoff         240890.0000   189020.4076  2644124   21.53%
  20240 12989   200110.0555   182   240890.0000   189081.9527  2672495   21.51%
  20483 13116   227483.7180   169   240890.0000   189266.1782  2694517   21.43%
  20759 13341   237071.6667   108   240890.0000   189401.5758  2724234   21.37%
  21716 14014   218334.0000    86   240890.0000   190017.7500  2815249   21.12%
Elapsed time = 403.74 sec. (106311.48 ticks, tree = 633.17 MB, solutions = 14)
  22669 14768   209397.7475   176   240890.0000   190484.4318  2930696   20.92%
  23556 15621   203613.0133   159   240890.0000   191115.2821  3060768   20.66%
  24513 16373        cutoff         240890.0000   191517.1619  3181087   20.50%
  25535 16913   231823.2143   153   240890.0000   192111.7500  3276470   20.25%
* 26318+17568                       240506.0000   192791.0297            19.84%
  26428 17632   230127.5366   140   240506.0000   192938.4015  3460866   19.78%
  27337 18455   221025.0000   104   240506.0000   193291.7097  3602751   19.63%
* 27530 18510      integral     0   239506.0000   193400.2222  3615873   19.25%
  28211 18186   218945.0016   126   239506.0000   193702.4744  3665139   19.12%
  29176 18916   207627.1239   182   239506.0000   194168.8372  3804331   18.93%
  30133 19918   221720.8438   163   239506.0000   194575.8095  3984830   18.76%
  31102 20470   204585.2353   156   239506.0000   194994.0929  4106799   18.58%
Elapsed time = 565.40 sec. (144498.97 ticks, tree = 860.03 MB, solutions = 16)
  32046 21295   215090.6667   123   239506.0000   195315.9609  4291128   18.45%
  33094 21863        cutoff         239506.0000   195626.8195  4401843   18.32%
  34081 22915   228993.2169   145   239506.0000   195995.5569  4638797   18.17%
  34899 23220   222120.8889   120   239506.0000   196301.8878  4695434   18.04%

Performing restart 2

Repeating presolve.
Tried aggregator 1 time.
MIP Presolve eliminated 1082 rows and 96 columns.
Reduced MIP has 15474 rows, 2401 columns, and 59441 nonzeros.
Reduced MIP has 2401 binaries, 0 generals, 0 SOSs, and 0 indicators.
Presolve time = 0.09 sec. (93.84 ticks)
Tried aggregator 1 time.
Reduced MIP has 15474 rows, 2401 columns, and 59441 nonzeros.
Reduced MIP has 2401 binaries, 0 generals, 0 SOSs, and 0 indicators.
Presolve time = 0.05 sec. (44.79 ticks)
Represolve time = 0.20 sec. (177.31 ticks)
  35312     0   166278.5446   202   239506.0000      Cuts: 48  4880746   17.93%
* 35312+    0                       236843.0000   196563.9056            17.01%
  35312     0   166861.6472   200   236843.0000      Cuts: 32  4880897   17.01%
  35312     0   167128.0405   192   236843.0000      Cuts: 48  4880995   17.01%
  35312     0   167497.9088   195   236843.0000      Cuts: 54  4881171   17.01%
  35312     0   167723.8799   194   236843.0000      Cuts: 53  4881328   17.01%
  35312     0   167891.3435   192   236843.0000      Cuts: 65  4881411   17.01%
  35312     0   168049.0733   194   236843.0000      Cuts: 57  4881483   17.01%
  35312     0   168388.0084   193   236843.0000      Cuts: 57  4881648   17.01%
  35312     0   168797.2288   193   236843.0000      Cuts: 69  4881807   17.01%

Repeating presolve.
Tried aggregator 1 time.
MIP Presolve eliminated 1325 rows and 92 columns.
Reduced MIP has 14149 rows, 2309 columns, and 54886 nonzeros.
Reduced MIP has 2309 binaries, 0 generals, 0 SOSs, and 0 indicators.
Presolve time = 0.09 sec. (91.01 ticks)
Tried aggregator 1 time.
Reduced MIP has 14149 rows, 2309 columns, and 54886 nonzeros.
Reduced MIP has 2309 binaries, 0 generals, 0 SOSs, and 0 indicators.
Presolve time = 0.04 sec. (39.57 ticks)
Represolve time = 0.17 sec. (166.03 ticks)
  35312     0   169025.2622   193   236843.0000      Cuts: 65  4884849   17.01%
  35312     0   169398.4969   213   236843.0000      Cuts: 80  4885004   17.01%
  35312     0   170002.6395   216   236843.0000      Cuts: 89  4885271   17.01%
  35312     0   170572.6805   214   236843.0000      Cuts: 80  4885477   17.01%
  35312     0   171031.9486   213   236843.0000      Cuts: 89  4885665   17.01%
  35312     0   171207.9034   191   236843.0000      Cuts: 61  4885814   17.01%
  35312     0   171840.3523   190   236843.0000      Cuts: 59  4885970   17.01%
  35312     2   171840.3523   190   236843.0000   196563.9056  4885970   17.01%
  35488   139   200993.3287   158   236843.0000   196563.9056  4930800   17.01%
  36040   535   208179.6623   188   236843.0000   196563.9056  5007051   17.01%
  36807  1121   192375.9063   207   236843.0000   196563.9056  5076428   17.01%
  37654  1833        cutoff         236843.0000   196563.9056  5178158   17.01%
  38577  2571   226516.3329   175   236843.0000   196563.9056  5263513   17.01%
Elapsed time = 741.10 sec. (199940.74 ticks, tree = 162.95 MB, solutions = 17)
  39502  3298   235703.8232   205   236843.0000   196563.9056  5382034   17.01%
  40432  4189   225135.6889   172   236843.0000   196563.9056  5505122   17.01%
  41262  4729   209193.1198   168   236843.0000   196563.9056  5604293   17.01%
  42151  5437   226420.8567   160   236843.0000   196563.9056  5720568   17.01%
  43090  6102   231088.9000   161   236843.0000   196563.9056  5853812   17.01%
  44010  6854   226228.6300   144   236843.0000   196563.9056  5987282   17.01%
  44935  7482   234200.7543   181   236843.0000   196563.9056  6074059   17.01%
  45938  8368   222259.2500   117   236843.0000   196678.1165  6212292   16.96%
  46947  9128   221938.4545   131   236843.0000   197433.8784  6333558   16.64%
  47894  9945   226157.0952   150   236843.0000   198140.3020  6465570   16.34%
Elapsed time = 899.92 sec. (238120.41 ticks, tree = 607.34 MB, solutions = 17)
  48830 10424   231293.3205   166   236843.0000   198569.4607  6538156   16.16%
  49838 11248   223863.7563   184   236843.0000   199360.4383  6679402   15.83%
  50788 12000   209247.9773   147   236843.0000   200036.5046  6808294   15.54%
  51652 12478   209256.8941   164   236843.0000   200482.0262  6888970   15.35%
  52662 13343   228752.8375   124   236843.0000   201016.1257  7021843   15.13%
  53699 14038   235347.8804   146   236843.0000   201347.4559  7125655   14.99%
  54638 14833   235216.4433   145   236843.0000   201773.0643  7267653   14.81%
  55630 15422   223852.8538   179   236843.0000   202202.8361  7358308   14.63%
  56619 16090   215787.0882   136   236843.0000   202886.0514  7473796   14.34%
  57700 16845   222102.0653   153   236843.0000   203185.8014  7601383   14.21%
Elapsed time = 1066.58 sec. (276301.69 ticks, tree = 1095.53 MB, solutions = 17)
  58707 17492   225113.3077   115   236843.0000   203621.8402  7716482   14.03%
  59674 18231   234021.9286   165   236843.0000   204156.0715  7866191   13.80%
  60736 18908   223947.6250   137   236843.0000   204627.9694  7973466   13.60%
  61750 19588   225444.3146   158   236843.0000   204905.3077  8080777   13.48%
  62769 20295   229483.3529   166   236843.0000   205332.2500  8209407   13.30%
  63780 21162   217212.7143   133   236843.0000   205682.3750  8351503   13.16%
  64792 21914   227069.2800   128   236843.0000   206018.6957  8486151   13.01%
  65844 22652   225224.0083   159   236843.0000   206431.2699  8618810   12.84%
  66827 22898   228501.2500   125   236843.0000   206757.8028  8662011   12.70%
  67753 23657   220937.9714   148   236843.0000   207058.3370  8801903   12.58%
Elapsed time = 1230.64 sec. (314489.91 ticks, tree = 1504.44 MB, solutions = 17)
  68650 24339        cutoff         236843.0000   207257.2083  8924930   12.49%
  69666 25108   211318.9419   128   236843.0000   207629.2607  9067796   12.33%
  70630 25681   215742.8333   159   236843.0000   207844.3373  9170064   12.24%
  71681 26364        cutoff         236843.0000   208180.9467  9297531   12.10%
  72724 26671   229504.4580   136   236843.0000   208376.2606  9355935   12.02%
  73730 27276   231929.5411   147   236843.0000   208719.5134  9460149   11.87%
* 74250 27979      integral     0   235990.0000   208890.8286  9586140   11.48%
  74766 28065   236285.5000    96   235990.0000   208987.9867  9604687   11.44%
  75842 27926   227537.8571   140   235990.0000   209270.7929  9687846   11.32%
  76840 29046   235057.4586   191   235990.0000   209445.4697  9877684   11.25%
  77875 29271   231152.1736   144   235990.0000   209641.5000  9931194   11.17%
Elapsed time = 1384.04 sec. (352676.04 ticks, tree = 1860.77 MB, solutions = 18)
  79033 29973   214840.7982   143   235990.0000   209916.0276 10063649   11.05%
  80073 30929        cutoff         235990.0000   210128.1834 10241571   10.96%
  81081 31124        cutoff         235990.0000   210342.5196 10281563   10.87%
  82129 31920   228797.0000    89   235990.0000   210525.4645 10447464   10.79%
  83208 32566   224866.0630   140   235990.0000   210740.5282 10558957   10.70%
  84246 33159   231790.4165   160   235990.0000   210923.1624 10654831   10.62%
  85280 33922        cutoff         235990.0000   211146.1802 10806264   10.53%
  86400 34489   233454.8533   133   235990.0000   211333.0789 10907241   10.45%
  87452 34783   224883.4268   156   235990.0000   211551.8176 10972181   10.36%
  88449 35878   235530.5000    84   235990.0000   211736.6692 11176044   10.28%
Elapsed time = 1536.44 sec. (390847.72 ticks, tree = 2302.50 MB, solutions = 18)
Nodefile size = 248.78 MB (156.32 MB after compression)
  89526 36450   234116.6393   149   235990.0000   212002.0128 11292952   10.16%
  90620 36974   226684.5000   128   235990.0000   212152.9314 11381363   10.10%
  91547 37519   220731.8247   148   235990.0000   212317.6153 11493899   10.03%
  92555 38172   218561.5190   139   235990.0000   212476.1077 11638968    9.96%
  93624 38559   231247.3704   142   235990.0000   212691.5393 11718122    9.87%
  94763 39009   235627.2000   117   235990.0000   212844.2545 11806695    9.81%
  95818 39826   233025.8030   138   235990.0000   212992.2742 11955810    9.75%
  96893 40212   229410.6528   171   235990.0000   213146.5435 12048724    9.68%
  98034 40812   227431.6721   145   235990.0000   213363.7391 12166689    9.59%
  99029 41736   225749.6980   154   235990.0000   213510.8824 12356660    9.53%
Elapsed time = 1679.85 sec. (429013.91 ticks, tree = 2713.11 MB, solutions = 18)
Nodefile size = 658.14 MB (412.97 MB after compression)
 100023 41869        cutoff         235990.0000   213646.2659 12393418    9.47%
 101182 42302   229701.8095   154   235990.0000   213792.0000 12494284    9.41%
 102353 43082   228592.5881   126   235990.0000   214011.0294 12648576    9.31%
 103428 43785        cutoff         235990.0000   214158.0943 12795462    9.25%
 104576 44360   231574.8000   126   235990.0000   214337.6699 12913863    9.18%
 105727 45218   224920.1538   164   235990.0000   214489.4667 13088363    9.11%
 106875 45555   222109.8354   149   235990.0000   214634.6216 13167714    9.05%
 107868 46244   229783.5000   139   235990.0000   214807.6333 13304618    8.98%
 108998 46833   227044.5614   165   235990.0000   214943.3571 13433631    8.92%
 110115 47069   230259.8182   119   235990.0000   215123.2826 13483488    8.84%
Elapsed time = 1823.56 sec. (467192.20 ticks, tree = 2983.49 MB, solutions = 18)
Nodefile size = 922.64 MB (577.93 MB after compression)
 111196 47651   229735.4062   127   235990.0000   215234.6280 13615728    8.80%
 112301 48254   228806.3468   146   235990.0000   215367.8907 13776569    8.74%
 113450 48710   234545.1833   139   235990.0000   215519.1951 13881869    8.67%
 114571 49022        cutoff         235990.0000   215672.8125 13947644    8.61%
 115681 49793   226415.4204   130   235990.0000   215813.4716 14107350    8.55%
 116757 50311   233891.0000    60   235990.0000   215940.6667 14238303    8.50%
 117922 50765        cutoff         235990.0000   216077.7167 14346437    8.44%
 119122 51410   225460.4000   132   235990.0000   216184.1333 14505549    8.39%
 120215 51915        cutoff         235990.0000   216320.9839 14609980    8.33%
 121378 52151   230641.8000   124   235990.0000   216453.0227 14677505    8.28%
Elapsed time = 1969.05 sec. (505380.28 ticks, tree = 3288.24 MB, solutions = 18)
Nodefile size = 1226.87 MB (767.70 MB after compression)
 122568 52606   235275.1333   154   235990.0000   216583.4373 14784642    8.22%
 123696 53447   225729.8192   153   235990.0000   216716.3168 14968970    8.17%
*124511 53996      integral     0   234882.0000   216842.0143 15106231    7.68%
 124779 53840        cutoff         234882.0000   216842.0143 15056911    7.68%
 125925 52131        cutoff         234882.0000   216940.8750 15203622    7.64%
 127109 52691   230507.3571   146   234882.0000   217069.2778 15349438    7.58%
 128242 52932        cutoff         234882.0000   217195.9959 15417825    7.53%
 129324 53415   228502.7647   144   234882.0000   217340.6364 15550195    7.47%
 130509 53856        cutoff         234882.0000   217485.0417 15669192    7.41%
 131487 54425   222188.0500   165   234882.0000   217631.5833 15826412    7.34%
 132543 54535   224667.2857   128   234882.0000   217740.7764 15862175    7.30%
Elapsed time = 2116.97 sec. (543552.01 ticks, tree = 3418.24 MB, solutions = 19)
Nodefile size = 1363.64 MB (852.38 MB after compression)
 133588 55098   229588.4457   163   234882.0000   217861.5610 16031127    7.25%
 134745 55297   233204.3983   135   234882.0000   217988.7238 16083444    7.19%
 135933 55811   228827.0000   129   234882.0000   218100.6412 16229655    7.14%
 136986 56435   232966.6250   129   234882.0000   218232.7729 16410181    7.09%
 138088 56818   226409.1111   149   234882.0000   218357.6364 16525766    7.04%
 139189 57103   226987.2800   143   234882.0000   218480.4500 16620999    6.98%
 140375 57511   230129.8130   154   234882.0000   218610.5217 16748057    6.93%
 141499 57859        cutoff         234882.0000   218728.4545 16858870    6.88%
 142593 58187        cutoff         234882.0000   218846.3655 16968487    6.83%
 143779 58685   232961.0000   140   234882.0000   218975.4260 17131493    6.77%
Elapsed time = 2263.70 sec. (581746.40 ticks, tree = 3617.20 MB, solutions = 19)
Nodefile size = 1559.57 MB (974.09 MB after compression)
 144960 58935   232907.2000   111   234882.0000   219108.0000 17228876    6.72%
 146071 59156   233964.7429   136   234882.0000   219221.5000 17310609    6.67%
 147167 59683   228107.9091   125   234882.0000   219338.9849 17502804    6.62%
 148338 59790   230062.4808   141   234882.0000   219454.6642 17539736    6.57%
 149545 60098   232931.5385   158   234882.0000   219577.0000 17628478    6.52%
 150706 60478        cutoff         234882.0000   219702.8333 17778716    6.46%
 151928 60980   229884.5588   184   234882.0000   219795.6667 17946092    6.42%
 153159 61343        cutoff         234882.0000   219922.0434 18082735    6.37%
 154320 61563   232264.3077   142   234882.0000   220053.9781 18192530    6.31%
 155408 61902   228810.0789   162   234882.0000   220175.6111 18340374    6.26%
Elapsed time = 2412.72 sec. (619919.54 ticks, tree = 3826.81 MB, solutions = 19)
Nodefile size = 1781.57 MB (1111.73 MB after compression)
 156518 62170   231872.6190   126   234882.0000   220289.5000 18446935    6.21%
 157763 62305        cutoff         234882.0000   220430.8760 18516103    6.15%
 158945 62615   232163.1132   143   234882.0000   220544.1111 18669219    6.10%
 160082 62743   231788.1111   124   234882.0000   220641.6900 18738044    6.06%
 161124 63073        cutoff         234882.0000   220752.7500 18889910    6.02%
 162327 63176        cutoff         234882.0000   220876.8000 18967276    5.96%
 163521 63740   231121.6829   151   234882.0000   221008.2235 19164872    5.91%
 164550 63814        cutoff         234882.0000   221108.6116 19252212    5.86%
 165688 64109        cutoff         234882.0000   221225.6802 19359126    5.81%
 166913 64322   231653.5893   120   234882.0000   221325.5833 19461275    5.77%
Elapsed time = 2552.98 sec. (658093.98 ticks, tree = 3926.54 MB, solutions = 19)
Nodefile size = 1886.10 MB (1176.35 MB after compression)
 168108 64632   227961.4839   146   234882.0000   221436.3337 19624615    5.72%
 169275 64798        cutoff         234882.0000   221541.0739 19719476    5.68%
 170392 65141        cutoff         234882.0000   221648.1143 19882179    5.63%
 171577 65392   233439.3458   158   234882.0000   221747.6810 19989368    5.59%
 172714 65502        cutoff         234882.0000   221898.7037 20023653    5.53%
 173755 65658   232766.2917   140   234882.0000   222000.2500 20150046    5.48%
 174889 65950   228054.2868   172   234882.0000   222115.5000 20291535    5.44%
 176120 66107   229827.2553   147   234882.0000   222194.4643 20401964    5.40%
 177355 66276   227849.5522   164   234882.0000   222273.3750 20495475    5.37%
 178512 66486   229314.3293   140   234882.0000   222370.2542 20592627    5.33%
Elapsed time = 2695.34 sec. (696262.89 ticks, tree = 4030.36 MB, solutions = 19)
Nodefile size = 1975.90 MB (1231.59 MB after compression)
 179628 66591        cutoff         234882.0000   222489.2963 20717680    5.28%
 180773 66751        cutoff         234882.0000   222597.2857 20873082    5.23%
 182006 66844        cutoff         234882.0000   222686.3980 20929190    5.19%
 183182 67190        cutoff         234882.0000   222790.8467 21126310    5.15%
 184304 67212   230790.3333   133   234882.0000   222894.6105 21155114    5.10%
 185582 67429   226129.2917   123   234882.0000   222969.5000 21307654    5.07%
 186794 67575   231998.2222   122   234882.0000   223068.4286 21427928    5.03%
 187975 67738   231285.0125   122   234882.0000   223174.0245 21579799    4.98%
 189125 67786   231496.0592   137   234882.0000   223269.5595 21648600    4.94%
 190442 67877   227413.5000   143   234882.0000   223368.8281 21741066    4.90%
Elapsed time = 2850.29 sec. (734428.69 ticks, tree = 4064.26 MB, solutions = 19)
Nodefile size = 2034.25 MB (1267.70 MB after compression)
 191627 67869   233962.0000   135   234882.0000   223476.5765 21851006    4.86%
 192842 67998        cutoff         234882.0000   223598.9130 22002639    4.80%
*193902 68081      integral     0   234767.0000   223671.0568 22108213    4.73%
 194095 68050   232801.3934   157   234767.0000   223694.7500 22097329    4.72%
 195384 67873        cutoff         234767.0000   223787.3846 22279594    4.68%
 196543 67876        cutoff         234767.0000   223914.2222 22348849    4.62%
 197680 67956        cutoff         234767.0000   223998.7632 22457356    4.59%
 198919 67984   233498.1728   158   234767.0000   224093.3060 22620289    4.55%
 200156 67977   232451.6875    96   234767.0000   224190.0737 22706312    4.51%
 201376 67951        cutoff         234767.0000   224270.4000 22758016    4.47%
 202619 68043   234114.6875   140   234767.0000   224371.9310 22973776    4.43%
Elapsed time = 2991.58 sec. (772608.65 ticks, tree = 4051.01 MB, solutions = 20)
Nodefile size = 2040.92 MB (1271.70 MB after compression)
 203917 68033   232897.5345   114   234767.0000   224472.5398 23087512    4.38%
 205188 67951   231870.1786   145   234767.0000   224590.7064 23199901    4.33%
 206434 67918   226822.4714   148   234767.0000   224707.0410 23266204    4.29%
 207688 67907   230834.3750   126   234767.0000   224791.0737 23450784    4.25%
 208987 67912   233026.1316   142   234767.0000   224889.8570 23476508    4.21%
 210336 67826        cutoff         234767.0000   225000.2500 23616016    4.16%
 211569 67673        cutoff         234767.0000   225055.4706 23764156    4.14%
 212766 67623   231317.0000   118   234767.0000   225186.0984 23832764    4.08%
 214021 67472   232349.2222   149   234767.0000   225285.4167 24013816    4.04%
 215391 67356        cutoff         234767.0000   225395.2069 24070937    3.99%
Elapsed time = 3131.16 sec. (810778.81 ticks, tree = 3978.48 MB, solutions = 20)
Nodefile size = 2040.92 MB (1271.70 MB after compression)
 216704 67142   228921.1176   135   234767.0000   225534.0291 24219224    3.93%
 217948 67092   232010.5938   120   234767.0000   225620.9531 24286830    3.90%
 219248 66924        cutoff         234767.0000   225720.8391 24402317    3.85%
 220616 66634        cutoff         234767.0000   225818.5714 24573100    3.81%
 221903 66441        cutoff         234767.0000   225927.6154 24664994    3.77%
 223184 66237   231031.9343   187   234767.0000   226029.6333 24761715    3.72%
 224497 66026   230331.5469   141   234767.0000   226137.9444 24877369    3.68%
Starting limited solution polishing.
 225863 65577   232781.8500   142   234767.0000   226231.8839 25037385    3.64%
 227202 65323   232001.1667   180   234767.0000   226317.9643 25143504    3.60%
 228436 65152   233489.7733   159   234767.0000   226441.4153 25209791    3.55%
Elapsed time = 3275.73 sec. (848956.08 ticks, tree = 3863.95 MB, solutions = 20)
Nodefile size = 2040.92 MB (1271.70 MB after compression)
 229593 64933   232172.1409   161   234767.0000   226555.7500 25299802    3.50%
 230777 64450        cutoff         234767.0000   226674.7255 25501731    3.45%
 232035 64244        cutoff         234767.0000   226742.2377 25573015    3.42%
 233325 64050        cutoff         234767.0000   226860.3824 25624147    3.37%
 234479 63736   233157.1228   183   234767.0000   226969.5000 25714663    3.32%
 235323 63439   233922.3393   124   234767.0000   226994.7647 25824195    3.31%
 236386 63249        cutoff         234767.0000   227104.8091 25894275    3.26%
 237661 62887        cutoff         234767.0000   227176.1702 25990198    3.23%
 238743 62363        cutoff         234767.0000   227285.7808 26103688    3.19%
 239716 62145        cutoff         234767.0000   227351.0625 26159546    3.16%
Elapsed time = 3387.81 sec. (887139.95 ticks, tree = 3682.22 MB, solutions = 20)
Nodefile size = 2040.92 MB (1271.70 MB after compression)
 240905 61895        cutoff         234767.0000   227455.6667 26227119    3.11%
 241780 61577   229738.9776   129   234767.0000   227455.6667 26309648    3.11%
 243052 61296        cutoff         234767.0000   227578.9231 26383346    3.06%
 244431 60839        cutoff         234767.0000   227713.0485 26498636    3.00%
 245692 60322        cutoff         234767.0000   227799.5444 26597988    2.97%
 246631 59713   229810.8958   119   234767.0000   227826.6250 26725960    2.96%
 247963 59303        cutoff         234767.0000   227914.8182 26786724    2.92%
 249131 58804        cutoff         234767.0000   228044.5982 26891349    2.86%
 250157 58428   232938.8056   130   234767.0000   228110.9516 26946381    2.84%
 251341 58219   230768.9355   140   234767.0000   228231.7391 26987355    2.78%
Elapsed time = 3499.62 sec. (925318.26 ticks, tree = 3470.26 MB, solutions = 20)
Nodefile size = 2040.92 MB (1271.70 MB after compression)
 252564 57815        cutoff         234767.0000   228335.0000 27078966    2.74%
 253815 57341        cutoff         234767.0000   228373.0727 27176519    2.72%
 255098 56750        cutoff         234767.0000   228436.4444 27276784    2.70%
 256330 56211        cutoff         234767.0000   228544.3243 27357081    2.65%
 257519 55647        cutoff         234767.0000   228634.7492 27450881    2.61%
 258622 55092        cutoff         234767.0000   228730.9823 27531410    2.57%
 259961 54072        cutoff         234767.0000   228807.0685 27695510    2.54%
 261536 53551        cutoff         234767.0000   228890.3390 27760347    2.50%

Zero-half cuts applied:  400
Lift and project cuts applied:  379
Gomory fractional cuts applied:  1

Root node processing (before b&c):
  Real time             =   14.67 sec. (6349.93 ticks)
Parallel b&c, 8 threads:
  Real time             = 3585.34 sec. (950597.18 ticks)
  Sync time (average)   =  449.13 sec.
  Wait time (average)   =    0.01 sec.
                          ------------
Total (root+branch&cut) = 3600.01 sec. (956947.11 ticks)
Status: Feasible
Obj: 234767

Instalacoes abertas:
Instalação 1 aberta
Instalação 4 aberta
Instalação 8 aberta
Instalação 9 aberta
Instalação 20 aberta
Instalação 22 aberta
Instalação 47 aberta

Atribuições (cliente -> instalação):
Cliente 0 -> Instalação 4
Cliente 1 -> Instalação 1
Cliente 2 -> Instalação 4
Cliente 3 -> Instalação 20
Cliente 4 -> Instalação 4
Cliente 5 -> Instalação 9
Cliente 6 -> Instalação 8
Cliente 7 -> Instalação 47
Cliente 8 -> Instalação 8
Cliente 9 -> Instalação 8
Cliente 10 -> Instalação 20
Cliente 11 -> Instalação 9
Cliente 12 -> Instalação 1
Cliente 13 -> Instalação 1
Cliente 14 -> Instalação 9
Cliente 15 -> Instalação 8
Cliente 16 -> Instalação 9
Cliente 17 -> Instalação 9
Cliente 18 -> Instalação 1
Cliente 19 -> Instalação 4
Cliente 20 -> Instalação 4
Cliente 21 -> Instalação 8
Cliente 22 -> Instalação 4
Cliente 23 -> Instalação 4
Cliente 24 -> Instalação 1
Cliente 25 -> Instalação 9
Cliente 26 -> Instalação 47
Cliente 27 -> Instalação 22
Cliente 28 -> Instalação 8
Cliente 29 -> Instalação 4
Cliente 30 -> Instalação 9
Cliente 31 -> Instalação 9
Cliente 32 -> Instalação 9
Cliente 33 -> Instalação 9
Cliente 34 -> Instalação 1
Cliente 35 -> Instalação 20
Cliente 36 -> Instalação 20
Cliente 37 -> Instalação 8
Cliente 38 -> Instalação 8
Cliente 39 -> Instalação 1
Cliente 40 -> Instalação 20
Cliente 41 -> Instalação 20
Cliente 42 -> Instalação 20
Cliente 43 -> Instalação 47
Cliente 44 -> Instalação 47
Cliente 45 -> Instalação 9
Cliente 46 -> Instalação 8
Cliente 47 -> Instalação 4
Cliente 48 -> Instalação 20
Cliente 49 -> Instalação 20
