Version identifier: 22.1.1.0 | 2022-11-28 | 9160aff4d
CPXPARAM_TimeLimit                               3600
Tried aggregator 1 time.
MIP Presolve eliminated 50 rows and 1 columns.
Reduced MIP has 26500 rows, 3029 columns, and 79400 nonzeros.
Reduced MIP has 3029 binaries, 0 generals, 0 SOSs, and 0 indicators.
Presolve time = 0.04 sec. (38.75 ticks)
Found incumbent of value 2.0803481e+07 after 0.06 sec. (48.98 ticks)
Probing time = 0.01 sec. (5.87 ticks)
Tried aggregator 1 time.
Detecting symmetries...
Reduced MIP has 26500 rows, 3029 columns, and 79400 nonzeros.
Reduced MIP has 3029 binaries, 0 generals, 0 SOSs, and 0 indicators.
Presolve time = 0.05 sec. (46.62 ticks)
Probing time = 0.02 sec. (5.87 ticks)
Clique table members: 2500.
MIP emphasis: balance optimality and feasibility.
MIP search method: dynamic search.
Parallel mode: deterministic, using up to 8 threads.
Root relaxation solution time = 0.09 sec. (39.80 ticks)

        Nodes                                         Cuts/
   Node  Left     Objective  IInf  Best Integer    Best Bound    ItCnt     Gap

*     0+    0                       2.08035e+07        0.0000           100.00%
*     0+    0                       1.53174e+07        0.0000           100.00%
*     0+    0                      1328453.0000        0.0000           100.00%
*     0+    0                      1086545.0000        0.0000           100.00%
      0     0    93774.0000   100  1086545.0000    93774.0000      187   91.37%
      0     0   106217.5000   100  1086545.0000    Cuts: 1197      410   90.22%
*     0+    0                       658252.0000   106217.5000            83.86%
      0     0   118774.0000    98   658252.0000    Cuts: 1241      679   81.96%
*     0+    0                       407463.0000   118774.0000            70.85%
      0     0   129696.1667   166   407463.0000 ZeroHalf: 504     1794   68.17%
*     0+    0                       405972.0000   129696.1667            68.05%
      0     0  -1.00000e+75     0   405972.0000   129696.1667     1794   68.05%
*     0+    0                       342027.0000   129696.1667            62.08%
      0     0   133609.3333   189   342027.0000     Cuts: 521     2378   60.94%
      0     0   140268.5568   184   342027.0000     Cuts: 558     3219   58.99%
Detecting symmetries...
      0     0   144335.2792   220   342027.0000     Cuts: 284     3844   57.80%
*     0+    0                       340562.0000   144335.2792            57.62%
*     0+    0                       331061.0000   144335.2792            56.40%
      0     0   147773.1804   214   331061.0000     Cuts: 237     4217   55.36%
      0     0   150460.4029   187   331061.0000     Cuts: 412     4644   54.55%
      0     0   153229.0907   205   331061.0000     Cuts: 122     4914   53.72%
      0     0   154831.8803   211   331061.0000     Cuts: 155     5209   53.23%
      0     0   155904.1584   182   331061.0000     Cuts: 231     5503   52.91%
      0     0   156799.5837   182   331061.0000      Cuts: 96     5725   52.64%
      0     0   157607.0188   179   331061.0000      Cuts: 45     5971   52.39%
      0     0   158655.7340   209   331061.0000     Cuts: 105     6289   52.08%
      0     0   159712.7080   212   331061.0000     Cuts: 123     6666   51.76%
      0     0   160851.4208   209   331061.0000      Cuts: 79     6982   51.41%
      0     0   161533.1307   208   331061.0000      Cuts: 90     7243   51.21%
      0     0   162145.7398   172   331061.0000     Cuts: 143     7494   51.02%
      0     0   162617.6384   204   331061.0000     Cuts: 135     7687   50.88%
      0     0   163114.5152   199   331061.0000      Cuts: 55     7932   50.73%
      0     0   163540.0740   184   331061.0000     Cuts: 181     8142   50.60%
      0     0   164007.4529   206   331061.0000      Cuts: 52     8372   50.46%
      0     0   164627.9662   175   331061.0000     Cuts: 154     8602   50.27%
      0     0   165074.3194   183   331061.0000      Cuts: 57     8820   50.14%
      0     0   165583.5822   200   331061.0000      Cuts: 61     8998   49.98%
      0     0   166227.4862   176   331061.0000     Cuts: 134     9261   49.79%
      0     0   166790.3673   211   331061.0000      Cuts: 61     9497   49.62%
      0     0   167251.8498   206   331061.0000      Cuts: 51     9638   49.48%
      0     0   167583.5551   179   331061.0000      Cuts: 68     9818   49.38%
      0     0   167827.7473   181   331061.0000      Cuts: 28     9926   49.31%
      0     0   168251.0299   216   331061.0000      Cuts: 39    10155   49.18%
      0     0   168722.2570   244   331061.0000      Cuts: 52    10299   49.04%
      0     0   168955.9243   240   331061.0000      Cuts: 41    10458   48.97%
      0     0   169444.2018   205   331061.0000      Cuts: 84    10613   48.82%
      0     0   169780.9406   211   331061.0000      Cuts: 22    10786   48.72%
      0     0   170271.1540   204   331061.0000      Cuts: 90    10992   48.57%
      0     0   170740.6422   203   331061.0000      Cuts: 43    11185   48.43%
      0     0   170958.0446   208   331061.0000      Cuts: 40    11332   48.36%
      0     0   171118.7826   202   331061.0000      Cuts: 24    11422   48.31%
      0     0   171299.8988   188   331061.0000      Cuts: 84    11591   48.26%
      0     0   171413.1315   212   331061.0000      Cuts: 31    11693   48.22%
      0     0   171524.9190   210   331061.0000      Cuts: 19    11799   48.19%
      0     0   171602.8486   207   331061.0000      Cuts: 45    11864   48.17%
      0     0   171684.3377   209   331061.0000      Cuts: 21    11990   48.14%
      0     0   171828.8316   210   331061.0000      Cuts: 28    12078   48.10%
      0     0   171963.3145   209   331061.0000      Cuts: 25    12149   48.06%
      0     0   172049.4790   226   331061.0000  ZeroHalf: 22    12236   48.03%
      0     0   172122.0061   228   331061.0000      Cuts: 26    12346   48.01%
      0     0   172175.4788   208   331061.0000      Cuts: 32    12387   47.99%
Detecting symmetries...
      0     2   172175.4788   208   331061.0000   172175.4788    12387   47.99%
Elapsed time = 21.28 sec. (8842.59 ticks, tree = 0.02 MB, solutions = 10)
      7     8   182760.7547   161   331061.0000   172303.7577    13526   47.95%
     29    18   174932.6798   219   331061.0000   172599.1537    16798   47.86%
     44    37   190418.5594   169   331061.0000   172599.1537    22026   47.86%
     63    52   200812.0024   143   331061.0000   172599.1537    28087   47.86%
     86    80   220293.5000    88   331061.0000   172599.1537    37316   47.86%
    119    94   228385.2500   142   331061.0000   172599.1537    41075   47.86%
    163   121   257294.5000    82   331061.0000   172599.1537    45924   47.86%
    251   169   247292.1250   107   331061.0000   172599.1537    56629   47.86%
    362   259   308315.0000    66   331061.0000   172599.1537    64876   47.86%
    621   521   219594.6250   122   331061.0000   174955.1391    92137   47.15%
Elapsed time = 35.83 sec. (12012.60 ticks, tree = 22.21 MB, solutions = 11)
*   622   540      integral     0   330976.0000   174955.1391    92873   47.14%
*   627   549      integral     0   329685.0000   174955.1391    95569   46.93%
    878   732   184385.8451   177   329685.0000   175835.0494   123629   46.67%
   1212   978   307758.1667   113   329685.0000   175835.0494   150375   46.67%
*  1253  1054      integral     0   320987.0000   175835.0494   156857   45.22%
*  1256   996      integral     0   320527.0000   175835.0494   156860   45.14%
*  1507  1187      integral     0   320182.0000   175835.0494   173464   45.08%
   1513  1151   261148.6489   133   320182.0000   175835.0494   170168   45.08%
*  1568+ 1257                       312644.0000   178013.7211            43.06%

Performing restart 1

Repeating presolve.
Tried aggregator 1 time.
MIP Presolve eliminated 3587 rows and 269 columns.
Reduced MIP has 22913 rows, 2760 columns, and 68639 nonzeros.
Reduced MIP has 2760 binaries, 0 generals, 0 SOSs, and 0 indicators.
Presolve time = 0.03 sec. (35.73 ticks)
Tried aggregator 1 time.
Reduced MIP has 22913 rows, 2760 columns, and 68639 nonzeros.
Reduced MIP has 2760 binaries, 0 generals, 0 SOSs, and 0 indicators.
Presolve time = 0.04 sec. (41.46 ticks)
Represolve time = 0.12 sec. (118.69 ticks)
*  1679+    0                       312203.0000   179199.3956            42.60%
   1679     0   173052.1403   214   312203.0000      Cuts: 64   200065   42.60%
   1679     0   173572.6624   183   312203.0000      Cuts: 68   200284   42.60%
   1679     0   174353.0500   177   312203.0000      Cuts: 75   200496   42.60%
*  1679+    0                       309182.0000   179199.3956            42.04%
   1679     0   175112.9657   206   309182.0000      Cuts: 89   200802   42.04%
   1679     0   175963.3244   230   309182.0000      Cuts: 78   201023   42.04%
   1679     0   176655.4000   235   309182.0000      Cuts: 85   201299   42.04%
   1679     0   177278.8799   199   309182.0000      Cuts: 74   201530   42.04%
   1679     0   177938.7338   207   309182.0000      Cuts: 80   201775   42.04%
   1679     0   178312.7320   239   309182.0000      Cuts: 93   201990   42.04%
   1679     0   179043.2322   212   309182.0000      Cuts: 84   202365   42.04%
   1679     0   179376.9156   237   309182.0000      Cuts: 34   202522   41.98%
   1679     0   179807.9594   216   309182.0000      Cuts: 35   202681   41.84%
   1679     0   179911.1044   236   309182.0000      Cuts: 14   202752   41.81%
   1679     0   180050.4708   215   309182.0000      Cuts: 26   202831   41.77%
   1679     0   180091.6370   213   309182.0000      Cuts: 24   202879   41.75%
   1679     0   180252.6854   206   309182.0000      Cuts: 20   203000   41.70%
   1679     0   180361.0186   208   309182.0000      Cuts: 31   203079   41.67%
   1679     0   180579.6218   204   309182.0000      Cuts: 23   203199   41.59%
   1679     0   180707.0345   217   309182.0000      Cuts: 28   203277   41.55%
   1679     0   180831.0887   211   309182.0000      Cuts: 20   203382   41.51%
   1679     0   180988.0550   212   309182.0000      Cuts: 22   203454   41.46%
   1679     0   181235.4227   213   309182.0000      Cuts: 43   203605   41.38%
   1679     0   181657.5269   206   309182.0000      Cuts: 29   203751   41.25%
   1679     0   182059.9737   205   309182.0000      Cuts: 46   203935   41.12%
   1679     0   182259.0106   239   309182.0000      Cuts: 32   204085   41.05%
   1679     0   182413.4509   197   309182.0000      Cuts: 20   204174   41.00%
   1679     0   182723.0680   227   309182.0000      Cuts: 31   204335   40.90%
   1679     0   182832.7382   209   309182.0000      Cuts: 37   204403   40.87%
   1679     0   183265.9911   210   309182.0000      Cuts: 23   204615   40.73%
   1679     0   183463.3085   205   309182.0000      Cuts: 35   204709   40.66%
   1679     0   183603.9932   205   309182.0000      Cuts: 17   204801   40.62%
   1679     0   183687.1064   209   309182.0000      Cuts: 28   204870   40.59%
   1679     0   183733.7666   238   309182.0000      Cuts: 17   204928   40.57%
   1679     0   183782.3509   209   309182.0000      Cuts: 15   204978   40.56%
   1679     0   183852.6580   212   309182.0000      Cuts: 16   205025   40.54%
   1679     0   183923.1072   234   309182.0000      Cuts: 22   205097   40.51%
   1679     0   183937.9323   239   309182.0000      Cuts: 15   205123   40.51%
   1679     0   183984.6071   211   309182.0000      Cuts: 16   205178   40.49%
   1679     0   184034.0023   213   309182.0000      Cuts: 39   205247   40.48%
   1679     0   184067.0502   239   309182.0000      Cuts: 12   205290   40.47%
   1679     2   184067.0502   239   309182.0000   184067.0502   205290   40.47%
   1680     3   184067.1380   215   309182.0000   184069.8628   205292   40.47%
   1683     4   192148.0763   178   309182.0000   184147.4509   205961   40.44%
   1688     7   195967.6581   171   309182.0000   184149.6409   207021   40.44%
   1697    13   201874.7527   171   309182.0000   184149.6409   208962   40.44%
   1707    20   194910.7044   186   309182.0000   184258.8383   212743   40.40%
   1716    29   193482.1167   177   309182.0000   184258.8383   217601   40.40%
Elapsed time = 114.41 sec. (36662.93 ticks, tree = 0.58 MB, solutions = 19)
   1727    41   208231.0127   187   309182.0000   184258.8383   225162   40.40%
   1737    43   200341.9773   163   309182.0000   184258.8383   226489   40.40%
   1777    70   195072.7101   203   309182.0000   184258.8383   236791   40.40%
   1844   113   198267.9448   165   309182.0000   184258.8383   246723   40.40%
   1897   122   228716.7794   135   309182.0000   184258.8383   249470   40.40%
   1937   229   271949.5000   108   309182.0000   184258.8383   275001   40.40%
   1997   269   244420.6304   132   309182.0000   184258.8383   281398   40.40%
   2048   310   218677.2657   169   309182.0000   184258.8383   287595   40.40%
   2095   391   229006.8151   157   309182.0000   184258.8383   300745   40.40%
   2177   379   258300.0536   143   309182.0000   184258.8383   298387   40.40%
Elapsed time = 170.61 sec. (46638.19 ticks, tree = 9.69 MB, solutions = 19)
   2250   505   255426.4103   129   309182.0000   184258.8383   316129   40.40%
   2311   565   258220.1429   115   309182.0000   184258.8383   322444   40.40%
   2427   539   306265.4000   124   309182.0000   184258.8383   319429   40.40%
   2520   582   243253.3750   144   309182.0000   184258.8383   324329   40.40%
   2639   696   187148.3804   223   309182.0000   185082.9286   341929   40.14%
   2714   788   250946.8043   150   309182.0000   185082.9286   361145   40.14%
   2799   887   252745.7607   149   309182.0000   185413.1701   384844   40.03%
   2908  1029   292714.6667    97   309182.0000   185413.1701   414737   40.03%
   3017  1087   235623.6667   153   309182.0000   185413.1701   432189   40.03%
   3130  1140   209631.1176   187   309182.0000   185413.1701   444709   40.03%
Elapsed time = 224.66 sec. (56292.91 ticks, tree = 14.32 MB, solutions = 19)
   3283  1211   220050.3772   198   309182.0000   187154.6449   455712   39.47%
   3400  1470   210535.9022   194   309182.0000   187154.6449   499153   39.47%
   3570  1375   214195.7800   197   309182.0000   187514.3618   488587   39.35%
   3679  1651   263351.9333   142   309182.0000   190951.6969   522054   38.24%
   3806  1725   254997.7888   134   309182.0000   190951.6969   539728   38.24%
   3955  1932   280391.4029   165   309182.0000   191539.0385   562865   38.05%
   4128  2138   265032.4357   183   309182.0000   191539.0385   586133   38.05%
   4324  2260   293927.0788   170   309182.0000   191539.0385   598542   38.05%
   4449  2300   211713.9988   196   309182.0000   191539.0385   604749   38.05%
   4601  2487   230996.9875   166   309182.0000   191566.2086   618269   38.04%
Elapsed time = 278.70 sec. (65880.70 ticks, tree = 21.25 MB, solutions = 19)
   4715  2664   249233.8735   200   309182.0000   192008.6012   647225   37.90%
   4872  2724   294345.0759   175   309182.0000   192008.6012   654628   37.90%
   5055  2831   246751.4031   154   309182.0000   192008.6012   678666   37.90%
   5239  3094   269427.5833   154   309182.0000   192541.4829   709450   37.73%
   5412  3128   279901.1270   141   309182.0000   192541.4829   711328   37.73%
   5561  3262   262006.9007   218   309182.0000   192586.9868   733228   37.71%
   5677  3622   298829.9487   166   309182.0000   193111.2003   772731   37.54%
   5811  3710   302096.6667   124   309182.0000   193111.2003   790438   37.54%
   5917  3751   291947.1528   135   309182.0000   193118.5064   794243   37.54%
   6066  3820   271555.8900   168   309182.0000   193185.0035   806898   37.52%
Elapsed time = 332.76 sec. (75488.90 ticks, tree = 27.11 MB, solutions = 19)
   6250  4011   283131.6471   160   309182.0000   193185.0035   833377   37.52%
   6395  4257   299977.9322   149   309182.0000   193387.8229   870511   37.45%
   6523  4339   240610.3676   161   309182.0000   193387.8229   884923   37.45%
   6664  4443   267163.8000   135   309182.0000   193413.6017   908439   37.44%
   6807  4480   292562.0588   132   309182.0000   193413.6017   917466   37.44%
   6928  4546   290987.7848   180   309182.0000   193759.6146   922809   37.33%
   7088  4750   243267.9560   229   309182.0000   193759.6146   963242   37.33%
   7231  4992   223105.8213   151   309182.0000   193759.6146  1009946   37.33%
   7390  5061   305557.4118   145   309182.0000   193759.6146  1023239   37.33%
   7551  5252   206804.7417   193   309182.0000   193759.6146  1053335   37.33%
Elapsed time = 384.76 sec. (85098.75 ticks, tree = 31.89 MB, solutions = 19)
   7731  5251   288931.9856   171   309182.0000   193759.6146  1049303   37.33%
   7942  5384   299525.2523   144   309182.0000   193759.6146  1069564   37.33%
   8106  5707   240465.2910   145   309182.0000   194368.4937  1107546   37.13%
   8292  5981   275781.1333   149   309182.0000   194629.3983  1135286   37.05%
   8438  6095   263713.7953   167   309182.0000   194679.6864  1149708   37.03%
*  8507+ 6102                       303648.0000   194679.6864            35.89%
   8598  6009   268151.4578   166   303648.0000   194906.9953  1173856   35.81%
   8796  6056   240402.9051   173   303648.0000   194906.9953  1181049   35.81%
   9010  6271   264645.7654   153   303648.0000   194906.9953  1207884   35.81%
   9199  6461   277874.0500   199   303648.0000   194906.9953  1232865   35.81%
   9362  6575   267760.6282   166   303648.0000   194962.3505  1246462   35.79%
Elapsed time = 439.73 sec. (94682.59 ticks, tree = 37.89 MB, solutions = 20)
   9517  6792   249586.7925   172   303648.0000   194962.3505  1275211   35.79%
   9683  7107   298338.2256   147   303648.0000   195109.7489  1316736   35.74%
   9883  7011   299713.1574   161   303648.0000   195373.0807  1304340   35.66%
  10040  7233   282117.1154   190   303648.0000   195409.9496  1331416   35.65%
  10255  7269   294279.2269   167   303648.0000   195409.9496  1333914   35.65%
  10428  7616   227192.0428   199   303648.0000   195561.6744  1380154   35.60%
  10588  7896   287974.1603   153   303648.0000   195561.6744  1412788   35.60%
  10759  8104   208208.3624   173   303648.0000   195732.0677  1444295   35.54%
  10961  8007   266305.6250   155   303648.0000   195861.6764  1428352   35.50%
  11157  8338   269855.8824   150   303648.0000   195914.1885  1483913   35.48%
Elapsed time = 494.66 sec. (104275.57 ticks, tree = 44.00 MB, solutions = 20)
  11311  8522   263161.3333   140   303648.0000   195914.1885  1513734   35.48%
  11509  8550   277683.0000   181   303648.0000   196430.5685  1516730   35.31%
  11712  8724   243350.0274   151   303648.0000   196430.5685  1541805   35.31%
  11876  9194   281592.6319   157   303648.0000   196430.5685  1612048   35.31%
  12042  9129   253327.8947   153   303648.0000   196430.5685  1603502   35.31%
  12201  9164        cutoff         303648.0000   196646.1287  1613235   35.24%
  12321  9406   222326.1817   182   303648.0000   196871.7831  1649471   35.16%
  12445  9424   238605.7580   177   303648.0000   196871.7831  1652702   35.16%
  12610  9775   302934.4534   181   303648.0000   196871.7831  1697350   35.16%
  13326 10252   279728.1376   147   303648.0000   197433.5680  1767898   34.98%
Elapsed time = 564.74 sec. (116737.12 ticks, tree = 51.19 MB, solutions = 20)
  13987 10921   239805.1844   188   303648.0000   197438.3290  1864111   34.98%
  14781 11579   275908.0683   169   303648.0000   197697.4923  1945045   34.89%
  15515 12398   214520.3926   163   303648.0000   198079.7785  2051008   34.77%
  16178 13032   300378.9375   143   303648.0000   198391.1506  2148306   34.66%
  16835 13667   271699.5062   173   303648.0000   198623.8187  2245258   34.59%
  17608 14340   300123.5966   173   303648.0000   199100.1077  2329031   34.43%
  18286 14975   289127.5833    99   303648.0000   199375.9678  2424158   34.34%
  19004 15843        cutoff         303648.0000   199448.6350  2538889   34.32%
  19801 16300        cutoff         303648.0000   199735.4115  2607105   34.22%
  20491 16899   279927.2583   151   303648.0000   199972.9107  2687085   34.14%
Elapsed time = 769.13 sec. (154922.97 ticks, tree = 76.26 MB, solutions = 20)
  21223 17749   242303.7704   162   303648.0000   200163.6745  2814918   34.08%
  21957 18477   295569.3409   176   303648.0000   200467.5361  2914193   33.98%
  22662 18984   235251.9895   179   303648.0000   200945.6593  2986890   33.82%
  23357 19640   277624.4694   153   303648.0000   201187.0875  3088062   33.74%
  24066 20137   231840.7143   176   303648.0000   201356.9870  3164046   33.69%
  24801 21028   269779.2222   132   303648.0000   201706.8039  3281294   33.57%
  25387 21807   279986.1768   148   303648.0000   201706.8039  3392892   33.57%
  26070 22375   261219.0417   176   303648.0000   202318.7339  3479604   33.37%
  26773 22843   298890.6147   200   303648.0000   202346.3303  3547960   33.36%
  27471 23691   245401.0000   156   303648.0000   202458.6697  3664896   33.32%
Elapsed time = 987.30 sec. (193099.06 ticks, tree = 103.81 MB, solutions = 20)
  28304 24007   285024.5439   147   303648.0000   202873.1682  3709009   33.19%
  28997 25150   287000.8421   143   303648.0000   203020.5157  3867529   33.14%
  29818 25429   241572.2772   146   303648.0000   203179.1794  3895189   33.09%
  30492 26308   298436.4420   181   303648.0000   203265.1113  4019562   33.06%
  31129 26811   302101.5263   182   303648.0000   203507.3744  4100693   32.98%
  31780 27765   222020.9869   178   303648.0000   203547.6218  4249755   32.97%
  32517 28223   298971.3718   175   303648.0000   203730.9741  4311916   32.91%
* 32674+28555                       299807.0000   203730.9741            32.05%
  33134 27791   249140.7694   211   299807.0000   203794.7716  4417463   32.02%
* 33396+28222                       299789.0000   203903.5947            31.98%
  33528 28240   251792.0802   181   299789.0000   203903.5947  4502097   31.98%
  34046 28521   285420.9634   179   299789.0000   204101.8706  4536586   31.92%
Elapsed time = 1187.36 sec. (231297.44 ticks, tree = 124.80 MB, solutions = 22)

Performing restart 2

Repeating presolve.
Tried aggregator 1 time.
MIP Presolve eliminated 764 rows and 65 columns.
Reduced MIP has 22149 rows, 2695 columns, and 85848 nonzeros.
Reduced MIP has 2695 binaries, 0 generals, 0 SOSs, and 0 indicators.
Presolve time = 0.12 sec. (117.61 ticks)
Tried aggregator 1 time.
Reduced MIP has 22149 rows, 2695 columns, and 85848 nonzeros.
Reduced MIP has 2695 binaries, 0 generals, 0 SOSs, and 0 indicators.
Presolve time = 0.07 sec. (62.84 ticks)
Represolve time = 0.24 sec. (234.64 ticks)
  34073     0   184195.1470   248   299789.0000      Cuts: 32  4645942   31.83%
  34073     0   184256.2313   244   299789.0000      Cuts: 21  4645994   31.83%
  34073     0   184319.9863   212   299789.0000      Cuts: 44  4646081   31.83%
* 34073+    0                       299422.0000   204351.6098            31.75%
* 34073+    0                       299342.0000   204351.6098            31.73%
  34073     0  -1.00000e+75     0   299342.0000   204351.6098  4646081   31.73%
  34073     0   184392.6393   239   299342.0000      Cuts: 53  4646163   31.73%
  34073     0   184583.5010   237   299342.0000      Cuts: 57  4646299   31.73%
  34073     0   185043.1628   210   299342.0000      Cuts: 93  4646496   31.73%
  34073     0   185398.8736   212   299342.0000      Cuts: 79  4646623   31.73%
  34073     0   185723.4219   210   299342.0000      Cuts: 53  4646754   31.73%
  34073     0   186051.2708   207   299342.0000      Cuts: 65  4646888   31.73%
  34073     2   186051.2708   207   299342.0000   204351.6098  4646888   31.73%
  34173    79   204103.9598   167   299342.0000   204351.6098  4670633   31.73%
  34461   323   244443.1772   165   299342.0000   204351.6098  4721693   31.73%
  34828   543   214384.0344   165   299342.0000   204351.6098  4762566   31.73%
  35330   923        cutoff         299342.0000   204351.6098  4847254   31.73%
  35714  1344   225345.9674   236   299342.0000   204351.6098  4925659   31.73%
  36171  1698   225249.9469   200   299342.0000   204351.6098  4977291   31.73%
  36867  2328   279355.2692   157   299342.0000   204351.6098  5031641   31.73%
  37613  2953   210517.3387   182   299342.0000   204351.6098  5097004   31.73%
  38275  3689   281935.0000   108   299342.0000   204351.6098  5168511   31.73%
Elapsed time = 1398.63 sec. (277250.32 ticks, tree = 247.41 MB, solutions = 24)
  38991  4344   290635.2691   187   299342.0000   204351.6098  5240363   31.73%
  39695  5011   283441.1429   101   299342.0000   204351.6098  5307768   31.73%
  40420  5524   297366.8294   161   299342.0000   204351.6098  5354585   31.73%
  41181  6381   269433.3291   181   299342.0000   204351.6098  5433549   31.73%
  41993  6978        cutoff         299342.0000   204351.6098  5491759   31.73%
  42693  7729   286394.3571   163   299342.0000   204351.6098  5562368   31.73%
  43399  8341   279571.7119   101   299342.0000   204351.6098  5633935   31.73%
  44139  9121   235627.6290   161   299342.0000   204351.6098  5707267   31.73%
  44880  9863   280825.7426   143   299342.0000   204351.6098  5781210   31.73%
  45762 10647   257267.5556   114   299342.0000   204351.6098  5850987   31.73%
Elapsed time = 1622.11 sec. (315440.84 ticks, tree = 815.78 MB, solutions = 24)
  46483 11097   270536.8971   159   299342.0000   204351.6098  5891100   31.73%
  47120 11808   294353.0833   136   299342.0000   204351.6098  5978753   31.73%
  47798 12598   237835.8259   156   299342.0000   204351.6098  6084519   31.73%
  48432 13042   288258.0000   101   299342.0000   204351.6098  6146581   31.73%
  49073 13662   216260.7193   150   299342.0000   204351.6098  6217055   31.73%
  49734 14121   248457.6276   166   299342.0000   204351.6098  6277024   31.73%
  50105 14591   278477.3085   129   299342.0000   204351.6098  6337444   31.73%
  50605 14948   242258.6720   185   299342.0000   204351.6098  6384874   31.73%
  51198 15509   288474.3572   176   299342.0000   204351.6098  6454116   31.73%
  51950 16272        cutoff         299342.0000   204351.6098  6550043   31.73%
Elapsed time = 1832.77 sec. (353661.81 ticks, tree = 1414.98 MB, solutions = 24)
  52598 16865   249298.7083   166   299342.0000   204351.6098  6625776   31.73%
  53261 17373   297042.8980   159   299342.0000   204351.6098  6691822   31.73%
  53828 17999        cutoff         299342.0000   204351.6098  6775694   31.73%
  54433 18345   228332.8102   181   299342.0000   204351.6098  6828882   31.73%
  55035 18810   241020.1760   179   299342.0000   204375.0278  6890740   31.73%
  55703 19616   271447.0732   127   299342.0000   204638.4497  7002030   31.64%
  56361 20237   293254.2469   163   299342.0000   204858.2360  7081378   31.56%
  56962 20830   245690.1023   161   299342.0000   205014.1719  7159526   31.51%
  57575 21039   238303.8605   215   299342.0000   205322.3563  7187444   31.41%
  58216 21661   279360.8117   165   299342.0000   205461.7778  7271684   31.36%
Elapsed time = 2068.55 sec. (391867.05 ticks, tree = 2002.86 MB, solutions = 24)
  58910 22466   266474.1440   196   299342.0000   205820.6441  7377097   31.24%
  59573 23051   285084.2642   106   299342.0000   206093.4791  7443338   31.15%
  60174 23375   269772.0440   178   299342.0000   206248.1257  7495096   31.10%
  60815 24104   245063.5552   173   299342.0000   206585.7922  7586219   30.99%
  61540 24814   287977.4455   161   299342.0000   206748.5308  7685042   30.93%
  62199 25221   295980.6212   168   299342.0000   206888.8271  7728367   30.89%
  62841 25752   279062.0000   137   299342.0000   207090.2496  7794803   30.82%
  63455 26476   291364.8030   132   299342.0000   207282.6932  7885390   30.75%
  64120 26837   291035.7857   106   299342.0000   207686.0102  7942597   30.62%
  64789 27542   247023.3252   164   299342.0000   207773.2906  8025339   30.59%
Elapsed time = 2307.19 sec. (430096.72 ticks, tree = 2678.01 MB, solutions = 24)
Nodefile size = 611.29 MB (381.46 MB after compression)
  65459 28456   291355.5938   103   299342.0000   207978.6889  8136506   30.52%
  66130 28804   232036.7551   163   299342.0000   208127.3265  8185459   30.47%
  66746 29132   297526.5227   151   299342.0000   208370.6287  8221071   30.39%
  67401 30002   298842.9091    97   299342.0000   208598.7627  8320335   30.31%
  68013 30296   236548.6317   230   299342.0000   208598.7627  8371393   30.31%
  68703 31201   226940.2671   179   299342.0000   208920.5151  8483686   30.21%
  69400 31529   236919.1189   150   299342.0000   209087.3422  8525325   30.15%
  69995 32560   254707.1119   127   299342.0000   209316.9340  8660835   30.07%
  70726 32685   229190.4745   174   299342.0000   209586.3507  8681394   29.98%
  71303 33504   253007.3473   167   299342.0000   209678.8652  8774465   29.95%
Elapsed time = 2521.00 sec. (468266.70 ticks, tree = 3333.12 MB, solutions = 24)
Nodefile size = 1278.08 MB (796.76 MB after compression)
  71979 33804   271804.3582   186   299342.0000   209784.6514  8821906   29.92%
  72649 34550   294623.6145   171   299342.0000   209893.1108  8916973   29.88%
  73344 35281   275849.8839   140   299342.0000   210101.2812  9013786   29.81%
  73987 36004   288522.2405   151   299342.0000   210212.4095  9101915   29.78%
  74560 36400   269408.5060   121   299342.0000   210330.8155  9145532   29.74%
  75051 36682   261117.9706   156   299342.0000   210443.8334  9189430   29.70%
  75690 37209   294165.1648   138   299342.0000   210587.5385  9254464   29.65%
  76303 38039   222693.2714   169   299342.0000   210756.8531  9371708   29.59%
  77037 38234   255267.8617   180   299342.0000   210756.8531  9399090   29.59%
  77732 38809   264021.1463   162   299342.0000   211003.5652  9465457   29.51%
Elapsed time = 2737.15 sec. (506474.26 ticks, tree = 3922.53 MB, solutions = 24)
Nodefile size = 1848.24 MB (1150.95 MB after compression)
  78423 40119   294213.3167   125   299342.0000   211135.2718  9618389   29.47%
  79033 40662   291886.0455   119   299342.0000   211238.4159  9686268   29.43%
  79595 40915   297145.7216   128   299342.0000   211420.6820  9718967   29.37%
  80139 41358        cutoff         299342.0000   211581.6773  9790632   29.32%
  80728 41940   282127.7490   206   299342.0000   211643.4833  9871234   29.30%
  81242 42156   226972.9835   161   299342.0000   211704.5053  9903402   29.28%
  81932 42949   226102.5627   167   299342.0000   211825.2378 10024656   29.24%
  82381 43724   256305.3768   183   299342.0000   211903.2851 10151031   29.21%
  82955 43807   281023.2353   132   299342.0000   212071.1424 10159524   29.15%
  83568 44220   258277.4828   128   299342.0000   212109.4862 10228656   29.14%
Elapsed time = 2953.44 sec. (544697.23 ticks, tree = 4596.26 MB, solutions = 24)
Nodefile size = 2543.62 MB (1583.71 MB after compression)
  84246 45303   286880.9229   131   299342.0000   212200.9286 10370660   29.11%
  84895 45701   243633.7219   160   299342.0000   212345.0758 10419359   29.06%
  85572 46503   286822.6688   181   299342.0000   212405.3909 10526608   29.04%
  86185 46822   233596.6311   157   299342.0000   212470.9749 10571250   29.02%
  86827 47310   286344.6807   178   299342.0000   212604.9333 10630531   28.98%
  87432 47620   276849.8468   146   299342.0000   212674.9014 10678195   28.95%
  88108 48442   277076.5000   119   299342.0000   212795.3783 10784482   28.91%
  88761 49210   271767.6808   167   299342.0000   212859.9912 10895948   28.89%
  89245 49761   298580.1985   164   299342.0000   212962.8193 10969163   28.86%
  89804 50386   219353.4667   189   299342.0000   213057.7487 11059256   28.82%
Elapsed time = 3177.11 sec. (582904.53 ticks, tree = 5364.76 MB, solutions = 24)
Nodefile size = 3306.95 MB (2058.48 MB after compression)
  90425 50791   258468.8696   196   299342.0000   213057.7487 11118518   28.82%
  90958 51042   275505.6407   168   299342.0000   213244.7906 11154081   28.76%
Starting limited solution polishing.
  91507 51819   270086.2521   209   299342.0000   213407.9756 11267825   28.71%
  92123 52190   295603.4000    99   299342.0000   213466.8967 11325563   28.69%
  92581 52337   263647.8811   203   299342.0000   213607.9145 11346931   28.64%
  92997 53068   249021.8415   156   299342.0000   213641.2392 11447434   28.63%
  93425 53547   283856.7829   156   299342.0000   213777.5134 11512820   28.58%
  93890 53935   268177.8354   216   299342.0000   213862.0311 11571915   28.56%
  94363 54271   233119.7128   144   299342.0000   213950.2040 11621414   28.53%
  94744 54507   230394.8717   168   299342.0000   214020.8209 11655138   28.50%
Elapsed time = 3348.88 sec. (621134.17 ticks, tree = 5709.01 MB, solutions = 24)
Nodefile size = 3640.07 MB (2263.80 MB after compression)
  95255 55014   281177.8393   122   299342.0000   214115.4003 11718617   28.47%
  95735 55647   241199.6071   144   299342.0000   214159.7228 11794983   28.46%
  96210 55783   285992.6378   155   299342.0000   214204.6432 11815664   28.44%
  96596 56097   261131.4650   206   299342.0000   214263.3717 11862528   28.42%
  97098 56604   287566.8178   163   299342.0000   214336.3983 11937238   28.40%
  97508 56886   247835.7471   180   299342.0000   214402.2702 11976395   28.38%
  97949 57418   283142.4500   100   299342.0000   214418.7248 12049897   28.37%
  98421 57804   294401.3333   115   299342.0000   214515.2143 12094218   28.34%
  98695 58027   236786.4175   237   299342.0000   214603.3871 12123660   28.31%
  99258 58598   267426.9702   148   299342.0000   214744.2011 12212303   28.26%
Elapsed time = 3499.48 sec. (659378.58 ticks, tree = 6216.00 MB, solutions = 24)
Nodefile size = 4147.80 MB (2579.08 MB after compression)
  99626 58867   268329.6031   152   299342.0000   214813.7488 12247584   28.24%
  99995 59218   267913.6268   175   299342.0000   214853.6667 12293483   28.22%
 100536 59783   297255.7500   130   299342.0000   214894.5000 12375873   28.21%
 100803 59905   270775.1438   182   299342.0000   214953.7553 12394783   28.19%
 101180 60531   286719.2671   160   299342.0000   214953.7553 12482378   28.19%
 101572 60754   287159.8036   174   299342.0000   215074.7415 12515303   28.15%
 101965 60888   292969.7306   152   299342.0000   215117.1391 12535783   28.14%
 102053 60702   290942.2850   147   299342.0000   215117.1391 12502411   28.14%

Implied bound cuts applied:  4
Zero-half cuts applied:  478
Lift and project cuts applied:  274

Root node processing (before b&c):
  Real time             =   21.24 sec. (8799.64 ticks)
Parallel b&c, 8 threads:
  Real time             = 3580.76 sec. (681912.04 ticks)
  Sync time (average)   =  515.09 sec.
  Wait time (average)   =    0.01 sec.
                          ------------
Total (root+branch&cut) = 3602.01 sec. (690711.68 ticks)
Status: Feasible
Obj: 299342

Instalacoes abertas:
Instalação 1 aberta
Instalação 4 aberta
Instalação 8 aberta
Instalação 9 aberta
Instalação 13 aberta
Instalação 16 aberta
Instalação 20 aberta
Instalação 22 aberta
Instalação 47 aberta

Atribuições (cliente -> instalação):
Cliente 0 -> Instalação 9
Cliente 1 -> Instalação 47
Cliente 2 -> Instalação 9
Cliente 3 -> Instalação 20
Cliente 4 -> Instalação 4
Cliente 5 -> Instalação 4
Cliente 6 -> Instalação 8
Cliente 7 -> Instalação 47
Cliente 8 -> Instalação 8
Cliente 9 -> Instalação 1
Cliente 10 -> Instalação 16
Cliente 11 -> Instalação 8
Cliente 12 -> Instalação 20
Cliente 13 -> Instalação 13
Cliente 14 -> Instalação 1
Cliente 15 -> Instalação 9
Cliente 16 -> Instalação 4
Cliente 17 -> Instalação 22
Cliente 18 -> Instalação 20
Cliente 19 -> Instalação 4
Cliente 20 -> Instalação 20
Cliente 21 -> Instalação 1
Cliente 22 -> Instalação 22
Cliente 23 -> Instalação 13
Cliente 24 -> Instalação 16
Cliente 25 -> Instalação 13
Cliente 26 -> Instalação 4
Cliente 27 -> Instalação 22
Cliente 28 -> Instalação 8
Cliente 29 -> Instalação 8
Cliente 30 -> Instalação 47
Cliente 31 -> Instalação 1
Cliente 32 -> Instalação 20
Cliente 33 -> Instalação 13
Cliente 34 -> Instalação 1
Cliente 35 -> Instalação 9
Cliente 36 -> Instalação 20
Cliente 37 -> Instalação 16
Cliente 38 -> Instalação 47
Cliente 39 -> Instalação 20
Cliente 40 -> Instalação 1
Cliente 41 -> Instalação 16
Cliente 42 -> Instalação 8
Cliente 43 -> Instalação 4
Cliente 44 -> Instalação 9
Cliente 45 -> Instalação 9
Cliente 46 -> Instalação 4
Cliente 47 -> Instalação 47
Cliente 48 -> Instalação 1
Cliente 49 -> Instalação 20
