Version identifier: 22.1.1.0 | 2022-11-28 | 9160aff4d
CPXPARAM_TimeLimit                               3600
Tried aggregator 1 time.
MIP Presolve eliminated 50 rows and 1 columns.
Reduced MIP has 51500 rows, 3529 columns, and 154400 nonzeros.
Reduced MIP has 3529 binaries, 0 generals, 0 SOSs, and 0 indicators.
Presolve time = 0.08 sec. (68.61 ticks)
Found incumbent of value 4.1300705e+07 after 0.09 sec. (87.88 ticks)
Probing time = 0.02 sec. (8.01 ticks)
Tried aggregator 1 time.
Detecting symmetries...
Reduced MIP has 51500 rows, 3529 columns, and 154400 nonzeros.
Reduced MIP has 3529 binaries, 0 generals, 0 SOSs, and 0 indicators.
Presolve time = 0.09 sec. (83.45 ticks)
Probing time = 0.03 sec. (8.11 ticks)
Clique table members: 2500.
MIP emphasis: balance optimality and feasibility.
MIP search method: dynamic search.
Parallel mode: deterministic, using up to 8 threads.
Root relaxation solution time = 0.19 sec. (75.43 ticks)

        Nodes                                         Cuts/
   Node  Left     Objective  IInf  Best Integer    Best Bound    ItCnt     Gap

*     0+    0                       4.13007e+07        0.0000           100.00%
*     0+    0                       3.14126e+07        0.0000           100.00%
*     0+    0                      1835405.0000        0.0000           100.00%
*     0+    0                      1784634.0000        0.0000           100.00%
      0     0    93774.0000   100  1784634.0000    93774.0000      190   94.75%
*     0+    0                      1492219.0000    93774.0000            93.72%
      0     0   106217.5000   100  1492219.0000    Cuts: 2371      439   92.88%
      0     0   118774.0000    98  1492219.0000    Cuts: 2372      746   92.04%
      0     0   131217.5000    98  1492219.0000 ZeroHalf: 956     2072   91.21%
*     0+    0                      1251300.0000   131217.5000            89.51%
      0     0  -1.00000e+75     0  1251300.0000   131217.5000     2072   89.51%
      0     0   138406.0625   179  1251300.0000 ZeroHalf: 950     3210   88.94%
*     0+    0                      1093657.0000   138406.0625            87.34%
      0     0   145774.8019   181  1093657.0000     Cuts: 754     4061   86.67%
Detecting symmetries...
*     0+    0                       858245.0000   145774.8019            83.01%
      0     0   151958.4170   185   858245.0000     Cuts: 361     4693   82.29%
*     0+    0                       799961.0000   151958.4170            81.00%
*     0+    0                       789389.0000   151958.4170            80.75%
      0     0   155946.6139   209   789389.0000     Cuts: 292     5255   80.24%
      0     0   159936.4265   199   789389.0000     Cuts: 648     6024   79.74%
      0     0   162425.8241   193   789389.0000     Cuts: 244     6533   79.42%
      0     0   165603.4085   178   789389.0000     Cuts: 540     7174   79.02%
      0     0   168260.1744   198   789389.0000     Cuts: 145     7719   78.68%
      0     0   170626.8733   172   789389.0000     Cuts: 439     8242   78.38%
      0     0   172250.1782   206   789389.0000     Cuts: 100     8759   78.18%
      0     0   173813.8649   209   789389.0000     Cuts: 121     9155   77.98%
      0     0   176077.9085   204   789389.0000     Cuts: 238     9670   77.69%
      0     0   177277.5753   214   789389.0000     Cuts: 170    10161   77.54%
*     0+    0                       789226.0000   177277.5753            77.54%
      0     0   178716.8696   211   789226.0000     Cuts: 130    10511   77.36%
      0     0   180230.3659   255   789226.0000     Cuts: 192    10969   77.16%
      0     0   181083.2334   222   789226.0000     Cuts: 467    11307   77.06%
      0     0   182027.5970   198   789226.0000     Cuts: 241    11724   76.94%
      0     0   183553.7384   211   789226.0000     Cuts: 184    12317   76.74%
      0     0   184872.5561   211   789226.0000     Cuts: 195    12781   76.58%
      0     0   186144.9854   208   789226.0000     Cuts: 133    13241   76.41%
      0     0   187767.8204   236   789226.0000     Cuts: 120    13678   76.21%
      0     0   188477.6653   238   789226.0000     Cuts: 133    13961   76.12%
      0     0   189036.3829   200   789226.0000     Cuts: 284    14172   76.05%
      0     0   190119.6401   195   789226.0000     Cuts: 102    14530   75.91%
*     0+    0                       778244.0000   190119.6401            75.57%
      0     0   190739.8361   198   778244.0000     Cuts: 139    14779   75.49%
      0     0   191694.8583   206   778244.0000     Cuts: 106    15135   75.37%
      0     0   192694.5541   239   778244.0000      Cuts: 96    15512   75.24%
      0     0   193471.9268   232   778244.0000     Cuts: 113    15855   75.14%
      0     0   194071.5646   211   778244.0000     Cuts: 128    16142   75.06%
      0     0   194839.0303   210   778244.0000     Cuts: 107    16531   74.96%
      0     0   195472.1534   238   778244.0000      Cuts: 91    16743   74.88%
      0     0   195905.3426   223   778244.0000     Cuts: 105    16972   74.83%
      0     0   196287.1565   210   778244.0000     Cuts: 200    17166   74.78%
      0     0   196745.6188   220   778244.0000      Cuts: 76    17390   74.72%
      0     0   197275.2042   238   778244.0000      Cuts: 82    17682   74.65%
      0     0   197699.7189   229   778244.0000      Cuts: 52    17860   74.60%
      0     0   198268.7066   209   778244.0000     Cuts: 135    18128   74.52%
      0     0   198558.2505   214   778244.0000      Cuts: 70    18347   74.49%
      0     0   198846.9721   242   778244.0000      Cuts: 44    18572   74.45%
      0     0   199204.5257   234   778244.0000      Cuts: 54    18809   74.40%
      0     0   199749.1612   240   778244.0000     Cuts: 176    19043   74.33%
      0     0   200350.0012   212   778244.0000     Cuts: 118    19371   74.26%
      0     0   201106.9800   228   778244.0000  ZeroHalf: 47    19749   74.16%
      0     0   201451.2544   200   778244.0000      Cuts: 88    19936   74.11%
      0     0   201949.1653   236   778244.0000      Cuts: 45    20233   74.05%
      0     0   202362.5855   231   778244.0000      Cuts: 73    20463   74.00%
      0     0   202717.0016   240   778244.0000      Cuts: 45    20643   73.95%
      0     0   203042.2217   207   778244.0000     Cuts: 232    20872   73.91%
      0     0   203609.5996   217   778244.0000      Cuts: 59    21170   73.84%
      0     0   204120.5910   240   778244.0000      Cuts: 92    21476   73.77%
      0     0   204957.6018   233   778244.0000      Cuts: 43    21719   73.66%
      0     0   205448.8614   235   778244.0000      Cuts: 68    21958   73.60%
      0     0   205873.4849   237   778244.0000      Cuts: 80    22162   73.55%
      0     0   206198.4260   237   778244.0000      Cuts: 78    22373   73.50%
      0     0   206524.4131   238   778244.0000      Cuts: 40    22524   73.46%
      0     0   206796.7675   227   778244.0000      Cuts: 38    22729   73.43%
      0     0   206902.0477   218   778244.0000      Cuts: 25    22830   73.41%
      0     0   207045.0560   219   778244.0000      Cuts: 32    22950   73.40%
      0     0   207122.8609   225   778244.0000      Cuts: 28    23022   73.39%
*     0+    0                       771922.0000   207122.8609            73.17%
Detecting symmetries...
      0     2   207122.8609   225   771922.0000   207122.8609    23022   73.17%
Elapsed time = 35.07 sec. (26728.24 ticks, tree = 0.02 MB, solutions = 13)
      1     3   233144.7408   196   771922.0000   207130.1615    23664   73.17%
      2     4   233525.9183   198   771922.0000   207130.1615    23908   73.17%
      8     9   234838.1122   197   771922.0000   207130.1615    25306   73.17%
     14    13   236583.4588   207   771922.0000   207130.1615    26488   73.17%
     25    16   239062.0600   209   771922.0000   207130.1615    27843   73.17%
     37    32   322196.3333   150   771922.0000   207194.9622    32615   73.16%
     51    45   340822.0000    87   771922.0000   207194.9622    36757   73.16%
     63    51   339032.5000    87   771922.0000   207194.9622    38914   73.16%
     79    75   347485.5000    85   771922.0000   207194.9622    46702   73.16%
    197   151   514488.0000    76   771922.0000   207194.9622    58940   73.16%
Elapsed time = 60.09 sec. (30220.70 ticks, tree = 13.74 MB, solutions = 13)
    392   336   715485.0000    45   771922.0000   207194.9622    77018   73.16%
    606   504   658199.5000    53   771922.0000   207194.9622    89612   73.16%
    825   651   753825.5000    32   771922.0000   207194.9622    97964   73.16%
    963   868   712631.0000    31   771922.0000   207194.9622   111936   73.16%
*   988+  901                       765477.0000   207194.9622            72.93%
*   999   898      integral     0   751075.0000   207194.9622   117331   72.41%
   1042   886   287070.9299   159   751075.0000   207652.9594   126392   72.35%
   1122   957   482562.5000    69   751075.0000   208644.5475   140524   72.22%
*  1180+ 1021                       748510.0000   208644.5475            72.13%
   1210  1029   382806.5044   153   748510.0000   208644.5475   159278   72.13%
   1402  1151   615549.5000    50   748510.0000   208644.5475   170945   72.13%
   1630  1224   256772.6739   184   748510.0000   208644.5475   180146   72.13%
   1703  1301   260315.9841   184   748510.0000   208644.5475   184403   72.13%
Elapsed time = 127.92 sec. (40160.00 ticks, tree = 160.62 MB, solutions = 16)

Performing restart 1

Repeating presolve.
Tried aggregator 1 time.
MIP Presolve eliminated 744 rows and 24 columns.
Reduced MIP has 50756 rows, 3505 columns, and 152168 nonzeros.
Reduced MIP has 3505 binaries, 0 generals, 0 SOSs, and 0 indicators.
Presolve time = 0.07 sec. (69.84 ticks)
Tried aggregator 1 time.
Reduced MIP has 50756 rows, 3505 columns, and 152168 nonzeros.
Reduced MIP has 3505 binaries, 0 generals, 0 SOSs, and 0 indicators.
Presolve time = 0.09 sec. (85.08 ticks)
Represolve time = 0.25 sec. (221.19 ticks)
   1704     0   207584.9539   245   748510.0000     Cuts: 115   211061   72.13%
   1704     0   207818.2208   245   748510.0000     Cuts: 109   211196   72.13%
   1704     0   208173.2431   241   748510.0000      Cuts: 87   211407   72.13%
*  1704+    0                       748293.0000   208644.5475            72.12%
   1704     0  -1.00000e+75     0   748293.0000   208644.5475   211407   72.12%
   1704     0   208712.0563   241   748293.0000      Cuts: 96   211808   72.11%
*  1704+    0                       748016.0000   208712.0563            72.10%
   1704     0   209126.0101   243   748016.0000     Cuts: 131   212055   72.04%
   1704     0   210131.9834   241   748016.0000     Cuts: 170   212568   71.91%
   1704     0   211019.7432   240   748016.0000     Cuts: 206   213056   71.79%
   1704     0   211700.5581   233   748016.0000     Cuts: 177   213432   71.70%
   1704     0   212409.4614   237   748016.0000     Cuts: 150   213741   71.60%
   1704     0   212796.0413   237   748016.0000     Cuts: 106   213992   71.55%
   1704     0   213570.9950   236   748016.0000      Cuts: 83   214418   71.45%
   1704     0   214719.5450   244   748016.0000     Cuts: 182   214954   71.29%
   1704     0   215147.0135   240   748016.0000      Cuts: 90   215179   71.24%
   1704     0   215697.4653   249   748016.0000      Cuts: 93   215560   71.16%
   1704     0   216294.2428   241   748016.0000     Cuts: 101   215893   71.08%
   1704     0   216543.9521   252   748016.0000     Cuts: 103   216133   71.05%
   1704     0   217037.7246   237   748016.0000      Cuts: 73   216419   70.98%
   1704     0   217438.1801   240   748016.0000     Cuts: 128   216759   70.93%
   1704     0   217897.1156   237   748016.0000      Cuts: 50   217108   70.87%
   1704     0   218323.8012   234   748016.0000      Cuts: 77   217478   70.81%
   1704     0   218734.1885   241   748016.0000     Cuts: 116   217804   70.76%
   1704     0   219311.3578   244   748016.0000      Cuts: 94   218185   70.68%
   1704     0   219697.3038   240   748016.0000      Cuts: 92   218470   70.63%
   1704     0   220365.3599   241   748016.0000      Cuts: 87   218875   70.54%
   1704     0   220851.1280   242   748016.0000     Cuts: 116   219229   70.48%
   1704     0   221172.4185   248   748016.0000     Cuts: 100   219501   70.43%
   1704     0   221541.7939   241   748016.0000      Cuts: 88   219807   70.38%
   1704     0   222043.5122   238   748016.0000      Cuts: 96   220157   70.32%
   1704     0   222636.1414   234   748016.0000      Cuts: 92   220485   70.24%
   1704     0   223103.5943   250   748016.0000     Cuts: 142   220820   70.17%
   1704     0   223356.3809   241   748016.0000     Cuts: 120   221074   70.14%
   1704     0   223666.0160   245   748016.0000      Cuts: 90   221358   70.10%
   1704     0   223956.7354   245   748016.0000      Cuts: 79   221614   70.06%
   1704     0   224374.9665   242   748016.0000      Cuts: 41   221881   70.00%
   1704     0   224737.3212   248   748016.0000     Cuts: 104   222130   69.96%
   1704     0   225146.0631   240   748016.0000      Cuts: 50   222428   69.90%
   1704     0   225542.1792   243   748016.0000      Cuts: 63   222667   69.85%
   1704     0   225755.1114   233   748016.0000      Cuts: 76   222883   69.82%
   1704     0   225951.5963   242   748016.0000      Cuts: 98   223070   69.79%
   1704     0   226225.4738   247   748016.0000      Cuts: 67   223263   69.76%
   1704     0   226402.5872   248   748016.0000      Cuts: 88   223432   69.73%
   1704     0   226648.4571   243   748016.0000      Cuts: 52   223653   69.70%
   1704     0   226847.1868   243   748016.0000      Cuts: 61   223858   69.67%
   1704     0   227252.5525   241   748016.0000  ZeroHalf: 67   224090   69.62%
   1704     0   227459.6467   237   748016.0000      Cuts: 61   224291   69.59%
   1704     0   227880.5048   235   748016.0000      Cuts: 80   224604   69.54%
   1704     0   228081.7399   237   748016.0000     Cuts: 112   224760   69.51%
   1704     0   228409.0564   244   748016.0000      Cuts: 49   225004   69.46%
   1704     0   228576.5933   243   748016.0000  ZeroHalf: 43   225213   69.44%
   1704     0   229002.0795   247   748016.0000      Cuts: 65   225575   69.39%
   1704     0   229289.5750   248   748016.0000      Cuts: 50   225759   69.35%
   1704     0   229520.4089   251   748016.0000      Cuts: 67   225974   69.32%
   1704     0   229681.7104   254   748016.0000      Cuts: 51   226138   69.29%
   1704     0   229905.0918   249   748016.0000      Cuts: 52   226353   69.26%
   1704     0   230031.8912   251   748016.0000      Cuts: 54   226546   69.25%
   1704     0   230092.8886   248   748016.0000  ZeroHalf: 28   226639   69.24%
   1704     0   230234.8753   247   748016.0000  ZeroHalf: 36   226763   69.22%
   1704     0   230315.4408   245   748016.0000      Cuts: 27   226854   69.21%
   1704     0   230469.1772   250   748016.0000  ZeroHalf: 48   227052   69.19%
   1704     0   230578.6755   251   748016.0000      Cuts: 53   227215   69.17%
   1704     0   230669.8824   249   748016.0000      Cuts: 34   227353   69.16%
   1704     2   230669.8824   249   748016.0000   231572.9847   227353   69.04%
   1705     3   230842.8778   243   748016.0000   231572.9847   227460   69.04%
   1706     4   230999.8640   239   748016.0000   231572.9847   227599   69.04%
   1708     4   248740.6704   200   748016.0000   231572.9847   228218   69.04%
   1710     6   257523.8959   206   748016.0000   231572.9847   229281   69.04%
   1711     5   248388.1085   203   748016.0000   231572.9847   228365   69.04%
   1713     8   234048.9827   234   748016.0000   234123.1238   230158   68.70%
   1715    11   255801.0306   225   748016.0000   234123.1238   233368   68.70%
   1718    14   256615.5530   223   748016.0000   235113.3929   236885   68.57%
   1723     7   282847.8572   187   748016.0000   235290.2178   230465   68.54%
Elapsed time = 314.35 sec. (102255.64 ticks, tree = 0.02 MB, solutions = 18)
   1727    17   277780.2085   202   748016.0000   235710.8350   240392   68.49%
   1731    16   257437.3872   199   748016.0000   235710.8350   237187   68.49%
   1736    22   281853.7519   197   748016.0000   235715.5069   246075   68.49%
   1740    20   259064.0009   203   748016.0000   235715.5069   243590   68.49%
   1746    24   284698.5687   199   748016.0000   235715.5069   246466   68.49%
   1750    26   258167.7329   226   748016.0000   235715.5069   247383   68.49%
   1755    25   285986.8421   219   748016.0000   235715.5069   246668   68.49%
   1759    39   258094.4971   228   748016.0000   235715.5069   256993   68.49%
   1765    44   236394.8639   233   748016.0000   235715.5069   259357   68.49%
   1781    55   263478.9356   220   748016.0000   235715.5069   263564   68.49%
Elapsed time = 407.18 sec. (112948.35 ticks, tree = 0.15 MB, solutions = 18)
   1803    67   291866.6998   182   748016.0000   235715.5069   266143   68.49%
   1828    69   251127.5433   192   748016.0000   235715.5069   270047   68.49%
   1851    88   291705.7918   160   748016.0000   235715.5069   277625   68.49%
   1877   147   292515.9622   202   748016.0000   235715.5069   296195   68.49%
   1909   135   240056.4661   215   748016.0000   235715.5069   293098   68.49%
   1935   143   254082.3289   210   748016.0000   235715.5069   294945   68.49%
   1952   163   289413.5916   197   748016.0000   235715.5069   302857   68.49%
   1976   230   297978.6521   221   748016.0000   235715.5069   320088   68.49%
   1994   247   293302.6939   209   748016.0000   235715.5069   324156   68.49%
   2008   248   344745.2192   171   748016.0000   235715.5069   326135   68.49%
Elapsed time = 508.41 sec. (122798.60 ticks, tree = 1.44 MB, solutions = 18)
   2021   275   327274.2955   151   748016.0000   235715.5069   331915   68.49%
   2051   311   318417.4302   176   748016.0000   235715.5069   342893   68.49%
   2066   282   305962.9416   172   748016.0000   235715.5069   333397   68.49%
   2097   304   314757.7286   208   748016.0000   235715.5069   340110   68.49%
   2111   337   320872.5340   178   748016.0000   235715.5069   350507   68.49%
   2124   364   338654.8532   170   748016.0000   235715.5069   357388   68.49%
   2138   291   344930.7883   156   748016.0000   235715.5069   335919   68.49%
   2153   387   321458.5650   180   748016.0000   235715.5069   365780   68.49%
   2183   359   302859.6852   164   748016.0000   235715.5069   356068   68.49%
   2205   418   312159.6270   168   748016.0000   235715.5069   375498   68.49%
Elapsed time = 600.53 sec. (132646.73 ticks, tree = 2.55 MB, solutions = 18)
   2231   433   345831.1415   166   748016.0000   235715.5069   377230   68.49%
   2272   436   346426.2184   165   748016.0000   235715.5069   377583   68.49%
   2292   473   280240.0497   207   748016.0000   235715.5069   387041   68.49%
   2322   469   338930.9246   170   748016.0000   235715.5069   388348   68.49%
   2352   555   349692.7885   185   748016.0000   235715.5069   411591   68.49%
   2377   598   343428.3035   170   748016.0000   235715.5069   425891   68.49%
   2400   601   345738.3586   183   748016.0000   235715.5069   427006   68.49%
   2424   546   281487.7308   193   748016.0000   235715.5069   409159   68.49%
   2445   639   367812.8709   176   748016.0000   235715.5069   437525   68.49%
   2458   623   346554.3660   184   748016.0000   235715.5069   432282   68.49%
Elapsed time = 696.55 sec. (142441.82 ticks, tree = 3.99 MB, solutions = 18)
   2475   714   305723.7646   152   748016.0000   235715.5069   451514   68.49%
   2503   630   347684.8171   184   748016.0000   235715.5069   434530   68.49%
   2528   647   376050.0458   204   748016.0000   235715.5069   439748   68.49%
   2547   758   383109.0436   151   748016.0000   235715.5069   461403   68.49%
   2574   735   329088.4904   161   748016.0000   235715.5069   458471   68.49%
   2591   812   330188.0044   159   748016.0000   235715.5069   479681   68.49%
   2608   784   338387.9082   205   748016.0000   235715.5069   471296   68.49%
   2627   790   338907.2755   194   748016.0000   235715.5069   472279   68.49%
   2649   792   355851.8774   175   748016.0000   235715.5069   472646   68.49%
   2681   796   339562.4833   182   748016.0000   235715.5069   473000   68.49%
Elapsed time = 798.35 sec. (152332.58 ticks, tree = 5.18 MB, solutions = 18)
   2705   884   364023.3127   222   748016.0000   235715.5069   497668   68.49%
   2735   854   403216.2598   146   748016.0000   235715.5069   485055   68.49%
   2763   931   341721.5332   189   748016.0000   235715.5069   509852   68.49%
   2800  1020   392519.2910   172   748016.0000   235715.5069   524700   68.49%
   2837  1024   393310.7333   189   748016.0000   235715.5069   525415   68.49%
   2870   944   350934.1293   231   748016.0000   235715.5069   512804   68.49%
   2904   955   351516.7875   208   748016.0000   235715.5069   514242   68.49%
   2929  1059   377991.3568   194   748016.0000   235715.5069   533476   68.49%
   2967  1018   406645.1221   199   748016.0000   235715.5069   525068   68.49%
   3020  1085   382528.1452   155   748016.0000   235715.5069   538876   68.49%
Elapsed time = 896.27 sec. (162068.82 ticks, tree = 28.47 MB, solutions = 18)
   3057  1171   409948.9544   190   748016.0000   235715.5069   555434   68.49%
   3088  1180   370001.6959   169   748016.0000   235715.5069   556863   68.49%
   3123  1161   430166.8685   127   748016.0000   235715.5069   553802   68.49%
   3167  1198   371408.3399   193   748016.0000   235715.5069   561212   68.49%
   3205  1262   424104.8132   216   748016.0000   235715.5069   574730   68.49%
   3252  1444   424284.0308   201   748016.0000   235715.5069   609845   68.49%
   3285  1450   425551.6591   199   748016.0000   235715.5069   610277   68.49%
   3309  1424   449508.3509   154   748016.0000   235715.5069   606458   68.49%
   3346  1431   439594.1875   132   748016.0000   235715.5069   607645   68.49%
   3501  1691   442156.4594   179   748016.0000   235715.5069   657356   68.49%
Elapsed time = 1021.31 sec. (174735.99 ticks, tree = 92.21 MB, solutions = 18)
   3611  1759   482032.9904   113   748016.0000   235715.5069   669257   68.49%
   3732  1885   402161.7931   138   748016.0000   235715.5069   696617   68.49%
   3874  1973   408518.8158   178   748016.0000   235715.5069   710902   68.49%
   4049  2126   515379.0983   162   748016.0000   235715.5069   738411   68.49%
   4260  2232   410066.3823   163   748016.0000   235715.5069   756558   68.49%
   4459  2163   419319.7171   177   748016.0000   235715.5069   746131   68.49%
   4674  2667   576962.4036   160   748016.0000   235715.5069   814805   68.49%
   4845  2893   581122.6333   138   748016.0000   235715.5069   843292   68.49%
   5063  3115   579010.6250   110   748016.0000   235715.5069   869882   68.49%
   5288  3286   491990.1054   141   748016.0000   235715.5069   892520   68.49%
Elapsed time = 1374.83 sec. (213116.08 ticks, tree = 104.15 MB, solutions = 18)
   5561  3519   574728.2833   136   748016.0000   235715.5069   910729   68.49%
   5819  3753   689484.9500   106   748016.0000   235715.5069   939315   68.49%
   6104  4180   549555.2500   112   748016.0000   235715.5069   996778   68.49%
   6435  4248   695589.2500    70   748016.0000   235715.5069  1004141   68.49%
   6772  4809   562502.5000    80   748016.0000   235715.5069  1073144   68.49%
   7168  4924   446456.0000   169   748016.0000   235715.5069  1094215   68.49%
   7487  5437   691540.7500    94   748016.0000   237579.7781  1146765   68.24%
   7753  5745   664893.5000    68   748016.0000   237729.8329  1208365   68.22%
   8069  5913   535966.1667   148   748016.0000   237729.8329  1233672   68.22%
   8344  6255   659524.2500    87   748016.0000   241926.3568  1291947   67.66%
Elapsed time = 1732.42 sec. (251368.41 ticks, tree = 126.80 MB, solutions = 18)
   8716  6366   631346.2500   119   748016.0000   241926.3568  1309921   67.66%
*  8854+ 6514                       743351.0000   242309.1922            67.40%
   8963  6663   444331.2879   161   743351.0000   242309.1922  1376094   67.40%
   9217  6998   547490.0000   116   743351.0000   242309.1922  1439177   67.40%
*  9572+ 7227                       741709.0000   242309.1922            67.33%
   9606  7146   458784.6667   115   741709.0000   242309.1922  1476051   67.33%
*  9642+ 7333                       734691.0000   242309.1922            67.02%
   9847  7626   308297.2450   195   734691.0000   247638.1645  1565455   66.29%
  10138  7962   351188.9028   192   734691.0000   249120.4039  1636528   66.09%
  10496  8027   353957.8305   213   734691.0000   249421.3996  1647828   66.05%
  10830  8330   411900.6424   227   734691.0000   250921.2532  1690146   65.85%
  11074  8946   399173.4103   197   734691.0000   251232.6747  1772063   65.80%
  11312  9110   408215.9588   222   734691.0000   251232.6747  1803316   65.80%
Elapsed time = 2079.85 sec. (289614.56 ticks, tree = 148.20 MB, solutions = 21)
  11541  9257   318734.4015   197   734691.0000   252625.7612  1836764   65.61%
  11808  9595   358571.9809   221   734691.0000   252625.7612  1899381   65.61%
  12090  9973   382877.1178   178   734691.0000   253007.4228  1966846   65.56%
  12344  9900   282644.5114   195   734691.0000   253007.4228  1948468   65.56%
  12619 10383   435895.0394   214   734691.0000   253047.1332  2028536   65.56%
  12886 10740   310430.3929   186   734691.0000   253113.9266  2090670   65.55%
  13127 10775   353308.9923   193   734691.0000   253331.1839  2097664   65.52%
  13363 11011   417831.9486   223   734691.0000   253489.2022  2141878   65.50%
  13650 11208   393784.8150   197   734691.0000   253489.2022  2183566   65.50%
  13934 11481   398208.0898   227   734691.0000   253749.9677  2235047   65.46%
Elapsed time = 2417.56 sec. (328000.07 ticks, tree = 165.29 MB, solutions = 21)
  14172 12016   433744.5064   219   734691.0000   253749.9677  2313772   65.46%
  14380 11954   280610.2322   191   734691.0000   253902.2367  2302857   65.44%
  14633 12180   335901.4101   215   734691.0000   253902.2367  2351732   65.44%
  14859 12510   409451.2917   180   734691.0000   253902.2367  2404775   65.44%
  15126 12660   341683.6329   185   734691.0000   254075.7920  2443894   65.42%
  15379 12992   378133.2786   185   734691.0000   254075.7920  2511371   65.42%
  15663 13243   436739.7070   215   734691.0000   254226.4862  2549845   65.40%
  15917 13554   422634.0473   236   734691.0000   254226.4862  2604077   65.40%
  16227 13756   412589.0703   186   734691.0000   254580.8124  2639782   65.35%
  16564 14065   284851.1404   198   734691.0000   254580.9020  2686021   65.35%
Elapsed time = 2777.10 sec. (366315.57 ticks, tree = 184.40 MB, solutions = 21)
  16876 14229   693626.5000    44   734691.0000   255095.3182  2726736   65.28%
  17171 14439   531080.7857   152   734691.0000   255232.8287  2788056   65.26%
  17417 15025   722573.8750    87   734691.0000   255232.8287  2875913   65.26%
  17567 15250   549561.6250   108   734691.0000   255420.2313  2924717   65.23%
  17767 15531   690359.1667   105   734691.0000   255420.2313  2982437   65.23%
  17946 15562   306319.5509   219   734691.0000   255420.2313  2989825   65.23%
  18191 15975   378555.4374   218   734691.0000   255648.0794  3067916   65.20%
  18489 16014   409272.6689   209   734691.0000   255648.0794  3073791   65.20%
  18742 16191   389867.6682   223   734691.0000   255659.2897  3104495   65.20%
  19044 16608   382757.5317   191   734691.0000   255659.2897  3163883   65.20%
Elapsed time = 3061.62 sec. (404631.18 ticks, tree = 203.24 MB, solutions = 21)
  19378 16813   382681.7921   188   734691.0000   255763.0851  3199069   65.19%
  19696 17303   334340.2561   199   734691.0000   255763.0851  3265602   65.19%
  20002 17616   383698.5593   242   734691.0000   255916.3498  3314313   65.17%
  20267 17609   452018.4815   241   734691.0000   256089.7788  3307061   65.14%
  20499 17966   388382.0207   222   734691.0000   256089.7788  3366079   65.14%
Starting limited solution polishing.
  20776 18359   339004.1647   218   734691.0000   256218.5048  3443450   65.13%
  21023 18478   437329.4903   177   734691.0000   256322.2733  3458949   65.11%
* 21036+18780                       728971.0000   256322.2733            64.84%
  21272 18815   405135.6112   216   728971.0000   256322.2733  3529991   64.84%
* 21286+18666                       724550.0000   256322.2733            64.62%
  21527 18936   411250.1469   189   724550.0000   256392.4673  3564617   64.61%
  21787 19221   423232.9147   226   724550.0000   256463.9366  3624409   64.60%
Elapsed time = 3385.25 sec. (442931.14 ticks, tree = 223.56 MB, solutions = 23)
  21900 19345   413765.4120   229   724550.0000   256463.9366  3652950   64.60%
* 21904+19103                       721157.0000   256463.9366            64.44%
  21993 19338   411415.1555   248   721157.0000   256475.8301  3657702   64.44%
  22209 19704   421423.6639   251   721157.0000   256475.8301  3701522   64.44%
* 22336+19787                       720259.0000   256475.8301            64.39%
  22457 19718   411438.2125   224   720259.0000   256475.8301  3703592   64.39%
* 22693+20132                       712488.0000   256581.9298            63.99%
  22727 20273   483110.0381   213   712488.0000   256581.9298  3809060   63.99%
  23004 20090   372351.7093   224   712488.0000   256651.3950  3779090   63.98%
  23247 20309   455085.0233   190   712488.0000   256833.9228  3831327   63.95%
  23395 20703   378781.7459   197   712488.0000   256877.4652  3911792   63.95%
* 23516+20335                       711097.0000   256877.4652            63.88%
  23571 20753   418855.4099   229   711097.0000   256877.4652  3917173   63.88%
  23626 20724   392277.1541   234   711097.0000   256935.7271  3914642   63.87%
Elapsed time = 3600.01 sec. (481654.70 ticks, tree = 234.22 MB, solutions = 27)

Implied bound cuts applied:  228
Zero-half cuts applied:  582
Lift and project cuts applied:  13

Root node processing (before b&c):
  Real time             =   35.01 sec. (26639.25 ticks)
Parallel b&c, 8 threads:
  Real time             = 3565.00 sec. (455018.05 ticks)
  Sync time (average)   =  460.53 sec.
  Wait time (average)   =    0.01 sec.
                          ------------
Total (root+branch&cut) = 3600.01 sec. (481657.30 ticks)
Status: Feasible
Obj: 711097

Instalacoes abertas:
Instalação 0 aberta
Instalação 1 aberta
Instalação 4 aberta
Instalação 8 aberta
Instalação 9 aberta
Instalação 13 aberta
Instalação 16 aberta
Instalação 18 aberta
Instalação 19 aberta
Instalação 20 aberta
Instalação 22 aberta
Instalação 23 aberta
Instalação 25 aberta
Instalação 31 aberta
Instalação 34 aberta
Instalação 39 aberta
Instalação 42 aberta
Instalação 46 aberta
Instalação 47 aberta
Instalação 49 aberta

Atribuições (cliente -> instalação):
Cliente 0 -> Instalação 4
Cliente 1 -> Instalação 0
Cliente 2 -> Instalação 47
Cliente 3 -> Instalação 39
Cliente 4 -> Instalação 9
Cliente 5 -> Instalação 23
Cliente 6 -> Instalação 39
Cliente 7 -> Instalação 39
Cliente 8 -> Instalação 13
Cliente 9 -> Instalação 16
Cliente 10 -> Instalação 18
Cliente 11 -> Instalação 1
Cliente 12 -> Instalação 9
Cliente 13 -> Instalação 4
Cliente 14 -> Instalação 49
Cliente 15 -> Instalação 4
Cliente 16 -> Instalação 20
Cliente 17 -> Instalação 20
Cliente 18 -> Instalação 49
Cliente 19 -> Instalação 8
Cliente 20 -> Instalação 46
Cliente 21 -> Instalação 31
Cliente 22 -> Instalação 22
Cliente 23 -> Instalação 13
Cliente 24 -> Instalação 49
Cliente 25 -> Instalação 9
Cliente 26 -> Instalação 47
Cliente 27 -> Instalação 22
Cliente 28 -> Instalação 19
Cliente 29 -> Instalação 0
Cliente 30 -> Instalação 31
Cliente 31 -> Instalação 31
Cliente 32 -> Instalação 9
Cliente 33 -> Instalação 23
Cliente 34 -> Instalação 34
Cliente 35 -> Instalação 16
Cliente 36 -> Instalação 20
Cliente 37 -> Instalação 16
Cliente 38 -> Instalação 1
Cliente 39 -> Instalação 25
Cliente 40 -> Instalação 4
Cliente 41 -> Instalação 49
Cliente 42 -> Instalação 42
Cliente 43 -> Instalação 19
Cliente 44 -> Instalação 8
Cliente 45 -> Instalação 1
Cliente 46 -> Instalação 0
Cliente 47 -> Instalação 47
Cliente 48 -> Instalação 8
Cliente 49 -> Instalação 34
