Version identifier: 22.1.1.0 | 2022-11-28 | 9160aff4d
CPXPARAM_TimeLimit                               3600
Tried aggregator 1 time.
MIP Presolve eliminated 50 rows and 1 columns.
Reduced MIP has 26800 rows, 3035 columns, and 80300 nonzeros.
Reduced MIP has 3035 binaries, 0 generals, 0 SOSs, and 0 indicators.
Presolve time = 0.04 sec. (39.10 ticks)
Found incumbent of value 2.1010336e+07 after 0.05 sec. (49.43 ticks)
Probing time = 0.01 sec. (5.89 ticks)
Tried aggregator 1 time.
Detecting symmetries...
Reduced MIP has 26800 rows, 3035 columns, and 80300 nonzeros.
Reduced MIP has 3035 binaries, 0 generals, 0 SOSs, and 0 indicators.
Presolve time = 0.05 sec. (47.04 ticks)
Probing time = 0.02 sec. (5.89 ticks)
Clique table members: 2500.
MIP emphasis: balance optimality and feasibility.
MIP search method: dynamic search.
Parallel mode: deterministic, using up to 8 threads.
Root relaxation solution time = 0.07 sec. (40.09 ticks)

        Nodes                                         Cuts/
   Node  Left     Objective  IInf  Best Integer    Best Bound    ItCnt     Gap

*     0+    0                       2.10103e+07        0.0000           100.00%
*     0+    0                       1.60905e+07        0.0000           100.00%
*     0+    0                      1287493.0000        0.0000           100.00%
*     0+    0                      1128628.0000        0.0000           100.00%
      0     0    93774.0000   100  1128628.0000    93774.0000      177   91.69%
*     0+    0                       619228.0000    93774.0000            84.86%
      0     0   106217.5000   100   619228.0000    Cuts: 1223      451   82.85%
      0     0   118774.0000    98   619228.0000    Cuts: 1194      712   80.82%
*     0+    0                       482398.0000   118774.0000            75.38%
      0     0   128815.8056   172   482398.0000 ZeroHalf: 424     1948   73.30%
*     0+    0                       442800.0000   128815.8056            70.91%
*     0+    0                       431383.0000   128815.8056            70.14%
*     0+    0                       430513.0000   128815.8056            70.08%
      0     0  -1.00000e+75     0   430513.0000   128815.8056     1948   70.08%
*     0+    0                       387177.0000   128815.8056            66.73%
*     0+    0                       383373.0000   128815.8056            66.40%
      0     0   131879.8929   221   383373.0000     Cuts: 357     2353   65.60%
      0     0   140062.6807   193   383373.0000     Cuts: 678     3372   63.47%
Detecting symmetries...
      0     0   143772.8863   205   383373.0000     Cuts: 247     3880   62.50%
      0     0   147016.5429   198   383373.0000     Cuts: 275     4282   61.65%
      0     0   149105.3099   203   383373.0000     Cuts: 165     4660   61.11%
      0     0   151280.3429   207   383373.0000     Cuts: 280     5021   60.54%
*     0+    0                       380206.0000   151280.3429            60.21%
*     0+    0                       367708.0000   151280.3429            58.86%
      0     0   152614.8084   184   367708.0000     Cuts: 253     5329   58.50%
      0     0   154284.8039   186   367708.0000      Cuts: 94     5652   58.04%
      0     0   156144.9741   182   367708.0000     Cuts: 155     6020   57.54%
      0     0   158128.3154   199   367708.0000     Cuts: 116     6392   57.00%
      0     0   160144.7878   185   367708.0000     Cuts: 187     6812   56.45%
      0     0   161290.5709   194   367708.0000      Cuts: 89     7140   56.14%
      0     0   162226.1312   197   367708.0000     Cuts: 158     7421   55.88%
      0     0   162852.5333   195   367708.0000     Cuts: 157     7657   55.71%
      0     0   164064.0445   208   367708.0000     Cuts: 105     8008   55.38%
      0     0   165045.2815   184   367708.0000     Cuts: 130     8288   55.12%
      0     0   165971.7749   214   367708.0000     Cuts: 127     8610   54.86%
      0     0   166609.1488   186   367708.0000     Cuts: 125     8884   54.69%
      0     0   167418.1864   207   367708.0000     Cuts: 152     9147   54.47%
      0     0   168261.9312   211   367708.0000     Cuts: 240     9430   54.24%
      0     0   168615.4665   197   367708.0000      Cuts: 65     9603   54.14%
      0     0   168901.5284   178   367708.0000     Cuts: 181     9748   54.07%
      0     0   169360.2171   177   367708.0000      Cuts: 43     9961   53.94%
      0     0   169626.0254   179   367708.0000      Cuts: 65    10111   53.87%
      0     0   169805.4349   187   367708.0000      Cuts: 19    10219   53.82%
      0     0   170167.9891   215   367708.0000      Cuts: 71    10435   53.72%
      0     0   170379.5423   220   367708.0000      Cuts: 78    10591   53.66%
      0     0   170491.5444   216   367708.0000      Cuts: 61    10726   53.63%
      0     0   170577.7069   211   367708.0000      Cuts: 24    10824   53.61%
      0     0   170699.3744   208   367708.0000      Cuts: 48    10946   53.58%
      0     0   170918.2233   229   367708.0000      Cuts: 30    11105   53.52%
      0     0   170977.3189   223   367708.0000      Cuts: 32    11174   53.50%
      0     0   171051.9723   228   367708.0000      Cuts: 19    11256   53.48%
      0     0   171159.0531   208   367708.0000      Cuts: 59    11390   53.45%
      0     0   171273.5106   209   367708.0000      Cuts: 46    11481   53.42%
      0     0   171346.1623   208   367708.0000      Cuts: 38    11567   53.40%
      0     0   171583.8020   207   367708.0000      Cuts: 34    11690   53.34%
      0     0   171686.0021   207   367708.0000      Cuts: 18    11752   53.31%
      0     0   171758.2706   199   367708.0000      Cuts: 10    11803   53.29%
      0     0   171872.0009   180   367708.0000      Cuts: 83    11906   53.26%
      0     0   171933.3619   181   367708.0000      Cuts: 15    11974   53.24%
*     0+    0                       364024.0000   171933.3619            52.77%
Detecting symmetries...
      0     2   171933.3619   181   364024.0000   171933.3619    11974   52.77%
Elapsed time = 18.05 sec. (8913.36 ticks, tree = 0.02 MB, solutions = 14)
      4     5   179302.5923   178   364024.0000   171934.3966    12826   52.77%
     19    12   179843.2068   180   364024.0000   172405.1603    16277   52.64%
     39    28   194070.4444   137   364024.0000   173846.5579    23166   52.24%
     59    54   212289.9805   147   364024.0000   173846.5579    33157   52.24%
     96    89   242874.0000    76   364024.0000   173846.5579    42973   52.24%
    119    97   238542.0000    81   364024.0000   173846.5579    45145   52.24%
*   128+   90                       358040.0000   173846.5579            51.44%
    155   117   240506.0000    83   358040.0000   173846.5579    48813   51.44%
    235   193   299690.0000    70   358040.0000   173846.5579    61164   51.44%
*   253   181      integral     0   349148.0000   173846.5579    59457   50.21%
    330   237   305971.5000    74   349148.0000   173846.5579    68002   50.21%
*   451   350      integral     0   346339.0000   173846.5579    79388   49.80%
    595   512   345697.5000    37   346339.0000   173846.5579    99879   49.80%
Elapsed time = 32.75 sec. (12152.80 ticks, tree = 11.11 MB, solutions = 17)
    814   671   324892.6176   106   346339.0000   178979.3243   125286   48.32%
*   914+  753                       316360.0000   178979.3243            43.43%
   1057   744   198960.0767   175   316360.0000   179814.5110   158269   43.16%
   1224   923   312230.0000    94   316360.0000   179814.5110   187674   43.16%
   1422  1093   210059.6679   157   316360.0000   179814.5110   209002   43.16%
   1674  1271   303226.5312   165   316360.0000   179814.5110   234432   43.16%

Performing restart 1

Repeating presolve.
Tried aggregator 1 time.
MIP Presolve eliminated 3520 rows and 264 columns.
Reduced MIP has 23280 rows, 2771 columns, and 69740 nonzeros.
Reduced MIP has 2771 binaries, 0 generals, 0 SOSs, and 0 indicators.
Presolve time = 0.04 sec. (36.16 ticks)
Tried aggregator 1 time.
Reduced MIP has 23280 rows, 2771 columns, and 69740 nonzeros.
Reduced MIP has 2771 binaries, 0 generals, 0 SOSs, and 0 indicators.
Presolve time = 0.04 sec. (42.03 ticks)
Represolve time = 0.14 sec. (118.58 ticks)
*  1690+    0                       315435.0000   179814.5110            42.99%
   1690     0   172779.1874   233   315435.0000      Cuts: 83   251268   42.99%
   1690     0   174340.7618   232   315435.0000      Cuts: 78   251723   42.99%
*  1690+    0                       314700.0000   179814.5110            42.86%
   1690     0   175048.5610   238   314700.0000      Cuts: 67   252000   42.86%
   1690     0   175845.5739   235   314700.0000      Cuts: 77   252265   42.86%
   1690     0   176299.2088   231   314700.0000      Cuts: 78   252430   42.86%
   1690     0   176848.4171   231   314700.0000      Cuts: 65   252671   42.86%
   1690     0   177554.4166   233   314700.0000      Cuts: 75   252929   42.86%
   1690     0   178012.8236   233   314700.0000      Cuts: 61   253102   42.86%
   1690     0   178371.2028   225   314700.0000      Cuts: 76   253304   42.86%
   1690     0   179034.8520   224   314700.0000      Cuts: 88   253534   42.86%
   1690     0   179673.3731   232   314700.0000      Cuts: 61   253797   42.86%
   1690     0   180134.9394   226   314700.0000      Cuts: 56   253992   42.76%
   1690     0   180417.2565   232   314700.0000      Cuts: 48   254141   42.67%
   1690     0   180630.4892   235   314700.0000      Cuts: 39   254243   42.60%
   1690     0   180766.8283   208   314700.0000      Cuts: 26   254352   42.56%
   1690     0   180912.9376   233   314700.0000      Cuts: 27   254509   42.51%
   1690     0   181074.5860   225   314700.0000      Cuts: 32   254659   42.46%
   1690     0   181460.1245   238   314700.0000      Cuts: 52   254893   42.34%
   1690     0   181861.0914   231   314700.0000      Cuts: 38   255123   42.21%
   1690     0   182021.6693   228   314700.0000      Cuts: 40   255296   42.16%
   1690     0   182107.8428   228   314700.0000      Cuts: 31   255376   42.13%
   1690     0   182147.8396   232   314700.0000      Cuts: 25   255445   42.12%
   1690     0   182214.4089   231   314700.0000      Cuts: 25   255523   42.10%
   1690     0   182286.5717   224   314700.0000      Cuts: 28   255656   42.08%
   1690     0   182340.5624   230   314700.0000      Cuts: 19   255709   42.06%
   1690     0   182385.2945   223   314700.0000      Cuts: 21   255759   42.04%
   1690     0   182683.3478   224   314700.0000      Cuts: 13   255930   41.95%
   1690     0   182869.2350   243   314700.0000      Cuts: 63   256118   41.89%
   1690     0   182942.6413   238   314700.0000      Cuts: 20   256210   41.87%
   1690     0   183002.3993   242   314700.0000      Cuts: 21   256282   41.85%
   1690     0   183021.0770   246   314700.0000      Cuts: 11   256318   41.84%
   1690     0   183102.4495   240   314700.0000       Cuts: 6   256397   41.82%
   1690     0   183201.3252   247   314700.0000      Cuts: 33   256512   41.79%
   1690     0   183243.9402   249   314700.0000      Cuts: 26   256605   41.77%
   1690     0   183362.2528   233   314700.0000      Cuts: 20   256706   41.73%
   1690     0   183455.2256   245   314700.0000      Cuts: 19   256804   41.70%
   1690     0   183497.7326   245   314700.0000      Cuts: 15   256883   41.69%
   1690     0   183555.4319   235   314700.0000      Cuts: 11   256924   41.67%
   1690     0   183631.5553   240   314700.0000      Cuts: 17   256984   41.65%
   1690     0   183722.7821   243   314700.0000      Cuts: 21   257076   41.62%
   1690     0   183762.4458   240   314700.0000       Cuts: 9   257121   41.61%
   1690     2   183762.4458   240   314700.0000   183762.4458   257121   41.61%
   1692     4   183946.8009   195   314700.0000   183947.9335   257341   41.55%
   1694     4   192623.6310   196   314700.0000   183947.9335   257942   41.55%
   1700     8   184533.8420   210   314700.0000   184537.2628   259355   41.36%
   1708     8   191234.5851   186   314700.0000   185060.9015   259801   41.19%
Elapsed time = 110.90 sec. (38834.26 ticks, tree = 0.02 MB, solutions = 20)
   1722    20   209026.3305   180   314700.0000   185060.9015   267134   41.19%
   1733    22   195500.1862   173   314700.0000   185060.9015   268700   41.19%
   1744    45   207777.0931   190   314700.0000   185060.9015   286403   41.19%
   1776    73   185854.0255   206   314700.0000   185060.9015   299864   41.19%
   1820    96   207737.1129   185   314700.0000   185060.9015   307200   41.19%
   1858   127   205772.8276   167   314700.0000   185060.9015   316309   41.19%
   1906   178   204351.9581   191   314700.0000   185060.9015   330780   41.19%
   1948   204   198973.1246   167   314700.0000   185060.9015   337628   41.19%
   2021   227   263891.4286   143   314700.0000   185060.9015   342054   41.19%
   2085   285   201231.8395   175   314700.0000   185060.9015   357205   41.19%
Elapsed time = 162.99 sec. (48781.11 ticks, tree = 4.28 MB, solutions = 20)
   2148   349   242168.9151   171   314700.0000   185060.9015   368708   41.19%
   2246   510   237134.4965   157   314700.0000   185060.9015   393977   41.19%
   2325   488   289239.8509   121   314700.0000   185060.9015   388973   41.19%
   2403   552   257304.9227   168   314700.0000   185060.9015   400176   41.19%
   2483   670   199524.5147   172   314700.0000   185060.9015   416689   41.19%
   2575   760   254453.5130   154   314700.0000   185060.9015   427309   41.19%
   2636   746   249065.9766   146   314700.0000   185060.9015   425141   41.19%
   2736   888   230336.7057   191   314700.0000   185060.9015   450557   41.19%
   2824   887   275361.2000   132   314700.0000   185060.9015   453088   41.19%
   2940   984   297359.3824   143   314700.0000   185060.9015   467184   41.19%
Elapsed time = 219.78 sec. (58424.88 ticks, tree = 14.48 MB, solutions = 20)
   3048  1070   198321.1894   182   314700.0000   185060.9015   484705   41.19%
   3163  1143   283316.0667   131   314700.0000   185060.9015   495640   41.19%
   3283  1181   263186.5738   138   314700.0000   185060.9015   505980   41.19%
   3378  1433   247600.9097   180   314700.0000   185060.9015   546010   41.19%
   3492  1493   206389.4570   200   314700.0000   185060.9015   560639   41.19%
   3644  1623   301992.4167   123   314700.0000   185060.9015   581173   41.19%
   3777  1768   216920.4156   183   314700.0000   185060.9015   608732   41.19%
   3896  1907   237900.8616   182   314700.0000   185060.9015   631575   41.19%
   4026  1959   309413.2826   156   314700.0000   185060.9015   640755   41.19%
   4175  2029   225632.3703   204   314700.0000   185060.9015   653383   41.19%
Elapsed time = 272.73 sec. (68039.67 ticks, tree = 19.52 MB, solutions = 20)
   4283  2164   216055.4237   197   314700.0000   188994.3304   673393   39.94%
   4359  2408   286753.7297   171   314700.0000   188994.3304   708143   39.94%
   4481  2467   282356.0346   162   314700.0000   188994.3304   715328   39.94%
   4581  2474   233973.9321   156   314700.0000   188994.3304   720972   39.94%
   4699  2618   255394.4768   205   314700.0000   189578.9800   738072   39.76%
   4809  2841   275829.7500   118   314700.0000   189578.9800   778661   39.76%
   4913  2755   242093.7592   187   314700.0000   189578.9800   766945   39.76%
   5003  2885   252853.1513   199   314700.0000   189578.9800   786098   39.76%
   5117  3080   244516.1111   129   314700.0000   189578.9800   824814   39.76%
   5205  3113   256481.7642   197   314700.0000   190044.7286   831313   39.61%
Elapsed time = 331.13 sec. (77673.78 ticks, tree = 24.03 MB, solutions = 20)
   5334  3225   293228.5758   173   314700.0000   190044.7286   848595   39.61%
   5486  3320   296287.8994   180   314700.0000   190044.7286   866029   39.61%
   5664  3596   271166.3418   174   314700.0000   190044.7286   906966   39.61%
   5826  3540   196899.5218   188   314700.0000   190044.7286   897114   39.61%
   5962  3722   223673.2310   168   314700.0000   190044.7286   920148   39.61%
   6085  3800   234920.0722   193   314700.0000   190566.8830   933513   39.44%
   6234  3971   252317.8528   208   314700.0000   191145.7517   957057   39.26%
   6357  4130   248053.9360   191   314700.0000   191145.7517   990929   39.26%
   6516  4273   266458.7893   188   314700.0000   191197.9277  1013462   39.24%
   6696  4394   254139.0763   170   314700.0000   191197.9277  1035690   39.24%
Elapsed time = 388.22 sec. (87286.38 ticks, tree = 29.37 MB, solutions = 20)
   6900  4692   262074.5327   210   314700.0000   191197.9277  1068395   39.24%
   7023  4925   300813.8149   171   314700.0000   191223.6429  1091716   39.24%
   7197  4921   312167.2917   144   314700.0000   191223.6429  1089143   39.24%
   7334  5094   248548.9617   188   314700.0000   191277.6339  1129582   39.22%
   7477  5196   304502.7500    94   314700.0000   191372.5138  1144302   39.19%
   7623  5309   243699.5489   187   314700.0000   191462.7162  1165364   39.16%
   7744  5537   251033.0369   187   314700.0000   191462.7162  1213838   39.16%
   7897  5554   264440.3775   210   314700.0000   191539.1880  1216920   39.14%
   8066  5769   301200.4789   151   314700.0000   191539.1880  1255694   39.14%
   8221  5825   287010.5040   191   314700.0000   191539.1880  1269357   39.14%
Elapsed time = 439.14 sec. (96868.35 ticks, tree = 34.26 MB, solutions = 20)
   8363  5997   293030.3380   169   314700.0000   191639.6834  1294777   39.10%
   8506  6089   232471.3918   179   314700.0000   191669.5848  1312163   39.09%
   8600  6365   249895.3211   209   314700.0000   191669.5848  1346219   39.09%
   8716  6545   229411.7115   184   314700.0000   191760.7652  1385478   39.07%
   8854  6486   298814.3437   189   314700.0000   191760.7652  1371702   39.07%
   8988  6569   261696.7234   209   314700.0000   191760.7652  1391131   39.07%
*  9006+ 6758                       311262.0000   191760.7652            38.39%
   9128  6867   269063.5072   189   311262.0000   191760.7652  1444512   38.39%
   9294  6851   282593.7815   189   311262.0000   191942.0129  1439480   38.33%
   9421  6990   288771.7808   210   311262.0000   192059.7481  1483739   38.30%
   9578  7059   288634.4706   150   311262.0000   192214.3963  1489414   38.25%
Elapsed time = 493.36 sec. (106458.20 ticks, tree = 39.62 MB, solutions = 21)
*  9609+ 6862                       305701.0000   192214.3963            37.12%
   9711  7096   295127.0082   199   305701.0000   192214.3963  1494681   37.12%
   9797  7199   219562.9663   201   305701.0000   192214.3963  1522764   37.12%
   9910  7434   297964.3606   169   305701.0000   192501.8038  1547045   37.03%
* 10051+ 7146                       304457.0000   192524.4163            36.76%
  10056  7209   232456.4391   167   304457.0000   192524.4163  1582136   36.76%
  10198  7189   263378.4672   176   304457.0000   192524.4163  1573402   36.76%
  10356  7317   294435.7828   182   304457.0000   192524.4163  1608889   36.76%
  10493  7529   217587.4052   202   304457.0000   192925.3086  1643585   36.63%
  10630  7500   261406.7564   160   304457.0000   193199.5284  1639486   36.54%
  10757  7840   257805.9677   204   304457.0000   193199.5284  1694124   36.54%
  11328  8289   254021.4010   143   304457.0000   193600.0674  1766967   36.41%
Elapsed time = 560.86 sec. (118893.35 ticks, tree = 43.99 MB, solutions = 23)
  11893  8802   265969.6198   191   304457.0000   193855.2279  1853953   36.33%
  12556  9271   257664.8963   189   304457.0000   194504.5388  1936549   36.11%
  13016  9991   300870.1044   167   304457.0000   194760.3458  2055769   36.03%
  13554 10431   235287.9717   178   304457.0000   195060.1664  2145914   35.93%
  14239 11050   268260.2914   172   304457.0000   195357.1828  2239815   35.83%
  14873 11380   263269.5993   223   304457.0000   195400.8601  2295789   35.82%
  15421 11974   290305.8583   203   304457.0000   195846.3614  2381493   35.67%
  15968 12737   298547.1690   185   304457.0000   196018.6287  2504157   35.62%
  16665 13183   278537.1061   153   304457.0000   196018.6287  2579161   35.62%
  17184 13613   298529.8263   165   304457.0000   196325.6431  2636045   35.52%
Elapsed time = 769.63 sec. (157103.91 ticks, tree = 64.08 MB, solutions = 23)
  17746 14411   237435.8546   204   304457.0000   196514.3719  2773011   35.45%
  18260 14822   289774.1915   215   304457.0000   196780.2448  2845342   35.37%
  18833 15186   258986.7333   172   304457.0000   196987.9899  2904464   35.30%
  19518 15939   277033.8391   191   304457.0000   197141.9422  2998296   35.25%
  20318 16699   248445.5213   177   304457.0000   197485.7042  3066870   35.14%
  21134 17184   303197.7143   125   304457.0000   197663.2244  3115310   35.08%
  21870 18340   263280.5172   168   304457.0000   197788.7352  3222835   35.04%
  22607 18546   245099.5740   183   304457.0000   197946.5897  3247718   34.98%
  23353 19668   266920.5014   174   304457.0000   198117.3733  3369963   34.93%
  24145 20031   257373.1207   197   304457.0000   198268.5609  3408635   34.88%
Elapsed time = 992.15 sec. (195279.77 ticks, tree = 679.27 MB, solutions = 23)
  24731 20786   220160.4898   220   304457.0000   198268.5609  3474786   34.88%
  25401 21228   219639.8169   179   304457.0000   198724.3228  3526053   34.73%
  26080 22211   292454.9896   159   304457.0000   198736.4949  3622692   34.72%
  26728 22828   275651.1852   162   304457.0000   199062.9957  3691623   34.62%
  27512 23044   300974.7222   130   304457.0000   199108.2558  3708170   34.60%
  28349 23710   253111.9139   195   304457.0000   199271.5934  3780003   34.55%
  29176 25102   297481.1759   189   304457.0000   199484.6977  3904919   34.48%
  29935 25490   274837.7041   172   304457.0000   199631.0931  3937722   34.43%
  30623 25833   294551.2406   165   304457.0000   199793.0302  3970420   34.38%
  31446 26733   285753.0409   174   304457.0000   199864.6943  4060831   34.35%
Elapsed time = 1211.79 sec. (233464.13 ticks, tree = 1410.28 MB, solutions = 23)
  32305 27426   298836.5385   169   304457.0000   200098.6324  4136843   34.28%
* 32820+28422                       303518.0000   200159.4751            34.05%
  32977 28187   294414.5725   177   303518.0000   200338.4488  4191342   33.99%
* 33218+28713                       298324.0000   200385.4083            32.83%
  33417 28854   272453.9265   184   298324.0000   200385.4083  4294400   32.83%
  33736 27014   203477.9844   195   298324.0000   200385.4083  4317073   32.83%

Performing restart 2

Repeating presolve.
Tried aggregator 1 time.
MIP Presolve eliminated 856 rows and 73 columns.
Reduced MIP has 22424 rows, 2698 columns, and 86945 nonzeros.
Reduced MIP has 2698 binaries, 0 generals, 0 SOSs, and 0 indicators.
Presolve time = 0.12 sec. (121.79 ticks)
Tried aggregator 1 time.
Reduced MIP has 22424 rows, 2698 columns, and 86945 nonzeros.
Reduced MIP has 2698 binaries, 0 generals, 0 SOSs, and 0 indicators.
Presolve time = 0.07 sec. (64.50 ticks)
Represolve time = 0.25 sec. (240.54 ticks)
  33739     0   184024.5729   252   298324.0000      Cuts: 29  4379641   32.78%
  33739     0   184192.4829   248   298324.0000      Cuts: 25  4379754   32.78%
  33739     0   184310.2775   246   298324.0000      Cuts: 45  4379856   32.78%
  33739     0   184461.1105   239   298324.0000      Cuts: 39  4380000   32.78%
  33739     0   184554.5262   242   298324.0000      Cuts: 55  4380143   32.78%
  33739     0   184616.3517   237   298324.0000      Cuts: 47  4380228   32.78%
  33739     0   184783.1727   243   298324.0000      Cuts: 52  4380429   32.78%
  33739     0   184928.9658   242   298324.0000      Cuts: 63  4380617   32.78%
  33739     2   184928.9658   242   298324.0000   200522.1825  4380617   32.78%
  33751     5   225568.4053   182   298324.0000   200522.1825  4382517   32.78%
  33787    33   229351.7455   190   298324.0000   200522.1825  4397133   32.78%
  33934   119   228593.7226   137   298324.0000   200522.1825  4427535   32.78%
  34230   368   257417.8472   133   298324.0000   200522.1825  4479149   32.78%
  34598   676   217308.6502   155   298324.0000   200522.1825  4548389   32.78%
Elapsed time = 1408.06 sec. (283125.64 ticks, tree = 14.85 MB, solutions = 25)
  35033   935   217372.6890   175   298324.0000   200522.1825  4608971   32.78%
  35384  1269   250058.6770   173   298324.0000   200522.1825  4672753   32.78%
  35783  1699   284069.5000   145   298324.0000   200522.1825  4723054   32.78%
  36233  2057   250467.1533   193   298324.0000   200522.1825  4771457   32.78%
  36637  2414   276118.7594   182   298324.0000   200522.1825  4831873   32.78%
  37139  2937   279945.5270   141   298324.0000   200522.1825  4924085   32.78%
  37681  3364   284571.4167   138   298324.0000   200522.1825  4987523   32.78%
  38221  3807   286044.1562   119   298324.0000   200522.1825  5048808   32.78%
  38755  4385   282498.0624   176   298324.0000   200522.1825  5132027   32.78%
  39457  4891   278691.0671   167   298324.0000   200522.1825  5186514   32.78%
Elapsed time = 1633.56 sec. (321328.64 ticks, tree = 203.22 MB, solutions = 25)
  40189  5489   281916.4794   175   298324.0000   200522.1825  5242385   32.78%
  40872  6170   288186.9312   180   298324.0000   200522.1825  5306633   32.78%
  41574  6814   256146.9264   180   298324.0000   200522.1825  5372653   32.78%
  42233  7384   296643.7216   144   298324.0000   200522.1825  5425618   32.78%
  42809  8157   255311.7500   137   298324.0000   200522.1825  5521921   32.78%
  43570  8515   278356.7345   169   298324.0000   200522.1825  5569285   32.78%
  44345  9464   287207.9483   159   298324.0000   200522.1825  5649501   32.78%
  45275 10379   232077.8158   182   298324.0000   200522.1825  5725610   32.78%
  46020 10890   268875.9652   152   298324.0000   200522.1825  5775072   32.78%
  46677 11691   291424.5942   108   298324.0000   200777.3484  5860827   32.70%
Elapsed time = 1868.52 sec. (359538.09 ticks, tree = 856.34 MB, solutions = 25)
  47422 12350   259604.9646   160   298324.0000   201450.4233  5933405   32.47%
  48122 13092   279740.9141   145   298324.0000   201649.2311  6003880   32.41%
  48868 13399   276273.7949   132   298324.0000   201864.9575  6045769   32.33%
  49525 14356   270779.0645   142   298324.0000   201961.3160  6146756   32.30%
  50137 14846   291005.1048   164   298324.0000   202244.4703  6196204   32.21%
  50815 15445   242555.8291   213   298324.0000   202554.7173  6267281   32.10%
  51613 15940   295766.1853   168   298324.0000   202876.8942  6314596   31.99%
  52506 16708   274774.8933   169   298324.0000   203020.2623  6383154   31.95%
  53293 17498   288728.9960   186   298324.0000   203379.0034  6446984   31.83%
  54031 18421   242932.5575   163   298324.0000   203666.8062  6545246   31.73%
Elapsed time = 2088.02 sec. (397724.41 ticks, tree = 1498.33 MB, solutions = 25)
  54840 18985   282629.7500   124   298324.0000   203834.4326  6605822   31.67%
  55621 19830   253853.8585   171   298324.0000   203939.1313  6679316   31.64%
  56423 20369   295183.7235   149   298324.0000   204352.1150  6722023   31.50%
  57165 21053   289023.9472   136   298324.0000   204462.9376  6784750   31.46%
  57929 21829   292404.9375   155   298324.0000   204603.4897  6865806   31.42%
  58581 22509   261429.2872   160   298324.0000   204757.0758  6940862   31.36%
  59301 23136   261430.1667   114   298324.0000   204960.1142  7008390   31.30%
  60128 24247   236096.0000   147   298324.0000   205253.5917  7113832   31.20%
  60895 24698   265890.0542   171   298324.0000   205405.0651  7161870   31.15%
  61538 25236   287974.5556   140   298324.0000   205473.5061  7213926   31.12%
Elapsed time = 2308.76 sec. (435919.74 ticks, tree = 2340.43 MB, solutions = 25)
Nodefile size = 264.42 MB (166.53 MB after compression)
  62266 25857   238842.8282   178   298324.0000   205770.9024  7299550   31.02%
  62968 26285   280329.4063   159   298324.0000   206059.5441  7349838   30.93%
  63759 27366   283219.1032   123   298324.0000   206138.2668  7470440   30.90%
  64410 27964   265953.5438   155   298324.0000   206350.4627  7533892   30.83%
  65167 28273   278320.0870   141   298324.0000   206611.9175  7566238   30.74%
  65774 28879   286355.0882   143   298324.0000   206794.5321  7632737   30.68%
  66502 29797   286612.3281   191   298324.0000   206796.4074  7724986   30.68%
  67315 30808   294561.2993   124   298324.0000   207063.8333  7831870   30.59%
  68079 30952   298228.6250   140   298324.0000   207129.6597  7841040   30.57%
  68857 32058   262040.2998   199   298324.0000   207324.3545  7956784   30.50%
Elapsed time = 2530.83 sec. (474110.59 ticks, tree = 3068.28 MB, solutions = 25)
Nodefile size = 1008.67 MB (634.86 MB after compression)
  69667 32943   247156.7008   181   298324.0000   207530.6929  8046258   30.43%
  70452 33416   253347.8400   158   298324.0000   207605.9833  8094904   30.41%
  71065 34125   244648.7500    91   298324.0000   207881.4122  8164260   30.32%
  71771 34850   249515.9391   206   298324.0000   207941.0179  8259514   30.30%
* 72075+34449                       297706.0000   207961.2782            30.15%
  72501 35151   286363.1971   162   297706.0000   208043.6784  8289591   30.12%
  73167 35577   264216.6957   171   297706.0000   208230.3858  8344079   30.06%
  73879 36747   284547.0185   157   297706.0000   208369.6796  8454796   30.01%
  74605 36989   258024.6000   128   297706.0000   208516.7309  8482941   29.96%
  75223 37659   275841.0000   104   297706.0000   208750.9172  8555470   29.88%
  75777 38128   260012.1458   134   297706.0000   208759.0390  8598626   29.88%
Elapsed time = 2724.55 sec. (512291.29 ticks, tree = 3958.40 MB, solutions = 26)
Nodefile size = 1898.93 MB (1194.36 MB after compression)
  76455 38581   296130.6214   156   297706.0000   209113.4151  8640716   29.76%
  77093 39241   264471.4764   143   297706.0000   209183.4446  8727775   29.73%
  77900 40171   295398.4831   151   297706.0000   209355.3945  8841513   29.68%
  78595 40611   252058.4269   158   297706.0000   209421.5076  8882625   29.65%
  79307 41076   237375.7947   209   297706.0000   209463.2027  8923524   29.64%
  80052 41860   290119.6154   130   297706.0000   209584.0028  9011469   29.60%
  80789 43020   234407.3456   159   297706.0000   209672.6693  9135067   29.57%
  81398 43184   235598.9465   215   297706.0000   209765.6757  9156553   29.54%
  82080 44175   266723.0963   192   297706.0000   209786.1901  9273721   29.53%
  82730 45007   266014.7500   135   297706.0000   209947.3033  9360880   29.48%
Elapsed time = 2940.06 sec. (550462.76 ticks, tree = 4806.11 MB, solutions = 26)
Nodefile size = 2741.06 MB (1722.79 MB after compression)
  83372 45236   243037.4423   204   297706.0000   209969.0969  9391455   29.47%
  84071 45531   250200.5068   148   297706.0000   210136.7630  9427710   29.41%
  84847 46799   280154.5000   117   297706.0000   210322.6839  9567743   29.35%
  85607 46879   265276.2344   132   297706.0000   210454.6957  9578714   29.31%
  86298 47832   240265.6283   152   297706.0000   210519.9983  9682280   29.29%
  87103 48603   265763.4594   164   297706.0000   210634.5833  9773190   29.25%
  87773 49434   278510.9565   115   297706.0000   210725.8543  9863590   29.22%
* 87911+49538                       282808.0000   210725.8543            25.49%
  88377 35356   279087.9160   159   282808.0000   210856.3618  9952130   25.44%
  89020 35646   264307.7963   129   282808.0000   210866.7315  9998662   25.44%
  89599 35809   281576.8077   127   282808.0000   211062.7160 10027371   25.37%
Elapsed time = 3155.94 sec. (588663.06 ticks, tree = 3860.58 MB, solutions = 27)
Nodefile size = 1798.98 MB (1127.17 MB after compression)
  90096 36493   282605.6923   164   282808.0000   211172.2348 10125353   25.33%
  90651 36776   257056.7167   155   282808.0000   211285.3071 10170170   25.29%
  91184 37260   277564.0156   150   282808.0000   211357.2268 10245532   25.26%
  91620 37970   244609.9733   192   282808.0000   211558.7622 10360938   25.19%
Starting limited solution polishing.
  92193 38195   238938.2477   158   282808.0000   211741.6965 10396333   25.13%
  92781 38555   240168.3246   159   282808.0000   211855.6180 10443749   25.09%
  93226 39267   225893.1717   164   282808.0000   212007.0508 10547229   25.03%
  93605 39718   247277.1647   155   282808.0000   212127.5277 10618918   24.99%
  93933 39977   270341.9459   165   282808.0000   212131.1639 10665069   24.99%
  94340 40325   280598.0333   112   282808.0000   212232.6899 10722683   24.96%
Elapsed time = 3340.04 sec. (626909.55 ticks, tree = 4385.20 MB, solutions = 27)
Nodefile size = 2315.31 MB (1449.11 MB after compression)
  94723 40542   272143.4510   112   282808.0000   212387.4379 10761503   24.90%
  95155 40697   242688.5472   187   282808.0000   212536.1785 10791249   24.85%
  95529 41128   282439.0809   159   282808.0000   212730.5147 10842300   24.78%
  95908 41666   229169.4893   192   282808.0000   212730.5147 10920378   24.78%
  96202 41962   279552.2133   125   282808.0000   212770.2529 10970420   24.77%
  96550 42324   266199.5000   129   282808.0000   212981.3182 11023234   24.69%
  96902 42537   281730.7222   128   282808.0000   212989.1673 11056940   24.69%
  97194 42839   238676.9500   145   282808.0000   213018.4397 11106584   24.68%
  97504 43135   260018.7075   164   282808.0000   213080.8205 11155078   24.66%
  97954 43209   241897.7559   160   282808.0000   213162.1219 11165231   24.63%
Elapsed time = 3468.35 sec. (665155.03 ticks, tree = 4743.31 MB, solutions = 27)
Nodefile size = 2669.81 MB (1669.34 MB after compression)
  98329 43857   271713.3712   162   282808.0000   213226.9251 11254169   24.60%
  98707 44133   266662.9786   140   282808.0000   213305.5603 11301058   24.58%
  99025 44549   240184.6200   152   282808.0000   213393.2740 11364572   24.54%
  99373 44784   282802.4919   184   282808.0000   213419.1882 11403459   24.54%
  99652 44792        cutoff         282808.0000   213511.4207 11402015   24.50%
  99942 45177        cutoff         282808.0000   213552.6805 11465604   24.49%
 100279 45340        cutoff         282808.0000   213581.0636 11489364   24.48%
 100557 45829   275552.9773   147   282808.0000   213663.9209 11562732   24.45%
 100977 45824   255600.8939   162   282808.0000   213705.8727 11559642   24.43%
 101280 46381   272670.3333   129   282808.0000   213758.6013 11647327   24.42%
Elapsed time = 3591.46 sec. (703406.16 ticks, tree = 5127.51 MB, solutions = 27)
Nodefile size = 3067.97 MB (1917.30 MB after compression)
 101562 46094   261762.2507   191   282808.0000   213844.4236 11602006   24.39%

Implied bound cuts applied:  3
Zero-half cuts applied:  515
Lift and project cuts applied:  274
Gomory fractional cuts applied:  1

Root node processing (before b&c):
  Real time             =   18.01 sec. (8868.96 ticks)
Parallel b&c, 8 threads:
  Real time             = 3583.58 sec. (699652.78 ticks)
  Sync time (average)   =  637.22 sec.
  Wait time (average)   =    0.01 sec.
                          ------------
Total (root+branch&cut) = 3601.59 sec. (708521.74 ticks)
Status: Feasible
Obj: 282808

Instalacoes abertas:
Instalação 1 aberta
Instalação 4 aberta
Instalação 8 aberta
Instalação 9 aberta
Instalação 13 aberta
Instalação 20 aberta
Instalação 22 aberta
Instalação 47 aberta

Atribuições (cliente -> instalação):
Cliente 0 -> Instalação 1
Cliente 1 -> Instalação 1
Cliente 2 -> Instalação 8
Cliente 3 -> Instalação 13
Cliente 4 -> Instalação 4
Cliente 5 -> Instalação 13
Cliente 6 -> Instalação 47
Cliente 7 -> Instalação 4
Cliente 8 -> Instalação 8
Cliente 9 -> Instalação 4
Cliente 10 -> Instalação 1
Cliente 11 -> Instalação 20
Cliente 12 -> Instalação 9
Cliente 13 -> Instalação 20
Cliente 14 -> Instalação 9
Cliente 15 -> Instalação 8
Cliente 16 -> Instalação 1
Cliente 17 -> Instalação 20
Cliente 18 -> Instalação 20
Cliente 19 -> Instalação 47
Cliente 20 -> Instalação 1
Cliente 21 -> Instalação 9
Cliente 22 -> Instalação 22
Cliente 23 -> Instalação 8
Cliente 24 -> Instalação 9
Cliente 25 -> Instalação 22
Cliente 26 -> Instalação 47
Cliente 27 -> Instalação 22
Cliente 28 -> Instalação 13
Cliente 29 -> Instalação 47
Cliente 30 -> Instalação 4
Cliente 31 -> Instalação 47
Cliente 32 -> Instalação 8
Cliente 33 -> Instalação 47
Cliente 34 -> Instalação 9
Cliente 35 -> Instalação 4
Cliente 36 -> Instalação 13
Cliente 37 -> Instalação 13
Cliente 38 -> Instalação 8
Cliente 39 -> Instalação 4
Cliente 40 -> Instalação 13
Cliente 41 -> Instalação 20
Cliente 42 -> Instalação 47
Cliente 43 -> Instalação 47
Cliente 44 -> Instalação 4
Cliente 45 -> Instalação 9
Cliente 46 -> Instalação 20
Cliente 47 -> Instalação 1
Cliente 48 -> Instalação 9
Cliente 49 -> Instalação 13
