Version identifier: 22.1.1.0 | 2022-11-28 | 9160aff4d
CPXPARAM_TimeLimit                               3600
Found incumbent of value 2523261.000000 after 0.00 sec. (3.66 ticks)
Tried aggregator 1 time.
MIP Presolve eliminated 50 rows and 1 columns.
Reduced MIP has 56850 rows, 3636 columns, and 170450 nonzeros.
Reduced MIP has 3636 binaries, 0 generals, 0 SOSs, and 0 indicators.
Presolve time = 0.09 sec. (74.99 ticks)
Probing time = 0.03 sec. (8.32 ticks)
Tried aggregator 1 time.
Detecting symmetries...
Reduced MIP has 56850 rows, 3636 columns, and 170450 nonzeros.
Reduced MIP has 3636 binaries, 0 generals, 0 SOSs, and 0 indicators.
Presolve time = 0.10 sec. (91.33 ticks)
Probing time = 0.04 sec. (8.37 ticks)
Clique table members: 2500.
MIP emphasis: balance optimality and feasibility.
MIP search method: dynamic search.
Parallel mode: deterministic, using up to 8 threads.
Root relaxation solution time = 0.21 sec. (83.09 ticks)

        Nodes                                         Cuts/
   Node  Left     Objective  IInf  Best Integer    Best Bound    ItCnt     Gap

*     0+    0                      2523261.0000        0.0000           100.00%
*     0+    0                      1829039.0000        0.0000           100.00%
*     0+    0                      1765061.0000        0.0000           100.00%
      0     0    93774.0000   100  1765061.0000    93774.0000      181   94.69%
*     0+    0                      1764771.0000    93774.0000            94.69%
      0     0   106217.5000   100  1764771.0000    Cuts: 2755      474   93.98%
      0     0   118774.0000    98  1764771.0000    Cuts: 2744      869   93.27%
*     0+    0                       939740.0000   118774.0000            87.36%
      0     0   131217.5000    98   939740.0000 ZeroHalf: 1137     2160   86.04%
*     0+    0                       935112.0000   131217.5000            85.97%
      0     0  -1.00000e+75     0   935112.0000   131217.5000     2160   85.97%
*     0+    0                       886144.0000   131217.5000            85.19%
*     0+    0                       870578.0000   131217.5000            84.93%
      0     0   137814.6932   181   870578.0000 ZeroHalf: 1131     3376   84.17%
      0     0   145369.9243   179   870578.0000     Cuts: 875     4444   83.30%
Detecting symmetries...
      0     0   151256.9792   205   870578.0000     Cuts: 618     5235   82.63%
      0     0   157558.4873   234   870578.0000     Cuts: 476     6131   81.90%
      0     0   161442.6947   213   870578.0000     Cuts: 715     6833   81.46%
      0     0   165887.4049   175   870578.0000     Cuts: 790     7667   80.95%
      0     0   169800.2064   176   870578.0000     Cuts: 191     8281   80.50%
      0     0   173210.7194   217   870578.0000     Cuts: 104     8848   80.10%
      0     0   174750.3127   175   870578.0000     Cuts: 629     9374   79.93%
      0     0   176268.5724   202   870578.0000  ZeroHalf: 85     9867   79.75%
      0     0   177689.7107   242   870578.0000     Cuts: 307    10347   79.59%
      0     0   178784.3879   233   870578.0000      Cuts: 86    10690   79.46%
      0     0   179960.6224   203   870578.0000     Cuts: 240    11024   79.33%
      0     0   181432.8522   230   870578.0000      Cuts: 92    11498   79.16%
      0     0   182687.8409   232   870578.0000     Cuts: 131    11904   79.02%
      0     0   183552.8896   207   870578.0000     Cuts: 261    12211   78.92%
      0     0   184733.7656   198   870578.0000     Cuts: 226    12618   78.78%
      0     0   186537.3008   238   870578.0000     Cuts: 183    13084   78.57%
      0     0   187464.1259   236   870578.0000  ZeroHalf: 61    13387   78.47%
      0     0   188380.3419   230   870578.0000     Cuts: 118    13690   78.36%
      0     0   189282.7764   207   870578.0000     Cuts: 141    13950   78.26%
      0     0   189968.0133   233   870578.0000     Cuts: 117    14172   78.18%
      0     0   190351.4975   230   870578.0000      Cuts: 76    14409   78.14%
      0     0   190814.1784   205   870578.0000     Cuts: 183    14581   78.08%
      0     0   191533.5622   201   870578.0000      Cuts: 88    14831   78.00%
      0     0   192274.7932   225   870578.0000      Cuts: 97    15060   77.91%
      0     0   193203.0500   234   870578.0000      Cuts: 86    15343   77.81%
      0     0   194014.3519   204   870578.0000     Cuts: 181    15621   77.71%
      0     0   194927.0199   232   870578.0000     Cuts: 121    15911   77.61%
      0     0   195972.5382   231   870578.0000      Cuts: 93    16346   77.49%
      0     0   196812.9695   235   870578.0000      Cuts: 79    16694   77.39%
      0     0   197613.0394   256   870578.0000     Cuts: 182    17138   77.30%
      0     0   198492.7600   258   870578.0000      Cuts: 94    17533   77.20%
      0     0   199914.5513   260   870578.0000     Cuts: 147    18005   77.04%
      0     0   200597.3457   227   870578.0000      Cuts: 89    18297   76.96%
      0     0   201268.8230   224   870578.0000     Cuts: 140    18678   76.88%
      0     0   202003.9076   227   870578.0000     Cuts: 123    18974   76.80%
      0     0   202509.4211   201   870578.0000     Cuts: 112    19294   76.74%
      0     0   203111.7491   231   870578.0000      Cuts: 89    19626   76.67%
      0     0   203449.3782   230   870578.0000      Cuts: 44    19892   76.63%
      0     0   203793.2372   206   870578.0000     Cuts: 113    20152   76.59%
      0     0   204209.5401   200   870578.0000      Cuts: 55    20419   76.54%
      0     0   204588.5836   223   870578.0000      Cuts: 62    20598   76.50%
      0     0   205246.8382   217   870578.0000      Cuts: 52    20816   76.42%
      0     0   205893.5206   218   870578.0000      Cuts: 71    21051   76.35%
      0     0   206512.0100   201   870578.0000      Cuts: 90    21477   76.28%
      0     0   207013.9981   217   870578.0000      Cuts: 46    21829   76.22%
      0     0   207441.9866   228   870578.0000      Cuts: 52    22086   76.17%
      0     0   207950.8399   220   870578.0000      Cuts: 46    22331   76.11%
      0     0   208403.6301   227   870578.0000  ZeroHalf: 35    22584   76.06%
      0     0   208987.3611   209   870578.0000     Cuts: 156    22903   75.99%
      0     0   209285.3631   235   870578.0000      Cuts: 53    23165   75.96%
      0     0   209592.0552   229   870578.0000      Cuts: 35    23413   75.92%
      0     0   209870.3323   227   870578.0000      Cuts: 75    23615   75.89%
      0     0   210386.7288   236   870578.0000      Cuts: 56    24024   75.83%
      0     0   210856.8873   232   870578.0000     Cuts: 174    24435   75.78%
      0     0   211173.6930   222   870578.0000      Cuts: 32    24573   75.74%
      0     0   211481.1260   194   870578.0000      Cuts: 97    24738   75.71%
      0     0   211977.7875   236   870578.0000      Cuts: 45    24987   75.65%
      0     0   212685.1160   229   870578.0000      Cuts: 71    25305   75.57%
      0     0   213164.8510   203   870578.0000     Cuts: 187    25515   75.51%
      0     0   213699.1000   213   870578.0000      Cuts: 53    25788   75.45%
      0     0   214155.8731   233   870578.0000     Cuts: 107    26003   75.40%
      0     0   214534.1569   227   870578.0000      Cuts: 49    26277   75.36%
      0     0   214895.4484   220   870578.0000      Cuts: 45    26465   75.32%
      0     0   215170.1229   210   870578.0000      Cuts: 77    26673   75.28%
      0     0   215468.7041   216   870578.0000      Cuts: 47    26832   75.25%
      0     0   215880.6991   205   870578.0000     Cuts: 100    27113   75.20%
      0     0   216166.6997   230   870578.0000      Cuts: 21    27299   75.17%
      0     0   216356.1869   226   870578.0000      Cuts: 47    27442   75.15%
      0     0   216739.4476   235   870578.0000      Cuts: 88    27711   75.10%
      0     0   217195.9837   227   870578.0000      Cuts: 51    27892   75.05%
      0     0   218059.7374   220   870578.0000     Cuts: 156    28248   74.95%
      0     0   218587.9975   228   870578.0000     Cuts: 128    28714   74.89%
      0     0   219153.1874   225   870578.0000     Cuts: 110    29066   74.83%
      0     0   219647.4510   231   870578.0000      Cuts: 93    29325   74.77%
      0     0   220019.4021   218   870578.0000     Cuts: 106    29597   74.73%
      0     0   220242.3205   230   870578.0000     Cuts: 152    29770   74.70%
      0     0   220530.1148   233   870578.0000      Cuts: 44    29982   74.67%
      0     0   220936.4032   227   870578.0000      Cuts: 84    30266   74.62%
      0     0   221341.7592   231   870578.0000      Cuts: 51    30460   74.58%
      0     0   221634.6857   226   870578.0000      Cuts: 82    30666   74.54%
      0     0   221898.6173   227   870578.0000      Cuts: 92    30844   74.51%
      0     0   222135.2512   241   870578.0000      Cuts: 83    31062   74.48%
      0     0   222292.1345   231   870578.0000  ZeroHalf: 19    31193   74.47%
      0     0   222465.0920   238   870578.0000      Cuts: 71    31368   74.45%
Detecting symmetries...
      0     2   222465.0920   238   870578.0000   222465.0920    31368   74.45%
Elapsed time = 58.67 sec. (42027.62 ticks, tree = 0.02 MB, solutions = 8)
      1     3   249269.4375   217   870578.0000   222472.7110    32064   74.45%
      2     4   267338.1402   192   870578.0000   222472.7110    32986   74.45%
      6     8   270220.3616   189   870578.0000   222472.7110    33488   74.45%
      9    11   277532.4750   179   870578.0000   222472.7110    34175   74.45%
     18    15   296325.6066   188   870578.0000   222472.7110    37109   74.45%
     24    19   303950.8754   168   870578.0000   222676.7243    38848   74.42%
     36    22   253124.9963   215   870578.0000   222678.0644    39753   74.42%
     44    23   271239.6379   179   870578.0000   222678.0644    40186   74.42%
     56    30   326147.3543   164   870578.0000   222678.0644    43729   74.42%
    132   106   417213.7500   114   870578.0000   222678.0644    64016   74.42%
Elapsed time = 87.22 sec. (45876.02 ticks, tree = 2.63 MB, solutions = 8)
    283   189   571123.6250   103   870578.0000   222678.0644    73992   74.42%
    448   399   718880.1667    75   870578.0000   222678.0644    91510   74.42%
    615   562   853971.5000    32   870578.0000   222678.0644   105047   74.42%
    724   664   748123.5000    40   870578.0000   222678.0644   114562   74.42%
*   796+  736                       865148.0000   222678.0644            74.26%
*   826+  746                       858028.0000   222678.0644            74.05%
    847   758   488763.4500   116   858028.0000   222678.0644   131242   74.05%
*   849   756      integral     0   827669.0000   222678.0644   131018   73.10%
    967   778   446282.2500   102   827669.0000   222678.0644   137931   73.10%
   1119   891   447457.5000   124   827669.0000   222678.0644   152132   73.10%
   1251  1120   686307.0000    71   827669.0000   222678.0644   171499   73.10%
   1391  1162   686070.3333    78   827669.0000   222678.0644   174797   73.10%
   1536  1357   826249.0000    29   827669.0000   222876.2237   195034   73.07%
Elapsed time = 160.78 sec. (55464.44 ticks, tree = 363.39 MB, solutions = 11)
   1649  1409   539998.0000    75   827669.0000   222876.2237   201047   73.07%

Performing restart 1

Repeating presolve.
Tried aggregator 1 time.
MIP Presolve eliminated 745 rows and 21 columns.
Reduced MIP has 56105 rows, 3615 columns, and 168215 nonzeros.
Reduced MIP has 3615 binaries, 0 generals, 0 SOSs, and 0 indicators.
Presolve time = 0.08 sec. (76.42 ticks)
Tried aggregator 1 time.
Reduced MIP has 56105 rows, 3615 columns, and 168215 nonzeros.
Reduced MIP has 3615 binaries, 0 generals, 0 SOSs, and 0 indicators.
Presolve time = 0.10 sec. (93.26 ticks)
Represolve time = 0.29 sec. (243.78 ticks)
*  1656+    0                       826809.0000   222876.2237            73.04%
   1656     0   222895.2959   238   826809.0000     Cuts: 117   217693   73.04%
   1656     0   223147.8701   234   826809.0000     Cuts: 117   217894   73.01%
   1656     0   223751.0216   240   826809.0000     Cuts: 144   218258   72.94%
*  1656+    0                       825439.0000   223751.0216            72.89%
*  1656+    0                       820945.0000   223751.0216            72.74%
   1656     0  -1.00000e+75     0   820945.0000   223751.0216   218258   72.74%
   1656     0   224164.2648   239   820945.0000      Cuts: 94   218529   72.69%
   1656     0   224790.4018   232   820945.0000      Cuts: 95   218905   72.62%
   1656     0   225269.0731   235   820945.0000     Cuts: 109   219256   72.56%
   1656     0   225760.0044   237   820945.0000     Cuts: 127   219585   72.50%
   1656     0   226432.8037   241   820945.0000     Cuts: 148   219968   72.42%
   1656     0   226874.7026   244   820945.0000     Cuts: 158   220240   72.36%
   1656     0   227382.1524   244   820945.0000     Cuts: 106   220600   72.30%
   1656     0   227695.1458   243   820945.0000      Cuts: 96   220889   72.26%
   1656     0   228081.8626   247   820945.0000      Cuts: 78   221259   72.22%
   1656     0   228586.5554   244   820945.0000      Cuts: 87   221589   72.16%
   1656     0   228939.6941   253   820945.0000     Cuts: 106   221910   72.11%
   1656     0   229255.6121   238   820945.0000      Cuts: 55   222202   72.07%
   1656     0   229589.9653   252   820945.0000      Cuts: 63   222498   72.03%
   1656     0   229977.8601   250   820945.0000      Cuts: 67   222766   71.99%
   1656     0   230325.1650   251   820945.0000      Cuts: 97   223085   71.94%
   1656     0   230802.6082   244   820945.0000      Cuts: 57   223410   71.89%
   1656     0   231264.7853   243   820945.0000      Cuts: 56   223719   71.83%
   1656     0   231644.9288   237   820945.0000      Cuts: 55   224021   71.78%
   1656     0   231982.4348   243   820945.0000      Cuts: 57   224284   71.74%
   1656     0   232395.1000   230   820945.0000      Cuts: 82   224528   71.69%
   1656     0   232731.8853   242   820945.0000      Cuts: 74   224786   71.65%
   1656     0   233153.9947   234   820945.0000      Cuts: 81   225067   71.60%
   1656     0   233499.8862   237   820945.0000      Cuts: 86   225282   71.56%
   1656     0   233711.3074   241   820945.0000      Cuts: 59   225437   71.53%
   1656     0   234024.0799   242   820945.0000      Cuts: 77   225675   71.49%
   1656     0   234354.9959   238   820945.0000      Cuts: 66   225875   71.45%
   1656     0   234836.8971   237   820945.0000      Cuts: 58   226169   71.39%
   1656     0   235231.7814   228   820945.0000      Cuts: 66   226408   71.35%
   1656     0   235516.0183   233   820945.0000      Cuts: 77   226632   71.31%
   1656     0   235921.4336   233   820945.0000      Cuts: 51   226954   71.26%
   1656     0   236267.6404   226   820945.0000      Cuts: 76   227176   71.22%
   1656     0   236592.2814   224   820945.0000      Cuts: 84   227436   71.18%
   1656     0   236832.5825   226   820945.0000      Cuts: 57   227637   71.15%
   1656     0   236991.9134   230   820945.0000      Cuts: 98   227859   71.13%
   1656     0   237291.4657   237   820945.0000      Cuts: 98   228082   71.10%
   1656     0   237474.7658   234   820945.0000      Cuts: 80   228285   71.07%
   1656     0   237634.8344   240   820945.0000      Cuts: 39   228506   71.05%
   1656     0   237862.5258   241   820945.0000      Cuts: 74   228752   71.03%
   1656     0   238031.2975   241   820945.0000     Cuts: 101   228968   71.01%
   1656     0   238291.2425   243   820945.0000      Cuts: 54   229226   70.97%
   1656     0   238404.1041   246   820945.0000      Cuts: 47   229375   70.96%
   1656     0   238639.3990   241   820945.0000      Cuts: 39   229591   70.93%
   1656     0   238983.6541   246   820945.0000  ZeroHalf: 76   229831   70.89%
   1656     0   239270.2975   248   820945.0000      Cuts: 82   230093   70.85%
   1656     0   239755.3774   239   820945.0000      Cuts: 62   230416   70.80%
   1656     0   240058.3482   242   820945.0000      Cuts: 75   230612   70.76%
   1656     0   240270.4404   238   820945.0000      Cuts: 45   230840   70.73%
   1656     0   240524.1158   236   820945.0000      Cuts: 38   230987   70.70%
   1656     0   240912.2582   238   820945.0000     Cuts: 124   231249   70.65%
   1656     0   241475.4913   229   820945.0000  ZeroHalf: 91   231608   70.59%
   1656     0   241778.4161   236   820945.0000     Cuts: 110   231857   70.55%
   1656     0   241982.2684   239   820945.0000      Cuts: 80   232139   70.52%
   1656     0   242302.4882   241   820945.0000      Cuts: 72   232473   70.48%
   1656     0   242541.8882   239   820945.0000      Cuts: 73   232755   70.46%
   1656     0   242692.0324   239   820945.0000      Cuts: 52   232938   70.44%
   1656     0   242973.6156   246   820945.0000      Cuts: 74   233178   70.40%
   1656     0   243173.9279   243   820945.0000  ZeroHalf: 52   233349   70.38%
   1656     0   243345.4491   254   820945.0000      Cuts: 69   233571   70.36%
   1656     0   243577.1139   248   820945.0000      Cuts: 36   233822   70.33%
   1656     0   243784.5342   252   820945.0000  ZeroHalf: 61   234027   70.30%
   1656     0   243973.2383   251   820945.0000      Cuts: 72   234246   70.28%
   1656     0   244124.0123   247   820945.0000  ZeroHalf: 37   234408   70.26%
   1656     0   244341.1782   244   820945.0000      Cuts: 39   234592   70.24%
   1656     0   244704.0871   237   820945.0000      Cuts: 59   234854   70.19%
   1656     0   244943.9438   247   820945.0000      Cuts: 73   235103   70.16%
   1656     0   245174.7488   243   820945.0000      Cuts: 48   235320   70.14%
   1656     0   245460.8329   236   820945.0000      Cuts: 37   235572   70.10%
   1656     0   245630.6250   242   820945.0000      Cuts: 76   235768   70.08%
   1656     0   245903.6470   228   820945.0000      Cuts: 36   236020   70.05%
   1656     0   246035.1501   239   820945.0000      Cuts: 74   236179   70.03%
   1656     0   246175.7968   245   820945.0000  ZeroHalf: 51   236316   70.01%
   1656     0   246441.7399   240   820945.0000  ZeroHalf: 49   236564   69.98%
   1656     0   246617.5955   244   820945.0000      Cuts: 61   236749   69.96%
   1656     0   246748.3899   245   820945.0000      Cuts: 34   236922   69.94%
   1656     0   246964.8135   231   820945.0000      Cuts: 40   237128   69.92%
   1656     0   247082.2117   236   820945.0000      Cuts: 47   237277   69.90%
   1656     2   247082.2117   236   820945.0000   247082.2117   237277   69.90%
   1657     3   247331.6699   234   820945.0000   247333.2273   237516   69.87%
   1658     3   263706.4599   218   820945.0000   247333.2273   237788   69.87%
   1659     4   247337.5183   255   820945.0000   247338.9995   237544   69.87%
   1661     5   267716.5282   225   820945.0000   247338.9995   238545   69.87%
   1663     7   265293.9934   223   820945.0000   247338.9995   239158   69.87%
   1664     6   247513.0086   259   820945.0000   247517.0569   238320   69.85%
   1665     7   271717.2535   225   820945.0000   247517.0569   239616   69.85%
   1670    11   247789.6437   262   820945.0000   247798.0001   240596   69.82%
Elapsed time = 380.10 sec. (129126.33 ticks, tree = 0.02 MB, solutions = 14)
   1674    16   266156.5839   229   820945.0000   247798.0001   243450   69.82%
   1679    22   289064.6594   191   820945.0000   247945.0602   245470   69.80%
   1684    18   268477.6236   210   820945.0000   247945.0602   243817   69.80%
   1687    23   272484.3536   228   820945.0000   247959.4176   245660   69.80%
   1690    22   268927.3951   232   820945.0000   247959.4176   245745   69.80%
   1695    30   269363.2640   207   820945.0000   247960.1541   247135   69.80%
   1700    33   290789.9977   218   820945.0000   247960.1541   247827   69.80%
   1706    35   269550.0592   227   820945.0000   247960.1541   248570   69.80%
   1708    46   272853.3587   204   820945.0000   247960.1541   251045   69.80%
   1712    42   291553.6006   185   820945.0000   247960.1541   250966   69.80%
Elapsed time = 490.27 sec. (141178.07 ticks, tree = 2.71 MB, solutions = 14)
   1719    54   267827.8526   195   820945.0000   247960.1541   252362   69.80%
   1726    59   248792.4211   246   820945.0000   247960.1541   253228   69.80%
   1736    66   291825.4219   186   820945.0000   247960.1541   256370   69.80%
   1749    75   311835.2760   196   820945.0000   247960.1541   257791   69.80%
   1779    98   269622.9448   197   820945.0000   247960.1541   266081   69.80%
   1816   113   268433.6215   204   820945.0000   247960.1541   272280   69.80%
   1853    98   273986.0383   182   820945.0000   247960.1541   264919   69.80%
   1884   118   280120.7096   201   820945.0000   247960.1541   271242   69.80%
   1906   210   273694.6093   190   820945.0000   247960.1541   295944   69.80%
   1936   233   288278.8631   200   820945.0000   247960.1541   300399   69.80%
Elapsed time = 588.83 sec. (151210.05 ticks, tree = 22.80 MB, solutions = 14)
   1961   219   305337.1108   177   820945.0000   247960.1541   298091   69.80%
   1989   191   274733.8549   178   820945.0000   247960.1541   292480   69.80%
   2025   321   281548.5995   209   820945.0000   247960.1541   319260   69.80%
   2062   318   282772.4296   176   820945.0000   247960.1541   316659   69.80%
   2088   297   263444.2704   204   820945.0000   247960.1541   311847   69.80%
   2108   346   281368.0734   210   820945.0000   247960.1541   328640   69.80%
   2132   409   296033.9782   181   820945.0000   247960.1541   339488   69.80%
   2162   390   301216.8975   207   820945.0000   247960.1541   334437   69.80%
   2192   437   285979.0014   190   820945.0000   247960.1541   343279   69.80%
   2220   491   313586.0752   185   820945.0000   247960.1541   355512   69.80%
Elapsed time = 698.77 sec. (161045.56 ticks, tree = 99.98 MB, solutions = 14)
   2232   464   285726.5898   204   820945.0000   247960.1541   347369   69.80%
   2264   543   288429.7966   211   820945.0000   247960.1541   366259   69.80%
   2289   565   291293.8577   194   820945.0000   247960.1541   367627   69.80%
   2305   574   284647.2508   210   820945.0000   247960.1541   372969   69.80%
   2322   549   329562.4531   195   820945.0000   247960.1541   367749   69.80%
   2347   630   295286.1616   193   820945.0000   247960.1541   382493   69.80%
   2371   634   296403.1495   198   820945.0000   247960.1541   382755   69.80%
   2395   623   304920.1801   194   820945.0000   247960.1541   382836   69.80%
   2427   490   272516.9588   173   820945.0000   247960.1541   350541   69.80%
   2446   713   310230.7715   199   820945.0000   247960.1541   393217   69.80%
Elapsed time = 831.14 sec. (171439.42 ticks, tree = 165.38 MB, solutions = 14)
   2463   749   293209.3573   179   820945.0000   247960.1541   399525   69.80%
   2493   752   293661.6202   177   820945.0000   247960.1541   400609   69.80%
   2520   584   328514.9323   241   820945.0000   247960.1541   377387   69.80%
   2548   826   279982.9618   161   820945.0000   247960.1541   414582   69.80%
   2584   831   280935.4096   168   820945.0000   247960.1541   415294   69.80%
   2605   869   302549.0019   201   820945.0000   247960.1541   421161   69.80%
   2648   901   298812.8120   194   820945.0000   247960.1541   425264   69.80%
   2675   854   319419.8786   194   820945.0000   247960.1541   420008   69.80%
   2695   906   299488.5133   211   820945.0000   247960.1541   427531   69.80%
   2726   916   299607.9710   185   820945.0000   247960.1541   425657   69.80%
Elapsed time = 949.83 sec. (181309.52 ticks, tree = 250.58 MB, solutions = 14)
   2736  1008   313231.6699   186   820945.0000   247960.1541   440320   69.80%
   2751   974   294445.0005   222   820945.0000   247960.1541   437064   69.80%
   2799   922   307901.6527   204   820945.0000   247960.1541   428497   69.80%
   2835  1076   308793.6707   191   820945.0000   247960.1541   447535   69.80%
   2861  1021   314112.7335   220   820945.0000   247960.1541   441258   69.80%
   2891  1080   311123.3907   210   820945.0000   247960.1541   447910   69.80%
   2908  1112   306601.6469   148   820945.0000   247960.1541   455261   69.80%
   2933  1082   312151.1393   199   820945.0000   247960.1541   448046   69.80%
   2968  1169   335242.0099   214   820945.0000   247960.1541   459154   69.80%
   3000  1175   300734.8188   204   820945.0000   247960.1541   457858   69.80%
Elapsed time = 1070.75 sec. (191189.22 ticks, tree = 361.46 MB, solutions = 14)
   3058  1190   315722.9106   216   820945.0000   247960.1541   460421   69.80%
   3106  1246   349998.2215   184   820945.0000   247960.1541   468021   69.80%
   3161  1363   316304.2665   220   820945.0000   247960.1541   473962   69.80%
   3205  1272   376454.1932   227   820945.0000   247960.1541   470547   69.80%
   3241  1282   318986.6983   178   820945.0000   247960.1541   471098   69.80%
   3278  1460   318697.1132   198   820945.0000   247960.1541   483770   69.80%
   3314  1520   347255.1189   193   820945.0000   247960.1541   486271   69.80%
   3357  1574   332616.5938   201   820945.0000   247960.1541   489728   69.80%
   3389  1644   333496.5755   172   820945.0000   247960.1541   495296   69.80%
   3524  1515   309068.1963   184   820945.0000   247960.1541   485446   69.80%
Elapsed time = 1212.15 sec. (203780.67 ticks, tree = 508.57 MB, solutions = 14)
   3674  1796   333554.6981   245   820945.0000   247960.1541   507204   69.80%
   3807  1996   333571.2089   196   820945.0000   247960.1541   524453   69.80%
   4000  2068   376466.6933   196   820945.0000   247960.1541   534621   69.80%
   4202  2229   378766.4349   180   820945.0000   247960.1541   546744   69.80%
   4404  2532   414549.1992   165   820945.0000   247960.1541   568289   69.80%
   4598  2725   470801.1835   186   820945.0000   247960.1541   579746   69.80%
   4716  2889   387057.3548   191   820945.0000   247960.1541   590364   69.80%
   4947  3063   368977.1350   134   820945.0000   247960.1541   598461   69.80%
   5184  3222   461309.0254   139   820945.0000   247960.1541   607198   69.80%
   5406  3378   417142.2329   181   820945.0000   247960.1541   615072   69.80%
Elapsed time = 1636.91 sec. (242141.46 ticks, tree = 1319.95 MB, solutions = 14)
   5661  3877   513677.2770   147   820945.0000   247960.1541   643112   69.80%
   5915  4065   653376.3792   142   820945.0000   247960.1541   651359   69.80%
   6134  4321   503231.3700   180   820945.0000   247960.1541   666068   69.80%
   6432  4350   819463.1000    98   820945.0000   247960.1541   665283   69.80%
   6683  4755   581366.8333    89   820945.0000   247960.1541   697761   69.80%
   6888  5072   267298.7789   213   820945.0000   249343.5831   729886   69.63%
   7151  5273   295211.4031   224   820945.0000   249343.5831   757612   69.63%
   7409  5406   360457.2283   160   820945.0000   250911.5614   772775   69.44%
   7704  5525   514571.5313   117   820945.0000   251160.3273   786373   69.41%
   8028  5939   529196.9871   176   820945.0000   251160.3273   835991   69.41%
Elapsed time = 2084.44 sec. (280482.90 ticks, tree = 2375.04 MB, solutions = 14)
Nodefile size = 306.66 MB (192.80 MB after compression)
   8414  6421   502438.9568   119   820945.0000   251160.3273   885025   69.41%
*  8751+ 6658                       806587.0000   251160.3273            68.86%
   8825  6740   740065.5000   101   806587.0000   251160.3273   911213   68.86%
   9337  6795   281299.5682   191   806587.0000   251160.3273   915574   68.86%
   9686  7565   563342.5625   103   806587.0000   251427.3604   970387   68.83%
  10058  7801   331312.2625   223   806587.0000   251427.3604   993998   68.83%
  10392  7870   308485.4244   226   806587.0000   252733.2201  1009565   68.67%
* 10650+ 8325                       805527.0000   252733.2201            68.63%
  10655  8328   330768.4588   183   805527.0000   252733.2201  1035198   68.63%
* 10921+ 8514                       805471.0000   253801.3191            68.49%
  10925  8895   305881.3919   243   805471.0000   253801.3191  1091159   68.49%
  11237  9095   378741.6433   229   805471.0000   253801.3191  1115142   68.49%
  11495  9303   316260.2186   210   805471.0000   258388.0087  1140608   67.92%
Elapsed time = 2513.17 sec. (318789.48 ticks, tree = 3725.55 MB, solutions = 17)
Nodefile size = 1648.11 MB (1047.49 MB after compression)
  11851  9633   340526.3748   220   805471.0000   261014.8198  1173977   67.59%
  12232 10096   341180.0642   228   805471.0000   261947.6783  1212055   67.48%
  12542 10000   359622.7621   227   805471.0000   261964.1676  1203945   67.48%
  12896 10593   346433.2589   228   805471.0000   261964.1676  1247406   67.48%
  13231 10792   364616.2885   195   805471.0000   262628.9856  1265437   67.39%
  13553 11328   351754.8016   187   805471.0000   262628.9856  1310924   67.39%
  13879 11692   315175.7912   220   805471.0000   262628.9856  1343976   67.39%
  14197 12001   336943.2483   228   805471.0000   262932.2346  1366160   67.36%
  14518 12204   367304.2354   226   805471.0000   263385.2657  1392920   67.30%
  14893 12339   371995.2940   218   805471.0000   263927.6153  1407781   67.23%
Elapsed time = 2889.45 sec. (357028.42 ticks, tree = 5036.93 MB, solutions = 17)
Nodefile size = 2948.50 MB (1863.31 MB after compression)
  15191 12885   463378.5563   149   805471.0000   263927.6153  1460996   67.23%
  15478 13402   438101.6125   213   805471.0000   264105.7464  1500224   67.21%
  15751 13636   412889.5174   228   805471.0000   264144.1948  1537835   67.21%
  16093 13880   657348.7000   143   805471.0000   264344.7281  1563282   67.18%
* 16209+13891                       799736.0000   264344.7281            66.95%
* 16278+13891                       790851.0000   264344.7281            66.57%
  16435 14176   469575.2301   192   790851.0000   264344.7281  1591520   66.57%
  16667 14299   468084.1988   167   790851.0000   264482.0877  1610345   66.56%
  16968 14484   322438.8312   251   790851.0000   264535.4525  1633504   66.55%
  17303 15022   752158.3333   109   790851.0000   264860.0023  1692561   66.51%
* 17539+15138                       778340.0000   264860.0023            65.97%
* 17615+15138                       775941.0000   264860.0023            65.87%
  17651 15258   425437.5432   217   775941.0000   264860.0023  1716711   65.87%
Starting limited solution polishing.
  17946 15332   342000.8484   241   775941.0000   264894.0506  1727213   65.86%
Elapsed time = 3267.47 sec. (395264.51 ticks, tree = 6256.64 MB, solutions = 23)
Nodefile size = 4185.47 MB (2645.65 MB after compression)
* 18214+15557                       767082.0000   265102.7965            65.44%
  18263 15910   538309.0198   143   767082.0000   265102.7965  1807629   65.44%
  18655 16045   397563.2451   167   767082.0000   265382.7205  1816973   65.40%
  18932 16421   355643.8704   218   767082.0000   265427.6909  1861532   65.40%
  19146 16505   422931.9031   223   767082.0000   265427.6909  1868795   65.40%
  19356 16817   350323.2461   237   767082.0000   265453.5446  1898147   65.39%
  19605 17006   364675.9929   225   767082.0000   265453.5446  1914225   65.39%
* 19631+16917                       766711.0000   265453.5446            65.38%
  19808 16976   440348.8993   242   766711.0000   265453.5446  1909616   65.38%
  20012 17230   386619.3267   215   766711.0000   265620.3107  1933463   65.36%
  20255 17444   335581.9290   178   766711.0000   265620.3107  1953546   65.36%
* 20310+16822                       766306.0000   265620.3107            65.34%
  20425 17757   407447.4656   238   766306.0000   265859.9490  1984314   65.31%
Elapsed time = 3528.05 sec. (433520.31 ticks, tree = 6938.67 MB, solutions = 26)
Nodefile size = 4863.81 MB (3069.72 MB after compression)
  20617 18157   387622.1162   231   766306.0000   265859.9490  2024733   65.31%
  20941 17962   345427.4872   206   766306.0000   265859.9490  2009637   65.31%
  21167 18570   433422.5006   193   766306.0000   265859.9490  2060566   65.31%
* 21176+18510                       760311.0000   265859.9490            65.03%
  21176 18512   363727.6202   158   760311.0000   265859.9490  2055982   65.03%

Implied bound cuts applied:  354
Zero-half cuts applied:  417
Lift and project cuts applied:  20

Root node processing (before b&c):
  Real time             =   58.59 sec. (41928.56 ticks)
Parallel b&c, 8 threads:
  Real time             = 3543.73 sec. (412167.76 ticks)
  Sync time (average)   =  652.18 sec.
  Wait time (average)   =    0.01 sec.
                          ------------
Total (root+branch&cut) = 3602.32 sec. (454096.32 ticks)
Status: Feasible
Obj: 760311

Instalacoes abertas:
Instalação 0 aberta
Instalação 1 aberta
Instalação 4 aberta
Instalação 8 aberta
Instalação 9 aberta
Instalação 13 aberta
Instalação 16 aberta
Instalação 18 aberta
Instalação 19 aberta
Instalação 20 aberta
Instalação 22 aberta
Instalação 23 aberta
Instalação 25 aberta
Instalação 30 aberta
Instalação 31 aberta
Instalação 34 aberta
Instalação 39 aberta
Instalação 42 aberta
Instalação 46 aberta
Instalação 47 aberta
Instalação 49 aberta

Atribuições (cliente -> instalação):
Cliente 0 -> Instalação 47
Cliente 1 -> Instalação 19
Cliente 2 -> Instalação 23
Cliente 3 -> Instalação 39
Cliente 4 -> Instalação 42
Cliente 5 -> Instalação 13
Cliente 6 -> Instalação 20
Cliente 7 -> Instalação 47
Cliente 8 -> Instalação 42
Cliente 9 -> Instalação 49
Cliente 10 -> Instalação 9
Cliente 11 -> Instalação 22
Cliente 12 -> Instalação 1
Cliente 13 -> Instalação 13
Cliente 14 -> Instalação 34
Cliente 15 -> Instalação 9
Cliente 16 -> Instalação 20
Cliente 17 -> Instalação 34
Cliente 18 -> Instalação 46
Cliente 19 -> Instalação 0
Cliente 20 -> Instalação 16
Cliente 21 -> Instalação 4
Cliente 22 -> Instalação 22
Cliente 23 -> Instalação 23
Cliente 24 -> Instalação 25
Cliente 25 -> Instalação 25
Cliente 26 -> Instalação 9
Cliente 27 -> Instalação 22
Cliente 28 -> Instalação 31
Cliente 29 -> Instalação 0
Cliente 30 -> Instalação 20
Cliente 31 -> Instalação 30
Cliente 32 -> Instalação 31
Cliente 33 -> Instalação 1
Cliente 34 -> Instalação 0
Cliente 35 -> Instalação 49
Cliente 36 -> Instalação 4
Cliente 37 -> Instalação 30
Cliente 38 -> Instalação 4
Cliente 39 -> Instalação 8
Cliente 40 -> Instalação 19
Cliente 41 -> Instalação 18
Cliente 42 -> Instalação 46
Cliente 43 -> Instalação 19
Cliente 44 -> Instalação 8
Cliente 45 -> Instalação 47
Cliente 46 -> Instalação 8
Cliente 47 -> Instalação 13
Cliente 48 -> Instalação 39
Cliente 49 -> Instalação 16
