Version identifier: 22.1.1.0 | 2022-11-28 | 9160aff4d
CPXPARAM_TimeLimit                               3600
Found incumbent of value 2742750.000000 after 0.00 sec. (3.33 ticks)
Tried aggregator 1 time.
MIP Presolve eliminated 50 rows and 1 columns.
Reduced MIP has 51500 rows, 3529 columns, and 154400 nonzeros.
Reduced MIP has 3529 binaries, 0 generals, 0 SOSs, and 0 indicators.
Presolve time = 0.08 sec. (68.63 ticks)
Probing time = 0.03 sec. (8.01 ticks)
Tried aggregator 1 time.
Detecting symmetries...
Reduced MIP has 51500 rows, 3529 columns, and 154400 nonzeros.
Reduced MIP has 3529 binaries, 0 generals, 0 SOSs, and 0 indicators.
Presolve time = 0.09 sec. (83.47 ticks)
Probing time = 0.03 sec. (8.15 ticks)
Clique table members: 2500.
MIP emphasis: balance optimality and feasibility.
MIP search method: dynamic search.
Parallel mode: deterministic, using up to 8 threads.
Root relaxation solution time = 0.18 sec. (76.31 ticks)

        Nodes                                         Cuts/
   Node  Left     Objective  IInf  Best Integer    Best Bound    ItCnt     Gap

*     0+    0                      2742750.0000        0.0000           100.00%
*     0+    0                      1660396.0000        0.0000           100.00%
*     0+    0                      1325594.0000        0.0000           100.00%
*     0+    0                      1300594.0000        0.0000           100.00%
      0     0    93774.0000   100  1300594.0000    93774.0000      189   92.79%
      0     0   106217.5000   100  1300594.0000    Cuts: 2480      411   91.83%
      0     0   118774.0000    98  1300594.0000    Cuts: 2484      766   90.87%
      0     0   131217.5000    98  1300594.0000 ZeroHalf: 1023     2080   89.91%
*     0+    0                      1299220.0000   131217.5000            89.90%
*     0+    0                      1118682.0000   131217.5000            88.27%
*     0+    0                      1064208.0000   131217.5000            87.67%
      0     0  -1.00000e+75     0  1064208.0000   131217.5000     2080   87.67%
*     0+    0                       819704.0000   131217.5000            83.99%
      0     0   136407.9742   180   819704.0000 ZeroHalf: 1027     2848   83.36%
*     0+    0                       791983.0000   136407.9742            82.78%
      0     0   143322.8000   168   791983.0000     Cuts: 916     3550   81.90%
Detecting symmetries...
      0     0   150630.2062   197   791983.0000     Cuts: 341     4135   80.98%
      0     0   156341.8193   208   791983.0000     Cuts: 805     4930   80.26%
      0     0   162100.4297   204   791983.0000     Cuts: 592     5735   79.53%
      0     0   164601.9738   199   791983.0000     Cuts: 224     6228   79.22%
      0     0   167910.5965   166   791983.0000     Cuts: 422     6911   78.80%
      0     0   170374.0951   195   791983.0000     Cuts: 129     7493   78.49%
      0     0   172497.9439   222   791983.0000     Cuts: 290     7976   78.22%
      0     0   173937.5110   231   791983.0000     Cuts: 134     8403   78.04%
      0     0   175912.6812   197   791983.0000     Cuts: 255     8928   77.79%
*     0+    0                       788437.0000   175912.6812            77.69%
      0     0   177074.0705   206   788437.0000     Cuts: 283     9462   77.54%
      0     0   178187.0788   201   788437.0000     Cuts: 105     9854   77.40%
      0     0   179019.3350   202   788437.0000     Cuts: 228    10222   77.29%
      0     0   179695.3931   232   788437.0000      Cuts: 61    10414   77.21%
      0     0   180542.4282   220   788437.0000     Cuts: 247    10818   77.10%
      0     0   181304.0145   197   788437.0000     Cuts: 313    11136   77.00%
      0     0   182543.8028   200   788437.0000     Cuts: 146    11588   76.85%
      0     0   183910.8795   206   788437.0000     Cuts: 144    12081   76.67%
      0     0   184639.6366   205   788437.0000     Cuts: 160    12369   76.58%
      0     0   185522.7538   206   788437.0000     Cuts: 246    12687   76.47%
      0     0   187024.7800   206   788437.0000     Cuts: 148    13147   76.28%
      0     0   187975.3688   202   788437.0000     Cuts: 166    13475   76.16%
      0     0   189211.1146   203   788437.0000  ZeroHalf: 86    13827   76.00%
      0     0   190309.1893   231   788437.0000     Cuts: 107    14207   75.86%
      0     0   191111.2506   229   788437.0000      Cuts: 84    14485   75.76%
      0     0   191549.3950   226   788437.0000      Cuts: 98    14707   75.71%
      0     0   192089.1135   225   788437.0000      Cuts: 98    14980   75.64%
      0     0   192945.5200   233   788437.0000     Cuts: 145    15211   75.53%
      0     0   193890.1633   255   788437.0000     Cuts: 106    15489   75.41%
      0     0   195194.5013   227   788437.0000     Cuts: 250    15967   75.24%
      0     0   196710.3621   229   788437.0000     Cuts: 128    16470   75.05%
      0     0   197582.1288   234   788437.0000     Cuts: 107    16786   74.94%
      0     0   198225.0830   218   788437.0000     Cuts: 149    17106   74.86%
      0     0   198612.4944   196   788437.0000     Cuts: 179    17402   74.81%
      0     0   199138.6477   205   788437.0000     Cuts: 101    17629   74.74%
      0     0   199701.1174   195   788437.0000      Cuts: 51    17824   74.67%
      0     0   200143.1731   207   788437.0000      Cuts: 80    18173   74.62%
      0     0   200490.6732   205   788437.0000  ZeroHalf: 64    18406   74.57%
      0     0   200716.4021   199   788437.0000      Cuts: 59    18640   74.54%
      0     0   201051.7576   230   788437.0000      Cuts: 90    18928   74.50%
      0     0   201381.8988   231   788437.0000      Cuts: 82    19159   74.46%
      0     0   201571.1440   201   788437.0000      Cuts: 43    19340   74.43%
      0     0   201992.4908   225   788437.0000      Cuts: 32    19574   74.38%
      0     0   202370.1477   211   788437.0000     Cuts: 134    19864   74.33%
      0     0   202744.4889   197   788437.0000      Cuts: 38    20095   74.29%
      0     0   203160.3336   225   788437.0000      Cuts: 75    20339   74.23%
      0     0   203837.9402   227   788437.0000      Cuts: 37    20603   74.15%
      0     0   204510.7762   226   788437.0000      Cuts: 98    20922   74.06%
      0     0   205384.3166   218   788437.0000      Cuts: 99    21317   73.95%
      0     0   205809.4939   219   788437.0000      Cuts: 65    21586   73.90%
      0     0   206157.8548   235   788437.0000      Cuts: 42    21833   73.85%
      0     0   206463.3349   228   788437.0000      Cuts: 47    22053   73.81%
      0     0   206739.7884   231   788437.0000      Cuts: 56    22240   73.78%
      0     0   206861.9250   231   788437.0000      Cuts: 30    22370   73.76%
      0     0   207122.4123   232   788437.0000      Cuts: 20    22548   73.73%
      0     0   207349.8169   227   788437.0000      Cuts: 44    22703   73.70%
      0     0   207529.2784   225   788437.0000      Cuts: 51    22806   73.68%
      0     0   207794.3478   221   788437.0000      Cuts: 53    23015   73.64%
      0     0   207969.0826   216   788437.0000      Cuts: 93    23178   73.62%
      0     0   208256.9746   217   788437.0000      Cuts: 28    23387   73.59%
      0     0   208463.8125   225   788437.0000      Cuts: 24    23558   73.56%
      0     0   208715.9782   225   788437.0000      Cuts: 62    23766   73.53%
      0     0   209059.1664   235   788437.0000      Cuts: 51    23998   73.48%
      0     0   209357.2540   233   788437.0000      Cuts: 79    24219   73.45%
      0     0   209735.2354   222   788437.0000      Cuts: 64    24492   73.40%
      0     0   210188.3556   224   788437.0000      Cuts: 39    24730   73.34%
      0     0   210521.2961   212   788437.0000     Cuts: 102    25003   73.30%
      0     0   210806.5280   222   788437.0000     Cuts: 158    25271   73.26%
      0     0   211085.7893   231   788437.0000      Cuts: 77    25484   73.23%
      0     0   211202.2708   223   788437.0000      Cuts: 32    25622   73.21%
      0     0   211385.4026   219   788437.0000      Cuts: 74    25824   73.19%
      0     0   211553.1175   237   788437.0000      Cuts: 71    25974   73.17%
      0     0   211694.2670   264   788437.0000      Cuts: 28    26104   73.15%
Detecting symmetries...
      0     2   211694.2670   264   788437.0000   211694.2670    26104   73.15%
Elapsed time = 45.70 sec. (32998.12 ticks, tree = 0.02 MB, solutions = 10)
      2     4   211803.6711   248   788437.0000   211694.8274    26236   73.15%
      4     4   241162.0507   195   788437.0000   211694.8274    26974   73.15%
      6     6   240405.1568   198   788437.0000   211695.6227    27241   73.15%
     15    16   266890.8172   161   788437.0000   211962.3329    32355   73.12%
     24    20   241936.5618   196   788437.0000   211962.3329    33822   73.12%
     35    28   294870.8362   162   788437.0000   212306.4197    37859   73.07%
     44    38   231767.5271   191   788437.0000   212306.4197    41370   73.07%
     53    52   255110.3460   185   788437.0000   212306.4197    48497   73.07%
     60    53   294414.6802   166   788437.0000   212306.4197    49066   73.07%
    133   105   293703.4716   170   788437.0000   212306.4197    63350   73.07%
Elapsed time = 73.64 sec. (36364.80 ticks, tree = 1.96 MB, solutions = 10)
    247   171   611213.2500    77   788437.0000   212306.4197    73070   73.07%
    402   313   697034.0000    55   788437.0000   212306.4197    91103   73.07%
*   446+  295                       783629.0000   212306.4197            72.91%
    515   450   412620.7500    82   783629.0000   212306.4197   112319   72.91%
    621   518   522665.5000    82   783629.0000   212306.4197   122294   72.91%
    798   667   706106.5000    61   783629.0000   212306.4197   137027   72.91%
    946   682   306519.6704   168   783629.0000   212306.4197   144851   72.91%
   1030   917   319877.3321   146   783629.0000   214317.3513   174077   72.65%
   1092   983   343261.1784   166   783629.0000   218033.9121   189157   72.18%
   1176  1077   476389.2500    86   783629.0000   218033.9121   210395   72.18%
   1287  1170   682251.5000    50   783629.0000   218033.9121   230617   72.18%
Elapsed time = 139.10 sec. (46067.37 ticks, tree = 12.12 MB, solutions = 11)
   1427  1213   637265.5000    61   783629.0000   218033.9121   240356   72.18%
   1602  1389   678866.0000    60   783629.0000   218033.9121   259098   72.18%
   1757  1481   263781.3034   187   783629.0000   218033.9121   270762   72.18%

Performing restart 1

Repeating presolve.
Tried aggregator 1 time.
MIP Presolve eliminated 732 rows and 23 columns.
Reduced MIP has 50768 rows, 3506 columns, and 152204 nonzeros.
Reduced MIP has 3506 binaries, 0 generals, 0 SOSs, and 0 indicators.
Presolve time = 0.07 sec. (69.87 ticks)
Tried aggregator 1 time.
Reduced MIP has 50768 rows, 3506 columns, and 152204 nonzeros.
Reduced MIP has 3506 binaries, 0 generals, 0 SOSs, and 0 indicators.
Presolve time = 0.09 sec. (85.12 ticks)
Represolve time = 0.25 sec. (224.43 ticks)
*  1758+    0                       780120.0000   218033.9121            72.05%
   1758     0   211966.4787   270   780120.0000     Cuts: 112   294512   72.05%
   1758     0   212432.2430   271   780120.0000      Cuts: 87   294838   72.05%
   1758     0   212869.4111   272   780120.0000     Cuts: 138   295197   72.05%
*  1758+    0                       779847.0000   218033.9121            72.04%
   1758     0  -1.00000e+75     0   779847.0000   218033.9121   295197   72.04%
*  1758+    0                       779480.0000   218033.9121            72.03%
   1758     0   213095.4535   271   779480.0000     Cuts: 140   295493   72.03%
   1758     2   213095.4535   271   779480.0000   218033.9121   295493   72.03%
   1759     3   213361.8682   260   779480.0000   218033.9121   295692   72.03%
   1763     7   213688.2909   251   779480.0000   218033.9121   296197   72.03%
   1766     9   214139.6414   251   779480.0000   218033.9121   296558   72.03%
   1782    18   244947.4403   186   779480.0000   218033.9121   298842   72.03%
   1805    30   239018.6732   198   779480.0000   218033.9121   304199   72.03%
   1853    80   219151.1105   222   779480.0000   218033.9121   318202   72.03%
Elapsed time = 266.74 sec. (75694.63 ticks, tree = 3.43 MB, solutions = 14)
   1902   101   250975.8769   185   779480.0000   218033.9121   322028   72.03%
   1948   153   246580.7427   181   779480.0000   218033.9121   332396   72.03%
   1962   180   259017.0824   170   779480.0000   218033.9121   337606   72.03%
   1985   204   255034.4924   224   779480.0000   218033.9121   342602   72.03%
   2007   217   262150.3521   184   779480.0000   218033.9121   345584   72.03%
   2022   246   271806.6673   196   779480.0000   218033.9121   351562   72.03%
   2032   252   275863.4739   188   779480.0000   218033.9121   352054   72.03%
   2049   274   274047.6542   171   779480.0000   218033.9121   355563   72.03%
   2075   283   267871.1869   195   779480.0000   218033.9121   358945   72.03%
   2101   260   276558.7045   193   779480.0000   218033.9121   353264   72.03%
Elapsed time = 388.19 sec. (85741.72 ticks, tree = 5.33 MB, solutions = 14)
   2136   356   246737.2498   202   779480.0000   218033.9121   371541   72.03%
   2186   332   284651.4823   214   779480.0000   218033.9121   368056   72.03%
   2217   366   293384.5875   186   779480.0000   218033.9121   373323   72.03%
   2259   425   289855.1917   204   779480.0000   218033.9121   379569   72.03%
   2295   456   284405.1206   192   779480.0000   218033.9121   384741   72.03%
   2322   520   287326.3386   180   779480.0000   218033.9121   392307   72.03%
   2356   505   297705.7006   191   779480.0000   218033.9121   390511   72.03%
   2405   561   301890.3835   199   779480.0000   218033.9121   396137   72.03%
   2454   577   329934.1686   174   779480.0000   218033.9121   399271   72.03%
   2502   641   271396.5661   187   779480.0000   218033.9121   405769   72.03%
Elapsed time = 492.53 sec. (95600.97 ticks, tree = 6.76 MB, solutions = 14)
   2560   680   301995.0516   174   779480.0000   218033.9121   408888   72.03%
   2616   691   305307.7778   182   779480.0000   218033.9121   410331   72.03%
   2666   776   315043.1000   153   779480.0000   218033.9121   419064   72.03%
   2698   870   321275.0742   199   779480.0000   218033.9121   428102   72.03%
   2750   808   311399.0469   195   779480.0000   218033.9121   421389   72.03%
   2808   877   356315.4259   155   779480.0000   218033.9121   428488   72.03%
   2864  1007   372366.5000    96   779480.0000   218033.9121   441286   72.03%
   2947  1087   373881.3617   180   779480.0000   218033.9121   452953   72.03%
   3020  1065   373991.3750   136   779480.0000   218033.9121   447844   72.03%
   3087  1206   393418.3333   111   779480.0000   218033.9121   460800   72.03%
Elapsed time = 586.66 sec. (105212.20 ticks, tree = 10.85 MB, solutions = 14)
   3132  1314   338772.4947   202   779480.0000   218033.9121   474449   72.03%
   3184  1305   349848.7790   177   779480.0000   218033.9121   472970   72.03%
   3248  1398   355279.0432   189   779480.0000   218033.9121   484036   72.03%
   3298  1408   364938.9894   184   779480.0000   218033.9121   484797   72.03%
   3345  1372   410749.7986   165   779480.0000   218033.9121   482246   72.03%
   3395  1585   407808.7500   156   779480.0000   218033.9121   501910   72.03%
   3482  1535   422481.2500   127   779480.0000   218033.9121   496096   72.03%
   3550  1617   428703.9000   170   779480.0000   218033.9121   503422   72.03%
   3630  1748   472193.5000   103   779480.0000   218033.9121   511976   72.03%
   3683  1767   424516.2241   155   779480.0000   218033.9121   515143   72.03%
Elapsed time = 684.52 sec. (114956.56 ticks, tree = 15.80 MB, solutions = 14)
   3766  1819   466581.9524   202   779480.0000   218033.9121   519621   72.03%
   3882  1945   513775.5682   165   779480.0000   218033.9121   524817   72.03%
   3972  2076   500020.1739   162   779480.0000   218033.9121   532966   72.03%
   4069  2247   471659.4709   192   779480.0000   218033.9121   542939   72.03%
   4175  2287   557944.3333   130   779480.0000   218033.9121   547292   72.03%
   4266  2281   481849.5000   173   779480.0000   218033.9121   544158   72.03%
   4345  2476   485956.0994   162   779480.0000   218033.9121   554354   72.03%
   4447  2358   541520.0000    93   779480.0000   218033.9121   549578   72.03%
   4562  2658   483338.7465   155   779480.0000   218033.9121   563084   72.03%
   4671  2699   689210.5000    80   779480.0000   218033.9121   564146   72.03%
Elapsed time = 779.29 sec. (124606.86 ticks, tree = 22.02 MB, solutions = 14)
   4783  2683   559395.7500   106   779480.0000   218033.9121   564149   72.03%
   4890  2861   610838.5000    87   779480.0000   218033.9121   571309   72.03%
   4997  2963   240637.2481   208   779480.0000   218033.9121   575737   72.03%
   5099  3084   648385.6763   123   779480.0000   218033.9121   582003   72.03%
   5204  3288   666772.7500    97   779480.0000   227119.0271   597031   70.86%
   5312  3238   265175.1202   210   779480.0000   227119.0271   598578   70.86%
   5387  3373   320796.5847   182   779480.0000   227119.0271   606590   70.86%
   5463  3438   297817.9366   199   779480.0000   227119.0271   618539   70.86%
   5533  3508   263375.7038   190   779480.0000   227119.0271   625830   70.86%
   5614  3648   319179.0274   180   779480.0000   227119.0271   641636   70.86%
Elapsed time = 870.93 sec. (134285.23 ticks, tree = 29.46 MB, solutions = 14)
   5668  3651   383374.8127   156   779480.0000   229545.7085   643360   70.55%
   5718  3812   412143.5000   121   779480.0000   231691.1208   671554   70.28%
   5771  3867   313902.6028   199   779480.0000   231929.1190   685894   70.25%
   5813  3880   280302.8161   194   779480.0000   231929.1190   691415   70.25%
   5862  3862   254554.7945   234   779480.0000   231929.1190   683753   70.25%
   5927  3976   416691.4326   161   779480.0000   231929.1190   711235   70.25%
   5990  4079   523701.5000    80   779480.0000   231929.1190   729923   70.25%
   6075  4029   486788.5000    84   779480.0000   231929.1190   722075   70.25%
   6131  4196   501001.2500   117   779480.0000   231929.1190   756423   70.25%
   6563  4439   612483.5000    64   779480.0000   231929.1190   791687   70.25%
Elapsed time = 994.40 sec. (146875.09 ticks, tree = 35.43 MB, solutions = 14)
   7052  4941   413305.0000   141   779480.0000   231929.1190   841976   70.25%
   7599  5333   710001.0278   122   779480.0000   231994.8022   869185   70.24%
   8210  5886   267708.2177   198   779480.0000   231994.8022   911865   70.24%
   8468  6481   577259.0000    70   779480.0000   231994.8022   975864   70.24%
   8760  6734   408790.9167   151   779480.0000   231994.8022  1034579   70.24%
   9078  7040   520907.5000    83   779480.0000   234035.0931  1087298   69.98%
   9410  7241   277667.1630   182   779480.0000   235926.3101  1119052   69.73%
   9676  7516   270908.6992   186   779480.0000   236364.8018  1171683   69.68%
   9992  7944   505373.4000   151   779480.0000   236719.4099  1257423   69.63%
* 10154+ 7965                       773597.0000   236719.4099            69.40%
  10335  8068   434970.9314   180   773597.0000   237208.3016  1286377   69.34%
Elapsed time = 1355.79 sec. (185117.28 ticks, tree = 61.14 MB, solutions = 16)
  10578  8434   446052.0000   144   773597.0000   238430.0114  1340974   69.18%
  10840  8702   410824.4465   205   773597.0000   238430.0114  1379588   69.18%
  11132  8998   346625.3766   180   773597.0000   238749.6121  1434935   69.14%
  11387  9140   313072.2117   195   773597.0000   238936.2038  1455122   69.11%
  11654  9484   436895.7826   188   773597.0000   239079.7312  1515753   69.10%
  11940  9818   379832.9513   193   773597.0000   239647.4159  1572968   69.02%
  12229  9977   424830.9350   220   773597.0000   239905.1474  1592354   68.99%
  12561 10191   368440.8071   176   773597.0000   240084.1281  1638320   68.97%
  12804 10519   404051.2539   211   773597.0000   240108.6984  1685420   68.96%
  13091 10819   348842.5846   173   773597.0000   240128.3441  1753301   68.96%
Elapsed time = 1704.11 sec. (223431.89 ticks, tree = 80.85 MB, solutions = 16)
  13411 11270   409902.3291   189   773597.0000   240128.3441  1818905   68.96%
  13798 11293   440023.8878   181   773597.0000   240128.3441  1819330   68.96%
  14108 11909   455747.1667   183   773597.0000   240465.4796  1902234   68.92%
  14415 12120   344880.9583   194   773597.0000   240465.4796  1938864   68.92%
  14705 12404   390253.4854   205   773597.0000   240541.9187  1978584   68.91%
  15005 12735   422075.1070   167   773597.0000   240638.4588  2026143   68.89%
  15305 12985   424203.8077   160   773597.0000   240781.7275  2075070   68.88%
  15660 13260   429708.5221   180   773597.0000   240875.2729  2109426   68.86%
  15968 13831   476741.7273   139   773597.0000   241125.5583  2201256   68.83%
* 16196+13751                       747408.0000   241125.5583            67.74%
  16307 13931   332775.6353   198   747408.0000   241125.5583  2223200   67.74%
Elapsed time = 2047.82 sec. (261650.21 ticks, tree = 102.94 MB, solutions = 17)
* 16436+14053                       722941.0000   241252.2280            66.63%
  16647 14162   355597.2003   237   722941.0000   241252.2280  2285191   66.63%
  16994 14276   456917.5000   112   722941.0000   241306.5818  2339362   66.62%
* 17076+14207                       714741.0000   241449.6399            66.22%
* 17086+14207                       708752.0000   241449.6399            65.93%
  17292 14536   574714.4857   113   708752.0000   241449.6399  2402597   65.93%
  17600 14706   412348.6607   186   708752.0000   241599.2012  2432075   65.91%
  17911 14993   379998.5000   159   708752.0000   241912.6452  2480579   65.87%
  18186 15393   541163.7667   115   708752.0000   241936.6617  2549241   65.86%
  18544 15467   348627.4766   196   708752.0000   241936.6617  2566856   65.86%
  18852 15864   322867.6604   223   708752.0000   242105.7499  2621125   65.84%
  19079 16292   399619.1539   192   708752.0000   242105.7499  2693323   65.84%
  19400 16494   411901.7500   139   708752.0000   242299.8955  2726263   65.81%
Elapsed time = 2385.40 sec. (299902.28 ticks, tree = 121.69 MB, solutions = 20)
  19733 16767   382233.4833   221   708752.0000   242299.8955  2767794   65.81%
  20088 17097   442835.8750   141   708752.0000   242413.8846  2820222   65.80%
  20424 17553   434384.4029   203   708752.0000   242413.8846  2879499   65.80%
  20732 17916   384987.8005   218   708752.0000   242499.2931  2934589   65.79%
  21030 18021   372666.0030   189   708752.0000   242778.7155  2961259   65.75%
  21363 18441   409874.3090   212   708752.0000   242778.7155  3025463   65.75%
  21696 18541   453451.7619   174   708752.0000   243294.0320  3040317   65.67%
  22002 19217   300208.6305   232   708752.0000   243322.1846  3135616   65.67%
  22245 19378   431523.0583   203   708752.0000   243453.9586  3158377   65.65%
  22533 19646   447683.5362   212   708752.0000   243469.6576  3205662   65.65%
Elapsed time = 2736.97 sec. (338217.99 ticks, tree = 145.92 MB, solutions = 20)
  22782 19731   396180.8889   169   708752.0000   243469.6576  3225960   65.65%
  23174 20056   638433.1667    82   708752.0000   243469.6576  3280601   65.65%
  23568 20599   404509.7500   174   708752.0000   243469.6576  3360744   65.65%
  23835 20671   432157.5562   207   708752.0000   243469.6576  3366255   65.65%
  24111 21054   371731.3596   193   708752.0000   243534.6404  3422823   65.64%
  24416 21459   565831.0000   108   708752.0000   243646.0007  3486393   65.62%
  24833 21602   391729.0098   218   708752.0000   243646.0007  3518306   65.62%
  25196 22263   611665.7778    98   708752.0000   243646.0007  3612931   65.62%
  25478 22534   601746.3333   116   708752.0000   243707.9252  3653998   65.61%
  25851 22732   359840.2643   217   708752.0000   243776.1327  3694933   65.60%
Elapsed time = 3105.37 sec. (376491.11 ticks, tree = 174.90 MB, solutions = 20)
  26163 23383   687286.8571   121   708752.0000   243803.0396  3782800   65.60%
  26511 23417   306952.5028   197   708752.0000   243803.0396  3790187   65.60%
  26831 23747   412353.4167   192   708752.0000   243859.0662  3855446   65.59%
  27073 23773   301335.6096   216   708752.0000   243896.4481  3862783   65.59%
  27384 24467   413687.8784   203   708752.0000   244215.6649  3970618   65.54%
Starting limited solution polishing.
  27761 24900   359883.1682   201   708752.0000   244274.5903  4034920   65.53%
  28092 24736   439121.8750   155   708752.0000   244274.5903  4012668   65.53%
* 28162+25121                       699277.0000   244274.5903            65.07%
  28286 25382   364461.2667   185   699277.0000   244320.3388  4111998   65.06%
  28458 25548   309998.9769   159   699277.0000   244438.3329  4142156   65.04%
  28633 25545   329135.1495   223   699277.0000   244438.3329  4137266   65.04%
Elapsed time = 3396.20 sec. (414730.67 ticks, tree = 195.66 MB, solutions = 23)
  28965 25938   391286.0769   176   699277.0000   244607.8058  4209284   65.02%
* 28972+26021                       698136.0000   244607.8058            64.96%
* 29065+25788                       695367.0000   244607.8058            64.82%
* 29171+26111                       689138.0000   244607.8058            64.51%
* 29173+26111                       679199.0000   244607.8058            63.99%
  29328 25864   435820.0588   184   679199.0000   244607.8058  4195180   63.99%
  29558 26085   407322.7966   191   679199.0000   244705.6562  4237429   63.97%
* 29585+26226                       673875.0000   244705.6562            63.69%
  29823 25792   493932.3333   128   673875.0000   244729.9087  4178139   63.68%
  30148 26256   299651.7554   202   673875.0000   244920.0580  4297867   63.65%
  30442 26695   446626.5000    76   673875.0000   244920.0580  4368031   63.65%
  30744 27354   663817.8182    63   673875.0000   245261.9567  4454668   63.60%
* 30781+26964                       673397.0000   245261.9567            63.58%
  31116 27553   641264.5000    74   673397.0000   245261.9567  4481871   63.58%
  31202 27217   331477.8167   221   673397.0000   245261.9567  4439903   63.58%

Implied bound cuts applied:  4
Zero-half cuts applied:  388
Lift and project cuts applied:  30

Root node processing (before b&c):
  Real time             =   45.64 sec. (32909.37 ticks)
Parallel b&c, 8 threads:
  Real time             = 3554.38 sec. (423500.15 ticks)
  Sync time (average)   =  582.87 sec.
  Wait time (average)   =    0.01 sec.
                          ------------
Total (root+branch&cut) = 3600.02 sec. (456409.53 ticks)
Status: Feasible
Obj: 673397

Instalacoes abertas:
Instalação 0 aberta
Instalação 1 aberta
Instalação 4 aberta
Instalação 8 aberta
Instalação 9 aberta
Instalação 13 aberta
Instalação 16 aberta
Instalação 18 aberta
Instalação 19 aberta
Instalação 20 aberta
Instalação 22 aberta
Instalação 23 aberta
Instalação 25 aberta
Instalação 29 aberta
Instalação 30 aberta
Instalação 31 aberta
Instalação 34 aberta
Instalação 46 aberta
Instalação 47 aberta
Instalação 49 aberta

Atribuições (cliente -> instalação):
Cliente 0 -> Instalação 20
Cliente 1 -> Instalação 49
Cliente 2 -> Instalação 25
Cliente 3 -> Instalação 9
Cliente 4 -> Instalação 46
Cliente 5 -> Instalação 31
Cliente 6 -> Instalação 25
Cliente 7 -> Instalação 8
Cliente 8 -> Instalação 46
Cliente 9 -> Instalação 1
Cliente 10 -> Instalação 16
Cliente 11 -> Instalação 20
Cliente 12 -> Instalação 9
Cliente 13 -> Instalação 9
Cliente 14 -> Instalação 47
Cliente 15 -> Instalação 0
Cliente 16 -> Instalação 47
Cliente 17 -> Instalação 31
Cliente 18 -> Instalação 18
Cliente 19 -> Instalação 13
Cliente 20 -> Instalação 30
Cliente 21 -> Instalação 1
Cliente 22 -> Instalação 22
Cliente 23 -> Instalação 23
Cliente 24 -> Instalação 25
Cliente 25 -> Instalação 18
Cliente 26 -> Instalação 4
Cliente 27 -> Instalação 49
Cliente 28 -> Instalação 20
Cliente 29 -> Instalação 29
Cliente 30 -> Instalação 30
Cliente 31 -> Instalação 16
Cliente 32 -> Instalação 19
Cliente 33 -> Instalação 47
Cliente 34 -> Instalação 34
Cliente 35 -> Instalação 16
Cliente 36 -> Instalação 20
Cliente 37 -> Instalação 25
Cliente 38 -> Instalação 4
Cliente 39 -> Instalação 13
Cliente 40 -> Instalação 16
Cliente 41 -> Instalação 1
Cliente 42 -> Instalação 9
Cliente 43 -> Instalação 4
Cliente 44 -> Instalação 4
Cliente 45 -> Instalação 8
Cliente 46 -> Instalação 8
Cliente 47 -> Instalação 9
Cliente 48 -> Instalação 13
Cliente 49 -> Instalação 0
