Version identifier: 22.1.1.0 | 2022-11-28 | 9160aff4d
CPXPARAM_TimeLimit                               3600
Tried aggregator 1 time.
MIP Presolve eliminated 50 rows and 1 columns.
Reduced MIP has 34450 rows, 3188 columns, and 103250 nonzeros.
Reduced MIP has 3188 binaries, 0 generals, 0 SOSs, and 0 indicators.
Presolve time = 0.05 sec. (48.22 ticks)
Found incumbent of value 2.8078908e+07 after 0.07 sec. (61.32 ticks)
Probing time = 0.02 sec. (6.43 ticks)
Tried aggregator 1 time.
Detecting symmetries...
Reduced MIP has 34450 rows, 3188 columns, and 103250 nonzeros.
Reduced MIP has 3188 binaries, 0 generals, 0 SOSs, and 0 indicators.
Presolve time = 0.06 sec. (58.30 ticks)
Probing time = 0.02 sec. (6.44 ticks)
Clique table members: 2500.
MIP emphasis: balance optimality and feasibility.
MIP search method: dynamic search.
Parallel mode: deterministic, using up to 8 threads.
Root relaxation solution time = 0.13 sec. (50.69 ticks)

        Nodes                                         Cuts/
   Node  Left     Objective  IInf  Best Integer    Best Bound    ItCnt     Gap

*     0+    0                       2.80789e+07        0.0000           100.00%
*     0+    0                       2.12595e+07        0.0000           100.00%
*     0+    0                      1700761.0000        0.0000           100.00%
*     0+    0                      1234854.0000        0.0000           100.00%
      0     0    93774.0000   100  1234854.0000    93774.0000      166   92.41%
*     0+    0                       748738.0000    93774.0000            87.48%
      0     0   106217.5000   100   748738.0000    Cuts: 1577      363   85.81%
      0     0   118774.0000    98   748738.0000    Cuts: 1580      674   84.14%
      0     0   131210.3333   221   748738.0000 ZeroHalf: 515     2007   82.48%
*     0+    0                       571342.0000   131210.3333            77.03%
*     0+    0                       535282.0000   131210.3333            75.49%
      0     0  -1.00000e+75     0   535282.0000   131210.3333     2007   75.49%
*     0+    0                       521941.0000   131210.3333            74.86%
      0     0   138818.3466   217   521941.0000 ZeroHalf: 670     2881   73.40%
      0     0   145771.5691   190   521941.0000     Cuts: 862     3835   72.07%
Detecting symmetries...
      0     0   148558.4877   188   521941.0000     Cuts: 172     4246   71.54%
      0     0   152261.3603   174   521941.0000     Cuts: 170     4752   70.83%
      0     0   153859.3779   215   521941.0000     Cuts: 164     5039   70.52%
      0     0   155154.2499   225   521941.0000     Cuts: 270     5337   70.27%
      0     0   155893.1013   223   521941.0000      Cuts: 81     5562   70.13%
      0     0   156645.8624   184   521941.0000     Cuts: 296     5804   69.99%
      0     0   157544.5653   179   521941.0000      Cuts: 89     6079   69.82%
      0     0   158248.8297   187   521941.0000      Cuts: 81     6353   69.68%
      0     0   158919.3442   181   521941.0000      Cuts: 53     6676   69.55%
      0     0   159659.0541   183   521941.0000      Cuts: 71     7021   69.41%
      0     0   160824.8101   209   521941.0000      Cuts: 91     7389   69.19%
      0     0   161544.0638   208   521941.0000      Cuts: 63     7628   69.05%
      0     0   162718.6346   194   521941.0000     Cuts: 228     7917   68.82%
      0     0   163610.4724   176   521941.0000     Cuts: 208     8249   68.65%
      0     0   164787.6296   201   521941.0000      Cuts: 50     8614   68.43%
*     0+    0                       440259.0000   164787.6296            62.57%
      0     0   165444.7573   205   440259.0000     Cuts: 101     8848   62.42%
      0     0   165969.8555   204   440259.0000      Cuts: 51     9069   62.30%
      0     0   166400.7793   205   440259.0000      Cuts: 63     9260   62.20%
*     0+    0                       405516.0000   166400.7793            58.97%
      0     0   166783.6890   206   405516.0000      Cuts: 53     9509   58.87%
      0     0   167696.8665   178   405516.0000     Cuts: 208     9801   58.65%
      0     0   168936.2108   209   405516.0000      Cuts: 65    10180   58.34%
      0     0   169501.2778   213   405516.0000      Cuts: 71    10424   58.20%
      0     0   169865.4651   209   405516.0000      Cuts: 36    10567   58.11%
      0     0   170052.9676   207   405516.0000      Cuts: 57    10686   58.07%
      0     0   170520.7586   200   405516.0000     Cuts: 124    10874   57.95%
      0     0   170737.9187   202   405516.0000      Cuts: 41    11028   57.90%
      0     0   170990.0167   210   405516.0000      Cuts: 48    11262   57.83%
      0     0   171147.6904   207   405516.0000      Cuts: 38    11366   57.80%
      0     0   171408.9499   208   405516.0000      Cuts: 41    11493   57.73%
      0     0   171548.0386   207   405516.0000      Cuts: 17    11586   57.70%
      0     0   171824.5596   202   405516.0000      Cuts: 26    11744   57.63%
      0     0   172174.6051   196   405516.0000      Cuts: 63    11896   57.54%
      0     0   172517.1830   212   405516.0000     Cuts: 145    12135   57.46%
      0     0   173065.6058   235   405516.0000      Cuts: 59    12388   57.32%
      0     0   173419.1264   233   405516.0000      Cuts: 94    12595   57.23%
      0     0   173560.5939   205   405516.0000      Cuts: 66    12719   57.20%
      0     0   173737.3198   203   405516.0000      Cuts: 35    12840   57.16%
      0     0   173989.2662   205   405516.0000     Cuts: 100    13042   57.09%
      0     0   174369.9549   202   405516.0000      Cuts: 44    13250   57.00%
      0     0   174966.5983   223   405516.0000      Cuts: 40    13528   56.85%
      0     0   175185.2128   220   405516.0000      Cuts: 51    13710   56.80%
      0     0   175462.8384   223   405516.0000      Cuts: 26    13856   56.73%
      0     0   175769.6856   197   405516.0000     Cuts: 103    14037   56.66%
      0     0   176077.4077   195   405516.0000     Cuts: 141    14206   56.58%
      0     0   176340.2471   205   405516.0000      Cuts: 72    14386   56.51%
      0     0   176670.8697   203   405516.0000      Cuts: 43    14546   56.43%
      0     0   177027.7066   199   405516.0000      Cuts: 30    14702   56.35%
      0     0   177513.0118   227   405516.0000      Cuts: 90    14950   56.23%
      0     0   177721.7827   222   405516.0000      Cuts: 40    15084   56.17%
      0     0   177917.3946   197   405516.0000      Cuts: 23    15202   56.13%
      0     0   178025.7348   204   405516.0000     Cuts: 102    15268   56.10%
      0     0   178530.4523   204   405516.0000      Cuts: 62    15503   55.97%
      0     0   178942.3264   201   405516.0000      Cuts: 96    15720   55.87%
      0     0   179611.0156   200   405516.0000      Cuts: 99    15971   55.71%
      0     0   180053.6007   202   405516.0000      Cuts: 84    16147   55.60%
      0     0   180556.5271   220   405516.0000      Cuts: 55    16364   55.47%
      0     0   180704.5476   228   405516.0000      Cuts: 69    16508   55.44%
      0     0   180832.1158   226   405516.0000  ZeroHalf: 12    16613   55.41%
      0     0   180932.0496   201   405516.0000      Cuts: 93    16711   55.38%
      0     0   181114.2732   203   405516.0000  ZeroHalf: 36    16843   55.34%
      0     0   181230.8402   193   405516.0000  ZeroHalf: 11    16958   55.31%
Detecting symmetries...
      0     2   181230.8402   193   405516.0000   181230.8402    16958   55.31%
Elapsed time = 16.53 sec. (13028.10 ticks, tree = 0.02 MB, solutions = 10)
      2     4   197899.4158   149   405516.0000   181231.0695    17970   55.31%
      6     7   204651.8751   165   405516.0000   181231.0695    18762   55.31%
     19    15   188406.7308   173   405516.0000   181294.6480    21391   55.29%
     25    18   220203.8500   159   405516.0000   181294.6480    22447   55.29%
     33    32   245938.7500   121   405516.0000   181294.6480    27498   55.29%
     42    37   203228.1629   151   405516.0000   181294.6480    30303   55.29%
*    48+    7                       401529.0000   181294.6480            54.85%
     59    52   216104.9612   150   401529.0000   181294.6480    34240   54.85%
     72    66   318441.0000    86   401529.0000   181294.6480    36910   54.85%
     96    91   329537.0000    83   401529.0000   181294.6480    41634   54.85%
    231   179   243637.5000   105   401529.0000   181294.6480    52276   54.85%
Elapsed time = 27.53 sec. (16340.99 ticks, tree = 18.42 MB, solutions = 12)
    426   361   342197.8333    92   401529.0000   181587.4114    75950   54.78%
    650   486   260694.5000    92   401529.0000   181605.9036    92302   54.77%
    831   734        cutoff         401529.0000   181605.9036   122693   54.77%
   1039   781   369178.0000    62   401529.0000   181605.9036   129127   54.77%
   1275  1027   288807.6765   143   401529.0000   181605.9036   154873   54.77%
   1473  1200   226119.6856   167   401529.0000   181605.9036   172110   54.77%
   1660  1471   302027.1154   136   401529.0000   181605.9036   197749   54.77%

Performing restart 1

Repeating presolve.
Tried aggregator 1 time.
MIP Presolve eliminated 2632 rows and 144 columns.
Reduced MIP has 31818 rows, 3044 columns, and 95354 nonzeros.
Reduced MIP has 3044 binaries, 0 generals, 0 SOSs, and 0 indicators.
Presolve time = 0.05 sec. (46.78 ticks)
Tried aggregator 1 time.
Reduced MIP has 31818 rows, 3044 columns, and 95354 nonzeros.
Reduced MIP has 3044 binaries, 0 generals, 0 SOSs, and 0 indicators.
Presolve time = 0.06 sec. (55.57 ticks)
Represolve time = 0.18 sec. (155.26 ticks)
   1746     0   181507.9068   207   401529.0000      Cuts: 54   213454   53.52%
   1746     0   181606.8261   209   401529.0000      Cuts: 51   213581   53.52%
   1746     0   181753.0978   209   401529.0000      Cuts: 53   213746   53.52%
   1746     0   181952.5557   204   401529.0000      Cuts: 65   213923   53.52%
   1746     0   182301.4547   210   401529.0000      Cuts: 87   214148   53.52%
   1746     2   182301.4547   210   401529.0000   186638.0587   214148   53.52%
   1747     3   182438.6623   205   401529.0000   186638.0587   214271   53.52%
   1750     4   192159.1388   189   401529.0000   186638.0587   214705   53.52%
Elapsed time = 98.67 sec. (37674.64 ticks, tree = 0.02 MB, solutions = 12)
   1754     6   189235.4837   184   401529.0000   186638.0587   215496   53.52%
   1761    13   198197.0981   182   401529.0000   186638.0587   218838   53.52%
   1773    16   216893.0833   163   401529.0000   186638.0587   221348   53.52%
   1781    23   194322.7997   216   401529.0000   186638.0587   222716   53.52%
   1787    26   218347.7510   160   401529.0000   186638.0587   227068   53.52%
   1791    33   225056.7458   167   401529.0000   186638.0587   233160   53.52%
   1800    44   199639.8127   183   401529.0000   186638.0587   237474   53.52%
   1820    71   205003.1907   177   401529.0000   186638.0587   248092   53.52%
   1852    79   213763.3898   184   401529.0000   186638.0587   249837   53.52%
   1888   110   217894.2520   175   401529.0000   186638.0587   258710   53.52%
Elapsed time = 180.38 sec. (48420.50 ticks, tree = 3.49 MB, solutions = 12)
   1917   115   216843.5125   181   401529.0000   186638.0587   260978   53.52%
   1966   167   248537.4231   126   401529.0000   186638.0587   273356   53.52%
   2012   150   232818.4577   166   401529.0000   186638.0587   271359   53.52%
   2053   200   278380.0000    90   401529.0000   186638.0587   285984   53.52%
   2088   287   227909.0667   166   401529.0000   186638.0587   307917   53.52%
   2131   302   261634.4545   148   401529.0000   186638.0587   312288   53.52%
   2165   327   282401.2083   140   401529.0000   186638.0587   317325   53.52%
   2203   372   279707.1588   163   401529.0000   186638.0587   328496   53.52%
   2242   404   262354.1250   116   401529.0000   186638.0587   335352   53.52%
   2280   438   248609.9947   167   401529.0000   186638.0587   343452   53.52%
Elapsed time = 257.89 sec. (58221.30 ticks, tree = 6.96 MB, solutions = 12)
   2327   520   316687.3333   122   401529.0000   186638.0587   356215   53.52%
   2380   558   243942.1547   170   401529.0000   186638.0587   362832   53.52%
   2431   540   331445.8333   104   401529.0000   186638.0587   358541   53.52%
   2468   671   303290.8750   108   401529.0000   186638.0587   382991   53.52%
   2524   707   356698.4000   128   401529.0000   186638.0587   389389   53.52%
   2549   678   309625.4295   146   401529.0000   186638.0587   384288   53.52%
   2630   812   337383.7083   126   401529.0000   186638.0587   403454   53.52%
   2714   775   290262.0000    85   401529.0000   186638.0587   400291   53.52%
   2794   804   334183.1563   120   401529.0000   186638.0587   402846   53.52%
   2869   938   315724.5000    85   401529.0000   186638.0587   424635   53.52%
Elapsed time = 331.06 sec. (67877.45 ticks, tree = 8.35 MB, solutions = 12)
   2942   901   269428.4029   167   401529.0000   186638.0587   419290   53.52%
   3002   963   355648.9583   111   401529.0000   186638.0587   426803   53.52%
   3069  1134   371200.5000    74   401529.0000   186638.0587   444368   53.52%
   3168  1160   359729.5000    82   401529.0000   186638.0587   447373   53.52%
   3256  1172   393589.7500   105   401529.0000   186638.0587   448344   53.52%
   3357  1315   193174.2281   191   401529.0000   186638.0587   479459   53.52%
   3426  1464   192306.8440   175   401529.0000   186638.0587   498276   53.52%
   3509  1546   195555.9554   179   401529.0000   186638.0587   511319   53.52%
   3572  1686   308122.8750   124   401529.0000   186638.0587   537735   53.52%
   3685  1699   326184.6703   146   401529.0000   186638.0587   539898   53.52%
Elapsed time = 404.35 sec. (77485.47 ticks, tree = 11.47 MB, solutions = 12)
   3794  1780   303021.1667   121   401529.0000   186638.0587   553415   53.52%
   3909  1797   343188.6230   124   401529.0000   186638.0587   555839   53.52%
   4029  1905   257712.2275   178   401529.0000   186638.0587   574129   53.52%
   4082  1998        cutoff         401529.0000   186638.0587   588636   53.52%

Performing restart 2

Repeating presolve.
Tried aggregator 1 time.
MIP Presolve eliminated 44 rows and 2 columns.
Reduced MIP has 31774 rows, 3042 columns, and 124003 nonzeros.
Reduced MIP has 3042 binaries, 0 generals, 0 SOSs, and 0 indicators.
Presolve time = 0.11 sec. (98.25 ticks)
Tried aggregator 1 time.
Reduced MIP has 31774 rows, 3042 columns, and 124003 nonzeros.
Reduced MIP has 3042 binaries, 0 generals, 0 SOSs, and 0 indicators.
Presolve time = 0.11 sec. (90.72 ticks)
Represolve time = 0.27 sec. (243.80 ticks)
   4093     0   182764.2718   216   401529.0000      Cuts: 61   627071   53.52%
   4093     0   182982.7277   209   401529.0000      Cuts: 54   627213   53.52%
   4093     0   183090.2637   209   401529.0000      Cuts: 45   627325   53.52%
*  4093+    0                       400629.0000   186638.0587            53.41%
   4093     0   183702.3049   211   400629.0000      Cuts: 88   627546   53.41%
   4093     0   184576.9075   207   400629.0000      Cuts: 90   627817   53.41%
   4093     0   185172.0421   213   400629.0000      Cuts: 91   628016   53.41%
   4093     0   185586.2130   217   400629.0000      Cuts: 65   628205   53.41%
   4093     0   186350.4396   206   400629.0000      Cuts: 99   628473   53.41%
   4093     0   186766.6683   204   400629.0000      Cuts: 81   628748   53.38%
   4093     0   187048.5517   215   400629.0000     Cuts: 104   628905   53.31%
   4093     0   187333.3878   207   400629.0000      Cuts: 39   629076   53.24%
   4093     0   187662.6817   209   400629.0000      Cuts: 57   629270   53.16%
   4093     0   188069.7919   209   400629.0000      Cuts: 37   629450   53.06%
   4093     0   188193.2982   212   400629.0000      Cuts: 33   629545   53.03%
   4093     0   188443.7493   206   400629.0000      Cuts: 45   629660   52.96%
   4093     0   188665.1378   204   400629.0000      Cuts: 26   629801   52.91%
   4093     0   188814.6725   210   400629.0000      Cuts: 66   629935   52.87%
   4093     0   188920.7615   209   400629.0000      Cuts: 29   630043   52.84%
   4093     0   189109.2406   217   400629.0000      Cuts: 53   630202   52.80%
   4093     0   189320.1841   208   400629.0000      Cuts: 26   630327   52.74%
   4093     0   189476.4471   215   400629.0000      Cuts: 56   630468   52.71%
   4093     0   189775.3753   231   400629.0000      Cuts: 41   630664   52.63%
   4093     0   190058.2754   234   400629.0000      Cuts: 52   630839   52.56%
   4093     0   190165.8470   236   400629.0000      Cuts: 45   631012   52.53%
   4093     0   190278.4015   235   400629.0000      Cuts: 35   631144   52.51%
   4093     0   190482.0269   233   400629.0000      Cuts: 26   631311   52.45%
   4093     0   190674.8961   236   400629.0000      Cuts: 29   631482   52.41%
   4093     0   190776.7059   215   400629.0000      Cuts: 41   631592   52.38%
   4093     0   190830.9353   213   400629.0000      Cuts: 24   631648   52.37%
   4093     0   190865.4815   219   400629.0000      Cuts: 26   631694   52.36%
   4093     0   190903.9754   215   400629.0000      Cuts: 26   631735   52.35%
   4093     0   190919.6458   217   400629.0000      Cuts: 10   631773   52.35%
   4093     0   190957.4755   214   400629.0000      Cuts: 12   631835   52.34%
   4093     2   190957.4755   214   400629.0000   190957.4755   631835   52.34%
   4109    12   229469.2711   163   400629.0000   190959.9835   635654   52.33%
   4145    38   247459.1586   144   400629.0000   191044.3055   650789   52.31%
   4220   103   306428.5000    77   400629.0000   192293.8672   672104   52.00%
   4360   192   372348.2955    94   400629.0000   192397.2349   692832   51.98%
   4502   351   357618.5000    66   400629.0000   193528.0887   716949   51.69%
Elapsed time = 474.89 sec. (101877.52 ticks, tree = 5.85 MB, solutions = 13)
   4605   448   243077.6503   151   400629.0000   195823.3355   737605   51.12%
   4658   496   234850.4259   161   400629.0000   195823.3355   756396   51.12%
   4774   593   323403.5000    74   400629.0000   195823.3355   781848   51.12%
   4933   633   342606.0000    75   400629.0000   195823.3355   790537   51.12%
   5048   758   224704.2270   179   400629.0000   195823.3355   815610   51.12%
   5158   861   389028.5000    52   400629.0000   197790.2077   839205   50.63%
   5242   997   269874.0312   169   400629.0000   202060.7116   875242   49.56%
   5336  1073   254481.6802   161   400629.0000   202060.7116   893767   49.56%
   5451  1124   223001.3518   198   400629.0000   202060.7116   903065   49.56%
   5542  1296   305170.1384   150   400629.0000   202060.7116   928533   49.56%
Elapsed time = 540.69 sec. (111547.59 ticks, tree = 12.42 MB, solutions = 13)
   5609  1305   330161.0084   174   400629.0000   202073.0360   931128   49.56%
   5682  1365   203171.4274   188   400629.0000   202073.0360   939957   49.56%
   5762  1513   390386.0000    94   400629.0000   202258.7379   979752   49.51%
   5826  1552   354096.8409   150   400629.0000   202258.7379   988952   49.51%
   5908  1629   382340.7500   111   400629.0000   202258.7379  1010612   49.51%
   6015  1673   367560.8125   110   400629.0000   202760.5154  1021247   49.39%
   6101  1790   391222.5000    87   400629.0000   202760.5154  1045719   49.39%
   6188  1876   217108.0218   182   400629.0000   202760.5154  1063036   49.39%
   6264  1969   373883.8119   153   400629.0000   202760.5154  1085103   49.39%
   6356  2020   378091.5703   154   400629.0000   202760.5154  1099222   49.39%
Elapsed time = 611.52 sec. (121172.57 ticks, tree = 16.05 MB, solutions = 13)
   6444  2109   220647.8115   177   400629.0000   203172.4176  1117491   49.29%
   6503  2201   285122.6795   168   400629.0000   203172.4176  1141799   49.29%
   6577  2213   321275.6574   122   400629.0000   204000.0342  1144259   49.08%
   6672  2303   344849.2464   183   400629.0000   204000.0342  1168590   49.08%
   6812  2376   361421.6250    94   400629.0000   204017.0382  1185036   49.08%
   6977  2497   357817.2857   107   400629.0000   204017.0382  1211491   49.08%
   7072  2617   399364.6667   115   400629.0000   204046.3974  1224409   49.07%
   7128  2800   339669.2500    97   400629.0000   205024.3260  1267041   48.82%
   7216  2792   332795.7500    87   400629.0000   205024.3260  1262478   48.82%
   7637  3184   299685.0000   129   400629.0000   205133.6771  1363565   48.80%
Elapsed time = 699.27 sec. (133692.60 ticks, tree = 21.51 MB, solutions = 13)
   8035  3560   359559.4167    92   400629.0000   206157.1128  1439586   48.54%
   8341  3776   358388.1021   233   400629.0000   206482.8691  1495078   48.46%
   8742  4204   290824.0000   137   400629.0000   206927.2990  1588178   48.35%
   9207  4626   368529.0000    70   400629.0000   208016.3762  1688062   48.08%
   9530  4896   365496.8750   125   400629.0000   209356.5571  1733005   47.74%
   9939  5275   355741.0000   113   400629.0000   209356.5571  1827649   47.74%
  10362  5725   325556.0658   124   400629.0000   210384.1590  1933056   47.49%
  10833  6169   339658.5000    73   400629.0000   210799.9049  2031544   47.38%
  11256  6534   363025.6584   151   400629.0000   210968.6157  2105871   47.34%
  11594  6820   243369.3044   173   400629.0000   211476.5229  2173451   47.21%
Elapsed time = 974.57 sec. (171931.02 ticks, tree = 40.44 MB, solutions = 13)
  11964  7081   262488.0857   189   400629.0000   212117.3915  2241101   47.05%
  12351  7557   296777.8574   143   400629.0000   212400.9693  2354713   46.98%
  12846  8021   319085.6000   134   400629.0000   213002.5368  2452432   46.83%
  13214  8301   246530.0417   134   400629.0000   213321.5711  2517398   46.75%
  13588  8661   319833.0000   121   400629.0000   213640.7167  2602009   46.67%
  13977  8981   332581.0000    99   400629.0000   213853.5666  2676034   46.62%
  14382  9268   283600.0834   192   400629.0000   214369.2851  2743530   46.49%
  14813  9717   393937.8750    72   400629.0000   214623.0428  2839821   46.43%
  15231 10105   291785.9433   137   400629.0000   214960.4032  2924095   46.34%
  15581 10482   265705.4605   152   400629.0000   215054.2770  3015950   46.32%
Elapsed time = 1253.72 sec. (210130.11 ticks, tree = 58.72 MB, solutions = 13)
  16029 10789   279674.1015   181   400629.0000   215121.0331  3098110   46.30%
  16452 11225   352289.0000    76   400629.0000   215414.1561  3197667   46.23%
  16835 11772   397854.2500    91   400629.0000   215558.2745  3326496   46.20%
  17224 12093   364815.5833   114   400629.0000   216202.1256  3407195   46.03%
  17588 12413   350862.0385   116   400629.0000   216373.7935  3479763   45.99%
  17982 12790   272463.2014   152   400629.0000   216513.7825  3576974   45.96%
  18414 13071   352906.0455    97   400629.0000   216709.2358  3645591   45.91%
  18857 13525   317247.6848   150   400629.0000   217038.7181  3763675   45.83%
  19283 13804   308028.7991   160   400629.0000   217107.3840  3820555   45.81%
  19687 14112   297646.7500   100   400629.0000   217142.8668  3886240   45.80%
Elapsed time = 1521.29 sec. (248329.41 ticks, tree = 76.78 MB, solutions = 13)
* 19849+14202                       398425.0000   217198.4698            45.49%
  19995 14565   280064.7806   180   398425.0000   217238.9053  3977704   45.48%
  20336 14614   331849.9231   143   398425.0000   217476.9903  4019226   45.42%
  20747 14953   323923.8000   117   398425.0000   217519.4310  4088006   45.41%
  21175 15546   345119.0810   162   398425.0000   218090.2563  4236179   45.26%
  21621 15651   318140.8086   156   398425.0000   218107.5117  4257717   45.26%
  22091 16241   263276.8504   152   398425.0000   218392.9966  4375596   45.19%
  22552 16740   363538.0000    95   398425.0000   218585.1493  4459852   45.14%
  22965 16858   258719.4861   202   398425.0000   219067.5503  4478828   45.02%
  23455 17342   270804.6450   218   398425.0000   219073.9140  4556713   45.02%
  23933 18106   301758.6290   215   398425.0000   219368.1552  4668266   44.94%
Elapsed time = 1814.29 sec. (286543.90 ticks, tree = 323.18 MB, solutions = 14)
  24405 18419   272099.9850   138   398425.0000   219787.7506  4716991   44.84%
  24891 18704   331581.6368   154   398425.0000   219942.0448  4758738   44.80%
  25322 19242   281486.9500   163   398425.0000   220139.5904  4832903   44.75%
  25806 19452   258818.9731   155   398425.0000   220190.6548  4862510   44.73%
  26287 19937   260720.1250   152   398425.0000   220411.4419  4940710   44.68%
  26773 20574   259988.6345   178   398425.0000   220687.6073  5032197   44.61%
  27288 21033   397999.2619   111   398425.0000   220883.8428  5096925   44.56%
  27784 21445   232837.4274   164   398425.0000   221161.1580  5151614   44.49%
  28140 21775   388799.9000    85   398425.0000   221359.4226  5191246   44.44%
  28648 22429   348061.9000   100   398425.0000   221543.1454  5283923   44.40%
Elapsed time = 2109.63 sec. (324791.96 ticks, tree = 975.82 MB, solutions = 14)
  29147 22880   375402.5000    60   398425.0000   221597.2293  5337013   44.38%
  29664 23031   372284.3889   107   398425.0000   221810.1799  5358060   44.33%
  30203 23399   363836.4332   169   398425.0000   222109.7463  5412435   44.25%
  30738 24012   361995.0774   124   398425.0000   222109.7463  5489714   44.25%
  31269 24760   277449.9526   192   398425.0000   222232.3171  5584960   44.22%
  31777 25439   356631.5000    56   398425.0000   222530.4766  5670799   44.15%
  32274 25501   323209.5200   151   398425.0000   222745.1328  5679435   44.09%
  32785 26123   291577.6385   216   398425.0000   222774.3331  5767767   44.09%
  33291 26301   374707.9810   133   398425.0000   223199.6977  5794852   43.98%
  33859 27264   329502.0711   152   398425.0000   223364.4625  5917167   43.94%
Elapsed time = 2418.24 sec. (362995.61 ticks, tree = 1670.59 MB, solutions = 14)
  34448 27120   329828.9532   159   398425.0000   223368.7672  5903174   43.94%
  34930 28205   256190.0010   157   398425.0000   223473.8279  6036053   43.91%
  35370 28579   290342.8197   207   398425.0000   223563.8469  6086370   43.89%
  35825 28876   395395.5000    93   398425.0000   223782.8589  6129727   43.83%
  36292 29540   271796.5637   193   398425.0000   224003.8291  6228819   43.78%
  36751 29695   295198.3537   194   398425.0000   224094.6815  6245618   43.75%
  37119 30297   322260.7063   150   398425.0000   224118.1897  6324708   43.75%
  37697 30699   368173.0000    76   398425.0000   224118.1897  6372892   43.75%
  38226 31099   308490.2619   121   398425.0000   224476.1028  6427188   43.66%
  38748 31425   275852.3946   171   398425.0000   224707.7778  6461952   43.60%
Elapsed time = 2696.48 sec. (401218.53 ticks, tree = 2334.51 MB, solutions = 14)
Nodefile size = 278.84 MB (168.41 MB after compression)
  39352 32029   300932.6266   145   398425.0000   224775.0251  6544556   43.58%
  39885 32351   380917.1111   121   398425.0000   224986.0313  6575986   43.53%
  40416 32717   325909.5714   117   398425.0000   225157.5142  6633391   43.49%
  40949 33854        cutoff         398425.0000   225260.5145  6765106   43.46%
  41480 34028   277525.7544   193   398425.0000   225456.4962  6786576   43.41%
  41944 34296   307473.3333   110   398425.0000   225570.2940  6818193   43.38%
  42354 34728   368118.2996   160   398425.0000   225620.8498  6878924   43.37%
  42899 35356   349518.9815   120   398425.0000   225884.3573  6954207   43.31%
  43328 35462   275867.6550   179   398425.0000   225951.6598  6972733   43.29%
  43678 36537   334547.5000    80   398425.0000   226110.6511  7119223   43.25%
Elapsed time = 2974.47 sec. (439438.20 ticks, tree = 2979.15 MB, solutions = 14)
Nodefile size = 918.98 MB (557.12 MB after compression)
  44102 36856   358934.7632   122   398425.0000   226179.0834  7164950   43.23%
  44571 37360   251612.0368   176   398425.0000   226212.4049  7232439   43.22%
  45044 37590   353501.3567   126   398425.0000   226212.4049  7258968   43.22%
  45590 37862   360584.3125   124   398425.0000   226420.9593  7290628   43.17%
  46063 38186   305846.0625   117   398425.0000   226423.6339  7327162   43.17%
  46568 38612   322568.4093   138   398425.0000   226423.6339  7376882   43.17%
  47178 39412   278560.5075   178   398425.0000   226616.5000  7485099   43.12%
  47691 40081   314799.7500   138   398425.0000   226723.9485  7565858   43.09%
  48247 39973   280287.6200   171   398425.0000   226912.2520  7558400   43.05%
  48815 41015   375091.6935    99   398425.0000   227051.6609  7668125   43.01%
Elapsed time = 3221.86 sec. (477640.06 ticks, tree = 3721.71 MB, solutions = 14)
Nodefile size = 1666.26 MB (1012.42 MB after compression)
Starting limited solution polishing.
  49243 41635   280845.6793   164   398425.0000   227102.3909  7740900   43.00%
  49757 42032   302412.2500    97   398425.0000   227239.4356  7786351   42.97%
  50159 41963   334066.5645   117   398425.0000   227255.0869  7778633   42.96%
  50490 43021   382742.3538   173   398425.0000   227372.1454  7914844   42.93%
  50997 42962   269384.1762   202   398425.0000   227422.6138  7907753   42.92%
  51340 43678   395802.3023   113   398425.0000   227562.3234  7989968   42.88%
  51528 43950   301686.1863   241   398425.0000   227562.3234  8021766   42.88%
  51997 44121   352710.5000   107   398425.0000   227597.9104  8042961   42.88%
  52392 44460   344565.3417   154   398425.0000   227597.9104  8082140   42.88%
* 52523+44179                       398296.0000   227597.9104            42.86%
  52641 44868   323193.5055   161   398296.0000   227665.6763  8127006   42.84%
Elapsed time = 3418.29 sec. (515872.57 ticks, tree = 4211.17 MB, solutions = 15)
Nodefile size = 2147.08 MB (1304.41 MB after compression)
* 52657+44268                       396737.0000   227665.6763            42.62%
  52898 44838   255016.1562   125   396737.0000   227726.3007  8155859   42.60%
  53234 45153   281641.0198   173   396737.0000   227726.3007  8200024   42.60%
* 53376+45056                       393603.0000   227726.3007            42.14%
* 53485+44870                       386782.0000   227726.3007            41.12%
  53554 44715   257491.5141   174   386782.0000   227726.3007  8237686   41.12%
* 53766+45107                       370353.0000   227768.0910            38.50%
  54010 42921   371981.8029   148   370353.0000   227768.0910  8263066   38.50%
  54253 38010   335697.5520   178   370353.0000   227768.0910  8297173   38.50%
  54638 38124   298621.6053   147   370353.0000   228043.9250  8319502   38.43%
  55072 38463   307880.6164   161   370353.0000   228061.4537  8372734   38.42%
  55413 39063   318058.0000    70   370353.0000   228083.7492  8445350   38.41%
  55825 39584   269712.0800   136   370353.0000   228152.1587  8511684   38.40%
  56131 39379   347372.9011   145   370353.0000   228152.1587  8480368   38.40%
Elapsed time = 3602.13 sec. (554158.94 ticks, tree = 3819.86 MB, solutions = 27)
Nodefile size = 1758.84 MB (1068.21 MB after compression)

Implied bound cuts applied:  6
Zero-half cuts applied:  488
Lift and project cuts applied:  188

Root node processing (before b&c):
  Real time             =   16.49 sec. (12971.49 ticks)
Parallel b&c, 8 threads:
  Real time             = 3585.64 sec. (543287.46 ticks)
  Sync time (average)   =  627.01 sec.
  Wait time (average)   =    0.01 sec.
                          ------------
Total (root+branch&cut) = 3602.13 sec. (556258.96 ticks)
Status: Feasible
Obj: 370353

Instalacoes abertas:
Instalação 0 aberta
Instalação 1 aberta
Instalação 4 aberta
Instalação 8 aberta
Instalação 9 aberta
Instalação 13 aberta
Instalação 20 aberta
Instalação 22 aberta
Instalação 25 aberta
Instalação 47 aberta

Atribuições (cliente -> instalação):
Cliente 0 -> Instalação 8
Cliente 1 -> Instalação 0
Cliente 2 -> Instalação 20
Cliente 3 -> Instalação 13
Cliente 4 -> Instalação 20
Cliente 5 -> Instalação 9
Cliente 6 -> Instalação 0
Cliente 7 -> Instalação 1
Cliente 8 -> Instalação 9
Cliente 9 -> Instalação 4
Cliente 10 -> Instalação 47
Cliente 11 -> Instalação 13
Cliente 12 -> Instalação 1
Cliente 13 -> Instalação 25
Cliente 14 -> Instalação 1
Cliente 15 -> Instalação 9
Cliente 16 -> Instalação 25
Cliente 17 -> Instalação 4
Cliente 18 -> Instalação 8
Cliente 19 -> Instalação 1
Cliente 20 -> Instalação 20
Cliente 21 -> Instalação 8
Cliente 22 -> Instalação 22
Cliente 23 -> Instalação 4
Cliente 24 -> Instalação 8
Cliente 25 -> Instalação 25
Cliente 26 -> Instalação 8
Cliente 27 -> Instalação 9
Cliente 28 -> Instalação 0
Cliente 29 -> Instalação 9
Cliente 30 -> Instalação 13
Cliente 31 -> Instalação 1
Cliente 32 -> Instalação 4
Cliente 33 -> Instalação 9
Cliente 34 -> Instalação 47
Cliente 35 -> Instalação 20
Cliente 36 -> Instalação 25
Cliente 37 -> Instalação 20
Cliente 38 -> Instalação 0
Cliente 39 -> Instalação 22
Cliente 40 -> Instalação 13
Cliente 41 -> Instalação 8
Cliente 42 -> Instalação 4
Cliente 43 -> Instalação 47
Cliente 44 -> Instalação 47
Cliente 45 -> Instalação 47
Cliente 46 -> Instalação 4
Cliente 47 -> Instalação 9
Cliente 48 -> Instalação 13
Cliente 49 -> Instalação 1
