Version identifier: 22.1.1.0 | 2022-11-28 | 9160aff4d
CPXPARAM_TimeLimit                               3600
Tried aggregator 1 time.
MIP Presolve eliminated 50 rows and 1 columns.
Reduced MIP has 45400 rows, 3407 columns, and 136100 nonzeros.
Reduced MIP has 3407 binaries, 0 generals, 0 SOSs, and 0 indicators.
Presolve time = 0.07 sec. (61.33 ticks)
Found incumbent of value 3.6489965e+07 after 0.09 sec. (78.40 ticks)
Probing time = 0.02 sec. (7.52 ticks)
Tried aggregator 1 time.
Detecting symmetries...
Reduced MIP has 45400 rows, 3407 columns, and 136100 nonzeros.
Reduced MIP has 3407 binaries, 0 generals, 0 SOSs, and 0 indicators.
Presolve time = 0.08 sec. (74.47 ticks)
Probing time = 0.03 sec. (7.65 ticks)
Clique table members: 2500.
MIP emphasis: balance optimality and feasibility.
MIP search method: dynamic search.
Parallel mode: deterministic, using up to 8 threads.
Root relaxation solution time = 0.13 sec. (67.43 ticks)

        Nodes                                         Cuts/
   Node  Left     Objective  IInf  Best Integer    Best Bound    ItCnt     Gap

*     0+    0                       3.64900e+07        0.0000           100.00%
*     0+    0                       2.79273e+07        0.0000           100.00%
*     0+    0                      1318697.0000        0.0000           100.00%
*     0+    0                      1293697.0000        0.0000           100.00%
      0     0    93774.0000   100  1293697.0000    93774.0000      198   92.75%
*     0+    0                      1059332.0000    93774.0000            91.15%
      0     0   106217.5000   100  1059332.0000    Cuts: 2193      437   89.97%
      0     0   118774.0000    98  1059332.0000    Cuts: 2132      768   88.79%
      0     0   131217.5000    98  1059332.0000 ZeroHalf: 868     1951   87.61%
*     0+    0                       773192.0000   131217.5000            83.03%
      0     0  -1.00000e+75     0   773192.0000   131217.5000     1951   83.03%
*     0+    0                       690661.0000   131217.5000            81.00%
      0     0   136311.7571   212   690661.0000 ZeroHalf: 815     2872   80.26%
      0     0   142800.7932   177   690661.0000     Cuts: 548     3726   79.32%
Detecting symmetries...
      0     0   148580.1607   209   690661.0000     Cuts: 403     4400   78.49%
*     0+    0                       653385.0000   148580.1607            77.26%
      0     0   153328.1417   185   653385.0000     Cuts: 758     5010   76.53%
      0     0   156157.1134   171   653385.0000     Cuts: 250     5521   76.10%
      0     0   158683.7177   200   653385.0000     Cuts: 227     6007   75.71%
      0     0   162017.6779   201   653385.0000     Cuts: 242     6612   75.20%
      0     0   164448.6118   174   653385.0000     Cuts: 384     7195   74.83%
      0     0   166183.6531   203   653385.0000     Cuts: 134     7723   74.57%
      0     0   167037.5229   173   653385.0000     Cuts: 302     8030   74.44%
      0     0   167735.4050   176   653385.0000     Cuts: 112     8257   74.33%
      0     0   168848.5757   205   653385.0000      Cuts: 59     8637   74.16%
      0     0   170012.1033   209   653385.0000     Cuts: 100     9023   73.98%
      0     0   170856.5977   209   653385.0000      Cuts: 90     9359   73.85%
      0     0   171790.5706   212   653385.0000      Cuts: 80     9605   73.71%
*     0+    0                       634425.0000   171790.5706            72.92%
      0     0   172695.3448   202   634425.0000      Cuts: 61     9837   72.78%
      0     0   173496.2080   190   634425.0000     Cuts: 277    10108   72.65%
      0     0   174492.2150   194   634425.0000      Cuts: 64    10537   72.50%
      0     0   175374.0505   238   634425.0000     Cuts: 226    10909   72.36%
      0     0   176624.4371   202   634425.0000     Cuts: 128    11214   72.16%
      0     0   177745.6431   199   634425.0000     Cuts: 366    11529   71.98%
      0     0   178705.0525   195   634425.0000     Cuts: 119    11818   71.83%
      0     0   179131.2941   196   634425.0000      Cuts: 47    11998   71.76%
      0     0   179967.5454   199   634425.0000     Cuts: 115    12276   71.63%
      0     0   180791.2964   202   634425.0000     Cuts: 114    12603   71.50%
      0     0   181763.9277   194   634425.0000     Cuts: 147    12861   71.35%
      0     0   182299.5538   209   634425.0000     Cuts: 129    13147   71.27%
      0     0   183181.5207   197   634425.0000      Cuts: 90    13456   71.13%
      0     0   183831.8657   205   634425.0000      Cuts: 91    13744   71.02%
      0     0   184308.3759   218   634425.0000      Cuts: 99    13947   70.95%
      0     0   184717.0887   223   634425.0000     Cuts: 123    14135   70.88%
      0     0   185073.7737   225   634425.0000      Cuts: 55    14296   70.83%
      0     0   185450.7912   227   634425.0000      Cuts: 50    14472   70.77%
      0     0   185836.5798   204   634425.0000     Cuts: 104    14666   70.71%
      0     0   186259.2905   197   634425.0000     Cuts: 197    14936   70.64%
      0     0   186563.3325   226   634425.0000      Cuts: 60    15207   70.59%
      0     0   186965.1089   239   634425.0000      Cuts: 95    15462   70.53%
      0     0   187303.2412   224   634425.0000      Cuts: 53    15679   70.48%
      0     0   187602.0331   202   634425.0000     Cuts: 179    15844   70.43%
      0     0   188239.5659   192   634425.0000      Cuts: 98    16154   70.33%
      0     0   188688.5556   240   634425.0000     Cuts: 115    16441   70.26%
      0     0   188947.1662   235   634425.0000      Cuts: 67    16613   70.22%
      0     0   189190.5212   207   634425.0000      Cuts: 96    16794   70.18%
      0     0   189588.4485   199   634425.0000      Cuts: 56    17021   70.12%
      0     0   190146.1358   227   634425.0000      Cuts: 67    17332   70.03%
      0     0   190554.2755   228   634425.0000      Cuts: 73    17536   69.96%
      0     0   191027.0293   222   634425.0000      Cuts: 89    17705   69.89%
      0     0   191492.0196   224   634425.0000      Cuts: 89    17965   69.82%
      0     0   191910.6810   230   634425.0000      Cuts: 99    18211   69.75%
      0     0   192121.7190   209   634425.0000     Cuts: 120    18383   69.72%
      0     0   192436.6127   200   634425.0000      Cuts: 65    18578   69.67%
      0     0   192856.5434   214   634425.0000      Cuts: 80    18832   69.60%
      0     0   193235.7881   235   634425.0000      Cuts: 59    19101   69.54%
      0     0   193765.1714   212   634425.0000      Cuts: 41    19382   69.46%
      0     0   194007.0642   217   634425.0000      Cuts: 79    19602   69.42%
      0     0   194365.6859   214   634425.0000      Cuts: 37    19818   69.36%
      0     0   194622.2231   220   634425.0000     Cuts: 100    20013   69.32%
      0     0   195008.4277   223   634425.0000      Cuts: 58    20262   69.26%
      0     0   195482.2175   233   634425.0000      Cuts: 99    20516   69.19%
      0     0   196027.4126   203   634425.0000     Cuts: 138    20747   69.10%
      0     0   196534.6079   196   634425.0000      Cuts: 43    20980   69.02%
      0     0   197272.9809   215   634425.0000      Cuts: 56    21158   68.91%
      0     0   197756.9798   200   634425.0000      Cuts: 56    21452   68.83%
      0     0   198330.2828   225   634425.0000      Cuts: 53    21748   68.74%
      0     0   198910.2397   223   634425.0000      Cuts: 65    21993   68.65%
      0     0   199542.9256   226   634425.0000      Cuts: 84    22241   68.55%
      0     0   200253.4664   194   634425.0000      Cuts: 97    22478   68.44%
      0     0   200800.3693   219   634425.0000      Cuts: 49    22759   68.35%
      0     0   201065.4714   231   634425.0000      Cuts: 55    22983   68.31%
      0     0   201614.1736   231   634425.0000      Cuts: 61    23203   68.22%
      0     0   202382.3343   217   634425.0000     Cuts: 204    23442   68.10%
      0     0   202772.5930   223   634425.0000      Cuts: 71    23662   68.04%
      0     0   203056.7468   223   634425.0000      Cuts: 58    23886   67.99%
      0     0   203269.1869   225   634425.0000      Cuts: 41    24022   67.96%
      0     0   203447.2510   229   634425.0000      Cuts: 44    24209   67.93%
      0     0   203773.0164   220   634425.0000      Cuts: 48    24419   67.88%
      0     0   204070.0202   233   634425.0000      Cuts: 84    24597   67.83%
      0     0   204351.3016   226   634425.0000      Cuts: 74    24857   67.79%
      0     0   204499.4531   224   634425.0000      Cuts: 32    25001   67.77%
      0     0   204663.1344   228   634425.0000      Cuts: 25    25160   67.74%
*     0+    0                       628447.0000   204663.1344            67.43%
*     0+    0                       628096.0000   204663.1344            67.42%
Detecting symmetries...
      0     2   204663.1344   228   628096.0000   204663.1344    25160   67.42%
Elapsed time = 39.50 sec. (28153.82 ticks, tree = 0.02 MB, solutions = 11)
      2     4   204914.2234   221   628096.0000   204666.1716    25355   67.41%
      7     6   214007.9171   194   628096.0000   204915.1481    26140   67.38%
     27    21   250891.8553   179   628096.0000   205481.5205    30873   67.29%
     43    40   233911.8598   179   628096.0000   205481.5205    34816   67.29%
     57    41   268609.6030   152   628096.0000   205481.5205    35554   67.29%
     66    64   226971.4453   163   628096.0000   205481.5205    44553   67.29%
     78    62   309700.7361   151   628096.0000   205481.5205    44413   67.29%
     89    89   383303.0000   112   628096.0000   205481.5205    54315   67.29%
    107    86   254992.7516   168   628096.0000   205481.5205    54192   67.29%
    194   165   458603.1667   103   628096.0000   205481.5205    70761   67.29%
Elapsed time = 63.47 sec. (31410.38 ticks, tree = 6.92 MB, solutions = 11)
    387   323   612105.0000    69   628096.0000   205481.5205    93748   67.29%
    562   505   592261.3333    42   628096.0000   205481.5205   112214   67.29%
*   576+  473                       622746.0000   205481.5205            67.00%
    658   581   266182.6838   144   622746.0000   205481.5205   123447   67.00%
    709   613   363730.5287   140   622746.0000   205481.5205   133351   67.00%
    804   664   338475.1745   134   622746.0000   205481.5205   148147   67.00%
    938   779   545291.7500    83   622746.0000   213516.0923   167813   65.71%
   1146  1000   235111.2447   179   622746.0000   213516.0923   202245   65.71%
   1299  1173   258601.0182   164   622746.0000   215586.0244   223431   65.38%
   1423  1294   273594.7789   175   622746.0000   215586.0244   239058   65.38%
   1549  1350   442667.2500    81   622746.0000   215586.0244   248070   65.38%
Elapsed time = 125.50 sec. (41007.05 ticks, tree = 18.03 MB, solutions = 12)
   1671  1431   511606.3000    93   622746.0000   215586.0244   261188   65.38%

Performing restart 1

Repeating presolve.
Tried aggregator 1 time.
MIP Presolve eliminated 952 rows and 36 columns.
Reduced MIP has 44448 rows, 3371 columns, and 133244 nonzeros.
Reduced MIP has 3371 binaries, 0 generals, 0 SOSs, and 0 indicators.
Presolve time = 0.06 sec. (62.14 ticks)
Tried aggregator 1 time.
Reduced MIP has 44448 rows, 3371 columns, and 133244 nonzeros.
Reduced MIP has 3371 binaries, 0 generals, 0 SOSs, and 0 indicators.
Presolve time = 0.08 sec. (75.38 ticks)
Represolve time = 0.21 sec. (199.04 ticks)
*  1692+    0                       619498.0000   215586.0244            65.20%
   1692     0   204956.9879   230   619498.0000      Cuts: 98   291216   65.20%
   1692     0   205276.3005   226   619498.0000      Cuts: 52   291436   65.20%
   1692     0   205604.0577   237   619498.0000      Cuts: 71   291655   65.20%
*  1692+    0                       618885.0000   215586.0244            65.17%
   1692     0   206196.3486   235   618885.0000      Cuts: 61   292001   65.17%
   1692     0   206839.0694   239   618885.0000      Cuts: 88   292366   65.17%
   1692     0   207529.8017   227   618885.0000      Cuts: 70   292704   65.17%
   1692     0   208141.7884   234   618885.0000      Cuts: 85   293070   65.17%
   1692     2   208141.7884   234   618885.0000   215586.0244   293070   65.17%
   1694     4   208375.7975   230   618885.0000   215586.0244   293305   65.17%
   1699     9   209065.1917   218   618885.0000   215586.0244   293954   65.17%
   1710    12   234947.7714   181   618885.0000   215586.0244   294933   65.17%
   1744    43   234801.3871   204   618885.0000   215586.0244   302590   65.17%
   1765    56   213521.6671   219   618885.0000   215586.0244   308655   65.17%
   1780    38   237448.2274   216   618885.0000   215586.0244   301394   65.17%
   1818   104   236487.3248   200   618885.0000   215586.0244   321542   65.17%
   1866   124   218512.3159   201   618885.0000   215586.0244   325115   65.17%
Elapsed time = 252.65 sec. (71418.75 ticks, tree = 6.57 MB, solutions = 14)
   1898   129   222653.7487   198   618885.0000   215586.0244   326939   65.17%
   1924   203   258856.5793   174   618885.0000   215586.0244   342434   65.17%
   1953   231   258510.7111   187   618885.0000   215586.0244   350162   65.17%
   1974   258   259874.0616   162   618885.0000   215586.0244   357529   65.17%
   1994   283   254068.4634   162   618885.0000   215586.0244   363733   65.17%
   2015   293   257410.4232   205   618885.0000   215586.0244   366885   65.17%
   2044   321   285992.1458   149   618885.0000   215586.0244   372056   65.17%
   2074   325   274893.3368   164   618885.0000   215586.0244   372543   65.17%
   2120   366   250829.7097   201   618885.0000   215586.0244   382921   65.17%
   2160   374   290496.1042   153   618885.0000   215586.0244   383306   65.17%
Elapsed time = 354.09 sec. (81150.87 ticks, tree = 21.41 MB, solutions = 14)
   2196   451   265268.0951   205   618885.0000   215586.0244   400344   65.17%
   2228   419   282918.3380   181   618885.0000   215586.0244   392816   65.17%
   2268   532   278475.4100   191   618885.0000   215586.0244   416788   65.17%
   2313   564   328008.3217   147   618885.0000   215586.0244   422875   65.17%
   2340   586   295135.5322   214   618885.0000   215586.0244   426337   65.17%
   2379   578   286025.2119   202   618885.0000   215586.0244   424926   65.17%
   2419   616   317628.7135   171   618885.0000   215586.0244   430625   65.17%
   2462   716   287235.5365   183   618885.0000   215586.0244   445684   65.17%
   2501   714   313595.2067   184   618885.0000   215586.0244   443250   65.17%
   2537   803   291307.8999   202   618885.0000   215586.0244   458573   65.17%
Elapsed time = 461.78 sec. (91184.76 ticks, tree = 20.67 MB, solutions = 14)
   2579   808   293357.7788   191   618885.0000   215586.0244   459756   65.17%
   2611   862   345176.6552   135   618885.0000   215586.0244   469842   65.17%
   2649   868   346942.7954   181   618885.0000   215586.0244   471263   65.17%
   2716   882   347738.8667   140   618885.0000   215586.0244   472091   65.17%
   2763   949   324863.8031   169   618885.0000   215586.0244   483984   65.17%
   2824  1004   349312.4468   139   618885.0000   215586.0244   492890   65.17%
   2873  1085   313692.5157   176   618885.0000   215586.0244   504781   65.17%
   2921  1090   348791.5298   185   618885.0000   215586.0244   506366   65.17%
   2959  1127   300225.1421   207   618885.0000   215586.0244   507736   65.17%
   3012  1226   353794.8238   155   618885.0000   215586.0244   517630   65.17%
Elapsed time = 558.00 sec. (100897.73 ticks, tree = 22.45 MB, solutions = 14)
   3069  1235   367929.7858   153   618885.0000   215586.0244   518513   65.17%
   3141  1313   402055.8084   154   618885.0000   215586.0244   529309   65.17%
   3211  1419   368973.7727   137   618885.0000   215586.0244   541318   65.17%
   3262  1351   310278.1484   191   618885.0000   215586.0244   536806   65.17%
   3301  1459   353275.0156   173   618885.0000   215586.0244   550188   65.17%
   3357  1554   381840.3824   131   618885.0000   215586.0244   560514   65.17%
   3419  1633   359182.3723   180   618885.0000   215586.0244   570631   65.17%
   3481  1563   389008.4688   138   618885.0000   215586.0244   561375   65.17%
   3522  1675   369811.9433   191   618885.0000   215586.0244   581190   65.17%
   3574  1715   365150.6214   179   618885.0000   215586.0244   584224   65.17%
Elapsed time = 658.45 sec. (110755.82 ticks, tree = 25.32 MB, solutions = 14)
   3631  1831   395649.1111   155   618885.0000   215586.0244   598312   65.17%
   3707  1875   412726.1579   128   618885.0000   215586.0244   601773   65.17%
   3785  1981   417277.3478   140   618885.0000   215586.0244   615203   65.17%
   3855  1938   409805.7317   147   618885.0000   215586.0244   609017   65.17%
   3929  2004   457739.0000   120   618885.0000   215586.0244   616915   65.17%
   4010  2048   433376.8571   115   618885.0000   215586.0244   620041   65.17%
   4094  2272   422762.0391   163   618885.0000   215586.0244   641139   65.17%
   4179  2273   469591.2500    86   618885.0000   215586.0244   640426   65.17%
   4271  2449   429517.6579   144   618885.0000   215586.0244   655841   65.17%
   4372  2355   494155.1667   145   618885.0000   215586.0244   648730   65.17%
Elapsed time = 751.61 sec. (120475.95 ticks, tree = 29.32 MB, solutions = 14)
   4463  2474   441005.8810   135   618885.0000   215586.0244   657461   65.17%
   4613  2627   494167.1389   148   618885.0000   215586.0244   666948   65.17%
   4724  2654   500707.3021   156   618885.0000   215586.0244   668100   65.17%
   4879  2947   515159.5000    90   618885.0000   215586.0244   683446   65.17%
   5001  2794   278951.5963   134   618885.0000   215586.0244   677596   65.17%
   5104  3078   261669.5821   164   618885.0000   215586.0244   697815   65.17%
   5206  3195   595355.5000    78   618885.0000   218030.7884   700211   64.77%
   5300  3443   230266.8182   185   618885.0000   218030.7884   724501   64.77%
   5375  3425   376367.7500   129   618885.0000   218030.7884   724735   64.77%
   5446  3555   229796.2435   219   618885.0000   218769.4435   739524   64.65%
Elapsed time = 841.08 sec. (130104.68 ticks, tree = 37.94 MB, solutions = 14)
   5526  3614   374868.1250   111   618885.0000   218769.4435   754604   64.65%
   5619  3709   392810.1333   145   618885.0000   222689.6367   774606   64.02%
   5688  3775   379293.0000   120   618885.0000   222689.6367   794444   64.02%
   5786  3791   445685.3824   122   618885.0000   222689.6367   797181   64.02%
   5885  4008   434599.1250   136   618885.0000   222689.6367   829991   64.02%
   6014  4064   573151.5000    63   618885.0000   222689.6367   834897   64.02%
   6096  3999   435715.0000    71   618885.0000   222689.6367   827439   64.02%
   6225  4155   603491.0000    66   618885.0000   222689.6367   842271   64.02%
   6327  4414   605113.1667   101   618885.0000   223769.3767   875077   63.84%
   6870  4668   599065.4375   100   618885.0000   224650.0156   902612   63.70%
Elapsed time = 953.02 sec. (142604.34 ticks, tree = 48.17 MB, solutions = 14)
   7320  5380   266728.4368   192   618885.0000   224668.7081   975748   63.70%
   7598  5497   246908.9902   194   618885.0000   224725.8438   994180   63.69%
   7962  5853   300689.5580   170   618885.0000   225228.1738  1041810   63.61%
   8270  6256   505267.1111   123   618885.0000   225231.5185  1097844   63.61%
   8571  6510   326475.4792   138   618885.0000   227829.0987  1155666   63.19%
   8974  6808   450001.4145   177   618885.0000   228947.7829  1204566   63.01%
   9403  7178   253206.4967   220   618885.0000   228961.8964  1257619   63.00%
*  9676+ 7649                       618360.0000   229046.5081            62.96%
   9784  7618   368207.2500   210   618360.0000   229046.5081  1316721   62.96%
  10114  8048   304041.8164   207   618360.0000   229046.5081  1395190   62.96%
  10498  8402   438157.9417   202   618360.0000   229046.5081  1441753   62.96%
Elapsed time = 1293.76 sec. (180833.25 ticks, tree = 71.06 MB, solutions = 15)
* 10542+ 8169                       604656.0000   229046.5081            62.12%
  10808  8543   265215.0418   184   604656.0000   229842.5229  1485674   61.99%
  11162  8815   313408.9406   188   604656.0000   229842.5229  1528501   61.99%
  11487  9251   411714.7912   219   604656.0000   230040.2400  1586945   61.96%
  11812  9463   396204.5096   204   604656.0000   230545.5377  1620261   61.87%
  12136  9845   275752.5855   204   604656.0000   230790.5884  1686362   61.83%
  12457 10167   327379.8000   180   604656.0000   231048.8890  1740451   61.79%
  12778 10441   367816.6952   216   604656.0000   231048.8890  1784504   61.79%
  13081 10801   255346.6075   189   604656.0000   231392.0978  1835768   61.73%
  13318 11130   373182.4543   188   604656.0000   231921.9671  1893825   61.64%
  13641 11383   400799.4571   244   604656.0000   231934.6522  1942744   61.64%
Elapsed time = 1614.20 sec. (219130.90 ticks, tree = 89.89 MB, solutions = 16)
  13955 11582   362178.8196   199   604656.0000   231934.6522  1977004   61.64%
  14233 11737   342289.7845   175   604656.0000   231934.6522  2004490   61.64%
  14563 12261   331238.6685   189   604656.0000   232117.5856  2085388   61.61%
  14869 12527   261813.3950   216   604656.0000   232229.1226  2126244   61.59%
  15178 12796   269936.8524   189   604656.0000   232410.3878  2161915   61.56%
  15509 13193   381363.9141   209   604656.0000   232522.3704  2244017   61.54%
  15813 13582   408630.7440   224   604656.0000   232602.0738  2302122   61.53%
  16154 13638   431717.9088   203   604656.0000   232602.0738  2307866   61.53%
  16531 13991   356073.2500   146   604656.0000   232602.0738  2376131   61.53%
  16859 14455   438468.7500    81   604656.0000   232767.3244  2457667   61.50%
Elapsed time = 1950.00 sec. (257369.73 ticks, tree = 108.36 MB, solutions = 16)
  17244 14597   307285.1339   219   604656.0000   232973.6985  2480054   61.47%
  17532 15163   314744.3632   189   604656.0000   232973.6985  2563526   61.47%
  17818 15505   354449.1281   198   604656.0000   232973.6985  2627444   61.47%
  18073 15555   390609.1400   164   604656.0000   232973.6985  2634451   61.47%
  18342 15818   383251.5727   186   604656.0000   233991.4894  2678753   61.30%
  18655 16263   346202.0171   201   604656.0000   233991.4894  2737799   61.30%
  19052 16715   385086.1500   171   604656.0000   233991.4894  2788778   61.30%
  19404 16705   469732.2111   187   604656.0000   234020.4633  2785157   61.30%
  19782 17044   325162.3262   222   604656.0000   234064.8928  2839600   61.29%
  20123 17658   347321.0952   186   604656.0000   234173.8907  2932319   61.27%
Elapsed time = 2226.65 sec. (295664.10 ticks, tree = 131.84 MB, solutions = 16)
  20468 17708   380077.3144   204   604656.0000   234323.2658  2938948   61.25%
  20790 18020   420184.7672   215   604656.0000   234341.8157  2984858   61.24%
  21075 18794   399163.8807   204   604656.0000   234341.8157  3105826   61.24%
  21382 18611   347851.4118   173   604656.0000   234426.4623  3081138   61.23%
  21714 18986   341898.3196   219   604656.0000   234429.2474  3143201   61.23%
  22012 19459   368913.8760   220   604656.0000   234429.2474  3220241   61.23%
  22354 19745   348251.0741   185   604656.0000   234508.1383  3268516   61.22%
  22689 20140   362654.2147   236   604656.0000   234556.2500  3328201   61.21%
  22976 20610   388663.1889   227   604656.0000   234574.1197  3410707   61.21%
  23311 20430   339504.1772   226   604656.0000   234640.5807  3376753   61.19%
Elapsed time = 2548.75 sec. (333926.75 ticks, tree = 148.70 MB, solutions = 16)
  23716 20968   415775.3571   157   604656.0000   234654.5960  3468786   61.19%
  24070 21480   408723.7923   190   604656.0000   234654.5960  3529052   61.19%
  24353 21513   301585.0965   163   604656.0000   234898.5081  3534826   61.15%
* 24376+21859                       603753.0000   234898.5081            61.09%
* 24403+21859                       595656.0000   234898.5081            60.56%
  24732 22192   509780.0000    96   595656.0000   235082.2162  3663152   60.53%
  25206 22006   516387.9375   112   595656.0000   235220.7935  3637290   60.51%
  25584 22408   565715.3837   153   595656.0000   235220.7935  3695898   60.51%
* 25876+22875                       589147.0000   235262.1310            60.07%
  25995 23169   359699.8000   159   589147.0000   235619.0705  3832270   60.01%
  26556 23301   419606.5913   207   589147.0000   235619.0705  3819684   60.01%
  27081 23711   401936.1905   180   589147.0000   235619.0705  3879509   60.01%
  27517 24233   394259.7941   187   589147.0000   235624.2295  3915993   60.01%
Elapsed time = 2872.97 sec. (372177.32 ticks, tree = 544.30 MB, solutions = 19)
  27981 24647   522576.0000    64   589147.0000   235682.2047  3947660   60.00%
  28508 25192   425912.3390   204   589147.0000   235798.2149  3990850   59.98%
  29005 25431   439234.4366   162   589147.0000   235898.5207  4011862   59.96%
  29472 25587   391025.8794   221   589147.0000   236284.6893  4025300   59.89%
  29977 26531   431700.6630   180   589147.0000   236378.7201  4095210   59.88%
  30451 26856   563182.4583    87   589147.0000   236455.1254  4131780   59.86%
  30932 27175   355880.5459   160   589147.0000   236635.9678  4164254   59.83%
  31456 27512   424323.3444   211   589147.0000   237011.1156  4193776   59.77%
  31950 28281   352424.7776   174   589147.0000   237170.0664  4263355   59.74%
  32382 29205   430093.2864   194   589147.0000   237170.0664  4337180   59.74%
Elapsed time = 3218.76 sec. (410401.13 ticks, tree = 1772.01 MB, solutions = 19)
Starting limited solution polishing.
  32854 29567   462233.6667   146   589147.0000   237604.2521  4372536   59.67%
* 32967+29300                       585734.0000   237604.2521            59.43%
  33428 29948   573119.5000   168   585734.0000   237648.3502  4408878   59.43%
  33781 30380   349261.9216   196   585734.0000   237648.3502  4461382   59.43%
* 33913+30785                       584568.0000   237922.0518            59.30%
  33921 30568   456888.6667    89   584568.0000   237922.0518  4484353   59.30%
* 34085+30578                       582517.0000   237930.4137            59.15%
  34237 31048   403135.5625   215   582517.0000   237930.4137  4527681   59.15%
* 34326+31125                       569499.0000   237930.4137            58.22%
  34655 30783   437158.7628   182   569499.0000   237930.4137  4557809   58.22%
* 34984+30853                       566772.0000   238022.1283            58.00%
  35131 30558   377293.8054   153   566772.0000   238022.1283  4548889   58.00%
  35363 31015   339814.8001   179   566772.0000   238378.0731  4579012   57.94%
  35646 31157   351881.8037   223   566772.0000   238378.0731  4586711   57.94%
  35907 31602   402894.9527   195   566772.0000   238378.0731  4636906   57.94%
Elapsed time = 3447.46 sec. (448671.88 ticks, tree = 2330.39 MB, solutions = 28)
Nodefile size = 255.06 MB (153.86 MB after compression)
* 36099+31158                       566147.0000   238378.0731            57.89%
  36228 31857   382166.8179   194   566147.0000   238378.0731  4660843   57.89%
  36607 32304   449091.5160   195   566147.0000   238606.3662  4693499   57.85%
* 36726+31844                       565392.0000   238606.3662            57.80%
* 36894+31930                       560715.0000   238606.3662            57.45%
  36906 32290   453694.2593   217   560715.0000   238606.3662  4691088   57.45%
  37260 32739   533653.8929   158   560715.0000   238643.5158  4732141   57.44%
  37622 33084   379103.6346   186   560715.0000   238643.5158  4756359   57.44%
* 37706+32973                       558045.0000   238745.5371            57.22%
  37716 33221   298199.4054   171   558045.0000   238745.5371  4772463   57.22%
  37875 33324   401107.7798   216   558045.0000   238745.5371  4785151   57.22%
  38210 33449   347098.8683   182   558045.0000   238745.5371  4796114   57.22%
  38379 33432   308867.4975   203   558045.0000   238884.5768  4794539   57.19%
* 38385+33373                       557752.0000   238884.5768            57.17%
  38385 33375   449149.1685   223   557752.0000   238884.5768  4780690   57.17%
Elapsed time = 3602.93 sec. (488709.67 ticks, tree = 3019.59 MB, solutions = 39)
Nodefile size = 931.44 MB (570.83 MB after compression)

Implied bound cuts applied:  1
Zero-half cuts applied:  429
Lift and project cuts applied:  61

Root node processing (before b&c):
  Real time             =   39.45 sec. (28075.21 ticks)
Parallel b&c, 8 threads:
  Real time             = 3563.49 sec. (461888.42 ticks)
  Sync time (average)   =  575.21 sec.
  Wait time (average)   =    0.01 sec.
                          ------------
Total (root+branch&cut) = 3602.93 sec. (489963.63 ticks)
Status: Feasible
Obj: 557752

Instalacoes abertas:
Instalação 0 aberta
Instalação 1 aberta
Instalação 4 aberta
Instalação 8 aberta
Instalação 9 aberta
Instalação 13 aberta
Instalação 16 aberta
Instalação 18 aberta
Instalação 19 aberta
Instalação 20 aberta
Instalação 22 aberta
Instalação 30 aberta
Instalação 31 aberta
Instalação 39 aberta
Instalação 47 aberta
Instalação 49 aberta

Atribuições (cliente -> instalação):
Cliente 0 -> Instalação 49
Cliente 1 -> Instalação 4
Cliente 2 -> Instalação 22
Cliente 3 -> Instalação 9
Cliente 4 -> Instalação 47
Cliente 5 -> Instalação 47
Cliente 6 -> Instalação 9
Cliente 7 -> Instalação 9
Cliente 8 -> Instalação 8
Cliente 9 -> Instalação 9
Cliente 10 -> Instalação 4
Cliente 11 -> Instalação 22
Cliente 12 -> Instalação 19
Cliente 13 -> Instalação 20
Cliente 14 -> Instalação 0
Cliente 15 -> Instalação 47
Cliente 16 -> Instalação 1
Cliente 17 -> Instalação 39
Cliente 18 -> Instalação 18
Cliente 19 -> Instalação 4
Cliente 20 -> Instalação 18
Cliente 21 -> Instalação 16
Cliente 22 -> Instalação 13
Cliente 23 -> Instalação 4
Cliente 24 -> Instalação 1
Cliente 25 -> Instalação 31
Cliente 26 -> Instalação 19
Cliente 27 -> Instalação 4
Cliente 28 -> Instalação 49
Cliente 29 -> Instalação 30
Cliente 30 -> Instalação 30
Cliente 31 -> Instalação 31
Cliente 32 -> Instalação 8
Cliente 33 -> Instalação 13
Cliente 34 -> Instalação 8
Cliente 35 -> Instalação 0
Cliente 36 -> Instalação 13
Cliente 37 -> Instalação 39
Cliente 38 -> Instalação 4
Cliente 39 -> Instalação 13
Cliente 40 -> Instalação 16
Cliente 41 -> Instalação 1
Cliente 42 -> Instalação 8
Cliente 43 -> Instalação 47
Cliente 44 -> Instalação 20
Cliente 45 -> Instalação 1
Cliente 46 -> Instalação 20
Cliente 47 -> Instalação 0
Cliente 48 -> Instalação 20
Cliente 49 -> Instalação 47
