Version identifier: 22.1.1.0 | 2022-11-28 | 9160aff4d
CPXPARAM_TimeLimit                               3600
Tried aggregator 1 time.
MIP Presolve eliminated 50 rows and 1 columns.
Reduced MIP has 52100 rows, 3541 columns, and 156200 nonzeros.
Reduced MIP has 3541 binaries, 0 generals, 0 SOSs, and 0 indicators.
Presolve time = 0.08 sec. (69.33 ticks)
Found incumbent of value 4.1659488e+07 after 0.10 sec. (88.82 ticks)
Probing time = 0.02 sec. (7.97 ticks)
Tried aggregator 1 time.
Detecting symmetries...
Reduced MIP has 52100 rows, 3541 columns, and 156200 nonzeros.
Reduced MIP has 3541 binaries, 0 generals, 0 SOSs, and 0 indicators.
Presolve time = 0.10 sec. (84.36 ticks)
Probing time = 0.03 sec. (8.05 ticks)
Clique table members: 2500.
MIP emphasis: balance optimality and feasibility.
MIP search method: dynamic search.
Parallel mode: deterministic, using up to 8 threads.
Root relaxation solution time = 0.12 sec. (76.54 ticks)

        Nodes                                         Cuts/
   Node  Left     Objective  IInf  Best Integer    Best Bound    ItCnt     Gap

*     0+    0                       4.16595e+07        0.0000           100.00%
*     0+    0                       3.17078e+07        0.0000           100.00%
*     0+    0                      2683458.0000        0.0000           100.00%
*     0+    0                      2273520.0000        0.0000           100.00%
      0     0    93774.0000   100  2273520.0000    93774.0000      176   95.88%
*     0+    0                      1636042.0000    93774.0000            94.27%
      0     0   106217.5000   100  1636042.0000    Cuts: 2493      370   93.51%
      0     0   118774.0000    98  1636042.0000    Cuts: 2456      679   92.74%
      0     0   131217.5000    98  1636042.0000 ZeroHalf: 1035     1771   91.98%
*     0+    0                      1207506.0000   131217.5000            89.13%
*     0+    0                      1166523.0000   131217.5000            88.75%
      0     0  -1.00000e+75     0  1166523.0000   131217.5000     1771   88.75%
      0     0   137239.6071   217  1166523.0000 ZeroHalf: 939     2693   88.24%
*     0+    0                       783057.0000   137239.6071            82.47%
*     0+    0                       780433.0000   137239.6071            82.41%
      0     0   142982.5849   184   780433.0000     Cuts: 733     3618   81.68%
Detecting symmetries...
      0     0   150930.6073   179   780433.0000     Cuts: 490     4425   80.66%
*     0+    0                       735383.0000   150930.6073            79.48%
*     0+    0                       719583.0000   150930.6073            79.03%
      0     0   154303.9358   216   719583.0000     Cuts: 405     5165   78.56%
      0     0   159246.4408   203   719583.0000     Cuts: 587     5833   77.87%
      0     0   162475.1470   174   719583.0000     Cuts: 495     6503   77.42%
      0     0   164934.6469   206   719583.0000     Cuts: 135     7064   77.08%
      0     0   167038.3837   201   719583.0000     Cuts: 261     7604   76.79%
      0     0   169213.9351   202   719583.0000     Cuts: 357     8196   76.48%
      0     0   170569.4836   202   719583.0000     Cuts: 103     8502   76.30%
      0     0   172594.0901   193   719583.0000     Cuts: 275     9013   76.01%
      0     0   174176.8062   210   719583.0000     Cuts: 233     9404   75.79%
      0     0   175400.5433   242   719583.0000     Cuts: 263     9840   75.62%
*     0+    0                       701622.0000   175400.5433            75.00%
      0     0   176434.8525   233   701622.0000      Cuts: 93    10115   74.85%
      0     0   177349.8491   204   701622.0000     Cuts: 142    10425   74.72%
      0     0   178258.0225   211   701622.0000     Cuts: 396    10867   74.59%
      0     0   179415.3239   209   701622.0000     Cuts: 135    11179   74.43%
      0     0   180269.3927   203   701622.0000     Cuts: 254    11459   74.31%
      0     0   181130.7429   194   701622.0000     Cuts: 115    11861   74.18%
      0     0   182370.6347   215   701622.0000     Cuts: 208    12299   74.01%
      0     0   183103.7699   215   701622.0000      Cuts: 89    12632   73.90%
      0     0   183935.1066   196   701622.0000      Cuts: 97    13015   73.78%
      0     0   185179.9272   206   701622.0000     Cuts: 111    13452   73.61%
      0     0   186056.5008   207   701622.0000     Cuts: 145    13885   73.48%
      0     0   186826.2686   230   701622.0000      Cuts: 75    14234   73.37%
      0     0   187392.7001   233   701622.0000     Cuts: 124    14478   73.29%
      0     0   188214.1531   200   701622.0000     Cuts: 273    14821   73.17%
      0     0   188906.7813   208   701622.0000     Cuts: 134    15280   73.08%
      0     0   189713.1175   208   701622.0000     Cuts: 119    15688   72.96%
      0     0   190592.2222   199   701622.0000     Cuts: 118    16098   72.84%
      0     0   191873.5884   240   701622.0000      Cuts: 83    16604   72.65%
      0     0   192371.5753   205   701622.0000     Cuts: 109    16891   72.58%
      0     0   192789.6191   221   701622.0000      Cuts: 67    17202   72.52%
      0     0   192992.1249   195   701622.0000     Cuts: 187    17383   72.49%
      0     0   193450.6147   214   701622.0000     Cuts: 119    17698   72.43%
      0     0   193878.1473   215   701622.0000      Cuts: 77    18019   72.37%
      0     0   194390.2218   208   701622.0000      Cuts: 86    18322   72.29%
      0     0   194662.3862   217   701622.0000      Cuts: 57    18599   72.26%
      0     0   195052.5003   245   701622.0000     Cuts: 125    18997   72.20%
      0     0   195628.5656   206   701622.0000     Cuts: 194    19448   72.12%
      0     0   196186.1421   243   701622.0000      Cuts: 79    19748   72.04%
      0     0   196575.8251   231   701622.0000      Cuts: 72    20037   71.98%
      0     0   196850.6681   236   701622.0000      Cuts: 86    20261   71.94%
      0     0   197254.5284   215   701622.0000     Cuts: 127    20548   71.89%
      0     0   197625.3537   233   701622.0000     Cuts: 103    20858   71.83%
      0     0   197859.5194   204   701622.0000     Cuts: 145    21078   71.80%
      0     0   198095.7500   258   701622.0000      Cuts: 92    21341   71.77%
      0     0   198379.9800   205   701622.0000     Cuts: 367    21613   71.73%
      0     0   198763.0495   230   701622.0000      Cuts: 85    21978   71.67%
      0     0   199270.5816   212   701622.0000     Cuts: 118    22271   71.60%
      0     0   199808.2116   220   701622.0000      Cuts: 76    22535   71.52%
      0     0   200145.1077   232   701622.0000      Cuts: 64    22740   71.47%
      0     0   200458.3359   248   701622.0000     Cuts: 107    22982   71.43%
      0     0   200699.8826   239   701622.0000  ZeroHalf: 46    23283   71.39%
      0     0   200962.8336   196   701622.0000     Cuts: 102    23493   71.36%
      0     0   201235.5740   232   701622.0000      Cuts: 43    23703   71.32%
      0     0   201589.2415   197   701622.0000     Cuts: 137    23983   71.27%
      0     0   201864.9624   193   701622.0000      Cuts: 72    24153   71.23%
      0     0   202151.5500   204   701622.0000      Cuts: 64    24406   71.19%
      0     0   202466.2551   229   701622.0000      Cuts: 37    24639   71.14%
      0     0   202823.3968   228   701622.0000     Cuts: 101    24911   71.09%
      0     0   203065.9308   235   701622.0000      Cuts: 37    25041   71.06%
      0     0   203246.6305   205   701622.0000      Cuts: 47    25183   71.03%
      0     0   203543.0374   233   701622.0000  ZeroHalf: 36    25374   70.99%
      0     0   203771.7396   232   701622.0000     Cuts: 115    25599   70.96%
      0     0   203995.0518   217   701622.0000      Cuts: 36    25752   70.93%
      0     0   204279.2654   240   701622.0000      Cuts: 65    25983   70.88%
      0     0   204606.3110   241   701622.0000     Cuts: 153    26250   70.84%
      0     0   204927.1864   231   701622.0000      Cuts: 33    26435   70.79%
      0     0   205352.2140   216   701622.0000      Cuts: 51    26621   70.73%
      0     0   205616.2672   236   701622.0000     Cuts: 121    26869   70.69%
      0     0   205849.2378   242   701622.0000      Cuts: 44    27024   70.66%
      0     0   206076.0368   237   701622.0000      Cuts: 67    27214   70.63%
      0     0   206343.4682   230   701622.0000     Cuts: 116    27408   70.59%
      0     0   206662.7425   202   701622.0000     Cuts: 176    27575   70.55%
      0     0   207167.5630   231   701622.0000  ZeroHalf: 33    27847   70.47%
      0     0   207385.8710   242   701622.0000      Cuts: 38    28062   70.44%
      0     0   207612.2113   213   701622.0000      Cuts: 55    28251   70.41%
      0     0   207681.2566   235   701622.0000      Cuts: 26    28342   70.40%
      0     0   207720.4579   233   701622.0000      Cuts: 19    28411   70.39%
Detecting symmetries...
      0     2   207720.4579   233   701622.0000   207720.4579    28411   70.39%
Elapsed time = 49.25 sec. (33245.50 ticks, tree = 0.02 MB, solutions = 12)
      1     3   208066.3614   213   701622.0000   207720.6087    28667   70.39%
      5     6   228692.4036   202   701622.0000   208066.5582    29504   70.34%
     11    12   250401.3464   169   701622.0000   208250.1178    31617   70.32%
     24     7   230506.2515   194   701622.0000   208250.1178    30563   70.32%
     38    32   270710.1250   150   701622.0000   208253.1418    37555   70.32%
     47    42   272015.5670   172   701622.0000   208253.1418    40673   70.32%
     54    53   247888.6523   169   701622.0000   208253.1418    44941   70.32%
     69    57   290927.0817   154   701622.0000   208253.1418    46535   70.32%
     92    74   295987.1000   116   701622.0000   208480.0628    51145   70.29%
    173   138   292740.6774   163   701622.0000   212279.9873    63912   69.74%
Elapsed time = 75.42 sec. (36545.32 ticks, tree = 7.76 MB, solutions = 12)
    287   247   699192.0000    14   701622.0000   212279.9873    77890   69.74%
    390   346   462108.0000    74   701622.0000   212279.9873    94695   69.74%
    515   436   593875.1667    93   701622.0000   212279.9873   107280   69.74%
    632   549   602002.0000    53   701622.0000   212279.9873   122506   69.74%
    757   638   387741.0000   111   701622.0000   212279.9873   136147   69.74%
    880   756   685902.2500    29   701622.0000   212279.9873   150853   69.74%
    994   807   240366.9950   175   701622.0000   212279.9873   166387   69.74%
   1115   947   273347.4588   171   701622.0000   216144.4279   186688   69.19%
   1228  1019   275076.0337   159   701622.0000   219789.2174   197881   68.67%
   1359  1181   329508.5000    89   701622.0000   223516.5858   223554   68.14%
Elapsed time = 143.12 sec. (46145.46 ticks, tree = 14.34 MB, solutions = 12)
   1497  1309   698005.2500    54   701622.0000   223516.5858   238195   68.14%
   1611  1374   378959.5000    73   701622.0000   223516.5858   249343   68.14%
   1687  1327   255624.0842   190   701622.0000   223516.5858   241151   68.14%

Performing restart 1

Repeating presolve.
Tried aggregator 1 time.
MIP Presolve eliminated 828 rows and 28 columns.
Reduced MIP has 51272 rows, 3513 columns, and 153716 nonzeros.
Reduced MIP has 3513 binaries, 0 generals, 0 SOSs, and 0 indicators.
Presolve time = 0.07 sec. (70.52 ticks)
Tried aggregator 1 time.
Reduced MIP has 51272 rows, 3513 columns, and 153716 nonzeros.
Reduced MIP has 3513 binaries, 0 generals, 0 SOSs, and 0 indicators.
Presolve time = 0.09 sec. (85.87 ticks)
Represolve time = 0.25 sec. (227.04 ticks)
   1688     0   207934.7019   217   701622.0000      Cuts: 85   286593   68.14%
   1688     0   208325.7496   211   701622.0000      Cuts: 80   286771   68.14%
   1688     0   208675.7315   208   701622.0000     Cuts: 125   286988   68.14%
   1688     0   209000.9919   207   701622.0000     Cuts: 114   287192   68.14%
   1688     0   209167.3632   203   701622.0000     Cuts: 140   287358   68.14%
   1688     0   209362.7945   239   701622.0000     Cuts: 134   287559   68.14%
   1688     2   209362.7945   239   701622.0000   223516.5858   287559   68.14%
   1689     3   233669.5594   199   701622.0000   223516.5858   287953   68.14%
   1690     4   235092.0317   197   701622.0000   223516.5858   288277   68.14%
   1696    10   209986.4744   228   701622.0000   223516.5858   289747   68.14%
   1702    14   239346.1028   199   701622.0000   223516.5858   291007   68.14%
   1712    24   241171.7607   188   701622.0000   223516.5858   293810   68.14%
   1732    25   232422.4577   239   701622.0000   223516.5858   295974   68.14%
Elapsed time = 263.78 sec. (75886.94 ticks, tree = 0.47 MB, solutions = 12)
   1760    49   238664.0523   223   701622.0000   223516.5858   301198   68.14%
   1815    86   257805.3890   188   701622.0000   223516.5858   309189   68.14%
   1862   127   268816.8183   201   701622.0000   223516.5858   317072   68.14%
   1886   158   266443.5261   181   701622.0000   223516.5858   326972   68.14%
   1908   180   276068.3549   177   701622.0000   223516.5858   330553   68.14%
   1928   210   262094.2179   201   701622.0000   223516.5858   337856   68.14%
   1947   232   295178.7408   184   701622.0000   223516.5858   342586   68.14%
   1969   259   257466.9560   210   701622.0000   223516.5858   345302   68.14%
   2006   293   234253.1216   204   701622.0000   223516.5858   350046   68.14%
   2028   273   278489.0777   194   701622.0000   223516.5858   349287   68.14%
Elapsed time = 360.75 sec. (85947.99 ticks, tree = 19.64 MB, solutions = 12)
   2068   300   261330.6770   208   701622.0000   223516.5858   350920   68.14%
   2090   360   267985.2546   235   701622.0000   223516.5858   360540   68.14%
   2134   386   262892.3041   189   701622.0000   223516.5858   362514   68.14%
   2171   433   292046.2985   168   701622.0000   223516.5858   367924   68.14%
   2200   473   269393.4275   209   701622.0000   223516.5858   374510   68.14%
   2229   461   269392.7480   186   701622.0000   223516.5858   374891   68.14%
   2267   516   294412.2940   171   701622.0000   223516.5858   383042   68.14%
   2299   576   318858.9872   197   701622.0000   223516.5858   397288   68.14%
   2331   578   281822.5374   214   701622.0000   223516.5858   396759   68.14%
   2394   615   278995.5793   158   701622.0000   223516.5858   401147   68.14%
Elapsed time = 456.95 sec. (95715.77 ticks, tree = 25.16 MB, solutions = 12)
   2417   627   296092.5577   199   701622.0000   223516.5858   406996   68.14%
   2450   681   313362.3759   203   701622.0000   223516.5858   412952   68.14%
   2477   690   305584.2655   177   701622.0000   223516.5858   414682   68.14%
   2498   662   293387.6900   194   701622.0000   223516.5858   411278   68.14%
   2538   780   307732.8566   212   701622.0000   223516.5858   428051   68.14%
   2585   795   307304.5291   211   701622.0000   223516.5858   429697   68.14%
   2637   792   302603.7315   166   701622.0000   223516.5858   428840   68.14%
   2664   895   312879.0946   184   701622.0000   223516.5858   445152   68.14%
   2706   834   317005.1269   183   701622.0000   223516.5858   437161   68.14%
   2740   922   337808.9611   201   701622.0000   223516.5858   448476   68.14%
Elapsed time = 565.90 sec. (105674.08 ticks, tree = 27.72 MB, solutions = 12)
   2775  1032   341345.5418   184   701622.0000   223516.5858   465038   68.14%
   2805  1040   343564.4642   182   701622.0000   223516.5858   466044   68.14%
   2870   975   329103.6252   211   701622.0000   223516.5858   457709   68.14%
   2918  1124   366864.7457   171   701622.0000   223516.5858   476790   68.14%
   2962  1154   326724.1749   163   701622.0000   223516.5858   480131   68.14%
   3008  1110   336104.7833   219   701622.0000   223516.5858   475599   68.14%
   3064  1241   341087.2436   187   701622.0000   223516.5858   490533   68.14%
   3128  1259   370201.5294   145   701622.0000   223516.5858   492360   68.14%
   3183  1283   329613.1429   170   701622.0000   223516.5858   492450   68.14%
   3243  1415   360588.3155   181   701622.0000   223516.5858   505755   68.14%
Elapsed time = 668.09 sec. (115375.97 ticks, tree = 30.25 MB, solutions = 12)
   3305  1478   441103.9167   136   701622.0000   223516.5858   513181   68.14%
   3350  1501   396154.4387   186   701622.0000   223516.5858   515013   68.14%
   3388  1425   366340.3540   181   701622.0000   223516.5858   506622   68.14%
   3443  1587   396841.5208   180   701622.0000   223516.5858   526854   68.14%
   3496  1688   422827.8333   128   701622.0000   223516.5858   537727   68.14%
   3578  1747   391087.0586   152   701622.0000   223516.5858   544060   68.14%
   3642  1790   383916.2583   160   701622.0000   223516.5858   548985   68.14%
   3699  1795   393012.9360   179   701622.0000   223516.5858   549422   68.14%
   3790  1972   416113.6185   169   701622.0000   223516.5858   568474   68.14%
   3842  1979   418384.7538   167   701622.0000   223516.5858   568819   68.14%
Elapsed time = 759.87 sec. (125091.19 ticks, tree = 34.88 MB, solutions = 12)
   3878  1994   424624.9239   169   701622.0000   223516.5858   569835   68.14%
   3892  2024   576465.2500   121   701622.0000   223516.5858   570731   68.14%

Performing restart 2

Repeating presolve.
Tried aggregator 1 time.
MIP Presolve eliminated 41 rows and 1 columns.
Reduced MIP has 51231 rows, 3512 columns, and 201361 nonzeros.
Reduced MIP has 3512 binaries, 0 generals, 0 SOSs, and 0 indicators.
Presolve time = 0.13 sec. (121.75 ticks)
Tried aggregator 1 time.
Reduced MIP has 51231 rows, 3512 columns, and 201361 nonzeros.
Reduced MIP has 3512 binaries, 0 generals, 0 SOSs, and 0 indicators.
Presolve time = 0.15 sec. (136.14 ticks)
Represolve time = 0.40 sec. (350.19 ticks)
*  3893+    0                       700643.0000   223516.5858            68.10%
   3893     0   210180.1070   248   700643.0000     Cuts: 117   595189   68.10%
   3893     0   210599.3330   209   700643.0000      Cuts: 76   595443   68.10%
   3893     0   210946.6460   204   700643.0000     Cuts: 103   595693   68.10%
   3893     0   211547.0155   244   700643.0000     Cuts: 143   596109   68.10%
   3893     0   212412.8406   225   700643.0000     Cuts: 137   596501   68.10%
   3893     0   213025.8612   243   700643.0000     Cuts: 142   596801   68.10%
   3893     0   213550.7125   221   700643.0000     Cuts: 125   597202   68.10%
   3893     0   214154.4966   233   700643.0000     Cuts: 130   597701   68.10%
   3893     0   214568.7426   230   700643.0000     Cuts: 117   598000   68.10%
   3893     0   214927.1146   235   700643.0000     Cuts: 112   598309   68.10%
   3893     2   214927.1146   235   700643.0000   223516.5858   598309   68.10%
   3895     4   250814.1385   176   700643.0000   223516.5858   600150   68.10%
   3915    15   275152.4879   167   700643.0000   223516.5858   602045   68.10%
   3930    33   306219.3162   137   700643.0000   223516.5858   614927   68.10%
   3963    61   301731.5357   135   700643.0000   223516.5858   631230   68.10%
   3992    86   352310.0000    88   700643.0000   223516.5858   638162   68.10%
   4032   121   352415.5000    88   700643.0000   223516.5858   648021   68.10%
   4094   172   386210.0000   108   700643.0000   223516.5858   660699   68.10%
Elapsed time = 856.52 sec. (153375.14 ticks, tree = 25.44 MB, solutions = 13)
   4169   219   345412.0000    94   700643.0000   223516.5858   671096   68.10%
   4268   318   511173.0000    72   700643.0000   223516.5858   686421   68.10%
   4365   408   540830.5000    68   700643.0000   223516.5858   698493   68.10%
   4455   503   681851.5000    32   700643.0000   223516.5858   712853   68.10%
   4572   575   621566.0000    61   700643.0000   223516.5858   723428   68.10%
*  4629   612      integral     0   687160.0000   223516.5858   727605   67.47%
   4673   597   529965.0000    74   687160.0000   223516.5858   726973   67.47%
   4743   740   607672.6111   113   687160.0000   223516.5858   746103   67.47%
   4805   840   687053.8333    59   687160.0000   223516.5858   764228   67.47%
   4857   842   262844.7662   190   687160.0000   223516.5858   765358   67.47%
   5071  1010   580159.1250    85   687160.0000   223516.5858   805972   67.47%
Elapsed time = 982.56 sec. (165820.73 ticks, tree = 231.17 MB, solutions = 14)
   5489  1377   547529.8333    87   687160.0000   228316.0395   866574   66.77%
   5764  1669   320304.4196   183   687160.0000   228316.0395   911349   66.77%
   6008  1885   421747.8269   160   687160.0000   228316.0395   947623   66.77%
   6305  2136   508498.3049   152   687160.0000   228322.9108   977502   66.77%
   6624  2480   544912.9631   131   687160.0000   228322.9108  1022313   66.77%
   6965  2830   659888.6667   114   687160.0000   228322.9108  1055869   66.77%
   7227  3121   276304.3277   198   687160.0000   228479.8447  1100075   66.75%
   7521  3337   260403.7600   164   687160.0000   230288.1154  1125676   66.49%
   7793  3653   444236.4276   177   687160.0000   232108.1883  1168368   66.22%
   8103  3895   545374.0209   171   687160.0000   234795.0486  1197352   65.83%
Elapsed time = 1366.88 sec. (204054.64 ticks, tree = 700.07 MB, solutions = 14)
   8409  4237   517463.4125   156   687160.0000   234795.0486  1231426   65.83%
   8710  4476   277062.3220   214   687160.0000   234795.0486  1258494   65.83%
   8975  4797   545397.9899   145   687160.0000   235319.2174  1296847   65.75%
   9306  5104   377061.0377   208   687160.0000   235319.2174  1339097   65.75%
   9618  5472   414546.2998   180   687160.0000   235319.2174  1381473   65.75%
   9973  5772   583615.9738   150   687160.0000   235319.2174  1415520   65.75%
  10358  6181   679316.0000    22   687160.0000   235319.2174  1456401   65.75%
  10654  6509   508638.0440   190   687160.0000   236774.1993  1501897   65.54%
* 10669+ 6409                       686318.0000   236774.1993            65.50%
  10971  6676   586982.1059   150   686318.0000   237263.5155  1536977   65.43%
  11286  7094   633327.0000    54   686318.0000   238059.9217  1600569   65.31%
Elapsed time = 1743.37 sec. (242344.26 ticks, tree = 1274.66 MB, solutions = 15)
  11502  7231   263517.8856   228   686318.0000   238059.9217  1628011   65.31%
  11746  7437   444885.0572   146   686318.0000   238059.9217  1668013   65.31%
  12016  7805   542898.1049   138   686318.0000   238059.9217  1721249   65.31%
  12280  8053   421525.3168   182   686318.0000   238754.8890  1758898   65.21%
  12584  8284   491505.2301   172   686318.0000   238754.8890  1792024   65.21%
  12849  8637   479751.1190   178   686318.0000   239863.0164  1837124   65.05%
* 12889+ 8534                       686065.0000   239863.0164            65.04%
  13054  8719   371847.6218   187   686065.0000   239863.0164  1855487   65.04%
  13285  9047   431776.4794   152   686065.0000   239863.0164  1909236   65.04%
  13559  9210   343676.6718   198   686065.0000   239863.0164  1934179   65.04%
  13873  9483   307188.6366   209   686065.0000   239863.0164  1974362   65.04%
Elapsed time = 2107.02 sec. (280605.06 ticks, tree = 1402.92 MB, solutions = 16)
  14168  9839   608941.9818   162   686065.0000   242293.1017  2015961   64.68%
  14444  9971   581481.3321   140   686065.0000   242293.1017  2036670   64.68%
  14690 10308   339637.7056   172   686065.0000   242694.7448  2078734   64.63%
  14969 10457   584298.2741   197   686065.0000   242887.6565  2101088   64.60%
  15197 10891   454014.0674   172   686065.0000   242887.6565  2164904   64.60%
  15430 11125   501774.6040   151   686065.0000   242887.6565  2205162   64.60%
  15705 11221   604286.0499   161   686065.0000   243058.4690  2216690   64.57%
  16025 11482   677832.5342   168   686065.0000   243218.0846  2253067   64.55%
  16231 11907   288601.9531   240   686065.0000   243479.7756  2308505   64.51%
  16483 12123   667774.8240   120   686065.0000   243479.7756  2346301   64.51%
Elapsed time = 2469.40 sec. (318862.12 ticks, tree = 1485.16 MB, solutions = 16)
  16685 12355   654171.8883   115   686065.0000   243479.7756  2387141   64.51%
  16915 12451   485113.8127   194   686065.0000   243479.7756  2409020   64.51%
  17169 12852   311079.8944   176   686065.0000   243479.7756  2484658   64.51%
  17510 13083   577497.6100   172   686065.0000   243479.7756  2517564   64.51%
  17731 13247   411759.7067   184   686065.0000   243479.7756  2537240   64.51%
  18055 13522   347980.7485   183   686065.0000   243479.7756  2583134   64.51%
  18387 13662   310907.2480   187   686065.0000   244490.6536  2608228   64.36%
  18639 14027   462348.0000    83   686065.0000   244490.6536  2658204   64.36%
  18941 14320   518916.8358   148   686065.0000   244554.3876  2695036   64.35%
  19273 14800   538167.7516   139   686065.0000   244851.3506  2767041   64.31%
Elapsed time = 2831.40 sec. (357152.49 ticks, tree = 2133.28 MB, solutions = 16)
Nodefile size = 76.72 MB (45.87 MB after compression)
  19550 14877   676504.5833    57   686065.0000   244871.4401  2780162   64.31%
* 19596+14568                       668097.0000   244901.4921            63.34%
* 19634+14568                       658707.0000   244901.4921            62.82%
* 19637+14568                       651263.0000   244901.4921            62.40%
  19762 15219   485337.3552   147   651263.0000   244901.4921  2818469   62.40%
  20087 14546   469013.7082   223   651263.0000   245087.5635  2849765   62.37%
  20398 14792        cutoff         651263.0000   245087.5635  2880142   62.37%
  20586 15169   310547.5922   185   651263.0000   245456.2218  2933442   62.31%
  20893 15451   552185.9946   169   651263.0000   245578.4734  2965117   62.29%
  21190 15825   641450.8293   109   651263.0000   245603.0364  3014337   62.29%
  21415 16050   322947.9178   167   651263.0000   245603.0364  3042758   62.29%
  21651 16188   637623.5922   134   651263.0000   245802.4310  3061458   62.26%
  21944 16325   293290.1303   199   651263.0000   245802.4310  3086444   62.26%
Elapsed time = 3127.63 sec. (395416.04 ticks, tree = 2611.31 MB, solutions = 19)
Nodefile size = 557.03 MB (340.66 MB after compression)
  22293 16723   347539.0268   204   651263.0000   245802.4310  3145117   62.26%
  22660 17177   602047.7269   176   651263.0000   245802.4310  3197658   62.26%
  22948 17382   349874.0387   198   651263.0000   246073.0030  3222229   62.22%
Starting limited solution polishing.
  23225 17724   468066.9426   160   651263.0000   246283.7201  3266762   62.18%
* 23226+17420                       651233.0000   246283.7201            62.18%
* 23346+17712                       651136.0000   246469.0758            62.15%
  23493 18028   335791.6117   179   651136.0000   246469.0758  3308566   62.15%
  23821 18180   619518.4614   155   651136.0000   246469.0758  3326820   62.15%
* 24018+18254                       649643.0000   246625.1801            62.04%
* 24027+18254                       649349.0000   246625.1801            62.02%
  24102 18624   642393.0000    50   649349.0000   246625.1801  3387650   62.02%
  24304 18645   334334.9393   182   649349.0000   246635.5347  3393645   62.02%
* 24358+18547                       648804.0000   246635.5347            61.99%
  24563 18955   483207.5000    76   648804.0000   246688.7159  3449630   61.98%
* 24597+19064                       647017.0000   246688.7159            61.87%
* 24720+18969                       628072.0000   246688.7159            60.72%
  24764 19043   562836.6461   146   628072.0000   246688.7159  3473235   60.72%
Elapsed time = 3468.74 sec. (433692.27 ticks, tree = 3173.93 MB, solutions = 25)
Nodefile size = 1103.12 MB (674.69 MB after compression)
* 24806+18969                       623472.0000   246688.7159            60.43%
  24969 19280   484823.5365   145   623472.0000   246688.7159  3510256   60.43%
  25098 19323   568370.1615   167   623472.0000   246698.5376  3514865   60.43%
  25220 18679   410705.1827   159   623472.0000   246698.5376  3577792   60.43%
  25378 18708   460636.0648   176   623472.0000   246698.5376  3584326   60.43%
  25581 18835   523310.7500    89   623472.0000   246787.1823  3615599   60.42%
* 25694+19054                       621909.0000   246787.1823            60.32%
  25695 19353   270662.1358   223   621909.0000   246787.1823  3522405   60.32%

Implied bound cuts applied:  2
Zero-half cuts applied:  326
Lift and project cuts applied:  73

Root node processing (before b&c):
  Real time             =   49.19 sec. (33155.03 ticks)
Parallel b&c, 8 threads:
  Real time             = 3552.62 sec. (428393.46 ticks)
  Sync time (average)   =  548.57 sec.
  Wait time (average)   =    0.02 sec.
                          ------------
Total (root+branch&cut) = 3601.80 sec. (461548.49 ticks)
Status: Feasible
Obj: 621909

Instalacoes abertas:
Instalação 0 aberta
Instalação 1 aberta
Instalação 4 aberta
Instalação 8 aberta
Instalação 9 aberta
Instalação 13 aberta
Instalação 16 aberta
Instalação 18 aberta
Instalação 20 aberta
Instalação 22 aberta
Instalação 30 aberta
Instalação 31 aberta
Instalação 35 aberta
Instalação 39 aberta
Instalação 46 aberta
Instalação 47 aberta
Instalação 49 aberta

Atribuições (cliente -> instalação):
Cliente 0 -> Instalação 0
Cliente 1 -> Instalação 46
Cliente 2 -> Instalação 47
Cliente 3 -> Instalação 39
Cliente 4 -> Instalação 49
Cliente 5 -> Instalação 46
Cliente 6 -> Instalação 13
Cliente 7 -> Instalação 31
Cliente 8 -> Instalação 20
Cliente 9 -> Instalação 0
Cliente 10 -> Instalação 1
Cliente 11 -> Instalação 39
Cliente 12 -> Instalação 8
Cliente 13 -> Instalação 31
Cliente 14 -> Instalação 1
Cliente 15 -> Instalação 1
Cliente 16 -> Instalação 18
Cliente 17 -> Instalação 4
Cliente 18 -> Instalação 8
Cliente 19 -> Instalação 47
Cliente 20 -> Instalação 9
Cliente 21 -> Instalação 9
Cliente 22 -> Instalação 22
Cliente 23 -> Instalação 1
Cliente 24 -> Instalação 20
Cliente 25 -> Instalação 31
Cliente 26 -> Instalação 0
Cliente 27 -> Instalação 35
Cliente 28 -> Instalação 4
Cliente 29 -> Instalação 47
Cliente 30 -> Instalação 30
Cliente 31 -> Instalação 18
Cliente 32 -> Instalação 9
Cliente 33 -> Instalação 30
Cliente 34 -> Instalação 4
Cliente 35 -> Instalação 35
Cliente 36 -> Instalação 13
Cliente 37 -> Instalação 13
Cliente 38 -> Instalação 9
Cliente 39 -> Instalação 49
Cliente 40 -> Instalação 22
Cliente 41 -> Instalação 16
Cliente 42 -> Instalação 47
Cliente 43 -> Instalação 16
Cliente 44 -> Instalação 8
Cliente 45 -> Instalação 4
Cliente 46 -> Instalação 46
Cliente 47 -> Instalação 47
Cliente 48 -> Instalação 20
Cliente 49 -> Instalação 30
