Version identifier: 22.1.1.0 | 2022-11-28 | 9160aff4d
CPXPARAM_TimeLimit                               3600
Tried aggregator 1 time.
MIP Presolve eliminated 50 rows and 1 columns.
Reduced MIP has 51500 rows, 3529 columns, and 154400 nonzeros.
Reduced MIP has 3529 binaries, 0 generals, 0 SOSs, and 0 indicators.
Presolve time = 0.08 sec. (68.61 ticks)
Found incumbent of value 4.0705167e+07 after 0.10 sec. (87.88 ticks)
Probing time = 0.03 sec. (8.01 ticks)
Tried aggregator 1 time.
Detecting symmetries...
Reduced MIP has 51500 rows, 3529 columns, and 154400 nonzeros.
Reduced MIP has 3529 binaries, 0 generals, 0 SOSs, and 0 indicators.
Presolve time = 0.10 sec. (83.46 ticks)
Probing time = 0.03 sec. (8.08 ticks)
Clique table members: 2500.
MIP emphasis: balance optimality and feasibility.
MIP search method: dynamic search.
Parallel mode: deterministic, using up to 8 threads.
Root relaxation solution time = 0.13 sec. (75.19 ticks)

        Nodes                                         Cuts/
   Node  Left     Objective  IInf  Best Integer    Best Bound    ItCnt     Gap

*     0+    0                       4.07052e+07        0.0000           100.00%
*     0+    0                       3.05171e+07        0.0000           100.00%
*     0+    0                      1831329.0000        0.0000           100.00%
*     0+    0                      1755385.0000        0.0000           100.00%
*     0+    0                      1570948.0000        0.0000           100.00%
      0     0    93774.0000   100  1570948.0000    93774.0000      167   94.03%
*     0+    0                      1570449.0000    93774.0000            94.03%
      0     0   106217.5000   100  1570449.0000    Cuts: 2468      387   93.24%
      0     0   118774.0000    98  1570449.0000    Cuts: 2534      644   92.44%
      0     0   131145.6316   198  1570449.0000 ZeroHalf: 1023     2051   91.65%
*     0+    0                      1569725.0000   131145.6316            91.65%
      0     0  -1.00000e+75     0  1569725.0000   131145.6316     2051   91.65%
      0     0   138065.8141   215  1569725.0000 ZeroHalf: 1130     2884   91.20%
      0     0   144602.7574   188  1569725.0000     Cuts: 837     3531   90.79%
Detecting symmetries...
      0     0   149966.5329   185  1569725.0000     Cuts: 526     4218   90.45%
      0     0   155295.4680   233  1569725.0000     Cuts: 393     4926   90.11%
      0     0   159660.2144   210  1569725.0000     Cuts: 878     5608   89.83%
      0     0   162998.0805   177  1569725.0000     Cuts: 456     6231   89.62%
*     0+    0                      1388926.0000   162998.0805            88.26%
      0     0   166719.5607   213  1388926.0000     Cuts: 267     6966   88.00%
*     0+    0                       915576.0000   166719.5607            81.79%
*     0+    0                       843244.0000   166719.5607            80.23%
      0     0  -1.00000e+75     0   843244.0000   166719.5607     6966   80.23%
*     0+    0                       838786.0000   166719.5607            80.12%
      0     0   169292.6437   210   838786.0000     Cuts: 100     7427   79.82%
      0     0   170955.6829   204   838786.0000     Cuts: 426     7842   79.62%
      0     0   172374.5340   200   838786.0000     Cuts: 138     8108   79.45%
      0     0   174174.5387   173   838786.0000     Cuts: 288     8494   79.23%
      0     0   175804.6102   195   838786.0000      Cuts: 88     8881   79.04%
      0     0   177222.9233   197   838786.0000     Cuts: 104     9285   78.87%
      0     0   178348.1822   202   838786.0000     Cuts: 325     9582   78.74%
*     0+    0                       820672.0000   178348.1822            78.27%
      0     0   179056.7914   217   820672.0000     Cuts: 177     9974   78.18%
      0     0   179641.1182   213   820672.0000  ZeroHalf: 57    10306   78.11%
      0     0   180608.2831   210   820672.0000     Cuts: 267    10651   77.99%
      0     0   181452.7178   210   820672.0000     Cuts: 110    10950   77.89%
      0     0   182406.1701   202   820672.0000     Cuts: 251    11285   77.77%
      0     0   183784.2322   203   820672.0000     Cuts: 194    11782   77.61%
      0     0   184909.1765   201   820672.0000     Cuts: 208    12178   77.47%
      0     0   186071.0283   206   820672.0000     Cuts: 174    12728   77.33%
      0     0   187331.8560   196   820672.0000     Cuts: 154    13154   77.17%
      0     0   188709.7015   208   820672.0000     Cuts: 162    13684   77.01%
      0     0   189508.7278   203   820672.0000      Cuts: 81    13964   76.91%
*     0+    0                       820501.0000   189508.7278            76.90%
      0     0   190144.9341   200   820501.0000     Cuts: 117    14336   76.83%
      0     0   190749.4371   205   820501.0000     Cuts: 168    14650   76.75%
      0     0   191413.0820   208   820501.0000 ZeroHalf: 105    14913   76.67%
      0     0   191779.4746   209   820501.0000      Cuts: 78    15156   76.63%
      0     0   192374.9167   204   820501.0000      Cuts: 72    15443   76.55%
      0     0   192892.8407   232   820501.0000  ZeroHalf: 80    15751   76.49%
      0     0   193343.1848   206   820501.0000     Cuts: 140    15976   76.44%
      0     0   193723.2702   208   820501.0000      Cuts: 82    16235   76.39%
      0     0   194102.4209   200   820501.0000      Cuts: 89    16414   76.34%
      0     0   194657.8169   228   820501.0000     Cuts: 102    16743   76.28%
      0     0   195069.9568   211   820501.0000     Cuts: 162    16908   76.23%
      0     0   195715.2255   202   820501.0000      Cuts: 62    17182   76.15%
      0     0   196209.7721   202   820501.0000     Cuts: 103    17432   76.09%
      0     0   196687.5694   236   820501.0000     Cuts: 109    17732   76.03%
      0     0   196991.5994   228   820501.0000      Cuts: 61    17895   75.99%
      0     0   197382.2087   243   820501.0000     Cuts: 248    18116   75.94%
      0     0   197827.4733   210   820501.0000      Cuts: 79    18389   75.89%
      0     0   198483.4649   240   820501.0000      Cuts: 85    18725   75.81%
      0     0   198814.0614   217   820501.0000     Cuts: 114    18981   75.77%
      0     0   199127.8798   220   820501.0000      Cuts: 49    19144   75.73%
      0     0   199465.9562   217   820501.0000      Cuts: 63    19338   75.69%
      0     0   200049.9763   208   820501.0000     Cuts: 171    19648   75.62%
      0     0   200449.2351   232   820501.0000  ZeroHalf: 52    19894   75.57%
      0     0   201038.8747   242   820501.0000     Cuts: 116    20275   75.50%
      0     0   201267.5321   241   820501.0000      Cuts: 56    20400   75.47%
      0     0   201561.2512   226   820501.0000      Cuts: 75    20587   75.43%
      0     0   201745.8755   223   820501.0000      Cuts: 72    20806   75.41%
      0     0   201921.7925   242   820501.0000      Cuts: 94    20979   75.39%
      0     0   202043.7838   230   820501.0000      Cuts: 41    21122   75.38%
      0     0   202184.4209   204   820501.0000      Cuts: 45    21249   75.36%
      0     0   202490.9777   230   820501.0000      Cuts: 43    21462   75.32%
      0     0   202817.3951   230   820501.0000      Cuts: 35    21629   75.28%
      0     0   203111.7593   235   820501.0000      Cuts: 95    21828   75.25%
      0     0   203418.2577   232   820501.0000  ZeroHalf: 30    22021   75.21%
      0     0   203659.6581   221   820501.0000      Cuts: 81    22325   75.18%
      0     0   203898.0083   244   820501.0000      Cuts: 69    22494   75.15%
      0     0   204228.2954   244   820501.0000     Cuts: 145    22732   75.11%
      0     0   204593.2362   224   820501.0000      Cuts: 69    22946   75.06%
      0     0   204832.6001   213   820501.0000  ZeroHalf: 50    23136   75.04%
      0     0   205074.7238   246   820501.0000      Cuts: 55    23345   75.01%
      0     0   205249.1208   252   820501.0000      Cuts: 23    23502   74.98%
      0     0   205482.7312   229   820501.0000     Cuts: 121    23748   74.96%
      0     0   205616.3007   228   820501.0000      Cuts: 36    23936   74.94%
      0     0   205918.2967   227   820501.0000     Cuts: 136    24177   74.90%
      0     0   206207.3098   236   820501.0000     Cuts: 164    24435   74.87%
      0     0   206472.2432   232   820501.0000      Cuts: 41    24634   74.84%
      0     0   206729.2556   231   820501.0000      Cuts: 75    24870   74.80%
      0     0   207060.6448   207   820501.0000     Cuts: 112    25103   74.76%
      0     0   207349.2408   236   820501.0000      Cuts: 62    25291   74.73%
*     0+    0                       810941.0000   207349.2408            74.43%
      0     0   207751.3624   243   810941.0000      Cuts: 62    25527   74.38%
      0     0   208026.2058   247   810941.0000      Cuts: 83    25806   74.35%
      0     0   208307.3057   230   810941.0000      Cuts: 46    26011   74.31%
      0     0   208569.5687   236   810941.0000      Cuts: 65    26239   74.28%
      0     0   208889.3605   234   810941.0000      Cuts: 52    26448   74.24%
      0     0   209249.3715   233   810941.0000      Cuts: 99    26675   74.20%
      0     0   209652.8949   235   810941.0000      Cuts: 53    26903   74.15%
      0     0   209897.3204   244   810941.0000      Cuts: 83    27093   74.12%
      0     0   210219.2122   242   810941.0000      Cuts: 45    27260   74.08%
      0     0   210467.4714   242   810941.0000      Cuts: 50    27382   74.05%
      0     0   210796.6735   243   810941.0000      Cuts: 83    27577   74.01%
      0     0   211053.7430   241   810941.0000      Cuts: 81    27765   73.97%
      0     0   211274.9514   241   810941.0000      Cuts: 63    27966   73.95%
      0     0   211455.2670   232   810941.0000      Cuts: 25    28088   73.92%
Detecting symmetries...
      0     2   211455.2670   232   810941.0000   211455.2670    28088   73.92%
Elapsed time = 49.79 sec. (37991.90 ticks, tree = 0.02 MB, solutions = 14)
      1     3   241944.2723   202   810941.0000   211466.1115    28642   73.92%
      2     4   275641.3786   194   810941.0000   211466.1115    29426   73.92%
      6     7   277017.7688   191   810941.0000   211466.1115    30042   73.92%
     10     8   248586.6788   196   810941.0000   211586.7148    30544   73.91%
     18    14   306871.1190   168   810941.0000   211586.7148    32872   73.91%
     22    16   333573.8607   148   810941.0000   211586.7148    33580   73.91%
     33    29   212414.8987   236   810941.0000   211885.1234    37535   73.87%
     39     9   294767.8966   181   810941.0000   211885.1234    31042   73.87%
     47    44   300496.2881   173   810941.0000   212415.7040    42503   73.81%
     92    83   309191.5200   167   810941.0000   212553.7303    57121   73.79%
Elapsed time = 77.94 sec. (41634.11 ticks, tree = 1.88 MB, solutions = 14)
    175   151   499918.2500    75   810941.0000   212553.7303    71031   73.79%
    315   271   627545.5000    75   810941.0000   212553.7303    84312   73.79%
*   481   383      integral     0   804190.0000   212553.7303    94676   73.57%
    509   382   448372.0000    99   804190.0000   212553.7303    97252   73.57%
*   671   548      integral     0   796737.0000   212553.7303   109049   73.32%
    672   593   653886.5000    43   796737.0000   212553.7303   114184   73.32%
    798   684   722337.0000    22   796737.0000   212553.7303   125604   73.32%
*   819   689      integral     0   760705.0000   212553.7303   125814   72.06%
*   828   677      integral     0   758465.0000   212553.7303   133645   71.98%
*   837   674      integral     0   758190.0000   212553.7303   133662   71.97%
    962   764   709279.5000    45   758190.0000   212553.7303   142274   71.97%
   1119   835   556673.0000    67   758190.0000   212553.7303   152701   71.97%
   1309  1003        cutoff         758190.0000   212553.7303   166595   71.97%
   1427  1223   752977.5000    45   758190.0000   219800.1953   183062   71.01%
   1530  1272   253424.4369   180   758190.0000   219800.1953   189139   71.01%
Elapsed time = 151.86 sec. (51227.99 ticks, tree = 266.81 MB, solutions = 19)
   1635  1373   254422.2459   221   758190.0000   219800.1953   203181   71.01%

Performing restart 1

Repeating presolve.
Tried aggregator 1 time.
MIP Presolve eliminated 739 rows and 24 columns.
Reduced MIP has 50761 rows, 3505 columns, and 152183 nonzeros.
Reduced MIP has 3505 binaries, 0 generals, 0 SOSs, and 0 indicators.
Presolve time = 0.07 sec. (69.84 ticks)
Tried aggregator 1 time.
Reduced MIP has 50761 rows, 3505 columns, and 152183 nonzeros.
Reduced MIP has 3505 binaries, 0 generals, 0 SOSs, and 0 indicators.
Presolve time = 0.09 sec. (85.09 ticks)
Represolve time = 0.25 sec. (227.47 ticks)
*  1652+    0                       757676.0000   219800.1953            70.99%
   1652     0   211751.1131   257   757676.0000     Cuts: 149   224555   70.99%
   1652     0   212022.1703   257   757676.0000     Cuts: 120   224832   70.99%
   1652     0   212375.0081   252   757676.0000     Cuts: 126   225128   70.99%
   1652     0   212668.1556   261   757676.0000     Cuts: 119   225364   70.99%
   1652     0   212979.1868   266   757676.0000      Cuts: 88   225627   70.99%
   1652     2   212979.1868   266   757676.0000   219800.1953   225627   70.99%
   1653     3   244723.5014   208   757676.0000   219800.1953   226331   70.99%
   1655     4   244726.1781   210   757676.0000   219800.1953   226350   70.99%
   1657     6   244746.3440   205   757676.0000   219800.1953   226507   70.99%
   1660     8   244749.6085   206   757676.0000   219800.1953   226561   70.99%
   1663    10   213278.1043   249   757676.0000   219800.1953   227737   70.99%
   1668    14   213284.7220   251   757676.0000   219800.1953   228831   70.99%
   1673    15   213309.1170   251   757676.0000   219800.1953   228873   70.99%
   1681    24   268856.8131   190   757676.0000   219800.1953   233855   70.99%
Elapsed time = 274.13 sec. (80609.63 ticks, tree = 1.24 MB, solutions = 20)
   1689    22   280659.5588   185   757676.0000   219800.1953   234019   70.99%
   1695    30   282882.8663   190   757676.0000   219800.1953   237479   70.99%
   1703    46   244188.0366   202   757676.0000   219800.1953   250749   70.99%
   1708    33   259889.7456   191   757676.0000   219800.1953   239662   70.99%
   1712    38   213874.4306   247   757676.0000   219800.1953   245209   70.99%
   1742    66   231935.7630   200   757676.0000   219800.1953   257066   70.99%
   1771    72   297469.0508   160   757676.0000   219800.1953   259074   70.99%
   1802   126   249863.6455   187   757676.0000   219800.1953   270201   70.99%
   1827   120   281942.7063   193   757676.0000   219800.1953   269417   70.99%
   1872   177   254746.3196   179   757676.0000   219800.1953   284795   70.99%
Elapsed time = 373.54 sec. (90980.17 ticks, tree = 7.35 MB, solutions = 20)
   1899   215   288658.1837   181   757676.0000   219800.1953   292971   70.99%
   1934   215   218552.1600   215   757676.0000   219800.1953   294501   70.99%
   1960   152   274200.9432   189   757676.0000   219800.1953   277994   70.99%
   1990   264   291143.9910   182   757676.0000   219800.1953   307696   70.99%
   2016   312   259107.8779   184   757676.0000   219800.1953   322524   70.99%
   2042   335   244926.3046   189   757676.0000   219800.1953   328977   70.99%
   2073   340   265314.4208   168   757676.0000   219800.1953   330434   70.99%
   2091   391   290161.9158   184   757676.0000   219800.1953   339917   70.99%
   2119   330   296598.7675   200   757676.0000   219800.1953   326885   70.99%
   2159   452   321204.8115   169   757676.0000   219800.1953   351339   70.99%
Elapsed time = 482.94 sec. (100901.60 ticks, tree = 48.73 MB, solutions = 20)
   2195   451   332584.3598   175   757676.0000   219800.1953   352149   70.99%
   2217   509   309515.0758   180   757676.0000   219800.1953   361955   70.99%
   2236   514   294945.3240   181   757676.0000   219800.1953   362007   70.99%
   2259   565   269598.2496   183   757676.0000   219800.1953   369907   70.99%
   2293   598   290433.9337   215   757676.0000   219800.1953   376746   70.99%
   2318   566   269669.1409   195   757676.0000   219800.1953   369956   70.99%
   2336   637   270980.2522   177   757676.0000   219800.1953   382232   70.99%
   2351   610   274224.5596   209   757676.0000   219800.1953   377455   70.99%
   2376   633   361216.7866   184   757676.0000   219800.1953   382828   70.99%
   2422   647   284075.8846   157   757676.0000   219800.1953   383768   70.99%
Elapsed time = 578.19 sec. (110760.49 ticks, tree = 117.42 MB, solutions = 20)
   2456   661   274609.4160   208   757676.0000   219800.1953   383504   70.99%
   2505   737   289337.4077   169   757676.0000   219800.1953   397933   70.99%
   2533   742   319232.9213   182   757676.0000   219800.1953   399227   70.99%
   2568   744   396581.7223   167   757676.0000   219800.1953   400604   70.99%
   2589   860   300559.2362   169   757676.0000   219800.1953   414949   70.99%
   2616   843   277621.7738   180   757676.0000   219800.1953   411390   70.99%
   2652   873   302973.9504   159   757676.0000   219800.1953   415441   70.99%
   2707   884   307334.0720   165   757676.0000   219800.1953   416034   70.99%
   2743   914   334971.5600   157   757676.0000   219800.1953   420529   70.99%
   2780  1071   339328.5342   178   757676.0000   219800.1953   434912   70.99%
Elapsed time = 686.34 sec. (120533.09 ticks, tree = 277.79 MB, solutions = 20)
   2825  1032   311187.8553   151   757676.0000   219800.1953   431678   70.99%
   2855  1040   313684.5241   150   757676.0000   219800.1953   431999   70.99%
   2901  1171   316622.2880   141   757676.0000   219800.1953   444363   70.99%
   2937  1227   359936.3183   193   757676.0000   219800.1953   453224   70.99%
   2982  1181   323228.4129   161   757676.0000   219800.1953   444881   70.99%
   3033  1185   326293.6312   171   757676.0000   219800.1953   445142   70.99%
   3075  1222   305413.8005   168   757676.0000   219800.1953   452243   70.99%
   3121  1275   345522.0236   163   757676.0000   219800.1953   462428   70.99%
   3165  1339   342809.3320   224   757676.0000   219800.1953   468651   70.99%
   3204  1411   308477.7449   159   757676.0000   219800.1953   476345   70.99%
Elapsed time = 786.24 sec. (130381.67 ticks, tree = 408.86 MB, solutions = 20)
   3250  1449   349594.3342   172   757676.0000   219800.1953   478538   70.99%
   3291  1480   393285.9687   140   757676.0000   219800.1953   480104   70.99%
   3330  1491   378434.2120   176   757676.0000   219800.1953   480769   70.99%
   3383  1504   380923.4417   138   757676.0000   219800.1953   481200   70.99%
   3440  1601   259867.6547   186   757676.0000   219800.1953   489467   70.99%
   3492  1786   263033.0433   225   757676.0000   219800.1953   502762   70.99%
   3563  1677   329393.7328   196   757676.0000   219800.1953   493415   70.99%
   3609  1839   389034.4606   162   757676.0000   219800.1953   507079   70.99%
   3695  1864   332118.7670   187   757676.0000   219800.1953   508904   70.99%
   3736  1810   316160.4544   219   757676.0000   219800.1953   505785   70.99%
Elapsed time = 881.01 sec. (140185.75 ticks, tree = 560.58 MB, solutions = 20)
   3785  1871   393557.9479   146   757676.0000   219800.1953   509021   70.99%
   3814  1961   453120.5236   164   757676.0000   219800.1953   517777   70.99%
   3845  1977   461913.2500   130   757676.0000   219800.1953   518772   70.99%

Performing restart 2

Repeating presolve.
Tried aggregator 1 time.
Reduced MIP has 50761 rows, 3505 columns, and 199488 nonzeros.
Reduced MIP has 3505 binaries, 0 generals, 0 SOSs, and 0 indicators.
Presolve time = 0.13 sec. (116.72 ticks)
Tried aggregator 1 time.
Reduced MIP has 50761 rows, 3505 columns, and 199488 nonzeros.
Reduced MIP has 3505 binaries, 0 generals, 0 SOSs, and 0 indicators.
Presolve time = 0.15 sec. (134.55 ticks)
Represolve time = 0.40 sec. (343.70 ticks)
*  3846+    0                       757107.0000   219800.1953            70.97%
   3846     0   213870.2811   263   757107.0000     Cuts: 107   537868   70.97%
   3846     0   214498.6152   254   757107.0000      Cuts: 84   538253   70.97%
   3846     0   214874.6168   251   757107.0000     Cuts: 150   538665   70.97%
*  3846+    0                       755049.0000   219800.1953            70.89%
   3846     0  -1.00000e+75     0   755049.0000   219800.1953   538665   70.89%
   3846     0   215377.1137   251   755049.0000     Cuts: 112   538981   70.89%
   3846     0   215983.7830   240   755049.0000      Cuts: 96   539319   70.89%
   3846     0   216385.7180   249   755049.0000     Cuts: 149   539628   70.89%
   3846     0   216756.9332   247   755049.0000     Cuts: 109   539922   70.89%
   3846     0   216991.7149   251   755049.0000      Cuts: 92   540097   70.89%
   3846     0   217532.9832   248   755049.0000     Cuts: 112   540383   70.89%
   3846     0   217953.3022   248   755049.0000     Cuts: 105   540698   70.89%
   3846     0   218161.5503   244   755049.0000      Cuts: 81   540834   70.89%
   3846     0   218687.6775   245   755049.0000      Cuts: 93   541118   70.89%
   3846     0   219073.4643   247   755049.0000      Cuts: 92   541444   70.89%
   3846     0   219346.7292   247   755049.0000      Cuts: 42   541668   70.89%
   3846     0   219486.7547   252   755049.0000      Cuts: 52   541773   70.89%
   3846     0   219699.6768   248   755049.0000      Cuts: 63   541940   70.89%
   3846     0   219980.6827   245   755049.0000      Cuts: 36   542162   70.87%
   3846     0   220300.1562   247   755049.0000      Cuts: 81   542365   70.82%
   3846     0   220503.5732   244   755049.0000      Cuts: 64   542565   70.80%
   3846     0   220760.1157   243   755049.0000      Cuts: 80   542830   70.76%
   3846     0   221078.0757   243   755049.0000      Cuts: 73   543054   70.72%
   3846     0   221274.5611   249   755049.0000      Cuts: 59   543208   70.69%
   3846     0   221380.7114   245   755049.0000      Cuts: 52   543330   70.68%
   3846     0   221586.8929   248   755049.0000      Cuts: 52   543507   70.65%
   3846     0   221913.0229   245   755049.0000      Cuts: 81   543769   70.61%
   3846     0   222284.7921   245   755049.0000      Cuts: 90   544133   70.56%
   3846     0   222461.8289   252   755049.0000      Cuts: 59   544266   70.54%
   3846     0   222634.0999   252   755049.0000      Cuts: 35   544456   70.51%
   3846     0   223095.0027   241   755049.0000      Cuts: 74   544738   70.45%
   3846     0   223454.3976   242   755049.0000      Cuts: 47   544957   70.41%
   3846     0   223702.6690   244   755049.0000      Cuts: 87   545123   70.37%
   3846     0   224005.0938   240   755049.0000      Cuts: 64   545358   70.33%
   3846     0   224218.1738   249   755049.0000      Cuts: 68   545594   70.30%
   3846     0   224459.0005   245   755049.0000      Cuts: 88   545804   70.27%
   3846     0   224797.5493   245   755049.0000     Cuts: 102   546048   70.23%
   3846     0   225281.9209   242   755049.0000  ZeroHalf: 69   546382   70.16%
   3846     0   225712.1959   242   755049.0000      Cuts: 78   546623   70.11%
   3846     0   226197.8046   244   755049.0000     Cuts: 100   546963   70.04%
   3846     0   226442.7014   253   755049.0000     Cuts: 101   547204   70.01%
   3846     0   226722.0349   244   755049.0000  ZeroHalf: 38   547474   69.97%
   3846     0   226924.7719   246   755049.0000      Cuts: 55   547676   69.95%
   3846     0   227194.4169   239   755049.0000     Cuts: 118   547892   69.91%
   3846     0   227802.1240   230   755049.0000      Cuts: 83   548361   69.83%
   3846     0   228133.3728   232   755049.0000      Cuts: 94   548640   69.79%
   3846     0   228324.1894   239   755049.0000     Cuts: 130   548824   69.76%
   3846     0   228485.8532   240   755049.0000      Cuts: 42   549045   69.74%
   3846     0   228871.0170   236   755049.0000      Cuts: 78   549392   69.69%
   3846     0   229191.7304   239   755049.0000     Cuts: 100   549715   69.65%
   3846     0   229397.3943   229   755049.0000      Cuts: 68   549939   69.62%
   3846     0   229589.2078   239   755049.0000      Cuts: 73   550136   69.59%
   3846     0   229720.3692   241   755049.0000      Cuts: 69   550288   69.58%
   3846     0   229824.3980   239   755049.0000      Cuts: 44   550426   69.56%
   3846     0   229966.5405   243   755049.0000      Cuts: 62   550638   69.54%
   3846     0   230093.9425   243   755049.0000      Cuts: 74   550800   69.53%
   3846     0   230323.1964   238   755049.0000      Cuts: 58   550979   69.50%
   3846     0   230438.0113   234   755049.0000      Cuts: 68   551089   69.48%
   3846     0   230603.5808   242   755049.0000      Cuts: 56   551262   69.46%
   3846     0   230794.2127   246   755049.0000      Cuts: 59   551445   69.43%
   3846     0   231022.9049   244   755049.0000      Cuts: 38   551624   69.40%
   3846     0   231177.5809   238   755049.0000      Cuts: 62   551725   69.38%
   3846     0   231378.5035   242   755049.0000      Cuts: 45   551923   69.36%
   3846     0   231570.1330   247   755049.0000  ZeroHalf: 33   552094   69.33%
   3846     0   231719.6404   251   755049.0000      Cuts: 85   552350   69.31%
   3846     0   231826.5862   244   755049.0000      Cuts: 25   552526   69.30%
   3846     0   231943.4973   249   755049.0000      Cuts: 79   552687   69.28%
   3846     0   232035.2517   246   755049.0000      Cuts: 63   552831   69.27%
   3846     0   232235.4070   245   755049.0000      Cuts: 48   552982   69.24%
   3846     0   232343.4853   246   755049.0000      Cuts: 59   553132   69.23%
   3846     0   232551.0626   241   755049.0000      Cuts: 62   553320   69.20%
   3846     0   232727.0999   242   755049.0000      Cuts: 49   553495   69.18%
   3846     0   233089.8532   234   755049.0000      Cuts: 62   553709   69.13%
   3846     0   233408.4594   237   755049.0000      Cuts: 53   553910   69.09%
   3846     0   233734.5828   228   755049.0000      Cuts: 38   554108   69.04%
   3846     0   233957.6290   234   755049.0000     Cuts: 119   554249   69.01%
   3846     0   234160.5172   238   755049.0000      Cuts: 58   554458   68.99%
   3846     0   234325.6223   238   755049.0000      Cuts: 46   554601   68.97%
   3846     0   234561.0941   245   755049.0000  ZeroHalf: 59   554813   68.93%
   3846     0   234723.1076   240   755049.0000      Cuts: 39   555045   68.91%
   3846     0   234904.4801   236   755049.0000      Cuts: 52   555224   68.89%
   3846     0   235138.4081   229   755049.0000  ZeroHalf: 51   555430   68.86%
   3846     0   235408.6484   233   755049.0000      Cuts: 63   555693   68.82%
   3846     0   235670.3065   235   755049.0000      Cuts: 63   555998   68.79%
   3846     0   235930.5268   263   755049.0000      Cuts: 59   556352   68.75%
   3846     0   236070.9170   261   755049.0000      Cuts: 68   556540   68.73%
   3846     2   236070.9170   261   755049.0000   236070.9170   556540   68.73%
   3849     4   276295.5097   189   755049.0000   236071.1676   557873   68.73%
   3857     7   303136.3198   155   755049.0000   236089.7167   559652   68.73%
   3871    21   281806.1298   184   755049.0000   236455.8119   572568   68.68%
   3894    41   283188.6945   188   755049.0000   236455.8119   583935   68.68%
   3925    71   320675.3831   154   755049.0000   236455.8119   598066   68.68%
   4078   204   444752.0000    80   755049.0000   236455.8119   651981   68.68%
Elapsed time = 1061.85 sec. (207250.17 ticks, tree = 3.51 MB, solutions = 22)
   4376   433   410774.7500    92   755049.0000   236455.8119   706853   68.68%
*  4395+  454                       754202.0000   236455.8119            68.65%
   4737   690   749462.2500    61   754202.0000   236455.8119   755788   68.65%
   4896   960   618301.0000    62   754202.0000   236455.8119   830781   68.65%
*  4999  1042      integral     0   751462.0000   236455.8119   854846   68.53%
   5113  1111   503023.5000    99   751462.0000   236455.8119   882813   68.53%
   5521  1480   264981.0036   262   751462.0000   236455.8119   974136   68.53%
   5776  1756   288480.1520   201   751462.0000   255331.5123  1030446   66.02%
   5982  1953   600113.0000    89   751462.0000   255331.5123  1080172   66.02%
   6225  2098   336332.5594   221   751462.0000   255331.5123  1113936   66.02%
   6456  2309   378284.0700   194   751462.0000   255331.5123  1165713   66.02%
   6651  2515   392784.9938   190   751462.0000   255331.5123  1214419   66.02%
Elapsed time = 1424.88 sec. (245518.80 ticks, tree = 21.97 MB, solutions = 24)
   6791  2756   442182.4740   233   751462.0000   255331.5123  1267133   66.02%
   6959  2912   431088.9674   203   751462.0000   255331.5123  1306789   66.02%
   7049  3021   442167.3835   198   751462.0000   255331.5123  1332643   66.02%
   7242  3091   281603.0958   237   751462.0000   256142.3340  1353917   65.91%
   7417  3349   317281.7624   215   751462.0000   256684.4451  1417050   65.84%
   7603  3499   415393.5953   198   751462.0000   256684.4451  1454032   65.84%
   7767  3630   384477.0090   214   751462.0000   256855.8159  1482924   65.82%
   7946  3829   407879.6029   225   751462.0000   256855.8159  1536820   65.82%
   8147  4019   515708.2500   101   751462.0000   256855.8159  1575314   65.82%
   8339  4182   564014.6303   188   751462.0000   256855.8159  1615983   65.82%
Elapsed time = 1751.21 sec. (283823.64 ticks, tree = 34.16 MB, solutions = 24)
   8543  4442   545064.1250   181   751462.0000   256929.0536  1671688   65.81%
   8699  4595   290724.4245   194   751462.0000   257380.1863  1707290   65.75%
   8899  4799   396800.5352   198   751462.0000   257380.1863  1757356   65.75%
   9050  4998   392020.7247   210   751462.0000   258446.1806  1803362   65.61%
   9249  5175   349623.7282   185   751462.0000   258446.1806  1846062   65.61%
   9413  5372   407099.9042   187   751462.0000   258446.1806  1889065   65.61%
   9583  5420   422972.1863   209   751462.0000   258446.1806  1898811   65.61%
   9784  5670   465294.5940   196   751462.0000   258549.0912  1954685   65.59%
  10011  5811   506798.0210   198   751462.0000   258549.0912  1984584   65.59%
  10231  6055   543770.8674   176   751462.0000   258549.0912  2032166   65.59%
Elapsed time = 2121.66 sec. (322199.34 ticks, tree = 71.06 MB, solutions = 24)
  10413  6262   650162.0500   121   751462.0000   258900.1048  2070251   65.55%
  10604  6367   556510.5000    69   751462.0000   259249.9551  2094719   65.50%
  10858  6691   520989.7500   114   751462.0000   259506.3918  2174172   65.47%
  11214  6741   306326.8539   213   751462.0000   259687.0287  2181466   65.44%
  11527  7209   298003.7901   252   751462.0000   260177.7555  2255236   65.38%
* 11563+ 7125                       750179.0000   260177.7555            65.32%
* 11636+ 7276                       748693.0000   260177.7555            65.25%
  11846  7542   357934.3458   191   748693.0000   260177.7555  2296743   65.25%
* 11893+ 7514                       739247.0000   260177.7555            64.81%
* 11896+ 7514                       732808.0000   260177.7555            64.50%
* 11902+ 7514                       729486.0000   260177.7555            64.33%
* 11908+ 7514                       726178.0000   260177.7555            64.17%
* 12091+ 7609                       724861.0000   260177.7555            64.11%
  12155  7646   498625.8878   168   724861.0000   260177.7555  2323219   64.11%
  12538  7997   581038.7986   104   724861.0000   260177.7555  2357222   64.11%
  12884  8392   306093.5577   219   724861.0000   260315.3397  2391008   64.09%
  13194  8697   364728.9074   191   724861.0000   260315.3397  2423808   64.09%
Elapsed time = 2493.26 sec. (360400.98 ticks, tree = 1051.01 MB, solutions = 31)
  13476  8855   390569.8994   196   724861.0000   260780.3033  2441467   64.02%
  13734  9226   318741.2255   211   724861.0000   260780.3033  2485840   64.02%
  13996  9568   584864.5704   150   724861.0000   261015.3646  2529116   63.99%
  14343  9724   610334.8132   160   724861.0000   261015.3646  2548279   63.99%
  14654 10015   570792.9893   152   724861.0000   261015.3646  2579884   63.99%
  14929 10406   653502.5144   130   724861.0000   261057.7134  2621155   63.99%
  15244 10444   384065.1182   195   724861.0000   261225.4395  2630202   63.96%
  15478 10899   511328.6452   169   724861.0000   261255.6325  2683803   63.96%
  15711 11336   385484.5403   194   724861.0000   261255.6325  2736549   63.96%
  15997 11420   322605.0743   247   724861.0000   261255.6325  2745435   63.96%
Elapsed time = 2857.96 sec. (398666.44 ticks, tree = 1689.85 MB, solutions = 31)
  16320 11734   546403.5340   153   724861.0000   261255.6325  2785661   63.96%
  16602 12065   477872.8806   192   724861.0000   261255.6325  2823772   63.96%
  16891 12152   346352.1786   193   724861.0000   261255.6325  2834258   63.96%
  17134 12623   392243.9714   217   724861.0000   261918.0747  2890929   63.87%
  17403 12770   587755.5815   162   724861.0000   262168.2159  2910380   63.83%
  17710 12936   423812.1772   127   724861.0000   262336.8761  2938949   63.81%
  18004 13326   296271.9267   193   724861.0000   262336.8761  2980977   63.81%
  18289 13593   480300.8889   117   724861.0000   262403.4339  3024395   63.80%
  18572 14132   461699.5000    86   724861.0000   262510.9093  3099569   63.78%
  18844 14346   535726.9303   172   724861.0000   262577.7601  3134376   63.78%
Elapsed time = 3204.65 sec. (436915.00 ticks, tree = 2457.40 MB, solutions = 31)
Nodefile size = 403.00 MB (252.67 MB after compression)
  19076 14268   341855.4132   218   724861.0000   262655.8647  3127269   63.76%
Starting limited solution polishing.
  19375 14671   395282.1155   197   724861.0000   263034.0069  3187887   63.71%
  19676 14878   442422.2154   189   724861.0000   263034.0069  3220244   63.71%
  19935 15270   534505.8509   201   724861.0000   263034.0069  3276436   63.71%
  20185 15559   534777.4429   182   724861.0000   263034.0069  3312147   63.71%
  20344 15621   420261.1007   185   724861.0000   263034.0069  3319402   63.71%
  20516 15826   529282.0069   185   724861.0000   263034.0069  3341176   63.71%
* 20775+16046                       723612.0000   263768.6341            63.55%
  20780 15943   592713.9414   151   723612.0000   263768.6341  3355726   63.55%
  21047 16384   292451.8876   222   723612.0000   263871.0949  3405205   63.53%
* 21104+16306                       711502.0000   263871.0949            62.91%
* 21199+16391                       709447.0000   264214.0522            62.76%
* 21234+16391                       704318.0000   264214.0522            62.49%
  21310 16539   529686.6593   177   704318.0000   264214.0522  3424752   62.49%
Elapsed time = 3481.43 sec. (475224.78 ticks, tree = 3250.88 MB, solutions = 37)
Nodefile size = 1193.19 MB (749.93 MB after compression)
* 21495+16444                       695387.0000   264214.0522            62.00%
* 21534+16444                       693715.0000   264214.0522            61.91%
  21603 16656   629885.6333   118   693715.0000   264214.0522  3475588   61.91%
  21832 16698   290404.5856   223   693715.0000   264226.5820  3480902   61.91%
* 21883+16708                       687409.0000   264226.5820            61.56%
  22007 16887   331840.7532   211   687409.0000   264405.0387  3528852   61.54%
* 22026+16721                       685922.0000   264405.0387            61.45%
  22201 16977   638714.9981   158   685922.0000   264405.0387  3557497   61.45%
* 22345+17000                       682202.0000   264405.0387            61.24%
  22451 16943   637733.8857   140   682202.0000   264405.0387  3553685   61.24%
  22503 16916   533630.6552   144   682202.0000   264405.0387  3548582   61.24%

Implied bound cuts applied:  1
Zero-half cuts applied:  408
Lift and project cuts applied:  17

Root node processing (before b&c):
  Real time             =   49.73 sec. (37903.69 ticks)
Parallel b&c, 8 threads:
  Real time             = 3551.72 sec. (462765.45 ticks)
  Sync time (average)   =  573.18 sec.
  Wait time (average)   =    0.02 sec.
                          ------------
Total (root+branch&cut) = 3601.46 sec. (500669.14 ticks)
Status: Feasible
Obj: 682202

Instalacoes abertas:
Instalação 0 aberta
Instalação 1 aberta
Instalação 4 aberta
Instalação 8 aberta
Instalação 9 aberta
Instalação 13 aberta
Instalação 16 aberta
Instalação 18 aberta
Instalação 19 aberta
Instalação 20 aberta
Instalação 22 aberta
Instalação 23 aberta
Instalação 30 aberta
Instalação 34 aberta
Instalação 35 aberta
Instalação 39 aberta
Instalação 47 aberta
Instalação 49 aberta

Atribuições (cliente -> instalação):
Cliente 0 -> Instalação 4
Cliente 1 -> Instalação 34
Cliente 2 -> Instalação 20
Cliente 3 -> Instalação 8
Cliente 4 -> Instalação 0
Cliente 5 -> Instalação 23
Cliente 6 -> Instalação 16
Cliente 7 -> Instalação 19
Cliente 8 -> Instalação 9
Cliente 9 -> Instalação 19
Cliente 10 -> Instalação 22
Cliente 11 -> Instalação 22
Cliente 12 -> Instalação 20
Cliente 13 -> Instalação 47
Cliente 14 -> Instalação 49
Cliente 15 -> Instalação 47
Cliente 16 -> Instalação 35
Cliente 17 -> Instalação 39
Cliente 18 -> Instalação 49
Cliente 19 -> Instalação 0
Cliente 20 -> Instalação 49
Cliente 21 -> Instalação 30
Cliente 22 -> Instalação 18
Cliente 23 -> Instalação 9
Cliente 24 -> Instalação 19
Cliente 25 -> Instalação 4
Cliente 26 -> Instalação 49
Cliente 27 -> Instalação 9
Cliente 28 -> Instalação 19
Cliente 29 -> Instalação 13
Cliente 30 -> Instalação 39
Cliente 31 -> Instalação 16
Cliente 32 -> Instalação 13
Cliente 33 -> Instalação 20
Cliente 34 -> Instalação 1
Cliente 35 -> Instalação 18
Cliente 36 -> Instalação 30
Cliente 37 -> Instalação 18
Cliente 38 -> Instalação 0
Cliente 39 -> Instalação 20
Cliente 40 -> Instalação 23
Cliente 41 -> Instalação 18
Cliente 42 -> Instalação 4
Cliente 43 -> Instalação 1
Cliente 44 -> Instalação 8
Cliente 45 -> Instalação 8
Cliente 46 -> Instalação 8
Cliente 47 -> Instalação 47
Cliente 48 -> Instalação 1
Cliente 49 -> Instalação 1
