Version identifier: 22.1.1.0 | 2022-11-28 | 9160aff4d
CPXPARAM_TimeLimit                               3600
Tried aggregator 1 time.
MIP Presolve eliminated 50 rows and 1 columns.
Reduced MIP has 33150 rows, 3162 columns, and 99350 nonzeros.
Reduced MIP has 3162 binaries, 0 generals, 0 SOSs, and 0 indicators.
Presolve time = 0.05 sec. (46.68 ticks)
Found incumbent of value 2.6216749e+07 after 0.07 sec. (59.31 ticks)
Probing time = 0.01 sec. (6.51 ticks)
Tried aggregator 1 time.
Detecting symmetries...
Reduced MIP has 33150 rows, 3162 columns, and 99350 nonzeros.
Reduced MIP has 3162 binaries, 0 generals, 0 SOSs, and 0 indicators.
Presolve time = 0.06 sec. (56.40 ticks)
Probing time = 0.02 sec. (6.51 ticks)
Clique table members: 2500.
MIP emphasis: balance optimality and feasibility.
MIP search method: dynamic search.
Parallel mode: deterministic, using up to 8 threads.
Root relaxation solution time = 0.13 sec. (49.84 ticks)

        Nodes                                         Cuts/
   Node  Left     Objective  IInf  Best Integer    Best Bound    ItCnt     Gap

*     0+    0                       2.62167e+07        0.0000           100.00%
*     0+    0                       1.97865e+07        0.0000           100.00%
*     0+    0                      1040344.0000        0.0000           100.00%
*     0+    0                       889918.0000        0.0000           100.00%
*     0+    0                       870487.0000        0.0000           100.00%
      0     0    93774.0000   100   870487.0000    93774.0000      208   89.23%
*     0+    0                       582553.0000    93774.0000            83.90%
      0     0   106217.5000   100   582553.0000    Cuts: 1535      457   81.77%
      0     0   118774.0000    98   582553.0000    Cuts: 1543      729   79.61%
*     0+    0                       518016.0000   118774.0000            77.07%
      0     0   131179.4286   216   518016.0000 ZeroHalf: 614     1940   74.68%
*     0+    0                       449822.0000   131179.4286            70.84%
      0     0  -1.00000e+75     0   449822.0000   131179.4286     1940   70.84%
      0     0   138142.6648   222   449822.0000     Cuts: 722     2978   69.29%
      0     0   145470.7798   188   449822.0000     Cuts: 769     3801   67.66%
Detecting symmetries...
      0     0   148149.8726   182   449822.0000     Cuts: 124     4209   67.06%
      0     0   151787.8381   179   449822.0000     Cuts: 270     4794   66.26%
      0     0   154282.2607   221   449822.0000     Cuts: 144     5207   65.70%
*     0+    0                       436540.0000   154282.2607            64.66%
      0     0   155438.7475   241   436540.0000     Cuts: 142     5527   64.39%
      0     0   156778.6495   236   436540.0000     Cuts: 120     5919   64.09%
      0     0   158583.2924   183   436540.0000     Cuts: 550     6456   63.67%
      0     0   159953.4219   179   436540.0000      Cuts: 84     6756   63.36%
      0     0   160962.0699   178   436540.0000      Cuts: 47     7026   63.13%
      0     0   162072.4325   176   436540.0000     Cuts: 127     7299   62.87%
      0     0   162871.0376   178   436540.0000      Cuts: 94     7467   62.69%
      0     0   163371.1231   185   436540.0000      Cuts: 59     7634   62.58%
      0     0   163775.8638   182   436540.0000      Cuts: 64     7870   62.48%
      0     0   164222.8973   182   436540.0000      Cuts: 55     8041   62.38%
      0     0   164568.5285   179   436540.0000      Cuts: 65     8234   62.30%
      0     0   164695.0187   182   436540.0000      Cuts: 50     8374   62.27%
      0     0   164877.2096   183   436540.0000      Cuts: 50     8582   62.23%
      0     0   165319.8310   204   436540.0000      Cuts: 51     8742   62.13%
      0     0   165990.0035   228   436540.0000      Cuts: 77     9024   61.98%
      0     0   166672.6245   203   436540.0000     Cuts: 153     9308   61.82%
      0     0   167037.9869   202   436540.0000      Cuts: 60     9444   61.74%
      0     0   167353.1775   201   436540.0000      Cuts: 42     9610   61.66%
      0     0   167621.8426   217   436540.0000     Cuts: 121     9720   61.60%
      0     0   167843.1238   212   436540.0000      Cuts: 36     9861   61.55%
      0     0   168208.3866   177   436540.0000     Cuts: 175    10117   61.47%
      0     0   168556.1915   220   436540.0000      Cuts: 44    10338   61.39%
      0     0   168792.6437   223   436540.0000      Cuts: 36    10441   61.33%
      0     0   168889.6744   216   436540.0000      Cuts: 27    10532   61.31%
      0     0   169122.6491   221   436540.0000      Cuts: 55    10653   61.26%
      0     0   169229.3353   216   436540.0000      Cuts: 55    10741   61.23%
      0     0   169390.0875   211   436540.0000      Cuts: 54    10852   61.20%
      0     0   169475.3526   218   436540.0000      Cuts: 46    10910   61.18%
      0     0   169597.3661   183   436540.0000      Cuts: 98    11034   61.15%
      0     0   169699.4593   212   436540.0000      Cuts: 28    11165   61.13%
      0     0   169766.6916   207   436540.0000      Cuts: 37    11238   61.11%
      0     0   169869.9741   203   436540.0000      Cuts: 21    11318   61.09%
      0     0   169896.1545   211   436540.0000     Cuts: 101    11383   61.08%
      0     0   170070.9967   185   436540.0000      Cuts: 57    11521   61.04%
      0     0   170161.3925   213   436540.0000      Cuts: 34    11613   61.02%
      0     0   170336.7616   216   436540.0000      Cuts: 36    11718   60.98%
      0     0   170396.7207   208   436540.0000      Cuts: 18    11787   60.97%
Detecting symmetries...
      0     2   170396.7207   208   436540.0000   170396.7207    11787   60.97%
Elapsed time = 25.00 sec. (10225.72 ticks, tree = 0.02 MB, solutions = 9)
      2     4   183570.2461   159   436540.0000   170396.7355    13093   60.97%
      4     5   196291.3333   122   436540.0000   170396.7355    13932   60.97%
     13    14   220630.6667   117   436540.0000   170678.4336    16742   60.90%
     47    23   240500.5000    84   436540.0000   170678.4336    18339   60.90%
     91    66   263575.5000    88   436540.0000   170678.4336    26090   60.90%
    132   108   276963.5000    78   436540.0000   170678.4336    33382   60.90%
    190   150   343039.2500    89   436540.0000   170678.4336    38907   60.90%
    273   211   281424.5000    85   436540.0000   170678.4336    47524   60.90%
*   356   265      integral     0   428476.0000   170678.4336    51192   60.17%
    369   290   323999.0000    74   428476.0000   170678.4336    54612   60.17%
*   382   325      integral     0   422235.0000   170678.4336    57217   59.58%
    611   514   240951.2604   127   422235.0000   171124.1772    77461   59.47%
Elapsed time = 39.63 sec. (13506.58 ticks, tree = 52.24 MB, solutions = 11)
    796   650   303302.7500    78   422235.0000   171275.0541    97984   59.44%
   1067   876   421777.0000    82   422235.0000   171275.0541   121585   59.44%
   1309  1082   412382.5000    49   422235.0000   171275.0541   147228   59.44%
*  1317  1118      integral     0   412850.0000   171275.0541   149297   58.51%
   1547  1242   375360.3864   138   412850.0000   171321.6505   163168   58.50%
   1699  1301   202069.3468   157   412850.0000   171321.6505   172521   58.50%

Performing restart 1

Repeating presolve.
Tried aggregator 1 time.
MIP Presolve eliminated 2096 rows and 119 columns.
Reduced MIP has 31054 rows, 3043 columns, and 93062 nonzeros.
Reduced MIP has 3043 binaries, 0 generals, 0 SOSs, and 0 indicators.
Presolve time = 0.04 sec. (45.74 ticks)
Tried aggregator 1 time.
Reduced MIP has 31054 rows, 3043 columns, and 93062 nonzeros.
Reduced MIP has 3043 binaries, 0 generals, 0 SOSs, and 0 indicators.
Presolve time = 0.05 sec. (54.52 ticks)
Represolve time = 0.16 sec. (150.63 ticks)
   1700     0   171594.1391   221   412850.0000      Cuts: 91   196892   58.44%
   1700     0   173027.1832   219   412850.0000      Cuts: 85   197359   58.09%
   1700     0   173964.7109   225   412850.0000      Cuts: 65   197703   57.86%
*  1700+    0                       407129.0000   173964.7109            57.27%
*  1700+    0                       404932.0000   173964.7109            57.04%
   1700     0  -1.00000e+75     0   404932.0000   173964.7109   197703   57.04%
   1700     0   174827.9856   226   404932.0000      Cuts: 79   198094   56.83%
   1700     0   175556.1911   219   404932.0000      Cuts: 75   198397   56.65%
   1700     0   176081.8814   212   404932.0000      Cuts: 68   198625   56.52%
   1700     0   176587.9416   214   404932.0000      Cuts: 90   198885   56.39%
   1700     0   177009.2067   211   404932.0000      Cuts: 72   199088   56.29%
   1700     0   177333.3827   214   404932.0000      Cuts: 74   199210   56.21%
   1700     0   177661.7521   214   404932.0000      Cuts: 66   199388   56.13%
   1700     0   178202.0375   214   404932.0000      Cuts: 51   199542   55.99%
   1700     0   178438.9313   214   404932.0000      Cuts: 34   199630   55.93%
   1700     0   178641.3671   218   404932.0000      Cuts: 42   199699   55.88%
   1700     0   178842.4457   213   404932.0000      Cuts: 22   199784   55.83%
   1700     0   179126.1113   210   404932.0000      Cuts: 46   199879   55.76%
   1700     0   179394.6427   213   404932.0000      Cuts: 21   199979   55.70%
   1700     0   179606.0547   211   404932.0000      Cuts: 70   200127   55.65%
   1700     0   179910.7782   212   404932.0000      Cuts: 42   200354   55.57%
   1700     0   180074.4675   213   404932.0000      Cuts: 44   200460   55.53%
   1700     0   180270.5204   213   404932.0000      Cuts: 35   200583   55.48%
   1700     0   180353.6396   212   404932.0000      Cuts: 39   200651   55.46%
   1700     0   180498.6234   210   404932.0000      Cuts: 30   200736   55.42%
   1700     0   180617.7763   210   404932.0000      Cuts: 51   200823   55.40%
   1700     0   180710.7379   213   404932.0000      Cuts: 34   200896   55.37%
   1700     0   180834.8723   214   404932.0000      Cuts: 17   200981   55.34%
   1700     0   180991.0508   212   404932.0000      Cuts: 39   201096   55.30%
   1700     0   181038.2141   224   404932.0000      Cuts: 11   201136   55.29%
   1700     0   181066.9836   212   404932.0000      Cuts: 18   201182   55.28%
   1700     0   181098.1485   224   404932.0000      Cuts: 27   201245   55.28%
   1700     0   181189.3364   213   404932.0000      Cuts: 12   201291   55.25%
   1700     0   181212.1760   210   404932.0000      Cuts: 24   201331   55.25%
   1700     0   181256.4159   226   404932.0000      Cuts: 26   201390   55.24%
   1700     0   181298.4013   227   404932.0000      Cuts: 51   201437   55.23%
   1700     0   181346.8427   232   404932.0000      Cuts: 24   201501   55.22%
   1700     0   181492.2932   225   404932.0000      Cuts: 29   201606   55.18%
   1700     0   181544.3848   224   404932.0000      Cuts: 19   201661   55.17%
   1700     0   181578.3534   232   404932.0000      Cuts: 28   201712   55.16%
   1700     2   181578.3534   232   404932.0000   181578.3534   201712   55.16%
   1701     3   181857.4145   227   404932.0000   181857.7221   201828   55.09%
   1704     5   181888.6318   217   404932.0000   181890.3106   201856   55.08%
   1709     9   196231.0407   178   404932.0000   181890.3106   204476   55.08%
   1717    13   207576.3884   178   404932.0000   182203.6623   207133   55.00%
Elapsed time = 120.42 sec. (42412.74 ticks, tree = 0.02 MB, solutions = 14)
   1723    18   200071.4528   184   404932.0000   182999.7070   208993   54.81%
   1731    25   195463.0104   185   404932.0000   182999.7070   216303   54.81%
   1739    26   195981.4407   185   404932.0000   183002.2169   216538   54.81%
   1744    37   197038.9902   217   404932.0000   183002.2169   226451   54.81%
   1753    42   214720.5183   172   404932.0000   183002.2169   233035   54.81%
   1764    57   214466.9225   183   404932.0000   183002.2169   240331   54.81%
   1810    80   229549.5787   161   404932.0000   183002.2169   246115   54.81%
   1858    98   215481.7416   181   404932.0000   183002.2169   251616   54.81%
   1892   144   252211.4352   152   404932.0000   183002.2169   261704   54.81%
   1943   207   245242.1904   162   404932.0000   183002.2169   280528   54.81%
Elapsed time = 188.22 sec. (52460.52 ticks, tree = 4.63 MB, solutions = 14)
   1983   182   226887.8836   170   404932.0000   183002.2169   272633   54.81%
   2037   246   253367.7736   174   404932.0000   183002.2169   290847   54.81%
   2060   279   297200.3750   113   404932.0000   183002.2169   298769   54.81%
   2084   351   300445.5000    74   404932.0000   183002.2169   318072   54.81%
   2110   360   329689.5000    70   404932.0000   183002.2169   318858   54.81%
   2144   395   222603.1362   204   404932.0000   183002.2169   330087   54.81%
   2175   409   223482.9589   205   404932.0000   183002.2169   333463   54.81%
   2200   455   345150.6667   114   404932.0000   183002.2169   341261   54.81%
   2239   485   297514.4472   122   404932.0000   183002.2169   346704   54.81%
   2297   540   279285.5711   179   404932.0000   183002.2169   354961   54.81%
Elapsed time = 263.41 sec. (62249.23 ticks, tree = 5.38 MB, solutions = 14)
   2331   525   296551.9620   131   404932.0000   183002.2169   352508   54.81%
   2373   572   352569.5000    94   404932.0000   183002.2169   362006   54.81%
   2433   609   252774.8264   182   404932.0000   183002.2169   368648   54.81%
   2490   652   328129.9780   140   404932.0000   183002.2169   374484   54.81%
   2541   731   336518.7742   120   404932.0000   183002.2169   386036   54.81%
   2618   778   338120.5455   148   404932.0000   183002.2169   392062   54.81%
   2699   841   261564.5385   167   404932.0000   183002.2169   401873   54.81%
   2775   939   368108.7500    88   404932.0000   183002.2169   414227   54.81%
   2858  1042   277625.8822   157   404932.0000   183002.2169   429678   54.81%
   2921   868   272407.7941   149   404932.0000   183002.2169   412103   54.81%
Elapsed time = 339.95 sec. (71932.98 ticks, tree = 7.15 MB, solutions = 14)
   2995  1200   236277.8303   166   404932.0000   183002.2169   456036   54.81%
   3096  1135   356350.7665   136   404932.0000   183002.2169   446324   54.81%
   3163  1172   204445.8717   197   404932.0000   183002.2169   455469   54.81%
   3257  1319   391723.8333    85   404932.0000   183002.2169   469389   54.81%
   3361  1396   272498.4603   147   404932.0000   183002.2169   486578   54.81%
   3453  1567   282713.3500   125   404932.0000   183002.2169   507545   54.81%
   3558  1577   303635.7534   143   404932.0000   183002.2169   509323   54.81%
   3646  1566   394243.0000    66   404932.0000   183002.2169   500867   54.81%
   3768  1821   394872.5000    52   404932.0000   183002.2169   547952   54.81%
   3880  1800   330043.2935   163   404932.0000   183002.2169   545960   54.81%
Elapsed time = 411.79 sec. (81552.00 ticks, tree = 12.53 MB, solutions = 14)
   3990  1897   237728.1955   237   404932.0000   183002.2169   563352   54.81%
   4079  1971   281479.0869   191   404932.0000   183002.2169   569793   54.81%
   4170  2148   254127.2313   215   404932.0000   183002.2169   598888   54.81%
   4253  2162   261534.8725   185   404932.0000   183002.2169   605529   54.81%
   4339  2344   278421.4949   175   404932.0000   183002.2169   633885   54.81%
   4443  2489   295079.6004   187   404932.0000   183002.2169   660308   54.81%
   4541  2558   334472.5552   152   404932.0000   183002.2169   671898   54.81%
   4667  2586   358768.0000    71   404932.0000   183002.2169   674351   54.81%
   4774  2696   307162.8949   205   404932.0000   183002.2169   689570   54.81%
   4881  2872   318450.7813   167   404932.0000   183002.2169   714182   54.81%
Elapsed time = 481.52 sec. (91172.75 ticks, tree = 18.14 MB, solutions = 14)
   4964  2895   329317.1813   173   404932.0000   186191.8390   715615   54.02%
   5049  3045   271790.3217   177   404932.0000   186191.8390   747904   54.02%
   5127  3110   347329.7482   186   404932.0000   186191.8390   751740   54.02%
   5227  3202   273496.8662   194   404932.0000   186191.8390   779452   54.02%
   5338  3219   289493.3598   206   404932.0000   186191.8390   782087   54.02%
   5454  3281   252189.0713   165   404932.0000   192706.3941   794627   52.41%
   5566  3493   262751.6638   169   404932.0000   192706.3941   832150   52.41%
   5697  3565   321969.7163   188   404932.0000   194585.6922   845134   51.95%
   5811  3589   197957.2872   184   404932.0000   194585.6922   847811   51.95%
   5919  3878   335667.7984   186   404932.0000   194585.6922   888565   51.95%
Elapsed time = 556.43 sec. (100784.10 ticks, tree = 21.65 MB, solutions = 14)
   6037  3998   322586.6374   196   404932.0000   194585.6922   909141   51.95%
   6144  3913   351537.2771   213   404932.0000   194585.6922   892421   51.95%
   6267  4259   309375.2385   198   404932.0000   194585.6922   947704   51.95%
   6380  4087   243680.5143   228   404932.0000   194585.6922   925444   51.95%
   6486  4447   328110.4666   199   404932.0000   195890.9823   977197   51.62%
   6561  4348   379774.0000   161   404932.0000   195890.9823   958044   51.62%
   6662  4598   388219.0877   165   404932.0000   195890.9823   995996   51.62%
   6764  4678   261506.3061   217   404932.0000   195900.6503  1013967   51.62%
   6856  4746   262618.5855   212   404932.0000   195900.6503  1024207   51.62%
   6942  4883   280341.7531   180   404932.0000   195986.7032  1046185   51.60%
Elapsed time = 634.47 sec. (110429.30 ticks, tree = 26.47 MB, solutions = 14)
   7044  4796   282113.8750   101   404932.0000   195986.7032  1035241   51.60%
   7161  5054   312392.0000    81   404932.0000   196001.3709  1073164   51.60%
   7300  5185   321695.3358   182   404932.0000   196233.7901  1096450   51.54%
   7448  5332   385856.0000    53   404932.0000   196233.7901  1118118   51.54%
   7568  5558   330357.3333   172   404932.0000   196233.7901  1149859   51.54%
   7703  5486   342640.3546   207   404932.0000   196233.7901  1135598   51.54%
   7831  5543   311253.8619   191   404932.0000   196290.7335  1149603   51.53%
   7961  5655   293340.3846   161   404932.0000   196352.9698  1166552   51.51%
   8076  5727   253277.5855   148   404932.0000   196352.9698  1178258   51.51%
   8535  6516   324499.7500    86   404932.0000   196747.3465  1284778   51.41%
Elapsed time = 733.29 sec. (122880.20 ticks, tree = 34.74 MB, solutions = 14)
   8942  6712   310069.3750   115   404932.0000   197358.8354  1327795   51.26%
   9387  7132   352141.9423   185   404932.0000   197726.7476  1412853   51.17%
   9773  7547   296230.9453   210   404932.0000   197726.7476  1492541   51.17%
  10282  8004   383104.2098   193   404932.0000   197726.7476  1550498   51.17%
  10833  8708   388318.4247   188   404932.0000   197970.4458  1613021   51.11%
  11399  9016   263160.7549   212   404932.0000   198242.3343  1644913   51.04%
  11967  9436   396461.9093   168   404932.0000   198420.1325  1673984   51.00%
  12542 10089   334988.8061   208   404932.0000   198491.1141  1730828   50.98%
  13152 10700   334240.2990   208   404932.0000   198518.9363  1790866   50.97%
  13690 11260   271425.7941   186   404932.0000   198829.4080  1841681   50.90%
Elapsed time = 997.68 sec. (161080.10 ticks, tree = 562.32 MB, solutions = 14)
  14240 11784   237126.1238   178   404932.0000   199116.6171  1885492   50.83%
  14849 12145   322434.6804   206   404932.0000   199204.8519  1925341   50.81%
  15425 12749   287010.9252   178   404932.0000   199958.8530  1978587   50.62%
  15923 13405   224432.6429   188   404932.0000   200046.1628  2042377   50.60%
  16375 13782   338544.6279   186   404932.0000   200046.1628  2082710   50.60%
  16886 14276   260745.0607   205   404932.0000   200533.6462  2142579   50.48%
  17438 14661   339190.3618   188   404932.0000   200565.2280  2188365   50.47%
  17924 15330   353574.2151   192   404932.0000   200578.7341  2258866   50.47%
  18359 15568   364722.8333   196   404932.0000   200752.7791  2274851   50.42%
  18888 16298   307801.3224   208   404932.0000   200964.1345  2343714   50.37%
Elapsed time = 1227.71 sec. (199288.13 ticks, tree = 1385.03 MB, solutions = 14)
  19648 16470   397281.2777   193   404932.0000   201031.6037  2353524   50.35%
  20207 17150   289534.0589   187   404932.0000   201097.0413  2405593   50.34%
  20916 17876   361987.8750   160   404932.0000   201351.2865  2461930   50.28%
  21587 18794   241010.0073   178   404932.0000   201399.2323  2538989   50.26%
  22227 19153   251526.5433   207   404932.0000   201499.9551  2562030   50.24%
  22928 20229   357104.0828   201   404932.0000   201665.8425  2659046   50.20%
  23525 20188   294335.5000   140   404932.0000   201703.1695  2659788   50.19%
* 23883+20761                       401656.0000   202096.0063            49.68%
  24060 21006   355577.0134   185   401656.0000   202096.0063  2754514   49.68%
  24699 21297   340197.6636   174   401656.0000   202493.2191  2794604   49.59%
* 25229+21954                       398789.0000   202493.2191            49.22%
  25414 21838   252760.9144   193   398789.0000   202493.2191  2852578   49.22%
Elapsed time = 1485.11 sec. (237508.70 ticks, tree = 2129.11 MB, solutions = 16)
Nodefile size = 68.56 MB (43.18 MB after compression)
  25878 22481   292358.7548   183   398789.0000   202650.3780  2932919   49.18%
  26510 22592   367228.1500   119   398789.0000   202830.4131  2939538   49.14%
  27241 23168   388859.5427   188   398789.0000   203001.3267  3001052   49.10%
  27741 23769   368698.7500   136   398789.0000   203086.8429  3046897   49.07%
  28262 24612   341740.8360   167   398789.0000   203695.2008  3132536   48.92%
  28961 25349   245857.7365   152   398789.0000   203732.9008  3204315   48.91%
  29582 25772   351683.6137   142   398789.0000   203774.6663  3241137   48.90%
  30098 26395   355055.3000   158   398789.0000   203993.0424  3298877   48.85%
  30628 26682   316140.0219   174   398789.0000   204093.6528  3345408   48.82%
  31266 27335   326112.5265   194   398789.0000   204115.6108  3413191   48.82%
Elapsed time = 1746.10 sec. (275677.13 ticks, tree = 3171.73 MB, solutions = 18)
Nodefile size = 1116.88 MB (702.04 MB after compression)
* 31282+27051                       382896.0000   204115.6108            46.69%
  31828 24818   286299.8336   184   382896.0000   204402.4285  3460421   46.62%
  32410 25497   366114.1364   135   382896.0000   204403.4730  3534723   46.62%
  33021 25748   374307.1100   191   382896.0000   204638.8947  3554660   46.55%
* 33082+25595                       382136.0000   204638.8947            46.45%
  33546 26254   354085.2500    91   382136.0000   204769.9229  3609274   46.41%
  34059 26697   323100.5795   166   382136.0000   205059.7256  3659545   46.34%
  34436 27582   327176.8825   199   382136.0000   205220.3388  3743278   46.30%
  34871 27420   356285.5950   201   382136.0000   205220.3388  3726642   46.30%

Performing restart 2

Repeating presolve.
Tried aggregator 1 time.
MIP Presolve eliminated 795 rows and 45 columns.
Reduced MIP has 30259 rows, 2998 columns, and 117987 nonzeros.
Reduced MIP has 2998 binaries, 0 generals, 0 SOSs, and 0 indicators.
Presolve time = 0.16 sec. (161.39 ticks)
Tried aggregator 1 time.
Reduced MIP has 30259 rows, 2998 columns, and 117987 nonzeros.
Reduced MIP has 2998 binaries, 0 generals, 0 SOSs, and 0 indicators.
Presolve time = 0.09 sec. (86.49 ticks)
Represolve time = 0.33 sec. (301.21 ticks)
  34986     0   183540.6930   231   382136.0000      Cuts: 32  3817428   46.28%
  34986     0   183917.2190   225   382136.0000      Cuts: 33  3817594   46.28%
* 34986+    0                       382028.0000   205290.7245            46.26%
  34986     0   184152.4052   227   382028.0000      Cuts: 79  3817734   46.26%
  34986     0   184451.5627   230   382028.0000      Cuts: 59  3817870   46.26%
  34986     0   184772.9657   229   382028.0000      Cuts: 68  3818020   46.26%
  34986     0   185029.8535   226   382028.0000      Cuts: 62  3818183   46.26%
  34986     0   185168.7989   227   382028.0000      Cuts: 55  3818304   46.26%
  34986     0   185466.3514   262   382028.0000      Cuts: 46  3818505   46.26%
  34986     2   185466.3514   262   382028.0000   205290.7245  3818505   46.26%
  34996     8   223356.8612   170   382028.0000   205290.7245  3821375   46.26%
  35024    34   202029.8093   184   382028.0000   205290.7245  3829785   46.26%
Elapsed time = 1974.39 sec. (325962.29 ticks, tree = 0.30 MB, solutions = 21)
  35075    73   216139.9754   169   382028.0000   205290.7245  3850043   46.26%
  35240   208   295378.8167   138   382028.0000   205290.7245  3882988   46.26%
  35439   405   293016.5000    82   382028.0000   205290.7245  3921357   46.26%
  35652   531   296114.1765   115   382028.0000   205290.7245  3944743   46.26%
  36047   755   293794.2500    95   382028.0000   205290.7245  3992444   46.26%
  36420  1056   232434.6582   227   382028.0000   205290.7245  4048272   46.26%
  36829  1511   264794.0652   184   382028.0000   205290.7245  4134647   46.26%
  37212  1793   260609.7055   215   382028.0000   205290.7245  4179807   46.26%
  37529  2323   284190.5557   207   382028.0000   205290.7245  4243650   46.26%
  37838  2521   350226.6933   165   382028.0000   205290.7245  4266501   46.26%
Elapsed time = 2236.08 sec. (364381.97 ticks, tree = 14.99 MB, solutions = 21)
  38173  2840   249545.9756   206   382028.0000   205290.7245  4320849   46.26%
  38568  3191   287154.7813   194   382028.0000   205290.7245  4379684   46.26%
  38991  3469   332263.1111   156   382028.0000   205290.7245  4422160   46.26%
  39547  4152   364427.1568   200   382028.0000   205290.7245  4500039   46.26%
  40089  4755   249519.4705   223   382028.0000   205290.7245  4559381   46.26%
  40650  5047   263566.1572   174   382028.0000   205290.7245  4586722   46.26%
  41259  5726   371570.6785   162   382028.0000   205290.7245  4653331   46.26%
  41746  6162   305588.3478   181   382028.0000   205290.7245  4702037   46.26%
  42280  6540   257091.9488   223   382028.0000   205290.7245  4750918   46.26%
  42839  7260   326283.4953   208   382028.0000   205290.7245  4818628   46.26%
Elapsed time = 2552.06 sec. (402551.41 ticks, tree = 528.79 MB, solutions = 21)
  43347  7673   219934.2150   218   382028.0000   205290.7245  4850120   46.26%
  43853  8135   364276.2799   188   382028.0000   205290.7245  4906212   46.26%
  44419  8537   221000.8394   200   382028.0000   205290.7245  4948529   46.26%
  45022  9487   379139.8968   212   382028.0000   205290.7245  5033784   46.26%
  45609  9812   322569.2567   185   382028.0000   205290.7245  5066266   46.26%
  46292 10452   378516.5474   176   382028.0000   205290.7245  5119778   46.26%
  46834 10940   356967.9739   181   382028.0000   205290.7245  5165636   46.26%
  47382 11688        cutoff         382028.0000   205593.7495  5240278   46.18%
  47909 12057   310123.8803   167   382028.0000   206001.8317  5284445   46.08%
  48501 12722   331198.8142   209   382028.0000   206003.5948  5351644   46.08%
Elapsed time = 2887.25 sec. (440745.37 ticks, tree = 1464.89 MB, solutions = 21)
  49060 13174   312914.2918   175   382028.0000   206801.2865  5404513   45.87%
  49691 13461   348985.6293   225   382028.0000   206821.4248  5428777   45.86%
  50293 14089   314114.8969   187   382028.0000   207585.2678  5479183   45.66%
  50837 14847   379295.8690   198   382028.0000   207661.9292  5553226   45.64%
  51386 15275   308855.8265   142   382028.0000   207839.6374  5592794   45.60%
  51903 15725   233525.2376   193   382028.0000   208202.7709  5637455   45.50%
  52426 16326   368459.3086   221   382028.0000   208713.4763  5692595   45.37%
  52991 16969   334886.0568   194   382028.0000   209398.8092  5749399   45.19%
  53572 17512   377973.9000   125   382028.0000   210145.1218  5815658   44.99%
  54147 17734   240898.4128   203   382028.0000   210403.9977  5834218   44.92%
Elapsed time = 3171.29 sec. (478965.82 ticks, tree = 2265.90 MB, solutions = 21)
Nodefile size = 200.43 MB (126.61 MB after compression)
  54683 18111   282411.9230   155   382028.0000   210731.1128  5882432   44.84%
  55413 18817   381091.8667   140   382028.0000   210851.2455  5955649   44.81%
Starting limited solution polishing.
  55935 19293   319142.5973   169   382028.0000   211072.2129  6002274   44.75%
  56654 20057   302527.7602   187   382028.0000   211072.2129  6082974   44.75%
  57087 20524   297201.6980   195   382028.0000   211295.3633  6117390   44.69%
  57509 21366   340142.7222   130   382028.0000   211814.8232  6196939   44.56%
* 57540+21307                       377357.0000   211814.8232            43.87%
  57703 20986   292410.1826   175   377357.0000   212105.0753  6218099   43.79%
  57955 21238   334947.4950   184   377357.0000   212105.0753  6244687   43.79%
  58368 21510   279897.4757   196   377357.0000   212313.1087  6269235   43.74%
* 58740+21685                       372875.0000   212459.7483            43.02%
  58748 21960   355854.2821   168   372875.0000   212459.7483  6310665   43.02%
Elapsed time = 3361.02 sec. (517279.85 ticks, tree = 3046.42 MB, solutions = 22)
Nodefile size = 990.12 MB (624.29 MB after compression)
  59144 21372   289673.9468   159   372875.0000   212538.4839  6337834   43.00%
  59701 21850   372061.4848   163   372875.0000   212546.6690  6379337   43.00%
* 59877+21615                       372598.0000   212546.6690            42.96%
  60212 22229   276421.4030   157   372598.0000   212805.0776  6435635   42.89%
  60740 22548   360038.6294   191   372598.0000   213074.0713  6465059   42.81%
  61213 23197   331288.1106   190   372598.0000   213144.9688  6543141   42.79%
  61426 23693   337404.9082   189   372598.0000   213144.9688  6601931   42.79%
  61622 23744   343308.5793   201   372598.0000   213144.9688  6606113   42.79%
* 61742+23746                       372448.0000   213413.5565            42.70%
  61942 23815   305844.1289   216   372448.0000   213414.9156  6615936   42.70%
  62335 24047   290108.2704   266   372448.0000   213432.1531  6640380   42.69%
  62491 24675   288529.0227   182   372448.0000   213584.5289  6705296   42.65%
Elapsed time = 3562.68 sec. (555575.59 ticks, tree = 3521.28 MB, solutions = 26)
Nodefile size = 1462.68 MB (918.59 MB after compression)
  62826 24917   332963.5711   178   372448.0000   213584.5289  6729847   42.65%
  63136 25030   305040.5833   135   372448.0000   213679.9467  6744629   42.63%
  63420 24965   363944.1813   172   372448.0000   213814.2138  6732106   42.59%

Implied bound cuts applied:  7
Zero-half cuts applied:  352
Lift and project cuts applied:  166

Root node processing (before b&c):
  Real time             =   24.96 sec. (10169.90 ticks)
Parallel b&c, 8 threads:
  Real time             = 3576.64 sec. (560075.90 ticks)
  Sync time (average)   =  545.59 sec.
  Wait time (average)   =    0.01 sec.
                          ------------
Total (root+branch&cut) = 3601.60 sec. (570245.80 ticks)
Status: Feasible
Obj: 372448

Instalacoes abertas:
Instalação 1 aberta
Instalação 4 aberta
Instalação 8 aberta
Instalação 9 aberta
Instalação 13 aberta
Instalação 16 aberta
Instalação 20 aberta
Instalação 22 aberta
Instalação 30 aberta
Instalação 47 aberta
Instalação 49 aberta

Atribuições (cliente -> instalação):
Cliente 0 -> Instalação 9
Cliente 1 -> Instalação 49
Cliente 2 -> Instalação 8
Cliente 3 -> Instalação 13
Cliente 4 -> Instalação 9
Cliente 5 -> Instalação 20
Cliente 6 -> Instalação 4
Cliente 7 -> Instalação 1
Cliente 8 -> Instalação 8
Cliente 9 -> Instalação 9
Cliente 10 -> Instalação 16
Cliente 11 -> Instalação 9
Cliente 12 -> Instalação 20
Cliente 13 -> Instalação 13
Cliente 14 -> Instalação 47
Cliente 15 -> Instalação 1
Cliente 16 -> Instalação 8
Cliente 17 -> Instalação 47
Cliente 18 -> Instalação 8
Cliente 19 -> Instalação 20
Cliente 20 -> Instalação 49
Cliente 21 -> Instalação 4
Cliente 22 -> Instalação 22
Cliente 23 -> Instalação 1
Cliente 24 -> Instalação 16
Cliente 25 -> Instalação 16
Cliente 26 -> Instalação 4
Cliente 27 -> Instalação 8
Cliente 28 -> Instalação 30
Cliente 29 -> Instalação 20
Cliente 30 -> Instalação 9
Cliente 31 -> Instalação 13
Cliente 32 -> Instalação 30
Cliente 33 -> Instalação 13
Cliente 34 -> Instalação 47
Cliente 35 -> Instalação 16
Cliente 36 -> Instalação 1
Cliente 37 -> Instalação 4
Cliente 38 -> Instalação 8
Cliente 39 -> Instalação 4
Cliente 40 -> Instalação 30
Cliente 41 -> Instalação 16
Cliente 42 -> Instalação 4
Cliente 43 -> Instalação 9
Cliente 44 -> Instalação 47
Cliente 45 -> Instalação 20
Cliente 46 -> Instalação 8
Cliente 47 -> Instalação 47
Cliente 48 -> Instalação 30
Cliente 49 -> Instalação 49
