Version identifier: 22.1.1.0 | 2022-11-28 | 9160aff4d
CPXPARAM_TimeLimit                               3600
Found incumbent of value 2459813.000000 after 0.00 sec. (3.71 ticks)
Tried aggregator 1 time.
MIP Presolve eliminated 50 rows and 1 columns.
Reduced MIP has 57650 rows, 3652 columns, and 172850 nonzeros.
Reduced MIP has 3652 binaries, 0 generals, 0 SOSs, and 0 indicators.
Presolve time = 0.10 sec. (75.93 ticks)
Probing time = 0.03 sec. (8.42 ticks)
Tried aggregator 1 time.
Detecting symmetries...
Reduced MIP has 57650 rows, 3652 columns, and 172850 nonzeros.
Reduced MIP has 3652 binaries, 0 generals, 0 SOSs, and 0 indicators.
Presolve time = 0.12 sec. (92.50 ticks)
Probing time = 0.03 sec. (8.51 ticks)
Clique table members: 2500.
MIP emphasis: balance optimality and feasibility.
MIP search method: dynamic search.
Parallel mode: deterministic, using up to 8 threads.
Root relaxation solution time = 0.15 sec. (84.65 ticks)

        Nodes                                         Cuts/
   Node  Left     Objective  IInf  Best Integer    Best Bound    ItCnt     Gap

*     0+    0                      2459813.0000        0.0000           100.00%
*     0+    0                      2016569.0000        0.0000           100.00%
*     0+    0                      1958603.0000        0.0000           100.00%
*     0+    0                      1921839.0000        0.0000           100.00%
      0     0    93774.0000   100  1921839.0000    93774.0000      184   95.12%
      0     0   106217.5000   100  1921839.0000    Cuts: 2888      537   94.47%
      0     0   118774.0000    98  1921839.0000    Cuts: 2892      763   93.82%
      0     0   131217.5000    98  1921839.0000 ZeroHalf: 1281     2074   93.17%
*     0+    0                      1534614.0000   131217.5000            91.45%
*     0+    0                      1278692.0000   131217.5000            89.74%
      0     0  -1.00000e+75     0  1278692.0000   131217.5000     2074   89.74%
      0     0   138080.9500   183  1278692.0000 ZeroHalf: 1275     3207   89.20%
      0     0   148064.0594   204  1278692.0000     Cuts: 910     4455   88.42%
Detecting symmetries...
      0     0   153435.1453   209  1278692.0000     Cuts: 517     5164   88.00%
*     0+    0                      1038932.0000   153435.1453            85.23%
      0     0   160186.3018   207  1038932.0000     Cuts: 651     6043   84.58%
      0     0   164636.2956   178  1038932.0000     Cuts: 700     6741   84.15%
      0     0   168657.2516   209  1038932.0000     Cuts: 189     7531   83.77%
      0     0   172300.2817   188  1038932.0000     Cuts: 420     8328   83.42%
      0     0   174592.3811   214  1038932.0000     Cuts: 194     8771   83.20%
      0     0   175943.5081   195  1038932.0000     Cuts: 296     9127   83.06%
*     0+    0                      1023551.0000   175943.5081            82.81%
*     0+    0                      1020618.0000   175943.5081            82.76%
      0     0   177945.3695   196  1020618.0000     Cuts: 297     9621   82.56%
      0     0   179854.8354   197  1020618.0000     Cuts: 428    10006   82.38%
      0     0   181286.3861   205  1020618.0000     Cuts: 199    10585   82.24%
      0     0   182610.1372   209  1020618.0000      Cuts: 92    11006   82.11%
      0     0   184094.1926   204  1020618.0000     Cuts: 208    11513   81.96%
      0     0   185753.6503   199  1020618.0000     Cuts: 121    11924   81.80%
      0     0   186955.1958   198  1020618.0000     Cuts: 165    12391   81.68%
      0     0   187753.1373   201  1020618.0000      Cuts: 80    12711   81.60%
      0     0   188418.5194   205  1020618.0000     Cuts: 110    13003   81.54%
      0     0   189316.0688   203  1020618.0000      Cuts: 89    13429   81.45%
      0     0   189958.5237   224  1020618.0000      Cuts: 85    13779   81.39%
      0     0   191089.9782   204  1020618.0000     Cuts: 481    14215   81.28%
      0     0   192240.4630   218  1020618.0000     Cuts: 119    14640   81.16%
      0     0   193670.6558   198  1020618.0000     Cuts: 193    15120   81.02%
      0     0   194961.7788   209  1020618.0000     Cuts: 107    15476   80.90%
*     0+    0                       941189.0000   194961.7788            79.29%
      0     0   196320.3404   202   941189.0000     Cuts: 339    16059   79.14%
      0     0   197611.2896   234   941189.0000     Cuts: 118    16523   79.00%
      0     0   199395.5660   222   941189.0000     Cuts: 165    16956   78.81%
      0     0   200396.9945   196   941189.0000     Cuts: 205    17476   78.71%
*     0+    0                       935773.0000   200396.9945            78.58%
      0     0   201260.3829   200   935773.0000     Cuts: 105    17860   78.49%
      0     0   202057.7871   244   935773.0000     Cuts: 101    18260   78.41%
      0     0   202879.2865   226   935773.0000     Cuts: 163    18589   78.32%
      0     0   203497.7696   227   935773.0000      Cuts: 85    18888   78.25%
      0     0   204043.7364   197   935773.0000     Cuts: 271    19183   78.20%
      0     0   204523.2097   196   935773.0000      Cuts: 58    19482   78.14%
      0     0   204949.8424   232   935773.0000      Cuts: 82    19787   78.10%
      0     0   205404.7493   242   935773.0000     Cuts: 153    20149   78.05%
      0     0   205908.1810   225   935773.0000      Cuts: 51    20423   78.00%
      0     0   206286.0215   227   935773.0000     Cuts: 105    20757   77.96%
      0     0   206635.2901   228   935773.0000      Cuts: 78    21069   77.92%
      0     0   207135.8269   223   935773.0000     Cuts: 207    21340   77.86%
      0     0   207361.1411   226   935773.0000      Cuts: 70    21483   77.84%
      0     0   207635.7168   225   935773.0000      Cuts: 69    21644   77.81%
      0     0   208245.1061   239   935773.0000     Cuts: 201    22039   77.75%
      0     0   208684.0068   225   935773.0000      Cuts: 63    22188   77.70%
      0     0   209051.5190   225   935773.0000     Cuts: 232    22509   77.66%
      0     0   209361.1292   232   935773.0000      Cuts: 60    22852   77.63%
      0     0   209844.4486   225   935773.0000     Cuts: 161    23131   77.58%
      0     0   210128.6224   232   935773.0000      Cuts: 56    23351   77.54%
      0     0   210488.7531   239   935773.0000     Cuts: 174    23648   77.51%
      0     0   210726.2383   236   935773.0000  ZeroHalf: 50    23789   77.48%
      0     0   211133.2205   231   935773.0000      Cuts: 52    24095   77.44%
      0     0   211402.3898   231   935773.0000      Cuts: 83    24267   77.41%
      0     0   211631.2363   226   935773.0000      Cuts: 39    24449   77.38%
      0     0   211750.4393   236   935773.0000      Cuts: 42    24599   77.37%
      0     0   212017.4668   234   935773.0000      Cuts: 65    24872   77.34%
      0     0   212281.9619   235   935773.0000  ZeroHalf: 34    25062   77.31%
      0     0   212447.4395   244   935773.0000      Cuts: 84    25222   77.30%
      0     0   212665.3898   248   935773.0000      Cuts: 31    25405   77.27%
      0     0   212869.5134   240   935773.0000      Cuts: 66    25627   77.25%
      0     0   213300.4709   241   935773.0000      Cuts: 45    25863   77.21%
      0     0   213598.4389   238   935773.0000     Cuts: 151    26099   77.17%
      0     0   213845.0663   237   935773.0000     Cuts: 181    26252   77.15%
      0     0   214140.2874   244   935773.0000      Cuts: 89    26436   77.12%
      0     0   214496.6179   243   935773.0000      Cuts: 83    26783   77.08%
      0     0   214677.2115   242   935773.0000      Cuts: 33    26985   77.06%
      0     0   214944.6035   238   935773.0000     Cuts: 111    27193   77.03%
      0     0   215184.4520   248   935773.0000      Cuts: 84    27408   77.00%
      0     0   215470.1793   247   935773.0000      Cuts: 59    27700   76.97%
      0     0   215824.2715   227   935773.0000      Cuts: 74    27903   76.94%
      0     0   216226.2973   224   935773.0000      Cuts: 39    28181   76.89%
      0     0   216530.7025   242   935773.0000     Cuts: 158    28437   76.86%
      0     0   216770.8512   241   935773.0000      Cuts: 63    28679   76.84%
      0     0   216958.1151   254   935773.0000      Cuts: 56    28867   76.82%
      0     0   217231.5906   223   935773.0000      Cuts: 71    29101   76.79%
      0     0   217490.6695   259   935773.0000     Cuts: 132    29306   76.76%
      0     0   217687.6184   234   935773.0000      Cuts: 32    29461   76.74%
      0     0   217931.3202   241   935773.0000      Cuts: 43    29676   76.71%
      0     0   218099.5239   260   935773.0000      Cuts: 43    29872   76.69%
Detecting symmetries...
      0     2   218099.5239   260   935773.0000   218099.5239    29872   76.69%
Elapsed time = 60.49 sec. (40084.79 ticks, tree = 0.02 MB, solutions = 11)
      1     3   239705.8182   205   935773.0000   218104.6956    30237   76.69%
      2     4   273190.0832   195   935773.0000   218104.6956    30899   76.69%
     10    11   275589.5214   192   935773.0000   218202.8534    31477   76.68%
     18    14   279453.2853   195   935773.0000   218215.1388    32141   76.68%
     22    20   251294.1436   207   935773.0000   218215.1388    33412   76.68%
     30     9   293998.8601   198   935773.0000   218215.1388    32014   76.68%
     42    38   301573.5420   156   935773.0000   218215.1388    40615   76.68%
     51    46   334453.4635   133   935773.0000   218215.1388    44576   76.68%
     69    60   381244.4615   126   935773.0000   218215.1388    48642   76.68%
    141   114   475518.0000    77   935773.0000   218215.1388    60279   76.68%
Elapsed time = 89.88 sec. (43580.95 ticks, tree = 5.37 MB, solutions = 11)
    273   215   480231.7500    85   935773.0000   218215.1388    67406   76.68%
    439   387   648461.0000    65   935773.0000   218215.1388    79609   76.68%
    594   540   752733.0000    39   935773.0000   218215.1388    91993   76.68%
    758   632   905693.0000    14   935773.0000   218215.1388    97171   76.68%
    858   747   539365.9167    97   935773.0000   218215.1388   108486   76.68%
    939   863   646198.0000    72   935773.0000   218215.1388   124498   76.68%
   1028   911   322063.0468   168   935773.0000   218215.1388   132874   76.68%
*  1146+ 1035                       935699.0000   218215.1388            76.68%
   1149  1069   869585.5000    26   935699.0000   218215.1388   147700   76.68%
*  1163  1089      integral     0   934667.0000   218215.1388   151406   76.65%
*  1186  1095      integral     0   927424.0000   218215.1388   153337   76.47%
   1281  1156   605573.7500   120   927424.0000   218215.1388   159259   76.47%
   1406  1296   555936.5000    74   927424.0000   218215.1388   177933   76.47%
Elapsed time = 165.75 sec. (53200.32 ticks, tree = 429.94 MB, solutions = 14)
   1556  1411   646939.0000    68   927424.0000   218215.1388   188491   76.47%
   1653  1491   357955.0180   163   927424.0000   218215.1388   201404   76.47%

Performing restart 1

Repeating presolve.
Tried aggregator 1 time.
MIP Presolve eliminated 610 rows and 16 columns.
Reduced MIP has 57040 rows, 3636 columns, and 171020 nonzeros.
Reduced MIP has 3636 binaries, 0 generals, 0 SOSs, and 0 indicators.
Presolve time = 0.08 sec. (77.49 ticks)
Tried aggregator 1 time.
Reduced MIP has 57040 rows, 3636 columns, and 171020 nonzeros.
Reduced MIP has 3636 binaries, 0 generals, 0 SOSs, and 0 indicators.
Presolve time = 0.10 sec. (94.70 ticks)
Represolve time = 0.28 sec. (249.00 ticks)
*  1668+    0                       920926.0000   218215.1388            76.30%
   1668     0   218520.8048   258   920926.0000     Cuts: 167   219429   76.27%
   1668     0   219044.3625   241   920926.0000      Cuts: 89   219777   76.21%
   1668     0   219278.3813   244   920926.0000      Cuts: 95   220015   76.19%
*  1668+    0                       920640.0000   219278.3813            76.18%
   1668     0  -1.00000e+75     0   920640.0000   219278.3813   220015   76.18%
   1668     0   219476.8332   246   920640.0000     Cuts: 107   220318   76.16%
   1668     0   219747.9870   240   920640.0000      Cuts: 96   220597   76.13%
   1668     0   220066.8349   242   920640.0000     Cuts: 100   220845   76.10%
   1668     0   220380.1729   244   920640.0000     Cuts: 102   221099   76.06%
   1668     0   220802.2556   241   920640.0000     Cuts: 113   221403   76.02%
   1668     0   221269.7376   243   920640.0000     Cuts: 121   221726   75.97%
   1668     0   221603.3485   262   920640.0000     Cuts: 129   222132   75.93%
   1668     0   221940.9150   243   920640.0000      Cuts: 99   222397   75.89%
   1668     0   222196.2388   265   920640.0000      Cuts: 91   222639   75.87%
   1668     0   222352.1199   269   920640.0000      Cuts: 44   222862   75.85%
   1668     0   222527.8823   249   920640.0000      Cuts: 54   223068   75.83%
   1668     0   222765.8646   246   920640.0000      Cuts: 83   223372   75.80%
   1668     0   223177.1806   242   920640.0000      Cuts: 82   223625   75.76%
   1668     0   223588.6663   248   920640.0000     Cuts: 117   223978   75.71%
   1668     0   223866.7990   238   920640.0000      Cuts: 60   224269   75.68%
   1668     0   224156.5384   271   920640.0000      Cuts: 77   224536   75.65%
   1668     0   224221.5745   273   920640.0000      Cuts: 39   224641   75.65%
   1668     0   224397.5218   267   920640.0000      Cuts: 41   224859   75.63%
   1668     0   224622.8195   264   920640.0000      Cuts: 82   225100   75.60%
   1668     0   224825.2024   241   920640.0000      Cuts: 54   225330   75.58%
   1668     0   225064.3729   261   920640.0000      Cuts: 62   225548   75.55%
   1668     0   225356.8931   271   920640.0000      Cuts: 75   225778   75.52%
   1668     0   225562.5014   262   920640.0000      Cuts: 29   226035   75.50%
   1668     0   225644.5536   271   920640.0000      Cuts: 47   226246   75.49%
   1668     0   225905.2931   268   920640.0000  ZeroHalf: 36   226457   75.46%
   1668     0   226080.5545   253   920640.0000  ZeroHalf: 20   226604   75.44%
   1668     0   226261.9019   272   920640.0000      Cuts: 82   226865   75.42%
   1668     0   226400.9330   267   920640.0000      Cuts: 38   227066   75.41%
   1668     0   226529.1887   258   920640.0000      Cuts: 38   227278   75.39%
   1668     0   226715.4924   259   920640.0000      Cuts: 62   227469   75.37%
   1668     0   226994.4512   258   920640.0000      Cuts: 94   227712   75.34%
   1668     0   227163.5510   265   920640.0000      Cuts: 86   227932   75.33%
   1668     0   227339.9818   266   920640.0000      Cuts: 29   228193   75.31%
   1668     0   227556.3201   271   920640.0000      Cuts: 86   228437   75.28%
   1668     0   227756.0147   271   920640.0000      Cuts: 41   228705   75.26%
   1668     0   227852.0166   265   920640.0000      Cuts: 43   228863   75.25%
   1668     0   228006.1879   267   920640.0000      Cuts: 44   229061   75.23%
   1668     0   228194.4310   260   920640.0000  ZeroHalf: 41   229229   75.21%
   1668     0   228410.7247   254   920640.0000      Cuts: 32   229474   75.19%
   1668     0   228593.7188   262   920640.0000     Cuts: 109   229729   75.17%
   1668     0   228850.2276   269   920640.0000  ZeroHalf: 71   230026   75.14%
   1668     0   229062.2217   265   920640.0000      Cuts: 67   230285   75.12%
   1668     0   229249.8425   259   920640.0000      Cuts: 38   230458   75.10%
   1668     0   229540.3267   264   920640.0000     Cuts: 102   230797   75.07%
   1668     0   229834.4044   262   920640.0000      Cuts: 59   231087   75.04%
   1668     0   230161.4878   239   920640.0000      Cuts: 74   231408   75.00%
   1668     0   230458.0485   257   920640.0000      Cuts: 52   231620   74.97%
   1668     0   230742.8321   260   920640.0000     Cuts: 103   231852   74.94%
   1668     0   231184.5850   259   920640.0000      Cuts: 78   232202   74.89%
   1668     0   231400.3525   261   920640.0000      Cuts: 85   232480   74.87%
   1668     0   231710.1056   255   920640.0000     Cuts: 116   232822   74.83%
   1668     0   232086.3617   252   920640.0000      Cuts: 88   233198   74.79%
   1668     0   232274.9240   241   920640.0000 ZeroHalf: 102   233449   74.77%
   1668     0   232636.2099   233   920640.0000      Cuts: 43   233695   74.73%
   1668     0   233043.5454   263   920640.0000     Cuts: 110   234092   74.69%
   1668     0   233400.5412   264   920640.0000      Cuts: 80   234419   74.65%
   1668     0   233578.3786   267   920640.0000     Cuts: 110   234594   74.63%
   1668     0   233793.4183   263   920640.0000      Cuts: 29   234782   74.61%
   1668     0   233990.6443   262   920640.0000  ZeroHalf: 50   234951   74.58%
   1668     0   234318.6177   270   920640.0000      Cuts: 66   235293   74.55%
   1668     0   234506.2248   260   920640.0000      Cuts: 57   235537   74.53%
   1668     0   234684.8441   269   920640.0000      Cuts: 45   235705   74.51%
   1668     0   234912.2078   260   920640.0000      Cuts: 65   235931   74.48%
   1668     0   235114.4605   256   920640.0000      Cuts: 61   236149   74.46%
   1668     0   235344.5797   253   920640.0000      Cuts: 83   236380   74.44%
   1668     0   235464.0488   262   920640.0000      Cuts: 65   236552   74.42%
   1668     0   235585.4012   245   920640.0000  ZeroHalf: 34   236719   74.41%
   1668     0   235716.0224   246   920640.0000      Cuts: 61   236889   74.40%
   1668     0   235812.0729   242   920640.0000      Cuts: 33   237026   74.39%
   1668     2   235812.0729   242   920640.0000   235812.0729   237026   74.39%
   1669     3   264387.2276   201   920640.0000   235812.8849   237853   74.39%
   1671     4   265149.5437   210   920640.0000   235859.3837   238283   74.38%
   1673     4   292339.7214   191   920640.0000   235918.7238   238795   74.37%
   1677     7   260647.2762   220   920640.0000   235921.7669   239327   74.37%
   1681    11   291615.9573   193   920640.0000   235921.7669   240825   74.37%
   1685    15   266109.5443   230   920640.0000   235955.5145   243228   74.37%
   1690    20   266638.8400   220   920640.0000   235955.5145   244257   74.37%
Elapsed time = 365.68 sec. (123339.39 ticks, tree = 2.26 MB, solutions = 16)
   1695    19   299109.6037   196   920640.0000   236115.6517   244167   74.35%
   1699    18   296300.1452   187   920640.0000   236115.6517   243636   74.35%
   1702    28   264929.5324   204   920640.0000   236118.4548   247694   74.35%
   1706    32   296992.4848   193   920640.0000   236118.4548   248976   74.35%
   1709    26   267150.2026   205   920640.0000   236118.4548   247195   74.35%
   1714    33   297752.3646   187   920640.0000   236118.4548   249545   74.35%
   1720    41   236472.7634   245   920640.0000   236118.4548   254794   74.35%
   1725    46   295039.8445   217   920640.0000   236118.4548   257981   74.35%
   1730    51   236510.2342   248   920640.0000   236118.4548   262386   74.35%
   1733    48   299423.0814   210   920640.0000   236118.4548   259783   74.35%
Elapsed time = 500.35 sec. (135723.45 ticks, tree = 3.68 MB, solutions = 16)
   1741    70   295645.1498   217   920640.0000   236118.4548   267282   74.35%
   1759    74   237223.7611   250   920640.0000   236118.4548   267665   74.35%
   1783    87   268474.4487   198   920640.0000   236118.4548   271961   74.35%
   1821    96   296788.3611   181   920640.0000   236118.4548   273832   74.35%
   1860   121   239194.2154   225   920640.0000   236118.4548   280487   74.35%
   1886    97   299687.3395   230   920640.0000   236118.4548   275191   74.35%
   1917   101   305758.4809   186   920640.0000   236118.4548   276762   74.35%
   1939   196   307064.9538   215   920640.0000   236118.4548   300950   74.35%
   1958   172   277919.8891   182   920640.0000   236118.4548   294338   74.35%
   1982   229   244416.5777   208   920640.0000   236118.4548   308492   74.35%
Elapsed time = 596.94 sec. (145600.70 ticks, tree = 13.41 MB, solutions = 16)
   2005   253   308288.8946   206   920640.0000   236118.4548   315432   74.35%
   2014   268   367451.5842   176   920640.0000   236118.4548   323538   74.35%
   2033   308   309641.7870   185   920640.0000   236118.4548   331187   74.35%
   2057   282   311927.6143   192   920640.0000   236118.4548   326382   74.35%
   2085   247   306096.3056   219   920640.0000   236118.4548   312758   74.35%
   2113   324   284510.0509   208   920640.0000   236118.4548   338451   74.35%
   2134   351   252738.7153   216   920640.0000   236118.4548   345149   74.35%
   2159   393   291940.6914   238   920640.0000   236118.4548   354797   74.35%
   2189   451   338246.3576   196   920640.0000   236118.4548   373237   74.35%
   2221   438   322128.5693   250   920640.0000   236118.4548   368726   74.35%
Elapsed time = 707.97 sec. (155688.04 ticks, tree = 29.26 MB, solutions = 16)
   2252   490   295700.6734   225   920640.0000   236118.4548   384718   74.35%
   2279   528   289159.1679   211   920640.0000   236118.4548   397432   74.35%
   2311   555   322622.6620   224   920640.0000   236118.4548   405642   74.35%
   2337   562   342619.7926   155   920640.0000   236118.4548   407330   74.35%
   2354   543   386885.8838   172   920640.0000   236118.4548   402879   74.35%
   2377   618   298055.2865   231   920640.0000   236118.4548   420967   74.35%
   2394   650   299279.0301   242   920640.0000   236118.4548   427487   74.35%
   2412   683   327821.0011   198   920640.0000   236118.4548   438019   74.35%
   2437   610   327267.8816   209   920640.0000   236118.4548   420388   74.35%
   2455   711   302647.7938   204   920640.0000   236118.4548   447883   74.35%
Elapsed time = 826.78 sec. (165836.10 ticks, tree = 29.12 MB, solutions = 16)
   2473   702   344836.7605   176   920640.0000   236118.4548   443895   74.35%
   2496   746   316949.5273   188   920640.0000   236118.4548   456780   74.35%
   2515   739   329215.6856   210   920640.0000   236118.4548   455205   74.35%
   2529   743   348799.8786   190   920640.0000   236118.4548   456437   74.35%
   2559   812   333262.9950   199   920640.0000   236118.4548   473750   74.35%
   2571   831   301824.5758   195   920640.0000   236118.4548   479090   74.35%
   2589   832   350472.6924   219   920640.0000   236118.4548   480395   74.35%
   2618   826   339674.3531   198   920640.0000   236118.4548   475879   74.35%
   2644   862   300084.5129   202   920640.0000   236118.4548   486659   74.35%
   2675   895   355647.5708   204   920640.0000   236118.4548   491816   74.35%
Elapsed time = 938.46 sec. (176316.29 ticks, tree = 29.22 MB, solutions = 16)
   2712   942   307807.0620   196   920640.0000   236118.4548   504959   74.35%
   2745   907   356958.5535   192   920640.0000   236118.4548   492942   74.35%
   2774   903   338288.3888   188   920640.0000   236118.4548   493935   74.35%
   2803  1028   417592.5964   130   920640.0000   236118.4548   524275   74.35%
   2832   959   337141.5278   185   920640.0000   236118.4548   510985   74.35%
   2862  1142   325037.8735   198   920640.0000   236118.4548   554525   74.35%
   2899  1078   397836.1504   207   920640.0000   236118.4548   535892   74.35%
   2931  1165   271206.1461   193   920640.0000   236118.4548   560865   74.35%
   2957  1168   303349.0713   186   920640.0000   236118.4548   562166   74.35%
   2994  1219   372170.3790   201   920640.0000   236118.4548   569712   74.35%
Elapsed time = 1062.90 sec. (186161.31 ticks, tree = 35.38 MB, solutions = 16)
   3010  1178   300345.5950   217   920640.0000   236118.4548   564500   74.35%
   3036  1182   287189.9075   149   920640.0000   236118.4548   565632   74.35%
   3068  1289   326440.2054   218   920640.0000   236118.4548   587259   74.35%
   3101  1262   384390.7406   215   920640.0000   236118.4548   580702   74.35%
   3146  1254   360370.8707   200   920640.0000   236118.4548   580186   74.35%
   3180  1297   364790.9456   198   920640.0000   236118.4548   589369   74.35%
   3234  1417   361730.3340   177   920640.0000   236118.4548   614831   74.35%
   3268  1421   362330.7278   214   920640.0000   236118.4548   615206   74.35%
   3310  1391   462696.4375   136   920640.0000   236118.4548   604584   74.35%
   3425  1644   395310.3476   212   920640.0000   236118.4548   658679   74.35%
Elapsed time = 1199.23 sec. (198778.40 ticks, tree = 38.02 MB, solutions = 16)
   3530  1719   291731.9672   186   920640.0000   236118.4548   672111   74.35%
   3692  1783   388081.4707   188   920640.0000   236118.4548   682834   74.35%
   3855  2022   476401.2500   137   920640.0000   236118.4548   722395   74.35%
   3984  2263   384307.8145   188   920640.0000   236118.4548   765588   74.35%
   4136  2384   477024.2933   169   920640.0000   236118.4548   788477   74.35%
   4329  2426   412904.4954   193   920640.0000   236118.4548   794630   74.35%
   4479  2589   509825.5000   137   920640.0000   236118.4548   814549   74.35%
   4695  2716   456214.5451   169   920640.0000   236118.4548   831859   74.35%
   4927  2981   382340.3616   174   920640.0000   236118.4548   856517   74.35%
   5119  3108   644795.6875   119   920640.0000   236118.4548   865759   74.35%
Elapsed time = 1587.98 sec. (237072.56 ticks, tree = 49.61 MB, solutions = 16)
   5369  3433   668690.8000   111   920640.0000   236118.4548   893682   74.35%
   5603  3575   495368.2408   163   920640.0000   236118.4548   914947   74.35%
   5817  3826   503967.0000   108   920640.0000   236118.4548   931939   74.35%
   6151  4093   257480.2243   235   920640.0000   236118.4548   944176   74.35%
   6387  4292   607920.7881   159   920640.0000   236118.4548   963856   74.35%
   6650  4743   320870.9084   171   920640.0000   236118.4548  1001384   74.35%
   6960  5099   594866.6429   149   920640.0000   236118.4548  1032862   74.35%
   7310  5309   637163.5000    85   920640.0000   236118.4548  1051124   74.35%
   7631  5519   772958.0000   100   920640.0000   236118.4548  1077278   74.35%
   7946  5996   708633.2500    93   920640.0000   236118.4548  1122957   74.35%
Elapsed time = 1953.45 sec. (275378.40 ticks, tree = 73.05 MB, solutions = 16)
   8252  6279   557148.1250   139   920640.0000   236475.1000  1150913   74.31%
   8540  6439   359036.3010   175   920640.0000   236872.3487  1171735   74.27%
   8853  6702   823178.5000    51   920640.0000   236872.3487  1210962   74.27%
   9178  7091   902334.2500    65   920640.0000   237900.4330  1260024   74.16%
   9457  7457   659437.0000   122   920640.0000   238174.4279  1327030   74.13%
*  9793+ 7522                       916617.0000   238174.4279            74.02%
   9926  7703   836614.5000    43   916617.0000   238174.4279  1354171   74.02%
* 10362+ 7787                       916359.0000   238174.4279            74.01%
  10407  7873   877246.5556   103   916359.0000   238174.4279  1372189   74.01%
  10772  8110   246165.3372   209   916359.0000   238385.3887  1410899   73.99%
  10936  8815   322151.0497   195   916359.0000   240931.7455  1472922   73.71%
  11115  8976   313334.2722   215   916359.0000   240931.7455  1509451   73.71%
Elapsed time = 2314.64 sec. (313665.05 ticks, tree = 99.24 MB, solutions = 18)
  11319  9224   328562.7187   226   916359.0000   242121.9309  1566215   73.58%
  11562  9383   390424.8052   222   916359.0000   242121.9309  1605757   73.58%
  11784  9733   406797.0673   235   916359.0000   242121.9309  1669725   73.58%
  11972  9831   409620.0938   206   916359.0000   242121.9309  1687939   73.58%
  12193 10085   320008.1066   236   916359.0000   242121.9309  1740321   73.58%
  12438 10207   442889.3439   252   916359.0000   242121.9309  1757459   73.58%
  12612 10574   355254.3857   186   916359.0000   245790.5864  1831405   73.18%
  12792 10635   308673.6933   219   916359.0000   245790.5864  1842478   73.18%
  13022 11022   418426.3577   220   916359.0000   248456.2193  1928476   72.89%
  13239 11159   383704.8158   233   916359.0000   248456.2193  1956108   72.89%
Elapsed time = 2717.35 sec. (351924.69 ticks, tree = 113.85 MB, solutions = 18)
  13468 11235   378188.5988   257   916359.0000   248838.4451  1974442   72.84%
  13664 11500   418464.1370   211   916359.0000   248838.4451  2012600   72.84%
  13875 11843   442288.5011   244   916359.0000   251553.2083  2086808   72.55%
  14093 11995   344379.2086   208   916359.0000   251553.2083  2118665   72.55%
  14270 12193   356741.2005   222   916359.0000   251723.1606  2152946   72.53%
  14466 12478   346106.7809   200   916359.0000   251805.6550  2205629   72.52%
  14677 12630   310967.8935   244   916359.0000   251998.9305  2246890   72.50%
  14886 12904   416373.6486   243   916359.0000   252096.4811  2298294   72.49%
  15110 13022   363433.6794   212   916359.0000   252096.4811  2320700   72.49%
  15347 13048   385136.6406   192   916359.0000   252096.4811  2326186   72.49%
Elapsed time = 3093.77 sec. (390155.44 ticks, tree = 130.49 MB, solutions = 18)
  15576 13456   396270.7851   213   916359.0000   252426.8936  2403681   72.45%
  15798 13541   385633.2969   217   916359.0000   252870.8223  2427607   72.40%
  16013 13932   369391.1149   239   916359.0000   253825.5046  2494215   72.30%
Starting limited solution polishing.
  16450 14236   899153.5000    42   916359.0000   253850.6168  2548386   72.30%
* 16519+13933                       909897.0000   253850.6168            72.10%
* 16659+14299                       903847.0000   253889.3504            71.91%
* 16661+14299                       896604.0000   253889.3504            71.68%
  16717 14542   612197.3101   167   896604.0000   253889.3504  2621451   71.68%
* 16754+14319                       895850.0000   253889.3504            71.66%
* 16785+14319                       882413.0000   253889.3504            71.23%
* 16838+14319                       879898.0000   253889.3504            71.15%
  16993 14542   796553.5000    55   879898.0000   253889.3504  2655051   71.15%
  17294 14773   337604.2053   232   879898.0000   253983.7934  2704526   71.13%
* 17373+14730                       873261.0000   253983.7934            70.92%
* 17376+14723                       856878.0000   253983.7934            70.36%
  17454 14799   357523.4534   252   856878.0000   253983.7934  2709900   70.36%
* 17643+14850                       855402.0000   253983.7934            70.31%
  17664 14761   317531.7084   230   855402.0000   253983.7934  2755012   70.31%
* 17768+14906                       848960.0000   253983.7934            70.08%
* 17781+14903                       847826.0000   253983.7934            70.04%
  17834 14855   431254.9234   243   847826.0000   253983.7934  2780947   70.04%
Elapsed time = 3430.92 sec. (428468.13 ticks, tree = 144.64 MB, solutions = 30)
* 17974+15019                       846350.0000   255142.3310            69.85%
  17986 15063   453805.1731   175   846350.0000   255142.3310  2845596   69.85%
* 18123+15088                       845016.0000   255142.3310            69.81%
  18220 15057   402994.9279   234   845016.0000   255142.3310  2842340   69.81%
  18434 15222   294351.7100   210   845016.0000   255142.3310  2869359   69.81%
  18654 15381   443505.2435   233   845016.0000   255142.3310  2916293   69.81%
  18774 15548   343118.4765   198   845016.0000   255450.5401  2942969   69.77%
* 18809+15427                       841521.0000   255450.5401            69.64%
* 18870+15685                       839636.0000   255564.7145            69.56%
  18921 15914   394329.5614   226   839636.0000   255564.7145  3018727   69.56%
* 19016+15921                       836912.0000   255564.7145            69.46%
  19019 15785   350436.6121   216   836912.0000   255564.7145  2995259   69.46%
  19023 15687   298883.1757   214   836912.0000   255564.7145  2963369   69.46%

Implied bound cuts applied:  77
Zero-half cuts applied:  476
Lift and project cuts applied:  8

Root node processing (before b&c):
  Real time             =   60.43 sec. (39984.39 ticks)
Parallel b&c, 8 threads:
  Real time             = 3539.59 sec. (419221.69 ticks)
  Sync time (average)   =  614.49 sec.
  Wait time (average)   =    0.01 sec.
                          ------------
Total (root+branch&cut) = 3600.01 sec. (459206.08 ticks)
Status: Feasible
Obj: 836912

Instalacoes abertas:
Instalação 0 aberta
Instalação 1 aberta
Instalação 4 aberta
Instalação 8 aberta
Instalação 9 aberta
Instalação 13 aberta
Instalação 16 aberta
Instalação 18 aberta
Instalação 19 aberta
Instalação 20 aberta
Instalação 22 aberta
Instalação 23 aberta
Instalação 25 aberta
Instalação 30 aberta
Instalação 31 aberta
Instalação 34 aberta
Instalação 35 aberta
Instalação 39 aberta
Instalação 46 aberta
Instalação 47 aberta
Instalação 49 aberta

Atribuições (cliente -> instalação):
Cliente 0 -> Instalação 0
Cliente 1 -> Instalação 8
Cliente 2 -> Instalação 16
Cliente 3 -> Instalação 16
Cliente 4 -> Instalação 16
Cliente 5 -> Instalação 31
Cliente 6 -> Instalação 4
Cliente 7 -> Instalação 22
Cliente 8 -> Instalação 47
Cliente 9 -> Instalação 25
Cliente 10 -> Instalação 0
Cliente 11 -> Instalação 35
Cliente 12 -> Instalação 20
Cliente 13 -> Instalação 13
Cliente 14 -> Instalação 49
Cliente 15 -> Instalação 30
Cliente 16 -> Instalação 35
Cliente 17 -> Instalação 39
Cliente 18 -> Instalação 8
Cliente 19 -> Instalação 47
Cliente 20 -> Instalação 8
Cliente 21 -> Instalação 4
Cliente 22 -> Instalação 31
Cliente 23 -> Instalação 13
Cliente 24 -> Instalação 0
Cliente 25 -> Instalação 25
Cliente 26 -> Instalação 4
Cliente 27 -> Instalação 22
Cliente 28 -> Instalação 9
Cliente 29 -> Instalação 30
Cliente 30 -> Instalação 1
Cliente 31 -> Instalação 49
Cliente 32 -> Instalação 34
Cliente 33 -> Instalação 23
Cliente 34 -> Instalação 1
Cliente 35 -> Instalação 9
Cliente 36 -> Instalação 39
Cliente 37 -> Instalação 18
Cliente 38 -> Instalação 4
Cliente 39 -> Instalação 19
Cliente 40 -> Instalação 1
Cliente 41 -> Instalação 13
Cliente 42 -> Instalação 46
Cliente 43 -> Instalação 31
Cliente 44 -> Instalação 19
Cliente 45 -> Instalação 20
Cliente 46 -> Instalação 46
Cliente 47 -> Instalação 47
Cliente 48 -> Instalação 9
Cliente 49 -> Instalação 34
