Version identifier: 22.1.1.0 | 2022-11-28 | 9160aff4d
CPXPARAM_TimeLimit                               3600
Tried aggregator 1 time.
MIP Presolve eliminated 50 rows and 1 columns.
Reduced MIP has 20900 rows, 2917 columns, and 62600 nonzeros.
Reduced MIP has 2917 binaries, 0 generals, 0 SOSs, and 0 indicators.
Presolve time = 0.03 sec. (32.05 ticks)
Found incumbent of value 1.5698095e+07 after 0.04 sec. (40.25 ticks)
Probing time = 0.01 sec. (5.30 ticks)
Tried aggregator 1 time.
Detecting symmetries...
Reduced MIP has 20900 rows, 2917 columns, and 62600 nonzeros.
Reduced MIP has 2917 binaries, 0 generals, 0 SOSs, and 0 indicators.
Presolve time = 0.04 sec. (38.34 ticks)
Probing time = 0.01 sec. (5.30 ticks)
Clique table members: 2500.
MIP emphasis: balance optimality and feasibility.
MIP search method: dynamic search.
Parallel mode: deterministic, using up to 8 threads.
Root relaxation solution time = 0.09 sec. (32.65 ticks)

        Nodes                                         Cuts/
   Node  Left     Objective  IInf  Best Integer    Best Bound    ItCnt     Gap

*     0+    0                       1.56981e+07        0.0000           100.00%
*     0+    0                       1.13894e+07        0.0000           100.00%
*     0+    0                       785523.0000        0.0000           100.00%
*     0+    0                       725214.0000        0.0000           100.00%
*     0+    0                       703556.0000        0.0000           100.00%
      0     0    93774.0000   100   703556.0000    93774.0000      199   86.67%
*     0+    0                       519954.0000    93774.0000            81.96%
      0     0   106217.5000   100   519954.0000     Cuts: 969      420   79.57%
*     0+    0                       325520.0000   106217.5000            67.37%
      0     0   118774.0000    98   325520.0000     Cuts: 969      694   63.51%
      0     0   130141.3333   213   325520.0000 ZeroHalf: 417     1693   60.02%
*     0+    0                       317156.0000   130141.3333            58.97%
      0     0  -1.00000e+75     0   317156.0000   130141.3333     1693   58.97%
*     0+    0                       281377.0000   130141.3333            53.75%
*     0+    0                       279234.0000   130141.3333            53.39%
      0     0   132442.3636   220   279234.0000 ZeroHalf: 382     2126   52.57%
      0     0   136552.8353   178   279234.0000     Cuts: 416     2736   51.10%
Detecting symmetries...
      0     0   139441.6566   192   279234.0000     Cuts: 284     3287   50.06%
      0     0   142871.0486   186   279234.0000     Cuts: 219     3717   48.83%
      0     0   144630.9402   186   279234.0000      Cuts: 79     4025   48.20%
*     0+    0                       278609.0000   144630.9402            48.09%
*     0+    0                       275292.0000   144630.9402            47.46%
      0     0   145497.5125   187   275292.0000     Cuts: 146     4233   47.15%
      0     0   146154.1662   181   275292.0000      Cuts: 97     4390   46.91%
      0     0   147126.5981   190   275292.0000     Cuts: 148     4638   46.56%
      0     0   148075.2372   184   275292.0000      Cuts: 86     4898   46.21%
      0     0   149057.0701   188   275292.0000      Cuts: 87     5141   45.85%
      0     0   149528.4651   185   275292.0000      Cuts: 67     5283   45.68%
      0     0   149884.7161   188   275292.0000      Cuts: 94     5420   45.55%
      0     0   150347.7907   180   275292.0000      Cuts: 36     5570   45.39%
      0     0   151060.0181   185   275292.0000     Cuts: 117     5758   45.13%
      0     0   151799.8882   188   275292.0000      Cuts: 80     5935   44.86%
      0     0   152399.7704   184   275292.0000      Cuts: 73     6153   44.64%
      0     0   152707.6844   221   275292.0000      Cuts: 76     6308   44.53%
      0     0   153158.4333   188   275292.0000     Cuts: 133     6455   44.37%
      0     0   153576.3888   184   275292.0000      Cuts: 51     6579   44.21%
      0     0   153839.1759   182   275292.0000      Cuts: 83     6695   44.12%
      0     0   154090.0917   188   275292.0000      Cuts: 47     6811   44.03%
      0     0   154519.0634   185   275292.0000      Cuts: 57     6993   43.87%
      0     0   154790.0065   186   275292.0000      Cuts: 55     7129   43.77%
      0     0   154915.3448   185   275292.0000      Cuts: 57     7206   43.73%
      0     0   155065.7711   207   275292.0000      Cuts: 42     7307   43.67%
      0     0   155182.6667   212   275292.0000      Cuts: 30     7426   43.63%
      0     0   155483.2545   208   275292.0000      Cuts: 50     7584   43.52%
      0     0   155772.4351   247   275292.0000      Cuts: 67     7753   43.42%
      0     0   155958.6809   219   275292.0000     Cuts: 137     7875   43.35%
      0     0   156248.4885   215   275292.0000      Cuts: 66     8028   43.24%
      0     0   156418.6678   186   275292.0000     Cuts: 139     8131   43.18%
      0     0   156611.4833   187   275292.0000      Cuts: 34     8278   43.11%
      0     0   156752.4712   187   275292.0000      Cuts: 40     8425   43.06%
      0     0   157110.9169   175   275292.0000      Cuts: 34     8557   42.93%
      0     0   157547.3850   182   275292.0000      Cuts: 78     8790   42.77%
      0     0   157741.7832   185   275292.0000      Cuts: 82     8917   42.70%
      0     0   157995.6599   185   275292.0000      Cuts: 31     9049   42.61%
      0     0   158177.8609   184   275292.0000      Cuts: 46     9154   42.54%
      0     0   158370.2667   184   275292.0000      Cuts: 46     9285   42.47%
      0     0   158527.6878   187   275292.0000      Cuts: 46     9404   42.41%
      0     0   158711.3425   187   275292.0000      Cuts: 48     9527   42.35%
      0     0   158852.0974   185   275292.0000      Cuts: 35     9618   42.30%
      0     0   158996.3390   188   275292.0000      Cuts: 47     9732   42.24%
      0     0   159127.5073   190   275292.0000      Cuts: 52     9817   42.20%
      0     0   159265.1377   189   275292.0000      Cuts: 39     9890   42.15%
      0     0   159465.0176   191   275292.0000      Cuts: 55    10012   42.07%
      0     0   159652.6737   190   275292.0000      Cuts: 72    10167   42.01%
      0     0   159821.5953   190   275292.0000      Cuts: 57    10268   41.94%
      0     0   159961.1431   189   275292.0000      Cuts: 26    10369   41.89%
      0     0   160086.5840   186   275292.0000      Cuts: 43    10458   41.85%
      0     0   160200.6259   182   275292.0000      Cuts: 31    10542   41.81%
      0     0   160387.2820   183   275292.0000      Cuts: 51    10641   41.74%
      0     0   160562.1918   185   275292.0000      Cuts: 24    10745   41.68%
      0     0   160741.8632   188   275292.0000      Cuts: 53    10822   41.61%
      0     0   160883.2614   183   275292.0000      Cuts: 38    10896   41.56%
      0     0   160996.1727   188   275292.0000      Cuts: 73    10988   41.52%
      0     0   161136.1957   185   275292.0000      Cuts: 26    11065   41.47%
      0     0   161248.5017   190   275292.0000      Cuts: 50    11173   41.43%
      0     0   161331.2080   191   275292.0000      Cuts: 48    11248   41.40%
      0     0   161515.3159   186   275292.0000      Cuts: 34    11374   41.33%
      0     0   161942.7210   182   275292.0000      Cuts: 55    11540   41.17%
      0     0   162101.9749   189   275292.0000      Cuts: 57    11666   41.12%
      0     0   162286.4883   184   275292.0000      Cuts: 36    11815   41.05%
      0     0   162426.9214   184   275292.0000      Cuts: 54    11927   41.00%
      0     0   162532.3055   188   275292.0000      Cuts: 29    12011   40.96%
Detecting symmetries...
      0     2   162532.3055   188   275292.0000   162532.3055    12011   40.96%
Elapsed time = 15.01 sec. (7741.67 ticks, tree = 0.02 MB, solutions = 12)
      5     5   167821.9492   157   275292.0000   162611.0714    12933   40.93%
     17    16   173750.4313   156   275292.0000   162692.7030    17776   40.90%
     36    29   189291.4615   138   275292.0000   162692.7030    22583   40.90%
     63    58   207743.6000   119   275292.0000   163900.3211    31341   40.46%
    120    99   214337.0000    82   275292.0000   163900.3211    39796   40.46%
    217   172   254303.1944    86   275292.0000   163900.3211    48866   40.46%
*   224   170      integral     0   250177.0000   163900.3211    48874   34.49%
*   230   203      integral     0   250084.0000   163900.3211    51475   34.46%
    293   241   245702.3750   107   250084.0000   163900.3211    57538   34.46%
    330   255   177871.7851   174   250084.0000   163900.3211    62385   34.46%
    389   285   200183.7500   103   250084.0000   163900.3211    67549   34.46%
    713   545   189113.4259   187   250084.0000   165303.0155   108551   33.90%
Elapsed time = 26.61 sec. (10895.25 ticks, tree = 14.31 MB, solutions = 16)
    870   694   179633.6341   142   250084.0000   165303.0155   141554   33.90%
*   887+  726                       248186.0000   165303.0155            33.40%
   1096   841   221642.5000   105   248186.0000   165303.0155   174457   33.40%
   1317  1078   184363.3889   124   248186.0000   172204.2287   221822   30.61%
*  1501  1138      integral     0   247830.0000   172204.2287   233233   30.52%
   1584  1276   209577.3145   156   247830.0000   172204.2287   254212   30.52%
   1865  1506   244939.6818   124   247830.0000   174995.0391   285311   29.39%
   2131  1654   225459.0000   128   247830.0000   175772.5626   309744   29.08%
   2375  1867   210520.5000    82   247830.0000   176426.6742   342408   28.81%
   2656  2075   244754.6184   126   247830.0000   177257.5288   378143   28.48%
   2975  2380   221180.7500    91   247830.0000   177724.8559   421122   28.29%
   3275  2629   237291.5000   120   247830.0000   177992.7168   448189   28.18%
Elapsed time = 63.09 sec. (20459.32 ticks, tree = 175.44 MB, solutions = 18)

Performing restart 1

Repeating presolve.
Tried aggregator 1 time.
MIP Presolve eliminated 4523 rows and 441 columns.
Reduced MIP has 16377 rows, 2476 columns, and 49031 nonzeros.
Reduced MIP has 2476 binaries, 0 generals, 0 SOSs, and 0 indicators.
Presolve time = 0.03 sec. (27.42 ticks)
Tried aggregator 1 time.
Reduced MIP has 16377 rows, 2476 columns, and 49031 nonzeros.
Reduced MIP has 2476 binaries, 0 generals, 0 SOSs, and 0 indicators.
Presolve time = 0.03 sec. (30.78 ticks)
Represolve time = 0.11 sec. (89.73 ticks)
   3304     0   163956.1794   217   247830.0000      Cuts: 69   473096   28.07%
*  3304+    0                       247236.0000   178253.7027            27.90%
   3304     0   165720.9777   211   247236.0000      Cuts: 55   473509   27.90%
   3304     0   167187.7637   212   247236.0000      Cuts: 57   473920   27.90%
*  3304+    0                       245658.0000   178253.7027            27.44%
*  3304+    0                       244672.0000   178253.7027            27.15%
*  3304+    0                       243909.0000   178253.7027            26.92%
   3304     0  -1.00000e+75     0   243909.0000   178253.7027   473920   26.92%
   3304     0   168038.8307   214   243909.0000      Cuts: 56   474198   26.92%
   3304     0   168424.8516   212   243909.0000      Cuts: 55   474377   26.92%
   3304     0   168699.1502   210   243909.0000      Cuts: 58   474504   26.92%
   3304     2   168699.1502   210   243909.0000   178253.7027   474504   26.92%
   3305     3   168861.6282   206   243909.0000   178253.7027   474588   26.92%
   3315    13   192684.6016   202   243909.0000   178253.7027   476422   26.92%
   3346    29   177770.2236   156   243909.0000   178253.7027   484514   26.92%
   3404    89   201939.5971   169   243909.0000   178253.7027   513109   26.92%
   3505   108   182651.0064   193   243909.0000   178253.7027   517438   26.92%
   3620   273   180651.6735   179   243909.0000   178253.7027   553291   26.92%
   3750   347   214245.6464   152   243909.0000   178253.7027   571748   26.92%
   3912   477   193472.1165   170   243909.0000   178253.7027   592367   26.92%
   4042   634   205546.9452   174   243909.0000   178253.7027   613679   26.92%
Elapsed time = 110.71 sec. (37250.55 ticks, tree = 6.42 MB, solutions = 23)
   4203   760   240500.1429   125   243909.0000   178253.7027   639085   26.92%
   4361   786   215833.0696   181   243909.0000   178253.7027   644109   26.92%
   4514   930   219763.0181   157   243909.0000   178253.7027   671643   26.92%
   4741  1152   226406.8208   162   243909.0000   178253.7027   711153   26.92%
   4998  1392   233069.1964   152   243909.0000   178253.7027   743025   26.92%
   5206  1482   229043.4130   179   243909.0000   178253.7027   759772   26.92%
   5468  1801   240806.8897   143   243909.0000   178253.7027   794150   26.92%
   5690  2018   205800.1000   129   243909.0000   179127.2591   822766   26.56%
   5924  2183   233603.7986   139   243909.0000   179220.9533   844389   26.52%
   6138  2355   216001.7542   181   243909.0000   179250.5239   871768   26.51%
Elapsed time = 147.57 sec. (46824.18 ticks, tree = 12.43 MB, solutions = 23)
   6414  2657   240091.6216   119   243909.0000   179250.5239   910829   26.51%
   6655  2843   213557.7778   145   243909.0000   179897.1714   933636   26.24%
   6928  3121   215345.3778   202   243909.0000   180178.6429   975606   26.13%
   7134  3279   209429.9850   210   243909.0000   180342.9918  1001977   26.06%
   7332  3517   210036.3568   186   243909.0000   180488.7834  1048242   26.00%
   7569  3591   227467.9545   139   243909.0000   180671.4672  1057612   25.93%
   7899  3882   257140.7143   128   243909.0000   180963.4374  1096951   25.81%
*  8073+ 4175                       243556.0000   181010.9890            25.68%
   8151  4226   233669.5611   164   243556.0000   181174.7591  1148015   25.61%
   8393  4362   237365.2391   175   243556.0000   181419.4015  1167883   25.51%
   8661  4670   232700.8545   157   243556.0000   181602.9144  1205813   25.44%
Elapsed time = 183.38 sec. (56381.90 ticks, tree = 18.20 MB, solutions = 24)
   8914  4930   235376.9792   156   243556.0000   181733.1568  1242881   25.38%
   9152  5152   242752.7857   101   243556.0000   181758.8517  1276316   25.37%
   9341  5232   218688.3481   206   243556.0000   182284.3069  1292980   25.16%
   9590  5422   233243.9837   179   243556.0000   182719.3373  1326842   24.98%
   9896  5679   227224.0323   116   243556.0000   182722.4744  1363273   24.98%
  10167  5898   223499.0713   157   243556.0000   182857.0734  1390637   24.92%
  10536  6251   240283.7900   134   243556.0000   183192.4560  1436045   24.78%
  10780  6598   217056.3010   131   243556.0000   183562.8996  1478471   24.63%
* 10989+ 6774                       243440.0000   183730.1913            24.53%
  11022  6737   231749.9713   163   243440.0000   183730.1913  1498175   24.53%
  11192  6905   235982.6350   173   243440.0000   183885.1757  1531279   24.46%
Elapsed time = 218.60 sec. (65952.86 ticks, tree = 25.00 MB, solutions = 25)
  11440  7191   221958.5278   155   243440.0000   184090.5344  1573173   24.38%
  11689  7400   225620.9375   126   243440.0000   184551.8188  1607885   24.19%
  11978  7584   242743.5459   152   243440.0000   184655.3248  1627995   24.15%
  12244  7659   232640.0000   138   243440.0000   185141.6917  1649282   23.95%
  12496  8121   206655.0985   174   243440.0000   185227.7194  1714640   23.91%
  12723  8204   232707.3880   156   243440.0000   185564.7404  1727962   23.77%
  13004  8634   206626.9630   161   243440.0000   185820.6860  1798460   23.67%
  13271  8803   240052.0909   136   243440.0000   185978.7847  1821020   23.60%
  13479  8912   197050.8249   170   243440.0000   186200.2680  1843875   23.51%
  13696  9045   219805.2500   102   243440.0000   186518.9950  1861865   23.38%
Elapsed time = 254.91 sec. (75527.72 ticks, tree = 31.73 MB, solutions = 25)
  13909  9486   231587.0000   167   243440.0000   186944.3885  1943705   23.21%
  14152  9395   210271.5985   196   243440.0000   187081.4375  1934409   23.15%
  14438  9696   237426.8333   117   243440.0000   187442.1867  1971382   23.00%
  14696  9848   214727.4808   145   243440.0000   187781.5274  1997889   22.86%
  14963 10242   239099.5018   180   243440.0000   188124.7351  2050358   22.72%
  15194 10458   234186.1163   140   243440.0000   188165.7351  2082692   22.71%
  15444 10639   230350.0833   136   243440.0000   188367.6648  2113422   22.62%
  15694 10976   194275.3220   171   243440.0000   188701.9966  2176024   22.49%
  15952 10957   198424.5303   129   243440.0000   188802.0272  2167956   22.44%
  16255 11380   193427.9801   161   243440.0000   188823.0579  2238976   22.44%
Elapsed time = 292.73 sec. (85109.83 ticks, tree = 39.10 MB, solutions = 25)
  16515 11769   230105.3571   134   243440.0000   189235.2836  2295084   22.27%
  16751 11847   210604.4531   174   243440.0000   189366.1374  2307873   22.21%
  17001 11971   213563.3467   160   243440.0000   189398.9479  2322644   22.20%
  17251 12194   234668.9358   151   243440.0000   189949.7203  2366422   21.97%
  17462 12498   215192.7379   149   243440.0000   190047.4100  2419975   21.93%
  17741 12646   242709.9241   146   243440.0000   190251.2681  2433652   21.85%
  18001 12711   220810.7354   163   243440.0000   190315.1609  2450861   21.82%
  18298 12991        cutoff         243440.0000   190437.4736  2489189   21.77%
  18520 13410   237104.1739   156   243440.0000   190554.2123  2553428   21.72%
  18751 13449        cutoff         243440.0000   190554.2123  2558664   21.72%
Elapsed time = 328.62 sec. (94676.47 ticks, tree = 44.56 MB, solutions = 25)
* 18881+13697                       240427.0000   190554.2123            20.74%
  18920 13675   198493.9582   165   240427.0000   190554.2123  2596601   20.74%
  19079 13859   213886.8818   154   240427.0000   190961.0074  2632021   20.57%
  19254 14087   221696.2500   123   240427.0000   190961.0074  2676915   20.57%
  19468 14250   211166.3409   179   240427.0000   190961.0074  2702095   20.57%
  19640 13134   235064.7239   178   240427.0000   191043.5116  2733425   20.54%
  19852 13238   234012.8086   167   240427.0000   191089.7265  2747512   20.52%
  20057 13329   201797.4974   174   240427.0000   191142.7136  2766139   20.50%
  20274 13760   225806.5000    77   240427.0000   191214.1150  2846059   20.47%
  20485 13740   208283.0718   139   240427.0000   191214.1150  2842903   20.47%
  21506 14550   214262.4860   182   240427.0000   192207.0397  2990031   20.06%
Elapsed time = 370.33 sec. (107099.65 ticks, tree = 49.55 MB, solutions = 28)
  22545 15407   230875.9108   186   240427.0000   192494.6738  3132709   19.94%
  23569 16241   225504.0000   122   240427.0000   192878.3065  3275854   19.78%
  24641 17366   212502.5063   171   240427.0000   193122.2753  3457965   19.68%
  25791 18261   211711.6875   137   240427.0000   193678.1951  3603708   19.44%
  26798 19265   235115.6667   154   240427.0000   194095.8881  3775743   19.27%
  27637 19716        cutoff         240427.0000   194197.6193  3855322   19.23%
  28597 20627   235034.8851   157   240427.0000   194812.4313  4014147   18.97%
  29640 21229   225852.7126   188   240427.0000   195182.5721  4124540   18.82%
  30625 22443   237750.8500   138   240427.0000   195439.0137  4342178   18.71%
  31639 22939   239840.6621   179   240427.0000   195722.2156  4428322   18.59%
Elapsed time = 515.47 sec. (145275.67 ticks, tree = 79.60 MB, solutions = 28)
  32599 24030   236150.9948   147   240427.0000   196038.9551  4624750   18.46%
  33637 24508   221283.5453   169   240427.0000   196299.3573  4719568   18.35%
  34616 25448   211836.4857   144   240427.0000   196612.0562  4891677   18.22%
  35348 26126   208019.8500   133   240427.0000   196722.0900  5024081   18.18%

Performing restart 2

Repeating presolve.
Tried aggregator 1 time.
MIP Presolve eliminated 1427 rows and 128 columns.
Reduced MIP has 14950 rows, 2348 columns, and 57398 nonzeros.
Reduced MIP has 2348 binaries, 0 generals, 0 SOSs, and 0 indicators.
Presolve time = 0.12 sec. (97.77 ticks)
Tried aggregator 1 time.
Reduced MIP has 14950 rows, 2348 columns, and 57398 nonzeros.
Reduced MIP has 2348 binaries, 0 generals, 0 SOSs, and 0 indicators.
Presolve time = 0.06 sec. (43.15 ticks)
Represolve time = 0.25 sec. (178.96 ticks)
  35435     0   170529.0222   225   240427.0000      Cuts: 37  5145053   18.05%
  35435     0   170683.2158   219   240427.0000      Cuts: 28  5145162   18.05%
  35435     0   170742.1439   220   240427.0000      Cuts: 41  5145230   18.05%
  35435     0   170895.1222   218   240427.0000      Cuts: 47  5145355   18.05%
  35435     0   170983.3792   220   240427.0000      Cuts: 57  5145432   18.05%
  35435     0   171093.5586   222   240427.0000      Cuts: 46  5145542   18.05%
  35435     0   171232.6272   215   240427.0000      Cuts: 55  5145680   18.05%
  35435     0   171322.2868   215   240427.0000      Cuts: 63  5145761   18.05%
* 35435+    0                       240376.0000   197033.5328            18.03%
  35435     0   171422.3603   213   240376.0000      Cuts: 51  5145859   18.03%

Repeating presolve.
Tried aggregator 1 time.
MIP Presolve eliminated 528 rows and 38 columns.
Reduced MIP has 14422 rows, 2310 columns, and 55527 nonzeros.
Reduced MIP has 2310 binaries, 0 generals, 0 SOSs, and 0 indicators.
Presolve time = 0.07 sec. (74.27 ticks)
Tried aggregator 1 time.
Reduced MIP has 14422 rows, 2310 columns, and 55527 nonzeros.
Reduced MIP has 2310 binaries, 0 generals, 0 SOSs, and 0 indicators.
Presolve time = 0.05 sec. (41.03 ticks)
Represolve time = 0.16 sec. (151.86 ticks)
  35435     0   171556.8013   213   240376.0000      Cuts: 63  5149177   18.03%
  35435     0   171772.1180   215   240376.0000      Cuts: 88  5149411   18.03%
  35435     0   171814.0375   218   240376.0000      Cuts: 45  5149458   18.03%
* 35435+    0                       240024.0000   197033.5328            17.91%
  35435     0  -1.00000e+75     0   240024.0000   197033.5328  5149458   17.91%
  35435     0   171905.9190   214   240024.0000      Cuts: 49  5149548   17.91%
  35435     0   171989.8988   219   240024.0000      Cuts: 60  5149627   17.91%
  35435     0   172100.5726   217   240024.0000      Cuts: 75  5149710   17.91%
  35435     0   172243.2715   223   240024.0000      Cuts: 87  5149836   17.91%
  35435     2   172243.2715   223   240024.0000   197033.5328  5149836   17.91%
  35598   115   225538.5132   140   240024.0000   197033.5328  5190619   17.91%
  36160   513   212420.4211   144   240024.0000   197033.5328  5278202   17.91%
  36961  1083   182718.9595   182   240024.0000   197033.5328  5353670   17.91%
  37883  1943   223810.5447   199   240024.0000   197033.5328  5465281   17.91%
  38827  2798   228610.1627   170   240024.0000   197033.5328  5608215   17.91%
Elapsed time = 684.63 sec. (198205.49 ticks, tree = 14.94 MB, solutions = 30)
  39834  3766   218188.5278   138   240024.0000   197033.5328  5748693   17.91%
  40910  4671   224541.7409   143   240024.0000   197033.5328  5877712   17.91%
  41851  5498   230573.4909   130   240024.0000   197033.5328  6002878   17.91%
  42897  6484   222203.6728   179   240024.0000   197033.5328  6164143   17.91%
  43805  7106   213587.8766   157   240024.0000   197033.5328  6274952   17.91%
  44660  7827   238791.6667   129   240024.0000   197033.5328  6412698   17.91%
  45693  8710        cutoff         240024.0000   197033.5328  6562502   17.91%
  46671  9584   207865.7115   141   240024.0000   197033.5328  6700593   17.91%
  47749 10552   238176.3006   157   240024.0000   197033.5328  6864033   17.91%
  48706 11396   208732.0600   138   240024.0000   197033.5328  7023855   17.91%
Elapsed time = 824.69 sec. (236414.89 ticks, tree = 37.87 MB, solutions = 30)
  49739 12246   233431.4610   189   240024.0000   197033.5328  7176337   17.91%
  50773 13157   236785.5000   131   240024.0000   197033.5328  7332002   17.91%
  51753 13873   211886.7311   154   240024.0000   197033.5328  7469003   17.91%
  52706 14579   227637.0494   173   240024.0000   197033.5328  7570883   17.91%
  53906 15619   216197.8014   152   240024.0000   197033.5328  7736174   17.91%
  55057 16549   227380.2948   166   240024.0000   197033.5328  7889267   17.91%
  56143 17551   227442.8343   169   240024.0000   197033.5328  8050955   17.91%
  57285 18527   210007.6684   139   240024.0000   197098.7198  8216705   17.88%
  58281 19701        cutoff         240024.0000   197483.8362  8428846   17.72%
  59307 20289   222439.6944   171   240024.0000   197825.4559  8532973   17.58%
Elapsed time = 955.96 sec. (274584.20 ticks, tree = 62.73 MB, solutions = 30)
  60306 21025   235783.4161   154   240024.0000   198151.4456  8662502   17.45%
  61336 21984   235599.6000   130   240024.0000   198354.5029  8815064   17.36%
  62340 23064   233390.4444   149   240024.0000   198684.0860  9019026   17.22%
  63428 24014   235099.6970   137   240024.0000   198968.0417  9181979   17.10%
  64531 24584   219632.4073   159   240024.0000   199282.1982  9273510   16.97%
  65697 25461   221068.2037   162   240024.0000   199652.7652  9423032   16.82%
  66763 26586   209904.7278   158   240024.0000   199945.8481  9617425   16.70%
  67719 27222   238514.0676   131   240024.0000   200114.4364  9732792   16.63%
  68679 28082   214580.7551   197   240024.0000   200425.4446  9879305   16.50%
  69788 28837   224342.5870   137   240024.0000   200572.2271 10016348   16.44%
Elapsed time = 1089.09 sec. (312757.67 ticks, tree = 85.14 MB, solutions = 30)
  70794 30121   235746.7723   158   240024.0000   200786.9983 10254054   16.35%
  71753 30686   216950.1947   186   240024.0000   200969.7529 10367081   16.27%
* 72089 30927      integral     0   238587.0000   201018.6400 10416056   15.75%
  72779 30315        cutoff         238587.0000   201200.7910 10539440   15.67%
* 73187 30362      integral     0   235333.0000   201247.4470 10548019   14.48%
  73764 30895   219098.8195   149   235333.0000   201369.6391 10653577   14.43%
  74655 27366   216077.6956   179   235333.0000   201560.8400 10821673   14.35%
  75478 28294   213917.0189   200   235333.0000   201690.7426 11022341   14.30%
  76457 28535   209642.8956   145   235333.0000   201900.6370 11080473   14.21%
  77571 29764   212908.1490   200   235333.0000   202093.1818 11309494   14.12%
  78534 30576   227545.0000   120   235333.0000   202349.4809 11458817   14.02%
  79495 31320   231365.6918   164   235333.0000   202549.6129 11584686   13.93%
Elapsed time = 1225.93 sec. (350929.56 ticks, tree = 145.46 MB, solutions = 32)
  80515 32120   228460.0131   182   235333.0000   202775.9984 11732251   13.83%
  81436 32769   232237.3651   140   235333.0000   202919.5247 11871332   13.77%
  82383 33399   218914.7577   192   235333.0000   203113.3530 12018357   13.69%
  83319 34024   215845.9728   147   235333.0000   203288.1361 12152039   13.62%
  84140 34900   230397.8170   160   235333.0000   203456.8293 12332931   13.55%
  85142 35843   218988.4930   181   235333.0000   203612.0610 12535303   13.48%
  86124 36164        cutoff         235333.0000   203799.7780 12600439   13.40%
  87222 37026   228164.9667   162   235333.0000   203974.3864 12768269   13.33%
  88225 37667   231173.9314   165   235333.0000   204132.3759 12893005   13.26%
  89180 38765   229390.7348   135   235333.0000   204289.1322 13116137   13.19%
Elapsed time = 1357.46 sec. (389128.03 ticks, tree = 199.20 MB, solutions = 32)
  90222 39262   230410.5112   192   235333.0000   204434.2051 13233256   13.13%
  91208 40110   226486.3014   164   235333.0000   204601.7035 13395543   13.06%
  92187 40959   223926.3091   166   235333.0000   204737.9541 13569960   13.00%
  93085 41721   219741.0631   141   235333.0000   204889.0000 13731379   12.94%
  94122 42318   216895.6486   140   235333.0000   205110.2714 13861566   12.84%
  95061 43261   220722.7118   160   235333.0000   205210.2543 14066184   12.80%
  96061 43688   233031.9828   144   235333.0000   205355.0483 14155403   12.74%
  97088 44724   218725.4167   112   235333.0000   205471.0385 14371644   12.69%
  98126 45579   219367.9362   141   235333.0000   205608.3797 14540032   12.63%
  99034 46247   232098.2460   170   235333.0000   205722.8261 14678374   12.58%
Elapsed time = 1492.10 sec. (427304.31 ticks, tree = 219.95 MB, solutions = 32)
  99775 46780   220067.9449   160   235333.0000   205769.1229 14794691   12.56%
 100666 47266   232661.1633   145   235333.0000   205912.2168 14910270   12.50%
 101662 48347   232106.9900   185   235333.0000   205988.7978 15113123   12.47%
 102653 48660   234869.3250   142   235333.0000   206144.7594 15183442   12.40%
 103762 49697   229363.1304   133   235333.0000   206267.4148 15351854   12.35%
 104705 50119   225102.2429   155   235333.0000   206361.6224 15413285   12.31%
 105716 51064   234118.8462   144   235333.0000   206529.8390 15551829   12.24%
 106826 52007   227539.7709   136   235333.0000   206710.7406 15699050   12.16%
 107893 52864   228081.1011   159   235333.0000   206815.1250 15811730   12.12%
*108716+53588                       234679.0000   206928.5283            11.82%
 108732 53752   220825.7416   135   234679.0000   206928.5283 15940867   11.82%
Elapsed time = 1641.54 sec. (465503.55 ticks, tree = 670.61 MB, solutions = 32)
 109700 52884   219677.9811   133   234679.0000   207043.8750 16000610   11.78%
 110779 53952   224037.0000   129   234679.0000   207190.1582 16176799   11.71%
 111897 54469   218713.9118   181   234679.0000   207251.8421 16255381   11.69%
 112864 55200   209821.9608   178   234679.0000   207344.6481 16356160   11.65%
 113823 56111   224543.4167   121   234679.0000   207425.3205 16506433   11.61%
 114891 56849        cutoff         234679.0000   207519.0000 16617445   11.57%
 115881 57040   220137.3747   167   234679.0000   207590.8378 16643273   11.54%
 116766 57765   218477.0000   127   234679.0000   207689.0000 16749746   11.50%
 117788 58863   226184.8745   170   234679.0000   207772.7613 16926897   11.47%
 118918 59484   226634.9574   139   234679.0000   207876.4880 17029382   11.42%
Elapsed time = 1802.67 sec. (503676.03 ticks, tree = 1169.41 MB, solutions = 33)
 119984 59894   231367.1667   156   234679.0000   207985.4528 17090591   11.37%
 120897 61030   230351.5680   185   234679.0000   208074.6771 17257860   11.34%
 121910 61810        cutoff         234679.0000   208164.5965 17389219   11.30%
 122927 62535   214144.6667   128   234679.0000   208285.3458 17510708   11.25%
 123962 62984        cutoff         234679.0000   208388.6243 17574076   11.20%
 124895 64132   232609.6000   101   234679.0000   208487.2329 17749724   11.16%
 125852 64766   227920.1585   142   234679.0000   208569.6944 17864453   11.13%
 126958 65439   226025.1250   129   234679.0000   208649.9063 17968392   11.09%
 128048 65780   220780.8833   138   234679.0000   208731.9200 18019052   11.06%
 128986 66681        cutoff         234679.0000   208799.6237 18150167   11.03%
Elapsed time = 1959.33 sec. (541884.03 ticks, tree = 1798.76 MB, solutions = 33)
 129943 67182   215782.9138   152   234679.0000   208880.2267 18237166   10.99%
 130957 68281   223332.8605   177   234679.0000   208970.4651 18424698   10.95%
 131932 68386        cutoff         234679.0000   209052.4419 18444243   10.92%
 132911 69310   225065.8519   138   234679.0000   209124.8082 18586453   10.89%
 133886 70173   229194.5600   132   234679.0000   209204.8159 18723598   10.85%
 134953 70519   231045.2500   126   234679.0000   209284.9227 18786067   10.82%
 136013 71697        cutoff         234679.0000   209381.8148 18972508   10.78%
 136987 71942   215750.0085   167   234679.0000   209469.3250 19009047   10.74%
 137951 73053   232934.2222   100   234679.0000   209525.2857 19199355   10.72%
 138942 73516        cutoff         234679.0000   209601.1031 19275213   10.69%
Elapsed time = 2109.22 sec. (580060.49 ticks, tree = 2263.55 MB, solutions = 33)
Nodefile size = 206.45 MB (126.02 MB after compression)
 139805 74276   210520.4423   178   234679.0000   209683.4937 19392317   10.65%
 140759 75040   222467.3423   150   234679.0000   209753.6667 19505253   10.62%
 141735 75621   232951.1464   176   234679.0000   209835.5934 19610965   10.59%
 142807 76611   227300.1177   197   234679.0000   209886.0994 19772403   10.56%
 143942 77404   231535.0000   109   234679.0000   209955.0625 19892446   10.54%
 144954 77656   225395.6923   138   234679.0000   210003.9686 19929941   10.51%
 145872 78086        cutoff         234679.0000   210065.8333 19999984   10.49%
 146933 78736   228582.0708   173   234679.0000   210161.3333 20104096   10.45%
 147921 79520   228380.3725   132   234679.0000   210242.7325 20241315   10.41%
 148848 80281   219245.2818   163   234679.0000   210302.8929 20367231   10.39%
Elapsed time = 2260.32 sec. (618240.72 ticks, tree = 2850.70 MB, solutions = 33)
Nodefile size = 801.62 MB (493.21 MB after compression)
 149788 80716        cutoff         234679.0000   210369.9412 20431717   10.36%
 150786 81714   229406.1563   125   234679.0000   210454.8945 20620448   10.32%
 151814 82120   227034.9070   121   234679.0000   210511.1579 20681520   10.30%
 152772 82652   225904.7500   135   234679.0000   210581.5000 20772950   10.27%
 153642 83566   216647.5714   124   234679.0000   210643.2163 20926122   10.24%
 154509 84212   231147.5644   132   234679.0000   210728.7290 21059912   10.21%
 155367 85051   230703.3942   147   234679.0000   210793.9000 21197923   10.18%
 156398 85065   219245.0000    82   234679.0000   210814.3162 21202911   10.17%
 157312 85857   226770.0000   133   234679.0000   210874.2700 21319743   10.14%
 158278 86569   232131.1708   149   234679.0000   210933.5343 21437366   10.12%
Elapsed time = 2407.84 sec. (656427.46 ticks, tree = 3331.93 MB, solutions = 33)
Nodefile size = 1271.95 MB (784.17 MB after compression)
 159377 87180   229391.3333   128   234679.0000   211025.7794 21549479   10.08%
 160469 88113   233411.1957   141   234679.0000   211086.9286 21686527   10.05%
 161462 88770        cutoff         234679.0000   211143.5000 21794151   10.03%
 162437 88988   229976.8750   136   234679.0000   211208.7509 21834839   10.00%
 163403 89983   232331.9367   138   234679.0000   211277.3036 22012453    9.97%
 164376 90672   232129.3000   112   234679.0000   211354.3750 22117197    9.94%
 165450 91226        cutoff         234679.0000   211402.5410 22213551    9.92%
 166348 91832   229487.3218   133   234679.0000   211442.6154 22310870    9.90%
 167385 92378   229711.2500   107   234679.0000   211476.3333 22414479    9.89%
 168443 93213   232704.8085   135   234679.0000   211537.8515 22561553    9.86%
Elapsed time = 2554.25 sec. (694606.20 ticks, tree = 3853.18 MB, solutions = 33)
Nodefile size = 1799.77 MB (1111.22 MB after compression)
 169556 93779   232656.5000   108   234679.0000   211608.7692 22648341    9.83%
 170560 94321        cutoff         234679.0000   211658.1738 22729929    9.81%
 171540 95369   218404.1250   116   234679.0000   211710.4286 22914980    9.79%
 172529 95744   230210.7712   138   234679.0000   211787.1229 22974256    9.75%
 173618 96473   228744.2222   139   234679.0000   211836.8107 23091450    9.73%
 174630 97144   230507.7000   116   234679.0000   211891.8737 23190232    9.71%
 175650 97909   233491.7500    74   234679.0000   211932.0000 23320268    9.69%
 176766 98352   226651.3228   137   234679.0000   211975.2581 23406501    9.67%
 177841 99276   221159.9573   131   234679.0000   212027.6149 23549111    9.65%
 178775 99826   227141.6268   147   234679.0000   212087.6814 23641091    9.63%
Elapsed time = 2709.61 sec. (732777.59 ticks, tree = 4403.52 MB, solutions = 33)
Nodefile size = 2352.00 MB (1454.09 MB after compression)
 179641 100552   230901.7500   117   234679.0000   212134.1859 23767143    9.61%
 180636 101153   226032.5947   159   234679.0000   212205.3182 23882671    9.58%
 181697 102072   227432.6471   121   234679.0000   212262.0882 24033838    9.55%
 182714 102692   233886.2366   167   234679.0000   212307.9402 24125084    9.53%
 183643 103057   217823.8000   135   234679.0000   212369.5427 24192048    9.51%
 184662 103646   221143.4635   175   234679.0000   212403.5265 24300363    9.49%
 185723 104316   234499.5000    93   234679.0000   212454.4591 24412947    9.47%
 186727 104849   229188.6800   153   234679.0000   212498.0294 24500152    9.45%
 187653 105334   234212.1357   138   234679.0000   212548.7862 24580427    9.43%
 188601 106043   226627.9688   132   234679.0000   212600.5952 24702831    9.41%
Elapsed time = 2854.20 sec. (770963.70 ticks, tree = 4870.79 MB, solutions = 33)
Nodefile size = 2819.26 MB (1744.05 MB after compression)
 189638 106680   223780.8400   133   234679.0000   212643.6667 24812020    9.39%
 190697 107303        cutoff         234679.0000   212710.2788 24922814    9.36%
 191708 108172   232258.1797   151   234679.0000   212745.7053 25067800    9.35%
 192598 108415   218745.5511   202   234679.0000   212783.4634 25109572    9.33%
 193612 108989        cutoff         234679.0000   212836.0606 25206360    9.31%
 194654 109893   222291.1220   143   234679.0000   212906.1475 25377082    9.28%
 195672 110297   219143.7500   124   234679.0000   212961.7986 25445746    9.25%
 196568 111424        cutoff         234679.0000   213000.3545 25628934    9.24%
 197435 111798   233141.2923   138   234679.0000   213053.5472 25696595    9.21%
 198401 112516   222151.3947   170   234679.0000   213098.5213 25822482    9.20%
Elapsed time = 2996.78 sec. (809141.32 ticks, tree = 5327.71 MB, solutions = 33)
Nodefile size = 3274.68 MB (2026.25 MB after compression)
 199488 113174   223325.7321   144   234679.0000   213144.5473 25932973    9.18%
 200505 113719   228665.0731   159   234679.0000   213171.9585 26017541    9.16%
 201480 114053   223496.4105   139   234679.0000   213228.1562 26088284    9.14%
 202536 115039   225759.1875   122   234679.0000   213290.3000 26267136    9.11%
 203696 115267   217984.9758   165   234679.0000   213319.8543 26310700    9.10%
 204791 116280   219510.6556   147   234679.0000   213377.9468 26466194    9.08%
 205710 116703   222342.5821   131   234679.0000   213404.6761 26538689    9.07%
 206731 117614   227952.6196   144   234679.0000   213461.5397 26713926    9.04%
 207800 118298   228170.9615   137   234679.0000   213504.3333 26839439    9.02%
 208911 119085        cutoff         234679.0000   213562.3189 26972899    9.00%
Elapsed time = 3150.03 sec. (847311.50 ticks, tree = 5846.94 MB, solutions = 33)
Nodefile size = 3792.73 MB (2348.00 MB after compression)
 209973 119409   218138.3600   192   234679.0000   213597.8259 27026790    8.98%
 210950 119859   233326.4906   135   234679.0000   213653.3294 27099926    8.96%
 211965 120790        cutoff         234679.0000   213686.2000 27276964    8.95%
 213021 121114   229515.4323   156   234679.0000   213744.9802 27336728    8.92%
 214100 122114   222068.0470   171   234679.0000   213784.2080 27506689    8.90%
Starting limited solution polishing.
 215156 122372        cutoff         234679.0000   213837.8714 27550507    8.88%
 216128 123322        cutoff         234679.0000   213881.2543 27719368    8.86%
 216982 123730   232613.0000   120   234679.0000   213928.6742 27801632    8.84%
 217684 124321   232454.8201   154   234679.0000   213968.8497 27901253    8.82%
 218419 124848   234635.0000    80   234679.0000   213998.8333 27990279    8.81%
Elapsed time = 3288.50 sec. (885476.40 ticks, tree = 6284.09 MB, solutions = 33)
Nodefile size = 4231.08 MB (2620.31 MB after compression)
 219134 125144   233404.1000   136   234679.0000   214043.0796 28047884    8.79%
 219883 125463   232677.7485   144   234679.0000   214081.7734 28100321    8.78%
 220524 125939   218805.1025   154   234679.0000   214084.7386 28190521    8.78%
 221218 126401   226990.1019   144   234679.0000   214120.9497 28277369    8.76%
 221842 126588   224336.1631   174   234679.0000   214131.6364 28309855    8.76%
 222472 127079   221163.6583   156   234679.0000   214160.7246 28406405    8.74%
 223021 127515   221134.4763   147   234679.0000   214189.0000 28480725    8.73%
 223793 127885   229108.5399   153   234679.0000   214229.5858 28554854    8.71%
 224540 128220   227965.2000   136   234679.0000   214247.4659 28618459    8.71%
 224869 128573   228035.0674   145   234679.0000   214272.7727 28681700    8.70%
Elapsed time = 3393.39 sec. (923682.15 ticks, tree = 6529.27 MB, solutions = 33)
Nodefile size = 4469.78 MB (2768.09 MB after compression)
 225614 128962   224263.0000   139   234679.0000   214293.1796 28748953    8.69%
 225990 129077   221340.9706   129   234679.0000   214313.5576 28770966    8.68%
*226025+128930                       234598.0000   214313.5576             8.65%
 226578 129404   227874.4768   175   234598.0000   214347.1667 28868365    8.63%
 227283 129805   214927.0044   164   234598.0000   214370.8278 28957518    8.62%
 227908 130085   226793.4898   146   234598.0000   214378.1407 29006987    8.62%
 228303 130504   216876.6857   123   234598.0000   214400.2369 29081238    8.61%
 229012 130582        cutoff         234598.0000   214433.9689 29094711    8.60%
 229421 130688   218773.8382   149   234598.0000   214445.9000 29110949    8.59%
 230016 131193   225292.9018   121   234598.0000   214467.8182 29202487    8.58%
 230408 131602   227235.1347   156   234598.0000   214472.1724 29279849    8.58%
Elapsed time = 3491.80 sec. (961913.70 ticks, tree = 6786.32 MB, solutions = 34)
Nodefile size = 4727.24 MB (2928.13 MB after compression)
 230937 131815   219350.4370   164   234598.0000   214497.5426 29321952    8.57%
 231530 132427   227961.2083   129   234598.0000   214536.5219 29436420    8.55%
 232128 132256   230366.3405   148   234598.0000   214547.1063 29411680    8.55%
 232796 133077   218938.1899   161   234598.0000   214582.2500 29546020    8.53%
 233360 133054   233349.9679   156   234598.0000   214594.3333 29545920    8.53%
 233821 133556        cutoff         234598.0000   214602.7153 29633165    8.52%
 234157 133889        cutoff         234598.0000   214602.7153 29700257    8.52%
 234730 134053        cutoff         234598.0000   214636.3999 29733416    8.51%
 235276 134494        cutoff         234598.0000   214658.3908 29804046    8.50%
 235820 134533   226568.6053   143   234598.0000   214689.0000 29809515    8.49%
Elapsed time = 3587.11 sec. (1000117.43 ticks, tree = 7009.11 MB, solutions = 34)
Nodefile size = 4951.85 MB (3067.48 MB after compression)
 236419 135205   234178.7500   101   234598.0000   214698.9242 29931300    8.48%

Zero-half cuts applied:  453
Lift and project cuts applied:  391

Root node processing (before b&c):
  Real time             =   14.98 sec. (7709.84 ticks)
Parallel b&c, 8 threads:
  Real time             = 3586.19 sec. (999622.80 ticks)
  Sync time (average)   =  510.12 sec.
  Wait time (average)   =    0.01 sec.
                          ------------
Total (root+branch&cut) = 3601.17 sec. (1007332.64 ticks)
Status: Feasible
Obj: 234598

Instalacoes abertas:
Instalação 1 aberta
Instalação 4 aberta
Instalação 8 aberta
Instalação 9 aberta
Instalação 20 aberta
Instalação 22 aberta
Instalação 47 aberta

Atribuições (cliente -> instalação):
Cliente 0 -> Instalação 47
Cliente 1 -> Instalação 47
Cliente 2 -> Instalação 9
Cliente 3 -> Instalação 4
Cliente 4 -> Instalação 4
Cliente 5 -> Instalação 4
Cliente 6 -> Instalação 9
Cliente 7 -> Instalação 20
Cliente 8 -> Instalação 1
Cliente 9 -> Instalação 47
Cliente 10 -> Instalação 20
Cliente 11 -> Instalação 20
Cliente 12 -> Instalação 20
Cliente 13 -> Instalação 47
Cliente 14 -> Instalação 9
Cliente 15 -> Instalação 8
Cliente 16 -> Instalação 8
Cliente 17 -> Instalação 47
Cliente 18 -> Instalação 4
Cliente 19 -> Instalação 9
Cliente 20 -> Instalação 9
Cliente 21 -> Instalação 1
Cliente 22 -> Instalação 22
Cliente 23 -> Instalação 20
Cliente 24 -> Instalação 1
Cliente 25 -> Instalação 20
Cliente 26 -> Instalação 47
Cliente 27 -> Instalação 22
Cliente 28 -> Instalação 8
Cliente 29 -> Instalação 1
Cliente 30 -> Instalação 9
Cliente 31 -> Instalação 20
Cliente 32 -> Instalação 4
Cliente 33 -> Instalação 20
Cliente 34 -> Instalação 9
Cliente 35 -> Instalação 20
Cliente 36 -> Instalação 4
Cliente 37 -> Instalação 8
Cliente 38 -> Instalação 8
Cliente 39 -> Instalação 9
Cliente 40 -> Instalação 9
Cliente 41 -> Instalação 8
Cliente 42 -> Instalação 8
Cliente 43 -> Instalação 9
Cliente 44 -> Instalação 8
Cliente 45 -> Instalação 4
Cliente 46 -> Instalação 4
Cliente 47 -> Instalação 47
Cliente 48 -> Instalação 1
Cliente 49 -> Instalação 20
