Version identifier: 22.1.1.0 | 2022-11-28 | 9160aff4d
CPXPARAM_TimeLimit                               3600
Tried aggregator 1 time.
MIP Presolve eliminated 50 rows and 1 columns.
Reduced MIP has 26600 rows, 3031 columns, and 79700 nonzeros.
Reduced MIP has 3031 binaries, 0 generals, 0 SOSs, and 0 indicators.
Presolve time = 0.04 sec. (38.86 ticks)
Found incumbent of value 2.0943487e+07 after 0.05 sec. (49.13 ticks)
Probing time = 0.01 sec. (5.88 ticks)
Tried aggregator 1 time.
Detecting symmetries...
Reduced MIP has 26600 rows, 3031 columns, and 79700 nonzeros.
Reduced MIP has 3031 binaries, 0 generals, 0 SOSs, and 0 indicators.
Presolve time = 0.05 sec. (46.75 ticks)
Probing time = 0.02 sec. (5.88 ticks)
Clique table members: 2500.
MIP emphasis: balance optimality and feasibility.
MIP search method: dynamic search.
Parallel mode: deterministic, using up to 8 threads.
Root relaxation solution time = 0.10 sec. (39.99 ticks)

        Nodes                                         Cuts/
   Node  Left     Objective  IInf  Best Integer    Best Bound    ItCnt     Gap

*     0+    0                       2.09435e+07        0.0000           100.00%
*     0+    0                       1.53953e+07        0.0000           100.00%
*     0+    0                       775722.0000        0.0000           100.00%
*     0+    0                       655045.0000        0.0000           100.00%
      0     0    93774.0000   100   655045.0000    93774.0000      185   85.68%
*     0+    0                       451520.0000    93774.0000            79.23%
      0     0   106217.5000   100   451520.0000    Cuts: 1199      380   76.48%
      0     0   118774.0000    98   451520.0000    Cuts: 1199      671   73.69%
      0     0   130053.4167   217   451520.0000 ZeroHalf: 535     1744   71.20%
*     0+    0                       415274.0000   130053.4167            68.68%
*     0+    0                       402233.0000   130053.4167            67.67%
      0     0  -1.00000e+75     0   402233.0000   130053.4167     1744   67.67%
*     0+    0                       365616.0000   130053.4167            64.43%
*     0+    0                       344186.0000   130053.4167            62.21%
      0     0   133049.2500   147   344186.0000 ZeroHalf: 335     1989   61.34%
      0     0   137556.1500   211   344186.0000     Cuts: 605     2516   60.03%
Detecting symmetries...
      0     0   141991.2868   182   344186.0000     Cuts: 530     3226   58.75%
      0     0   145358.5344   189   344186.0000     Cuts: 172     3701   57.77%
      0     0   148118.9138   186   344186.0000     Cuts: 200     4111   56.97%
      0     0   150054.1971   192   344186.0000     Cuts: 168     4427   56.40%
      0     0   151677.0295   208   344186.0000     Cuts: 142     4817   55.93%
      0     0   152652.7646   184   344186.0000     Cuts: 293     5133   55.65%
      0     0   153592.9901   180   344186.0000      Cuts: 94     5375   55.38%
      0     0   154461.3762   183   344186.0000      Cuts: 90     5611   55.12%
      0     0   155435.4448   179   344186.0000      Cuts: 63     5856   54.84%
      0     0   156389.4731   200   344186.0000     Cuts: 111     6123   54.56%
*     0+    0                       338089.0000   156389.4731            53.74%
      0     0   157270.2190   210   338089.0000      Cuts: 95     6344   53.48%
      0     0   157754.5753   208   338089.0000      Cuts: 77     6521   53.34%
      0     0   158274.8067   180   338089.0000     Cuts: 210     6727   53.19%
      0     0   158515.8748   214   338089.0000      Cuts: 58     6867   53.11%
      0     0   158847.9383   208   338089.0000      Cuts: 49     6992   53.02%
      0     0   159410.4914   183   338089.0000     Cuts: 238     7203   52.85%
      0     0   159706.0216   182   338089.0000      Cuts: 85     7336   52.76%
      0     0   160015.8253   183   338089.0000      Cuts: 63     7436   52.67%
      0     0   160395.2647   186   338089.0000      Cuts: 56     7582   52.56%
      0     0   161131.2786   181   338089.0000      Cuts: 60     7785   52.34%
      0     0   161649.7761   173   338089.0000      Cuts: 92     7995   52.19%
      0     0   162553.5680   178   338089.0000      Cuts: 71     8288   51.92%
      0     0   163167.1500   183   338089.0000      Cuts: 49     8509   51.74%
      0     0   163655.0901   189   338089.0000      Cuts: 81     8703   51.59%
      0     0   164166.3291   184   338089.0000      Cuts: 41     8905   51.44%
      0     0   164544.6728   177   338089.0000      Cuts: 37     9087   51.33%
      0     0   164793.9818   214   338089.0000      Cuts: 39     9250   51.26%
      0     0   165153.9725   207   338089.0000      Cuts: 40     9432   51.15%
      0     0   165377.8604   211   338089.0000      Cuts: 42     9528   51.08%
      0     0   165618.2614   211   338089.0000      Cuts: 63     9718   51.01%
      0     0   165746.7140   215   338089.0000      Cuts: 50     9844   50.98%
      0     0   165970.7491   218   338089.0000      Cuts: 62     9978   50.91%
      0     0   166224.3063   214   338089.0000      Cuts: 45    10111   50.83%
      0     0   166343.2954   215   338089.0000      Cuts: 45    10224   50.80%
      0     0   166495.0971   213   338089.0000      Cuts: 22    10326   50.75%
      0     0   166613.0911   183   338089.0000     Cuts: 137    10454   50.72%
      0     0   166729.3929   183   338089.0000      Cuts: 33    10524   50.68%
      0     0   166794.7682   182   338089.0000      Cuts: 14    10572   50.67%
      0     0   166939.0664   187   338089.0000      Cuts: 22    10679   50.62%
      0     0   167006.8477   182   338089.0000      Cuts: 15    10734   50.60%
Detecting symmetries...
      0     2   167006.8477   182   338089.0000   167006.8477    10734   50.60%
Elapsed time = 17.96 sec. (8182.03 ticks, tree = 0.02 MB, solutions = 10)
      4     5   175342.8374   171   338089.0000   167087.1288    11690   50.58%
     15    14   184101.6611   165   338089.0000   167385.6212    16065   50.49%
     26    26   201773.3111   147   338089.0000   167385.6212    20110   50.49%
     40    38   210734.0091   151   338089.0000   167385.6212    24317   50.49%
     67    61   213342.6154   120   338089.0000   167385.6212    30500   50.49%
    104    92   267780.0000    84   338089.0000   169178.7436    36990   49.96%
    157   144   316235.1250    66   338089.0000   171848.7351    44898   49.17%
    213   172   315448.7500    77   338089.0000   171848.7351    50080   49.17%
    289   236   254244.0000    92   338089.0000   171848.7351    60545   49.17%
    587   412   185986.9188   142   338089.0000   171848.7351    83767   49.17%
Elapsed time = 32.20 sec. (11415.33 ticks, tree = 29.70 MB, solutions = 10)
*   723   576      integral     0   337116.0000   172323.5260   102104   48.88%
    836   689   186383.5000   139   337116.0000   172323.5260   115962   48.88%
   1211  1028   187263.9124   168   337116.0000   177218.6988   147606   47.43%
   1603  1385   263949.5000   105   337116.0000   178358.0762   172409   47.09%

Performing restart 1

Repeating presolve.
Tried aggregator 2 times.
MIP Presolve eliminated 2874 rows and 205 columns.
Aggregator did 1 substitutions.
Reduced MIP has 23725 rows, 2825 columns, and 71076 nonzeros.
Reduced MIP has 2825 binaries, 0 generals, 0 SOSs, and 0 indicators.
Presolve time = 0.04 sec. (41.63 ticks)
Tried aggregator 1 time.
Reduced MIP has 23725 rows, 2825 columns, and 71076 nonzeros.
Reduced MIP has 2825 binaries, 0 generals, 0 SOSs, and 0 indicators.
Presolve time = 0.04 sec. (42.94 ticks)
Represolve time = 0.13 sec. (127.45 ticks)
   1661     0   167591.5062   189   337116.0000      Cuts: 73   187114   47.09%
*  1661+    0                       334990.0000   178358.0762            46.76%
   1661     0   168351.8126   192   334990.0000      Cuts: 61   187415   46.76%
   1661     0   169074.9204   187   334990.0000      Cuts: 69   187633   46.76%
   1661     0   169961.9738   191   334990.0000      Cuts: 77   187833   46.76%
   1661     0   170416.5535   191   334990.0000      Cuts: 75   188018   46.76%
   1661     2   170416.5535   191   334990.0000   178358.0762   188018   46.76%
   1663     3   175907.8130   166   334990.0000   178358.0762   188434   46.76%
   1668     6   171020.9911   182   334990.0000   178358.0762   188835   46.76%
   1676    11   181634.6303   186   334990.0000   178358.0762   190955   46.76%
   1689    17   183185.2019   188   334990.0000   178358.0762   194137   46.76%
   1700    26   186142.3614   185   334990.0000   178358.0762   196084   46.76%
   1713    47   183104.6401   187   334990.0000   178358.0762   201470   46.76%
Elapsed time = 99.47 sec. (30980.65 ticks, tree = 0.98 MB, solutions = 12)
   1724    52   182299.1576   187   334990.0000   178358.0762   204127   46.76%
   1750    66   183235.5877   168   334990.0000   178358.0762   208495   46.76%
   1803    83   199668.1483   155   334990.0000   178358.0762   218480   46.76%
   1848   159   234979.3571   139   334990.0000   178358.0762   244300   46.76%
   1920   226   236474.3811   148   334990.0000   178358.0762   261432   46.76%
   1983   261   229457.5000    90   334990.0000   178358.0762   271904   46.76%
   2036   310   247234.0000   107   334990.0000   178358.0762   278479   46.76%
   2097   391   236305.0274   141   334990.0000   178358.0762   293464   46.76%
   2157   429   269698.6667    87   334990.0000   178358.0762   300319   46.76%
   2266   489   311965.6667    83   334990.0000   178358.0762   309337   46.76%
Elapsed time = 153.43 sec. (40685.78 ticks, tree = 4.00 MB, solutions = 12)
   2362   503   306433.0000   130   334990.0000   178358.0762   310088   46.76%
   2482   659   184091.7100   183   334990.0000   178358.0762   327484   46.76%
   2570   748   265812.5994   148   334990.0000   178358.0762   334703   46.76%
   2676   823   190795.8488   164   334990.0000   178358.0762   343910   46.76%
   2776   852   264274.5462   119   334990.0000   178358.0762   354420   46.76%
   2882   924        cutoff         334990.0000   178358.0762   366274   46.76%
   3014  1093   309947.8000   122   334990.0000   178358.0762   396468   46.76%
   3127  1257   326112.6343   144   334990.0000   178358.0762   423970   46.76%
   3247  1413   301913.9744   136   334990.0000   178358.0762   446306   46.76%
   3408  1439   177596.3523   203   334990.0000   178358.0762   449061   46.76%
Elapsed time = 206.42 sec. (50329.59 ticks, tree = 7.92 MB, solutions = 12)
*  3433+ 1394                       330795.0000   178358.0762            46.08%
   3516  1525   236725.2492   161   330795.0000   178358.0762   468675   46.08%
*  3519+ 1589                       327635.0000   178358.0762            45.56%
   3626  1632   212588.6279   135   327635.0000   178358.0762   498816   45.56%
   3783  1738   290587.0476   180   327635.0000   178358.0762   525250   45.56%
   3922  1822   315584.3983   170   327635.0000   178358.0762   538043   45.56%
   4055  1953   305545.7737   193   327635.0000   178358.0762   559052   45.56%
   4196  2078   294037.8690   163   327635.0000   178358.0762   578757   45.56%
   4339  2285   274067.7948   217   327635.0000   178358.0762   610238   45.56%
   4460  2299   280530.5000   140   327635.0000   178358.0762   611755   45.56%
   4622  2549   325283.0821   151   327635.0000   178358.0762   644882   45.56%
   4744  2717   321808.6688   155   327635.0000   178706.3747   669664   45.46%
Elapsed time = 257.59 sec. (59979.79 ticks, tree = 13.59 MB, solutions = 14)
   4887  2734   215758.9895   160   327635.0000   179927.7847   673303   45.08%
   5002  2973   264657.8383   168   327635.0000   180135.1794   718309   45.02%
   5109  2993   276256.8881   150   327635.0000   180135.1794   720622   45.02%
   5256  3163   291283.0543   153   327635.0000   180135.1794   749335   45.02%
   5397  3393   308091.4006   176   327635.0000   180211.3677   781599   45.00%
   5564  3463        cutoff         327635.0000   180211.3677   790598   45.00%
   5677  3612   280987.1578   190   327635.0000   180782.1460   810722   44.82%
   5787  3735   296240.4981   212   327635.0000   180782.1460   832292   44.82%
   5934  3807   316308.6618   179   327635.0000   180782.1460   842578   44.82%
   6046  3882   229223.3621   206   327635.0000   181169.1676   862719   44.70%
Elapsed time = 310.57 sec. (69576.84 ticks, tree = 20.02 MB, solutions = 14)
   6206  3983   318770.0000   163   327635.0000   181512.4288   872908   44.60%
   6352  4191   258456.2963   247   327635.0000   181598.7145   911694   44.57%
   6500  4348   291076.9844   188   327635.0000   181598.7145   933585   44.57%
   6658  4448   276533.3469   180   327635.0000   181598.7145   955588   44.57%
   6837  4729   321544.6694   128   327635.0000   181598.7145   990791   44.57%
   6996  4786   305308.0000    66   327635.0000   182306.0330  1002885   44.36%
   7153  4930   312478.7143   166   327635.0000   182366.0877  1022059   44.34%
   7305  5045   320730.5000   170   327635.0000   182423.4712  1037928   44.32%
   7420  5230   236814.0037   190   327635.0000   182612.5899  1078830   44.26%
   7577  5343   270257.4344   160   327635.0000   182612.5899  1098314   44.26%
Elapsed time = 361.76 sec. (79154.23 ticks, tree = 25.24 MB, solutions = 14)
   7703  5442   293695.5851   170   327635.0000   182710.5645  1123536   44.23%
   7871  5529   269921.4231   162   327635.0000   182710.5645  1143959   44.23%
   8064  5866   325324.8333   159   327635.0000   182710.5645  1195811   44.23%
   8212  5808   301122.3603   161   327635.0000   182710.5645  1190892   44.23%
   8377  6065        cutoff         327635.0000   182710.5645  1229572   44.23%
   8494  6290   306081.0536   198   327635.0000   182727.3260  1260106   44.23%
   8666  6326   320937.4000   165   327635.0000   182915.5106  1262669   44.17%
   8810  6368   231828.9102   174   327635.0000   183168.7570  1273811   44.09%
   8966  6628   251096.4359   219   327635.0000   183344.4888  1314574   44.04%
   9109  6766   309534.1667   136   327635.0000   183345.3920  1330591   44.04%
Elapsed time = 417.96 sec. (88740.26 ticks, tree = 30.14 MB, solutions = 14)
   9253  6914   223230.3769   162   327635.0000   183465.0908  1357417   44.00%
   9418  7004   305740.8513   193   327635.0000   183465.0908  1367612   44.00%
   9634  7297   259210.3750   139   327635.0000   183465.0908  1409428   44.00%
   9763  7467   198530.7429   172   327635.0000   183530.5182  1427441   43.98%
   9900  7537   315211.1216   187   327635.0000   184162.9203  1433732   43.79%
*  9929+ 7348                       321836.0000   184162.9203            42.78%
  10090  7587   258589.8581   192   321836.0000   184162.9203  1440703   42.78%
* 10136+ 7721                       321379.0000   184162.9203            42.70%
  10234  7440   276113.6667   108   321379.0000   184317.6950  1485715   42.65%
  10435  7867   293800.6616   187   321379.0000   184342.0166  1472716   42.64%
  10703  7593   313165.1250   143   321379.0000   184342.0166  1495996   42.64%
  10917  7854   219689.9448   156   321379.0000   184342.0166  1529028   42.64%
Elapsed time = 478.47 sec. (98336.68 ticks, tree = 125.34 MB, solutions = 16)
  11107  8087   252289.6719   157   321379.0000   185226.6011  1542389   42.37%
  11292  8324   306937.7168   112   321379.0000   185226.6011  1567511   42.37%
  11479  8511   298668.2796   172   321379.0000   185332.7545  1583357   42.33%
  11697  8409   321136.6318   176   321379.0000   185432.1236  1576216   42.30%
  11866  8707   320370.9910   185   321379.0000   186144.6820  1606878   42.08%
  12043  8787   304825.9113   185   321379.0000   186542.3360  1614184   41.96%
  12277  9041   252520.1684   222   321379.0000   186542.3360  1645963   41.96%
  12429  9417   281517.0848   184   321379.0000   186632.1169  1690260   41.93%
  12603  9441   307378.0684   191   321379.0000   187208.7626  1692290   41.75%
  13412 10232   306539.2268   184   321379.0000   187753.5303  1768536   41.58%
Elapsed time = 555.75 sec. (110782.11 ticks, tree = 411.45 MB, solutions = 16)
  14215 10853   305710.2222   153   321379.0000   188113.3877  1834191   41.47%
  15038 11570   300138.5000   188   321379.0000   188405.3611  1894376   41.38%
  15644 12454   298015.6667   104   321379.0000   188992.7756  2000756   41.19%
* 15705 12464      integral     0   310912.0000   188992.7756  2001673   39.21%
  16335 11325   296590.7102   143   310912.0000   189173.5046  2075978   39.16%
  16945 11829   268213.9941   211   310912.0000   189810.9688  2145186   38.95%
  17500 12554   257679.0000    93   310912.0000   190087.6823  2243701   38.86%
* 17630+12496                       308894.0000   190087.6823            38.46%
  17848 12413   273201.7188   166   308894.0000   190716.9756  2279369   38.26%
  18427 12825   308652.7778   183   308894.0000   190984.1980  2335854   38.17%
  18997 13223   299495.7125   166   308894.0000   191429.5116  2392942   38.03%
  19780 13965   275554.5833   158   308894.0000   191979.9843  2501206   37.85%
Elapsed time = 782.79 sec. (148956.07 ticks, tree = 903.86 MB, solutions = 18)
  20501 14922   280617.7864   185   308894.0000   192487.0022  2606465   37.69%
  21252 15528   255579.0217   189   308894.0000   192964.3681  2676301   37.53%
  21972 16189   307371.6951   180   308894.0000   193667.7866  2751585   37.30%
  22692 16743   264397.0000   117   308894.0000   193800.6229  2822836   37.26%
  23463 17245   274892.1017   198   308894.0000   194241.7516  2879538   37.12%
  24282 18247   308539.3333   150   308894.0000   194606.0413  2997510   37.00%
  24940 18500   251811.5000    78   308894.0000   194901.9572  3031640   36.90%
* 25287+18820                       307575.0000   195080.6985            36.57%
  25649 19061   274746.3333   146   307575.0000   195098.4904  3132667   36.57%
  26346 19808   281310.1084   167   307575.0000   195512.2066  3214489   36.43%
  27070 20466   238876.9786   210   307575.0000   195797.3729  3291080   36.34%
Elapsed time = 1016.15 sec. (187147.18 ticks, tree = 1764.41 MB, solutions = 19)
  27773 20875   277174.7205   138   307575.0000   196137.2803  3337044   36.23%
  28482 21572   240319.4752   150   307575.0000   196393.9612  3426485   36.15%
  29247 22232   291114.7500   141   307575.0000   196715.5885  3513289   36.04%
  29982 23097   304860.7222   115   307575.0000   197079.1698  3613459   35.92%
  30626 23739   278876.3974   201   307575.0000   197539.5246  3695300   35.78%
  31470 24515   294679.2020   172   307575.0000   197814.9021  3778213   35.69%
  32194 25058   244629.0228   167   307575.0000   197925.5000  3847244   35.65%
  32949 25322   210144.7143   118   307575.0000   198207.0425  3877611   35.56%
  33546 26615   232706.0575   167   307575.0000   198390.4098  4022303   35.50%
  33906 26683   212337.5194   174   307575.0000   198390.4098  4033983   35.50%
Elapsed time = 1232.23 sec. (225507.49 ticks, tree = 2383.74 MB, solutions = 19)
Nodefile size = 328.69 MB (202.28 MB after compression)

Performing restart 2

Repeating presolve.
Tried aggregator 1 time.
MIP Presolve eliminated 939 rows and 72 columns.
Reduced MIP has 22786 rows, 2753 columns, and 88338 nonzeros.
Reduced MIP has 2753 binaries, 0 generals, 0 SOSs, and 0 indicators.
Presolve time = 0.13 sec. (126.52 ticks)
Tried aggregator 1 time.
Reduced MIP has 22786 rows, 2753 columns, and 88338 nonzeros.
Reduced MIP has 2753 binaries, 0 generals, 0 SOSs, and 0 indicators.
Presolve time = 0.07 sec. (64.77 ticks)
Represolve time = 0.29 sec. (246.04 ticks)
* 33911+    0                       306984.0000   198732.5401            35.26%
  33911     0   172222.4842   197   306984.0000      Cuts: 51  4099474   35.26%
  33911     0   172743.3043   190   306984.0000      Cuts: 37  4099600   35.26%
  33911     0   173110.1103   189   306984.0000      Cuts: 65  4099706   35.26%
* 33911+    0                       305483.0000   198732.5401            34.94%
  33911     0  -1.00000e+75     0   305483.0000   198732.5401  4099706   34.94%
  33911     0   173390.9188   193   305483.0000      Cuts: 67  4099803   34.94%
  33911     0   173603.3521   195   305483.0000      Cuts: 56  4099976   34.94%
  33911     0   173879.6494   189   305483.0000      Cuts: 60  4100111   34.94%
  33911     0   174187.4068   188   305483.0000      Cuts: 68  4100260   34.94%
  33911     0   174782.5360   184   305483.0000      Cuts: 91  4100460   34.94%
* 33911+    0                       304329.0000   198732.5401            34.70%
  33911     0   175082.9019   193   304329.0000      Cuts: 77  4100589   34.70%
* 33911+    0                       304070.0000   198732.5401            34.64%
  33911     0  -1.00000e+75     0   304070.0000   198732.5401  4100589   34.64%
  33911     2   175082.9019   193   304070.0000   198732.5401  4100589   34.64%
  33988    60   188501.6775   194   304070.0000   198732.5401  4113868   34.64%
  34246   258   227274.8823   156   304070.0000   198732.5401  4157627   34.64%
* 34590+  477                       301762.0000   198732.5401            34.14%
  34704   579   218195.2067   155   301762.0000   198732.5401  4216918   34.14%
  35340  1057   267227.0000    88   301762.0000   198732.5401  4289457   34.14%
  36096  1719   297101.2676   166   301762.0000   198732.5401  4333242   34.14%
  36857  2425   285794.0485   172   301762.0000   198732.5401  4406375   34.14%
  37480  2956   238384.7680   168   301762.0000   198732.5401  4473229   34.14%
  38016  3574   214176.2858   209   301762.0000   198732.5401  4560328   34.14%
  38698  4140   270686.2983   170   301762.0000   198732.5401  4630893   34.14%
Elapsed time = 1470.26 sec. (271416.09 ticks, tree = 601.72 MB, solutions = 24)
  39389  4828   300342.3333   221   301762.0000   198732.5401  4704753   34.14%
  40127  5282   218478.8862   232   301762.0000   198732.5401  4763388   34.14%
  40841  6093        cutoff         301762.0000   198732.5401  4846142   34.14%
  41582  6597   217374.0346   154   301762.0000   198732.5401  4912824   34.14%
  42257  7357   288414.8296   164   301762.0000   198732.5401  4996010   34.14%
  42968  7999   270180.0803   164   301762.0000   198732.5401  5064720   34.14%
  43607  8608   261859.8710   176   301762.0000   198732.5401  5140244   34.14%
  44316  9372   258146.5102   153   301762.0000   198732.5401  5237546   34.14%
  45017  9794   205517.5097   189   301762.0000   198732.5401  5293911   34.14%
  45757 10534   224583.1682   174   301762.0000   198732.5401  5384158   34.14%
Elapsed time = 1699.53 sec. (309610.52 ticks, tree = 1376.03 MB, solutions = 24)
  46422 11358   285261.8583   189   301762.0000   198732.5401  5488471   34.14%
  47151 11698   231681.1081   185   301762.0000   198732.5401  5537505   34.14%
  47880 12469   262552.2324   157   301762.0000   199283.5470  5628630   33.96%
  48618 13158   288767.3004   177   301762.0000   199679.7688  5712774   33.83%
  49329 13796   276389.5500   110   301762.0000   200013.8476  5793147   33.72%
  49800 14259   236249.0999   185   301762.0000   200038.3988  5849426   33.71%
  50490 14938   301681.0000   117   301762.0000   200546.7443  5932651   33.54%
  51225 15693   268754.0298   145   301762.0000   200898.1267  6012312   33.42%
  51969 16074   287069.9697   153   301762.0000   200898.1267  6051083   33.42%
  52643 16847   300828.2676   163   301762.0000   201662.7833  6144969   33.17%
Elapsed time = 1917.48 sec. (347817.23 ticks, tree = 2049.07 MB, solutions = 24)
  53350 17491   245454.9410   197   301762.0000   201936.1375  6229398   33.08%
  54073 18244   286963.4790   123   301762.0000   202428.8925  6317315   32.92%
  54793 18630        cutoff         301762.0000   202888.0230  6369951   32.77%
  55496 19416   223469.2896   164   301762.0000   203245.0468  6479233   32.65%
  56159 19872   260998.3111   186   301762.0000   203499.9832  6536938   32.56%
  56839 20497   254244.5067   160   301762.0000   203554.3738  6622757   32.54%
  57670 21503   285580.1902   153   301762.0000   204235.9285  6744015   32.32%
  58374 22055   232637.3544   131   301762.0000   204484.9407  6814716   32.24%
  58996 22619   288908.3938   159   301762.0000   204572.2371  6885767   32.21%
  59766 23003   294922.5905   194   301762.0000   205069.5570  6934714   32.04%
Elapsed time = 2156.78 sec. (385984.05 ticks, tree = 2687.91 MB, solutions = 24)
Nodefile size = 630.11 MB (393.70 MB after compression)
  60466 24035   283105.8995   178   301762.0000   205681.5548  7058555   31.84%
  61217 24564   299894.2955   149   301762.0000   206012.4138  7118575   31.73%
  61934 24804   254019.4855   176   301762.0000   206140.9367  7153471   31.69%
  62587 25783   232381.2581   186   301762.0000   206526.2331  7288285   31.56%
  63316 25981   295017.7500   114   301762.0000   206624.9328  7315978   31.53%
  63968 27088   244406.9344   149   301762.0000   206888.5109  7463146   31.44%
  64696 27598   281473.4516   138   301762.0000   207265.3922  7527670   31.31%
  65352 27961   239277.2018   167   301762.0000   207442.8640  7575361   31.26%
  65970 28625   295342.9553   182   301762.0000   207842.1909  7660012   31.12%
* 66288+29024                       301374.0000   207906.3245            31.01%
  66625 29507   276633.9104   164   301374.0000   207974.6547  7777160   30.99%
Elapsed time = 2390.33 sec. (424197.16 ticks, tree = 3374.18 MB, solutions = 25)
Nodefile size = 1313.15 MB (819.14 MB after compression)
  67294 29845   231088.3746   204   301374.0000   208194.7706  7827698   30.92%
  67990 30615   291189.2500    89   301374.0000   208284.0765  7932101   30.89%
  68696 31043   300740.1667   130   301374.0000   208711.9636  7990893   30.75%
  69355 31623   292915.2414   172   301374.0000   208867.4019  8054474   30.69%
  70059 31929   265576.7990   141   301374.0000   209052.7679  8092491   30.63%
  70700 32663   230891.4217   162   301374.0000   209304.0618  8201897   30.55%
  71441 33768   240667.8635   171   301374.0000   209599.5800  8350071   30.45%
  72095 34306   236513.7083   183   301374.0000   209719.0042  8418098   30.41%
  72804 34472   266630.0323   145   301374.0000   209800.2600  8438116   30.39%
  73461 34844   296232.3333    90   301374.0000   209884.3708  8492630   30.36%
Elapsed time = 2620.28 sec. (462418.17 ticks, tree = 4033.29 MB, solutions = 25)
Nodefile size = 1957.34 MB (1220.53 MB after compression)
  74130 36274   295759.8125   129   301374.0000   210140.1049  8667382   30.27%
  74803 36608   235552.0043   159   301374.0000   210246.6753  8704523   30.24%
  75486 37355   270148.1993   147   301374.0000   210572.4233  8800657   30.13%
  76165 37641   265345.5556   128   301374.0000   210781.0000  8834785   30.06%
  76912 38581   277877.2634   167   301374.0000   211080.8027  8948658   29.96%
  77641 39022   259482.4164   154   301374.0000   211131.1190  9005001   29.94%
  78313 39803   249801.8269   159   301374.0000   211340.0714  9098203   29.87%
  79024 39895   292039.0455   140   301374.0000   211453.7798  9109298   29.84%
  79814 40889   246203.5324   146   301374.0000   211724.7945  9241636   29.75%
  80560 41684   300758.2077   186   301374.0000   211870.6211  9336669   29.70%
Elapsed time = 2844.87 sec. (500592.91 ticks, tree = 4903.35 MB, solutions = 25)
Nodefile size = 2840.34 MB (1770.68 MB after compression)
  81171 42414   238229.6086   204   301374.0000   212057.4985  9426937   29.64%
  81785 42503   301183.0000   113   301374.0000   212272.7589  9437267   29.57%
  82394 43380   225827.5602   166   301374.0000   212404.2246  9562212   29.52%
  82991 43754   232212.9951   183   301374.0000   212490.2754  9612766   29.49%
* 83254+44038                       296430.0000   212793.2836            28.21%
* 83259+44038                       293930.0000   212793.2836            27.60%
  83614 44372   242548.9435   203   293930.0000   212807.1347  9693958   27.60%
  84240 39357   261365.1570   175   293930.0000   212823.0857  9818412   27.59%
  84875 39558   254313.4463   157   293930.0000   213077.2846  9850988   27.51%
  85538 40123   232142.7501   154   293930.0000   213245.2500  9934385   27.45%
  86189 40637   285337.6620   127   293930.0000   213526.6837 10005315   27.35%
  86834 41145   286279.7944   158   293930.0000   213758.9700 10082424   27.28%
Elapsed time = 3052.96 sec. (538807.20 ticks, tree = 4848.88 MB, solutions = 27)
Nodefile size = 2776.04 MB (1728.58 MB after compression)
  87512 41880   264223.6873   190   293930.0000   213891.9641 10190507   27.23%
  88203 42592   269991.4907   181   293930.0000   214012.7656 10292957   27.19%
  88855 42883   293315.4444   100   293930.0000   214205.1268 10328449   27.12%
  89454 43915   291547.2500   107   293930.0000   214315.9259 10474612   27.09%
  90174 44274        cutoff         293930.0000   214479.8362 10529821   27.03%
  90812 44691   292639.3902   137   293930.0000   214673.6955 10577739   26.96%
  91489 45221   263324.2989   159   293930.0000   214857.0804 10654830   26.90%
  92157 46242   289269.6944   129   293930.0000   214996.0800 10805311   26.85%
Starting limited solution polishing.
  92766 46120   278666.1217   153   293930.0000   215102.7500 10787210   26.82%
  93372 47223   274555.7027   116   293930.0000   215268.9345 10945976   26.76%
Elapsed time = 3276.57 sec. (577036.23 ticks, tree = 5593.43 MB, solutions = 27)
Nodefile size = 3523.73 MB (2191.10 MB after compression)
  93807 47279   242973.1375   169   293930.0000   215326.4738 10955512   26.74%
  94116 47671   275460.1758   140   293930.0000   215568.2470 11005437   26.66%
  94597 47981   273891.9282   142   293930.0000   215675.2752 11051035   26.62%
  95071 48594   222281.9307   163   293930.0000   215769.6667 11137616   26.59%
  95520 49078   293776.2879   160   293930.0000   215867.5674 11202776   26.56%
  95870 49443   269862.5075   201   293930.0000   216021.1158 11256227   26.51%
  96252 49533   282440.2056   178   293930.0000   216111.9937 11266718   26.48%
  96726 49974   265976.4891   145   293930.0000   216182.8583 11337894   26.45%
  97142 50416   266360.9639   191   293930.0000   216290.0730 11400615   26.41%
  97607 50693   257457.2500   150   293930.0000   216405.4342 11437282   26.38%
Elapsed time = 3410.21 sec. (615256.79 ticks, tree = 6060.29 MB, solutions = 27)
Nodefile size = 3987.12 MB (2478.02 MB after compression)
  97968 51202   283214.1558   159   293930.0000   216405.4342 11510453   26.38%
  98463 51563   257559.5781   158   293930.0000   216541.1799 11562551   26.33%
  98862 52024   277093.2695   176   293930.0000   216542.2778 11621903   26.33%
  99341 52248   284222.0556   113   293930.0000   216782.8284 11655074   26.25%
  99722 52730   251288.3056   145   293930.0000   216782.8284 11725036   26.25%
  99962 52982   265606.8073   218   293930.0000   216947.2761 11764627   26.19%
 100397 53085   262454.9254   180   293930.0000   217049.2143 11777624   26.16%
 100692 53406   269711.7667   169   293930.0000   217084.7053 11828850   26.14%
 101104 53977   228584.9197   152   293930.0000   217111.6714 11915998   26.13%
 101453 54049   258908.3617   138   293930.0000   217187.4435 11926645   26.11%
Elapsed time = 3534.77 sec. (653476.93 ticks, tree = 6496.30 MB, solutions = 27)
Nodefile size = 4418.26 MB (2744.35 MB after compression)
 101838 54457        cutoff         293930.0000   217221.0496 11980910   26.10%
 102254 54545   243717.8115   182   293930.0000   217321.4303 12000361   26.06%
 102561 55273   249187.6032   161   293930.0000   217410.6238 12104376   26.03%
 103043 55509   284780.9635   135   293930.0000   217594.0380 12135070   25.97%
 103398 55976   271984.4879   198   293930.0000   217657.1496 12200084   25.95%
*103524+55617                       293157.0000   217657.1496            25.75%
 103524 55619   269821.2140   151   293157.0000   217657.1496 12150382   25.75%

Zero-half cuts applied:  438
Lift and project cuts applied:  267

Root node processing (before b&c):
  Real time             =   17.92 sec. (8139.17 ticks)
Parallel b&c, 8 threads:
  Real time             = 3584.48 sec. (671709.42 ticks)
  Sync time (average)   =  645.25 sec.
  Wait time (average)   =    0.01 sec.
                          ------------
Total (root+branch&cut) = 3602.40 sec. (679848.59 ticks)
Status: Feasible
Obj: 293157

Instalacoes abertas:
Instalação 1 aberta
Instalação 4 aberta
Instalação 8 aberta
Instalação 9 aberta
Instalação 13 aberta
Instalação 20 aberta
Instalação 22 aberta
Instalação 47 aberta

Atribuições (cliente -> instalação):
Cliente 0 -> Instalação 47
Cliente 1 -> Instalação 4
Cliente 2 -> Instalação 13
Cliente 3 -> Instalação 4
Cliente 4 -> Instalação 8
Cliente 5 -> Instalação 1
Cliente 6 -> Instalação 20
Cliente 7 -> Instalação 9
Cliente 8 -> Instalação 9
Cliente 9 -> Instalação 9
Cliente 10 -> Instalação 1
Cliente 11 -> Instalação 20
Cliente 12 -> Instalação 20
Cliente 13 -> Instalação 13
Cliente 14 -> Instalação 4
Cliente 15 -> Instalação 4
Cliente 16 -> Instalação 1
Cliente 17 -> Instalação 9
Cliente 18 -> Instalação 9
Cliente 19 -> Instalação 1
Cliente 20 -> Instalação 20
Cliente 21 -> Instalação 20
Cliente 22 -> Instalação 20
Cliente 23 -> Instalação 13
Cliente 24 -> Instalação 8
Cliente 25 -> Instalação 4
Cliente 26 -> Instalação 8
Cliente 27 -> Instalação 22
Cliente 28 -> Instalação 47
Cliente 29 -> Instalação 47
Cliente 30 -> Instalação 1
Cliente 31 -> Instalação 9
Cliente 32 -> Instalação 9
Cliente 33 -> Instalação 20
Cliente 34 -> Instalação 8
Cliente 35 -> Instalação 4
Cliente 36 -> Instalação 47
Cliente 37 -> Instalação 22
Cliente 38 -> Instalação 9
Cliente 39 -> Instalação 8
Cliente 40 -> Instalação 22
Cliente 41 -> Instalação 13
Cliente 42 -> Instalação 47
Cliente 43 -> Instalação 4
Cliente 44 -> Instalação 20
Cliente 45 -> Instalação 8
Cliente 46 -> Instalação 8
Cliente 47 -> Instalação 1
Cliente 48 -> Instalação 13
Cliente 49 -> Instalação 1
