Version identifier: 22.1.1.0 | 2022-11-28 | 9160aff4d
CPXPARAM_TimeLimit                               3600
Found incumbent of value 1871920.000000 after 0.00 sec. (4.10 ticks)
Tried aggregator 1 time.
MIP Presolve eliminated 50 rows and 1 columns.
Reduced MIP has 63750 rows, 3774 columns, and 191150 nonzeros.
Reduced MIP has 3774 binaries, 0 generals, 0 SOSs, and 0 indicators.
Presolve time = 0.10 sec. (83.25 ticks)
Probing time = 0.03 sec. (8.81 ticks)
Tried aggregator 1 time.
Detecting symmetries...
Reduced MIP has 63750 rows, 3774 columns, and 191150 nonzeros.
Reduced MIP has 3774 binaries, 0 generals, 0 SOSs, and 0 indicators.
Presolve time = 0.13 sec. (101.60 ticks)
Probing time = 0.04 sec. (8.88 ticks)
Clique table members: 2500.
MIP emphasis: balance optimality and feasibility.
MIP search method: dynamic search.
Parallel mode: deterministic, using up to 8 threads.
Root relaxation solution time = 0.16 sec. (92.62 ticks)

        Nodes                                         Cuts/
   Node  Left     Objective  IInf  Best Integer    Best Bound    ItCnt     Gap

*     0+    0                      1871920.0000        0.0000           100.00%
      0     0    93774.0000   100  1871920.0000    93774.0000      186   94.99%
      0     0   106217.5000   100  1871920.0000    Cuts: 3136      374   94.33%
      0     0   118774.0000    98  1871920.0000    Cuts: 3045      658   93.65%
      0     0   131111.1667   149  1871920.0000    Cuts: 1232     2028   93.00%
*     0+    0                      1867337.0000   131111.1667            92.98%
*     0+    0                      1750540.0000   131111.1667            92.51%
*     0+    0                      1743487.0000   131111.1667            92.48%
      0     0  -1.00000e+75     0  1743487.0000   131111.1667     2028   92.48%
      0     0   135445.2619   216  1743487.0000 ZeroHalf: 1441     2563   92.23%
*     0+    0                      1619329.0000   135445.2619            91.64%
      0     0   143355.5625   174  1619329.0000     Cuts: 992     3490   91.15%
Detecting symmetries...
      0     0   151282.8544   182  1619329.0000    Cuts: 1491     4548   90.66%
*     0+    0                      1617538.0000   151282.8544            90.65%
*     0+    0                      1564831.0000   151282.8544            90.33%
*     0+    0                      1554604.0000   151282.8544            90.27%
      0     0  -1.00000e+75     0  1554604.0000   151282.8544     4548   90.27%
      0     0   159479.3044   221  1554604.0000     Cuts: 367     5492   89.74%
      0     0   164910.8965   195  1554604.0000     Cuts: 597     6388   89.39%
*     0+    0                      1369864.0000   164910.8965            87.96%
      0     0   169629.6644   208  1369864.0000     Cuts: 685     7294   87.62%
      0     0   173998.2582   206  1369864.0000     Cuts: 450     8148   87.30%
      0     0   177021.2508   202  1369864.0000     Cuts: 209     8594   87.08%
      0     0   180150.2302   210  1369864.0000     Cuts: 262     9203   86.85%
      0     0   182443.6615   248  1369864.0000 ZeroHalf: 117     9731   86.68%
      0     0   185676.4858   237  1369864.0000     Cuts: 632    10434   86.45%
      0     0   187547.9842   199  1369864.0000     Cuts: 256    11023   86.31%
      0     0   188704.5781   201  1369864.0000     Cuts: 437    11510   86.22%
      0     0   190624.0767   194  1369864.0000     Cuts: 227    12048   86.08%
      0     0   192367.3462   227  1369864.0000     Cuts: 228    12585   85.96%
      0     0   194021.7049   197  1369864.0000      Cuts: 95    13014   85.84%
      0     0   195757.1577   193  1369864.0000     Cuts: 279    13556   85.71%
      0     0   198087.8320   198  1369864.0000     Cuts: 169    14278   85.54%
      0     0   200165.1163   219  1369864.0000     Cuts: 129    14834   85.39%
      0     0   201956.4172   200  1369864.0000     Cuts: 273    15433   85.26%
      0     0   203910.5537   205  1369864.0000     Cuts: 132    16070   85.11%
*     0+    0                      1356108.0000   203910.5537            84.96%
      0     0   205569.3611   199  1356108.0000     Cuts: 118    16586   84.84%
*     0+    0                      1353128.0000   205569.3611            84.81%
      0     0  -1.00000e+75     0  1353128.0000   205569.3611    16586   84.81%
      0     0   207383.2756   189  1353128.0000      Cuts: 99    17124   84.67%
      0     0   209109.5972   215  1353128.0000     Cuts: 185    17684   84.55%
      0     0   210104.2297   235  1353128.0000     Cuts: 298    18107   84.47%
      0     0   211148.2777   210  1353128.0000      Cuts: 84    18524   84.40%
      0     0   212162.1783   215  1353128.0000     Cuts: 243    18974   84.32%
      0     0   213165.1455   211  1353128.0000      Cuts: 84    19301   84.25%
      0     0   214410.0363   212  1353128.0000     Cuts: 206    19792   84.15%
      0     0   215519.9103   213  1353128.0000     Cuts: 204    20217   84.07%
      0     0   216856.7564   212  1353128.0000     Cuts: 193    20709   83.97%
      0     0   217914.6020   214  1353128.0000     Cuts: 216    21085   83.90%
      0     0   218935.4365   199  1353128.0000     Cuts: 209    21497   83.82%
      0     0   219802.8573   212  1353128.0000     Cuts: 143    21876   83.76%
      0     0   220830.3373   223  1353128.0000     Cuts: 102    22216   83.68%
      0     0   221930.0646   215  1353128.0000      Cuts: 96    22683   83.60%
      0     0   223340.0320   225  1353128.0000     Cuts: 141    23230   83.49%
      0     0   224110.7899   229  1353128.0000     Cuts: 103    23627   83.44%
      0     0   224755.0470   249  1353128.0000     Cuts: 120    23981   83.39%
      0     0   225333.7265   217  1353128.0000     Cuts: 166    24184   83.35%
      0     0   226233.8571   235  1353128.0000      Cuts: 83    24607   83.28%
      0     0   227357.7020   226  1353128.0000     Cuts: 219    25039   83.20%
      0     0   228215.3343   240  1353128.0000     Cuts: 131    25430   83.13%
      0     0   229260.0329   251  1353128.0000      Cuts: 81    25923   83.06%
      0     0   229900.9333   211  1353128.0000     Cuts: 152    26231   83.01%
      0     0   230575.8576   231  1353128.0000      Cuts: 91    26596   82.96%
      0     0   231303.6019   211  1353128.0000     Cuts: 136    26925   82.91%
      0     0   231853.2255   226  1353128.0000      Cuts: 96    27352   82.87%
      0     0   232169.2375   218  1353128.0000      Cuts: 75    27605   82.84%
      0     0   232793.4191   223  1353128.0000      Cuts: 43    27924   82.80%
      0     0   233162.0971   232  1353128.0000  ZeroHalf: 67    28183   82.77%
      0     0   233706.5449   230  1353128.0000      Cuts: 83    28519   82.73%
      0     0   234506.3303   233  1353128.0000      Cuts: 62    28938   82.67%
      0     0   235223.2503   219  1353128.0000     Cuts: 180    29283   82.62%
      0     0   235996.5122   208  1353128.0000  ZeroHalf: 78    29701   82.56%
      0     0   236479.8404   217  1353128.0000     Cuts: 115    30063   82.52%
      0     0   237098.0815   215  1353128.0000      Cuts: 74    30353   82.48%
      0     0   237699.2313   221  1353128.0000      Cuts: 65    30672   82.43%
      0     0   238321.2999   222  1353128.0000      Cuts: 62    31113   82.39%
      0     0   238848.3781   233  1353128.0000     Cuts: 143    31528   82.35%
      0     0   239276.5923   220  1353128.0000     Cuts: 152    31825   82.32%
      0     0   239637.8164   238  1353128.0000     Cuts: 108    32155   82.29%
      0     0   240016.7184   224  1353128.0000     Cuts: 158    32547   82.26%
      0     0   240354.5484   221  1353128.0000      Cuts: 66    32751   82.24%
      0     0   240754.5233   213  1353128.0000      Cuts: 53    32974   82.21%
      0     0   241132.3218   224  1353128.0000      Cuts: 65    33238   82.18%
      0     0   241778.0567   241  1353128.0000  ZeroHalf: 54    33617   82.13%
      0     0   242065.3912   237  1353128.0000      Cuts: 79    33815   82.11%
      0     0   242489.4094   243  1353128.0000      Cuts: 77    34046   82.08%
      0     0   242786.5975   218  1353128.0000      Cuts: 89    34321   82.06%
      0     0   243206.1836   221  1353128.0000  ZeroHalf: 36    34571   82.03%
      0     0   243528.1545   221  1353128.0000      Cuts: 99    34804   82.00%
      0     0   243753.3403   220  1353128.0000      Cuts: 25    34982   81.99%
      0     0   244037.1679   223  1353128.0000      Cuts: 44    35207   81.96%
      0     0   244405.1595   214  1353128.0000      Cuts: 68    35418   81.94%
      0     0   244591.9160   226  1353128.0000      Cuts: 44    35573   81.92%
      0     0   244772.5712   231  1353128.0000      Cuts: 50    35754   81.91%
*     0+    0                      1352628.0000   244772.5712            81.90%
*     0+    0                      1351293.0000   244772.5712            81.89%
*     0+    0                      1346877.0000   244772.5712            81.83%
*     0+    0                      1335152.0000   244772.5712            81.67%
      0     0  -1.00000e+75     0  1335152.0000   244772.5712    35754   81.67%
Detecting symmetries...
      0     2   244772.5712   231  1335152.0000   244772.5712    35754   81.67%
Elapsed time = 73.63 sec. (51007.73 ticks, tree = 0.02 MB, solutions = 15)
      1     3   277502.7031   200  1335152.0000   244772.7540    36925   81.67%
      2     4   277961.4952   201  1335152.0000   244772.7540    37096   81.67%
      4     4   301960.4717   195  1335152.0000   244772.7540    37812   81.67%
      9    10   279182.5285   206  1335152.0000   244772.7540    39055   81.67%
     13    14   305728.0691   221  1335152.0000   244772.7540    40025   81.67%
     15    15   347830.0358   187  1335152.0000   244772.7540    40570   81.67%
*    18+    4                      1327336.0000   244772.7540            81.56%
     18    19   350240.5774   179  1327336.0000   244772.7540    41760   81.56%
     22    24   305179.5681   199  1327336.0000   244841.6441    43357   81.55%
     27    19   284206.4322   213  1327336.0000   244841.6441    42535   81.55%
     38    25   331110.0868   180  1327336.0000   244841.6441    44262   81.55%
Elapsed time = 104.84 sec. (55354.40 ticks, tree = 0.11 MB, solutions = 15)
     58    52   484287.0000   147  1327336.0000   244841.6441    55720   81.55%
     97    89   615480.5000   109  1327336.0000   244841.6441    63056   81.55%
    148   122   659223.2500   104  1327336.0000   244841.6441    65326   81.55%
    242   204   821204.5000    59  1327336.0000   244841.6441    75080   81.55%
    345   331   959376.5000    52  1327336.0000   244841.6441    84755   81.55%
    465   395   953925.5000    61  1327336.0000   244841.6441    92609   81.55%
    620   436   561370.2500   129  1327336.0000   244841.6441    98000   81.55%
    804   604   688928.5000    95  1327336.0000   244841.6441   114227   81.55%
    955   722   550642.2917   139  1327336.0000   244841.6441   123896   81.55%
   1119   971   908392.0000    66  1327336.0000   244841.6441   140555   81.55%
Elapsed time = 158.78 sec. (65015.69 ticks, tree = 55.42 MB, solutions = 18)
   1233  1106   745444.5000   107  1327336.0000   244841.6441   151531   81.55%
   1362  1224  1123226.5000    40  1327336.0000   244841.6441   160663   81.55%
   1483  1367  1279463.0000    19  1327336.0000   244841.6441   172848   81.55%
   1629  1426  1062258.5000    54  1327336.0000   244841.6441   174922   81.55%
   1740  1546   331369.7468   194  1327336.0000   244841.6441   186239   81.55%

Performing restart 1

Repeating presolve.
Tried aggregator 1 time.
MIP Presolve eliminated 285 rows and 6 columns.
Reduced MIP has 63465 rows, 3768 columns, and 190295 nonzeros.
Reduced MIP has 3768 binaries, 0 generals, 0 SOSs, and 0 indicators.
Presolve time = 0.09 sec. (85.31 ticks)
Tried aggregator 1 time.
Reduced MIP has 63465 rows, 3768 columns, and 190295 nonzeros.
Reduced MIP has 3768 binaries, 0 generals, 0 SOSs, and 0 indicators.
Presolve time = 0.12 sec. (104.68 ticks)
Represolve time = 0.33 sec. (279.69 ticks)
   1761     0   244978.8807   230  1327336.0000     Cuts: 102   206777   81.54%
   1761     0   245287.3824   221  1327336.0000     Cuts: 129   207034   81.52%
   1761     0   245625.9044   232  1327336.0000      Cuts: 93   207368   81.49%
   1761     0   245876.1079   228  1327336.0000     Cuts: 100   207659   81.48%
   1761     0   246278.5984   241  1327336.0000     Cuts: 106   208042   81.45%
   1761     0   246661.5659   228  1327336.0000      Cuts: 85   208316   81.42%
   1761     0   247094.1429   234  1327336.0000     Cuts: 101   208645   81.38%
   1761     0   247443.1281   231  1327336.0000     Cuts: 100   208939   81.36%
   1761     0   247804.6063   239  1327336.0000     Cuts: 140   209221   81.33%
   1761     0   248221.8330   235  1327336.0000      Cuts: 84   209487   81.30%
   1761     0   248796.1669   242  1327336.0000      Cuts: 84   209744   81.26%
   1761     0   249196.6100   235  1327336.0000      Cuts: 79   210022   81.23%
   1761     0   249596.9586   243  1327336.0000      Cuts: 64   210254   81.20%
   1761     0   249953.8289   237  1327336.0000      Cuts: 98   210551   81.17%
   1761     0   250187.4616   233  1327336.0000      Cuts: 70   210711   81.15%
   1761     0   250563.9912   235  1327336.0000      Cuts: 73   210975   81.12%
   1761     0   251120.2325   241  1327336.0000      Cuts: 75   211377   81.08%
   1761     0   251556.2613   240  1327336.0000      Cuts: 71   211699   81.05%
   1761     0   251871.3906   237  1327336.0000      Cuts: 77   211956   81.02%
   1761     0   252399.1111   266  1327336.0000      Cuts: 46   212368   80.98%
   1761     0   252753.6529   257  1327336.0000      Cuts: 66   212640   80.96%
   1761     0   252983.5923   257  1327336.0000      Cuts: 76   212855   80.94%
   1761     0   253271.1044   258  1327336.0000      Cuts: 51   213066   80.92%
   1761     0   253454.2333   261  1327336.0000      Cuts: 92   213254   80.91%
   1761     0   253927.1375   259  1327336.0000      Cuts: 73   213465   80.87%
   1761     0   254205.6789   250  1327336.0000      Cuts: 92   213647   80.85%
   1761     0   254564.2574   259  1327336.0000      Cuts: 85   213961   80.82%
   1761     0   255109.7090   256  1327336.0000      Cuts: 62   214359   80.78%
   1761     0   255647.1733   257  1327336.0000      Cuts: 86   214624   80.74%
   1761     0   256038.2401   266  1327336.0000     Cuts: 108   214893   80.71%
   1761     0   256430.7888   254  1327336.0000      Cuts: 54   215143   80.68%
   1761     0   256917.7887   246  1327336.0000      Cuts: 74   215462   80.64%
   1761     0   257414.5478   250  1327336.0000     Cuts: 117   215744   80.61%
   1761     0   257693.3464   253  1327336.0000      Cuts: 92   216002   80.59%
   1761     0   257942.8964   260  1327336.0000     Cuts: 103   216275   80.57%
   1761     0   258317.9095   259  1327336.0000  ZeroHalf: 73   216628   80.54%
   1761     0   258907.1626   256  1327336.0000     Cuts: 102   217095   80.49%
   1761     0   259655.2970   252  1327336.0000     Cuts: 129   217507   80.44%
   1761     0   260113.2673   262  1327336.0000      Cuts: 84   217804   80.40%
   1761     0   260515.7603   259  1327336.0000      Cuts: 63   218206   80.37%
   1761     0   260910.2465   263  1327336.0000     Cuts: 101   218554   80.34%
   1761     0   261228.4278   261  1327336.0000      Cuts: 65   218881   80.32%
   1761     0   261483.6967   259  1327336.0000      Cuts: 68   219137   80.30%
   1761     0   261767.1256   266  1327336.0000      Cuts: 76   219433   80.28%
   1761     0   262120.3135   271  1327336.0000  ZeroHalf: 87   219727   80.25%
   1761     0   262569.4904   274  1327336.0000      Cuts: 71   220126   80.22%
   1761     0   262733.7025   268  1327336.0000      Cuts: 65   220358   80.21%
   1761     0   263100.8014   271  1327336.0000      Cuts: 77   220636   80.18%
   1761     0   263455.8602   268  1327336.0000      Cuts: 57   220870   80.15%
   1761     0   263863.1545   274  1327336.0000      Cuts: 87   221211   80.12%
   1761     0   264101.9889   272  1327336.0000      Cuts: 55   221509   80.10%
   1761     0   264335.2430   266  1327336.0000      Cuts: 56   221756   80.09%
   1761     0   264683.8874   260  1327336.0000      Cuts: 59   222033   80.06%
   1761     0   264783.3847   264  1327336.0000      Cuts: 27   222129   80.05%
   1761     0   265035.9382   269  1327336.0000      Cuts: 32   222329   80.03%
   1761     0   265171.7960   268  1327336.0000      Cuts: 69   222528   80.02%
   1761     0   265288.9379   270  1327336.0000      Cuts: 40   222665   80.01%
   1761     0   265493.6072   266  1327336.0000      Cuts: 27   222873   80.00%
   1761     0   265637.8122   277  1327336.0000  ZeroHalf: 31   223045   79.99%
   1761     0   265773.2596   268  1327336.0000      Cuts: 64   223193   79.98%
   1761     0   265917.4711   269  1327336.0000      Cuts: 18   223371   79.97%
   1761     0   266153.2741   266  1327336.0000      Cuts: 48   223608   79.95%
   1761     0   266460.8362   264  1327336.0000      Cuts: 45   223932   79.93%
   1761     0   266715.4965   266  1327336.0000  ZeroHalf: 84   224146   79.91%
   1761     0   266965.0020   265  1327336.0000  ZeroHalf: 38   224365   79.89%
   1761     0   267520.1998   275  1327336.0000      Cuts: 88   224705   79.85%
   1761     0   267920.4010   260  1327336.0000      Cuts: 46   224973   79.82%
   1761     0   268394.9934   263  1327336.0000      Cuts: 57   225301   79.78%
   1761     0   268700.3716   261  1327336.0000      Cuts: 63   225517   79.76%
   1761     0   268997.2320   255  1327336.0000      Cuts: 58   225749   79.73%
   1761     0   269272.2914   253  1327336.0000      Cuts: 64   225922   79.71%
   1761     0   269555.4105   253  1327336.0000      Cuts: 75   226242   79.69%
   1761     0   269738.9895   261  1327336.0000      Cuts: 75   226445   79.68%
   1761     0   269980.5998   249  1327336.0000  ZeroHalf: 25   226700   79.66%
   1761     0   270283.2833   255  1327336.0000      Cuts: 89   226959   79.64%
   1761     0   270417.1188   258  1327336.0000      Cuts: 39   227085   79.63%
   1761     0   270627.6384   247  1327336.0000      Cuts: 57   227235   79.61%
   1761     0   270824.0013   258  1327336.0000      Cuts: 63   227428   79.60%
   1761     0   271043.9690   269  1327336.0000      Cuts: 66   227638   79.58%
   1761     0   271176.3875   258  1327336.0000  ZeroHalf: 49   227821   79.57%
   1761     2   271176.3875   258  1327336.0000   271176.3875   227821   79.57%
   1762     3   271237.0136   251  1327336.0000   271237.1031   227880   79.57%
   1763     4   271255.1878   250  1327336.0000   271255.2421   227936   79.56%
   1764     4   296687.9649   211  1327336.0000   271255.2421   229487   79.56%
   1765     3   295199.7248   215  1327336.0000   271255.2421   228592   79.56%
Elapsed time = 352.21 sec. (145931.25 ticks, tree = 0.02 MB, solutions = 18)
   1768     5   292345.9735   218  1327336.0000   271297.3413   228205   79.56%
   1770     7   296687.6024   219  1327336.0000   271297.3413   230705   79.56%
   1773     8   271397.9914   260  1327336.0000   271398.1527   230609   79.55%
   1777     8   296520.0652   218  1327336.0000   271398.1527   230800   79.55%
   1783    18   298356.7560   205  1327336.0000   271410.3848   235321   79.55%
   1789    19   298476.5403   213  1327336.0000   271422.9893   235745   79.55%
   1792    20   321506.1424   213  1327336.0000   271422.9893   237748   79.55%
   1797    21   297835.4123   244  1327336.0000   271422.9893   236323   79.55%
   1805    30   322389.9590   215  1327336.0000   271422.9893   243639   79.55%
   1812    43   320958.1461   216  1327336.0000   271422.9893   251416   79.55%
Elapsed time = 502.40 sec. (160167.95 ticks, tree = 2.10 MB, solutions = 18)
   1819    51   299145.7909   208  1327336.0000   271422.9893   253603   79.55%
   1827    52   299557.0385   212  1327336.0000   271422.9893   253789   79.55%
   1831    57   331667.2093   203  1327336.0000   271422.9893   256267   79.55%
   1838    71   298629.1605   252  1327336.0000   271422.9893   258659   79.55%
   1865    80   272490.0984   239  1327336.0000   271422.9893   259174   79.55%
   1881    81   300935.7517   216  1327336.0000   271422.9893   259982   79.55%
   1908   104   299441.7891   220  1327336.0000   271422.9893   264604   79.55%
   1924   113   273439.1636   234  1327336.0000   271422.9893   265893   79.55%
   1952   118   297288.2465   209  1327336.0000   271422.9893   267119   79.55%
   1984   128   304143.3752   208  1327336.0000   271422.9893   271866   79.55%
Elapsed time = 618.48 sec. (171000.65 ticks, tree = 3.09 MB, solutions = 18)
   1993   165   324702.3069   210  1327336.0000   271422.9893   282177   79.55%
   2024   146   302515.7518   239  1327336.0000   271422.9893   277682   79.55%
   2055   174   326020.4409   209  1327336.0000   271422.9893   283741   79.55%
   2096   181   301324.0787   214  1327336.0000   271422.9893   286282   79.55%
   2134   258   306225.5631   236  1327336.0000   271422.9893   302877   79.55%
   2162   298   302778.6537   218  1327336.0000   271422.9893   316165   79.55%
   2185   371   307220.6746   227  1327336.0000   271422.9893   332627   79.55%
   2195   292   316749.4791   222  1327336.0000   271422.9893   310963   79.55%
   2211   355   302179.2364   185  1327336.0000   271422.9893   330181   79.55%
   2226   426   339323.2790   211  1327336.0000   271422.9893   345384   79.55%
Elapsed time = 734.60 sec. (181292.04 ticks, tree = 34.00 MB, solutions = 18)
   2260   429   337213.8716   232  1327336.0000   271422.9893   348021   79.55%
   2295   469   336679.0530   215  1327336.0000   271422.9893   361838   79.55%
   2326   437   284442.2181   232  1327336.0000   271422.9893   348315   79.55%
   2347   478   338241.7062   213  1327336.0000   271422.9893   364539   79.55%
   2374   577   340023.0442   239  1327336.0000   271422.9893   390759   79.55%
   2403   562   307062.2255   179  1327336.0000   271422.9893   386129   79.55%
   2444   576   311368.5161   197  1327336.0000   271422.9893   387794   79.55%
   2456   554   320758.9220   213  1327336.0000   271422.9893   383080   79.55%
   2481   555   361042.9471   218  1327336.0000   271422.9893   384492   79.55%
   2510   597   310935.9139   228  1327336.0000   271422.9893   397205   79.55%
Elapsed time = 862.89 sec. (191316.10 ticks, tree = 37.37 MB, solutions = 18)
   2522   662   363584.9296   214  1327336.0000   271422.9893   412812   79.55%
   2535   635   352057.8595   197  1327336.0000   271422.9893   405264   79.55%
   2556   741   352366.3288   227  1327336.0000   271422.9893   425281   79.55%
   2577   667   327999.8642   215  1327336.0000   271422.9893   413300   79.55%
   2591   739   314629.7427   212  1327336.0000   271422.9893   424703   79.55%
   2631   701   314742.8015   230  1327336.0000   271422.9893   420633   79.55%
   2667   762   331305.6214   213  1327336.0000   271422.9893   429931   79.55%
   2685   764   331372.1524   194  1327336.0000   271422.9893   429984   79.55%
   2716   850   315481.1959   176  1327336.0000   271422.9893   451771   79.55%
   2746   890   336009.6744   207  1327336.0000   271422.9893   461404   79.55%
Elapsed time = 987.26 sec. (201317.09 ticks, tree = 99.06 MB, solutions = 18)
   2773   896   338508.9977   209  1327336.0000   271422.9893   462836   79.55%
   2796   942   317447.6351   200  1327336.0000   271422.9893   470928   79.55%
   2803   960   349522.1974   213  1327336.0000   271422.9893   473373   79.55%
   2823   923   291071.3705   256  1327336.0000   271422.9893   465020   79.55%
   2845   964   349826.5912   209  1327336.0000   271422.9893   473997   79.55%
   2861  1036   328590.0910   201  1327336.0000   271422.9893   490087   79.55%
   2871  1066   321933.4272   189  1327336.0000   271422.9893   495799   79.55%
   2892  1018   345414.5852   191  1327336.0000   271422.9893   487773   79.55%
   2911   993   325387.9741   256  1327336.0000   271422.9893   481366   79.55%
   2952  1113   327221.3129   217  1327336.0000   271422.9893   505794   79.55%
Elapsed time = 1097.80 sec. (211346.98 ticks, tree = 107.89 MB, solutions = 18)
   2978  1159   331866.5974   215  1327336.0000   271422.9893   515873   79.55%
   3008  1066   373440.5551   155  1327336.0000   271422.9893   498560   79.55%
   3034  1154   380865.6679   236  1327336.0000   271422.9893   515181   79.55%
   3061  1132   292375.2434   218  1327336.0000   271422.9893   509944   79.55%
   3090  1217   330869.2317   260  1327336.0000   271422.9893   528928   79.55%
   3112  1248   354196.4588   213  1327336.0000   271422.9893   536430   79.55%
   3154  1237   333016.1185   194  1327336.0000   271422.9893   529880   79.55%
   3180  1331   359315.8864   244  1327336.0000   271422.9893   556348   79.55%
   3215  1230   351538.1036   215  1327336.0000   271422.9893   534930   79.55%
   3315  1392   336211.2159   214  1327336.0000   271422.9893   565619   79.55%
Elapsed time = 1253.75 sec. (224087.10 ticks, tree = 109.91 MB, solutions = 18)
   3451  1555   303366.1498   239  1327336.0000   271422.9893   598249   79.55%
   3581  1711   312301.2516   250  1327336.0000   271422.9893   625457   79.55%
   3700  1803   378078.7837   195  1327336.0000   271422.9893   642695   79.55%
   3840  1909   319039.9728   230  1327336.0000   271422.9893   662769   79.55%
   3971  2118   382580.8662   202  1327336.0000   271422.9893   703645   79.55%
   4108  2142   356879.6963   237  1327336.0000   271422.9893   708778   79.55%
   4190  2296   404065.9585   218  1327336.0000   271422.9893   736999   79.55%
   4310  2396   461768.5234   162  1327336.0000   271422.9893   751714   79.55%
   4421  2501   417693.5320   182  1327336.0000   271422.9893   769500   79.55%
   4567  2651   394607.8868   184  1327336.0000   271422.9893   795956   79.55%
Elapsed time = 1730.19 sec. (262636.16 ticks, tree = 120.84 MB, solutions = 18)
   4694  2790   374999.7496   180  1327336.0000   271422.9893   815979   79.55%
   4841  2867   430598.9514   193  1327336.0000   271422.9893   833020   79.55%
   5005  3006   349468.3849   220  1327336.0000   271422.9893   853386   79.55%
   5148  3137   556022.3452   180  1327336.0000   271422.9893   870731   79.55%
   5251  3305   522166.6462   169  1327336.0000   271422.9893   897406   79.55%
   5360  3493   560311.8539   162  1327336.0000   271422.9893   923676   79.55%
   5528  3617   414581.0901   198  1327336.0000   271422.9893   940983   79.55%
   5730  3651   425077.7898   184  1327336.0000   271422.9893   943394   79.55%
   5888  4016   465359.2696   160  1327336.0000   271422.9893   984881   79.55%
   6115  4178   648248.2500   110  1327336.0000   271422.9893  1003400   79.55%
Elapsed time = 2179.07 sec. (301015.94 ticks, tree = 133.10 MB, solutions = 18)
   6293  4365   437999.7416   191  1327336.0000   271422.9893  1028417   79.55%
   6487  4381   466163.4509   166  1327336.0000   271422.9893  1031687   79.55%
   6684  4553   490932.8730   207  1327336.0000   271422.9893  1048325   79.55%
   6874  4814   883205.6250    95  1327336.0000   271422.9893  1070984   79.55%
   7093  5130   788909.3750   150  1327336.0000   271422.9893  1105340   79.55%
   7389  5225   528695.3102   206  1327336.0000   271422.9893  1116970   79.55%
   7605  5641   597743.8750   105  1327336.0000   271422.9893  1151209   79.55%
   7859  5678   608504.1970   130  1327336.0000   271422.9893  1153108   79.55%
   8131  6037   643982.2500   100  1327336.0000   271422.9893  1177547   79.55%
   8414  6311  1129036.2500    86  1327336.0000   271422.9893  1197414   79.55%
Elapsed time = 2608.80 sec. (339357.01 ticks, tree = 152.06 MB, solutions = 18)
   8732  6690  1263246.5000    57  1327336.0000   271422.9893  1232807   79.55%
   9089  6867   902426.8750   110  1327336.0000   271422.9893  1241787   79.55%
   9486  7341   303723.6867   229  1327336.0000   271422.9893  1283790   79.55%
   9949  7383   291974.8788   222  1327336.0000   271422.9893  1279925   79.55%
  10266  8227   877704.9250   133  1327336.0000   271422.9893  1342519   79.55%
  10664  8490   422735.4818   185  1327336.0000   271422.9893  1387442   79.55%
  11001  8700  1052083.3333    88  1327336.0000   271422.9893  1392392   79.55%
  11261  9048   459826.7415   217  1327336.0000   271422.9893  1430056   79.55%
  11546  9465   560092.3000   157  1327336.0000   271422.9893  1473099   79.55%
  11787  9612   610850.6750   180  1327336.0000   271689.4571  1509065   79.53%
Elapsed time = 2999.20 sec. (377658.76 ticks, tree = 174.43 MB, solutions = 18)
  12102 10012   707355.2500   108  1327336.0000   272333.2542  1560936   79.48%
  12445 10158   433966.0056   154  1327336.0000   272333.2542  1591274   79.48%
  12847 10166   602609.3869   179  1327336.0000   272333.2542  1591960   79.48%
  13234 10783  1123081.0000    55  1327336.0000   272500.5778  1649728   79.47%
  13614 10857   652528.0119   166  1327336.0000   272500.5778  1691667   79.47%
Starting limited solution polishing.
  13940 11437   627015.7080   174  1327336.0000   272500.5778  1742302   79.47%
* 13952+11812                      1316825.0000   272500.5778            79.31%
  14254 11801  1266730.0000    57  1316825.0000   272500.5778  1773598   79.31%
  14614 12091   741488.1577   130  1316825.0000   272500.5778  1815278   79.31%
* 14615+12055                      1312762.0000   272500.5778            79.24%
  14853 12738  1178636.5000    98  1312762.0000   272500.5778  1883987   79.24%
* 14928+12100                      1309681.0000   272500.5778            79.19%
* 14987+12634                      1309083.0000   272500.5778            79.18%
  15013 12908  1028393.8750    74  1309083.0000   272500.5778  1907052   79.18%
Elapsed time = 3366.80 sec. (415861.19 ticks, tree = 203.92 MB, solutions = 24)
* 15277+12998                      1301850.0000   272500.5778            79.07%
  15278 12995   915277.5625   118  1301850.0000   272500.5778  1920776   79.07%
* 15356+13094                      1299554.0000   272500.5778            79.03%
* 15484+13256                      1298413.0000   272500.5778            79.01%
  15589 13234  1172822.0000    60  1298413.0000   272500.5778  1936812   79.01%
* 15875+13353                      1296474.0000   272500.5778            78.98%
  15898 13554   999632.8000    78  1296474.0000   272500.5778  1976671   78.98%
  16129 13770  1285697.7500    79  1296474.0000   272500.5778  2013326   78.98%
  16247 13927  1045962.8000    81  1296474.0000   272500.5778  2023292   78.98%
* 16389+13628                      1291499.0000   272500.5778            78.90%
* 16393+13628                      1283388.0000   272500.5778            78.77%
* 16399+13628                      1278573.0000   272500.5778            78.69%
* 16415+13628                      1278320.0000   272500.5778            78.68%
* 16416+13628                      1278171.0000   272500.5778            78.68%
  16442 14063  1046662.3750   104  1278171.0000   272500.5778  2046224   78.68%
* 16515+14013                      1268703.0000   272500.5778            78.52%
  16677 14095   371482.8473   188  1268703.0000   272500.5778  2055138   78.52%
  16782 14262   316436.5311   229  1268703.0000   272500.5778  2085946   78.52%
  17062 14213   466434.9815   215  1268703.0000   272500.5778  2082786   78.52%

Implied bound cuts applied:  415
Zero-half cuts applied:  270
Lift and project cuts applied:  1

Root node processing (before b&c):
  Real time             =   73.55 sec. (50897.52 ticks)
Parallel b&c, 8 threads:
  Real time             = 3526.47 sec. (401433.04 ticks)
  Sync time (average)   =  661.26 sec.
  Wait time (average)   =    0.01 sec.
                          ------------
Total (root+branch&cut) = 3600.02 sec. (452330.56 ticks)
Status: Feasible
Obj: 1268703

Instalacoes abertas:
Instalação 0 aberta
Instalação 1 aberta
Instalação 4 aberta
Instalação 5 aberta
Instalação 8 aberta
Instalação 9 aberta
Instalação 13 aberta
Instalação 16 aberta
Instalação 18 aberta
Instalação 19 aberta
Instalação 20 aberta
Instalação 22 aberta
Instalação 23 aberta
Instalação 24 aberta
Instalação 25 aberta
Instalação 27 aberta
Instalação 28 aberta
Instalação 29 aberta
Instalação 30 aberta
Instalação 31 aberta
Instalação 34 aberta
Instalação 35 aberta
Instalação 39 aberta
Instalação 41 aberta
Instalação 42 aberta
Instalação 46 aberta
Instalação 47 aberta
Instalação 49 aberta

Atribuições (cliente -> instalação):
Cliente 0 -> Instalação 1
Cliente 1 -> Instalação 16
Cliente 2 -> Instalação 20
Cliente 3 -> Instalação 13
Cliente 4 -> Instalação 46
Cliente 5 -> Instalação 5
Cliente 6 -> Instalação 23
Cliente 7 -> Instalação 16
Cliente 8 -> Instalação 4
Cliente 9 -> Instalação 18
Cliente 10 -> Instalação 31
Cliente 11 -> Instalação 27
Cliente 12 -> Instalação 35
Cliente 13 -> Instalação 46
Cliente 14 -> Instalação 18
Cliente 15 -> Instalação 47
Cliente 16 -> Instalação 24
Cliente 17 -> Instalação 13
Cliente 18 -> Instalação 20
Cliente 19 -> Instalação 34
Cliente 20 -> Instalação 8
Cliente 21 -> Instalação 23
Cliente 22 -> Instalação 22
Cliente 23 -> Instalação 25
Cliente 24 -> Instalação 49
Cliente 25 -> Instalação 25
Cliente 26 -> Instalação 19
Cliente 27 -> Instalação 27
Cliente 28 -> Instalação 28
Cliente 29 -> Instalação 9
Cliente 30 -> Instalação 29
Cliente 31 -> Instalação 39
Cliente 32 -> Instalação 28
Cliente 33 -> Instalação 22
Cliente 34 -> Instalação 34
Cliente 35 -> Instalação 0
Cliente 36 -> Instalação 4
Cliente 37 -> Instalação 31
Cliente 38 -> Instalação 1
Cliente 39 -> Instalação 47
Cliente 40 -> Instalação 30
Cliente 41 -> Instalação 41
Cliente 42 -> Instalação 42
Cliente 43 -> Instalação 19
Cliente 44 -> Instalação 0
Cliente 45 -> Instalação 8
Cliente 46 -> Instalação 9
Cliente 47 -> Instalação 49
Cliente 48 -> Instalação 39
Cliente 49 -> Instalação 35
