Version identifier: 22.1.1.0 | 2022-11-28 | 9160aff4d
CPXPARAM_TimeLimit                               3600
Found incumbent of value 2593865.000000 after 0.00 sec. (3.69 ticks)
Tried aggregator 1 time.
MIP Presolve eliminated 50 rows and 1 columns.
Reduced MIP has 57350 rows, 3646 columns, and 171950 nonzeros.
Reduced MIP has 3646 binaries, 0 generals, 0 SOSs, and 0 indicators.
Presolve time = 0.09 sec. (75.58 ticks)
Probing time = 0.03 sec. (8.33 ticks)
Tried aggregator 1 time.
Detecting symmetries...
Reduced MIP has 57350 rows, 3646 columns, and 171950 nonzeros.
Reduced MIP has 3646 binaries, 0 generals, 0 SOSs, and 0 indicators.
Presolve time = 0.11 sec. (92.08 ticks)
Probing time = 0.03 sec. (8.43 ticks)
Clique table members: 2500.
MIP emphasis: balance optimality and feasibility.
MIP search method: dynamic search.
Parallel mode: deterministic, using up to 8 threads.
Root relaxation solution time = 0.14 sec. (83.24 ticks)

        Nodes                                         Cuts/
   Node  Left     Objective  IInf  Best Integer    Best Bound    ItCnt     Gap

*     0+    0                      2593865.0000        0.0000           100.00%
*     0+    0                      1590454.0000        0.0000           100.00%
*     0+    0                      1539698.0000        0.0000           100.00%
      0     0    93774.0000   100  1539698.0000    93774.0000      189   93.91%
*     0+    0                      1539270.0000    93774.0000            93.91%
      0     0   106217.5000   100  1539270.0000    Cuts: 2682      431   93.10%
      0     0   118774.0000    98  1539270.0000    Cuts: 2683      753   92.28%
      0     0   131217.5000    98  1539270.0000 ZeroHalf: 1036     2082   91.48%
*     0+    0                      1537835.0000   131217.5000            91.47%
      0     0  -1.00000e+75     0  1537835.0000   131217.5000     2082   91.47%
      0     0   138847.8269   169  1537835.0000 ZeroHalf: 1034     3279   90.97%
*     0+    0                      1517480.0000   138847.8269            90.85%
      0     0   146386.9210   185  1517480.0000     Cuts: 872     4328   90.35%
Detecting symmetries...
      0     0   152417.3752   175  1517480.0000     Cuts: 431     4965   89.96%
*     0+    0                      1113018.0000   152417.3752            86.31%
      0     0  -1.00000e+75     0  1113018.0000   152417.3752     4965   86.31%
*     0+    0                       884508.0000   152417.3752            82.77%
      0     0   156764.2583   232   884508.0000     Cuts: 427     5758   82.28%
      0     0   159938.5691   207   884508.0000     Cuts: 306     6368   81.92%
      0     0   163300.3952   209   884508.0000     Cuts: 313     7001   81.54%
      0     0   166832.9064   174   884508.0000     Cuts: 481     7779   81.14%
      0     0   170164.3777   209   884508.0000     Cuts: 142     8383   80.76%
      0     0   172840.9759   200   884508.0000     Cuts: 256     8899   80.46%
      0     0   175281.9802   203   884508.0000     Cuts: 245     9564   80.18%
      0     0   177356.0724   213   884508.0000     Cuts: 262    10105   79.95%
      0     0   179016.7967   227   884508.0000     Cuts: 485    10800   79.76%
      0     0   180582.5462   190   884508.0000     Cuts: 232    11284   79.58%
      0     0   181957.6053   194   884508.0000     Cuts: 223    11823   79.43%
      0     0   183468.3373   228   884508.0000     Cuts: 124    12274   79.26%
      0     0   184974.3456   204   884508.0000     Cuts: 278    12760   79.09%
      0     0   187113.4525   233   884508.0000     Cuts: 130    13249   78.85%
      0     0   188734.6735   226   884508.0000     Cuts: 182    13711   78.66%
      0     0   189980.3815   193   884508.0000     Cuts: 360    14028   78.52%
      0     0   191701.9136   200   884508.0000     Cuts: 161    14472   78.33%
      0     0   193105.0391   199   884508.0000     Cuts: 164    14903   78.17%
      0     0   193938.2725   221   884508.0000      Cuts: 85    15224   78.07%
      0     0   195192.8391   226   884508.0000     Cuts: 388    15792   77.93%
      0     0   196156.0108   227   884508.0000     Cuts: 106    16236   77.82%
      0     0   197041.7703   209   884508.0000     Cuts: 186    16625   77.72%
      0     0   198099.7810   208   884508.0000     Cuts: 139    17065   77.60%
      0     0   199391.3358   219   884508.0000     Cuts: 126    17486   77.46%
      0     0   200318.2827   206   884508.0000     Cuts: 210    17891   77.35%
      0     0   201167.2369   231   884508.0000     Cuts: 111    18309   77.26%
      0     0   201836.1114   234   884508.0000      Cuts: 79    18668   77.18%
      0     0   202434.6359   237   884508.0000     Cuts: 148    18997   77.11%
      0     0   203202.3994   228   884508.0000     Cuts: 112    19306   77.03%
      0     0   203886.6345   213   884508.0000     Cuts: 233    19627   76.95%
      0     0   204416.2595   208   884508.0000      Cuts: 51    19992   76.89%
      0     0   205362.2205   236   884508.0000      Cuts: 91    20368   76.78%
      0     0   205988.1131   271   884508.0000      Cuts: 94    20675   76.71%
      0     0   206464.7555   268   884508.0000      Cuts: 57    20954   76.66%
      0     0   207167.1290   226   884508.0000     Cuts: 126    21251   76.58%
      0     0   208008.7561   229   884508.0000     Cuts: 232    21718   76.48%
      0     0   208873.3320   208   884508.0000     Cuts: 123    22131   76.39%
      0     0   209530.2554   226   884508.0000      Cuts: 45    22461   76.31%
      0     0   210035.7621   231   884508.0000     Cuts: 160    22778   76.25%
      0     0   210439.5719   203   884508.0000      Cuts: 70    23097   76.21%
      0     0   210921.8468   227   884508.0000      Cuts: 47    23360   76.15%
      0     0   211532.5649   221   884508.0000      Cuts: 55    23633   76.08%
      0     0   212051.3645   227   884508.0000      Cuts: 73    23849   76.03%
      0     0   212716.5236   226   884508.0000      Cuts: 74    24168   75.95%
      0     0   213631.7614   221   884508.0000     Cuts: 107    24515   75.85%
      0     0   214205.7019   225   884508.0000     Cuts: 135    24874   75.78%
      0     0   214594.0723   222   884508.0000      Cuts: 94    25132   75.74%
      0     0   215169.3009   244   884508.0000      Cuts: 39    25424   75.67%
      0     0   215372.3397   238   884508.0000      Cuts: 50    25601   75.65%
      0     0   215776.8965   219   884508.0000     Cuts: 155    25893   75.60%
      0     0   216098.2226   244   884508.0000 ZeroHalf: 108    26152   75.57%
      0     0   216556.3710   235   884508.0000     Cuts: 130    26423   75.52%
      0     0   216819.4631   253   884508.0000      Cuts: 64    26645   75.49%
      0     0   217057.4287   226   884508.0000      Cuts: 93    26854   75.46%
      0     0   217247.0107   236   884508.0000     Cuts: 155    27064   75.44%
      0     0   217468.1258   232   884508.0000      Cuts: 45    27243   75.41%
      0     0   217694.0656   236   884508.0000      Cuts: 53    27418   75.39%
      0     0   217932.9289   227   884508.0000  ZeroHalf: 24    27579   75.36%
      0     0   218072.9223   224   884508.0000      Cuts: 61    27710   75.35%
      0     0   218188.6890   224   884508.0000  ZeroHalf: 31    27821   75.33%
*     0+    0                       854837.0000   218188.6890            74.48%
*     0+    0                       852757.0000   218188.6890            74.41%
*     0+    0                       802726.0000   218188.6890            72.82%
      0     0  -1.00000e+75     0   802726.0000   218188.6890    27821   72.82%
Detecting symmetries...
      0     2   218188.6890   224   802726.0000   218188.6890    27821   72.82%
Elapsed time = 51.03 sec. (37843.45 ticks, tree = 0.02 MB, solutions = 11)
      2     4   218329.3448   218   802726.0000   218189.6260    28085   72.82%
      5     7   218597.6645   223   802726.0000   218235.3841    29039   72.81%
     11     6   253097.5494   170   802726.0000   218235.3841    29532   72.81%
     20     9   254346.6754   169   802726.0000   218597.7307    30031   72.77%
     33    17   256023.1451   203   802726.0000   219949.0427    33772   72.60%
     37    29   223813.3725   195   802726.0000   219949.0427    40177   72.60%
     48    30   229523.8884   204   802726.0000   219949.0427    40681   72.60%
     56    50   241298.9671   210   802726.0000   219949.0427    49082   72.60%
     62    49   323790.1213   155   802726.0000   219949.0427    48367   72.60%
     89    85   294396.0182   158   802726.0000   219949.0427    66500   72.60%
Elapsed time = 82.63 sec. (41169.48 ticks, tree = 0.30 MB, solutions = 11)
    125    95   284060.2644   186   802726.0000   219949.0427    70366   72.60%
    166   147   301824.8236   158   802726.0000   219949.0427    88726   72.60%
    221   172   375028.5195   143   802726.0000   219949.0427    99390   72.60%
    288   278   586147.5000    67   802726.0000   219949.0427   122918   72.60%
    373   285   407486.7447   152   802726.0000   219949.0427   128666   72.60%
    515   456   549741.2500    85   802726.0000   219949.0427   152439   72.60%
    641   507   625359.7500    80   802726.0000   219949.0427   156987   72.60%
    747   585   469822.0000    94   802726.0000   219949.0427   167356   72.60%
    856   693   738683.5000    56   802726.0000   219949.0427   175740   72.60%
    973   857   441402.5000    97   802726.0000   219949.0427   198506   72.60%
Elapsed time = 168.04 sec. (50908.18 ticks, tree = 10.31 MB, solutions = 11)
   1042   917   364942.6290   142   802726.0000   233710.4727   211387   70.89%
   1112  1010   520702.7500    96   802726.0000   233710.4727   222865   70.89%
   1213  1079   741084.0000    38   802726.0000   233710.4727   235466   70.89%
   1330  1218   791025.0000    65   802726.0000   233710.4727   255651   70.89%
   1407  1236   393851.2520   122   802726.0000   233710.4727   260254   70.89%
   1521  1383   629782.5000    88   802726.0000   233710.4727   283233   70.89%
   1641  1455   751669.5000    39   802726.0000   233710.4727   289911   70.89%
   1745  1507   764479.0000    61   802726.0000   234567.4203   301729   70.78%

Performing restart 1

Repeating presolve.
Tried aggregator 1 time.
MIP Presolve eliminated 785 rows and 22 columns.
Reduced MIP has 56565 rows, 3624 columns, and 169595 nonzeros.
Reduced MIP has 3624 binaries, 0 generals, 0 SOSs, and 0 indicators.
Presolve time = 0.08 sec. (77.01 ticks)
Tried aggregator 1 time.
Reduced MIP has 56565 rows, 3624 columns, and 169595 nonzeros.
Reduced MIP has 3624 binaries, 0 generals, 0 SOSs, and 0 indicators.
Presolve time = 0.10 sec. (93.97 ticks)
Represolve time = 0.28 sec. (246.02 ticks)
*  1762+    0                       802356.0000   234567.4203            70.77%
   1762     0   218478.2329   236   802356.0000     Cuts: 111   331141   70.77%
   1762     0   218801.7509   239   802356.0000     Cuts: 131   331475   70.77%
   1762     0   219322.4366   238   802356.0000     Cuts: 126   331854   70.77%
*  1762+    0                       800312.0000   234567.4203            70.69%
   1762     0  -1.00000e+75     0   800312.0000   234567.4203   331854   70.69%
   1762     0   219602.9810   247   800312.0000     Cuts: 122   332143   70.69%
   1762     0   220001.9620   245   800312.0000     Cuts: 102   332509   70.69%
   1762     2   220001.9620   245   800312.0000   234567.4203   332509   70.69%
   1763     3   220092.4209   242   800312.0000   234567.4203   332624   70.69%
Elapsed time = 298.96 sec. (81989.68 ticks, tree = 0.02 MB, solutions = 13)
   1766     6   220395.0207   241   800312.0000   234567.4203   333554   70.69%
   1780    18   249750.9025   190   800312.0000   234567.4203   334630   70.69%
   1794     5   273424.2639   181   800312.0000   234567.4203   334014   70.69%
   1832    48   248408.4327   182   800312.0000   234567.4203   342186   70.69%
   1866    69   252496.4956   186   800312.0000   234567.4203   345282   70.69%
   1900   120   228869.6495   208   800312.0000   234567.4203   355354   70.69%
   1915   130   263981.5623   191   800312.0000   234567.4203   357475   70.69%
   1942   156   282766.6009   204   800312.0000   234567.4203   367257   70.69%
   1964   169   260223.4507   196   800312.0000   234567.4203   372202   70.69%
   1994   195   262708.0229   205   800312.0000   234567.4203   380719   70.69%
Elapsed time = 402.61 sec. (92268.31 ticks, tree = 5.59 MB, solutions = 13)
   2018   233   265519.9422   184   800312.0000   234567.4203   389717   70.69%
   2039   249   239524.4823   175   800312.0000   234567.4203   392275   70.69%
   2082   259   279795.0370   200   800312.0000   234567.4203   394998   70.69%
   2118   311   293874.3376   190   800312.0000   234567.4203   401330   70.69%
   2157   323   285098.1379   187   800312.0000   234567.4203   403808   70.69%
   2203   346   300798.6392   188   800312.0000   234567.4203   409078   70.69%
   2230   428   306729.6513   186   800312.0000   234567.4203   419011   70.69%
   2250   444   280589.0653   204   800312.0000   234567.4203   422018   70.69%
   2295   475   307268.0235   211   800312.0000   234567.4203   424356   70.69%
   2332   543   310696.5511   204   800312.0000   234567.4203   430566   70.69%
Elapsed time = 508.77 sec. (102119.58 ticks, tree = 100.48 MB, solutions = 13)
   2356   515   295144.6315   204   800312.0000   234567.4203   429373   70.69%
   2409   559   265675.2475   204   800312.0000   234567.4203   431096   70.69%
   2420   577   306931.4041   172   800312.0000   234567.4203   433463   70.69%
   2453   608   329237.6928   223   800312.0000   234567.4203   434286   70.69%
   2480   679   331366.2421   222   800312.0000   234567.4203   439954   70.69%
   2522   697   281499.9355   156   800312.0000   234567.4203   441709   70.69%
   2566   737   297856.2506   201   800312.0000   234567.4203   444569   70.69%
   2617   747   338694.9089   185   800312.0000   234567.4203   445422   70.69%
   2668   726   314400.7580   184   800312.0000   234567.4203   444214   70.69%
   2715   801   316088.6739   177   800312.0000   234567.4203   448420   70.69%
Elapsed time = 628.47 sec. (111961.90 ticks, tree = 204.89 MB, solutions = 13)
   2746   855   327858.0174   193   800312.0000   234567.4203   451729   70.69%
   2798   957   301873.3661   193   800312.0000   234567.4203   458466   70.69%
   2879   974   309663.5291   182   800312.0000   234567.4203   459457   70.69%
   2950  1016   365933.0707   164   800312.0000   234567.4203   461987   70.69%
   3016  1067   298661.4993   194   800312.0000   234567.4203   465766   70.69%
   3083  1023   368959.9813   222   800312.0000   234567.4203   462475   70.69%
   3165  1268   335093.7813   131   800312.0000   234567.4203   478384   70.69%
   3235  1347   355661.2750   253   800312.0000   234567.4203   483042   70.69%
   3291  1295   357056.6383   149   800312.0000   234567.4203   480182   70.69%
   3373  1436   359963.0756   244   800312.0000   234567.4203   487812   70.69%
Elapsed time = 740.13 sec. (121627.77 ticks, tree = 479.97 MB, solutions = 13)
   3441  1589   361598.6135   207   800312.0000   234567.4203   496367   70.69%
   3504  1601   397271.7500    94   800312.0000   234567.4203   496787   70.69%
   3573  1680   409787.2147   172   800312.0000   234567.4203   501080   70.69%
   3652  1619   423733.0617   180   800312.0000   234567.4203   498018   70.69%
   3738  1862   416484.2000   146   800312.0000   234567.4203   510163   70.69%
   3805  1875   415703.8011   157   800312.0000   234567.4203   510921   70.69%
   3886  2021   438781.9000   130   800312.0000   234567.4203   518571   70.69%
   3965  2083   438283.7544   129   800312.0000   234567.4203   521342   70.69%
   4027  1999   414635.3918   136   800312.0000   234567.4203   518125   70.69%
   4073  2120   494017.5937   146   800312.0000   234567.4203   524115   70.69%
Elapsed time = 833.28 sec. (131616.91 ticks, tree = 780.26 MB, solutions = 13)

Performing restart 2

Repeating presolve.
Tried aggregator 1 time.
Reduced MIP has 56565 rows, 3624 columns, and 222585 nonzeros.
Reduced MIP has 3624 binaries, 0 generals, 0 SOSs, and 0 indicators.
Presolve time = 0.15 sec. (130.14 ticks)
Tried aggregator 1 time.
Reduced MIP has 56565 rows, 3624 columns, and 222585 nonzeros.
Reduced MIP has 3624 binaries, 0 generals, 0 SOSs, and 0 indicators.
Presolve time = 0.17 sec. (150.00 ticks)
Represolve time = 0.46 sec. (378.87 ticks)
   4081     0   220721.6138   256   800312.0000      Cuts: 71   537645   70.69%
   4081     0   220988.3005   254   800312.0000      Cuts: 81   537873   70.69%
   4081     0   221357.9492   245   800312.0000     Cuts: 113   538176   70.69%
   4081     0   221654.8904   251   800312.0000      Cuts: 95   538509   70.69%
   4081     0   222027.9178   248   800312.0000     Cuts: 170   538778   70.69%
   4081     0   222439.3647   252   800312.0000     Cuts: 105   539153   70.69%
   4081     0   222890.2821   247   800312.0000     Cuts: 114   539461   70.69%
   4081     0   223328.4625   242   800312.0000     Cuts: 130   539793   70.69%
   4081     0   223710.9613   247   800312.0000     Cuts: 126   540050   70.69%
   4081     2   223710.9613   247   800312.0000   234567.4203   540050   70.69%
   4084     3   223731.7695   242   800312.0000   234567.4203   540108   70.69%
   4094    12   261711.9497   165   800312.0000   234567.4203   544447   70.69%
   4112    20   285593.6735   159   800312.0000   234567.4203   551363   70.69%
   4137    34   299641.6010   163   800312.0000   234567.4203   564573   70.69%
   4162    60   225111.7867   237   800312.0000   234567.4203   580669   70.69%
   4198   100   323701.2033   160   800312.0000   234567.4203   595020   70.69%
   4237   136   327602.8250   157   800312.0000   234567.4203   610092   70.69%
   4271   157   387872.5000   100   800312.0000   234567.4203   619962   70.69%
   4313   209   449161.6667   114   800312.0000   234567.4203   641592   70.69%
Elapsed time = 954.77 sec. (163155.12 ticks, tree = 9.12 MB, solutions = 13)
   4366   238   492907.5000    74   800312.0000   234567.4203   648969   70.69%
   4404   306   589975.3750   106   800312.0000   234567.4203   667752   70.69%
   4454   328   451279.1944   115   800312.0000   234567.4203   675965   70.69%
   4502   379   622968.0000    62   800312.0000   234567.4203   686309   70.69%
   4565   409   663455.1667    97   800312.0000   234567.4203   694647   70.69%
   4648   471   780063.0000    46   800312.0000   234567.4203   702888   70.69%
   4726   577   782137.7500    46   800312.0000   234567.4203   717897   70.69%
   4764   585   377178.0884   150   800312.0000   234567.4203   724240   70.69%
   4812   619   538107.2500    77   800312.0000   234567.4203   733119   70.69%
   4964   776   522249.5000    73   800312.0000   234567.4203   771654   70.69%
Elapsed time = 1103.49 sec. (175709.80 ticks, tree = 58.88 MB, solutions = 13)
   5141   986   575037.5000    76   800312.0000   234567.4203   826792   70.69%
   5361  1089   264544.3342   184   800312.0000   239747.2128   852742   70.04%
   5705  1362   793484.2500    71   800312.0000   239747.2128   901218   70.04%
   5915  1606   334100.2437   196   800312.0000   240487.0041   939596   69.95%
   6155  1885   473984.8333   105   800312.0000   240488.8866   990806   69.95%
   6394  2066   790095.5000    60   800312.0000   240488.8866  1011776   69.95%
   6645  2325   403559.2901   184   800312.0000   240488.8866  1049977   69.95%
   6889  2379   474658.3325   177   800312.0000   240488.8866  1057937   69.95%
   7190  2777   561770.4847   149   800312.0000   240488.8866  1098588   69.95%
   7431  3109   433664.2571   132   800312.0000   241975.4741  1140526   69.76%
Elapsed time = 1513.58 sec. (214071.96 ticks, tree = 993.51 MB, solutions = 13)
   7636  3264   508224.0000   133   800312.0000   242618.0980  1160980   69.68%
   7911  3482   422491.9253   160   800312.0000   242984.0247  1193063   69.64%
   8250  3801   577644.6189   151   800312.0000   242984.0247  1226219   69.64%
   8558  4233   308092.6245   171   800312.0000   243404.1959  1269188   69.59%
   8770  4401   598735.8371   166   800312.0000   243404.1959  1287024   69.59%
   9025  4753   455618.6013   170   800312.0000   243404.1959  1335977   69.59%
   9293  4980   613514.2905   178   800312.0000   244047.2193  1360853   69.51%
   9518  5195   303207.8763   197   800312.0000   244925.1066  1392383   69.40%
   9728  5334   389265.6472   178   800312.0000   244925.1066  1406154   69.40%
   9927  5603   341841.0269   153   800312.0000   245117.4274  1450621   69.37%
Elapsed time = 1926.16 sec. (252342.15 ticks, tree = 2073.52 MB, solutions = 13)
Nodefile size = 11.22 MB (6.54 MB after compression)
  10157  5789   491787.2500   122   800312.0000   245260.1066  1481561   69.35%
  10518  6142   528157.0000    75   800312.0000   245305.4169  1528865   69.35%
  10770  6239   675510.5467   171   800312.0000   245305.4169  1538945   69.35%
  10945  6488   543013.4898   227   800312.0000   246159.7931  1571370   69.24%
  11169  6782   452409.1864   168   800312.0000   246159.7931  1620608   69.24%
* 11261+ 6790                       785829.0000   246159.7931            68.68%
  11525  6899   276625.6253   192   785829.0000   246660.0355  1644110   68.61%
* 11718+ 7152                       764207.0000   246660.0355            67.72%
  11782  7083   646802.8162   148   764207.0000   246660.0355  1681287   67.72%
  12062  7292   725234.5745   151   764207.0000   246660.0355  1726640   67.72%
  12292  7656   368649.3263   194   764207.0000   247172.8330  1783392   67.66%
  12558  7805   488842.1051   180   764207.0000   247814.9353  1803099   67.57%
Elapsed time = 2310.06 sec. (290683.65 ticks, tree = 3051.09 MB, solutions = 15)
Nodefile size = 972.19 MB (608.08 MB after compression)
  12849  8135   679038.6902   158   764207.0000   247814.9353  1844588   67.57%
  13130  8285   621163.1640   190   764207.0000   247814.9353  1860336   67.57%
  13419  8676   317119.0875   224   764207.0000   248198.7405  1906418   67.52%
  13683  8884   730809.4846   164   764207.0000   248198.7405  1926691   67.52%
  13950  9289   713184.2234   164   764207.0000   248459.1056  1979749   67.49%
  14149  9476   454370.1744   187   764207.0000   248459.1056  2004947   67.49%
  14379  9661   392749.4065   177   764207.0000   248945.0211  2032460   67.42%
  14598  9900   429897.4080   196   764207.0000   248945.0211  2066064   67.42%
  14843 10048   388045.3354   228   764207.0000   248945.0211  2091090   67.42%
  15130 10418   583382.5507   157   764207.0000   249075.4193  2138006   67.41%
Elapsed time = 2708.15 sec. (329019.09 ticks, tree = 4189.77 MB, solutions = 15)
Nodefile size = 2120.50 MB (1335.80 MB after compression)
  15388 10673   521726.6274   161   764207.0000   249132.3289  2168224   67.40%
  15642 10846   642868.7267   156   764207.0000   249481.9297  2186357   67.35%
  15855 11167   395089.9788   192   764207.0000   249515.0844  2234088   67.35%
  16071 11306   609024.3092   148   764207.0000   249705.9994  2251041   67.32%
  16279 11610   419294.8027   222   764207.0000   249710.3910  2303066   67.32%
  16505 11818   321332.0562   208   764207.0000   249719.6020  2336676   67.32%
  16748 11927   538331.3037   201   764207.0000   249811.7852  2351131   67.31%
  17053 12347   660370.1486   154   764207.0000   250020.5379  2407961   67.28%
  17315 12630   528563.7138   164   764207.0000   250020.5379  2440388   67.28%
  17573 12842   521401.9183   139   764207.0000   250099.6367  2466178   67.27%
Elapsed time = 3095.69 sec. (367334.38 ticks, tree = 5240.89 MB, solutions = 15)
Nodefile size = 3162.28 MB (1995.61 MB after compression)
  17795 13165   580185.5393   199   764207.0000   250289.6252  2513665   67.25%
  18046 13189   390157.9268   125   764207.0000   250934.0449  2518680   67.16%
  18412 13438   553173.6651   141   764207.0000   252540.8785  2558962   66.95%
Starting limited solution polishing.
  18717 13742   665891.9203   151   764207.0000   252540.8785  2595683   66.95%
  18936 14199   385825.6253   203   764207.0000   252640.7175  2663048   66.94%
* 19005+14314                       763532.0000   252640.7175            66.91%
  19186 14453   406302.5000   106   763532.0000   252835.4002  2702766   66.89%
  19491 14558   658756.2210   182   763532.0000   252835.4002  2718997   66.89%
* 19665+14914                       759234.0000   252835.4002            66.70%
  19766 14874   621750.7573   168   759234.0000   253050.6813  2755509   66.67%
  19958 14981   349939.9304   182   759234.0000   253050.6813  2782533   66.67%
  20123 15257   630697.7554   165   759234.0000   253050.6813  2817478   66.67%
Elapsed time = 3432.24 sec. (405685.11 ticks, tree = 6130.95 MB, solutions = 18)
Nodefile size = 4047.56 MB (2549.28 MB after compression)
  20301 15332   333701.1937   208   759234.0000   253050.6813  2836920   66.67%
  20453 15567   473839.1150   182   759234.0000   253050.6813  2873200   66.67%
  20616 15594   522435.7719   204   759234.0000   253385.0099  2875802   66.63%
  20770 15898   591398.7732   165   759234.0000   253927.6798  2915771   66.55%
  20936 15943   697850.8810   148   759234.0000   253927.6798  2920102   66.55%
* 20954+15942                       759191.0000   253927.6798            66.55%
* 20958+15942                       759034.0000   253927.6798            66.55%
  21131 16121   581298.4247   113   759034.0000   253927.6798  2945485   66.55%
* 21203+16128                       752055.0000   253927.6798            66.24%
* 21257+16245                       751187.0000   253927.6798            66.20%
* 21342+16245                       750765.0000   253927.6798            66.18%
  21344 16250   422788.6076   205   750765.0000   253927.6798  2967734   66.18%
  21361 16337   688587.8931   121   750765.0000   253927.6798  2972814   66.18%

Implied bound cuts applied:  1
Zero-half cuts applied:  374
Lift and project cuts applied:  64

Root node processing (before b&c):
  Real time             =   50.96 sec. (37745.24 ticks)
Parallel b&c, 8 threads:
  Real time             = 3552.17 sec. (399859.42 ticks)
  Sync time (average)   =  611.33 sec.
  Wait time (average)   =    0.02 sec.
                          ------------
Total (root+branch&cut) = 3603.13 sec. (437604.66 ticks)
Status: Feasible
Obj: 750765

Instalacoes abertas:
Instalação 0 aberta
Instalação 1 aberta
Instalação 4 aberta
Instalação 8 aberta
Instalação 9 aberta
Instalação 13 aberta
Instalação 16 aberta
Instalação 18 aberta
Instalação 19 aberta
Instalação 20 aberta
Instalação 22 aberta
Instalação 23 aberta
Instalação 25 aberta
Instalação 27 aberta
Instalação 30 aberta
Instalação 34 aberta
Instalação 39 aberta
Instalação 42 aberta
Instalação 46 aberta
Instalação 47 aberta
Instalação 49 aberta

Atribuições (cliente -> instalação):
Cliente 0 -> Instalação 1
Cliente 1 -> Instalação 0
Cliente 2 -> Instalação 34
Cliente 3 -> Instalação 25
Cliente 4 -> Instalação 20
Cliente 5 -> Instalação 4
Cliente 6 -> Instalação 8
Cliente 7 -> Instalação 39
Cliente 8 -> Instalação 0
Cliente 9 -> Instalação 9
Cliente 10 -> Instalação 19
Cliente 11 -> Instalação 22
Cliente 12 -> Instalação 20
Cliente 13 -> Instalação 13
Cliente 14 -> Instalação 34
Cliente 15 -> Instalação 49
Cliente 16 -> Instalação 1
Cliente 17 -> Instalação 25
Cliente 18 -> Instalação 18
Cliente 19 -> Instalação 19
Cliente 20 -> Instalação 16
Cliente 21 -> Instalação 47
Cliente 22 -> Instalação 49
Cliente 23 -> Instalação 9
Cliente 24 -> Instalação 16
Cliente 25 -> Instalação 27
Cliente 26 -> Instalação 46
Cliente 27 -> Instalação 27
Cliente 28 -> Instalação 13
Cliente 29 -> Instalação 23
Cliente 30 -> Instalação 39
Cliente 31 -> Instalação 22
Cliente 32 -> Instalação 23
Cliente 33 -> Instalação 39
Cliente 34 -> Instalação 1
Cliente 35 -> Instalação 18
Cliente 36 -> Instalação 25
Cliente 37 -> Instalação 9
Cliente 38 -> Instalação 46
Cliente 39 -> Instalação 13
Cliente 40 -> Instalação 16
Cliente 41 -> Instalação 42
Cliente 42 -> Instalação 42
Cliente 43 -> Instalação 47
Cliente 44 -> Instalação 47
Cliente 45 -> Instalação 49
Cliente 46 -> Instalação 8
Cliente 47 -> Instalação 4
Cliente 48 -> Instalação 30
Cliente 49 -> Instalação 30
