Version identifier: 22.1.1.0 | 2022-11-28 | 9160aff4d
CPXPARAM_TimeLimit                               3600
Tried aggregator 1 time.
MIP Presolve eliminated 50 rows and 1 columns.
Reduced MIP has 27650 rows, 3052 columns, and 82850 nonzeros.
Reduced MIP has 3052 binaries, 0 generals, 0 SOSs, and 0 indicators.
Presolve time = 0.04 sec. (40.11 ticks)
Found incumbent of value 2.2174918e+07 after 0.06 sec. (50.75 ticks)
Probing time = 0.01 sec. (6.00 ticks)
Tried aggregator 1 time.
Detecting symmetries...
Reduced MIP has 27650 rows, 3052 columns, and 82850 nonzeros.
Reduced MIP has 3052 binaries, 0 generals, 0 SOSs, and 0 indicators.
Presolve time = 0.05 sec. (48.29 ticks)
Probing time = 0.02 sec. (6.00 ticks)
Clique table members: 2500.
MIP emphasis: balance optimality and feasibility.
MIP search method: dynamic search.
Parallel mode: deterministic, using up to 8 threads.
Root relaxation solution time = 0.06 sec. (41.51 ticks)

        Nodes                                         Cuts/
   Node  Left     Objective  IInf  Best Integer    Best Bound    ItCnt     Gap

*     0+    0                       2.21749e+07        0.0000           100.00%
*     0+    0                       1.62612e+07        0.0000           100.00%
*     0+    0                       943699.0000        0.0000           100.00%
*     0+    0                       918839.0000        0.0000           100.00%
      0     0    93774.0000   100   918839.0000    93774.0000      181   89.79%
*     0+    0                       470087.0000    93774.0000            80.05%
      0     0   106217.5000   100   470087.0000    Cuts: 1207      393   77.40%
*     0+    0                       467625.0000   106217.5000            77.29%
      0     0   118774.0000    98   467625.0000    Cuts: 1269      606   74.60%
*     0+    0                       401109.0000   118774.0000            70.39%
      0     0   129616.7500   211   401109.0000 ZeroHalf: 429     1781   67.69%
*     0+    0                       400441.0000   129616.7500            67.63%
*     0+    0                       398778.0000   129616.7500            67.50%
      0     0  -1.00000e+75     0   398778.0000   129616.7500     1781   67.50%
*     0+    0                       397012.0000   129616.7500            67.35%
*     0+    0                       392931.0000   129616.7500            67.01%
      0     0   134253.5726   221   392931.0000 ZeroHalf: 380     2347   65.83%
      0     0   140925.2085   186   392931.0000     Cuts: 584     3159   64.13%
Detecting symmetries...
      0     0   143667.8542   181   392931.0000     Cuts: 323     3646   63.44%
*     0+    0                       392803.0000   143667.8542            63.42%
      0     0   146854.6253   187   392803.0000     Cuts: 238     4105   62.61%
      0     0   148744.6837   213   392803.0000     Cuts: 180     4463   62.13%
*     0+    0                       388126.0000   148744.6837            61.68%
      0     0   150213.1128   181   388126.0000     Cuts: 175     4857   61.30%
      0     0   151263.1372   187   388126.0000     Cuts: 118     5122   61.03%
      0     0   152288.4647   180   388126.0000     Cuts: 115     5359   60.76%
*     0+    0                       366959.0000   152288.4647            58.50%
*     0+    0                       362396.0000   152288.4647            57.98%
      0     0   153565.2380   180   362396.0000     Cuts: 102     5746   57.63%
      0     0   155156.7234   206   362396.0000     Cuts: 128     6139   57.19%
      0     0   155984.2259   179   362396.0000     Cuts: 193     6416   56.96%
      0     0   157521.4178   202   362396.0000      Cuts: 96     6741   56.53%
      0     0   158289.4965   180   362396.0000     Cuts: 263     7036   56.32%
      0     0   159660.2330   184   362396.0000      Cuts: 65     7331   55.94%
      0     0   160616.2045   184   362396.0000      Cuts: 88     7663   55.68%
      0     0   161400.4886   205   362396.0000      Cuts: 66     7917   55.46%
      0     0   161881.4307   214   362396.0000      Cuts: 63     8127   55.33%
      0     0   162117.4908   181   362396.0000      Cuts: 74     8248   55.27%
      0     0   162346.9811   225   362396.0000      Cuts: 54     8395   55.20%
      0     0   162752.8015   216   362396.0000      Cuts: 55     8599   55.09%
      0     0   162986.7932   196   362396.0000     Cuts: 156     8765   55.03%
      0     0   163225.5871   197   362396.0000      Cuts: 53     8946   54.96%
      0     0   163479.1115   184   362396.0000      Cuts: 95     9093   54.89%
      0     0   163811.8291   181   362396.0000      Cuts: 58     9271   54.80%
      0     0   164111.0522   180   362396.0000      Cuts: 83     9417   54.71%
      0     0   164455.9136   202   362396.0000      Cuts: 39     9581   54.62%
      0     0   164902.9262   205   362396.0000      Cuts: 72     9757   54.50%
      0     0   165290.2826   207   362396.0000      Cuts: 52     9924   54.39%
      0     0   165572.7729   207   362396.0000      Cuts: 45    10089   54.31%
      0     0   165855.4585   210   362396.0000      Cuts: 41    10251   54.23%
      0     0   166269.6467   207   362396.0000      Cuts: 51    10453   54.12%
      0     0   166403.2010   210   362396.0000      Cuts: 26    10559   54.08%
      0     0   166547.3418   210   362396.0000      Cuts: 31    10670   54.04%
      0     0   166739.0735   204   362396.0000      Cuts: 31    10825   53.99%
      0     0   166966.9402   183   362396.0000     Cuts: 141    10937   53.93%
      0     0   167323.6372   182   362396.0000      Cuts: 43    11132   53.83%
      0     0   167610.6810   185   362396.0000      Cuts: 52    11261   53.75%
      0     0   167958.7924   181   362396.0000      Cuts: 26    11429   53.65%
      0     0   168183.1103   181   362396.0000      Cuts: 34    11589   53.59%
      0     0   168604.4151   210   362396.0000      Cuts: 37    11764   53.48%
      0     0   168872.0549   201   362396.0000      Cuts: 57    11935   53.40%
      0     0   169143.1343   204   362396.0000      Cuts: 40    12041   53.33%
      0     0   169265.2876   205   362396.0000      Cuts: 73    12138   53.29%
      0     0   169383.4519   176   362396.0000      Cuts: 54    12244   53.26%
      0     0   169516.7087   193   362396.0000      Cuts: 26    12361   53.22%
      0     0   169705.2939   192   362396.0000      Cuts: 29    12462   53.17%
      0     0   169747.7247   195   362396.0000      Cuts: 21    12499   53.16%
      0     0   169775.2484   196   362396.0000      Cuts: 10    12534   53.15%
Detecting symmetries...
      0     2   169775.2484   196   362396.0000   169775.2484    12534   53.15%
Elapsed time = 25.35 sec. (9218.28 ticks, tree = 0.02 MB, solutions = 15)
      5     5   176099.8824   176   362396.0000   169872.6852    13371   53.13%
     25    22   184384.2764   183   362396.0000   171001.5503    19224   52.81%
     44    27   179853.0779   177   362396.0000   171001.5503    21470   52.81%
     82    50   207497.6905   165   362396.0000   171001.5503    30618   52.81%
    122   102   268354.1667   101   362396.0000   171001.5503    41377   52.81%
    177   144   298398.1250    93   362396.0000   171001.5503    49619   52.81%
    234   198   292971.5000    78   362396.0000   171001.5503    57634   52.81%
    318   230   239298.6667    97   362396.0000   171001.5503    62219   52.81%
*   328+  149                       352423.0000   171001.5503            51.48%
    395   334   322875.5000    72   352423.0000   171001.5503    71012   51.48%
    651   587   197701.1734   170   352423.0000   171001.5503   101745   51.48%
Elapsed time = 39.92 sec. (12456.84 ticks, tree = 47.94 MB, solutions = 17)
    928   732   347046.5000    43   352423.0000   178164.6792   124506   49.45%
*   932   731      integral     0   349174.0000   178164.6792   124523   48.98%
   1242  1056   309980.5000    64   349174.0000   178164.6792   159149   48.98%
*  1501  1282      integral     0   348899.0000   179834.4871   177456   48.46%
   1549  1362   324475.2736   147   348899.0000   179834.4871   183990   48.46%

Performing restart 1

Repeating presolve.
Tried aggregator 1 time.
MIP Presolve eliminated 2820 rows and 190 columns.
Reduced MIP has 24830 rows, 2862 columns, and 74390 nonzeros.
Reduced MIP has 2862 binaries, 0 generals, 0 SOSs, and 0 indicators.
Presolve time = 0.04 sec. (38.07 ticks)
Tried aggregator 1 time.
Reduced MIP has 24830 rows, 2862 columns, and 74390 nonzeros.
Reduced MIP has 2862 binaries, 0 generals, 0 SOSs, and 0 indicators.
Presolve time = 0.05 sec. (44.69 ticks)
Represolve time = 0.15 sec. (125.74 ticks)
*  1696+    0                       347997.0000   179834.4871            48.32%
   1696     0   170737.6004   200   347997.0000      Cuts: 59   210123   48.32%
   1696     0   171897.7279   183   347997.0000      Cuts: 90   210450   48.32%
   1696     0   172599.5002   206   347997.0000      Cuts: 75   210696   48.32%
*  1696+    0                       347292.0000   179834.4871            48.22%
   1696     0  -1.00000e+75     0   347292.0000   179834.4871   210696   48.22%
*  1696+    0                       338977.0000   179834.4871            46.95%
   1696     0   172916.6118   214   338977.0000      Cuts: 67   210886   46.95%
   1696     0   173153.5981   208   338977.0000      Cuts: 59   211080   46.95%
   1696     0   173544.1568   201   338977.0000      Cuts: 69   211257   46.95%
   1696     0   174176.0539   208   338977.0000      Cuts: 80   211490   46.95%
   1696     0   174947.3757   211   338977.0000      Cuts: 97   211687   46.95%
   1696     0   175485.4201   217   338977.0000      Cuts: 82   211909   46.95%
   1696     0   175850.8315   219   338977.0000      Cuts: 84   212121   46.95%
   1696     2   175850.8315   219   338977.0000   179834.4871   212121   46.95%
   1697     3   176042.4859   205   338977.0000   179834.4871   212184   46.95%
   1699     5   176627.3769   207   338977.0000   179834.4871   212367   46.95%
   1702     6   176950.8088   197   338977.0000   179834.4871   212451   46.95%
   1709     9   178803.8165   233   338977.0000   179834.4871   214386   46.95%
   1714    10   189168.3638   210   338977.0000   179834.4871   215445   46.95%
   1727    24   188936.6113   210   338977.0000   179834.4871   222484   46.95%
Elapsed time = 120.07 sec. (36208.60 ticks, tree = 0.43 MB, solutions = 22)
   1739    26   204398.6186   164   338977.0000   179834.4871   223703   46.95%
   1749    28   202149.2454   184   338977.0000   179834.4871   223988   46.95%
   1760    50   190380.4056   200   338977.0000   179834.4871   231107   46.95%
   1801    74   216062.5294   150   338977.0000   179834.4871   239834   46.95%
   1850   131   212962.9387   158   338977.0000   179834.4871   257784   46.95%
   1884   111   208892.9638   190   338977.0000   179834.4871   250401   46.95%
   1937   189   215979.5549   180   338977.0000   179834.4871   272802   46.95%
   1986   223   261145.9688   140   338977.0000   179834.4871   281116   46.95%
   2040   306   219351.9831   168   338977.0000   179834.4871   298646   46.95%
   2119   294   238645.5785   155   338977.0000   179834.4871   294809   46.95%
Elapsed time = 177.51 sec. (46057.02 ticks, tree = 1.69 MB, solutions = 22)
   2180   387   250924.6100   150   338977.0000   179834.4871   311055   46.95%
   2253   493   291627.6905   124   338977.0000   179834.4871   328096   46.95%
   2329   562   314746.5000    69   338977.0000   179834.4871   340312   46.95%
   2395   575   319813.8333    93   338977.0000   179834.4871   341053   46.95%
   2481   662   336420.4545    98   338977.0000   179834.4871   353134   46.95%
   2574   735   319552.3478   127   338977.0000   179834.4871   370009   46.95%
   2697   754        cutoff         338977.0000   179834.4871   371676   46.95%
   2815   771   297109.4545   140   338977.0000   179834.4871   373822   46.95%
   2919  1074   293975.3118   188   338977.0000   179834.4871   418101   46.95%
   3030  1025        cutoff         338977.0000   179834.4871   407851   46.95%
Elapsed time = 233.13 sec. (55655.26 ticks, tree = 4.76 MB, solutions = 22)
   3176  1235   292737.0000    72   338977.0000   179834.4871   434388   46.95%
   3276  1271   209953.5080   197   338977.0000   179834.4871   442090   46.95%
   3362  1426   301747.7273   102   338977.0000   179834.4871   467492   46.95%
   3483  1538   291117.7462   169   338977.0000   179834.4871   492495   46.95%
   3604  1651   251216.7333   145   338977.0000   186714.6129   516550   44.92%
   3728  1752   266627.6269   181   338977.0000   186714.6129   536955   44.92%
   3860  1718   330624.0000    99   338977.0000   186714.6129   525634   44.92%
   3967  1893   256495.1000   142   338977.0000   186714.6129   561457   44.92%
   4079  1932   252966.1190   158   338977.0000   186730.1694   567409   44.91%
   4186  2151   254376.3323   174   338977.0000   186730.1694   608625   44.91%
Elapsed time = 287.94 sec. (65271.07 ticks, tree = 8.49 MB, solutions = 22)
   4343  2198   337595.9188   158   338977.0000   186730.1694   614967   44.91%
   4468  2453   216018.1476   170   338977.0000   187254.6351   650195   44.76%
   4579  2468   247130.1704   199   338977.0000   187254.6351   653783   44.76%
   4720  2658   274229.6346   157   338977.0000   187254.6351   684477   44.76%
   4828  2811   207971.8829   179   338977.0000   189474.2481   709309   44.10%
   4959  2844   299784.6040   192   338977.0000   189474.2481   715586   44.10%
   5074  2984   285701.9908   166   338977.0000   189474.2481   747800   44.10%
   5169  3084   272714.2802   184   338977.0000   189474.2481   767288   44.10%
   5317  3248   280773.8333   122   338977.0000   189474.2481   798750   44.10%
   5446  3311   312523.7252   176   338977.0000   189474.2481   808337   44.10%
Elapsed time = 345.81 sec. (74848.13 ticks, tree = 13.33 MB, solutions = 22)
   5626  3507   319088.5342   155   338977.0000   189474.2481   835680   44.10%
   5795  3496   333194.6667   126   338977.0000   189474.2481   834382   44.10%
   5896  3613   338896.9143   157   338977.0000   189474.2481   848348   44.10%
   5978  3935   241430.9906   180   338977.0000   190384.9432   897053   43.84%
   6115  4018   334709.5000    66   338977.0000   191027.0344   917062   43.65%
   6263  4094   328517.5000   177   338977.0000   191027.0344   935957   43.65%
   6387  4184   230895.4211   174   338977.0000   191138.6835   955651   43.61%
   6501  4364   290680.6202   207   338977.0000   191138.6835   984765   43.61%
   6653  4476   318175.9817   181   338977.0000   191138.6835  1007923   43.61%
   6790  4575   320675.0637   165   338977.0000   191138.6835  1022374   43.61%
Elapsed time = 404.78 sec. (84433.81 ticks, tree = 18.47 MB, solutions = 22)
   6904  4714   331892.1485   164   338977.0000   191138.6835  1040357   43.61%
   7008  4754   255822.0607   213   338977.0000   191942.3135  1055260   43.38%
   7151  4840   270324.3375   115   338977.0000   192118.2248  1074614   43.32%
   7286  5028   336225.8333    77   338977.0000   192118.2248  1113332   43.32%
   7408  5165   237098.8141   234   338977.0000   192118.2248  1142183   43.32%
   7532  5222   280133.1289   184   338977.0000   192118.2248  1153698   43.32%
   7644  5399   258531.6350   222   338977.0000   192534.6494  1190132   43.20%
   7773  5464   294069.1524   187   338977.0000   192534.6494  1200003   43.20%
   7922  5563   258936.5408   182   338977.0000   192944.2911  1220312   43.08%
   8057  5731   331552.3333   122   338977.0000   192944.2911  1245219   43.08%
Elapsed time = 465.07 sec. (94020.26 ticks, tree = 26.10 MB, solutions = 22)
   8190  5774   333076.6618   180   338977.0000   192956.4458  1251976   43.08%
   8345  5883   313067.1438   173   338977.0000   193051.7252  1270667   43.05%
   8486  6202   319305.6829   203   338977.0000   193400.0899  1318826   42.95%
   8650  6275   277867.3421   157   338977.0000   193400.0899  1331192   42.95%
   8778  6429   224247.0507   192   338977.0000   193534.9413  1358541   42.91%
   8924  6624   311065.1190   168   338977.0000   193534.9413  1385901   42.91%
   9075  6827   311386.0000   106   338977.0000   193902.2275  1423772   42.80%
   9243  6628   324920.8667   167   338977.0000   193902.2275  1384728   42.80%
*  9264+ 6755                       338249.0000   193902.2275            42.67%
   9377  6945   210761.6601   197   338249.0000   194155.6901  1444697   42.60%
   9532  7043   270411.2711   151   338249.0000   194155.6901  1465007   42.60%
Elapsed time = 523.96 sec. (103650.49 ticks, tree = 31.49 MB, solutions = 23)
   9645  7137   299278.7938   167   338249.0000   194155.6901  1475150   42.60%
   9800  7192   281587.3530   181   338249.0000   194423.1573  1488558   42.52%
   9967  7360   335885.9000   131   338249.0000   194423.1573  1512971   42.52%
  10116  7553   297511.5000   125   338249.0000   194852.1070  1544064   42.39%
  10329  7679   289287.9788   125   338249.0000   194852.1070  1570150   42.39%
  10489  7923   333568.5000    89   338249.0000   194852.1070  1594401   42.39%
  10614  7929   218671.2804   184   338249.0000   195146.5934  1596600   42.31%
  10755  8086   294207.3587   170   338249.0000   195312.3836  1618882   42.26%
  10976  8355   318770.2571   146   338249.0000   195312.3836  1655490   42.26%
* 11032+ 8325                       332470.0000   195312.3836            41.25%
* 11508+ 8421                       331508.0000   195415.2776            41.05%
  11544  8361   290418.0268   145   331508.0000   195415.2776  1755241   41.05%
Elapsed time = 594.87 sec. (116114.83 ticks, tree = 37.06 MB, solutions = 25)
  12065  8765        cutoff         331508.0000   196081.8170  1857317   40.85%
  12569  9123   277753.0114   151   331508.0000   197066.4993  1930346   40.55%
  13187  9839   273804.0833   166   331508.0000   197819.1344  2056443   40.33%
  13764 10168   327822.2667   174   331508.0000   197958.1667  2109052   40.29%
  14336 10868   213240.5018   176   331508.0000   198457.4162  2240286   40.13%
  14900 11219   221300.9331   199   331508.0000   198890.7358  2309325   40.00%
  15436 11907   279765.9598   176   331508.0000   199473.3701  2439980   39.83%
  15991 12335   320053.1250    96   331508.0000   199689.7762  2516233   39.76%
  16691 13150   243376.8125   137   331508.0000   200099.4279  2653712   39.64%
  17300 13747   306901.9413   168   331508.0000   200477.5955  2752031   39.53%
Elapsed time = 827.05 sec. (154322.05 ticks, tree = 59.56 MB, solutions = 25)
  17651 14051   231020.6489   173   331508.0000   201109.5511  2809160   39.33%
  18135 14247   277553.5575   208   331508.0000   201119.5418  2855079   39.33%
  18724 14744   325574.1250   113   331508.0000   202045.7866  2941097   39.05%
  19336 15354   305120.4259   154   331508.0000   202529.2799  3050605   38.91%
  19994 16013   205800.7774   189   331508.0000   202762.7235  3159815   38.84%
  20688 16772   307354.3529   130   331508.0000   202973.6990  3274716   38.77%
  21334 17418   272337.7485   174   331508.0000   203574.5201  3377993   38.59%
* 21796 17652      integral     0   329308.0000   203686.4514  3416762   38.15%
  22026 17949   298561.3184   181   329308.0000   203686.4514  3460710   38.15%
  22649 17906   222290.2705   180   329308.0000   203760.0017  3516901   38.12%
  23389 18401   284691.0904   181   329308.0000   203812.6174  3594522   38.11%
Elapsed time = 1057.71 sec. (192537.69 ticks, tree = 128.14 MB, solutions = 26)
  24091 19070   303796.7273   139   329308.0000   204421.7664  3666225   37.92%
  24705 19704   227180.0714   169   329308.0000   204528.7665  3744879   37.89%
  25407 20514   294261.0000   143   329308.0000   204630.7150  3836012   37.86%
  26060 21134   302823.6310   160   329308.0000   204798.6115  3903959   37.81%
  26691 21650   265524.1907   173   329308.0000   204979.9164  3960195   37.75%
  27462 22007   314451.8750   111   329308.0000   204985.2376  3999013   37.75%
  28200 23088   253248.9754   160   329308.0000   205620.3929  4115833   37.56%
  28953 23498   317127.1786   187   329308.0000   205916.2586  4152422   37.47%
  29721 24227   265810.7727   156   329308.0000   206191.2661  4238700   37.39%
  30478 25265   258169.4270   177   329308.0000   206464.7147  4350575   37.30%
Elapsed time = 1303.28 sec. (230734.36 ticks, tree = 1005.57 MB, solutions = 26)
  31185 25581   312568.9251   159   329308.0000   206920.2546  4375923   37.17%
  32029 26699   292923.7708   143   329308.0000   207163.9509  4491863   37.09%
  32916 26978   309679.0123   158   329308.0000   207557.3259  4516666   36.97%
  33666 27850   259403.8271   163   329308.0000   207730.8552  4596215   36.92%
  34160 28861   268720.2725   149   329308.0000   207776.8769  4697853   36.91%
  34562 28995   230614.8788   148   329308.0000   207776.8769  4716176   36.91%

Performing restart 2

Repeating presolve.
Tried aggregator 2 times.
MIP Presolve eliminated 840 rows and 56 columns.
Aggregator did 2 substitutions.
Reduced MIP has 23988 rows, 2804 columns, and 93099 nonzeros.
Reduced MIP has 2804 binaries, 0 generals, 0 SOSs, and 0 indicators.
Presolve time = 0.13 sec. (137.31 ticks)
Tried aggregator 1 time.
Reduced MIP has 23988 rows, 2804 columns, and 93099 nonzeros.
Reduced MIP has 2804 binaries, 0 generals, 0 SOSs, and 0 indicators.
Presolve time = 0.07 sec. (69.05 ticks)
Represolve time = 0.28 sec. (263.28 ticks)
  34615     0   177747.0902   235   329308.0000      Cuts: 39  4793487   36.75%
  34615     0   178074.1480   227   329308.0000      Cuts: 30  4793659   36.75%
  34615     0   178439.6573   227   329308.0000      Cuts: 47  4793860   36.75%
* 34615+    0                       328831.0000   208294.2189            36.66%
* 34615+    0                       324984.0000   208294.2189            35.91%
* 34615+    0                       324968.0000   208294.2189            35.90%
  34615     0  -1.00000e+75     0   324968.0000   208294.2189  4793860   35.90%
  34615     0   178681.6615   230   324968.0000      Cuts: 66  4794042   35.90%
  34615     0   178942.5950   232   324968.0000      Cuts: 46  4794246   35.90%
  34615     0   179167.8878   229   324968.0000      Cuts: 52  4794383   35.90%
  34615     0   179376.8879   228   324968.0000      Cuts: 45  4794500   35.90%
  34615     2   179376.8879   228   324968.0000   208294.2189  4794500   35.90%
  34627     8   201545.1703   172   324968.0000   208294.2189  4796931   35.90%
  34663    40   198221.1495   184   324968.0000   208294.2189  4816322   35.90%
  34782    98   229864.8380   144   324968.0000   208294.2189  4837461   35.90%
Elapsed time = 1523.95 sec. (279864.77 ticks, tree = 0.95 MB, solutions = 29)
  35057   327   270365.0571   142   324968.0000   208294.2189  4879123   35.90%
  35428   513   312861.1176   150   324968.0000   208294.2189  4910418   35.90%
  35869   933   237085.3571   181   324968.0000   208294.2189  4988889   35.90%
  36290  1314   241075.7801   187   324968.0000   208294.2189  5027780   35.90%
  36828  1861   279865.1707   154   324968.0000   208294.2189  5059822   35.90%
  37461  2243   324040.1048   149   324968.0000   208294.2189  5092295   35.90%
  38141  2980   208889.2922   199   324968.0000   208294.2189  5160518   35.90%
  38862  3757   259432.0092   211   324968.0000   208294.2189  5225455   35.90%
  39517  4315   273978.4286   151   324968.0000   208294.2189  5293116   35.90%
  40156  4868   288063.4737   144   324968.0000   208294.2189  5347823   35.90%
Elapsed time = 1768.40 sec. (318115.07 ticks, tree = 562.48 MB, solutions = 29)
  40856  5570   243254.6015   217   324968.0000   208294.2189  5419620   35.90%
  41659  6245   210136.7054   188   324968.0000   208294.2189  5474523   35.90%
  42412  6781   221465.8818   181   324968.0000   208294.2189  5523458   35.90%
  43014  7578   311716.9041   163   324968.0000   208294.2189  5591744   35.90%
  43739  8101   281231.6194   163   324968.0000   208294.2189  5636084   35.90%
  44456  8956   286093.1315   182   324968.0000   208294.2189  5729061   35.90%
  45188  9595   318780.8172   161   324968.0000   208294.2189  5797165   35.90%
  45982 10155   230317.8184   201   324968.0000   208294.2189  5849236   35.90%
  46895 11009   306102.0322   182   324968.0000   208294.2189  5919180   35.90%
  47722 11817   226264.4028   186   324968.0000   208294.2189  5987121   35.90%
Elapsed time = 2011.85 sec. (356297.52 ticks, tree = 1333.79 MB, solutions = 29)
  48605 12493   287656.5978   175   324968.0000   208294.2189  6043421   35.90%
  49430 13530   316091.4430   138   324968.0000   208294.2189  6136505   35.90%
  50140 14246   305016.1111   123   324968.0000   208294.2189  6213109   35.90%
  50673 14515   298592.6940   169   324968.0000   208294.2189  6234868   35.90%
  51357 15480   232481.5909   169   324968.0000   208294.2189  6320151   35.90%
  52102 15707   298020.6222   176   324968.0000   208294.2189  6347355   35.90%
  52872 16788   258367.7296   170   324968.0000   208294.2189  6458952   35.90%
  53677 17181   307204.4568   135   324968.0000   208294.2189  6502468   35.90%
  54544 18333   313836.5951   168   324968.0000   208294.2189  6602750   35.90%
  55430 19163   299434.6471   144   324968.0000   208294.2189  6667365   35.90%
Elapsed time = 2235.89 sec. (394503.07 ticks, tree = 2024.21 MB, solutions = 29)
  56250 19943   305563.0360   187   324968.0000   208294.2189  6738058   35.90%
  57166 20252   232166.2048   160   324968.0000   208294.2189  6768660   35.90%
  57916 21049   283254.6429   131   324968.0000   208294.2189  6835996   35.90%
  58604 22049   314529.0000    79   324968.0000   208294.2189  6932618   35.90%
  59396 22942   301814.1034   139   324968.0000   208294.2189  7011142   35.90%
  60108 23319   280920.4236   188   324968.0000   208294.2189  7049913   35.90%
  60838 24056   259956.3323   172   324968.0000   208294.2189  7119491   35.90%
  61676 24564   310852.3882   175   324968.0000   208294.2189  7174412   35.90%
  62474 25711   296345.0074   178   324968.0000   208294.2189  7279978   35.90%
  63209 25944   291987.6667   147   324968.0000   208412.4509  7305445   35.87%
Elapsed time = 2469.59 sec. (432701.84 ticks, tree = 2692.43 MB, solutions = 29)
Nodefile size = 624.02 MB (390.65 MB after compression)
  64055 26777   259594.0270   183   324968.0000   208456.7264  7388063   35.85%
  64869 27415   267116.8145   212   324968.0000   208726.6985  7444929   35.77%
  65610 28333   297339.5779   179   324968.0000   208892.2958  7527841   35.72%
  66348 29242   220937.6296   152   324968.0000   208925.2232  7620949   35.71%
  67096 30078   293631.8304   170   324968.0000   209277.4551  7713009   35.60%
  67781 30223   324806.5007   113   324968.0000   209309.8499  7733913   35.59%
  68531 31398   261015.7025   165   324968.0000   209740.0650  7843434   35.46%
  69315 32183   283875.9040   153   324968.0000   210082.1009  7921609   35.35%
  70178 32307   275339.6333   168   324968.0000   210141.8535  7929964   35.33%
  70988 33080   313656.8235   144   324968.0000   210265.9445  8001897   35.30%
Elapsed time = 2707.36 sec. (470919.40 ticks, tree = 3540.77 MB, solutions = 29)
Nodefile size = 1481.88 MB (927.68 MB after compression)
  71904 34001   305227.6500   143   324968.0000   210472.7841  8086278   35.23%
  72730 34753   294167.6500   107   324968.0000   210581.1280  8149505   35.20%
  73357 35763   269721.7172   200   324968.0000   210755.8225  8227617   35.15%
  74105 36513   263200.9404   150   324968.0000   210845.0581  8321295   35.12%
  74709 36818   275897.6834   178   324968.0000   211030.0065  8348271   35.06%
  75346 37551   324918.4750   168   324968.0000   211180.3542  8413525   35.02%
* 75481+36871                       321478.0000   211180.3542            34.31%
  76147 36733   276793.8947   152   321478.0000   211212.4357  8482553   34.30%
  76855 37215   304893.6098   154   321478.0000   211545.3037  8522718   34.20%
  77691 38604   320102.0200   124   321478.0000   211759.2779  8654477   34.13%
  78464 38622   300885.6364   134   321478.0000   211837.1078  8651824   34.11%
Elapsed time = 2920.39 sec. (509126.51 ticks, tree = 4165.56 MB, solutions = 30)
Nodefile size = 2104.75 MB (1315.54 MB after compression)
  79192 39674   318320.0185   100   321478.0000   211985.5540  8753588   34.06%
  80039 40161   314439.4828   131   321478.0000   212266.5339  8815870   33.97%
  80736 40871   296219.2586   150   321478.0000   212431.7945  8892801   33.92%
  81533 41727   277583.5882   155   321478.0000   212580.5515  8974370   33.87%
  82265 42759   294420.0805   178   321478.0000   212772.2850  9063984   33.81%
  82930 43463   318610.1667   158   321478.0000   212914.2015  9145783   33.77%
* 83060+43300                       315432.0000   212914.2015            32.50%
  83604 43713   283666.5504   156   315432.0000   212914.2015  9171843   32.50%
  84398 40237   304851.6771   139   315432.0000   213103.0463  9241638   32.44%
  85088 41163   268659.1787   140   315432.0000   213220.5396  9337823   32.40%
  85758 41661   265370.1937   190   315432.0000   213468.2000  9397751   32.33%
Elapsed time = 3139.35 sec. (547308.63 ticks, tree = 4628.53 MB, solutions = 31)
Nodefile size = 2561.31 MB (1597.01 MB after compression)
  86470 42085   265234.8571   129   315432.0000   213687.1935  9438100   32.26%
  87233 43169   300288.3125   132   315432.0000   213891.6765  9565663   32.19%
  88012 43718   306870.7700   152   315432.0000   214061.6655  9628171   32.14%
Starting limited solution polishing.
  88743 44174   287227.5195   155   315432.0000   214260.8728  9680624   32.07%
  89458 45210   278719.0065   149   315432.0000   214416.9943  9787671   32.02%
  90010 46106   287719.8333   185   315432.0000   214612.2877  9868647   31.96%
  90537 46338   263278.6603   190   315432.0000   214787.4830  9896651   31.91%
  90942 46524   306918.2088   158   315432.0000   214787.4830  9913255   31.91%
* 91371+46764                       315240.0000   214921.6692            31.82%
  91376 47093   297286.2826   146   315240.0000   214921.6692  9967828   31.82%
  91753 47355   270584.8878   142   315240.0000   215098.2353 10007989   31.77%
Elapsed time = 3332.22 sec. (585498.70 ticks, tree = 5420.91 MB, solutions = 32)
Nodefile size = 3350.24 MB (2086.95 MB after compression)
  92083 47582        cutoff         315240.0000   215122.0336 10032478   31.76%
  92458 47981   246460.3428   190   315240.0000   215256.9379 10082670   31.72%
  92787 48377   310845.0000   127   315240.0000   215294.7469 10133913   31.70%
  93183 48543   260762.9867   210   315240.0000   215294.7469 10155841   31.70%
* 93501+48496                       314041.0000   215313.7626            31.44%
* 93501+48553                       309689.0000   215313.7626            30.47%
  93667 44383   260715.9857   230   309689.0000   215535.8748 10210828   30.40%
  93993 44941   282768.4574   178   309689.0000   215617.8391 10265950   30.38%
  94477 44820   224527.4300   170   309689.0000   215617.8391 10257154   30.38%
  94796 45173   287288.0120   148   309689.0000   215676.6206 10298780   30.36%
  95329 45735   286654.0184   162   309689.0000   215817.5228 10365040   30.31%
  95843 46347   277981.2500   181   309689.0000   215983.2996 10425182   30.26%
Elapsed time = 3456.60 sec. (623721.69 ticks, tree = 5312.00 MB, solutions = 35)
Nodefile size = 3250.71 MB (2021.67 MB after compression)
  96261 46699   306825.1250   147   309689.0000   216024.5627 10457381   30.24%
  96654 46870   253692.3976   154   309689.0000   216270.9620 10474735   30.17%
  97141 47576   263849.8314   204   309689.0000   216280.4076 10555235   30.16%
  97490 47950   299433.2500   126   309689.0000   216370.6667 10593372   30.13%
  98129 48389   303580.5686   181   309689.0000   216464.9659 10630036   30.10%
  98364 48837   301734.0256   165   309689.0000   216498.3922 10678799   30.09%
  98964 49137   288385.8956   200   309689.0000   216673.3000 10708739   30.04%
  99327 49678   263292.2683   130   309689.0000   216673.3000 10764532   30.04%
  99802 50106   289906.8636   155   309689.0000   216772.0998 10821181   30.00%
 100308 50199   285497.7705   117   309689.0000   216787.6400 10831306   30.00%
Elapsed time = 3602.91 sec. (662038.23 ticks, tree = 5741.60 MB, solutions = 35)
Nodefile size = 3660.65 MB (2274.64 MB after compression)
 100332 49827   275329.9937   196   309689.0000   216787.6400 10787445   30.00%

Zero-half cuts applied:  397
Lift and project cuts applied:  255

Root node processing (before b&c):
  Real time             =   25.31 sec. (9173.17 ticks)
Parallel b&c, 8 threads:
  Real time             = 3577.60 sec. (658974.55 ticks)
  Sync time (average)   =  595.76 sec.
  Wait time (average)   =    0.01 sec.
                          ------------
Total (root+branch&cut) = 3602.91 sec. (668147.72 ticks)
Status: Feasible
Obj: 309689

Instalacoes abertas:
Instalação 1 aberta
Instalação 4 aberta
Instalação 8 aberta
Instalação 9 aberta
Instalação 13 aberta
Instalação 16 aberta
Instalação 20 aberta
Instalação 22 aberta
Instalação 47 aberta

Atribuições (cliente -> instalação):
Cliente 0 -> Instalação 47
Cliente 1 -> Instalação 47
Cliente 2 -> Instalação 13
Cliente 3 -> Instalação 4
Cliente 4 -> Instalação 8
Cliente 5 -> Instalação 8
Cliente 6 -> Instalação 47
Cliente 7 -> Instalação 20
Cliente 8 -> Instalação 8
Cliente 9 -> Instalação 8
Cliente 10 -> Instalação 22
Cliente 11 -> Instalação 1
Cliente 12 -> Instalação 16
Cliente 13 -> Instalação 13
Cliente 14 -> Instalação 9
Cliente 15 -> Instalação 4
Cliente 16 -> Instalação 20
Cliente 17 -> Instalação 20
Cliente 18 -> Instalação 1
Cliente 19 -> Instalação 20
Cliente 20 -> Instalação 1
Cliente 21 -> Instalação 1
Cliente 22 -> Instalação 22
Cliente 23 -> Instalação 4
Cliente 24 -> Instalação 16
Cliente 25 -> Instalação 22
Cliente 26 -> Instalação 47
Cliente 27 -> Instalação 20
Cliente 28 -> Instalação 4
Cliente 29 -> Instalação 9
Cliente 30 -> Instalação 47
Cliente 31 -> Instalação 13
Cliente 32 -> Instalação 47
Cliente 33 -> Instalação 8
Cliente 34 -> Instalação 8
Cliente 35 -> Instalação 20
Cliente 36 -> Instalação 9
Cliente 37 -> Instalação 13
Cliente 38 -> Instalação 9
Cliente 39 -> Instalação 13
Cliente 40 -> Instalação 16
Cliente 41 -> Instalação 16
Cliente 42 -> Instalação 9
Cliente 43 -> Instalação 8
Cliente 44 -> Instalação 1
Cliente 45 -> Instalação 4
Cliente 46 -> Instalação 4
Cliente 47 -> Instalação 1
Cliente 48 -> Instalação 9
Cliente 49 -> Instalação 9
