Version identifier: 22.1.1.0 | 2022-11-28 | 9160aff4d
CPXPARAM_TimeLimit                               3600
Found incumbent of value 2827923.000000 after 0.00 sec. (3.71 ticks)
Tried aggregator 1 time.
MIP Presolve eliminated 50 rows and 1 columns.
Reduced MIP has 57650 rows, 3652 columns, and 172850 nonzeros.
Reduced MIP has 3652 binaries, 0 generals, 0 SOSs, and 0 indicators.
Presolve time = 0.09 sec. (75.97 ticks)
Probing time = 0.03 sec. (8.44 ticks)
Tried aggregator 1 time.
Detecting symmetries...
Reduced MIP has 57650 rows, 3652 columns, and 172850 nonzeros.
Reduced MIP has 3652 binaries, 0 generals, 0 SOSs, and 0 indicators.
Presolve time = 0.12 sec. (92.53 ticks)
Probing time = 0.03 sec. (8.52 ticks)
Clique table members: 2500.
MIP emphasis: balance optimality and feasibility.
MIP search method: dynamic search.
Parallel mode: deterministic, using up to 8 threads.
Root relaxation solution time = 0.11 sec. (84.11 ticks)

        Nodes                                         Cuts/
   Node  Left     Objective  IInf  Best Integer    Best Bound    ItCnt     Gap

*     0+    0                      2827923.0000        0.0000           100.00%
*     0+    0                      1856592.0000        0.0000           100.00%
*     0+    0                      1764066.0000        0.0000           100.00%
      0     0    93774.0000   100  1764066.0000    93774.0000      171   94.68%
      0     0   106217.5000   100  1764066.0000    Cuts: 2776      379   93.98%
      0     0   118774.0000    98  1764066.0000    Cuts: 2818      694   93.27%
      0     0   130878.0556   181  1764066.0000 ZeroHalf: 1128     2066   92.58%
*     0+    0                      1685008.0000   130878.0556            92.23%
*     0+    0                      1514433.0000   130878.0556            91.36%
*     0+    0                      1513548.0000   130878.0556            91.35%
      0     0  -1.00000e+75     0  1513548.0000   130878.0556     2066   91.35%
      0     0   133327.7179   187  1513548.0000    Cuts: 1678     2752   91.19%
      0     0   139630.4860   192  1513548.0000     Cuts: 849     3340   90.77%
Detecting symmetries...
*     0+    0                      1257987.0000   139630.4860            88.90%
      0     0   148251.1438   209  1257987.0000     Cuts: 631     4147   88.22%
      0     0   155803.6828   182  1257987.0000     Cuts: 766     4990   87.61%
      0     0   161003.4275   236  1257987.0000     Cuts: 266     5800   87.20%
      0     0   164985.8557   206  1257987.0000     Cuts: 731     6485   86.88%
      0     0   168523.9751   207  1257987.0000     Cuts: 598     7219   86.60%
      0     0   170583.5936   201  1257987.0000     Cuts: 188     7697   86.44%
      0     0   173205.5348   199  1257987.0000     Cuts: 513     8306   86.23%
*     0+    0                      1107377.0000   173205.5348            84.36%
      0     0   175453.5148   216  1107377.0000     Cuts: 157     8792   84.16%
      0     0   176850.1352   195  1107377.0000     Cuts: 347     9238   84.03%
*     0+    0                      1049331.0000   176850.1352            83.15%
*     0+    0                      1030616.0000   176850.1352            82.84%
      0     0   178722.9718   214  1030616.0000     Cuts: 212     9710   82.66%
      0     0   180916.6849   257  1030616.0000     Cuts: 257    10429   82.45%
      0     0   182202.3710   232  1030616.0000     Cuts: 156    10750   82.32%
      0     0   183973.9214   202  1030616.0000     Cuts: 584    11280   82.15%
      0     0   185867.5700   199  1030616.0000     Cuts: 193    11888   81.97%
      0     0   187775.7685   199  1030616.0000     Cuts: 183    12423   81.78%
      0     0   189472.4952   204  1030616.0000     Cuts: 203    12980   81.62%
      0     0   190800.8652   233  1030616.0000     Cuts: 158    13422   81.49%
      0     0   191605.3657   233  1030616.0000     Cuts: 172    13651   81.41%
      0     0   192642.4266   198  1030616.0000     Cuts: 414    13992   81.31%
      0     0   193819.9236   206  1030616.0000     Cuts: 116    14505   81.19%
      0     0   194931.2356   198  1030616.0000     Cuts: 130    14919   81.09%
      0     0   196375.9366   229  1030616.0000      Cuts: 80    15385   80.95%
      0     0   197289.5628   196  1030616.0000     Cuts: 309    15660   80.86%
      0     0   198545.8355   219  1030616.0000      Cuts: 95    15960   80.74%
*     0+    0                      1013489.0000   198545.8355            80.41%
      0     0   199591.5930   224  1013489.0000     Cuts: 237    16259   80.31%
      0     0   200907.3181   201  1013489.0000     Cuts: 203    16678   80.18%
      0     0   201900.5044   219  1013489.0000      Cuts: 94    17065   80.08%
      0     0   202641.2149   217  1013489.0000     Cuts: 101    17488   80.01%
      0     0   203402.9830   219  1013489.0000     Cuts: 301    17813   79.93%
      0     0   204128.1668   198  1013489.0000     Cuts: 293    18163   79.86%
*     0+    0                      1012976.0000   204128.1668            79.85%
      0     0   204736.6427   225  1012976.0000      Cuts: 95    18433   79.79%
      0     0   205076.9492   219  1012976.0000      Cuts: 57    18645   79.76%
      0     0   205524.5210   221  1012976.0000      Cuts: 90    18925   79.71%
      0     0   205986.3265   236  1012976.0000      Cuts: 80    19299   79.67%
      0     0   206516.7685   232  1012976.0000      Cuts: 52    19599   79.61%
      0     0   207137.1879   227  1012976.0000      Cuts: 64    19905   79.55%
      0     0   207556.5334   233  1012976.0000      Cuts: 84    20169   79.51%
      0     0   208010.4230   233  1012976.0000      Cuts: 76    20451   79.47%
      0     0   208296.3673   232  1012976.0000      Cuts: 63    20625   79.44%
      0     0   208668.9157   200  1012976.0000     Cuts: 155    20872   79.40%
      0     0   209095.8346   218  1012976.0000      Cuts: 50    21161   79.36%
      0     0   209712.5299   220  1012976.0000      Cuts: 41    21460   79.30%
      0     0   210475.4609   218  1012976.0000     Cuts: 200    21740   79.22%
      0     0   211249.7438   213  1012976.0000     Cuts: 166    22076   79.15%
      0     0   211858.0824   216  1012976.0000     Cuts: 162    22394   79.09%
      0     0   212326.6392   227  1012976.0000     Cuts: 146    22625   79.04%
      0     0   212718.6943   208  1012976.0000      Cuts: 87    22903   79.00%
      0     0   213038.0729   229  1012976.0000     Cuts: 148    23157   78.97%
      0     0   213346.2259   218  1012976.0000      Cuts: 33    23300   78.94%
      0     0   213757.7314   229  1012976.0000     Cuts: 169    23597   78.90%
      0     0   214487.5936   222  1012976.0000      Cuts: 58    23844   78.83%
      0     0   215051.1010   219  1012976.0000      Cuts: 59    24094   78.77%
      0     0   215555.8800   226  1012976.0000     Cuts: 140    24414   78.72%
      0     0   215954.6476   220  1012976.0000      Cuts: 49    24637   78.68%
      0     0   216445.6021   217  1012976.0000     Cuts: 121    24915   78.63%
      0     0   216722.6070   227  1012976.0000      Cuts: 43    25083   78.61%
      0     0   217153.9485   224  1012976.0000      Cuts: 65    25279   78.56%
      0     0   217632.9230   217  1012976.0000      Cuts: 89    25598   78.52%
      0     0   217987.6382   231  1012976.0000      Cuts: 51    25867   78.48%
      0     0   218369.2789   229  1012976.0000      Cuts: 88    26162   78.44%
      0     0   218628.8678   239  1012976.0000      Cuts: 43    26391   78.42%
      0     0   218898.9892   241  1012976.0000      Cuts: 92    26691   78.39%
      0     0   219201.7727   223  1012976.0000     Cuts: 129    26913   78.36%
      0     0   219478.0432   231  1012976.0000     Cuts: 112    27093   78.33%
      0     0   219586.6352   254  1012976.0000      Cuts: 15    27220   78.32%
      0     0   219697.2542   244  1012976.0000  ZeroHalf: 19    27313   78.31%
*     0+    0                      1008628.0000   219697.2542            78.22%
*     0+    0                      1006848.0000   219697.2542            78.18%
      0     0  -1.00000e+75     0  1006848.0000   219697.2542    27313   78.18%
Detecting symmetries...
      0     2   219697.2542   244  1006848.0000   219697.2542    27313   78.18%
Elapsed time = 47.45 sec. (32549.03 ticks, tree = 0.02 MB, solutions = 14)
      2     4   265253.8595   180  1006848.0000   219701.2608    28278   78.18%
      6     8   267634.3953   180  1006848.0000   219701.2608    28835   78.18%
     12    13   295995.2470   170  1006848.0000   219701.2608    30067   78.18%
     16     4   240831.5660   204  1006848.0000   219701.2608    27608   78.18%
*    19+    6                      1005443.0000   219701.2608            78.15%
*    20+    6                      1000258.0000   219701.2608            78.04%
     22    17   241279.9741   181  1000258.0000   219701.2608    30756   78.04%
     30    30   346775.1667   107  1000258.0000   219881.6502    32608   78.02%
     39    37   242775.6642   212  1000258.0000   219881.6502    34513   78.02%
     46    29   267779.2336   177  1000258.0000   219881.6502    33812   78.02%
     56    44   246255.2214   203  1000258.0000   219881.6502    36434   78.02%
     96    91   594087.2500    91  1000258.0000   219881.6502    44881   78.02%
Elapsed time = 68.61 sec. (36283.43 ticks, tree = 8.08 MB, solutions = 14)
    154   135   304901.4703   172  1000258.0000   219881.6502    51778   78.02%
    253   233   703178.5000    74  1000258.0000   219881.6502    59733   78.02%
*   352+  313                       988740.0000   219881.6502            77.76%
    352   315   919789.0000     9   988740.0000   219881.6502    66860   77.76%
*   370   327      integral     0   950521.0000   219881.6502    68334   76.87%
*   394   338      integral     0   944689.0000   219881.6502    71212   76.72%
*   403   339      integral     0   944128.0000   219881.6502    72411   76.71%
    516   427   464395.7500    95   944128.0000   219881.6502    80603   76.71%
    681   529   640039.5000    61   944128.0000   219881.6502    87708   76.71%
    887   671   811813.1667    54   944128.0000   219881.6502    96707   76.71%
   1103   902   781235.0000    50   944128.0000   219881.6502   108943   76.71%
   1288  1168   938266.0000    28   944128.0000   220192.3786   121350   76.68%
   1374  1280   458441.7500    95   944128.0000   220695.8584   134654   76.62%
   1460  1348   823987.0000    48   944128.0000   221385.1827   145235   76.55%
Elapsed time = 127.15 sec. (45886.79 ticks, tree = 479.57 MB, solutions = 21)
   1550  1446   289812.2171   165   944128.0000   223062.4285   159718   76.37%
   1658  1468   696124.5000    48   944128.0000   223062.4285   158855   76.37%

Performing restart 1

Repeating presolve.
Tried aggregator 1 time.
MIP Presolve eliminated 601 rows and 16 columns.
Reduced MIP has 57049 rows, 3636 columns, and 171047 nonzeros.
Reduced MIP has 3636 binaries, 0 generals, 0 SOSs, and 0 indicators.
Presolve time = 0.09 sec. (77.53 ticks)
Tried aggregator 1 time.
Reduced MIP has 57049 rows, 3636 columns, and 171047 nonzeros.
Reduced MIP has 3636 binaries, 0 generals, 0 SOSs, and 0 indicators.
Presolve time = 0.11 sec. (94.75 ticks)
Represolve time = 0.32 sec. (251.92 ticks)
*  1665+    0                       942387.0000   223062.4285            76.33%
   1665     0   220120.2335   228   942387.0000     Cuts: 108   184355   76.33%
   1665     0   220616.3180   254   942387.0000     Cuts: 133   184661   76.33%
   1665     0   221183.2060   231   942387.0000      Cuts: 79   185054   76.33%
   1665     0   221675.9064   235   942387.0000     Cuts: 145   185408   76.33%
   1665     0   222345.0461   243   942387.0000      Cuts: 96   185782   76.33%
   1665     0   222892.7910   234   942387.0000     Cuts: 114   186159   76.33%
   1665     0   223661.5199   247   942387.0000     Cuts: 179   186627   76.27%
   1665     0   224237.2574   233   942387.0000     Cuts: 146   186975   76.21%
   1665     0   224859.0324   229   942387.0000     Cuts: 171   187364   76.14%
   1665     0   225554.9164   253   942387.0000     Cuts: 163   187843   76.07%
   1665     0   226285.8077   262   942387.0000      Cuts: 96   188332   75.99%
   1665     0   226704.8922   232   942387.0000      Cuts: 94   188566   75.94%
   1665     0   227225.9110   232   942387.0000      Cuts: 94   188853   75.89%
   1665     0   227583.5790   236   942387.0000     Cuts: 104   189099   75.85%
   1665     0   228158.3282   262   942387.0000      Cuts: 86   189428   75.79%
   1665     0   228662.7564   255   942387.0000     Cuts: 113   189762   75.74%
   1665     0   229092.8580   254   942387.0000      Cuts: 89   190069   75.69%
   1665     0   229655.1703   260   942387.0000      Cuts: 91   190335   75.63%
   1665     0   230012.3615   260   942387.0000     Cuts: 101   190614   75.59%
   1665     0   230505.8574   248   942387.0000      Cuts: 96   190858   75.54%
   1665     0   230987.8607   251   942387.0000      Cuts: 65   191173   75.49%
   1665     0   231374.5130   254   942387.0000      Cuts: 60   191524   75.45%
   1665     0   231802.7770   251   942387.0000      Cuts: 81   191936   75.40%
   1665     0   232355.9387   253   942387.0000     Cuts: 107   192286   75.34%
   1665     0   232843.9845   258   942387.0000     Cuts: 107   192614   75.29%
   1665     0   233755.4020   244   942387.0000      Cuts: 87   193005   75.20%
   1665     0   234444.3014   247   942387.0000     Cuts: 147   193328   75.12%
   1665     0   235090.4134   247   942387.0000      Cuts: 73   193694   75.05%
   1665     0   235809.0865   237   942387.0000      Cuts: 92   194119   74.98%
   1665     0   236393.8996   250   942387.0000     Cuts: 104   194373   74.92%
   1665     0   236970.0339   228   942387.0000      Cuts: 82   194725   74.85%
   1665     0   237757.4527   227   942387.0000     Cuts: 154   195232   74.77%
   1665     0   238266.6086   243   942387.0000      Cuts: 80   195582   74.72%
   1665     0   238705.9874   243   942387.0000      Cuts: 90   195903   74.67%
   1665     0   239306.9781   242   942387.0000     Cuts: 112   196243   74.61%
   1665     0   239848.6686   250   942387.0000      Cuts: 99   196563   74.55%
   1665     0   240234.7461   246   942387.0000      Cuts: 85   196914   74.51%
   1665     0   240587.6345   244   942387.0000      Cuts: 72   197223   74.47%
   1665     0   240832.0191   244   942387.0000      Cuts: 73   197489   74.44%
   1665     0   241138.1720   243   942387.0000      Cuts: 72   197729   74.41%
   1665     0   241599.1289   247   942387.0000      Cuts: 97   198073   74.36%
   1665     0   241784.7674   248   942387.0000      Cuts: 92   198274   74.34%
   1665     0   242041.2765   243   942387.0000      Cuts: 83   198463   74.32%
   1665     0   242389.9368   247   942387.0000      Cuts: 78   198772   74.28%
   1665     0   242676.6063   251   942387.0000     Cuts: 126   199041   74.25%
   1665     0   242973.9409   249   942387.0000      Cuts: 71   199227   74.22%
   1665     0   243503.7461   225   942387.0000  ZeroHalf: 86   199559   74.16%
   1665     0   243907.4704   231   942387.0000      Cuts: 84   199862   74.12%
   1665     0   244349.1130   255   942387.0000     Cuts: 101   200220   74.07%
   1665     0   244861.9919   222   942387.0000     Cuts: 100   200544   74.02%
   1665     0   245096.5257   254   942387.0000      Cuts: 82   200786   73.99%
   1665     0   245344.8109   250   942387.0000      Cuts: 78   201089   73.97%
   1665     0   245789.7823   250   942387.0000     Cuts: 118   201419   73.92%
   1665     0   246110.4082   251   942387.0000      Cuts: 70   201710   73.88%
   1665     0   246328.7530   249   942387.0000      Cuts: 90   201909   73.86%
   1665     0   246931.7517   229   942387.0000      Cuts: 91   202257   73.80%
   1665     0   247367.3099   244   942387.0000      Cuts: 87   202602   73.75%
   1665     0   247738.3406   252   942387.0000     Cuts: 120   202947   73.71%
   1665     0   248246.7787   244   942387.0000  ZeroHalf: 62   203291   73.66%
   1665     0   248646.9606   250   942387.0000      Cuts: 99   203577   73.62%
   1665     0   248952.5728   245   942387.0000      Cuts: 67   203784   73.58%
   1665     0   249427.4776   244   942387.0000      Cuts: 71   204106   73.53%
   1665     0   249821.1707   242   942387.0000  ZeroHalf: 82   204376   73.49%
   1665     0   250219.3701   223   942387.0000     Cuts: 109   204615   73.45%
   1665     0   250665.4205   252   942387.0000      Cuts: 96   204971   73.40%
   1665     0   250886.8340   251   942387.0000  ZeroHalf: 73   205259   73.38%
   1665     0   251269.1458   253   942387.0000  ZeroHalf: 85   205604   73.34%
   1665     0   251447.2425   244   942387.0000      Cuts: 50   205775   73.32%
   1665     0   251661.9642   249   942387.0000      Cuts: 53   206057   73.30%
   1665     0   251889.0407   260   942387.0000      Cuts: 91   206276   73.27%
   1665     0   252339.0927   249   942387.0000      Cuts: 58   206622   73.22%
   1665     0   252717.5288   245   942387.0000      Cuts: 83   206973   73.18%
   1665     0   253258.3837   243   942387.0000     Cuts: 128   207338   73.13%
   1665     0   253564.9419   257   942387.0000      Cuts: 67   207675   73.09%
   1665     0   253916.0604   250   942387.0000      Cuts: 59   207976   73.06%
   1665     0   254190.9459   251   942387.0000     Cuts: 102   208230   73.03%
   1665     0   254467.7778   246   942387.0000      Cuts: 75   208494   73.00%
   1665     0   254745.8565   254   942387.0000      Cuts: 68   208868   72.97%
   1665     0   254912.9218   252   942387.0000      Cuts: 57   209094   72.95%
   1665     0   255119.4630   258   942387.0000      Cuts: 79   209420   72.93%
   1665     0   255321.5925   249   942387.0000      Cuts: 80   209622   72.91%
   1665     0   255685.4234   245   942387.0000      Cuts: 90   209898   72.87%
   1665     0   255921.1026   250   942387.0000  ZeroHalf: 87   210109   72.84%
   1665     0   256212.3697   254   942387.0000      Cuts: 51   210383   72.81%
   1665     0   256334.7901   248   942387.0000      Cuts: 49   210532   72.80%
   1665     0   256537.2553   254   942387.0000      Cuts: 50   210719   72.78%
   1665     0   256739.4562   253   942387.0000  ZeroHalf: 35   210906   72.76%
   1665     0   257040.3176   251   942387.0000      Cuts: 46   211143   72.72%
   1665     0   257373.1949   250   942387.0000  ZeroHalf: 73   211414   72.69%
   1665     0   257620.0547   251   942387.0000      Cuts: 76   211677   72.66%
   1665     0   257886.7823   254   942387.0000      Cuts: 63   211882   72.63%
   1665     0   258111.9357   252   942387.0000      Cuts: 64   212150   72.61%
   1665     0   258412.3210   243   942387.0000      Cuts: 42   212389   72.58%
   1665     0   258794.8068   244   942387.0000     Cuts: 126   212748   72.54%
   1665     0   259484.1026   221   942387.0000      Cuts: 63   213089   72.47%
   1665     0   259930.6868   252   942387.0000      Cuts: 82   213415   72.42%
   1665     0   260388.3355   258   942387.0000      Cuts: 78   213766   72.37%
   1665     0   260826.4700   256   942387.0000      Cuts: 56   214026   72.32%
   1665     0   261133.4674   246   942387.0000      Cuts: 67   214281   72.29%
   1665     0   261501.0818   245   942387.0000      Cuts: 52   214650   72.25%
   1665     0   261724.5023   252   942387.0000     Cuts: 113   214897   72.23%
   1665     0   261940.6853   245   942387.0000  ZeroHalf: 44   215075   72.20%
   1665     2   261940.6853   245   942387.0000   261940.6853   215075   72.20%
   1666     3   262110.1953   235   942387.0000   262110.8046   215174   72.19%
   1667     4   262111.4359   234   942387.0000   262111.5110   215185   72.19%
   1669     4   292119.0617   199   942387.0000   262111.5110   216044   72.19%
   1671     6   278842.0001   216   942387.0000   262111.5110   216176   72.19%
   1675     8   300680.0492   187   942387.0000   262113.4084   217876   72.19%
   1680    12   302285.1743   199   942387.0000   262121.7824   219991   72.19%
   1684    16   294193.3286   205   942387.0000   262134.4657   221505   72.18%
Elapsed time = 356.73 sec. (133020.44 ticks, tree = 0.04 MB, solutions = 22)
   1687    17   294702.0726   198   942387.0000   262134.4657   221754   72.18%
   1693    20   314267.3317   178   942387.0000   262153.2195   224413   72.18%
   1697    25   303130.0053   197   942387.0000   262154.9662   228387   72.18%
   1703    23   281431.3982   198   942387.0000   262154.9662   226790   72.18%
   1706    32   281672.7386   214   942387.0000   262154.9662   233382   72.18%
   1710    37   281804.3143   191   942387.0000   262154.9662   234872   72.18%
   1715    33   281675.4766   212   942387.0000   262154.9662   233397   72.18%
   1719    43   305511.2644   200   942387.0000   262154.9662   236858   72.18%
   1726    56   306517.8360   196   942387.0000   262154.9662   240214   72.18%
   1735    66   296190.7079   195   942387.0000   262154.9662   241806   72.18%
Elapsed time = 465.88 sec. (143933.51 ticks, tree = 0.67 MB, solutions = 22)
   1755    67   326429.5040   199   942387.0000   262154.9662   242335   72.18%
   1777    87   262578.3150   201   942387.0000   262154.9662   245586   72.18%
   1814   102   333409.2594   167   942387.0000   262154.9662   249443   72.18%
   1845   102   347815.2816   171   942387.0000   262154.9662   249053   72.18%
   1885   141   287863.1646   183   942387.0000   262154.9662   259860   72.18%
   1922   183   263754.2714   194   942387.0000   262154.9662   270286   72.18%
   1947   188   321677.3973   181   942387.0000   262154.9662   273023   72.18%
   1969   235   322846.4200   200   942387.0000   262154.9662   285619   72.18%
   1997   254   289537.3402   204   942387.0000   262154.9662   288965   72.18%
   2013   269   286834.6680   194   942387.0000   262154.9662   292612   72.18%
Elapsed time = 580.79 sec. (153902.95 ticks, tree = 10.50 MB, solutions = 22)
   2028   288   315302.0920   183   942387.0000   262154.9662   296520   72.18%
   2055   306   324001.3978   194   942387.0000   262154.9662   300613   72.18%
   2081   307   348638.4547   179   942387.0000   262154.9662   302207   72.18%
   2109   312   320748.0648   175   942387.0000   262154.9662   303433   72.18%
   2122   308   324391.4393   195   942387.0000   262154.9662   301684   72.18%
   2144   401   325763.2302   190   942387.0000   262154.9662   322410   72.18%
   2157   358   294724.5987   227   942387.0000   262154.9662   312476   72.18%
   2185   456   294783.3829   204   942387.0000   262154.9662   334105   72.18%
   2206   416   306163.0946   158   942387.0000   262154.9662   326166   72.18%
   2225   495   327703.0279   185   942387.0000   262154.9662   344855   72.18%
Elapsed time = 676.35 sec. (164047.78 ticks, tree = 14.79 MB, solutions = 22)
   2254   520   326604.6823   198   942387.0000   262154.9662   350690   72.18%
   2286   526   328444.3770   153   942387.0000   262154.9662   352363   72.18%
   2315   539   329365.4766   173   942387.0000   262154.9662   353418   72.18%
   2336   598   331074.4456   172   942387.0000   262154.9662   371501   72.18%
   2358   630   348307.5708   167   942387.0000   262154.9662   378353   72.18%
   2376   611   314439.6347   223   942387.0000   262154.9662   371470   72.18%
   2392   618   335607.5736   169   942387.0000   262154.9662   375223   72.18%
   2420   653   271782.5842   213   942387.0000   262154.9662   381993   72.18%
   2448   640   358242.2711   207   942387.0000   262154.9662   381582   72.18%
   2481   721   360962.0186   190   942387.0000   262154.9662   395528   72.18%
Elapsed time = 784.77 sec. (174020.12 ticks, tree = 14.77 MB, solutions = 22)
   2503   705   358617.9121   193   942387.0000   262154.9662   393993   72.18%
   2523   768   272120.8923   226   942387.0000   262154.9662   404147   72.18%
   2535   832   343255.7867   163   942387.0000   262154.9662   422678   72.18%
   2557   799   353231.5988   163   942387.0000   262154.9662   413310   72.18%
   2582   776   328124.0771   186   942387.0000   262154.9662   405890   72.18%
   2603   745   343031.4943   173   942387.0000   262154.9662   402251   72.18%
   2628   861   366864.9548   193   942387.0000   262154.9662   427454   72.18%
   2661   894   307471.5674   225   942387.0000   262154.9662   437188   72.18%
   2684   901   307916.7192   206   942387.0000   262154.9662   438146   72.18%
   2702   914   333503.4296   182   942387.0000   262154.9662   440520   72.18%
Elapsed time = 889.28 sec. (183922.25 ticks, tree = 17.99 MB, solutions = 22)
   2723   919   333859.6796   161   942387.0000   262154.9662   441208   72.18%
   2749   936   346709.3864   148   942387.0000   262154.9662   450565   72.18%
   2776  1075   354502.9342   169   942387.0000   262154.9662   471308   72.18%
   2828  1083   357095.6595   152   942387.0000   262154.9662   472771   72.18%
   2864  1023   342458.3282   159   942387.0000   262154.9662   465401   72.18%
   2897  1054   310174.8487   211   942387.0000   262154.9662   466740   72.18%
   2920  1103   388783.3690   152   942387.0000   262154.9662   476886   72.18%
   2943  1118   370960.3095   181   942387.0000   262154.9662   478746   72.18%
   2965  1120   348022.0366   176   942387.0000   262154.9662   481241   72.18%
   3002  1157   280484.9733   215   942387.0000   262154.9662   487433   72.18%
Elapsed time = 1001.15 sec. (193893.01 ticks, tree = 18.66 MB, solutions = 22)
   3040  1131   329571.2442   184   942387.0000   262154.9662   482111   72.18%
   3070  1191   354234.1258   213   942387.0000   262154.9662   498856   72.18%
   3083  1273   367388.7021   182   942387.0000   262154.9662   514501   72.18%
   3098  1300   381230.8330   184   942387.0000   262154.9662   521667   72.18%
   3124  1352   280988.4098   204   942387.0000   262154.9662   525465   72.18%
   3151  1429   318808.0543   227   942387.0000   262154.9662   542001   72.18%
   3184  1354   350054.7423   206   942387.0000   262154.9662   526891   72.18%
   3217  1434   369762.6269   196   942387.0000   262154.9662   545460   72.18%
   3235  1460   375647.9433   197   942387.0000   262154.9662   550734   72.18%
   3386  1525   363761.1148   187   942387.0000   262154.9662   561177   72.18%
Elapsed time = 1135.40 sec. (206658.44 ticks, tree = 21.71 MB, solutions = 22)
   3517  1718   329218.1670   208   942387.0000   262154.9662   602286   72.18%
   3684  1863   347569.3920   212   942387.0000   262154.9662   626980   72.18%
   3801  2029   350066.9596   182   942387.0000   262154.9662   653913   72.18%
   3938  2114   397589.7959   172   942387.0000   262154.9662   667836   72.18%
   4033  2285   338408.2217   210   942387.0000   262154.9662   698551   72.18%
   4185  2415   410776.1590   167   942387.0000   262154.9662   723246   72.18%
   4359  2577   392554.8042   161   942387.0000   262154.9662   751091   72.18%
   4465  2644   428802.5165   144   942387.0000   262154.9662   762363   72.18%
   4544  2734   352639.1670   197   942387.0000   262154.9662   775424   72.18%
   4691  2834   343781.4800   156   942387.0000   262154.9662   787440   72.18%
Elapsed time = 1541.69 sec. (245018.33 ticks, tree = 33.36 MB, solutions = 22)
   4857  3076   365532.0952   194   942387.0000   262154.9662   825243   72.18%
   5029  3066   483448.4373   186   942387.0000   262154.9662   823793   72.18%
   5199  3385   487126.4000   113   942387.0000   262154.9662   869058   72.18%
   5390  3438   575244.0847   137   942387.0000   262154.9662   872066   72.18%
   5579  3671   604425.4500   121   942387.0000   262154.9662   905114   72.18%
   5760  3849   445241.9621   213   942387.0000   262154.9662   932474   72.18%
   5970  4170   676923.0000    79   942387.0000   262154.9662   970780   72.18%
   6124  4275   633501.1650   127   942387.0000   262154.9662   982336   72.18%
   6362  4423   776005.7500    80   942387.0000   262154.9662   997922   72.18%
   6600  4659   674805.6667    97   942387.0000   262154.9662  1022969   72.18%
Elapsed time = 1928.93 sec. (283331.63 ticks, tree = 48.90 MB, solutions = 22)
   6877  4992   722577.0833   130   942387.0000   262154.9662  1047408   72.18%
   7170  4971   530629.2500   116   942387.0000   262154.9662  1046558   72.18%
   7490  5619   509227.0205   146   942387.0000   262154.9662  1108974   72.18%
   7763  5878   673651.5735   124   942387.0000   262154.9662  1134510   72.18%
   8057  5909   749210.6230   135   942387.0000   262154.9662  1137395   72.18%
   8374  6466   873030.4048   113   942387.0000   262154.9662  1199871   72.18%
   8752  6801   913189.6429   130   942387.0000   262436.6051  1232006   72.15%
   9066  6935   401525.4729   166   942387.0000   262436.6051  1259470   72.15%
*  9270+ 7143                       931840.0000   262851.7228            71.79%
   9358  7435   506254.0000    81   931840.0000   262851.7228  1329858   71.79%
*  9660+ 7548                       925544.0000   263343.9049            71.55%
   9741  7621   502322.3400   154   925544.0000   263505.5558  1367968   71.53%
Elapsed time = 2309.96 sec. (321581.83 ticks, tree = 73.65 MB, solutions = 24)
  10102  7732   668279.1667   110   925544.0000   263505.5558  1383243   71.53%
* 10181+ 7740                       924018.0000   263505.5558            71.48%
  10481  8252   325804.8358   223   924018.0000   264209.1660  1455521   71.41%
  10857  8670   734124.0000   122   924018.0000   265303.5192  1508043   71.29%
  11120  9043   874813.8333    80   924018.0000   265303.5192  1544616   71.29%
  11444  9240   892887.3333    96   924018.0000   266971.7995  1572138   71.11%
  11703  9496   579746.6562   117   924018.0000   266971.7995  1617215   71.11%
  11967  9911   633057.2243   127   924018.0000   267467.1096  1674554   71.05%
  12224  9971   751051.3333    88   924018.0000   267840.7565  1680147   71.01%
  12472 10379   827247.0455   123   924018.0000   267840.7565  1740885   71.01%
  12755 10405   305510.6148   195   924018.0000   267840.7565  1757159   71.01%
Elapsed time = 2693.02 sec. (359965.12 ticks, tree = 97.33 MB, solutions = 25)
  12994 10837   359261.4009   229   924018.0000   269401.1834  1820981   70.84%
  13190 10984   379595.0192   200   924018.0000   269482.5064  1844995   70.84%
  13404 11333   354753.8689   196   924018.0000   269703.0149  1907431   70.81%
  13594 11629   361510.0949   213   924018.0000   270007.1205  1961704   70.78%
  13770 11699   407555.5499   258   924018.0000   270007.1205  1974755   70.78%
  13987 11829   444495.4881   224   924018.0000   270007.1205  1998976   70.78%
  14193 11953   384817.4238   245   924018.0000   270007.5753  2027932   70.78%
  14399 12190   352308.0398   174   924018.0000   270148.8819  2073186   70.76%
  14638 12483   458878.0568   232   924018.0000   270270.4652  2121190   70.75%
  14849 12869   473372.7642   236   924018.0000   270270.4652  2191103   70.75%
Elapsed time = 3101.62 sec. (398244.42 ticks, tree = 117.34 MB, solutions = 25)
  15054 12809   334995.5792   223   924018.0000   270270.4652  2182766   70.75%
  15274 13221   596172.8750   125   924018.0000   270943.2473  2261746   70.68%
  15561 13167   386122.6373   246   924018.0000   271051.1598  2251654   70.67%
  15742 13475   511082.4130   174   924018.0000   271051.1598  2314169   70.67%
Starting limited solution polishing.
* 15819+13783                       918489.0000   271051.1598            70.49%
* 15824+13783                       917692.0000   271051.1598            70.46%
* 15866+13755                       907676.0000   271051.1598            70.14%
  15959 13587   405425.7103   299   907676.0000   271503.2280  2338294   70.09%
  16183 13817   442492.1513   264   907676.0000   271503.2280  2376702   70.09%
  16363 13986   432871.9652   265   907676.0000   271942.0502  2414457   70.04%
  16533 14244   331612.8720   235   907676.0000   271942.0502  2475055   70.04%
  16716 14494   586127.8000   124   907676.0000   271942.0502  2518551   70.04%
* 16743+14353                       901350.0000   271942.0502            69.83%
  16867 14598   425476.9815   254   901350.0000   271942.0502  2559487   69.83%
Elapsed time = 3445.15 sec. (436573.71 ticks, tree = 138.40 MB, solutions = 37)
  17015 14634   440494.4467   264   901350.0000   272106.2163  2563919   69.81%
* 17326+14792                       896127.0000   272106.2163            69.64%
  17334 14792   339578.4039   199   896127.0000   272106.2163  2597143   69.64%
* 17386+14762                       895501.0000   272106.2163            69.61%
  17497 15146   432912.1985   274   895501.0000   272106.2163  2656323   69.61%
  17690 15250   339191.3256   207   895501.0000   272155.3059  2668459   69.61%
  17892 15613   459140.5931   249   895501.0000   272165.8211  2724823   69.61%
* 17922+15518                       890278.0000   272165.8211            69.43%
* 17932+15409                       889190.0000   272165.8211            69.39%
* 17954+15409                       887575.0000   272165.8211            69.34%

Implied bound cuts applied:  181
Zero-half cuts applied:  303
Lift and project cuts applied:  1

Root node processing (before b&c):
  Real time             =   47.38 sec. (32448.67 ticks)
Parallel b&c, 8 threads:
  Real time             = 3552.65 sec. (427557.26 ticks)
  Sync time (average)   =  614.94 sec.
  Wait time (average)   =    0.01 sec.
                          ------------
Total (root+branch&cut) = 3600.03 sec. (460005.93 ticks)
Status: Feasible
Obj: 887575

Instalacoes abertas:
Instalação 0 aberta
Instalação 1 aberta
Instalação 4 aberta
Instalação 8 aberta
Instalação 9 aberta
Instalação 11 aberta
Instalação 13 aberta
Instalação 14 aberta
Instalação 16 aberta
Instalação 18 aberta
Instalação 19 aberta
Instalação 20 aberta
Instalação 22 aberta
Instalação 23 aberta
Instalação 25 aberta
Instalação 30 aberta
Instalação 31 aberta
Instalação 34 aberta
Instalação 35 aberta
Instalação 39 aberta
Instalação 42 aberta
Instalação 46 aberta
Instalação 47 aberta
Instalação 49 aberta

Atribuições (cliente -> instalação):
Cliente 0 -> Instalação 0
Cliente 1 -> Instalação 14
Cliente 2 -> Instalação 31
Cliente 3 -> Instalação 8
Cliente 4 -> Instalação 16
Cliente 5 -> Instalação 4
Cliente 6 -> Instalação 13
Cliente 7 -> Instalação 0
Cliente 8 -> Instalação 46
Cliente 9 -> Instalação 19
Cliente 10 -> Instalação 25
Cliente 11 -> Instalação 25
Cliente 12 -> Instalação 39
Cliente 13 -> Instalação 22
Cliente 14 -> Instalação 1
Cliente 15 -> Instalação 49
Cliente 16 -> Instalação 35
Cliente 17 -> Instalação 20
Cliente 18 -> Instalação 1
Cliente 19 -> Instalação 4
Cliente 20 -> Instalação 42
Cliente 21 -> Instalação 9
Cliente 22 -> Instalação 18
Cliente 23 -> Instalação 47
Cliente 24 -> Instalação 19
Cliente 25 -> Instalação 16
Cliente 26 -> Instalação 46
Cliente 27 -> Instalação 22
Cliente 28 -> Instalação 8
Cliente 29 -> Instalação 30
Cliente 30 -> Instalação 20
Cliente 31 -> Instalação 11
Cliente 32 -> Instalação 34
Cliente 33 -> Instalação 31
Cliente 34 -> Instalação 49
Cliente 35 -> Instalação 16
Cliente 36 -> Instalação 23
Cliente 37 -> Instalação 13
Cliente 38 -> Instalação 9
Cliente 39 -> Instalação 39
Cliente 40 -> Instalação 34
Cliente 41 -> Instalação 13
Cliente 42 -> Instalação 42
Cliente 43 -> Instalação 47
Cliente 44 -> Instalação 20
Cliente 45 -> Instalação 8
Cliente 46 -> Instalação 4
Cliente 47 -> Instalação 18
Cliente 48 -> Instalação 47
Cliente 49 -> Instalação 49
