Version identifier: 22.1.1.0 | 2022-11-28 | 9160aff4d
CPXPARAM_TimeLimit                               3600
Found incumbent of value 1871920.000000 after 0.00 sec. (4.10 ticks)
Tried aggregator 1 time.
MIP Presolve eliminated 50 rows and 1 columns.
Reduced MIP has 63750 rows, 3774 columns, and 191150 nonzeros.
Reduced MIP has 3774 binaries, 0 generals, 0 SOSs, and 0 indicators.
Presolve time = 0.09 sec. (83.25 ticks)
Probing time = 0.03 sec. (8.81 ticks)
Tried aggregator 1 time.
Detecting symmetries...
Reduced MIP has 63750 rows, 3774 columns, and 191150 nonzeros.
Reduced MIP has 3774 binaries, 0 generals, 0 SOSs, and 0 indicators.
Presolve time = 0.12 sec. (101.60 ticks)
Probing time = 0.04 sec. (8.88 ticks)
Clique table members: 2500.
MIP emphasis: balance optimality and feasibility.
MIP search method: dynamic search.
Parallel mode: deterministic, using up to 8 threads.
Root relaxation solution time = 0.13 sec. (92.62 ticks)

        Nodes                                         Cuts/
   Node  Left     Objective  IInf  Best Integer    Best Bound    ItCnt     Gap

*     0+    0                      1871920.0000        0.0000           100.00%
      0     0    93774.0000   100  1871920.0000    93774.0000      186   94.99%
      0     0   106217.5000   100  1871920.0000    Cuts: 3136      374   94.33%
      0     0   118774.0000    98  1871920.0000    Cuts: 3045      658   93.65%
      0     0   131111.1667   149  1871920.0000    Cuts: 1232     2028   93.00%
*     0+    0                      1766231.0000   131111.1667            92.58%
*     0+    0                      1765354.0000   131111.1667            92.57%
      0     0  -1.00000e+75     0  1765354.0000   131111.1667     2028   92.57%
      0     0   135445.2619   216  1765354.0000 ZeroHalf: 1441     2563   92.33%
*     0+    0                      1552085.0000   135445.2619            91.27%
      0     0   143355.5625   174  1552085.0000     Cuts: 992     3490   90.76%
Detecting symmetries...
      0     0   151282.8544   182  1552085.0000    Cuts: 1492     4614   90.25%
      0     0   159479.3044   221  1552085.0000     Cuts: 364     5602   89.72%
      0     0   164910.8965   195  1552085.0000     Cuts: 599     6452   89.37%
      0     0   169629.6644   208  1552085.0000     Cuts: 685     7325   89.07%
      0     0   173998.2582   206  1552085.0000     Cuts: 454     8332   88.79%
      0     0   177021.2508   202  1552085.0000     Cuts: 210     8911   88.59%
      0     0   180150.2302   210  1552085.0000     Cuts: 263     9589   88.39%
      0     0   182443.6615   248  1552085.0000 ZeroHalf: 117    10048   88.25%
      0     0   185676.4858   237  1552085.0000     Cuts: 632    10916   88.04%
      0     0   187682.1778   229  1552085.0000     Cuts: 256    11405   87.91%
      0     0   189121.6751   201  1552085.0000     Cuts: 688    11944   87.81%
      0     0   190734.7578   234  1552085.0000     Cuts: 233    12452   87.71%
      0     0   192314.4768   206  1552085.0000     Cuts: 377    13003   87.61%
      0     0   194439.3383   199  1552085.0000     Cuts: 193    13606   87.47%
      0     0   195800.2274   204  1552085.0000     Cuts: 194    14063   87.38%
      0     0   197090.4619   188  1552085.0000     Cuts: 121    14495   87.30%
      0     0   198311.3343   199  1552085.0000     Cuts: 170    15000   87.22%
*     0+    0                      1385463.0000   198311.3343            85.69%
      0     0   199462.2166   228  1385463.0000     Cuts: 149    15498   85.60%
      0     0   200430.3058   219  1385463.0000     Cuts: 100    15813   85.53%
*     0+    0                      1350972.0000   200430.3058            85.16%
      0     0   201700.3780   220  1350972.0000     Cuts: 264    16403   85.07%
      0     0   202767.8375   230  1350972.0000     Cuts: 140    16905   84.99%
      0     0   203760.3928   201  1350972.0000     Cuts: 372    17314   84.92%
      0     0   205016.0472   216  1350972.0000     Cuts: 116    17823   84.82%
      0     0   206111.0295   225  1350972.0000     Cuts: 268    18277   84.74%
      0     0   207134.7424   244  1350972.0000     Cuts: 107    18673   84.67%
      0     0   208191.4061   231  1350972.0000      Cuts: 87    19109   84.59%
      0     0   208819.1741   202  1350972.0000     Cuts: 301    19535   84.54%
      0     0   209416.2836   225  1350972.0000  ZeroHalf: 68    19955   84.50%
      0     0   209973.1747   226  1350972.0000      Cuts: 78    20185   84.46%
      0     0   211264.7966   210  1350972.0000      Cuts: 48    20604   84.36%
      0     0   212427.1114   222  1350972.0000     Cuts: 315    21168   84.28%
      0     0   213132.3972   230  1350972.0000     Cuts: 210    21576   84.22%
      0     0   213855.9608   220  1350972.0000      Cuts: 75    21877   84.17%
      0     0   214729.4375   231  1350972.0000     Cuts: 164    22253   84.11%
      0     0   215360.2514   227  1350972.0000      Cuts: 94    22623   84.06%
      0     0   215911.0995   220  1350972.0000      Cuts: 45    22947   84.02%
      0     0   216447.3101   232  1350972.0000     Cuts: 112    23301   83.98%
      0     0   216767.9723   234  1350972.0000      Cuts: 67    23513   83.95%
      0     0   217192.8990   230  1350972.0000      Cuts: 66    23771   83.92%
      0     0   218063.8291   228  1350972.0000      Cuts: 62    24176   83.86%
      0     0   218714.2793   220  1350972.0000     Cuts: 153    24417   83.81%
      0     0   219459.3033   230  1350972.0000      Cuts: 70    24785   83.76%
      0     0   220106.3574   226  1350972.0000     Cuts: 167    25040   83.71%
      0     0   220660.2560   237  1350972.0000     Cuts: 151    25314   83.67%
      0     0   221366.8872   229  1350972.0000     Cuts: 126    25648   83.61%
      0     0   221907.0696   244  1350972.0000     Cuts: 111    25988   83.57%
      0     0   222732.1084   228  1350972.0000      Cuts: 71    26499   83.51%
      0     0   223426.6644   230  1350972.0000      Cuts: 70    26834   83.46%
      0     0   224137.1121   227  1350972.0000      Cuts: 68    27186   83.41%
      0     0   224631.1968   225  1350972.0000     Cuts: 124    27472   83.37%
      0     0   224960.5129   215  1350972.0000      Cuts: 65    27690   83.35%
      0     0   225215.0322   234  1350972.0000      Cuts: 80    27945   83.33%
      0     0   225755.3041   243  1350972.0000      Cuts: 75    28300   83.29%
      0     0   226202.7676   267  1350972.0000      Cuts: 92    28661   83.26%
      0     0   226798.3657   280  1350972.0000     Cuts: 192    29013   83.21%
      0     0   227225.0537   251  1350972.0000     Cuts: 109    29367   83.18%
      0     0   227570.2962   253  1350972.0000     Cuts: 166    29615   83.16%
      0     0   228026.7968   251  1350972.0000     Cuts: 100    29884   83.12%
      0     0   228256.8167   251  1350972.0000      Cuts: 63    30102   83.10%
      0     0   228506.7080   254  1350972.0000      Cuts: 93    30342   83.09%
      0     0   228769.3454   251  1350972.0000      Cuts: 43    30529   83.07%
      0     0   229212.5849   248  1350972.0000     Cuts: 130    30894   83.03%
      0     0   229568.3769   243  1350972.0000      Cuts: 48    31157   83.01%
      0     0   229933.9456   245  1350972.0000      Cuts: 75    31432   82.98%
      0     0   230276.0658   253  1350972.0000      Cuts: 81    31723   82.95%
      0     0   230642.9134   243  1350972.0000      Cuts: 55    31953   82.93%
      0     0   230900.7228   241  1350972.0000      Cuts: 76    32154   82.91%
      0     0   231450.4709   230  1350972.0000     Cuts: 104    32513   82.87%
      0     0   231829.4805   222  1350972.0000      Cuts: 83    32724   82.84%
      0     0   232194.9786   221  1350972.0000  ZeroHalf: 42    33002   82.81%
      0     0   232440.1032   229  1350972.0000      Cuts: 57    33187   82.79%
      0     0   232777.6586   231  1350972.0000      Cuts: 48    33432   82.77%
      0     0   233040.5651   251  1350972.0000  ZeroHalf: 69    33653   82.75%
      0     0   233377.7099   229  1350972.0000      Cuts: 81    33948   82.73%
      0     0   233718.3469   255  1350972.0000      Cuts: 47    34181   82.70%
      0     0   234017.8959   246  1350972.0000     Cuts: 111    34436   82.68%
      0     0   234354.4605   256  1350972.0000      Cuts: 71    34701   82.65%
      0     0   234676.8510   243  1350972.0000      Cuts: 90    34958   82.63%
      0     0   234884.0836   251  1350972.0000     Cuts: 102    35224   82.61%
      0     0   235296.7429   247  1350972.0000      Cuts: 66    35484   82.58%
      0     0   235637.0620   227  1350972.0000      Cuts: 69    35753   82.56%
      0     0   235990.1517   247  1350972.0000     Cuts: 102    36005   82.53%
      0     0   236351.0529   250  1350972.0000     Cuts: 112    36275   82.51%
      0     0   236709.1505   253  1350972.0000      Cuts: 49    36588   82.48%
      0     0   237091.7210   250  1350972.0000      Cuts: 66    36866   82.45%
      0     0   237457.8822   256  1350972.0000      Cuts: 61    37139   82.42%
      0     0   237914.8361   257  1350972.0000      Cuts: 94    37528   82.39%
      0     0   238116.9910   239  1350972.0000      Cuts: 60    37770   82.37%
      0     0   238275.1027   250  1350972.0000      Cuts: 40    37937   82.36%
*     0+    0                      1345525.0000   238275.1027            82.29%
*     0+    0                      1345316.0000   238275.1027            82.29%
*     0+    0                      1344664.0000   238275.1027            82.28%
Detecting symmetries...
      0     2   238275.1027   250  1344664.0000   238275.1027    37937   82.28%
Elapsed time = 84.22 sec. (55138.96 ticks, tree = 0.02 MB, solutions = 9)
      2     4   293249.0171   212  1344664.0000   238275.9227    38798   82.28%
      5     7   294687.4496   195  1344664.0000   238275.9227    39351   82.28%
      7     9   297131.4349   197  1344664.0000   238275.9227    39873   82.28%
      9     5   331297.6225   214  1344664.0000   238275.9227    39814   82.28%
     12    13   335499.5392   204  1344664.0000   238275.9227    41585   82.28%
     15    15   368297.2656   177  1344664.0000   238275.9227    42522   82.28%
     20    19   372749.2638   179  1344664.0000   238275.9227    43460   82.28%
     24    21   323712.1004   208  1344664.0000   238275.9227    44048   82.28%
*    29+    7                      1340047.0000   238328.9373            82.21%
     31    31   256731.9005   198  1340047.0000   238328.9373    47124   82.21%
*    32+    7                      1338046.0000   238328.9373            82.19%
*    32+    7                      1336244.0000   238328.9373            82.16%
     48    40   409888.1769   159  1336244.0000   238328.9373    50256   82.16%
Elapsed time = 118.33 sec. (59009.42 ticks, tree = 1.19 MB, solutions = 9)
     90    80   535067.5000   159  1336244.0000   238328.9373    58715   82.16%
    144   124   716190.5000    76  1336244.0000   238328.9373    62702   82.16%
    226   192   327467.8346   195  1336244.0000   238328.9373    70327   82.16%
    323   225   441730.6250   111  1336244.0000   238328.9373    75437   82.16%
    488   376   627579.2500   111  1336244.0000   238328.9373    89053   82.16%
    680   572   808872.5000    62  1336244.0000   238328.9373   100935   82.16%
    881   650   748106.0000    74  1336244.0000   238328.9373   105885   82.16%
   1104   905   865245.5000    64  1336244.0000   238328.9373   121391   82.16%
   1290  1174  1122977.5000    39  1336244.0000   238328.9373   135525   82.16%
   1494  1345  1296007.0000    18  1336244.0000   238328.9373   142469   82.16%
Elapsed time = 177.84 sec. (68584.91 ticks, tree = 118.09 MB, solutions = 14)
   1653  1526  1144459.0000    33  1336244.0000   238328.9373   157390   82.16%

Performing restart 1

Repeating presolve.
Tried aggregator 1 time.
MIP Presolve eliminated 285 rows and 6 columns.
Reduced MIP has 63465 rows, 3768 columns, and 190295 nonzeros.
Reduced MIP has 3768 binaries, 0 generals, 0 SOSs, and 0 indicators.
Presolve time = 0.10 sec. (85.31 ticks)
Tried aggregator 1 time.
Reduced MIP has 63465 rows, 3768 columns, and 190295 nonzeros.
Reduced MIP has 3768 binaries, 0 generals, 0 SOSs, and 0 indicators.
Presolve time = 0.13 sec. (104.68 ticks)
Represolve time = 0.35 sec. (278.40 ticks)
*  1726+    0                      1335709.0000   238328.9373            82.16%
   1726     0   238445.5627   264  1335709.0000     Cuts: 110   178311   82.15%
   1726     0   238882.9126   260  1335709.0000     Cuts: 132   178634   82.12%
   1726     0   239653.5058   258  1335709.0000     Cuts: 116   179006   82.06%
   1726     0   240023.0979   259  1335709.0000     Cuts: 132   179262   82.03%
   1726     0   240465.8848   235  1335709.0000     Cuts: 117   179655   82.00%
   1726     0   240970.3591   257  1335709.0000     Cuts: 138   179927   81.96%
   1726     0   241281.4362   252  1335709.0000     Cuts: 148   180229   81.94%
   1726     0   241906.4975   262  1335709.0000     Cuts: 127   180589   81.89%
   1726     0   242744.5747   257  1335709.0000     Cuts: 136   181165   81.83%
   1726     0   243765.4850   255  1335709.0000     Cuts: 181   181674   81.75%
   1726     0   244439.5330   252  1335709.0000     Cuts: 128   181982   81.70%
   1726     0   245269.2029   247  1335709.0000     Cuts: 115   182464   81.64%
   1726     0   245836.7038   249  1335709.0000     Cuts: 107   182764   81.60%
   1726     0   246336.4032   247  1335709.0000     Cuts: 117   183134   81.56%
   1726     0   246957.4413   266  1335709.0000     Cuts: 115   183501   81.51%
   1726     0   247454.0859   256  1335709.0000     Cuts: 111   183866   81.47%
   1726     0   247779.4243   263  1335709.0000     Cuts: 153   184146   81.45%
   1726     0   248072.6635   256  1335709.0000      Cuts: 92   184457   81.43%
   1726     0   248469.0829   267  1335709.0000     Cuts: 103   184718   81.40%
   1726     0   249631.1791   259  1335709.0000      Cuts: 99   185272   81.31%
   1726     0   250395.2684   250  1335709.0000      Cuts: 91   185595   81.25%
   1726     0   251034.7744   255  1335709.0000      Cuts: 68   185954   81.21%
   1726     0   251751.7425   258  1335709.0000     Cuts: 141   186337   81.15%
   1726     0   252572.4497   250  1335709.0000      Cuts: 99   186729   81.09%
   1726     0   253137.8571   252  1335709.0000      Cuts: 91   187034   81.05%
   1726     0   253669.7643   247  1335709.0000      Cuts: 56   187369   81.01%
   1726     0   254102.2198   251  1335709.0000      Cuts: 76   187673   80.98%
   1726     0   254682.9909   254  1335709.0000      Cuts: 64   188030   80.93%
   1726     0   255297.2905   253  1335709.0000     Cuts: 113   188383   80.89%
   1726     0   256186.4066   249  1335709.0000     Cuts: 134   188853   80.82%
   1726     0   256886.0507   250  1335709.0000     Cuts: 143   189323   80.77%
   1726     0   257234.4426   247  1335709.0000  ZeroHalf: 75   189607   80.74%
   1726     0   257633.6976   252  1335709.0000      Cuts: 75   189941   80.71%
   1726     0   258478.6806   251  1335709.0000      Cuts: 84   190355   80.65%
   1726     0   259027.9309   240  1335709.0000      Cuts: 63   190745   80.61%
   1726     0   259396.3327   250  1335709.0000      Cuts: 79   191056   80.58%
   1726     0   260100.9363   246  1335709.0000     Cuts: 108   191483   80.53%
   1726     0   260949.2163   252  1335709.0000     Cuts: 115   191882   80.46%
   1726     0   261291.1673   246  1335709.0000      Cuts: 45   192155   80.44%
   1726     0   261596.1836   242  1335709.0000      Cuts: 87   192431   80.42%
   1726     0   261851.1768   240  1335709.0000      Cuts: 63   192632   80.40%
   1726     0   262284.5362   247  1335709.0000      Cuts: 79   192895   80.36%
   1726     0   262740.0999   242  1335709.0000     Cuts: 113   193210   80.33%
   1726     0   263270.5703   243  1335709.0000      Cuts: 90   193592   80.29%
   1726     0   263603.4952   244  1335709.0000      Cuts: 80   193847   80.26%
   1726     0   263834.7697   247  1335709.0000      Cuts: 64   194057   80.25%
   1726     0   264224.5262   246  1335709.0000     Cuts: 105   194460   80.22%
   1726     0   264469.3726   239  1335709.0000      Cuts: 93   194669   80.20%
   1726     0   264875.9439   271  1335709.0000  ZeroHalf: 97   195133   80.17%
   1726     0   265097.8008   237  1335709.0000     Cuts: 110   195369   80.15%
   1726     0   265382.2157   241  1335709.0000  ZeroHalf: 60   195621   80.13%
   1726     0   265650.8841   250  1335709.0000      Cuts: 71   195900   80.11%
   1726     0   265753.8225   276  1335709.0000      Cuts: 44   196125   80.10%
   1726     0   266045.5882   248  1335709.0000      Cuts: 62   196410   80.08%
   1726     0   266307.6262   276  1335709.0000      Cuts: 87   196690   80.06%
   1726     0   266695.6733   278  1335709.0000  ZeroHalf: 85   196981   80.03%
   1726     0   267144.9066   253  1335709.0000      Cuts: 63   197323   80.00%
   1726     0   267541.0737   272  1335709.0000      Cuts: 61   197610   79.97%
   1726     0   268058.6813   278  1335709.0000     Cuts: 147   197925   79.93%
   1726     0   268315.5241   278  1335709.0000     Cuts: 133   198070   79.91%
   1726     0   268442.7482   275  1335709.0000      Cuts: 63   198201   79.90%
   1726     0   268838.2382   284  1335709.0000      Cuts: 52   198481   79.87%
   1726     0   269035.1809   248  1335709.0000      Cuts: 92   198704   79.86%
   1726     0   269425.8901   274  1335709.0000  ZeroHalf: 50   199077   79.83%
   1726     0   269660.3314   281  1335709.0000      Cuts: 97   199338   79.81%
   1726     0   269883.7339   285  1335709.0000      Cuts: 69   199521   79.79%
   1726     0   270130.9541   275  1335709.0000  ZeroHalf: 71   199798   79.78%
   1726     0   270288.1147   273  1335709.0000      Cuts: 83   199983   79.76%
   1726     0   270494.0647   248  1335709.0000  ZeroHalf: 64   200209   79.75%
   1726     0   270809.1483   246  1335709.0000      Cuts: 64   200457   79.73%
   1726     0   271224.5797   268  1335709.0000      Cuts: 97   200864   79.69%
   1726     0   271636.4499   268  1335709.0000      Cuts: 59   201161   79.66%
   1726     0   271889.7931   269  1335709.0000      Cuts: 61   201381   79.64%
   1726     0   272153.6926   264  1335709.0000     Cuts: 107   201681   79.62%
   1726     0   272301.1347   269  1335709.0000      Cuts: 38   201874   79.61%
   1726     0   272446.8985   272  1335709.0000      Cuts: 36   202029   79.60%
   1726     2   272446.8985   272  1335709.0000   272446.8985   202029   79.60%
   1727     3   272560.0429   236  1335709.0000   272562.1346   202174   79.59%
   1728     4   272715.9492   237  1335709.0000   272725.7604   202345   79.58%
   1729     5   272818.0117   247  1335709.0000   272821.2469   202500   79.57%
   1730     3   294159.6033   228  1335709.0000   272821.2469   202280   79.57%
   1732     6   272901.9340   242  1335709.0000   272902.0310   202599   79.57%
   1734     7   294383.3645   233  1335709.0000   272902.0310   202923   79.57%
   1736     8   327852.8699   200  1335709.0000   272902.0310   204268   79.57%
   1741    12   314411.0347   207  1335709.0000   272976.8617   205638   79.56%
Elapsed time = 431.05 sec. (154025.40 ticks, tree = 0.51 MB, solutions = 15)
   1745    13   328311.2169   205  1335709.0000   273326.4410   205996   79.54%
   1748    10   291191.3650   240  1335709.0000   273326.4410   205192   79.54%
   1753    24   297381.3352   244  1335709.0000   273326.4410   210000   79.54%
   1757    24   295043.5670   255  1335709.0000   273326.4410   210572   79.54%
   1762    21   295408.4511   233  1335709.0000   273410.3862   209805   79.53%
   1768    35   273446.4690   255  1335709.0000   273446.6286   217499   79.53%
   1771    39   292201.0678   237  1335709.0000   273446.6286   221498   79.53%
   1777    28   342619.4809   205  1335709.0000   273446.6286   213733   79.53%
   1785    50   316666.3803   209  1335709.0000   273459.5411   227318   79.53%
   1788    51   316762.3653   209  1335709.0000   273459.5411   227416   79.53%
Elapsed time = 555.12 sec. (166023.38 ticks, tree = 1.66 MB, solutions = 15)
   1796    54   292765.2682   234  1335709.0000   273553.9803   228227   79.52%
   1802    68   317199.6133   209  1335709.0000   273558.1392   230733   79.52%
   1812    72   296911.0555   233  1335709.0000   273579.7429   232651   79.52%
   1830    64   317758.5420   237  1335709.0000   273579.7429   230338   79.52%
   1848    88   329190.4167   198  1335709.0000   273579.7429   238070   79.52%
   1879    93   297656.4197   202  1335709.0000   273579.7429   239243   79.52%
   1899   116   310805.7479   239  1335709.0000   273579.7429   244249   79.52%
   1922    95   349368.7591   195  1335709.0000   273579.7429   238900   79.52%
   1940   139   334554.4235   210  1335709.0000   273579.7429   251537   79.52%
   1979   216   320776.4379   187  1335709.0000   273579.7429   271476   79.52%
Elapsed time = 667.85 sec. (175931.48 ticks, tree = 2.97 MB, solutions = 15)
   2011   223   322009.1465   189  1335709.0000   273579.7429   272601   79.52%
   2029   135   325078.2178   204  1335709.0000   273579.7429   252120   79.52%
   2050   257   322271.6656   190  1335709.0000   273579.7429   282295   79.52%
   2069   287   277248.9026   223  1335709.0000   273579.7429   286169   79.52%
   2103   308   328087.2076   219  1335709.0000   273579.7429   289739   79.52%
   2128   320   301021.0529   194  1335709.0000   273579.7429   291455   79.52%
   2148   294   278071.5356   218  1335709.0000   273579.7429   287270   79.52%
   2179   392   342386.8032   189  1335709.0000   273579.7429   304866   79.52%
   2221   351   307553.7582   207  1335709.0000   273579.7429   297302   79.52%
   2262   425   282095.4723   192  1335709.0000   273579.7429   308465   79.52%
Elapsed time = 814.27 sec. (185888.65 ticks, tree = 77.42 MB, solutions = 15)
   2301   451   314658.7202   240  1335709.0000   273579.7429   311512   79.52%
   2332   491   304214.5229   206  1335709.0000   273579.7429   322476   79.52%
   2363   459   305104.4782   200  1335709.0000   273579.7429   315052   79.52%
   2392   527   345381.2708   185  1335709.0000   273579.7429   328860   79.52%
   2417   619   306267.3569   184  1335709.0000   273579.7429   343706   79.52%
   2456   562   284053.7313   253  1335709.0000   273579.7429   333947   79.52%
   2495   627   308801.5873   222  1335709.0000   273579.7429   346006   79.52%
   2516   632   350262.9666   204  1335709.0000   273579.7429   347016   79.52%
   2554   759   309996.9946   184  1335709.0000   273579.7429   362721   79.52%
   2565   762   347605.5531   202  1335709.0000   273579.7429   363835   79.52%
Elapsed time = 947.97 sec. (195693.33 ticks, tree = 221.33 MB, solutions = 15)
   2612   792   342872.7302   174  1335709.0000   273579.7429   369310   79.52%
   2626   814   318484.2875   205  1335709.0000   273579.7429   371025   79.52%
   2652   736   356084.0358   172  1335709.0000   273579.7429   358005   79.52%
   2689   861   360184.7310   165  1335709.0000   273579.7429   379864   79.52%
   2716   818   320234.2869   184  1335709.0000   273579.7429   372245   79.52%
   2733   916   321402.1289   205  1335709.0000   273579.7429   391944   79.52%
   2750   885   319988.2565   209  1335709.0000   273579.7429   385000   79.52%
   2776   969   292729.7687   178  1335709.0000   273579.7429   397857   79.52%
   2805   887   320514.0680   228  1335709.0000   273579.7429   385133   79.52%
   2819   927   360011.2501   211  1335709.0000   273579.7429   394082   79.52%
Elapsed time = 1084.10 sec. (205605.74 ticks, tree = 294.50 MB, solutions = 15)
   2831   973   294256.5738   196  1335709.0000   273579.7429   400042   79.52%
   2868   978   334483.4858   199  1335709.0000   273579.7429   400940   79.52%
   2906  1045   349435.7905   250  1335709.0000   273579.7429   408144   79.52%
   2938  1054   324360.3488   200  1335709.0000   273579.7429   409274   79.52%
   2973  1065   351727.4485   210  1335709.0000   273579.7429   409588   79.52%
   3002  1069   385102.1564   237  1335709.0000   273579.7429   412975   79.52%
   3029  1165   322974.0995   232  1335709.0000   273579.7429   422302   79.52%
   3049  1280   327835.6669   201  1335709.0000   273579.7429   430712   79.52%
   3085  1290   329371.8551   202  1335709.0000   273579.7429   431138   79.52%
   3100  1336   325158.3089   229  1335709.0000   273579.7429   439393   79.52%
Elapsed time = 1202.83 sec. (215569.74 ticks, tree = 495.01 MB, solutions = 15)
   3155  1281   301196.5631   207  1335709.0000   273579.7429   432595   79.52%
   3183  1341   353344.5382   268  1335709.0000   273579.7429   439849   79.52%
   3219  1313   387431.4571   186  1335709.0000   273579.7429   435368   79.52%
   3240  1316   387792.6864   187  1335709.0000   273579.7429   435493   79.52%
   3261  1421   367303.3161   211  1335709.0000   273579.7429   445978   79.52%
   3309  1511   332938.1553   211  1335709.0000   273579.7429   452576   79.52%
   3332  1501   329675.7707   196  1335709.0000   273579.7429   452218   79.52%
   3358  1517   333334.4802   224  1335709.0000   273579.7429   452799   79.52%
   3390  1460   329505.1881   238  1335709.0000   273579.7429   448409   79.52%
   3545  1724   334249.7928   202  1335709.0000   273579.7429   473520   79.52%
Elapsed time = 1381.24 sec. (228335.08 ticks, tree = 680.18 MB, solutions = 15)
   3706  1753   335932.9203   181  1335709.0000   273579.7429   475112   79.52%
   3873  2052   338516.3162   224  1335709.0000   273579.7429   495181   79.52%
   4030  2073   340085.5089   226  1335709.0000   273579.7429   495833   79.52%
   4291  2217   342446.3413   172  1335709.0000   273579.7429   504201   79.52%
   4469  2380   349125.0737   183  1335709.0000   273579.7429   514565   79.52%
   4696  2859   414978.7965   181  1335709.0000   273579.7429   550809   79.52%
   4912  3001   538326.9582   188  1335709.0000   273579.7429   558693   79.52%
   5093  3140   378300.3913   211  1335709.0000   273579.7429   567765   79.52%
   5305  3340   483807.4128   171  1335709.0000   273579.7429   577531   79.52%
   5528  3542   448169.6815   176  1335709.0000   273579.7429   588320   79.52%
Elapsed time = 1850.58 sec. (266751.67 ticks, tree = 1573.77 MB, solutions = 15)
   5736  3659   490513.6605   212  1335709.0000   273579.7429   594016   79.52%
   5942  4081   700703.3750   155  1335709.0000   273579.7429   619534   79.52%
   6199  4272   564775.6501   199  1335709.0000   273579.7429   627243   79.52%
   6442  4408   768570.7121   150  1335709.0000   273579.7429   635210   79.52%
   6746  4707   636943.1875   159  1335709.0000   273579.7429   648615   79.52%
   7039  4833   606842.2400   177  1335709.0000   273579.7429   654666   79.52%
   7415  5454   686601.5714   168  1335709.0000   273579.7429   680156   79.52%
   7782  5720  1069426.8333    93  1335709.0000   273579.7429   688846   79.52%
   8296  6020  1216965.6250   118  1335709.0000   273579.7429   697304   79.52%
   8711  6428  1087148.5833   129  1335709.0000   273579.7429   710673   79.52%
Elapsed time = 2247.45 sec. (305025.29 ticks, tree = 2982.12 MB, solutions = 15)
Nodefile size = 909.54 MB (598.12 MB after compression)
   9133  6839   871014.0238   117  1335709.0000   273579.7429   718110   79.52%
   9432  7332   885782.6250   127  1335709.0000   273579.7429   733010   79.52%
   9696  7689  1192304.6667   105  1335709.0000   273579.7429   754589   79.52%
*  9806+ 7776                      1323713.0000   274180.0298            79.29%
*  9807+ 7776                      1323479.0000   274180.0298            79.28%
*  9808+ 7776                      1322891.0000   274180.0298            79.27%
*  9811+ 7776                      1322788.0000   274180.0298            79.27%
   9940  7769   369764.7459   222  1322788.0000   274180.0298   763645   79.27%
  10074  8010   338856.6753   218  1322788.0000   274180.0298   791526   79.27%
* 10140+ 8134                      1322773.0000   276233.1040            79.12%
* 10143+ 8134                      1322756.0000   276233.1040            79.12%
* 10145+ 8134                      1322709.0000   276233.1040            79.12%
* 10150+ 8134                      1322569.0000   276233.1040            79.11%
  10255  8237   379123.1487   214  1322569.0000   276233.1040   834711   79.11%
  10363  8411   428285.1512   187  1322569.0000   276233.1040   859542   79.11%
  10498  8464   416056.1941   216  1322569.0000   276233.1040   874913   79.11%
  10696  8687   391666.3223   304  1322569.0000   276233.1040   908898   79.11%
  10920  8842   471383.9820   201  1322569.0000   276233.1040   932812   79.11%
Elapsed time = 2698.73 sec. (343380.38 ticks, tree = 4121.65 MB, solutions = 23)
Nodefile size = 2052.96 MB (1349.44 MB after compression)
  11180  9110   436342.3466   226  1322569.0000   276233.1040   959824   79.11%
  11430  9390   639576.8795   145  1322569.0000   276233.1040   991481   79.11%
  11723  9575   564015.5348   183  1322569.0000   276233.1040  1017688   79.11%
  12032  9817   776766.2000    92  1322569.0000   276233.1040  1032065   79.11%
  12341 10186   889568.8529   144  1322569.0000   276233.1040  1062082   79.11%
  12675 10527   612080.6172   173  1322569.0000   276233.1040  1095483   79.11%
  13021 10510   735382.4424   148  1322569.0000   276233.1040  1095241   79.11%
  13425 10848   730497.3575   155  1322569.0000   276233.1040  1115724   79.11%
  13842 11257   663573.7315   131  1322569.0000   276233.1040  1139089   79.11%
  14363 12008   869915.7361   125  1322569.0000   276233.1040  1183776   79.11%
Elapsed time = 3202.44 sec. (381572.84 ticks, tree = 5671.49 MB, solutions = 23)
Nodefile size = 3579.46 MB (2323.69 MB after compression)
  15008 12146   850452.7896   144  1322569.0000   276233.1040  1194904   79.11%
Starting limited solution polishing.
* 15321+12743                      1321415.0000   276378.4023            79.08%
  15512 12894  1075847.8500   123  1321415.0000   276378.4023  1218020   79.08%
* 15775+13418                      1315592.0000   276378.4023            78.99%
  15933 13774   926226.9264   112  1315592.0000   276719.0291  1255405   78.97%
  16054 13949  1013802.5000    80  1315592.0000   276719.0291  1271170   78.97%
* 16074+13792                      1308489.0000   276719.0291            78.85%
  16329 14006  1173451.1429   129  1308489.0000   276719.0291  1272366   78.85%
  16677 14377   309664.0897   241  1308489.0000   276982.7685  1315361   78.83%
* 16716+14263                      1306473.0000   276982.7685            78.80%
* 16772+14263                      1297068.0000   276982.7685            78.65%
* 16778+14263                      1292445.0000   276982.7685            78.57%
* 16779+14263                      1292123.0000   276982.7685            78.56%
* 16783+14263                      1292075.0000   276982.7685            78.56%
  16837 14598   479912.8472   180  1292075.0000   276982.7685  1337092   78.56%
* 16879+14812                      1288929.0000   276982.7685            78.51%
  16929 14829   345640.0110   232  1288929.0000   276982.7685  1359880   78.51%
  17016 14860   360060.5343   203  1288929.0000   277506.2213  1368423   78.47%
  17110 14992   417237.4069   190  1288929.0000   279869.4022  1399292   78.29%
Elapsed time = 3481.08 sec. (419792.21 ticks, tree = 7121.17 MB, solutions = 33)
Nodefile size = 5049.60 MB (3297.83 MB after compression)
  17255 15066   516812.1940   226  1288929.0000   279869.4022  1414901   78.29%
* 17313+15136                      1286594.0000   279869.4022            78.25%
* 17313+15136                      1279756.0000   279869.4022            78.13%
  17433 15129   526017.1804   184  1279756.0000   279869.4022  1440893   78.13%
* 17637+15157                      1277757.0000   279869.4022            78.10%
* 17654+15157                      1273472.0000   279869.4022            78.02%
* 17654+15157                      1270033.0000   279869.4022            77.96%
  17660 15222   411026.8698   230  1270033.0000   279869.4022  1447059   77.96%
  17848 15241   642206.6196   143  1270033.0000   279869.4022  1454295   77.96%

Implied bound cuts applied:  192
Zero-half cuts applied:  447
Lift and project cuts applied:  4

Root node processing (before b&c):
  Real time             =   84.13 sec. (55027.90 ticks)
Parallel b&c, 8 threads:
  Real time             = 3519.83 sec. (381705.88 ticks)
  Sync time (average)   =  714.08 sec.
  Wait time (average)   =    0.01 sec.
                          ------------
Total (root+branch&cut) = 3603.96 sec. (436733.78 ticks)
Status: Feasible
Obj: 1270033

Instalacoes abertas:
Instalação 0 aberta
Instalação 1 aberta
Instalação 2 aberta
Instalação 4 aberta
Instalação 5 aberta
Instalação 7 aberta
Instalação 8 aberta
Instalação 9 aberta
Instalação 13 aberta
Instalação 16 aberta
Instalação 18 aberta
Instalação 19 aberta
Instalação 20 aberta
Instalação 22 aberta
Instalação 23 aberta
Instalação 24 aberta
Instalação 25 aberta
Instalação 27 aberta
Instalação 28 aberta
Instalação 30 aberta
Instalação 31 aberta
Instalação 34 aberta
Instalação 35 aberta
Instalação 39 aberta
Instalação 42 aberta
Instalação 46 aberta
Instalação 47 aberta
Instalação 49 aberta

Atribuições (cliente -> instalação):
Cliente 0 -> Instalação 47
Cliente 1 -> Instalação 18
Cliente 2 -> Instalação 2
Cliente 3 -> Instalação 39
Cliente 4 -> Instalação 9
Cliente 5 -> Instalação 5
Cliente 6 -> Instalação 4
Cliente 7 -> Instalação 7
Cliente 8 -> Instalação 4
Cliente 9 -> Instalação 8
Cliente 10 -> Instalação 49
Cliente 11 -> Instalação 31
Cliente 12 -> Instalação 18
Cliente 13 -> Instalação 13
Cliente 14 -> Instalação 13
Cliente 15 -> Instalação 0
Cliente 16 -> Instalação 24
Cliente 17 -> Instalação 22
Cliente 18 -> Instalação 35
Cliente 19 -> Instalação 34
Cliente 20 -> Instalação 22
Cliente 21 -> Instalação 23
Cliente 22 -> Instalação 35
Cliente 23 -> Instalação 30
Cliente 24 -> Instalação 49
Cliente 25 -> Instalação 20
Cliente 26 -> Instalação 8
Cliente 27 -> Instalação 27
Cliente 28 -> Instalação 28
Cliente 29 -> Instalação 31
Cliente 30 -> Instalação 0
Cliente 31 -> Instalação 5
Cliente 32 -> Instalação 28
Cliente 33 -> Instalação 1
Cliente 34 -> Instalação 1
Cliente 35 -> Instalação 16
Cliente 36 -> Instalação 23
Cliente 37 -> Instalação 25
Cliente 38 -> Instalação 20
Cliente 39 -> Instalação 39
Cliente 40 -> Instalação 16
Cliente 41 -> Instalação 25
Cliente 42 -> Instalação 42
Cliente 43 -> Instalação 30
Cliente 44 -> Instalação 19
Cliente 45 -> Instalação 46
Cliente 46 -> Instalação 47
Cliente 47 -> Instalação 19
Cliente 48 -> Instalação 9
Cliente 49 -> Instalação 34
