Version identifier: 22.1.1.0 | 2022-11-28 | 9160aff4d
CPXPARAM_TimeLimit                               3600
Tried aggregator 1 time.
MIP Presolve eliminated 50 rows and 1 columns.
Reduced MIP has 39350 rows, 3286 columns, and 117950 nonzeros.
Reduced MIP has 3286 binaries, 0 generals, 0 SOSs, and 0 indicators.
Presolve time = 0.06 sec. (54.10 ticks)
Found incumbent of value 3.1250445e+07 after 0.08 sec. (68.97 ticks)
Probing time = 0.02 sec. (6.89 ticks)
Tried aggregator 1 time.
Detecting symmetries...
Reduced MIP has 39350 rows, 3286 columns, and 117950 nonzeros.
Reduced MIP has 3286 binaries, 0 generals, 0 SOSs, and 0 indicators.
Presolve time = 0.08 sec. (65.55 ticks)
Probing time = 0.02 sec. (6.93 ticks)
Clique table members: 2500.
MIP emphasis: balance optimality and feasibility.
MIP search method: dynamic search.
Parallel mode: deterministic, using up to 8 threads.
Root relaxation solution time = 0.13 sec. (57.96 ticks)

        Nodes                                         Cuts/
   Node  Left     Objective  IInf  Best Integer    Best Bound    ItCnt     Gap

*     0+    0                       3.12504e+07        0.0000           100.00%
*     0+    0                       2.35431e+07        0.0000           100.00%
*     0+    0                      1471732.0000        0.0000           100.00%
*     0+    0                      1297392.0000        0.0000           100.00%
      0     0    93774.0000   100  1297392.0000    93774.0000      180   92.77%
*     0+    0                      1028415.0000    93774.0000            90.88%
      0     0   106217.5000   100  1028415.0000    Cuts: 1840      415   89.67%
      0     0   118774.0000    98  1028415.0000    Cuts: 1906      798   88.45%
*     0+    0                       575400.0000   118774.0000            79.36%
      0     0   131217.5000    98   575400.0000 ZeroHalf: 775     1974   77.20%
*     0+    0                       574163.0000   131217.5000            77.15%
      0     0  -1.00000e+75     0   574163.0000   131217.5000     1974   77.15%
      0     0   135511.8889   169   574163.0000 ZeroHalf: 769     2599   76.40%
      0     0   141253.0751   185   574163.0000     Cuts: 551     3466   75.40%
Detecting symmetries...
      0     0   145182.2352   180   574163.0000     Cuts: 457     3995   74.71%
      0     0   148263.2809   218   574163.0000     Cuts: 272     4467   74.18%
      0     0   150793.3734   206   574163.0000     Cuts: 270     4960   73.74%
      0     0   151948.0031   207   574163.0000     Cuts: 208     5181   73.54%
      0     0   154338.2948   187   574163.0000     Cuts: 470     5658   73.12%
      0     0   156079.2652   212   574163.0000     Cuts: 124     6038   72.82%
      0     0   157335.1687   213   574163.0000     Cuts: 140     6282   72.60%
      0     0   158309.2832   212   574163.0000     Cuts: 132     6578   72.43%
      0     0   159112.3955   183   574163.0000     Cuts: 142     6910   72.29%
      0     0   159730.5699   212   574163.0000     Cuts: 101     7181   72.18%
      0     0   160368.5588   218   574163.0000     Cuts: 154     7392   72.07%
      0     0   161381.5254   213   574163.0000      Cuts: 50     7664   71.89%
      0     0   162078.5630   225   574163.0000     Cuts: 182     7867   71.77%
      0     0   162436.6466   253   574163.0000      Cuts: 66     8001   71.71%
      0     0   162888.3316   243   574163.0000      Cuts: 53     8195   71.63%
*     0+    0                       557200.0000   162888.3316            70.77%
      0     0   163366.7635   210   557200.0000     Cuts: 128     8438   70.68%
*     0+    0                       519013.0000   163366.7635            68.52%
      0     0  -1.00000e+75     0   519013.0000   163366.7635     8438   68.52%
      0     0   164039.4443   180   519013.0000     Cuts: 359     8664   68.39%
      0     0   164709.3847   185   519013.0000      Cuts: 81     8927   68.26%
      0     0   165092.2002   219   519013.0000      Cuts: 60     9095   68.19%
      0     0   165430.2192   214   519013.0000      Cuts: 83     9282   68.13%
      0     0   166112.9926   183   519013.0000     Cuts: 351     9610   67.99%
      0     0   167166.3584   181   519013.0000      Cuts: 91     9945   67.79%
      0     0   167679.1871   181   519013.0000      Cuts: 72    10199   67.69%
      0     0   168141.6319   185   519013.0000      Cuts: 64    10414   67.60%
      0     0   168507.3018   184   519013.0000      Cuts: 58    10704   67.53%
      0     0   168903.0683   221   519013.0000      Cuts: 76    10966   67.46%
      0     0   169633.0509   179   519013.0000     Cuts: 349    11292   67.32%
      0     0   170309.1725   184   519013.0000      Cuts: 80    11618   67.19%
      0     0   170623.5716   188   519013.0000      Cuts: 73    11830   67.13%
      0     0   170928.3921   183   519013.0000      Cuts: 51    12002   67.07%
      0     0   171281.8095   219   519013.0000      Cuts: 46    12314   67.00%
      0     0   171789.4336   218   519013.0000     Cuts: 113    12549   66.90%
      0     0   172366.1236   184   519013.0000     Cuts: 213    12948   66.79%
      0     0   172943.6126   179   519013.0000  ZeroHalf: 55    13224   66.68%
      0     0   173197.0450   228   519013.0000      Cuts: 47    13413   66.63%
      0     0   173503.2093   223   519013.0000      Cuts: 37    13585   66.57%
      0     0   173876.5975   219   519013.0000      Cuts: 88    13762   66.50%
      0     0   174110.1955   207   519013.0000     Cuts: 110    13965   66.45%
      0     0   174367.1919   223   519013.0000      Cuts: 43    14158   66.40%
      0     0   174569.0778   216   519013.0000     Cuts: 111    14301   66.37%
      0     0   175222.5586   210   519013.0000     Cuts: 186    14619   66.24%
      0     0   175768.0801   226   519013.0000     Cuts: 132    14840   66.13%
      0     0   176126.3831   221   519013.0000      Cuts: 34    15015   66.07%
      0     0   176417.0074   231   519013.0000      Cuts: 84    15268   66.01%
      0     0   176591.4987   222   519013.0000      Cuts: 52    15412   65.98%
      0     0   176716.4041   217   519013.0000      Cuts: 41    15559   65.95%
      0     0   176890.6284   218   519013.0000      Cuts: 44    15736   65.92%
      0     0   177094.5872   259   519013.0000      Cuts: 97    15933   65.88%
      0     0   177424.8439   217   519013.0000     Cuts: 165    16150   65.81%
      0     0   177614.2973   221   519013.0000     Cuts: 336    16294   65.78%
      0     0   177765.0316   222   519013.0000      Cuts: 46    16390   65.75%
      0     0   177928.4798   223   519013.0000      Cuts: 35    16500   65.72%
      0     0   178106.9349   221   519013.0000      Cuts: 50    16633   65.68%
      0     0   178171.8105   218   519013.0000      Cuts: 25    16707   65.67%
      0     0   178343.7508   213   519013.0000      Cuts: 94    16852   65.64%
      0     0   178427.2877   221   519013.0000      Cuts: 26    16950   65.62%
Detecting symmetries...
      0     2   178427.2877   221   519013.0000   178427.2877    16950   65.62%
Elapsed time = 21.05 sec. (15964.39 ticks, tree = 0.02 MB, solutions = 9)
      4     4   190149.7773   189   519013.0000   178433.0572    17675   65.62%
     13    11   206158.5723   182   519013.0000   179254.8173    20259   65.46%
     21    17   193530.1209   198   519013.0000   179254.8173    23012   65.46%
     31    21   203719.5325   175   519013.0000   179254.8173    25208   65.46%
     41    32   195592.0568   178   519013.0000   179254.8173    31095   65.46%
     62    54   254049.1111   148   519013.0000   179254.8173    40663   65.46%
     87    77   296693.7500    91   519013.0000   179254.8173    46388   65.46%
    132   109   312590.5000    91   519013.0000   179254.8173    52858   65.46%
    166   134   343211.8333   115   519013.0000   179254.8173    56507   65.46%
    365   303   354459.5000    83   519013.0000   179254.8173    76466   65.46%
Elapsed time = 42.43 sec. (19278.98 ticks, tree = 3.29 MB, solutions = 9)
    602   446   409180.7500    87   519013.0000   179254.8173    92270   65.46%
    823   748   472894.0714    81   519013.0000   179254.8173   121830   65.46%
    995   878   307813.8333    98   519013.0000   179254.8173   139986   65.46%
   1141  1023   514949.0000    34   519013.0000   179254.8173   161076   65.46%
   1324  1183   418536.5000    64   519013.0000   186613.0910   188036   64.04%
   1504  1252   434148.7500    87   519013.0000   186613.0910   198355   64.04%
   1679  1484   329668.0000    85   519013.0000   186613.0910   226611   64.04%

Performing restart 1

Repeating presolve.
Tried aggregator 1 time.
MIP Presolve eliminated 1335 rows and 58 columns.
Reduced MIP has 38015 rows, 3228 columns, and 113945 nonzeros.
Reduced MIP has 3228 binaries, 0 generals, 0 SOSs, and 0 indicators.
Presolve time = 0.06 sec. (54.27 ticks)
Tried aggregator 1 time.
Reduced MIP has 38015 rows, 3228 columns, and 113945 nonzeros.
Reduced MIP has 3228 binaries, 0 generals, 0 SOSs, and 0 indicators.
Presolve time = 0.07 sec. (65.43 ticks)
Represolve time = 0.19 sec. (169.47 ticks)
   1696     0   178633.8292   226   519013.0000      Cuts: 51   248340   64.04%
   1696     0   178938.5740   226   519013.0000      Cuts: 59   248529   64.04%
   1696     0   179254.6749   232   519013.0000      Cuts: 65   248782   64.04%
*  1696+    0                       515284.0000   186613.0910            63.78%
   1696     0  -1.00000e+75     0   515284.0000   186613.0910   248782   63.78%
   1696     0   179341.9968   236   515284.0000      Cuts: 56   248896   63.78%
   1696     0   179439.5109   233   515284.0000      Cuts: 54   248999   63.78%
   1696     2   179439.5109   233   515284.0000   186613.0910   248999   63.78%
   1697     3   179529.0567   222   515284.0000   186613.0910   249143   63.78%
   1700     4   199576.5786   180   515284.0000   186613.0910   249924   63.78%
Elapsed time = 129.90 sec. (43123.25 ticks, tree = 0.02 MB, solutions = 10)
   1704     6   179928.1308   254   515284.0000   186613.0910   249594   63.78%
*  1705+    4                       513181.0000   186613.0910            63.64%
   1710    15   198324.7071   189   513181.0000   186613.0910   257009   63.64%
   1734    21   202278.1082   214   513181.0000   186613.0910   260127   63.64%
   1771    32   206307.3923   206   513181.0000   186613.0910   263707   63.64%
   1805    36   206377.1833   207   513181.0000   186613.0910   268449   63.64%
   1837   111   191306.7221   205   513181.0000   186613.0910   297553   63.64%
   1885   159   219600.5030   197   513181.0000   186613.0910   308566   63.64%
   1934   180   229967.2640   195   513181.0000   186613.0910   315139   63.64%
   1964   226   215782.3075   201   513181.0000   186613.0910   324022   63.64%
   2003   253   212306.7654   221   513181.0000   186613.0910   329052   63.64%
Elapsed time = 210.91 sec. (53486.95 ticks, tree = 2.59 MB, solutions = 11)
   2057   271   239644.6272   174   513181.0000   186613.0910   334403   63.64%
   2109   298   241111.5443   183   513181.0000   186613.0910   342486   63.64%
   2166   385   240470.0714   151   513181.0000   186613.0910   362322   63.64%
   2237   495   242991.5469   162   513181.0000   186613.0910   377207   63.64%
   2301   477   248916.3545   175   513181.0000   186613.0910   374464   63.64%
   2355   537   253460.8472   186   513181.0000   186613.0910   382604   63.64%
   2423   666   246318.9041   231   513181.0000   186613.0910   394288   63.64%
   2483   712   272059.7167   141   513181.0000   186613.0910   398744   63.64%
   2536   673   247899.9872   192   513181.0000   186613.0910   395187   63.64%
   2605   784   257010.4026   179   513181.0000   186613.0910   409455   63.64%
Elapsed time = 306.84 sec. (63304.59 ticks, tree = 26.49 MB, solutions = 11)
   2673   896   285329.6190   186   513181.0000   186613.0910   418414   63.64%
   2753   916   302957.7500   117   513181.0000   186613.0910   419786   63.64%
   2833   990   288549.2500   102   513181.0000   186613.0910   424464   63.64%
   2910  1101   334528.1364   116   513181.0000   186613.0910   434078   63.64%
   2987  1201   288743.4400   185   513181.0000   186613.0910   439205   63.64%
   3089  1289   355294.2500   158   513181.0000   186613.0910   443696   63.64%
   3190  1345   298023.0312   166   513181.0000   186613.0910   446719   63.64%
   3324  1427   321559.9711   163   513181.0000   186613.0910   452203   63.64%
   3442  1590   355825.6029   127   513181.0000   186613.0910   459102   63.64%
   3593  1727   381469.5000   124   513181.0000   186613.0910   465994   63.64%
Elapsed time = 393.55 sec. (72925.36 ticks, tree = 288.06 MB, solutions = 11)
   3744  1658   312861.0038   166   513181.0000   186613.0910   463360   63.64%
   3871  1968   443916.7500    99   513181.0000   186613.0910   474796   63.64%
   3966  1985   473879.7500   105   513181.0000   186613.0910   475353   63.64%

Performing restart 2

Repeating presolve.
Tried aggregator 1 time.
MIP Presolve eliminated 22 rows and 1 columns.
Reduced MIP has 37993 rows, 3227 columns, and 148694 nonzeros.
Reduced MIP has 3227 binaries, 0 generals, 0 SOSs, and 0 indicators.
Presolve time = 0.11 sec. (97.49 ticks)
Tried aggregator 1 time.
Reduced MIP has 37993 rows, 3227 columns, and 148694 nonzeros.
Reduced MIP has 3227 binaries, 0 generals, 0 SOSs, and 0 indicators.
Presolve time = 0.12 sec. (108.34 ticks)
Represolve time = 0.31 sec. (270.02 ticks)
   3981     0   180246.6088   238   513181.0000      Cuts: 54   489435   63.64%
   3981     0   180480.0145   271   513181.0000      Cuts: 49   489629   63.64%
*  3981+    0                       508082.0000   186613.0910            63.27%
   3981     0   180568.7557   239   508082.0000      Cuts: 89   489710   63.27%
   3981     0   180626.4417   242   508082.0000      Cuts: 52   489831   63.27%
   3981     0   180713.2669   236   508082.0000      Cuts: 71   489912   63.27%
   3981     0   180787.6416   232   508082.0000      Cuts: 52   490001   63.27%
   3981     0   180879.8102   237   508082.0000      Cuts: 78   490116   63.27%
   3981     0   181150.7111   230   508082.0000     Cuts: 101   490335   63.27%
   3981     0   181756.8964   226   508082.0000     Cuts: 109   490594   63.27%
   3981     0   182217.4688   229   508082.0000     Cuts: 113   490844   63.27%
   3981     2   182217.4688   229   508082.0000   186613.0910   490844   63.27%
   3989    10   196426.8884   189   508082.0000   186613.0910   494564   63.27%
   4007    19   233435.5189   166   508082.0000   186613.0910   503622   63.27%
   4034    38   228746.3425   159   508082.0000   186613.0910   523411   63.27%
   4092    58   225968.9797   203   508082.0000   186613.0910   535230   63.27%
   4166   155   327902.5000    86   508082.0000   186613.0910   558569   63.27%
   4239   207   376043.5000    83   508082.0000   186613.0910   569567   63.27%
Elapsed time = 481.01 sec. (99843.86 ticks, tree = 18.45 MB, solutions = 12)
   4385   295   448007.8333    94   508082.0000   186613.0910   586610   63.27%
   4534   429   376659.0000    78   508082.0000   186613.0910   606519   63.27%
   4644   569   418001.9167    78   508082.0000   186613.0910   633741   63.27%
   4807   626   323425.0000    84   508082.0000   186613.0910   649579   63.27%
   4920   832   354256.0000    82   508082.0000   193176.4136   687696   61.98%
   5046   922   453401.0000    58   508082.0000   193194.1169   703775   61.98%
   5146  1048   316046.6250    93   508082.0000   193194.1169   734156   61.98%
   5230  1126   475572.5000    65   508082.0000   193194.1169   752201   61.98%
   5298  1176   247425.4570   178   508082.0000   193194.1169   763917   61.98%
   5381  1244   494753.0000    71   508082.0000   193194.1169   779280   61.98%
Elapsed time = 553.29 sec. (109432.47 ticks, tree = 30.38 MB, solutions = 12)
   5468  1306   218383.9591   189   508082.0000   193194.1169   799874   61.98%
   5549  1410   306553.2485   169   508082.0000   194896.8634   825416   61.64%
   5656  1494   276256.9117   173   508082.0000   195008.2847   842900   61.62%
   5758  1565   416575.6957   116   508082.0000   195008.2847   853441   61.62%
   5869  1655   417420.0196   121   508082.0000   195008.2847   864807   61.62%
   5986  1826   505870.5000    69   508082.0000   195008.2847   884434   61.62%
   6075  1863   387226.4359   202   508082.0000   195008.2847   893131   61.62%
   6151  2003   433426.1272   167   508082.0000   195008.2847   915329   61.62%
   6256  2014   266470.9420   243   508082.0000   195008.2847   921401   61.62%
   6366  2114   503856.5000    78   508082.0000   195008.2847   933558   61.62%
Elapsed time = 630.16 sec. (119032.12 ticks, tree = 37.18 MB, solutions = 12)
   6450  2281   468840.2273   133   508082.0000   195008.2847   963646   61.62%
   6540  2323   497773.2027   158   508082.0000   195008.2847   968077   61.62%
   6625  2388   447602.5000   116   508082.0000   199599.4785   984236   60.72%
   6684  2483   231458.9742   202   508082.0000   199599.4785  1006913   60.72%
   6787  2550   498287.2500   125   508082.0000   199599.4785  1019478   60.72%
   6860  2616   378992.8047   197   508082.0000   201525.1387  1037770   60.34%
   6928  2691   376124.9095   195   508082.0000   201525.1387  1051103   60.34%
   7013  2813   425364.8490   141   508082.0000   201525.1387  1076166   60.34%
   7151  2871   382055.8389   138   508082.0000   201525.1387  1080983   60.34%
   7278  3096   474979.6250   101   508082.0000   201525.1387  1113028   60.34%
Elapsed time = 704.23 sec. (128713.30 ticks, tree = 44.43 MB, solutions = 12)
   7386  3147   507983.3750   115   508082.0000   201525.1387  1120182   60.34%
   7459  3219   392843.1452   177   508082.0000   201954.8498  1133992   60.25%
   7552  3272   253342.5419   178   508082.0000   201969.7484  1144733   60.25%
   7621  3390   268734.9778   184   508082.0000   202242.0783  1165895   60.19%
   7697  3400   257266.8899   218   508082.0000   202703.2858  1171147   60.10%
   7760  3548   311621.0337   159   508082.0000   202703.2858  1204445   60.10%
   7828  3558   337284.8997   165   508082.0000   204141.2505  1206650   59.82%
   7909  3636   492399.3205   151   508082.0000   204141.2505  1222394   59.82%
   7986  3743   345970.9375   153   508082.0000   204202.2029  1247194   59.81%
   8288  4035   345151.6983   176   508082.0000   204202.2029  1312274   59.81%
Elapsed time = 808.77 sec. (141186.43 ticks, tree = 51.87 MB, solutions = 12)
   8609  4339   443796.5000    68   508082.0000   204290.2327  1364150   59.79%
   9042  4688   309996.0000   105   508082.0000   204715.4163  1434066   59.71%
   9467  5104   334807.0000    82   508082.0000   205417.2994  1522243   59.57%
   9823  5524   342462.9310   140   508082.0000   205895.3633  1610307   59.48%
  10174  5780   380401.0917   159   508082.0000   206352.2137  1660485   59.39%
  10460  6109   468112.1945   140   508082.0000   206352.2137  1719680   59.39%
  10936  6466   297930.4571   168   508082.0000   208156.0951  1781416   59.03%
  11326  6771   435752.7410   155   508082.0000   208156.0951  1829307   59.03%
  11670  7149   407394.2143   114   508082.0000   208790.8733  1890336   58.91%
* 11794+ 7315                       507910.0000   208790.8733            58.89%
  11990  7491   388674.0194   134   507910.0000   209092.8246  1961034   58.83%
Elapsed time = 1107.31 sec. (179472.56 ticks, tree = 83.22 MB, solutions = 13)
* 12098+ 7610                       487566.0000   209176.1396            57.10%
  12384  7333   341781.1111   203   487566.0000   209231.2160  2032864   57.09%
  12686  7597   449694.2000   102   487566.0000   209336.4091  2078711   57.07%
  12997  7971   260940.9039   192   487566.0000   209920.3047  2167432   56.95%
  13422  8294   418337.5667   136   487566.0000   209920.3047  2243179   56.95%
  13832  8696   428185.1500   103   487566.0000   210186.6557  2321343   56.89%
  14219  9103   449295.5000    79   487566.0000   210313.7641  2398999   56.86%
  14581  9455   387931.5893   112   487566.0000   211254.6089  2478236   56.67%
  15000  9786   282033.5763   186   487566.0000   211361.0229  2536870   56.65%
  15452 10098   430454.5972   126   487566.0000   211890.2084  2591660   56.54%
  15798 10571   367478.8119   168   487566.0000   212119.2274  2675612   56.49%
Elapsed time = 1424.76 sec. (217690.65 ticks, tree = 102.24 MB, solutions = 14)
  16142 10990   390430.0000    76   487566.0000   212459.5457  2758291   56.42%
  16571 11346   440425.7500    74   487566.0000   212595.0543  2817241   56.40%
  16944 11605   446040.2500    94   487566.0000   212655.8469  2865190   56.38%
  17346 11831   409786.8108   126   487566.0000   213144.5983  2915737   56.28%
  17715 12433   470433.3672   113   487566.0000   213219.5583  3014360   56.27%
  18087 12575   435847.3810   152   487566.0000   213232.2356  3047029   56.27%
  18473 12946   442322.6944    98   487566.0000   213310.5578  3107464   56.25%
  18872 13295   456832.5000    63   487566.0000   213367.1421  3160808   56.24%
* 18918 13388      integral     0   474259.0000   213367.1421  3179277   55.01%
  19312 13026   372217.1611   165   474259.0000   213585.0882  3243743   54.96%
  19697 13137   418722.6586   143   474259.0000   213947.6340  3261004   54.89%
Elapsed time = 1743.13 sec. (255936.44 ticks, tree = 291.07 MB, solutions = 15)
* 19824+13464                       470997.0000   214387.0624            54.48%
  20079 13536   352178.7812   164   470997.0000   214387.0624  3315124   54.48%
* 20192+13750                       468579.0000   214430.3853            54.24%
* 20208+13738                       462383.0000   214430.3853            53.62%
  20523 13599   390337.6842   138   462383.0000   214820.8049  3367150   53.54%
* 20910+13452                       456842.0000   214820.8049            52.98%
  20929 13688   287903.1532   205   456842.0000   214820.8049  3415520   52.98%
  21407 13874   281407.0000    90   456842.0000   215358.7149  3484609   52.86%
  21905 14388   359754.7000   131   456842.0000   216286.4504  3552706   52.66%
  22470 15022   304222.6176   166   456842.0000   216466.7602  3612062   52.62%
  22957 15110   429756.0000    82   456842.0000   217116.0826  3617559   52.47%
  23391 15845   259018.6667   136   456842.0000   217339.6808  3713611   52.43%
  23765 15899   274284.0046   189   456842.0000   217407.2282  3728506   52.41%
  24266 16325   376138.8985   163   456842.0000   217616.4443  3784857   52.37%
Elapsed time = 2036.43 sec. (294128.14 ticks, tree = 1002.82 MB, solutions = 20)
  24696 16604   374816.4247   172   456842.0000   217721.5491  3816575   52.34%
  25178 17376   339542.0434   211   456842.0000   218418.5865  3910084   52.19%
  25640 17696   443298.0000    69   456842.0000   218732.3811  3948134   52.12%
  26026 18257   341985.0179   193   456842.0000   218764.3154  4023717   52.11%
  26497 18428        cutoff         456842.0000   219582.2750  4049789   51.93%
  26968 19039   456441.7917   113   456842.0000   219582.2750  4128591   51.93%
  27340 19585   429605.0000    67   456842.0000   220034.5929  4196090   51.84%
  27700 19532   446934.5000   111   456842.0000   220050.8155  4186646   51.83%
  28087 20246   307652.6667    95   456842.0000   220301.2796  4295671   51.78%
  28582 20318   242521.8896   150   456842.0000   220426.4882  4304321   51.75%
Elapsed time = 2345.18 sec. (332394.99 ticks, tree = 1921.42 MB, solutions = 20)
  28956 21061   403012.5357   139   456842.0000   220773.5245  4399041   51.67%
  29464 21157   417605.3125   148   456842.0000   221027.3347  4414789   51.62%
  29874 21754   448096.5000    64   456842.0000   221059.2518  4489943   51.61%
  30251 22112   380272.9512   165   456842.0000   221088.1731  4527427   51.61%
  30711 22259   416191.5000    71   456842.0000   221537.0045  4552089   51.51%
  31089 22830   436033.0238   132   456842.0000   221823.9903  4622412   51.44%
  31528 23388   375996.0000    82   456842.0000   221928.5015  4706161   51.42%
  31928 23444   324675.1667   132   456842.0000   222652.2412  4712909   51.26%
  32350 23836   419324.2096   182   456842.0000   222652.2412  4761660   51.26%
  32728 24103   369512.3544   212   456842.0000   222843.0984  4796399   51.22%
Elapsed time = 2639.39 sec. (370621.22 ticks, tree = 2603.77 MB, solutions = 20)
Nodefile size = 519.96 MB (313.80 MB after compression)
  33258 24831   343603.9686   165   456842.0000   223122.0634  4892523   51.16%
  33626 25122   433318.3519   106   456842.0000   223477.5804  4927280   51.08%
  34111 25383   427160.1190   135   456842.0000   223477.5804  4949093   51.08%
  34478 25836   263652.0694   129   456842.0000   223560.9121  5019304   51.06%
  34971 26223   287841.0602   210   456842.0000   223789.5494  5069554   51.01%
  35436 26568   348949.8442   204   456842.0000   223852.4841  5116508   51.00%
  35861 27444   300199.1952   223   456842.0000   224536.6397  5228696   50.85%
  36302 27386   437963.0000    66   456842.0000   224650.2104  5218302   50.83%
  36727 28170   333033.6888   189   456842.0000   224967.5731  5311300   50.76%
* 36939+28397                       453115.0000   225139.7649            50.31%
  37222 28234   267579.8000   138   453115.0000   225139.7649  5317601   50.31%
Elapsed time = 2963.13 sec. (408886.63 ticks, tree = 3431.11 MB, solutions = 21)
Nodefile size = 1372.28 MB (829.64 MB after compression)
  37653 28600   386062.9199   156   453115.0000   225644.8402  5366572   50.20%
  38060 28854   406987.0000    94   453115.0000   225835.4123  5434036   50.16%
  38564 29051   397056.4735   146   453115.0000   225835.4123  5461288   50.16%
  39035 30057   407825.3000   101   453115.0000   225859.2798  5588037   50.15%
  39434 30454   358855.2299   149   453115.0000   226015.0651  5630778   50.12%
  39934 30514   376771.1667    98   453115.0000   226334.4300  5638860   50.05%
  40456 30821   349970.3203   181   453115.0000   226497.4010  5676812   50.01%
  40934 31547   409373.4512   132   453115.0000   226747.8334  5751520   49.96%
  41438 31766   322924.0000   138   453115.0000   226992.0510  5784877   49.90%
Starting limited solution polishing.
* 41876+32412                       451199.0000   227136.4598            49.66%
  41967 32531   305641.8276   180   451199.0000   227143.9127  5899048   49.66%
Elapsed time = 3265.95 sec. (447103.64 ticks, tree = 4323.92 MB, solutions = 22)
Nodefile size = 2261.86 MB (1368.24 MB after compression)
  42445 32813   289958.0793   174   451199.0000   227318.4736  5933562   49.62%
* 42606+32728                       451106.0000   227319.7366            49.61%
  42820 33319   343085.0323   145   451106.0000   227419.8016  5988533   49.59%
  43304 33651   255600.9938   218   451106.0000   227419.8016  6023561   49.59%
  43498 34025   319294.9348   217   451106.0000   227585.4312  6072494   49.55%
  43601 34136   293683.0109   214   451106.0000   227791.2761  6086072   49.50%
  43832 34446   394124.0696   140   451106.0000   227954.0000  6114949   49.47%
  44139 34475   313494.4879   161   451106.0000   227954.0000  6117291   49.47%
  44391 34621   287948.2589   150   451106.0000   227954.0000  6137817   49.47%
  44517 34761   437696.9118   128   451106.0000   227962.9178  6150240   49.47%
  44813 35285   417940.6250   130   451106.0000   228018.5190  6208570   49.45%
Elapsed time = 3454.06 sec. (485371.28 ticks, tree = 4878.51 MB, solutions = 23)
Nodefile size = 2812.71 MB (1702.11 MB after compression)
  45192 35398   352051.8725   211   451106.0000   228018.5190  6224090   49.45%
* 45244+35235                       450792.0000   228018.5190            49.42%
* 45265+35235                       446709.0000   228018.5190            48.96%
  45522 35382   371072.4599   149   446709.0000   228344.5207  6303105   48.88%
  45868 35297   444799.0625   117   446709.0000   228344.5207  6289814   48.88%
  46089 35970   342871.9271   182   446709.0000   228482.3834  6381434   48.85%
* 46107+35943                       443825.0000   228482.3834            48.52%
  46393 36047   329668.0000    85   443825.0000   228508.8137  6388170   48.51%
  46729 35857   331451.3913   135   443825.0000   228519.9162  6424921   48.51%
  47011 36277   321585.5929   212   443825.0000   228519.9162  6476896   48.51%
  47172 35889   290702.4231   185   443825.0000   228519.9162  6424683   48.51%
* 47173+35933                       443014.0000   228519.9162            48.42%
* 47173+35933                       442635.0000   228519.9162            48.37%

Zero-half cuts applied:  366
Lift and project cuts applied:  197

Root node processing (before b&c):
  Real time             =   21.01 sec. (15896.61 ticks)
Parallel b&c, 8 threads:
  Real time             = 3581.74 sec. (502657.37 ticks)
  Sync time (average)   =  556.30 sec.
  Wait time (average)   =    0.01 sec.
                          ------------
Total (root+branch&cut) = 3602.75 sec. (518553.98 ticks)
Status: Feasible
Obj: 442635

Instalacoes abertas:
Instalação 0 aberta
Instalação 1 aberta
Instalação 4 aberta
Instalação 8 aberta
Instalação 9 aberta
Instalação 13 aberta
Instalação 16 aberta
Instalação 19 aberta
Instalação 20 aberta
Instalação 22 aberta
Instalação 39 aberta
Instalação 47 aberta

Atribuições (cliente -> instalação):
Cliente 0 -> Instalação 19
Cliente 1 -> Instalação 20
Cliente 2 -> Instalação 4
Cliente 3 -> Instalação 9
Cliente 4 -> Instalação 8
Cliente 5 -> Instalação 47
Cliente 6 -> Instalação 16
Cliente 7 -> Instalação 20
Cliente 8 -> Instalação 19
Cliente 9 -> Instalação 9
Cliente 10 -> Instalação 22
Cliente 11 -> Instalação 39
Cliente 12 -> Instalação 20
Cliente 13 -> Instalação 0
Cliente 14 -> Instalação 47
Cliente 15 -> Instalação 4
Cliente 16 -> Instalação 0
Cliente 17 -> Instalação 9
Cliente 18 -> Instalação 8
Cliente 19 -> Instalação 47
Cliente 20 -> Instalação 47
Cliente 21 -> Instalação 13
Cliente 22 -> Instalação 4
Cliente 23 -> Instalação 13
Cliente 24 -> Instalação 1
Cliente 25 -> Instalação 4
Cliente 26 -> Instalação 1
Cliente 27 -> Instalação 22
Cliente 28 -> Instalação 1
Cliente 29 -> Instalação 13
Cliente 30 -> Instalação 9
Cliente 31 -> Instalação 0
Cliente 32 -> Instalação 13
Cliente 33 -> Instalação 39
Cliente 34 -> Instalação 20
Cliente 35 -> Instalação 8
Cliente 36 -> Instalação 20
Cliente 37 -> Instalação 47
Cliente 38 -> Instalação 8
Cliente 39 -> Instalação 39
Cliente 40 -> Instalação 20
Cliente 41 -> Instalação 39
Cliente 42 -> Instalação 1
Cliente 43 -> Instalação 0
Cliente 44 -> Instalação 4
Cliente 45 -> Instalação 8
Cliente 46 -> Instalação 8
Cliente 47 -> Instalação 9
Cliente 48 -> Instalação 16
Cliente 49 -> Instalação 16
