Version identifier: 22.1.1.0 | 2022-11-28 | 9160aff4d
CPXPARAM_TimeLimit                               3600
Found incumbent of value 1871920.000000 after 0.00 sec. (4.10 ticks)
Tried aggregator 1 time.
MIP Presolve eliminated 50 rows and 1 columns.
Reduced MIP has 63750 rows, 3774 columns, and 191150 nonzeros.
Reduced MIP has 3774 binaries, 0 generals, 0 SOSs, and 0 indicators.
Presolve time = 0.10 sec. (83.25 ticks)
Probing time = 0.03 sec. (8.81 ticks)
Tried aggregator 1 time.
Detecting symmetries...
Reduced MIP has 63750 rows, 3774 columns, and 191150 nonzeros.
Reduced MIP has 3774 binaries, 0 generals, 0 SOSs, and 0 indicators.
Presolve time = 0.13 sec. (101.60 ticks)
Probing time = 0.04 sec. (8.88 ticks)
Clique table members: 2500.
MIP emphasis: balance optimality and feasibility.
MIP search method: dynamic search.
Parallel mode: deterministic, using up to 8 threads.
Root relaxation solution time = 0.15 sec. (92.62 ticks)

        Nodes                                         Cuts/
   Node  Left     Objective  IInf  Best Integer    Best Bound    ItCnt     Gap

*     0+    0                      1871920.0000        0.0000           100.00%
      0     0    93774.0000   100  1871920.0000    93774.0000      186   94.99%
      0     0   106217.5000   100  1871920.0000    Cuts: 3136      374   94.33%
      0     0   118774.0000    98  1871920.0000    Cuts: 3045      658   93.65%
      0     0   131111.1667   149  1871920.0000    Cuts: 1232     2028   93.00%
*     0+    0                      1845717.0000   131111.1667            92.90%
*     0+    0                      1738954.0000   131111.1667            92.46%
*     0+    0                      1729359.0000   131111.1667            92.42%
*     0+    0                      1717263.0000   131111.1667            92.37%
*     0+    0                      1716037.0000   131111.1667            92.36%
      0     0  -1.00000e+75     0  1716037.0000   131111.1667     2028   92.36%
      0     0   135445.2619   216  1716037.0000 ZeroHalf: 1441     2563   92.11%
      0     0   143355.5625   174  1716037.0000     Cuts: 992     3490   91.65%
Detecting symmetries...
      0     0   151282.8544   182  1716037.0000    Cuts: 1491     4548   91.18%
      0     0   159479.3044   221  1716037.0000     Cuts: 367     5492   90.71%
      0     0   164910.8965   195  1716037.0000     Cuts: 597     6388   90.39%
      0     0   169629.6644   208  1716037.0000     Cuts: 685     7294   90.12%
      0     0   173998.2582   206  1716037.0000     Cuts: 450     8148   89.86%
      0     0   177021.2508   202  1716037.0000     Cuts: 209     8594   89.68%
      0     0   180150.2302   210  1716037.0000     Cuts: 262     9203   89.50%
      0     0   182443.6615   248  1716037.0000 ZeroHalf: 117     9731   89.37%
      0     0   185676.4858   237  1716037.0000     Cuts: 632    10434   89.18%
      0     0   187547.9842   199  1716037.0000     Cuts: 256    11023   89.07%
      0     0   188704.5781   201  1716037.0000     Cuts: 437    11510   89.00%
      0     0   190624.0767   194  1716037.0000     Cuts: 227    12048   88.89%
      0     0   192367.3462   227  1716037.0000     Cuts: 228    12585   88.79%
      0     0   194021.7049   197  1716037.0000      Cuts: 95    13014   88.69%
      0     0   195757.1577   193  1716037.0000     Cuts: 279    13556   88.59%
      0     0   198087.8320   198  1716037.0000     Cuts: 169    14278   88.46%
      0     0   200165.1163   219  1716037.0000     Cuts: 129    14834   88.34%
      0     0   201956.4172   200  1716037.0000     Cuts: 273    15433   88.23%
      0     0   203910.5537   205  1716037.0000     Cuts: 132    16070   88.12%
      0     0   205569.3611   199  1716037.0000     Cuts: 118    16586   88.02%
      0     0   207383.2756   189  1716037.0000      Cuts: 99    17124   87.91%
*     0+    0                      1359393.0000   207383.2756            84.74%
      0     0   209109.5972   215  1359393.0000     Cuts: 185    17684   84.62%
*     0+    0                      1315637.0000   209109.5972            84.11%
      0     0   210104.2297   235  1315637.0000     Cuts: 298    18107   84.03%
      0     0   211148.2777   210  1315637.0000      Cuts: 84    18524   83.95%
      0     0   212162.1783   215  1315637.0000     Cuts: 243    18974   83.87%
      0     0   213165.1455   211  1315637.0000      Cuts: 84    19301   83.80%
      0     0   214410.0363   212  1315637.0000     Cuts: 206    19792   83.70%
      0     0   215519.9103   213  1315637.0000     Cuts: 204    20217   83.62%
      0     0   216856.7564   212  1315637.0000     Cuts: 193    20709   83.52%
      0     0   217914.6020   214  1315637.0000     Cuts: 216    21085   83.44%
      0     0   218935.4365   199  1315637.0000     Cuts: 209    21497   83.36%
*     0+    0                      1312613.0000   218935.4365            83.32%
      0     0   219802.8573   212  1312613.0000     Cuts: 143    21876   83.25%
*     0+    0                      1311644.0000   219802.8573            83.24%
*     0+    0                      1306807.0000   219802.8573            83.18%
*     0+    0                      1304814.0000   219802.8573            83.15%
      0     0  -1.00000e+75     0  1304814.0000   219802.8573    21876   83.15%
      0     0   220830.3373   223  1304814.0000     Cuts: 102    22216   83.08%
      0     0   221930.0646   215  1304814.0000      Cuts: 96    22683   82.99%
      0     0   223340.0320   225  1304814.0000     Cuts: 141    23230   82.88%
      0     0   224110.7982   225  1304814.0000     Cuts: 103    23639   82.82%
      0     0   224782.9849   244  1304814.0000     Cuts: 123    23962   82.77%
      0     0   225416.1668   221  1304814.0000     Cuts: 205    24304   82.72%
      0     0   226281.7319   240  1304814.0000     Cuts: 101    24666   82.66%
      0     0   226791.6412   230  1304814.0000     Cuts: 172    24945   82.62%
      0     0   227847.9838   234  1304814.0000     Cuts: 109    25361   82.54%
      0     0   229015.4849   240  1304814.0000     Cuts: 219    25838   82.45%
      0     0   230162.3449   245  1304814.0000     Cuts: 199    26326   82.36%
      0     0   230723.0399   222  1304814.0000     Cuts: 149    26587   82.32%
      0     0   231568.5525   215  1304814.0000      Cuts: 68    26975   82.25%
      0     0   232571.1000   249  1304814.0000      Cuts: 81    27433   82.18%
      0     0   233259.6058   244  1304814.0000      Cuts: 90    27766   82.12%
      0     0   233783.1743   215  1304814.0000     Cuts: 136    28093   82.08%
      0     0   234278.9008   235  1304814.0000      Cuts: 73    28376   82.05%
      0     0   234686.9022   240  1304814.0000     Cuts: 140    28733   82.01%
      0     0   235185.9487   243  1304814.0000     Cuts: 166    29046   81.98%
      0     0   235833.9399   220  1304814.0000     Cuts: 148    29393   81.93%
      0     0   236415.9864   234  1304814.0000      Cuts: 57    29700   81.88%
      0     0   236983.6748   259  1304814.0000     Cuts: 109    30070   81.84%
      0     0   237855.5898   219  1304814.0000      Cuts: 56    30470   81.77%
      0     0   238580.6081   220  1304814.0000      Cuts: 48    30719   81.72%
      0     0   239152.7237   261  1304814.0000      Cuts: 91    31009   81.67%
      0     0   239484.0687   266  1304814.0000      Cuts: 24    31219   81.65%
      0     0   239874.3533   254  1304814.0000      Cuts: 51    31484   81.62%
      0     0   240370.0698   236  1304814.0000     Cuts: 204    31807   81.58%
      0     0   240738.3618   221  1304814.0000     Cuts: 129    32045   81.55%
      0     0   241111.1240   232  1304814.0000     Cuts: 100    32397   81.52%
      0     0   241582.9786   225  1304814.0000      Cuts: 52    32715   81.49%
      0     0   242108.6454   234  1304814.0000      Cuts: 81    33100   81.44%
      0     0   242655.3677   247  1304814.0000      Cuts: 59    33349   81.40%
      0     0   243087.9020   222  1304814.0000      Cuts: 70    33558   81.37%
      0     0   243401.0233   222  1304814.0000      Cuts: 40    33783   81.35%
      0     0   243687.6917   226  1304814.0000      Cuts: 59    34020   81.32%
      0     0   244070.9033   229  1304814.0000  ZeroHalf: 34    34329   81.29%
      0     0   244390.2980   225  1304814.0000  ZeroHalf: 50    34525   81.27%
      0     0   244697.8322   226  1304814.0000     Cuts: 139    34753   81.25%
      0     0   245016.5101   244  1304814.0000      Cuts: 48    34954   81.22%
      0     0   245229.1809   223  1304814.0000     Cuts: 325    35091   81.21%
      0     0   245422.2113   237  1304814.0000      Cuts: 37    35249   81.19%
      0     0   245675.3058   231  1304814.0000      Cuts: 29    35432   81.17%
      0     0   245939.7064   233  1304814.0000      Cuts: 31    35714   81.15%
      0     0   246183.6134   233  1304814.0000  ZeroHalf: 36    35878   81.13%
      0     0   246492.8230   225  1304814.0000      Cuts: 29    36085   81.11%
      0     0   246779.2465   245  1304814.0000      Cuts: 46    36311   81.09%
      0     0   247095.9205   246  1304814.0000  ZeroHalf: 32    36532   81.06%
      0     0   247241.4956   225  1304814.0000      Cuts: 50    36672   81.05%
*     0+    0                      1304427.0000   247241.4956            81.05%
      0     0  -1.00000e+75     0  1304427.0000   247241.4956    36672   81.05%
Detecting symmetries...
      0     2   247241.4956   225  1304427.0000   247241.4956    36672   81.05%
Elapsed time = 84.16 sec. (50347.98 ticks, tree = 0.02 MB, solutions = 13)
      1     3   247398.4761   226  1304427.0000   247241.5319    36874   81.05%
      2     4   247625.7509   234  1304427.0000   247241.5319    37206   81.05%
      4     5   247707.4282   228  1304427.0000   247246.5619    37323   81.05%
      6     5   282789.9685   219  1304427.0000   247403.9157    38150   81.03%
     10    12   321001.8487   186  1304427.0000   247710.0321    41992   81.01%
     14    14   315962.9485   181  1304427.0000   247710.0321    42692   81.01%
     16     9   302141.8909   178  1304427.0000   247710.0321    41775   81.01%
     21    15   303738.9579   178  1304427.0000   247710.0321    44348   81.01%
     28    20   280418.1691   208  1304427.0000   247712.9413    48202   81.01%
*    35+    4                      1304132.0000   247712.9413            81.01%
*    35+    4                      1303334.0000   247712.9413            80.99%
     36    28   359831.8633   180  1303334.0000   247712.9413    51487   80.99%
Elapsed time = 121.30 sec. (54225.39 ticks, tree = 2.62 MB, solutions = 13)
     42    40   344289.2226   179  1303334.0000   247712.9413    57720   80.99%
     56    53   337751.6088   174  1303334.0000   247712.9413    62282   80.99%
     72    63   381428.5293   178  1303334.0000   247712.9413    67862   80.99%
     85    79   351787.2332   191  1303334.0000   247712.9413    75432   80.99%
     98    91   344977.0658   184  1303334.0000   247712.9413    80884   80.99%
    115    99   424127.9037   183  1303334.0000   247712.9413    83954   80.99%
    137   128   351811.8392   162  1303334.0000   247926.9590    98220   80.98%
    178   153   590769.5000   111  1303334.0000   248116.6858   103727   80.96%
    249   165   477688.1861   177  1303334.0000   248116.6858   118232   80.96%
    342   250  1012668.5000    53  1303334.0000   248116.6858   121797   80.96%
Elapsed time = 184.94 sec. (64264.17 ticks, tree = 9.98 MB, solutions = 15)
    482   255   559951.5000   149  1303334.0000   248116.6858   139739   80.96%
    628   412   839209.5000    65  1303334.0000   248116.6858   152645   80.96%
    839   520  1230962.5000    19  1303334.0000   248116.6858   160963   80.96%
   1047   838   936279.0000    49  1303334.0000   248116.6858   190386   80.96%
   1228   928  1218031.5000    33  1303334.0000   248116.6858   193884   80.96%
   1431  1121   910843.0000    60  1303334.0000   248116.6858   209007   80.96%
   1554  1328   832531.5000    69  1303334.0000   248116.6858   219465   80.96%
   1701  1512  1224608.0000    25  1303334.0000   248116.6858   233416   80.96%
   1794  1611  1227413.5000    27  1303334.0000   248116.6858   243958   80.96%

Performing restart 1

Repeating presolve.
Tried aggregator 1 time.
MIP Presolve eliminated 372 rows and 8 columns.
Reduced MIP has 63378 rows, 3766 columns, and 190034 nonzeros.
Reduced MIP has 3766 binaries, 0 generals, 0 SOSs, and 0 indicators.
Presolve time = 0.10 sec. (85.21 ticks)
Tried aggregator 1 time.
Reduced MIP has 63378 rows, 3766 columns, and 190034 nonzeros.
Reduced MIP has 3766 binaries, 0 generals, 0 SOSs, and 0 indicators.
Presolve time = 0.13 sec. (104.53 ticks)
Represolve time = 0.34 sec. (280.07 ticks)
   1803     0   247699.0660   245  1303334.0000      Cuts: 76   268508   80.96%
   1803     0   248487.4756   238  1303334.0000      Cuts: 84   268889   80.93%
   1803     0   249005.8134   230  1303334.0000     Cuts: 107   269121   80.89%
   1803     0   249522.1338   232  1303334.0000     Cuts: 104   269442   80.86%
   1803     0   249952.7877   224  1303334.0000     Cuts: 113   269704   80.82%
   1803     0   250378.2076   227  1303334.0000     Cuts: 124   269967   80.79%
   1803     0   251133.5933   230  1303334.0000     Cuts: 151   270424   80.73%
   1803     0   251814.6825   219  1303334.0000     Cuts: 113   270768   80.68%
   1803     0   252430.5971   220  1303334.0000      Cuts: 94   271107   80.63%
   1803     0   252874.9353   232  1303334.0000      Cuts: 80   271476   80.60%
   1803     0   253253.7536   241  1303334.0000      Cuts: 46   271714   80.57%
   1803     0   253490.4422   221  1303334.0000      Cuts: 38   271958   80.55%
   1803     0   253895.6321   251  1303334.0000      Cuts: 70   272275   80.52%
   1803     0   254658.0339   250  1303334.0000      Cuts: 62   272777   80.46%
   1803     0   255378.6923   251  1303334.0000      Cuts: 80   273249   80.41%
   1803     0   255924.2130   255  1303334.0000      Cuts: 78   273672   80.36%
   1803     0   256478.7909   244  1303334.0000      Cuts: 96   274019   80.32%
   1803     0   257115.3896   248  1303334.0000      Cuts: 77   274424   80.27%
   1803     0   257577.7308   248  1303334.0000     Cuts: 104   274799   80.24%
   1803     0   258098.6630   242  1303334.0000     Cuts: 137   275103   80.20%
   1803     0   258667.6733   234  1303334.0000     Cuts: 126   275411   80.15%
   1803     0   259222.7805   244  1303334.0000     Cuts: 102   275689   80.11%
   1803     0   259687.6176   249  1303334.0000      Cuts: 92   276056   80.08%
   1803     0   260201.7882   254  1303334.0000     Cuts: 112   276334   80.04%
   1803     0   260721.9487   248  1303334.0000      Cuts: 84   276704   80.00%
   1803     0   261211.3592   242  1303334.0000      Cuts: 70   277066   79.96%
   1803     0   261936.4730   252  1303334.0000      Cuts: 89   277448   79.90%
   1803     0   262372.5349   242  1303334.0000      Cuts: 68   277708   79.87%
   1803     0   263338.7631   238  1303334.0000      Cuts: 98   278244   79.79%
   1803     0   264164.4920   242  1303334.0000      Cuts: 90   278637   79.73%
   1803     0   264882.2454   256  1303334.0000      Cuts: 76   279092   79.68%
   1803     0   265580.0481   252  1303334.0000     Cuts: 123   279590   79.62%
   1803     0   266027.6464   248  1303334.0000      Cuts: 79   279872   79.59%
   1803     0   266327.5452   251  1303334.0000      Cuts: 73   280198   79.57%
   1803     0   266636.2847   248  1303334.0000      Cuts: 72   280466   79.54%
   1803     0   267195.6050   243  1303334.0000      Cuts: 70   280797   79.50%
   1803     0   267728.8516   248  1303334.0000      Cuts: 96   281165   79.46%
   1803     0   268182.2331   251  1303334.0000     Cuts: 101   281436   79.42%
   1803     0   268910.1563   246  1303334.0000      Cuts: 65   281777   79.37%
   1803     0   269329.6485   251  1303334.0000     Cuts: 141   282098   79.34%
   1803     0   269784.5891   247  1303334.0000      Cuts: 60   282393   79.30%
   1803     0   270092.2585   257  1303334.0000      Cuts: 74   282695   79.28%
   1803     0   270575.8158   256  1303334.0000      Cuts: 72   283081   79.24%
   1803     0   270883.4654   257  1303334.0000      Cuts: 63   283319   79.22%
   1803     0   271218.9651   257  1303334.0000      Cuts: 50   283594   79.19%
   1803     0   271615.6962   258  1303334.0000      Cuts: 59   283966   79.16%
   1803     0   271909.4060   259  1303334.0000      Cuts: 86   284236   79.14%
   1803     0   272095.4139   256  1303334.0000      Cuts: 51   284468   79.12%
   1803     0   272405.5815   257  1303334.0000  ZeroHalf: 27   284816   79.10%
   1803     0   272610.4277   260  1303334.0000      Cuts: 81   285157   79.08%
   1803     0   272838.5794   251  1303334.0000      Cuts: 59   285462   79.07%
   1803     0   273016.6748   247  1303334.0000      Cuts: 98   285681   79.05%
   1803     0   273512.9503   244  1303334.0000  ZeroHalf: 66   285978   79.01%
   1803     0   273828.8362   252  1303334.0000      Cuts: 63   286339   78.99%
   1803     0   274109.0086   251  1303334.0000      Cuts: 91   286730   78.97%
   1803     0   274217.0654   250  1303334.0000      Cuts: 65   286988   78.96%
   1803     0   274482.5415   257  1303334.0000     Cuts: 105   287352   78.94%
   1803     0   274680.7993   254  1303334.0000  ZeroHalf: 33   287587   78.92%
   1803     0   274874.9735   255  1303334.0000      Cuts: 65   287878   78.91%
   1803     0   275189.0542   247  1303334.0000      Cuts: 77   288225   78.89%
   1803     0   275450.7591   249  1303334.0000      Cuts: 55   288515   78.87%
   1803     0   275800.2921   270  1303334.0000  ZeroHalf: 72   288836   78.84%
   1803     0   276203.9528   261  1303334.0000      Cuts: 98   289190   78.81%
   1803     0   276759.2253   248  1303334.0000      Cuts: 65   289516   78.77%
   1803     0   277205.6527   269  1303334.0000      Cuts: 65   289874   78.73%
   1803     0   277749.1905   245  1303334.0000  ZeroHalf: 48   290311   78.69%
   1803     0   278162.7601   268  1303334.0000      Cuts: 68   290633   78.66%
   1803     0   278414.7101   271  1303334.0000      Cuts: 58   290899   78.64%
   1803     0   278716.6353   265  1303334.0000  ZeroHalf: 74   291183   78.62%
   1803     0   279439.5296   233  1303334.0000      Cuts: 37   291554   78.56%
   1803     0   279653.0878   264  1303334.0000      Cuts: 58   291718   78.54%
   1803     0   279948.8995   264  1303334.0000      Cuts: 42   291949   78.52%
   1803     0   280344.0173   267  1303334.0000      Cuts: 63   292274   78.49%
   1803     0   280557.1938   269  1303334.0000  ZeroHalf: 46   292517   78.47%
   1803     0   280779.3716   268  1303334.0000      Cuts: 57   292781   78.46%
   1803     0   281037.8451   263  1303334.0000  ZeroHalf: 78   293042   78.44%
   1803     0   281342.1116   262  1303334.0000  ZeroHalf: 66   293328   78.41%
   1803     0   281599.3107   269  1303334.0000      Cuts: 63   293584   78.39%
   1803     0   281748.4845   271  1303334.0000      Cuts: 65   293776   78.38%
   1803     0   282077.9524   260  1303334.0000  ZeroHalf: 46   294126   78.36%
   1803     0   282393.3422   264  1303334.0000      Cuts: 68   294439   78.33%
   1803     0   282635.8791   269  1303334.0000  ZeroHalf: 27   294714   78.31%
   1803     0   283044.3872   264  1303334.0000 ZeroHalf: 102   295045   78.28%
   1803     0   283428.2137   264  1303334.0000     Cuts: 130   295265   78.25%
   1803     0   283900.5883   270  1303334.0000      Cuts: 87   295571   78.22%
   1803     0   284441.7020   269  1303334.0000      Cuts: 80   295857   78.18%
   1803     0   284727.4449   295  1303334.0000  ZeroHalf: 81   296115   78.15%
   1803     0   284972.0570   288  1303334.0000      Cuts: 63   296390   78.14%
   1803     0   285171.9517   268  1303334.0000      Cuts: 42   296570   78.12%
   1803     0   285376.1781   280  1303334.0000      Cuts: 77   296822   78.10%
   1803     2   285376.1781   280  1303334.0000   285376.1781   296822   78.10%
Elapsed time = 423.57 sec. (158854.01 ticks, tree = 0.02 MB, solutions = 15)
   1804     3   285490.4535   275  1303334.0000   285490.6711   296955   78.10%
   1805     3   308887.1382   242  1303334.0000   285490.6711   297280   78.10%
   1807     5   309388.5185   286  1303334.0000   285499.9605   297878   78.09%
   1809     4   314702.2363   221  1303334.0000   285550.4992   298262   78.09%
   1811     7   309392.6922   257  1303334.0000   285550.4992   297927   78.09%
   1813     8   285604.6220   280  1303334.0000   285610.8882   298131   78.09%
   1815     7   332550.7267   236  1303334.0000   285610.8882   298563   78.09%
   1818    11   309411.6886   288  1303334.0000   285610.8882   300834   78.09%
   1822    14   341872.2771   249  1303334.0000   285619.8958   303073   78.09%
   1823    16   309314.4374   286  1303334.0000   285619.8958   304051   78.09%
Elapsed time = 585.54 sec. (181373.68 ticks, tree = 1.02 MB, solutions = 15)
   1825    18   309438.3491   285  1303334.0000   285619.8958   304427   78.09%
   1828    15   342238.3476   235  1303334.0000   285619.8958   304009   78.09%
   1831    17   317559.6252   225  1303334.0000   285619.8958   304722   78.09%
   1833    28   285978.8867   291  1303334.0000   285619.8958   310867   78.09%
   1839    20   307147.7991   281  1303334.0000   285619.8958   305592   78.09%
   1842    25   342587.3943   232  1303334.0000   285619.8958   308404   78.09%
   1845    34   307203.0239   288  1303334.0000   285619.8958   315119   78.09%
   1848    30   286129.6426   294  1303334.0000   285619.8958   311124   78.09%
   1853    35   307574.5189   276  1303334.0000   285619.8958   315641   78.09%
   1859    37   376940.9132   170  1303334.0000   285619.8958   317114   78.09%
Elapsed time = 711.47 sec. (194975.27 ticks, tree = 1.59 MB, solutions = 15)
   1868    56   310245.7782   268  1303334.0000   285619.8958   324609   78.09%
   1877    50   309636.2028   267  1303334.0000   285619.8958   321912   78.09%
   1886    69   307660.5619   274  1303334.0000   285619.8958   328755   78.09%
   1896    73   310715.7884   231  1303334.0000   285619.8958   329314   78.09%
   1909    81   334760.6794   231  1303334.0000   285619.8958   332289   78.09%
   1923    85   335342.1729   234  1303334.0000   285619.8958   332715   78.09%
   1932    94   322309.1144   252  1303334.0000   285619.8958   334340   78.09%
   1951   112   335587.3786   206  1303334.0000   285619.8958   339592   78.09%
   1966    93   310216.8590   229  1303334.0000   285619.8958   334968   78.09%
   1991   104   313225.8913   223  1303334.0000   285619.8958   335755   78.09%
Elapsed time = 825.31 sec. (205299.23 ticks, tree = 2.97 MB, solutions = 15)
   2013   131   310614.4984   241  1303334.0000   285619.8958   342378   78.09%
   2033   114   315605.9233   225  1303334.0000   285619.8958   337777   78.09%
   2049   138   311534.4889   227  1303334.0000   285619.8958   344108   78.09%
   2083   194   318040.6075   212  1303334.0000   285619.8958   358219   78.09%
   2099   170   311605.0791   214  1303334.0000   285619.8958   354876   78.09%
   2124   173   311912.8490   218  1303334.0000   285619.8958   355625   78.09%
   2144   250   313897.1333   208  1303334.0000   285619.8958   369015   78.09%
   2181   290   347271.1936   242  1303334.0000   285619.8958   379627   78.09%
   2199   284   321174.4444   214  1303334.0000   285619.8958   379689   78.09%
   2231   338   343312.5088   212  1303334.0000   285619.8958   393674   78.09%
Elapsed time = 930.23 sec. (215182.51 ticks, tree = 17.17 MB, solutions = 15)
   2261   321   353515.8627   222  1303334.0000   285619.8958   387821   78.09%
   2284   322   379439.4187   215  1303334.0000   285619.8958   388899   78.09%
   2306   382   372210.4682   207  1303334.0000   285619.8958   406921   78.09%
   2340   366   314756.0803   232  1303334.0000   285619.8958   403281   78.09%
   2371   419   350158.0414   208  1303334.0000   285619.8958   415076   78.09%
   2407   469   316587.8767   205  1303334.0000   285619.8958   430113   78.09%
   2453   433   354062.9640   224  1303334.0000   285619.8958   417731   78.09%
   2492   460   326142.8002   227  1303334.0000   285619.8958   426248   78.09%
   2511   580   357453.1556   208  1303334.0000   285619.8958   461577   78.09%
   2549   589   360114.8195   188  1303334.0000   285619.8958   463157   78.09%
Elapsed time = 1038.13 sec. (224968.18 ticks, tree = 47.75 MB, solutions = 15)
   2575   566   293102.0610   242  1303334.0000   285619.8958   457534   78.09%
   2603   561   368181.1545   216  1303334.0000   285619.8958   455505   78.09%
   2621   730   335271.9474   206  1303334.0000   285619.8958   500573   78.09%
   2628   674   371614.4059   201  1303334.0000   285619.8958   484493   78.09%
   2655   626   323092.6539   191  1303334.0000   285619.8958   474284   78.09%
   2669   790   295731.5937   236  1303334.0000   285619.8958   515107   78.09%
   2673   791   338111.9692   230  1303334.0000   285619.8958   516423   78.09%
   2681   763   413753.2945   225  1303334.0000   285619.8958   511253   78.09%
   2702   843   363475.5174   217  1303334.0000   285619.8958   528866   78.09%
   2729   854   372859.0733   201  1303334.0000   285619.8958   533869   78.09%
Elapsed time = 1156.51 sec. (235275.81 ticks, tree = 48.45 MB, solutions = 15)
   2755   758   325348.8231   196  1303334.0000   285619.8958   510196   78.09%
   2776   861   360638.4893   182  1303334.0000   285619.8958   535265   78.09%
   2781   813   300882.0706   229  1303334.0000   285619.8958   522711   78.09%
   2801   879   342963.6338   202  1303334.0000   285619.8958   540016   78.09%
   2830   945   373654.6694   194  1303334.0000   285619.8958   556114   78.09%
   2842   887   346335.9947   227  1303334.0000   285619.8958   541429   78.09%
   2877   992   343894.8033   227  1303334.0000   285619.8958   566069   78.09%
   2914   927   379213.6895   211  1303334.0000   285619.8958   551874   78.09%
   2936   964   369481.6043   214  1303334.0000   285619.8958   561133   78.09%
   3024  1047   348627.2472   217  1303334.0000   285619.8958   586549   78.09%
Elapsed time = 1292.41 sec. (247989.21 ticks, tree = 52.64 MB, solutions = 15)
   3115  1173   411049.0799   275  1303334.0000   285619.8958   619300   78.09%
   3232  1299   315627.5034   220  1303334.0000   285619.8958   647322   78.09%
   3295  1407   358867.8667   243  1303334.0000   285619.8958   673618   78.09%
   3406  1446   439643.3056   119  1303334.0000   285619.8958   682746   78.09%
   3472  1469   319513.3648   219  1303334.0000   285619.8958   688026   78.09%
   3564  1650   395696.3327   200  1303334.0000   285619.8958   725080   78.09%
   3684  1730   368631.5406   228  1303334.0000   285619.8958   744587   78.09%
   3788  1768   353747.8316   212  1303334.0000   285619.8958   751495   78.09%
   3933  1901   474369.4021   181  1303334.0000   285619.8958   772087   78.09%
   4059  2117   488979.2045   133  1303334.0000   285619.8958   808288   78.09%
Elapsed time = 1727.36 sec. (286427.42 ticks, tree = 62.79 MB, solutions = 15)
   4202  2176   374767.7559   196  1303334.0000   285619.8958   817084   78.09%
   4341  2267   429148.0364   202  1303334.0000   285619.8958   829982   78.09%
   4408  2383   399846.1884   220  1303334.0000   285619.8958   852322   78.09%
   4521  2413   428912.6802   166  1303334.0000   285619.8958   855388   78.09%
   4612  2678   415116.2193   202  1303334.0000   285619.8958   901382   78.09%
   4723  2795   410644.7832   214  1303334.0000   285619.8958   915499   78.09%
   4888  2828   412631.2158   207  1303334.0000   285619.8958   918942   78.09%
   5026  2852   436112.3443   210  1303334.0000   285619.8958   928841   78.09%
   5143  3125   442375.0408   186  1303334.0000   285619.8958   963057   78.09%
   5287  3177   448446.7383   156  1303334.0000   285619.8958   971101   78.09%
Elapsed time = 2150.11 sec. (325063.26 ticks, tree = 71.94 MB, solutions = 15)
   5478  3351   539181.9924   180  1303334.0000   285619.8958   988020   78.09%
   5582  3433   410545.6947   235  1303334.0000   285619.8958  1007146   78.09%
   5766  3800   479559.8888   151  1303334.0000   285619.8958  1051632   78.09%
   5966  3915   614786.8000   149  1303334.0000   285619.8958  1064025   78.09%
   6195  3949   685424.3642   134  1303334.0000   285619.8958  1063653   78.09%
   6344  4446   638148.6324   162  1303334.0000   285619.8958  1119328   78.09%
   6502  4479   503048.7566   119  1303334.0000   285619.8958  1127090   78.09%
   6765  4505   617234.6383   162  1303334.0000   285619.8958  1125351   78.09%
   7091  4782   678734.2500   122  1303334.0000   285619.8958  1155467   78.09%
   7400  4978   779527.2308   146  1303334.0000   285619.8958  1168654   78.09%
Elapsed time = 2560.70 sec. (363520.79 ticks, tree = 87.43 MB, solutions = 15)
   7673  5380   309260.3989   255  1303334.0000   285619.8958  1196977   78.09%
   7990  5951   615637.3333    99  1303334.0000   285619.8958  1239399   78.09%
   8280  6091  1244483.5000    63  1303334.0000   285619.8958  1243040   78.09%
   8577  6237  1039153.5000    92  1303334.0000   285619.8958  1250482   78.09%
   8791  6654  1159784.7500    93  1303334.0000   285619.8958  1290575   78.09%
*  8862+ 6528                      1303327.0000   285619.8958            78.09%
*  8864+ 6528                      1302796.0000   285619.8958            78.08%
   9036  6734   938807.1250   160  1302796.0000   285619.8958  1300468   78.08%
   9273  7103  1007645.5000   101  1302796.0000   285619.8958  1347064   78.08%
   9472  7537  1033589.0000    90  1302796.0000   285619.8958  1410197   78.08%
   9701  7597   308321.9612   243  1302796.0000   285619.8958  1411750   78.08%
*  9708+ 7573                      1301252.0000   285619.8958            78.05%
   9883  7667   415599.5988   187  1301252.0000   286416.5392  1457922   77.99%
Elapsed time = 2933.47 sec. (401840.34 ticks, tree = 113.76 MB, solutions = 18)
  10051  8040   441708.3809   194  1301252.0000   286416.5392  1525741   77.99%
* 10145+ 7755                      1301182.0000   287279.8744            77.92%
* 10146+ 7755                      1299480.0000   287279.8744            77.89%
  10206  8002   419501.4420   178  1299480.0000   287279.8744  1508654   77.89%
  10352  8217   429928.4365   204  1299480.0000   287279.8744  1570483   77.89%
  10552  8270   471222.0756   217  1299480.0000   287279.8744  1583415   77.89%
  10725  8713   754308.7371   135  1299480.0000   287279.8744  1689080   77.89%
  10933  8752   783035.8834   170  1299480.0000   287279.8744  1691956   77.89%
  11119  8812   584618.0788   170  1299480.0000   287279.8744  1719627   77.89%
  11311  9114   691084.9977   167  1299480.0000   287279.8744  1769836   77.89%
Starting limited solution polishing.
  11561  9198   482987.4867   256  1299480.0000   287279.8744  1794926   77.89%
* 11610+ 9298                      1280072.0000   287279.8744            77.56%
  11803  9515   961560.5000    71  1280072.0000   287279.8744  1831650   77.56%
Elapsed time = 3340.69 sec. (440292.28 ticks, tree = 130.33 MB, solutions = 22)
  12097  9588   552975.2500   158  1280072.0000   287279.8744  1868205   77.56%
  12336  9903  1037484.5000    74  1280072.0000   287279.8744  1895036   77.56%
* 12552+10313                      1274460.0000   287279.8744            77.46%
  12612 10386  1243589.0000    45  1274460.0000   287279.8744  1958298   77.46%
  12810 10505   622566.5667   144  1274460.0000   287279.8744  1977294   77.46%
* 12872+10555                      1270751.0000   287279.8744            77.39%
* 12988+10555                      1266375.0000   287279.8744            77.31%
* 13009+10555                      1257245.0000   287279.8744            77.15%
* 13021+10555                      1254123.0000   287279.8744            77.09%
* 13028+10555                      1252684.0000   287279.8744            77.07%
* 13031+10555                      1249677.0000   287279.8744            77.01%
  13122 10535   661240.5000    83  1249677.0000   287279.8744  1981903   77.01%
  13497 11013   669844.6750   163  1249677.0000   287279.8744  2024605   77.01%
  13757 11421   842016.2500    95  1249677.0000   287279.8744  2044523   77.01%
  13942 11252   753885.2111   131  1249677.0000   287279.8744  2040604   77.01%
  14138 11589   728906.2000   145  1249677.0000   287279.8744  2055139   77.01%
  14446 11731   360863.7736   235  1249677.0000   287279.8744  2076601   77.01%
Elapsed time = 3569.39 sec. (478596.59 ticks, tree = 144.60 MB, solutions = 34)
  14630 12229   860821.5000    71  1249677.0000   287658.9118  2094612   76.98%
  14653 11735   877117.2812   117  1249677.0000   287658.9118  2065130   76.98%

Implied bound cuts applied:  591
Zero-half cuts applied:  430
Lift and project cuts applied:  4

Root node processing (before b&c):
  Real time             =   84.07 sec. (50237.68 ticks)
Parallel b&c, 8 threads:
  Real time             = 3515.96 sec. (436352.46 ticks)
  Sync time (average)   =  569.19 sec.
  Wait time (average)   =    0.02 sec.
                          ------------
Total (root+branch&cut) = 3600.03 sec. (486590.15 ticks)
Status: Feasible
Obj: 1249677

Instalacoes abertas:
Instalação 0 aberta
Instalação 1 aberta
Instalação 3 aberta
Instalação 4 aberta
Instalação 7 aberta
Instalação 8 aberta
Instalação 9 aberta
Instalação 11 aberta
Instalação 13 aberta
Instalação 16 aberta
Instalação 18 aberta
Instalação 19 aberta
Instalação 20 aberta
Instalação 22 aberta
Instalação 23 aberta
Instalação 24 aberta
Instalação 25 aberta
Instalação 28 aberta
Instalação 30 aberta
Instalação 31 aberta
Instalação 34 aberta
Instalação 35 aberta
Instalação 37 aberta
Instalação 39 aberta
Instalação 42 aberta
Instalação 46 aberta
Instalação 47 aberta
Instalação 49 aberta

Atribuições (cliente -> instalação):
Cliente 0 -> Instalação 9
Cliente 1 -> Instalação 46
Cliente 2 -> Instalação 25
Cliente 3 -> Instalação 3
Cliente 4 -> Instalação 9
Cliente 5 -> Instalação 19
Cliente 6 -> Instalação 13
Cliente 7 -> Instalação 7
Cliente 8 -> Instalação 8
Cliente 9 -> Instalação 49
Cliente 10 -> Instalação 18
Cliente 11 -> Instalação 11
Cliente 12 -> Instalação 22
Cliente 13 -> Instalação 31
Cliente 14 -> Instalação 1
Cliente 15 -> Instalação 4
Cliente 16 -> Instalação 20
Cliente 17 -> Instalação 35
Cliente 18 -> Instalação 25
Cliente 19 -> Instalação 19
Cliente 20 -> Instalação 18
Cliente 21 -> Instalação 34
Cliente 22 -> Instalação 49
Cliente 23 -> Instalação 30
Cliente 24 -> Instalação 24
Cliente 25 -> Instalação 28
Cliente 26 -> Instalação 8
Cliente 27 -> Instalação 16
Cliente 28 -> Instalação 23
Cliente 29 -> Instalação 23
Cliente 30 -> Instalação 31
Cliente 31 -> Instalação 22
Cliente 32 -> Instalação 20
Cliente 33 -> Instalação 39
Cliente 34 -> Instalação 0
Cliente 35 -> Instalação 34
Cliente 36 -> Instalação 47
Cliente 37 -> Instalação 37
Cliente 38 -> Instalação 4
Cliente 39 -> Instalação 1
Cliente 40 -> Instalação 0
Cliente 41 -> Instalação 16
Cliente 42 -> Instalação 42
Cliente 43 -> Instalação 28
Cliente 44 -> Instalação 47
Cliente 45 -> Instalação 42
Cliente 46 -> Instalação 46
Cliente 47 -> Instalação 30
Cliente 48 -> Instalação 39
Cliente 49 -> Instalação 35
