Version identifier: 22.1.1.0 | 2022-11-28 | 9160aff4d
CPXPARAM_TimeLimit                               3600
Tried aggregator 1 time.
MIP Presolve eliminated 50 rows and 1 columns.
Reduced MIP has 33150 rows, 3162 columns, and 99350 nonzeros.
Reduced MIP has 3162 binaries, 0 generals, 0 SOSs, and 0 indicators.
Presolve time = 0.05 sec. (46.71 ticks)
Found incumbent of value 2.6253582e+07 after 0.06 sec. (59.34 ticks)
Probing time = 0.01 sec. (6.71 ticks)
Tried aggregator 1 time.
Detecting symmetries...
Reduced MIP has 33150 rows, 3162 columns, and 99350 nonzeros.
Reduced MIP has 3162 binaries, 0 generals, 0 SOSs, and 0 indicators.
Presolve time = 0.07 sec. (56.42 ticks)
Probing time = 0.02 sec. (6.71 ticks)
Clique table members: 2500.
MIP emphasis: balance optimality and feasibility.
MIP search method: dynamic search.
Parallel mode: deterministic, using up to 8 threads.
Root relaxation solution time = 0.08 sec. (49.63 ticks)

        Nodes                                         Cuts/
   Node  Left     Objective  IInf  Best Integer    Best Bound    ItCnt     Gap

*     0+    0                       2.62536e+07        0.0000           100.00%
*     0+    0                       1.98026e+07        0.0000           100.00%
*     0+    0                       865686.0000        0.0000           100.00%
*     0+    0                       847152.0000        0.0000           100.00%
      0     0    93774.0000   100   847152.0000    93774.0000      188   88.93%
*     0+    0                       592893.0000    93774.0000            84.18%
      0     0   106217.5000   100   592893.0000    Cuts: 1572      441   82.08%
      0     0   118774.0000    98   592893.0000    Cuts: 1558      714   79.97%
*     0+    0                       516494.0000   118774.0000            77.00%
      0     0   130395.3333   169   516494.0000     Cuts: 648     2135   74.75%
*     0+    0                       507667.0000   130395.3333            74.31%
      0     0  -1.00000e+75     0   507667.0000   130395.3333     2135   74.31%
*     0+    0                       439683.0000   130395.3333            70.34%
      0     0   135885.5714   186   439683.0000     Cuts: 717     3073   69.09%
      0     0   142806.5447   184   439683.0000     Cuts: 485     3728   67.52%
Detecting symmetries...
      0     0   146945.8631   195   439683.0000     Cuts: 354     4251   66.58%
      0     0   150410.2375   222   439683.0000     Cuts: 277     4764   65.79%
      0     0   153015.6605   225   439683.0000     Cuts: 267     5155   65.20%
      0     0   155965.1837   203   439683.0000     Cuts: 532     5675   64.53%
      0     0   157726.4130   176   439683.0000     Cuts: 256     5999   64.13%
      0     0   159677.1126   173   439683.0000     Cuts: 113     6366   63.68%
      0     0   161099.4504   174   439683.0000     Cuts: 122     6684   63.36%
      0     0   162241.0941   207   439683.0000     Cuts: 108     7028   63.10%
      0     0   163341.0466   205   439683.0000      Cuts: 74     7227   62.85%
      0     0   164027.3051   176   439683.0000     Cuts: 249     7460   62.69%
      0     0   164981.5454   192   439683.0000      Cuts: 72     7695   62.48%
      0     0   166557.0873   177   439683.0000     Cuts: 188     8124   62.12%
      0     0   167460.0629   177   439683.0000     Cuts: 100     8436   61.91%
      0     0   167992.6862   177   439683.0000      Cuts: 56     8612   61.79%
      0     0   168365.4426   180   439683.0000      Cuts: 37     8763   61.71%
      0     0   168787.5731   180   439683.0000      Cuts: 50     8909   61.61%
      0     0   169473.9457   183   439683.0000      Cuts: 36     9167   61.46%
      0     0   170067.0721   213   439683.0000      Cuts: 37     9410   61.32%
      0     0   170547.9112   212   439683.0000      Cuts: 77     9633   61.21%
      0     0   171121.6254   204   439683.0000      Cuts: 40     9799   61.08%
      0     0   171696.6592   202   439683.0000     Cuts: 128    10022   60.95%
      0     0   172785.7194   202   439683.0000      Cuts: 66    10380   60.70%
      0     0   173112.5787   204   439683.0000  ZeroHalf: 27    10504   60.63%
      0     0   173570.6351   203   439683.0000     Cuts: 144    10739   60.52%
      0     0   174202.5692   202   439683.0000  ZeroHalf: 42    10989   60.38%
      0     0   174708.3433   213   439683.0000      Cuts: 44    11226   60.26%
      0     0   174987.4259   210   439683.0000      Cuts: 64    11396   60.20%
      0     0   175267.5202   204   439683.0000      Cuts: 43    11497   60.14%
      0     0   175585.4797   202   439683.0000  ZeroHalf: 23    11671   60.07%
      0     0   175850.3684   204   439683.0000     Cuts: 170    11830   60.01%
      0     0   176196.4152   208   439683.0000  ZeroHalf: 29    11994   59.93%
      0     0   176302.1256   209   439683.0000  ZeroHalf: 17    12052   59.90%
      0     0   176440.5790   210   439683.0000      Cuts: 30    12173   59.87%
      0     0   176570.9496   204   439683.0000      Cuts: 21    12269   59.84%
      0     0   176658.3283   201   439683.0000  ZeroHalf: 17    12321   59.82%
      0     0   176835.9874   203   439683.0000      Cuts: 15    12454   59.78%
      0     0   176989.6669   208   439683.0000      Cuts: 40    12563   59.75%
      0     0   177150.5622   206   439683.0000      Cuts: 78    12720   59.71%
      0     0   177235.3635   212   439683.0000      Cuts: 28    12796   59.69%
      0     0   177333.2765   209   439683.0000      Cuts: 22    12880   59.67%
      0     0   177498.3489   205   439683.0000      Cuts: 49    13014   59.63%
      0     0   177637.9734   213   439683.0000      Cuts: 29    13122   59.60%
      0     0   177986.5154   203   439683.0000      Cuts: 61    13295   59.52%
      0     0   178090.1118   203   439683.0000      Cuts: 26    13370   59.50%
      0     0   178246.1478   197   439683.0000  ZeroHalf: 18    13447   59.46%
      0     0   178449.8539   214   439683.0000      Cuts: 80    13622   59.41%
      0     0   178616.4635   234   439683.0000      Cuts: 23    13749   59.38%
      0     0   178707.0545   228   439683.0000      Cuts: 37    13833   59.36%
      0     0   178792.0205   238   439683.0000      Cuts: 33    13957   59.34%
Detecting symmetries...
      0     2   178792.0205   238   439683.0000   178792.0205    13957   59.34%
Elapsed time = 31.55 sec. (11674.42 ticks, tree = 0.02 MB, solutions = 8)
      4     5   200698.1374   150   439683.0000   178810.4693    14877   59.33%
     17    10   181890.5422   214   439683.0000   179232.1748    16525   59.24%
     32    25   200000.4595   149   439683.0000   179260.8888    21347   59.23%
     47    41   212648.3814   146   439683.0000   179260.8888    26419   59.23%
     64    51   210159.2619   172   439683.0000   179260.8888    29713   59.23%
     78    71   238955.3929   153   439683.0000   179260.8888    38023   59.23%
    100    95   210371.7027   166   439683.0000   179260.8888    45905   59.23%
    123   101   185913.7770   206   439683.0000   179260.8888    48183   59.23%
    142   134   272876.9118   125   439683.0000   179260.8888    58149   59.23%
    306   250   306495.2500   111   439683.0000   179260.8888    83382   59.23%
Elapsed time = 49.67 sec. (14837.19 ticks, tree = 7.90 MB, solutions = 8)
*   420   352      integral     0   419753.0000   179260.8888    95036   57.29%
*   428   366      integral     0   419137.0000   179260.8888    96382   57.23%
*   433   380      integral     0   419061.0000   179260.8888    98291   57.22%
    558   466   410867.0000    61   419061.0000   179260.8888   104072   57.22%
    700   604   198910.1364   186   419061.0000   179260.8888   124977   57.22%
    825   669   292755.4824   140   419061.0000   186919.9455   138550   55.40%
   1042   911   259167.7018   145   419061.0000   186919.9455   170122   55.40%
   1234  1071   272340.9167   104   419061.0000   187538.3020   187926   55.25%
   1472  1193   251253.2100   162   419061.0000   189832.9333   200710   54.70%
   1683  1406   342191.6875   126   419061.0000   189832.9333   220550   54.70%

Performing restart 1

Repeating presolve.
Tried aggregator 1 time.
MIP Presolve eliminated 2195 rows and 122 columns.
Reduced MIP has 30955 rows, 3040 columns, and 92765 nonzeros.
Reduced MIP has 3040 binaries, 0 generals, 0 SOSs, and 0 indicators.
Presolve time = 0.05 sec. (45.66 ticks)
Tried aggregator 1 time.
Reduced MIP has 30955 rows, 3040 columns, and 92765 nonzeros.
Reduced MIP has 3040 binaries, 0 generals, 0 SOSs, and 0 indicators.
Presolve time = 0.06 sec. (54.37 ticks)
Represolve time = 0.17 sec. (151.63 ticks)
   1749     0   179706.4044   213   419061.0000      Cuts: 85   246887   54.33%
   1749     0   181120.4628   241   419061.0000      Cuts: 90   247439   54.33%
*  1749+    0                       417593.0000   191375.4285            54.17%
   1749     0   182051.7808   215   417593.0000      Cuts: 67   247690   54.17%
*  1749+    0                       417187.0000   191375.4285            54.13%
   1749     0  -1.00000e+75     0   417187.0000   191375.4285   247690   54.13%
   1749     0   183028.4083   214   417187.0000      Cuts: 91   248001   54.13%
   1749     0   183634.5004   247   417187.0000      Cuts: 62   248278   54.13%
   1749     0   184096.2662   247   417187.0000      Cuts: 58   248456   54.13%
   1749     0   184395.8367   243   417187.0000      Cuts: 61   248632   54.13%
   1749     2   184395.8367   243   417187.0000   191375.4285   248632   54.13%
   1750     3   184554.1950   236   417187.0000   191375.4285   248714   54.13%
   1752     5   185237.2161   207   417187.0000   191375.4285   249187   54.13%
Elapsed time = 121.06 sec. (38303.39 ticks, tree = 0.02 MB, solutions = 13)
   1763    14   205774.0212   156   417187.0000   191375.4285   250811   54.13%
   1778    20   198122.8767   183   417187.0000   191375.4285   254273   54.13%
   1824    46   201410.8861   199   417187.0000   191375.4285   268900   54.13%
   1884    82   221762.2505   165   417187.0000   191375.4285   277750   54.13%
   1941   166   223078.1786   192   417187.0000   191375.4285   297452   54.13%
   2016   229   218747.0663   193   417187.0000   191375.4285   314367   54.13%
   2042   276   223115.2004   198   417187.0000   191375.4285   325394   54.13%
   2066   277   237187.8525   194   417187.0000   191375.4285   326577   54.13%
   2104   310   238514.2803   190   417187.0000   191375.4285   334506   54.13%
   2149   367   228571.2725   176   417187.0000   191375.4285   343120   54.13%
Elapsed time = 192.19 sec. (48118.76 ticks, tree = 13.56 MB, solutions = 13)
   2206   405   242034.8599   170   417187.0000   191375.4285   351184   54.13%
   2273   444   229798.3279   182   417187.0000   191375.4285   357063   54.13%
   2357   554   248750.4277   167   417187.0000   191375.4285   371444   54.13%
   2447   537   272467.6667   147   417187.0000   191375.4285   367711   54.13%
   2530   657   262393.8621   168   417187.0000   191375.4285   386379   54.13%
   2617   734   288843.0906   162   417187.0000   191375.4285   396613   54.13%
   2680   810   290123.3333   149   417187.0000   191375.4285   402933   54.13%
   2751   942   297853.6667   103   417187.0000   191375.4285   416440   54.13%
   2823   997   287092.0000   154   417187.0000   191375.4285   421784   54.13%
   2913   984   261844.5648   166   417187.0000   191375.4285   422798   54.13%
Elapsed time = 267.24 sec. (57752.00 ticks, tree = 15.98 MB, solutions = 13)
   3039  1185   316143.8333   131   417187.0000   191375.4285   437497   54.13%
   3161  1311   332011.1500   127   417187.0000   191375.4285   445981   54.13%
   3289  1325   284968.3125   114   417187.0000   191375.4285   448612   54.13%
   3437  1497   365589.6111   127   417187.0000   191375.4285   463331   54.13%
   3584  1724   355760.9995   148   417187.0000   191375.4285   476351   54.13%
   3735  1668   413551.3000   127   417187.0000   191375.4285   474900   54.13%
   3907  1997   314084.3686   153   417187.0000   191375.4285   496239   54.13%
   4068  2128   411449.4500   127   417187.0000   191375.4285   510002   54.13%
   4200  2074   261007.7143   138   417187.0000   191375.4285   512386   54.13%
   4351  2355   303382.7500   111   417187.0000   191375.4285   540197   54.13%
Elapsed time = 330.26 sec. (67369.83 ticks, tree = 22.39 MB, solutions = 13)
   4468  2460   310273.4306   166   417187.0000   191375.4285   558851   54.13%
   4641  2675   351373.6765   123   417187.0000   191375.4285   585789   54.13%
   4813  2781   350890.1667    78   417187.0000   194178.8273   593915   53.46%
   4982  2811   369591.2727   134   417187.0000   194178.8273   601418   53.46%
   5122  3171   392472.3750   123   417187.0000   194178.8273   638224   53.46%
   5293  3133   318192.6875   124   417187.0000   194906.7988   637828   53.28%
   5401  3224   248706.9330   200   417187.0000   195234.2731   650599   53.20%
   5499  3463   250271.0280   201   417187.0000   196348.2252   684499   52.94%
   5645  3585   405923.5000   102   417187.0000   196348.2252   693398   52.94%
   5784  3685   337159.0000    79   417187.0000   196590.6155   720685   52.88%
Elapsed time = 395.42 sec. (77039.12 ticks, tree = 28.88 MB, solutions = 13)
   5901  3923   310391.8623   216   417187.0000   196590.6155   753413   52.88%
   6038  3998   293415.0677   239   417187.0000   196590.6155   765772   52.88%
   6175  4099   207842.1398   179   417187.0000   197124.9470   770553   52.75%
   6308  4274   224727.5031   196   417187.0000   197124.9470   798355   52.75%
   6420  4338   341174.1152   178   417187.0000   197124.9470   804489   52.75%
   6506  4400   243343.5540   177   417187.0000   198126.0830   816993   52.51%
   6597  4553   216297.2316   173   417187.0000   198126.0830   838446   52.51%
   6705  4615   244577.4534   209   417187.0000   198126.0830   846643   52.51%
   6796  4799   298906.9923   184   417187.0000   198326.0127   887089   52.46%
   6893  4832   342796.7333   165   417187.0000   198326.0127   891240   52.46%
Elapsed time = 467.74 sec. (86693.27 ticks, tree = 36.03 MB, solutions = 13)
   6966  4942   303704.5068   188   417187.0000   198326.0127   917455   52.46%
   7045  5100   341642.1259   219   417187.0000   198326.0127   943077   52.46%
   7177  5117   347704.1250   151   417187.0000   198326.0127   944217   52.46%
   7319  5290   310375.0758   193   417187.0000   198510.4706   970760   52.42%
   7431  5350   302078.8571   184   417187.0000   198950.3853   977831   52.31%
   7554  5460   370901.8333   163   417187.0000   198950.3853   989842   52.31%
   7706  5510   340656.2500   158   417187.0000   198950.3853   995360   52.31%
   7870  5627   344557.6131   203   417187.0000   198950.3853  1014464   52.31%
   8017  5920   348406.7778   173   417187.0000   198950.3853  1050185   52.31%
   8147  6107   377308.0000   111   417187.0000   199494.1130  1073308   52.18%
Elapsed time = 540.74 sec. (96305.33 ticks, tree = 41.53 MB, solutions = 13)
   8271  6034   248006.5000    90   417187.0000   199526.0797  1068452   52.17%
   8419  6246   348668.1765   134   417187.0000   199526.0797  1091996   52.17%
   8551  6544   391790.8571   132   417187.0000   199526.0797  1140242   52.17%
*  8564+ 6343                       417026.0000   199526.0797            52.16%
   8711  6499   398565.7500    99   417026.0000   200322.2801  1131665   51.96%
   8860  6682   408825.5000    66   417026.0000   200322.2801  1164584   51.96%
   9013  6697   214388.3589   171   417026.0000   200322.2801  1167025   51.96%
   9161  7092   221971.6593   170   417026.0000   200322.2801  1222442   51.96%
   9268  7030   411302.0000    58   417026.0000   201022.0654  1214800   51.80%
*  9304+ 7099                       416108.0000   201022.0654            51.69%
*  9317+ 7099                       414881.0000   201022.0654            51.55%
*  9344+ 7099                       412168.0000   201022.0654            51.23%
   9364  7293   278359.8464   237   412168.0000   201022.0654  1255907   51.23%
   9460  7342   248895.2921   186   412168.0000   201224.1652  1280224   51.18%
Elapsed time = 602.44 sec. (105924.34 ticks, tree = 48.51 MB, solutions = 17)
   9562  7404   268428.8796   210   412168.0000   201224.1652  1292862   51.18%
   9670  7470   294174.3286   199   412168.0000   201224.1652  1302308   51.18%
   9788  7527   328299.5643   226   412168.0000   201224.1652  1311846   51.18%
   9913  7632   339554.2462   174   412168.0000   201224.1652  1327619   51.18%
*  9994+ 7761                       403638.0000   201224.1652            50.15%
  10021  7697   320282.9605   179   403638.0000   201224.1652  1341035   50.15%
  10153  7807   341197.3214   158   403638.0000   201311.7916  1376915   50.13%
  10284  7784   364491.4019   192   403638.0000   201311.7916  1376176   50.13%
  10403  7928   403513.8125   140   403638.0000   201311.7916  1390564   50.13%
  10530  8121   385397.0938   170   403638.0000   201311.7916  1412476   50.13%
  11093  8549   254645.0789   173   403638.0000   201424.2045  1474541   50.10%
Elapsed time = 688.29 sec. (118368.12 ticks, tree = 54.36 MB, solutions = 18)
  11487  9014   350223.8696   180   403638.0000   201632.4026  1540152   50.05%
  12046  9417   364085.2500   145   403638.0000   201783.1063  1596830   50.01%
  12598 10199   276573.1115   193   403638.0000   202007.0617  1699395   49.95%
  13083 10390   379731.5969   180   403638.0000   202488.4342  1724778   49.83%
  13665 11160   376697.3232   198   403638.0000   202527.2740  1834269   49.82%
  14204 11583   373791.2456   146   403638.0000   202879.7932  1874946   49.74%
  14713 12076   356160.5114   194   403638.0000   202912.0624  1953049   49.73%
  15315 12547   290758.7500   161   403638.0000   202962.6855  2017452   49.72%
  15898 13176   325391.5833   123   403638.0000   203222.4134  2089346   49.65%
  16408 13600   240062.1976   221   403638.0000   203332.1059  2149687   49.63%
Elapsed time = 969.34 sec. (156589.41 ticks, tree = 77.90 MB, solutions = 18)
  17038 14243   270859.7844   192   403638.0000   203704.7824  2263329   49.53%
  17466 14842   375437.3333   134   403638.0000   204173.5774  2345312   49.42%
* 17508+14433                       402268.0000   204173.5774            49.24%
* 17730+14874                       397463.0000   204173.5774            48.63%
  17832 15017   299578.5000    94   397463.0000   204467.2337  2379348   48.56%
  18378 15235   281236.3194   169   397463.0000   204467.2337  2457167   48.56%
  18811 15653   359200.5000   144   397463.0000   204549.1357  2502060   48.54%
  19366 16198   321549.3182   176   397463.0000   204579.5059  2583421   48.53%
  19912 16782   221903.3306   210   397463.0000   204912.0004  2659041   48.45%
  20408 17062   372366.5000   125   397463.0000   204912.0004  2693296   48.45%
  20933 17683   345848.9000   144   397463.0000   204982.4329  2781888   48.43%
  21387 18228   393614.1364   154   397463.0000   205219.8032  2868045   48.37%
Elapsed time = 1233.57 sec. (194834.81 ticks, tree = 101.81 MB, solutions = 20)
  21911 18364   375358.7245   164   397463.0000   205336.0701  2891427   48.34%
  22437 18871   331007.5000   112   397463.0000   205400.5644  2968177   48.32%
  22934 19554   318062.7333   178   397463.0000   205695.4183  3072169   48.25%
  23495 19857   328801.9167   183   397463.0000   205695.4183  3116926   48.25%
  24042 20621   385774.8333    90   397463.0000   205782.9522  3235432   48.23%
  24598 21122   388813.1316   166   397463.0000   205805.3983  3300193   48.22%
  25194 21457   396573.3409   168   397463.0000   205846.8607  3341713   48.21%
  25913 22017   298249.7475   192   397463.0000   206076.2245  3418918   48.15%
  26625 22844   381197.9750   160   397463.0000   206252.1470  3478787   48.11%
* 26871+23390                       390359.0000   206726.0239            47.04%
  27312 22625   299249.6885   180   390359.0000   206848.2566  3536452   47.01%
Elapsed time = 1516.99 sec. (233060.44 ticks, tree = 292.41 MB, solutions = 21)
  27972 22884   297038.6428   205   390359.0000   206876.9818  3567944   47.00%
  28820 24005   380584.7500   102   390359.0000   207190.2402  3656031   46.92%
  29481 24611   269849.0245   199   390359.0000   207257.1161  3710520   46.91%
  30201 24992   319251.2969   196   390359.0000   207401.2122  3743737   46.87%
  30878 26178   286001.1382   192   390359.0000   207481.8515  3843087   46.85%
  31731 26290   372819.1111   128   390359.0000   207700.4516  3849563   46.79%
  32407 27171   288286.0139   162   390359.0000   207837.8417  3917974   46.76%
  33252 28375   375085.9453   151   390359.0000   207956.7541  4003282   46.73%
* 33789+28252                       388738.0000   208033.5871            46.48%
  33897 28945   222426.5402   163   388738.0000   208071.0347  4048071   46.48%
  34423 29510   325550.4359   171   388738.0000   208523.1661  4117671   46.36%
Elapsed time = 1797.30 sec. (271281.01 ticks, tree = 1310.27 MB, solutions = 22)
* 34699+29144                       388007.0000   208523.1661            46.26%
  34888 29692   277443.6458   179   388007.0000   208523.1661  4132321   46.26%
  35374 30032   376777.8661   168   388007.0000   208523.1661  4158764   46.26%

Performing restart 2

Repeating presolve.
Tried aggregator 1 time.
MIP Presolve eliminated 688 rows and 40 columns.
Reduced MIP has 30267 rows, 3000 columns, and 118017 nonzeros.
Reduced MIP has 3000 binaries, 0 generals, 0 SOSs, and 0 indicators.
Presolve time = 0.15 sec. (155.71 ticks)
Tried aggregator 1 time.
Reduced MIP has 30267 rows, 3000 columns, and 118017 nonzeros.
Reduced MIP has 3000 binaries, 0 generals, 0 SOSs, and 0 indicators.
Presolve time = 0.09 sec. (86.60 ticks)
Represolve time = 0.32 sec. (295.93 ticks)
  35458     0   186373.2419   230   388007.0000      Cuts: 68  4221442   46.14%
  35458     0   186489.5776   255   388007.0000      Cuts: 40  4221541   46.14%
  35458     0   186694.3380   212   388007.0000      Cuts: 56  4221728   46.14%
* 35458+    0                       387477.0000   208999.0234            46.06%
  35458     0  -1.00000e+75     0   387477.0000   208999.0234  4221728   46.06%
  35458     0   187064.4761   224   387477.0000      Cuts: 45  4221885   46.06%
  35458     0   187429.2627   248   387477.0000      Cuts: 61  4222074   46.06%
  35458     0   187636.5259   246   387477.0000      Cuts: 82  4222270   46.06%
  35458     0   187912.0029   241   387477.0000      Cuts: 84  4222474   46.06%
  35458     0   188085.9780   245   387477.0000      Cuts: 69  4222683   46.06%
  35458     2   188085.9780   245   387477.0000   208999.0234  4222683   46.06%
  35472     8   220668.5457   177   387477.0000   208999.0234  4225384   46.06%
  35507    41   225703.9777   170   387477.0000   208999.0234  4238641   46.06%
  35590   100   261867.5090   168   387477.0000   208999.0234  4256798   46.06%
  35781   237   292689.0455   130   387477.0000   208999.0234  4286523   46.06%
  36075   484   192687.5489   220   387477.0000   208999.0234  4331026   46.06%
  36322   673   272486.5329   149   387477.0000   208999.0234  4370435   46.06%
  36651   879   358588.0000    99   387477.0000   208999.0234  4411506   46.06%
Elapsed time = 2034.63 sec. (322337.25 ticks, tree = 20.74 MB, solutions = 25)
  37035  1294   223497.1851   206   387477.0000   208999.0234  4494449   46.06%
  37442  1745   233199.2312   205   387477.0000   208999.0234  4578286   46.06%
  37807  2030   305997.8696   155   387477.0000   208999.0234  4622393   46.06%
  38152  2409   304089.7582   176   387477.0000   208999.0234  4673057   46.06%
  38538  2686   246298.8553   207   387477.0000   208999.0234  4712243   46.06%
  38870  3108   367316.3636   165   387477.0000   208999.0234  4784547   46.06%
  39313  3489   304200.0026   185   387477.0000   208999.0234  4845949   46.06%
  39722  3816   330371.8333   169   387477.0000   208999.0234  4897166   46.06%
  40101  4190   359342.6000   160   387477.0000   208999.0234  4953821   46.06%
  40520  4538   269010.0402   208   387477.0000   208999.0234  5012687   46.06%
Elapsed time = 2314.99 sec. (360599.91 ticks, tree = 62.34 MB, solutions = 25)
  40899  4982   366245.5000    80   387477.0000   208999.0234  5074687   46.06%
  41332  5480   328738.4531   173   387477.0000   208999.0234  5149509   46.06%
  41809  5787   364975.0482   179   387477.0000   208999.0234  5182209   46.06%
  42287  6361   292412.7500   130   387477.0000   208999.0234  5276169   46.06%
  42757  6633   271207.9545   170   387477.0000   208999.0234  5332416   46.06%
  43181  7188   327833.5463   167   387477.0000   208999.0234  5425419   46.06%
  43590  7515   320968.0375   164   387477.0000   208999.0234  5478039   46.06%
  44001  7875   363116.6111   147   387477.0000   208999.0234  5531881   46.06%
  44467  8246   366212.8462   148   387477.0000   208999.0234  5588589   46.06%
  45033  8707   384375.0496   194   387477.0000   208999.0234  5649590   46.06%
Elapsed time = 2611.45 sec. (398843.41 ticks, tree = 170.83 MB, solutions = 25)
  45694  9497   332681.6801   186   387477.0000   208999.0234  5713977   46.06%
  46310 10054   378729.5330   182   387477.0000   208999.0234  5755968   46.06%
  46841 10585   314622.7254   232   387477.0000   208999.0234  5810048   46.06%
  47548 11001   332466.5833   144   387477.0000   208999.0234  5847572   46.06%
  48141 11754   282576.4628   219   387477.0000   208999.0234  5911676   46.06%
  48734 12412   347452.5458   194   387477.0000   208999.0234  5973841   46.06%
  49507 13150   315219.0727   184   387477.0000   208999.0234  6037306   46.06%
  50129 13616   277206.1675   163   387477.0000   208999.0234  6076316   46.06%
  50737 14293   312079.6507   186   387477.0000   208999.0234  6144753   46.06%
  51383 14911   370367.5919   161   387477.0000   208999.0234  6193351   46.06%
Elapsed time = 2905.34 sec. (437062.87 ticks, tree = 1059.09 MB, solutions = 25)
  51850 15113   361098.9422   195   387477.0000   208999.0234  6207038   46.06%
  52393 15914   346313.6508   175   387477.0000   208999.0234  6274592   46.06%
  52962 16160        cutoff         387477.0000   208999.0234  6297098   46.06%
  53632 16688   295871.1832   180   387477.0000   208999.0234  6351264   46.06%
  54443 17788   380060.0448   153   387477.0000   208999.0234  6432897   46.06%
  55139 18014   341370.8689   171   387477.0000   208999.0234  6450019   46.06%
  55829 18828   276293.2234   160   387477.0000   208999.0234  6518390   46.06%
  56480 19463   329921.8833   212   387477.0000   208999.0234  6561114   46.06%
  57129 20460   261233.6596   170   387477.0000   208999.0234  6658048   46.06%
  57789 20625   382597.2356   160   387477.0000   208999.0234  6667491   46.06%
Elapsed time = 3198.72 sec. (475278.35 ticks, tree = 1777.71 MB, solutions = 25)
  58476 21436   257956.6724   183   387477.0000   208999.0234  6742961   46.06%
Starting limited solution polishing.
  59119 22398   325858.5278   173   387477.0000   209028.0838  6824460   46.05%
  59785 22641   314917.8172   185   387477.0000   209286.5351  6843296   45.99%
* 59950+22798                       387400.0000   209286.5351            45.98%
* 60084+22576                       385079.0000   209286.5351            45.65%
  60100 23186   362263.3465   162   385079.0000   209286.5351  6890301   45.65%
* 60173+22728                       382942.0000   209286.5351            45.35%
  60550 23355   348893.9000   104   382942.0000   209656.8227  6933726   45.25%
  60706 23339   373414.4621   184   382942.0000   209725.7062  6968053   45.23%
  61071 23579   318856.7901   198   382942.0000   209934.3391  6992353   45.18%
  61515 23965   364460.8615   145   382942.0000   210004.7366  7024851   45.16%
  61801 24225   336959.4600   126   382942.0000   210004.7366  7050237   45.16%
  62256 24495   259808.9584   233   382942.0000   210004.7366  7072367   45.16%
Elapsed time = 3403.55 sec. (513494.68 ticks, tree = 2291.45 MB, solutions = 28)
Nodefile size = 231.35 MB (145.25 MB after compression)
* 62353+24583                       378183.0000   210353.0164            44.38%
  62482 24785   354986.8750   108   378183.0000   210449.5908  7106376   44.35%
  62845 24536   339438.9213   198   378183.0000   210599.6907  7168000   44.31%
  63218 24405   322462.6660   183   378183.0000   210759.9606  7152239   44.27%
  63529 24936   234512.5263   170   378183.0000   210759.9606  7207798   44.27%
  63820 25183   255576.3586   193   378183.0000   211128.7942  7231257   44.17%
  64252 24955   270446.1045   173   378183.0000   211128.7942  7210372   44.17%
* 64446+25431                       376706.0000   211237.7730            43.93%
  64604 25889   347238.9600   170   376706.0000   211237.7730  7292971   43.93%
* 64746+25736                       372642.0000   211362.9628            43.28%
  65147 25372   368200.3756   198   372642.0000   211566.0625  7343189   43.23%
* 65330+26002                       371601.0000   211566.0625            43.07%
* 65649+25654                       370437.0000   211772.0715            42.83%
  65679 25429   294814.1441   176   370437.0000   211772.0715  7351200   42.83%
  66164 25735   294218.8891   196   370437.0000   211772.0715  7427510   42.83%
Elapsed time = 3583.66 sec. (551744.85 ticks, tree = 2389.95 MB, solutions = 34)
Nodefile size = 333.76 MB (208.83 MB after compression)
* 66350+25437                       368161.0000   211772.0715            42.48%
* 66363+25430                       366328.0000   211772.0715            42.19%
  66511 25825   361405.1793   178   366328.0000   212126.4453  7433436   42.09%
  66531 25545   354117.3729   199   366328.0000   212126.4453  7359175   42.09%

Zero-half cuts applied:  371
Lift and project cuts applied:  162

Root node processing (before b&c):
  Real time             =   31.51 sec. (11618.36 ticks)
Parallel b&c, 8 threads:
  Real time             = 3570.04 sec. (549326.59 ticks)
  Sync time (average)   =  784.54 sec.
  Wait time (average)   =    0.01 sec.
                          ------------
Total (root+branch&cut) = 3601.55 sec. (560944.95 ticks)
Status: Feasible
Obj: 366328

Instalacoes abertas:
Instalação 0 aberta
Instalação 1 aberta
Instalação 4 aberta
Instalação 8 aberta
Instalação 9 aberta
Instalação 13 aberta
Instalação 16 aberta
Instalação 20 aberta
Instalação 22 aberta
Instalação 25 aberta
Instalação 47 aberta

Atribuições (cliente -> instalação):
Cliente 0 -> Instalação 47
Cliente 1 -> Instalação 9
Cliente 2 -> Instalação 47
Cliente 3 -> Instalação 1
Cliente 4 -> Instalação 4
Cliente 5 -> Instalação 47
Cliente 6 -> Instalação 1
Cliente 7 -> Instalação 9
Cliente 8 -> Instalação 8
Cliente 9 -> Instalação 4
Cliente 10 -> Instalação 13
Cliente 11 -> Instalação 22
Cliente 12 -> Instalação 4
Cliente 13 -> Instalação 4
Cliente 14 -> Instalação 20
Cliente 15 -> Instalação 9
Cliente 16 -> Instalação 16
Cliente 17 -> Instalação 16
Cliente 18 -> Instalação 20
Cliente 19 -> Instalação 9
Cliente 20 -> Instalação 8
Cliente 21 -> Instalação 20
Cliente 22 -> Instalação 22
Cliente 23 -> Instalação 9
Cliente 24 -> Instalação 0
Cliente 25 -> Instalação 25
Cliente 26 -> Instalação 1
Cliente 27 -> Instalação 8
Cliente 28 -> Instalação 47
Cliente 29 -> Instalação 13
Cliente 30 -> Instalação 4
Cliente 31 -> Instalação 13
Cliente 32 -> Instalação 8
Cliente 33 -> Instalação 9
Cliente 34 -> Instalação 4
Cliente 35 -> Instalação 47
Cliente 36 -> Instalação 20
Cliente 37 -> Instalação 1
Cliente 38 -> Instalação 20
Cliente 39 -> Instalação 9
Cliente 40 -> Instalação 4
Cliente 41 -> Instalação 16
Cliente 42 -> Instalação 0
Cliente 43 -> Instalação 8
Cliente 44 -> Instalação 4
Cliente 45 -> Instalação 8
Cliente 46 -> Instalação 9
Cliente 47 -> Instalação 4
Cliente 48 -> Instalação 25
Cliente 49 -> Instalação 0
