Version identifier: 22.1.1.0 | 2022-11-28 | 9160aff4d
CPXPARAM_TimeLimit                               3600
Tried aggregator 1 time.
MIP Presolve eliminated 50 rows and 1 columns.
Reduced MIP has 27000 rows, 3039 columns, and 80900 nonzeros.
Reduced MIP has 3039 binaries, 0 generals, 0 SOSs, and 0 indicators.
Presolve time = 0.04 sec. (39.34 ticks)
Found incumbent of value 2.1182096e+07 after 0.05 sec. (49.75 ticks)
Probing time = 0.01 sec. (6.18 ticks)
Tried aggregator 1 time.
Detecting symmetries...
Reduced MIP has 27000 rows, 3039 columns, and 80900 nonzeros.
Reduced MIP has 3039 binaries, 0 generals, 0 SOSs, and 0 indicators.
Presolve time = 0.05 sec. (47.34 ticks)
Probing time = 0.02 sec. (6.18 ticks)
Clique table members: 2500.
MIP emphasis: balance optimality and feasibility.
MIP search method: dynamic search.
Parallel mode: deterministic, using up to 8 threads.
Root relaxation solution time = 0.06 sec. (40.51 ticks)

        Nodes                                         Cuts/
   Node  Left     Objective  IInf  Best Integer    Best Bound    ItCnt     Gap

*     0+    0                       2.11821e+07        0.0000           100.00%
*     0+    0                       1.56657e+07        0.0000           100.00%
*     0+    0                      1017299.0000        0.0000           100.00%
*     0+    0                       828533.0000        0.0000           100.00%
      0     0    93774.0000   100   828533.0000    93774.0000      179   88.68%
*     0+    0                       496800.0000    93774.0000            81.12%
      0     0   106217.5000   100   496800.0000    Cuts: 1172      375   78.62%
      0     0   118774.0000    98   496800.0000    Cuts: 1212      699   76.09%
*     0+    0                       392558.0000   118774.0000            69.74%
      0     0   131177.5556   221   392558.0000 ZeroHalf: 507     2016   66.58%
*     0+    0                       379205.0000   131177.5556            65.41%
      0     0  -1.00000e+75     0   379205.0000   131177.5556     2016   65.41%
      0     0   137488.8125   213   379205.0000 ZeroHalf: 535     2627   63.74%
      0     0   145473.6085   202   379205.0000     Cuts: 721     3325   61.64%
Detecting symmetries...
*     0+    0                       378960.0000   145473.6085            61.61%
      0     0   148422.7378   197   378960.0000     Cuts: 191     3734   60.83%
      0     0   151609.9539   202   378960.0000     Cuts: 189     4187   59.99%
*     0+    0                       376014.0000   151609.9539            59.68%
      0     0   153391.1070   239   376014.0000     Cuts: 234     4503   59.21%
      0     0   154971.0449   222   376014.0000      Cuts: 78     4831   58.79%
*     0+    0                       360531.0000   154971.0449            57.02%
*     0+    0                       352029.0000   154971.0449            55.98%
      0     0   156686.5246   200   352029.0000     Cuts: 312     5167   55.49%
      0     0   158069.9971   183   352029.0000     Cuts: 191     5541   55.10%
      0     0   159105.8329   200   352029.0000      Cuts: 92     5876   54.80%
      0     0   160130.6602   188   352029.0000      Cuts: 75     6179   54.51%
      0     0   161686.3235   176   352029.0000     Cuts: 240     6476   54.07%
      0     0   162180.5174   208   352029.0000      Cuts: 72     6677   53.93%
      0     0   162704.2707   195   352029.0000      Cuts: 66     6877   53.78%
      0     0   163686.8991   172   352029.0000     Cuts: 171     7181   53.50%
      0     0   164326.7320   174   352029.0000      Cuts: 23     7399   53.32%
      0     0   164704.3338   171   352029.0000      Cuts: 49     7537   53.21%
      0     0   165111.4949   172   352029.0000      Cuts: 58     7731   53.10%
      0     0   165338.7789   174   352029.0000      Cuts: 25     7835   53.03%
      0     0   165592.6507   177   352029.0000      Cuts: 52     7996   52.96%
      0     0   166071.4714   197   352029.0000      Cuts: 32     8158   52.82%
      0     0   166366.5806   197   352029.0000      Cuts: 45     8286   52.74%
      0     0   166624.4598   193   352029.0000      Cuts: 28     8408   52.67%
      0     0   166784.8928   198   352029.0000      Cuts: 72     8530   52.62%
      0     0   167005.1584   177   352029.0000     Cuts: 116     8668   52.56%
      0     0   167182.4440   178   352029.0000      Cuts: 31     8745   52.51%
      0     0   167477.7529   176   352029.0000      Cuts: 15     8882   52.43%
      0     0   167771.9081   177   352029.0000      Cuts: 36     8986   52.34%
      0     0   168280.0326   175   352029.0000      Cuts: 29     9163   52.20%
      0     0   168468.6509   207   352029.0000      Cuts: 43     9289   52.14%
      0     0   168607.4391   209   352029.0000      Cuts: 34     9407   52.10%
      0     0   168830.8092   205   352029.0000      Cuts: 56     9566   52.04%
      0     0   169025.0247   212   352029.0000      Cuts: 35     9695   51.99%
      0     0   169160.6978   183   352029.0000      Cuts: 67     9802   51.95%
      0     0   169322.9860   178   352029.0000      Cuts: 22     9932   51.90%
      0     0   169466.2735   182   352029.0000      Cuts: 21    10067   51.86%
      0     0   169549.5593   179   352029.0000      Cuts: 20    10170   51.84%
      0     0   169589.6819   182   352029.0000      Cuts: 13    10259   51.83%
      0     0   169685.3750   177   352029.0000      Cuts: 16    10323   51.80%
      0     0   169835.4578   207   352029.0000      Cuts: 24    10434   51.76%
      0     0   169950.1504   205   352029.0000      Cuts: 24    10523   51.72%
      0     0   169998.3621   208   352029.0000      Cuts: 12    10572   51.71%
Detecting symmetries...
      0     2   169998.3621   208   352029.0000   170056.0707    10572   51.69%
Elapsed time = 20.10 sec. (7886.38 ticks, tree = 0.02 MB, solutions = 11)
      5     7   199210.7906   162   352029.0000   170185.8176    11562   51.66%
     26     6   170413.3522   198   352029.0000   170185.8176    11417   51.66%
     52    39   240264.5714   130   352029.0000   170415.3781    19002   51.59%
     80    74   285253.5000    64   352029.0000   170415.3781    27360   51.59%
    117   106   316323.2500    83   352029.0000   170415.3781    34773   51.59%
    181   127   280262.0000    77   352029.0000   170415.3781    38920   51.59%
    239   196   294148.7500    93   352029.0000   170415.3781    49064   51.59%
    289   238   225823.8895   147   352029.0000   170415.3781    56891   51.59%
    361   272   227108.6667   118   352029.0000   170415.3781    61695   51.59%
    617   509   236264.2815   141   352029.0000   174390.9604    91660   50.46%
Elapsed time = 33.60 sec. (11059.16 ticks, tree = 11.54 MB, solutions = 11)
    902   741   304444.5000    63   352029.0000   174390.9604   120266   50.46%
   1083   969   263503.8318   147   352029.0000   174696.5481   153756   50.37%
   1318  1156   238655.9552   190   352029.0000   174696.5481   180332   50.37%
   1563  1372   236553.5556   117   352029.0000   174696.5481   204998   50.37%

Performing restart 1

Repeating presolve.
Tried aggregator 1 time.
MIP Presolve eliminated 2590 rows and 186 columns.
Reduced MIP has 24410 rows, 2853 columns, and 73130 nonzeros.
Reduced MIP has 2853 binaries, 0 generals, 0 SOSs, and 0 indicators.
Presolve time = 0.04 sec. (37.48 ticks)
Tried aggregator 1 time.
Reduced MIP has 24410 rows, 2853 columns, and 73130 nonzeros.
Reduced MIP has 2853 binaries, 0 generals, 0 SOSs, and 0 indicators.
Presolve time = 0.05 sec. (44.07 ticks)
Represolve time = 0.14 sec. (122.77 ticks)
*  1662+    0                       347961.0000   174696.5481            49.79%
   1662     0   171637.1580   208   347961.0000      Cuts: 50   227008   49.79%
   1662     0   173361.8851   210   347961.0000      Cuts: 74   227458   49.79%
   1662     0   174512.5306   210   347961.0000      Cuts: 71   227841   49.79%
   1662     0   174936.0918   217   347961.0000      Cuts: 52   227993   49.73%
   1662     0   175246.0677   215   347961.0000      Cuts: 59   228136   49.64%
   1662     0   175481.1357   221   347961.0000      Cuts: 52   228280   49.57%
   1662     0   175796.7486   210   347961.0000      Cuts: 67   228439   49.48%
   1662     0   176168.6699   210   347961.0000      Cuts: 65   228606   49.37%
   1662     0   176656.6726   207   347961.0000      Cuts: 52   228802   49.23%
   1662     0   177743.2732   211   347961.0000      Cuts: 74   229115   48.92%
   1662     0   178213.7275   207   347961.0000      Cuts: 50   229343   48.78%
   1662     0   178651.7214   224   347961.0000      Cuts: 34   229528   48.66%
   1662     0   178984.4426   234   347961.0000      Cuts: 41   229702   48.56%
   1662     0   179085.5965   211   347961.0000      Cuts: 56   229845   48.53%
   1662     0   179312.7762   207   347961.0000      Cuts: 30   229973   48.47%
   1662     0   179451.2597   200   347961.0000      Cuts: 18   230049   48.43%
   1662     0   179644.2404   211   347961.0000      Cuts: 36   230197   48.37%
   1662     0   179743.4201   215   347961.0000      Cuts: 23   230307   48.34%
   1662     0   179820.4200   206   347961.0000      Cuts: 27   230452   48.32%
   1662     0   180004.4453   215   347961.0000      Cuts: 33   230590   48.27%
   1662     0   180186.4511   208   347961.0000      Cuts: 31   230679   48.22%
   1662     0   180391.9538   210   347961.0000      Cuts: 38   230790   48.16%
   1662     0   180452.5742   214   347961.0000      Cuts: 38   230850   48.14%
   1662     0   180547.6606   212   347961.0000      Cuts: 30   230926   48.11%
   1662     0   180683.3342   210   347961.0000      Cuts: 41   231039   48.07%
   1662     0   180743.3414   210   347961.0000      Cuts: 28   231117   48.06%
   1662     0   180780.0255   206   347961.0000      Cuts: 18   231157   48.05%
   1662     0   180916.3117   204   347961.0000      Cuts: 35   231246   48.01%
   1662     0   181187.8022   207   347961.0000      Cuts: 19   231389   47.93%
   1662     0   181467.2115   208   347961.0000      Cuts: 54   231560   47.85%
   1662     0   181768.9899   234   347961.0000      Cuts: 19   231804   47.76%
   1662     0   181867.5255   206   347961.0000      Cuts: 25   231942   47.73%
   1662     0   182012.5764   241   347961.0000      Cuts: 18   232093   47.69%
   1662     0   182283.7968   231   347961.0000      Cuts: 34   232290   47.61%
   1662     0   182455.1127   236   347961.0000      Cuts: 37   232428   47.56%
   1662     0   182874.0888   236   347961.0000      Cuts: 45   232663   47.44%
   1662     0   183050.4092   233   347961.0000      Cuts: 29   232809   47.39%
   1662     0   183317.9546   215   347961.0000      Cuts: 29   232951   47.32%
   1662     0   183515.5697   216   347961.0000      Cuts: 27   233142   47.26%
   1662     0   183642.3225   216   347961.0000      Cuts: 15   233224   47.22%
   1662     0   183703.0048   212   347961.0000      Cuts: 11   233273   47.21%
   1662     0   183726.6478   216   347961.0000      Cuts: 10   233313   47.20%
   1662     0   183751.9982   223   347961.0000       Cuts: 9   233371   47.19%
   1662     0   183789.9789   222   347961.0000      Cuts: 19   233435   47.18%
   1662     0   183792.2355   221   347961.0000       Cuts: 7   233448   47.18%
   1662     2   183792.2355   221   347961.0000   183792.2355   233448   47.18%
   1663     3   183875.9690   211   347961.0000   183876.1038   233543   47.16%
   1665     4   183917.7830   233   347961.0000   183917.8471   233655   47.14%
   1669     6   183963.0037   206   347961.0000   183994.8721   234346   47.12%
   1677    11   198296.2636   185   347961.0000   183994.8721   237672   47.12%
   1688    23   201772.5496   174   347961.0000   183994.8721   243226   47.12%
Elapsed time = 115.43 sec. (37635.21 ticks, tree = 0.80 MB, solutions = 12)
   1697    24   202588.7243   196   347961.0000   184280.6583   244256   47.04%
   1706    26   184664.6848   232   347961.0000   184281.3324   244718   47.04%
   1718    48   200088.2535   183   347961.0000   184281.3324   259826   47.04%
   1739    68   200259.2552   179   347961.0000   184281.3324   266140   47.04%
   1790    87   185857.6406   199   347961.0000   184281.3324   271307   47.04%
   1844   109   231697.9375   145   347961.0000   184281.3324   278118   47.04%
   1885   186   197788.8318   174   347961.0000   184281.3324   292849   47.04%
   1937   225   218268.5442   156   347961.0000   184281.3324   301012   47.04%
   1996   231   272695.3453   164   347961.0000   184281.3324   302035   47.04%
   2062   322   213513.3690   159   347961.0000   184281.3324   317112   47.04%
Elapsed time = 178.11 sec. (47497.50 ticks, tree = 21.65 MB, solutions = 12)
   2153   431   283606.0238   143   347961.0000   184281.3324   328224   47.04%
   2222   473   215640.1977   183   347961.0000   184281.3324   333995   47.04%
   2288   496   272725.4091   136   347961.0000   184281.3324   336111   47.04%
   2343   597   235769.1393   141   347961.0000   184281.3324   353642   47.04%
   2405   573   202850.0021   187   347961.0000   184281.3324   348842   47.04%
   2470   667   268733.4043   168   347961.0000   184281.3324   359619   47.04%
   2553   692   318940.3443   125   347961.0000   184281.3324   361729   47.04%
   2699   741   203384.9064   197   347961.0000   184281.3324   369862   47.04%
   2805   942   293217.5000    75   347961.0000   184281.3324   393523   47.04%
   2905  1020   269127.0887   172   347961.0000   184281.3324   401655   47.04%
Elapsed time = 240.73 sec. (57305.54 ticks, tree = 144.56 MB, solutions = 12)
   3033  1044   287326.6354   173   347961.0000   184281.3324   403307   47.04%
   3168  1286   280004.3387   134   347961.0000   184281.3324   427447   47.04%
   3271  1416   226417.5126   166   347961.0000   184281.3324   437950   47.04%
   3423  1521   286699.6125   125   347961.0000   184281.3324   445746   47.04%
   3526  1569   299984.6429   181   347961.0000   184281.3324   447602   47.04%
   3632  1700   301584.9474   204   347961.0000   184281.3324   462670   47.04%
   3765  1776   314551.7500   137   347961.0000   184281.3324   464529   47.04%
   3893  1894   339733.5000    96   347961.0000   184281.3324   482561   47.04%
   4037  2032   225791.5997   172   347961.0000   184281.3324   494234   47.04%
   4185  2152   199281.9059   176   347961.0000   184281.3324   503092   47.04%
Elapsed time = 298.60 sec. (66947.44 ticks, tree = 308.01 MB, solutions = 12)
*  4262+ 2227                       342586.0000   184281.3324            46.21%
*  4280+ 2227                       340830.0000   184281.3324            45.93%
*  4323+ 2251                       340330.0000   184281.3324            45.85%
   4333  2312   323636.8684   125   340330.0000   184281.3324   518421   45.85%
   4489  2278   277437.8714   149   340330.0000   184281.3324   524820   45.85%
   4626  2421   309215.2045   143   340330.0000   184281.3324   535345   45.85%
   4745  2531   268705.2193   177   340330.0000   184281.3324   556933   45.85%
   4889  2684   297579.8224   219   340330.0000   184281.3324   570780   45.85%
   5050  2799   283547.0316   135   340330.0000   184281.3324   576872   45.85%
   5226  2957   321877.1375   196   340330.0000   184281.3324   595024   45.85%
   5434  3111   318065.0000    72   340330.0000   190629.1532   607299   43.99%
   5580  3322   264364.3750   155   340330.0000   190629.1532   622649   43.99%
   5754  3606   284960.0000    81   340330.0000   190845.2525   651554   43.92%
Elapsed time = 358.16 sec. (76551.58 ticks, tree = 576.68 MB, solutions = 15)
   5896  3659   313813.9488   175   340330.0000   190845.2525   653610   43.92%
   6061  3767   300826.8934   184   340330.0000   190845.2525   668177   43.92%
   6251  4062   332769.4697   142   340330.0000   190845.2525   689553   43.92%
   6422  4176   297174.8234   169   340330.0000   190845.2525   702113   43.92%
   6629  4296   283002.4791   201   340330.0000   190845.2525   710473   43.92%
   6839  4445   310254.8333   131   340330.0000   190845.2525   728084   43.92%
   7002  4685   283550.2143   150   340330.0000   190845.2525   745215   43.92%
   7165  4912   336971.1417   161   340330.0000   190845.2525   763693   43.92%
   7319  4973   312269.8387   145   340330.0000   196310.2346   770794   42.32%
   7542  5137   270545.4813   174   340330.0000   196310.2346   795904   42.32%
Elapsed time = 415.67 sec. (86121.00 ticks, tree = 813.34 MB, solutions = 15)
   7766  5155   285131.6504   153   340330.0000   196687.7682   793431   42.21%
   7929  5416   331657.1667   150   340330.0000   196687.7682   813546   42.21%
   8138  5583   331430.0833   182   340330.0000   197328.7339   827884   42.02%
   8301  5939   220473.9553   182   340330.0000   197409.2811   865813   41.99%
   8483  5953   259384.8007   204   340330.0000   197663.1781   868283   41.92%
   8704  6269   295366.6500   172   340330.0000   197668.2343   901781   41.92%
   9008  6428   332897.5000   154   340330.0000   197668.2343   913740   41.92%
   9243  6580   334237.8793   141   340330.0000   197803.0175   921326   41.88%
   9428  6610   248362.3119   179   340330.0000   197830.3431   926702   41.87%
   9583  7049   269018.0844   197   340330.0000   198278.3551   951724   41.74%
Elapsed time = 473.19 sec. (95711.43 ticks, tree = 1122.32 MB, solutions = 15)
   9780  7316   266840.0962   169   340330.0000   198278.3551   976351   41.74%
  10020  7601   322937.2422   160   340330.0000   198278.3551   997116   41.74%
  10251  7490   281552.4585   194   340330.0000   198278.3551   992923   41.74%
  10454  8025   260683.4980   163   340330.0000   198278.3551  1025895   41.74%
  10615  7920   236953.2971   187   340330.0000   198389.1507  1020008   41.71%
* 10712+ 8162                       338198.0000   198389.1507            41.34%
  10835  8413   317486.0620   165   338198.0000   198389.1507  1056098   41.34%
* 10871+ 8162                       337605.0000   198389.1507            41.24%
  11013  8360   307346.4216   155   337605.0000   198754.5172  1069123   41.13%
  11211  8330   285254.0000   150   337605.0000   198766.5227  1067674   41.12%
  11446  8548   284155.8750   179   337605.0000   198766.5227  1089418   41.12%
  11637  8676   331519.9286   118   337605.0000   198911.6749  1098006   41.08%
Elapsed time = 529.67 sec. (105294.93 ticks, tree = 1374.39 MB, solutions = 17)
  11785  8996   247532.6329   168   337605.0000   198911.6749  1124911   41.08%
  11965  9154   265477.7500   127   337605.0000   199309.2921  1141376   40.96%
  12151  9338   321135.2000   112   337605.0000   199340.5756  1157146   40.95%
  12360  9546   248919.0925   183   337605.0000   199340.5756  1182082   40.95%
  12535  9784   296218.5417   145   337605.0000   199357.2210  1200548   40.95%
  12715  9846   280992.4993   185   337605.0000   199357.2210  1205496   40.95%
  12914  9885   304662.1125   154   337605.0000   199435.2370  1207469   40.93%
  13152 10018   282889.2596   162   337605.0000   199435.2370  1223849   40.93%
  13395 10332   296186.6316   141   337605.0000   199435.2370  1253525   40.93%
  14288 11204   264899.8750   155   337605.0000   200318.3989  1327915   40.66%
Elapsed time = 605.17 sec. (117752.11 ticks, tree = 1723.29 MB, solutions = 17)
  15257 11841   328673.0405   160   337605.0000   200713.1607  1373637   40.55%
  16144 12869   335112.5000   132   337605.0000   201296.9870  1441613   40.37%
  17005 13723   295527.6554   192   337605.0000   201689.3379  1516742   40.26%
* 17118+13816                       337373.0000   201689.3379            40.22%
  17693 14518   243012.6985   186   337373.0000   201692.8302  1578563   40.22%
* 17788+14439                       335295.0000   201803.4741            39.81%
* 17881+14395                       317066.0000   201803.4741            36.35%
  18225 14928   257926.2674   184   317066.0000   202166.6040  1613724   36.24%
* 18846+11949                       315514.0000   202328.5900            35.87%
  18924 12480   282052.5934   166   315514.0000   202534.0268  1693947   35.81%
  19712 12794   295522.1481   150   315514.0000   202667.0000  1761747   35.77%
  20548 13576        cutoff         315514.0000   203253.0228  1842272   35.58%
  21229 13977   285305.0464   168   315514.0000   203807.9780  1873416   35.40%
  22139 14647   278773.2000   156   315514.0000   204387.0310  1951529   35.22%
Elapsed time = 822.27 sec. (155938.96 ticks, tree = 1921.79 MB, solutions = 21)
  23043 15796   300723.5252   161   315514.0000   204655.0785  2051899   35.14%
  23889 16394   271436.8891   173   315514.0000   205025.9791  2105098   35.02%
  24672 17224   305581.4922   159   315514.0000   205253.2142  2169601   34.95%
* 24851+17367                       315036.0000   205253.2142            34.85%
  25373 17883   272542.9379   170   315036.0000   205532.8463  2245365   34.76%
  26059 18752   255645.0014   166   315036.0000   205845.1641  2325762   34.66%
* 26145+18129                       314377.0000   205845.1641            34.52%
* 26184+18129                       313709.0000   205845.1641            34.38%
  26840 18857   239151.6911   211   313709.0000   205920.5220  2370396   34.36%
  27706 19877   311776.4074   153   313709.0000   206176.6045  2449160   34.28%
  28561 20459        cutoff         313709.0000   206353.9818  2509233   34.22%
  29435 21628   299120.1315   165   313709.0000   206980.3438  2604366   34.02%
  30258 22091   300969.6831   183   313709.0000   207132.9875  2652295   33.97%
Elapsed time = 1052.83 sec. (194135.37 ticks, tree = 2858.67 MB, solutions = 24)
Nodefile size = 790.20 MB (491.84 MB after compression)
  31146 22888   298443.9391   161   313709.0000   207293.8700  2727160   33.92%
  32010 24009   281471.9289   182   313709.0000   207747.7260  2820554   33.78%
  32746 24801   289755.5694   148   313709.0000   208087.0148  2895338   33.67%
  33372 24976   280049.9474   160   313709.0000   208095.6472  2912023   33.67%
  33893 25549   266475.1667   145   313709.0000   208130.6107  2973024   33.65%

Performing restart 2

Repeating presolve.
Tried aggregator 1 time.
MIP Presolve eliminated 1391 rows and 110 columns.
Reduced MIP has 23019 rows, 2743 columns, and 89280 nonzeros.
Reduced MIP has 2743 binaries, 0 generals, 0 SOSs, and 0 indicators.
Presolve time = 0.13 sec. (139.77 ticks)
Tried aggregator 1 time.
Reduced MIP has 23019 rows, 2743 columns, and 89280 nonzeros.
Reduced MIP has 2743 binaries, 0 generals, 0 SOSs, and 0 indicators.
Presolve time = 0.07 sec. (66.20 ticks)
Represolve time = 0.28 sec. (260.67 ticks)
  34015     0   184855.1491   249   313709.0000      Cuts: 35  3041438   33.55%
  34015     0   185062.2316   240   313709.0000      Cuts: 30  3041564   33.55%
  34015     0   185266.2392   252   313709.0000      Cuts: 56  3041679   33.55%
* 34015+    0                       311918.0000   208464.5493            33.17%
  34015     0  -1.00000e+75     0   311918.0000   208464.5493  3041679   33.17%
  34015     0   185594.1814   213   311918.0000      Cuts: 51  3041863   33.17%
  34015     0   185740.2899   219   311918.0000      Cuts: 51  3041948   33.17%
  34015     0   185956.4542   248   311918.0000      Cuts: 48  3042083   33.17%
  34015     0   186152.8228   213   311918.0000      Cuts: 59  3042190   33.17%
  34015     0   186378.5632   246   311918.0000      Cuts: 52  3042327   33.17%
  34015     0   186543.4407   217   311918.0000      Cuts: 45  3042450   33.17%
  34015     0   186708.7085   244   311918.0000      Cuts: 53  3042564   33.17%
  34015     2   186708.7085   244   311918.0000   208464.5493  3042564   33.17%
  34031     7   212680.5055   177   311918.0000   208464.5493  3044180   33.17%
  34073    30   210443.5179   186   311918.0000   208464.5493  3056102   33.17%
  34235   182   267726.8456   141   311918.0000   208464.5493  3099598   33.17%
  34498   385   306131.5000    93   311918.0000   208464.5493  3140204   33.17%
Elapsed time = 1256.70 sec. (241728.56 ticks, tree = 2.09 MB, solutions = 25)
  34933   565   224191.6846   167   311918.0000   208464.5493  3169666   33.17%
  35354   903   248521.9175   165   311918.0000   208464.5493  3214984   33.17%
  35927  1510   300262.8894   182   311918.0000   208464.5493  3267486   33.17%
  36536  1982   309677.7404   178   311918.0000   208464.5493  3302446   33.17%
  37249  2682   224774.4096   182   311918.0000   208464.5493  3360900   33.17%
  37853  3280   311630.6833   174   311918.0000   208464.5493  3417645   33.17%
  38542  3890   275768.4300   170   311918.0000   208464.5493  3474130   33.17%
  39195  4384   255888.2823   167   311918.0000   208464.5493  3514687   33.17%
  39876  5129   298777.0843   185   311918.0000   208464.5493  3583648   33.17%
  40618  5718   237989.8566   195   311918.0000   208464.5493  3636528   33.17%
Elapsed time = 1477.82 sec. (279955.29 ticks, tree = 827.23 MB, solutions = 25)
  41466  6537   243358.9797   161   311918.0000   208464.5493  3694149   33.17%
  42210  7364   231489.7211   148   311918.0000   208464.5493  3766792   33.17%
  42850  8029   301522.3636   153   311918.0000   208464.5493  3840802   33.17%
  43616  8652   273460.8172   189   311918.0000   208464.5493  3909628   33.17%
  44338  9160   235424.3439   197   311918.0000   208464.5493  3958753   33.17%
  45039  9969   282860.3644   183   311918.0000   208464.5493  4034769   33.17%
  45758 10585   294451.2126   157   311918.0000   208464.5493  4100903   33.17%
  46435 11047   283136.2095   192   311918.0000   208464.5493  4146185   33.17%
  47272 11747   297776.5000   107   311918.0000   208464.5493  4223730   33.17%
  48108 12680   238162.2329   185   311918.0000   208464.5493  4299896   33.17%
Elapsed time = 1701.96 sec. (318157.06 ticks, tree = 1665.11 MB, solutions = 25)
  48814 13214   248011.7240   174   311918.0000   208464.5493  4357100   33.17%
  49468 14009   291675.2500   146   311918.0000   208464.5493  4434119   33.17%
  50147 14520   237174.3884   201   311918.0000   208464.5493  4494128   33.17%
  50591 15217   302873.4286   181   311918.0000   208464.5493  4563422   33.17%
  51208 15411   288541.1006   200   311918.0000   208464.5493  4593426   33.17%
  51967 16371   264252.3261   219   311918.0000   208464.5493  4684427   33.17%
  52682 17039   271381.6434   206   311918.0000   208609.8544  4753402   33.12%
  53421 17656   223592.5168   177   311918.0000   208914.3472  4810126   33.02%
  54054 18194   303619.7681   163   311918.0000   209281.6102  4863616   32.90%
  54863 19092   300757.8292   187   311918.0000   209572.3069  4953934   32.81%
Elapsed time = 1911.10 sec. (356344.31 ticks, tree = 2364.79 MB, solutions = 25)
Nodefile size = 308.12 MB (194.83 MB after compression)
  55555 19412   296451.1088   157   311918.0000   209672.3260  4987503   32.78%
  56178 20262   303651.8682   172   311918.0000   210136.3477  5079627   32.63%
  56932 20813   280504.0494   160   311918.0000   210446.4203  5152633   32.53%
  57627 21512   279538.2545   228   311918.0000   210671.5685  5216823   32.46%
  58342 22417   310619.0000   150   311918.0000   210796.6920  5309484   32.42%
  59016 23112   235628.1363   159   311918.0000   211301.1853  5378424   32.26%
  59760 23477   238955.1248   196   311918.0000   211492.6055  5420650   32.20%
  60517 24183   246926.0796   175   311918.0000   211907.5327  5484320   32.06%
  61354 24888   305353.0579   143   311918.0000   212190.7599  5552494   31.97%
  62000 25784   287470.7023   177   311918.0000   212428.0694  5643308   31.90%
Elapsed time = 2133.49 sec. (394541.74 ticks, tree = 3151.02 MB, solutions = 25)
Nodefile size = 1085.78 MB (684.64 MB after compression)
  62756 26501   304625.6580   175   311918.0000   212646.4539  5722172   31.83%
  63380 27142   304520.5040   172   311918.0000   212806.6852  5795706   31.77%
  64161 27552   305591.6416   159   311918.0000   213004.0802  5838962   31.71%
  64937 28139   295887.4471   135   311918.0000   213151.7490  5896560   31.66%
  65715 28570   281993.9141   143   311918.0000   213602.4567  5946728   31.52%
  66530 29995   281371.8043   172   311918.0000   213773.2377  6071140   31.46%
  67243 30730   245525.6568   211   311918.0000   213899.9319  6139637   31.42%
  67868 30839   240551.5542   179   311918.0000   214005.0206  6147959   31.39%
  68678 31574   278800.2721   165   311918.0000   214105.0563  6229489   31.36%
  69587 32348   287983.5595   155   311918.0000   214394.9653  6302283   31.27%
Elapsed time = 2361.41 sec. (432732.64 ticks, tree = 3798.19 MB, solutions = 25)
Nodefile size = 1724.95 MB (1084.91 MB after compression)
  70279 33388   296011.7561   144   311918.0000   214614.8920  6392638   31.20%
  71065 34235   268039.5770   171   311918.0000   214823.5046  6473942   31.13%
  71859 34395   284096.1000   143   311918.0000   215028.9688  6481900   31.06%
  72675 35275   300252.1622   170   311918.0000   215105.1016  6565719   31.04%
  73412 35754   306853.7286   151   311918.0000   215257.4456  6604858   30.99%
* 74043 36655      integral     0   304694.0000   215281.2652  6701193   29.35%
  74113 36590   282829.8722   148   304694.0000   215281.2652  6697051   29.35%
  74863 33183   249828.8673   162   304694.0000   215576.0714  6790465   29.25%
  75573 33553   299682.4663   175   304694.0000   215717.1590  6828466   29.20%
  76159 34289   296703.5751   154   304694.0000   216029.5548  6901733   29.10%
  76870 35227   268381.4639   160   304694.0000   216171.1022  7001675   29.05%
Elapsed time = 2576.19 sec. (470932.82 ticks, tree = 4260.19 MB, solutions = 26)
Nodefile size = 2198.63 MB (1380.43 MB after compression)
  77545 35104   294216.0000   155   304694.0000   216354.1029  6986591   28.99%
  78291 36416   259337.6564   152   304694.0000   216686.4486  7134995   28.88%
  78984 36750   299213.7786   134   304694.0000   217099.8927  7172731   28.75%
  79699 37170   246047.2471   162   304694.0000   217187.5995  7218002   28.72%
  80326 38220   291525.6479   192   304694.0000   217319.6413  7335743   28.68%
  80862 38785   248771.7144   186   304694.0000   217405.3401  7398423   28.65%
  81425 39127   292639.3812   155   304694.0000   217838.1163  7442839   28.51%
  82154 39779   258829.6029   171   304694.0000   218039.1363  7530556   28.44%
  82787 40491   257756.3185   158   304694.0000   218177.3259  7610842   28.39%
  83522 41204        cutoff         304694.0000   218336.3251  7699172   28.34%
Elapsed time = 2807.73 sec. (509148.51 ticks, tree = 4973.80 MB, solutions = 26)
Nodefile size = 2909.50 MB (1823.40 MB after compression)
  84267 41476   298566.2500   103   304694.0000   218483.8837  7726648   28.29%
* 84535+42151                       302592.0000   218492.8726            27.79%
  84896 41719   293269.2426   191   302592.0000   218586.4167  7757852   27.76%
  85620 40990   261963.2413   188   302592.0000   218802.8500  7860860   27.69%
  86305 41972   283658.7500   126   302592.0000   218910.2896  7971584   27.65%
  87023 42290   232482.6915   167   302592.0000   219123.9309  8014003   27.58%
  87750 42509   299474.4958   202   302592.0000   219174.0480  8042527   27.57%
  88426 43833   239767.4789   174   302592.0000   219377.8296  8189476   27.50%
  89057 44361   281902.4402   160   302592.0000   219591.3678  8249448   27.43%
  89751 45063   300777.4700   154   302592.0000   219734.0126  8329489   27.38%
  90382 45130   292469.2813   161   302592.0000   219845.4956  8338633   27.35%
Elapsed time = 3045.52 sec. (547347.14 ticks, tree = 5482.00 MB, solutions = 27)
Nodefile size = 3399.37 MB (2128.19 MB after compression)
  90990 46196   262437.4932   178   302592.0000   220020.5783  8473261   27.29%
  91568 46867   261814.5610   182   302592.0000   220264.9089  8567122   27.21%
  92206 46769   249218.5011   177   302592.0000   220431.4095  8554602   27.15%
  92877 47777   253918.4282   164   302592.0000   220637.7181  8692462   27.08%
  93493 48023   278340.6126   144   302592.0000   220752.2805  8718360   27.05%
  94170 48609   264708.4906   154   302592.0000   220855.1831  8800593   27.01%
  94794 49620   288067.8905   200   302592.0000   221041.6971  8919568   26.95%
  95515 49679   285969.0705   155   302592.0000   221189.5316  8929842   26.90%
Starting limited solution polishing.
  96195 50659   295929.8333   140   302592.0000   221321.5043  9050787   26.86%
* 96229+50822                       301336.0000   221321.5043            26.55%
  96911 51028   301974.3672   151   301336.0000   221359.4399  9097564   26.54%
Elapsed time = 3274.81 sec. (585596.67 ticks, tree = 6252.20 MB, solutions = 28)
Nodefile size = 4168.75 MB (2607.69 MB after compression)
* 97019+50053                       301164.0000   221359.4399            26.50%
* 97132+50315                       301011.0000   221435.7764            26.44%
* 97136+50315                       300906.0000   221435.7764            26.41%
* 97148+50413                       299279.0000   221435.7764            26.01%
  97331 48693   261032.7636   203   299279.0000   221511.3093  9226302   25.99%
  97847 48655   261966.2000   157   299279.0000   221617.3600  9223627   25.95%
  98341 49337   258329.0383   186   299279.0000   221837.2919  9304876   25.88%
  98594 49561   233527.6728   163   299279.0000   221837.2919  9334153   25.88%
* 98729+49195                       299107.0000   221837.2919            25.83%
  98822 49753   279621.8333   184   299107.0000   221923.2059  9385543   25.80%
  99312 49809   271769.2842   180   299107.0000   222028.8501  9371732   25.77%
  99667 50237   293782.2037   149   299107.0000   222028.8501  9457772   25.77%
 100095 50564   284192.6356   172   299107.0000   222279.4279  9496975   25.69%
 100507 50901   288002.1072   183   299107.0000   222282.1423  9544228   25.68%
*100761+51010                       298229.0000   222389.1994            25.43%
 100820 51388   258546.2979   181   298229.0000   222389.1994  9602969   25.43%
Elapsed time = 3413.09 sec. (623849.25 ticks, tree = 6443.31 MB, solutions = 34)
Nodefile size = 4377.88 MB (2736.37 MB after compression)
 101120 50614   242238.9858   152   298229.0000   222449.4329  9645545   25.41%
 101589 50948   268459.1977   198   298229.0000   222591.0012  9692062   25.36%
 101982 51123   263356.8077   166   298229.0000   222681.1379  9714755   25.33%
 102204 51418   290024.3984   185   298229.0000   222694.9911  9761201   25.33%
 102596 51845   247486.3940   163   298229.0000   222725.4663  9809464   25.32%
 102866 52014   241383.4933   167   298229.0000   222800.4410  9832280   25.29%
 103226 52228   279763.8426   205   298229.0000   222904.2118  9859369   25.26%
 103652 52356   294048.0204   107   298229.0000   222904.2118  9870541   25.26%
 104041 52753   293045.0455   148   298229.0000   223070.0545  9930353   25.20%
 104358 53456   238286.1130   177   298229.0000   223208.9431 10015188   25.16%
Elapsed time = 3534.43 sec. (662066.69 ticks, tree = 6684.22 MB, solutions = 34)
Nodefile size = 4620.44 MB (2886.25 MB after compression)
 104725 53668   291107.4058   166   298229.0000   223238.1856 10040500   25.15%
 104982 53805   237741.8898   168   298229.0000   223305.1581 10058302   25.12%
*105113+53817                       297883.0000   223370.7841            25.01%
 105182 54093   283865.4282   169   297883.0000   223370.7841 10104447   25.01%
 105544 53918   277702.6464   207   297883.0000   223472.7114 10151383   24.98%
 105994 54143   275399.0857   207   297883.0000   223599.7534 10182669   24.94%

Implied bound cuts applied:  10
Zero-half cuts applied:  400
Lift and project cuts applied:  246

Root node processing (before b&c):
  Real time             =   20.07 sec. (7841.93 ticks)
Parallel b&c, 8 threads:
  Real time             = 3583.02 sec. (677188.13 ticks)
  Sync time (average)   =  506.90 sec.
  Wait time (average)   =    0.01 sec.
                          ------------
Total (root+branch&cut) = 3603.08 sec. (685030.07 ticks)
Status: Feasible
Obj: 297883

Instalacoes abertas:
Instalação 0 aberta
Instalação 1 aberta
Instalação 4 aberta
Instalação 8 aberta
Instalação 9 aberta
Instalação 13 aberta
Instalação 20 aberta
Instalação 22 aberta
Instalação 47 aberta

Atribuições (cliente -> instalação):
Cliente 0 -> Instalação 0
Cliente 1 -> Instalação 47
Cliente 2 -> Instalação 4
Cliente 3 -> Instalação 47
Cliente 4 -> Instalação 4
Cliente 5 -> Instalação 13
Cliente 6 -> Instalação 20
Cliente 7 -> Instalação 9
Cliente 8 -> Instalação 47
Cliente 9 -> Instalação 8
Cliente 10 -> Instalação 20
Cliente 11 -> Instalação 20
Cliente 12 -> Instalação 20
Cliente 13 -> Instalação 47
Cliente 14 -> Instalação 1
Cliente 15 -> Instalação 9
Cliente 16 -> Instalação 4
Cliente 17 -> Instalação 20
Cliente 18 -> Instalação 1
Cliente 19 -> Instalação 20
Cliente 20 -> Instalação 20
Cliente 21 -> Instalação 9
Cliente 22 -> Instalação 22
Cliente 23 -> Instalação 9
Cliente 24 -> Instalação 1
Cliente 25 -> Instalação 9
Cliente 26 -> Instalação 8
Cliente 27 -> Instalação 20
Cliente 28 -> Instalação 4
Cliente 29 -> Instalação 47
Cliente 30 -> Instalação 4
Cliente 31 -> Instalação 13
Cliente 32 -> Instalação 8
Cliente 33 -> Instalação 1
Cliente 34 -> Instalação 9
Cliente 35 -> Instalação 0
Cliente 36 -> Instalação 13
Cliente 37 -> Instalação 8
Cliente 38 -> Instalação 8
Cliente 39 -> Instalação 9
Cliente 40 -> Instalação 8
Cliente 41 -> Instalação 0
Cliente 42 -> Instalação 20
Cliente 43 -> Instalação 47
Cliente 44 -> Instalação 9
Cliente 45 -> Instalação 4
Cliente 46 -> Instalação 4
Cliente 47 -> Instalação 4
Cliente 48 -> Instalação 8
Cliente 49 -> Instalação 1
