Version identifier: 22.1.1.0 | 2022-11-28 | 9160aff4d
CPXPARAM_TimeLimit                               3600
Tried aggregator 1 time.
MIP Presolve eliminated 50 rows and 1 columns.
Reduced MIP has 27350 rows, 3046 columns, and 81950 nonzeros.
Reduced MIP has 3046 binaries, 0 generals, 0 SOSs, and 0 indicators.
Presolve time = 0.04 sec. (39.75 ticks)
Found incumbent of value 2.1148745e+07 after 0.05 sec. (50.29 ticks)
Probing time = 0.01 sec. (6.00 ticks)
Tried aggregator 1 time.
Detecting symmetries...
Reduced MIP has 27350 rows, 3046 columns, and 81950 nonzeros.
Reduced MIP has 3046 binaries, 0 generals, 0 SOSs, and 0 indicators.
Presolve time = 0.05 sec. (47.85 ticks)
Probing time = 0.02 sec. (6.00 ticks)
Clique table members: 2500.
MIP emphasis: balance optimality and feasibility.
MIP search method: dynamic search.
Parallel mode: deterministic, using up to 8 threads.
Root relaxation solution time = 0.09 sec. (41.46 ticks)

        Nodes                                         Cuts/
   Node  Left     Objective  IInf  Best Integer    Best Bound    ItCnt     Gap

*     0+    0                       2.11487e+07        0.0000           100.00%
*     0+    0                       1.51430e+07        0.0000           100.00%
*     0+    0                       756397.0000        0.0000           100.00%
*     0+    0                       731397.0000        0.0000           100.00%
*     0+    0                       710523.0000        0.0000           100.00%
      0     0    93774.0000   100   710523.0000    93774.0000      195   86.80%
*     0+    0                       570119.0000    93774.0000            83.55%
      0     0   106217.5000   100   570119.0000    Cuts: 1218      361   81.37%
      0     0   118774.0000    98   570119.0000    Cuts: 1219      659   79.17%
*     0+    0                       453935.0000   118774.0000            73.83%
      0     0   130032.8000   211   453935.0000 ZeroHalf: 490     1664   71.35%
*     0+    0                       397844.0000   130032.8000            67.32%
      0     0  -1.00000e+75     0   397844.0000   130032.8000     1664   67.32%
*     0+    0                       327129.0000   130032.8000            60.25%
      0     0   134036.9819   189   327129.0000     Cuts: 417     2130   59.03%
      0     0   139737.4130   182   327129.0000     Cuts: 515     2675   57.28%
Detecting symmetries...
      0     0   144706.7652   183   327129.0000     Cuts: 364     3324   55.76%
      0     0   147695.4424   220   327129.0000     Cuts: 237     3719   54.85%
      0     0   150671.7065   185   327129.0000     Cuts: 266     4250   53.94%
      0     0   151707.6895   206   327129.0000     Cuts: 115     4492   53.62%
      0     0   152598.1186   210   327129.0000     Cuts: 120     4749   53.35%
      0     0   152959.3237   208   327129.0000      Cuts: 60     4903   53.24%
      0     0   153467.9521   203   327129.0000      Cuts: 95     5056   53.09%
      0     0   153851.6357   204   327129.0000     Cuts: 118     5225   52.97%
      0     0   154167.8724   185   327129.0000     Cuts: 184     5406   52.87%
      0     0   154417.2877   182   327129.0000      Cuts: 53     5514   52.80%
      0     0   154709.1685   183   327129.0000      Cuts: 41     5646   52.71%
      0     0   155037.5612   189   327129.0000      Cuts: 62     5753   52.61%
      0     0   155384.1809   188   327129.0000      Cuts: 44     5857   52.50%
      0     0   155699.4110   188   327129.0000      Cuts: 88     5969   52.40%
      0     0   156082.3821   183   327129.0000      Cuts: 32     6058   52.29%
      0     0   156485.7450   219   327129.0000      Cuts: 63     6219   52.16%
      0     0   156834.2149   207   327129.0000      Cuts: 66     6395   52.06%
      0     0   157315.9895   213   327129.0000      Cuts: 79     6630   51.91%
      0     0   157579.8215   215   327129.0000      Cuts: 75     6802   51.83%
      0     0   157896.9678   200   327129.0000     Cuts: 117     6980   51.73%
      0     0   158361.6395   195   327129.0000      Cuts: 89     7201   51.59%
      0     0   158650.8842   182   327129.0000      Cuts: 68     7313   51.50%
      0     0   159013.7328   187   327129.0000      Cuts: 57     7473   51.39%
      0     0   159358.2170   182   327129.0000      Cuts: 58     7619   51.29%
      0     0   159825.0583   184   327129.0000      Cuts: 54     7828   51.14%
      0     0   160376.9213   185   327129.0000      Cuts: 71     8057   50.97%
      0     0   160632.5484   179   327129.0000      Cuts: 50     8200   50.90%
      0     0   160962.6884   190   327129.0000      Cuts: 87     8456   50.80%
      0     0   161148.2611   217   327129.0000      Cuts: 62     8581   50.74%
      0     0   161260.8673   220   327129.0000      Cuts: 43     8657   50.70%
      0     0   161585.3614   208   327129.0000      Cuts: 31     8821   50.61%
      0     0   161806.6039   213   327129.0000      Cuts: 43     8941   50.54%
      0     0   162145.9224   187   327129.0000      Cuts: 86     9125   50.43%
      0     0   162522.5064   191   327129.0000      Cuts: 44     9280   50.32%
      0     0   162742.1203   216   327129.0000      Cuts: 32     9397   50.25%
      0     0   162890.2304   212   327129.0000      Cuts: 54     9519   50.21%
      0     0   163105.1716   214   327129.0000      Cuts: 59     9659   50.14%
      0     0   163216.3265   186   327129.0000     Cuts: 110     9737   50.11%
      0     0   163359.8027   189   327129.0000      Cuts: 28     9837   50.06%
      0     0   163547.0062   187   327129.0000      Cuts: 27     9945   50.01%
      0     0   163605.4303   188   327129.0000      Cuts: 25    10049   49.99%
      0     0   163775.3948   190   327129.0000      Cuts: 36    10136   49.94%
      0     0   163900.2698   188   327129.0000      Cuts: 27    10207   49.90%
      0     0   164147.6760   188   327129.0000      Cuts: 29    10339   49.82%
      0     0   164404.6819   221   327129.0000      Cuts: 47    10538   49.74%
      0     0   164624.5003   213   327129.0000      Cuts: 70    10665   49.68%
      0     0   164903.4829   216   327129.0000      Cuts: 46    10789   49.59%
      0     0   165013.7072   217   327129.0000      Cuts: 18    10869   49.56%
      0     0   165118.4243   189   327129.0000      Cuts: 35    10945   49.52%
      0     0   165227.6786   215   327129.0000      Cuts: 26    11003   49.49%
      0     0   165508.5662   212   327129.0000      Cuts: 39    11132   49.41%
      0     0   165676.2788   216   327129.0000      Cuts: 39    11268   49.35%
      0     0   165782.2177   189   327129.0000      Cuts: 91    11365   49.32%
      0     0   165884.4364   185   327129.0000      Cuts: 35    11437   49.29%
      0     0   166022.9887   188   327129.0000      Cuts: 31    11513   49.25%
      0     0   166353.7499   203   327129.0000      Cuts: 42    11701   49.15%
      0     0   166434.7174   198   327129.0000      Cuts: 22    11770   49.12%
Detecting symmetries...
      0     2   166434.7174   198   327129.0000   166434.7174    11770   49.12%
Elapsed time = 22.83 sec. (9018.02 ticks, tree = 0.02 MB, solutions = 9)
      4     4   170154.4084   175   327129.0000   166442.9760    12506   49.12%
     19    17   173591.9605   205   327129.0000   166767.8278    17068   49.02%
     33    24   197131.0547   133   327129.0000   166767.8278    19202   49.02%
     55    46   192793.4028   146   327129.0000   166767.8278    25938   49.02%
     90    63   206197.5417   133   327129.0000   167375.6074    29886   48.83%
    145   101   272089.2500    86   327129.0000   167375.6074    38986   48.83%
    233   204        cutoff         327129.0000   167375.6074    52513   48.83%
    295   249   251616.5000    88   327129.0000   167375.6074    56029   48.83%
    384   312   303413.5000    71   327129.0000   167375.6074    61346   48.83%
    607   471   215880.3333   125   327129.0000   170468.9728    87133   47.89%
Elapsed time = 37.98 sec. (12219.86 ticks, tree = 49.01 MB, solutions = 9)
    887   671   254963.0000    80   327129.0000   170468.9728   112237   47.89%
   1206   938   284376.0000    74   327129.0000   171614.4410   141449   47.54%
   1472  1233   190916.5000    95   327129.0000   172734.8167   166327   47.20%
   1726  1441   243048.4118   140   327129.0000   172734.8167   189449   47.20%

Performing restart 1

Repeating presolve.
Tried aggregator 2 times.
MIP Presolve eliminated 3212 rows and 229 columns.
Aggregator did 2 substitutions.
Reduced MIP has 24136 rows, 2815 columns, and 72310 nonzeros.
Reduced MIP has 2815 binaries, 0 generals, 0 SOSs, and 0 indicators.
Presolve time = 0.05 sec. (42.53 ticks)
Tried aggregator 1 time.
Reduced MIP has 24136 rows, 2815 columns, and 72310 nonzeros.
Reduced MIP has 2815 binaries, 0 generals, 0 SOSs, and 0 indicators.
Presolve time = 0.05 sec. (43.47 ticks)
Represolve time = 0.14 sec. (128.50 ticks)
*  1728+    0                       325348.0000   172734.8167            46.91%
   1728     0   167720.7919   215   325348.0000      Cuts: 61   201365   46.91%
   1728     0   169124.5115   215   325348.0000      Cuts: 73   201762   46.91%
   1728     0   170309.3085   187   325348.0000      Cuts: 72   202169   46.91%
*  1728+    0                       325065.0000   172734.8167            46.86%
   1728     0  -1.00000e+75     0   325065.0000   172734.8167   202169   46.86%
   1728     0   170804.7304   185   325065.0000      Cuts: 50   202351   46.86%
   1728     0   171146.3190   189   325065.0000      Cuts: 63   202552   46.86%
   1728     0   171455.8571   193   325065.0000      Cuts: 61   202779   46.86%
   1728     0   172186.7734   215   325065.0000      Cuts: 75   203116   46.86%
   1728     0   172667.0603   218   325065.0000      Cuts: 65   203304   46.86%
   1728     0   173115.1484   218   325065.0000      Cuts: 76   203526   46.74%
   1728     0   173765.2495   218   325065.0000      Cuts: 98   203769   46.54%
   1728     0   174156.3024   211   325065.0000      Cuts: 52   203992   46.42%
   1728     0   174564.6131   222   325065.0000      Cuts: 53   204173   46.30%
   1728     0   174936.9291   221   325065.0000      Cuts: 31   204330   46.18%
   1728     0   175274.1203   220   325065.0000      Cuts: 49   204500   46.08%
   1728     0   175374.8143   183   325065.0000      Cuts: 29   204579   46.05%
   1728     0   175469.8428   217   325065.0000      Cuts: 33   204674   46.02%
   1728     0   175558.3405   223   325065.0000      Cuts: 29   204780   45.99%
   1728     0   175724.4787   218   325065.0000      Cuts: 39   204873   45.94%
   1728     0   175856.7666   219   325065.0000      Cuts: 26   204968   45.90%
   1728     0   175988.8871   222   325065.0000      Cuts: 35   205046   45.86%
   1728     0   176323.8557   215   325065.0000      Cuts: 37   205229   45.76%
   1728     0   176649.5837   214   325065.0000      Cuts: 39   205451   45.66%
   1728     0   176909.1476   221   325065.0000      Cuts: 42   205588   45.58%
   1728     0   177152.1621   221   325065.0000      Cuts: 36   205759   45.50%
   1728     0   177242.7551   214   325065.0000      Cuts: 34   205838   45.47%
   1728     0   177465.4079   220   325065.0000      Cuts: 18   206020   45.41%
   1728     0   177595.2371   218   325065.0000      Cuts: 37   206124   45.37%
   1728     0   177777.0689   217   325065.0000      Cuts: 28   206222   45.31%
   1728     0   177890.2713   214   325065.0000      Cuts: 29   206316   45.28%
   1728     0   177984.6988   218   325065.0000      Cuts: 20   206425   45.25%
   1728     0   178129.7861   214   325065.0000      Cuts: 37   206572   45.20%
   1728     0   178165.7546   220   325065.0000      Cuts: 38   206637   45.19%
   1728     0   178196.7797   221   325065.0000      Cuts: 17   206700   45.18%
   1728     0   178222.3153   228   325065.0000      Cuts: 19   206725   45.17%
   1728     0   178239.1210   227   325065.0000      Cuts: 13   206753   45.17%
   1728     2   178239.1210   227   325065.0000   178239.1210   206753   45.17%
   1729     3   178377.6894   213   325065.0000   178382.5442   206895   45.12%
   1730     3   189581.4178   181   325065.0000   178382.5442   207490   45.12%
   1732     6   183426.5371   185   325065.0000   178625.2183   208685   45.05%
   1737     7   185537.3826   195   325065.0000   178988.0437   209261   44.94%
   1745     9   194994.4840   183   325065.0000   180186.9906   210860   44.57%
Elapsed time = 116.65 sec. (37969.30 ticks, tree = 0.02 MB, solutions = 12)
   1755    22   196436.9874   214   325065.0000   180192.2605   217205   44.57%
   1764    27   194612.1717   206   325065.0000   180192.2605   218728   44.57%
   1775    32   204823.4448   187   325065.0000   180192.2605   219623   44.57%
   1784    33   197873.2028   207   325065.0000   180192.2605   219663   44.57%
   1795    65   198625.0494   173   325065.0000   180192.2605   233277   44.57%
   1836    80   209656.8402   150   325065.0000   180192.2605   240053   44.57%
   1879    95   210928.7185   145   325065.0000   180192.2605   245824   44.57%
   1929   119   217667.3212   159   325065.0000   180192.2605   250293   44.57%
   1973   140   236354.3033   128   325065.0000   180192.2605   257095   44.57%
   2029   197   250818.8814   150   325065.0000   180192.2605   265363   44.57%
Elapsed time = 174.23 sec. (47997.08 ticks, tree = 9.11 MB, solutions = 12)
   2082   226   217663.1205   178   325065.0000   180192.2605   272536   44.57%
   2122   367   231314.0022   136   325065.0000   180192.2605   296547   44.57%
   2178   402   292708.5000    67   325065.0000   180192.2605   301087   44.57%
   2219   443   202361.6922   198   325065.0000   180192.2605   309782   44.57%
   2280   424   228888.2231   159   325065.0000   180192.2605   305828   44.57%
   2344   509   291856.3333   131   325065.0000   180192.2605   320192   44.57%
   2410   507   232328.0427   135   325065.0000   180192.2605   320179   44.57%
   2487   670   209217.4071   168   325065.0000   180192.2605   346703   44.57%
   2586   676   220322.0454   161   325065.0000   180192.2605   348120   44.57%
   2679   762   321472.9552    86   325065.0000   180192.2605   358849   44.57%
Elapsed time = 236.09 sec. (57665.43 ticks, tree = 10.95 MB, solutions = 12)
   2760   908   199660.2228   191   325065.0000   180192.2605   382935   44.57%
   2859   846   289067.7174   126   325065.0000   180192.2605   374372   44.57%
   2944  1041   278339.8889   120   325065.0000   180192.2605   407043   44.57%
   3070  1011   293801.8000    84   325065.0000   180192.2605   402389   44.57%
   3163  1151   234259.8056   166   325065.0000   180192.2605   437244   44.57%
   3280  1287   210757.7144   185   325065.0000   180192.2605   459103   44.57%
   3377  1334   310520.0562   140   325065.0000   180192.2605   459954   44.57%
   3507  1529   202939.4624   196   325065.0000   180192.2605   497420   44.57%
   3614  1587   297289.8611   138   325065.0000   180192.2605   507911   44.57%
   3741  1750   277931.0695   184   325065.0000   180192.2605   531100   44.57%
Elapsed time = 292.27 sec. (67338.19 ticks, tree = 16.82 MB, solutions = 12)
   3835  1782   226946.2760   172   325065.0000   180192.2605   539870   44.57%
   3958  1889   286606.3409   150   325065.0000   180192.2605   557730   44.57%
   4073  2001   273963.1275   144   325065.0000   180192.2605   577445   44.57%
   4197  2055   281961.4745   177   325065.0000   184171.3704   582915   43.34%
   4289  2205   280091.2949   235   325065.0000   184171.3704   608033   43.34%
   4396  2328   239274.9687   197   325065.0000   184552.0626   634267   43.23%
   4508  2352   280290.0521   200   325065.0000   184552.0626   637849   43.23%
   4640  2532   289851.8857   194   325065.0000   184623.1905   673392   43.20%
   4774  2518   267608.9054   193   325065.0000   184623.1905   672337   43.20%
   4885  2683   296245.4980   183   325065.0000   184623.1905   691511   43.20%
Elapsed time = 351.87 sec. (76988.30 ticks, tree = 20.27 MB, solutions = 12)
   5008  2804   309844.4682   188   325065.0000   184623.1905   709043   43.20%
   5121  3010   278392.9925   183   325065.0000   185344.3340   745119   42.98%
   5232  3048   233997.5535   215   325065.0000   185344.3340   751380   42.98%
   5353  3123   320997.0186   204   325065.0000   185344.3340   765656   42.98%
   5476  3314        cutoff         325065.0000   185344.3340   799065   42.98%
   5560  3478   287519.2324   144   325065.0000   185806.0091   822460   42.84%
   5676  3432   232330.5402   187   325065.0000   186431.3851   818293   42.65%
   5783  3556   260698.2119   181   325065.0000   186566.0081   845214   42.61%
   5930  3775   278987.7285   166   325065.0000   186566.0081   885182   42.61%
   6029  3740   298836.7324   184   325065.0000   186640.6981   878123   42.58%
Elapsed time = 413.86 sec. (86614.45 ticks, tree = 23.77 MB, solutions = 12)
   6148  3922   287548.0903   185   325065.0000   186640.6981   910067   42.58%
   6297  4119   298280.6759   175   325065.0000   186640.6981   935169   42.58%
   6406  4071   190808.8062   183   325065.0000   186845.5634   928352   42.52%
   6521  4246   214997.0783   171   325065.0000   186845.5634   956473   42.52%
   6679  4329   236198.7921   182   325065.0000   187001.8526   972755   42.47%
   6784  4560   237650.6578   160   325065.0000   187001.8526  1012465   42.47%
   6909  4575   262039.0833   142   325065.0000   187001.8526  1016295   42.47%
   7042  4735   263253.0535   235   325065.0000   187395.1387  1039388   42.35%
   7186  4907   287421.8094   173   325065.0000   187395.1387  1064061   42.35%
   7305  5098   304718.2222   172   325065.0000   187634.7832  1101668   42.28%
Elapsed time = 473.42 sec. (96175.52 ticks, tree = 29.93 MB, solutions = 12)
   7420  5071   256538.3095   190   325065.0000   187634.7832  1099432   42.28%
   7558  5327   321086.9850   182   325065.0000   187634.7832  1144686   42.28%
   7685  5388   314925.1490   141   325065.0000   188063.2332  1156372   42.15%
   7793  5474   284435.4619   193   325065.0000   188063.2332  1171314   42.15%
   7915  5574   240112.4807   171   325065.0000   188063.2332  1193818   42.15%
   8026  5607   238162.0810   195   325065.0000   188063.2332  1200348   42.15%
   8154  5786   294847.8549   177   325065.0000   189029.0782  1226084   41.85%
   8286  5910   287452.3034   159   325065.0000   189029.0782  1253168   41.85%
   8402  6125   311389.3002   199   325065.0000   189574.0382  1293293   41.68%
   8527  6027   301930.7143   198   325065.0000   189574.0382  1281672   41.68%
Elapsed time = 532.76 sec. (105758.62 ticks, tree = 32.76 MB, solutions = 12)
   8653  6218   324885.2968   179   325065.0000   189574.0382  1302348   41.68%
   8790  6494   306368.7679   148   325065.0000   189574.0382  1350194   41.68%
   8928  6525   324900.4681   164   325065.0000   189574.0382  1352214   41.68%
   9071  6586   314091.7265   182   325065.0000   190208.6914  1370651   41.49%
   9212  6578   286898.1818   163   325065.0000   190208.6914  1368226   41.49%
   9319  6965   263276.6966   164   325065.0000   190454.8494  1433965   41.41%
   9450  7055   283979.3079   175   325065.0000   190454.8494  1444263   41.41%
   9563  7082   295070.2296   166   325065.0000   190783.1502  1446722   41.31%
   9685  7200   255655.6725   160   325065.0000   190783.1502  1473797   41.31%
  10317  7769   223294.5196   219   325065.0000   190831.0461  1552603   41.29%
Elapsed time = 604.09 sec. (118208.38 ticks, tree = 39.95 MB, solutions = 12)
  10838  8167   277956.1135   194   325065.0000   192066.7205  1619303   40.91%
  11388  8901   305412.6207   175   325065.0000   192144.5360  1725110   40.89%
  11939  9156   241884.6248   187   325065.0000   192484.5965  1771170   40.79%
  12445  9749   215456.8879   204   325065.0000   192484.5965  1871879   40.79%
  12976 10149   318908.4600   105   325065.0000   193102.5620  1943910   40.60%
  13582 10864        cutoff         325065.0000   193544.7694  2081833   40.46%
  14178 11448   236618.9276   161   325065.0000   193544.7694  2171190   40.46%
  14724 11855   284908.6340   209   325065.0000   194207.0360  2232188   40.26%
  15275 12578   261694.0353   199   325065.0000   194233.4870  2340403   40.25%
  15818 12959   307677.3043   146   325065.0000   194723.9857  2405010   40.10%
Elapsed time = 827.74 sec. (156417.38 ticks, tree = 59.33 MB, solutions = 12)
  16458 13615   324841.0133   218   325065.0000   194724.2360  2501870   40.10%
  16940 13985   297494.2145   201   325065.0000   195039.3745  2559234   40.00%
  17346 14454   219592.2436   149   325065.0000   195263.0752  2645348   39.93%
  17764 14852   268178.3951   247   325065.0000   195309.6550  2723735   39.92%
  18230 15421   319723.6000   149   325065.0000   195309.6550  2809403   39.92%
  18696 15613   281345.0000   127   325065.0000   195744.4865  2846316   39.78%
  19280 16244   241093.3127   167   325065.0000   195862.0937  2942561   39.75%
  19783 16698   286145.7530   169   325065.0000   196046.9579  3011027   39.69%
  20219 16961   269970.0802   185   325065.0000   196245.1057  3067539   39.63%
  20739 17803   317393.4942   169   325065.0000   196358.0004  3219197   39.59%
Elapsed time = 1043.13 sec. (194657.58 ticks, tree = 80.29 MB, solutions = 12)
  21280 18209   280028.6949   193   325065.0000   196827.1842  3287646   39.45%
  21911 18843   264007.0095   159   325065.0000   197294.7729  3395594   39.31%
  22501 18941   303594.9753   214   325065.0000   197511.0412  3418724   39.24%
  22988 19542   275428.5000    79   325065.0000   197752.9511  3517142   39.17%
  23524 20140   320925.5588   159   325065.0000   197985.0520  3613838   39.09%
  24197 20537   229022.4815   227   325065.0000   198021.5889  3688364   39.08%
  24747 21626   224465.7998   160   325065.0000   198270.6868  3843540   39.01%
  25385 21979   300485.9146   195   325065.0000   198462.3245  3895187   38.95%
  25911 22531   281553.5516   222   325065.0000   198563.7997  3975613   38.92%
* 25994+22025                       314739.0000   198563.7997            36.91%
* 26059+22022                       313191.0000   198563.7997            36.60%
* 26060+22021                       313007.0000   198563.7997            36.56%
  26399 22802   266291.5352   164   313007.0000   198564.6221  4023313   36.56%
Elapsed time = 1266.19 sec. (232856.41 ticks, tree = 99.93 MB, solutions = 15)
  26835 19763   264758.7077   215   313007.0000   198682.2721  4075913   36.52%
* 26883+20016                       312538.0000   198682.2721            36.43%
  27386 20221   309634.4804   158   312538.0000   198991.7029  4182321   36.33%
  27957 20600   278366.1488   170   312538.0000   199302.1330  4251476   36.23%
  28566 21096   276773.4427   196   312538.0000   199553.3828  4324940   36.15%
  29209 21625   305753.5338   250   312538.0000   199553.3828  4405751   36.15%
  29851 22319   308273.7958   156   312538.0000   199726.1282  4520171   36.10%
  30485 23240   306945.6592   193   312538.0000   200029.2182  4663637   36.00%
* 30599+22658                       311150.0000   200029.2182            35.71%
  31069 23595   269581.1778   153   311150.0000   200230.5113  4788381   35.65%
  31663 24072   289585.2000   111   311150.0000   200487.0239  4871643   35.57%
  32291 24146   287889.5000   141   311150.0000   200697.6401  4883026   35.50%
Elapsed time = 1482.65 sec. (271068.16 ticks, tree = 102.85 MB, solutions = 17)
* 32625+23919                       310934.0000   200697.6401            35.45%
  32927 24994   297947.6514   148   310934.0000   200948.5106  5024435   35.37%
  33439 25256   212147.5567   184   310934.0000   200948.5106  5075094   35.37%
  34002 25915   297657.2360   227   310934.0000   201116.7864  5172081   35.32%
  34432 26244   263265.9215   201   310934.0000   201124.5534  5234801   35.32%
  34761 26837   239140.1493   177   310934.0000   201355.4850  5322280   35.24%
  34893 26805   256341.3157   234   310934.0000   201355.4850  5313447   35.24%

Performing restart 2

Repeating presolve.
Tried aggregator 1 time.
MIP Presolve eliminated 718 rows and 56 columns.
Reduced MIP has 23418 rows, 2759 columns, and 90860 nonzeros.
Reduced MIP has 2759 binaries, 0 generals, 0 SOSs, and 0 indicators.
Presolve time = 0.12 sec. (121.93 ticks)
Tried aggregator 1 time.
Reduced MIP has 23418 rows, 2759 columns, and 90860 nonzeros.
Reduced MIP has 2759 binaries, 0 generals, 0 SOSs, and 0 indicators.
Presolve time = 0.07 sec. (67.46 ticks)
Represolve time = 0.24 sec. (245.18 ticks)
  34894     0   180481.7957   230   310934.0000      Cuts: 41  5434600   35.16%
  34894     0   180789.8192   220   310934.0000      Cuts: 37  5434742   35.16%
  34894     0   181396.8449   218   310934.0000      Cuts: 72  5435045   35.16%
* 34894+    0                       310560.0000   201624.6457            35.08%
* 34894+    0                       310346.0000   201624.6457            35.03%
  34894     0  -1.00000e+75     0   310346.0000   201624.6457  5435045   35.03%
  34894     0   181648.1546   218   310346.0000      Cuts: 78  5435222   35.03%
  34894     0   181999.0005   218   310346.0000      Cuts: 67  5435379   35.03%
  34894     0   182517.5005   225   310346.0000      Cuts: 69  5435533   35.03%
  34894     0   182923.7407   217   310346.0000      Cuts: 49  5435711   35.03%
  34894     0   183244.2011   219   310346.0000      Cuts: 69  5435901   35.03%
  34894     2   183244.2011   219   310346.0000   201624.6457  5435901   35.03%
  34961    56   203009.3194   166   310346.0000   201624.6457  5461367   35.03%
  35222   265   269292.8333   120   310346.0000   201624.6457  5498554   35.03%
  35585   485   216482.9876   175   310346.0000   201624.6457  5524544   35.03%
Elapsed time = 1672.88 sec. (319795.17 ticks, tree = 57.54 MB, solutions = 20)
  36186   870   208399.4213   177   310346.0000   201624.6457  5581053   35.03%
  36743  1431   261913.5822   197   310346.0000   201624.6457  5636330   35.03%
  37250  1914   256188.8195   194   310346.0000   201624.6457  5683134   35.03%
  37851  2536   252681.6623   181   310346.0000   201624.6457  5742147   35.03%
  38498  3018   288966.1081   200   310346.0000   201624.6457  5781448   35.03%
  39240  3868   241339.7944   167   310346.0000   201624.6457  5848753   35.03%
  39817  4289   309310.1477   188   310346.0000   201624.6457  5899495   35.03%
  40469  4821   309463.1429   121   310346.0000   201624.6457  5957497   35.03%
  41034  5378   292447.7021   153   310346.0000   201624.6457  6029084   35.03%
  41925  6283   255012.0633   199   310346.0000   201624.6457  6091690   35.03%
Elapsed time = 1923.46 sec. (357997.14 ticks, tree = 662.87 MB, solutions = 20)
  42736  6962   222202.5211   171   310346.0000   201624.6457  6149397   35.03%
  43376  7536   300796.1912   168   310346.0000   201624.6457  6199955   35.03%
  44106  8387   308821.9861   146   310346.0000   201624.6457  6259187   35.03%
  44922  8921   249399.6160   192   310346.0000   201624.6457  6310651   35.03%
  45715  9802   296891.0000   161   310346.0000   201624.6457  6381950   35.03%
  46451 10321   291604.4424   224   310346.0000   201624.6457  6443048   35.03%
  47149 11232   258000.3648   210   310346.0000   202582.3065  6532825   34.72%
  47894 11941   268175.6627   199   310346.0000   203579.1399  6590303   34.40%
  48663 12341   289094.5322   177   310346.0000   203625.4520  6631637   34.39%
  49300 13089   278484.5388   179   310346.0000   203952.2634  6695766   34.28%
Elapsed time = 2165.30 sec. (396180.32 ticks, tree = 1529.06 MB, solutions = 20)
  49882 13733   265063.9390   153   310346.0000   204295.9669  6775381   34.17%
  50469 14398   249790.2198   166   310346.0000   204869.9461  6861634   33.99%
  50819 14886   283783.4532   169   310346.0000   204892.1296  6906123   33.98%
  51238 15021   244945.3750   168   310346.0000   205063.2559  6929004   33.92%
  51836 15532   272440.9632   143   310346.0000   205471.7119  6980028   33.79%
  52673 16224   245073.7976   182   310346.0000   205930.2173  7047299   33.64%
  53479 17199   289723.9545   147   310346.0000   206118.1241  7128752   33.58%
  54296 17757   288760.3427   171   310346.0000   206338.1666  7179758   33.51%
  55138 18547   252028.3524   184   310346.0000   206711.4328  7241357   33.39%
  55963 19386   244590.7472   193   310346.0000   207144.8190  7318467   33.25%
Elapsed time = 2376.28 sec. (434363.95 ticks, tree = 2216.11 MB, solutions = 20)
Nodefile size = 157.75 MB (99.97 MB after compression)
  56743 20291   250476.3895   231   310346.0000   207567.1044  7391342   33.12%
  57543 21020   269944.9133   182   310346.0000   207860.0163  7455320   33.02%
  58313 21609   297945.6154   137   310346.0000   208208.0128  7514876   32.91%
  59100 22046   232882.0588   184   310346.0000   208220.9567  7543140   32.91%
* 59529+22171                       307815.0000   208220.9567            32.36%
  59679 22311   264130.4830   255   307815.0000   208590.8230  7618615   32.24%
  60487 23183   263693.9383   225   307815.0000   208735.6528  7691629   32.19%
  61209 23747   221046.4933   166   307815.0000   209096.5441  7743970   32.07%
  61990 24214   272913.7333   135   307815.0000   209336.5098  7785934   31.99%
  62793 25450   295134.2416   139   307815.0000   209344.2125  7897505   31.99%
  63629 26142   298816.6250    97   307815.0000   209735.1398  7973877   31.86%
Elapsed time = 2591.29 sec. (472540.15 ticks, tree = 3055.84 MB, solutions = 22)
Nodefile size = 998.42 MB (633.11 MB after compression)
  64364 26419   279531.9173   141   307815.0000   210070.9186  7994533   31.75%
  65067 27053   236672.1322   166   307815.0000   210129.3811  8044351   31.74%
  65844 27887   235988.6792   212   307815.0000   210286.3607  8127303   31.68%
  66614 28508   246528.6445   166   307815.0000   210358.2008  8188941   31.66%
  67235 29299   237460.2832   187   307815.0000   210808.4699  8258888   31.51%
  67764 30107   267600.2346   175   307815.0000   210893.5949  8337989   31.49%
  68440 30324   306963.5900   127   307815.0000   211073.5352  8355891   31.43%
  69244 30925   266865.0238   164   307815.0000   211281.2557  8424807   31.36%
  70113 31705   286302.5435   190   307815.0000   211936.1515  8499729   31.15%
  70913 32611   276959.2315   149   307815.0000   212060.3281  8574476   31.11%
Elapsed time = 2814.64 sec. (510717.58 ticks, tree = 3841.83 MB, solutions = 22)
Nodefile size = 1780.36 MB (1127.83 MB after compression)
  71789 33146   279794.2857   135   307815.0000   212322.5383  8625803   31.02%
  72475 34276   226424.3357   168   307815.0000   212599.9459  8710476   30.93%
  73242 34822   300352.2333   114   307815.0000   212692.5779  8774780   30.90%
  74053 35614   302984.4423   152   307815.0000   212692.5779  8859717   30.90%
  74701 36144   263175.1195   158   307815.0000   212888.5991  8906844   30.84%
  75279 36998   271814.3861   142   307815.0000   212966.2449  8988740   30.81%
  75948 37644   300603.0000   158   307815.0000   213049.0671  9079504   30.79%
  76671 38049   285114.4888   147   307815.0000   213263.4299  9118589   30.72%
  77281 38897   295688.1047   182   307815.0000   213464.6616  9191928   30.65%
  78048 39087   303149.0451   182   307815.0000   213758.9234  9217483   30.56%
Elapsed time = 3033.19 sec. (548906.24 ticks, tree = 4544.78 MB, solutions = 22)
Nodefile size = 2474.95 MB (1564.23 MB after compression)
  78714 40244   265828.6963   203   307815.0000   213948.9108  9334733   30.49%
  79482 40871   267713.9395   183   307815.0000   214260.8654  9403996   30.39%
  80279 40977   282940.0656   199   307815.0000   214489.1875  9412529   30.32%
  80989 42492   275738.6838   195   307815.0000   214634.7495  9553479   30.27%
  81672 42977   270122.2554   170   307815.0000   214678.1041  9601232   30.26%
  82336 43437   243092.6395   201   307815.0000   214849.8352  9649208   30.20%
  82959 44079   274542.7150   171   307815.0000   214978.1126  9714094   30.16%
  83752 44868   307550.4667   101   307815.0000   215192.0110  9782334   30.09%
* 84204+44322                       307707.0000   215193.3416            30.07%
  84567 45376   282269.5886   171   307707.0000   215463.4102  9834919   29.98%
Starting limited solution polishing.
  85461 46202   303882.5000   109   307707.0000   215558.7681  9903293   29.95%
Elapsed time = 3248.49 sec. (587105.75 ticks, tree = 5469.14 MB, solutions = 23)
Nodefile size = 3403.31 MB (2149.08 MB after compression)
* 85838+46506                       304620.0000   215566.7386            29.23%
  86169 44996   275294.1325   130   304620.0000   215589.4767  9965745   29.23%
  86740 45790   259409.0047   179   304620.0000   215637.6732 10026219   29.21%
  87118 46006   270164.8750   116   304620.0000   215783.8333 10047507   29.16%
  87634 46096   283897.5684   144   304620.0000   215826.6146 10055261   29.15%
* 87685+46096                       303181.0000   215919.5361            28.78%
  87966 45511   243155.8537   128   303181.0000   215919.5361 10107033   28.78%
* 88307+45544                       302732.0000   216092.5079            28.62%
  88343 45783   268942.2507   195   302732.0000   216092.5079 10134729   28.62%
  88911 46039   273644.1893   125   302732.0000   216297.2124 10202671   28.55%
  89281 46363   296634.9216   152   302732.0000   216309.4256 10233554   28.55%
  89712 46816   265580.0000   169   302732.0000   216321.9904 10277917   28.54%
* 89980+46408                       302675.0000   216473.9760            28.48%
  90042 47013   254509.4565   188   302675.0000   216473.9760 10307729   28.48%
Elapsed time = 3377.45 sec. (625313.23 ticks, tree = 5532.97 MB, solutions = 27)
Nodefile size = 3468.04 MB (2186.36 MB after compression)
  90375 47236   277819.9908   172   302675.0000   216564.7921 10329599   28.45%
  90835 47693   259582.3333   121   302675.0000   216597.9246 10376045   28.44%
  91285 47860   242852.0711   230   302675.0000   216722.7985 10393262   28.40%
* 91349+47965                       300484.0000   216758.2736            27.86%
  91737 46605   270383.0772   189   300484.0000   216800.4919 10444866   27.85%
* 92058+46576                       295959.0000   216800.4919            26.75%
  92187 46997   288795.3662   155   295959.0000   216867.9154 10478966   26.72%
  92662 43207   248205.2773   195   295959.0000   217008.5118 10517607   26.68%
  93194 43664   252298.3676   162   295959.0000   217070.2072 10579916   26.66%
  93546 44141   257753.6061   170   295959.0000   217123.3892 10617522   26.64%
  94012 44300   274673.4000    95   295959.0000   217194.1110 10634354   26.61%
  94549 45218   275547.3780   213   295959.0000   217424.2161 10715743   26.54%
Elapsed time = 3504.53 sec. (663563.95 ticks, tree = 5515.89 MB, solutions = 32)
Nodefile size = 3451.85 MB (2173.47 MB after compression)
  95017 45425   284211.4942   192   295959.0000   217454.5768 10740816   26.53%
  95297 45605   273287.0085   208   295959.0000   217655.5574 10764857   26.46%
  95874 46039   283765.3638   162   295959.0000   217811.1098 10810123   26.40%
  96121 45865   256511.7382   214   295959.0000   217815.3765 10794493   26.40%
  96428 46697   251541.3824   136   295959.0000   217815.3765 10870225   26.40%
  96852 47087   283580.8212   172   295959.0000   217815.3765 10904541   26.40%
  97509 47678   270736.5457   186   295959.0000   217815.3765 10970148   26.40%

Implied bound cuts applied:  3
Zero-half cuts applied:  404
Lift and project cuts applied:  236

Root node processing (before b&c):
  Real time             =   22.79 sec. (8974.40 ticks)
Parallel b&c, 8 threads:
  Real time             = 3579.57 sec. (684168.01 ticks)
  Sync time (average)   =  672.06 sec.
  Wait time (average)   =    0.01 sec.
                          ------------
Total (root+branch&cut) = 3602.35 sec. (693142.41 ticks)
Status: Feasible
Obj: 295959

Instalacoes abertas:
Instalação 1 aberta
Instalação 4 aberta
Instalação 8 aberta
Instalação 9 aberta
Instalação 13 aberta
Instalação 16 aberta
Instalação 20 aberta
Instalação 22 aberta
Instalação 47 aberta

Atribuições (cliente -> instalação):
Cliente 0 -> Instalação 47
Cliente 1 -> Instalação 9
Cliente 2 -> Instalação 13
Cliente 3 -> Instalação 20
Cliente 4 -> Instalação 4
Cliente 5 -> Instalação 1
Cliente 6 -> Instalação 8
Cliente 7 -> Instalação 47
Cliente 8 -> Instalação 20
Cliente 9 -> Instalação 4
Cliente 10 -> Instalação 9
Cliente 11 -> Instalação 22
Cliente 12 -> Instalação 20
Cliente 13 -> Instalação 13
Cliente 14 -> Instalação 9
Cliente 15 -> Instalação 1
Cliente 16 -> Instalação 20
Cliente 17 -> Instalação 8
Cliente 18 -> Instalação 47
Cliente 19 -> Instalação 8
Cliente 20 -> Instalação 4
Cliente 21 -> Instalação 20
Cliente 22 -> Instalação 22
Cliente 23 -> Instalação 1
Cliente 24 -> Instalação 8
Cliente 25 -> Instalação 8
Cliente 26 -> Instalação 8
Cliente 27 -> Instalação 22
Cliente 28 -> Instalação 13
Cliente 29 -> Instalação 9
Cliente 30 -> Instalação 13
Cliente 31 -> Instalação 16
Cliente 32 -> Instalação 47
Cliente 33 -> Instalação 8
Cliente 34 -> Instalação 1
Cliente 35 -> Instalação 16
Cliente 36 -> Instalação 47
Cliente 37 -> Instalação 20
Cliente 38 -> Instalação 20
Cliente 39 -> Instalação 13
Cliente 40 -> Instalação 16
Cliente 41 -> Instalação 20
Cliente 42 -> Instalação 4
Cliente 43 -> Instalação 9
Cliente 44 -> Instalação 9
Cliente 45 -> Instalação 4
Cliente 46 -> Instalação 4
Cliente 47 -> Instalação 4
Cliente 48 -> Instalação 9
Cliente 49 -> Instalação 47
