Version identifier: 22.1.1.0 | 2022-11-28 | 9160aff4d
CPXPARAM_TimeLimit                               3600
Tried aggregator 1 time.
MIP Presolve eliminated 50 rows and 1 columns.
Reduced MIP has 39250 rows, 3284 columns, and 117650 nonzeros.
Reduced MIP has 3284 binaries, 0 generals, 0 SOSs, and 0 indicators.
Presolve time = 0.06 sec. (53.97 ticks)
Found incumbent of value 3.0835839e+07 after 0.07 sec. (68.81 ticks)
Probing time = 0.02 sec. (6.99 ticks)
Tried aggregator 1 time.
Detecting symmetries...
Reduced MIP has 39250 rows, 3284 columns, and 117650 nonzeros.
Reduced MIP has 3284 binaries, 0 generals, 0 SOSs, and 0 indicators.
Presolve time = 0.07 sec. (65.39 ticks)
Probing time = 0.03 sec. (7.14 ticks)
Clique table members: 2500.
MIP emphasis: balance optimality and feasibility.
MIP search method: dynamic search.
Parallel mode: deterministic, using up to 8 threads.
Root relaxation solution time = 0.08 sec. (57.84 ticks)

        Nodes                                         Cuts/
   Node  Left     Objective  IInf  Best Integer    Best Bound    ItCnt     Gap

*     0+    0                       3.08358e+07        0.0000           100.00%
*     0+    0                       2.29809e+07        0.0000           100.00%
*     0+    0                      1107834.0000        0.0000           100.00%
*     0+    0                      1072025.0000        0.0000           100.00%
      0     0    93774.0000   100  1072025.0000    93774.0000      181   91.25%
*     0+    0                       809916.0000    93774.0000            88.42%
      0     0   106217.5000   100   809916.0000    Cuts: 1808      383   86.89%
      0     0   118774.0000    98   809916.0000    Cuts: 1872      669   85.34%
*     0+    0                       609516.0000   118774.0000            80.51%
      0     0   130648.5000   215   609516.0000 ZeroHalf: 710     2038   78.57%
*     0+    0                       600470.0000   130648.5000            78.24%
*     0+    0                       599386.0000   130648.5000            78.20%
      0     0  -1.00000e+75     0   599386.0000   130648.5000     2038   78.20%
*     0+    0                       548990.0000   130648.5000            76.20%
      0     0   135134.4866   220   548990.0000 ZeroHalf: 828     2739   75.38%
      0     0   140019.3037   219   548990.0000     Cuts: 417     3284   74.50%
Detecting symmetries...
      0     0   147299.5198   190   548990.0000     Cuts: 984     4152   73.17%
*     0+    0                       526036.0000   147299.5198            72.00%
      0     0  -1.00000e+75     0   526036.0000   147299.5198     4152   72.00%
      0     0   151881.8116   182   526036.0000     Cuts: 200     4833   71.13%
      0     0   155143.2925   229   526036.0000     Cuts: 300     5443   70.51%
*     0+    0                       504245.0000   155143.2925            69.23%
      0     0   157548.0619   209   504245.0000     Cuts: 147     5844   68.76%
      0     0   160234.8658   208   504245.0000     Cuts: 453     6355   68.22%
      0     0   162202.7623   180   504245.0000     Cuts: 315     6861   67.83%
      0     0   163788.7905   187   504245.0000     Cuts: 135     7351   67.52%
      0     0   165371.0973   216   504245.0000     Cuts: 114     7806   67.20%
      0     0   166528.9834   220   504245.0000     Cuts: 123     8291   66.97%
      0     0   168392.1819   191   504245.0000     Cuts: 369     8745   66.61%
      0     0   169877.2152   189   504245.0000     Cuts: 235     9271   66.31%
      0     0   170631.1848   190   504245.0000      Cuts: 79     9556   66.16%
      0     0   171197.0473   185   504245.0000      Cuts: 92     9889   66.05%
      0     0   171469.5227   219   504245.0000      Cuts: 46    10079   65.99%
      0     0   171798.7488   220   504245.0000      Cuts: 65    10248   65.93%
      0     0   172110.6311   220   504245.0000      Cuts: 69    10469   65.87%
      0     0   172410.6337   228   504245.0000      Cuts: 58    10648   65.81%
      0     0   172638.5529   220   504245.0000     Cuts: 102    10864   65.76%
      0     0   173126.2973   212   504245.0000     Cuts: 147    11188   65.67%
      0     0   173500.2472   212   504245.0000      Cuts: 53    11391   65.59%
      0     0   174383.5909   237   504245.0000     Cuts: 186    11843   65.42%
      0     0   174828.8500   240   504245.0000      Cuts: 33    12075   65.33%
      0     0   175290.7622   187   504245.0000     Cuts: 294    12391   65.24%
      0     0   175760.6413   225   504245.0000      Cuts: 71    12683   65.14%
      0     0   176183.4927   217   504245.0000  ZeroHalf: 26    12962   65.06%
      0     0   176611.8539   213   504245.0000      Cuts: 95    13154   64.97%
      0     0   176908.5789   216   504245.0000      Cuts: 54    13284   64.92%
      0     0   177220.6150   221   504245.0000      Cuts: 91    13452   64.85%
      0     0   177496.7828   213   504245.0000      Cuts: 47    13592   64.80%
      0     0   177750.7747   214   504245.0000     Cuts: 258    13786   64.75%
      0     0   177990.6772   216   504245.0000      Cuts: 22    13931   64.70%
      0     0   178242.4922   212   504245.0000      Cuts: 70    14204   64.65%
      0     0   178569.0185   221   504245.0000      Cuts: 65    14371   64.59%
      0     0   178759.8917   212   504245.0000      Cuts: 34    14468   64.55%
      0     0   179013.5449   218   504245.0000      Cuts: 35    14607   64.50%
      0     0   179323.3416   214   504245.0000      Cuts: 45    14761   64.44%
      0     0   179766.6717   208   504245.0000      Cuts: 40    14935   64.35%
      0     0   180121.5477   241   504245.0000     Cuts: 117    15191   64.28%
      0     0   180275.0832   211   504245.0000      Cuts: 39    15317   64.25%
      0     0   180589.1565   211   504245.0000      Cuts: 46    15511   64.19%
      0     0   180744.1706   239   504245.0000      Cuts: 78    15665   64.16%
      0     0   180834.6438   245   504245.0000      Cuts: 31    15792   64.14%
      0     0   180984.6481   213   504245.0000      Cuts: 90    15937   64.11%
      0     0   181106.3549   210   504245.0000      Cuts: 46    16022   64.08%
      0     0   181299.7055   213   504245.0000      Cuts: 42    16185   64.05%
      0     0   181404.9132   214   504245.0000  ZeroHalf: 27    16321   64.02%
      0     0   181567.2128   225   504245.0000      Cuts: 50    16468   63.99%
      0     0   181684.0375   225   504245.0000      Cuts: 42    16593   63.97%
      0     0   181857.1926   218   504245.0000      Cuts: 33    16759   63.93%
      0     0   182007.5014   224   504245.0000      Cuts: 55    16906   63.90%
      0     0   182201.0101   214   504245.0000      Cuts: 40    17021   63.87%
      0     0   182574.7268   219   504245.0000      Cuts: 85    17281   63.79%
      0     0   182820.5390   216   504245.0000     Cuts: 106    17439   63.74%
      0     0   183199.7745   215   504245.0000      Cuts: 92    17646   63.67%
      0     0   183520.6375   211   504245.0000      Cuts: 76    17919   63.60%
      0     0   183961.3208   210   504245.0000      Cuts: 95    18189   63.52%
      0     0   184245.3234   218   504245.0000      Cuts: 85    18378   63.46%
      0     0   184511.6117   238   504245.0000      Cuts: 62    18577   63.41%
      0     0   184699.3547   214   504245.0000      Cuts: 75    18720   63.37%
      0     0   184990.9843   218   504245.0000      Cuts: 86    18911   63.31%
      0     0   185302.1770   233   504245.0000      Cuts: 43    19180   63.25%
      0     0   185587.5655   221   504245.0000     Cuts: 157    19365   63.19%
      0     0   185925.0584   206   504245.0000      Cuts: 71    19590   63.13%
      0     0   186113.6458   218   504245.0000      Cuts: 87    19785   63.09%
      0     0   186313.1512   220   504245.0000      Cuts: 72    19941   63.05%
      0     0   186416.1968   245   504245.0000      Cuts: 60    20081   63.03%
      0     0   186479.9457   244   504245.0000      Cuts: 18    20171   63.02%
Detecting symmetries...
      0     2   186479.9457   244   504245.0000   186479.9457    20171   63.02%
Elapsed time = 30.79 sec. (22287.20 ticks, tree = 0.02 MB, solutions = 11)
      4     5   209796.5125   186   504245.0000   186535.8355    20877   63.01%
     14     8   230879.7833   173   504245.0000   186535.8355    21645   63.01%
     30    28   241342.1137   160   504245.0000   187130.2105    26718   62.89%
     42    32   251208.9752   159   504245.0000   187130.2105    27978   62.89%
     55    50   270938.7164   148   504245.0000   187130.2105    35059   62.89%
     69    54   258879.2308   143   504245.0000   187130.2105    36975   62.89%
     97    82   222765.5877   165   504245.0000   187130.2105    46493   62.89%
    124    87   269515.5526   147   504245.0000   187130.2105    47744   62.89%
    154   116   321739.1250   121   504245.0000   187130.2105    54766   62.89%
    318   269   368085.2500   102   504245.0000   187130.2105    78060   62.89%
Elapsed time = 50.78 sec. (25495.18 ticks, tree = 7.02 MB, solutions = 11)
    524   451   198468.0288   224   504245.0000   187130.2105   100820   62.89%
    645   527   249957.0526   154   504245.0000   187130.2105   112961   62.89%
    761   643   309790.7500   147   504245.0000   187130.2105   134917   62.89%
    883   791   449501.8750   100   504245.0000   197417.0083   162992   60.85%
   1039   911   331849.0000   110   504245.0000   197417.0083   186127   60.85%
   1200  1018   420590.6000    85   504245.0000   197417.0083   202102   60.85%
   1346  1139   418429.3750    98   504245.0000   197417.0083   215903   60.85%
   1484  1293   297352.4516   144   504245.0000   198472.1297   240309   60.64%
   1578  1387   425008.7500   102   504245.0000   198472.1297   253799   60.64%
   1689  1466   220198.8344   182   504245.0000   198472.1297   265294   60.64%
Elapsed time = 103.54 sec. (35077.67 ticks, tree = 15.30 MB, solutions = 11)

Performing restart 1

Repeating presolve.
Tried aggregator 1 time.
MIP Presolve eliminated 1398 rows and 63 columns.
Reduced MIP has 37852 rows, 3221 columns, and 113456 nonzeros.
Reduced MIP has 3221 binaries, 0 generals, 0 SOSs, and 0 indicators.
Presolve time = 0.06 sec. (54.06 ticks)
Tried aggregator 1 time.
Reduced MIP has 37852 rows, 3221 columns, and 113456 nonzeros.
Reduced MIP has 3221 binaries, 0 generals, 0 SOSs, and 0 indicators.
Presolve time = 0.07 sec. (65.15 ticks)
Represolve time = 0.20 sec. (170.82 ticks)
   1694     0   186672.8606   224   504245.0000      Cuts: 34   288784   60.64%
   1694     0   186955.3499   253   504245.0000      Cuts: 67   289009   60.64%
*  1694+    0                       503922.0000   198472.1297            60.61%
   1694     0   187121.1446   252   503922.0000      Cuts: 65   289142   60.61%
   1694     0   187452.4950   251   503922.0000      Cuts: 58   289383   60.61%
   1694     0   187934.4020   222   503922.0000      Cuts: 75   289695   60.61%
   1694     0   188160.8550   223   503922.0000      Cuts: 61   289924   60.61%
   1694     2   188160.8550   223   503922.0000   198472.1297   289924   60.61%
   1695     3   188275.1136   244   503922.0000   198472.1297   290078   60.61%
   1697     4   210834.3516   172   503922.0000   198472.1297   290767   60.61%
   1702     7   215293.1428   208   503922.0000   198472.1297   291875   60.61%
   1728    23   215195.2033   195   503922.0000   198472.1297   301658   60.61%
   1754    31   217091.8805   190   503922.0000   198472.1297   309092   60.61%
   1774    60   240285.9710   194   503922.0000   198472.1297   324084   60.61%
   1798    90   219618.9110   229   503922.0000   198472.1297   336830   60.61%
   1851   116   224484.1094   195   503922.0000   198472.1297   344600   60.61%
   1883   103   252162.3889   159   503922.0000   198472.1297   339683   60.61%
Elapsed time = 212.98 sec. (62209.95 ticks, tree = 0.88 MB, solutions = 12)
   1911   170   255384.4849   149   503922.0000   198472.1297   357596   60.61%
   1941   199   241703.6639   157   503922.0000   198472.1297   366775   60.61%
   1975   245   256214.1504   162   503922.0000   198472.1297   376388   60.61%
   2007   273   249642.3876   169   503922.0000   198472.1297   381774   60.61%
   2034   299   260596.1982   187   503922.0000   198472.1297   387156   60.61%
   2067   321   244599.3345   185   503922.0000   198472.1297   391823   60.61%
   2107   356   260657.3949   163   503922.0000   198472.1297   396153   60.61%
   2159   393   259328.7407   163   503922.0000   198472.1297   402628   60.61%
   2211   439   250348.8703   180   503922.0000   198472.1297   410404   60.61%
   2253   473   284603.4724   170   503922.0000   198472.1297   415485   60.61%
Elapsed time = 299.38 sec. (71984.20 ticks, tree = 4.90 MB, solutions = 12)
   2285   544   266654.7463   167   503922.0000   198472.1297   427160   60.61%
   2325   544   291398.3061   133   503922.0000   198472.1297   428456   60.61%
   2362   552   275119.8739   172   503922.0000   198472.1297   429884   60.61%
   2389   654   267537.1139   193   503922.0000   198472.1297   450847   60.61%
   2423   639   300705.7042   179   503922.0000   198472.1297   446279   60.61%
   2479   707   298825.2131   152   503922.0000   198472.1297   460362   60.61%
   2525   701   285281.4683   181   503922.0000   198472.1297   462508   60.61%
   2575   790   259124.0013   166   503922.0000   198472.1297   475834   60.61%
   2632   728   299923.9453   141   503922.0000   198472.1297   466315   60.61%
   2701   861   309274.0890   146   503922.0000   198472.1297   483689   60.61%
Elapsed time = 391.82 sec. (81944.63 ticks, tree = 7.00 MB, solutions = 12)
   2761   921   321231.7361   165   503922.0000   198472.1297   487374   60.61%
   2834  1007   328165.4773   136   503922.0000   198472.1297   497767   60.61%
   2904   960   306679.4250   158   503922.0000   198472.1297   492091   60.61%
   2961  1105   307596.1788   185   503922.0000   198472.1297   506154   60.61%
   3029  1204   353693.8333   128   503922.0000   198472.1297   516855   60.61%
   3106  1253   368925.5000   120   503922.0000   198472.1297   520128   60.61%
   3191  1301   371221.6061   142   503922.0000   198472.1297   526202   60.61%
   3269  1449   310110.7500    96   503922.0000   198472.1297   533015   60.61%
   3409  1463   315810.4408   149   503922.0000   198472.1297   534062   60.61%
   3546  1597   442607.0000   150   503922.0000   198472.1297   541929   60.61%
Elapsed time = 478.59 sec. (91666.51 ticks, tree = 11.90 MB, solutions = 12)
   3675  1830   454029.0000   110   503922.0000   198472.1297   555258   60.61%
   3770  1930   343390.6058   135   503922.0000   198472.1297   561363   60.61%
   3859  1950   356623.6500   141   503922.0000   198472.1297   562374   60.61%
   3908  2021   351300.1481   166   503922.0000   198472.1297   565604   60.61%

Performing restart 2

Repeating presolve.
Tried aggregator 1 time.
Reduced MIP has 37852 rows, 3221 columns, and 148136 nonzeros.
Reduced MIP has 3221 binaries, 0 generals, 0 SOSs, and 0 indicators.
Presolve time = 0.10 sec. (93.98 ticks)
Tried aggregator 1 time.
Reduced MIP has 37852 rows, 3221 columns, and 148136 nonzeros.
Reduced MIP has 3221 binaries, 0 generals, 0 SOSs, and 0 indicators.
Presolve time = 0.12 sec. (107.92 ticks)
Represolve time = 0.29 sec. (267.45 ticks)
   3930     0   188862.0717   231   503922.0000      Cuts: 69   585564   60.61%
   3930     0   189084.6719   212   503922.0000      Cuts: 47   585751   60.61%
   3930     0   189378.6085   223   503922.0000      Cuts: 73   585964   60.61%
   3930     0   189514.5065   251   503922.0000      Cuts: 87   586142   60.61%
   3930     0   189936.0240   223   503922.0000      Cuts: 83   586348   60.61%
   3930     0   190200.2587   220   503922.0000      Cuts: 66   586482   60.61%
   3930     0   190322.7281   220   503922.0000      Cuts: 74   586573   60.61%
   3930     0   190520.8521   222   503922.0000      Cuts: 52   586698   60.61%
   3930     2   190520.8521   222   503922.0000   198472.1297   586698   60.61%
   3936     5   211946.7136   175   503922.0000   198472.1297   588391   60.61%
   3960    19   242499.2190   146   503922.0000   198472.1297   601695   60.61%
   4009    64   262083.2672   193   503922.0000   198472.1297   627153   60.61%
   4064   115   376649.5000    74   503922.0000   198472.1297   643193   60.61%
   4158   208   415234.0000    71   503922.0000   198472.1297   664201   60.61%
Elapsed time = 557.39 sec. (115267.42 ticks, tree = 13.74 MB, solutions = 12)
   4295   282   325311.0000   102   503922.0000   198472.1297   675597   60.61%
   4437   457   244967.7096   152   503922.0000   198472.1297   699559   60.61%
   4542   545   492604.6667    38   503922.0000   198472.1297   711605   60.61%
   4627   603   358173.0000   114   503922.0000   198472.1297   722264   60.61%
   4728   688   320255.5482   153   503922.0000   198472.1297   742690   60.61%
   4834   716   393719.5000    76   503922.0000   203520.8338   747156   59.61%
*  4905   836      integral     0   499887.0000   203520.8338   768550   59.29%
   4958   827   358323.5000   106   499887.0000   203520.8338   767463   59.29%
   5032   973   226232.3182   179   499887.0000   203520.8338   791570   59.29%
   5169  1053   458187.5000    74   499887.0000   203520.8338   802714   59.29%
*  5244  1085      integral     0   469261.0000   203520.8338   807072   56.63%
   5272  1070   306114.7608   179   469261.0000   203520.8338   825200   56.63%
Elapsed time = 642.15 sec. (124880.24 ticks, tree = 235.03 MB, solutions = 14)
   5350  1144   436260.5000    70   469261.0000   203722.8127   836913   56.59%
   5420  1155   220633.6917   205   469261.0000   203722.8127   839072   56.59%
   5483  1222   334267.6111   124   469261.0000   203722.8127   852456   56.59%
   5571  1322   376462.8942   134   469261.0000   203722.8127   871088   56.59%
   5670  1377        cutoff         469261.0000   203722.8127   879897   56.59%
*  5680+ 1406                       469056.0000   203722.8127            56.57%
   5773  1479   291552.5728   161   469056.0000   203722.8127   894237   56.57%
   5864  1579   315979.8162   166   469056.0000   203722.8127   908013   56.57%
   5953  1593   337726.4701   159   469056.0000   203722.8127   909713   56.57%
   6053  1740   316729.5000   102   469056.0000   203722.8127   929041   56.57%
   6155  1827   399379.8451   202   469056.0000   203722.8127   942288   56.57%
Elapsed time = 722.76 sec. (134501.70 ticks, tree = 295.90 MB, solutions = 15)
   6247  1895   308060.4258   168   469056.0000   203722.8127   952116   56.57%
   6325  2036   392931.3333   164   469056.0000   203722.8127   969781   56.57%
   6417  2091   285530.6826   164   469056.0000   207643.4620   977988   55.73%
   6531  2135   426537.9000   118   469056.0000   207643.4620   982604   55.73%
   6621  2228   300747.3404   188   469056.0000   207643.4620   995127   55.73%
   6746  2384   312035.0396   172   469056.0000   207643.4620  1008263   55.73%
   6854  2518   449070.8750    76   469056.0000   209426.2656  1018998   55.35%
   6962  2525   367898.7992   179   469056.0000   209426.2656  1022411   55.35%
   7056  2682   400595.8333   108   469056.0000   209426.2656  1041541   55.35%
   7418  3076   336134.3131   170   469056.0000   210314.5925  1091800   55.16%
Elapsed time = 825.55 sec. (146981.07 ticks, tree = 309.32 MB, solutions = 15)
   7889  3396   234818.8274   178   469056.0000   210635.3256  1128867   55.09%
   8243  3759   399902.5000    62   469056.0000   211467.7476  1181534   54.92%
   8616  4179   225949.9177   221   469056.0000   212562.5908  1251264   54.68%
   8947  4472   415455.5509   148   469056.0000   213379.4087  1296601   54.51%
   9378  4870   418957.3470   144   469056.0000   214283.4551  1341227   54.32%
   9791  5253   356721.4240   169   469056.0000   214283.4551  1391925   54.32%
  10159  5536   325423.1905   137   469056.0000   215323.6911  1432035   54.09%
* 10283+ 5537                       465797.0000   215323.6911            53.77%
  10535  5844   324687.0323   140   465797.0000   215323.6911  1480285   53.77%
  10937  6132   235328.3502   188   465797.0000   216730.2161  1514323   53.47%
  11295  6570   428990.6250    84   465797.0000   217893.9967  1576298   53.22%
Elapsed time = 1131.78 sec. (185205.98 ticks, tree = 795.55 MB, solutions = 16)
  11692  6931   441005.6695   167   465797.0000   218334.8279  1621428   53.13%
  12108  7287   323256.8506   152   465797.0000   218741.3490  1668982   53.04%
* 12185+ 7460                       464663.0000   218741.3490            52.92%
* 12253+ 7460                       462583.0000   219480.6218            52.55%
  12479  7638   231927.5813   213   462583.0000   220601.2790  1735452   52.31%
* 12710+ 7912                       462353.0000   220850.6533            52.23%
  12859  7993   386565.6149   143   462353.0000   220850.6533  1784396   52.23%
  13244  8420   256686.6072   179   462353.0000   220850.6533  1840826   52.23%
  13614  8682   439298.5179   117   462353.0000   221135.1249  1878758   52.17%
  13938  9035   360766.1279   178   462353.0000   222045.9292  1941423   51.97%
  14286  9196   380942.6545   133   462353.0000   222045.9292  1964855   51.97%
  14627  9616   286362.1548   132   462353.0000   222497.1334  2036696   51.88%
  14897  9995   282056.0726   218   462353.0000   222824.3295  2105996   51.81%
Elapsed time = 1453.96 sec. (223466.86 ticks, tree = 1460.52 MB, solutions = 19)
  15276 10280   327030.0681   178   462353.0000   223011.3559  2152093   51.77%
  15686 10656   354562.2535   139   462353.0000   223687.0881  2205877   51.62%
  16080 10892   348047.5140   152   462353.0000   223996.2912  2237301   51.55%
  16476 11415   404050.5000    82   462353.0000   224476.1091  2306417   51.45%
  16877 11673   303603.9313   195   462353.0000   224595.4889  2341545   51.42%
* 17094+11736                       454072.0000   224595.4889            50.54%
  17282 11589   447524.6250    92   454072.0000   224595.4889  2386562   50.54%
  17614 11955   402373.3961   137   454072.0000   224909.5234  2444203   50.47%
  17926 12128   383889.3631   178   454072.0000   225625.4826  2469472   50.31%
  18375 12460   382878.5679   140   454072.0000   225625.4826  2525423   50.31%
  18772 12791   319057.7047   186   454072.0000   225914.5627  2567804   50.25%
Elapsed time = 1774.77 sec. (261718.05 ticks, tree = 1846.61 MB, solutions = 20)
  19028 13378   412842.9926   146   454072.0000   225914.5627  2631707   50.25%
  19433 13715   340917.7857   145   454072.0000   226235.8909  2682416   50.18%
  19865 14133   257792.8939   198   454072.0000   226264.4711  2734413   50.17%
  20295 14366   331199.5993   168   454072.0000   227342.7860  2764777   49.93%
  20632 14858   361959.5000    77   454072.0000   227510.2111  2822299   49.90%
  21010 14922   264681.1810   197   454072.0000   227862.2786  2830991   49.82%
  21461 15362   266512.8088   215   454072.0000   228120.2138  2893426   49.76%
  21856 15958   304093.6909   155   454072.0000   228577.8521  2964394   49.66%
* 22110+15863                       451790.0000   228643.4317            49.39%
  22309 16240   385488.3063   141   451790.0000   228691.7112  3018701   49.38%
  22676 16351   329288.2697   182   451790.0000   228960.5287  3035637   49.32%
Elapsed time = 2049.26 sec. (299960.30 ticks, tree = 2587.83 MB, solutions = 21)
Nodefile size = 513.04 MB (311.85 MB after compression)
  23098 16795   380884.2670   150   451790.0000   229184.8547  3099157   49.27%
  23550 17441   364914.5354   180   451790.0000   229236.8398  3180190   49.26%
  24015 17842   383963.8170   149   451790.0000   229415.6621  3224600   49.22%
  24402 17988   378671.2500    85   451790.0000   229538.7066  3247440   49.19%
  24870 18530   269426.2982   170   451790.0000   229584.8181  3321493   49.18%
  25252 19016   406583.8636   125   451790.0000   229897.1713  3381911   49.11%
  25690 19292   351834.2837   203   451790.0000   229902.7962  3418930   49.11%
  26035 19516   431672.6255   156   451790.0000   230006.0197  3446574   49.09%
  26450 19802   326364.8603   165   451790.0000   230085.2370  3484743   49.07%
  26896 20421   248558.1007   174   451790.0000   230429.0999  3578208   49.00%
Elapsed time = 2344.88 sec. (338173.69 ticks, tree = 3191.95 MB, solutions = 21)
Nodefile size = 1127.64 MB (685.78 MB after compression)
  27369 20548   341275.3045   175   451790.0000   230459.2017  3592636   48.99%
  27866 21264   334105.2304   141   451790.0000   230745.7385  3675738   48.93%
  28338 21464   440607.8305   132   451790.0000   230910.2185  3699114   48.89%
  28706 21994   282402.3246   176   451790.0000   230962.2541  3759851   48.88%
  29097 22504   362681.4126   214   451790.0000   231119.3173  3819974   48.84%
  29504 22626   268833.1159   171   451790.0000   231450.3470  3837666   48.77%
  29930 23264   287746.1970   160   451790.0000   231720.9419  3926214   48.71%
  30372 23698   282566.2498   188   451790.0000   231796.7370  3976403   48.69%
  30805 23754   358808.6507   137   451790.0000   231849.8587  3982354   48.68%
  31177 24629   410446.8077   188   451790.0000   232029.1511  4088861   48.64%
Elapsed time = 2634.62 sec. (376399.95 ticks, tree = 4131.15 MB, solutions = 21)
Nodefile size = 2070.17 MB (1260.40 MB after compression)
  31576 24534   310827.0000    97   451790.0000   232217.9770  4076958   48.60%
  32017 25260   409283.5000   117   451790.0000   232566.1445  4166577   48.52%
  32393 25286   316978.4595   147   451790.0000   232566.1445  4173186   48.52%
  32815 25830   270371.9028   221   451790.0000   232719.9719  4257857   48.49%
  33281 26222   411175.0089   121   451790.0000   232772.5687  4305501   48.48%
  33684 26893   396636.2500   111   451790.0000   232772.5687  4389870   48.48%
  34174 26806   436494.0000    99   451790.0000   232866.5338  4375331   48.46%
  34600 27482   322897.4827   164   451790.0000   233176.3474  4461649   48.39%
  35077 27920   434210.3051   161   451790.0000   233510.6666  4514925   48.31%
  35437 28218   325678.5452   141   451790.0000   233611.2875  4546640   48.29%
Elapsed time = 2934.33 sec. (414684.21 ticks, tree = 4871.56 MB, solutions = 21)
Nodefile size = 2798.30 MB (1704.46 MB after compression)
  35850 28607   334864.2651   178   451790.0000   233999.6321  4595433   48.21%
  36291 29079   364975.0171   160   451790.0000   234027.4270  4649095   48.20%
  36667 29586   412584.5495   152   451790.0000   234049.3334  4720309   48.20%
  37061 29628   293423.4627   183   451790.0000   234426.1793  4730955   48.11%
* 37352+29948                       451298.0000   234426.1793            48.06%
  37505 29891   406714.1235   167   451298.0000   234426.5303  4763764   48.06%
  37888 30705   388618.8333    89   451298.0000   234427.8951  4865101   48.05%
  38292 30668   309493.5763   161   451298.0000   234720.8044  4856551   47.99%
  38765 31566   265566.2812   192   451298.0000   234896.0663  4968824   47.95%
  39162 31611   339462.7448   224   451298.0000   235034.3512  4974754   47.92%
  39565 32253   316070.9862   173   451298.0000   235166.3915  5057151   47.89%
Elapsed time = 3248.31 sec. (452880.59 ticks, tree = 5620.13 MB, solutions = 22)
Nodefile size = 3546.39 MB (2162.90 MB after compression)
Starting limited solution polishing.
  40067 32317   444210.4515   138   451298.0000   235261.4499  5063143   47.87%
* 40119+32390                       448194.0000   235261.4499            47.51%
  40432 32897   448074.7500    96   448194.0000   235433.3269  5139031   47.47%
  40746 33172   416211.3314   158   448194.0000   235436.8618  5214706   47.47%
  41029 33337   308600.3239   237   448194.0000   235558.8629  5246851   47.44%
  41231 33396   412272.8531   152   448194.0000   235558.8629  5252908   47.44%
* 41394+33255                       447261.0000   235558.8629            47.33%
  41562 33684   386680.2679   169   447261.0000   235558.8629  5292330   47.33%
  41965 33861   428187.0000    62   447261.0000   235939.7521  5331067   47.25%
  42207 34236   301182.2750   136   447261.0000   235946.0882  5374595   47.25%
  42514 34672   446529.5000   128   447261.0000   236053.2455  5419512   47.22%
  42738 34395   323941.0985   166   447261.0000   236053.2455  5398764   47.22%
Elapsed time = 3463.36 sec. (491139.58 ticks, tree = 6055.83 MB, solutions = 25)
Nodefile size = 3968.92 MB (2421.02 MB after compression)
* 42786+34588                       446102.0000   236053.2455            47.09%
  43050 34788   337375.6692   135   446102.0000   236268.4140  5437736   47.04%
* 43151+34902                       445911.0000   236268.4140            47.01%
* 43173+34902                       444752.0000   236268.4140            46.88%
  43458 35018   308441.3671   171   444752.0000   236268.4140  5474502   46.88%
* 43644+35074                       443229.0000   236294.7414            46.69%
  43740 35225   317078.5000   129   443229.0000   236294.7414  5512580   46.69%
  43949 35410   388472.3756   161   443229.0000   236315.0932  5559672   46.68%
  44300 35519   368516.0358   156   443229.0000   236369.9020  5605183   46.67%
* 44419+35459                       440249.0000   236424.4250            46.30%
  44633 35477   376154.9399   142   440249.0000   236629.0698  5662550   46.25%
  44835 35798   371611.5378   159   440249.0000   236629.0698  5633334   46.25%

Implied bound cuts applied:  1
Zero-half cuts applied:  410
Lift and project cuts applied:  169

Root node processing (before b&c):
  Real time             =   30.73 sec. (22219.25 ticks)
Parallel b&c, 8 threads:
  Real time             = 3572.47 sec. (499882.85 ticks)
  Sync time (average)   =  608.67 sec.
  Wait time (average)   =    0.01 sec.
                          ------------
Total (root+branch&cut) = 3603.20 sec. (522102.10 ticks)
Status: Feasible
Obj: 440249

Instalacoes abertas:
Instalação 0 aberta
Instalação 1 aberta
Instalação 4 aberta
Instalação 8 aberta
Instalação 9 aberta
Instalação 13 aberta
Instalação 16 aberta
Instalação 20 aberta
Instalação 22 aberta
Instalação 30 aberta
Instalação 39 aberta
Instalação 47 aberta
Instalação 49 aberta

Atribuições (cliente -> instalação):
Cliente 0 -> Instalação 0
Cliente 1 -> Instalação 49
Cliente 2 -> Instalação 20
Cliente 3 -> Instalação 9
Cliente 4 -> Instalação 4
Cliente 5 -> Instalação 20
Cliente 6 -> Instalação 9
Cliente 7 -> Instalação 16
Cliente 8 -> Instalação 47
Cliente 9 -> Instalação 16
Cliente 10 -> Instalação 47
Cliente 11 -> Instalação 39
Cliente 12 -> Instalação 22
Cliente 13 -> Instalação 47
Cliente 14 -> Instalação 30
Cliente 15 -> Instalação 9
Cliente 16 -> Instalação 49
Cliente 17 -> Instalação 30
Cliente 18 -> Instalação 4
Cliente 19 -> Instalação 4
Cliente 20 -> Instalação 4
Cliente 21 -> Instalação 20
Cliente 22 -> Instalação 22
Cliente 23 -> Instalação 20
Cliente 24 -> Instalação 16
Cliente 25 -> Instalação 1
Cliente 26 -> Instalação 0
Cliente 27 -> Instalação 20
Cliente 28 -> Instalação 1
Cliente 29 -> Instalação 13
Cliente 30 -> Instalação 30
Cliente 31 -> Instalação 13
Cliente 32 -> Instalação 1
Cliente 33 -> Instalação 39
Cliente 34 -> Instalação 47
Cliente 35 -> Instalação 16
Cliente 36 -> Instalação 39
Cliente 37 -> Instalação 9
Cliente 38 -> Instalação 4
Cliente 39 -> Instalação 39
Cliente 40 -> Instalação 0
Cliente 41 -> Instalação 9
Cliente 42 -> Instalação 8
Cliente 43 -> Instalação 1
Cliente 44 -> Instalação 8
Cliente 45 -> Instalação 8
Cliente 46 -> Instalação 8
Cliente 47 -> Instalação 47
Cliente 48 -> Instalação 20
Cliente 49 -> Instalação 8
