Version identifier: 22.1.1.0 | 2022-11-28 | 9160aff4d
CPXPARAM_TimeLimit                               3600
Tried aggregator 1 time.
MIP Presolve eliminated 50 rows and 1 columns.
Reduced MIP has 32350 rows, 3146 columns, and 96950 nonzeros.
Reduced MIP has 3146 binaries, 0 generals, 0 SOSs, and 0 indicators.
Presolve time = 0.07 sec. (45.73 ticks)
Found incumbent of value 2.5792765e+07 after 0.08 sec. (58.07 ticks)
Probing time = 0.01 sec. (6.41 ticks)
Tried aggregator 1 time.
Detecting symmetries...
Reduced MIP has 32350 rows, 3146 columns, and 96950 nonzeros.
Reduced MIP has 3146 binaries, 0 generals, 0 SOSs, and 0 indicators.
Presolve time = 0.07 sec. (55.22 ticks)
Probing time = 0.02 sec. (6.41 ticks)
Clique table members: 2500.
MIP emphasis: balance optimality and feasibility.
MIP search method: dynamic search.
Parallel mode: deterministic, using up to 8 threads.
Root relaxation solution time = 0.13 sec. (48.44 ticks)

        Nodes                                         Cuts/
   Node  Left     Objective  IInf  Best Integer    Best Bound    ItCnt     Gap

*     0+    0                       2.57928e+07        0.0000           100.00%
*     0+    0                       1.90977e+07        0.0000           100.00%
*     0+    0                      1366484.0000        0.0000           100.00%
*     0+    0                      1332604.0000        0.0000           100.00%
      0     0    93774.0000   100  1332604.0000    93774.0000      186   92.96%
*     0+    0                       859947.0000    93774.0000            89.10%
      0     0   106217.5000   100   859947.0000    Cuts: 1477      396   87.65%
*     0+    0                       565029.0000   106217.5000            81.20%
      0     0   118774.0000    98   565029.0000    Cuts: 1493      717   78.98%
*     0+    0                       498914.0000   118774.0000            76.19%
      0     0   130898.8000   219   498914.0000 ZeroHalf: 618     2147   73.76%
*     0+    0                       497698.0000   130898.8000            73.70%
*     0+    0                       496946.0000   130898.8000            73.66%
      0     0  -1.00000e+75     0   496946.0000   130898.8000     2147   73.66%
      0     0   137130.3824   220   496946.0000 ZeroHalf: 677     2819   72.41%
*     0+    0                       454036.0000   137130.3824            69.80%
      0     0   145206.0588   182   454036.0000     Cuts: 676     4008   68.02%
Detecting symmetries...
*     0+    0                       444796.0000   145206.0588            67.35%
      0     0   148429.0231   182   444796.0000     Cuts: 240     4523   66.63%
*     0+    0                       415695.0000   148429.0231            64.29%
      0     0   150462.1280   189   415695.0000     Cuts: 199     4903   63.80%
      0     0   152044.1403   212   415695.0000      Cuts: 94     5220   63.42%
      0     0   152971.8742   185   415695.0000     Cuts: 182     5445   63.20%
      0     0   154052.7394   190   415695.0000     Cuts: 121     5754   62.94%
      0     0   154656.2789   205   415695.0000      Cuts: 94     6008   62.80%
      0     0   155376.8259   207   415695.0000      Cuts: 56     6299   62.62%
      0     0   155869.4626   209   415695.0000     Cuts: 242     6541   62.50%
      0     0   156660.7930   190   415695.0000     Cuts: 273     6940   62.31%
      0     0   157542.3211   187   415695.0000      Cuts: 86     7208   62.10%
      0     0   158103.7693   184   415695.0000      Cuts: 72     7411   61.97%
      0     0   158789.4438   182   415695.0000      Cuts: 65     7675   61.80%
      0     0   159288.7150   182   415695.0000      Cuts: 69     7834   61.68%
      0     0   159943.4381   219   415695.0000     Cuts: 100     8009   61.52%
      0     0   160880.2494   216   415695.0000      Cuts: 92     8338   61.30%
      0     0   161537.0852   180   415695.0000      Cuts: 79     8561   61.14%
      0     0   162046.0278   184   415695.0000      Cuts: 97     8729   61.02%
      0     0   162473.0921   211   415695.0000      Cuts: 47     8902   60.92%
      0     0   162614.5357   213   415695.0000      Cuts: 63     8970   60.88%
      0     0   163239.0420   211   415695.0000      Cuts: 54     9130   60.73%
      0     0   163586.4986   210   415695.0000      Cuts: 50     9251   60.65%
      0     0   164019.8270   185   415695.0000     Cuts: 100     9407   60.54%
      0     0   164545.4604   206   415695.0000      Cuts: 59     9545   60.42%
      0     0   165013.8532   184   415695.0000     Cuts: 184     9805   60.30%
      0     0   165401.2775   185   415695.0000      Cuts: 52     9938   60.21%
      0     0   165663.7111   185   415695.0000      Cuts: 45    10100   60.15%
      0     0   165895.9952   212   415695.0000      Cuts: 33    10281   60.09%
      0     0   166050.2598   204   415695.0000      Cuts: 40    10399   60.05%
      0     0   166257.2932   181   415695.0000     Cuts: 135    10504   60.00%
*     0+    0                       410388.0000   166257.2932            59.49%
      0     0   166761.4260   177   410388.0000      Cuts: 33    10682   59.36%
      0     0   166998.1425   178   410388.0000      Cuts: 46    10842   59.31%
      0     0   167356.3269   177   410388.0000      Cuts: 21    11014   59.22%
      0     0   167596.3813   182   410388.0000      Cuts: 61    11166   59.16%
      0     0   167796.0040   180   410388.0000      Cuts: 27    11281   59.11%
      0     0   167910.8810   211   410388.0000      Cuts: 17    11363   59.08%
      0     0   168046.9295   205   410388.0000      Cuts: 26    11458   59.05%
      0     0   168243.5433   209   410388.0000      Cuts: 45    11590   59.00%
      0     0   168422.8544   208   410388.0000      Cuts: 20    11710   58.96%
      0     0   168589.0348   180   410388.0000     Cuts: 103    11840   58.92%
      0     0   168665.5670   181   410388.0000      Cuts: 27    11886   58.90%
      0     0   169008.7690   194   410388.0000      Cuts: 24    12015   58.82%
      0     0   169269.2008   198   410388.0000      Cuts: 38    12146   58.75%
      0     0   169528.1291   200   410388.0000     Cuts: 124    12297   58.69%
      0     0   169610.9256   199   410388.0000      Cuts: 30    12367   58.67%
      0     0   169742.2668   179   410388.0000      Cuts: 22    12461   58.64%
      0     0   169914.8215   203   410388.0000      Cuts: 38    12553   58.60%
      0     0   170051.9076   180   410388.0000     Cuts: 178    12659   58.56%
      0     0   170143.7168   176   410388.0000      Cuts: 22    12719   58.54%
      0     0   170283.1348   179   410388.0000      Cuts: 28    12814   58.51%
      0     0   170536.6443   202   410388.0000      Cuts: 28    12953   58.45%
      0     0   171002.0548   204   410388.0000      Cuts: 39    13112   58.33%
      0     0   171484.9324   181   410388.0000     Cuts: 129    13335   58.21%
      0     0   171788.9267   206   410388.0000      Cuts: 37    13449   58.14%
      0     0   171820.1219   211   410388.0000      Cuts: 21    13483   58.13%
Detecting symmetries...
      0     2   171820.1219   211   410388.0000   171820.1219    13483   58.13%
Elapsed time = 32.96 sec. (11339.39 ticks, tree = 0.02 MB, solutions = 13)
      2     4   183543.5336   183   410388.0000   171822.8145    14193   58.13%
     10    11   198285.1456   179   410388.0000   171822.8145    16858   58.13%
     37    25   247198.4375   122   410388.0000   171822.8145    21943   58.13%
     67    51   279497.5000    95   410388.0000   172040.5690    27017   58.08%
    111    95   327023.5000    62   410388.0000   172358.5908    35093   58.00%
    158   123   310954.0000    69   410388.0000   172361.8830    42371   58.00%
    241   201   387099.8000    87   410388.0000   173050.9222    50364   57.83%
    320   273   330876.7857   105   410388.0000   177837.9644    54761   56.67%
    412   373   387177.7500    75   410388.0000   177837.9644    60694   56.67%
    597   497   269452.7500    94   410388.0000   177837.9644    77860   56.67%
Elapsed time = 49.10 sec. (14583.01 ticks, tree = 63.57 MB, solutions = 13)
*   666+  547                       404957.0000   177837.9644            56.08%
    823   606   320626.5000    78   404957.0000   177837.9644    95974   56.08%
*   943   762      integral     0   403120.0000   177837.9644   109097   55.88%
   1052   907   386599.5000    48   403120.0000   179129.3178   122641   55.56%
   1197  1054   277741.1528   136   403120.0000   180391.6439   148955   55.25%
   1450  1202   280368.0492   145   403120.0000   180391.6439   166928   55.25%
   1673  1443   356582.7115   106   403120.0000   180394.2216   184916   55.25%

Performing restart 1

Repeating presolve.
Tried aggregator 1 time.
MIP Presolve eliminated 2290 rows and 133 columns.
Reduced MIP has 30060 rows, 3013 columns, and 90080 nonzeros.
Reduced MIP has 3013 binaries, 0 generals, 0 SOSs, and 0 indicators.
Presolve time = 0.04 sec. (44.53 ticks)
Tried aggregator 1 time.
Reduced MIP has 30060 rows, 3013 columns, and 90080 nonzeros.
Reduced MIP has 3013 binaries, 0 generals, 0 SOSs, and 0 indicators.
Presolve time = 0.05 sec. (52.94 ticks)
Represolve time = 0.16 sec. (147.57 ticks)
*  1694+    0                       400733.0000   180675.3959            54.91%
   1694     0   172713.3401   221   400733.0000      Cuts: 56   200699   54.91%
   1694     0   173355.0598   222   400733.0000      Cuts: 61   201029   54.91%
   1694     0   173840.9088   217   400733.0000      Cuts: 66   201214   54.91%
   1694     0   174851.9675   216   400733.0000      Cuts: 66   201502   54.91%
   1694     0   175535.5053   219   400733.0000      Cuts: 74   201766   54.91%
   1694     0   175990.6152   212   400733.0000      Cuts: 58   201911   54.91%
   1694     0   176702.5333   211   400733.0000      Cuts: 75   202129   54.91%
   1694     0   177344.1340   211   400733.0000      Cuts: 72   202447   54.91%
   1694     0   177799.8546   216   400733.0000      Cuts: 61   202663   54.91%
   1694     0   178274.7696   206   400733.0000      Cuts: 83   202894   54.91%
   1694     0   178720.3275   203   400733.0000      Cuts: 45   203041   54.91%
   1694     0   179158.9118   220   400733.0000      Cuts: 49   203252   54.91%
   1694     0   179504.6034   220   400733.0000      Cuts: 45   203443   54.91%
   1694     0   179927.8248   223   400733.0000      Cuts: 38   203628   54.91%
   1694     0   180337.3962   228   400733.0000      Cuts: 53   203868   54.91%
   1694     0   180491.3210   225   400733.0000      Cuts: 21   203953   54.91%
   1694     0   180834.0079   219   400733.0000      Cuts: 29   204168   54.87%
   1694     0   181158.9278   219   400733.0000      Cuts: 41   204316   54.79%
   1694     0   181446.1723   220   400733.0000      Cuts: 42   204484   54.72%
   1694     0   181534.8636   216   400733.0000      Cuts: 23   204562   54.70%
   1694     0   181734.2633   219   400733.0000      Cuts: 37   204706   54.65%
   1694     0   182160.0397   219   400733.0000      Cuts: 22   204888   54.54%
   1694     0   182258.3766   219   400733.0000      Cuts: 17   204966   54.52%
   1694     0   182309.3633   221   400733.0000      Cuts: 21   205031   54.51%
   1694     0   182358.0797   222   400733.0000      Cuts: 18   205074   54.49%
   1694     0   182412.4795   224   400733.0000      Cuts: 17   205148   54.48%
   1694     0   182499.2361   217   400733.0000      Cuts: 29   205214   54.46%
   1694     0   182588.5955   216   400733.0000      Cuts: 16   205272   54.44%
   1694     0   182800.0856   217   400733.0000      Cuts: 37   205357   54.38%
   1694     0   182907.3554   217   400733.0000      Cuts: 29   205436   54.36%
   1694     0   182976.9432   224   400733.0000      Cuts: 34   205507   54.34%
   1694     0   183149.3127   219   400733.0000      Cuts: 24   205630   54.30%
   1694     0   183287.6679   218   400733.0000      Cuts: 21   205712   54.26%
   1694     0   183430.1252   216   400733.0000      Cuts: 21   205791   54.23%
   1694     0   183506.2243   214   400733.0000  ZeroHalf: 16   205833   54.21%
   1694     0   183577.1368   216   400733.0000      Cuts: 22   205914   54.19%
   1694     0   183731.2010   210   400733.0000      Cuts: 34   206010   54.15%
   1694     0   183775.6111   217   400733.0000      Cuts: 18   206058   54.14%
   1694     0   183807.0678   220   400733.0000      Cuts: 11   206095   54.13%
   1694     0   183840.0824   218   400733.0000      Cuts: 12   206137   54.12%
   1694     2   183840.0824   218   400733.0000   183840.0824   206137   54.12%
   1695     3   183876.6291   208   400733.0000   183851.7314   206198   54.12%
   1696     3   197968.7587   174   400733.0000   183851.7314   206670   54.12%
   1697     5   199240.6870   178   400733.0000   183877.0853   206881   54.11%
   1700     8   184010.9833   209   400733.0000   184015.1468   207752   54.08%
Elapsed time = 119.85 sec. (45469.25 ticks, tree = 0.02 MB, solutions = 16)
   1705     6   209089.4948   153   400733.0000   184015.1468   207795   54.08%
   1713    14   212683.5706   181   400733.0000   184015.6535   210627   54.08%
   1720    19   204186.3101   199   400733.0000   184015.6535   212564   54.08%
   1727    25   215311.5362   145   400733.0000   184082.8800   216074   54.06%
   1734    22   186344.3245   201   400733.0000   184082.8800   214261   54.06%
   1741    42   211220.6912   168   400733.0000   184082.8800   229486   54.06%
   1757    44   226748.9580   152   400733.0000   184082.8800   230540   54.06%
   1793    55   211183.1900   173   400733.0000   184082.8800   236830   54.06%
   1823    75   245180.2358   152   400733.0000   184082.8800   242692   54.06%
   1859   116   249275.4167   116   400733.0000   184082.8800   255134   54.06%
Elapsed time = 187.21 sec. (56251.90 ticks, tree = 1.95 MB, solutions = 16)
   1896   145   238116.5744   177   400733.0000   184082.8800   262702   54.06%
   1957   219   239721.8900   160   400733.0000   184082.8800   280949   54.06%
   2003   174   284540.5000    72   400733.0000   184082.8800   269394   54.06%
   2046   194   248914.9495   179   400733.0000   184082.8800   273888   54.06%
   2079   320   270491.2500    99   400733.0000   184082.8800   303412   54.06%
   2113   326   300417.1216   137   400733.0000   184082.8800   305104   54.06%
   2180   427   304507.0000    80   400733.0000   184082.8800   325722   54.06%
   2223   409   294944.0000    84   400733.0000   184082.8800   322454   54.06%
   2283   498   341720.2456   160   400733.0000   184082.8800   341434   54.06%
   2331   556   319394.6463   113   400733.0000   184082.8800   349960   54.06%
Elapsed time = 257.28 sec. (66002.73 ticks, tree = 3.67 MB, solutions = 16)
   2387   541   332757.7333   116   400733.0000   184082.8800   348421   54.06%
   2453   552   230350.8594   153   400733.0000   184082.8800   351752   54.06%
   2526   692   347002.4758   137   400733.0000   184082.8800   370848   54.06%
   2608   665   351860.5000    80   400733.0000   184082.8800   366786   54.06%
   2696   877   358280.2065   129   400733.0000   184082.8800   395366   54.06%
   2767   961   236865.9065   177   400733.0000   184082.8800   407235   54.06%
   2854   953   413195.2000   105   400733.0000   184082.8800   401482   54.06%
   2927  1021   321036.5000    76   400733.0000   184082.8800   413975   54.06%
   3036  1050   385280.0000    80   400733.0000   184082.8800   422700   54.06%
   3130  1263   350741.5000   105   400733.0000   184082.8800   458404   54.06%
Elapsed time = 324.22 sec. (75632.81 ticks, tree = 6.34 MB, solutions = 16)
   3246  1337   210826.7623   191   400733.0000   184082.8800   476481   54.06%
   3356  1302   277264.2594   170   400733.0000   184082.8800   467848   54.06%
   3483  1386   287809.9324   131   400733.0000   184082.8800   490993   54.06%
   3568  1658   395718.5000    69   400733.0000   184082.8800   521740   54.06%
   3653  1587   314649.4333   134   400733.0000   184082.8800   514031   54.06%
   3732  1759   242507.5135   179   400733.0000   184082.8800   533498   54.06%
   3836  1956   276263.1805   178   400733.0000   184082.8800   574096   54.06%
   3950  1969   285894.4049   184   400733.0000   184082.8800   576847   54.06%
   4055  1977   254014.0566   202   400733.0000   184082.8800   579371   54.06%
   4131  2105   363647.6250   107   400733.0000   184082.8800   595722   54.06%
Elapsed time = 388.91 sec. (85252.20 ticks, tree = 10.36 MB, solutions = 16)
   4239  2250   268859.2993   193   400733.0000   184082.8800   625955   54.06%
   4339  2335   236795.3888   202   400733.0000   184082.8800   640701   54.06%
   4455  2457   255446.3450   192   400733.0000   189535.8624   660491   52.70%
   4543  2597   326528.7914   181   400733.0000   189535.8624   680495   52.70%
   4636  2615   210513.9953   180   400733.0000   189535.8624   683596   52.70%
   4744  2718   305973.6651   175   400733.0000   189545.5667   704975   52.70%
   4831  2712   300466.4583   145   400733.0000   189545.5667   705211   52.70%
   4923  2902   332933.4042   140   400733.0000   191059.5681   742938   52.32%
   5032  2879   330089.3268   176   400733.0000   191059.5681   738042   52.32%
   5169  3055   311274.3033   175   400733.0000   191369.6793   774992   52.25%
Elapsed time = 454.44 sec. (94885.67 ticks, tree = 15.92 MB, solutions = 16)
   5287  3233   280022.0278   170   400733.0000   191369.6793   801713   52.25%
   5433  3471   282165.0625   146   400733.0000   191369.6793   831699   52.25%
   5532  3522   294776.3452   180   400733.0000   191598.0159   837391   52.19%
   5667  3550   303644.1068   201   400733.0000   191601.3177   839767   52.19%
   5808  3619   380422.2429   182   400733.0000   191718.1860   843880   52.16%
   5933  3804   315742.5081   187   400733.0000   191718.1860   875923   52.16%
   6044  3898   365881.4546   183   400733.0000   191718.1860   883885   52.16%
   6158  4101   329713.8753   198   400733.0000   191718.1860   912546   52.16%
   6264  4299   240017.6900   188   400733.0000   191718.1860   943766   52.16%
   6371  4374   226852.9167   182   400733.0000   192926.5046   957983   51.86%
Elapsed time = 521.20 sec. (104490.02 ticks, tree = 21.65 MB, solutions = 16)
   6483  4412   349094.2375   171   400733.0000   192926.5046   962240   51.86%
   6587  4466   256025.0827   212   400733.0000   194422.2128   971860   51.48%
   6701  4631   316902.7675   186   400733.0000   194422.2128   994392   51.48%
   6820  4777   372381.1333   202   400733.0000   194422.2128  1014765   51.48%
   6973  4808   297809.2429   229   400733.0000   194422.2128  1021213   51.48%
   7100  4940   317410.3133   213   400733.0000   194455.8376  1045049   51.47%
   7240  5124   294207.2530   190   400733.0000   194455.8376  1064538   51.47%
   7355  5302   254397.1915   152   400733.0000   194529.8428  1088050   51.46%
   7473  5292   340227.2279   190   400733.0000   194529.8428  1078080   51.46%
   7633  5629   257839.3303   179   400733.0000   194803.6452  1125981   51.39%
Elapsed time = 587.92 sec. (114125.29 ticks, tree = 85.80 MB, solutions = 16)
   7791  5682   231434.7585   190   400733.0000   194920.8122  1131226   51.36%
   7973  5753   338431.4973   167   400733.0000   195214.0492  1134039   51.29%
   8099  6037   290249.7081   231   400733.0000   195214.0492  1163089   51.29%
   8225  6065   301166.6404   218   400733.0000   195449.7565  1164831   51.23%
   8337  6093   309598.0952   217   400733.0000   195449.7565  1166095   51.23%
   8477  6411   319875.9583   161   400733.0000   195470.5320  1197627   51.22%
   8619  6375   311354.1150   239   400733.0000   195470.5320  1195881   51.22%
*  8715+ 6480                       395242.0000   195470.5320            50.54%
*  8739+ 6480                       392908.0000   195923.5528            50.14%
   8767  6575   346950.6111   118   392908.0000   195923.5528  1224209   50.14%
   8882  6573   347199.1763   199   392908.0000   195923.5528  1219972   50.14%
   9471  7238   227140.8180   183   392908.0000   196272.1798  1300982   50.05%
Elapsed time = 683.25 sec. (126590.87 ticks, tree = 356.96 MB, solutions = 18)
  10120  7565   292641.2348   183   392908.0000   196272.1798  1331386   50.05%
  10741  8225   309050.4356   191   392908.0000   196577.2104  1382154   49.97%
  11476  8992   308823.0868   170   392908.0000   196916.9836  1445603   49.88%
  12180  9671   306551.0323   183   392908.0000   197408.3595  1497198   49.76%
  12928 10255   367376.7708   144   392908.0000   197524.2866  1536990   49.73%
  13664 11249   349436.3114   183   392908.0000   197672.8318  1613352   49.69%
  14334 12026   250367.5725   193   392908.0000   198073.4631  1670286   49.59%
  15036 12367   236027.0848   181   392908.0000   198214.5747  1702883   49.55%
  15733 12967   352891.1759   205   392908.0000   198445.3876  1753361   49.49%
  16277 13600   317878.0000    93   392908.0000   198666.2484  1803880   49.44%
Elapsed time = 957.04 sec. (164787.69 ticks, tree = 1164.86 MB, solutions = 18)
  16897 14268   376754.5263   139   392908.0000   198806.2615  1876038   49.40%
  17402 14713   335309.4403   237   392908.0000   198806.2615  1939108   49.40%
  17865 15135   288711.1786   172   392908.0000   199680.4867  1975926   49.18%
* 17890+14713                       380974.0000   199680.4867            47.59%
  18350 14760   271496.1764   170   380974.0000   200024.9280  2010770   47.50%
  19083 15592   342189.3984   178   380974.0000   200028.0993  2076177   47.50%
  19798 16179   246440.0786   169   380974.0000   200078.6078  2121380   47.48%
  20500 16701   377958.6250   154   380974.0000   200392.4704  2159895   47.40%
  21223 17594   348881.3451   160   380974.0000   200678.8079  2233737   47.32%
  21944 18155   259279.4438   211   380974.0000   200804.7884  2286058   47.29%
  22735 18587   361095.8103   176   380974.0000   200884.0317  2315671   47.27%
Elapsed time = 1215.72 sec. (202994.40 ticks, tree = 1784.60 MB, solutions = 19)
  23427 19734   380034.7265   175   380974.0000   200929.0200  2393614   47.26%
  23930 20095   375092.5000    83   380974.0000   200972.5016  2445133   47.25%
* 24021+20095                       374596.0000   200989.4094            46.35%
  24529 19807   288256.0368   202   374596.0000   201353.5938  2514514   46.25%
  25222 20355   324845.0709   204   374596.0000   201420.5518  2569772   46.23%
  25951 21320   233060.1852   189   374596.0000   201526.1013  2648154   46.20%
  26599 21655   371275.7500   119   374596.0000   201645.3151  2673998   46.17%
  27344 22137   358436.3529   155   374596.0000   201855.3649  2712917   46.11%
  28061 23284   361405.4175   208   374596.0000   201856.7695  2810349   46.11%
* 28382+23626                       368428.0000   201999.8754            45.17%
  28618 23588   328361.7326   168   368428.0000   202177.9120  2842121   45.12%
  29125 23381   285453.0314   164   368428.0000   202429.9403  2938489   45.06%
Elapsed time = 1499.60 sec. (241217.94 ticks, tree = 2621.06 MB, solutions = 21)
Nodefile size = 566.16 MB (353.84 MB after compression)
  29713 23555   308177.6289   197   368428.0000   202666.5092  2963339   44.99%
  30345 24251   359067.6159   163   368428.0000   202772.5531  3036225   44.96%
  31110 24618   366162.7353   180   368428.0000   203008.5258  3086924   44.90%
  31727 25821   364959.5544   225   368428.0000   203122.7065  3176919   44.87%
  32410 26001   318995.7636   186   368428.0000   203190.2164  3200178   44.85%
  33135 26415   299263.3564   180   368428.0000   203326.1765  3229681   44.81%
  33641 27395   314192.1737   207   368428.0000   203387.6263  3314239   44.80%
* 33978+27769                       361183.0000   203582.6809            43.63%
* 33990+27769                       352211.0000   203582.6809            42.20%
  33998 27668   361391.4916   185   352211.0000   203592.5178  3333310   42.20%
  34348 24037   333745.4933   162   352211.0000   203592.5178  3391511   42.20%
  34849 24506   304336.3259   210   352211.0000   203649.6489  3446559   42.18%
Elapsed time = 1734.57 sec. (279426.02 ticks, tree = 3001.74 MB, solutions = 27)
Nodefile size = 935.13 MB (581.00 MB after compression)

Performing restart 2

Repeating presolve.
Tried aggregator 2 times.
MIP Presolve eliminated 1229 rows and 76 columns.
Aggregator did 1 substitutions.
Reduced MIP has 28830 rows, 2936 columns, and 112334 nonzeros.
Reduced MIP has 2936 binaries, 0 generals, 0 SOSs, and 0 indicators.
Presolve time = 0.19 sec. (175.80 ticks)
Tried aggregator 1 time.
Reduced MIP has 28830 rows, 2936 columns, and 112334 nonzeros.
Reduced MIP has 2936 binaries, 0 generals, 0 SOSs, and 0 indicators.
Presolve time = 0.09 sec. (82.44 ticks)
Represolve time = 0.37 sec. (312.18 ticks)
  35269     0   187116.1908   229   352211.0000      Cuts: 55  3535759   42.08%
  35269     0   187359.5133   226   352211.0000      Cuts: 38  3535903   42.08%
  35269     0   187507.5887   223   352211.0000      Cuts: 55  3536008   42.08%
* 35269+    0                       351931.0000   203999.8752            42.03%
* 35269+    0                       351711.0000   203999.8752            42.00%
* 35269+    0                       350978.0000   203999.8752            41.88%
  35269     0  -1.00000e+75     0   350978.0000   203999.8752  3536008   41.88%
  35269     0   187879.0533   222   350978.0000      Cuts: 59  3536154   41.88%
  35269     0   188557.3300   216   350978.0000      Cuts: 79  3536344   41.88%
  35269     0   188792.4837   220   350978.0000      Cuts: 70  3536489   41.88%
  35269     0   189187.5206   219   350978.0000      Cuts: 97  3536690   41.88%
  35269     0   189405.0114   213   350978.0000      Cuts: 82  3536776   41.88%
  35269     0   189578.7481   219   350978.0000      Cuts: 60  3536874   41.88%
  35269     0   189683.0729   219   350978.0000      Cuts: 55  3536952   41.88%
  35269     2   189683.0729   219   350978.0000   203999.8752  3536952   41.88%
  35278     6   201495.4919   216   350978.0000   203999.8752  3538383   41.88%
  35303    22   205498.5901   217   350978.0000   203999.8752  3548168   41.88%
  35375    70   233559.2529   160   350978.0000   203999.8752  3566334   41.88%
  35597   154   270348.9327   161   350978.0000   203999.8752  3589578   41.88%
  35856   447   264129.2187   149   350978.0000   203999.8752  3645522   41.88%
  36103   650   214215.5882   178   350978.0000   203999.8752  3678831   41.88%
  36433   934   308686.1591   120   350978.0000   203999.8752  3745980   41.88%
  36844  1195   339320.0000    78   350978.0000   203999.8752  3792628   41.88%
  37224  1617   292951.4044   197   350978.0000   203999.8752  3868547   41.88%
Elapsed time = 2003.26 sec. (332951.71 ticks, tree = 11.91 MB, solutions = 30)
  37556  1929   300962.8375   161   350978.0000   203999.8752  3919473   41.88%
  37910  2204   349034.2273   174   350978.0000   203999.8752  3965440   41.88%
  38237  2531   272896.0673   173   350978.0000   203999.8752  4018166   41.88%
  38643  2906   285732.3586   201   350978.0000   203999.8752  4089980   41.88%
  39204  3341   321895.8031   186   350978.0000   203999.8752  4151745   41.88%
  39614  3782   301137.8094   245   350978.0000   203999.8752  4222093   41.88%
  39983  4227   295886.6562   212   350978.0000   203999.8752  4301594   41.88%
  40398  4514   326531.4293   139   350978.0000   204157.6159  4365646   41.83%
  40857  4891   337497.8364   199   350978.0000   204157.6159  4431578   41.83%
  41269  5393   304877.2809   212   350978.0000   204808.7668  4513998   41.65%
Elapsed time = 2269.07 sec. (371173.73 ticks, tree = 29.70 MB, solutions = 30)
  41708  5747   253290.6497   183   350978.0000   205014.4779  4590245   41.59%
  42187  6191   330222.2024   188   350978.0000   205569.7780  4666776   41.43%
  42591  6682   341948.0416   189   350978.0000   205569.7780  4748704   41.43%
  43030  7069   339567.2609   191   350978.0000   205863.2330  4813395   41.35%
  43527  7400   295114.1488   212   350978.0000   205966.8611  4875368   41.32%
  44030  7887   345779.6274   138   350978.0000   206298.1803  4944239   41.22%
  44502  8469   311223.4055   180   350978.0000   206471.4241  5043635   41.17%
  44952  8922   277806.6055   164   350978.0000   206714.5579  5123167   41.10%
  45422  9240   303442.9315   183   350978.0000   206872.0731  5174563   41.06%
  45885  9875   341821.5962   196   350978.0000   207095.9276  5286598   40.99%
Elapsed time = 2525.48 sec. (409419.09 ticks, tree = 50.86 MB, solutions = 30)
  46356 10036   338731.4379   176   350978.0000   207298.0866  5316513   40.94%
  46739 10711   303199.1073   168   350978.0000   207528.5513  5445496   40.87%
  47173 10893   326428.9034   185   350978.0000   207649.4325  5482251   40.84%
  47645 11529   266674.0664   151   350978.0000   207829.6466  5596328   40.79%
  48132 11763   260946.4854   197   350978.0000   207996.6964  5642746   40.74%
  48603 12259   226375.5909   168   350978.0000   208136.7596  5733019   40.70%
  49060 12627   290069.2812   210   350978.0000   208545.9192  5802136   40.58%
  49535 13246   332193.1446   156   350978.0000   208667.0430  5906879   40.55%
  49976 13448   309971.6250   108   350978.0000   208849.8136  5939710   40.49%
  50488 13901   335596.8885   158   350978.0000   209332.0666  6022936   40.36%
Elapsed time = 2788.69 sec. (447640.25 ticks, tree = 69.39 MB, solutions = 30)
  50893 14476   321716.7857   188   350978.0000   209332.0666  6126453   40.36%
  51236 14903   284108.3192   223   350978.0000   209569.0535  6196272   40.29%
  51648 15232   280918.7930   198   350978.0000   209574.1460  6252448   40.29%
  52090 15523   298741.3329   182   350978.0000   209619.0474  6311341   40.28%
  52576 16016   340950.2625   203   350978.0000   209959.1829  6397974   40.18%
  53024 16297   282141.6250   151   350978.0000   210189.9978  6454957   40.11%
  53533 16929   295217.3344   170   350978.0000   210445.4451  6570732   40.04%
  54089 17340   281040.6009   207   350978.0000   210784.2920  6637129   39.94%
  54487 17777   297103.5293   164   350978.0000   210916.6270  6714541   39.91%
  54997 18128   338439.2792   152   350978.0000   211010.6665  6786759   39.88%
Elapsed time = 3038.83 sec. (485854.85 ticks, tree = 89.33 MB, solutions = 30)
  55584 18539   336448.6310   182   350978.0000   211139.2507  6868160   39.84%
  56115 19394   231714.4332   193   350978.0000   211360.7673  6994275   39.78%
  56559 19791   302897.3978   203   350978.0000   211689.6698  7067925   39.69%
  57061 20388   305818.7042   182   350978.0000   211941.7302  7173651   39.61%
  57518 20702   293241.5352   187   350978.0000   212212.4615  7225715   39.54%
  58018 20949   270724.8866   135   350978.0000   212496.7378  7265433   39.46%
  58499 21597   339260.4550   172   350978.0000   212812.6398  7375009   39.37%
Starting limited solution polishing.
  58976 22046   340191.0586   172   350978.0000   213174.6849  7460047   39.26%
  59425 22415   308439.6035   177   350978.0000   213447.9818  7526122   39.18%
  59892 23051   251092.3325   153   350978.0000   213598.4785  7640192   39.14%
Elapsed time = 3307.03 sec. (524049.35 ticks, tree = 134.69 MB, solutions = 30)
  60297 23122   347074.7782   155   350978.0000   213638.2701  7650534   39.13%
  60569 23534   290694.4128   194   350978.0000   213864.3800  7726124   39.07%
  60769 23767   278079.3014   163   350978.0000   214092.5932  7769546   39.00%
  61053 23924   345028.2585   155   350978.0000   214347.6294  7795529   38.93%
  61345 24388   287923.8444   156   350978.0000   214360.0860  7875360   38.92%
  61719 24405   350904.5978   189   350978.0000   214424.2039  7877727   38.91%
  62105 24805   293791.5919   165   350978.0000   214854.2195  7940862   38.78%
  62292 25241   350384.6429   111   350978.0000   214887.3913  8028424   38.77%
  62669 25286   304414.9361   176   350978.0000   215002.0551  8038646   38.74%
  63005 25918   247887.1332   176   350978.0000   215334.5151  8140646   38.65%
Elapsed time = 3474.33 sec. (562316.01 ticks, tree = 147.69 MB, solutions = 30)
  63274 26016   314546.8000   118   350978.0000   215334.5151  8163528   38.65%
  63625 26511   283818.8120   168   350978.0000   215377.2574  8259333   38.64%
  63909 26738   299498.6250   141   350978.0000   215377.2574  8295961   38.64%
  64205 26834   339954.7153   158   350978.0000   215633.6729  8312238   38.56%
  64490 27185   320860.8539   219   350978.0000   215633.6729  8368843   38.56%
  64739 27550   285510.9660   176   350978.0000   215951.5945  8439479   38.47%
  65112 27946   334422.9936   184   350978.0000   215951.5945  8506343   38.47%
  65435 27594   290931.0225   206   350978.0000   215951.5945  8444109   38.47%

Implied bound cuts applied:  8
Zero-half cuts applied:  369
Lift and project cuts applied:  198

Root node processing (before b&c):
  Real time             =   32.92 sec. (11285.28 ticks)
Parallel b&c, 8 threads:
  Real time             = 3567.09 sec. (583475.89 ticks)
  Sync time (average)   =  635.61 sec.
  Wait time (average)   =    0.01 sec.
                          ------------
Total (root+branch&cut) = 3600.01 sec. (594761.17 ticks)
Status: Feasible
Obj: 350978

Instalacoes abertas:
Instalação 0 aberta
Instalação 1 aberta
Instalação 4 aberta
Instalação 8 aberta
Instalação 9 aberta
Instalação 13 aberta
Instalação 20 aberta
Instalação 22 aberta
Instalação 39 aberta
Instalação 47 aberta

Atribuições (cliente -> instalação):
Cliente 0 -> Instalação 0
Cliente 1 -> Instalação 1
Cliente 2 -> Instalação 9
Cliente 3 -> Instalação 39
Cliente 4 -> Instalação 4
Cliente 5 -> Instalação 8
Cliente 6 -> Instalação 9
Cliente 7 -> Instalação 4
Cliente 8 -> Instalação 20
Cliente 9 -> Instalação 13
Cliente 10 -> Instalação 13
Cliente 11 -> Instalação 22
Cliente 12 -> Instalação 13
Cliente 13 -> Instalação 4
Cliente 14 -> Instalação 4
Cliente 15 -> Instalação 1
Cliente 16 -> Instalação 20
Cliente 17 -> Instalação 1
Cliente 18 -> Instalação 4
Cliente 19 -> Instalação 0
Cliente 20 -> Instalação 20
Cliente 21 -> Instalação 47
Cliente 22 -> Instalação 22
Cliente 23 -> Instalação 47
Cliente 24 -> Instalação 4
Cliente 25 -> Instalação 13
Cliente 26 -> Instalação 8
Cliente 27 -> Instalação 22
Cliente 28 -> Instalação 47
Cliente 29 -> Instalação 20
Cliente 30 -> Instalação 13
Cliente 31 -> Instalação 22
Cliente 32 -> Instalação 0
Cliente 33 -> Instalação 39
Cliente 34 -> Instalação 9
Cliente 35 -> Instalação 47
Cliente 36 -> Instalação 0
Cliente 37 -> Instalação 9
Cliente 38 -> Instalação 47
Cliente 39 -> Instalação 20
Cliente 40 -> Instalação 9
Cliente 41 -> Instalação 8
Cliente 42 -> Instalação 9
Cliente 43 -> Instalação 0
Cliente 44 -> Instalação 4
Cliente 45 -> Instalação 8
Cliente 46 -> Instalação 20
Cliente 47 -> Instalação 9
Cliente 48 -> Instalação 8
Cliente 49 -> Instalação 1
