Version identifier: 22.1.1.0 | 2022-11-28 | 9160aff4d
CPXPARAM_TimeLimit                               3600
Tried aggregator 1 time.
MIP Presolve eliminated 50 rows and 1 columns.
Reduced MIP has 27000 rows, 3039 columns, and 80900 nonzeros.
Reduced MIP has 3039 binaries, 0 generals, 0 SOSs, and 0 indicators.
Presolve time = 0.04 sec. (39.33 ticks)
Found incumbent of value 2.1744484e+07 after 0.05 sec. (49.73 ticks)
Probing time = 0.01 sec. (6.11 ticks)
Tried aggregator 1 time.
Detecting symmetries...
Reduced MIP has 27000 rows, 3039 columns, and 80900 nonzeros.
Reduced MIP has 3039 binaries, 0 generals, 0 SOSs, and 0 indicators.
Presolve time = 0.05 sec. (47.33 ticks)
Probing time = 0.02 sec. (6.11 ticks)
Clique table members: 2500.
MIP emphasis: balance optimality and feasibility.
MIP search method: dynamic search.
Parallel mode: deterministic, using up to 8 threads.
Root relaxation solution time = 0.06 sec. (40.69 ticks)

        Nodes                                         Cuts/
   Node  Left     Objective  IInf  Best Integer    Best Bound    ItCnt     Gap

*     0+    0                       2.17445e+07        0.0000           100.00%
*     0+    0                       1.63132e+07        0.0000           100.00%
*     0+    0                      1058548.0000        0.0000           100.00%
*     0+    0                       842217.0000        0.0000           100.00%
      0     0    93774.0000   100   842217.0000    93774.0000      178   88.87%
*     0+    0                       556569.0000    93774.0000            83.15%
      0     0   106217.5000   100   556569.0000    Cuts: 1222      372   80.92%
      0     0   118774.0000    98   556569.0000    Cuts: 1206      601   78.66%
*     0+    0                       410260.0000   118774.0000            71.05%
      0     0   130482.7623   222   410260.0000 ZeroHalf: 499     1909   68.20%
*     0+    0                       406964.0000   130482.7623            67.94%
*     0+    0                       374469.0000   130482.7623            65.16%
      0     0  -1.00000e+75     0   374469.0000   130482.7623     1909   65.16%
*     0+    0                       313388.0000   130482.7623            58.36%
      0     0   136548.9733   192   313388.0000     Cuts: 473     2644   56.43%
      0     0   141166.2681   206   313388.0000     Cuts: 430     3132   54.95%
Detecting symmetries...
      0     0   144980.8259   214   313388.0000     Cuts: 297     3701   53.74%
      0     0   148448.1418   212   313388.0000     Cuts: 202     4074   52.63%
      0     0   150464.2349   205   313388.0000     Cuts: 231     4507   51.99%
      0     0   152571.8844   202   313388.0000     Cuts: 102     4933   51.32%
      0     0   154126.2130   180   313388.0000     Cuts: 209     5351   50.82%
      0     0   155400.5781   184   313388.0000     Cuts: 117     5673   50.41%
      0     0   156654.7061   204   313388.0000      Cuts: 82     6024   50.01%
      0     0   157371.0948   212   313388.0000      Cuts: 96     6309   49.78%
      0     0   157976.6282   216   313388.0000     Cuts: 128     6524   49.59%
      0     0   158578.2143   204   313388.0000      Cuts: 41     6741   49.40%
      0     0   159081.4404   195   313388.0000     Cuts: 176     6905   49.24%
      0     0   159754.7869   180   313388.0000      Cuts: 70     7126   49.02%
      0     0   160167.2770   187   313388.0000      Cuts: 90     7318   48.89%
      0     0   160507.1620   182   313388.0000      Cuts: 48     7498   48.78%
      0     0   160786.3650   178   313388.0000      Cuts: 60     7648   48.69%
      0     0   161062.5790   178   313388.0000      Cuts: 66     7811   48.61%
      0     0   161253.9614   181   313388.0000      Cuts: 56     7898   48.54%
      0     0   161814.4227   185   313388.0000      Cuts: 56     8149   48.37%
      0     0   162571.9998   199   313388.0000      Cuts: 57     8513   48.12%
      0     0   162861.9168   220   313388.0000      Cuts: 93     8665   48.03%
      0     0   163088.9041   205   313388.0000      Cuts: 56     8808   47.96%
      0     0   163452.3499   230   313388.0000      Cuts: 67     9014   47.84%
      0     0   163944.7799   222   313388.0000      Cuts: 96     9220   47.69%
      0     0   164288.8224   209   313388.0000     Cuts: 121     9388   47.58%
      0     0   164832.3327   175   313388.0000     Cuts: 146     9614   47.40%
      0     0   165436.7659   178   313388.0000      Cuts: 47     9823   47.21%
      0     0   165788.8223   179   313388.0000      Cuts: 45    10016   47.10%
      0     0   165900.3723   184   313388.0000      Cuts: 47    10126   47.06%
      0     0   166075.6116   183   313388.0000      Cuts: 39    10247   47.01%
      0     0   166236.0171   207   313388.0000      Cuts: 31    10325   46.96%
      0     0   166396.7519   183   313388.0000      Cuts: 29    10415   46.90%
      0     0   166491.2938   204   313388.0000      Cuts: 44    10494   46.87%
      0     0   166675.4813   200   313388.0000      Cuts: 23    10590   46.81%
      0     0   166789.4745   184   313388.0000      Cuts: 51    10698   46.78%
      0     0   166888.8863   201   313388.0000      Cuts: 22    10816   46.75%
      0     0   167005.5152   201   313388.0000      Cuts: 43    10927   46.71%
      0     0   167186.9349   204   313388.0000      Cuts: 48    11069   46.65%
      0     0   167355.7004   200   313388.0000      Cuts: 69    11169   46.60%
      0     0   167461.0680   198   313388.0000      Cuts: 75    11267   46.56%
      0     0   167552.1452   193   313388.0000      Cuts: 25    11370   46.54%
      0     0   167742.4652   189   313388.0000      Cuts: 52    11522   46.47%
      0     0   168004.5516   196   313388.0000      Cuts: 56    11693   46.39%
      0     0   168205.7718   196   313388.0000      Cuts: 48    11873   46.33%
      0     0   168381.3939   208   313388.0000      Cuts: 57    11994   46.27%
      0     0   168573.0146   191   313388.0000      Cuts: 77    12146   46.21%
      0     0   168818.8422   187   313388.0000      Cuts: 47    12315   46.13%
      0     0   168997.6573   208   313388.0000      Cuts: 64    12446   46.07%
      0     0   169206.2865   204   313388.0000      Cuts: 46    12599   46.01%
      0     0   169626.1076   203   313388.0000      Cuts: 96    12812   45.87%
      0     0   169881.3830   223   313388.0000      Cuts: 25    12900   45.79%
      0     0   170136.2943   227   313388.0000      Cuts: 47    13004   45.71%
      0     0   170304.2766   224   313388.0000      Cuts: 34    13106   45.66%
      0     0   170494.1671   225   313388.0000      Cuts: 50    13182   45.60%
      0     0   170613.1554   197   313388.0000      Cuts: 42    13259   45.56%
      0     0   170718.7481   175   313388.0000      Cuts: 38    13354   45.52%
      0     0   170821.0535   205   313388.0000      Cuts: 36    13430   45.49%
      0     0   170989.9180   203   313388.0000      Cuts: 24    13520   45.44%
      0     0   171369.5438   203   313388.0000      Cuts: 50    13667   45.32%
      0     0   171622.1598   201   313388.0000      Cuts: 29    13829   45.24%
      0     0   171816.2435   194   313388.0000      Cuts: 34    13937   45.17%
      0     0   171919.7549   187   313388.0000      Cuts: 25    13996   45.14%
Detecting symmetries...
      0     2   171919.7549   187   313388.0000   171919.7549    13996   45.14%
Elapsed time = 19.74 sec. (9444.70 ticks, tree = 0.02 MB, solutions = 9)
      4     6   184112.3230   157   313388.0000   171921.5269    14978   45.14%
     11     5   194750.1622   136   313388.0000   171921.5269    15279   45.14%
     24     8   196322.2891   135   313388.0000   172005.2198    15535   45.11%
     42    27   217699.8163   139   313388.0000   172005.2198    21579   45.11%
     71    52   216056.0000   120   313388.0000   172005.2198    30240   45.11%
    128    70   194522.0000   131   313388.0000   172005.2198    36538   45.11%
    217   144   256783.1250   115   313388.0000   172005.2198    49514   45.11%
    268   212   274250.5000    90   313388.0000   172005.2198    59467   45.11%
    330   230   223281.7813   148   313388.0000   172290.5304    63932   45.02%
    555   391   229485.9220   154   313388.0000   172715.4065    96787   44.89%
Elapsed time = 34.04 sec. (12615.58 ticks, tree = 2.83 MB, solutions = 9)
    773   570   179861.0619   168   313388.0000   172715.4065   126176   44.89%
    977   770   199410.6526   154   313388.0000   172715.4065   148089   44.89%
   1134   942   205029.6515   143   313388.0000   174658.4636   176039   44.27%
   1304  1037   288082.3333   100   313388.0000   174658.4636   190775   44.27%
   1582  1288   266968.3155   167   313388.0000   174658.4636   224340   44.27%

Performing restart 1

Repeating presolve.
Tried aggregator 1 time.
MIP Presolve eliminated 3639 rows and 267 columns.
Reduced MIP has 23361 rows, 2772 columns, and 69983 nonzeros.
Reduced MIP has 2772 binaries, 0 generals, 0 SOSs, and 0 indicators.
Presolve time = 0.04 sec. (36.29 ticks)
Tried aggregator 1 time.
Reduced MIP has 23361 rows, 2772 columns, and 69983 nonzeros.
Reduced MIP has 2772 binaries, 0 generals, 0 SOSs, and 0 indicators.
Presolve time = 0.05 sec. (42.13 ticks)
Represolve time = 0.13 sec. (119.97 ticks)
*  1662+    0                       312415.0000   174658.4636            44.09%
   1662     0   172566.3952   204   312415.0000      Cuts: 48   252840   44.09%
   1662     0   174041.1778   214   312415.0000      Cuts: 76   253355   44.09%
*  1662+    0                       312395.0000   174658.4636            44.09%
   1662     0   174644.9198   210   312395.0000      Cuts: 88   253613   44.09%
*  1662+    0                       311790.0000   174658.4636            43.98%
   1662     0   175591.3268   213   311790.0000      Cuts: 89   253916   43.68%
*  1662+    0                       307646.0000   175591.3268            42.92%
   1662     0   176372.1725   216   307646.0000      Cuts: 83   254212   42.67%
   1662     0   176890.2132   217   307646.0000      Cuts: 73   254435   42.50%
   1662     0   177461.9617   217   307646.0000      Cuts: 77   254652   42.32%
   1662     0   177863.3216   217   307646.0000      Cuts: 60   254796   42.19%
   1662     0   178112.2391   211   307646.0000      Cuts: 80   254928   42.10%
   1662     0   178339.5818   224   307646.0000      Cuts: 38   255075   42.03%
   1662     0   178866.0402   219   307646.0000      Cuts: 41   255339   41.86%
   1662     0   179293.9625   246   307646.0000      Cuts: 54   255582   41.72%
   1662     0   179486.5491   215   307646.0000      Cuts: 27   255696   41.66%
   1662     0   179673.1802   211   307646.0000      Cuts: 23   255789   41.60%
   1662     0   179862.8266   209   307646.0000      Cuts: 42   255933   41.54%
   1662     0   180032.8344   239   307646.0000      Cuts: 30   256019   41.48%
   1662     0   180166.8241   236   307646.0000      Cuts: 36   256088   41.44%
   1662     0   180216.4086   203   307646.0000      Cuts: 11   256125   41.42%
   1662     0   180391.7952   210   307646.0000      Cuts: 38   256269   41.36%
   1662     0   180519.3172   244   307646.0000      Cuts: 22   256382   41.32%
   1662     0   180654.0637   215   307646.0000      Cuts: 18   256456   41.28%
   1662     0   180804.4782   251   307646.0000      Cuts: 47   256562   41.23%
   1662     0   181098.2301   213   307646.0000   ZeroHalf: 9   256638   41.13%
   1662     0   181279.0450   203   307646.0000      Cuts: 32   256752   41.08%
   1662     0   181380.6407   195   307646.0000      Cuts: 19   256840   41.04%
   1662     0   181626.9385   206   307646.0000      Cuts: 37   256939   40.96%
   1662     0   181666.8396   223   307646.0000      Cuts: 23   256987   40.95%
   1662     0   181734.2702   211   307646.0000      Cuts: 20   257054   40.93%
   1662     0   181831.6419   235   307646.0000      Cuts: 21   257215   40.90%
   1662     0   181952.1536   210   307646.0000      Cuts: 31   257296   40.86%
   1662     0   182087.0010   210   307646.0000      Cuts: 16   257419   40.81%
   1662     0   182278.1867   212   307646.0000      Cuts: 31   257585   40.75%
   1662     0   182344.0445   212   307646.0000      Cuts: 12   257656   40.73%
   1662     0   182394.4293   214   307646.0000      Cuts: 23   257731   40.71%
   1662     0   182428.8269   209   307646.0000      Cuts: 16   257774   40.70%
   1662     0   182455.2369   211   307646.0000      Cuts: 16   257809   40.69%
   1662     0   182464.3139   211   307646.0000      Cuts: 14   257831   40.69%
   1662     0   182475.3080   213   307646.0000       Cuts: 7   257854   40.69%
   1662     2   182475.3080   213   307646.0000   182475.3080   257854   40.69%
   1664     4   182497.9470   213   307646.0000   182498.5330   258063   40.68%
   1666     4   189236.6816   209   307646.0000   182498.5330   259499   40.68%
   1669     8   182976.7365   239   307646.0000   182528.0008   261189   40.67%
   1674    11   194123.2666   190   307646.0000   182528.0008   264125   40.67%
Elapsed time = 116.68 sec. (38349.36 ticks, tree = 0.02 MB, solutions = 14)
   1687    15   191347.0426   211   307646.0000   182528.0008   267773   40.67%
   1701    21   204535.8985   196   307646.0000   182980.2045   271495   40.52%
   1714    34   197128.9273   210   307646.0000   182980.2045   275387   40.52%
   1732    59   208414.8088   165   307646.0000   182980.2045   283054   40.52%
   1780    77   219594.2408   162   307646.0000   182980.2045   286602   40.52%
   1843   137   224707.4805   154   307646.0000   182980.2045   296889   40.52%
   1913   212   227179.1882   158   307646.0000   182980.2045   319020   40.52%
   1973   239   278184.1873   152   307646.0000   182980.2045   325067   40.52%
   2055   311   210213.4406   144   307646.0000   182980.2045   337380   40.52%
   2108   367   213430.3340   158   307646.0000   182980.2045   344470   40.52%
Elapsed time = 175.22 sec. (48221.41 ticks, tree = 23.96 MB, solutions = 14)
   2164   456   215324.4988   181   307646.0000   182980.2045   359247   40.52%
   2228   492   225921.8224   146   307646.0000   182980.2045   366533   40.52%
   2298   539   289468.2333   147   307646.0000   182980.2045   370418   40.52%
   2375   619   246667.4542   159   307646.0000   182980.2045   381454   40.52%
   2469   635   247492.9815   124   307646.0000   182980.2045   383766   40.52%
   2579   734   246777.5956   143   307646.0000   182980.2045   393158   40.52%
   2674   753   237860.5966   143   307646.0000   182980.2045   395527   40.52%
   2764   841   220875.5824   153   307646.0000   182980.2045   402552   40.52%
   2864   984   250807.2916   163   307646.0000   182980.2045   422867   40.52%
   2995  1068   201724.3398   178   307646.0000   182980.2045   428791   40.52%
Elapsed time = 234.41 sec. (57843.37 ticks, tree = 143.53 MB, solutions = 14)
   3124  1103   271471.3487   159   307646.0000   182980.2045   431717   40.52%
   3269  1298   274190.0317   199   307646.0000   182980.2045   452711   40.52%
   3396  1483   266841.1435   183   307646.0000   182980.2045   471395   40.52%
   3509  1506        cutoff         307646.0000   182980.2045   472488   40.52%
   3641  1651   193008.7336   187   307646.0000   182980.2045   489392   40.52%
   3808  1747   292144.1023   175   307646.0000   182980.2045   495601   40.52%
   3943  1938   305812.1885   163   307646.0000   182980.2045   515251   40.52%
   4034  2045   232904.2918   205   307646.0000   182980.2045   529957   40.52%
   4164  2090   274271.9998   182   307646.0000   182980.2045   534466   40.52%
   4334  2193   245411.7922   187   307646.0000   182980.2045   548251   40.52%
Elapsed time = 294.90 sec. (67434.95 ticks, tree = 307.54 MB, solutions = 14)
   4473  2303   256620.0000    80   307646.0000   182980.2045   562805   40.52%
   4608  2452   274715.8910   179   307646.0000   182980.2045   573082   40.52%
   4779  2697   290304.7270   182   307646.0000   182980.2045   595263   40.52%
   4949  2687   303595.3279   185   307646.0000   182980.2045   593954   40.52%
   5131  2980   275822.1323   182   307646.0000   182980.2045   620874   40.52%
   5289  3149   278393.7857   151   307646.0000   182980.2045   631308   40.52%
   5450  3321   242257.7520   196   307646.0000   193275.4975   646791   37.18%
   5602  3556   249628.7577   188   307646.0000   193464.0938   670281   37.11%
   5789  3626   268632.6537   174   307646.0000   193464.0938   674180   37.11%
   5987  3640   249878.0321   180   307646.0000   193484.9379   678650   37.11%
Elapsed time = 351.95 sec. (77014.34 ticks, tree = 514.82 MB, solutions = 14)
   6183  4103   306021.2649   190   307646.0000   193504.5658   715432   37.10%
   6333  4046   230181.1891   213   307646.0000   193504.5658   712352   37.10%
   6469  4263   213203.8051   187   307646.0000   194163.4569   726948   36.89%
   6609  4509   271290.9784   161   307646.0000   194606.5436   764029   36.74%
   6776  4616   259364.9994   173   307646.0000   194606.5436   779836   36.74%
   6937  4801   294028.0917   176   307646.0000   194606.5436   797653   36.74%
   7144  4755   221365.9715   171   307646.0000   194606.5436   794225   36.74%
   7326  5089   230045.8877   171   307646.0000   195476.1493   827593   36.46%
   7477  5229   298369.2857   167   307646.0000   195723.8968   836367   36.38%
   7646  5281   271965.0618   184   307646.0000   195724.1340   841831   36.38%
Elapsed time = 412.23 sec. (86607.13 ticks, tree = 774.46 MB, solutions = 14)
   7808  5415   281305.7823   176   307646.0000   195963.9385   855951   36.30%
   8004  5696   252710.9332   185   307646.0000   195966.5761   882412   36.30%
   8169  5809   297222.7829   183   307646.0000   195966.5761   893132   36.30%
   8347  5917   248670.1808   166   307646.0000   195966.5761   905935   36.30%
   8528  6048   301678.2318   201   307646.0000   196271.0980   912670   36.20%
   8754  6424   294061.0671   182   307646.0000   196287.9719   952887   36.20%
   8976  6489   279971.2895   186   307646.0000   196287.9719   959039   36.20%
   9193  6760   298171.7262   179   307646.0000   196744.4491   984069   36.05%
   9409  7053   303494.0889   148   307646.0000   196828.7951  1001896   36.02%
   9550  7117   225952.7877   163   307646.0000   196828.7951  1006918   36.02%
Elapsed time = 470.76 sec. (96196.71 ticks, tree = 1039.08 MB, solutions = 14)
   9754  7245   280767.0323   154   307646.0000   196828.7951  1019536   36.02%
   9971  7549   294853.1562   158   307646.0000   197156.4884  1047467   35.91%
  10218  7691   217625.6284   210   307646.0000   197243.9917  1058839   35.89%
  10459  7794   292326.2034   178   307646.0000   197368.2049  1064219   35.85%
  10660  8203   301608.0214   168   307646.0000   197368.2049  1092883   35.85%
  10898  8408   261652.7250   165   307646.0000   197368.2049  1109979   35.85%
  11125  8520        cutoff         307646.0000   197469.8188  1116048   35.81%
  11291  8909   292610.2926   178   307646.0000   197487.0357  1146932   35.81%
  11424  9048   295925.4118   153   307646.0000   197496.7220  1159881   35.80%
  11580  9094   266226.4494   197   307646.0000   197768.2298  1168618   35.72%
Elapsed time = 529.85 sec. (105797.14 ticks, tree = 1294.17 MB, solutions = 14)
  11765  9270   268880.9448   169   307646.0000   197925.8520  1193059   35.66%
  11973  9330   258147.9998   182   307646.0000   198063.4839  1203395   35.62%
  12180  9547   296810.8218   161   307646.0000   198063.4839  1227079   35.62%
  12419  9892   267288.6349   188   307646.0000   198063.4839  1253245   35.62%
  12628 10030   277904.4082   159   307646.0000   198352.7293  1267390   35.53%
  12864 10013   260537.1941   186   307646.0000   198606.7750  1265637   35.44%
  13055 10413   228366.1901   181   307646.0000   198606.7750  1293834   35.44%
  13231 10696   296280.6752   186   307646.0000   198606.7750  1320919   35.44%
  13402 10569   251852.4168   195   307646.0000   198723.9239  1310306   35.41%
  14281 11556   266883.6298   162   307646.0000   198911.8021  1404061   35.34%
Elapsed time = 611.80 sec. (118241.22 ticks, tree = 1554.37 MB, solutions = 14)
  15116 12456   255690.4201   187   307646.0000   199344.1057  1476655   35.20%
  15873 12790   267675.9587   185   307646.0000   199843.4671  1514301   35.04%
  16505 13868   252748.0000   148   307646.0000   200147.0028  1624112   34.94%
  17186 14231   271743.3636   178   307646.0000   200543.9991  1664323   34.81%
  17851 14797   291969.9444   164   307646.0000   200737.6384  1717872   34.75%
  18665 15602   285213.4000   124   307646.0000   201175.1134  1799980   34.61%
  19397 16344   299165.9624   188   307646.0000   201299.3567  1870905   34.57%
  19996 16752   299634.3750   153   307646.0000   201701.3226  1920773   34.44%
  20742 17439   227230.1207   172   307646.0000   202174.7543  2004975   34.28%
  21483 18049   230199.0143   224   307646.0000   202558.4156  2067540   34.16%
Elapsed time = 855.18 sec. (156425.70 ticks, tree = 2212.24 MB, solutions = 14)
Nodefile size = 155.72 MB (98.10 MB after compression)
  22252 18947   303781.1581   196   307646.0000   203030.0027  2160146   34.01%
  23073 19775   283810.8292   149   307646.0000   203319.5051  2246750   33.91%
  23891 20281   295906.8068   148   307646.0000   203411.0546  2292716   33.88%
  24718 21240   263208.7509   184   307646.0000   203987.6156  2385216   33.69%
  25605 21606   304246.4912   159   307646.0000   204400.5968  2411063   33.56%
  26438 22468   239833.7168   159   307646.0000   204518.0971  2487338   33.52%
  27220 23688   223652.3715   221   307646.0000   204763.8456  2600183   33.44%
  28013 24407   280131.8169   156   307646.0000   205143.8244  2667637   33.32%
  28673 24825   223428.5534   170   307646.0000   205346.8943  2705983   33.25%
  29472 25726   242149.3660   172   307646.0000   205354.4389  2798325   33.25%
Elapsed time = 1089.17 sec. (194612.59 ticks, tree = 3221.31 MB, solutions = 14)
Nodefile size = 1159.52 MB (729.36 MB after compression)
  30234 26580   268875.3228   174   307646.0000   205451.1100  2874564   33.22%
  31013 27100   281916.4198   201   307646.0000   205992.9852  2929086   33.04%
  31796 28023   287345.6500   142   307646.0000   206421.1869  3029505   32.90%
  32531 28346   306450.9444   109   307646.0000   206423.0663  3062589   32.90%
  33048 28989   306081.0278   146   307646.0000   206672.7395  3130028   32.82%
  33580 29509   290740.3761   162   307646.0000   206724.7821  3192044   32.80%
  33983 29709   291267.4365   149   307646.0000   206724.7821  3211321   32.80%

Performing restart 2

Repeating presolve.
Tried aggregator 1 time.
MIP Presolve eliminated 472 rows and 43 columns.
Reduced MIP has 22889 rows, 2729 columns, and 88774 nonzeros.
Reduced MIP has 2729 binaries, 0 generals, 0 SOSs, and 0 indicators.
Presolve time = 0.10 sec. (109.29 ticks)
Tried aggregator 1 time.
Reduced MIP has 22889 rows, 2729 columns, and 88774 nonzeros.
Reduced MIP has 2729 binaries, 0 generals, 0 SOSs, and 0 indicators.
Presolve time = 0.07 sec. (65.59 ticks)
Represolve time = 0.25 sec. (230.13 ticks)
  34005     0   183453.8094   259   307646.0000      Cuts: 33  3279848   32.61%
  34005     0   183716.9751   245   307646.0000      Cuts: 29  3280031   32.61%
  34005     0   184034.4987   246   307646.0000      Cuts: 46  3280170   32.61%
  34005     0   184300.1411   210   307646.0000      Cuts: 54  3280310   32.61%
  34005     0   184410.3064   205   307646.0000      Cuts: 54  3280411   32.61%
  34005     0   184631.0389   204   307646.0000      Cuts: 55  3280557   32.61%
  34005     0   184765.2623   206   307646.0000      Cuts: 59  3280663   32.61%
  34005     0   185058.7905   242   307646.0000      Cuts: 44  3280814   32.61%
  34005     0   185290.3048   241   307646.0000      Cuts: 64  3280982   32.61%
  34005     2   185290.3048   241   307646.0000   207316.0888  3280982   32.61%
  34023    14   196586.6130   178   307646.0000   207316.0888  3286181   32.61%
  34057    39   211354.7391   171   307646.0000   207316.0888  3299397   32.61%
Elapsed time = 1296.96 sec. (241199.92 ticks, tree = 0.41 MB, solutions = 14)
  34184   130   301036.0000   124   307646.0000   207316.0888  3326716   32.61%
  34420   307   293225.0526   115   307646.0000   207316.0888  3367577   32.61%
  34763   549   291703.5667   121   307646.0000   207316.0888  3422189   32.61%
  35195   866   227731.0970   211   307646.0000   207316.0888  3487531   32.61%
  35548  1195   264082.9338   222   307646.0000   207316.0888  3544425   32.61%
  35805  1516   236332.6344   216   307646.0000   207316.0888  3593655   32.61%
  36166  1799   287123.6667   169   307646.0000   207316.0888  3641356   32.61%
  36676  2227   293048.0794   152   307646.0000   207316.0888  3715983   32.61%
  37242  2709   282923.6286   138   307646.0000   207316.0888  3771281   32.61%
  37834  3213   276626.2500   107   307646.0000   207316.0888  3833919   32.61%
Elapsed time = 1530.07 sec. (279534.99 ticks, tree = 131.11 MB, solutions = 14)
  38430  3689   240510.9259   231   307646.0000   207316.0888  3896245   32.61%
  39091  4422   267745.0412   145   307646.0000   207316.0888  3983123   32.61%
  39738  4946   292292.9392   171   307646.0000   207316.0888  4034218   32.61%
  40470  5743   304947.3333   144   307646.0000   207316.0888  4114221   32.61%
  41162  6102   270967.5809   173   307646.0000   207316.0888  4152190   32.61%
  41835  6936   265456.6301   179   307646.0000   207316.0888  4243616   32.61%
  42470  7318   271433.1562   142   307646.0000   207316.0888  4289204   32.61%
  43192  8059   279117.3801   191   307646.0000   207316.0888  4365518   32.61%
  43828  8642   275600.3646   198   307646.0000   207316.0888  4425092   32.61%
  44505  9205   265151.5989   178   307646.0000   208000.2610  4497559   32.39%
Elapsed time = 1763.51 sec. (317749.76 ticks, tree = 759.27 MB, solutions = 14)
  45277  9823   290168.6875   165   307646.0000   208301.8885  4561690   32.29%
  46007 10461   282649.5224   153   307646.0000   209310.3698  4620401   31.96%
  46686 11456   233111.6314   206   307646.0000   209711.7602  4728565   31.83%
  47472 11888   298252.0696   174   307646.0000   210378.3670  4781649   31.62%
  48100 12374   297912.6979   181   307646.0000   211206.4705  4833424   31.35%
  48794 13022   236695.3936   239   307646.0000   211428.6385  4914578   31.28%
  49370 13730   287560.6212   165   307646.0000   211857.4818  4991865   31.14%
  49918 14171   260549.4763   196   307646.0000   212149.1584  5053632   31.04%
  50427 14673   285231.9696   181   307646.0000   212173.7793  5114774   31.03%
  51141 15378   288263.7425   212   307646.0000   212690.6047  5197881   30.87%
Elapsed time = 1978.46 sec. (355948.68 ticks, tree = 1469.67 MB, solutions = 14)
  51759 15846   307042.4322   126   307646.0000   212951.1669  5250095   30.78%
  52380 16266   252404.4623   186   307646.0000   213008.1548  5300416   30.76%
  53124 16829        cutoff         307646.0000   213778.1981  5370399   30.51%
  53735 17457   253261.1809   178   307646.0000   213926.2168  5447052   30.46%
  54371 18121   275248.3678   192   307646.0000   214099.0472  5523097   30.41%
  55058 18818   257926.2578   195   307646.0000   214250.8407  5611272   30.36%
  55612 19197   229263.5126   193   307646.0000   214783.4620  5664169   30.18%
  56161 19715   269531.3063   211   307646.0000   215112.8166  5742260   30.08%
  56815 20281   250398.5801   229   307646.0000   215234.0734  5824088   30.04%
  57438 20862   290312.2857    95   307646.0000   215529.3139  5899863   29.94%
Elapsed time = 2206.16 sec. (394147.43 ticks, tree = 2069.26 MB, solutions = 14)
Nodefile size = 8.46 MB (5.30 MB after compression)
  58066 21746   274416.3658   195   307646.0000   215764.2812  6009353   29.87%
  58734 21977   284847.3553   150   307646.0000   216219.9303  6038645   29.72%
  59400 22791   305824.8333   134   307646.0000   216555.9533  6139636   29.61%
  60023 23217   266220.4967   214   307646.0000   216751.9362  6199329   29.55%
  60629 23626   292751.1759   195   307646.0000   217201.6236  6242511   29.40%
  61301 24458   274509.3299   174   307646.0000   217539.1601  6354636   29.29%
  61988 24825   295994.2059   140   307646.0000   217712.9202  6403376   29.23%
  62577 25425   270218.6531   129   307646.0000   217946.7726  6474084   29.16%
  63183 25953   256207.4021   160   307646.0000   218067.8840  6547218   29.12%
  63785 26460   305884.2269   178   307646.0000   218281.8286  6613862   29.05%
Elapsed time = 2435.36 sec. (432354.11 ticks, tree = 2691.89 MB, solutions = 14)
Nodefile size = 635.95 MB (396.54 MB after compression)
  64437 27023   279218.1633   189   307646.0000   218379.7641  6697578   29.02%
  65131 27710        cutoff         307646.0000   218605.9081  6782890   28.94%
  65679 28393   266338.3750   125   307646.0000   219032.7861  6873437   28.80%
  66157 28838   280564.3375   130   307646.0000   219117.6951  6930107   28.78%
  66707 29005   281484.3252   177   307646.0000   219363.4106  6949921   28.70%
  67347 29858   299564.5000    62   307646.0000   219535.6701  7054314   28.64%
  68006 30241        cutoff         307646.0000   219697.1594  7108542   28.59%
  68662 30555   266230.3733   175   307646.0000   219990.9804  7150531   28.49%
  69279 31673   293075.4444   109   307646.0000   220269.8091  7284708   28.40%
  69996 32147   286323.2143   113   307646.0000   220456.5625  7346450   28.34%
Elapsed time = 2657.39 sec. (470558.55 ticks, tree = 3369.50 MB, solutions = 14)
Nodefile size = 1310.47 MB (815.59 MB after compression)
  70671 32719   305679.4180   157   307646.0000   220674.5220  7412116   28.27%
  71309 33304   293635.8268   165   307646.0000   220945.2434  7477536   28.18%
  72015 33522   263557.8783   199   307646.0000   221230.5606  7508984   28.09%
  72614 34504   278513.5690   179   307646.0000   221376.8313  7632612   28.04%
  73194 35237   266908.5484   146   307646.0000   221582.8188  7721632   27.97%
  73769 35678   298630.1515   136   307646.0000   221681.6198  7771765   27.94%
  74413 36030   302916.3451   148   307646.0000   221976.6189  7811122   27.85%
  74947 36270   287675.9138   157   307646.0000   222071.6152  7846944   27.82%
  75557 36537   261782.1889   180   307646.0000   222257.4059  7886500   27.76%
  76211 37756   290903.4832   177   307646.0000   222633.8124  8024524   27.63%
Elapsed time = 2870.76 sec. (508743.82 ticks, tree = 3957.92 MB, solutions = 14)
Nodefile size = 1890.87 MB (1174.96 MB after compression)
  76871 38005   240822.2977   177   307646.0000   222832.2215  8058633   27.57%
  77496 38783   305330.3619   142   307646.0000   222965.6374  8153656   27.53%
  78059 39704   278798.2872   155   307646.0000   223296.0276  8275644   27.42%
  78694 39544   280260.6226   108   307646.0000   223446.9351  8260352   27.37%
  79305 40626   305941.5284   150   307646.0000   223665.6584  8408477   27.30%
  79979 40780   289166.3718   157   307646.0000   223926.9175  8430735   27.21%
  80618 41337   290815.4848   131   307646.0000   223974.0046  8507379   27.20%
  81284 41675   247339.8107   160   307646.0000   224198.2869  8551366   27.12%
  81944 42746   247193.5709   189   307646.0000   224367.8215  8685593   27.07%
  82471 43515   269989.6768   165   307646.0000   224513.8829  8773886   27.02%
Elapsed time = 3103.59 sec. (546942.71 ticks, tree = 4746.96 MB, solutions = 14)
Nodefile size = 2686.79 MB (1667.71 MB after compression)
  83080 43916   250726.7477   187   307646.0000   224658.2400  8827088   26.98%
  83742 44727   301230.7000   103   307646.0000   224703.3391  8937883   26.96%
  84435 44809   243834.0077   194   307646.0000   224804.2591  8947022   26.93%
  85110 45418   255961.4872   159   307646.0000   225049.9641  9016067   26.85%
  85796 45752   291731.6945   162   307646.0000   225096.1324  9064583   26.83%
Starting limited solution polishing.
  86461 46703   281041.0863   148   307646.0000   225225.0411  9175017   26.79%
  87109 47151   283592.3077   136   307646.0000   225365.3457  9230847   26.75%
  87654 47952   291004.7679   134   307646.0000   225491.6256  9323808   26.70%
  88156 48512   263885.3153   150   307646.0000   225638.4327  9396421   26.66%
  88645 48588   289097.0940   168   307646.0000   225679.8898  9406510   26.64%
Elapsed time = 3313.50 sec. (585134.45 ticks, tree = 5316.45 MB, solutions = 14)
Nodefile size = 3244.46 MB (2013.01 MB after compression)
  88993 49464   301526.8333    63   307646.0000   225715.7670  9502565   26.63%
  89493 49373        cutoff         307646.0000   225836.3754  9500060   26.59%
  89782 49772   295947.4402   139   307646.0000   225870.9712  9543342   26.58%
  90315 50258   234988.3769   169   307646.0000   225942.7312  9597220   26.56%
* 90413+49999                       306030.0000   225955.9711            26.17%
  90656 49903   291821.6000   106   306030.0000   225977.5000  9650349   26.16%
* 90998+50536                       302926.0000   226045.9503            25.38%
  91085 50199   288991.6336   142   302926.0000   226045.9503  9690053   25.38%
  91580 50298   296036.3201   156   302926.0000   226208.5000  9697371   25.33%
* 91864+47714                       302685.0000   226214.8333            25.26%
* 92032+47714                       301804.0000   226214.8333            25.05%
  92099 47868   301689.9476   159   301804.0000   226227.0854  9800133   25.04%
* 92482+46863                       296568.0000   226319.6196            23.69%
  92576 47058   270365.3173   175   296568.0000   226319.6196  9859347   23.69%
* 92603+47912                       293210.0000   226319.6196            22.81%
  92911 37899   244792.8764   182   293210.0000   226480.8385  9914860   22.76%
Elapsed time = 3453.66 sec. (623372.56 ticks, tree = 4092.40 MB, solutions = 25)
Nodefile size = 2029.71 MB (1255.86 MB after compression)
* 92996+38006                       291930.0000   226536.2309            22.40%
  93255 37996   259943.8154   175   291930.0000   226536.2309  9931953   22.40%
  93493 36966   291802.1900   177   291930.0000   226574.7830  9967813   22.39%
  93923 37116   237107.3195   188   291930.0000   226680.1844  9998926   22.35%
* 94158+37320                       291174.0000   226685.8471            22.15%
  94318 37024   240586.0928   137   291174.0000   226685.8471 10080324   22.15%
  94761 37447   286194.0000   158   291174.0000   226875.4942 10151754   22.08%
  95205 37573   265847.6868   224   291174.0000   226950.7839 10168736   22.06%
  95540 38058   259983.2003   205   291174.0000   226950.7839 10246163   22.06%
* 95840+37749                       283761.0000   227150.3650            19.95%
  95946 38288        cutoff         283761.0000   227159.6213 10280449   19.95%
  96270 31445   280256.0767   145   283761.0000   227316.0679 10336531   19.89%
  96687 31627   279120.6818   139   283761.0000   227378.6599 10366337   19.87%
Elapsed time = 3602.07 sec. (661621.91 ticks, tree = 3376.00 MB, solutions = 29)
Nodefile size = 1303.04 MB (804.68 MB after compression)
  96718 31487   261236.1311   157   283761.0000   227378.6599 10345740   19.87%

Implied bound cuts applied:  3
Zero-half cuts applied:  434
Lift and project cuts applied:  250

Root node processing (before b&c):
  Real time             =   19.70 sec. (9402.93 ticks)
Parallel b&c, 8 threads:
  Real time             = 3582.38 sec. (657880.41 ticks)
  Sync time (average)   =  504.96 sec.
  Wait time (average)   =    0.01 sec.
                          ------------
Total (root+branch&cut) = 3602.07 sec. (667283.34 ticks)
Status: Feasible
Obj: 283761

Instalacoes abertas:
Instalação 1 aberta
Instalação 4 aberta
Instalação 8 aberta
Instalação 9 aberta
Instalação 13 aberta
Instalação 20 aberta
Instalação 22 aberta
Instalação 47 aberta

Atribuições (cliente -> instalação):
Cliente 0 -> Instalação 47
Cliente 1 -> Instalação 1
Cliente 2 -> Instalação 8
Cliente 3 -> Instalação 9
Cliente 4 -> Instalação 8
Cliente 5 -> Instalação 13
Cliente 6 -> Instalação 4
Cliente 7 -> Instalação 20
Cliente 8 -> Instalação 20
Cliente 9 -> Instalação 4
Cliente 10 -> Instalação 22
Cliente 11 -> Instalação 13
Cliente 12 -> Instalação 4
Cliente 13 -> Instalação 47
Cliente 14 -> Instalação 9
Cliente 15 -> Instalação 47
Cliente 16 -> Instalação 8
Cliente 17 -> Instalação 4
Cliente 18 -> Instalação 9
Cliente 19 -> Instalação 9
Cliente 20 -> Instalação 1
Cliente 21 -> Instalação 4
Cliente 22 -> Instalação 47
Cliente 23 -> Instalação 20
Cliente 24 -> Instalação 9
Cliente 25 -> Instalação 47
Cliente 26 -> Instalação 47
Cliente 27 -> Instalação 1
Cliente 28 -> Instalação 22
Cliente 29 -> Instalação 4
Cliente 30 -> Instalação 4
Cliente 31 -> Instalação 22
Cliente 32 -> Instalação 47
Cliente 33 -> Instalação 20
Cliente 34 -> Instalação 9
Cliente 35 -> Instalação 9
Cliente 36 -> Instalação 9
Cliente 37 -> Instalação 22
Cliente 38 -> Instalação 4
Cliente 39 -> Instalação 13
Cliente 40 -> Instalação 20
Cliente 41 -> Instalação 9
Cliente 42 -> Instalação 1
Cliente 43 -> Instalação 9
Cliente 44 -> Instalação 8
Cliente 45 -> Instalação 8
Cliente 46 -> Instalação 4
Cliente 47 -> Instalação 47
Cliente 48 -> Instalação 13
Cliente 49 -> Instalação 20
