Version identifier: 22.1.1.0 | 2022-11-28 | 9160aff4d
CPXPARAM_TimeLimit                               3600
Found incumbent of value 2569529.000000 after 0.00 sec. (3.71 ticks)
Tried aggregator 1 time.
MIP Presolve eliminated 50 rows and 1 columns.
Reduced MIP has 57650 rows, 3652 columns, and 172850 nonzeros.
Reduced MIP has 3652 binaries, 0 generals, 0 SOSs, and 0 indicators.
Presolve time = 0.09 sec. (75.97 ticks)
Probing time = 0.03 sec. (8.41 ticks)
Tried aggregator 1 time.
Detecting symmetries...
Reduced MIP has 57650 rows, 3652 columns, and 172850 nonzeros.
Reduced MIP has 3652 binaries, 0 generals, 0 SOSs, and 0 indicators.
Presolve time = 0.12 sec. (92.54 ticks)
Probing time = 0.04 sec. (8.51 ticks)
Clique table members: 2500.
MIP emphasis: balance optimality and feasibility.
MIP search method: dynamic search.
Parallel mode: deterministic, using up to 8 threads.
Root relaxation solution time = 0.14 sec. (84.73 ticks)

        Nodes                                         Cuts/
   Node  Left     Objective  IInf  Best Integer    Best Bound    ItCnt     Gap

*     0+    0                      2569529.0000        0.0000           100.00%
*     0+    0                      2223517.0000        0.0000           100.00%
*     0+    0                      2151677.0000        0.0000           100.00%
      0     0    93774.0000   100  2151677.0000    93774.0000      175   95.64%
      0     0   106217.5000   100  2151677.0000    Cuts: 2906      471   95.06%
      0     0   118774.0000    98  2151677.0000    Cuts: 2759      866   94.48%
      0     0   131217.5000    98  2151677.0000    Cuts: 1263     2081   93.90%
*     0+    0                      2150858.0000   131217.5000            93.90%
*     0+    0                      1927335.0000   131217.5000            93.19%
*     0+    0                      1835215.0000   131217.5000            92.85%
*     0+    0                      1494011.0000   131217.5000            91.22%
*     0+    0                      1465638.0000   131217.5000            91.05%
      0     0  -1.00000e+75     0  1465638.0000   131217.5000     2081   91.05%
*     0+    0                      1291047.0000   131217.5000            89.84%
      0     0   136479.7703   177  1291047.0000 ZeroHalf: 1174     3057   89.43%
      0     0   146328.4881   204  1291047.0000     Cuts: 989     4371   88.67%
Detecting symmetries...
      0     0   154939.3335   234  1291047.0000     Cuts: 520     5254   88.00%
      0     0   160258.2043   211  1291047.0000     Cuts: 852     6127   87.59%
      0     0   165129.9802   197  1291047.0000     Cuts: 503     6753   87.21%
      0     0   169542.4823   199  1291047.0000     Cuts: 512     7337   86.87%
      0     0   172556.5520   192  1291047.0000     Cuts: 153     7841   86.63%
      0     0   175885.9059   210  1291047.0000     Cuts: 362     8524   86.38%
*     0+    0                       988180.0000   175885.9059            82.20%
      0     0   178487.3612   187   988180.0000     Cuts: 457     9139   81.94%
      0     0   180123.5929   199   988180.0000     Cuts: 255     9699   81.77%
      0     0   181598.9303   201   988180.0000     Cuts: 184    10158   81.62%
      0     0   182812.4082   220   988180.0000     Cuts: 138    10550   81.50%
      0     0   184152.9522   199   988180.0000     Cuts: 114    11030   81.36%
      0     0   185338.0873   200   988180.0000     Cuts: 188    11534   81.24%
      0     0   187017.9729   199   988180.0000     Cuts: 163    12071   81.07%
*     0+    0                       955993.0000   187017.9729            80.44%
      0     0   188586.5313   198   955993.0000     Cuts: 209    12671   80.27%
      0     0   190354.0134   223   955993.0000     Cuts: 141    13219   80.09%
      0     0   191785.6237   233   955993.0000     Cuts: 109    13635   79.94%
      0     0   193335.2690   222   955993.0000     Cuts: 169    14014   79.78%
      0     0   194766.0461   221   955993.0000     Cuts: 117    14410   79.63%
      0     0   195790.9424   201   955993.0000     Cuts: 201    14852   79.52%
      0     0   196621.3962   204   955993.0000     Cuts: 121    15195   79.43%
      0     0   197640.8977   203   955993.0000      Cuts: 97    15614   79.33%
      0     0   198726.5897   223   955993.0000      Cuts: 76    16051   79.21%
      0     0   199514.0837   220   955993.0000     Cuts: 114    16352   79.13%
      0     0   200391.6128   241   955993.0000     Cuts: 236    16855   79.04%
      0     0   201425.4360   235   955993.0000     Cuts: 108    17202   78.93%
      0     0   202191.1073   207   955993.0000     Cuts: 101    17566   78.85%
      0     0   202816.9830   219   955993.0000     Cuts: 105    17866   78.78%
      0     0   203216.7595   200   955993.0000      Cuts: 95    18065   78.74%
      0     0   203653.4733   203   955993.0000  ZeroHalf: 30    18297   78.70%
      0     0   204082.1861   227   955993.0000      Cuts: 54    18530   78.65%
      0     0   204558.6715   205   955993.0000     Cuts: 114    18829   78.60%
      0     0   205373.0071   209   955993.0000      Cuts: 52    19116   78.52%
      0     0   206112.8369   219   955993.0000      Cuts: 61    19460   78.44%
      0     0   206658.3060   209   955993.0000     Cuts: 139    19813   78.38%
      0     0   206948.0429   215   955993.0000     Cuts: 152    20016   78.35%
      0     0   207441.6410   219   955993.0000      Cuts: 37    20244   78.30%
      0     0   207884.0293   228   955993.0000     Cuts: 158    20521   78.25%
      0     0   208480.1504   221   955993.0000      Cuts: 71    20865   78.19%
      0     0   208903.5575   228   955993.0000      Cuts: 78    21139   78.15%
      0     0   209362.2555   198   955993.0000     Cuts: 127    21408   78.10%
      0     0   209875.9334   225   955993.0000  ZeroHalf: 41    21640   78.05%
      0     0   210362.8745   213   955993.0000      Cuts: 93    21946   78.00%
      0     0   210679.7981   211   955993.0000  ZeroHalf: 43    22125   77.96%
      0     0   211090.2691   213   955993.0000      Cuts: 74    22369   77.92%
      0     0   211588.7969   229   955993.0000     Cuts: 150    22668   77.87%
      0     0   212143.3924   230   955993.0000      Cuts: 57    22894   77.81%
      0     0   212592.0014   224   955993.0000  ZeroHalf: 50    23159   77.76%
      0     0   213236.0657   223   955993.0000     Cuts: 164    23525   77.69%
      0     0   213671.6046   223   955993.0000      Cuts: 57    23789   77.65%
      0     0   214063.7280   230   955993.0000     Cuts: 135    24066   77.61%
      0     0   214494.3394   233   955993.0000      Cuts: 93    24463   77.56%
      0     0   214801.8651   219   955993.0000      Cuts: 59    24697   77.53%
      0     0   215032.0738   230   955993.0000      Cuts: 63    24880   77.51%
      0     0   215426.6585   232   955993.0000      Cuts: 45    25190   77.47%
      0     0   215675.0858   233   955993.0000  ZeroHalf: 56    25405   77.44%
      0     0   215941.8703   226   955993.0000  ZeroHalf: 33    25627   77.41%
      0     0   216346.4297   223   955993.0000      Cuts: 91    25921   77.37%
      0     0   216824.5239   225   955993.0000      Cuts: 70    26180   77.32%
      0     0   217188.2871   225   955993.0000      Cuts: 87    26464   77.28%
      0     0   217464.0558   248   955993.0000      Cuts: 92    26760   77.25%
      0     0   217563.3558   263   955993.0000      Cuts: 34    26898   77.24%
      0     0   217762.0262   225   955993.0000     Cuts: 138    27104   77.22%
      0     0   217969.9273   239   955993.0000      Cuts: 58    27351   77.20%
      0     0   218102.0367   232   955993.0000      Cuts: 34    27473   77.19%
*     0+    0                       941943.0000   218102.0367            76.85%
*     0+    0                       921556.0000   218102.0367            76.33%
      0     0  -1.00000e+75     0   921556.0000   218102.0367    27473   76.33%
Detecting symmetries...
      0     2   218102.0367   232   921556.0000   218102.0367    27473   76.33%
Elapsed time = 51.32 sec. (34752.88 ticks, tree = 0.02 MB, solutions = 13)
      1     3   247010.5492   184   921556.0000   218102.1016    27884   76.33%
      5     7   218392.0765   220   921556.0000   218143.4786    28387   76.33%
     11    12   244056.5385   188   921556.0000   218243.3652    30556   76.32%
     17    15   220502.4701   216   921556.0000   218243.3652    31480   76.32%
     22    18   273969.3695   203   921556.0000   218243.3652    32147   76.32%
     25    25   272745.3762   176   921556.0000   218243.3652    34977   76.32%
     35    29   249664.6668   187   921556.0000   218243.3652    37560   76.32%
     39    33   331785.1486   143   921556.0000   218243.3652    38892   76.32%
     52    38   374140.6667   141   921556.0000   218243.3652    39472   76.32%
    110    94   255091.7923   189   921556.0000   218637.8414    54975   76.28%
Elapsed time = 81.89 sec. (38120.99 ticks, tree = 10.58 MB, solutions = 13)
    169   130   290098.4704   174   921556.0000   218637.8414    66507   76.28%
    240   197   510765.2500    95   921556.0000   218637.8414    81660   76.28%
    350   310   506094.5000    78   921556.0000   218637.8414    98880   76.28%
    527   404   773443.0000    47   921556.0000   218637.8414   106908   76.28%
    654   543   773683.3333    70   921556.0000   218637.8414   118021   76.28%
    776   640   859213.5000    28   921556.0000   218637.8414   127440   76.28%
    884   805   884846.0000    40   921556.0000   218637.8414   142956   76.28%
    961   829   271218.6909   194   921556.0000   218637.8414   148555   76.28%
   1039   946   454195.9167   140   921556.0000   221047.2413   170279   76.01%
   1122  1018   364523.8836   156   921556.0000   221047.2413   182703   76.01%
Elapsed time = 172.08 sec. (47765.19 ticks, tree = 98.29 MB, solutions = 13)
   1232  1123   748350.5000    58   921556.0000   221047.2413   195370   76.01%
   1385  1179   820337.0000    48   921556.0000   221047.2413   199348   76.01%
   1507  1312   284264.0201   196   921556.0000   221049.2604   214279   76.01%
   1614  1475   343932.1677   135   921556.0000   221049.2604   233712   76.01%
   1689  1480   301139.6738   208   921556.0000   221049.2604   233575   76.01%

Performing restart 1

Repeating presolve.
Tried aggregator 1 time.
MIP Presolve eliminated 613 rows and 16 columns.
Reduced MIP has 57037 rows, 3636 columns, and 171011 nonzeros.
Reduced MIP has 3636 binaries, 0 generals, 0 SOSs, and 0 indicators.
Presolve time = 0.08 sec. (77.53 ticks)
Tried aggregator 1 time.
Reduced MIP has 57037 rows, 3636 columns, and 171011 nonzeros.
Reduced MIP has 3636 binaries, 0 generals, 0 SOSs, and 0 indicators.
Presolve time = 0.10 sec. (94.74 ticks)
Represolve time = 0.28 sec. (247.32 ticks)
*  1692+    0                       914040.0000   221049.2604            75.82%
   1692     0   218387.4989   235   914040.0000      Cuts: 97   255791   75.82%
   1692     0   218910.4649   226   914040.0000     Cuts: 107   256073   75.82%
   1692     0   219363.3853   227   914040.0000     Cuts: 115   256343   75.82%
*  1692+    0                       913403.0000   221049.2604            75.80%
*  1692+    0                       912917.0000   221049.2604            75.79%
   1692     0  -1.00000e+75     0   912917.0000   221049.2604   256343   75.79%
   1692     0   219897.7979   230   912917.0000     Cuts: 140   256639   75.79%
   1692     0   220463.4023   234   912917.0000     Cuts: 112   256939   75.79%
   1692     0   221146.9873   236   912917.0000     Cuts: 174   257329   75.78%
   1692     0   221574.6101   240   912917.0000     Cuts: 149   257642   75.73%
   1692     0   222000.3695   238   912917.0000     Cuts: 119   257933   75.68%
   1692     0   222345.6562   235   912917.0000     Cuts: 117   258176   75.64%
   1692     0   222648.1330   235   912917.0000     Cuts: 106   258425   75.61%
   1692     0   222872.2315   225   912917.0000      Cuts: 96   258654   75.59%
   1692     0   223419.1971   229   912917.0000      Cuts: 65   258991   75.53%
   1692     0   223799.1127   231   912917.0000     Cuts: 118   259259   75.49%
   1692     0   224121.4025   221   912917.0000      Cuts: 54   259474   75.45%
   1692     0   224431.4202   214   912917.0000      Cuts: 49   259702   75.42%
   1692     0   224829.9866   231   912917.0000     Cuts: 130   260063   75.37%
   1692     0   225098.2228   230   912917.0000      Cuts: 78   260303   75.34%
   1692     0   225361.4062   227   912917.0000     Cuts: 108   260549   75.31%
   1692     0   225631.0187   219   912917.0000      Cuts: 78   260754   75.28%
   1692     0   225923.8293   221   912917.0000      Cuts: 58   261010   75.25%
   1692     0   226244.8670   224   912917.0000      Cuts: 77   261300   75.22%
   1692     0   226710.8486   236   912917.0000      Cuts: 92   261636   75.17%
   1692     0   226955.4206   234   912917.0000      Cuts: 56   261867   75.14%
   1692     0   227183.4739   230   912917.0000      Cuts: 32   262058   75.11%
   1692     0   227609.8172   214   912917.0000      Cuts: 85   262295   75.07%
   1692     0   227879.2091   226   912917.0000      Cuts: 95   262604   75.04%
   1692     0   228125.6828   230   912917.0000      Cuts: 57   262844   75.01%
   1692     0   228288.0079   240   912917.0000     Cuts: 102   263035   74.99%
   1692     0   228519.1487   229   912917.0000      Cuts: 46   263195   74.97%
   1692     0   228779.6524   236   912917.0000      Cuts: 66   263431   74.94%
   1692     0   229247.7308   235   912917.0000      Cuts: 53   263777   74.89%
   1692     0   229565.4827   230   912917.0000     Cuts: 113   264006   74.85%
   1692     0   229821.6359   225   912917.0000      Cuts: 37   264177   74.83%
   1692     0   230092.4709   238   912917.0000      Cuts: 74   264418   74.80%
   1692     0   230331.9101   228   912917.0000      Cuts: 41   264646   74.77%
   1692     0   230542.7670   234   912917.0000      Cuts: 99   264882   74.75%
   1692     0   230753.9587   231   912917.0000      Cuts: 43   265114   74.72%
   1692     0   230976.2001   231   912917.0000      Cuts: 60   265346   74.70%
   1692     0   231164.3846   227   912917.0000      Cuts: 42   265554   74.68%
   1692     0   231341.2432   231   912917.0000      Cuts: 51   265758   74.66%
   1692     0   231632.4044   229   912917.0000      Cuts: 58   266067   74.63%
   1692     0   231907.3504   230   912917.0000      Cuts: 62   266372   74.60%
   1692     0   232145.9502   236   912917.0000      Cuts: 82   266632   74.57%
   1692     0   232378.5140   231   912917.0000      Cuts: 75   266820   74.55%
   1692     0   232501.5667   237   912917.0000      Cuts: 54   266987   74.53%
   1692     0   232801.9353   237   912917.0000  ZeroHalf: 29   267224   74.50%
   1692     0   233135.5910   236   912917.0000     Cuts: 130   267499   74.46%
   1692     0   233329.7055   239   912917.0000      Cuts: 49   267659   74.44%
   1692     0   233511.3189   230   912917.0000      Cuts: 71   267888   74.42%
   1692     0   233816.1465   233   912917.0000      Cuts: 67   268146   74.39%
   1692     0   234043.5080   231   912917.0000      Cuts: 60   268352   74.36%
   1692     0   234302.0616   228   912917.0000      Cuts: 55   268604   74.33%
   1692     0   234458.5670   235   912917.0000     Cuts: 108   268865   74.32%
   1692     0   234621.2734   241   912917.0000      Cuts: 74   269052   74.30%
   1692     0   234788.7090   237   912917.0000      Cuts: 39   269208   74.28%
   1692     0   234964.3738   239   912917.0000      Cuts: 75   269444   74.26%
   1692     0   235145.5282   235   912917.0000      Cuts: 40   269610   74.24%
   1692     0   235438.1027   237   912917.0000      Cuts: 92   269828   74.21%
   1692     0   235747.2267   230   912917.0000      Cuts: 70   270126   74.18%
   1692     0   235893.9485   232   912917.0000      Cuts: 70   270289   74.16%
   1692     0   236060.5820   239   912917.0000      Cuts: 44   270464   74.14%
   1692     0   236351.9964   238   912917.0000      Cuts: 63   270692   74.11%
   1692     0   236479.1478   249   912917.0000      Cuts: 65   270884   74.10%
   1692     0   236647.3379   254   912917.0000      Cuts: 64   271135   74.08%
   1692     0   236773.0230   258   912917.0000      Cuts: 57   271330   74.06%
   1692     0   236991.4983   239   912917.0000  ZeroHalf: 23   271598   74.04%
   1692     0   237250.7741   239   912917.0000      Cuts: 47   271849   74.01%
   1692     0   237434.9743   239   912917.0000      Cuts: 77   272038   73.99%
   1692     0   237718.6723   232   912917.0000      Cuts: 57   272265   73.96%
   1692     0   238161.1356   235   912917.0000      Cuts: 71   272567   73.91%
   1692     0   238348.7877   242   912917.0000      Cuts: 74   272771   73.89%
   1692     0   238539.3351   262   912917.0000      Cuts: 49   272975   73.87%
   1692     0   238826.0484   252   912917.0000      Cuts: 54   273275   73.84%
   1692     0   239029.2905   230   912917.0000      Cuts: 70   273529   73.82%
   1692     0   239270.7693   228   912917.0000      Cuts: 96   273785   73.79%
   1692     0   239569.2047   252   912917.0000     Cuts: 103   274047   73.76%
   1692     0   239821.7435   252   912917.0000     Cuts: 108   274295   73.73%
   1692     0   239955.1949   258   912917.0000      Cuts: 52   274475   73.72%
   1692     0   240234.5482   262   912917.0000      Cuts: 76   274778   73.68%
   1692     0   240412.0724   261   912917.0000      Cuts: 38   275038   73.67%
   1692     0   240631.2395   273   912917.0000      Cuts: 84   275298   73.64%
   1692     0   240718.1616   260   912917.0000      Cuts: 25   275462   73.63%
   1692     2   240718.1616   260   912917.0000   240718.1616   275462   73.63%
   1693     3   240912.7141   246   912917.0000   240912.8319   275595   73.61%
   1695     3   264585.4364   221   912917.0000   240975.1787   276191   73.60%
   1699     8   265178.5011   217   912917.0000   241251.3968   277079   73.57%
   1713    16   241930.4436   231   912917.0000   241930.6604   278105   73.50%
Elapsed time = 368.44 sec. (119732.28 ticks, tree = 0.06 MB, solutions = 16)
   1724    18   284173.9066   185   912917.0000   242958.9602   279221   73.39%
   1753    36   269703.9033   194   912917.0000   245156.8343   283801   73.15%
   1795    80   264986.9712   201   912917.0000   246618.0887   296852   72.99%
   1855   120   271797.1228   220   912917.0000   246618.0887   304736   72.99%
   1913   140   305299.7346   177   912917.0000   248931.7832   308199   72.73%
   1955   228   289308.4630   187   912917.0000   248931.7832   322328   72.73%
   1983   250   283960.3504   181   912917.0000   248931.7832   325520   72.73%
   2003   286   260562.5294   173   912917.0000   248931.7832   331836   72.73%
   2052   306   293988.5066   179   912917.0000   248931.7832   337682   72.73%
   2097   349   291513.2523   167   912917.0000   248931.7832   344440   72.73%
Elapsed time = 464.76 sec. (129604.37 ticks, tree = 8.41 MB, solutions = 16)
   2131   370   319418.4797   195   912917.0000   248931.7832   347797   72.73%
   2157   387   289846.5808   167   912917.0000   248931.7832   349621   72.73%
   2188   435   306200.8726   165   912917.0000   248931.7832   358954   72.73%
   2214   408   308089.7084   177   912917.0000   248931.7832   352793   72.73%
   2226   438   277527.1383   212   912917.0000   248931.7832   359512   72.73%
   2234   484   317769.1307   190   912917.0000   248931.7832   364899   72.73%
   2255   524   318922.2276   165   912917.0000   248931.7832   372006   72.73%
   2286   551   328334.6101   192   912917.0000   248931.7832   375547   72.73%
   2342   561   302458.2646   202   912917.0000   248931.7832   376694   72.73%
   2365   627   328173.8363   183   912917.0000   248931.7832   387012   72.73%
Elapsed time = 560.71 sec. (139348.87 ticks, tree = 27.56 MB, solutions = 16)
   2380   559   313202.4030   174   912917.0000   248931.7832   376638   72.73%
   2420   672   315924.7799   185   912917.0000   248931.7832   393478   72.73%
   2474   700   280452.3155   185   912917.0000   248931.7832   395817   72.73%
   2530   708   282064.6451   181   912917.0000   248931.7832   396344   72.73%
   2570   793   320868.4927   143   912917.0000   248931.7832   407576   72.73%
   2596   721   367185.9949   171   912917.0000   248931.7832   401110   72.73%
   2633   784   353163.0790   230   912917.0000   248931.7832   408597   72.73%
   2683   926   333382.4692   204   912917.0000   248931.7832   427124   72.73%
   2707   956   294333.9506   171   912917.0000   248931.7832   429133   72.73%
   2745   917   326447.9900   171   912917.0000   248931.7832   424676   72.73%
Elapsed time = 670.40 sec. (149370.23 ticks, tree = 28.93 MB, solutions = 16)
   2780  1005   355564.4833   170   912917.0000   248931.7832   437478   72.73%
   2823  1077   341650.1076   176   912917.0000   248931.7832   450301   72.73%
   2862  1078   344454.6728   190   912917.0000   248931.7832   450775   72.73%
   2882  1140   349265.2594   200   912917.0000   248931.7832   457952   72.73%
   2936  1096   341618.3234   184   912917.0000   248931.7832   452633   72.73%
   2988  1184   406646.2248   177   912917.0000   248931.7832   465184   72.73%
   3035  1217   369427.8444   177   912917.0000   248931.7832   471492   72.73%
   3070  1222   318723.1557   160   912917.0000   248931.7832   472133   72.73%
   3111  1297   348382.6844   190   912917.0000   248931.7832   481718   72.73%
   3159  1340   348112.4215   175   912917.0000   248931.7832   485083   72.73%
Elapsed time = 773.25 sec. (159210.33 ticks, tree = 33.73 MB, solutions = 16)
   3221  1359   375729.7408   176   912917.0000   248931.7832   488908   72.73%
   3269  1405   420717.9496   160   912917.0000   248931.7832   496321   72.73%
   3313  1567   382166.5844   176   912917.0000   248931.7832   516858   72.73%
   3353  1531   434585.5625   133   912917.0000   248931.7832   511625   72.73%
   3406  1577   387056.1667   142   912917.0000   248931.7832   519166   72.73%
   3445  1594   363197.5074   141   912917.0000   248931.7832   518906   72.73%
   3479  1678   362524.7048   182   912917.0000   248931.7832   533645   72.73%
   3531  1705   363551.9482   198   912917.0000   248931.7832   537313   72.73%
   3553  1691   376511.2286   185   912917.0000   248931.7832   535522   72.73%
   3600  1789   393451.1917   165   912917.0000   248931.7832   549228   72.73%
Elapsed time = 877.27 sec. (168948.92 ticks, tree = 36.94 MB, solutions = 16)
   3642  1822   453131.1875   139   912917.0000   248931.7832   550813   72.73%
   3683  1791   385167.8216   190   912917.0000   248931.7832   547083   72.73%
   3746  1972   407424.6290   180   912917.0000   248931.7832   566329   72.73%
   3803  1892   415523.4001   166   912917.0000   248931.7832   558836   72.73%
   3870  2061   379406.5825   193   912917.0000   248931.7832   574094   72.73%
   3938  2160   425244.5000   136   912917.0000   248931.7832   582296   72.73%
   3992  2113   395112.8478   201   912917.0000   248931.7832   579050   72.73%
   4050  2172   431472.1098   180   912917.0000   248931.7832   583428   72.73%
   4097  2177   434192.9096   184   912917.0000   248931.7832   583861   72.73%
   4162  2323   401412.9524   155   912917.0000   248931.7832   597776   72.73%
Elapsed time = 976.47 sec. (178639.82 ticks, tree = 40.99 MB, solutions = 16)
   4241  2329   409206.7681   197   912917.0000   248931.7832   598773   72.73%
   4300  2502   412213.8333   153   912917.0000   248931.7832   614538   72.73%
   4398  2468   470592.0833   125   912917.0000   248931.7832   610090   72.73%
   4464  2509   480124.6410   163   912917.0000   248931.7832   613470   72.73%
   4537  2587   511309.4000   171   912917.0000   248931.7832   620864   72.73%
   4612  2736   468889.5645   157   912917.0000   248931.7832   632789   72.73%
   4675  2739   545034.2500    94   912917.0000   248931.7832   629493   72.73%
   4771  2863   442810.1696   194   912917.0000   248931.7832   641121   72.73%
   4872  2917   501555.4844   141   912917.0000   248931.7832   645153   72.73%
   5317  3326   594801.0000    90   912917.0000   248931.7832   665275   72.73%
Elapsed time = 1100.43 sec. (191145.68 ticks, tree = 48.80 MB, solutions = 16)
   5758  3834   687576.5000    76   912917.0000   248931.7832   686195   72.73%
   6186  4160   639456.2500   111   912917.0000   248931.7832   696415   72.73%
   6547  4475   465888.7222   118   912917.0000   248931.7832   723249   72.73%
   6889  4771   398517.5385   160   912917.0000   253182.2170   754322   72.27%
   7175  5180   567097.2500    93   912917.0000   253340.0410   798459   72.25%
   7519  5442   638631.5000   154   912917.0000   257406.8912   837411   71.80%
   7892  5875   788922.0000    53   912917.0000   257406.8912   908777   71.80%
   8294  6241   861502.5000    51   912917.0000   257406.8912   944191   71.80%
*  8674+ 6675                       910286.0000   257406.8912            71.72%
   8798  6891   528616.6364   130   910286.0000   257406.8912  1000205   71.72%
   9316  7230   611358.5000    71   910286.0000   257642.7077  1031894   71.70%
Elapsed time = 1467.14 sec. (229420.63 ticks, tree = 79.75 MB, solutions = 17)
   9624  7721   620004.7432   125   910286.0000   257844.7755  1076443   71.67%
   9923  7850   686729.7500    95   910286.0000   257873.8658  1101111   71.67%
* 10279+ 8218                       908539.0000   257873.8658            71.62%
  10304  8312   729843.6667   110   908539.0000   257873.8658  1170876   71.62%
  10685  8706   346414.7189   222   908539.0000   257873.8658  1229143   71.62%
  11072  8995   884715.5000    65   908539.0000   257873.8658  1256037   71.62%
  11303  9340   383879.8088   212   908539.0000   258719.3443  1299237   71.52%
  11546  9503   301125.4420   189   908539.0000   260200.1627  1328008   71.36%
  11833  9777   427315.3912   211   908539.0000   260228.1761  1373167   71.36%
  12081 10085   389198.0707   197   908539.0000   260244.0286  1419565   71.36%
  12350 10322   357734.1556   177   908539.0000   260436.3070  1467902   71.33%
Elapsed time = 1829.70 sec. (267720.78 ticks, tree = 107.09 MB, solutions = 18)
  12610 10634   441453.8305   166   908539.0000   260436.3070  1517275   71.33%
  12866 10695   424852.6676   206   908539.0000   260553.8044  1527732   71.32%
  13101 11109   402774.4397   202   908539.0000   260793.7706  1608073   71.30%
  13354 11300   405700.8296   188   908539.0000   260793.7706  1637753   71.30%
  13617 11565   450334.5278   185   908539.0000   261106.0580  1681280   71.26%
  13821 11839   437559.0524   237   908539.0000   261106.0580  1724302   71.26%
  14061 11962   434267.6450   196   908539.0000   261584.7266  1740573   71.21%
  14293 12384   304681.7849   207   908539.0000   261980.9351  1823744   71.16%
  14546 12457   339697.6502   221   908539.0000   262843.0336  1840782   71.07%
  14812 12604   361068.7543   236   908539.0000   262843.0336  1870890   71.07%
Elapsed time = 2212.81 sec. (305984.77 ticks, tree = 124.27 MB, solutions = 18)
  15112 12957   328075.9271   221   908539.0000   262922.2860  1930311   71.06%
  15390 13196   313694.4526   209   908539.0000   263232.8860  1964803   71.03%
  15684 13581   313789.2718   202   908539.0000   263281.1890  2026076   71.02%
  15934 13728   430958.0976   204   908539.0000   263281.1890  2043624   71.02%
  16259 13961   399473.8421   186   908539.0000   263458.5420  2086068   71.00%
* 16366+14211                       907946.0000   263458.5420            70.98%
  16574 14515   408100.6740   203   907946.0000   263556.7622  2179731   70.97%
* 16944+14729                       900788.0000   263556.7622            70.74%
  16952 14637   659932.2500   148   900788.0000   263556.7622  2203045   70.74%
  17280 15022   625859.5000    69   900788.0000   263613.2489  2261719   70.74%
* 17544+15151                       892512.0000   263613.2489            70.46%
  17560 15266   617600.8929   136   892512.0000   263613.2489  2292222   70.46%
  17866 15685   435805.9259   233   892512.0000   263619.6372  2364199   70.46%
Elapsed time = 2593.75 sec. (344221.56 ticks, tree = 176.57 MB, solutions = 21)
* 17992+15671                       891846.0000   263619.6372            70.44%
  18123 15933   372139.2221   197   891846.0000   263917.9255  2413344   70.41%
  18437 16001   347844.6669   204   891846.0000   264230.7695  2423444   70.37%
* 18668+16263                       889043.0000   264525.4788            70.25%
  18705 16602   438212.2431   218   889043.0000   264525.4788  2528280   70.25%
  18969 16573   370786.4457   197   889043.0000   264525.4788  2527935   70.25%
  19267 16939   443172.0956   215   889043.0000   264740.8419  2571872   70.22%
  19534 17366   390570.4673   180   889043.0000   264884.6144  2645218   70.21%
  19791 17669   362909.6175   212   889043.0000   265001.9116  2701351   70.19%
  20055 17782   444815.1751   224   889043.0000   265071.2127  2721300   70.18%
  20337 18149   407266.8322   196   889043.0000   265071.2127  2784876   70.18%
  20601 18267   386304.4578   221   889043.0000   265105.1028  2806419   70.18%
Elapsed time = 2947.19 sec. (382527.48 ticks, tree = 199.96 MB, solutions = 23)
  20895 18655   330426.6287   227   889043.0000   265348.4846  2863029   70.15%
  21181 18839   356019.4807   207   889043.0000   265393.4023  2894352   70.15%
  21435 18904   416741.6763   203   889043.0000   265393.4023  2907180   70.15%
  21686 19397   438973.6437   254   889043.0000   265501.0115  2959711   70.14%
  21981 19794   460812.2497   220   889043.0000   265539.9289  3029294   70.13%
  22294 19933   442775.1982   225   889043.0000   265539.9289  3053252   70.13%
  22577 20337   428412.8789   210   889043.0000   265606.1448  3121364   70.12%
  22874 20452   353297.3056   195   889043.0000   266000.4713  3138113   70.08%
Starting limited solution polishing.
* 22916+20663                       877825.0000   266000.4713            69.70%
* 22917+20663                       875848.0000   266000.4713            69.63%
* 22967+20723                       874229.0000   266000.4713            69.57%
  23157 20794   411162.4667   197   874229.0000   266072.2015  3192163   69.56%
  23466 20799   473664.5828   245   874229.0000   266072.2015  3207990   69.56%
Elapsed time = 3322.52 sec. (420833.40 ticks, tree = 465.96 MB, solutions = 29)
  23770 21054   474010.5511   230   874229.0000   266120.3501  3251854   69.56%
* 23893+21488                       870052.0000   266120.4623            69.41%
  23945 21438   465049.0465   209   870052.0000   266120.4623  3315706   69.41%
  24054 21660   568616.6726   162   870052.0000   266218.9298  3358591   69.40%
  24184 21810   415536.8678   238   870052.0000   266218.9298  3378235   69.40%
* 24316+22001                       869581.0000   266218.9298            69.39%
  24424 22017   336263.6745   233   869581.0000   266218.9298  3429298   69.39%
* 24718+22206                       865151.0000   266314.0501            69.22%
* 24722+22206                       864691.0000   266314.0501            69.20%
* 24722+22206                       859935.0000   266314.0501            69.03%
  24744 22251   294132.8067   192   859935.0000   266314.0501  3470722   69.03%
  24955 22390   658208.5000   119   859935.0000   266314.0501  3502187   69.03%
* 24970+22405                       849028.0000   266314.0501            68.63%
* 24996+22405                       847655.0000   266314.0501            68.58%
  25200 22491   335033.2121   194   847655.0000   266537.6061  3558055   68.56%
  25418 22446   425343.5116   237   847655.0000   266542.3301  3543369   68.56%
  25621 22912   460173.2182   218   847655.0000   266542.3301  3604152   68.56%
Elapsed time = 3597.48 sec. (459198.80 ticks, tree = 479.17 MB, solutions = 43)

Implied bound cuts applied:  67
Zero-half cuts applied:  412
Lift and project cuts applied:  21

Root node processing (before b&c):
  Real time             =   51.23 sec. (34652.76 ticks)
Parallel b&c, 8 threads:
  Real time             = 3549.23 sec. (427253.88 ticks)
  Sync time (average)   =  522.81 sec.
  Wait time (average)   =    0.01 sec.
                          ------------
Total (root+branch&cut) = 3600.46 sec. (461906.64 ticks)
Status: Feasible
Obj: 847655

Instalacoes abertas:
Instalação 0 aberta
Instalação 1 aberta
Instalação 4 aberta
Instalação 8 aberta
Instalação 9 aberta
Instalação 12 aberta
Instalação 13 aberta
Instalação 16 aberta
Instalação 18 aberta
Instalação 19 aberta
Instalação 20 aberta
Instalação 22 aberta
Instalação 23 aberta
Instalação 28 aberta
Instalação 29 aberta
Instalação 30 aberta
Instalação 31 aberta
Instalação 32 aberta
Instalação 34 aberta
Instalação 35 aberta
Instalação 39 aberta
Instalação 42 aberta
Instalação 47 aberta
Instalação 49 aberta

Atribuições (cliente -> instalação):
Cliente 0 -> Instalação 1
Cliente 1 -> Instalação 34
Cliente 2 -> Instalação 20
Cliente 3 -> Instalação 18
Cliente 4 -> Instalação 0
Cliente 5 -> Instalação 9
Cliente 6 -> Instalação 9
Cliente 7 -> Instalação 20
Cliente 8 -> Instalação 8
Cliente 9 -> Instalação 8
Cliente 10 -> Instalação 31
Cliente 11 -> Instalação 34
Cliente 12 -> Instalação 12
Cliente 13 -> Instalação 13
Cliente 14 -> Instalação 18
Cliente 15 -> Instalação 9
Cliente 16 -> Instalação 8
Cliente 17 -> Instalação 39
Cliente 18 -> Instalação 35
Cliente 19 -> Instalação 47
Cliente 20 -> Instalação 49
Cliente 21 -> Instalação 30
Cliente 22 -> Instalação 22
Cliente 23 -> Instalação 47
Cliente 24 -> Instalação 13
Cliente 25 -> Instalação 31
Cliente 26 -> Instalação 42
Cliente 27 -> Instalação 22
Cliente 28 -> Instalação 28
Cliente 29 -> Instalação 29
Cliente 30 -> Instalação 23
Cliente 31 -> Instalação 1
Cliente 32 -> Instalação 32
Cliente 33 -> Instalação 39
Cliente 34 -> Instalação 4
Cliente 35 -> Instalação 49
Cliente 36 -> Instalação 22
Cliente 37 -> Instalação 16
Cliente 38 -> Instalação 20
Cliente 39 -> Instalação 13
Cliente 40 -> Instalação 28
Cliente 41 -> Instalação 30
Cliente 42 -> Instalação 16
Cliente 43 -> Instalação 19
Cliente 44 -> Instalação 4
Cliente 45 -> Instalação 47
Cliente 46 -> Instalação 4
Cliente 47 -> Instalação 0
Cliente 48 -> Instalação 4
Cliente 49 -> Instalação 19
