Version identifier: 22.1.1.0 | 2022-11-28 | 9160aff4d
CPXPARAM_TimeLimit                               3600
Tried aggregator 1 time.
MIP Presolve eliminated 50 rows and 1 columns.
Reduced MIP has 39250 rows, 3284 columns, and 117650 nonzeros.
Reduced MIP has 3284 binaries, 0 generals, 0 SOSs, and 0 indicators.
Presolve time = 0.06 sec. (53.97 ticks)
Found incumbent of value 3.0650284e+07 after 0.08 sec. (68.81 ticks)
Probing time = 0.02 sec. (6.85 ticks)
Tried aggregator 1 time.
Detecting symmetries...
Reduced MIP has 39250 rows, 3284 columns, and 117650 nonzeros.
Reduced MIP has 3284 binaries, 0 generals, 0 SOSs, and 0 indicators.
Presolve time = 0.07 sec. (65.39 ticks)
Probing time = 0.02 sec. (6.90 ticks)
Clique table members: 2500.
MIP emphasis: balance optimality and feasibility.
MIP search method: dynamic search.
Parallel mode: deterministic, using up to 8 threads.
Root relaxation solution time = 0.14 sec. (58.53 ticks)

        Nodes                                         Cuts/
   Node  Left     Objective  IInf  Best Integer    Best Bound    ItCnt     Gap

*     0+    0                       3.06503e+07        0.0000           100.00%
*     0+    0                       2.28139e+07        0.0000           100.00%
*     0+    0                       918996.0000        0.0000           100.00%
*     0+    0                       893996.0000        0.0000           100.00%
      0     0    93774.0000   100   893996.0000    93774.0000      185   89.51%
      0     0   106217.5000   100   893996.0000    Cuts: 1866      436   88.12%
      0     0   118774.0000    98   893996.0000    Cuts: 1897      709   86.71%
*     0+    0                       800442.0000   118774.0000            85.16%
      0     0   130647.8333   180   800442.0000 ZeroHalf: 859     2342   83.68%
*     0+    0                       715273.0000   130647.8333            81.73%
*     0+    0                       640694.0000   130647.8333            79.61%
      0     0  -1.00000e+75     0   640694.0000   130647.8333     2342   79.61%
      0     0   137914.7857   179   640694.0000    Cuts: 1142     3419   78.47%
*     0+    0                       588016.0000   137914.7857            76.55%
      0     0   143464.4598   173   588016.0000     Cuts: 259     3988   75.60%
Detecting symmetries...
      0     0   148087.5559   216   588016.0000     Cuts: 467     4607   74.82%
*     0+    0                       516319.0000   148087.5559            71.32%
      0     0  -1.00000e+75     0   516319.0000   148087.5559     4607   71.32%
*     0+    0                       499577.0000   148087.5559            70.36%
      0     0   153021.0770   230   499577.0000     Cuts: 299     5147   69.37%
      0     0   155382.6212   209   499577.0000     Cuts: 364     5696   68.90%
      0     0   156611.5504   219   499577.0000     Cuts: 262     5943   68.65%
      0     0   158136.1747   213   499577.0000     Cuts: 136     6247   68.35%
      0     0   159416.3130   187   499577.0000     Cuts: 438     6656   68.09%
      0     0   160852.2876   182   499577.0000      Cuts: 88     6957   67.80%
      0     0   162461.8931   209   499577.0000     Cuts: 143     7314   67.48%
      0     0   163605.9756   181   499577.0000     Cuts: 454     7586   67.25%
      0     0   164502.0090   175   499577.0000      Cuts: 64     7869   67.07%
      0     0   165258.4859   190   499577.0000      Cuts: 81     8141   66.92%
      0     0   166268.0256   180   499577.0000      Cuts: 54     8359   66.72%
      0     0   167031.4292   177   499577.0000      Cuts: 68     8628   66.57%
      0     0   167478.6404   212   499577.0000      Cuts: 35     8777   66.48%
      0     0   168194.7857   209   499577.0000      Cuts: 55     8947   66.33%
      0     0   168574.3169   210   499577.0000     Cuts: 121     9130   66.26%
      0     0   169047.4106   210   499577.0000      Cuts: 37     9313   66.16%
      0     0   169478.4495   211   499577.0000      Cuts: 64     9549   66.08%
      0     0   169793.3934   185   499577.0000      Cuts: 79     9732   66.01%
      0     0   169916.2454   213   499577.0000      Cuts: 39     9846   65.99%
      0     0   170288.2235   194   499577.0000      Cuts: 64    10021   65.91%
      0     0   170479.3424   193   499577.0000      Cuts: 37    10123   65.88%
      0     0   170631.4534   208   499577.0000     Cuts: 127    10203   65.84%
      0     0   170813.0303   181   499577.0000     Cuts: 152    10304   65.81%
      0     0   171140.1730   206   499577.0000      Cuts: 33    10497   65.74%
      0     0   171286.1150   182   499577.0000      Cuts: 22    10551   65.71%
      0     0   171415.1917   207   499577.0000      Cuts: 12    10614   65.69%
      0     0   171589.3155   209   499577.0000      Cuts: 26    10699   65.65%
      0     0   171788.7462   208   499577.0000      Cuts: 48    10796   65.61%
      0     0   172001.9527   209   499577.0000      Cuts: 40    10944   65.57%
      0     0   172091.8118   206   499577.0000      Cuts: 21    11034   65.55%
      0     0   172144.4840   181   499577.0000     Cuts: 133    11121   65.54%
      0     0   172461.7703   220   499577.0000      Cuts: 40    11316   65.48%
      0     0   172581.8293   219   499577.0000      Cuts: 23    11402   65.45%
      0     0   172701.7063   214   499577.0000      Cuts: 25    11506   65.43%
      0     0   172803.6405   215   499577.0000      Cuts: 45    11610   65.41%
      0     0   173030.4989   217   499577.0000      Cuts: 34    11806   65.36%
      0     0   173307.3248   212   499577.0000      Cuts: 88    11979   65.31%
      0     0   173561.7281   182   499577.0000     Cuts: 103    12228   65.26%
      0     0   173853.7715   218   499577.0000  ZeroHalf: 34    12415   65.20%
      0     0   174295.2713   217   499577.0000     Cuts: 114    12682   65.11%
      0     0   174866.1013   209   499577.0000      Cuts: 44    13005   65.00%
      0     0   175140.4699   234   499577.0000      Cuts: 38    13147   64.94%
      0     0   175527.3520   231   499577.0000      Cuts: 48    13411   64.86%
      0     0   175908.0873   221   499577.0000      Cuts: 39    13598   64.79%
      0     0   176071.3119   219   499577.0000      Cuts: 25    13711   64.76%
      0     0   176245.8046   211   499577.0000      Cuts: 84    13807   64.72%
      0     0   176356.8692   210   499577.0000      Cuts: 32    13940   64.70%
      0     0   176629.5560   209   499577.0000  ZeroHalf: 26    14124   64.64%
      0     0   176834.4395   214   499577.0000      Cuts: 92    14314   64.60%
      0     0   177199.9387   241   499577.0000      Cuts: 47    14533   64.53%
      0     0   177370.7037   240   499577.0000      Cuts: 51    14661   64.50%
      0     0   177606.5241   231   499577.0000      Cuts: 45    14812   64.45%
      0     0   177980.6266   229   499577.0000      Cuts: 60    15055   64.37%
      0     0   178238.3373   236   499577.0000     Cuts: 112    15233   64.32%
      0     0   178455.3550   241   499577.0000      Cuts: 49    15440   64.28%
      0     0   178563.1041   202   499577.0000      Cuts: 19    15500   64.26%
Detecting symmetries...
      0     2   178563.1041   202   499577.0000   178563.1041    15500   64.26%
Elapsed time = 21.78 sec. (16869.54 ticks, tree = 0.02 MB, solutions = 10)
      2     3   178646.6322   228   499577.0000   178565.1425    15577   64.26%
      3     4   198201.2065   150   499577.0000   178565.1425    17774   64.26%
      7     5   186496.0865   178   499577.0000   178649.5641    17395   64.24%
     25     8   197994.7423   149   499577.0000   178649.5641    18864   64.24%
     44    32   231415.8119   151   499577.0000   178875.6438    27883   64.19%
     54    40   250243.5000   121   499577.0000   178875.6438    31156   64.19%
     62    61   187492.3007   173   499577.0000   178875.6438    40969   64.19%
     75    68   215163.8184   168   499577.0000   178875.6438    46512   64.19%
     86    76   239404.4500   130   499577.0000   178875.6438    49556   64.19%
    246   173   440848.0000    60   499577.0000   178875.6438    68522   64.19%
Elapsed time = 41.56 sec. (20402.03 ticks, tree = 5.72 MB, solutions = 10)
    488   367   372148.0000    71   499577.0000   178875.6438    89097   64.19%
*   612+  537                       484277.0000   178875.6438            63.06%
    685   562   240410.0000   114   484277.0000   178875.6438   116109   63.06%
    899   768   426561.1000   111   484277.0000   179423.2171   135876   62.95%
   1104   884   225188.1685   169   484277.0000   179423.2171   148286   62.95%
   1291  1063   465256.7500    67   484277.0000   179423.2171   165754   62.95%
   1468  1218   263315.2927   192   484277.0000   179423.2171   183731   62.95%
   1678  1401   202999.9020   214   484277.0000   179423.2171   201508   62.95%
   1721  1470   320062.0208   181   484277.0000   179423.2171   206694   62.95%

Performing restart 1

Repeating presolve.
Tried aggregator 1 time.
MIP Presolve eliminated 1614 rows and 70 columns.
Reduced MIP has 37636 rows, 3214 columns, and 112808 nonzeros.
Reduced MIP has 3214 binaries, 0 generals, 0 SOSs, and 0 indicators.
Presolve time = 0.06 sec. (53.86 ticks)
Tried aggregator 1 time.
Reduced MIP has 37636 rows, 3214 columns, and 112808 nonzeros.
Reduced MIP has 3214 binaries, 0 generals, 0 SOSs, and 0 indicators.
Presolve time = 0.07 sec. (64.79 ticks)
Represolve time = 0.20 sec. (168.55 ticks)
   1722     0   178832.3151   218   484277.0000      Cuts: 54   218813   62.95%
*  1722+    0                       481323.0000   179423.2171            62.72%
   1722     0   179356.5615   221   481323.0000      Cuts: 64   219095   62.72%
   1722     0   179889.5705   217   481323.0000      Cuts: 57   219331   62.63%
   1722     0   180245.1809   225   481323.0000      Cuts: 65   219547   62.55%
   1722     0   180798.5354   225   481323.0000      Cuts: 75   219829   62.44%
   1722     0   181116.8434   226   481323.0000      Cuts: 76   220010   62.37%
   1722     0   181685.3184   219   481323.0000      Cuts: 79   220254   62.25%
   1722     0   182607.3015   218   481323.0000     Cuts: 108   220586   62.06%
   1722     0   183159.0071   217   481323.0000      Cuts: 76   220786   61.95%
   1722     0   183687.7415   219   481323.0000      Cuts: 93   221050   61.84%
   1722     0   183896.2373   222   481323.0000      Cuts: 44   221216   61.79%
   1722     0   184178.6449   222   481323.0000      Cuts: 45   221346   61.73%
   1722     0   184327.6268   222   481323.0000      Cuts: 46   221426   61.70%
   1722     0   184641.1818   225   481323.0000      Cuts: 28   221570   61.64%
   1722     0   184972.2643   253   481323.0000      Cuts: 40   221713   61.57%
   1722     0   185327.8854   260   481323.0000      Cuts: 58   221987   61.50%
   1722     0   185576.3686   221   481323.0000      Cuts: 33   222168   61.44%
   1722     0   185897.0887   210   481323.0000      Cuts: 41   222329   61.38%
   1722     0   185983.1667   259   481323.0000      Cuts: 43   222404   61.36%
   1722     0   186095.9477   220   481323.0000      Cuts: 33   222465   61.34%
   1722     0   186288.8627   221   481323.0000      Cuts: 21   222580   61.30%
   1722     0   186640.6355   223   481323.0000      Cuts: 41   222763   61.22%
   1722     0   187182.5174   216   481323.0000      Cuts: 37   222964   61.11%
   1722     0   187566.6588   211   481323.0000      Cuts: 71   223104   61.03%
   1722     0   187920.4276   222   481323.0000      Cuts: 57   223295   60.96%
   1722     0   188197.2517   220   481323.0000      Cuts: 48   223435   60.90%
   1722     0   188383.6140   218   481323.0000      Cuts: 46   223541   60.86%
   1722     0   188464.3570   221   481323.0000      Cuts: 42   223617   60.84%
   1722     0   188533.6954   220   481323.0000      Cuts: 15   223665   60.83%
   1722     0   188639.3667   223   481323.0000      Cuts: 24   223727   60.81%
   1722     0   188699.5188   221   481323.0000      Cuts: 19   223780   60.80%
   1722     0   188787.8036   217   481323.0000      Cuts: 17   223831   60.78%
   1722     0   188897.2460   245   481323.0000      Cuts: 34   223935   60.75%
   1722     0   188980.4553   213   481323.0000      Cuts: 30   224001   60.74%
   1722     0   189035.3850   214   481323.0000      Cuts: 17   224080   60.73%
   1722     0   189170.0297   220   481323.0000      Cuts: 32   224165   60.70%
   1722     0   189294.1333   217   481323.0000      Cuts: 21   224227   60.67%
   1722     0   189455.4855   220   481323.0000      Cuts: 18   224301   60.64%
   1722     0   189667.5500   212   481323.0000      Cuts: 26   224412   60.59%
   1722     0   189871.9577   213   481323.0000      Cuts: 26   224502   60.55%
   1722     0   190110.4701   219   481323.0000      Cuts: 47   224627   60.50%
   1722     0   190221.5902   219   481323.0000      Cuts: 33   224697   60.48%
   1722     0   190489.0540   250   481323.0000      Cuts: 21   224836   60.42%
   1722     0   190736.6436   215   481323.0000      Cuts: 42   224959   60.37%
   1722     0   190837.6991   249   481323.0000      Cuts: 27   225019   60.35%
   1722     0   190914.0548   256   481323.0000      Cuts: 22   225090   60.34%
   1722     0   190987.0467   246   481323.0000      Cuts: 24   225169   60.32%
   1722     0   191093.7432   215   481323.0000      Cuts: 19   225257   60.30%
   1722     0   191150.6142   218   481323.0000      Cuts: 22   225315   60.29%
   1722     0   191221.5301   248   481323.0000      Cuts: 20   225379   60.27%
   1722     0   191263.1909   251   481323.0000      Cuts: 25   225448   60.26%
   1722     0   191300.8040   213   481323.0000      Cuts: 16   225508   60.26%
   1722     2   191300.8040   213   481323.0000   191300.8040   225508   60.26%
   1723     3   191395.2522   211   481323.0000   191403.3771   225575   60.23%
Elapsed time = 129.89 sec. (52170.70 ticks, tree = 0.02 MB, solutions = 12)
   1725     3   200689.2992   183   481323.0000   191534.2276   225925   60.21%
   1727     4   202185.8653   180   481323.0000   191556.1752   226259   60.20%
   1729     5   200299.9593   180   481323.0000   191556.1752   226686   60.20%
   1734    11   205058.7916   179   481323.0000   191556.1752   229343   60.20%
   1739     9   206037.6442   207   481323.0000   191717.1655   228114   60.17%
   1745    20   206945.2755   213   481323.0000   191753.7765   234568   60.16%
   1750    22   204204.5549   191   481323.0000   191753.7765   236046   60.16%
   1759    29   207964.5476   207   481323.0000   191753.7765   238965   60.16%
   1766    35   207101.7830   175   481323.0000   191753.7765   241936   60.16%
   1776    46   216961.2885   177   481323.0000   191753.7765   246666   60.16%
Elapsed time = 211.81 sec. (63285.08 ticks, tree = 0.69 MB, solutions = 12)
   1788    51   216058.1736   178   481323.0000   191753.7765   248464   60.16%
   1831    59   226966.3207   174   481323.0000   191753.7765   250140   60.16%
   1878   131   224106.1872   170   481323.0000   191753.7765   268715   60.16%
   1888   124   221378.6377   179   481323.0000   191753.7765   267689   60.16%
   1919   172   217271.5526   191   481323.0000   191753.7765   278320   60.16%
   1963   200   224342.9529   197   481323.0000   191753.7765   285148   60.16%
   2029   176   274262.2029   138   481323.0000   191753.7765   278072   60.16%
   2064   272   216494.5918   170   481323.0000   191753.7765   298726   60.16%
   2091   242   283249.2428   153   481323.0000   191753.7765   292598   60.16%
   2112   344   251850.6592   142   481323.0000   191753.7765   313487   60.16%
Elapsed time = 292.42 sec. (73165.72 ticks, tree = 23.95 MB, solutions = 12)
   2138   368   242791.9599   160   481323.0000   191753.7765   317573   60.16%
   2163   390   255310.8290   159   481323.0000   191753.7765   324214   60.16%
   2182   393   256755.7639   165   481323.0000   191753.7765   324538   60.16%
   2202   452   225321.6811   197   481323.0000   191753.7765   338352   60.16%
   2235   429   252232.0000    92   481323.0000   191753.7765   333109   60.16%
   2271   497   269327.7253   182   481323.0000   191753.7765   350549   60.16%
   2297   516   290783.7003   131   481323.0000   191753.7765   357333   60.16%
   2330   523   293768.8800   121   481323.0000   191753.7765   359725   60.16%
   2346   541   322540.7297   175   481323.0000   191753.7765   364002   60.16%
   2375   616   280838.0961   156   481323.0000   191753.7765   379672   60.16%
Elapsed time = 382.67 sec. (83137.74 ticks, tree = 27.44 MB, solutions = 12)
   2404   622   281901.6313   168   481323.0000   191753.7765   381560   60.16%
   2448   663   286229.5000    78   481323.0000   191753.7765   388882   60.16%
   2476   696   327611.8235   156   481323.0000   191753.7765   395926   60.16%
   2501   703   298191.3112   174   481323.0000   191753.7765   397062   60.16%
   2537   676   300012.9167   111   481323.0000   191753.7765   392429   60.16%
   2569   702   260759.4100   160   481323.0000   191753.7765   395511   60.16%
   2605   837   301917.4217   158   481323.0000   191753.7765   424249   60.16%
   2668   831   377785.5655   120   481323.0000   191753.7765   423246   60.16%
   2734   851   311561.1450   152   481323.0000   191753.7765   426883   60.16%
   2794   859   346906.6449   138   481323.0000   191753.7765   428273   60.16%
Elapsed time = 470.44 sec. (92788.54 ticks, tree = 29.37 MB, solutions = 12)
   2850   952   270303.3474   154   481323.0000   191753.7765   443841   60.16%
   2902   881   305801.3333   114   481323.0000   191753.7765   430477   60.16%
   2956  1101   312224.6667    98   481323.0000   191753.7765   462854   60.16%
   3007  1005   322408.8418   146   481323.0000   191753.7765   455468   60.16%
   3063  1210   323143.6667   116   481323.0000   191753.7765   482348   60.16%
   3108  1261   332119.6667   112   481323.0000   191753.7765   488709   60.16%
   3170  1258   452512.0435   122   481323.0000   191753.7765   487387   60.16%
   3239  1426   471642.2917   104   481323.0000   191753.7765   509210   60.16%
   3330  1333   294537.2958   167   481323.0000   191753.7765   498993   60.16%
   3381  1499   344320.3000   108   481323.0000   191753.7765   515659   60.16%
Elapsed time = 545.52 sec. (102436.27 ticks, tree = 31.35 MB, solutions = 12)
   3436  1504   436121.4167   117   481323.0000   191753.7765   517404   60.16%
   3487  1661   438138.6250    98   481323.0000   191753.7765   536433   60.16%
   3556  1618   391149.5455   116   481323.0000   191753.7765   526933   60.16%
   3636  1726   372045.1250   142   481323.0000   191753.7765   539816   60.16%
   3708  1735   397994.0714   119   481323.0000   191753.7765   540591   60.16%
   3763  1749   393338.3750   133   481323.0000   191753.7765   541088   60.16%
   3859  1947   446312.8333   103   481323.0000   191753.7765   567203   60.16%
   3948  2074   350229.2370   135   481323.0000   191753.7765   584189   60.16%
   4054  1986   478121.5000    97   481323.0000   191753.7765   569568   60.16%
   4122  2066   352341.1667   114   481323.0000   191753.7765   585562   60.16%
Elapsed time = 616.29 sec. (112089.17 ticks, tree = 34.35 MB, solutions = 12)
   4219  2247   336892.5000   101   481323.0000   191753.7765   612282   60.16%
   4308  2371   333376.1667   155   481323.0000   191753.7765   635018   60.16%
   4395  2221   366496.0314   154   481323.0000   191753.7765   604378   60.16%
   4490  2610   428253.2500    73   481323.0000   191753.7765   668699   60.16%
   4580  2660   432500.0000   108   481323.0000   191753.7765   678265   60.16%
   4723  2697   362509.6250   134   481323.0000   191753.7765   681957   60.16%
   4834  2870   379442.4304   160   481323.0000   191753.7765   702394   60.16%
   4941  2763   429925.7759   140   481323.0000   191753.7765   688464   60.16%
   5014  2912   255173.5000    92   481323.0000   191753.7765   712217   60.16%
   5116  3020   382782.4195   151   481323.0000   191753.7765   720595   60.16%
Elapsed time = 691.49 sec. (121698.52 ticks, tree = 41.68 MB, solutions = 12)
   5204  3213   253778.6594   208   481323.0000   191753.7765   749051   60.16%
   5291  3129   263790.7575   173   481323.0000   191753.7765   734723   60.16%
   5377  3260   248802.3898   195   481323.0000   191753.7765   760112   60.16%
   5475  3351   234333.6910   206   481323.0000   191753.7765   780985   60.16%
   5574  3339   302623.2815   196   481323.0000   191753.7765   773854   60.16%
   5655  3663   217354.0490   200   481323.0000   191753.7765   837204   60.16%
   5748  3609   259957.8621   221   481323.0000   191753.7765   830492   60.16%
   5819  3606   325393.5159   193   481323.0000   191753.7765   822794   60.16%
   5887  3820   471095.0000    88   481323.0000   191753.7765   851440   60.16%
   6177  4073   263813.3555   253   481323.0000   194910.4484   910710   59.51%
Elapsed time = 795.41 sec. (134211.03 ticks, tree = 47.99 MB, solutions = 12)
   6552  4378   289719.9985   220   481323.0000   194910.4484   979098   59.51%
   6891  4826   322297.9667   154   481323.0000   198795.1064  1038807   58.70%
   7223  5030   257645.0937   208   481323.0000   200246.3577  1086422   58.40%
   7551  5516   279358.8477   176   481323.0000   200765.5938  1167014   58.29%
   7855  5699   344773.5556   172   481323.0000   203092.3856  1198379   57.81%
   8298  6164   230566.3490   197   481323.0000   203206.8812  1276836   57.78%
   8666  6621   426288.0455   142   481323.0000   203291.5438  1365022   57.76%
*  8774+ 6677                       480949.0000   203291.5438            57.73%
   9033  6816        cutoff         480949.0000   203681.1198  1398477   57.65%
   9336  7118   336422.1467   211   480949.0000   204091.5811  1462075   57.56%
   9706  7474   329109.0839   204   480949.0000   204091.5811  1534411   57.56%
Elapsed time = 1113.08 sec. (172422.25 ticks, tree = 68.51 MB, solutions = 13)
  10083  7715   368520.2857   180   480949.0000   204091.5811  1564063   57.56%
  10537  8193   396138.7727   166   480949.0000   204208.7316  1633377   57.54%
  10913  8751   278521.1567   196   480949.0000   204208.7316  1702799   57.54%
  11348  9000   451599.0639   188   480949.0000   204395.8949  1737425   57.50%
  11716  9462   371471.8600   164   480949.0000   204648.2559  1797223   57.45%
  12099  9939   274444.5931   215   480949.0000   204648.2559  1863003   57.45%
  12429 10043   368829.4096   167   480949.0000   204648.2559  1873560   57.45%
  12778 10406   264026.5352   171   480949.0000   204809.7823  1945885   57.42%
  13170 10752   335619.2787   196   480949.0000   204918.4154  2009617   57.39%
  13555 11021   385831.0625   195   480949.0000   204918.4154  2040082   57.39%
Elapsed time = 1431.57 sec. (210700.52 ticks, tree = 89.77 MB, solutions = 13)
  13873 11689   330911.9049   218   480949.0000   205131.7878  2137657   57.35%
  14203 12031   356455.2910   173   480949.0000   205131.7878  2206264   57.35%
  14600 12162   363913.4897   212   480949.0000   205174.1529  2224368   57.34%
  15027 12756   376666.1469   181   480949.0000   205177.9942  2318751   57.34%
  15363 12968   311380.9135   215   480949.0000   205360.9956  2356132   57.30%
  15723 13558   415065.7500   132   480949.0000   205360.9956  2447694   57.30%
  16129 13590   288457.6776   224   480949.0000   205466.0852  2457225   57.28%
  16485 14132   366560.5986   201   480949.0000   205466.0852  2556994   57.28%
  16787 14329   377999.5643   129   480949.0000   205631.3439  2595644   57.24%
  17091 14759   386594.9467   173   480949.0000   205729.9147  2676676   57.22%
Elapsed time = 1745.93 sec. (249005.47 ticks, tree = 110.92 MB, solutions = 13)
  17328 15068   360178.4535   195   480949.0000   205729.9147  2729241   57.22%
  17691 15201   331977.4513   187   480949.0000   205729.9147  2754767   57.22%
  18113 15754   332576.3474   230   480949.0000   205889.1343  2836683   57.19%
  18384 16027   227188.3698   208   480949.0000   205889.1343  2878982   57.19%
  18753 16110   318658.5594   199   480949.0000   205923.6877  2896813   57.18%
  19140 16620   293754.9891   188   480949.0000   206066.3567  2973356   57.15%
  19574 17322   232708.6782   190   480949.0000   206066.3567  3064417   57.15%
  19971 17458   242927.5415   162   480949.0000   206124.2617  3076154   57.14%
  20381 17940   300291.8405   205   480949.0000   206354.0944  3157212   57.09%
  20697 18445   356526.2021   223   480949.0000   206628.2810  3232430   57.04%
Elapsed time = 2053.42 sec. (287245.03 ticks, tree = 132.50 MB, solutions = 13)
  21112 18699   343251.5302   202   480949.0000   206628.2810  3278231   57.04%
  21490 18746   378703.8016   189   480949.0000   206640.7112  3285160   57.03%
  21860 19201   243929.6984   193   480949.0000   206725.3542  3349392   57.02%
  22206 19578   363235.1176   215   480949.0000   206909.5501  3419089   56.98%
  22615 20163   376532.8056   170   480949.0000   206912.7711  3512116   56.98%
  23035 20567   355715.8409   180   480949.0000   206969.6636  3569892   56.97%
  23528 20647   233123.6097   180   480949.0000   207104.8513  3574801   56.94%
  23837 21258   294972.3589   178   480949.0000   207104.8513  3666725   56.94%
  24361 21842   439888.7500    87   480949.0000   207177.6425  3750506   56.92%
  24841 21878   285167.6267   194   480949.0000   207186.3037  3757365   56.92%
Elapsed time = 2383.11 sec. (325492.55 ticks, tree = 366.27 MB, solutions = 13)
  25418 22879   218996.0696   182   480949.0000   207491.5495  3854826   56.86%
* 25667+23021                       478917.0000   207500.5503            56.67%
  25830 23280   357868.9907   164   478917.0000   207500.5503  3906413   56.67%
* 26287+23372                       478416.0000   207535.4705            56.62%
  26461 23685   379573.1918   191   478416.0000   207535.4705  3939090   56.62%
  27064 24383   331893.4002   188   478416.0000   207535.4705  4000907   56.62%
  27710 25100   452548.3000   137   478416.0000   207535.4705  4044319   56.62%
  28282 25371   409458.3333   148   478416.0000   207815.7375  4067653   56.56%
  28777 25719   388621.2107   184   478416.0000   207922.2753  4099284   56.54%
  29443 26412   287655.9461   216   478416.0000   208031.2122  4164300   56.52%
  29907 26594   336633.9405   164   478416.0000   208031.2122  4179334   56.52%
  30468 26938   231898.4937   187   478416.0000   208085.5152  4201756   56.51%
Elapsed time = 2690.70 sec. (363678.34 ticks, tree = 1456.99 MB, solutions = 15)
  30959 28165   396987.1000   170   478416.0000   208250.1250  4312653   56.47%
  31460 28704   366244.4499   209   478416.0000   208296.1144  4366727   56.46%
  32050 29333   432277.5814   184   478416.0000   208439.6684  4421428   56.43%
  32613 29479   248246.8442   187   478416.0000   208439.6684  4441692   56.43%
  33039 29634   414317.6667    89   478416.0000   208511.3154  4454673   56.42%
* 33183+30101                       477943.0000   208511.3154            56.37%
* 33183+30101                       475554.0000   208511.3154            56.15%
  33390 30655   429457.4000   101   475554.0000   208665.3500  4558022   56.12%
  33956 30773   394840.9611   184   475554.0000   208665.3500  4577437   56.12%
* 34250+31322                       474135.0000   208665.3500            55.99%
  34363 30908   411231.3548   179   474135.0000   208665.3500  4591316   55.99%
* 34387+31094                       468551.0000   208665.3500            55.47%
* 34436+31094                       467437.0000   208665.3500            55.36%
* 34589+31094                       461457.0000   208665.3500            54.78%
  34642 31984   457744.1319   171   461457.0000   208665.3500  4674388   54.78%
* 34714+31094                       461297.0000   208665.3500            54.77%
* 34763+31094                       451004.0000   208665.3500            53.73%
* 34779+31094                       450497.0000   208665.3500            53.68%
  34902 32086   354554.6071   189   450497.0000   208665.3500  4694661   53.68%
Elapsed time = 2961.16 sec. (401901.62 ticks, tree = 2579.34 MB, solutions = 18)
Nodefile size = 524.74 MB (328.85 MB after compression)
* 34939+31094                       445511.0000   208665.3500            53.16%
* 35123+31094                       444631.0000   208665.3500            53.07%
  35298 32258   456268.8511   154   444631.0000   208665.3500  4699330   53.07%
  35564 30494   297056.5781   170   444631.0000   208665.3500  4735114   53.07%
  35888 30740   280800.5234   226   444631.0000   208665.3500  4754309   53.07%
  36417 31147   427483.4237   178   444631.0000   208665.3500  4800071   53.07%
  36724 31191   285684.0453   185   444631.0000   208665.3500  4806702   53.07%

Performing restart 2

Repeating presolve.
Tried aggregator 1 time.
MIP Presolve eliminated 787 rows and 40 columns.
Reduced MIP has 36849 rows, 3174 columns, and 144171 nonzeros.
Reduced MIP has 3174 binaries, 0 generals, 0 SOSs, and 0 indicators.
Presolve time = 0.22 sec. (189.32 ticks)
Tried aggregator 1 time.
Reduced MIP has 36849 rows, 3174 columns, and 144171 nonzeros.
Reduced MIP has 3174 binaries, 0 generals, 0 SOSs, and 0 indicators.
Presolve time = 0.12 sec. (105.02 ticks)
Represolve time = 0.44 sec. (360.47 ticks)
  36737     0   192587.7755   233   444631.0000      Cuts: 37  4878725   52.93%
  36737     0   193051.2149   249   444631.0000      Cuts: 48  4878910   52.93%
  36737     0   193517.9490   247   444631.0000      Cuts: 66  4879183   52.93%
* 36737+    0                       442743.0000   209269.7004            52.73%
  36737     0  -1.00000e+75     0   442743.0000   209269.7004  4879183   52.73%
  36737     0   193810.3734   250   442743.0000      Cuts: 72  4879386   52.73%
  36737     0   194090.1473   249   442743.0000      Cuts: 83  4879679   52.73%
  36737     0   194230.9404   220   442743.0000      Cuts: 77  4879783   52.73%
  36737     0   194561.6171   260   442743.0000      Cuts: 56  4879963   52.73%
  36737     2   194561.6171   260   442743.0000   209269.7004  4879963   52.73%
  36746     9   225913.2166   190   442743.0000   209269.7004  4882739   52.73%
  36773    26   231590.8137   175   442743.0000   209269.7004  4888863   52.73%
  36815    56   238260.7930   148   442743.0000   209269.7004  4900793   52.73%
  36908   125   232393.1741   194   442743.0000   209269.7004  4920646   52.73%
Elapsed time = 3217.46 sec. (451988.94 ticks, tree = 4.64 MB, solutions = 35)
  37026   237   251027.1251   155   442743.0000   209269.7004  4952614   52.73%
  37138   317   274477.0234   140   442743.0000   209269.7004  4975138   52.73%
  37303   470   305085.0500   136   442743.0000   209269.7004  5009491   52.73%
Starting limited solution polishing.
  37463   611   289520.4930   187   442743.0000   209269.7004  5037345   52.73%
  37681   778   365021.2500    85   442743.0000   209269.7004  5069676   52.73%
  37893  1047   410814.7500   132   442743.0000   209269.7004  5110372   52.73%
  38222  1210   217353.4145   182   442743.0000   209269.7004  5137987   52.73%
  38516  1463   210558.0119   199   442743.0000   209269.7004  5176923   52.73%
  38877  1875   388000.5000   103   442743.0000   209269.7004  5256431   52.73%
  39167  2056   220247.4914   187   442743.0000   209269.7004  5284815   52.73%
Elapsed time = 3496.04 sec. (490223.62 ticks, tree = 26.64 MB, solutions = 35)
  39412  2369   278062.6734   203   442743.0000   209269.7004  5342112   52.73%
  39775  2645   288893.4693   200   442743.0000   209269.7004  5383620   52.73%
  40133  3057   222003.7566   186   442743.0000   209269.7004  5457491   52.73%
  40471  3281   285560.6131   224   442743.0000   209269.7004  5502090   52.73%

Implied bound cuts applied:  3
Zero-half cuts applied:  259
Lift and project cuts applied:  91

Root node processing (before b&c):
  Real time             =   21.72 sec. (16802.21 ticks)
Parallel b&c, 8 threads:
  Real time             = 3578.33 sec. (489474.01 ticks)
  Sync time (average)   =  775.53 sec.
  Wait time (average)   =    0.01 sec.
                          ------------
Total (root+branch&cut) = 3600.06 sec. (506276.22 ticks)
Status: Feasible
Obj: 442743

Instalacoes abertas:
Instalação 0 aberta
Instalação 1 aberta
Instalação 4 aberta
Instalação 8 aberta
Instalação 9 aberta
Instalação 13 aberta
Instalação 16 aberta
Instalação 20 aberta
Instalação 22 aberta
Instalação 31 aberta
Instalação 47 aberta
Instalação 49 aberta

Atribuições (cliente -> instalação):
Cliente 0 -> Instalação 9
Cliente 1 -> Instalação 49
Cliente 2 -> Instalação 0
Cliente 3 -> Instalação 8
Cliente 4 -> Instalação 4
Cliente 5 -> Instalação 47
Cliente 6 -> Instalação 47
Cliente 7 -> Instalação 31
Cliente 8 -> Instalação 4
Cliente 9 -> Instalação 1
Cliente 10 -> Instalação 16
Cliente 11 -> Instalação 22
Cliente 12 -> Instalação 1
Cliente 13 -> Instalação 1
Cliente 14 -> Instalação 20
Cliente 15 -> Instalação 0
Cliente 16 -> Instalação 49
Cliente 17 -> Instalação 13
Cliente 18 -> Instalação 16
Cliente 19 -> Instalação 47
Cliente 20 -> Instalação 13
Cliente 21 -> Instalação 4
Cliente 22 -> Instalação 22
Cliente 23 -> Instalação 13
Cliente 24 -> Instalação 16
Cliente 25 -> Instalação 16
Cliente 26 -> Instalação 8
Cliente 27 -> Instalação 9
Cliente 28 -> Instalação 31
Cliente 29 -> Instalação 20
Cliente 30 -> Instalação 13
Cliente 31 -> Instalação 47
Cliente 32 -> Instalação 47
Cliente 33 -> Instalação 49
Cliente 34 -> Instalação 49
Cliente 35 -> Instalação 0
Cliente 36 -> Instalação 22
Cliente 37 -> Instalação 9
Cliente 38 -> Instalação 8
Cliente 39 -> Instalação 1
Cliente 40 -> Instalação 31
Cliente 41 -> Instalação 4
Cliente 42 -> Instalação 9
Cliente 43 -> Instalação 9
Cliente 44 -> Instalação 0
Cliente 45 -> Instalação 8
Cliente 46 -> Instalação 20
Cliente 47 -> Instalação 1
Cliente 48 -> Instalação 4
Cliente 49 -> Instalação 20
