Version identifier: 22.1.1.0 | 2022-11-28 | 9160aff4d
CPXPARAM_TimeLimit                               3600
Found incumbent of value 1871920.000000 after 0.00 sec. (4.10 ticks)
Tried aggregator 1 time.
MIP Presolve eliminated 50 rows and 1 columns.
Reduced MIP has 63750 rows, 3774 columns, and 191150 nonzeros.
Reduced MIP has 3774 binaries, 0 generals, 0 SOSs, and 0 indicators.
Presolve time = 0.10 sec. (83.25 ticks)
Probing time = 0.03 sec. (8.81 ticks)
Tried aggregator 1 time.
Detecting symmetries...
Reduced MIP has 63750 rows, 3774 columns, and 191150 nonzeros.
Reduced MIP has 3774 binaries, 0 generals, 0 SOSs, and 0 indicators.
Presolve time = 0.13 sec. (101.60 ticks)
Probing time = 0.04 sec. (8.88 ticks)
Clique table members: 2500.
MIP emphasis: balance optimality and feasibility.
MIP search method: dynamic search.
Parallel mode: deterministic, using up to 8 threads.
Root relaxation solution time = 0.28 sec. (92.62 ticks)

        Nodes                                         Cuts/
   Node  Left     Objective  IInf  Best Integer    Best Bound    ItCnt     Gap

*     0+    0                      1871920.0000        0.0000           100.00%
      0     0    93774.0000   100  1871920.0000    93774.0000      186   94.99%
      0     0   106217.5000   100  1871920.0000    Cuts: 3136      374   94.33%
      0     0   118774.0000    98  1871920.0000    Cuts: 3045      658   93.65%
      0     0   131111.1667   149  1871920.0000    Cuts: 1232     2028   93.00%
*     0+    0                      1765017.0000   131111.1667            92.57%
      0     0  -1.00000e+75     0  1765017.0000   131111.1667     2028   92.57%
      0     0   135445.2619   216  1765017.0000 ZeroHalf: 1441     2563   92.33%
*     0+    0                      1607297.0000   135445.2619            91.57%
      0     0   143355.5625   174  1607297.0000     Cuts: 992     3490   91.08%
Detecting symmetries...
      0     0   151282.8544   182  1607297.0000    Cuts: 1491     4548   90.59%
*     0+    0                      1594598.0000   151282.8544            90.51%
*     0+    0                      1518129.0000   151282.8544            90.03%
      0     0  -1.00000e+75     0  1518129.0000   151282.8544     4548   90.03%
      0     0   159479.3044   221  1518129.0000     Cuts: 367     5492   89.50%
      0     0   164910.8965   195  1518129.0000     Cuts: 597     6388   89.14%
      0     0   169629.6644   208  1518129.0000     Cuts: 685     7294   88.83%
      0     0   173998.2582   206  1518129.0000     Cuts: 450     8148   88.54%
      0     0   177021.2508   202  1518129.0000     Cuts: 209     8594   88.34%
      0     0   180150.2302   210  1518129.0000     Cuts: 262     9203   88.13%
      0     0   182443.6615   248  1518129.0000 ZeroHalf: 117     9731   87.98%
*     0+    0                      1469081.0000   182443.6615            87.58%
      0     0   185676.4858   237  1469081.0000     Cuts: 632    10434   87.36%
      0     0   187547.9842   199  1469081.0000     Cuts: 256    11023   87.23%
      0     0   188704.5781   201  1469081.0000     Cuts: 437    11510   87.15%
      0     0   190624.0767   194  1469081.0000     Cuts: 227    12048   87.02%
*     0+    0                      1466412.0000   190624.0767            87.00%
      0     0   192367.3462   227  1466412.0000     Cuts: 228    12585   86.88%
      0     0   194021.7049   197  1466412.0000      Cuts: 95    13014   86.77%
      0     0   195757.1577   193  1466412.0000     Cuts: 279    13556   86.65%
      0     0   198087.8320   198  1466412.0000     Cuts: 169    14278   86.49%
      0     0   200165.1163   219  1466412.0000     Cuts: 129    14834   86.35%
*     0+    0                      1408737.0000   200165.1163            85.79%
      0     0   201956.4172   200  1408737.0000     Cuts: 273    15433   85.66%
*     0+    0                      1384571.0000   201956.4172            85.41%
*     0+    0                      1359694.0000   201956.4172            85.15%
      0     0  -1.00000e+75     0  1359694.0000   201956.4172    15433   85.15%
      0     0   203910.5537   205  1359694.0000     Cuts: 132    16123   85.00%
      0     0   205569.3611   199  1359694.0000     Cuts: 118    16679   84.88%
      0     0   207387.2406   189  1359694.0000      Cuts: 99    17188   84.75%
      0     0   208873.6351   218  1359694.0000     Cuts: 194    17726   84.64%
      0     0   210049.6618   248  1359694.0000      Cuts: 63    18167   84.55%
      0     0   211098.0164   226  1359694.0000     Cuts: 389    18630   84.47%
      0     0   212892.0866   212  1359694.0000     Cuts: 202    19217   84.34%
      0     0   213468.1192   204  1359694.0000      Cuts: 57    19538   84.30%
      0     0   214047.0431   203  1359694.0000     Cuts: 157    19788   84.26%
      0     0   214596.2953   226  1359694.0000     Cuts: 189    20068   84.22%
      0     0   214912.4126   227  1359694.0000      Cuts: 42    20293   84.19%
      0     0   215665.6839   217  1359694.0000     Cuts: 198    20679   84.14%
      0     0   216218.3785   222  1359694.0000      Cuts: 41    21007   84.10%
      0     0   216776.2628   219  1359694.0000      Cuts: 98    21291   84.06%
*     0+    0                      1353985.0000   216776.2628            83.99%
      0     0   217241.4182   213  1353985.0000      Cuts: 55    21526   83.96%
      0     0   217809.9020   216  1353985.0000     Cuts: 157    21880   83.91%
      0     0   218580.5085   226  1353985.0000      Cuts: 69    22148   83.86%
      0     0   219122.8970   224  1353985.0000      Cuts: 69    22481   83.82%
      0     0   219839.4367   223  1353985.0000     Cuts: 116    22891   83.76%
      0     0   220998.4993   210  1353985.0000     Cuts: 125    23355   83.68%
      0     0   221815.8416   238  1353985.0000     Cuts: 205    23719   83.62%
      0     0   222373.3953   212  1353985.0000     Cuts: 131    24159   83.58%
      0     0   222997.1583   220  1353985.0000     Cuts: 152    24578   83.53%
      0     0   223631.4408   220  1353985.0000      Cuts: 85    24998   83.48%
      0     0   224421.9873   250  1353985.0000      Cuts: 83    25518   83.43%
      0     0   225015.4032   229  1353985.0000     Cuts: 174    25812   83.38%
      0     0   225588.1548   218  1353985.0000     Cuts: 193    26088   83.34%
      0     0   226221.9839   219  1353985.0000      Cuts: 73    26440   83.29%
      0     0   226820.4962   247  1353985.0000     Cuts: 104    26781   83.25%
      0     0   227374.3278   248  1353985.0000      Cuts: 80    27144   83.21%
      0     0   227601.6767   227  1353985.0000     Cuts: 128    27339   83.19%
      0     0   227904.4796   219  1353985.0000      Cuts: 61    27520   83.17%
      0     0   228219.2469   220  1353985.0000      Cuts: 43    27709   83.14%
      0     0   228505.9147   219  1353985.0000      Cuts: 47    27940   83.12%
      0     0   229141.4272   224  1353985.0000     Cuts: 107    28220   83.08%
      0     0   229497.2323   225  1353985.0000  ZeroHalf: 30    28499   83.05%
      0     0   229891.8533   223  1353985.0000      Cuts: 95    28707   83.02%
      0     0   230487.8867   220  1353985.0000      Cuts: 57    29039   82.98%
      0     0   230968.4859   236  1353985.0000      Cuts: 64    29390   82.94%
      0     0   231294.1858   231  1353985.0000      Cuts: 63    29617   82.92%
      0     0   231444.2990   266  1353985.0000      Cuts: 37    29801   82.91%
      0     0   231752.9115   266  1353985.0000      Cuts: 66    30078   82.88%
      0     0   232187.7555   224  1353985.0000     Cuts: 228    30415   82.85%
      0     0   232861.8113   220  1353985.0000      Cuts: 59    30776   82.80%
      0     0   233237.6727   224  1353985.0000      Cuts: 70    31011   82.77%
      0     0   233770.3745   220  1353985.0000      Cuts: 79    31245   82.73%
      0     0   234053.0952   242  1353985.0000  ZeroHalf: 58    31459   82.71%
      0     0   234543.7401   245  1353985.0000      Cuts: 68    31762   82.68%
      0     0   234858.2437   221  1353985.0000      Cuts: 72    32024   82.65%
      0     0   235146.7454   221  1353985.0000  ZeroHalf: 48    32254   82.63%
      0     0   235585.2695   243  1353985.0000  ZeroHalf: 54    32657   82.60%
      0     0   236051.7791   224  1353985.0000      Cuts: 95    33024   82.57%
      0     0   236635.2669   224  1353985.0000      Cuts: 58    33335   82.52%
      0     0   237073.5726   254  1353985.0000      Cuts: 39    33584   82.49%
      0     0   237701.0750   228  1353985.0000      Cuts: 79    33935   82.44%
      0     0   238249.8036   220  1353985.0000      Cuts: 44    34290   82.40%
      0     0   238833.1245   223  1353985.0000      Cuts: 72    34529   82.36%
      0     0   239221.7188   217  1353985.0000      Cuts: 42    34772   82.33%
      0     0   239758.9869   253  1353985.0000      Cuts: 64    35095   82.29%
      0     0   240080.3455   244  1353985.0000      Cuts: 40    35318   82.27%
      0     0   240459.6252   234  1353985.0000      Cuts: 93    35588   82.24%
      0     0   240831.4895   232  1353985.0000      Cuts: 67    35792   82.21%
      0     0   241161.0156   219  1353985.0000     Cuts: 152    35962   82.19%
      0     0   241514.6479   219  1353985.0000      Cuts: 57    36143   82.16%
      0     0   241924.1711   207  1353985.0000  ZeroHalf: 24    36412   82.13%
      0     0   242258.5972   235  1353985.0000      Cuts: 58    36693   82.11%
      0     0   242672.3215   229  1353985.0000      Cuts: 73    36891   82.08%
      0     0   243083.0590   244  1353985.0000     Cuts: 132    37162   82.05%
      0     0   243459.6018   217  1353985.0000      Cuts: 44    37379   82.02%
      0     0   243743.9130   234  1353985.0000  ZeroHalf: 53    37603   82.00%
      0     0   244043.9760   221  1353985.0000     Cuts: 114    37862   81.98%
      0     0   244466.7189   232  1353985.0000  ZeroHalf: 30    38105   81.94%
      0     0   244674.9016   227  1353985.0000      Cuts: 53    38267   81.93%
      0     0   244875.2280   229  1353985.0000      Cuts: 28    38418   81.91%
Detecting symmetries...
      0     2   244875.2280   229  1353985.0000   244875.2280    38418   81.91%
Elapsed time = 86.25 sec. (57787.18 ticks, tree = 0.02 MB, solutions = 11)
      1     3   276721.7507   215  1353985.0000   244877.7740    39003   81.91%
      2     4   303935.6350   210  1353985.0000   244877.7740    39501   81.91%
      5     7   305948.2025   206  1353985.0000   244877.7740    40072   81.91%
      8    10   307659.3607   203  1353985.0000   244877.7740    40556   81.91%
     12    13   277270.8774   221  1353985.0000   244877.7740    41002   81.91%
     13    14   312820.0318   204  1353985.0000   244877.7740    41939   81.91%
     17    16   344788.2967   176  1353985.0000   244877.7740    42928   81.91%
     19     6   345684.1272   174  1353985.0000   244877.7740    40445   81.91%
     21    17   353153.6358   209  1353985.0000   244877.7740    43323   81.91%
     60    42   556708.2500   103  1353985.0000   244962.7572    50915   81.91%
Elapsed time = 122.45 sec. (61764.66 ticks, tree = 4.15 MB, solutions = 11)
    144   119   491489.8214   171  1353985.0000   244966.5177    68752   81.91%
    303   191   690242.0000    81  1353985.0000   244966.5177    80202   81.91%
    557   481   733724.5000    72  1353985.0000   244966.5177    97431   81.91%
    747   498   778837.5000    69  1353985.0000   244966.5177    98154   81.91%
    969   763   913873.0000    63  1353985.0000   244966.5177   112244   81.91%
   1192  1028  1004597.7500    88  1353985.0000   244966.5177   127038   81.91%
   1475  1292  1095057.0000    37  1353985.0000   244966.5177   139896   81.91%
   1745  1544  1147921.5000    38  1353985.0000   244966.5177   151512   81.91%

Performing restart 1

Repeating presolve.
Tried aggregator 1 time.
MIP Presolve eliminated 285 rows and 6 columns.
Reduced MIP has 63465 rows, 3768 columns, and 190295 nonzeros.
Reduced MIP has 3768 binaries, 0 generals, 0 SOSs, and 0 indicators.
Presolve time = 0.10 sec. (85.31 ticks)
Tried aggregator 1 time.
Reduced MIP has 63465 rows, 3768 columns, and 190295 nonzeros.
Reduced MIP has 3768 binaries, 0 generals, 0 SOSs, and 0 indicators.
Presolve time = 0.13 sec. (104.68 ticks)
Represolve time = 0.34 sec. (275.56 ticks)
*  1786+    0                      1351209.0000   244966.5177            81.87%
   1786     0   245254.2566   238  1351209.0000     Cuts: 102   168687   81.85%
   1786     0   245897.9653   239  1351209.0000      Cuts: 82   169016   81.80%
   1786     0   246639.7227   224  1351209.0000      Cuts: 98   169299   81.75%
   1786     0   247418.4213   226  1351209.0000      Cuts: 87   169617   81.69%
   1786     0   248400.0965   220  1351209.0000     Cuts: 137   169993   81.62%
   1786     0   248994.8442   230  1351209.0000     Cuts: 145   170307   81.57%
   1786     0   249671.2969   264  1351209.0000      Cuts: 96   170697   81.52%
   1786     0   250224.0553   261  1351209.0000     Cuts: 111   171028   81.48%
   1786     0   250858.1255   226  1351209.0000      Cuts: 98   171373   81.43%
   1786     0   251283.7041   251  1351209.0000     Cuts: 108   171655   81.40%
   1786     0   251664.3702   249  1351209.0000     Cuts: 115   172025   81.37%
   1786     0   252026.3483   248  1351209.0000      Cuts: 98   172319   81.35%
   1786     0   252425.3630   245  1351209.0000      Cuts: 68   172572   81.32%
   1786     0   252905.8345   256  1351209.0000     Cuts: 105   172884   81.28%
   1786     0   253443.7432   245  1351209.0000      Cuts: 52   173227   81.24%
   1786     0   253930.2990   243  1351209.0000      Cuts: 84   173517   81.21%
   1786     0   254311.1282   250  1351209.0000      Cuts: 58   173791   81.18%
   1786     0   254837.7211   248  1351209.0000      Cuts: 76   174117   81.14%
   1786     0   255339.1961   248  1351209.0000      Cuts: 52   174379   81.10%
   1786     0   255748.1652   243  1351209.0000      Cuts: 66   174557   81.07%
   1786     0   256092.3179   243  1351209.0000      Cuts: 55   174789   81.05%
   1786     0   256591.2552   244  1351209.0000     Cuts: 103   175027   81.01%
   1786     0   257199.2939   250  1351209.0000      Cuts: 67   175320   80.97%
   1786     0   257788.9256   251  1351209.0000      Cuts: 78   175625   80.92%
   1786     0   258510.8775   238  1351209.0000      Cuts: 75   175965   80.87%
   1786     0   259236.7007   253  1351209.0000     Cuts: 104   176356   80.81%
   1786     0   259775.0251   253  1351209.0000      Cuts: 62   176649   80.77%
   1786     0   260408.7063   249  1351209.0000      Cuts: 90   176991   80.73%
   1786     0   260884.0217   254  1351209.0000     Cuts: 107   177332   80.69%
   1786     0   261390.1406   257  1351209.0000      Cuts: 84   177618   80.66%
   1786     0   261638.6334   267  1351209.0000      Cuts: 83   177831   80.64%
   1786     0   261951.0501   269  1351209.0000      Cuts: 55   178081   80.61%
   1786     0   262294.7702   266  1351209.0000      Cuts: 75   178287   80.59%
   1786     0   262685.8607   251  1351209.0000      Cuts: 52   178547   80.56%
   1786     0   263026.0798   254  1351209.0000      Cuts: 77   178883   80.53%
   1786     0   263377.4731   252  1351209.0000      Cuts: 49   179083   80.51%
   1786     0   263711.4157   257  1351209.0000      Cuts: 69   179323   80.48%
   1786     0   264050.0407   258  1351209.0000      Cuts: 60   179533   80.46%
   1786     0   264332.3101   258  1351209.0000  ZeroHalf: 75   179768   80.44%
   1786     0   264593.8162   253  1351209.0000      Cuts: 38   179981   80.42%
   1786     0   264861.9444   274  1351209.0000      Cuts: 51   180251   80.40%
   1786     0   265103.7419   254  1351209.0000      Cuts: 69   180471   80.38%
   1786     0   265414.1296   260  1351209.0000      Cuts: 78   180750   80.36%
   1786     0   265612.0962   256  1351209.0000  ZeroHalf: 27   180950   80.34%
   1786     0   265845.7481   259  1351209.0000      Cuts: 81   181156   80.33%
   1786     0   266099.1116   250  1351209.0000      Cuts: 44   181403   80.31%
   1786     0   266336.5257   255  1351209.0000      Cuts: 84   181614   80.29%
   1786     0   266790.0072   259  1351209.0000      Cuts: 57   181935   80.26%
   1786     0   267335.6788   255  1351209.0000      Cuts: 47   182276   80.22%
   1786     0   267834.3218   240  1351209.0000      Cuts: 51   182545   80.18%
   1786     0   268136.3749   243  1351209.0000      Cuts: 56   182757   80.16%
   1786     0   268542.0271   243  1351209.0000  ZeroHalf: 51   183082   80.13%
   1786     0   268902.4931   251  1351209.0000     Cuts: 116   183357   80.10%
   1786     0   269166.3768   252  1351209.0000      Cuts: 48   183611   80.08%
   1786     0   269312.2921   238  1351209.0000      Cuts: 72   183808   80.07%
   1786     0   269726.0562   256  1351209.0000     Cuts: 106   184127   80.04%
   1786     0   270011.4267   261  1351209.0000      Cuts: 71   184352   80.02%
   1786     0   270376.1178   242  1351209.0000      Cuts: 73   184694   79.99%
   1786     0   270821.9442   250  1351209.0000     Cuts: 115   185079   79.96%
   1786     0   271172.7973   252  1351209.0000      Cuts: 66   185393   79.93%
   1786     0   271491.3772   244  1351209.0000  ZeroHalf: 70   185660   79.91%
   1786     0   271896.1469   244  1351209.0000      Cuts: 97   185933   79.88%
   1786     0   272136.3111   252  1351209.0000      Cuts: 54   186195   79.86%
   1786     0   272672.5084   237  1351209.0000  ZeroHalf: 62   186557   79.82%
   1786     0   273022.3548   235  1351209.0000      Cuts: 69   186875   79.79%
   1786     0   273285.8191   270  1351209.0000  ZeroHalf: 48   187087   79.77%
   1786     0   273440.0835   270  1351209.0000      Cuts: 83   187301   79.76%
   1786     0   273713.9881   264  1351209.0000  ZeroHalf: 63   187548   79.74%
   1786     0   273940.0027   242  1351209.0000      Cuts: 69   187780   79.73%
   1786     0   274145.4410   263  1351209.0000      Cuts: 61   187984   79.71%
   1786     0   274315.3390   270  1351209.0000  ZeroHalf: 37   188235   79.70%
   1786     0   274548.7497   270  1351209.0000  ZeroHalf: 36   188443   79.68%
   1786     0   274800.0488   277  1351209.0000      Cuts: 70   188684   79.66%
   1786     0   275138.7580   265  1351209.0000      Cuts: 58   188946   79.64%
   1786     0   275379.3154   243  1351209.0000      Cuts: 55   189201   79.62%
   1786     0   275577.8485   273  1351209.0000      Cuts: 67   189404   79.61%
   1786     0   275855.5575   249  1351209.0000  ZeroHalf: 43   189677   79.58%
   1786     0   276175.7962   249  1351209.0000      Cuts: 71   189882   79.56%
   1786     0   276488.2429   245  1351209.0000      Cuts: 44   190170   79.54%
   1786     0   276723.7700   266  1351209.0000  ZeroHalf: 34   190350   79.52%
   1786     0   277110.4421   248  1351209.0000      Cuts: 67   190676   79.49%
   1786     0   277414.1073   276  1351209.0000      Cuts: 81   190930   79.47%
   1786     0   277723.9992   249  1351209.0000      Cuts: 65   191242   79.45%
   1786     0   277915.4948   277  1351209.0000      Cuts: 75   191440   79.43%
   1786     0   278136.1615   288  1351209.0000      Cuts: 55   191723   79.42%
   1786     0   278537.6704   279  1351209.0000      Cuts: 67   192056   79.39%
   1786     0   278906.6628   249  1351209.0000      Cuts: 53   192372   79.36%
   1786     0   279172.8102   277  1351209.0000      Cuts: 68   192625   79.34%
   1786     0   279472.7651   273  1351209.0000      Cuts: 50   192904   79.32%
   1786     0   279743.4848   262  1351209.0000      Cuts: 49   193139   79.30%
   1786     0   279917.0519   252  1351209.0000      Cuts: 50   193318   79.28%
   1786     0   280208.9587   256  1351209.0000      Cuts: 48   193536   79.26%
   1786     0   280453.4803   257  1351209.0000      Cuts: 53   193801   79.24%
   1786     0   280652.7097   247  1351209.0000      Cuts: 44   194012   79.23%
   1786     2   280652.7097   247  1351209.0000   280652.7097   194012   79.23%
   1787     3   304677.5653   232  1351209.0000   280653.8512   194242   79.23%
Elapsed time = 337.23 sec. (154595.05 ticks, tree = 0.02 MB, solutions = 12)
   1788     4   304711.6422   232  1351209.0000   280653.8512   194312   79.23%
   1790     4   330247.2639   199  1351209.0000   280781.9939   195323   79.22%
   1791     5   304854.2277   230  1351209.0000   280781.9939   194521   79.22%
   1793     8   304903.5293   229  1351209.0000   280781.9939   195810   79.22%
   1798     6   339831.5655   193  1351209.0000   280819.6185   195301   79.22%
   1802     9   336058.5760   211  1351209.0000   280821.2392   197341   79.22%
   1809    17   281015.5248   231  1351209.0000   280821.2392   200261   79.22%
   1814    21   340969.3162   199  1351209.0000   280821.2392   201129   79.22%
   1819    24   339796.7373   195  1351209.0000   280821.2392   202111   79.22%
   1822    23   305091.0573   209  1351209.0000   280821.2392   201326   79.22%
Elapsed time = 455.09 sec. (167532.25 ticks, tree = 2.03 MB, solutions = 12)
   1827    26   376774.8472   172  1351209.0000   280821.2392   203026   79.22%
   1831    30   341586.1734   221  1351209.0000   280821.2392   203537   79.22%
   1838    43   337460.2310   213  1351209.0000   280821.2392   206282   79.22%
   1843    49   314830.5369   232  1351209.0000   280821.2392   207666   79.22%
   1849    44   337666.2671   212  1351209.0000   280821.2392   206415   79.22%
   1853    53   305294.5831   213  1351209.0000   280821.2392   207797   79.22%
   1862    70   305731.7721   232  1351209.0000   280821.2392   209682   79.22%
   1883    82   281413.0706   230  1351209.0000   280821.2392   210857   79.22%
   1912    76   341481.5526   200  1351209.0000   280821.2392   210077   79.22%
   1927   121   281593.5126   237  1351209.0000   280821.2392   216677   79.22%
Elapsed time = 571.23 sec. (178574.29 ticks, tree = 3.53 MB, solutions = 12)
   1954   100   316268.9353   213  1351209.0000   280821.2392   214832   79.22%
   1972   135   282239.9685   225  1351209.0000   280821.2392   218895   79.22%
   1998   132   341118.8345   205  1351209.0000   280821.2392   220422   79.22%
   2043   218   341336.8318   209  1351209.0000   280821.2392   240271   79.22%
   2069   204   318043.9417   208  1351209.0000   280821.2392   234306   79.22%
   2092   249   340752.2836   220  1351209.0000   280821.2392   248805   79.22%
   2122   303   318613.7862   208  1351209.0000   280821.2392   260719   79.22%
   2146   277   347783.5602   217  1351209.0000   280821.2392   255796   79.22%
   2161   315   320501.5902   197  1351209.0000   280821.2392   263665   79.22%
   2183   318   320747.9794   194  1351209.0000   280821.2392   264986   79.22%
Elapsed time = 672.47 sec. (188459.36 ticks, tree = 22.80 MB, solutions = 12)
   2216   345   353067.4858   187  1351209.0000   280821.2392   273376   79.22%
   2261   380   286612.9535   215  1351209.0000   280821.2392   281934   79.22%
   2292   373   322498.0825   193  1351209.0000   280821.2392   278076   79.22%
   2329   426   312071.8100   200  1351209.0000   280821.2392   301523   79.22%
   2349   492   353753.9209   187  1351209.0000   280821.2392   316253   79.22%
   2372   480   288997.4346   188  1351209.0000   280821.2392   314456   79.22%
   2411   487   289440.9274   191  1351209.0000   280821.2392   315094   79.22%
   2439   521   365728.5210   233  1351209.0000   280821.2392   324345   79.22%
   2453   542   363647.3910   184  1351209.0000   280821.2392   326834   79.22%
   2484   635   370506.3187   215  1351209.0000   280821.2392   351289   79.22%
Elapsed time = 776.58 sec. (198222.76 ticks, tree = 29.36 MB, solutions = 12)
   2510   635   290737.6106   210  1351209.0000   280821.2392   346337   79.22%
   2531   690   356985.7966   172  1351209.0000   280821.2392   364466   79.22%
   2561   659   360784.1007   187  1351209.0000   280821.2392   357323   79.22%
   2594   717   375554.8191   179  1351209.0000   280821.2392   373187   79.22%
   2617   725   332288.9631   206  1351209.0000   280821.2392   373634   79.22%
   2636   752   351497.6733   207  1351209.0000   280821.2392   378847   79.22%
   2663   747   292223.2499   205  1351209.0000   280821.2392   375446   79.22%
   2684   851   372100.4658   191  1351209.0000   280821.2392   398485   79.22%
   2699   748   292348.9840   233  1351209.0000   280821.2392   375605   79.22%
   2708   854   372574.6211   188  1351209.0000   280821.2392   399375   79.22%
Elapsed time = 887.47 sec. (208355.80 ticks, tree = 41.94 MB, solutions = 12)
   2735   872   355827.9688   241  1351209.0000   280821.2392   401750   79.22%
   2758   878   356459.9924   228  1351209.0000   280821.2392   402691   79.22%
   2786   927   321441.4252   225  1351209.0000   280821.2392   411202   79.22%
   2802   925   416599.7087   242  1351209.0000   280821.2392   411896   79.22%
   2826   930   321579.5815   201  1351209.0000   280821.2392   411314   79.22%
   2851   937   321648.8670   201  1351209.0000   280821.2392   411453   79.22%
   2868   953   383726.3137   208  1351209.0000   280821.2392   414324   79.22%
   2898   955   384233.3638   209  1351209.0000   280821.2392   414476   79.22%
   2929  1059   342121.4905   210  1351209.0000   280821.2392   429040   79.22%
   2948  1040   323655.2108   178  1351209.0000   280821.2392   425426   79.22%
Elapsed time = 991.46 sec. (218359.12 ticks, tree = 90.53 MB, solutions = 12)
   2990  1058   415833.1568   201  1351209.0000   280821.2392   426873   79.22%
   3037  1031   376278.5106   186  1351209.0000   280821.2392   423764   79.22%
   3075  1164   426045.9648   203  1351209.0000   280821.2392   438110   79.22%
   3099  1172   451127.1781   198  1351209.0000   280821.2392   438658   79.22%
   3127  1234   371742.4065   188  1351209.0000   280821.2392   448583   79.22%
   3155  1178   429951.4790   222  1351209.0000   280821.2392   438990   79.22%
   3181  1290   396031.4959   213  1351209.0000   280821.2392   452054   79.22%
   3218  1297   401075.3437   209  1351209.0000   280821.2392   452103   79.22%
   3278  1293   370066.4960   200  1351209.0000   280821.2392   454468   79.22%
   3319  1453   411867.6405   185  1351209.0000   280821.2392   467894   79.22%
Elapsed time = 1102.83 sec. (228556.03 ticks, tree = 223.40 MB, solutions = 12)
   3357  1461   436848.0609   182  1351209.0000   280821.2392   468491   79.22%
   3393  1376   381212.5760   196  1351209.0000   280821.2392   460052   79.22%
   3439  1397   393902.7032   190  1351209.0000   280821.2392   463660   79.22%
   3487  1502   438815.8299   170  1351209.0000   280821.2392   476203   79.22%
   3518  1508   440122.3603   200  1351209.0000   280821.2392   477053   79.22%
   3562  1597   358650.5538   202  1351209.0000   280821.2392   484894   79.22%
   3604  1572   424885.8061   164  1351209.0000   280821.2392   482046   79.22%
   3667  1711   303998.9470   221  1351209.0000   280821.2392   492506   79.22%
   3742  1765   388761.8087   215  1351209.0000   280821.2392   495638   79.22%
   3969  2021   396802.1911   196  1351209.0000   280821.2392   518344   79.22%
Elapsed time = 1235.43 sec. (241136.78 ticks, tree = 491.65 MB, solutions = 12)
   4125  2054   402109.6609   184  1351209.0000   280821.2392   520038   79.22%
   4338  2362   312629.3416   233  1351209.0000   280821.2392   542920   79.22%
   4546  2595   382955.6602   194  1351209.0000   280821.2392   556363   79.22%
   4742  2824   394534.3290   195  1351209.0000   280821.2392   567882   79.22%
   4968  2940   323404.5924   175  1351209.0000   280821.2392   574429   79.22%
   5192  3321   584904.9350   167  1351209.0000   280821.2392   596700   79.22%
   5439  3346   469022.0341   187  1351209.0000   280821.2392   597118   79.22%
   5741  3548   515850.6199   185  1351209.0000   280821.2392   615813   79.22%
   5989  3831   442757.4379   186  1351209.0000   280821.2392   632562   79.22%
   6206  4267   483470.3403   134  1351209.0000   280821.2392   655993   79.22%
Elapsed time = 1650.00 sec. (279388.59 ticks, tree = 1588.93 MB, solutions = 12)
   6461  4438   690730.1250   120  1351209.0000   280821.2392   661877   79.22%
   6741  4648   626202.3525   150  1351209.0000   280821.2392   674232   79.22%
   7107  4947   480360.1250   145  1351209.0000   280821.2392   688686   79.22%
   7425  5312   544594.2716   175  1351209.0000   280821.2392   701406   79.22%
   7750  5574  1213991.0000    69  1351209.0000   280821.2392   712284   79.22%
   8157  5901   950539.0000   108  1351209.0000   280821.2392   721693   79.22%
   8486  6137   659957.0476   158  1351209.0000   280821.2392   729549   79.22%
   8821  6660  1320559.8333    83  1351209.0000   280821.2392   749420   79.22%
*  8967+ 6855                      1348206.0000   280821.2392            79.17%
*  8971+ 6855                      1347584.0000   280821.2392            79.16%
   9184  7148   757890.2560   157  1347584.0000   280821.2392   776107   79.16%
*  9299+ 7154                      1345268.0000   280821.2392            79.13%
*  9303+ 7154                      1337539.0000   280821.2392            79.00%
   9462  7232   484957.4472   199  1337539.0000   280821.2392   788991   79.00%
Elapsed time = 2011.60 sec. (317659.61 ticks, tree = 3047.94 MB, solutions = 16)
Nodefile size = 976.65 MB (631.63 MB after compression)
   9678  7751   953504.1667   161  1337539.0000   281038.6205   824165   78.99%
*  9798+ 7845                      1337457.0000   281038.6205            78.99%
   9986  7746   372342.5225   209  1337457.0000   281038.6205   826838   78.99%
  10251  8036  1332666.7500    97  1337457.0000   281038.6205   853832   78.99%
  10449  8464   520272.7009   181  1337457.0000   281100.6519   902025   78.98%
  10706  8604   692208.4211   143  1337457.0000   281298.5983   920863   78.97%
  10970  8824   504156.8922   188  1337457.0000   281298.5983   943514   78.97%
  11231  9124   443313.0223   205  1337457.0000   281298.5983   980411   78.97%
  11458  9282   852237.4821   151  1337457.0000   281298.5983   989679   78.97%
  11769  9670   950370.0500    93  1337457.0000   281298.5983  1028613   78.97%
  12105  9781   685630.9171   169  1337457.0000   281298.5983  1043481   78.97%
Elapsed time = 2420.72 sec. (356013.06 ticks, tree = 4298.40 MB, solutions = 17)
Nodefile size = 2220.27 MB (1442.30 MB after compression)
  12443 10259   820763.1875    77  1337457.0000   281298.5983  1079368   78.97%
  12900 10596   563458.8967   170  1337457.0000   281298.5983  1107639   78.97%
  13328 10923   724529.0000    81  1337457.0000   281365.1424  1125280   78.96%
  13807 11627   591354.1250   133  1337457.0000   281365.1424  1162297   78.96%
  14191 11648   867073.3000   102  1337457.0000   281365.1424  1160420   78.96%
  14577 12259   940709.2500    90  1337457.0000   281365.1424  1191778   78.96%
  14970 12441   891383.2500   115  1337457.0000   281365.1424  1203501   78.96%
  15460 12887   761860.5500   154  1337457.0000   281369.3554  1231505   78.96%
  15931 13694  1208278.3333   108  1337457.0000   281369.3554  1268993   78.96%
  16219 13891  1223066.6667   114  1337457.0000   281369.3554  1274003   78.96%
Elapsed time = 2762.39 sec. (394263.83 ticks, tree = 6009.81 MB, solutions = 17)
Nodefile size = 3875.46 MB (2530.52 MB after compression)
  16374 14124  1111506.0000    76  1337457.0000   281369.3554  1300208   78.96%
  16557 14543   335547.2063   250  1337457.0000   281369.3554  1353544   78.96%
  16778 14611   414608.6643   224  1337457.0000   281369.3554  1382326   78.96%
  16901 14631   491552.8894   206  1337457.0000   282146.0247  1380379   78.90%
  17061 14922   742214.7670   138  1337457.0000   282146.6848  1415938   78.90%
  17302 15045   551194.2701   173  1337457.0000   282146.6848  1441559   78.90%
  17523 15146   803990.9000   128  1337457.0000   282146.6848  1460913   78.90%
  17747 15544   579131.4197   178  1337457.0000   282146.6848  1528425   78.90%
  17937 15665   427835.4269   228  1337457.0000   282611.4992  1537183   78.87%
  18141 16027   326878.0215   223  1337457.0000   283161.4087  1577958   78.83%
Elapsed time = 3097.37 sec. (432649.86 ticks, tree = 6852.87 MB, solutions = 17)
Nodefile size = 4782.79 MB (3094.07 MB after compression)
  18300 16176   358630.0230   240  1337457.0000   283161.4087  1599229   78.83%
  18514 16401   305489.0177   235  1337457.0000   283247.5938  1621704   78.82%
  18815 16465   325164.5400   198  1337457.0000   283247.5938  1628518   78.82%
  19067 16530   393271.2492   245  1337457.0000   285578.9180  1639051   78.65%
Starting limited solution polishing.
  19344 16908   374724.7864   257  1337457.0000   287653.2494  1676982   78.49%
* 19445+16920                      1334344.0000   288455.0687            78.38%
  19636 17377   398951.0607   226  1334344.0000   288455.0687  1728128   78.38%
* 19740+17328                      1321682.0000   288455.0687            78.18%
  19954 17699   417695.6784   271  1321682.0000   288455.0687  1762602   78.18%
  20215 17577   423388.6412   269  1321682.0000   288455.0687  1750864   78.18%
  20328 18080   404426.3675   265  1321682.0000   288455.0687  1798934   78.18%
  20387 18088   455942.3206   211  1321682.0000   288455.0687  1798449   78.18%
Elapsed time = 3405.59 sec. (471036.79 ticks, tree = 7866.54 MB, solutions = 22)
Nodefile size = 5791.72 MB (3731.86 MB after compression)
  20416 18103   346641.2725   227  1321682.0000   288959.6162  1802584   78.14%
* 20425+18141                      1316689.0000   288959.6162            78.05%
  20545 18151   422406.6928   257  1316689.0000   288959.6162  1806227   78.05%
  20771 18450   382464.8348   257  1316689.0000   288959.6162  1835037   78.05%
* 20892+18641                      1316643.0000   288971.2800            78.05%
* 20967+18641                      1307978.0000   288971.2800            77.91%
  20993 18715   360515.8915   241  1307978.0000   289591.9928  1868300   77.86%
* 21046+18783                      1305925.0000   289591.9928            77.82%
* 21059+18783                      1298505.0000   289591.9928            77.70%
* 21141+18783                      1295057.0000   290083.5215            77.60%
  21217 19005   394866.0428   283  1295057.0000   290083.5215  1902993   77.60%
  21498 18928   463149.5241   283  1295057.0000   290083.5215  1887607   77.60%

Implied bound cuts applied:  400
Zero-half cuts applied:  297
Lift and project cuts applied:  2

Root node processing (before b&c):
  Real time             =   86.17 sec. (57677.05 ticks)
Parallel b&c, 8 threads:
  Real time             = 3516.30 sec. (441490.01 ticks)
  Sync time (average)   =  558.61 sec.
  Wait time (average)   =    0.01 sec.
                          ------------
Total (root+branch&cut) = 3602.46 sec. (499167.05 ticks)
Status: Feasible
Obj: 1295057

Instalacoes abertas:
Instalação 0 aberta
Instalação 1 aberta
Instalação 2 aberta
Instalação 4 aberta
Instalação 5 aberta
Instalação 8 aberta
Instalação 9 aberta
Instalação 12 aberta
Instalação 13 aberta
Instalação 15 aberta
Instalação 16 aberta
Instalação 18 aberta
Instalação 19 aberta
Instalação 20 aberta
Instalação 22 aberta
Instalação 23 aberta
Instalação 25 aberta
Instalação 27 aberta
Instalação 28 aberta
Instalação 30 aberta
Instalação 31 aberta
Instalação 34 aberta
Instalação 35 aberta
Instalação 39 aberta
Instalação 42 aberta
Instalação 43 aberta
Instalação 46 aberta
Instalação 47 aberta
Instalação 49 aberta

Atribuições (cliente -> instalação):
Cliente 0 -> Instalação 47
Cliente 1 -> Instalação 34
Cliente 2 -> Instalação 2
Cliente 3 -> Instalação 39
Cliente 4 -> Instalação 19
Cliente 5 -> Instalação 5
Cliente 6 -> Instalação 47
Cliente 7 -> Instalação 23
Cliente 8 -> Instalação 42
Cliente 9 -> Instalação 0
Cliente 10 -> Instalação 18
Cliente 11 -> Instalação 22
Cliente 12 -> Instalação 12
Cliente 13 -> Instalação 30
Cliente 14 -> Instalação 30
Cliente 15 -> Instalação 16
Cliente 16 -> Instalação 42
Cliente 17 -> Instalação 20
Cliente 18 -> Instalação 1
Cliente 19 -> Instalação 13
Cliente 20 -> Instalação 18
Cliente 21 -> Instalação 47
Cliente 22 -> Instalação 25
Cliente 23 -> Instalação 23
Cliente 24 -> Instalação 35
Cliente 25 -> Instalação 49
Cliente 26 -> Instalação 0
Cliente 27 -> Instalação 27
Cliente 28 -> Instalação 28
Cliente 29 -> Instalação 31
Cliente 30 -> Instalação 5
Cliente 31 -> Instalação 16
Cliente 32 -> Instalação 43
Cliente 33 -> Instalação 1
Cliente 34 -> Instalação 49
Cliente 35 -> Instalação 35
Cliente 36 -> Instalação 8
Cliente 37 -> Instalação 39
Cliente 38 -> Instalação 46
Cliente 39 -> Instalação 13
Cliente 40 -> Instalação 2
Cliente 41 -> Instalação 46
Cliente 42 -> Instalação 4
Cliente 43 -> Instalação 20
Cliente 44 -> Instalação 4
Cliente 45 -> Instalação 8
Cliente 46 -> Instalação 9
Cliente 47 -> Instalação 19
Cliente 48 -> Instalação 9
Cliente 49 -> Instalação 15
