Version identifier: 22.1.1.0 | 2022-11-28 | 9160aff4d
CPXPARAM_TimeLimit                               3600
Found incumbent of value 1871920.000000 after 0.00 sec. (4.10 ticks)
Tried aggregator 1 time.
MIP Presolve eliminated 50 rows and 1 columns.
Reduced MIP has 63750 rows, 3774 columns, and 191150 nonzeros.
Reduced MIP has 3774 binaries, 0 generals, 0 SOSs, and 0 indicators.
Presolve time = 0.10 sec. (83.25 ticks)
Probing time = 0.03 sec. (8.81 ticks)
Tried aggregator 1 time.
Detecting symmetries...
Reduced MIP has 63750 rows, 3774 columns, and 191150 nonzeros.
Reduced MIP has 3774 binaries, 0 generals, 0 SOSs, and 0 indicators.
Presolve time = 0.12 sec. (101.60 ticks)
Probing time = 0.04 sec. (8.88 ticks)
Clique table members: 2500.
MIP emphasis: balance optimality and feasibility.
MIP search method: dynamic search.
Parallel mode: deterministic, using up to 8 threads.
Root relaxation solution time = 0.25 sec. (92.62 ticks)

        Nodes                                         Cuts/
   Node  Left     Objective  IInf  Best Integer    Best Bound    ItCnt     Gap

*     0+    0                      1871920.0000        0.0000           100.00%
      0     0    93774.0000   100  1871920.0000    93774.0000      186   94.99%
      0     0   106217.5000   100  1871920.0000    Cuts: 3136      374   94.33%
      0     0   118774.0000    98  1871920.0000    Cuts: 3045      658   93.65%
      0     0   131111.1667   149  1871920.0000    Cuts: 1232     2028   93.00%
*     0+    0                      1739550.0000   131111.1667            92.46%
      0     0  -1.00000e+75     0  1739550.0000   131111.1667     2028   92.46%
      0     0   135445.2619   216  1739550.0000 ZeroHalf: 1441     2563   92.21%
*     0+    0                      1645743.0000   135445.2619            91.77%
      0     0   143355.5625   174  1645743.0000     Cuts: 992     3490   91.29%
Detecting symmetries...
      0     0   151282.8544   182  1645743.0000    Cuts: 1491     4548   90.81%
*     0+    0                      1573053.0000   151282.8544            90.38%
*     0+    0                      1553531.0000   151282.8544            90.26%
*     0+    0                      1552746.0000   151282.8544            90.26%
      0     0  -1.00000e+75     0  1552746.0000   151282.8544     4548   90.26%
*     0+    0                      1418196.0000   151282.8544            89.33%
      0     0   159479.3044   221  1418196.0000     Cuts: 367     5492   88.75%
      0     0   164910.8965   195  1418196.0000     Cuts: 597     6388   88.37%
      0     0   169629.6644   208  1418196.0000     Cuts: 685     7294   88.04%
      0     0   173998.2582   206  1418196.0000     Cuts: 450     8148   87.73%
      0     0   177021.2508   202  1418196.0000     Cuts: 209     8594   87.52%
      0     0   180150.2302   210  1418196.0000     Cuts: 262     9203   87.30%
      0     0   182443.6615   248  1418196.0000 ZeroHalf: 117     9731   87.14%
      0     0   185676.4858   237  1418196.0000     Cuts: 632    10434   86.91%
      0     0   187547.9842   199  1418196.0000     Cuts: 256    11023   86.78%
      0     0   188704.5781   201  1418196.0000     Cuts: 437    11510   86.69%
      0     0   190624.0767   194  1418196.0000     Cuts: 227    12048   86.56%
      0     0   192367.3462   227  1418196.0000     Cuts: 228    12585   86.44%
      0     0   194021.7049   197  1418196.0000      Cuts: 95    13014   86.32%
      0     0   195757.1577   193  1418196.0000     Cuts: 279    13557   86.20%
      0     0   198087.8320   198  1418196.0000     Cuts: 169    14212   86.03%
*     0+    0                      1346968.0000   198087.8320            85.29%
      0     0   200165.1163   219  1346968.0000     Cuts: 130    14761   85.14%
      0     0   201955.8028   201  1346968.0000     Cuts: 273    15309   85.01%
      0     0   204399.3302   191  1346968.0000     Cuts: 144    15914   84.83%
      0     0   206139.4813   188  1346968.0000      Cuts: 89    16464   84.70%
      0     0   207688.6762   221  1346968.0000     Cuts: 112    16988   84.58%
      0     0   209050.0502   232  1346968.0000     Cuts: 131    17513   84.48%
*     0+    0                      1339536.0000   209050.0502            84.39%
      0     0   210351.2373   231  1339536.0000     Cuts: 218    17972   84.30%
      0     0   211685.5791   226  1339536.0000      Cuts: 95    18363   84.20%
      0     0   212970.4901   208  1339536.0000     Cuts: 204    18795   84.10%
      0     0   214034.8683   221  1339536.0000     Cuts: 164    19195   84.02%
      0     0   215554.9334   234  1339536.0000     Cuts: 124    19669   83.91%
      0     0   216682.3723   242  1339536.0000     Cuts: 233    20052   83.82%
      0     0   217363.7236   204  1339536.0000     Cuts: 208    20395   83.77%
      0     0   218730.9260   219  1339536.0000     Cuts: 137    20961   83.67%
      0     0   219596.7948   222  1339536.0000     Cuts: 164    21378   83.61%
      0     0   220542.8754   225  1339536.0000  ZeroHalf: 86    21749   83.54%
      0     0   221509.3182   211  1339536.0000      Cuts: 93    22225   83.46%
      0     0   221983.5912   223  1339536.0000     Cuts: 134    22476   83.43%
      0     0   222512.6848   221  1339536.0000     Cuts: 128    22881   83.39%
      0     0   222928.1085   222  1339536.0000     Cuts: 107    23192   83.36%
      0     0   223513.5085   211  1339536.0000      Cuts: 79    23477   83.31%
      0     0   224165.3382   229  1339536.0000     Cuts: 107    23794   83.27%
      0     0   224625.7401   222  1339536.0000     Cuts: 226    24139   83.23%
      0     0   225211.5662   212  1339536.0000     Cuts: 114    24448   83.19%
      0     0   225654.1244   247  1339536.0000     Cuts: 135    24788   83.15%
      0     0   225982.4874   243  1339536.0000      Cuts: 60    25032   83.13%
      0     0   226306.1223   217  1339536.0000     Cuts: 205    25212   83.11%
      0     0   226704.1805   221  1339536.0000      Cuts: 64    25483   83.08%
      0     0   227317.1179   242  1339536.0000  ZeroHalf: 61    25802   83.03%
*     0+    0                      1316227.0000   227317.1179            82.73%
      0     0   227711.9180   241  1316227.0000      Cuts: 59    26002   82.70%
      0     0   228301.2817   209  1316227.0000     Cuts: 220    26309   82.65%
      0     0   229276.9748   222  1316227.0000      Cuts: 82    26839   82.58%
      0     0   229892.1797   225  1316227.0000      Cuts: 70    27194   82.53%
      0     0   230384.2306   215  1316227.0000      Cuts: 62    27503   82.50%
      0     0   230959.6572   215  1316227.0000     Cuts: 107    27883   82.45%
*     0+    0                      1312283.0000   230959.6572            82.40%
      0     0   231276.2341   222  1312283.0000      Cuts: 81    28151   82.38%
      0     0   231670.6903   234  1312283.0000  ZeroHalf: 66    28423   82.35%
      0     0   232068.4490   237  1312283.0000     Cuts: 109    28710   82.32%
      0     0   232550.3173   217  1312283.0000     Cuts: 164    29077   82.28%
      0     0   233113.6877   235  1312283.0000      Cuts: 54    29476   82.24%
      0     0   233400.1287   222  1312283.0000     Cuts: 133    29706   82.21%
      0     0   233639.8626   224  1312283.0000     Cuts: 128    29959   82.20%
      0     0   234133.4001   224  1312283.0000      Cuts: 59    30276   82.16%
      0     0   234689.0033   232  1312283.0000      Cuts: 95    30558   82.12%
      0     0   235222.8147   228  1312283.0000      Cuts: 71    30918   82.08%
      0     0   235913.3399   245  1312283.0000      Cuts: 85    31268   82.02%
      0     0   236373.8992   237  1312283.0000      Cuts: 61    31466   81.99%
      0     0   237051.0384   228  1312283.0000     Cuts: 179    31846   81.94%
      0     0   237399.5541   222  1312283.0000      Cuts: 87    32077   81.91%
      0     0   237817.1214   246  1312283.0000      Cuts: 66    32399   81.88%
      0     0   238300.8311   228  1312283.0000     Cuts: 154    32779   81.84%
      0     0   238687.8173   232  1312283.0000      Cuts: 69    33132   81.81%
      0     0   239353.1856   226  1312283.0000      Cuts: 58    33430   81.76%
      0     0   239909.9527   223  1312283.0000      Cuts: 69    33787   81.72%
      0     0   240530.3477   225  1312283.0000      Cuts: 96    34117   81.67%
      0     0   241076.9936   226  1312283.0000      Cuts: 93    34500   81.63%
      0     0   241693.7155   226  1312283.0000      Cuts: 75    34846   81.58%
      0     0   242256.1707   267  1312283.0000      Cuts: 44    35206   81.54%
      0     0   242760.0923   268  1312283.0000      Cuts: 68    35525   81.50%
      0     0   243080.6978   271  1312283.0000     Cuts: 112    35804   81.48%
      0     0   243373.6856   244  1312283.0000  ZeroHalf: 95    36081   81.45%
      0     0   243724.6376   219  1312283.0000     Cuts: 153    36408   81.43%
      0     0   244118.1577   234  1312283.0000     Cuts: 101    36689   81.40%
      0     0   244688.5242   263  1312283.0000     Cuts: 106    37059   81.35%
      0     0   245120.6515   240  1312283.0000      Cuts: 50    37378   81.32%
      0     0   245455.3137   228  1312283.0000     Cuts: 122    37643   81.30%
      0     0   245852.0568   253  1312283.0000  ZeroHalf: 40    37969   81.27%
      0     0   246084.4178   260  1312283.0000      Cuts: 86    38187   81.25%
      0     0   246304.7721   227  1312283.0000     Cuts: 112    38412   81.23%
      0     0   246601.2596   231  1312283.0000      Cuts: 42    38659   81.21%
      0     0   246875.0163   234  1312283.0000  ZeroHalf: 45    38864   81.19%
      0     0   247137.1682   229  1312283.0000      Cuts: 37    39005   81.17%
*     0+    0                      1306444.0000   247137.1682            81.08%
      0     0   247412.4357   255  1306444.0000      Cuts: 46    39228   81.06%
*     0+    0                      1294235.0000   247412.4357            80.88%
*     0+    0                      1291273.0000   247412.4357            80.84%
      0     0  -1.00000e+75     0  1291273.0000   247412.4357    39228   80.84%
      0     0   247785.2790   252  1291273.0000      Cuts: 98    39543   80.81%
      0     0   248057.8111   250  1291273.0000  ZeroHalf: 38    39744   80.79%
      0     0   248317.4902   232  1291273.0000      Cuts: 65    39910   80.77%
      0     0   248762.0456   224  1291273.0000  ZeroHalf: 39    40228   80.74%
      0     0   249040.2715   262  1291273.0000  ZeroHalf: 52    40552   80.71%
      0     0   249369.5073   231  1291273.0000     Cuts: 110    40876   80.69%
      0     0   249806.9805   275  1291273.0000      Cuts: 51    41094   80.65%
      0     0   250165.0636   246  1291273.0000     Cuts: 264    41266   80.63%
      0     0   250491.1136   248  1291273.0000  ZeroHalf: 40    41515   80.60%
      0     0   250771.9589   243  1291273.0000  ZeroHalf: 66    41776   80.58%
      0     0   251409.4281   252  1291273.0000     Cuts: 203    42132   80.53%
      0     0   251858.5109   251  1291273.0000     Cuts: 102    42375   80.50%
      0     0   252285.7612   248  1291273.0000      Cuts: 61    42601   80.46%
      0     0   252523.0413   261  1291273.0000      Cuts: 69    42793   80.44%
*     0+    0                      1285148.0000   252523.0413            80.35%
*     0+    0                      1284265.0000   252523.0413            80.34%
      0     0  -1.00000e+75     0  1284265.0000   252523.0413    42793   80.34%
Detecting symmetries...
      0     2   252523.0413   261  1284265.0000   252523.0413    42793   80.34%
Elapsed time = 96.31 sec. (67712.38 ticks, tree = 0.02 MB, solutions = 16)
      2     4   252719.3976   261  1284265.0000   252526.1274    43151   80.34%
      3     4   268939.0313   235  1284265.0000   252526.1274    44019   80.34%
      6     5   289665.7084   228  1284265.0000   252526.1274    44483   80.34%
      9    10   312635.7031   211  1284265.0000   253083.5190    48845   80.29%
     11    12   313774.1147   212  1284265.0000   253083.5190    50368   80.29%
     16     9   335891.0756   203  1284265.0000   253083.5190    48776   80.29%
     20    15   280773.4959   232  1284265.0000   253083.5190    52803   80.29%
     22    14   348163.2967   174  1284265.0000   253083.5190    51821   80.29%
     24    21   349880.2195   170  1284265.0000   253083.5190    56478   80.29%
*    32+    6                      1284200.0000   253083.5190            80.29%
*    32+    6                      1283800.0000   253083.5190            80.29%
     38    30   254099.0543   259  1283800.0000   253598.2098    61959   80.25%
Elapsed time = 132.44 sec. (72212.25 ticks, tree = 0.11 MB, solutions = 18)
     51    46   383368.7100   211  1283800.0000   253598.2098    69079   80.25%
     67    65   459591.2071   170  1283800.0000   253598.2098    78657   80.25%
     87    77   404442.2859   191  1283800.0000   253598.2098    83640   80.25%
    115   111   711433.4167   120  1283800.0000   253598.2098    91022   80.25%
    158   153   820964.5000    72  1283800.0000   253598.2098    97335   80.25%
    215   200   869105.0000   114  1283800.0000   253598.2098   104573   80.25%
    282   212   273170.9488   230  1283800.0000   253598.2098   113171   80.25%
    365   297  1163311.5000    41  1283800.0000   253598.2098   116114   80.25%
    472   401  1258694.5000    18  1283800.0000   253598.2098   133403   80.25%
    527   444   747981.5000    81  1283800.0000   253598.2098   149959   80.25%
Elapsed time = 206.61 sec. (81968.49 ticks, tree = 5.45 MB, solutions = 18)
    589   476   883987.5000    61  1283800.0000   253598.2098   152026   80.25%
    659   561   985385.5000    53  1283800.0000   253598.2098   165441   80.25%
    758   674  1066796.7500    61  1283800.0000   253598.2098   179096   80.25%
    868   609   317890.8303   217  1283800.0000   253598.2098   175898   80.25%
   1012   784   803256.5000    69  1283800.0000   253598.2098   194222   80.25%
   1122   891   688147.0833   144  1283800.0000   253598.2098   207675   80.25%
   1229  1068   827912.5000    64  1283800.0000   253598.2098   216630   80.25%
   1354  1186  1109888.5000    42  1283800.0000   253598.2098   240112   80.25%
   1470  1227  1268247.5000    22  1283800.0000   253598.2098   241416   80.25%
   1552  1430  1125438.0000    37  1283800.0000   253598.2098   262556   80.25%
Elapsed time = 286.18 sec. (91547.65 ticks, tree = 15.11 MB, solutions = 18)
   1671  1508   639621.5000   117  1283800.0000   253598.2098   273277   80.25%
   1757  1511   299109.6095   232  1283800.0000   253598.2098   279920   80.25%
   1762  1556   412709.8541   224  1283800.0000   253598.2098   287211   80.25%

Performing restart 1

Repeating presolve.
Tried aggregator 1 time.
MIP Presolve eliminated 372 rows and 8 columns.
Reduced MIP has 63378 rows, 3766 columns, and 190034 nonzeros.
Reduced MIP has 3766 binaries, 0 generals, 0 SOSs, and 0 indicators.
Presolve time = 0.09 sec. (85.21 ticks)
Tried aggregator 1 time.
Reduced MIP has 63378 rows, 3766 columns, and 190034 nonzeros.
Reduced MIP has 3766 binaries, 0 generals, 0 SOSs, and 0 indicators.
Presolve time = 0.12 sec. (104.53 ticks)
Represolve time = 0.33 sec. (283.22 ticks)
*  1763+    0                      1283508.0000   253598.2098            80.24%
   1763     0   253045.7802   264  1283508.0000      Cuts: 65   312924   80.24%
   1763     0   253475.4246   238  1283508.0000      Cuts: 66   313292   80.24%
   1763     0   254247.7135   230  1283508.0000     Cuts: 123   313725   80.19%
   1763     0   254656.1726   230  1283508.0000      Cuts: 90   314000   80.16%
   1763     0   254977.4239   257  1283508.0000     Cuts: 119   314280   80.13%
   1763     0   255190.8707   253  1283508.0000      Cuts: 87   314476   80.12%
   1763     0   255287.9214   265  1283508.0000      Cuts: 82   314613   80.11%
   1763     0   255463.6406   232  1283508.0000      Cuts: 62   314831   80.10%
   1763     0   255659.1066   239  1283508.0000      Cuts: 96   315082   80.08%
   1763     0   255936.0876   261  1283508.0000      Cuts: 98   315299   80.06%
   1763     0   256194.0118   232  1283508.0000      Cuts: 73   315531   80.04%
   1763     0   256486.1826   265  1283508.0000      Cuts: 37   315777   80.02%
   1763     0   256677.2995   258  1283508.0000      Cuts: 60   315984   80.00%
   1763     0   256956.2858   237  1283508.0000      Cuts: 75   316272   79.98%
   1763     0   257424.9559   251  1283508.0000      Cuts: 91   316533   79.94%
   1763     0   257807.5690   263  1283508.0000     Cuts: 117   316799   79.91%
   1763     0   258121.9169   254  1283508.0000      Cuts: 53   317098   79.89%
   1763     0   258504.8395   253  1283508.0000      Cuts: 67   317340   79.86%
   1763     0   259066.6924   261  1283508.0000      Cuts: 50   317737   79.82%
   1763     0   259437.8576   267  1283508.0000     Cuts: 105   318012   79.79%
   1763     0   259858.4805   262  1283508.0000      Cuts: 38   318218   79.75%
   1763     0   260169.5782   262  1283508.0000      Cuts: 59   318373   79.73%
   1763     0   260437.2151   257  1283508.0000      Cuts: 60   318538   79.71%
   1763     0   260775.1104   262  1283508.0000     Cuts: 129   318859   79.68%
   1763     0   261030.7198   263  1283508.0000      Cuts: 72   319099   79.66%
   1763     0   261318.3512   233  1283508.0000      Cuts: 90   319371   79.64%
   1763     0   261933.5754   257  1283508.0000      Cuts: 79   319798   79.59%
   1763     0   262443.3032   253  1283508.0000      Cuts: 93   320130   79.55%
   1763     0   262852.6055   264  1283508.0000      Cuts: 80   320458   79.52%
   1763     0   263138.2751   267  1283508.0000      Cuts: 58   320711   79.50%
   1763     0   263360.7640   268  1283508.0000      Cuts: 67   320951   79.48%
   1763     0   263534.4481   264  1283508.0000      Cuts: 67   321128   79.47%
   1763     0   263658.9329   265  1283508.0000      Cuts: 45   321278   79.46%
   1763     0   263810.3218   254  1283508.0000      Cuts: 48   321405   79.45%
   1763     0   263987.1402   257  1283508.0000      Cuts: 33   321584   79.43%
   1763     0   264164.9605   264  1283508.0000      Cuts: 41   321770   79.42%
   1763     0   264376.5985   295  1283508.0000      Cuts: 38   322000   79.40%
   1763     0   264594.3439   293  1283508.0000  ZeroHalf: 38   322227   79.39%
   1763     0   264801.3769   284  1283508.0000      Cuts: 45   322433   79.37%
   1763     0   264974.2461   263  1283508.0000      Cuts: 58   322598   79.36%
   1763     0   265214.3626   257  1283508.0000      Cuts: 84   322801   79.34%
   1763     0   265414.5332   285  1283508.0000      Cuts: 62   323020   79.32%
   1763     0   265539.5961   280  1283508.0000      Cuts: 44   323199   79.31%
   1763     0   265721.3733   287  1283508.0000      Cuts: 52   323450   79.30%
   1763     0   265866.3031   291  1283508.0000      Cuts: 74   323628   79.29%
   1763     0   266092.3999   288  1283508.0000      Cuts: 28   323841   79.27%
   1763     0   266230.3398   282  1283508.0000      Cuts: 46   323992   79.26%
   1763     0   266385.7040   261  1283508.0000  ZeroHalf: 38   324187   79.25%
   1763     0   266522.8282   264  1283508.0000      Cuts: 24   324352   79.23%
   1763     0   266639.7010   284  1283508.0000      Cuts: 37   324489   79.23%
   1763     0   266762.2608   293  1283508.0000      Cuts: 42   324619   79.22%
   1763     0   266945.5875   295  1283508.0000      Cuts: 53   324822   79.20%
   1763     0   267156.9261   294  1283508.0000      Cuts: 43   325102   79.19%
   1763     0   267307.3032   294  1283508.0000      Cuts: 57   325270   79.17%
   1763     0   267568.0387   284  1283508.0000      Cuts: 40   325513   79.15%
   1763     0   267818.2858   283  1283508.0000  ZeroHalf: 34   325721   79.13%
   1763     0   268035.9963   287  1283508.0000      Cuts: 49   325947   79.12%
   1763     0   268276.2344   261  1283508.0000      Cuts: 47   326147   79.10%
   1763     0   268477.9413   258  1283508.0000      Cuts: 70   326393   79.08%
   1763     0   268745.8607   251  1283508.0000      Cuts: 30   326542   79.06%
   1763     0   269010.3904   279  1283508.0000      Cuts: 70   326803   79.04%
   1763     0   269220.5837   280  1283508.0000      Cuts: 62   327041   79.02%
   1763     0   269506.2886   257  1283508.0000      Cuts: 35   327289   79.00%
   1763     0   269707.7760   255  1283508.0000      Cuts: 44   327466   78.99%
   1763     0   270081.0417   254  1283508.0000  ZeroHalf: 45   327722   78.96%
   1763     0   270267.4300   280  1283508.0000      Cuts: 42   327904   78.94%
   1763     0   270381.2088   277  1283508.0000  ZeroHalf: 42   328036   78.93%
   1763     0   270626.5975   301  1283508.0000      Cuts: 38   328242   78.92%
   1763     0   270982.9341   304  1283508.0000  ZeroHalf: 41   328525   78.89%
   1763     0   271188.0556   305  1283508.0000      Cuts: 53   328804   78.87%
   1763     0   271469.2957   282  1283508.0000  ZeroHalf: 50   329107   78.85%
   1763     0   271678.4772   304  1283508.0000  ZeroHalf: 65   329369   78.83%
   1763     0   271926.0898   285  1283508.0000      Cuts: 46   329615   78.81%
   1763     0   272106.9182   261  1283508.0000      Cuts: 46   329833   78.80%
   1763     0   272250.9074   285  1283508.0000      Cuts: 66   330072   78.79%
   1763     0   272421.1785   287  1283508.0000      Cuts: 48   330303   78.78%
   1763     0   272563.4968   285  1283508.0000  ZeroHalf: 55   330515   78.76%
*  1763+    0                      1278815.0000   272563.4968            78.69%
*  1763+    0                      1278428.0000   272563.4968            78.68%
   1763     2   272563.4968   285  1278428.0000   272563.4968   330515   78.68%
   1764     3   272674.3959   301  1278428.0000   272675.1701   330679   78.67%
   1765     4   272922.9230   262  1278428.0000   272922.9565   331036   78.65%
   1767     6   314550.1338   235  1278428.0000   272922.9565   333298   78.65%
   1774    12   314761.0582   205  1278428.0000   272987.7357   336826   78.65%
   1783    13   301063.6797   213  1278428.0000   273065.4560   339147   78.64%
   1792    18   340875.7583   225  1278428.0000   273342.0616   342159   78.62%
Elapsed time = 543.61 sec. (187696.60 ticks, tree = 0.05 MB, solutions = 21)
   1804    22   308230.8536   233  1278428.0000   273581.0598   345218   78.60%
   1816    32   309067.8870   229  1278428.0000   273797.6423   353594   78.58%
   1848    47   274882.8940   254  1278428.0000   274448.9390   358788   78.53%
   1880    63   344224.8540   205  1278428.0000   274448.9390   367140   78.53%
   1910   126   352614.7784   220  1278428.0000   274448.9390   381399   78.53%
   1953   139   320852.8818   222  1278428.0000   274448.9390   383890   78.53%
   1978   159   279566.4272   239  1278428.0000   274448.9390   387305   78.53%
   2005   127   314960.2338   215  1278428.0000   274448.9390   379961   78.53%
   2034   188   348800.6043   199  1278428.0000   274448.9390   391589   78.53%
   2088   231   314003.0843   230  1278428.0000   274448.9390   395630   78.53%
Elapsed time = 633.44 sec. (197572.59 ticks, tree = 37.76 MB, solutions = 21)
   2135   269   353508.9999   190  1278428.0000   274448.9390   400148   78.53%
   2178   322   286977.2800   200  1278428.0000   274448.9390   407662   78.53%
   2246   396   353244.5880   224  1278428.0000   274448.9390   417457   78.53%
   2287   423   331363.6566   185  1278428.0000   274448.9390   420467   78.53%
   2333   469   329603.8809   184  1278428.0000   274448.9390   427624   78.53%
   2381   479   331528.3355   191  1278428.0000   274448.9390   428863   78.53%
   2410   557   363393.7197   179  1278428.0000   274448.9390   440777   78.53%
   2430   594   334030.3459   224  1278428.0000   274448.9390   447716   78.53%
   2446   609   296107.3217   192  1278428.0000   274448.9390   449332   78.53%
   2455   619   363846.1568   205  1278428.0000   274448.9390   449597   78.53%
Elapsed time = 747.80 sec. (207962.79 ticks, tree = 64.64 MB, solutions = 21)
   2475   622   373270.4471   214  1278428.0000   274448.9390   449927   78.53%
   2516   629   374944.5146   243  1278428.0000   274448.9390   450948   78.53%
   2552   716   330589.1888   190  1278428.0000   274448.9390   470609   78.53%
   2584   683   343113.8704   212  1278428.0000   274448.9390   462183   78.53%
   2623   761   306321.8306   222  1278428.0000   274448.9390   477590   78.53%
   2650   773   309486.4995   199  1278428.0000   274448.9390   478493   78.53%
   2676   781   311063.2588   201  1278428.0000   274448.9390   479446   78.53%
   2706   874   312849.8488   216  1278428.0000   274448.9390   496695   78.53%
   2739   847   388124.2535   208  1278428.0000   274448.9390   494904   78.53%
   2754   912   343421.0848   198  1278428.0000   274448.9390   504015   78.53%
Elapsed time = 849.81 sec. (217974.27 ticks, tree = 68.86 MB, solutions = 21)
   2772   905   379318.1584   232  1278428.0000   274448.9390   500779   78.53%
   2793   974   337793.2811   196  1278428.0000   274448.9390   516193   78.53%
   2813  1005   375412.6322   215  1278428.0000   274448.9390   524441   78.53%
   2824  1012   349537.9082   216  1278428.0000   274448.9390   525735   78.53%
   2841  1040   386208.5025   233  1278428.0000   274448.9390   532082   78.53%
   2872  1050   387180.6114   227  1278428.0000   274448.9390   532984   78.53%
   2903  1081   392948.3000   228  1278428.0000   274448.9390   539005   78.53%
   2955  1126   346157.7804   220  1278428.0000   274448.9390   548162   78.53%
   2986  1113   347143.4099   200  1278428.0000   274448.9390   546951   78.53%
   3004  1085   352543.6706   203  1278428.0000   274448.9390   539452   78.53%
Elapsed time = 957.46 sec. (227784.41 ticks, tree = 88.82 MB, solutions = 21)
   3039  1189   354179.8046   265  1278428.0000   274448.9390   558996   78.53%
   3058  1244   356079.4266   251  1278428.0000   274448.9390   568414   78.53%
   3086  1214   402904.3149   222  1278428.0000   274448.9390   563075   78.53%
   3107  1231   332301.5228   241  1278428.0000   274448.9390   564743   78.53%
   3132  1306   351036.4611   254  1278428.0000   274448.9390   577880   78.53%
   3175  1331   364683.9634   222  1278428.0000   274448.9390   581470   78.53%
   3211  1314   344763.3704   165  1278428.0000   274448.9390   577687   78.53%
   3247  1356   356168.0821   214  1278428.0000   274448.9390   585056   78.53%
   3286  1427   358746.0926   224  1278428.0000   274448.9390   597774   78.53%
   3313  1503   411747.6966   225  1278428.0000   274448.9390   605308   78.53%
Elapsed time = 1069.54 sec. (237686.90 ticks, tree = 176.09 MB, solutions = 21)
   3351  1519   359484.2999   215  1278428.0000   274448.9390   606979   78.53%
   3389  1411   368276.3770   250  1278428.0000   274448.9390   598790   78.53%
   3446  1540   369392.4443   201  1278428.0000   274448.9390   607964   78.53%
   3483  1565   371790.4196   272  1278428.0000   274448.9390   613384   78.53%
   3519  1652   407084.0938   189  1278428.0000   274448.9390   619293   78.53%
   3546  1679   366269.4954   196  1278428.0000   274448.9390   621283   78.53%
   3588  1633   440041.2053   229  1278428.0000   274448.9390   618433   78.53%
   3628  1702   374690.1518   251  1278428.0000   274448.9390   623565   78.53%
   3679  1763   382278.8141   196  1278428.0000   274448.9390   627684   78.53%
   3967  2008   409704.4207   230  1278428.0000   274448.9390   645846   78.53%
Elapsed time = 1219.97 sec. (250335.92 ticks, tree = 352.03 MB, solutions = 21)
   4161  2103   407420.3836   172  1278428.0000   274448.9390   652034   78.53%
   4369  2440   391259.1623   160  1278428.0000   274448.9390   674336   78.53%
   4612  2548   460745.2246   192  1278428.0000   274448.9390   685381   78.53%
   4857  2950   421607.9281   150  1278428.0000   274448.9390   715350   78.53%
   5054  3063   416301.1914   195  1278428.0000   274448.9390   723274   78.53%
   5249  3242   551314.7500   102  1278428.0000   274448.9390   732918   78.53%
   5554  3473   476478.7355   180  1278428.0000   274448.9390   747737   78.53%
   5802  3692   596838.5000   137  1278428.0000   274448.9390   759605   78.53%
   6082  4108   504458.3381   187  1278428.0000   274448.9390   781567   78.53%
   6322  4421   525121.9682   181  1278428.0000   274448.9390   796395   78.53%
Elapsed time = 1642.79 sec. (288603.93 ticks, tree = 1554.96 MB, solutions = 21)
   6669  4665   570058.2480   146  1278428.0000   274448.9390   810106   78.53%
   7051  4871   704582.6038   196  1278428.0000   274448.9390   816713   78.53%
   7475  5347   666256.0000    97  1278428.0000   274448.9390   833540   78.53%
   7901  5677   899797.0000    76  1278428.0000   274448.9390   843482   78.53%
   8353  6239  1067798.0000   105  1278428.0000   274448.9390   860223   78.53%
   8965  6638   782708.3333   168  1278428.0000   274448.9390   870028   78.53%
   9498  7136   937087.0000   165  1278428.0000   274448.9390   879947   78.53%
   9952  7806  1127304.0000   115  1278428.0000   276649.8604   895905   78.36%
  10353  8095   382077.2570   174  1278428.0000   277257.3579   913520   78.31%
  10505  8428   375307.8961   190  1278428.0000   277617.8546   927773   78.28%
Elapsed time = 1979.40 sec. (326814.47 ticks, tree = 3529.53 MB, solutions = 21)
Nodefile size = 1472.68 MB (938.81 MB after compression)
  10630  8716   513886.8958   134  1278428.0000   281308.2216   975520   78.00%
  10953  8747   362466.3627   188  1278428.0000   281308.2216   984899   78.00%
  11304  9230   558788.4081   170  1278428.0000   281308.2216  1043016   78.00%
  11758  9701   601788.0500   133  1278428.0000   281308.2216  1082666   78.00%
  12220 10129  1010858.8103   103  1278428.0000   281308.2216  1108762   78.00%
  12768 10390   746115.8500   163  1278428.0000   281308.2216  1132003   78.00%
  13484 10847   781681.0000    79  1278428.0000   281308.2216  1150588   78.00%
  14132 11699   867798.6250   104  1278428.0000   281308.2216  1185410   78.00%
  14816 12270   972690.0000   122  1278428.0000   281500.6307  1200737   77.98%
  15491 12933  1056449.5000    69  1278428.0000   281500.6307  1221297   77.98%
Elapsed time = 2328.36 sec. (364993.82 ticks, tree = 5705.71 MB, solutions = 21)
Nodefile size = 3608.51 MB (2307.17 MB after compression)
  15855 13384   306747.1754   213  1278428.0000   282017.0671  1244760   77.94%
  15920 13701   313727.7803   221  1278428.0000   286981.1976  1253697   77.55%
  16055 14098   357850.8661   216  1278428.0000   286981.1976  1319772   77.55%
  16236 14117   384885.8536   191  1278428.0000   286981.1976  1328146   77.55%
  16551 14315   785415.3750   110  1278428.0000   286981.1976  1356954   77.55%
  16804 14554   627098.8333   153  1278428.0000   286981.1976  1391244   77.55%
  17050 14760   441111.1491   212  1278428.0000   286981.1976  1418071   77.55%
  17352 15126   665166.5000   130  1278428.0000   290395.1705  1460059   77.28%
  17615 15239   345545.7439   242  1278428.0000   292095.8884  1473003   77.15%
* 17926+15551                      1276504.0000   292095.8884            77.12%
  17939 15784   411948.2489   220  1276504.0000   292095.8884  1521054   77.12%
Elapsed time = 2679.29 sec. (403261.88 ticks, tree = 7043.84 MB, solutions = 21)
Nodefile size = 4972.79 MB (3190.06 MB after compression)
* 18230+16128                      1272980.0000   292095.8884            77.05%
  18343 16178   405878.8503   199  1272980.0000   292095.8884  1557206   77.05%
  18623 16230   435160.5080   187  1272980.0000   292972.5386  1560908   76.99%
  18899 16350   438723.0456   254  1272980.0000   293590.7347  1571339   76.94%
  19206 17018   420352.4411   231  1272980.0000   293590.7347  1627526   76.94%
  19516 17222   384475.5200   247  1272980.0000   293765.6222  1655654   76.92%
  19814 17261   413660.4368   226  1272980.0000   294001.4023  1659345   76.90%
  20130 17753   377319.2161   242  1272980.0000   294370.0160  1706689   76.88%
  20428 17838   433832.5246   201  1272980.0000   294444.2579  1716255   76.87%
  20712 18437   381074.5247   228  1272980.0000   294444.2579  1769211   76.87%
* 20940+18402                      1267165.0000   294444.2579            76.76%
  21025 18775   477906.7232   229  1267165.0000   294444.2579  1799207   76.76%
Elapsed time = 3067.77 sec. (441543.18 ticks, tree = 8516.93 MB, solutions = 24)
Nodefile size = 6442.82 MB (4117.99 MB after compression)
  21340 18959   390548.8969   240  1267165.0000   294679.0332  1819185   76.75%
  21624 19414   420671.5242   231  1267165.0000   294822.2387  1862228   76.73%
  21880 19466   446162.6312   236  1267165.0000   294822.2387  1865456   76.73%
  22143 19826   420520.5397   237  1267165.0000   295227.2247  1905813   76.70%
Starting limited solution polishing.
* 22227+19703                      1264812.0000   295227.2247            76.66%
* 22234+19703                      1260333.0000   295227.2247            76.58%
  22424 20009   388682.4384   234  1260333.0000   295506.7918  1924141   76.55%
  22729 20327   413669.5697   214  1260333.0000   295506.7918  1955880   76.55%
  23012 20792   472531.7676   249  1260333.0000   295539.2665  2002467   76.55%
  23263 20543   444592.8348   230  1260333.0000   295539.2665  1983823   76.55%
  23367 21111   493415.7026   241  1260333.0000   295859.5102  2026918   76.53%
* 23430+20515                      1257706.0000   295859.5102            76.48%
  23437 21165   434576.6242   202  1257706.0000   295859.5102  2032798   76.48%
Elapsed time = 3402.44 sec. (479800.48 ticks, tree = 9707.74 MB, solutions = 27)
Nodefile size = 7640.36 MB (4886.69 MB after compression)
* 23509+20937                      1249473.0000   295859.5102            76.32%
  23569 21254   411762.9229   214  1249473.0000   295991.5517  2043452   76.31%
* 23657+21262                      1247280.0000   295991.5517            76.27%
* 23668+21262                      1241875.0000   295991.5517            76.17%
* 23716+21262                      1237645.0000   295991.5517            76.08%
  23773 21405   467764.5170   273  1237645.0000   295991.5517  2060292   76.08%
  24008 21541   419192.6324   261  1237645.0000   296180.9324  2092288   76.07%
* 24230+21657                      1233327.0000   296180.9324            75.99%
  24274 21677   327740.7264   205  1233327.0000   296180.9324  2109357   75.99%
* 24290+21618                      1231278.0000   296732.8056            75.90%
* 24291+21618                      1229153.0000   296732.8056            75.86%
* 24298+21618                      1227889.0000   296732.8056            75.83%
* 24307+21618                      1227308.0000   296732.8056            75.82%
* 24313+21618                      1223965.0000   296732.8056            75.76%
* 24315+21618                      1223055.0000   296732.8056            75.74%
  24501 21894   714243.7917   114  1223055.0000   296732.8056  2146439   75.74%
  24659 21966   390152.0314   226  1223055.0000   297099.2674  2168546   75.71%
* 24666+21925                      1219157.0000   297099.2674            75.63%
* 24797+21925                      1209124.0000   297352.0178            75.41%
  24797 21818   486569.3288   223  1209124.0000   297352.0178  2122309   75.41%

Implied bound cuts applied:  581
Zero-half cuts applied:  482
Lift and project cuts applied:  8

Root node processing (before b&c):
  Real time             =   96.23 sec. (67602.91 ticks)
Parallel b&c, 8 threads:
  Real time             = 3508.72 sec. (450781.02 ticks)
  Sync time (average)   =  582.27 sec.
  Wait time (average)   =    0.01 sec.
                          ------------
Total (root+branch&cut) = 3604.94 sec. (518383.93 ticks)
Status: Feasible
Obj: 1209124

Instalacoes abertas:
Instalação 0 aberta
Instalação 1 aberta
Instalação 2 aberta
Instalação 3 aberta
Instalação 4 aberta
Instalação 8 aberta
Instalação 9 aberta
Instalação 13 aberta
Instalação 16 aberta
Instalação 18 aberta
Instalação 19 aberta
Instalação 20 aberta
Instalação 22 aberta
Instalação 23 aberta
Instalação 25 aberta
Instalação 27 aberta
Instalação 28 aberta
Instalação 30 aberta
Instalação 31 aberta
Instalação 34 aberta
Instalação 35 aberta
Instalação 39 aberta
Instalação 41 aberta
Instalação 42 aberta
Instalação 46 aberta
Instalação 47 aberta
Instalação 49 aberta

Atribuições (cliente -> instalação):
Cliente 0 -> Instalação 42
Cliente 1 -> Instalação 9
Cliente 2 -> Instalação 2
Cliente 3 -> Instalação 13
Cliente 4 -> Instalação 1
Cliente 5 -> Instalação 30
Cliente 6 -> Instalação 9
Cliente 7 -> Instalação 20
Cliente 8 -> Instalação 8
Cliente 9 -> Instalação 46
Cliente 10 -> Instalação 22
Cliente 11 -> Instalação 22
Cliente 12 -> Instalação 16
Cliente 13 -> Instalação 25
Cliente 14 -> Instalação 47
Cliente 15 -> Instalação 1
Cliente 16 -> Instalação 35
Cliente 17 -> Instalação 35
Cliente 18 -> Instalação 18
Cliente 19 -> Instalação 34
Cliente 20 -> Instalação 16
Cliente 21 -> Instalação 13
Cliente 22 -> Instalação 31
Cliente 23 -> Instalação 23
Cliente 24 -> Instalação 49
Cliente 25 -> Instalação 27
Cliente 26 -> Instalação 0
Cliente 27 -> Instalação 28
Cliente 28 -> Instalação 28
Cliente 29 -> Instalação 0
Cliente 30 -> Instalação 34
Cliente 31 -> Instalação 25
Cliente 32 -> Instalação 30
Cliente 33 -> Instalação 3
Cliente 34 -> Instalação 19
Cliente 35 -> Instalação 49
Cliente 36 -> Instalação 23
Cliente 37 -> Instalação 39
Cliente 38 -> Instalação 42
Cliente 39 -> Instalação 31
Cliente 40 -> Instalação 18
Cliente 41 -> Instalação 41
Cliente 42 -> Instalação 4
Cliente 43 -> Instalação 20
Cliente 44 -> Instalação 47
Cliente 45 -> Instalação 46
Cliente 46 -> Instalação 8
Cliente 47 -> Instalação 19
Cliente 48 -> Instalação 39
Cliente 49 -> Instalação 4
