Version identifier: 22.1.1.0 | 2022-11-28 | 9160aff4d
CPXPARAM_TimeLimit                               3600
Tried aggregator 1 time.
MIP Presolve eliminated 50 rows and 1 columns.
Reduced MIP has 20900 rows, 2917 columns, and 62600 nonzeros.
Reduced MIP has 2917 binaries, 0 generals, 0 SOSs, and 0 indicators.
Presolve time = 0.03 sec. (32.03 ticks)
Found incumbent of value 1.5811102e+07 after 0.04 sec. (40.23 ticks)
Probing time = 0.01 sec. (5.46 ticks)
Tried aggregator 1 time.
Detecting symmetries...
Reduced MIP has 20900 rows, 2917 columns, and 62600 nonzeros.
Reduced MIP has 2917 binaries, 0 generals, 0 SOSs, and 0 indicators.
Presolve time = 0.04 sec. (38.32 ticks)
Probing time = 0.01 sec. (5.46 ticks)
Clique table members: 2500.
MIP emphasis: balance optimality and feasibility.
MIP search method: dynamic search.
Parallel mode: deterministic, using up to 8 threads.
Root relaxation solution time = 0.04 sec. (32.09 ticks)

        Nodes                                         Cuts/
   Node  Left     Objective  IInf  Best Integer    Best Bound    ItCnt     Gap

*     0+    0                       1.58111e+07        0.0000           100.00%
*     0+    0                       1.12033e+07        0.0000           100.00%
*     0+    0                       595848.0000        0.0000           100.00%
*     0+    0                       580079.0000        0.0000           100.00%
*     0+    0                       514653.0000        0.0000           100.00%
      0     0    93774.0000   100   514653.0000    93774.0000      188   81.78%
      0     0   106217.5000   100   514653.0000     Cuts: 929      395   79.36%
*     0+    0                       327247.0000   106217.5000            67.54%
      0     0   118774.0000    98   327247.0000     Cuts: 935      682   63.71%
      0     0   129864.4000   216   327247.0000 ZeroHalf: 299     1735   60.32%
*     0+    0                       326840.0000   129864.4000            60.27%
      0     0  -1.00000e+75     0   326840.0000   129864.4000     1735   60.27%
*     0+    0                       285962.0000   129864.4000            54.59%
*     0+    0                       281085.0000   129864.4000            53.80%
      0     0   134810.2509   187   281085.0000     Cuts: 404     2317   52.04%
      0     0   140281.8120   182   281085.0000     Cuts: 297     2707   50.09%
Detecting symmetries...
      0     0   145379.3341   230   281085.0000     Cuts: 279     3375   48.28%
*     0+    0                       270363.0000   145379.3341            46.23%
*     0+    0                       269830.0000   145379.3341            46.12%
      0     0   148299.5273   204   269830.0000     Cuts: 164     3792   45.04%
      0     0   149701.4409   204   269830.0000      Cuts: 80     4061   44.52%
      0     0   150775.2282   182   269830.0000     Cuts: 225     4346   44.12%
      0     0   151662.6642   178   269830.0000      Cuts: 83     4512   43.79%
      0     0   152247.2774   178   269830.0000      Cuts: 93     4724   43.58%
      0     0   152656.3269   182   269830.0000      Cuts: 77     4913   43.42%
      0     0   153460.5044   215   269830.0000      Cuts: 72     5113   43.13%
      0     0   154188.5102   184   269830.0000     Cuts: 188     5324   42.86%
      0     0   154751.4416   179   269830.0000      Cuts: 83     5507   42.65%
      0     0   155224.0065   182   269830.0000      Cuts: 61     5738   42.47%
      0     0   155588.2971   183   269830.0000      Cuts: 45     5841   42.34%
      0     0   156090.6584   178   269830.0000      Cuts: 50     6028   42.15%
      0     0   157181.6299   172   269830.0000      Cuts: 76     6347   41.75%
      0     0   158165.2048   206   269830.0000      Cuts: 47     6551   41.38%
      0     0   158533.3914   182   269830.0000     Cuts: 185     6701   41.25%
      0     0   159131.1855   181   269830.0000      Cuts: 55     6830   41.03%
      0     0   159707.7982   183   269830.0000      Cuts: 55     7061   40.81%
      0     0   160305.1198   185   269830.0000      Cuts: 55     7238   40.59%
      0     0   160538.4072   184   269830.0000      Cuts: 37     7362   40.50%
      0     0   160660.5201   184   269830.0000      Cuts: 23     7445   40.46%
      0     0   161012.9649   186   269830.0000      Cuts: 58     7595   40.33%
      0     0   161095.6045   189   269830.0000      Cuts: 41     7673   40.30%
      0     0   161211.6795   183   269830.0000      Cuts: 25     7736   40.25%
      0     0   161416.6223   182   269830.0000      Cuts: 18     7851   40.18%
      0     0   161491.6925   183   269830.0000      Cuts: 47     7921   40.15%
      0     0   161577.2402   186   269830.0000      Cuts: 38     7999   40.12%
      0     0   161649.3668   191   269830.0000      Cuts: 37     8078   40.09%
      0     0   161807.3030   188   269830.0000      Cuts: 26     8172   40.03%
      0     0   161865.0683   189   269830.0000      Cuts: 37     8234   40.01%
      0     0   161998.1705   188   269830.0000      Cuts: 23     8351   39.96%
      0     0   162100.9744   187   269830.0000      Cuts: 36     8426   39.92%
      0     0   162182.1909   185   269830.0000      Cuts: 24     8502   39.89%
      0     0   162296.9889   188   269830.0000      Cuts: 49     8601   39.85%
      0     0   162457.7864   184   269830.0000      Cuts: 22     8729   39.79%
      0     0   162537.4269   186   269830.0000      Cuts: 39     8782   39.76%
      0     0   162617.6136   187   269830.0000      Cuts: 17     8854   39.73%
      0     0   162688.4620   183   269830.0000      Cuts: 38     8934   39.71%
      0     0   162700.0030   191   269830.0000      Cuts: 19     8967   39.70%
      0     0   162758.8825   186   269830.0000      Cuts: 18     9005   39.68%
Detecting symmetries...
      0     2   162758.8825   186   269830.0000   162886.5466     9005   39.63%
Elapsed time = 14.17 sec. (6676.51 ticks, tree = 0.02 MB, solutions = 11)
      5     5   182640.1178   166   269830.0000   162886.5466    10142   39.63%
     24    19   171418.2278   184   269830.0000   163575.8183    15537   39.38%
     49    31   178472.7522   179   269830.0000   163575.8183    19238   39.38%
     83    79   207814.0000    92   269830.0000   163575.8183    33228   39.38%
    148   121   247511.2162   104   269830.0000   163575.8183    39602   39.38%
    220   138   209740.3211   141   269830.0000   163575.8183    45389   39.38%
    273   202   191189.5714   154   269830.0000   163575.8183    56218   39.38%
    351   258   238566.4286   114   269830.0000   163575.8183    67210   39.38%
    422   314   260423.7500    96   269830.0000   163575.8183    74992   39.38%
    680   501   256260.0800   135   269830.0000   168569.9327   104282   37.53%
Elapsed time = 25.79 sec. (9806.26 ticks, tree = 17.56 MB, solutions = 11)
    873   661   216640.9837   137   269830.0000   172832.3201   134480   35.95%
   1184   907   226610.2361   146   269830.0000   176319.9341   168446   34.66%
   1480  1174   245953.3333   107   269830.0000   176972.9865   202582   34.41%
   1797  1462   261877.0000    77   269830.0000   177136.7898   239943   34.35%
   2053  1651   218052.2500   138   269830.0000   178818.4539   264639   33.73%
   2369  1953   216699.0603   151   269830.0000   180015.6901   304054   33.29%
   2721  2299   261561.6250    97   269830.0000   180750.1585   340220   33.01%
   3017  2519   220894.1630   161   269830.0000   181315.0521   366494   32.80%
*  3135  2621      integral     0   268090.0000   181315.0521   379063   32.37%

Performing restart 1

Repeating presolve.
Tried aggregator 2 times.
MIP Presolve eliminated 3622 rows and 358 columns.
Aggregator did 1 substitutions.
Reduced MIP has 17277 rows, 2558 columns, and 51732 nonzeros.
Reduced MIP has 2558 binaries, 0 generals, 0 SOSs, and 0 indicators.
Presolve time = 0.03 sec. (32.16 ticks)
Tried aggregator 1 time.
Reduced MIP has 17277 rows, 2558 columns, and 51732 nonzeros.
Reduced MIP has 2558 binaries, 0 generals, 0 SOSs, and 0 indicators.
Presolve time = 0.03 sec. (32.46 ticks)
Represolve time = 0.10 sec. (94.89 ticks)
*  3310+    0                       265588.0000   182544.9260            31.27%
   3310     0   165014.8021   191   265588.0000      Cuts: 62   410361   31.27%
   3310     0   166925.7029   188   265588.0000      Cuts: 85   410836   31.27%
   3310     0   167860.5518   188   265588.0000      Cuts: 57   411132   31.27%
*  3310+    0                       265367.0000   182544.9260            31.21%
   3310     0   168476.1441   188   265367.0000      Cuts: 55   411324   31.21%
   3310     0   169012.7641   189   265367.0000      Cuts: 56   411548   31.21%
   3310     0   169400.0407   214   265367.0000      Cuts: 53   411705   31.21%
   3310     2   169400.0407   214   265367.0000   182544.9260   411705   31.21%
   3312     4   169836.4586   182   265367.0000   182544.9260   412060   31.21%
Elapsed time = 79.06 sec. (28325.91 ticks, tree = 0.02 MB, solutions = 14)
   3315     5   178757.7034   178   265367.0000   182544.9260   413552   31.21%
   3327    12   191493.9592   154   265367.0000   182544.9260   421650   31.21%
   3336    22   186510.9191   190   265367.0000   182544.9260   430291   31.21%
   3349    31   208877.9167   130   265367.0000   182544.9260   432664   31.21%
   3360    37   200957.9419   150   265367.0000   182544.9260   434244   31.21%
   3404    70   212721.7429   146   265367.0000   182544.9260   444495   31.21%
   3467   130   220232.6591   144   265367.0000   182544.9260   457043   31.21%
   3561   214   204556.2635   176   265367.0000   182544.9260   469587   31.21%
   3642   261        cutoff         265367.0000   182544.9260   478689   31.21%
   3717   324   231693.2000   164   265367.0000   182544.9260   489544   31.21%
Elapsed time = 118.10 sec. (38494.92 ticks, tree = 15.75 MB, solutions = 14)
   3801   346   246680.7000   127   265367.0000   182544.9260   491966   31.21%
   3877   438   203953.2206   172   265367.0000   182544.9260   509052   31.21%
   3990   502   254369.1667   105   265367.0000   182544.9260   522814   31.21%
   4115   513   193572.9580   178   265367.0000   182544.9260   525787   31.21%
   4241   670   197719.4245   165   265367.0000   182544.9260   547720   31.21%
   4354   749   195261.6507   180   265367.0000   182544.9260   565203   31.21%
   4496   793   220580.9483   198   265367.0000   182544.9260   567860   31.21%
   4679   951   234318.3665   207   265367.0000   182544.9260   590772   31.21%
   4851  1042   190909.5833   145   265367.0000   182544.9260   600365   31.21%
   5025  1251   232024.2273   161   265367.0000   182544.9260   619427   31.21%
Elapsed time = 165.40 sec. (48093.27 ticks, tree = 128.28 MB, solutions = 14)
   5179  1505   217621.8524   200   265367.0000   182544.9260   643757   31.21%
   5347  1461   209344.1795   130   265367.0000   182544.9260   639821   31.21%
   5523  1786   212650.2454   158   265367.0000   182544.9260   675645   31.21%
   5739  1812   248071.3333   115   265367.0000   182544.9260   678678   31.21%
   5937  2194   243972.7885   164   265367.0000   182544.9260   710095   31.21%
   6124  2236   240582.8750   146   265367.0000   182544.9260   715717   31.21%
   6342  2495   262442.4221   170   265367.0000   182544.9260   739801   31.21%
   6538  2744   245730.8522   207   265367.0000   182544.9260   769004   31.21%
   6730  2737   219353.3750   138   265367.0000   182544.9260   769871   31.21%
   6944  2968   253474.0000   137   265367.0000   182864.7108   793236   31.09%
Elapsed time = 212.73 sec. (57650.06 ticks, tree = 240.83 MB, solutions = 14)
*  6961  3086      integral     0   260794.0000   182864.7108   803210   29.88%
   7150  2947   196112.4784   205   260794.0000   183058.8567   812456   29.81%
*  7309+ 3156                       251878.0000   183058.8567            27.32%
   7356  3131   219159.2986   222   251878.0000   183077.8438   837234   27.31%
   7525  2736   241021.2193   172   251878.0000   183853.3960   848877   27.01%
   7697  2984   246112.5823   177   251878.0000   184143.9265   881391   26.89%
   7862  3170   230324.0385   141   251878.0000   184185.2222   906174   26.88%
   8039  3261   230306.2852   187   251878.0000   184826.1586   921981   26.62%
   8272  3445   242789.6355   176   251878.0000   184846.2821   942366   26.61%
   8440  3595   244541.5096   211   251878.0000   184855.6030   956374   26.61%
   8660  3860        cutoff         251878.0000   185691.4938   988879   26.28%
   8871  4007   245272.1373   175   251878.0000   185691.4938  1002371   26.28%
Elapsed time = 259.03 sec. (67234.76 ticks, tree = 260.21 MB, solutions = 16)
   9111  4237        cutoff         251878.0000   186165.4969  1026862   26.09%
   9334  4473   248670.4943   183   251878.0000   186165.4969  1048644   26.09%
   9507  4658   201895.1107   181   251878.0000   187439.6706  1072113   25.58%
   9695  4811   206885.1037   165   251878.0000   187859.4420  1091217   25.42%
   9950  4991   240025.4972   213   251878.0000   188326.1969  1113665   25.23%
  10192  5115   239357.4000   141   251878.0000   188535.5403  1121114   25.15%
  10389  5353   236414.4673   160   251878.0000   189014.0227  1149292   24.96%
  10630  5524   234603.4726   158   251878.0000   189014.0227  1161782   24.96%
* 10806+ 5548                       251699.0000   189014.0227            24.90%
  10857  5862   212582.2531   197   251699.0000   189014.0227  1192100   24.90%
  11050  5858   228358.2619   186   251699.0000   189321.0343  1193961   24.78%
Elapsed time = 304.97 sec. (76827.60 ticks, tree = 431.57 MB, solutions = 17)
  11267  6205   234823.5221   189   251699.0000   189996.6646  1229821   24.51%
  11517  6230   222909.9167   120   251699.0000   190015.2181  1232700   24.51%
  11763  6594   251172.0106   157   251699.0000   190349.6333  1270845   24.37%
  11961  6810   203225.3075   159   251699.0000   190457.8460  1295327   24.33%
  12236  6854   233371.4670   147   251699.0000   190917.8049  1297835   24.15%
  12483  7268   225923.8036   135   251699.0000   191159.8561  1334542   24.05%
  12688  7293   213195.1420   222   251699.0000   191244.7743  1337584   24.02%
  12899  7382   237098.0619   179   251699.0000   191320.9440  1350945   23.99%
  13134  7663   241477.5446   135   251699.0000   191849.0679  1378368   23.78%
  13374  7790   227118.6818   163   251699.0000   191898.0223  1396499   23.76%
Elapsed time = 348.35 sec. (86403.90 ticks, tree = 609.88 MB, solutions = 17)
  13653  8216   205468.6876   140   251699.0000   192236.1148  1436279   23.62%
  13854  8476   245054.5538   168   251699.0000   192236.1148  1466428   23.62%
  14130  8550   251498.9868   150   251699.0000   192844.4298  1470919   23.38%
  14379  8735   244224.4184   173   251699.0000   192969.6391  1495887   23.33%
  14634  9016   231945.3932   168   251699.0000   193121.7083  1525094   23.27%
  14860  9202   202209.0559   150   251699.0000   193124.2500  1541827   23.27%
  15064  9330   216852.1533   162   251699.0000   193541.0343  1555824   23.11%
  15314  9586   206191.2174   160   251699.0000   193597.8063  1581076   23.08%
  15563  9699   250413.9412   141   251699.0000   193610.6323  1598535   23.08%
  15798 10107   200773.9412   230   251699.0000   194090.5836  1639822   22.89%
Elapsed time = 393.49 sec. (95979.66 ticks, tree = 783.45 MB, solutions = 17)
  16050 10084   242523.8697   157   251699.0000   194276.0923  1637782   22.81%
  16258 10467   225160.2500   152   251699.0000   194276.0923  1686452   22.81%
  16532 10517   240671.8161   158   251699.0000   194493.2700  1692509   22.73%
  16808 10945        cutoff         251699.0000   194626.0935  1754665   22.68%
  17052 11059   247282.4167   150   251699.0000   194801.6172  1770206   22.61%
  17262 11266   221792.7390   154   251699.0000   194998.8430  1795231   22.53%
  17506 11619        cutoff         251699.0000   195267.0959  1838721   22.42%
  17666 11823   232733.9143   155   251699.0000   195267.0959  1873016   22.42%
  17930 11805   239000.3696   135   251699.0000   195278.2449  1870231   22.42%
  18822 12671   246959.9041   165   251699.0000   195854.9401  1989313   22.19%
Elapsed time = 448.09 sec. (108422.84 ticks, tree = 852.68 MB, solutions = 17)
  19615 13705   250071.1852   116   251699.0000   196234.4182  2105813   22.04%
  20434 14229        cutoff         251699.0000   196666.2500  2201020   21.86%
  21304 15063   244458.4386   150   251699.0000   197017.6500  2301604   21.72%
  22294 15968   231115.5116   150   251699.0000   197407.4741  2387669   21.57%
  23350 16637   216515.0227   137   251699.0000   197879.0200  2462611   21.38%
* 23525 16563      integral     0   249862.0000   197894.9780  2453372   20.80%
* 23690+16359                       249194.0000   197898.2669            20.58%
* 23699 16784      integral     0   238398.0000   197899.2370  2480275   16.99%
  24313 10899   238351.8682   170   238398.0000   198130.2241  2529858   16.89%
  25213 11620   228789.7693   183   238398.0000   198722.4702  2644587   16.64%
  26040 12597   231839.3330   148   238398.0000   199061.0679  2780358   16.50%
* 26546+12810                       237523.0000   199459.1026            16.03%
  26879 13049   233124.8889   138   237523.0000   199744.3036  2848523   15.91%
  27763 13174   221156.9739   163   237523.0000   200011.1154  2921817   15.79%
Elapsed time = 622.98 sec. (146597.25 ticks, tree = 972.67 MB, solutions = 21)
  28573 13765   202623.4727   182   237523.0000   200659.9725  3004722   15.52%
  29436 14443   210856.6364   154   237523.0000   201068.1329  3099241   15.35%
  30324 15025   220936.0250   182   237523.0000   201522.0865  3183994   15.16%
  31160 15907   226088.7742   133   237523.0000   202036.8592  3306530   14.94%
  32010 16442        cutoff         237523.0000   202408.3201  3388863   14.78%
  32883 17035        cutoff         237523.0000   202750.7070  3483584   14.64%
  33772 17968   221290.6193   158   237523.0000   203074.8832  3653314   14.50%
  34656 18287        cutoff         237523.0000   203413.1667  3720480   14.36%
  35280 19071   232275.7175   193   237523.0000   203685.2333  3842827   14.25%

Performing restart 2

Repeating presolve.
Tried aggregator 1 time.
MIP Presolve eliminated 2652 rows and 244 columns.
Reduced MIP has 14625 rows, 2314 columns, and 56447 nonzeros.
Reduced MIP has 2314 binaries, 0 generals, 0 SOSs, and 0 indicators.
Presolve time = 0.10 sec. (102.75 ticks)
Tried aggregator 1 time.
Reduced MIP has 14625 rows, 2314 columns, and 56447 nonzeros.
Reduced MIP has 2314 binaries, 0 generals, 0 SOSs, and 0 indicators.
Presolve time = 0.05 sec. (41.46 ticks)
Represolve time = 0.20 sec. (179.79 ticks)
  35332     0   170534.9880   194   237523.0000      Cuts: 49  3907231   14.10%
  35332     0   170706.3747   192   237523.0000      Cuts: 33  3907290   14.10%
  35332     0   171084.1890   183   237523.0000      Cuts: 68  3907444   14.10%
* 35332+    0                       237307.0000   204042.9352            14.02%
  35332     0  -1.00000e+75     0   237307.0000   204042.9352  3907444   14.02%
  35332     0   171904.8489   216   237307.0000      Cuts: 71  3907690   14.02%
  35332     0   172445.8693   209   237307.0000      Cuts: 74  3907904   14.02%
  35332     0   172756.9758   212   237307.0000      Cuts: 75  3908084   14.02%
  35332     0   173047.2250   213   237307.0000      Cuts: 54  3908250   14.02%
  35332     0   173280.1758   189   237307.0000      Cuts: 51  3908353   14.02%
  35332     0   173424.2460   186   237307.0000      Cuts: 51  3908426   14.02%
  35332     0   173562.5100   187   237307.0000      Cuts: 58  3908537   14.02%
  35332     0   173652.0256   183   237307.0000      Cuts: 20  3908598   14.02%

Repeating presolve.
Tried aggregator 1 time.
MIP Presolve eliminated 1575 rows and 85 columns.
MIP Presolve modified 58 coefficients.
Reduced MIP has 13050 rows, 2229 columns, and 51331 nonzeros.
Reduced MIP has 2229 binaries, 0 generals, 0 SOSs, and 0 indicators.
Presolve time = 0.08 sec. (90.25 ticks)
Tried aggregator 1 time.
Reduced MIP has 13050 rows, 2229 columns, and 51331 nonzeros.
Reduced MIP has 2229 binaries, 0 generals, 0 SOSs, and 0 indicators.
Presolve time = 0.04 sec. (37.18 ticks)
Represolve time = 0.16 sec. (159.33 ticks)
  35332     0   174071.7968   211   237307.0000      Cuts: 76  3911569   14.02%
  35332     0   174658.9361   210   237307.0000      Cuts: 80  3911729   14.02%
  35332     0   175306.5906   215   237307.0000      Cuts: 55  3911848   14.02%
  35332     0   175525.5356   218   237307.0000      Cuts: 67  3911924   14.02%
  35332     0   175758.6997   214   237307.0000      Cuts: 44  3912009   14.02%
  35332     0   175877.9761   214   237307.0000      Cuts: 59  3912077   14.02%
  35332     2   175877.9761   214   237307.0000   204042.9352  3912077   14.02%
Elapsed time = 814.51 sec. (199844.84 ticks, tree = 0.02 MB, solutions = 22)
  35354    20   212546.4375   130   237307.0000   204042.9352  3918751   14.02%
  35453    71   226458.0764   126   237307.0000   204042.9352  3937224   14.02%
  35746   268   224318.9738   165   237307.0000   204042.9352  3997402   14.02%
  36298   591   203489.9517   204   237307.0000   204042.9352  4044640   14.02%
  37106  1150   233724.6273   187   237307.0000   204042.9352  4113069   14.02%
  38045  2016   220867.6444   165   237307.0000   204042.9352  4218435   14.02%
  38918  2658   223015.9792   152   237307.0000   204042.9352  4304075   14.02%
  39752  3411   219387.5972   228   237307.0000   204042.9352  4410770   14.02%
  40536  4052   234432.4000   138   237307.0000   204042.9352  4518158   14.02%
  41393  4649   225274.9450   202   237307.0000   204042.9352  4606220   14.02%
Elapsed time = 959.74 sec. (238112.55 ticks, tree = 266.12 MB, solutions = 22)
  42196  5271   220035.2015   192   237307.0000   204042.9352  4709787   14.02%
  43052  5917   208640.4299   177   237307.0000   204042.9352  4816528   14.02%
  43920  6517   227114.8333   132   237307.0000   204042.9352  4912808   14.02%
  44817  7262        cutoff         237307.0000   204042.9352  5033580   14.02%
  45619  7921   226339.0538   163   237307.0000   204042.9352  5143632   14.02%
  46528  8478   225655.2340   157   237307.0000   204042.9352  5232069   14.02%
  47455  9062   233295.5653   171   237307.0000   204074.3843  5322088   14.00%
  48243  9701        cutoff         237307.0000   204720.8532  5440979   13.73%
  49141 10475   237187.2913   149   237307.0000   205427.1996  5571960   13.43%
  50053 10913        cutoff         237307.0000   206001.1940  5641128   13.19%
Elapsed time = 1120.10 sec. (276298.26 ticks, tree = 714.27 MB, solutions = 22)
  50937 11634   236259.8785   163   237307.0000   206537.2500  5774858   12.97%
  51719 12284   229175.6854   178   237307.0000   207184.1966  5891301   12.69%
  52638 12890   220414.7803   164   237307.0000   207588.9786  5991033   12.52%
  53487 13363   226017.9606   167   237307.0000   208071.8647  6080375   12.32%
  54409 13936   225978.1877   196   237307.0000   208533.7134  6195989   12.12%
  55319 14491   236679.5714    78   237307.0000   208922.3084  6297058   11.96%
  56285 15077        cutoff         237307.0000   209450.2000  6412706   11.74%
  57129 15559   213336.4985   199   237307.0000   209767.8118  6495822   11.60%
  57909 16252   234896.2344   167   237307.0000   210090.1625  6631636   11.47%
  58809 16867        cutoff         237307.0000   210451.0039  6760690   11.32%
Elapsed time = 1276.15 sec. (314512.28 ticks, tree = 1089.55 MB, solutions = 22)
  59690 17169   235323.0136   122   237307.0000   210840.0439  6823454   11.15%
  60511 17762        cutoff         237307.0000   211293.8622  6953603   10.96%
  61365 18181   233644.2117   130   237307.0000   211596.3231  7048056   10.83%
  62333 18582   228841.4815   149   237307.0000   211866.1494  7120682   10.72%
  63194 19386        cutoff         237307.0000   212116.8799  7277150   10.61%
  64123 19769   228962.1952   151   237307.0000   212395.7442  7358252   10.50%
  65097 20472        cutoff         237307.0000   212615.1889  7498887   10.41%
  65973 20851   236531.1250   118   237307.0000   212880.4226  7569485   10.29%
  66959 21432   232553.8670   155   237307.0000   213174.2388  7698346   10.17%
  67956 22146        cutoff         237307.0000   213446.0559  7835112   10.05%
Elapsed time = 1428.98 sec. (352689.07 ticks, tree = 1450.95 MB, solutions = 22)
  68795 22607   234553.6080   132   237307.0000   213682.5753  7931814    9.96%
  69695 22882   224984.5793   167   237307.0000   213988.8214  7990263    9.83%
  70615 23291   217503.3611   191   237307.0000   214234.1094  8091639    9.72%
  71522 23961   236441.6460   150   237307.0000   214434.8571  8254110    9.64%
  72417 24522   236708.0895   157   237307.0000   214669.5022  8373916    9.54%
  73271 24714   234415.3709   166   237307.0000   214939.3318  8424765    9.43%
  74208 25048   229438.3750   141   237307.0000   215149.7742  8523776    9.34%
  75127 25576        cutoff         237307.0000   215356.9990  8659293    9.25%
  75972 26101        cutoff         237307.0000   215576.8617  8782726    9.16%
  76923 26648   235946.6260   128   237307.0000   215809.3284  8910148    9.06%
Elapsed time = 1582.35 sec. (390889.77 ticks, tree = 1644.32 MB, solutions = 22)
  77913 26950   222587.1380   161   237307.0000   216093.2123  8976669    8.94%
  78797 27695   236607.8970   139   237307.0000   216271.6269  9145641    8.86%
  79670 27897   236704.5715   209   237307.0000   216446.4740  9199581    8.79%
  80616 28569        cutoff         237307.0000   216683.9761  9369914    8.69%
  81582 28846        cutoff         237307.0000   216871.8247  9440015    8.61%
  82492 29421        cutoff         237307.0000   217107.5385  9580900    8.51%
  83404 29853   234753.5000    99   237307.0000   217292.1343  9684761    8.43%
  84329 30332   232138.6665   176   237307.0000   217558.7238  9801231    8.32%
  85333 30639   236447.4743   200   237307.0000   217745.9119  9874775    8.24%
  86252 31199   228705.0331   170   237307.0000   217943.4703 10020238    8.16%
Elapsed time = 1731.58 sec. (429084.57 ticks, tree = 1938.49 MB, solutions = 22)
  87101 31583   233245.2414   158   237307.0000   218100.2984 10125539    8.09%
  88060 31656        cutoff         237307.0000   218298.4828 10152557    8.01%
  89083 32087   228989.9057   161   237307.0000   218528.2119 10272172    7.91%
  90042 32783   232928.5470   152   237307.0000   218709.1869 10457636    7.84%
  90888 33030   225345.6071   173   237307.0000   218943.6075 10537650    7.74%
  91787 33322   227513.8622   142   237307.0000   219122.0394 10628737    7.66%
  92705 33717   222610.0923   159   237307.0000   219319.8171 10729959    7.58%
  93675 34016        cutoff         237307.0000   219560.0305 10801132    7.48%
  94539 34383        cutoff         237307.0000   219727.4182 10919732    7.41%
  95488 34806        cutoff         237307.0000   219917.3259 11050244    7.33%
Elapsed time = 1876.53 sec. (467275.96 ticks, tree = 2136.75 MB, solutions = 22)
Nodefile size = 78.16 MB (50.32 MB after compression)
  96512 35050   221039.1739   149   237307.0000   220080.0140 11129682    7.26%
  97530 35672   234568.9063   148   237307.0000   220263.4895 11287711    7.18%
  98449 36117   232703.0984   143   237307.0000   220451.5669 11434143    7.10%
  99342 36253   234603.0732   170   237307.0000   220620.9704 11475817    7.03%
 100247 36674   233373.2506   137   237307.0000   220738.2434 11602338    6.98%
 101308 37159   236740.6429   107   237307.0000   220982.9381 11770490    6.88%
 102314 37209   236695.2118   158   237307.0000   221123.5318 11783597    6.82%
 103181 37592        cutoff         237307.0000   221243.5434 11901943    6.77%
 104168 37963        cutoff         237307.0000   221378.4444 12034224    6.71%
 105175 38501        cutoff         237307.0000   221606.1667 12206123    6.62%
Elapsed time = 2020.97 sec. (505449.27 ticks, tree = 2359.83 MB, solutions = 22)
Nodefile size = 304.48 MB (195.72 MB after compression)
 106151 38549   227198.7331   158   237307.0000   221781.0206 12232649    6.54%
 107021 38940   228056.8333   149   237307.0000   221949.6429 12404645    6.47%
 107937 39188        cutoff         237307.0000   222099.5333 12508605    6.41%
 108938 39330   227289.2500   113   237307.0000   222268.6429 12562440    6.34%
 109976 39595   233311.1124   137   237307.0000   222474.8941 12665764    6.25%
 110907 40059   236947.7650   131   237307.0000   222648.7351 12836630    6.18%
 111830 40383   229933.8544   166   237307.0000   222799.9000 12973494    6.11%
 112889 40490   232685.2923   180   237307.0000   222925.2222 13028179    6.06%
 113956 40869   234474.5083   188   237307.0000   223102.0118 13165699    5.99%
 114926 40933        cutoff         237307.0000   223278.4000 13207048    5.91%
Elapsed time = 2164.25 sec. (543635.66 ticks, tree = 2503.37 MB, solutions = 22)
Nodefile size = 448.54 MB (288.18 MB after compression)
 115919 41326   234308.4582   181   237307.0000   223400.1111 13396575    5.86%
 116903 41454   234203.4405   155   237307.0000   223521.1155 13437922    5.81%
 118012 41714        cutoff         237307.0000   223699.7500 13545533    5.73%
 119082 42120        cutoff         237307.0000   223867.1964 13699047    5.66%
 120080 42473   231165.6365   151   237307.0000   224010.3333 13845368    5.60%
 121000 42577   235965.8810   147   237307.0000   224175.9500 13885495    5.53%
 122071 42775        cutoff         237307.0000   224293.1429 14005729    5.48%
 123182 43028        cutoff         237307.0000   224419.4521 14109099    5.43%
 124110 43196   226718.3144   165   237307.0000   224562.8463 14173834    5.37%
 125021 43436   234249.7692   129   237307.0000   224707.2722 14300976    5.31%
Elapsed time = 2307.85 sec. (581820.28 ticks, tree = 2658.50 MB, solutions = 22)
Nodefile size = 605.85 MB (388.97 MB after compression)
 126115 43646   231651.6806   145   237307.0000   224856.2051 14410126    5.25%
 127202 43904   231420.6859   166   237307.0000   224976.8366 14585785    5.20%
 128261 44159   236810.9091   120   237307.0000   225127.7071 14706599    5.13%
 129260 44242   235760.6667    85   237307.0000   225244.0022 14761540    5.08%
 130247 44470   232443.9791   150   237307.0000   225351.4828 14927068    5.04%
 131311 44544   235978.6543   216   237307.0000   225499.0690 14963164    4.98%
 132281 44693   231503.8816   149   237307.0000   225659.1366 15118012    4.91%
 133242 44819   235244.5856   153   237307.0000   225782.2396 15249314    4.86%
 134343 44840        cutoff         237307.0000   225906.1032 15289486    4.80%
 135445 45049        cutoff         237307.0000   226049.5833 15461445    4.74%
Elapsed time = 2453.35 sec. (619985.52 ticks, tree = 2727.48 MB, solutions = 22)
Nodefile size = 676.09 MB (433.92 MB after compression)
 136467 45147        cutoff         237307.0000   226187.1494 15543110    4.69%
 137482 45229   229563.9984   212   237307.0000   226334.6324 15612350    4.62%
 138493 45331   234346.6111   129   237307.0000   226447.8297 15721018    4.58%
 139627 45489        cutoff         237307.0000   226576.8493 15897889    4.52%
*140127 45479      integral     0   236795.0000   226648.2773 15926061    4.29%
 140705 45508        cutoff         236795.0000   226734.9231 15945926    4.25%
 141697 44546        cutoff         236795.0000   226849.8750 16041959    4.20%
 142743 44550        cutoff         236795.0000   226931.1281 16207499    4.17%
 143871 44473        cutoff         236795.0000   227062.2132 16262452    4.11%
 145016 44547        cutoff         236795.0000   227183.0932 16430986    4.06%
 146046 44543   235869.4000   137   236795.0000   227284.0379 16516496    4.02%
Elapsed time = 2603.72 sec. (658168.26 ticks, tree = 2707.29 MB, solutions = 23)
Nodefile size = 656.67 MB (421.31 MB after compression)
 147159 44532        cutoff         236795.0000   227414.2753 16610222    3.96%
 148198 44517   236609.7263   136   236795.0000   227540.3152 16733562    3.91%
 149307 44429        cutoff         236795.0000   227699.1106 16825336    3.84%
 150393 44300        cutoff         236795.0000   227836.3317 16926704    3.78%
 151447 44143        cutoff         236795.0000   227986.4000 17105168    3.72%
 152614 44107        cutoff         236795.0000   228085.1154 17131907    3.68%
 153777 43909   234593.9125   149   236795.0000   228226.6925 17273771    3.62%
 154847 43720   235630.0714   135   236795.0000   228358.6316 17405201    3.56%
 155916 43655        cutoff         236795.0000   228472.7059 17458806    3.51%
 157080 43540        cutoff         236795.0000   228592.3011 17556454    3.46%
Elapsed time = 2743.97 sec. (696339.43 ticks, tree = 2620.52 MB, solutions = 23)
Nodefile size = 656.67 MB (421.31 MB after compression)
 158303 43257   234434.6075   137   236795.0000   228737.9083 17706489    3.40%
 159427 43084   236730.8750   103   236795.0000   228895.5028 17826732    3.34%
 160534 42975   233304.1042   116   236795.0000   229017.1667 17878148    3.28%
 161738 42882        cutoff         236795.0000   229086.0000 17933765    3.26%
 163011 42594        cutoff         236795.0000   229239.6797 18055803    3.19%
 164222 42264   236331.8333   105   236795.0000   229398.5926 18169311    3.12%
 165347 41747   235476.5138   189   236795.0000   229489.2028 18329297    3.09%
 166503 41580        cutoff         236795.0000   229625.8300 18398210    3.03%
 167840 41214   234954.5833   105   236795.0000   229774.0833 18521829    2.96%
 169178 40652        cutoff         236795.0000   229935.1463 18672766    2.90%
Elapsed time = 2881.82 sec. (734525.77 ticks, tree = 2445.95 MB, solutions = 23)
Nodefile size = 656.67 MB (421.31 MB after compression)
 170453 40497   235302.8304   175   236795.0000   230080.7564 18709194    2.84%
 171677 39942        cutoff         236795.0000   230169.2059 18865696    2.80%
 172818 39700        cutoff         236795.0000   230321.6809 18920645    2.73%
 174164 39260        cutoff         236795.0000   230471.8500 19024392    2.67%
 175590 38618   236479.8000   129   236795.0000   230579.0261 19168282    2.63%
*176939+38287                       236769.0000   230755.7897             2.54%
 177009 38103   235944.3151   140   236769.0000   230755.7897 19258977    2.54%
 178279 37512   236328.4837   152   236769.0000   230896.6933 19358451    2.48%
 179691 36926   236246.7235   157   236769.0000   231092.7600 19479927    2.40%
 181068 36364   235723.6000    91   236769.0000   231221.5598 19567968    2.34%
 182524 35692   234713.6214   117   236769.0000   231404.3587 19659013    2.27%
Elapsed time = 3014.62 sec. (772697.36 ticks, tree = 2164.11 MB, solutions = 24)
Nodefile size = 654.46 MB (419.90 MB after compression)
 184041 34993        cutoff         236769.0000   231583.4523 19760262    2.19%
 185559 34123        cutoff         236769.0000   231757.2500 19869983    2.12%
 187170 33367        cutoff         236769.0000   231920.2844 19964689    2.05%
 188763 32574   235969.4648   122   236769.0000   232107.3281 20053840    1.97%
 190442 31880        cutoff         236769.0000   232285.0001 20124985    1.89%
 192148 30283        cutoff         236769.0000   232481.0645 20274743    1.81%
 193933 29478        cutoff         236769.0000   232680.7485 20341461    1.73%
 195703 28122   236137.3000   126   236769.0000   232863.6447 20451310    1.65%
 197602 26812        cutoff         236769.0000   233084.3690 20542922    1.56%
 199599 25420        cutoff         236769.0000   233304.9017 20628393    1.46%
Elapsed time = 3136.11 sec. (810866.86 ticks, tree = 1589.15 MB, solutions = 24)
Nodefile size = 654.46 MB (419.90 MB after compression)
 201610 24369        cutoff         236769.0000   233497.7500 20689247    1.38%
 203744 22320        cutoff         236769.0000   233747.1015 20793664    1.28%
 205946 20777        cutoff         236769.0000   233989.7500 20863903    1.17%
 208330 18758        cutoff         236769.0000   234240.3207 20943108    1.07%
 210634 16432        cutoff         236769.0000   234518.9375 21019347    0.95%
 212841 14765        cutoff         236769.0000   234779.7500 21063527    0.84%
 215177 12203        cutoff         236769.0000   235055.5909 21120292    0.72%
 217610  9851        cutoff         236769.0000   235344.3095 21159873    0.60%
Starting limited solution polishing.
 220214  7298        cutoff         236769.0000   235677.8000 21192071    0.46%
 222891  4642        cutoff         236769.0000   236042.7672 21217098    0.31%
Elapsed time = 3258.29 sec. (849023.47 ticks, tree = 148.54 MB, solutions = 24)
Nodefile size = 72.70 MB (46.46 MB after compression)
 225642  1633        cutoff         236769.0000   236459.7813 21233051    0.13%

Zero-half cuts applied:  419
Lift and project cuts applied:  331
Gomory fractional cuts applied:  2

Root node processing (before b&c):
  Real time             =   14.14 sec. (6644.36 ticks)
Parallel b&c, 8 threads:
  Real time             = 3265.56 sec. (848192.38 ticks)
  Sync time (average)   =  352.38 sec.
  Wait time (average)   =    0.01 sec.
                          ------------
Total (root+branch&cut) = 3279.70 sec. (854836.74 ticks)
Status: Optimal
Obj: 236769

Instalacoes abertas:
Instalação 1 aberta
Instalação 4 aberta
Instalação 8 aberta
Instalação 9 aberta
Instalação 20 aberta
Instalação 22 aberta
Instalação 47 aberta

Atribuições (cliente -> instalação):
Cliente 0 -> Instalação 47
Cliente 1 -> Instalação 1
Cliente 2 -> Instalação 20
Cliente 3 -> Instalação 20
Cliente 4 -> Instalação 9
Cliente 5 -> Instalação 8
Cliente 6 -> Instalação 4
Cliente 7 -> Instalação 9
Cliente 8 -> Instalação 9
Cliente 9 -> Instalação 9
Cliente 10 -> Instalação 9
Cliente 11 -> Instalação 22
Cliente 12 -> Instalação 9
Cliente 13 -> Instalação 8
Cliente 14 -> Instalação 4
Cliente 15 -> Instalação 1
Cliente 16 -> Instalação 1
Cliente 17 -> Instalação 4
Cliente 18 -> Instalação 4
Cliente 19 -> Instalação 8
Cliente 20 -> Instalação 4
Cliente 21 -> Instalação 47
Cliente 22 -> Instalação 9
Cliente 23 -> Instalação 20
Cliente 24 -> Instalação 20
Cliente 25 -> Instalação 20
Cliente 26 -> Instalação 4
Cliente 27 -> Instalação 20
Cliente 28 -> Instalação 47
Cliente 29 -> Instalação 20
Cliente 30 -> Instalação 4
Cliente 31 -> Instalação 22
Cliente 32 -> Instalação 47
Cliente 33 -> Instalação 20
Cliente 34 -> Instalação 9
Cliente 35 -> Instalação 9
Cliente 36 -> Instalação 47
Cliente 37 -> Instalação 20
Cliente 38 -> Instalação 9
Cliente 39 -> Instalação 8
Cliente 40 -> Instalação 1
Cliente 41 -> Instalação 8
Cliente 42 -> Instalação 8
Cliente 43 -> Instalação 4
Cliente 44 -> Instalação 8
Cliente 45 -> Instalação 8
Cliente 46 -> Instalação 8
Cliente 47 -> Instalação 1
Cliente 48 -> Instalação 8
Cliente 49 -> Instalação 9
