Version identifier: 22.1.1.0 | 2022-11-28 | 9160aff4d
CPXPARAM_TimeLimit                               3600
Tried aggregator 1 time.
MIP Presolve eliminated 50 rows and 1 columns.
Reduced MIP has 39250 rows, 3284 columns, and 117650 nonzeros.
Reduced MIP has 3284 binaries, 0 generals, 0 SOSs, and 0 indicators.
Presolve time = 0.06 sec. (53.96 ticks)
Found incumbent of value 3.1298318e+07 after 0.07 sec. (68.80 ticks)
Probing time = 0.04 sec. (6.86 ticks)
Tried aggregator 1 time.
Detecting symmetries...
Reduced MIP has 39250 rows, 3284 columns, and 117650 nonzeros.
Reduced MIP has 3284 binaries, 0 generals, 0 SOSs, and 0 indicators.
Presolve time = 0.07 sec. (65.38 ticks)
Probing time = 0.02 sec. (6.97 ticks)
Clique table members: 2500.
MIP emphasis: balance optimality and feasibility.
MIP search method: dynamic search.
Parallel mode: deterministic, using up to 8 threads.
Root relaxation solution time = 0.10 sec. (58.11 ticks)

        Nodes                                         Cuts/
   Node  Left     Objective  IInf  Best Integer    Best Bound    ItCnt     Gap

*     0+    0                       3.12983e+07        0.0000           100.00%
*     0+    0                       2.39037e+07        0.0000           100.00%
*     0+    0                      1419991.0000        0.0000           100.00%
*     0+    0                      1399534.0000        0.0000           100.00%
*     0+    0                      1130244.0000        0.0000           100.00%
      0     0    93774.0000   100  1130244.0000    93774.0000      185   91.70%
*     0+    0                       940739.0000    93774.0000            90.03%
      0     0   106217.5000   100   940739.0000    Cuts: 1820      415   88.71%
      0     0   118774.0000    98   940739.0000    Cuts: 1781      658   87.37%
      0     0   131217.5000    98   940739.0000 ZeroHalf: 720     1800   86.05%
*     0+    0                       811244.0000   131217.5000            83.83%
      0     0  -1.00000e+75     0   811244.0000   131217.5000     1800   83.83%
      0     0   137931.8333   166   811244.0000 ZeroHalf: 679     2576   83.00%
      0     0   143364.8500   185   811244.0000     Cuts: 536     3360   82.33%
Detecting symmetries...
*     0+    0                       576400.0000   143364.8500            75.13%
      0     0   148434.2004   171   576400.0000     Cuts: 327     3990   74.25%
*     0+    0                       536572.0000   148434.2004            72.34%
*     0+    0                       536522.0000   148434.2004            72.33%
      0     0   151959.9475   206   536522.0000     Cuts: 251     4482   71.68%
      0     0   156233.1597   177   536522.0000     Cuts: 600     5027   70.88%
      0     0   159129.7048   205   536522.0000     Cuts: 127     5531   70.34%
      0     0   161265.5811   198   536522.0000     Cuts: 145     5975   69.94%
*     0+    0                       531280.0000   161265.5811            69.65%
      0     0   162413.3519   214   531280.0000     Cuts: 320     6300   69.43%
      0     0   163542.4598   213   531280.0000      Cuts: 87     6630   69.22%
      0     0   165026.6832   210   531280.0000      Cuts: 99     6956   68.94%
      0     0   166027.6075   202   531280.0000     Cuts: 104     7337   68.75%
      0     0   166748.7633   204   531280.0000      Cuts: 89     7561   68.61%
      0     0   167584.1602   175   531280.0000     Cuts: 285     7934   68.46%
      0     0   168236.2886   181   531280.0000     Cuts: 108     8197   68.33%
      0     0   169018.2353   181   531280.0000      Cuts: 67     8490   68.19%
      0     0   169678.3932   224   531280.0000     Cuts: 128     8828   68.06%
      0     0   170196.4698   216   531280.0000      Cuts: 61     9137   67.96%
      0     0   170647.5588   191   531280.0000     Cuts: 245     9434   67.88%
      0     0   171416.4578   211   531280.0000     Cuts: 146     9863   67.74%
      0     0   172388.4421   208   531280.0000      Cuts: 63    10162   67.55%
      0     0   173007.0534   181   531280.0000     Cuts: 117    10378   67.44%
      0     0   173479.9485   202   531280.0000  ZeroHalf: 29    10607   67.35%
      0     0   173814.4186   197   531280.0000      Cuts: 57    10789   67.28%
      0     0   174371.3066   200   531280.0000      Cuts: 52    11025   67.18%
      0     0   175154.3656   201   531280.0000     Cuts: 126    11352   67.03%
      0     0   175740.7141   223   531280.0000      Cuts: 54    11647   66.92%
      0     0   176474.9346   233   531280.0000      Cuts: 52    11910   66.78%
      0     0   176835.4239   201   531280.0000      Cuts: 89    12081   66.72%
      0     0   177140.4913   207   531280.0000      Cuts: 51    12296   66.66%
      0     0   177458.7231   208   531280.0000      Cuts: 42    12463   66.60%
      0     0   177823.6182   206   531280.0000      Cuts: 49    12648   66.53%
      0     0   178023.0344   211   531280.0000     Cuts: 232    12797   66.49%
      0     0   178360.1366   188   531280.0000     Cuts: 118    12997   66.43%
      0     0   178816.8874   219   531280.0000      Cuts: 42    13228   66.34%
      0     0   179707.8170   206   531280.0000      Cuts: 59    13602   66.17%
      0     0   180199.0198   208   531280.0000      Cuts: 78    13828   66.08%
      0     0   180875.6258   193   531280.0000      Cuts: 55    14016   65.95%
      0     0   181476.2481   210   531280.0000      Cuts: 89    14283   65.84%
      0     0   181907.5681   215   531280.0000     Cuts: 100    14504   65.76%
      0     0   182363.6810   212   531280.0000      Cuts: 92    14823   65.67%
      0     0   182579.2630   235   531280.0000      Cuts: 48    15028   65.63%
      0     0   182856.7323   221   531280.0000      Cuts: 57    15213   65.58%
      0     0   183272.0740   204   531280.0000     Cuts: 174    15467   65.50%
      0     0   183589.9143   206   531280.0000      Cuts: 31    15614   65.44%
      0     0   183821.4712   198   531280.0000      Cuts: 40    15725   65.40%
      0     0   184134.9521   199   531280.0000      Cuts: 91    15949   65.34%
      0     0   184451.4840   208   531280.0000      Cuts: 81    16244   65.28%
      0     0   184801.6194   215   531280.0000  ZeroHalf: 44    16470   65.22%
      0     0   185078.1210   209   531280.0000      Cuts: 58    16676   65.16%
      0     0   185400.2111   214   531280.0000      Cuts: 98    16951   65.10%
      0     0   185665.9047   219   531280.0000      Cuts: 42    17194   65.05%
      0     0   185801.8100   237   531280.0000      Cuts: 64    17406   65.03%
      0     0   186076.7537   234   531280.0000      Cuts: 45    17602   64.98%
      0     0   186471.8827   209   531280.0000     Cuts: 144    17845   64.90%
      0     0   186783.2587   207   531280.0000      Cuts: 94    18086   64.84%
      0     0   186889.8760   206   531280.0000      Cuts: 36    18164   64.82%
      0     0   187076.3305   209   531280.0000  ZeroHalf: 31    18314   64.79%
      0     0   187252.3771   205   531280.0000  ZeroHalf: 34    18447   64.75%
      0     0   187539.2173   204   531280.0000      Cuts: 41    18579   64.70%
      0     0   187719.0270   206   531280.0000      Cuts: 64    18733   64.67%
      0     0   187881.9207   207   531280.0000      Cuts: 41    18892   64.64%
      0     0   187979.3923   208   531280.0000      Cuts: 48    19012   64.62%
*     0+    0                       530934.0000   187979.3923            64.59%
      0     0  -1.00000e+75     0   530934.0000   187979.3923    19012   64.59%
Detecting symmetries...
      0     2   187979.3923   208   530934.0000   187979.3923    19012   64.59%
Elapsed time = 21.03 sec. (16067.99 ticks, tree = 0.02 MB, solutions = 12)
      3     3   194203.4306   200   530934.0000   187980.1210    19672   64.59%
      7     5   199655.8987   200   530934.0000   188192.3750    20051   64.55%
     14    10   205791.6393   176   530934.0000   188920.1723    22739   64.42%
     24    21   217898.9209   163   530934.0000   188921.5282    26848   64.42%
     33    20   207393.1193   162   530934.0000   188921.5282    27112   64.42%
*    36+    7                       496252.0000   188921.5282            61.93%
     42    34   218542.7572   166   496252.0000   188921.5282    31016   61.93%
     54    52   214985.1921   165   496252.0000   188921.5282    37538   61.93%
     72    68   243971.0500   126   496252.0000   188921.5282    41607   61.93%
     92    86   296967.2500    90   496252.0000   188921.5282    45818   61.93%
    186   154   222144.3189   160   496252.0000   188921.5282    61112   61.93%
Elapsed time = 34.43 sec. (19287.85 ticks, tree = 1.98 MB, solutions = 14)
    368   288   390405.0625   108   496252.0000   188921.5282    79782   61.93%
    522   449   212360.8784   159   496252.0000   188921.5282   104588   61.93%
    680   586   445158.0000    78   496252.0000   193981.7143   118904   60.91%
    829   714   496033.6250    69   496252.0000   194304.3176   140830   60.85%
   1025   839   421469.0000    59   496252.0000   194304.3176   165369   60.85%
   1225  1028   458898.0000    62   496252.0000   194304.3176   187295   60.85%
   1322  1158   242388.3011   168   496252.0000   194304.3176   205540   60.85%
   1486  1238   275906.6862   182   496252.0000   194304.3176   220323   60.85%
   1633  1452   381835.5000    76   496252.0000   197677.6756   251233   60.17%
   1697  1485   266353.6502   184   496252.0000   197677.6756   257820   60.17%
Elapsed time = 84.50 sec. (29585.28 ticks, tree = 10.80 MB, solutions = 14)

Performing restart 1

Repeating presolve.
Tried aggregator 1 time.
MIP Presolve eliminated 1569 rows and 69 columns.
Reduced MIP has 37681 rows, 3215 columns, and 112943 nonzeros.
Reduced MIP has 3215 binaries, 0 generals, 0 SOSs, and 0 indicators.
Presolve time = 0.06 sec. (53.89 ticks)
Tried aggregator 1 time.
Reduced MIP has 37681 rows, 3215 columns, and 112943 nonzeros.
Reduced MIP has 3215 binaries, 0 generals, 0 SOSs, and 0 indicators.
Presolve time = 0.07 sec. (64.85 ticks)
Represolve time = 0.20 sec. (169.79 ticks)
*  1698+    0                       495302.0000   197677.6756            60.09%
   1698     0   188156.2737   228   495302.0000      Cuts: 56   278218   60.09%
   1698     0   188436.6797   216   495302.0000      Cuts: 71   278368   60.09%
   1698     0   188864.0729   247   495302.0000      Cuts: 62   278605   60.09%
*  1698+    0                       469516.0000   197677.6756            57.90%
*  1698+    0                       466227.0000   197677.6756            57.60%
   1698     0  -1.00000e+75     0   466227.0000   197677.6756   278605   57.60%
   1698     0   189345.9635   215   466227.0000      Cuts: 61   278902   57.60%
   1698     0   189958.3433   232   466227.0000      Cuts: 81   279198   57.60%
   1698     0   190441.9309   240   466227.0000      Cuts: 77   279451   57.60%
   1698     0   190812.4518   234   466227.0000      Cuts: 79   279659   57.60%
   1698     2   190812.4518   234   466227.0000   197677.6756   279659   57.60%
   1700     4   191106.2113   229   466227.0000   197677.6756   279912   57.60%
   1705     8   209396.8802   171   466227.0000   197677.6756   281381   57.60%
   1722    18   215319.9505   185   466227.0000   197677.6756   283977   57.60%
   1755    30   209383.8880   204   466227.0000   197677.6756   290734   57.60%
   1811    88   216935.4307   178   466227.0000   197677.6756   310729   57.60%
   1850   111   226711.2515   173   466227.0000   197677.6756   315657   57.60%
   1923   155   231732.1466   156   466227.0000   197677.6756   323738   57.60%
   1964   233   233158.1884   167   466227.0000   197677.6756   336918   57.60%
   2009   264   239426.7000   139   466227.0000   197677.6756   340796   57.60%
Elapsed time = 194.12 sec. (54319.90 ticks, tree = 3.76 MB, solutions = 17)
   2038   281   236170.7837   210   466227.0000   197677.6756   345905   57.60%
   2078   357   233080.8062   203   466227.0000   197677.6756   363843   57.60%
   2097   368   239617.1493   179   466227.0000   197677.6756   366563   57.60%
   2126   398   259837.3720   169   466227.0000   197677.6756   374242   57.60%
   2157   418   244474.4943   175   466227.0000   197677.6756   376741   57.60%
   2212   490   233670.5152   188   466227.0000   197677.6756   389385   57.60%
   2254   524   268127.7359   157   466227.0000   197677.6756   395831   57.60%
   2333   535   264247.1739   164   466227.0000   197677.6756   397193   57.60%
   2379   619   290397.3135   168   466227.0000   197677.6756   413064   57.60%
   2430   678   261862.2993   190   466227.0000   197677.6756   419451   57.60%
Elapsed time = 281.12 sec. (63938.45 ticks, tree = 17.26 MB, solutions = 17)
   2486   690   276968.1695   190   466227.0000   197677.6756   421354   57.60%
   2569   742   299985.9217   159   466227.0000   197677.6756   427148   57.60%
   2670   794   361389.8000   116   466227.0000   197677.6756   430730   57.60%
   2770   814   307156.2137   151   466227.0000   197677.6756   435912   57.60%
   2849  1007   300407.2297   164   466227.0000   197677.6756   453699   57.60%
   2924   975   363635.7073   149   466227.0000   197677.6756   450902   57.60%
   3031  1150   306890.0500   155   466227.0000   197677.6756   469012   57.60%
   3128  1158   310222.9762   187   466227.0000   197677.6756   469597   57.60%
   3219  1376   324935.3194   173   466227.0000   197677.6756   487343   57.60%
   3311  1470   276624.5833   133   466227.0000   197677.6756   502657   57.60%
Elapsed time = 358.58 sec. (73575.59 ticks, tree = 20.94 MB, solutions = 17)
   3444  1602   381196.0000   143   466227.0000   197677.6756   514524   57.60%
   3559  1618   416405.4286   145   466227.0000   197677.6756   516266   57.60%
   3656  1745   403795.3108   122   466227.0000   197677.6756   535562   57.60%
   3764  1824   364733.1250   148   466227.0000   197677.6756   540793   57.60%
   3848  1911   214254.6938   189   466227.0000   197677.6756   554664   57.60%
   3886  2014   396088.3542   138   466227.0000   197677.6756   566097   57.60%

Performing restart 2

Repeating presolve.
Tried aggregator 1 time.
MIP Presolve eliminated 613 rows and 28 columns.
Reduced MIP has 37068 rows, 3187 columns, and 145034 nonzeros.
Reduced MIP has 3187 binaries, 0 generals, 0 SOSs, and 0 indicators.
Presolve time = 0.21 sec. (182.88 ticks)
Tried aggregator 1 time.
Reduced MIP has 37068 rows, 3187 columns, and 145034 nonzeros.
Reduced MIP has 3187 binaries, 0 generals, 0 SOSs, and 0 indicators.
Presolve time = 0.13 sec. (105.57 ticks)
Represolve time = 0.41 sec. (352.60 ticks)
*  3894+    0                       466207.0000   197677.6756            57.60%
   3894     0   191213.6004   224   466207.0000      Cuts: 62   596394   57.60%
   3894     0   191600.6961   209   466207.0000      Cuts: 40   596640   57.60%
   3894     0   192189.6529   211   466207.0000     Cuts: 100   596932   57.60%
   3894     0   192459.0604   213   466207.0000      Cuts: 91   597091   57.60%
   3894     0   192929.9756   211   466207.0000      Cuts: 78   597269   57.60%
   3894     0   193644.9653   211   466207.0000      Cuts: 74   597572   57.60%
   3894     0   193996.1537   212   466207.0000     Cuts: 142   597824   57.60%
   3894     0   194274.1032   238   466207.0000      Cuts: 76   598072   57.60%
   3894     2   194274.1032   238   466207.0000   197677.6756   598072   57.60%
   3902     9   217305.6811   197   466207.0000   197677.6756   601717   57.60%
   3917    17   209392.4514   211   466207.0000   197677.6756   608608   57.60%
   3945    38   235735.6739   156   466207.0000   197677.6756   624793   57.60%
Elapsed time = 438.70 sec. (96503.40 ticks, tree = 0.38 MB, solutions = 18)
   3987    73   239863.4626   168   466207.0000   197677.6756   640039   57.60%
   4041   123   303920.0000    83   466207.0000   197677.6756   661798   57.60%
   4117   186   327756.7500   119   466207.0000   197677.6756   682996   57.60%
   4230   260   437762.5000    56   466207.0000   197677.6756   698640   57.60%
   4338   340   389067.2500    94   466207.0000   197677.6756   715159   57.60%
   4445   427   241968.1957   149   466207.0000   197677.6756   737279   57.60%
   4521   512   220558.5533   182   466207.0000   197677.6756   756112   57.60%
   4596   611   383049.5000    73   466207.0000   197677.6756   786290   57.60%
   4711   709        cutoff         466207.0000   197677.6756   811754   57.60%
   4799   745   383942.5000    68   466207.0000   201779.4892   824135   56.72%
Elapsed time = 510.50 sec. (106123.23 ticks, tree = 4.86 MB, solutions = 18)
   4917   828   439064.0000    59   466207.0000   201779.4892   844917   56.72%
   5054   992   380910.3333   111   466207.0000   201779.4892   882456   56.72%
   5156  1099   465609.2500    81   466207.0000   201779.4892   903694   56.72%
   5198  1181   245243.6688   209   466207.0000   203645.6487   927480   56.32%
   5278  1198   260545.6183   200   466207.0000   203645.6487   932556   56.32%
   5335  1221   248442.0173   182   466207.0000   203771.0768   940828   56.29%
   5404  1335   299657.5165   179   466207.0000   203771.0768   966239   56.29%
   5459  1414   344626.8231   136   466207.0000   203771.0768   985424   56.29%
   5522  1447   253772.3279   191   466207.0000   203771.0768   996643   56.29%
   5591  1524   348338.9529   186   466207.0000   203771.0768  1014628   56.29%
Elapsed time = 585.94 sec. (115807.63 ticks, tree = 9.88 MB, solutions = 18)
   5676  1625   417547.0000   113   466207.0000   203771.0768  1035164   56.29%
   5759  1662   391181.0747   145   466207.0000   203771.0768  1041735   56.29%
   5841  1786   339551.2352   173   466207.0000   203771.0768  1068781   56.29%
   5943  1845   390713.2794   152   466207.0000   203771.0768  1077891   56.29%
   6042  1975   417226.4078   153   466207.0000   203771.0768  1101975   56.29%
   6134  1999   230106.5965   187   466207.0000   205555.4457  1107842   55.91%
   6219  2069   228912.1391   168   466207.0000   205555.4457  1122120   55.91%
   6289  2164   257921.4607   179   466207.0000   205555.4457  1145260   55.91%
   6352  2220   253115.7000   195   466207.0000   205555.4457  1161723   55.91%
   6404  2259   296235.4756   209   466207.0000   205555.4457  1172948   55.91%
Elapsed time = 662.47 sec. (125397.10 ticks, tree = 14.60 MB, solutions = 18)
   6451  2374   279324.9905   241   466207.0000   205555.4457  1203373   55.91%
   6510  2411   327154.3980   178   466207.0000   205555.4457  1211015   55.91%
   6573  2472   336456.5368   184   466207.0000   205555.4457  1228043   55.91%
   6649  2549   349762.7194   167   466207.0000   205555.4457  1247774   55.91%
   6741  2560   368553.9000   101   466207.0000   205555.4457  1245721   55.91%
   6856  2653   345272.1405   162   466207.0000   205555.4457  1265694   55.91%
   6956  2855   458925.3000    88   466207.0000   205555.4457  1293394   55.91%
   7049  2818   432271.0368   144   466207.0000   207364.8287  1289739   55.52%
   7143  3020   424918.2630   157   466207.0000   207364.8287  1325622   55.52%
   7421  3252   308099.9314   212   466207.0000   208981.6378  1388015   55.17%
Elapsed time = 763.98 sec. (137898.58 ticks, tree = 21.71 MB, solutions = 18)
   7689  3495   425048.4000   113   466207.0000   208981.6378  1433901   55.17%
   8029  3821   386277.8136   143   466207.0000   208981.6378  1501248   55.17%
   8373  4050   435956.5000    71   466207.0000   209612.9606  1548987   55.04%
   8727  4450   381734.2979   164   466207.0000   211812.0053  1653103   54.57%
   9067  4783   331097.0500   169   466207.0000   212533.3674  1722110   54.41%
   9340  5048   428085.7000   142   466207.0000   212634.4647  1789568   54.39%
   9687  5352   450639.5217   147   466207.0000   212634.4647  1850489   54.39%
  10017  5597   413401.5556   117   466207.0000   213149.7390  1900258   54.28%
  10325  5922   230413.4997   178   466207.0000   213487.1397  1970015   54.21%
  10633  6274   462715.4583   124   466207.0000   213841.8422  2043065   54.13%
Elapsed time = 1077.48 sec. (176112.72 ticks, tree = 45.55 MB, solutions = 18)
  10959  6534   416717.2947   140   466207.0000   214132.9791  2100894   54.07%
  11221  6760   315065.1227   164   466207.0000   214581.2855  2149203   53.97%
  11579  7085   271567.3523   154   466207.0000   214581.2855  2219160   53.97%
  11939  7427   379655.3554   200   466207.0000   214581.2855  2271686   53.97%
  12303  7621   361237.6667   129   466207.0000   214935.0682  2307795   53.90%
  12757  8158   307871.8557   190   466207.0000   215296.8685  2394710   53.82%
  13158  8569   333725.3301   167   466207.0000   215588.0934  2452844   53.76%
  13635  8884   270707.2769   182   466207.0000   215588.0934  2493496   53.76%
  13979  9322   452655.5783   143   466207.0000   216734.9411  2547423   53.51%
  14429  9733   273872.7321   129   466207.0000   217015.7008  2610845   53.45%
Elapsed time = 1450.53 sec. (214358.05 ticks, tree = 450.52 MB, solutions = 18)
  14820  9954   361224.5227   172   466207.0000   217063.6516  2638823   53.44%
  15222 10555   243131.2195   182   466207.0000   217139.2322  2712593   53.42%
  15606 10947   326726.0473   167   466207.0000   217185.4018  2775528   53.41%
  16041 11245   382679.7657   157   466207.0000   217378.4308  2819315   53.37%
  16420 11666   288419.5000    91   466207.0000   217624.4037  2876953   53.32%
  16904 11964   301129.5190   203   466207.0000   218206.8399  2917542   53.20%
  17276 12395   460793.2500   112   466207.0000   218642.2722  2975193   53.10%
  17762 12735   453482.3333    99   466207.0000   218833.9469  3035315   53.06%
  18184 13114   411893.0711   168   466207.0000   219047.2913  3075423   53.02%
  18653 13537   312386.0509   199   466207.0000   219544.1943  3132023   52.91%
Elapsed time = 1795.99 sec. (252593.87 ticks, tree = 996.25 MB, solutions = 18)
  19084 14036   330207.5096   159   466207.0000   219575.9421  3193655   52.90%
  19438 14239   336242.8172   200   466207.0000   219758.8570  3217413   52.86%
  19787 14780   299541.8719   190   466207.0000   219810.4203  3282283   52.85%
  20141 15216   397447.5260   166   466207.0000   220257.8275  3335849   52.76%
  20523 15403   380276.7379   159   466207.0000   220257.8275  3362005   52.76%
  20911 15725   394293.4365   157   466207.0000   220585.1012  3408072   52.69%
  21357 16181   455037.3636   118   466207.0000   220835.1663  3461556   52.63%
  21828 16575   352374.0000    83   466207.0000   221070.6955  3532756   52.58%
  22320 17058   384406.4791   158   466207.0000   221333.6776  3593693   52.52%
  22778 17518   352618.4183   161   466207.0000   221574.7263  3641199   52.47%
Elapsed time = 2085.88 sec. (290805.57 ticks, tree = 1893.19 MB, solutions = 18)
  23211 18119   339118.3004   171   466207.0000   221574.7263  3707013   52.47%
  23667 18441   319380.5492   188   466207.0000   221760.2351  3747370   52.43%
  24093 18739   374266.8086   166   466207.0000   221991.2710  3788805   52.38%
  24543 19135   335397.2500   160   466207.0000   222023.1045  3834492   52.38%
  24980 19712   417866.7500    90   466207.0000   222458.4716  3911257   52.28%
  25377 19955   333403.4910   201   466207.0000   222794.5580  3956999   52.21%
  25833 20637   427819.9242   140   466207.0000   223036.9798  4049801   52.16%
  26309 20440   309467.6699   239   466207.0000   223073.2131  4020207   52.15%
  26749 20937   435993.3250   143   466207.0000   223391.3833  4083281   52.08%
* 27160+21445                       459637.0000   223604.4803            51.35%
  27288 21486   337340.4390   183   459637.0000   223604.4803  4192841   51.35%
Elapsed time = 2389.97 sec. (329016.24 ticks, tree = 2872.88 MB, solutions = 19)
Nodefile size = 814.21 MB (497.90 MB after compression)
  27737 21925   401643.0208   141   459637.0000   223677.9535  4238791   51.34%
  28192 22033   304397.2853   173   459637.0000   223888.5430  4253125   51.29%
  28650 22617   404856.8791   129   459637.0000   223907.4257  4321023   51.29%
  29103 22938   393632.1667   138   459637.0000   224069.7058  4354004   51.25%
  29470 23443   348149.1500   140   459637.0000   224156.9983  4419661   51.23%
  29890 23917   317529.2333   162   459637.0000   224530.2783  4503441   51.15%
  30298 24087   345143.5314   160   459637.0000   224576.2685  4530650   51.14%
  30793 24494   364675.8895   176   459637.0000   224718.5414  4580680   51.11%
  31256 25225   376994.1463   150   459637.0000   224970.3564  4665373   51.05%
  31721 25281   291299.1087   176   459637.0000   225036.3195  4671863   51.04%
Elapsed time = 2701.24 sec. (367231.38 ticks, tree = 3796.06 MB, solutions = 19)
Nodefile size = 1715.25 MB (1049.94 MB after compression)
  32180 26115   314937.9020   171   459637.0000   225162.5166  4769766   51.01%
  32550 26024   266646.8548   190   459637.0000   225469.9828  4756769   50.95%
  32927 26746   227675.1606   245   459637.0000   225499.3632  4844440   50.94%
  33424 27282   450650.3400   161   459637.0000   225674.2416  4910634   50.90%
  33883 27088   426702.6167   132   459637.0000   225674.2416  4890595   50.90%
  34348 27592   355742.2091   184   459637.0000   226005.6195  4952117   50.83%
  34843 27964   459204.7703   130   459637.0000   226239.0699  5004635   50.78%
  35327 28408   439059.5000    69   459637.0000   226381.6349  5062405   50.75%
  35717 29359   316597.6446   195   459637.0000   226892.5600  5170580   50.64%
  36195 29617   397919.8565   134   459637.0000   226892.5600  5199380   50.64%
Elapsed time = 3007.90 sec. (405444.18 ticks, tree = 4549.74 MB, solutions = 19)
Nodefile size = 2487.33 MB (1521.25 MB after compression)
  36536 30061   279376.0929   190   459637.0000   227181.0620  5266803   50.57%
  36905 30383   305258.8769   174   459637.0000   227187.8142  5309182   50.57%
  37362 30594   378432.4722   156   459637.0000   227355.1027  5329891   50.54%
  37739 30989   304448.9997   131   459637.0000   227355.1027  5391981   50.54%
  38104 31571   358015.8554   204   459637.0000   227697.5401  5468121   50.46%
  38513 31928   437361.8333   122   459637.0000   227751.3266  5523252   50.45%
  38923 32211   318935.6582   195   459637.0000   227793.2303  5568211   50.44%
Starting limited solution polishing.
  39495 32794   458477.5000    72   459637.0000   227793.2303  5630589   50.44%
  39924 32953   327478.7431   211   459637.0000   228008.9711  5650136   50.39%
  40372 33408   348146.0507   191   459637.0000   228022.6381  5701176   50.39%
Elapsed time = 3301.68 sec. (443670.10 ticks, tree = 5112.74 MB, solutions = 19)
Nodefile size = 3049.02 MB (1862.24 MB after compression)
  40703 33751   352246.9010   152   459637.0000   228266.2608  5734530   50.34%
  40947 34345   253088.4351   186   459637.0000   228266.2608  5804981   50.34%
  41222 34568   406225.1124   138   459637.0000   228355.8105  5829569   50.32%
  41556 34880   367230.9043   144   459637.0000   228355.8105  5866793   50.32%
  41884 35052   300425.6861   197   459637.0000   228617.6575  5897745   50.26%
  42207 35031   417649.8558   141   459637.0000   228733.7011  5886022   50.24%
* 42216+35106                       458284.0000   228733.7011            50.09%
  42430 35638   381484.5000    80   458284.0000   228904.9318  5975467   50.05%
  42768 35788   363256.1346   155   458284.0000   228923.8009  5988298   50.05%
* 42841+35696                       454287.0000   228923.8009            49.61%
* 42854+35696                       450971.0000   228923.8009            49.24%
* 42861+35695                       449097.0000   228923.8009            49.03%
* 42870+35686                       442446.0000   228923.8009            48.26%
  43015 35958   304160.0812   238   442446.0000   228923.8009  6009751   48.26%
  43333 33902   421594.2322   162   442446.0000   228998.6775  6086735   48.24%
Elapsed time = 3492.24 sec. (481940.34 ticks, tree = 5144.39 MB, solutions = 26)
Nodefile size = 3080.25 MB (1878.97 MB after compression)
* 43443+33609                       439008.0000   229104.2046            47.81%
  43531 33933   290860.4699   205   439008.0000   229104.2046  6093665   47.81%
* 43532+33609                       438531.0000   229104.2046            47.76%
  43796 33442   329456.0003   168   438531.0000   229104.2046  6117008   47.76%
  44016 33709   391826.2928   162   438531.0000   229104.2046  6147778   47.76%
  44265 33915   305851.2364   194   438531.0000   229362.1302  6174656   47.70%
  44537 34139   269158.1707   147   438531.0000   229362.1302  6199685   47.70%
  44801 34396   413730.0000    75   438531.0000   229479.3998  6237549   47.67%

Zero-half cuts applied:  391
Lift and project cuts applied:  174

Root node processing (before b&c):
  Real time             =   20.98 sec. (16000.58 ticks)
Parallel b&c, 8 threads:
  Real time             = 3582.03 sec. (493152.94 ticks)
  Sync time (average)   =  615.58 sec.
  Wait time (average)   =    0.01 sec.
                          ------------
Total (root+branch&cut) = 3603.01 sec. (509153.53 ticks)
Status: Feasible
Obj: 438531

Instalacoes abertas:
Instalação 0 aberta
Instalação 1 aberta
Instalação 4 aberta
Instalação 8 aberta
Instalação 9 aberta
Instalação 13 aberta
Instalação 16 aberta
Instalação 20 aberta
Instalação 22 aberta
Instalação 25 aberta
Instalação 30 aberta
Instalação 47 aberta
Instalação 49 aberta

Atribuições (cliente -> instalação):
Cliente 0 -> Instalação 49
Cliente 1 -> Instalação 4
Cliente 2 -> Instalação 13
Cliente 3 -> Instalação 8
Cliente 4 -> Instalação 9
Cliente 5 -> Instalação 30
Cliente 6 -> Instalação 1
Cliente 7 -> Instalação 9
Cliente 8 -> Instalação 8
Cliente 9 -> Instalação 8
Cliente 10 -> Instalação 20
Cliente 11 -> Instalação 22
Cliente 12 -> Instalação 16
Cliente 13 -> Instalação 20
Cliente 14 -> Instalação 0
Cliente 15 -> Instalação 1
Cliente 16 -> Instalação 0
Cliente 17 -> Instalação 1
Cliente 18 -> Instalação 1
Cliente 19 -> Instalação 0
Cliente 20 -> Instalação 20
Cliente 21 -> Instalação 8
Cliente 22 -> Instalação 20
Cliente 23 -> Instalação 30
Cliente 24 -> Instalação 16
Cliente 25 -> Instalação 25
Cliente 26 -> Instalação 47
Cliente 27 -> Instalação 22
Cliente 28 -> Instalação 20
Cliente 29 -> Instalação 47
Cliente 30 -> Instalação 13
Cliente 31 -> Instalação 9
Cliente 32 -> Instalação 47
Cliente 33 -> Instalação 47
Cliente 34 -> Instalação 16
Cliente 35 -> Instalação 30
Cliente 36 -> Instalação 13
Cliente 37 -> Instalação 4
Cliente 38 -> Instalação 4
Cliente 39 -> Instalação 9
Cliente 40 -> Instalação 49
Cliente 41 -> Instalação 49
Cliente 42 -> Instalação 20
Cliente 43 -> Instalação 4
Cliente 44 -> Instalação 8
Cliente 45 -> Instalação 9
Cliente 46 -> Instalação 4
Cliente 47 -> Instalação 1
Cliente 48 -> Instalação 13
Cliente 49 -> Instalação 49
