Version identifier: 22.1.1.0 | 2022-11-28 | 9160aff4d
CPXPARAM_TimeLimit                               3600
Tried aggregator 1 time.
MIP Presolve eliminated 50 rows and 1 columns.
Reduced MIP has 31650 rows, 3132 columns, and 94850 nonzeros.
Reduced MIP has 3132 binaries, 0 generals, 0 SOSs, and 0 indicators.
Presolve time = 0.04 sec. (44.88 ticks)
Found incumbent of value 2.5092342e+07 after 0.06 sec. (56.97 ticks)
Probing time = 0.01 sec. (6.36 ticks)
Tried aggregator 1 time.
Detecting symmetries...
Reduced MIP has 31650 rows, 3132 columns, and 94850 nonzeros.
Reduced MIP has 3132 binaries, 0 generals, 0 SOSs, and 0 indicators.
Presolve time = 0.07 sec. (54.18 ticks)
Probing time = 0.02 sec. (6.36 ticks)
Clique table members: 2500.
MIP emphasis: balance optimality and feasibility.
MIP search method: dynamic search.
Parallel mode: deterministic, using up to 8 threads.
Root relaxation solution time = 0.12 sec. (47.24 ticks)

        Nodes                                         Cuts/
   Node  Left     Objective  IInf  Best Integer    Best Bound    ItCnt     Gap

*     0+    0                       2.50923e+07        0.0000           100.00%
*     0+    0                       1.88268e+07        0.0000           100.00%
*     0+    0                      1024737.0000        0.0000           100.00%
*     0+    0                      1009643.0000        0.0000           100.00%
      0     0    93774.0000   100  1009643.0000    93774.0000      175   90.71%
      0     0   106217.5000   100  1009643.0000    Cuts: 1416      379   89.48%
      0     0   118774.0000    98  1009643.0000    Cuts: 1440      618   88.24%
*     0+    0                       559267.0000   118774.0000            78.76%
      0     0   129991.1667   164   559267.0000 ZeroHalf: 504     2148   76.76%
*     0+    0                       454688.0000   129991.1667            71.41%
      0     0   134063.9970   199   454688.0000     Cuts: 603     2795   69.35%
*     0+    0                       445220.0000   139343.9284            68.70%
      0     0   143743.3619   181   445220.0000     Cuts: 670     3769   67.71%
Detecting symmetries...
      0     0   148834.8879   213   445220.0000     Cuts: 351     4394   66.57%
*     0+    0                       440426.0000   148834.8879            66.21%
      0     0   151431.9971   180   440426.0000     Cuts: 320     4864   65.62%
      0     0   154477.7176   195   440426.0000     Cuts: 189     5423   64.93%
      0     0   156054.5948   195   440426.0000     Cuts: 215     5795   64.57%
*     0+    0                       405304.0000   156054.5948            61.50%
      0     0   157716.1369   176   405304.0000     Cuts: 239     6222   61.09%
      0     0   158601.1302   212   405304.0000     Cuts: 126     6533   60.87%
      0     0   160322.3269   179   405304.0000     Cuts: 447     6996   60.44%
      0     0   161636.4492   181   405304.0000      Cuts: 85     7418   60.12%
      0     0   162529.0237   172   405304.0000      Cuts: 80     7684   59.90%
      0     0   163458.6388   189   405304.0000     Cuts: 117     7936   59.67%
      0     0   163964.3876   205   405304.0000      Cuts: 73     8144   59.55%
      0     0   164499.1986   202   405304.0000      Cuts: 83     8317   59.41%
      0     0   165194.6832   210   405304.0000      Cuts: 82     8513   59.24%
      0     0   165610.0505   215   405304.0000      Cuts: 63     8710   59.14%
      0     0   166138.1817   214   405304.0000      Cuts: 62     8980   59.01%
      0     0   166422.3524   214   405304.0000      Cuts: 39     9126   58.94%
      0     0   166706.2648   203   405304.0000      Cuts: 63     9306   58.87%
      0     0   167095.3588   204   405304.0000      Cuts: 86     9491   58.77%
      0     0   167797.3685   184   405304.0000     Cuts: 149     9806   58.60%
      0     0   168078.5266   208   405304.0000      Cuts: 63     9950   58.53%
      0     0   168464.0716   180   405304.0000     Cuts: 194    10166   58.44%
      0     0   168737.6896   185   405304.0000      Cuts: 71    10345   58.37%
      0     0   168960.0553   180   405304.0000      Cuts: 45    10520   58.31%
      0     0   169265.9909   184   405304.0000      Cuts: 46    10736   58.24%
      0     0   169677.1290   203   405304.0000      Cuts: 45    10931   58.14%
      0     0   170006.2433   224   405304.0000      Cuts: 51    11084   58.05%
      0     0   170196.0198   229   405304.0000      Cuts: 42    11204   58.01%
      0     0   170269.7256   229   405304.0000      Cuts: 28    11289   57.99%
      0     0   170338.3042   231   405304.0000      Cuts: 28    11357   57.97%
      0     0   170481.5844   227   405304.0000      Cuts: 57    11464   57.94%
      0     0   170688.1580   227   405304.0000      Cuts: 33    11584   57.89%
      0     0   170849.3601   231   405304.0000     Cuts: 154    11675   57.85%
      0     0   171016.7015   206   405304.0000     Cuts: 169    11793   57.81%
      0     0   171343.2399   211   405304.0000      Cuts: 65    11975   57.72%
      0     0   171416.3964   210   405304.0000  ZeroHalf: 28    12064   57.71%
      0     0   171516.3051   214   405304.0000      Cuts: 25    12156   57.68%
      0     0   171609.1064   210   405304.0000      Cuts: 15    12219   57.66%
      0     0   171623.6252   214   405304.0000      Cuts: 17    12260   57.66%
      0     0   171733.7119   179   405304.0000     Cuts: 136    12397   57.63%
      0     0   171852.3470   203   405304.0000      Cuts: 10    12464   57.60%
      0     0   172050.5424   207   405304.0000      Cuts: 25    12584   57.55%
      0     0   172244.4705   208   405304.0000      Cuts: 20    12712   57.50%
      0     0   172408.7970   206   405304.0000      Cuts: 35    12820   57.46%
      0     0   172479.6687   183   405304.0000      Cuts: 37    12906   57.44%
Detecting symmetries...
      0     2   172479.6687   183   405304.0000   172479.6687    12906   57.44%
Elapsed time = 28.43 sec. (11234.72 ticks, tree = 0.02 MB, solutions = 9)
      4     6   183692.7918   175   405304.0000   172579.0943    13999   57.42%
     17    17   202498.1786   166   405304.0000   173643.2247    18741   57.16%
     35    22   199841.6817   145   405304.0000   173643.2247    20970   57.16%
     47    46   212813.4721   159   405304.0000   173643.2247    28754   57.16%
     71    61   232719.0758   163   405304.0000   173643.2247    34810   57.16%
    106    81   281314.0000   113   405304.0000   174477.6257    38664   56.95%
    150   116   215915.4106   157   405304.0000   174477.6257    43426   56.95%
    191   145   214654.5699   158   405304.0000   174477.6257    46394   56.95%
    254   210   369295.7500    65   405304.0000   174477.6257    56766   56.95%
*   529   469      integral     0   367478.0000   174477.6257    81916   52.52%
    541   454   383657.5000    60   367478.0000   174477.6257    80440   52.52%
Elapsed time = 45.18 sec. (14519.04 ticks, tree = 55.08 MB, solutions = 10)
    687   528   187023.9713   175   367478.0000   174477.6257    99830   52.52%
    842   671   301282.5000    66   367478.0000   179995.2970   125471   51.02%
*   940+  661                       367237.0000   179995.2970            50.99%
   1063   856   352555.2857    92   367237.0000   180925.7330   148230   50.73%
   1230   953   247802.3142   149   367237.0000   182187.5952   159864   50.39%
   1409  1174   279193.3750   103   367237.0000   182187.5952   192156   50.39%
   1604  1383   355938.0000    81   367237.0000   182187.5952   218090   50.39%

Performing restart 1

Repeating presolve.
Tried aggregator 1 time.
MIP Presolve eliminated 2814 rows and 170 columns.
Reduced MIP has 28836 rows, 2962 columns, and 86408 nonzeros.
Reduced MIP has 2962 binaries, 0 generals, 0 SOSs, and 0 indicators.
Presolve time = 0.05 sec. (43.08 ticks)
Tried aggregator 1 time.
Reduced MIP has 28836 rows, 2962 columns, and 86408 nonzeros.
Reduced MIP has 2962 binaries, 0 generals, 0 SOSs, and 0 indicators.
Presolve time = 0.06 sec. (50.90 ticks)
Represolve time = 0.16 sec. (141.69 ticks)
   1679     0   174576.4026   218   367237.0000      Cuts: 87   242015   50.39%
   1679     0   175429.6175   217   367237.0000      Cuts: 52   242409   50.39%
   1679     0   176811.5320   212   367237.0000      Cuts: 66   242813   50.39%
*  1679+    0                       366680.0000   182187.5952            50.31%
   1679     0   177391.2320   220   366680.0000      Cuts: 79   243082   50.31%
   1679     0   178034.9736   219   366680.0000      Cuts: 66   243327   50.31%
   1679     0   178365.4168   221   366680.0000      Cuts: 64   243488   50.31%
   1679     0   178785.8777   221   366680.0000      Cuts: 62   243640   50.31%
   1679     0   179333.1022   223   366680.0000      Cuts: 78   243921   50.31%
   1679     0   179618.7861   229   366680.0000      Cuts: 75   244032   50.31%
   1679     0   179919.8048   223   366680.0000      Cuts: 57   244178   50.31%
   1679     0   180154.6609   210   366680.0000      Cuts: 26   244304   50.31%
   1679     0   180512.6962   221   366680.0000      Cuts: 29   244484   50.31%
   1679     0   180974.5537   222   366680.0000      Cuts: 44   244680   50.31%
   1679     0   181156.7241   215   366680.0000      Cuts: 34   244790   50.31%
   1679     0   181306.7066   227   366680.0000      Cuts: 39   244904   50.31%
   1679     0   181422.8278   223   366680.0000      Cuts: 35   244979   50.31%
   1679     0   181540.5347   219   366680.0000      Cuts: 18   245075   50.31%
   1679     0   181621.0103   226   366680.0000      Cuts: 35   245203   50.31%
   1679     0   181679.8557   227   366680.0000      Cuts: 10   245265   50.31%
   1679     0   181832.6506   223   366680.0000      Cuts: 17   245401   50.31%
   1679     0   181971.7438   224   366680.0000      Cuts: 33   245487   50.31%
   1679     0   182015.6327   224   366680.0000      Cuts: 21   245534   50.31%
   1679     0   182037.1448   224   366680.0000      Cuts: 13   245582   50.31%
   1679     0   182205.8644   223   366680.0000      Cuts: 23   245678   50.31%
   1679     0   182300.3678   224   366680.0000      Cuts: 28   245765   50.28%
   1679     0   182517.1534   224   366680.0000      Cuts: 27   245903   50.22%
   1679     0   182761.7699   224   366680.0000      Cuts: 38   246096   50.16%
   1679     0   182934.0608   223   366680.0000      Cuts: 26   246203   50.11%
   1679     0   183147.4654   250   366680.0000      Cuts: 31   246296   50.05%
   1679     0   183268.1816   223   366680.0000      Cuts: 21   246380   50.02%
   1679     0   183469.0819   216   366680.0000      Cuts: 23   246536   49.96%
   1679     0   183619.0796   217   366680.0000      Cuts: 20   246608   49.92%
   1679     0   183705.9478   225   366680.0000      Cuts: 13   246681   49.90%
   1679     0   183822.1093   223   366680.0000      Cuts: 29   246778   49.87%
   1679     0   183939.6262   227   366680.0000      Cuts: 32   246869   49.84%
   1679     0   184010.5494   252   366680.0000      Cuts: 12   246965   49.82%
   1679     0   184056.5419   254   366680.0000      Cuts: 20   247028   49.80%
   1679     0   184093.0843   257   366680.0000      Cuts: 13   247094   49.79%
   1679     2   184093.0843   257   366680.0000   184093.0843   247094   49.79%
   1680     3   184184.5667   222   366680.0000   184185.6988   247182   49.77%
   1683     6   184496.5256   219   366680.0000   184501.7824   248007   49.68%
   1705    16   199270.5427   207   366680.0000   185823.8790   250446   49.32%
Elapsed time = 126.17 sec. (42773.07 ticks, tree = 0.71 MB, solutions = 14)
   1741    47   212785.4914   183   366680.0000   186359.1247   257135   49.18%
   1805    85   204177.5444   204   366680.0000   186359.1247   271284   49.18%
   1857   154   191405.3422   229   366680.0000   186359.1247   284524   49.18%
   1912   190   193859.9823   230   366680.0000   186359.1247   292510   49.18%
   1971   232   213592.9684   188   366680.0000   186359.1247   299584   49.18%
   2033   332   199987.9748   204   366680.0000   186359.1247   315262   49.18%
   2076   345   236408.2147   166   366680.0000   186359.1247   317651   49.18%
   2125   412   219909.5676   174   366680.0000   186359.1247   329520   49.18%
   2177   446   237223.3246   205   366680.0000   186359.1247   334108   49.18%
   2242   488   221035.7755   190   366680.0000   186359.1247   337892   49.18%
Elapsed time = 195.47 sec. (52419.22 ticks, tree = 50.34 MB, solutions = 14)
   2281   529   235036.7923   189   366680.0000   186359.1247   342013   49.18%
   2347   585   232904.9176   177   366680.0000   186359.1247   350255   49.18%
   2395   661   225766.3800   165   366680.0000   186359.1247   364482   49.18%
   2432   690   235946.2626   173   366680.0000   186359.1247   367389   49.18%
   2485   586   233149.0800   194   366680.0000   186359.1247   350405   49.18%
   2539   756   243384.8733   212   366680.0000   186359.1247   375248   49.18%
   2616   862   254989.9367   148   366680.0000   186359.1247   385547   49.18%
   2731   897   239684.8430   182   366680.0000   186359.1247   387500   49.18%
   2847   934   272970.2187   177   366680.0000   186359.1247   392761   49.18%
   2964  1047   265628.5880   177   366680.0000   186359.1247   401957   49.18%
Elapsed time = 269.41 sec. (62146.56 ticks, tree = 50.59 MB, solutions = 14)
   3096  1285   249033.5990   177   366680.0000   186359.1247   419064   49.18%
   3194  1382   288803.7450   163   366680.0000   186359.1247   426118   49.18%
   3323  1440   290921.2321   162   366680.0000   186359.1247   429648   49.18%
   3498  1597   287786.5000   140   366680.0000   186359.1247   438873   49.18%
   3684  1845   311521.6471   153   366680.0000   186359.1247   451908   49.18%
   3852  2024   326532.2941   152   366680.0000   186359.1247   459348   49.18%
   4003  1995   330215.5000    96   366680.0000   186359.1247   459633   49.18%
   4100  2146   225464.1292   175   366680.0000   187790.2915   474081   48.79%
   4189  2392   242216.3660   162   366680.0000   188956.2580   518451   48.47%
   4303  2398   251625.0595   148   366680.0000   188956.2580   517454   48.47%
Elapsed time = 336.80 sec. (71742.13 ticks, tree = 56.83 MB, solutions = 14)
   4445  2636   277320.2037   137   366680.0000   188956.2580   561652   48.47%
   4625  2693   264785.0000   151   366680.0000   188956.2580   571420   48.47%
   4740  2848   291380.5000    88   366680.0000   190731.0972   593053   47.98%
   4890  2949   291747.0385   165   366680.0000   190731.0972   605208   47.98%
   5027  3088   326200.3021   165   366680.0000   190731.0972   620202   47.98%
   5179  3186   361947.8889   112   366680.0000   190731.0972   630234   47.98%
   5320  3379   353920.5500   130   366680.0000   190731.0972   650784   47.98%
   5440  3434   227186.0311   217   366680.0000   190731.0972   660759   47.98%
   5574  3612   237393.6586   180   366680.0000   190809.7686   687690   47.96%
   5665  3769   293116.0909   180   366680.0000   190809.7686   715587   47.96%
Elapsed time = 398.34 sec. (81374.37 ticks, tree = 65.46 MB, solutions = 14)
   5777  3850   332133.6429   110   366680.0000   190809.7686   731108   47.96%
   5903  4016   347417.0000   112   366680.0000   190809.7686   758619   47.96%
   5987  3999   265570.9882   212   366680.0000   190809.7686   757102   47.96%
   6088  4149   202001.9085   213   366680.0000   191986.8216   781022   47.64%
   6200  4323   302800.2800   174   366680.0000   191986.8216   803274   47.64%
   6311  4362   293139.0957   190   366680.0000   192093.6441   812335   47.61%
   6421  4401   207646.8157   202   366680.0000   192151.7334   823137   47.60%
   6492  4470   242343.1216   197   366680.0000   192151.7334   838683   47.60%
   6582  4664   265772.6547   234   366680.0000   192151.7334   878982   47.60%
   6685  4708   325158.8359   172   366680.0000   192151.7334   887536   47.60%
Elapsed time = 465.60 sec. (91008.73 ticks, tree = 69.75 MB, solutions = 14)
   6780  4832   208123.8160   186   366680.0000   193203.6184   914705   47.31%
   6893  4964   299640.0663   200   366680.0000   193363.0116   933617   47.27%
   7009  4994   295075.6897   209   366680.0000   193478.7307   939427   47.23%
   7139  5130   270802.6649   224   366680.0000   193478.7307   968613   47.23%
   7298  5147   278401.6170   224   366680.0000   193478.7307   970670   47.23%
   7474  5559   351670.7018   142   366680.0000   193478.7307  1015214   47.23%
   7633  5520   352177.4167   143   366680.0000   193478.7307  1013064   47.23%
   7730  5747   216472.5184   181   366680.0000   193478.7307  1043491   47.23%
   7844  5926   334087.2209   161   366680.0000   193478.7307  1067521   47.23%
   7988  5963   311605.4737   132   366680.0000   193478.7307  1076651   47.23%
Elapsed time = 534.38 sec. (100616.09 ticks, tree = 77.60 MB, solutions = 14)
   8126  5988   343222.3333   108   366680.0000   193983.0495  1079437   47.10%
   8332  6304   320826.1030   185   366680.0000   193983.0495  1130733   47.10%
   8471  6374   358326.5000   120   366680.0000   193983.0495  1136816   47.10%
   8615  6644   343338.6667   158   366680.0000   193983.0495  1170094   47.10%
   8731  6791   329617.5000    63   366680.0000   194052.2459  1194270   47.08%
   8824  6803   355809.4000   106   366680.0000   194427.4447  1196143   46.98%
   8950  6848   292395.6333   180   366680.0000   194427.4447  1208698   46.98%
   9056  6976   355662.8814   143   366680.0000   194475.8080  1233391   46.96%
   9145  7153   195326.8610   224   366680.0000   194475.8080  1267567   46.96%
*  9208+ 7091                       364097.0000   194475.8080            46.59%
   9248  7245   332324.1250   139   364097.0000   194475.8080  1288921   46.59%
Elapsed time = 595.94 sec. (110229.81 ticks, tree = 81.31 MB, solutions = 15)
   9403  7299   326363.5128   126   364097.0000   194475.8080  1295321   46.59%
   9542  7306   228807.7677   220   364097.0000   194475.8080  1306486   46.59%
   9672  7441        cutoff         364097.0000   194475.8080  1324360   46.59%
   9821  7621   293962.8723   169   364097.0000   194475.8080  1340699   46.59%
   9947  7879   257374.9546   239   364097.0000   194537.6788  1383760   46.57%
  10060  7797   256421.9637   219   364097.0000   194537.6788  1372297   46.57%
  10171  8145   324863.6171   196   364097.0000   194537.6788  1421335   46.57%
  10275  8015   283345.9581   169   364097.0000   194537.6788  1406432   46.57%
  10412  8191   277614.0034   196   364097.0000   194537.6788  1427277   46.57%
  10970  8720   338172.4419   151   364097.0000   194852.2402  1490625   46.48%
Elapsed time = 678.04 sec. (122666.99 ticks, tree = 87.17 MB, solutions = 15)
  11524  9124   280676.9493   197   364097.0000   195195.6394  1549307   46.39%
  11992  9810   306958.6449   184   364097.0000   195409.6335  1644967   46.33%
  12537 10169   340796.5167   141   364097.0000   195466.7635  1696405   46.31%
  13057 10725   358588.0204   147   364097.0000   195751.6877  1766605   46.24%
  13496 11194   284156.1770   189   364097.0000   196007.8900  1844522   46.17%
  14002 11585   313071.9332   204   364097.0000   196113.8983  1906399   46.14%
  14454 12196   226305.5821   194   364097.0000   196230.3545  1989880   46.10%
  14896 12653   345533.5289   159   364097.0000   196278.0284  2065467   46.09%
  15411 12977   245628.8242   161   364097.0000   196344.6447  2118250   46.07%
  15955 13611   339338.3906   169   364097.0000   196409.7696  2211450   46.06%
Elapsed time = 949.08 sec. (160877.77 ticks, tree = 107.89 MB, solutions = 15)
  16559 13885   313055.6803   188   364097.0000   196537.9994  2253846   46.02%
  17002 14542   267300.7644   192   364097.0000   196571.8785  2349961   46.01%
  17526 15095   262438.1941   196   364097.0000   196859.8342  2434584   45.93%
* 17662+15146                       359761.0000   196859.8342            45.28%
  17746 15124   213248.1105   208   359761.0000   196879.4378  2493624   45.27%
  18101 15374        cutoff         359761.0000   196879.4378  2529688   45.27%
  18610 15718   346725.7500   107   359761.0000   197173.7865  2570848   45.19%
  19072 16162   349660.7366   186   359761.0000   197173.7865  2637044   45.19%
  19569 16783   349131.6786   143   359761.0000   197630.4400  2737174   45.07%
  20047 17140   334333.1622   208   359761.0000   197648.7658  2799569   45.06%
  20534 17732   260841.9686   232   359761.0000   197711.9347  2892411   45.04%
Elapsed time = 1178.04 sec. (199121.96 ticks, tree = 126.55 MB, solutions = 16)
  21042 18138   340686.4634   194   359761.0000   197906.0529  2949070   44.99%
  21511 18441   268928.4356   197   359761.0000   197942.9347  2996946   44.98%
  22086 19006   261294.7107   185   359761.0000   197998.7277  3080594   44.96%
  22643 19672   319510.1667   191   359761.0000   198066.2425  3167476   44.95%
  23313 20271   330278.7500    97   359761.0000   198130.8208  3243335   44.93%
  23855 20874   285942.1438   196   359761.0000   198545.0793  3308073   44.81%
  24621 21170   235429.3391   206   359761.0000   198675.2847  3340734   44.78%
  25228 22154   314801.6988   186   359761.0000   198708.2847  3421598   44.77%
  25973 22389   285246.1092   182   359761.0000   198890.0594  3445295   44.72%
  26592 23158   339546.8620   207   359761.0000   198974.5429  3503004   44.69%
Elapsed time = 1454.77 sec. (237319.32 ticks, tree = 557.75 MB, solutions = 16)
  27227 23584   244528.3920   170   359761.0000   199145.3328  3538227   44.65%
  27884 24601   271454.3543   211   359761.0000   199188.4481  3631742   44.63%
  28565 25408   274022.2865   198   359761.0000   199545.5793  3705536   44.53%
  29164 25595   242184.7836   186   359761.0000   199693.3468  3719053   44.49%
  29863 26002   321303.5513   155   359761.0000   199743.0940  3761508   44.48%
  30596 27046   224786.2512   186   359761.0000   199790.5376  3847091   44.47%
  31152 27838   317062.3409   147   359761.0000   199973.7219  3914433   44.41%
  31868 28004   326461.6023   144   359761.0000   199973.7219  3928402   44.41%
  32552 29167   328135.8978   153   359761.0000   199973.7219  4032739   44.41%
* 32909+29505                       359521.0000   200055.9703            44.35%
  33186 29259   261646.7507   186   359521.0000   200055.9703  4040674   44.35%
Elapsed time = 1740.18 sec. (275519.11 ticks, tree = 1698.16 MB, solutions = 17)
  33686 30100   296071.5720   188   359521.0000   200055.9703  4109715   44.35%
* 34190+30701                       355764.0000   200207.3593            43.72%
  34212 30420   310287.7491   157   355764.0000   200207.3593  4139671   43.72%
* 34255+30701                       353023.0000   200433.0921            43.22%
  34562 29692   261813.9281   222   353023.0000   200433.0921  4200675   43.22%
  35001 30070   293108.3333   133   353023.0000   200439.3520  4223981   43.22%

Performing restart 2

Repeating presolve.
Tried aggregator 2 times.
MIP Presolve eliminated 588 rows and 37 columns.
Aggregator did 1 substitutions.
Reduced MIP has 28247 rows, 2924 columns, and 110014 nonzeros.
Reduced MIP has 2924 binaries, 0 generals, 0 SOSs, and 0 indicators.
Presolve time = 0.14 sec. (146.91 ticks)
Tried aggregator 1 time.
Reduced MIP has 28247 rows, 2924 columns, and 110014 nonzeros.
Reduced MIP has 2924 binaries, 0 generals, 0 SOSs, and 0 indicators.
Presolve time = 0.08 sec. (80.90 ticks)
Represolve time = 0.30 sec. (279.01 ticks)
  35117     0   184262.3631   235   353023.0000      Cuts: 37  4295344   43.19%
  35117     0   184641.9386   219   353023.0000      Cuts: 25  4295538   43.19%
  35117     0   184931.1175   257   353023.0000      Cuts: 89  4295752   43.19%
* 35117+    0                       352972.0000   200536.8464            43.19%
* 35117+    0                       352245.0000   200536.8464            43.07%
* 35117+    0                       347194.0000   200536.8464            42.24%
  35117     0  -1.00000e+75     0   347194.0000   200536.8464  4295752   42.24%
  35117     0   185162.0140   256   347194.0000      Cuts: 70  4295927   42.24%
  35117     0   185394.1589   209   347194.0000      Cuts: 70  4296116   42.24%
  35117     0   185595.1026   217   347194.0000      Cuts: 84  4296293   42.24%
  35117     0   185957.3641   217   347194.0000      Cuts: 68  4296466   42.24%
  35117     0   186183.6437   253   347194.0000      Cuts: 78  4296633   42.24%
  35117     0   186385.7277   221   347194.0000      Cuts: 68  4296806   42.24%
  35117     0   186658.6536   221   347194.0000      Cuts: 54  4296943   42.24%
  35117     2   186658.6536   221   347194.0000   200536.8464  4296943   42.24%
  35127     8   209694.6609   162   347194.0000   200536.8464  4300137   42.24%
  35158    24   211778.8185   181   347194.0000   200536.8464  4310360   42.24%
  35278   135   266280.9500   108   347194.0000   200536.8464  4341141   42.24%
  35478   312   216533.3140   174   347194.0000   200536.8464  4376946   42.24%
  35692   486   281617.7143   140   347194.0000   200536.8464  4405031   42.24%
Elapsed time = 1967.20 sec. (327719.10 ticks, tree = 10.33 MB, solutions = 28)
  35994   687   217687.5178   149   347194.0000   200536.8464  4444567   42.24%
  36300   973   239347.7990   164   347194.0000   200536.8464  4501136   42.24%
  36685  1340        cutoff         347194.0000   200536.8464  4574366   42.24%
  37055  1606   241644.8775   201   347194.0000   200536.8464  4629786   42.24%
  37490  2023   209558.7215   210   347194.0000   200536.8464  4695803   42.24%
  37877  2372   256914.7891   189   347194.0000   200536.8464  4734380   42.24%
  38353  2714   284360.1856   189   347194.0000   200536.8464  4762350   42.24%
  38846  3293   266857.0089   187   347194.0000   200536.8464  4826360   42.24%
  39367  3839   298891.8802   174   347194.0000   200536.8464  4875836   42.24%
  39911  4300   313574.9250   191   347194.0000   200536.8464  4919143   42.24%
Elapsed time = 2217.11 sec. (365948.99 ticks, tree = 383.46 MB, solutions = 28)
  40405  4789   340067.8519   156   347194.0000   200536.8464  4964222   42.24%
  40837  5168   207692.2386   204   347194.0000   200536.8464  5014379   42.24%
  41372  5569   322502.4739   183   347194.0000   200536.8464  5062870   42.24%
  41851  6160   278402.4906   127   347194.0000   200536.8464  5139142   42.24%
  42340  6553   225521.0096   194   347194.0000   200536.8464  5188006   42.24%
  42774  6900   291400.1263   237   347194.0000   200536.8464  5233036   42.24%
  43179  7367   336127.6040   175   347194.0000   200536.8464  5292357   42.24%
  43644  7941   300750.5172   212   347194.0000   200536.8464  5374550   42.24%
  44145  8402   344594.6543   177   347194.0000   200536.8464  5416726   42.24%
  44632  8662   293332.6341   186   347194.0000   200536.8464  5453307   42.24%
Elapsed time = 2484.83 sec. (404180.24 ticks, tree = 981.28 MB, solutions = 28)
  45088  9101   270221.6246   185   347194.0000   200536.8464  5505753   42.24%
  45483  9630   340112.2467   158   347194.0000   200536.8464  5574869   42.24%
  45939  9965   254892.6782   201   347194.0000   200536.8464  5623200   42.24%
  46379 10308   303610.2439   176   347194.0000   200536.8464  5669245   42.24%
  46833 10867   297460.0694   175   347194.0000   200536.8464  5759627   42.24%
  47315 11373   338482.6172   207   347194.0000   200536.8464  5824339   42.24%
  47721 11789   273907.9176   210   347194.0000   200904.4813  5887006   42.13%
  48153 12012   305311.2680   204   347194.0000   201081.6672  5929116   42.08%
  48556 12420   293005.9600   214   347194.0000   201081.6672  5991166   42.08%
  49068 12911   294017.6256   204   347194.0000   201139.0127  6068968   42.07%
Elapsed time = 2741.02 sec. (442439.09 ticks, tree = 1295.98 MB, solutions = 28)
  49640 13396   327017.7123   176   347194.0000   201790.9211  6118447   41.88%
  50273 14018   304418.0410   194   347194.0000   202171.3470  6182528   41.77%
  50794 14777   316029.1103   184   347194.0000   202171.3470  6251119   41.77%
  51241 14907   346458.8684   125   347194.0000   202519.0141  6262646   41.67%
  51597 15365   275745.8883   176   347194.0000   202668.0258  6306931   41.63%
  52244 16141   344117.6595   175   347194.0000   202668.0258  6383039   41.63%
  52664 16405   325243.3750    92   347194.0000   202848.3038  6407611   41.57%
  53271 16808   322825.2278   177   347194.0000   202995.2458  6463551   41.53%
  53798 17340   329940.2500    87   347194.0000   203284.3574  6529919   41.45%
  54347 17964   253031.9329   217   347194.0000   203284.3574  6606112   41.45%
Elapsed time = 2997.42 sec. (480640.16 ticks, tree = 2014.17 MB, solutions = 28)
  54863 18127   305896.5629   179   347194.0000   203624.8668  6626622   41.35%
  55527 18904   333997.8810   198   347194.0000   203666.9562  6696822   41.34%
  56237 19826   320931.7718   172   347194.0000   203977.7260  6776964   41.25%
  56843 20081   337201.9124   180   347194.0000   204117.8992  6796846   41.21%
  57340 20825   301588.2733   206   347194.0000   204371.7186  6878093   41.14%
  57890 21133   302803.9394   178   347194.0000   204490.8417  6923024   41.10%
  58367 21852   224648.8677   187   347194.0000   204631.9504  7003243   41.06%
  58875 22254   342659.3620   165   347194.0000   204701.8873  7063395   41.04%
Starting limited solution polishing.
  59388 22668   232115.4056   199   347194.0000   204744.4274  7111211   41.03%
  59902 22965   331101.1441   130   347194.0000   205057.6913  7144092   40.94%
Elapsed time = 3299.74 sec. (518868.90 ticks, tree = 2680.77 MB, solutions = 28)
Nodefile size = 603.07 MB (381.92 MB after compression)
  60302 23794   253920.2700   158   347194.0000   205092.2186  7234659   40.93%
  60664 24066   311971.9919   167   347194.0000   205092.2186  7265078   40.93%
  61061 24200   341305.0000   134   347194.0000   205206.3331  7277108   40.90%
  61268 24580   222118.7889   208   347194.0000   205206.3331  7327322   40.90%
  61797 24921        cutoff         347194.0000   205366.0058  7361393   40.85%
  61978 25340   239060.3779   176   347194.0000   205366.0058  7419393   40.85%
  62291 25592   304408.7438   193   347194.0000   205821.6196  7442590   40.72%
  62794 25893   234140.1068   205   347194.0000   205821.6196  7478611   40.72%
  63046 26315   345600.3932   163   347194.0000   205821.6196  7514034   40.72%
  63399 26657   340719.8617   161   347194.0000   205943.9986  7556200   40.68%
Elapsed time = 3470.11 sec. (557117.06 ticks, tree = 3065.32 MB, solutions = 28)
Nodefile size = 996.50 MB (630.14 MB after compression)
  63825 27058   273475.3396   210   347194.0000   205943.9986  7608714   40.68%
* 63909+26716                       346532.0000   205943.9986            40.57%
  64170 27354   341987.0885   184   346532.0000   205969.8438  7639031   40.56%
  64547 27563   253597.5839   184   346532.0000   205969.8438  7655476   40.56%
  64795 27804   264450.9317   195   346532.0000   205969.8438  7682535   40.56%
  65111 28104   326470.2371   165   346532.0000   206185.3557  7712211   40.50%
  65567 28442   312771.3571   177   346532.0000   206185.3557  7754154   40.50%
  65992 28775   305708.1625   190   346532.0000   206185.3557  7787731   40.50%
* 66205+28810                       345007.0000   206442.9791            40.16%
  66487 28953   331821.2633   188   345007.0000   206591.6082  7805311   40.12%

Implied bound cuts applied:  12
Zero-half cuts applied:  343
Lift and project cuts applied:  176

Root node processing (before b&c):
  Real time             =   28.38 sec. (11181.82 ticks)
Parallel b&c, 8 threads:
  Real time             = 3573.63 sec. (577314.48 ticks)
  Sync time (average)   =  620.46 sec.
  Wait time (average)   =    0.01 sec.
                          ------------
Total (root+branch&cut) = 3602.01 sec. (588496.30 ticks)
Status: Feasible
Obj: 345007

Instalacoes abertas:
Instalação 1 aberta
Instalação 4 aberta
Instalação 8 aberta
Instalação 9 aberta
Instalação 13 aberta
Instalação 20 aberta
Instalação 22 aberta
Instalação 39 aberta
Instalação 47 aberta
Instalação 49 aberta

Atribuições (cliente -> instalação):
Cliente 0 -> Instalação 1
Cliente 1 -> Instalação 1
Cliente 2 -> Instalação 9
Cliente 3 -> Instalação 47
Cliente 4 -> Instalação 20
Cliente 5 -> Instalação 13
Cliente 6 -> Instalação 20
Cliente 7 -> Instalação 1
Cliente 8 -> Instalação 4
Cliente 9 -> Instalação 4
Cliente 10 -> Instalação 8
Cliente 11 -> Instalação 22
Cliente 12 -> Instalação 39
Cliente 13 -> Instalação 13
Cliente 14 -> Instalação 9
Cliente 15 -> Instalação 1
Cliente 16 -> Instalação 1
Cliente 17 -> Instalação 13
Cliente 18 -> Instalação 8
Cliente 19 -> Instalação 47
Cliente 20 -> Instalação 20
Cliente 21 -> Instalação 8
Cliente 22 -> Instalação 4
Cliente 23 -> Instalação 4
Cliente 24 -> Instalação 20
Cliente 25 -> Instalação 4
Cliente 26 -> Instalação 47
Cliente 27 -> Instalação 9
Cliente 28 -> Instalação 49
Cliente 29 -> Instalação 4
Cliente 30 -> Instalação 8
Cliente 31 -> Instalação 20
Cliente 32 -> Instalação 49
Cliente 33 -> Instalação 9
Cliente 34 -> Instalação 47
Cliente 35 -> Instalação 9
Cliente 36 -> Instalação 39
Cliente 37 -> Instalação 1
Cliente 38 -> Instalação 8
Cliente 39 -> Instalação 13
Cliente 40 -> Instalação 22
Cliente 41 -> Instalação 49
Cliente 42 -> Instalação 47
Cliente 43 -> Instalação 13
Cliente 44 -> Instalação 4
Cliente 45 -> Instalação 8
Cliente 46 -> Instalação 9
Cliente 47 -> Instalação 9
Cliente 48 -> Instalação 39
Cliente 49 -> Instalação 49
