Version identifier: 22.1.1.0 | 2022-11-28 | 9160aff4d
CPXPARAM_TimeLimit                               3600
Tried aggregator 1 time.
MIP Presolve eliminated 50 rows and 1 columns.
Reduced MIP has 51500 rows, 3529 columns, and 154400 nonzeros.
Reduced MIP has 3529 binaries, 0 generals, 0 SOSs, and 0 indicators.
Presolve time = 0.08 sec. (68.59 ticks)
Found incumbent of value 4.0793873e+07 after 0.10 sec. (87.86 ticks)
Probing time = 0.03 sec. (7.88 ticks)
Tried aggregator 1 time.
Detecting symmetries...
Reduced MIP has 51500 rows, 3529 columns, and 154400 nonzeros.
Reduced MIP has 3529 binaries, 0 generals, 0 SOSs, and 0 indicators.
Presolve time = 0.09 sec. (83.44 ticks)
Probing time = 0.03 sec. (7.99 ticks)
Clique table members: 2500.
MIP emphasis: balance optimality and feasibility.
MIP search method: dynamic search.
Parallel mode: deterministic, using up to 8 threads.
Root relaxation solution time = 0.14 sec. (76.06 ticks)

        Nodes                                         Cuts/
   Node  Left     Objective  IInf  Best Integer    Best Bound    ItCnt     Gap

*     0+    0                       4.07939e+07        0.0000           100.00%
*     0+    0                       3.08775e+07        0.0000           100.00%
*     0+    0                      1404001.0000        0.0000           100.00%
*     0+    0                      1344195.0000        0.0000           100.00%
      0     0    93774.0000   100  1344195.0000    93774.0000      177   93.02%
      0     0   106217.5000   100  1344195.0000    Cuts: 2557      422   92.10%
      0     0   118774.0000    98  1344195.0000    Cuts: 2515      747   91.16%
*     0+    0                       923182.0000   118774.0000            87.13%
      0     0   131217.5000    98   923182.0000 ZeroHalf: 1064     2009   85.79%
*     0+    0                       887190.0000   131217.5000            85.21%
*     0+    0                       867836.0000   131217.5000            84.88%
      0     0  -1.00000e+75     0   867836.0000   131217.5000     2009   84.88%
      0     0   136225.6111   185   867836.0000    Cuts: 1119     2887   84.30%
      0     0   142990.4722   175   867836.0000     Cuts: 783     3730   83.52%
Detecting symmetries...
      0     0   146903.5730   185   867836.0000     Cuts: 642     4132   83.07%
      0     0   152608.4176   219   867836.0000     Cuts: 440     4850   82.42%
*     0+    0                       762640.0000   152608.4176            79.99%
      0     0   157617.5242   179   762640.0000     Cuts: 872     5567   79.33%
*     0+    0                       727340.0000   157617.5242            78.33%
      0     0   161380.7745   202   727340.0000     Cuts: 234     6236   77.81%
      0     0   164626.9759   176   727340.0000     Cuts: 512     6714   77.37%
      0     0   166853.3541   208   727340.0000     Cuts: 132     7154   77.06%
      0     0   169135.7214   216   727340.0000     Cuts: 141     7717   76.75%
*     0+    0                       682665.0000   169135.7214            75.22%
      0     0   171257.8037   170   682665.0000     Cuts: 491     8303   74.91%
      0     0   172842.5345   233   682665.0000      Cuts: 95     8868   74.68%
      0     0   173900.4850   226   682665.0000      Cuts: 96     9178   74.53%
*     0+    0                       680277.0000   173900.4850            74.44%
*     0+    0                       651612.0000   173900.4850            73.31%
      0     0   174867.5184   234   651612.0000      Cuts: 95     9475   73.16%
      0     0   175456.7533   217   651612.0000     Cuts: 234     9740   73.07%
      0     0   176231.1817   223   651612.0000     Cuts: 200    10052   72.95%
      0     0   176801.7577   213   651612.0000      Cuts: 62    10261   72.87%
      0     0   177663.5386   223   651612.0000     Cuts: 175    10696   72.73%
      0     0   178273.6764   219   651612.0000     Cuts: 101    10949   72.64%
      0     0   178729.7097   209   651612.0000      Cuts: 90    11169   72.57%
      0     0   179204.2099   214   651612.0000     Cuts: 177    11430   72.50%
      0     0   179758.1817   209   651612.0000  ZeroHalf: 45    11610   72.41%
      0     0   180250.1856   220   651612.0000     Cuts: 125    11846   72.34%
      0     0   180765.7969   246   651612.0000  ZeroHalf: 33    12053   72.26%
      0     0   181299.3221   209   651612.0000     Cuts: 484    12328   72.18%
      0     0   182161.2939   205   651612.0000     Cuts: 193    12677   72.04%
      0     0   183114.5148   221   651612.0000     Cuts: 206    13128   71.90%
      0     0   184097.5993   215   651612.0000      Cuts: 83    13517   71.75%
      0     0   184815.5778   206   651612.0000     Cuts: 115    13837   71.64%
      0     0   185350.1058   236   651612.0000     Cuts: 136    14130   71.56%
      0     0   185783.7283   210   651612.0000     Cuts: 214    14302   71.49%
      0     0   186928.2116   203   651612.0000     Cuts: 138    14752   71.31%
      0     0   187382.5062   206   651612.0000     Cuts: 126    15002   71.24%
      0     0   188287.0218   232   651612.0000      Cuts: 69    15359   71.10%
      0     0   188713.8616   240   651612.0000     Cuts: 151    15568   71.04%
      0     0   189049.6323   224   651612.0000      Cuts: 53    15814   70.99%
      0     0   189327.0347   206   651612.0000     Cuts: 144    16020   70.94%
      0     0   189762.3703   237   651612.0000     Cuts: 106    16260   70.88%
      0     0   189990.4977   212   651612.0000     Cuts: 120    16405   70.84%
      0     0   190337.4447   216   651612.0000      Cuts: 56    16665   70.79%
      0     0   190895.8454   210   651612.0000      Cuts: 48    16966   70.70%
      0     0   191441.3500   221   651612.0000      Cuts: 96    17285   70.62%
      0     0   191811.2292   232   651612.0000      Cuts: 52    17592   70.56%
      0     0   192127.3104   215   651612.0000     Cuts: 145    17798   70.52%
      0     0   192516.4594   242   651612.0000      Cuts: 76    17999   70.46%
      0     0   192959.5202   217   651612.0000      Cuts: 55    18187   70.39%
      0     0   193338.6650   249   651612.0000     Cuts: 101    18416   70.33%
      0     0   193586.4951   242   651612.0000      Cuts: 45    18618   70.29%
      0     0   193898.4552   212   651612.0000      Cuts: 92    18825   70.24%
      0     0   194228.0715   214   651612.0000     Cuts: 117    19037   70.19%
      0     0   194615.8420   214   651612.0000      Cuts: 53    19279   70.13%
      0     0   194861.2396   246   651612.0000  ZeroHalf: 35    19451   70.10%
      0     0   195187.8987   241   651612.0000      Cuts: 90    19685   70.05%
      0     0   195484.2898   236   651612.0000      Cuts: 38    19872   70.00%
      0     0   195821.1611   236   651612.0000      Cuts: 44    20065   69.95%
      0     0   196194.8364   203   651612.0000     Cuts: 211    20286   69.89%
      0     0   196662.2207   209   651612.0000      Cuts: 69    20660   69.82%
      0     0   196988.2674   214   651612.0000      Cuts: 65    20879   69.77%
      0     0   197419.6985   245   651612.0000      Cuts: 61    21167   69.70%
      0     0   197741.6835   241   651612.0000      Cuts: 96    21388   69.65%
      0     0   198093.2344   250   651612.0000      Cuts: 52    21673   69.60%
      0     0   198282.7579   276   651612.0000     Cuts: 117    21903   69.57%
      0     0   198517.7512   241   651612.0000      Cuts: 54    22060   69.53%
      0     0   198776.3169   260   651612.0000      Cuts: 88    22326   69.49%
      0     0   199100.2356   262   651612.0000      Cuts: 69    22494   69.44%
      0     0   199490.3395   224   651612.0000     Cuts: 110    22707   69.39%
      0     0   199976.3500   225   651612.0000     Cuts: 117    23033   69.31%
      0     0   200432.2960   210   651612.0000     Cuts: 198    23329   69.24%
      0     0   200813.3811   249   651612.0000      Cuts: 71    23616   69.18%
      0     0   201023.4420   238   651612.0000      Cuts: 76    23755   69.15%
      0     0   201249.2698   244   651612.0000      Cuts: 79    23920   69.12%
      0     0   201599.6363   235   651612.0000      Cuts: 68    24136   69.06%
      0     0   202180.2638   236   651612.0000     Cuts: 114    24440   68.97%
      0     0   202740.0833   231   651612.0000      Cuts: 59    24722   68.89%
      0     0   203163.6204   243   651612.0000     Cuts: 187    25041   68.82%
      0     0   203585.8996   234   651612.0000      Cuts: 90    25312   68.76%
      0     0   203920.1570   250   651612.0000     Cuts: 122    25571   68.71%
      0     0   204196.4800   243   651612.0000      Cuts: 56    25716   68.66%
      0     0   204566.0916   240   651612.0000      Cuts: 86    25935   68.61%
      0     0   204992.6851   228   651612.0000      Cuts: 57    26221   68.54%
      0     0   205345.0084   239   651612.0000     Cuts: 174    26452   68.49%
      0     0   205552.8330   245   651612.0000     Cuts: 148    26688   68.45%
      0     0   205917.8598   247   651612.0000     Cuts: 111    26966   68.40%
      0     0   206126.2444   249   651612.0000      Cuts: 52    27169   68.37%
      0     0   206355.2824   213   651612.0000      Cuts: 59    27485   68.33%
      0     0   206660.8885   251   651612.0000      Cuts: 92    27714   68.28%
      0     0   206808.3496   235   651612.0000      Cuts: 57    27854   68.26%
      0     0   206998.2482   237   651612.0000      Cuts: 76    27999   68.23%
      0     0   207384.1667   241   651612.0000      Cuts: 34    28296   68.17%
      0     0   207721.3682   250   651612.0000     Cuts: 107    28474   68.12%
      0     0   207945.6781   242   651612.0000      Cuts: 48    28624   68.09%
      0     0   208263.1572   210   651612.0000      Cuts: 83    28823   68.04%
      0     0   208523.7300   245   651612.0000  ZeroHalf: 39    29032   68.00%
      0     0   208827.5984   253   651612.0000      Cuts: 75    29355   67.95%
      0     0   209132.1699   250   651612.0000      Cuts: 64    29568   67.91%
      0     0   209382.1022   251   651612.0000      Cuts: 62    29750   67.87%
      0     0   209565.9285   251   651612.0000      Cuts: 47    29903   67.84%
*     0+    0                       646950.0000   209565.9285            67.61%
*     0+    0                       646660.0000   209565.9285            67.59%
Detecting symmetries...
      0     2   209565.9285   251   646660.0000   209565.9285    29903   67.59%
Elapsed time = 56.11 sec. (39176.80 ticks, tree = 0.02 MB, solutions = 14)
      2     4   209730.7365   237   646660.0000   209566.4416    30169   67.59%
      5     6   241770.2967   193   646660.0000   209644.4129    30977   67.58%
     13     7   210133.5885   231   646660.0000   209644.4129    31132   67.58%
     24    21   260330.3859   167   646660.0000   210139.6871    36974   67.50%
     37    24   263572.5527   181   646660.0000   210142.2117    38278   67.50%
     45    34   255720.1676   194   646660.0000   210142.2117    41544   67.50%
     52    37   292632.6260   176   646660.0000   210142.2117    43034   67.50%
     57    56   268441.1760   186   646660.0000   210142.2117    50823   67.50%
     61    43   235400.7048   234   646660.0000   210142.2117    46293   67.50%
     98    81   277279.4522   178   646660.0000   210142.2117    60833   67.50%
Elapsed time = 85.11 sec. (42437.77 ticks, tree = 5.05 MB, solutions = 14)
    141   115   279582.4796   173   646660.0000   210142.2117    74640   67.50%
    183   175   319510.2274   171   646660.0000   210142.2117    95784   67.50%
    253   224   486857.0000    72   646660.0000   210142.2117   108072   67.50%
    410   301        cutoff         646660.0000   210142.2117   120575   67.50%
    584   382   544975.7500    75   646660.0000   210142.2117   129327   67.50%
    695   607   447456.0500   123   646660.0000   210142.2117   150795   67.50%
    778   688   601713.8333    70   646660.0000   210142.2117   161452   67.50%
    835   752   230003.9381   190   646660.0000   210142.2117   177104   67.50%
    882   790   394607.2778   139   646660.0000   210142.2117   186986   67.50%
    935   807   322978.0165   169   646660.0000   210142.2117   193266   67.50%
Elapsed time = 164.58 sec. (52071.94 ticks, tree = 107.35 MB, solutions = 14)
   1037   886   476250.5000    66   646660.0000   210142.2117   210609   67.50%
   1151   893   442837.2500    78   646660.0000   224047.0884   216199   65.35%
   1279  1122   265426.7488   175   646660.0000   224047.0884   250053   65.35%
   1397  1254   608295.5000    49   646660.0000   224047.0884   266252   65.35%
   1502  1300   638133.6667    32   646660.0000   224047.0884   273999   65.35%
   1609  1404   532624.5000    70   646660.0000   224047.0884   291532   65.35%
   1708  1438   286472.8607   196   646660.0000   224047.0884   295120   65.35%

Performing restart 1

Repeating presolve.
Tried aggregator 1 time.
MIP Presolve eliminated 1022 rows and 34 columns.
Reduced MIP has 50478 rows, 3495 columns, and 151334 nonzeros.
Reduced MIP has 3495 binaries, 0 generals, 0 SOSs, and 0 indicators.
Presolve time = 0.07 sec. (69.58 ticks)
Tried aggregator 1 time.
Reduced MIP has 50478 rows, 3495 columns, and 151334 nonzeros.
Reduced MIP has 3495 binaries, 0 generals, 0 SOSs, and 0 indicators.
Presolve time = 0.09 sec. (84.59 ticks)
Represolve time = 0.26 sec. (225.61 ticks)
*  1712+    0                       645633.0000   224047.0884            65.30%
   1712     0   210055.3718   254   645633.0000      Cuts: 90   318421   65.30%
   1712     0   210356.4567   251   645633.0000      Cuts: 85   318663   65.30%
   1712     0   210723.8844   250   645633.0000     Cuts: 103   318989   65.30%
   1712     0   211205.1029   251   645633.0000      Cuts: 89   319291   65.30%
   1712     0   211547.6464   254   645633.0000      Cuts: 91   319533   65.30%
   1712     0   212926.3074   251   645633.0000     Cuts: 120   320039   65.30%
   1712     0   213644.8242   248   645633.0000     Cuts: 133   320347   65.30%
   1712     2   213644.8242   248   645633.0000   224047.0884   320347   65.30%
   1713     3   213888.0896   246   645633.0000   224047.0884   320411   65.30%
   1716     6   214268.5372   243   645633.0000   224047.0884   320839   65.30%
Elapsed time = 299.17 sec. (84634.08 ticks, tree = 0.02 MB, solutions = 15)
   1719     9   214665.0349   239   645633.0000   224047.0884   322017   65.30%
   1735    15   244333.2813   203   645633.0000   224047.0884   324722   65.30%
   1764    27   240051.7044   205   645633.0000   224047.0884   328686   65.30%
   1799    60   266295.3044   186   645633.0000   224047.0884   334466   65.30%
   1820    88   244427.9524   188   645633.0000   224047.0884   338340   65.30%
   1841    98   253441.8171   206   645633.0000   224047.0884   341298   65.30%
   1860   125   255119.7359   204   645633.0000   224047.0884   346751   65.30%
   1890   146   257530.8877   219   645633.0000   224047.0884   352158   65.30%
   1909   169   244602.0503   192   645633.0000   224047.0884   358664   65.30%
   1924   196   249392.2345   197   645633.0000   224047.0884   363418   65.30%
Elapsed time = 398.99 sec. (94774.52 ticks, tree = 19.61 MB, solutions = 15)
   1961   212   284395.4970   192   645633.0000   224047.0884   367943   65.30%
   1989   246   257527.5774   160   645633.0000   224047.0884   375016   65.30%
   2019   267   279472.9287   180   645633.0000   224047.0884   379845   65.30%
   2058   303   281116.7535   185   645633.0000   224047.0884   386587   65.30%
   2085   335   294599.5133   163   645633.0000   224047.0884   391135   65.30%
   2096   357   266142.0341   217   645633.0000   224047.0884   394827   65.30%
   2133   377   272445.0818   212   645633.0000   224047.0884   398017   65.30%
   2155   402   275691.7242   172   645633.0000   224047.0884   405026   65.30%
   2183   423   275070.8822   198   645633.0000   224047.0884   410002   65.30%
   2240   477   281677.7160   188   645633.0000   224047.0884   418093   65.30%
Elapsed time = 495.89 sec. (104580.33 ticks, tree = 47.32 MB, solutions = 15)
   2278   456   309509.5108   154   645633.0000   224047.0884   414479   65.30%
   2305   533   287884.1110   200   645633.0000   224047.0884   426412   65.30%
   2331   554   308223.8307   192   645633.0000   224047.0884   430244   65.30%
   2357   589   288985.4857   200   645633.0000   224047.0884   435532   65.30%
   2377   600   310819.1082   168   645633.0000   224047.0884   437741   65.30%
   2420   609   298359.3833   175   645633.0000   224047.0884   436662   65.30%
   2466   615   290630.0563   196   645633.0000   224047.0884   442593   65.30%
   2525   711   334788.9091   156   645633.0000   224047.0884   452289   65.30%
   2549   729   296894.8362   146   645633.0000   224047.0884   458535   65.30%
   2578   770   318600.8542   178   645633.0000   224047.0884   467935   65.30%
Elapsed time = 610.29 sec. (114535.60 ticks, tree = 46.65 MB, solutions = 15)
   2618   758   359599.0512   165   645633.0000   224047.0884   466796   65.30%
   2692   767   364649.6721   177   645633.0000   224047.0884   468034   65.30%
   2752   886   329490.6764   183   645633.0000   224047.0884   483892   65.30%
   2813   932   343404.4306   171   645633.0000   224047.0884   490390   65.30%
   2871   938   345037.7006   171   645633.0000   224047.0884   491723   65.30%
   2924   968   377164.4474   158   645633.0000   224047.0884   496342   65.30%
   2983  1005   387965.8571   186   645633.0000   224047.0884   499864   65.30%
   3033  1166   384297.5000   123   645633.0000   224047.0884   522413   65.30%
   3082  1122   438372.1512   169   645633.0000   224047.0884   517561   65.30%
   3145  1350   355499.5271   126   645633.0000   224047.0884   550920   65.30%
Elapsed time = 720.91 sec. (124230.99 ticks, tree = 52.45 MB, solutions = 15)
   3202  1313   375375.1429   156   645633.0000   224047.0884   544068   65.30%
   3259  1380   361684.5000   150   645633.0000   224047.0884   554119   65.30%
   3319  1391   381543.7422   160   645633.0000   224047.0884   555095   65.30%
   3373  1474   481845.6667   121   645633.0000   224047.0884   564854   65.30%
   3453  1622   378485.6137   165   645633.0000   224047.0884   582404   65.30%
   3498  1634   386122.5000   106   645633.0000   224047.0884   583297   65.30%
   3549  1651   511799.4028   120   645633.0000   224047.0884   585678   65.30%
   3615  1817   393127.4091   163   645633.0000   224047.0884   600470   65.30%
   3668  1841   532713.1200   133   645633.0000   224047.0884   602735   65.30%
   3732  1905   410138.7000   123   645633.0000   224047.0884   608844   65.30%
Elapsed time = 822.25 sec. (133919.20 ticks, tree = 55.40 MB, solutions = 15)
   3828  1876   467271.4275   162   645633.0000   224047.0884   605405   65.30%
   3903  1929   431938.5114   148   645633.0000   224047.0884   610763   65.30%
   3947  2013   493322.0896   134   645633.0000   224047.0884   618016   65.30%
   3961  2037   580873.8889   125   645633.0000   224047.0884   619500   65.30%

Performing restart 2

Repeating presolve.
Tried aggregator 1 time.
Reduced MIP has 50478 rows, 3495 columns, and 198366 nonzeros.
Reduced MIP has 3495 binaries, 0 generals, 0 SOSs, and 0 indicators.
Presolve time = 0.14 sec. (123.70 ticks)
Tried aggregator 1 time.
Reduced MIP has 50478 rows, 3495 columns, and 198366 nonzeros.
Reduced MIP has 3495 binaries, 0 generals, 0 SOSs, and 0 indicators.
Presolve time = 0.16 sec. (142.49 ticks)
Represolve time = 0.41 sec. (358.74 ticks)
   3965     0   215006.3588   254   645633.0000      Cuts: 99   641081   65.30%
   3965     0   215770.9115   262   645633.0000     Cuts: 101   641521   65.30%
   3965     0   216200.3029   262   645633.0000      Cuts: 87   641805   65.30%
*  3965+    0                       645442.0000   224047.0884            65.29%
   3965     0   216447.2993   262   645442.0000     Cuts: 116   641973   65.29%
   3965     0   216715.1503   255   645442.0000      Cuts: 53   642215   65.29%
   3965     0   217133.5959   250   645442.0000     Cuts: 144   642559   65.29%
   3965     0   217410.7147   248   645442.0000     Cuts: 114   642878   65.29%
   3965     0   217691.5460   264   645442.0000     Cuts: 124   643249   65.29%
   3965     2   217691.5460   264   645442.0000   224047.0884   643249   65.29%
   3969     6   267237.6330   196   645442.0000   224047.0884   645057   65.29%
   3978    15   293250.2534   160   645442.0000   224047.0884   652374   65.29%
   4003    23   266275.1502   187   645442.0000   224047.0884   658929   65.29%
   4046    58   311274.2281   150   645442.0000   224047.0884   675351   65.29%
   4070    91   275044.4153   160   645442.0000   224047.0884   690651   65.29%
Elapsed time = 921.69 sec. (164067.91 ticks, tree = 3.01 MB, solutions = 16)
   4099   111   325732.0350   174   645442.0000   224047.0884   698775   65.29%
   4136   154   354668.4286   136   645442.0000   224047.0884   717915   65.29%
   4177   171   294233.3168   150   645442.0000   224047.0884   725863   65.29%
   4225   185   406263.5000    75   645442.0000   224047.0884   729177   65.29%
   4311   291   572351.6875   108   645442.0000   224047.0884   759431   65.29%
   4408   391   259210.9055   192   645442.0000   224047.0884   783391   65.29%
   4498   330   253468.2763   250   645442.0000   224047.0884   769197   65.29%
   4554   467   247772.3605   223   645442.0000   224047.0884   800528   65.29%
   4592   527   239177.1236   202   645442.0000   224047.0884   811420   65.29%
   4783   709   555777.0000    62   645442.0000   224047.0884   869703   65.29%
Elapsed time = 1037.86 sec. (176608.99 ticks, tree = 9.58 MB, solutions = 16)
   4982   873   441563.0000   107   645442.0000   224047.0884   928318   65.29%
   5250  1104   372099.8291   149   645442.0000   224047.0884  1006474   65.29%
   5503  1369   637195.5000    44   645442.0000   237815.8531  1072502   63.15%
   5737  1503   378852.6246   191   645442.0000   241203.2485  1110347   62.63%
   6000  1829   379782.7299   189   645442.0000   243063.5748  1173518   62.34%
   6201  1966   468747.5251   163   645442.0000   243063.5748  1208998   62.34%
   6402  2182   507080.6645   159   645442.0000   243063.5748  1256126   62.34%
   6603  2397   382302.5574   220   645442.0000   243063.5748  1296068   62.34%
   6836  2644   631267.5990   156   645442.0000   243063.5748  1341609   62.34%
   7063  2832   297646.4628   201   645442.0000   243664.7126  1383513   62.25%
Elapsed time = 1439.62 sec. (214939.05 ticks, tree = 27.19 MB, solutions = 16)
   7292  3029   397829.4799   193   645442.0000   243664.7126  1432026   62.25%
   7485  3250   601619.6764   176   645442.0000   243664.7126  1485957   62.25%
   7625  3432   517943.9653   158   645442.0000   243664.7126  1533205   62.25%
   7789  3585   490774.2268   156   645442.0000   243664.7126  1581036   62.25%
   7951  3758   459708.1950   146   645442.0000   243664.7126  1632241   62.25%
   8134  3849   332668.8214   201   645442.0000   243664.7126  1661499   62.25%
   8367  4145   538206.5049   139   645442.0000   243664.7126  1733304   62.25%
   8580  4298   575246.8031   153   645442.0000   243664.7126  1771306   62.25%
   8807  4525   292773.7978   185   645442.0000   244237.5954  1823261   62.16%
   8960  4692   630290.6033   132   645442.0000   244773.2957  1866923   62.08%
Elapsed time = 1863.08 sec. (253265.73 ticks, tree = 47.57 MB, solutions = 16)
   9129  4900   353356.0914   179   645442.0000   244773.2957  1931186   62.08%
   9283  5000   409889.2490   206   645442.0000   244819.1874  1967671   62.07%
   9492  5233   283508.7067   189   645442.0000   244819.1874  2036931   62.07%
   9669  5384   594735.4536   152   645442.0000   244819.1874  2073519   62.07%
   9844  5586   628387.6514   150   645442.0000   244819.1874  2122000   62.07%
  10080  5739   276430.4772   188   645442.0000   244819.1874  2159099   62.07%
  10275  5983   498164.4158   148   645442.0000   245000.5844  2205986   62.04%
  10538  6155   561836.7585   119   645442.0000   245573.1635  2267017   61.95%
  10803  6389        cutoff         645442.0000   245573.1635  2335202   61.95%
* 10855+ 6390                       644857.0000   245573.1635            61.92%
  11042  6527   351154.9459   137   644857.0000   246057.3295  2379932   61.84%
Elapsed time = 2249.77 sec. (291537.70 ticks, tree = 59.85 MB, solutions = 17)
  11252  6753   341605.7248   219   644857.0000   246680.2745  2444135   61.75%
  11414  7047   328323.0587   185   644857.0000   246680.2745  2526171   61.75%
  11580  7247   527818.4850   154   644857.0000   246680.2745  2590220   61.75%
  11761  7379   469836.0667   173   644857.0000   246680.2745  2631045   61.75%
  11947  7494   556053.0035   182   644857.0000   246680.2745  2655638   61.75%
  12133  7746   476149.3878   167   644857.0000   246680.2745  2716992   61.75%
  12375  7837   632457.9767   137   644857.0000   246680.2745  2739815   61.75%
  12617  8028   297852.3492   201   644857.0000   246914.1309  2791803   61.71%
  12781  8231   467204.8913   152   644857.0000   247412.7920  2842510   61.63%
  12990  8538   411097.9459   189   644857.0000   248092.3751  2919519   61.53%
Elapsed time = 2650.98 sec. (329920.69 ticks, tree = 75.01 MB, solutions = 17)
  13192  8826   453024.0914   182   644857.0000   248092.3751  3003807   61.53%
  13359  8891   463730.6217   185   644857.0000   248157.4914  3020421   61.52%
  13572  9075   477940.8731   196   644857.0000   248157.4914  3066259   61.52%
  13788  9272   438951.1150   173   644857.0000   248157.4914  3123043   61.52%
  13982  9486   273239.4472   192   644857.0000   248487.9220  3166710   61.47%
  14182  9620   607741.8784   147   644857.0000   248713.4934  3205152   61.43%
  14401  9954   614135.8692   106   644857.0000   249432.7113  3297325   61.32%
  14590  9981   325885.5215   215   644857.0000   249769.5080  3305561   61.27%
  14751 10223   377433.5957   204   644857.0000   249888.6968  3378293   61.25%
  14947 10328   422857.7025   192   644857.0000   249888.6968  3411952   61.25%
Elapsed time = 3005.25 sec. (368283.48 ticks, tree = 90.40 MB, solutions = 17)
  15164 10498   622044.3333   107   644857.0000   249888.6968  3453992   61.25%
  15354 10926   525698.6607   144   644857.0000   249888.6968  3572048   61.25%
  15551 11096   608974.6350   135   644857.0000   249888.6968  3623894   61.25%
  15726 11030   619096.1250   131   644857.0000   249888.6968  3599274   61.25%
  15901 11300   335635.0903   168   644857.0000   250107.0590  3684781   61.22%
  16084 11516        cutoff         644857.0000   250107.0590  3754206   61.22%
Starting limited solution polishing.
* 16197+11610                       644346.0000   250933.1129            61.06%
  16301 11527   304805.6368   223   644346.0000   250933.1129  3759700   61.06%
  16495 11782   350830.9499   201   644346.0000   251102.6778  3853708   61.03%
  16684 12142        cutoff         644346.0000   251143.6968  3954131   61.02%
  16854 12277   380901.0360   124   644346.0000   251143.6968  4004128   61.02%
Elapsed time = 3387.03 sec. (406695.25 ticks, tree = 106.29 MB, solutions = 18)
  17081 12335        cutoff         644346.0000   251143.6968  4014546   61.02%
  17245 12719   551694.3830   139   644346.0000   251143.6968  4130611   61.02%
* 17375+12741                       638720.0000   251143.6968            60.68%
  17404 12804   616052.0000    52   638720.0000   251143.6968  4154370   60.68%
  17554 12814   476051.0000    74   638720.0000   251143.6968  4207536   60.68%
  17688 12990   579568.0428   132   638720.0000   251377.1284  4252478   60.64%
  17882 12929   488234.0000    73   638720.0000   251377.1284  4241573   60.64%
* 18065+13188                       636928.0000   251388.9107            60.53%
  18101 13116   464086.4039   159   636928.0000   251388.9107  4300200   60.53%
* 18141+13067                       635114.0000   251388.9107            60.42%
  18141 13069   280299.2340   209   635114.0000   251388.9107  4278123   60.42%

Zero-half cuts applied:  361
Lift and project cuts applied:  68

Root node processing (before b&c):
  Real time             =   56.04 sec. (39088.07 ticks)
Parallel b&c, 8 threads:
  Real time             = 3543.97 sec. (407252.08 ticks)
  Sync time (average)   =  611.45 sec.
  Wait time (average)   =    0.02 sec.
                          ------------
Total (root+branch&cut) = 3600.01 sec. (446340.15 ticks)
Status: Feasible
Obj: 635114

Instalacoes abertas:
Instalação 0 aberta
Instalação 1 aberta
Instalação 4 aberta
Instalação 8 aberta
Instalação 9 aberta
Instalação 13 aberta
Instalação 16 aberta
Instalação 18 aberta
Instalação 19 aberta
Instalação 20 aberta
Instalação 22 aberta
Instalação 25 aberta
Instalação 30 aberta
Instalação 31 aberta
Instalação 39 aberta
Instalação 46 aberta
Instalação 47 aberta
Instalação 49 aberta

Atribuições (cliente -> instalação):
Cliente 0 -> Instalação 19
Cliente 1 -> Instalação 20
Cliente 2 -> Instalação 1
Cliente 3 -> Instalação 9
Cliente 4 -> Instalação 8
Cliente 5 -> Instalação 31
Cliente 6 -> Instalação 8
Cliente 7 -> Instalação 8
Cliente 8 -> Instalação 46
Cliente 9 -> Instalação 18
Cliente 10 -> Instalação 47
Cliente 11 -> Instalação 13
Cliente 12 -> Instalação 16
Cliente 13 -> Instalação 39
Cliente 14 -> Instalação 0
Cliente 15 -> Instalação 4
Cliente 16 -> Instalação 46
Cliente 17 -> Instalação 22
Cliente 18 -> Instalação 20
Cliente 19 -> Instalação 49
Cliente 20 -> Instalação 20
Cliente 21 -> Instalação 9
Cliente 22 -> Instalação 4
Cliente 23 -> Instalação 30
Cliente 24 -> Instalação 47
Cliente 25 -> Instalação 25
Cliente 26 -> Instalação 47
Cliente 27 -> Instalação 22
Cliente 28 -> Instalação 31
Cliente 29 -> Instalação 9
Cliente 30 -> Instalação 13
Cliente 31 -> Instalação 47
Cliente 32 -> Instalação 30
Cliente 33 -> Instalação 1
Cliente 34 -> Instalação 0
Cliente 35 -> Instalação 16
Cliente 36 -> Instalação 25
Cliente 37 -> Instalação 25
Cliente 38 -> Instalação 4
Cliente 39 -> Instalação 39
Cliente 40 -> Instalação 22
Cliente 41 -> Instalação 18
Cliente 42 -> Instalação 0
Cliente 43 -> Instalação 4
Cliente 44 -> Instalação 9
Cliente 45 -> Instalação 20
Cliente 46 -> Instalação 46
Cliente 47 -> Instalação 19
Cliente 48 -> Instalação 30
Cliente 49 -> Instalação 49
