Version identifier: 22.1.1.0 | 2022-11-28 | 9160aff4d
CPXPARAM_TimeLimit                               3600
Tried aggregator 1 time.
MIP Presolve eliminated 50 rows and 1 columns.
Reduced MIP has 45400 rows, 3407 columns, and 136100 nonzeros.
Reduced MIP has 3407 binaries, 0 generals, 0 SOSs, and 0 indicators.
Presolve time = 0.07 sec. (61.33 ticks)
Found incumbent of value 3.5966433e+07 after 0.09 sec. (78.39 ticks)
Probing time = 0.03 sec. (7.38 ticks)
Tried aggregator 1 time.
Detecting symmetries...
Reduced MIP has 45400 rows, 3407 columns, and 136100 nonzeros.
Reduced MIP has 3407 binaries, 0 generals, 0 SOSs, and 0 indicators.
Presolve time = 0.08 sec. (74.47 ticks)
Probing time = 0.03 sec. (7.44 ticks)
Clique table members: 2500.
MIP emphasis: balance optimality and feasibility.
MIP search method: dynamic search.
Parallel mode: deterministic, using up to 8 threads.
Root relaxation solution time = 0.09 sec. (67.13 ticks)

        Nodes                                         Cuts/
   Node  Left     Objective  IInf  Best Integer    Best Bound    ItCnt     Gap

*     0+    0                       3.59664e+07        0.0000           100.00%
*     0+    0                       2.69418e+07        0.0000           100.00%
*     0+    0                      1298248.0000        0.0000           100.00%
*     0+    0                      1265984.0000        0.0000           100.00%
      0     0    93774.0000   100  1265984.0000    93774.0000      183   92.59%
*     0+    0                      1091638.0000    93774.0000            91.41%
      0     0   106217.5000   100  1091638.0000    Cuts: 2113      437   90.27%
      0     0   118774.0000    98  1091638.0000    Cuts: 2181      809   89.12%
      0     0   131217.5000    98  1091638.0000 ZeroHalf: 785     2079   87.98%
*     0+    0                       894823.0000   131217.5000            85.34%
*     0+    0                       802725.0000   131217.5000            83.65%
      0     0  -1.00000e+75     0   802725.0000   131217.5000     2079   83.65%
*     0+    0                       659910.0000   131217.5000            80.12%
      0     0   136278.6667   179   659910.0000 ZeroHalf: 870     2820   79.35%
      0     0   144847.3280   182   659910.0000     Cuts: 608     3958   78.05%
Detecting symmetries...
      0     0   149803.4617   180   659910.0000     Cuts: 474     4587   77.30%
*     0+    0                       611803.0000   149803.4617            75.51%
*     0+    0                       608499.0000   149803.4617            75.38%
      0     0   153079.1976   204   608499.0000     Cuts: 302     5158   74.84%
      0     0   155131.8369   215   608499.0000     Cuts: 377     5703   74.51%
      0     0   157333.6904   187   608499.0000     Cuts: 700     6215   74.14%
      0     0   158517.8023   180   608499.0000     Cuts: 132     6586   73.95%
      0     0   160033.6103   185   608499.0000     Cuts: 146     7029   73.70%
*     0+    0                       587058.0000   160033.6103            72.74%
      0     0   161741.3677   212   587058.0000      Cuts: 89     7415   72.45%
      0     0   163351.1347   211   587058.0000     Cuts: 141     7852   72.17%
      0     0   165077.4164   180   587058.0000     Cuts: 426     8288   71.88%
      0     0   166786.6299   180   587058.0000      Cuts: 81     8728   71.59%
      0     0   167963.2255   176   587058.0000      Cuts: 95     9069   71.39%
      0     0   168959.6429   211   587058.0000      Cuts: 88     9420   71.22%
      0     0   170273.8378   178   587058.0000     Cuts: 365     9897   71.00%
      0     0   171258.7328   181   587058.0000     Cuts: 111    10366   70.83%
      0     0   172074.4696   192   587058.0000      Cuts: 60    10708   70.69%
      0     0   172700.0918   208   587058.0000     Cuts: 175    11010   70.58%
      0     0   173010.1892   211   587058.0000      Cuts: 66    11213   70.53%
      0     0   173602.1022   217   587058.0000      Cuts: 97    11492   70.43%
      0     0   174015.0690   217   587058.0000      Cuts: 54    11670   70.36%
      0     0   174327.7575   209   587058.0000     Cuts: 170    11871   70.30%
      0     0   174497.5215   210   587058.0000      Cuts: 36    11971   70.28%
      0     0   175092.7442   211   587058.0000     Cuts: 130    12235   70.17%
      0     0   175643.1807   227   587058.0000     Cuts: 201    12550   70.08%
      0     0   176117.6068   220   587058.0000      Cuts: 55    12740   70.00%
      0     0   176328.4772   210   587058.0000      Cuts: 73    12915   69.96%
      0     0   176520.7255   210   587058.0000  ZeroHalf: 24    13026   69.93%
      0     0   177025.7617   213   587058.0000     Cuts: 156    13309   69.85%
      0     0   177605.0992   213   587058.0000      Cuts: 70    13604   69.75%
      0     0   177883.4523   211   587058.0000      Cuts: 85    13845   69.70%
      0     0   178123.4563   210   587058.0000     Cuts: 137    13975   69.66%
      0     0   178714.4907   242   587058.0000     Cuts: 146    14247   69.56%
      0     0   179153.6276   236   587058.0000      Cuts: 93    14507   69.48%
      0     0   179586.6499   239   587058.0000      Cuts: 78    14739   69.41%
      0     0   180013.8247   238   587058.0000     Cuts: 105    15025   69.34%
      0     0   180369.8956   213   587058.0000      Cuts: 99    15219   69.28%
      0     0   180721.7991   211   587058.0000     Cuts: 237    15425   69.22%
      0     0   180997.7607   209   587058.0000     Cuts: 108    15592   69.17%
      0     0   181278.5436   216   587058.0000 ZeroHalf: 113    15798   69.12%
      0     0   181578.4779   209   587058.0000      Cuts: 96    16060   69.07%
      0     0   181886.0792   210   587058.0000      Cuts: 74    16269   69.02%
      0     0   182034.9242   209   587058.0000      Cuts: 60    16398   68.99%
      0     0   182341.1119   216   587058.0000     Cuts: 120    16618   68.94%
      0     0   182450.1297   207   587058.0000      Cuts: 34    16712   68.92%
      0     0   182688.5292   201   587058.0000      Cuts: 44    16891   68.88%
      0     0   182953.0528   215   587058.0000      Cuts: 77    17112   68.84%
      0     0   183488.6236   202   587058.0000     Cuts: 111    17371   68.74%
      0     0   183917.2168   231   587058.0000     Cuts: 128    17670   68.67%
      0     0   184087.2597   213   587058.0000      Cuts: 44    17803   68.64%
      0     0   184459.9814   230   587058.0000  ZeroHalf: 68    18068   68.58%
      0     0   184706.6579   245   587058.0000     Cuts: 125    18321   68.54%
      0     0   184952.6548   240   587058.0000  ZeroHalf: 28    18424   68.49%
      0     0   185231.0423   236   587058.0000  ZeroHalf: 55    18672   68.45%
      0     0   185393.4442   229   587058.0000      Cuts: 64    18837   68.42%
      0     0   185591.6123   221   587058.0000      Cuts: 63    18951   68.39%
      0     0   185727.7113   245   587058.0000      Cuts: 76    19146   68.36%
      0     0   185850.3633   219   587058.0000      Cuts: 34    19279   68.34%
      0     0   185977.3221   238   587058.0000      Cuts: 82    19430   68.32%
      0     0   186116.7264   210   587058.0000     Cuts: 153    19564   68.30%
      0     0   186442.5468   211   587058.0000      Cuts: 70    19831   68.24%
      0     0   186617.8707   196   587058.0000      Cuts: 59    20021   68.21%
      0     0   186845.3095   242   587058.0000     Cuts: 103    20222   68.17%
      0     0   187043.3356   234   587058.0000      Cuts: 26    20431   68.14%
      0     0   187160.0286   206   587058.0000     Cuts: 149    20530   68.12%
      0     0   187372.1615   219   587058.0000      Cuts: 83    20744   68.08%
      0     0   187448.2626   214   587058.0000      Cuts: 60    20869   68.07%
*     0+    0                       576438.0000   187448.2626            67.48%
*     0+    0                       575263.0000   187448.2626            67.42%
      0     0  -1.00000e+75     0   575263.0000   187448.2626    20869   67.42%
Detecting symmetries...
      0     2   187448.2626   214   575263.0000   187448.2626    20869   67.42%
Elapsed time = 27.57 sec. (21716.71 ticks, tree = 0.02 MB, solutions = 13)
      2     4   216832.2124   176   575263.0000   187450.6403    22097   67.41%
      7     8   222172.8871   167   575263.0000   187496.3534    22864   67.41%
     19    15   208641.7539   186   575263.0000   187497.0128    25186   67.41%
     26    19   219648.4024   173   575263.0000   187497.0128    26355   67.41%
     34    32   233267.4369   171   575263.0000   187497.0128    30804   67.41%
     39    38   222941.1601   167   575263.0000   187497.0128    33333   67.41%
     44    45   250243.8660   147   575263.0000   187497.0128    36305   67.41%
*    45+    4                       564173.0000   187497.0128            66.77%
     50    50   307620.2500    86   564173.0000   187497.0128    38015   66.77%
     62    60   300488.0833   123   564173.0000   187497.0128    39833   66.77%
*   105+    4                       555341.0000   187497.0128            66.24%
    122   105   369824.7500   115   555341.0000   187497.0128    47630   66.24%
Elapsed time = 42.68 sec. (25286.74 ticks, tree = 1.22 MB, solutions = 13)
    291   188   299684.7000   125   555341.0000   187497.0128    60835   66.24%
    519   363        cutoff         555341.0000   187920.9404    79486   66.16%
    695   560   512468.0000    63   555341.0000   187920.9404   102148   66.16%
    816   624   247047.5104   136   555341.0000   187920.9404   117612   66.16%
    927   760   375272.0000    80   555341.0000   187920.9404   140589   66.16%
   1102   906   465086.5000    69   555341.0000   187920.9404   163249   66.16%
   1230  1059   221746.0723   187   555341.0000   187920.9404   181403   66.16%
   1369  1223   424869.5000    86   555341.0000   189683.1075   202715   65.84%
   1478  1254   262841.4283   210   555341.0000   189683.1075   210555   65.84%
   1550  1370   206271.4229   202   555341.0000   199722.0066   230499   64.04%
Elapsed time = 103.98 sec. (34899.40 ticks, tree = 16.81 MB, solutions = 16)
   1627  1420   305616.8173   170   555341.0000   199722.0066   240674   64.04%

Performing restart 1

Repeating presolve.
Tried aggregator 1 time.
MIP Presolve eliminated 1401 rows and 51 columns.
Reduced MIP has 43999 rows, 3356 columns, and 131897 nonzeros.
Reduced MIP has 3356 binaries, 0 generals, 0 SOSs, and 0 indicators.
Presolve time = 0.06 sec. (61.71 ticks)
Tried aggregator 1 time.
Reduced MIP has 43999 rows, 3356 columns, and 131897 nonzeros.
Reduced MIP has 3356 binaries, 0 generals, 0 SOSs, and 0 indicators.
Presolve time = 0.08 sec. (74.62 ticks)
Represolve time = 0.21 sec. (196.21 ticks)
*  1644+    0                       554608.0000   199722.0066            63.99%
   1644     0   187601.7031   222   554608.0000      Cuts: 60   264833   63.99%
   1644     0   187999.0366   216   554608.0000      Cuts: 42   264989   63.99%
   1644     0   188343.9404   214   554608.0000      Cuts: 78   265254   63.99%
   1644     0   188802.8207   216   554608.0000      Cuts: 64   265503   63.99%
   1644     0   189406.6373   219   554608.0000      Cuts: 77   265789   63.99%
   1644     2   189406.6373   219   554608.0000   199722.0066   265789   63.99%
   1647     5   190250.7060   201   554608.0000   199722.0066   266484   63.99%
   1652     9   191207.7773   194   554608.0000   199722.0066   267067   63.99%
   1656    14   210869.3434   173   554608.0000   199722.0066   270281   63.99%
   1660    11   191831.2957   220   554608.0000   199722.0066   268626   63.99%
   1669    22   211714.4225   191   554608.0000   199722.0066   274457   63.99%
   1697    32   232605.7733   183   554608.0000   199722.0066   279702   63.99%
   1760    76   210513.4888   200   554608.0000   199722.0066   294460   63.99%
   1808    46   210689.2341   199   554608.0000   199722.0066   286682   63.99%
Elapsed time = 218.31 sec. (60186.42 ticks, tree = 1.49 MB, solutions = 17)
   1849   129   224031.6895   218   554608.0000   199722.0066   304670   63.99%
   1904   224   234688.0037   175   554608.0000   199722.0066   323623   63.99%
   1953   273   239390.3212   169   554608.0000   199722.0066   332316   63.99%
   1992   289   255597.4091   132   554608.0000   199722.0066   334204   63.99%
   2046   348   228241.8478   175   554608.0000   199722.0066   345452   63.99%
   2093   350   233520.9714   170   554608.0000   199722.0066   345614   63.99%
   2133   423   245554.1716   204   554608.0000   199722.0066   356378   63.99%
   2160   431   248368.6374   189   554608.0000   199722.0066   357006   63.99%
   2223   502   241530.6048   179   554608.0000   199722.0066   368331   63.99%
   2254   523   285479.9600   153   554608.0000   199722.0066   369772   63.99%
Elapsed time = 310.64 sec. (70076.64 ticks, tree = 4.21 MB, solutions = 17)
   2303   587   291803.5000    96   554608.0000   199722.0066   378241   63.99%
   2341   630   272390.5445   177   554608.0000   199722.0066   386963   63.99%
   2382   642   279810.7000   175   554608.0000   199722.0066   388036   63.99%
   2423   723   253844.5609   186   554608.0000   199722.0066   398117   63.99%
   2485   733   252185.8500   155   554608.0000   199722.0066   399623   63.99%
   2547   755   318237.3571   153   554608.0000   199722.0066   401686   63.99%
   2598   848   325859.1429   143   554608.0000   199722.0066   412941   63.99%
   2684   915   267031.3611   136   554608.0000   199722.0066   421769   63.99%
   2728   967   266328.9722   172   554608.0000   199722.0066   426413   63.99%
   2812  1011   291848.5714   155   554608.0000   199722.0066   429873   63.99%
Elapsed time = 402.41 sec. (79798.36 ticks, tree = 7.22 MB, solutions = 17)
   2895  1092   341505.8750   131   554608.0000   199722.0066   438739   63.99%
   2945  1149   282733.2222   155   554608.0000   199722.0066   446473   63.99%
   3024  1214   304945.7500   131   554608.0000   199722.0066   450386   63.99%
   3114  1328   296078.5323   171   554608.0000   199722.0066   459830   63.99%
   3209  1326   280863.2475   166   554608.0000   199722.0066   458622   63.99%
   3312  1426   370200.7941   142   554608.0000   199722.0066   466080   63.99%
   3397  1559   397985.0000   124   554608.0000   199722.0066   474865   63.99%
   3508  1571   408007.5000    91   554608.0000   199722.0066   475756   63.99%
   3626  1715   336916.9375   119   554608.0000   199722.0066   486856   63.99%
   3728  1850   420656.2214   162   554608.0000   199722.0066   495685   63.99%
Elapsed time = 487.18 sec. (89412.05 ticks, tree = 12.75 MB, solutions = 17)
   3865  2080   366782.6842   157   554608.0000   199722.0066   505567   63.99%
   3993  2081   413346.0000    90   554608.0000   199722.0066   504329   63.99%
   4139  2353   384558.5667   137   554608.0000   199722.0066   517844   63.99%
   4274  2387   385746.0000   144   554608.0000   199722.0066   519521   63.99%
   4389  2425   506298.9583   123   554608.0000   199946.8499   521689   63.95%
   4527  2730   433238.7500   102   554608.0000   199946.8499   534675   63.95%
   4594  2774   241024.1464   167   554608.0000   201178.7874   554025   63.73%
   4673  2763   256286.7744   179   554608.0000   202308.1270   549177   63.52%
   4758  2861   276198.8333   139   554608.0000   202308.1270   563795   63.52%
   4847  3097   493456.7500   114   554608.0000   202308.1270   594962   63.52%
Elapsed time = 564.85 sec. (99015.33 ticks, tree = 20.71 MB, solutions = 17)
   4923  3115   297512.3948   185   554608.0000   202308.1270   600600   63.52%
   4985  3190   334628.3833   143   554608.0000   203378.8755   618393   63.33%
   5057  3223   221173.4936   193   554608.0000   203378.8755   628637   63.33%
   5137  3303   326197.5185   119   554608.0000   203378.8755   646724   63.33%
   5224  3318   346489.7500    87   554608.0000   203378.8755   648865   63.33%
   5338  3432   391275.0000    93   554608.0000   203378.8755   671568   63.33%
   5439  3512   363293.8750   164   554608.0000   203378.8755   684324   63.33%
   5580  3688   423515.7500    76   554608.0000   203378.8755   714112   63.33%
   5719  3749   432829.4000    99   554608.0000   203378.8755   720070   63.33%
   5862  3782   384350.7500   128   554608.0000   203378.8755   727307   63.33%
Elapsed time = 652.24 sec. (108629.63 ticks, tree = 25.84 MB, solutions = 17)
   6016  4088   457776.5000    83   554608.0000   203378.8755   759255   63.33%
   6158  4038   461575.2500    79   554608.0000   203378.8755   753497   63.33%
   6293  4130   475449.0000    80   554608.0000   203378.8755   762731   63.33%
   6438  4391   511615.2500    72   554608.0000   203378.8755   781949   63.33%
   6575  4694   207955.7322   178   554608.0000   203454.7352   804424   63.32%
   6642  4770   216703.5222   200   554608.0000   203566.0741   812312   63.30%
   6712  4813   493206.3333   109   554608.0000   203656.4907   817947   63.28%
   6780  4828   504296.0000   115   554608.0000   203985.2717   819084   63.22%
   6896  4966   514771.0000   128   554608.0000   203985.2717   847217   63.22%
   7020  5080   269434.3116   199   554608.0000   203985.2717   873333   63.22%
Elapsed time = 736.56 sec. (118248.96 ticks, tree = 32.81 MB, solutions = 17)
   7125  5134   314767.8333   153   554608.0000   203985.2717   879301   63.22%
   7211  5093   217276.4622   221   554608.0000   204260.6377   877487   63.17%
   7296  5303   340319.0000   181   554608.0000   204485.5356   898810   63.13%
   7388  5492   349552.2500   195   554608.0000   204485.5356   931280   63.13%
   7464  5562   346921.5025   191   554608.0000   204485.5356   943223   63.13%
   7529  5665   346713.4583   163   554608.0000   204485.5356   966105   63.13%
   7599  5753   368558.6000   173   554608.0000   204485.5356   977375   63.13%
   7692  5764   383009.3937   182   554608.0000   204485.5356   978842   63.13%
   7786  5834   378071.7500   175   554608.0000   204485.5356   988470   63.13%
   8203  6149   422674.5000    80   554608.0000   204485.5356  1043515   63.13%
Elapsed time = 851.64 sec. (130702.74 ticks, tree = 40.77 MB, solutions = 17)
   8517  6609   341231.9300   220   554608.0000   205588.0010  1119066   62.93%
   8824  6865   427605.6667   131   554608.0000   205588.0010  1171974   62.93%
   9184  7090   549845.2500    77   554608.0000   206883.8964  1210176   62.70%
   9499  7492   383194.5000   134   554608.0000   206883.8964  1270598   62.70%
   9950  7792   253440.6304   203   554608.0000   206883.8964  1312454   62.70%
* 10263+ 8020                       554171.0000   206883.8964            62.67%
  10475  8194   489282.2917   144   554171.0000   206883.8964  1361933   62.67%
  10793  8613   266062.6559   209   554171.0000   207464.2739  1396518   62.56%
  11131  9035   302614.5699   209   554171.0000   207866.3838  1470596   62.49%
  11516  9462   402234.2727   185   554171.0000   207866.3838  1528877   62.49%
  11925  9795   229957.5636   182   554171.0000   207977.0420  1568504   62.47%
Elapsed time = 1204.80 sec. (168974.93 ticks, tree = 69.26 MB, solutions = 18)
  12260 10204   263779.1277   196   554171.0000   208580.9861  1630957   62.36%
  12552 10451   331412.5667   192   554171.0000   208832.3807  1676398   62.32%
  12913 10787   363853.7466   189   554171.0000   208832.3807  1742840   62.32%
  13370 11061   404611.5513   162   554171.0000   208991.0658  1779591   62.29%
  13760 11631   310660.8361   198   554171.0000   209087.4462  1849735   62.27%
  14061 11942   323311.2090   208   554171.0000   209263.8611  1895482   62.24%
  14444 12387   348437.4091   177   554171.0000   209398.2519  1976189   62.21%
  14870 12729   395196.2917   219   554171.0000   209468.2099  2021746   62.20%
  15291 12894   283523.2500   131   554171.0000   209468.2099  2039415   62.20%
  15685 13538        cutoff         554171.0000   209651.0859  2128752   62.17%
Elapsed time = 1586.03 sec. (207220.30 ticks, tree = 93.59 MB, solutions = 18)
  16060 13933   286205.6331   186   554171.0000   209794.7401  2201970   62.14%
  16389 14294   339209.7083   166   554171.0000   209803.8107  2263997   62.14%
  16716 14424   399856.9000   188   554171.0000   209803.8107  2288122   62.14%
  16944 14712   267305.8906   156   554171.0000   209940.8700  2337417   62.12%
  17163 15112   391335.4410   234   554171.0000   210081.2613  2400518   62.09%
  17666 15229   252293.1412   176   554171.0000   210121.3693  2420982   62.08%
  18131 15989   473402.3955   174   554171.0000   210121.3693  2527905   62.08%
  18420 16305   306840.0802   171   554171.0000   210121.3693  2568282   62.08%
  18669 16502   321214.9631   233   554171.0000   210175.1786  2597232   62.07%
  19072 16719   364987.7000   164   554171.0000   210529.8901  2630070   62.01%
Elapsed time = 1886.07 sec. (245474.51 ticks, tree = 114.32 MB, solutions = 18)
  19511 17194   390828.4667   189   554171.0000   210529.8901  2692375   62.01%
  19949 17526   224265.9308   197   554171.0000   210529.8901  2731084   62.01%
  20247 17846   416877.8333   123   554171.0000   210826.0264  2763554   61.96%
  20543 18453   311839.1660   208   554171.0000   210875.3572  2868899   61.95%
  20892 18470   389488.0931   245   554171.0000   210875.3572  2864846   61.95%
  21301 19121   412414.6406   178   554171.0000   210875.3572  2974977   61.95%
  21662 19412   244853.1805   195   554171.0000   210966.9129  3014052   61.93%
  21948 19615   276782.1322   198   554171.0000   211334.0210  3042002   61.86%
  22297 19993   358421.2465   216   554171.0000   211424.5758  3114234   61.85%
  22697 20430   394217.0510   199   554171.0000   211424.5758  3193204   61.85%
Elapsed time = 2270.18 sec. (283720.61 ticks, tree = 138.16 MB, solutions = 18)
  23121 20712   413122.3231   217   554171.0000   211452.3322  3232816   61.84%
  23444 21064   410416.5833   123   554171.0000   211596.5925  3279328   61.82%
  23796 21249   504738.9167   111   554171.0000   211596.5925  3303131   61.82%
  24104 21637   300834.2140   167   554171.0000   211844.9109  3360381   61.77%
* 24472+22088                       551263.0000   212212.7984            61.50%
  24581 22179   356077.8342   192   551263.0000   212212.7984  3453520   61.50%
  25146 22606   397049.5862   200   551263.0000   212251.5287  3487204   61.50%
  25702 22802   428867.9768   222   551263.0000   212482.0580  3502600   61.46%
  26182 23549   298562.0000   209   551263.0000   212591.1886  3552967   61.44%
  26639 23843   384990.3429   235   551263.0000   212652.6734  3579762   61.42%
  27141 24240   395382.7764   219   551263.0000   212828.1159  3617261   61.39%
Elapsed time = 2647.95 sec. (322015.67 ticks, tree = 724.74 MB, solutions = 19)
* 27305+24229                       544283.0000   212828.1159            60.90%
* 27645+24763                       542354.0000   212828.1159            60.76%
  27737 24547   507632.5000    73   542354.0000   212828.1159  3650391   60.76%
  28231 24929   428328.8088   194   542354.0000   213018.0949  3688721   60.72%
  28714 25776   343575.8338   191   542354.0000   213167.5684  3756448   60.70%
  29180 26129   404808.0262   238   542354.0000   213362.8333  3784777   60.66%
  29773 26529   267011.2287   163   542354.0000   213463.6000  3829876   60.64%
  30406 27652   401022.5000   147   542354.0000   213463.6000  3909198   60.64%
  30883 27348   446154.1974   168   542354.0000   213878.2295  3892890   60.56%
  31410 28660   321355.0946   198   542354.0000   214191.4494  3999786   60.51%
  31871 28622   319343.1789   183   542354.0000   214191.4494  3995377   60.51%
  32455 29035   331061.1250   183   542354.0000   214229.3085  4036776   60.50%
Elapsed time = 2991.37 sec. (360215.22 ticks, tree = 1707.39 MB, solutions = 21)
  33035 29422   424809.4400   170   542354.0000   214278.2921  4066506   60.49%
* 33158+29862                       541737.0000   214278.2921            60.45%
  33609 30101   331138.6971   173   541737.0000   214278.2921  4117981   60.45%
  34181 30780   492188.2500   116   541737.0000   214414.5738  4149915   60.42%
* 34219+31251                       541631.0000   214414.5738            60.41%
* 34247+31251                       529711.0000   214414.5738            59.52%
  34486 31200   275426.3271   202   529711.0000   214627.2935  4221946   59.48%
  34946 31488   370634.5526   180   529711.0000   214627.2935  4235206   59.48%
  35406 32105   373027.1716   193   529711.0000   214627.2935  4304091   59.48%
  35894 32077   477460.5000   111   529711.0000   214886.7388  4287784   59.43%
  36475 33241   380441.2339   245   529711.0000   214918.6594  4382176   59.43%
Starting limited solution polishing.
  37003 32947   376653.4194   228   529711.0000   214920.5612  4362017   59.43%
  37586 33581   349304.3180   185   529711.0000   214920.5612  4409762   59.43%
Elapsed time = 3283.85 sec. (398435.04 ticks, tree = 2620.86 MB, solutions = 25)
Nodefile size = 535.81 MB (321.91 MB after compression)
  38019 33893   328398.0840   203   529711.0000   214977.4225  4440292   59.42%
* 38181+34348                       523067.0000   215107.0605            58.88%
  38260 34730   242274.2014   221   523067.0000   215107.0605  4499863   58.88%
  38418 35213   362904.5262   230   523067.0000   215107.0605  4531235   58.88%
  38751 35357   348283.9375   175   523067.0000   215156.8093  4558700   58.87%
* 38892+35240                       521989.0000   215156.8093            58.78%
  39111 35415   399850.9706   227   521989.0000   215161.9783  4561950   58.78%
  39512 35495   428640.0952   189   521989.0000   215261.5042  4565296   58.76%
* 39515+35538                       521245.0000   215261.5042            58.70%
* 39520+35538                       519227.0000   215261.5042            58.54%
  39819 35987   410817.4783   196   519227.0000   215261.5042  4620733   58.54%
* 40141+36316                       517734.0000   215261.5042            58.42%
  40198 36577   389515.9000   211   517734.0000   215432.2710  4679730   58.39%
  40571 36830   394176.8333   210   517734.0000   215432.2710  4708092   58.39%
  40922 37035   403407.8000   170   517734.0000   215458.9263  4729740   58.38%
Elapsed time = 3503.56 sec. (436756.15 ticks, tree = 3478.90 MB, solutions = 32)
Nodefile size = 1424.86 MB (859.50 MB after compression)
  41091 37603   419941.5000    82   517734.0000   215557.8765  4784629   58.37%
  41149 37641   241656.5937   224   517734.0000   215557.8765  4790226   58.37%
  41442 37787   362340.7092   196   517734.0000   215557.8765  4805302   58.37%
  41628 37936   363485.4067   201   517734.0000   215972.3185  4812406   58.29%
  41928 38063   378745.9524   198   517734.0000   215972.3185  4822777   58.29%
* 42121+38191                       512269.0000   215972.3185            57.84%
  42184 38372   304510.8551   191   512269.0000   215972.3185  4860708   57.84%
  42505 38289   274553.6803   194   512269.0000   215972.3185  4868620   57.84%

Implied bound cuts applied:  1
Zero-half cuts applied:  383
Lift and project cuts applied:  65

Root node processing (before b&c):
  Real time             =   27.51 sec. (21637.99 ticks)
Parallel b&c, 8 threads:
  Real time             = 3574.35 sec. (444520.90 ticks)
  Sync time (average)   =  762.75 sec.
  Wait time (average)   =    0.01 sec.
                          ------------
Total (root+branch&cut) = 3601.86 sec. (466158.89 ticks)
Status: Feasible
Obj: 512269

Instalacoes abertas:
Instalação 0 aberta
Instalação 1 aberta
Instalação 4 aberta
Instalação 8 aberta
Instalação 9 aberta
Instalação 13 aberta
Instalação 16 aberta
Instalação 19 aberta
Instalação 20 aberta
Instalação 22 aberta
Instalação 30 aberta
Instalação 31 aberta
Instalação 39 aberta
Instalação 47 aberta
Instalação 49 aberta

Atribuições (cliente -> instalação):
Cliente 0 -> Instalação 19
Cliente 1 -> Instalação 1
Cliente 2 -> Instalação 30
Cliente 3 -> Instalação 13
Cliente 4 -> Instalação 9
Cliente 5 -> Instalação 4
Cliente 6 -> Instalação 39
Cliente 7 -> Instalação 20
Cliente 8 -> Instalação 9
Cliente 9 -> Instalação 1
Cliente 10 -> Instalação 8
Cliente 11 -> Instalação 20
Cliente 12 -> Instalação 20
Cliente 13 -> Instalação 1
Cliente 14 -> Instalação 49
Cliente 15 -> Instalação 47
Cliente 16 -> Instalação 16
Cliente 17 -> Instalação 22
Cliente 18 -> Instalação 0
Cliente 19 -> Instalação 0
Cliente 20 -> Instalação 49
Cliente 21 -> Instalação 4
Cliente 22 -> Instalação 22
Cliente 23 -> Instalação 4
Cliente 24 -> Instalação 16
Cliente 25 -> Instalação 31
Cliente 26 -> Instalação 20
Cliente 27 -> Instalação 30
Cliente 28 -> Instalação 9
Cliente 29 -> Instalação 8
Cliente 30 -> Instalação 30
Cliente 31 -> Instalação 20
Cliente 32 -> Instalação 47
Cliente 33 -> Instalação 39
Cliente 34 -> Instalação 49
Cliente 35 -> Instalação 16
Cliente 36 -> Instalação 13
Cliente 37 -> Instalação 31
Cliente 38 -> Instalação 8
Cliente 39 -> Instalação 39
Cliente 40 -> Instalação 31
Cliente 41 -> Instalação 19
Cliente 42 -> Instalação 47
Cliente 43 -> Instalação 19
Cliente 44 -> Instalação 47
Cliente 45 -> Instalação 4
Cliente 46 -> Instalação 0
Cliente 47 -> Instalação 8
Cliente 48 -> Instalação 13
Cliente 49 -> Instalação 9
