Version identifier: 22.1.1.0 | 2022-11-28 | 9160aff4d
CPXPARAM_TimeLimit                               3600
Found incumbent of value 2718490.000000 after 0.00 sec. (3.71 ticks)
Tried aggregator 1 time.
MIP Presolve eliminated 50 rows and 1 columns.
Reduced MIP has 57700 rows, 3653 columns, and 173000 nonzeros.
Reduced MIP has 3653 binaries, 0 generals, 0 SOSs, and 0 indicators.
Presolve time = 0.08 sec. (76.03 ticks)
Probing time = 0.03 sec. (8.38 ticks)
Tried aggregator 1 time.
Detecting symmetries...
Reduced MIP has 57700 rows, 3653 columns, and 173000 nonzeros.
Reduced MIP has 3653 binaries, 0 generals, 0 SOSs, and 0 indicators.
Presolve time = 0.11 sec. (92.62 ticks)
Probing time = 0.03 sec. (8.48 ticks)
Clique table members: 2500.
MIP emphasis: balance optimality and feasibility.
MIP search method: dynamic search.
Parallel mode: deterministic, using up to 8 threads.
Root relaxation solution time = 0.24 sec. (84.88 ticks)

        Nodes                                         Cuts/
   Node  Left     Objective  IInf  Best Integer    Best Bound    ItCnt     Gap

*     0+    0                      2718490.0000        0.0000           100.00%
*     0+    0                      2056086.0000        0.0000           100.00%
*     0+    0                      1764820.0000        0.0000           100.00%
*     0+    0                      1735381.0000        0.0000           100.00%
      0     0    93774.0000   100  1735381.0000    93774.0000      182   94.60%
      0     0   106217.5000   100  1735381.0000    Cuts: 2839      426   93.88%
      0     0   118774.0000    98  1735381.0000    Cuts: 2878      729   93.16%
      0     0   131204.8333   222  1735381.0000 ZeroHalf: 1119     2079   92.44%
*     0+    0                      1431690.0000   131204.8333            90.84%
*     0+    0                      1430358.0000   131204.8333            90.83%
      0     0  -1.00000e+75     0  1430358.0000   131204.8333     2079   90.83%
      0     0   140954.5491   214  1430358.0000 ZeroHalf: 1255     3290   90.15%
      0     0   148642.0652   184  1430358.0000    Cuts: 1368     4258   89.61%
Detecting symmetries...
*     0+    0                      1211643.0000   148642.0652            87.73%
      0     0   155485.9161   183  1211643.0000     Cuts: 463     4996   87.17%
      0     0   159445.1903   212  1211643.0000     Cuts: 236     5542   86.84%
      0     0   164038.2447   193  1211643.0000     Cuts: 743     6349   86.46%
      0     0   168281.5435   208  1211643.0000     Cuts: 629     7194   86.11%
      0     0   171616.7036   191  1211643.0000     Cuts: 431     7896   85.84%
*     0+    0                       946656.0000   171616.7036            81.87%
      0     0   174088.4966   207   946656.0000     Cuts: 305     8501   81.61%
      0     0   176595.0222   204   946656.0000     Cuts: 169     8997   81.35%
      0     0   178712.0894   233   946656.0000     Cuts: 226     9516   81.12%
*     0+    0                       913345.0000   178712.0894            80.43%
      0     0   180330.9252   211   913345.0000     Cuts: 246     9925   80.26%
      0     0   181315.7859   207   913345.0000     Cuts: 483    10376   80.15%
      0     0   183358.0655   205   913345.0000     Cuts: 125    10930   79.92%
      0     0   184877.8825   216   913345.0000     Cuts: 156    11532   79.76%
      0     0   186639.5882   202   913345.0000     Cuts: 230    12090   79.57%
      0     0   188035.6658   216   913345.0000     Cuts: 167    12525   79.41%
      0     0   189147.2082   205   913345.0000     Cuts: 278    12947   79.29%
      0     0   190277.9451   204   913345.0000     Cuts: 170    13337   79.17%
      0     0   191239.0684   199   913345.0000     Cuts: 112    13771   79.06%
      0     0   191873.3516   221   913345.0000     Cuts: 123    14080   78.99%
      0     0   192774.6645   196   913345.0000     Cuts: 247    14526   78.89%
      0     0   193763.1070   221   913345.0000     Cuts: 130    14873   78.79%
      0     0   194548.7500   219   913345.0000     Cuts: 100    15109   78.70%
      0     0   195163.4141   205   913345.0000     Cuts: 103    15406   78.63%
      0     0   195903.5239   235   913345.0000      Cuts: 90    15712   78.55%
      0     0   196773.4828   232   913345.0000     Cuts: 102    16046   78.46%
      0     0   198186.9239   208   913345.0000     Cuts: 147    16448   78.30%
      0     0   199159.4378   217   913345.0000      Cuts: 95    16822   78.19%
      0     0   200073.2249   228   913345.0000     Cuts: 201    17179   78.09%
      0     0   200795.9613   246   913345.0000      Cuts: 71    17539   78.02%
      0     0   201709.0691   227   913345.0000     Cuts: 225    17907   77.92%
      0     0   202955.1907   198   913345.0000     Cuts: 231    18241   77.78%
      0     0   204580.8956   222   913345.0000      Cuts: 68    18881   77.60%
      0     0   205663.9690   230   913345.0000     Cuts: 104    19224   77.48%
      0     0   206711.5839   231   913345.0000     Cuts: 146    19646   77.37%
      0     0   207374.0841   220   913345.0000      Cuts: 61    19902   77.30%
      0     0   208224.7186   222   913345.0000     Cuts: 178    20227   77.20%
      0     0   208813.3486   224   913345.0000  ZeroHalf: 41    20536   77.14%
      0     0   209519.8783   219   913345.0000     Cuts: 163    20887   77.06%
      0     0   210160.0596   218   913345.0000  ZeroHalf: 34    21137   76.99%
      0     0   210767.4413   204   913345.0000     Cuts: 123    21468   76.92%
      0     0   211310.0167   228   913345.0000     Cuts: 132    21870   76.86%
      0     0   211736.8667   230   913345.0000  ZeroHalf: 53    22138   76.82%
      0     0   212262.3318   229   913345.0000     Cuts: 162    22447   76.76%
      0     0   212706.4399   224   913345.0000      Cuts: 95    22821   76.71%
      0     0   213051.5979   220   913345.0000  ZeroHalf: 37    22968   76.67%
      0     0   213233.5506   227   913345.0000      Cuts: 55    23125   76.65%
      0     0   213412.6128   230   913345.0000      Cuts: 60    23276   76.63%
      0     0   213585.2926   228   913345.0000      Cuts: 73    23390   76.62%
      0     0   213849.6089   230   913345.0000      Cuts: 71    23606   76.59%
      0     0   213966.4947   218   913345.0000      Cuts: 43    23720   76.57%
      0     0   214153.2937   227   913345.0000  ZeroHalf: 37    23876   76.55%
      0     0   214471.5585   228   913345.0000      Cuts: 60    24054   76.52%
      0     0   214706.0126   225   913345.0000      Cuts: 63    24216   76.49%
      0     0   214834.6270   245   913345.0000      Cuts: 34    24303   76.48%
      0     0   215039.9066   227   913345.0000      Cuts: 47    24449   76.46%
      0     0   215207.3287   223   913345.0000      Cuts: 77    24596   76.44%
      0     0   215339.4795   226   913345.0000      Cuts: 60    24738   76.42%
      0     0   215629.4204   233   913345.0000  ZeroHalf: 44    24927   76.39%
      0     0   215812.8851   225   913345.0000      Cuts: 28    25157   76.37%
      0     0   215938.7375   239   913345.0000      Cuts: 30    25287   76.36%
      0     0   216104.8272   212   913345.0000  ZeroHalf: 30    25408   76.34%
      0     0   216326.4224   241   913345.0000  ZeroHalf: 40    25607   76.31%
      0     0   216554.2037   217   913345.0000  ZeroHalf: 30    25745   76.29%
      0     0   216724.1371   217   913345.0000      Cuts: 35    25839   76.27%
      0     0   216891.7484   247   913345.0000  ZeroHalf: 33    25958   76.25%
      0     0   216974.6507   243   913345.0000  ZeroHalf: 29    26051   76.24%
*     0+    0                       907391.0000   216974.6507            76.09%
*     0+    0                       905711.0000   216974.6507            76.04%
*     0+    0                       902768.0000   216974.6507            75.97%
      0     0  -1.00000e+75     0   902768.0000   216974.6507    26051   75.97%
Detecting symmetries...
      0     2   216974.6507   243   902768.0000   216974.6507    26051   75.97%
Elapsed time = 48.34 sec. (32103.71 ticks, tree = 0.02 MB, solutions = 12)
      2     4   236449.6316   188   902768.0000   216976.1506    26417   75.97%
      6     4   268821.8348   171   902768.0000   216976.1506    27107   75.97%
     13    13   238938.3970   188   902768.0000   216976.1506    29188   75.97%
     19     3   217235.6984   233   902768.0000   216976.1506    26288   75.97%
     24    19   260837.4319   156   902768.0000   217235.9300    30837   75.94%
     29    27   241249.8497   194   902768.0000   217238.9447    33353   75.94%
     36    34   242332.2510   183   902768.0000   217238.9447    35472   75.94%
     43    43   367200.5000    85   902768.0000   217238.9447    37103   75.94%
     53    44   281510.9223   156   902768.0000   217238.9447    38212   75.94%
     95    86   356781.2584   145   902768.0000   217238.9447    46785   75.94%
Elapsed time = 68.95 sec. (35528.81 ticks, tree = 12.01 MB, solutions = 12)
    144   134   653145.7500    80   902768.0000   217238.9447    54192   75.94%
    214     6   266583.6402   166   902768.0000   217238.9447    27250   75.94%
*   358   292      integral     0   898547.0000   217238.9447    71308   75.82%
    363   323   682545.0000    45   898547.0000   217238.9447    75720   75.82%
*   414+  328                       898298.0000   217238.9447            75.82%
    490   320   389795.2500   110   898298.0000   217238.9447    78158   75.82%
    638   586   886579.0000    24   898298.0000   217238.9447   108285   75.82%
*   757+  616                       880867.0000   217238.9447            75.34%
    786   664   434051.4512   129   880867.0000   217238.9447   118682   75.34%
    939   811   518144.2143    97   880867.0000   217238.9447   135954   75.34%
   1104   856   717622.5000    46   880867.0000   217540.4670   139139   75.30%
   1278  1033   269526.8203   187   880867.0000   217733.4482   160300   75.28%
   1417  1285   862941.5000    33   880867.0000   217733.4482   186121   75.28%
Elapsed time = 126.46 sec. (45122.57 ticks, tree = 19.34 MB, solutions = 15)
   1574  1349   621447.0000    55   880867.0000   217733.4482   194559   75.28%
   1677  1470   785092.5000    36   880867.0000   217733.4482   210989   75.28%
   1691  1424   278785.2500   172   880867.0000   217733.4482   208295   75.28%

Performing restart 1

Repeating presolve.
Tried aggregator 1 time.
MIP Presolve eliminated 646 rows and 17 columns.
Reduced MIP has 57054 rows, 3636 columns, and 171062 nonzeros.
Reduced MIP has 3636 binaries, 0 generals, 0 SOSs, and 0 indicators.
Presolve time = 0.08 sec. (77.56 ticks)
Tried aggregator 1 time.
Reduced MIP has 57054 rows, 3636 columns, and 171062 nonzeros.
Reduced MIP has 3636 binaries, 0 generals, 0 SOSs, and 0 indicators.
Presolve time = 0.10 sec. (94.77 ticks)
Represolve time = 0.28 sec. (248.50 ticks)
*  1692+    0                       874229.0000   217733.4482            75.09%
   1692     0   217207.7445   250   874229.0000      Cuts: 86   228552   75.09%
   1692     0   217418.5965   255   874229.0000      Cuts: 96   228807   75.09%
   1692     0   217942.6351   239   874229.0000     Cuts: 151   229220   75.07%
   1692     0   218384.8436   242   874229.0000      Cuts: 77   229527   75.02%
   1692     0   218735.6705   244   874229.0000     Cuts: 142   229875   74.98%
   1692     0   218990.6572   240   874229.0000     Cuts: 167   230218   74.95%
   1692     0   219331.6258   239   874229.0000     Cuts: 100   230490   74.91%
   1692     0   219963.8863   243   874229.0000     Cuts: 170   230736   74.84%
   1692     0   220654.7805   238   874229.0000     Cuts: 121   231068   74.76%
   1692     0   221375.9038   243   874229.0000     Cuts: 153   231539   74.68%
   1692     0   221716.4852   242   874229.0000     Cuts: 103   231801   74.64%
   1692     0   222090.8913   246   874229.0000      Cuts: 97   232120   74.60%
   1692     0   222465.6421   243   874229.0000     Cuts: 134   232499   74.55%
   1692     0   222786.0666   243   874229.0000     Cuts: 126   232668   74.52%
   1692     0   223083.2615   240   874229.0000      Cuts: 71   232910   74.48%
   1692     0   223403.2884   237   874229.0000      Cuts: 67   233158   74.45%
   1692     0   223722.2636   244   874229.0000      Cuts: 93   233418   74.41%
   1692     0   224031.7519   242   874229.0000      Cuts: 78   233728   74.37%
   1692     0   224641.3770   239   874229.0000      Cuts: 87   234081   74.30%
   1692     0   225103.0178   231   874229.0000     Cuts: 104   234373   74.25%
   1692     0   225391.5703   235   874229.0000      Cuts: 99   234588   74.22%
   1692     0   225760.1893   239   874229.0000      Cuts: 86   234878   74.18%
   1692     0   226075.6194   243   874229.0000      Cuts: 89   235139   74.14%
   1692     0   226319.3123   236   874229.0000      Cuts: 44   235356   74.11%
   1692     0   226517.9721   242   874229.0000     Cuts: 129   235595   74.09%
   1692     0   226812.8637   248   874229.0000      Cuts: 94   235863   74.06%
   1692     0   227095.2933   242   874229.0000      Cuts: 39   236153   74.02%
   1692     0   227250.2231   236   874229.0000      Cuts: 56   236324   74.01%
   1692     0   227404.5824   236   874229.0000      Cuts: 53   236530   73.99%
   1692     0   227669.1208   246   874229.0000      Cuts: 67   236754   73.96%
   1692     0   227875.8905   240   874229.0000      Cuts: 89   236944   73.93%
   1692     0   228132.1033   243   874229.0000      Cuts: 80   237136   73.90%
   1692     0   228438.1092   233   874229.0000     Cuts: 108   237350   73.87%
   1692     0   228597.7597   241   874229.0000  ZeroHalf: 67   237520   73.85%
   1692     0   228864.7288   246   874229.0000      Cuts: 60   237755   73.82%
   1692     0   229152.6237   234   874229.0000  ZeroHalf: 46   238016   73.79%
   1692     0   229490.0833   231   874229.0000      Cuts: 94   238276   73.75%
   1692     0   229809.2361   242   874229.0000     Cuts: 128   238509   73.71%
   1692     0   230127.9135   233   874229.0000      Cuts: 47   238775   73.68%
   1692     0   230568.4418   232   874229.0000      Cuts: 98   239165   73.63%
   1692     0   230954.9872   230   874229.0000      Cuts: 82   239440   73.58%
   1692     0   231240.4703   230   874229.0000      Cuts: 97   239718   73.55%
   1692     0   231374.8427   228   874229.0000      Cuts: 65   239883   73.53%
   1692     0   231640.8121   232   874229.0000      Cuts: 64   240157   73.50%
   1692     0   232055.6587   235   874229.0000      Cuts: 80   240464   73.46%
   1692     0   232332.4425   238   874229.0000      Cuts: 85   240728   73.42%
   1692     0   232550.4139   237   874229.0000      Cuts: 96   241032   73.40%
   1692     0   232818.8277   240   874229.0000     Cuts: 101   241326   73.37%
   1692     0   233040.4031   239   874229.0000     Cuts: 112   241610   73.34%
   1692     0   233458.3140   225   874229.0000      Cuts: 92   242011   73.30%
   1692     0   233730.7568   229   874229.0000     Cuts: 107   242259   73.26%
   1692     0   233959.8560   227   874229.0000     Cuts: 101   242470   73.24%
   1692     0   234219.3681   226   874229.0000      Cuts: 82   242716   73.21%
   1692     0   234530.0765   224   874229.0000      Cuts: 94   243020   73.17%
   1692     0   234835.0150   232   874229.0000      Cuts: 77   243242   73.14%
   1692     0   235088.9936   232   874229.0000  ZeroHalf: 93   243530   73.11%
   1692     0   235312.7883   232   874229.0000      Cuts: 76   243743   73.08%
   1692     0   235562.4968   235   874229.0000      Cuts: 72   243938   73.05%
   1692     0   235817.8459   225   874229.0000  ZeroHalf: 43   244207   73.03%
   1692     0   236056.0448   224   874229.0000      Cuts: 91   244458   73.00%
   1692     0   236374.4239   224   874229.0000  ZeroHalf: 72   244697   72.96%
   1692     0   236790.3158   236   874229.0000     Cuts: 104   245015   72.91%
   1692     0   237337.7310   230   874229.0000      Cuts: 65   245387   72.85%
   1692     0   237520.5574   234   874229.0000      Cuts: 63   245589   72.83%
   1692     0   237892.4019   232   874229.0000      Cuts: 74   246012   72.79%
   1692     0   238044.5034   233   874229.0000      Cuts: 93   246254   72.77%
   1692     0   238246.8147   237   874229.0000  ZeroHalf: 55   246589   72.75%
   1692     0   238389.3736   241   874229.0000      Cuts: 89   246774   72.73%
   1692     0   238524.9415   240   874229.0000      Cuts: 61   246940   72.72%
   1692     0   238682.2654   234   874229.0000  ZeroHalf: 60   247117   72.70%
   1692     0   238864.4827   229   874229.0000      Cuts: 90   247324   72.68%
   1692     0   239154.4757   237   874229.0000      Cuts: 61   247553   72.64%
   1692     0   239421.5725   231   874229.0000      Cuts: 58   247829   72.61%
   1692     0   239670.5310   232   874229.0000      Cuts: 84   248037   72.58%
   1692     0   239835.8277   238   874229.0000      Cuts: 68   248241   72.57%
   1692     0   239993.9591   238   874229.0000      Cuts: 67   248400   72.55%
   1692     0   240359.7297   228   874229.0000      Cuts: 77   248654   72.51%
   1692     0   240695.1635   244   874229.0000      Cuts: 64   248959   72.47%
   1692     0   241018.9292   233   874229.0000      Cuts: 64   249257   72.43%
   1692     0   241266.0402   226   874229.0000      Cuts: 48   249494   72.40%
   1692     0   241874.1206   251   874229.0000     Cuts: 103   249864   72.33%
   1692     0   242067.7568   259   874229.0000      Cuts: 54   250104   72.31%
   1692     0   242306.9306   258   874229.0000      Cuts: 55   250287   72.28%
   1692     0   242432.2416   265   874229.0000  ZeroHalf: 50   250466   72.27%
   1692     0   242625.3129   260   874229.0000  ZeroHalf: 37   250663   72.25%
   1692     0   242857.5865   260   874229.0000  ZeroHalf: 44   250900   72.22%
   1692     0   243044.5152   264   874229.0000      Cuts: 54   251131   72.20%
   1692     2   243044.5152   264   874229.0000   243044.5152   251131   72.20%
   1693     3   263060.7021   222   874229.0000   243044.9521   251962   72.20%
   1695     5   243237.7162   256   874229.0000   243238.2173   252174   72.18%
   1698     8   243493.1635   251   874229.0000   243290.0117   252453   72.17%
   1710    14   266667.9749   223   874229.0000   243290.0117   253260   72.17%
   1734    22   267739.9232   217   874229.0000   243290.0117   253698   72.17%
   1765    53   265600.1938   231   874229.0000   243290.0117   257638   72.17%
Elapsed time = 327.22 sec. (119843.73 ticks, tree = 4.64 MB, solutions = 16)
   1787    76   269840.5799   228   874229.0000   243693.0122   261055   72.12%
   1792    62   266831.1160   225   874229.0000   243693.0122   258858   72.12%
   1858   110   268744.7523   210   874229.0000   245453.7784   264625   71.92%
   1933   174   258894.8384   230   874229.0000   246876.9656   272882   71.76%
   2010   275   262479.5809   202   874229.0000   246876.9656   282237   71.76%
   2052   295   267718.2394   197   874229.0000   246876.9656   283311   71.76%
   2062   242   275354.1840   210   874229.0000   246876.9656   280569   71.76%
   2066   358   285779.5354   204   874229.0000   246876.9656   292628   71.76%
   2092   362   280952.3252   197   874229.0000   246876.9656   293860   71.76%
   2127   381   262347.3442   233   874229.0000   246876.9656   295924   71.76%
Elapsed time = 435.74 sec. (129804.85 ticks, tree = 63.04 MB, solutions = 16)
   2151   383   289381.7336   224   874229.0000   246876.9656   296255   71.76%
   2202   438   280915.3319   208   874229.0000   246876.9656   305296   71.76%
   2245   499   283510.9673   196   874229.0000   246876.9656   314066   71.76%
   2264   484   295686.3191   197   874229.0000   246876.9656   312919   71.76%
   2294   558   294071.3743   216   874229.0000   246876.9656   318774   71.76%
   2322   544   298072.6917   197   874229.0000   246876.9656   317510   71.76%
   2364   627   307804.7234   189   874229.0000   246876.9656   327247   71.76%
   2398   649   297298.8039   196   874229.0000   246876.9656   331194   71.76%
   2424   590   301879.1469   184   874229.0000   246876.9656   322497   71.76%
   2450   727   313161.6493   174   874229.0000   246876.9656   340918   71.76%
Elapsed time = 536.35 sec. (139765.87 ticks, tree = 158.69 MB, solutions = 16)
   2479   707   332394.6123   221   874229.0000   246876.9656   338109   71.76%
   2503   751   295104.2513   199   874229.0000   246876.9656   344775   71.76%
   2540   694   296794.7466   216   874229.0000   246876.9656   337015   71.76%
   2564   793   308528.1038   234   874229.0000   246876.9656   350184   71.76%
   2606   840   301057.5626   215   874229.0000   246876.9656   357574   71.76%
   2645   818   300152.9229   221   874229.0000   246876.9656   355229   71.76%
   2684   841   301213.6238   211   874229.0000   246876.9656   357677   71.76%
   2709   951   339218.4998   187   874229.0000   246876.9656   373510   71.76%
   2744   967   346078.8689   153   874229.0000   246876.9656   374422   71.76%
   2796   985   357287.1397   165   874229.0000   246876.9656   375285   71.76%
Elapsed time = 650.89 sec. (149551.93 ticks, tree = 183.96 MB, solutions = 16)
   2838  1069   362107.5833   135   874229.0000   246876.9656   384076   71.76%
   2901  1110   335383.7545   163   874229.0000   246876.9656   388622   71.76%
   2942  1122   308630.9007   229   874229.0000   246876.9656   392064   71.76%
   2998  1198   382019.7804   144   874229.0000   246876.9656   397752   71.76%
   3040  1246   323292.1777   190   874229.0000   246876.9656   400446   71.76%
   3079  1286   320541.9402   219   874229.0000   246876.9656   402222   71.76%
   3129  1260   331053.4331   178   874229.0000   246876.9656   401809   71.76%
   3208  1333   369095.2561   173   874229.0000   246876.9656   405482   71.76%
   3256  1351   335562.2589   185   874229.0000   246876.9656   409711   71.76%
   3304  1452   335928.6009   204   874229.0000   246876.9656   417538   71.76%
Elapsed time = 749.45 sec. (159304.05 ticks, tree = 347.12 MB, solutions = 16)
   3353  1480   322858.4996   207   874229.0000   246876.9656   419309   71.76%
   3407  1508   388455.8191   155   874229.0000   246876.9656   421017   71.76%
   3437  1676   419308.9894   155   874229.0000   246876.9656   431517   71.76%
   3482  1709   377378.3828   178   874229.0000   246876.9656   434412   71.76%
   3545  1688   394328.8276   139   874229.0000   246876.9656   432515   71.76%
   3613  1727   401917.7015   183   874229.0000   246876.9656   436078   71.76%
   3691  1878   409128.5764   179   874229.0000   246876.9656   445420   71.76%
   3760  1852   432555.6212   156   874229.0000   246876.9656   443048   71.76%
   3822  1915   375773.3758   179   874229.0000   246876.9656   447606   71.76%
   3876  1980   410817.7648   171   874229.0000   246876.9656   451184   71.76%
Elapsed time = 853.12 sec. (169129.82 ticks, tree = 581.41 MB, solutions = 16)
   3957  2011   375123.2935   162   874229.0000   246876.9656   453557   71.76%
   4003  2213   391227.7572   184   874229.0000   246876.9656   463368   71.76%
   4059  2226   394340.3333   169   874229.0000   246876.9656   463764   71.76%
   4129  2350   436748.4118   164   874229.0000   246876.9656   470667   71.76%
   4176  2382   446226.5043   164   874229.0000   246876.9656   472196   71.76%
   4218  2391   452196.0503   179   874229.0000   246876.9656   472688   71.76%
   4293  2458   441973.0028   192   874229.0000   246876.9656   476853   71.76%
   4366  2508   449068.9872   178   874229.0000   246876.9656   478842   71.76%
   4448  2496   476345.6667   118   874229.0000   246876.9656   478622   71.76%
   4518  2663   426280.2126   158   874229.0000   246876.9656   488388   71.76%
Elapsed time = 946.86 sec. (178843.00 ticks, tree = 883.73 MB, solutions = 16)
   4595  2818   498160.6667   109   874229.0000   246876.9656   494814   71.76%
   4658  2819   492777.7443   165   874229.0000   246876.9656   494857   71.76%
   4737  2957   508970.2381   147   874229.0000   246876.9656   502710   71.76%
   4817  2926   474072.1574   178   874229.0000   246876.9656   501908   71.76%
   4889  2939   492594.8023   132   874229.0000   246876.9656   502682   71.76%
   5011  3025   587900.5000    89   874229.0000   246876.9656   505667   71.76%
   5108  3276   545577.5000   102   874229.0000   246876.9656   517497   71.76%
   5181  3113   496943.9773   153   874229.0000   246876.9656   509910   71.76%
   5255  3383   532647.5500   170   874229.0000   246876.9656   521883   71.76%
   5681  3585   585663.1565   173   874229.0000   246876.9656   529554   71.76%
Elapsed time = 1069.60 sec. (191442.29 ticks, tree = 1290.22 MB, solutions = 16)
   6196  4306   705558.2500   103   874229.0000   246876.9656   551661   71.76%
   6707  4573   701509.7708   144   874229.0000   246979.1656   557500   71.75%
   7082  5039   752825.7619   131   874229.0000   246979.1656   572373   71.75%
   7345  5505   328607.3283   156   874229.0000   246979.1656   619785   71.75%
   7553  5682   468914.9250   139   874229.0000   257492.6882   655058   70.55%
   7793  5842   537890.5000    76   874229.0000   257492.6882   682303   70.55%
   8081  6016   439201.8152   116   874229.0000   257492.6882   713718   70.55%
   8457  6463   353898.4737   185   874229.0000   257492.6882   763600   70.55%
   8954  6849   551978.6162   144   874229.0000   257492.6882   794129   70.55%
*  9175+ 7012                       862613.0000   257492.6882            70.15%
   9558  7266   684950.5429   141   862613.0000   257492.6882   814097   70.15%
Elapsed time = 1443.61 sec. (229712.61 ticks, tree = 2906.62 MB, solutions = 17)
Nodefile size = 833.68 MB (526.17 MB after compression)
  10148  7656   785785.8611   128   862613.0000   257492.6882   832514   70.15%
  10634  8598   762936.2500    84   862613.0000   257572.2183   878996   70.14%
  11081  8704   274863.6460   194   862613.0000   257572.2183   890896   70.14%
  11327  9398   720901.0000   110   862613.0000   258420.0221   941395   70.04%
  11714  9563   338318.1685   214   862613.0000   259368.3383   963938   69.93%
  11944  9905   374114.9143   218   862613.0000   259590.1159   994085   69.91%
  12294 10108   311272.8059   208   862613.0000   259590.1159  1017391   69.91%
  12585 10560   358183.3563   214   862613.0000   259689.7773  1061909   69.89%
  12884 10678   331943.4078   196   862613.0000   260590.9149  1077394   69.79%
  13242 11206   455964.9125   203   862613.0000   260890.5428  1123708   69.76%
Elapsed time = 1824.03 sec. (267952.91 ticks, tree = 4120.79 MB, solutions = 17)
Nodefile size = 2056.07 MB (1275.97 MB after compression)
  13585 11513   319991.2026   183   862613.0000   261007.3506  1157020   69.74%
  13903 11916   360274.4691   240   862613.0000   261007.3506  1192254   69.74%
  14224 12057   317988.8552   226   862613.0000   261133.5801  1206696   69.73%
  14561 12484   380321.4042   234   862613.0000   261336.6720  1247028   69.70%
  14916 12780   384643.2550   207   862613.0000   261524.7484  1274211   69.68%
  15284 13117   485851.9786   223   862613.0000   261693.3170  1301913   69.66%
  15601 13341   350519.1593   185   862613.0000   262026.4407  1325075   69.62%
  15831 13789   421270.0577   231   862613.0000   262100.1643  1363875   69.62%
  16233 14077   449627.7443   221   862613.0000   262274.8953  1407203   69.60%
* 16599+14256                       832220.0000   262274.8953            68.48%
  16716 14434   703714.8333    86   832220.0000   262274.8953  1436465   68.48%
Elapsed time = 2215.34 sec. (306193.05 ticks, tree = 5093.48 MB, solutions = 17)
Nodefile size = 3011.28 MB (1866.57 MB after compression)
* 16853+14355                       828935.0000   262283.3371            68.36%
  17069 14619   332662.4404   188   828935.0000   262283.3371  1458356   68.36%
* 17214+14622                       828107.0000   262387.6804            68.31%
* 17230+14622                       825860.0000   262387.6804            68.23%
  17356 14932   383399.9623   168   825860.0000   262581.7309  1503008   68.21%
* 17577+15261                       825523.0000   262581.7309            68.19%
  17677 15277   423497.2500   199   825523.0000   262581.7309  1548788   68.19%
  18166 15386   381584.8655   205   825523.0000   262709.9765  1563283   68.18%
* 18280+15723                       822431.0000   262709.9765            68.06%
  18534 15989   359986.2896   236   822431.0000   262765.2699  1616712   68.05%
  18787 16401   344312.1669   186   822431.0000   263278.0403  1656575   67.99%
  19062 16548   408244.5470   197   822431.0000   263295.2854  1670020   67.99%
  19417 16712   376685.2491   247   822431.0000   263328.9941  1689679   67.98%
  19804 16985   406738.0451   229   822431.0000   263328.9941  1718659   67.98%
  20171 17366   304862.7450   194   822431.0000   263328.9941  1744819   67.98%
Elapsed time = 2590.93 sec. (344414.46 ticks, tree = 5791.70 MB, solutions = 28)
Nodefile size = 3723.47 MB (2304.37 MB after compression)
  20472 18016   463599.3439   191   822431.0000   263368.3242  1802847   67.98%
  20794 18227   409125.0128   201   822431.0000   263593.4665  1826430   67.95%
  21140 18472   352535.9000   202   822431.0000   263712.2726  1851466   67.94%
* 21284+18565                       821672.0000   263712.2726            67.91%
  21475 18846   305566.3745   214   821672.0000   263825.6185  1883103   67.89%
  21817 19297   388819.0247   231   821672.0000   263860.3951  1929673   67.89%
  22093 19456   400331.0108   220   821672.0000   264003.9345  1945741   67.87%
  22381 19671   310974.1772   227   821672.0000   264131.8173  1963725   67.85%
  22760 19929   391479.4842   227   821672.0000   264255.1591  1988720   67.84%
  23056 20321   329958.9333   212   821672.0000   264263.6068  2031540   67.84%
  23443 20696   385329.7591   210   821672.0000   264481.8304  2062078   67.81%
Elapsed time = 2978.81 sec. (382609.09 ticks, tree = 6712.95 MB, solutions = 29)
Nodefile size = 4623.75 MB (2862.87 MB after compression)
  23776 20908   709766.8125   106   821672.0000   264508.2148  2092131   67.81%
  24092 21614   332039.0925   222   821672.0000   264509.5805  2147855   67.81%
  24344 21756   371948.0678   263   821672.0000   264512.3839  2169301   67.81%
  24716 21977   361048.9684   199   821672.0000   264570.3627  2196163   67.80%
  25108 22584   408136.8191   245   821672.0000   264738.5299  2256785   67.78%
Starting limited solution polishing.
* 25262+22600                       819465.0000   264738.5299            67.69%
  25394 22850   351897.8669   178   819465.0000   264793.6995  2279979   67.69%
  25638 23211   484306.4000   156   819465.0000   264793.6995  2317283   67.69%
* 25937+23160                       813366.0000   264824.9412            67.44%
  25998 22981   304112.1398   236   813366.0000   264824.9412  2290489   67.44%
  26305 23566   699485.0000    66   813366.0000   264874.8186  2367987   67.43%
* 26480+23204                       810683.0000   264992.6330            67.31%
  26527 23605   335222.1820   202   810683.0000   265041.7958  2368913   67.31%
Elapsed time = 3422.09 sec. (420862.78 ticks, tree = 7794.28 MB, solutions = 34)
Nodefile size = 5676.42 MB (3516.56 MB after compression)
  26743 23760   378206.2130   255   810683.0000   265041.7958  2387338   67.31%
  26934 24304   352638.0100   231   810683.0000   265041.7958  2439106   67.31%
* 27034+24249                       805058.0000   265041.7958            67.08%
  27140 24179   319244.0294   232   805058.0000   265041.7958  2429220   67.08%
* 27230+24328                       798038.0000   265243.7560            66.76%
  27373 24289   423157.3126   241   798038.0000   265243.7560  2447088   66.76%
* 27416+24328                       796144.0000   265243.7560            66.68%
* 27491+24328                       795408.0000   265243.7560            66.65%
  27538 24431   399796.8563   249   795408.0000   265378.4691  2466490   66.64%
  27799 24623   391552.2854   228   795408.0000   265378.4691  2500951   66.64%
  28107 24837   424857.7829   217   795408.0000   265378.4691  2518431   66.64%
* 28184+24576                       794703.0000   265378.4691            66.61%
* 28233+24743                       793996.0000   265378.4691            66.58%
  28233 24745   433122.4592   260   793996.0000   265378.4691  2510875   66.58%

Implied bound cuts applied:  145
Zero-half cuts applied:  474
Lift and project cuts applied:  24

Root node processing (before b&c):
  Real time             =   48.27 sec. (32003.59 ticks)
Parallel b&c, 8 threads:
  Real time             = 3556.71 sec. (425520.26 ticks)
  Sync time (average)   =  651.35 sec.
  Wait time (average)   =    0.01 sec.
                          ------------
Total (root+branch&cut) = 3604.98 sec. (457523.85 ticks)
Status: Feasible
Obj: 793996

Instalacoes abertas:
Instalação 0 aberta
Instalação 1 aberta
Instalação 4 aberta
Instalação 8 aberta
Instalação 9 aberta
Instalação 11 aberta
Instalação 13 aberta
Instalação 16 aberta
Instalação 18 aberta
Instalação 19 aberta
Instalação 20 aberta
Instalação 22 aberta
Instalação 25 aberta
Instalação 30 aberta
Instalação 34 aberta
Instalação 35 aberta
Instalação 39 aberta
Instalação 42 aberta
Instalação 43 aberta
Instalação 46 aberta
Instalação 47 aberta
Instalação 49 aberta

Atribuições (cliente -> instalação):
Cliente 0 -> Instalação 4
Cliente 1 -> Instalação 49
Cliente 2 -> Instalação 25
Cliente 3 -> Instalação 22
Cliente 4 -> Instalação 42
Cliente 5 -> Instalação 42
Cliente 6 -> Instalação 13
Cliente 7 -> Instalação 16
Cliente 8 -> Instalação 47
Cliente 9 -> Instalação 18
Cliente 10 -> Instalação 22
Cliente 11 -> Instalação 11
Cliente 12 -> Instalação 30
Cliente 13 -> Instalação 8
Cliente 14 -> Instalação 19
Cliente 15 -> Instalação 0
Cliente 16 -> Instalação 9
Cliente 17 -> Instalação 20
Cliente 18 -> Instalação 35
Cliente 19 -> Instalação 19
Cliente 20 -> Instalação 49
Cliente 21 -> Instalação 1
Cliente 22 -> Instalação 11
Cliente 23 -> Instalação 1
Cliente 24 -> Instalação 1
Cliente 25 -> Instalação 20
Cliente 26 -> Instalação 0
Cliente 27 -> Instalação 9
Cliente 28 -> Instalação 30
Cliente 29 -> Instalação 4
Cliente 30 -> Instalação 16
Cliente 31 -> Instalação 22
Cliente 32 -> Instalação 43
Cliente 33 -> Instalação 18
Cliente 34 -> Instalação 13
Cliente 35 -> Instalação 35
Cliente 36 -> Instalação 39
Cliente 37 -> Instalação 39
Cliente 38 -> Instalação 47
Cliente 39 -> Instalação 8
Cliente 40 -> Instalação 46
Cliente 41 -> Instalação 39
Cliente 42 -> Instalação 8
Cliente 43 -> Instalação 43
Cliente 44 -> Instalação 9
Cliente 45 -> Instalação 20
Cliente 46 -> Instalação 46
Cliente 47 -> Instalação 47
Cliente 48 -> Instalação 13
Cliente 49 -> Instalação 34
