Version identifier: 22.1.1.0 | 2022-11-28 | 9160aff4d
CPXPARAM_TimeLimit                               3600
Tried aggregator 1 time.
MIP Presolve eliminated 50 rows and 1 columns.
Reduced MIP has 20900 rows, 2917 columns, and 62600 nonzeros.
Reduced MIP has 2917 binaries, 0 generals, 0 SOSs, and 0 indicators.
Presolve time = 0.04 sec. (32.04 ticks)
Found incumbent of value 1.6660484e+07 after 0.05 sec. (40.24 ticks)
Probing time = 0.01 sec. (5.42 ticks)
Tried aggregator 1 time.
Detecting symmetries...
Reduced MIP has 20900 rows, 2917 columns, and 62600 nonzeros.
Reduced MIP has 2917 binaries, 0 generals, 0 SOSs, and 0 indicators.
Presolve time = 0.05 sec. (38.33 ticks)
Probing time = 0.02 sec. (5.42 ticks)
Clique table members: 2500.
MIP emphasis: balance optimality and feasibility.
MIP search method: dynamic search.
Parallel mode: deterministic, using up to 8 threads.
Root relaxation solution time = 0.13 sec. (31.52 ticks)

        Nodes                                         Cuts/
   Node  Left     Objective  IInf  Best Integer    Best Bound    ItCnt     Gap

*     0+    0                       1.66605e+07        0.0000           100.00%
*     0+    0                       1.24973e+07        0.0000           100.00%
*     0+    0                       630763.0000        0.0000           100.00%
*     0+    0                       595465.0000        0.0000           100.00%
      0     0    93774.0000   100   595465.0000    93774.0000      181   84.25%
*     0+    0                       464861.0000    93774.0000            79.83%
      0     0   106217.5000   100   464861.0000     Cuts: 943      340   77.15%
*     0+    0                       412648.0000   106217.5000            74.26%
      0     0   118774.0000    98   412648.0000     Cuts: 926      625   71.22%
*     0+    0                       306727.0000   118774.0000            61.28%
      0     0   129597.6111   220   306727.0000 ZeroHalf: 361     1781   57.75%
*     0+    0                       296206.0000   129597.6111            56.25%
      0     0  -1.00000e+75     0   296206.0000   129597.6111     1781   56.25%
*     0+    0                       287643.0000   129597.6111            54.94%
*     0+    0                       282324.0000   129597.6111            54.10%
      0     0   132211.0000   149   282324.0000     Cuts: 446     2137   53.17%
*     0+    0                       281893.0000   132211.0000            53.10%
      0     0   137533.4062   189   281893.0000     Cuts: 380     2975   51.21%
Detecting symmetries...
      0     0   141886.0320   187   281893.0000     Cuts: 294     3631   49.67%
      0     0   144827.8594   215   281893.0000     Cuts: 226     3980   48.62%
      0     0   146444.7091   200   281893.0000      Cuts: 91     4246   48.05%
      0     0   148107.2156   201   281893.0000     Cuts: 154     4587   47.46%
      0     0   149449.7695   225   281893.0000     Cuts: 131     4830   46.98%
      0     0   150590.6281   234   281893.0000      Cuts: 99     5101   46.58%
      0     0   151177.6431   210   281893.0000     Cuts: 123     5311   46.37%
      0     0   151986.2647   177   281893.0000     Cuts: 118     5525   46.08%
      0     0   153203.8943   180   281893.0000      Cuts: 93     5803   45.65%
      0     0   154158.2810   193   281893.0000      Cuts: 69     5999   45.31%
      0     0   155342.9447   202   281893.0000     Cuts: 122     6298   44.89%
      0     0   156555.3420   194   281893.0000      Cuts: 97     6634   44.46%
      0     0   157216.0965   206   281893.0000     Cuts: 141     6889   44.23%
      0     0   158220.1172   201   281893.0000      Cuts: 89     7159   43.87%
      0     0   158821.2698   183   281893.0000     Cuts: 122     7406   43.66%
      0     0   159378.7487   180   281893.0000      Cuts: 50     7600   43.46%
      0     0   159738.4388   186   281893.0000      Cuts: 49     7717   43.33%
      0     0   160220.2874   182   281893.0000      Cuts: 30     7863   43.16%
      0     0   160637.2605   183   281893.0000      Cuts: 73     8017   43.01%
      0     0   161009.0460   183   281893.0000      Cuts: 59     8242   42.88%
      0     0   161371.3353   186   281893.0000      Cuts: 28     8396   42.75%
      0     0   161715.0970   200   281893.0000      Cuts: 72     8509   42.63%
      0     0   162097.9693   199   281893.0000      Cuts: 43     8643   42.50%
      0     0   162355.0437   204   281893.0000      Cuts: 71     8756   42.41%
      0     0   162675.3748   202   281893.0000      Cuts: 41     8874   42.29%
      0     0   162953.4772   214   281893.0000      Cuts: 87     9009   42.19%
      0     0   163123.4574   185   281893.0000      Cuts: 30     9103   42.13%
      0     0   163247.2604   207   281893.0000      Cuts: 64     9171   42.09%
      0     0   163333.8497   206   281893.0000      Cuts: 17     9239   42.06%
      0     0   163382.2514   208   281893.0000      Cuts: 31     9285   42.04%
      0     0   163523.6255   208   281893.0000      Cuts: 19     9377   41.99%
      0     0   163611.6519   187   281893.0000      Cuts: 78     9507   41.96%
      0     0   163853.1410   181   281893.0000      Cuts: 33     9620   41.87%
      0     0   164009.2070   209   281893.0000      Cuts: 48     9737   41.82%
      0     0   164127.6633   204   281893.0000      Cuts: 37     9838   41.78%
*     0+    0                       266155.0000   164127.6633            38.33%
      0     0   164416.2101   208   266155.0000      Cuts: 57    10064   38.23%
      0     0   164856.9968   182   266155.0000     Cuts: 115    10311   38.06%
      0     0   165785.1459   195   266155.0000      Cuts: 73    10683   37.71%
      0     0   166279.0166   199   266155.0000      Cuts: 60    10901   37.53%
      0     0   166440.8612   202   266155.0000      Cuts: 67    11014   37.46%
      0     0   166596.2000   198   266155.0000      Cuts: 34    11130   37.41%
      0     0   166773.6083   197   266155.0000      Cuts: 24    11239   37.34%
      0     0   166956.0667   212   266155.0000      Cuts: 47    11350   37.27%
      0     0   167168.4526   230   266155.0000      Cuts: 47    11487   37.19%
      0     0   167627.6618   229   266155.0000      Cuts: 38    11697   37.02%
      0     0   167947.2009   211   266155.0000     Cuts: 101    11888   36.90%
      0     0   168012.6350   209   266155.0000      Cuts: 44    11969   36.87%
Detecting symmetries...
      0     2   168012.6350   209   266155.0000   168012.6350    11969   36.87%
Elapsed time = 12.97 sec. (7011.04 ticks, tree = 0.02 MB, solutions = 12)
      5     5   175634.0707   168   266155.0000   168068.3038    13157   36.85%
     25    19   185384.2500   110   266155.0000   168068.3038    17795   36.85%
     52    46   218347.5000    75   266155.0000   168068.3038    24726   36.85%
    102    62   176372.9586   140   266155.0000   168223.9865    30303   36.79%
*   130    96      integral     0   260288.0000   168223.9865    35399   35.37%
    165   115   192514.5000   107   260288.0000   168223.9865    40658   35.37%
    227   166   252892.2500   113   260288.0000   168223.9865    50592   35.37%
    292   234   188990.3025   146   260288.0000   168223.9865    62219   35.37%
    344   284        cutoff         260288.0000   168223.9865    75116   35.37%
    393   311   211854.6591   117   260288.0000   168223.9865    82177   35.37%
    718   555   209233.9931   136   260288.0000   168922.0882   121455   35.10%
Elapsed time = 23.80 sec. (10155.00 ticks, tree = 9.52 MB, solutions = 13)
    958   719   241439.0417   112   260288.0000   168922.0882   149548   35.10%
   1149   908   223272.6154   163   260288.0000   168922.0882   185625   35.10%
   1384  1097   259097.8750   134   260288.0000   169450.8582   218844   34.90%
   1646  1277   217866.5741   138   260288.0000   169450.8582   254867   34.90%
   1859  1538   204809.9070   127   260288.0000   172334.0941   298106   33.79%
   2091  1719   213234.7727   127   260288.0000   177920.5584   337694   31.64%
   2324  1895   207358.3718   141   260288.0000   179114.7699   362706   31.19%
   2707  2144   240941.8333    95   260288.0000   180760.6081   399322   30.55%
   3052  2474   215246.6667    94   260288.0000   181562.6902   440195   30.25%

Performing restart 1

Repeating presolve.
Tried aggregator 2 times.
MIP Presolve eliminated 4160 rows and 401 columns.
Aggregator did 1 substitutions.
Reduced MIP has 16739 rows, 2515 columns, and 50118 nonzeros.
Reduced MIP has 2515 binaries, 0 generals, 0 SOSs, and 0 indicators.
Presolve time = 0.03 sec. (31.59 ticks)
Tried aggregator 1 time.
Reduced MIP has 16739 rows, 2515 columns, and 50118 nonzeros.
Reduced MIP has 2515 binaries, 0 generals, 0 SOSs, and 0 indicators.
Presolve time = 0.03 sec. (31.48 ticks)
Represolve time = 0.10 sec. (94.60 ticks)
*  3296+    0                       257805.0000   183193.3562            28.94%
   3296     0   168762.9298   214   257805.0000      Cuts: 50   480343   28.94%
   3296     0   169201.2451   211   257805.0000      Cuts: 52   480563   28.94%
   3296     0   169560.3666   188   257805.0000      Cuts: 63   480704   28.94%
   3296     0   170031.0637   193   257805.0000      Cuts: 51   480920   28.94%
   3296     0   170672.8983   219   257805.0000      Cuts: 66   481159   28.94%
   3296     0   170891.1626   192   257805.0000      Cuts: 36   481285   28.94%
   3296     0   170971.4916   194   257805.0000      Cuts: 68   481355   28.94%
*  3296+    0                       257517.0000   183193.3562            28.86%
   3296     0  -1.00000e+75     0   257517.0000   183193.3562   481355   28.86%
   3296     2   170971.4916   194   257517.0000   183193.3562   481355   28.86%
Elapsed time = 78.06 sec. (27915.35 ticks, tree = 0.02 MB, solutions = 15)
   3298     4   172645.6735   185   257517.0000   183193.3562   482096   28.86%
   3303     6   180969.5474   179   257517.0000   183193.3562   483238   28.86%
   3311     7   172948.2777   217   257517.0000   183193.3562   483577   28.86%
   3325    21   181500.5515   193   257517.0000   183193.3562   491376   28.86%
   3338    38   173677.1414   215   257517.0000   183193.3562   504265   28.86%
   3354    41   189995.5681   158   257517.0000   183193.3562   505963   28.86%
   3394    70   218835.3125   139   257517.0000   183193.3562   517027   28.86%
*  3485   109      integral     0   253937.0000   183193.3562   524536   27.86%
   3495   111   222814.4306   152   253937.0000   183193.3562   527651   27.86%
   3578   170   187352.7575   171   253937.0000   183193.3562   540481   27.86%
   3679   287   204693.1161   149   253937.0000   183193.3562   557657   27.86%
Elapsed time = 116.51 sec. (38135.87 ticks, tree = 12.87 MB, solutions = 16)
   3801   344   250122.0000   119   253937.0000   183193.3562   566080   27.86%
   3979   461   238101.5000    91   253937.0000   183193.3562   584796   27.86%
   4144   459   202890.3942   161   253937.0000   183193.3562   583927   27.86%
   4310   502   196074.0795   167   253937.0000   183193.3562   591852   27.86%
   4457   726   222407.5749   168   253937.0000   183193.3562   619299   27.86%
   4626   986   237854.4263   180   253937.0000   183193.3562   649576   27.86%
   4823  1048   250386.5185   176   253937.0000   183193.3562   656029   27.86%
   5027  1270   218468.7718   172   253937.0000   183193.3562   684693   27.86%
   5257  1445   214386.5438   182   253937.0000   183193.3562   702346   27.86%
   5436  1535   230255.7726   172   253937.0000   183193.3562   711256   27.86%
Elapsed time = 159.48 sec. (47728.78 ticks, tree = 130.91 MB, solutions = 16)
   5670  1773   232921.2471   195   253937.0000   183193.3562   731637   27.86%
   5850  2027   201433.5783   176   253937.0000   183193.3562   754338   27.86%
   6046  2065   237923.9897   183   253937.0000   183193.3562   757363   27.86%
   6248  2291   250310.5042   201   253937.0000   183193.3562   781443   27.86%
   6439  2557   219253.2222   143   253937.0000   183193.3562   815792   27.86%
   6662  2618   238722.3841   216   253937.0000   183193.3562   824988   27.86%
   6871  2816   225277.7722   168   253937.0000   183193.3562   851096   27.86%
   7090  3149   239753.6106   204   253937.0000   183193.3562   883365   27.86%
   7328  3325   248759.3492   162   253937.0000   183193.3562   900787   27.86%
   7557  3425   245169.6861   228   253937.0000   183193.3562   913325   27.86%
Elapsed time = 205.16 sec. (57314.96 ticks, tree = 309.50 MB, solutions = 16)
   7843  3654   244783.1416   193   253937.0000   183193.3562   935177   27.86%
   8080  3805   223356.0896   205   253937.0000   183193.3562   951383   27.86%
   8355  4077   242594.8394   189   253937.0000   183193.3562   974742   27.86%
   8576  4391   233336.0561   201   253937.0000   183193.3562  1001020   27.86%
   8822  4709   212549.2163   185   253937.0000   183193.3562  1030687   27.86%
   9045  4888   247583.5561   171   253937.0000   183193.3562  1052774   27.86%
   9308  5104   205657.2310   161   253937.0000   183193.3562  1070462   27.86%
   9510  5307   250226.5600   168   253937.0000   183193.3562  1088418   27.86%
   9755  5444   251795.7001   162   253937.0000   183193.3562  1109702   27.86%
   9982  5728   210931.2733   164   253937.0000   183371.0992  1142713   27.79%
Elapsed time = 252.15 sec. (66877.14 ticks, tree = 541.60 MB, solutions = 16)
  10274  5788   241254.0299   163   253937.0000   183520.7182  1145430   27.73%
  10541  6224   202350.2549   142   253937.0000   183816.6275  1190233   27.61%
  10820  6417   241971.3013   171   253937.0000   183946.2979  1208197   27.56%
  11057  6569   247054.9446   177   253937.0000   184031.5379  1226543   27.53%
  11254  6903   231851.2583   177   253937.0000   184528.5979  1261956   27.33%
* 11345  6944      integral     0   249526.0000   184528.5979  1266041   26.05%
  11497  6437   230737.5577   166   249526.0000   184528.5979  1271294   26.05%
  11763  6666   227853.2919   197   249526.0000   184615.2942  1296188   26.01%
  12005  6892   231317.3750   106   249526.0000   184785.8223  1315704   25.95%
  12240  7136        cutoff         249526.0000   185157.2730  1345156   25.80%
  12449  7281   240033.4109   171   249526.0000   185431.3744  1363471   25.69%
Elapsed time = 295.35 sec. (76436.25 ticks, tree = 651.10 MB, solutions = 17)
  12671  7577   193595.2645   182   249526.0000   185558.3206  1411915   25.64%
  12989  7601   228361.9904   210   249526.0000   185581.8750  1415222   25.63%
  13212  7950   196525.5330   179   249526.0000   185706.5963  1448012   25.58%
  13521  8231   242575.5952   170   249526.0000   186053.4400  1475660   25.44%
  13769  8269   227116.8353   153   249526.0000   186102.1159  1479119   25.42%
  14034  8728   249230.5202   177   249526.0000   186285.3592  1529239   25.34%
  14280  8863   197126.7376   184   249526.0000   186376.8764  1548603   25.31%
  14514  9224   233346.7575   176   249526.0000   186388.4172  1583202   25.30%
  14784  9185   239941.6621   164   249526.0000   186409.8695  1577731   25.29%
  15065  9753   211527.5463   156   249526.0000   186855.3562  1644455   25.12%
Elapsed time = 340.94 sec. (86036.17 ticks, tree = 837.23 MB, solutions = 17)
  15338  9774   212332.4167   145   249526.0000   186953.3359  1648292   25.08%
  15611 10171   229186.8727   143   249526.0000   187311.2434  1690488   24.93%
  15838 10158   234225.6562   154   249526.0000   187452.3260  1689557   24.88%
  16115 10477   203140.9563   171   249526.0000   187667.4041  1724931   24.79%
  16359 10747   247624.1779   189   249526.0000   187684.7309  1755580   24.78%
  16589 10964   217907.5516   176   249526.0000   187967.9894  1783254   24.67%
  16791 11101   244392.0667   147   249526.0000   188090.8490  1800480   24.62%
  17010 11424   246669.6667    87   249526.0000   188360.6181  1840829   24.51%
  17299 11565   235044.9206   148   249526.0000   188451.5623  1851588   24.48%
  17565 11629   247221.8333   126   249526.0000   188625.2331  1866459   24.41%
Elapsed time = 385.65 sec. (95605.28 ticks, tree = 1047.66 MB, solutions = 17)
  17831 12057   215638.0000   151   249526.0000   188777.1251  1915083   24.35%
  18076 12337        cutoff         249526.0000   188829.4741  1943122   24.32%
  18312 12311   224304.7619   158   249526.0000   188877.1033  1942799   24.31%
  18533 12600   226302.8650   182   249526.0000   188877.1033  1976359   24.31%
  18788 12981   224165.5425   156   249526.0000   188877.1033  2014883   24.31%
  18989 13135   244393.1786   162   249526.0000   188877.1033  2032117   24.31%
  19153 13295   225267.7143   127   249526.0000   189517.2643  2053855   24.05%
  19284 13219   238846.4000   115   249526.0000   189517.2643  2045820   24.05%
  19422 13490   218595.5428   172   249526.0000   189603.9161  2083346   24.01%
* 19634+13398                       249443.0000   189603.9161            23.99%
* 19727+13524                       249336.0000   189603.9161            23.96%
  20300 14215   223391.6000   144   249336.0000   189968.6667  2176408   23.81%
Elapsed time = 434.40 sec. (108066.54 ticks, tree = 1253.87 MB, solutions = 19)
  21383 14788   208323.5882   128   249336.0000   190644.4565  2249635   23.54%
  22331 15986   234443.8831   170   249336.0000   190957.3754  2387476   23.41%
  23386 16753   240968.0213   154   249336.0000   191316.3583  2481547   23.27%
  24352 17372   211655.0265   155   249336.0000   192009.9422  2550331   22.99%
  25364 18463   207431.9093   156   249336.0000   192388.7635  2690338   22.84%
* 25719+18622                       245007.0000   192486.9108            21.44%
  26387 16932   213967.4333   159   245007.0000   192632.1680  2788828   21.38%
  27225 17710   213876.3765   138   245007.0000   192992.3544  2892583   21.23%
  28119 18286   244479.6037   170   245007.0000   193377.5563  2973698   21.07%
  29088 19241   228958.4286   146   245007.0000   193666.1190  3099643   20.95%
  29991 19949   216969.9776   184   245007.0000   194148.6900  3194027   20.76%
Elapsed time = 609.11 sec. (146238.97 ticks, tree = 1869.76 MB, solutions = 20)
  30858 20777   234439.6642   133   245007.0000   194459.8462  3316022   20.63%
  31826 21481   237881.7712   167   245007.0000   194734.6423  3419547   20.52%
  32807 22129   242372.0000   118   245007.0000   195038.8501  3507736   20.39%
  33813 22726   239170.4516   150   245007.0000   195303.8088  3596483   20.29%
  34788 23705   239548.7411   186   245007.0000   195722.8003  3727205   20.12%
  35324 24462   238333.1739   134   245007.0000   195874.8030  3824252   20.05%

Performing restart 2

Repeating presolve.
Tried aggregator 1 time.
MIP Presolve eliminated 1366 rows and 124 columns.
Reduced MIP has 15373 rows, 2391 columns, and 59047 nonzeros.
Reduced MIP has 2391 binaries, 0 generals, 0 SOSs, and 0 indicators.
Presolve time = 0.09 sec. (98.67 ticks)
Tried aggregator 1 time.
Reduced MIP has 15373 rows, 2391 columns, and 59047 nonzeros.
Reduced MIP has 2391 binaries, 0 generals, 0 SOSs, and 0 indicators.
Presolve time = 0.04 sec. (44.46 ticks)
Represolve time = 0.20 sec. (182.50 ticks)
  35424     0   171491.8414   202   245007.0000      Cuts: 30  3890350   19.98%
  35424     0   171737.9723   196   245007.0000      Cuts: 36  3890510   19.98%
  35424     0   171934.7752   190   245007.0000      Cuts: 38  3890648   19.98%
  35424     0   172102.4172   192   245007.0000      Cuts: 72  3890811   19.98%
  35424     0   172243.0865   191   245007.0000      Cuts: 56  3890950   19.98%
  35424     0   172475.6798   214   245007.0000      Cuts: 62  3891084   19.98%
  35424     0   172579.6735   220   245007.0000      Cuts: 71  3891183   19.98%
  35424     0   172800.1421   213   245007.0000      Cuts: 51  3891352   19.98%

Repeating presolve.
Tried aggregator 1 time.
MIP Presolve eliminated 353 rows and 34 columns.
Reduced MIP has 15020 rows, 2357 columns, and 57669 nonzeros.
Reduced MIP has 2357 binaries, 0 generals, 0 SOSs, and 0 indicators.
Presolve time = 0.09 sec. (69.38 ticks)
Tried aggregator 1 time.
Reduced MIP has 15020 rows, 2357 columns, and 57669 nonzeros.
Reduced MIP has 2357 binaries, 0 generals, 0 SOSs, and 0 indicators.
Presolve time = 0.05 sec. (43.40 ticks)
Represolve time = 0.19 sec. (151.39 ticks)
  35424     0   173186.5427   211   245007.0000      Cuts: 77  3894290   19.98%
  35424     0   173492.2861   214   245007.0000      Cuts: 83  3894531   19.98%
  35424     0   173815.0299   211   245007.0000      Cuts: 74  3894731   19.98%
  35424     0   173955.0457   219   245007.0000      Cuts: 49  3894835   19.98%
  35424     0   174117.3553   220   245007.0000      Cuts: 55  3894937   19.98%
  35424     0   174615.2509   216   245007.0000      Cuts: 52  3895099   19.98%
  35424     0   174969.0752   219   245007.0000      Cuts: 88  3895268   19.98%
  35424     0   175257.4289   206   245007.0000      Cuts: 56  3895435   19.98%
  35424     0   176002.5444   210   245007.0000      Cuts: 71  3895739   19.98%
  35424     2   176002.5444   210   245007.0000   196059.4552  3895739   19.98%
  35609   136   209948.1774   146   245007.0000   196059.4552  3947070   19.98%
  36145   474   242651.6000   133   245007.0000   196059.4552  4016750   19.98%
  36907  1165   236739.1600   157   245007.0000   196059.4552  4101951   19.98%
Elapsed time = 793.05 sec. (199975.28 ticks, tree = 62.99 MB, solutions = 20)
  37793  1869   191422.8601   196   245007.0000   196059.4552  4177075   19.98%
  38670  2678        cutoff         245007.0000   196059.4552  4283602   19.98%
  39494  3251   207840.5149   149   245007.0000   196059.4552  4364265   19.98%
  40245  4010   240212.2479   184   245007.0000   196059.4552  4483133   19.98%
  41109  4767   230695.6923   152   245007.0000   196059.4552  4598114   19.98%
  41972  5361   234182.3652   174   245007.0000   196059.4552  4686458   19.98%
  42733  5969   236130.8261   148   245007.0000   196059.4552  4791460   19.98%
  43523  6830   241247.0257   166   245007.0000   196059.4552  4912455   19.98%
  44336  7482   215130.0038   187   245007.0000   196059.4552  5015447   19.98%
  45135  8151   224237.1500   179   245007.0000   196059.4552  5130571   19.98%
Elapsed time = 960.62 sec. (238180.54 ticks, tree = 608.25 MB, solutions = 20)
  45926  8687   230303.0789   162   245007.0000   196204.9785  5235052   19.92%
  46726  9297   228860.7664   159   245007.0000   196792.2507  5347208   19.68%
  47549 10064   215015.7491   194   245007.0000   197076.7042  5472422   19.56%
  48360 10615   209268.7589   181   245007.0000   197405.8976  5565375   19.43%
  49213 11313   244788.1000    96   245007.0000   197834.7537  5681495   19.25%
  49966 11969   229261.0000   114   245007.0000   198343.9656  5799823   19.05%
* 50439 12270      integral     0   241683.0000   198568.1409  5869089   17.84%
  50786 11401   233556.2414   143   241683.0000   198726.6154  5901772   17.77%
  51599 12168   217827.7415   170   241683.0000   199027.8714  6029591   17.65%
  52356 12721   225354.6979   153   241683.0000   199331.7409  6126374   17.52%
  53136 13265   225872.2778   130   241683.0000   199761.1476  6224722   17.35%
Elapsed time = 1134.28 sec. (276364.34 ticks, tree = 952.71 MB, solutions = 21)
  53901 13769   233879.4449   156   241683.0000   200309.6125  6335862   17.12%
  54746 14413   235024.4605   153   241683.0000   200587.1287  6468501   17.00%
  55525 14948   224147.8748   156   241683.0000   200918.0289  6564017   16.87%
  56411 15519   238420.6647   151   241683.0000   201249.8817  6672861   16.73%
  57195 16238   237662.3562   140   241683.0000   201530.3013  6799019   16.61%
  57995 16756   231171.3190   172   241683.0000   201810.6632  6905765   16.50%
  58806 17276   220362.9136   167   241683.0000   202039.1302  7014399   16.40%
  59646 18251   226306.0390   168   241683.0000   202336.8784  7192299   16.28%
  60434 18597   229972.7620   176   241683.0000   202561.6994  7263294   16.19%
  61247 19318   233622.2701   139   241683.0000   202889.5639  7398991   16.05%
Elapsed time = 1306.60 sec. (314554.78 ticks, tree = 1344.86 MB, solutions = 21)
  62102 20003   210388.8767   178   241683.0000   203074.5866  7526323   15.97%
  62921 20343   224401.4881   141   241683.0000   203293.2154  7601398   15.88%
  63809 20879   235023.5471   151   241683.0000   203560.8172  7696226   15.77%
  64668 21528   224519.4373   189   241683.0000   203826.1304  7849892   15.66%
  65538 22320        cutoff         241683.0000   204056.9591  8047330   15.57%
  66431 22759   212463.6545   165   241683.0000   204246.7768  8150450   15.49%
  67208 23633   216090.9096   167   241683.0000   204499.5349  8313922   15.39%
  67828 24158   215317.1838   161   241683.0000   204723.9831  8416562   15.29%
  68655 24585   221140.5352   147   241683.0000   204904.7475  8499454   15.22%
  69472 25215   232135.1818   155   241683.0000   205052.3152  8617820   15.16%
Elapsed time = 1456.50 sec. (352745.37 ticks, tree = 1635.09 MB, solutions = 21)
  70356 25511   226393.8168   150   241683.0000   205334.3133  8680673   15.04%
  71240 26348        cutoff         241683.0000   205519.9848  8834099   14.96%
  72077 27042   229205.7039   189   241683.0000   205753.9046  8972705   14.87%
  72943 27533   232588.0528   152   241683.0000   205986.1461  9067120   14.77%
  73800 28003   222668.2787   157   241683.0000   206167.2577  9156761   14.70%
  74652 28764   220212.9362   166   241683.0000   206360.8871  9303048   14.62%
  75442 28947   233366.9733   171   241683.0000   206596.2306  9339048   14.52%
  76217 29918   216030.7705   177   241683.0000   206736.5833  9525558   14.46%
  77144 30314   222077.8868   159   241683.0000   206923.2269  9603698   14.38%
  77941 31215        cutoff         241683.0000   207108.1098  9769997   14.31%
Elapsed time = 1623.90 sec. (390930.63 ticks, tree = 2094.29 MB, solutions = 21)
Nodefile size = 38.46 MB (24.15 MB after compression)
  78795 31219   238587.3706   182   241683.0000   207256.5892  9767380   14.24%
  79720 31810   238714.4441   181   241683.0000   207427.5872  9897290   14.17%
  80569 32408   227259.1945   171   241683.0000   207619.9939 10010229   14.09%
  81424 33302   221851.9525   175   241683.0000   207777.3976 10179125   14.03%
  82263 33803   240537.2778   126   241683.0000   207943.5442 10275643   13.96%
  83057 34610   224506.7564   152   241683.0000   208113.3077 10444018   13.89%
  83916 34871   220884.8660   155   241683.0000   208309.0802 10491781   13.81%
  84726 35706   213368.0593   178   241683.0000   208454.8362 10656639   13.75%
  85568 36247   240603.5573   178   241683.0000   208562.0133 10771938   13.70%
  86385 36732        cutoff         241683.0000   208711.4730 10872737   13.64%
Elapsed time = 1785.79 sec. (429118.92 ticks, tree = 2464.07 MB, solutions = 21)
Nodefile size = 410.05 MB (257.04 MB after compression)
  87233 37189   220770.5000   160   241683.0000   208863.1140 10972704   13.58%
  88073 37475   238251.7500   148   241683.0000   209047.9897 11029315   13.50%
  88924 38042        cutoff         241683.0000   209163.2333 11145141   13.46%
  89765 38577   235001.5159   160   241683.0000   209329.6768 11257920   13.39%
  90648 39273        cutoff         241683.0000   209502.5491 11405150   13.32%
  91365 39965   240602.6250   118   241683.0000   209512.8573 11543028   13.31%
  92169 40086   236797.4718   151   241683.0000   209783.2415 11569272   13.20%
  93027 40686   221987.8125   129   241683.0000   209886.8360 11696820   13.16%
  93843 41310   217448.7500   142   241683.0000   210009.8335 11826068   13.11%
  94754 42119   238469.3765   147   241683.0000   210153.0938 12006673   13.05%
Elapsed time = 1948.27 sec. (467301.97 ticks, tree = 2807.07 MB, solutions = 21)
Nodefile size = 749.94 MB (469.47 MB after compression)
  95682 42341   223346.6667   153   241683.0000   210289.1989 12045139   12.99%
  96571 42941        cutoff         241683.0000   210407.6251 12158184   12.94%
  97421 43715   233886.2500   155   241683.0000   210517.3033 12320547   12.90%
  98312 44066   237465.1364   131   241683.0000   210617.2990 12397053   12.85%
  99123 44770        cutoff         241683.0000   210741.0233 12543540   12.80%
  99883 45266   231644.4800   161   241683.0000   210868.8899 12645307   12.75%
 100749 45520   238354.0000   113   241683.0000   210986.0852 12700685   12.70%
 101597 46239   227450.9738   165   241683.0000   211120.3194 12860981   12.65%
 102478 46647   225125.4127   144   241683.0000   211238.0820 12948500   12.60%
 103394 47358   232783.1883   162   241683.0000   211326.9288 13094938   12.56%
Elapsed time = 2104.90 sec. (505477.38 ticks, tree = 3192.60 MB, solutions = 21)
Nodefile size = 1132.95 MB (708.67 MB after compression)
 104304 47815   222189.1598   166   241683.0000   211424.2609 13184753   12.52%
 105155 48471        cutoff         241683.0000   211506.3085 13317210   12.49%
 106017 48911   231182.1702   145   241683.0000   211613.3866 13421472   12.44%
 106980 49603   240273.7875   140   241683.0000   211736.4813 13570146   12.39%
 107830 49944        cutoff         241683.0000   211857.6250 13639429   12.34%
 108705 50613   232971.5577   140   241683.0000   211946.3571 13778681   12.30%
 109570 50971   238316.2142   148   241683.0000   212044.3433 13853563   12.26%
 110454 51591   239559.9680   120   241683.0000   212156.0900 13988419   12.22%
 111374 52307   233122.0645   135   241683.0000   212253.4844 14147200   12.18%
 112252 52669        cutoff         241683.0000   212400.3981 14224131   12.12%
Elapsed time = 2268.89 sec. (543667.70 ticks, tree = 3589.36 MB, solutions = 21)
Nodefile size = 1533.16 MB (958.38 MB after compression)
 113089 53519   226626.0244   142   241683.0000   212527.9519 14404350   12.06%
 113949 53735        cutoff         241683.0000   212660.2816 14458666   12.01%
 114860 54140   233806.4916   190   241683.0000   212766.6339 14551744   11.96%
 115704 54625   232999.2655   123   241683.0000   212806.1201 14646448   11.95%
 116450 55109   219072.0461   153   241683.0000   212895.8638 14745961   11.91%
 117249 55765   233479.5727   149   241683.0000   212981.9020 14885114   11.88%
 118156 56224   235564.0000   118   241683.0000   213105.8054 15003812   11.82%
 119055 56925   238339.0538   153   241683.0000   213212.1364 15155770   11.78%
 119948 57562   239155.0000   112   241683.0000   213322.3146 15289227   11.73%
 120783 57695   232649.5833   127   241683.0000   213394.3056 15320648   11.70%
Elapsed time = 2422.27 sec. (581861.37 ticks, tree = 3972.51 MB, solutions = 21)
Nodefile size = 1916.86 MB (1197.58 MB after compression)
 121689 58140   234303.4116   165   241683.0000   213489.9817 15424793   11.67%
 122596 58511        cutoff         241683.0000   213604.4286 15513016   11.62%
 123493 59068   229283.6140   155   241683.0000   213700.3393 15643616   11.58%
 124347 59679        cutoff         241683.0000   213799.0000 15774807   11.54%
 125180 60563        cutoff         241683.0000   213926.0533 15960868   11.48%
 126096 60892   241084.9000   104   241683.0000   214008.3978 16048648   11.45%
 127030 60968   237405.4250   132   241683.0000   214084.3182 16062827   11.42%
 127998 61995   225938.9600   156   241683.0000   214182.3846 16290602   11.38%
 128871 62201   236933.7778   179   241683.0000   214278.5207 16333386   11.34%
 129728 62724   238036.0184   158   241683.0000   214387.2000 16455704   11.29%
Elapsed time = 2578.57 sec. (620050.07 ticks, tree = 4346.82 MB, solutions = 21)
Nodefile size = 2291.48 MB (1430.69 MB after compression)
 130596 63285   238861.9000   119   241683.0000   214482.6964 16592614   11.25%
*131025+63413                       238751.0000   214508.5000            10.15%
 131447 63709   236905.1418   155   238751.0000   214531.6040 16686888   10.14%
 132251 59002   236858.3903   157   238751.0000   214650.8571 16804397   10.09%
 133095 59528        cutoff         238751.0000   214735.3182 16930076   10.06%
 133925 59685        cutoff         238751.0000   214797.6667 16974489   10.03%
 134773 60130   227727.7941   140   238751.0000   214906.8081 17116631    9.99%
 135708 60678   229991.9985   191   238751.0000   214978.2000 17269953    9.96%
 136606 61219        cutoff         238751.0000   215088.0148 17426341    9.91%
 137460 61373   236472.2778   127   238751.0000   215212.8243 17468311    9.86%
 138330 61840   236357.0706   147   238751.0000   215288.2667 17608174    9.83%
Elapsed time = 2731.13 sec. (658221.61 ticks, tree = 4256.09 MB, solutions = 22)
Nodefile size = 2205.45 MB (1376.34 MB after compression)
 139238 62357        cutoff         238751.0000   215406.9153 17747403    9.78%
 140079 62754   227349.4722   133   238751.0000   215523.0741 17862766    9.73%
 140961 62814   225267.2258   195   238751.0000   215595.2000 17877728    9.70%
 141800 63504        cutoff         238751.0000   215703.5426 18075642    9.65%
 142678 63665   237916.5469   152   238751.0000   215783.0508 18124165    9.62%
 143615 64208   238619.8056   168   238751.0000   215865.0256 18280682    9.59%
 144548 64894   230662.4322   192   238751.0000   215954.6114 18465707    9.55%
 145415 65080   220866.8180   163   238751.0000   216027.3179 18508841    9.52%
 146286 65596   234888.9468   190   238751.0000   216122.7500 18668949    9.48%
 147116 66097   229610.4129   146   238751.0000   216220.8000 18823429    9.44%
Elapsed time = 2895.07 sec. (696403.07 ticks, tree = 4506.54 MB, solutions = 22)
Nodefile size = 2448.38 MB (1526.90 MB after compression)
 148009 66114   228232.3030   153   238751.0000   216266.8182 18821716    9.42%
 148885 66498   234077.3561   129   238751.0000   216409.2727 18932660    9.36%
 149747 67023   231522.8667   136   238751.0000   216458.3478 19088069    9.34%
 150621 67485   225737.2500   140   238751.0000   216560.5781 19231619    9.29%
 151617 68004        cutoff         238751.0000   216666.0499 19373183    9.25%
 152567 68000   237543.9535   133   238751.0000   216717.0174 19370413    9.23%
 153453 68790   233717.2000   142   238751.0000   216832.9396 19592076    9.18%
 154272 68841   229782.4000   158   238751.0000   216906.1111 19606593    9.15%
 155140 69389   232056.1250   129   238751.0000   217012.8441 19793484    9.10%
 156059 69947        cutoff         238751.0000   217110.0935 19964665    9.06%
Elapsed time = 3062.96 sec. (734594.15 ticks, tree = 4769.44 MB, solutions = 22)
Nodefile size = 2712.05 MB (1690.49 MB after compression)
 156912 69887   233622.4808   143   238751.0000   217140.8864 19944666    9.05%
 157810 70253        cutoff         238751.0000   217267.5000 20063522    9.00%
 158634 70711   229472.4718   151   238751.0000   217347.5000 20206102    8.96%
 159524 71110   236200.8465   188   238751.0000   217437.2713 20332496    8.93%
 160499 71425   229561.8427   177   238751.0000   217513.0776 20435368    8.90%
 161489 71930        cutoff         238751.0000   217582.5151 20589759    8.87%
 162385 72091   238667.3750   127   238751.0000   217685.7508 20633517    8.82%
 163182 72600        cutoff         238751.0000   217764.6442 20799360    8.79%
 164048 73129        cutoff         238751.0000   217865.5000 20972618    8.75%
 165026 73289   238570.1677   162   238751.0000   217938.8000 21032285    8.72%
Elapsed time = 3231.37 sec. (772763.65 ticks, tree = 4963.62 MB, solutions = 22)
Nodefile size = 2914.25 MB (1816.15 MB after compression)
Starting limited solution polishing.
 165964 73614        cutoff         238751.0000   218035.2229 21126516    8.68%
 166800 73881   223671.6667   140   238751.0000   218108.1212 21215820    8.65%
 167609 74538   234953.1316   160   238751.0000   218191.8571 21405514    8.61%
*167690+74421                       238543.0000   218191.8571             8.53%
 168403 74621        cutoff         238543.0000   218272.6250 21436449    8.50%
 169113 74303   227002.2714   183   238543.0000   218343.2000 21552657    8.47%
 169883 74629   230043.7274   168   238543.0000   218432.4062 21649527    8.43%
 170525 74795   229809.1818   132   238543.0000   218498.8000 21698763    8.40%
 171303 75209   232308.8980   172   238543.0000   218545.6340 21836030    8.38%
 172013 75516   237197.5455   123   238543.0000   218597.0000 21919805    8.36%
 172847 75921        cutoff         238543.0000   218641.0919 22054590    8.34%
Elapsed time = 3367.32 sec. (810963.67 ticks, tree = 5133.72 MB, solutions = 23)
Nodefile size = 3075.68 MB (1915.46 MB after compression)
 173566 76016        cutoff         238543.0000   218693.8979 22084697    8.32%
 174211 76336        cutoff         238543.0000   218742.2235 22192026    8.30%
 174746 76641   236987.7821   168   238543.0000   218758.0714 22301985    8.29%
 175283 76791        cutoff         238543.0000   218800.8667 22372152    8.28%
 175795 76890   238343.4444   122   238543.0000   218879.0727 22405868    8.24%
 176370 77098        cutoff         238543.0000   218952.5964 22475277    8.21%
 176975 77402   227495.4316   143   238543.0000   219000.0370 22566996    8.19%
 177485 77624   233479.7819   163   238543.0000   219046.9226 22640900    8.17%
 178040 77833   231706.9200   132   238543.0000   219071.6116 22721183    8.16%
 178453 77950   225109.4000   154   238543.0000   219158.8214 22761533    8.13%
Elapsed time = 3477.06 sec. (849184.46 ticks, tree = 5282.60 MB, solutions = 23)
Nodefile size = 3228.59 MB (2010.56 MB after compression)
 179081 78185   238057.3333    86   238543.0000   219194.8981 22844701    8.11%
 179793 78515   235563.0909   133   238543.0000   219277.4226 22954282    8.08%
 180501 78598   233172.2466   142   238543.0000   219318.0000 22983698    8.06%
 181079 78973   234086.3148   128   238543.0000   219360.0101 23108095    8.04%
 181657 79019        cutoff         238543.0000   219367.6656 23136848    8.04%
 182222 79412        cutoff         238543.0000   219449.4027 23295330    8.00%
 182957 79504   231068.0323   134   238543.0000   219449.4027 23330698    8.00%
 183428 79767   231383.8864   145   238543.0000   219529.4368 23418413    7.97%
 183968 79860        cutoff         238543.0000   219560.5138 23441489    7.96%
 184369 80222        cutoff         238543.0000   219614.7756 23557603    7.93%
Elapsed time = 3586.29 sec. (887377.00 ticks, tree = 5418.71 MB, solutions = 23)
Nodefile size = 3360.99 MB (2092.18 MB after compression)
 184901 80187   227645.0000   151   238543.0000   219640.5000 23550633    7.92%

Zero-half cuts applied:  475
Lift and project cuts applied:  355
Gomory fractional cuts applied:  1

Root node processing (before b&c):
  Real time             =   12.94 sec. (6979.98 ticks)
Parallel b&c, 8 threads:
  Real time             = 3588.51 sec. (886161.23 ticks)
  Sync time (average)   =  445.33 sec.
  Wait time (average)   =    0.01 sec.
                          ------------
Total (root+branch&cut) = 3601.45 sec. (893141.21 ticks)
Status: Feasible
Obj: 238543

Instalacoes abertas:
Instalação 1 aberta
Instalação 4 aberta
Instalação 8 aberta
Instalação 9 aberta
Instalação 20 aberta
Instalação 22 aberta
Instalação 47 aberta

Atribuições (cliente -> instalação):
Cliente 0 -> Instalação 4
Cliente 1 -> Instalação 9
Cliente 2 -> Instalação 20
Cliente 3 -> Instalação 20
Cliente 4 -> Instalação 8
Cliente 5 -> Instalação 9
Cliente 6 -> Instalação 9
Cliente 7 -> Instalação 4
Cliente 8 -> Instalação 8
Cliente 9 -> Instalação 9
Cliente 10 -> Instalação 22
Cliente 11 -> Instalação 47
Cliente 12 -> Instalação 9
Cliente 13 -> Instalação 4
Cliente 14 -> Instalação 1
Cliente 15 -> Instalação 9
Cliente 16 -> Instalação 1
Cliente 17 -> Instalação 20
Cliente 18 -> Instalação 47
Cliente 19 -> Instalação 47
Cliente 20 -> Instalação 20
Cliente 21 -> Instalação 1
Cliente 22 -> Instalação 22
Cliente 23 -> Instalação 4
Cliente 24 -> Instalação 9
Cliente 25 -> Instalação 22
Cliente 26 -> Instalação 47
Cliente 27 -> Instalação 9
Cliente 28 -> Instalação 20
Cliente 29 -> Instalação 8
Cliente 30 -> Instalação 47
Cliente 31 -> Instalação 9
Cliente 32 -> Instalação 1
Cliente 33 -> Instalação 47
Cliente 34 -> Instalação 8
Cliente 35 -> Instalação 20
Cliente 36 -> Instalação 20
Cliente 37 -> Instalação 4
Cliente 38 -> Instalação 4
Cliente 39 -> Instalação 8
Cliente 40 -> Instalação 47
Cliente 41 -> Instalação 1
Cliente 42 -> Instalação 8
Cliente 43 -> Instalação 9
Cliente 44 -> Instalação 9
Cliente 45 -> Instalação 8
Cliente 46 -> Instalação 4
Cliente 47 -> Instalação 47
Cliente 48 -> Instalação 20
Cliente 49 -> Instalação 8
