Version identifier: 22.1.1.0 | 2022-11-28 | 9160aff4d
CPXPARAM_TimeLimit                               3600
Tried aggregator 1 time.
MIP Presolve eliminated 50 rows and 1 columns.
Reduced MIP has 44550 rows, 3390 columns, and 133550 nonzeros.
Reduced MIP has 3390 binaries, 0 generals, 0 SOSs, and 0 indicators.
Presolve time = 0.06 sec. (60.31 ticks)
Found incumbent of value 3.5457553e+07 after 0.08 sec. (77.06 ticks)
Probing time = 0.03 sec. (7.33 ticks)
Tried aggregator 1 time.
Detecting symmetries...
Reduced MIP has 44550 rows, 3390 columns, and 133550 nonzeros.
Reduced MIP has 3390 binaries, 0 generals, 0 SOSs, and 0 indicators.
Presolve time = 0.08 sec. (73.22 ticks)
Probing time = 0.03 sec. (7.39 ticks)
Clique table members: 2500.
MIP emphasis: balance optimality and feasibility.
MIP search method: dynamic search.
Parallel mode: deterministic, using up to 8 threads.
Root relaxation solution time = 0.19 sec. (65.50 ticks)

        Nodes                                         Cuts/
   Node  Left     Objective  IInf  Best Integer    Best Bound    ItCnt     Gap

*     0+    0                       3.54576e+07        0.0000           100.00%
*     0+    0                       2.64733e+07        0.0000           100.00%
*     0+    0                       995225.0000        0.0000           100.00%
*     0+    0                       952103.0000        0.0000           100.00%
*     0+    0                       915166.0000        0.0000           100.00%
      0     0    93774.0000   100   915166.0000    93774.0000      184   89.75%
      0     0   106217.5000   100   915166.0000    Cuts: 2145      391   88.39%
      0     0   118774.0000    98   915166.0000    Cuts: 2110      700   87.02%
      0     0   131217.5000    98   915166.0000 ZeroHalf: 799     1701   85.66%
*     0+    0                       881674.0000   131217.5000            85.12%
*     0+    0                       831988.0000   131217.5000            84.23%
*     0+    0                       793687.0000   131217.5000            83.47%
      0     0  -1.00000e+75     0   793687.0000   131217.5000     1701   83.47%
      0     0   136240.2500   163   793687.0000 ZeroHalf: 840     2483   82.83%
      0     0   142200.8061   224   793687.0000 ZeroHalf: 580     3489   82.08%
Detecting symmetries...
      0     0   147797.8252   181   793687.0000     Cuts: 833     4151   81.38%
      0     0   152905.3277   187   793687.0000     Cuts: 366     4918   80.73%
      0     0   155555.0616   220   793687.0000     Cuts: 200     5425   80.40%
      0     0   157290.7316   210   793687.0000     Cuts: 212     5820   80.18%
      0     0   158764.1189   213   793687.0000     Cuts: 359     6111   80.00%
      0     0   160672.6272   179   793687.0000     Cuts: 381     6597   79.76%
      0     0   162483.3713   181   793687.0000      Cuts: 81     7005   79.53%
      0     0   163921.9706   187   793687.0000      Cuts: 88     7365   79.35%
      0     0   165674.3177   208   793687.0000      Cuts: 93     7718   79.13%
      0     0   166990.8393   207   793687.0000     Cuts: 131     8020   78.96%
*     0+    0                       729875.0000   166990.8393            77.12%
*     0+    0                       728575.0000   166990.8393            77.08%
      0     0   168286.2948   175   728575.0000     Cuts: 236     8506   76.90%
*     0+    0                       594053.0000   168286.2948            71.67%
*     0+    0                       587336.0000   168286.2948            71.35%
      0     0   169068.3153   205   587336.0000      Cuts: 96     8775   71.21%
      0     0   170058.8964   196   587336.0000      Cuts: 81     9073   71.05%
      0     0   170792.2719   195   587336.0000     Cuts: 179     9369   70.92%
      0     0   171274.1666   189   587336.0000     Cuts: 106     9549   70.84%
      0     0   171682.0410   189   587336.0000      Cuts: 43     9734   70.77%
      0     0   172333.5800   195   587336.0000      Cuts: 80     9957   70.66%
      0     0   173122.6218   206   587336.0000     Cuts: 150    10297   70.52%
      0     0   173640.0963   208   587336.0000      Cuts: 94    10572   70.44%
      0     0   174192.5685   206   587336.0000      Cuts: 53    10826   70.34%
*     0+    0                       579728.0000   174192.5685            69.95%
*     0+    0                       552892.0000   174192.5685            68.49%
      0     0   175122.3935   208   552892.0000     Cuts: 156    11177   68.33%
      0     0   175798.4994   207   552892.0000     Cuts: 120    11415   68.20%
      0     0   176206.3640   208   552892.0000      Cuts: 68    11654   68.13%
      0     0   176440.6162   210   552892.0000      Cuts: 52    11801   68.09%
      0     0   176699.6967   239   552892.0000      Cuts: 27    11980   68.04%
      0     0   177021.9282   207   552892.0000      Cuts: 86    12215   67.98%
      0     0   177231.5541   214   552892.0000      Cuts: 51    12360   67.94%
      0     0   177408.2718   208   552892.0000      Cuts: 43    12549   67.91%
      0     0   177644.0119   224   552892.0000      Cuts: 41    12717   67.87%
      0     0   177797.6567   225   552892.0000      Cuts: 49    12825   67.84%
      0     0   178187.4727   188   552892.0000     Cuts: 202    13055   67.77%
      0     0   178563.3620   213   552892.0000      Cuts: 83    13261   67.70%
      0     0   178798.5078   210   552892.0000      Cuts: 67    13387   67.66%
      0     0   179104.4390   201   552892.0000  ZeroHalf: 28    13505   67.61%
      0     0   179673.8499   209   552892.0000     Cuts: 178    13756   67.50%
      0     0   180272.6596   201   552892.0000      Cuts: 72    14028   67.39%
      0     0   180798.7873   179   552892.0000      Cuts: 92    14279   67.30%
      0     0   181327.0504   205   552892.0000      Cuts: 71    14472   67.20%
      0     0   181652.5183   203   552892.0000      Cuts: 68    14652   67.15%
      0     0   182040.1445   213   552892.0000      Cuts: 75    14903   67.07%
      0     0   182355.8400   194   552892.0000      Cuts: 48    15065   67.02%
      0     0   182795.1831   201   552892.0000     Cuts: 117    15282   66.94%
      0     0   183237.1269   201   552892.0000     Cuts: 119    15431   66.86%
      0     0   183650.7804   229   552892.0000     Cuts: 111    15711   66.78%
      0     0   183772.8657   233   552892.0000      Cuts: 31    15851   66.76%
      0     0   183863.3212   226   552892.0000      Cuts: 99    15954   66.75%
      0     0   184037.0914   207   552892.0000      Cuts: 69    16088   66.71%
      0     0   184193.2203   214   552892.0000     Cuts: 103    16198   66.69%
      0     0   184449.9233   202   552892.0000      Cuts: 35    16371   66.64%
      0     0   184603.4465   208   552892.0000      Cuts: 51    16498   66.61%
      0     0   184742.1699   236   552892.0000      Cuts: 66    16648   66.59%
      0     0   184987.4594   237   552892.0000      Cuts: 53    16809   66.54%
      0     0   185186.6866   247   552892.0000      Cuts: 30    16983   66.51%
      0     0   185419.8125   242   552892.0000      Cuts: 53    17139   66.46%
      0     0   185674.6744   216   552892.0000      Cuts: 82    17314   66.42%
      0     0   186024.4536   215   552892.0000      Cuts: 54    17543   66.35%
      0     0   186243.0066   222   552892.0000      Cuts: 37    17679   66.31%
      0     0   186638.7684   203   552892.0000     Cuts: 123    17945   66.24%
      0     0   187057.4883   202   552892.0000      Cuts: 76    18262   66.17%
      0     0   187321.3961   235   552892.0000     Cuts: 103    18507   66.12%
      0     0   187513.1534   206   552892.0000      Cuts: 99    18710   66.09%
      0     0   187646.7342   205   552892.0000      Cuts: 48    18837   66.06%
      0     0   187858.2505   232   552892.0000      Cuts: 43    18993   66.02%
      0     0   188006.7401   236   552892.0000      Cuts: 63    19114   66.00%
      0     0   188177.4963   210   552892.0000     Cuts: 130    19250   65.96%
      0     0   188448.2115   205   552892.0000      Cuts: 46    19412   65.92%
      0     0   188645.0806   216   552892.0000      Cuts: 61    19541   65.88%
      0     0   188823.3980   207   552892.0000      Cuts: 38    19695   65.85%
      0     0   189039.3028   244   552892.0000      Cuts: 71    19867   65.81%
      0     0   189158.2878   209   552892.0000      Cuts: 81    19989   65.79%
Detecting symmetries...
      0     2   189158.2878   209   552892.0000   189158.2878    19989   65.79%
Elapsed time = 26.65 sec. (21803.09 ticks, tree = 0.02 MB, solutions = 14)
      4     4   205238.1370   187   552892.0000   189158.9725    20548   65.79%
      6     7   222991.5631   161   552892.0000   189438.2395    22314   65.74%
     16    14   217789.7823   177   552892.0000   189438.2395    24965   65.74%
     23     5   200154.0250   216   552892.0000   189438.2395    22379   65.74%
     34    27   217933.2330   165   552892.0000   189813.6900    30848   65.67%
     45    34   242304.4446   143   552892.0000   189813.6900    34093   65.67%
     54    38   291037.1531   153   552892.0000   191756.0661    35295   65.32%
     73    63   236137.0299   152   552892.0000   191756.0661    46669   65.32%
    107    85   331045.7500    88   552892.0000   196853.1823    50674   64.40%
    278   178   328965.4375   114   552892.0000   196853.1823    68775   64.40%
Elapsed time = 50.50 sec. (25192.66 ticks, tree = 1.30 MB, solutions = 14)
    453   384   482493.2500    80   552892.0000   196853.1823    93194   64.40%
    580   527   500991.8750    81   552892.0000   196853.1823   114651   64.40%
    692   632   326085.7656   128   552892.0000   196853.1823   135848   64.40%
    828   670   378078.0000    80   552892.0000   200700.2197   143860   63.70%
    997   835   459070.5000    65   552892.0000   200700.2197   166999   63.70%
   1241  1033   529188.0000    38   552892.0000   200700.2197   191206   63.70%
   1418  1270        cutoff         552892.0000   200959.7756   218014   63.65%
   1542  1345   255890.8711   178   552892.0000   201515.6376   229492   63.55%
   1692  1505   543544.0000    44   552892.0000   201515.6376   252840   63.55%
   1702  1506   224437.6960   184   552892.0000   201515.6376   253584   63.55%
Elapsed time = 106.60 sec. (34982.76 ticks, tree = 9.14 MB, solutions = 14)

Performing restart 1

Repeating presolve.
Tried aggregator 1 time.
MIP Presolve eliminated 1337 rows and 51 columns.
Reduced MIP has 43213 rows, 3339 columns, and 129539 nonzeros.
Reduced MIP has 3339 binaries, 0 generals, 0 SOSs, and 0 indicators.
Presolve time = 0.06 sec. (60.71 ticks)
Tried aggregator 1 time.
Reduced MIP has 43213 rows, 3339 columns, and 129539 nonzeros.
Reduced MIP has 3339 binaries, 0 generals, 0 SOSs, and 0 indicators.
Presolve time = 0.08 sec. (73.42 ticks)
Represolve time = 0.21 sec. (191.62 ticks)
   1703     0   189490.3287   215   552892.0000      Cuts: 61   271138   63.55%
   1703     0   189702.2293   217   552892.0000      Cuts: 62   271335   63.55%
   1703     0   189945.0928   220   552892.0000      Cuts: 62   271490   63.55%
*  1703+    0                       549021.0000   201515.6376            63.30%
   1703     0  -1.00000e+75     0   549021.0000   201515.6376   271490   63.30%
   1703     0   190098.1041   220   549021.0000      Cuts: 66   271635   63.30%
   1703     2   190098.1041   220   549021.0000   201515.6376   271635   63.30%
   1704     3   190408.9790   215   549021.0000   201515.6376   271819   63.30%
   1706     3   205926.8370   181   549021.0000   201515.6376   272333   63.30%
   1709     7   207384.5806   189   549021.0000   201515.6376   274706   63.30%
   1717    14   208765.6925   187   549021.0000   201515.6376   278808   63.30%
   1732    16   192853.1548   224   549021.0000   201515.6376   280761   63.30%
   1783    36   214237.6170   189   549021.0000   201515.6376   290415   63.30%
   1821    69   203808.3922   194   549021.0000   201515.6376   304912   63.30%
   1841   103   218768.2980   211   549021.0000   201515.6376   314113   63.30%
   1874   112   225667.1594   181   549021.0000   201515.6376   316250   63.30%
Elapsed time = 218.40 sec. (59613.15 ticks, tree = 1.02 MB, solutions = 15)
   1918   173   246584.5623   167   549021.0000   201515.6376   327805   63.30%
   1933   165   229413.6404   190   549021.0000   201515.6376   326096   63.30%
   1960   224   242616.5114   143   549021.0000   201515.6376   338910   63.30%
   1987   220   228245.9081   191   549021.0000   201515.6376   338765   63.30%
   2028   264   262856.1257   177   549021.0000   201515.6376   346132   63.30%
   2043   297   263707.2767   178   549021.0000   201515.6376   352288   63.30%
   2081   328   235580.3231   171   549021.0000   201515.6376   358647   63.30%
   2126   354   239725.4856   192   549021.0000   201515.6376   362211   63.30%
   2159   375   232646.9579   185   549021.0000   201515.6376   367098   63.30%
   2203   404   274809.8553   143   549021.0000   201515.6376   370838   63.30%
Elapsed time = 316.13 sec. (69428.32 ticks, tree = 11.08 MB, solutions = 15)
   2236   446   253508.5357   163   549021.0000   201515.6376   372682   63.30%
   2292   521   253847.1374   181   549021.0000   201515.6376   382380   63.30%
   2339   525   246589.5791   175   549021.0000   201515.6376   383555   63.30%
   2378   576   270379.8041   173   549021.0000   201515.6376   387512   63.30%
   2421   633   269746.5478   148   549021.0000   201515.6376   394016   63.30%
   2478   695   279732.1250   137   549021.0000   201515.6376   397246   63.30%
   2523   705   286757.2500   154   549021.0000   201515.6376   397633   63.30%
   2563   708   289449.8981   175   549021.0000   201515.6376   397735   63.30%
   2622   828   275702.4721   170   549021.0000   201515.6376   407617   63.30%
   2674   882   285622.1518   192   549021.0000   201515.6376   411273   63.30%
Elapsed time = 417.47 sec. (79198.56 ticks, tree = 162.71 MB, solutions = 15)
   2735   871   292558.3756   210   549021.0000   201515.6376   409924   63.30%
   2793  1030   307831.9712   174   549021.0000   201515.6376   419611   63.30%
   2876  1046   338004.8064   196   549021.0000   201515.6376   420715   63.30%
   2947  1078   332938.2187   134   549021.0000   201515.6376   421895   63.30%
   3043  1266   309123.5968   167   549021.0000   201515.6376   432478   63.30%
   3146  1298   357781.1875   119   549021.0000   201515.6376   433865   63.30%
   3223  1289   314808.0000   129   549021.0000   201515.6376   433369   63.30%
   3333  1338   342941.0000   126   549021.0000   201515.6376   436597   63.30%
   3432  1543   380122.2500   111   549021.0000   201515.6376   446111   63.30%
   3550  1581   368736.2750   114   549021.0000   201515.6376   449191   63.30%
Elapsed time = 498.36 sec. (88888.12 ticks, tree = 398.70 MB, solutions = 15)
   3684  1731   353199.7500   132   549021.0000   201515.6376   456630   63.30%
   3818  1851   391270.7121   132   549021.0000   201515.6376   461490   63.30%
   3884  2019   486876.7500   127   549021.0000   201515.6376   469973   63.30%
   3955  2041   542508.7333   130   549021.0000   201515.6376   470423   63.30%

Performing restart 2

Repeating presolve.
Tried aggregator 1 time.
Reduced MIP has 43213 rows, 3339 columns, and 169462 nonzeros.
Reduced MIP has 3339 binaries, 0 generals, 0 SOSs, and 0 indicators.
Presolve time = 0.12 sec. (106.84 ticks)
Tried aggregator 1 time.
Reduced MIP has 43213 rows, 3339 columns, and 169462 nonzeros.
Reduced MIP has 3339 binaries, 0 generals, 0 SOSs, and 0 indicators.
Presolve time = 0.13 sec. (122.71 ticks)
Represolve time = 0.35 sec. (303.34 ticks)
   3957     0   190828.7272   249   549021.0000      Cuts: 62   483775   63.30%
   3957     0   191161.6227   214   549021.0000      Cuts: 54   483979   63.30%
   3957     0   191631.7620   203   549021.0000      Cuts: 59   484197   63.30%
   3957     0   192240.4083   216   549021.0000      Cuts: 66   484502   63.30%
   3957     0   193455.7625   210   549021.0000     Cuts: 120   484886   63.30%
   3957     0   193917.7628   217   549021.0000      Cuts: 81   485070   63.30%
   3957     0   194114.6919   221   549021.0000      Cuts: 52   485233   63.30%
   3957     0   194257.1169   223   549021.0000      Cuts: 90   485417   63.30%
   3957     0   194408.9274   218   549021.0000      Cuts: 76   485554   63.30%
   3957     2   194408.9274   218   549021.0000   201515.6376   485554   63.30%
   3968    13   209576.2161   204   549021.0000   201515.6376   489296   63.30%
   3988    23   244777.5408   141   549021.0000   201515.6376   495337   63.30%
   4021    46   234855.9529   142   549021.0000   201515.6376   514654   63.30%
   4068    96   340160.0833   139   549021.0000   201515.6376   535971   63.30%
   4137   132   299239.5000    90   549021.0000   201515.6376   546489   63.30%
Elapsed time = 586.48 sec. (112377.06 ticks, tree = 2.42 MB, solutions = 15)
   4211   201   447759.7500    90   549021.0000   201515.6376   559789   63.30%
   4330   283   430024.2500    97   549021.0000   201515.6376   573843   63.30%
   4451   419   543985.3333    64   549021.0000   201515.6376   591036   63.30%
   4566   507        cutoff         549021.0000   201515.6376   607362   63.30%
   4617   584   267126.1000   139   549021.0000   201515.6376   622340   63.30%
   4674   621   257772.7526   166   549021.0000   201515.6376   633935   63.30%
   4743   683   420521.0000    77   549021.0000   201515.6376   647754   63.30%
   4832   735   472939.8333   126   549021.0000   201515.6376   662225   63.30%
   4947   800   463598.5000    75   549021.0000   201515.6376   673321   63.30%
   5058   964   529363.5000    71   549021.0000   203731.6545   700004   62.89%
Elapsed time = 680.06 sec. (121988.69 ticks, tree = 155.90 MB, solutions = 15)
   5166  1032   539993.3750    62   549021.0000   203731.6545   713705   62.89%
   5244  1042   254086.6357   207   549021.0000   203731.6545   716921   62.89%
   5304  1157   239743.7748   235   549021.0000   203731.6545   737206   62.89%
   5356  1230   301192.5093   218   549021.0000   203731.6545   750131   62.89%
   5411  1289   318855.6921   195   549021.0000   203731.6545   761792   62.89%
   5492  1300   288682.6496   220   549021.0000   203731.6545   765620   62.89%
   5582  1394   366677.1966   183   549021.0000   203731.6545   779071   62.89%
   5636  1476   220052.6965   174   549021.0000   206332.9940   791522   62.42%
   5695  1566   381513.2698   179   549021.0000   206332.9940   799521   62.42%
   5766  1615   306315.2896   200   549021.0000   206332.9940   806624   62.42%
Elapsed time = 768.96 sec. (131711.69 ticks, tree = 359.06 MB, solutions = 15)
   5831  1671   421852.0416   168   549021.0000   206332.9940   813149   62.42%
   5924  1729   392986.3721   156   549021.0000   206332.9940   819764   62.42%
   5988  1796   385145.8931   210   549021.0000   206332.9940   827186   62.42%
   6066  1908   403392.2951   163   549021.0000   206332.9940   838176   62.42%
   6159  1952   459326.0714   125   549021.0000   206332.9940   842372   62.42%
   6258  2060   506162.4167   150   549021.0000   206332.9940   852142   62.42%
   6358  2225   546488.1667   131   549021.0000   206335.3225   870050   62.42%
   6478  2270   360091.8680   173   549021.0000   206335.3225   875182   62.42%
   6572  2334   542867.4286   120   549021.0000   206335.3225   879931   62.42%
   6879  2623   292718.7481   168   549021.0000   206335.3225   921406   62.42%
Elapsed time = 885.35 sec. (144198.66 ticks, tree = 690.83 MB, solutions = 15)
   7244  2989   408715.6925   191   549021.0000   209841.4391   967382   61.78%
   7613  3378   452052.7500   119   549021.0000   209841.4391  1012584   61.78%
   7937  3668   335511.4437   201   549021.0000   210979.3829  1051831   61.57%
   8201  3936   278669.4169   172   549021.0000   210979.3829  1091622   61.57%
   8484  4232   366017.3333   100   549021.0000   210979.3829  1137917   61.57%
   8880  4468        cutoff         549021.0000   210979.3829  1169047   61.57%
   9226  4959   534821.2924   151   549021.0000   210979.3829  1220979   61.57%
   9577  5193   431272.5000    94   549021.0000   215356.4677  1261757   60.77%
  10023  5669   368154.1094   184   549021.0000   216311.4814  1338216   60.60%
  10354  6032   337012.1986   209   549021.0000   216311.4814  1393522   60.60%
Elapsed time = 1295.22 sec. (182503.80 ticks, tree = 1203.09 MB, solutions = 15)
  10729  6287   242409.2976   199   549021.0000   216943.3525  1423374   60.49%
  11137  6581   492149.1467   179   549021.0000   217707.9543  1454919   60.35%
  11422  6884   292571.6452   184   549021.0000   218257.4683  1501585   60.25%
* 11608+ 7124                       526340.0000   218257.4683            58.53%
  11854  6733   470957.6853   144   526340.0000   218257.4683  1549154   58.53%
  12228  7018   245744.5077   186   526340.0000   218868.1155  1585370   58.42%
  12603  7435   494061.3006   144   526340.0000   219346.8928  1632340   58.33%
  13062  7793        cutoff         526340.0000   219629.4326  1676779   58.27%
  13374  8314   256134.4592   161   526340.0000   219946.2059  1743681   58.21%
  13773  8484   375750.5117   147   526340.0000   220157.2074  1767916   58.17%
  14115  8895   434172.5000    75   526340.0000   220958.0708  1816867   58.02%
Elapsed time = 1683.81 sec. (220735.75 ticks, tree = 1738.34 MB, solutions = 16)
  14532  9372   494405.0000    63   526340.0000   220971.2727  1881903   58.02%
  14887  9568   308781.2072   189   526340.0000   221320.1059  1911447   57.95%
  15234 10078   457009.9711   143   526340.0000   221424.3218  1974072   57.93%
  15603 10382   338498.6250   106   526340.0000   221552.8341  2017304   57.91%
  15979 10808   522375.5000    63   526340.0000   222070.9749  2079863   57.81%
  16368 11082   295076.0000    88   526340.0000   222269.2840  2115694   57.77%
  16780 11569   380874.8073   173   526340.0000   222269.2840  2174098   57.77%
  17154 11844   385987.3488   146   526340.0000   222586.6662  2209401   57.71%
* 17180+11789                       524223.0000   222586.6662            57.54%
  17655 12000   244763.8353   213   524223.0000   222587.1464  2236551   57.54%
  17941 12605   519718.8333   120   524223.0000   223162.6867  2301134   57.43%
Elapsed time = 2041.98 sec. (258934.20 ticks, tree = 2005.30 MB, solutions = 17)
  18294 12718   361544.4274   176   524223.0000   223670.9791  2323691   57.33%
* 18307+12697                       523026.0000   223670.9791            57.24%
  18656 12976   469041.0423   167   523026.0000   223670.9791  2361867   57.24%
  19112 13301   258509.5210   178   523026.0000   223670.9791  2403623   57.24%
  19420 13924   288817.0190   159   523026.0000   224109.7779  2487203   57.15%
  19831 14236   412765.5733   144   523026.0000   224121.7905  2520862   57.15%
  20132 14520   514711.2500    88   523026.0000   224121.7905  2566033   57.15%
* 20234+14060                       522186.0000   224121.7905            57.08%
  20414 14684   284700.3555   175   522186.0000   224378.9741  2589101   57.03%
  20689 14994   367618.9180   178   522186.0000   224458.9547  2650469   57.02%
  21078 15289   439849.1500   122   522186.0000   224458.9547  2696850   57.02%
  21471 15666   522161.3143   131   522186.0000   224960.7559  2743480   56.92%
Elapsed time = 2365.21 sec. (297184.90 ticks, tree = 2786.46 MB, solutions = 20)
Nodefile size = 727.49 MB (444.45 MB after compression)
  21858 15886   439285.9902   143   522186.0000   225141.3716  2764894   56.88%
  22259 16478   240612.5186   218   522186.0000   225433.9885  2842719   56.83%
  22674 16685   518976.4615   124   522186.0000   225715.6908  2882151   56.77%
  23052 17074   464621.2256   128   522186.0000   225729.5394  2923192   56.77%
  23381 17403   249823.3464   177   522186.0000   226156.1012  2974700   56.69%
  23723 17820   424375.2605   140   522186.0000   226156.1012  3024150   56.69%
  24170 18128   377315.0000    74   522186.0000   226536.5662  3069180   56.62%
  24564 18696   433983.0000    77   522186.0000   226849.3168  3143293   56.56%
  24973 19005   495341.6748   115   522186.0000   227060.1468  3178536   56.52%
  25401 19242   273191.9145   171   522186.0000   227843.9913  3208155   56.37%
Elapsed time = 2687.37 sec. (335423.83 ticks, tree = 3526.83 MB, solutions = 20)
Nodefile size = 1434.53 MB (875.27 MB after compression)
  25858 19724   371878.8960   158   522186.0000   228196.4397  3274768   56.30%
  26179 20230   400720.2632   187   522186.0000   228201.5374  3328889   56.30%
  26559 20448   304025.6607   223   522186.0000   228448.4104  3355832   56.25%
  26982 20746   366101.8781   186   522186.0000   228545.3425  3398341   56.23%
  27352 21012   372504.6072   187   522186.0000   228684.8514  3432533   56.21%
* 27414+21332                       520043.0000   228705.9061            56.02%
* 27524+21332                       518853.0000   228737.4157            55.91%
  27774 21602   496068.1477   151   518853.0000   228749.5033  3485949   55.91%
  28160 21788   401863.5262   194   518853.0000   228785.8323  3533053   55.91%
  28550 22220   453486.8000   119   518853.0000   228785.8323  3576618   55.91%
  28931 22509   484481.8350   146   518853.0000   228844.1165  3611895   55.89%
  29288 22787   505424.2500    74   518853.0000   229089.7195  3654211   55.85%
Elapsed time = 3000.24 sec. (373622.94 ticks, tree = 4491.29 MB, solutions = 22)
Nodefile size = 2422.14 MB (1481.79 MB after compression)
  29685 23031   440544.6742   165   518853.0000   229166.7289  3681583   55.83%
  30046 23428   405653.8223   166   518853.0000   229369.1719  3739088   55.79%
  30402 24051   482943.2426   137   518853.0000   229793.5791  3818381   55.71%
  30742 24225   490600.2000   125   518853.0000   230118.9194  3847841   55.65%
  31112 24664   368901.3577   177   518853.0000   230473.6592  3917572   55.58%
  31563 24734   506285.9091   100   518853.0000   230632.2199  3923715   55.55%
  31940 25085   488037.4470   148   518853.0000   230832.6106  3972058   55.51%
Starting limited solution polishing.
  32424 25671   278017.4278   203   518853.0000   230879.4511  4029248   55.50%
  32820 26444   414704.5480   158   518853.0000   230981.8437  4121715   55.48%
  33191 26812   284930.2107   201   518853.0000   231275.1151  4163511   55.43%
Elapsed time = 3316.49 sec. (411812.96 ticks, tree = 5414.15 MB, solutions = 22)
Nodefile size = 3343.59 MB (2044.26 MB after compression)
  33504 26690   489405.3711   177   518853.0000   231275.1151  4150076   55.43%
  33799 27416   303744.2952   195   518853.0000   231288.9454  4229003   55.42%
  34008 27463   383654.5442   151   518853.0000   231288.9454  4234298   55.42%
  34296 27838   300695.9150   220   518853.0000   231354.3866  4284847   55.41%
  34603 27659   372129.1701   189   518853.0000   231477.7218  4263096   55.39%
* 34673+28262                       503897.0000   231522.9163            54.05%
  34795 26627   428016.8208   119   503897.0000   231522.9163  4341994   54.05%
  35133 26911   380854.6326   185   503897.0000   231607.7960  4380152   54.04%
  35415 26954   364445.6943   181   503897.0000   231607.7960  4390789   54.04%
  35681 27511   403449.0717   164   503897.0000   231607.7960  4464289   54.04%
  35956 27499   487287.7446   142   503897.0000   231960.8484  4459778   53.97%
Elapsed time = 3521.54 sec. (450099.92 ticks, tree = 5646.18 MB, solutions = 23)
Nodefile size = 3540.37 MB (2164.24 MB after compression)
* 36004+27501                       499379.0000   231960.8484            53.55%
  36242 27521   409905.5426   178   499379.0000   231960.8484  4529988   53.55%
  36561 27430   442343.6205   140   499379.0000   232119.3245  4517860   53.52%
  36758 28010   345773.4072   171   499379.0000   232151.4402  4584879   53.51%
* 36844+27705                       492570.0000   232528.7968            52.79%
  36960 28164   470956.3750    94   492570.0000   232528.7968  4601437   52.79%
  36992 27928   337011.4133   188   492570.0000   232528.7968  4567898   52.79%

Zero-half cuts applied:  375
Lift and project cuts applied:  156

Root node processing (before b&c):
  Real time             =   26.60 sec. (21725.94 ticks)
Parallel b&c, 8 threads:
  Real time             = 3576.51 sec. (448806.81 ticks)
  Sync time (average)   =  578.07 sec.
  Wait time (average)   =    0.01 sec.
                          ------------
Total (root+branch&cut) = 3603.11 sec. (470532.75 ticks)
Status: Feasible
Obj: 492570

Instalacoes abertas:
Instalação 0 aberta
Instalação 1 aberta
Instalação 4 aberta
Instalação 8 aberta
Instalação 9 aberta
Instalação 13 aberta
Instalação 16 aberta
Instalação 18 aberta
Instalação 20 aberta
Instalação 22 aberta
Instalação 30 aberta
Instalação 31 aberta
Instalação 46 aberta
Instalação 47 aberta
Instalação 49 aberta

Atribuições (cliente -> instalação):
Cliente 0 -> Instalação 0
Cliente 1 -> Instalação 49
Cliente 2 -> Instalação 30
Cliente 3 -> Instalação 13
Cliente 4 -> Instalação 8
Cliente 5 -> Instalação 31
Cliente 6 -> Instalação 1
Cliente 7 -> Instalação 4
Cliente 8 -> Instalação 46
Cliente 9 -> Instalação 16
Cliente 10 -> Instalação 16
Cliente 11 -> Instalação 22
Cliente 12 -> Instalação 31
Cliente 13 -> Instalação 13
Cliente 14 -> Instalação 20
Cliente 15 -> Instalação 4
Cliente 16 -> Instalação 18
Cliente 17 -> Instalação 30
Cliente 18 -> Instalação 18
Cliente 19 -> Instalação 4
Cliente 20 -> Instalação 4
Cliente 21 -> Instalação 1
Cliente 22 -> Instalação 22
Cliente 23 -> Instalação 9
Cliente 24 -> Instalação 16
Cliente 25 -> Instalação 18
Cliente 26 -> Instalação 47
Cliente 27 -> Instalação 49
Cliente 28 -> Instalação 13
Cliente 29 -> Instalação 9
Cliente 30 -> Instalação 1
Cliente 31 -> Instalação 9
Cliente 32 -> Instalação 30
Cliente 33 -> Instalação 9
Cliente 34 -> Instalação 20
Cliente 35 -> Instalação 20
Cliente 36 -> Instalação 8
Cliente 37 -> Instalação 47
Cliente 38 -> Instalação 47
Cliente 39 -> Instalação 13
Cliente 40 -> Instalação 22
Cliente 41 -> Instalação 8
Cliente 42 -> Instalação 47
Cliente 43 -> Instalação 9
Cliente 44 -> Instalação 8
Cliente 45 -> Instalação 4
Cliente 46 -> Instalação 9
Cliente 47 -> Instalação 0
Cliente 48 -> Instalação 20
Cliente 49 -> Instalação 20
