Version identifier: 22.1.1.0 | 2022-11-28 | 9160aff4d
CPXPARAM_TimeLimit                               3600
Found incumbent of value 2130690.000000 after 0.00 sec. (3.71 ticks)
Tried aggregator 1 time.
MIP Presolve eliminated 50 rows and 1 columns.
Reduced MIP has 57650 rows, 3652 columns, and 172850 nonzeros.
Reduced MIP has 3652 binaries, 0 generals, 0 SOSs, and 0 indicators.
Presolve time = 0.09 sec. (75.98 ticks)
Probing time = 0.03 sec. (8.44 ticks)
Tried aggregator 1 time.
Detecting symmetries...
Reduced MIP has 57650 rows, 3652 columns, and 172850 nonzeros.
Reduced MIP has 3652 binaries, 0 generals, 0 SOSs, and 0 indicators.
Presolve time = 0.11 sec. (92.54 ticks)
Probing time = 0.04 sec. (8.50 ticks)
Clique table members: 2500.
MIP emphasis: balance optimality and feasibility.
MIP search method: dynamic search.
Parallel mode: deterministic, using up to 8 threads.
Root relaxation solution time = 0.20 sec. (84.50 ticks)

        Nodes                                         Cuts/
   Node  Left     Objective  IInf  Best Integer    Best Bound    ItCnt     Gap

*     0+    0                      2130690.0000        0.0000           100.00%
*     0+    0                      2115218.0000        0.0000           100.00%
*     0+    0                      1802349.0000        0.0000           100.00%
*     0+    0                      1780959.0000        0.0000           100.00%
      0     0    93774.0000   100  1780959.0000    93774.0000      184   94.73%
      0     0   106217.5000   100  1780959.0000    Cuts: 2856      464   94.04%
      0     0   118774.0000    98  1780959.0000    Cuts: 2856      680   93.33%
      0     0   131217.5000    98  1780959.0000 ZeroHalf: 1157     1691   92.63%
*     0+    0                      1780572.0000   131217.5000            92.63%
      0     0  -1.00000e+75     0  1780572.0000   131217.5000     1691   92.63%
      0     0   139469.5000   139  1780572.0000 ZeroHalf: 1157     2815   92.17%
      0     0   147644.7002   197  1780572.0000     Cuts: 971     3797   91.71%
Detecting symmetries...
*     0+    0                      1306081.0000   147644.7002            88.70%
      0     0   157117.8756   234  1306081.0000     Cuts: 461     4898   87.97%
*     0+    0                      1247430.0000   157117.8756            87.40%
      0     0  -1.00000e+75     0  1247430.0000   157117.8756     4898   87.40%
*     0+    0                      1019989.0000   157117.8756            84.60%
      0     0   162337.0198   206  1019989.0000     Cuts: 674     5711   84.08%
      0     0   166285.3781   205  1019989.0000     Cuts: 598     6489   83.70%
      0     0   168249.8114   198  1019989.0000     Cuts: 422     7005   83.50%
      0     0   171113.9567   172  1019989.0000     Cuts: 366     7623   83.22%
      0     0   173937.4658   217  1019989.0000     Cuts: 176     8347   82.95%
*     0+    0                       970000.0000   173937.4658            82.07%
      0     0   176647.1066   207   970000.0000     Cuts: 497     9156   81.79%
      0     0   179483.6474   197   970000.0000     Cuts: 222     9727   81.50%
      0     0   181266.5321   233   970000.0000     Cuts: 168    10229   81.31%
      0     0   183702.4752   204   970000.0000     Cuts: 327    10939   81.06%
      0     0   185075.7943   194   970000.0000     Cuts: 205    11430   80.92%
      0     0   186403.1455   234   970000.0000     Cuts: 126    11833   80.78%
      0     0   187903.5039   219   970000.0000     Cuts: 233    12365   80.63%
      0     0   189769.0911   203   970000.0000     Cuts: 252    12992   80.44%
      0     0   191444.9974   212   970000.0000     Cuts: 192    13528   80.26%
      0     0   192731.2452   196   970000.0000     Cuts: 209    14066   80.13%
      0     0   194078.7973   206   970000.0000     Cuts: 211    14481   79.99%
      0     0   195602.0949   204   970000.0000     Cuts: 124    14868   79.83%
      0     0   197002.9955   201   970000.0000     Cuts: 165    15234   79.69%
      0     0   198119.6306   220   970000.0000     Cuts: 125    15680   79.58%
      0     0   198720.2056   199   970000.0000     Cuts: 144    15955   79.51%
      0     0   199682.0952   215   970000.0000     Cuts: 160    16495   79.41%
      0     0   200380.6549   245   970000.0000     Cuts: 222    16963   79.34%
      0     0   201381.5711   228   970000.0000     Cuts: 135    17367   79.24%
*     0+    0                       962697.0000   201381.5711            79.08%
      0     0   202041.3295   199   962697.0000     Cuts: 127    17734   79.01%
      0     0   202977.0678   250   962697.0000      Cuts: 62    18126   78.92%
      0     0   203990.0216   256   962697.0000     Cuts: 118    18607   78.81%
      0     0   204898.8993   222   962697.0000      Cuts: 95    19005   78.72%
      0     0   205579.8720   223   962697.0000     Cuts: 109    19275   78.65%
      0     0   206663.5740   215   962697.0000     Cuts: 119    19672   78.53%
      0     0   207953.2534   218   962697.0000     Cuts: 177    20194   78.40%
      0     0   208853.6199   213   962697.0000     Cuts: 113    20622   78.31%
      0     0   209656.1572   243   962697.0000      Cuts: 95    21019   78.22%
      0     0   210091.0664   217   962697.0000     Cuts: 212    21250   78.18%
      0     0   210671.9732   222   962697.0000     Cuts: 132    21524   78.12%
      0     0   211119.0502   213   962697.0000      Cuts: 46    21766   78.07%
      0     0   211546.7566   218   962697.0000     Cuts: 146    22032   78.03%
      0     0   212042.9553   220   962697.0000  ZeroHalf: 42    22287   77.97%
      0     0   212586.4040   222   962697.0000     Cuts: 124    22620   77.92%
      0     0   213094.8109   217   962697.0000      Cuts: 58    22889   77.86%
      0     0   213594.9313   217   962697.0000     Cuts: 118    23300   77.81%
      0     0   214197.5123   219   962697.0000     Cuts: 165    23614   77.75%
      0     0   214628.7443   217   962697.0000     Cuts: 101    23876   77.71%
      0     0   215038.3591   223   962697.0000     Cuts: 104    24096   77.66%
      0     0   215504.2547   233   962697.0000      Cuts: 71    24402   77.61%
      0     0   216055.7635   216   962697.0000      Cuts: 74    24709   77.56%
      0     0   216767.3587   215   962697.0000  ZeroHalf: 68    25051   77.48%
      0     0   217453.4866   234   962697.0000     Cuts: 183    25494   77.41%
      0     0   217951.3005   224   962697.0000      Cuts: 70    25816   77.36%
      0     0   218476.0222   237   962697.0000     Cuts: 156    26118   77.31%
      0     0   219076.2055   226   962697.0000      Cuts: 73    26382   77.24%
      0     0   219651.9778   252   962697.0000     Cuts: 140    26724   77.18%
      0     0   219847.7277   254   962697.0000      Cuts: 37    26905   77.16%
      0     0   220179.0960   257   962697.0000      Cuts: 64    27099   77.13%
      0     0   220738.0102   246   962697.0000      Cuts: 33    27317   77.07%
      0     0   221046.3859   261   962697.0000      Cuts: 74    27544   77.04%
      0     0   221321.9989   253   962697.0000      Cuts: 35    27733   77.01%
      0     0   221542.6288   252   962697.0000      Cuts: 47    27927   76.99%
      0     0   221755.1402   256   962697.0000      Cuts: 33    28202   76.97%
      0     0   222093.2342   248   962697.0000      Cuts: 80    28413   76.93%
      0     0   222519.2677   254   962697.0000      Cuts: 42    28679   76.89%
      0     0   222872.3638   229   962697.0000      Cuts: 95    28871   76.85%
      0     0   223137.5736   234   962697.0000     Cuts: 146    29056   76.82%
      0     0   223283.8957   233   962697.0000      Cuts: 39    29190   76.81%
      0     0   223428.1219   235   962697.0000      Cuts: 40    29384   76.79%
*     0+    0                       959917.0000   223428.1219            76.72%
Detecting symmetries...
      0     2   223428.1219   235   959917.0000   223428.1219    29384   76.72%
Elapsed time = 51.47 sec. (37838.70 ticks, tree = 0.02 MB, solutions = 11)
      2     4   223507.4583   225   959917.0000   223429.1310    29541   76.72%
      6     8   247229.4177   195   959917.0000   223507.5640    31127   76.72%
     16    10   264101.6548   187   959917.0000   223963.8046    32288   76.67%
     27    18   230627.6225   220   959917.0000   223963.8046    35970   76.67%
     39    19   287653.0352   170   959917.0000   223963.8046    36314   76.67%
     51    25   250997.3107   208   959917.0000   223963.8046    37717   76.67%
     58    54   260154.9811   192   959917.0000   223963.8046    47617   76.67%
     68    65   250303.8122   195   959917.0000   223963.8046    52226   76.67%
     79    71   326241.3408   141   959917.0000   223963.8046    54569   76.67%
    128    98   245102.3107   208   959917.0000   223963.8046    67087   76.67%
Elapsed time = 81.75 sec. (41290.06 ticks, tree = 2.16 MB, solutions = 11)
    181   175   342373.8127   135   959917.0000   223963.8046    91235   76.67%
    238   219   496336.2500    92   959917.0000   223963.8046   102268   76.67%
    333   303   566231.5000    80   959917.0000   223963.8046   115818   76.67%
    450   383   716301.0000    70   959917.0000   223963.8046   125213   76.67%
    595   494   807434.0000    54   959917.0000   223963.8046   134764   76.67%
    758   660   879649.5000    36   959917.0000   223963.8046   148094   76.67%
*   928   742      integral     0   955998.0000   223963.8046   152006   76.57%
    964   795   777290.5000    59   955998.0000   223963.8046   155671   76.57%
   1083   815   306048.9116   181   955998.0000   223963.8046   157864   76.57%
   1162  1062   366175.4213   149   955998.0000   223963.8046   179454   76.57%
   1215  1128   292659.8602   179   955998.0000   223963.8046   193227   76.57%
Elapsed time = 162.46 sec. (50947.23 ticks, tree = 135.39 MB, solutions = 12)
   1266  1166   375424.2683   160   955998.0000   223963.8046   202980   76.57%
   1321  1211   320220.8600   167   955998.0000   223963.8046   216213   76.57%
   1384  1233   452253.1522   147   955998.0000   223963.8046   223344   76.57%
*  1478+ 1309                       920824.0000   223963.8046            75.68%
   1500  1310   772006.0000    51   920824.0000   223963.8046   241367   75.68%
   1694  1431   578014.7500    88   920824.0000   223963.8046   259077   75.68%
   1791  1428   390389.2005   132   920824.0000   223963.8046   262675   75.68%

Performing restart 1

Repeating presolve.
Tried aggregator 1 time.
MIP Presolve eliminated 641 rows and 17 columns.
Reduced MIP has 57009 rows, 3635 columns, and 170927 nonzeros.
Reduced MIP has 3635 binaries, 0 generals, 0 SOSs, and 0 indicators.
Presolve time = 0.08 sec. (77.51 ticks)
Tried aggregator 1 time.
Reduced MIP has 57009 rows, 3635 columns, and 170927 nonzeros.
Reduced MIP has 3635 binaries, 0 generals, 0 SOSs, and 0 indicators.
Presolve time = 0.10 sec. (94.69 ticks)
Represolve time = 0.28 sec. (246.92 ticks)
*  1794+    0                       918469.0000   223963.8046            75.62%
   1794     0   223697.3809   240   918469.0000     Cuts: 107   285523   75.62%
   1794     0   224127.2501   241   918469.0000     Cuts: 105   285886   75.60%
   1794     0   224599.6643   237   918469.0000     Cuts: 135   286202   75.55%
*  1794+    0                       918385.0000   224599.6643            75.54%
   1794     0  -1.00000e+75     0   918385.0000   224599.6643   286202   75.54%
   1794     0   225056.6527   237   918385.0000     Cuts: 142   286437   75.49%
   1794     0   225616.3739   235   918385.0000     Cuts: 123   286754   75.43%
   1794     0   226018.0762   230   918385.0000     Cuts: 118   287075   75.39%
   1794     0   226408.6644   237   918385.0000     Cuts: 166   287361   75.35%
   1794     0   226897.3762   233   918385.0000     Cuts: 125   287726   75.29%
   1794     0   227504.8892   235   918385.0000     Cuts: 140   288094   75.23%
   1794     0   228108.5097   232   918385.0000     Cuts: 148   288400   75.16%
   1794     0   228806.0640   246   918385.0000      Cuts: 81   288866   75.09%
   1794     0   229490.4267   251   918385.0000      Cuts: 81   289250   75.01%
   1794     0   230093.9381   252   918385.0000     Cuts: 104   289627   74.95%
   1794     0   230538.0126   244   918385.0000      Cuts: 70   289990   74.90%
   1794     0   230801.5007   247   918385.0000      Cuts: 76   290226   74.87%
   1794     0   231135.5985   237   918385.0000      Cuts: 75   290489   74.83%
   1794     0   231689.5586   231   918385.0000      Cuts: 89   290764   74.77%
   1794     0   232006.2087   237   918385.0000      Cuts: 72   291024   74.74%
   1794     0   232442.0335   249   918385.0000     Cuts: 103   291448   74.69%
   1794     0   232876.6848   243   918385.0000      Cuts: 76   291690   74.64%
   1794     0   233391.3824   245   918385.0000      Cuts: 94   291995   74.59%
   1794     0   233968.1006   234   918385.0000      Cuts: 73   292431   74.52%
   1794     0   234358.7379   246   918385.0000     Cuts: 176   292692   74.48%
   1794     0   234677.5002   235   918385.0000      Cuts: 82   292945   74.45%
   1794     0   235045.6179   233   918385.0000      Cuts: 87   293239   74.41%
   1794     0   235251.7873   238   918385.0000      Cuts: 67   293488   74.38%
   1794     0   235418.2015   240   918385.0000      Cuts: 56   293665   74.37%
   1794     0   235562.5368   235   918385.0000      Cuts: 48   293861   74.35%
   1794     0   236068.8109   242   918385.0000      Cuts: 89   294232   74.30%
   1794     0   236359.1401   240   918385.0000      Cuts: 86   294511   74.26%
   1794     0   236598.3914   230   918385.0000      Cuts: 36   294748   74.24%
   1794     0   236783.8864   247   918385.0000     Cuts: 113   294958   74.22%
   1794     0   237129.9782   233   918385.0000      Cuts: 67   295251   74.18%
   1794     0   237485.1364   236   918385.0000      Cuts: 75   295574   74.14%
   1794     0   237850.0199   230   918385.0000     Cuts: 116   295903   74.10%
   1794     0   238241.0523   237   918385.0000      Cuts: 91   296234   74.06%
   1794     0   238522.4424   236   918385.0000      Cuts: 74   296455   74.03%
   1794     0   238828.6980   235   918385.0000      Cuts: 97   296708   73.99%
   1794     0   239175.9753   240   918385.0000      Cuts: 78   296978   73.96%
   1794     0   239611.5664   241   918385.0000      Cuts: 75   297232   73.91%
   1794     0   239924.3471   232   918385.0000      Cuts: 75   297440   73.88%
   1794     0   240442.3647   236   918385.0000      Cuts: 67   297714   73.82%
   1794     0   240733.9541   242   918385.0000      Cuts: 64   297996   73.79%
   1794     0   241037.0760   231   918385.0000      Cuts: 66   298217   73.75%
   1794     0   241249.8004   234   918385.0000      Cuts: 91   298415   73.73%
   1794     0   241529.3056   232   918385.0000      Cuts: 48   298680   73.70%
   1794     0   241794.2723   237   918385.0000      Cuts: 98   298929   73.67%
   1794     0   241920.0901   233   918385.0000      Cuts: 32   299106   73.66%
   1794     0   242223.0466   226   918385.0000      Cuts: 82   299305   73.63%
   1794     0   242352.6684   235   918385.0000      Cuts: 75   299501   73.61%
   1794     0   242608.3716   230   918385.0000      Cuts: 83   299733   73.58%
   1794     0   243058.9057   236   918385.0000      Cuts: 58   300035   73.53%
   1794     0   243374.5897   235   918385.0000      Cuts: 95   300308   73.50%
   1794     0   243786.6169   238   918385.0000      Cuts: 65   300602   73.45%
   1794     0   244173.8681   242   918385.0000     Cuts: 106   300873   73.41%
   1794     0   244409.2218   238   918385.0000      Cuts: 76   301056   73.39%
   1794     0   244695.9367   238   918385.0000      Cuts: 57   301266   73.36%
   1794     0   245009.4433   233   918385.0000      Cuts: 50   301581   73.32%
   1794     0   245281.9799   239   918385.0000      Cuts: 78   301809   73.29%
   1794     0   245635.6251   232   918385.0000      Cuts: 79   302051   73.25%
   1794     0   245856.2596   238   918385.0000      Cuts: 55   302306   73.23%
   1794     0   246107.4826   240   918385.0000      Cuts: 46   302541   73.20%
   1794     0   246297.5555   235   918385.0000      Cuts: 92   302762   73.18%
   1794     0   246573.9509   236   918385.0000      Cuts: 78   303007   73.15%
   1794     0   246826.3305   233   918385.0000     Cuts: 113   303276   73.12%
   1794     0   246990.2550   235   918385.0000      Cuts: 43   303439   73.11%
   1794     0   247332.8605   237   918385.0000      Cuts: 75   303669   73.07%
   1794     0   247579.5267   238   918385.0000      Cuts: 55   303818   73.04%
   1794     0   247850.1708   236   918385.0000      Cuts: 36   304037   73.01%
   1794     0   248068.4175   229   918385.0000      Cuts: 36   304226   72.99%
   1794     0   248295.4872   227   918385.0000     Cuts: 116   304478   72.96%
   1794     0   248501.4444   231   918385.0000      Cuts: 90   304707   72.94%
   1794     0   248866.2298   231   918385.0000      Cuts: 83   304965   72.90%
   1794     0   249343.2247   231   918385.0000     Cuts: 124   305254   72.85%
   1794     0   249648.3333   234   918385.0000      Cuts: 57   305557   72.82%
   1794     0   249967.7561   232   918385.0000      Cuts: 70   305800   72.78%
   1794     0   250173.7508   230   918385.0000      Cuts: 90   305979   72.76%
   1794     0   250406.5491   226   918385.0000      Cuts: 76   306181   72.73%
   1794     0   250551.7708   228   918385.0000      Cuts: 56   306313   72.72%
   1794     0   250654.2283   234   918385.0000      Cuts: 36   306477   72.71%
   1794     0   250766.7366   233   918385.0000  ZeroHalf: 46   306615   72.69%
   1794     0   250823.8256   231   918385.0000  ZeroHalf: 37   306724   72.69%
   1794     2   250823.8256   231   918385.0000   250823.8256   306724   72.69%
   1795     3   250984.7003   226   918385.0000   250985.0051   306867   72.67%
   1796     4   250985.3263   226   918385.0000   250985.4244   306880   72.67%
   1797     5   250986.9164   227   918385.0000   250987.0601   306891   72.67%
Elapsed time = 351.99 sec. (124962.59 ticks, tree = 0.02 MB, solutions = 16)
   1799     6   251001.0540   221   918385.0000   250989.0042   306942   72.67%
   1801     8   251001.1270   220   918385.0000   251002.7032   307673   72.67%
   1802    10   251054.5690   220   918385.0000   251055.4150   308459   72.66%
   1803     5   268799.0943   216   918385.0000   251055.4150   307692   72.66%
   1807     9   275722.5055   215   918385.0000   251059.7345   308832   72.66%
   1810    14   270056.3250   223   918385.0000   251059.7345   310732   72.66%
   1811    15   276732.3791   218   918385.0000   251059.7345   312113   72.66%
   1815    12   269805.9605   225   918385.0000   251059.7345   309612   72.66%
   1818    19   278641.8256   215   918385.0000   251059.7345   311686   72.66%
   1821    19   251907.7557   224   918385.0000   251059.7345   311553   72.66%
Elapsed time = 450.68 sec. (137199.85 ticks, tree = 1.38 MB, solutions = 16)
   1825    22   277583.4468   225   918385.0000   251059.7345   313794   72.66%
   1830    29   271171.1397   209   918385.0000   251059.7345   316900   72.66%
   1833    35   291747.8305   183   918385.0000   251059.7345   321053   72.66%
   1840    33   270968.8749   224   918385.0000   251059.7345   318959   72.66%
   1842    37   278351.0531   234   918385.0000   251059.7345   321706   72.66%
   1846    35   290487.0849   187   918385.0000   251059.7345   321089   72.66%
   1851    38   278661.0463   240   918385.0000   251059.7345   321885   72.66%
   1854    56   295696.7109   212   918385.0000   251059.7345   329034   72.66%
   1861    61   280446.2629   221   918385.0000   251059.7345   329852   72.66%
   1881    64   319979.4128   198   918385.0000   251059.7345   330748   72.66%
Elapsed time = 547.66 sec. (147911.34 ticks, tree = 5.93 MB, solutions = 16)
   1898    77   273493.3592   207   918385.0000   251059.7345   333355   72.66%
   1919    72   297359.9161   207   918385.0000   251059.7345   332773   72.66%
   1939   109   304540.0723   217   918385.0000   251059.7345   342996   72.66%
   1961   106   299007.9170   207   918385.0000   251059.7345   341846   72.66%
   1987   111   274031.9462   199   918385.0000   251059.7345   343340   72.66%
   2012   114   274621.4616   214   918385.0000   251059.7345   345576   72.66%
   2038   143   278259.6816   189   918385.0000   251059.7345   349805   72.66%
   2066   213   276892.1249   207   918385.0000   251059.7345   371251   72.66%
   2092   221   309134.8834   215   918385.0000   251059.7345   374045   72.66%
   2109   224   279233.9583   201   918385.0000   251059.7345   373662   72.66%
Elapsed time = 636.23 sec. (157807.52 ticks, tree = 13.85 MB, solutions = 16)
   2132   251   321780.1852   195   918385.0000   251059.7345   384675   72.66%
   2160   261   281908.6917   186   918385.0000   251059.7345   386108   72.66%
   2176   279   262884.4327   217   918385.0000   251059.7345   388756   72.66%
   2197   335   367127.4047   209   918385.0000   251059.7345   405401   72.66%
   2220   354   290760.2960   196   918385.0000   251059.7345   407028   72.66%
   2239   355   314725.4322   185   918385.0000   251059.7345   408147   72.66%
   2265   394   346751.7694   171   918385.0000   251059.7345   418468   72.66%
   2295   434   311871.5215   185   918385.0000   251059.7345   426717   72.66%
   2315   472   293128.8147   197   918385.0000   251059.7345   438462   72.66%
   2333   458   290175.6076   206   918385.0000   251059.7345   434620   72.66%
Elapsed time = 740.30 sec. (167932.65 ticks, tree = 27.31 MB, solutions = 16)
   2360   478   297453.2452   212   918385.0000   251059.7345   440216   72.66%
   2374   483   299720.2354   214   918385.0000   251059.7345   441277   72.66%
   2391   512   308974.0670   175   918385.0000   251059.7345   451785   72.66%
   2417   502   354595.3374   206   918385.0000   251059.7345   447983   72.66%
   2444   572   301464.3913   207   918385.0000   251059.7345   464905   72.66%
   2466   575   302129.5401   207   918385.0000   251059.7345   466131   72.66%
   2481   558   327232.8168   212   918385.0000   251059.7345   459483   72.66%
   2493   660   328793.4275   212   918385.0000   251059.7345   485530   72.66%
   2517   503   323781.3084   219   918385.0000   251059.7345   451287   72.66%
   2530   663   329071.7825   232   918385.0000   251059.7345   487314   72.66%
Elapsed time = 844.01 sec. (177823.95 ticks, tree = 34.60 MB, solutions = 16)
   2544   579   305435.1383   230   918385.0000   251059.7345   467874   72.66%
   2573   690   361300.5348   249   918385.0000   251059.7345   494327   72.66%
   2584   721   278928.0147   190   918385.0000   251059.7345   501209   72.66%
   2603   695   416842.0251   194   918385.0000   251059.7345   496189   72.66%
   2615   755   296519.4054   213   918385.0000   251059.7345   511643   72.66%
   2629   700   373065.2908   200   918385.0000   251059.7345   498180   72.66%
   2668   746   334202.6986   203   918385.0000   251059.7345   509605   72.66%
   2694   813   284904.8002   190   918385.0000   251059.7345   525972   72.66%
   2714   762   325434.1513   173   918385.0000   251059.7345   511469   72.66%
   2739   771   355145.2273   129   918385.0000   251059.7345   512637   72.66%
Elapsed time = 944.48 sec. (187785.75 ticks, tree = 34.99 MB, solutions = 16)
   2763   903   304500.6928   202   918385.0000   251059.7345   546323   72.66%
   2795   819   352914.4829   175   918385.0000   251059.7345   530509   72.66%
   2817   856   337222.2964   242   918385.0000   251059.7345   536079   72.66%
   2833   857   337222.3681   243   918385.0000   251059.7345   536080   72.66%
   2857   996   324655.2389   258   918385.0000   251059.7345   569909   72.66%
   2873   955   305963.6361   218   918385.0000   251059.7345   562065   72.66%
   2898  1012   333671.7521   208   918385.0000   251059.7345   573585   72.66%
   2926   954   304764.5976   205   918385.0000   251059.7345   559866   72.66%
   2944  1058   318132.3418   210   918385.0000   251059.7345   582316   72.66%
   3023  1088   308094.2764   184   918385.0000   251059.7345   586272   72.66%
Elapsed time = 1087.17 sec. (200578.21 ticks, tree = 37.07 MB, solutions = 16)
   3139  1198   348460.0455   190   918385.0000   251059.7345   617599   72.66%
   3262  1372   312864.7410   238   918385.0000   251059.7345   646864   72.66%
   3412  1379   350607.8759   178   918385.0000   251059.7345   649640   72.66%
   3570  1546   370381.3526   196   918385.0000   251059.7345   681280   72.66%
   3722  1714   347747.4950   203   918385.0000   251059.7345   709793   72.66%
   3838  1855   338335.1015   192   918385.0000   251059.7345   734122   72.66%
   3960  2001   362392.8602   178   918385.0000   251059.7345   756091   72.66%
   4101  2129   476076.4667   158   918385.0000   251059.7345   774630   72.66%
   4272  2295   405279.9631   145   918385.0000   251059.7345   796808   72.66%
   4409  2446   393288.0570   194   918385.0000   251059.7345   811277   72.66%
Elapsed time = 1487.99 sec. (239030.28 ticks, tree = 353.21 MB, solutions = 16)
   4580  2510   417855.0686   179   918385.0000   251059.7345   815392   72.66%
   4776  2840   469430.4000   104   918385.0000   251059.7345   848213   72.66%
   4945  2973   437156.1265   148   918385.0000   251059.7345   857000   72.66%
   5121  3118   451418.2188   187   918385.0000   251059.7345   865970   72.66%
   5326  3341   494538.6350   218   918385.0000   251059.7345   881757   72.66%
   5555  3432   501457.8868   152   918385.0000   251059.7345   885470   72.66%
   5835  3646   529750.8129   164   918385.0000   251059.7345   898924   72.66%
   6134  3927   308530.7687   182   918385.0000   251059.7345   911774   72.66%
   6407  4284   593652.8452   142   918385.0000   251844.4593   925312   72.58%
   6836  4487   804239.5000    85   918385.0000   251844.4593   935192   72.58%
Elapsed time = 1859.34 sec. (277343.36 ticks, tree = 1239.99 MB, solutions = 16)
   7260  4765   634530.4384   154   918385.0000   252037.2113   951559   72.56%
   7494  5415   335488.1572   207   918385.0000   257159.6282   992498   72.00%
   7756  5580   478826.0000    85   918385.0000   257159.6282  1009044   72.00%
   8018  5943   616326.9000   136   918385.0000   257159.6282  1047772   72.00%
   8321  6038   336990.2528   187   918385.0000   257159.6282  1061062   72.00%
   8677  6401   722204.6807   122   918385.0000   257159.6282  1099957   72.00%
*  8920+ 6633                       909396.0000   259457.2702            71.47%
   8971  6830   777572.3333    65   909396.0000   259457.2702  1140035   71.47%
   9362  6934   870192.7500    97   909396.0000   259457.2702  1142406   71.47%
   9705  7620   559216.5000    76   909396.0000   259457.2702  1219851   71.47%
  10121  7688   378984.6546   233   909396.0000   259457.2702  1226165   71.47%
Elapsed time = 2220.13 sec. (315613.98 ticks, tree = 2576.44 MB, solutions = 17)
Nodefile size = 523.06 MB (322.79 MB after compression)
  10678  8168   807771.9375    94   909396.0000   259457.2702  1259229   71.47%
  11250  8349   423482.9953   194   909396.0000   260360.8047  1277370   71.37%
  11506  9075   320604.3346   237   909396.0000   260360.8047  1309074   71.37%
  11730  9155   345331.0142   207   909396.0000   260485.2051  1316892   71.36%
  11992  9606   374981.5191   208   909396.0000   262852.2189  1355839   71.10%
  12332  9850   295724.9649   221   909396.0000   262852.2189  1391041   71.10%
  12647 10117   448964.1409   194   909396.0000   262852.2189  1413426   71.10%
  12886 10380   362593.9545   204   909396.0000   266861.0030  1443976   70.66%
  13144 10828   401678.7516   218   909396.0000   267098.4346  1483224   70.63%
  13508 11043   368034.1354   223   909396.0000   267098.4346  1519370   70.63%
Elapsed time = 2614.50 sec. (353966.45 ticks, tree = 3340.11 MB, solutions = 17)
Nodefile size = 1286.25 MB (775.77 MB after compression)
  13864 11359   420833.3885   227   909396.0000   267098.4346  1545746   70.63%
  14176 11599   423803.1363   216   909396.0000   267136.6202  1565143   70.62%
  14467 12198   392947.5480   220   909396.0000   267822.4696  1616679   70.55%
  14773 12254   431904.5759   204   909396.0000   268474.3642  1620530   70.48%
  15185 12501   420134.6225   204   909396.0000   268474.3642  1652937   70.48%
  15562 13312   323207.7868   180   909396.0000   268801.1857  1724683   70.44%
  15891 13295   395386.7939   202   909396.0000   268801.1857  1722879   70.44%
  16171 13804   437779.7349   215   909396.0000   269145.3148  1763861   70.40%
  16517 14049   526102.6667   150   909396.0000   269468.5400  1799481   70.37%
  16927 14162   598177.7917   113   909396.0000   269833.0995  1819505   70.33%
Elapsed time = 3017.54 sec. (392204.41 ticks, tree = 3842.10 MB, solutions = 17)
Nodefile size = 1762.81 MB (1065.95 MB after compression)
* 17032+14170                       906452.0000   269833.0995            70.23%
  17259 14599   299622.2321   224   906452.0000   269833.0995  1854399   70.23%
* 17435+14735                       904828.0000   270057.0593            70.15%
  17596 14838   314901.0149   208   904828.0000   270057.0593  1883507   70.15%
* 17913+15118                       897625.0000   270147.1475            69.90%
  17972 15322   345266.7045   223   897625.0000   270147.1475  1932647   69.90%
  18251 15913   368565.0637   219   897625.0000   270386.6606  1990585   69.88%
  18564 16209   345818.8162   199   897625.0000   270550.4492  2029237   69.86%
  18929 16327   424573.5975   201   897625.0000   270550.4492  2037795   69.86%
Starting limited solution polishing.
* 19140+16356                       896995.0000   270550.4492            69.84%
* 19265+16419                       892301.0000   270554.5267            69.68%
  19265 16608   399084.6304   251   892301.0000   270554.5267  2066558   69.68%
  19567 17055   396711.9795   208   892301.0000   270672.8449  2107001   69.67%
* 19752+16984                       891671.0000   270672.8449            69.64%
  19889 17148   352652.1655   193   891671.0000   271010.2127  2118361   69.61%
  20176 17428   447041.6521   252   891671.0000   271010.2127  2139843   69.61%
Elapsed time = 3371.63 sec. (430470.71 ticks, tree = 4997.44 MB, solutions = 24)
Nodefile size = 2902.42 MB (1770.28 MB after compression)
  20287 17812   401538.3235   219   891671.0000   271287.3563  2182443   69.58%
  20372 17882   418239.8225   213   891671.0000   271287.3563  2188114   69.58%
  20602 17961   420390.3735   182   891671.0000   271287.3563  2194258   69.58%
* 20760+18006                       890608.0000   271448.6966            69.52%
  20893 18324   431472.4055   230   890608.0000   271448.6966  2225125   69.52%
* 21127+18248                       888522.0000   271448.6966            69.45%
* 21143+18248                       888443.0000   271448.6966            69.45%
  21205 18659   299076.3652   207   888443.0000   271529.0301  2253376   69.44%
  21472 18586   383694.1528   203   888443.0000   271529.0301  2247722   69.44%
* 21479+18815                       876229.0000   271529.0301            69.01%
* 21702+18815                       873907.0000   271766.2956            68.90%
  21707 19337   391106.6171   222   873907.0000   271766.2956  2322881   68.90%
  21966 19134   367712.4216   215   873907.0000   271800.4447  2305881   68.90%
  22203 19390   442098.7445   242   873907.0000   272179.4689  2345103   68.85%
  22252 19368   417074.7101   241   873907.0000   272179.4689  2325592   68.85%
Elapsed time = 3602.08 sec. (469583.35 ticks, tree = 5568.83 MB, solutions = 31)
Nodefile size = 3507.99 MB (2144.30 MB after compression)

Implied bound cuts applied:  263
Zero-half cuts applied:  413
Lift and project cuts applied:  13

Root node processing (before b&c):
  Real time             =   51.40 sec. (37738.38 ticks)
Parallel b&c, 8 threads:
  Real time             = 3550.68 sec. (435428.65 ticks)
  Sync time (average)   =  544.32 sec.
  Wait time (average)   =    0.01 sec.
                          ------------
Total (root+branch&cut) = 3602.08 sec. (473167.03 ticks)
Status: Feasible
Obj: 873907

Instalacoes abertas:
Instalação 0 aberta
Instalação 1 aberta
Instalação 4 aberta
Instalação 5 aberta
Instalação 8 aberta
Instalação 9 aberta
Instalação 13 aberta
Instalação 16 aberta
Instalação 18 aberta
Instalação 19 aberta
Instalação 20 aberta
Instalação 22 aberta
Instalação 23 aberta
Instalação 25 aberta
Instalação 27 aberta
Instalação 30 aberta
Instalação 31 aberta
Instalação 34 aberta
Instalação 35 aberta
Instalação 39 aberta
Instalação 46 aberta
Instalação 47 aberta
Instalação 49 aberta

Atribuições (cliente -> instalação):
Cliente 0 -> Instalação 9
Cliente 1 -> Instalação 34
Cliente 2 -> Instalação 8
Cliente 3 -> Instalação 23
Cliente 4 -> Instalação 8
Cliente 5 -> Instalação 0
Cliente 6 -> Instalação 16
Cliente 7 -> Instalação 39
Cliente 8 -> Instalação 1
Cliente 9 -> Instalação 19
Cliente 10 -> Instalação 18
Cliente 11 -> Instalação 19
Cliente 12 -> Instalação 47
Cliente 13 -> Instalação 18
Cliente 14 -> Instalação 35
Cliente 15 -> Instalação 20
Cliente 16 -> Instalação 35
Cliente 17 -> Instalação 25
Cliente 18 -> Instalação 31
Cliente 19 -> Instalação 13
Cliente 20 -> Instalação 13
Cliente 21 -> Instalação 20
Cliente 22 -> Instalação 22
Cliente 23 -> Instalação 30
Cliente 24 -> Instalação 16
Cliente 25 -> Instalação 25
Cliente 26 -> Instalação 0
Cliente 27 -> Instalação 27
Cliente 28 -> Instalação 5
Cliente 29 -> Instalação 49
Cliente 30 -> Instalação 23
Cliente 31 -> Instalação 9
Cliente 32 -> Instalação 1
Cliente 33 -> Instalação 31
Cliente 34 -> Instalação 34
Cliente 35 -> Instalação 49
Cliente 36 -> Instalação 9
Cliente 37 -> Instalação 16
Cliente 38 -> Instalação 4
Cliente 39 -> Instalação 39
Cliente 40 -> Instalação 5
Cliente 41 -> Instalação 18
Cliente 42 -> Instalação 47
Cliente 43 -> Instalação 8
Cliente 44 -> Instalação 4
Cliente 45 -> Instalação 46
Cliente 46 -> Instalação 13
Cliente 47 -> Instalação 47
Cliente 48 -> Instalação 4
Cliente 49 -> Instalação 20
