Version identifier: 22.1.1.0 | 2022-11-28 | 9160aff4d
CPXPARAM_TimeLimit                               3600
Tried aggregator 1 time.
MIP Presolve eliminated 50 rows and 1 columns.
Reduced MIP has 28150 rows, 3062 columns, and 84350 nonzeros.
Reduced MIP has 3062 binaries, 0 generals, 0 SOSs, and 0 indicators.
Presolve time = 0.04 sec. (40.70 ticks)
Found incumbent of value 2.2340347e+07 after 0.05 sec. (51.53 ticks)
Probing time = 0.01 sec. (5.99 ticks)
Tried aggregator 1 time.
Detecting symmetries...
Reduced MIP has 28150 rows, 3062 columns, and 84350 nonzeros.
Reduced MIP has 3062 binaries, 0 generals, 0 SOSs, and 0 indicators.
Presolve time = 0.06 sec. (49.03 ticks)
Probing time = 0.02 sec. (5.99 ticks)
Clique table members: 2500.
MIP emphasis: balance optimality and feasibility.
MIP search method: dynamic search.
Parallel mode: deterministic, using up to 8 threads.
Root relaxation solution time = 0.10 sec. (42.60 ticks)

        Nodes                                         Cuts/
   Node  Left     Objective  IInf  Best Integer    Best Bound    ItCnt     Gap

*     0+    0                       2.23403e+07        0.0000           100.00%
*     0+    0                       1.67755e+07        0.0000           100.00%
*     0+    0                       772825.0000        0.0000           100.00%
*     0+    0                       698656.0000        0.0000           100.00%
      0     0    93774.0000   100   698656.0000    93774.0000      194   86.58%
*     0+    0                       477328.0000    93774.0000            80.35%
      0     0   106217.5000   100   477328.0000    Cuts: 1254      420   77.75%
      0     0   118774.0000    98   477328.0000    Cuts: 1198      665   75.12%
*     0+    0                       401337.0000   118774.0000            70.41%
      0     0   129449.5417   213   401337.0000 ZeroHalf: 506     1842   67.75%
*     0+    0                       401224.0000   129449.5417            67.74%
      0     0  -1.00000e+75     0   401224.0000   129449.5417     1842   67.74%
*     0+    0                       347763.0000   129449.5417            62.78%
      0     0   135267.7244   224   347763.0000 ZeroHalf: 332     2504   61.10%
      0     0   142873.1752   187   347763.0000     Cuts: 700     3369   58.92%
Detecting symmetries...
      0     0   147341.6345   178   347763.0000     Cuts: 249     3960   57.63%
      0     0   150514.9773   178   347763.0000     Cuts: 203     4442   56.72%
      0     0   152679.0702   197   347763.0000     Cuts: 192     4807   56.10%
      0     0   153793.7061   199   347763.0000      Cuts: 95     5127   55.78%
      0     0   155053.0187   216   347763.0000     Cuts: 222     5354   55.41%
      0     0   155912.2206   185   347763.0000      Cuts: 92     5581   55.17%
      0     0   156659.9702   203   347763.0000      Cuts: 68     5758   54.95%
      0     0   157362.1394   178   347763.0000     Cuts: 200     5959   54.75%
      0     0   158285.9071   181   347763.0000     Cuts: 102     6162   54.48%
      0     0   158974.4535   190   347763.0000      Cuts: 55     6353   54.29%
      0     0   159754.2472   179   347763.0000     Cuts: 112     6638   54.06%
      0     0   160447.4120   211   347763.0000      Cuts: 58     6871   53.86%
      0     0   161109.7058   179   347763.0000      Cuts: 96     7124   53.67%
      0     0   161952.6630   206   347763.0000      Cuts: 47     7347   53.43%
      0     0   162800.2039   178   347763.0000     Cuts: 104     7628   53.19%
      0     0   163667.2156   213   347763.0000      Cuts: 65     7850   52.94%
      0     0   164196.1959   207   347763.0000      Cuts: 61     8083   52.79%
      0     0   165325.8556   178   347763.0000      Cuts: 82     8394   52.46%
      0     0   165754.4750   178   347763.0000      Cuts: 67     8531   52.34%
      0     0   166069.1578   211   347763.0000      Cuts: 41     8664   52.25%
      0     0   166301.3606   216   347763.0000      Cuts: 46     8849   52.18%
      0     0   166622.0610   185   347763.0000     Cuts: 174     9072   52.09%
      0     0   166816.8568   183   347763.0000      Cuts: 31     9217   52.03%
      0     0   167038.6179   181   347763.0000      Cuts: 53     9346   51.97%
      0     0   167228.5541   189   347763.0000      Cuts: 46     9475   51.91%
      0     0   167389.7612   179   347763.0000      Cuts: 23     9576   51.87%
      0     0   167484.7801   181   347763.0000      Cuts: 42     9651   51.84%
      0     0   167607.5318   184   347763.0000      Cuts: 45     9731   51.80%
      0     0   167658.9686   184   347763.0000      Cuts: 26     9783   51.79%
      0     0   167935.1000   183   347763.0000      Cuts: 49     9927   51.71%
      0     0   168137.5521   181   347763.0000      Cuts: 35    10048   51.65%
      0     0   168547.7847   178   347763.0000      Cuts: 27    10178   51.53%
      0     0   168710.0326   188   347763.0000      Cuts: 40    10299   51.49%
      0     0   169001.4097   180   347763.0000      Cuts: 25    10440   51.40%
      0     0   169237.6902   181   347763.0000      Cuts: 36    10569   51.34%
      0     0   169438.9203   215   347763.0000      Cuts: 25    10688   51.28%
      0     0   169636.7786   180   347763.0000      Cuts: 52    10818   51.22%
      0     0   169734.9413   182   347763.0000      Cuts: 19    10918   51.19%
      0     0   169810.8294   211   347763.0000      Cuts: 19    11013   51.17%
      0     0   169840.5610   213   347763.0000      Cuts: 18    11077   51.16%
Detecting symmetries...
      0     2   169840.5610   213   347763.0000   169840.5610    11077   51.16%
Elapsed time = 19.99 sec. (9014.04 ticks, tree = 0.02 MB, solutions = 8)
      2     3   169872.2433   214   347763.0000   169840.9098    11159   51.16%
      9     9   170865.8388   195   347763.0000   169997.4424    14680   51.12%
     19    16   198502.1795   166   347763.0000   169997.4424    16920   51.12%
     35    28   188119.9832   176   347763.0000   169997.4424    21445   51.12%
     50    32   212002.0312   144   347763.0000   170911.6527    23911   50.85%
     79    56   196370.3281   137   347763.0000   170911.6527    32205   50.85%
    122    98   239831.5000    84   347763.0000   170911.6527    41208   50.85%
    183   117   195734.0000   124   347763.0000   170911.6527    45414   50.85%
    249   200   192882.6571   134   347763.0000   170911.6527    57534   50.85%
    508   369   258069.0000   124   347763.0000   170911.6527    87085   50.85%
Elapsed time = 34.31 sec. (12441.29 ticks, tree = 1.58 MB, solutions = 8)
*   741   663      integral     0   320231.0000   170911.6527   125245   46.63%
    749   631   281403.5000    79   320231.0000   170911.6527   122797   46.63%
    972   756   203886.7008   186   320231.0000   175917.5804   158838   45.07%
   1198   903   318864.8720   141   320231.0000   175917.5804   178350   45.07%
   1411  1133   299758.6111   127   320231.0000   178306.7024   216832   44.32%
   1683  1380   215271.2778   154   320231.0000   182057.9446   243305   43.15%

Performing restart 1

Repeating presolve.
Tried aggregator 2 times.
MIP Presolve eliminated 3747 rows and 254 columns.
Aggregator did 1 substitutions.
Reduced MIP has 24402 rows, 2807 columns, and 73107 nonzeros.
Reduced MIP has 2807 binaries, 0 generals, 0 SOSs, and 0 indicators.
Presolve time = 0.05 sec. (42.78 ticks)
Tried aggregator 1 time.
Reduced MIP has 24402 rows, 2807 columns, and 73107 nonzeros.
Reduced MIP has 2807 binaries, 0 generals, 0 SOSs, and 0 indicators.
Presolve time = 0.05 sec. (43.78 ticks)
Represolve time = 0.13 sec. (127.73 ticks)
*  1718+    0                       315877.0000   182867.1343            42.11%
   1718     0   170744.6874   224   315877.0000      Cuts: 59   261898   42.11%
   1718     0   171508.6467   216   315877.0000      Cuts: 55   262205   42.11%
   1718     0   172376.3129   219   315877.0000      Cuts: 82   262513   42.11%
*  1718+    0                       315692.0000   182867.1343            42.07%
   1718     0  -1.00000e+75     0   315692.0000   182867.1343   262513   42.07%
*  1718+    0                       315484.0000   182867.1343            42.04%
   1718     0   173169.4578   187   315484.0000      Cuts: 61   262814   42.04%
   1718     0   174357.3534   180   315484.0000      Cuts: 98   263106   42.04%
   1718     0   174810.3447   183   315484.0000      Cuts: 76   263228   42.04%
   1718     0   175692.5263   219   315484.0000      Cuts: 77   263519   42.04%
   1718     0   176033.3713   219   315484.0000      Cuts: 66   263654   42.04%
   1718     2   176033.3713   219   315484.0000   182867.1343   263654   42.04%
   1719     3   176217.1934   213   315484.0000   182867.1343   263812   42.04%
   1729    12   183456.7557   181   315484.0000   182867.1343   265317   42.04%
   1745    16   184770.8186   184   315484.0000   182867.1343   268735   42.04%
   1769    36   186247.9630   176   315484.0000   182867.1343   275613   42.04%
Elapsed time = 101.08 sec. (33188.93 ticks, tree = 0.65 MB, solutions = 13)
   1836    57   189260.1364   210   315484.0000   182867.1343   280709   42.04%
   1906   163   204499.3549   161   315484.0000   182867.1343   310696   42.04%
   1936   193   210091.6227   158   315484.0000   182867.1343   316936   42.04%
   1998   244   204745.3003   191   315484.0000   182867.1343   325710   42.04%
   2060   295   209318.2411   177   315484.0000   182867.1343   335113   42.04%
   2093   337   228882.7236   159   315484.0000   182867.1343   343368   42.04%
   2155   366   215035.0067   173   315484.0000   182867.1343   349200   42.04%
   2232   447   211354.1496   204   315484.0000   182867.1343   364263   42.04%
   2300   510   219767.3302   210   315484.0000   182867.1343   376702   42.04%
   2387   557   222714.5188   203   315484.0000   182867.1343   383268   42.04%
Elapsed time = 165.64 sec. (42892.75 ticks, tree = 3.60 MB, solutions = 13)
   2451   698   208695.3016   204   315484.0000   182867.1343   404123   42.04%
   2498   701   210192.0931   197   315484.0000   182867.1343   404749   42.04%
   2559   706   210872.3804   233   315484.0000   182867.1343   405144   42.04%
   2627   814   214028.7451   195   315484.0000   182867.1343   420770   42.04%
   2720   923   223594.5939   206   315484.0000   182867.1343   434984   42.04%
   2816   888   235656.7826   174   315484.0000   182867.1343   432463   42.04%
   2896  1047   250323.4016   168   315484.0000   182867.1343   451512   42.04%
   3007  1145   252052.7527   194   315484.0000   182867.1343   467824   42.04%
   3091  1267   233872.6686   198   315484.0000   182867.1343   481750   42.04%
   3185  1332   290999.7043   142   315484.0000   182867.1343   488091   42.04%
Elapsed time = 232.67 sec. (52537.61 ticks, tree = 6.90 MB, solutions = 13)
   3271  1450   254143.0235   181   315484.0000   182867.1343   503113   42.04%
   3381  1534   272193.6054   166   315484.0000   182867.1343   511950   42.04%
   3500  1638   300584.3919   156   315484.0000   182867.1343   522689   42.04%
   3668  1755        cutoff         315484.0000   182867.1343   541657   42.04%
   3838  1921   232901.5000    91   315484.0000   182867.1343   572885   42.04%
   3940  1958   195194.1859   194   315484.0000   182867.1343   579823   42.04%
   3973  1997   213034.1059   182   315484.0000   182867.1343   586528   42.04%

Performing restart 2

Repeating presolve.
Tried aggregator 1 time.
MIP Presolve eliminated 180 rows and 16 columns.
Reduced MIP has 24222 rows, 2791 columns, and 94044 nonzeros.
Reduced MIP has 2791 binaries, 0 generals, 0 SOSs, and 0 indicators.
Presolve time = 0.09 sec. (91.17 ticks)
Tried aggregator 1 time.
Reduced MIP has 24222 rows, 2791 columns, and 94044 nonzeros.
Reduced MIP has 2791 binaries, 0 generals, 0 SOSs, and 0 indicators.
Presolve time = 0.07 sec. (69.69 ticks)
Represolve time = 0.20 sec. (214.84 ticks)
   3979     0   176800.3407   224   315484.0000      Cuts: 58   622698   42.04%
   3979     0   177051.6629   222   315484.0000      Cuts: 34   622835   42.04%
   3979     0   177341.9219   218   315484.0000      Cuts: 49   622960   42.04%
*  3979+    0                       315397.0000   182867.1343            42.02%
   3979     0  -1.00000e+75     0   315397.0000   182867.1343   622960   42.02%
   3979     0   177653.1722   219   315397.0000      Cuts: 68   623153   42.02%
   3979     0   177787.1286   217   315397.0000      Cuts: 74   623285   42.02%
   3979     0   177931.3311   218   315397.0000      Cuts: 54   623382   42.02%
   3979     0   178014.8283   212   315397.0000      Cuts: 53   623449   42.02%
   3979     0   178346.2276   215   315397.0000      Cuts: 43   623619   42.02%
   3979     2   178346.2276   215   315397.0000   182867.1343   623619   42.02%
   3994    12   204658.3816   162   315397.0000   182867.1343   629102   42.02%
   4079    74   278303.0000    78   315397.0000   182867.1343   651894   42.02%
Elapsed time = 295.39 sec. (70086.78 ticks, tree = 2.22 MB, solutions = 14)
   4239   170   253456.0000    92   315397.0000   182867.1343   674368   42.02%
   4357   264   204454.2075   167   315397.0000   182867.1343   699062   42.02%
   4454   393   286401.0000   101   315397.0000   182867.1343   737402   42.02%
   4584   405   208736.5560   175   315397.0000   182867.1343   744043   42.02%
   4732   583   291260.0000    68   315397.0000   182867.1343   781432   42.02%
   4840   699   219389.3582   171   315397.0000   182867.1343   813344   42.02%
   4961   790   269547.5000    80   315397.0000   182867.1343   832156   42.02%
   5066   913   200970.8186   160   315397.0000   182867.1343   858879   42.02%
   5194  1013   276292.7215   178   315397.0000   182867.1343   879377   42.02%
   5323  1068   209468.0791   164   315397.0000   182867.1343   892462   42.02%
Elapsed time = 346.55 sec. (79742.30 ticks, tree = 5.99 MB, solutions = 14)
   5448  1188   249110.8599   200   315397.0000   190077.5397   921545   39.73%
   5541  1309   222681.7475   142   315397.0000   190077.5397   951218   39.73%
   5673  1447   196435.1537   188   315397.0000   190186.0544   978786   39.70%
   5806  1534        cutoff         315397.0000   190186.0544   999156   39.70%
   5890  1626   221633.1974   157   315397.0000   190925.5684  1022770   39.47%
   6007  1745   274040.9241   197   315397.0000   192909.2497  1051323   38.84%
   6154  1788   263154.6364   130   315397.0000   192909.2497  1065468   38.84%
   6308  1929   215520.8379   193   315397.0000   192909.2497  1094378   38.84%
   6438  2080   212115.3986   189   315397.0000   192909.2497  1131586   38.84%
   6583  2246   203738.2845   164   315397.0000   194625.5074  1170048   38.29%
Elapsed time = 397.13 sec. (89373.37 ticks, tree = 31.36 MB, solutions = 14)
   6705  2312   307381.7056   157   315397.0000   195116.7099  1182863   38.14%
   6883  2489   307010.6667   110   315397.0000   195169.7968  1226465   38.12%
   6987  2584   311789.2429   138   315397.0000   195656.0319  1241756   37.97%
   7123  2648   240649.5000   124   315397.0000   196081.2686  1260607   37.83%
   7245  2819   218253.1192   190   315397.0000   196623.0075  1298893   37.66%
   7378  2966   310958.0141   129   315397.0000   196623.0075  1333199   37.66%
   7509  3049   302250.9588   173   315397.0000   196917.3168  1355276   37.57%
   7672  3171   244866.6250   106   315397.0000   197069.8158  1383554   37.52%
   7802  3254   311317.0000   111   315397.0000   197304.5433  1396342   37.44%
   7954  3397   223372.0769   167   315397.0000   197438.5937  1428495   37.40%
Elapsed time = 449.68 sec. (98980.89 ticks, tree = 50.97 MB, solutions = 14)
   8094  3518   285098.6528   122   315397.0000   197792.6081  1446018   37.29%
   8227  3698   272865.7500   107   315397.0000   198445.9438  1475555   37.08%
   8371  3716   213194.9902   184   315397.0000   198521.6951  1478179   37.06%
   8526  3839   234777.5470   166   315397.0000   198812.7590  1501622   36.96%
   8676  4111   289466.5000   116   315397.0000   199085.4400  1542759   36.88%
   8813  4091   238818.9524   151   315397.0000   199134.7145  1543355   36.86%
   8958  4279   264111.6000   123   315397.0000   199533.4318  1569494   36.74%
   9087  4404   267946.2500    90   315397.0000   199711.5833  1589614   36.68%
   9248  4488   268591.6400   158   315397.0000   199711.5833  1603576   36.68%
   9431  4707        cutoff         315397.0000   199796.9376  1633548   36.65%
Elapsed time = 512.96 sec. (108603.20 ticks, tree = 218.38 MB, solutions = 14)
   9556  4833   245758.7500   118   315397.0000   199796.9376  1649712   36.65%
   9709  4886   246318.5000    83   315397.0000   200661.6451  1658436   36.38%
   9878  5051   312537.5000    82   315397.0000   200661.6451  1684602   36.38%
  10039  5141   243477.6486   127   315397.0000   200933.1320  1697000   36.29%
  10215  5383   288322.3571   128   315397.0000   201244.0074  1736783   36.19%
  10373  5529   214250.4722   169   315397.0000   201370.1057  1756441   36.15%
  10520  5551   271596.6449   138   315397.0000   202108.4947  1759321   35.92%
  10686  5780   225870.2375   134   315397.0000   202385.6732  1799929   35.83%
  10853  5938   300300.8125    87   315397.0000   202538.2837  1824448   35.78%
  11471  6476   255738.5000    74   315397.0000   202923.5238  1892123   35.66%
Elapsed time = 590.78 sec. (121036.92 ticks, tree = 439.04 MB, solutions = 14)
  12113  6893   309142.6818    90   315397.0000   203475.5352  1956460   35.49%
* 12564+ 7346                       309055.0000   203783.3987            34.06%
  12723  7542   264369.5979   147   309055.0000   204150.5638  2052313   33.94%
  13335  7755   217248.8344   167   309055.0000   204754.3783  2147430   33.75%
  13886  8139   297192.4167   121   309055.0000   205237.8115  2202728   33.59%
  14524  8805   248338.4777   153   309055.0000   205591.3834  2308283   33.48%
  15123  9253   295962.5000    97   309055.0000   205819.7964  2380710   33.40%
  15723  9704   280626.6071   134   309055.0000   206372.4612  2453117   33.22%
  16301 10318   291785.3369   158   309055.0000   207165.0766  2545861   32.97%
  16932 10911   219930.1131   176   309055.0000   207481.1875  2645504   32.87%
  17573 11472   260148.0835   144   309055.0000   207887.0454  2735494   32.73%
Elapsed time = 833.66 sec. (159260.52 ticks, tree = 1085.75 MB, solutions = 15)
  18223 11864   258567.7500   101   309055.0000   208321.2509  2790279   32.59%
  18863 12381   231910.7511   155   309055.0000   208492.4003  2870788   32.54%
  19517 13039   292504.8000    83   309055.0000   208907.2072  2969164   32.40%
  19992 13554   283039.0212   142   309055.0000   209125.9624  3039168   32.33%
  20635 13838   300142.7206   148   309055.0000   209474.0628  3082123   32.22%
  21204 14641   232850.6550   171   309055.0000   209577.2605  3195535   32.19%
  21744 15131   246192.8249   158   309055.0000   209878.1391  3266783   32.09%
  22419 15580   258674.0625   131   309055.0000   210116.7903  3334454   32.01%
  23124 16116   251476.8121   153   309055.0000   210427.3141  3408069   31.91%
  23760 16669   216537.6200   156   309055.0000   210631.3073  3477620   31.85%
Elapsed time = 1059.55 sec. (197481.16 ticks, tree = 1761.92 MB, solutions = 15)
  24352 17152   227150.2463   179   309055.0000   210919.9431  3557975   31.75%
  24974 17856   258343.3625   197   309055.0000   211297.1129  3665570   31.63%
  25678 18237   221699.6470   156   309055.0000   211588.8281  3712720   31.54%
  26293 18739   293695.5000    81   309055.0000   211823.5639  3790282   31.46%
  26934 19558   256558.8918   171   309055.0000   212078.2341  3920222   31.38%
  27496 19861   265715.8000   122   309055.0000   212121.3140  3961133   31.36%
  27915 20456   241530.0379   133   309055.0000   212218.3136  4053383   31.33%
  28485 20923   270291.3231   144   309055.0000   212466.4278  4121068   31.25%
  29122 21368   219645.9192   181   309055.0000   212665.8572  4194211   31.19%
  29779 21581   233164.8939   178   309055.0000   212909.6376  4231405   31.11%
Elapsed time = 1283.95 sec. (235679.06 ticks, tree = 2280.19 MB, solutions = 15)
Nodefile size = 215.67 MB (131.15 MB after compression)
  30441 22290   307359.4278   159   309055.0000   213110.0000  4319251   31.04%
  31042 23172   245265.2719   148   309055.0000   213262.5000  4446710   31.00%
  31738 23538   242537.5455   137   309055.0000   213490.6833  4498872   30.92%
  32337 24334   231283.5000   137   309055.0000   213743.2650  4621674   30.84%
  32955 24765   297336.0000    72   309055.0000   213920.6990  4687001   30.78%
  33623 25231   279724.3658   167   309055.0000   214052.1818  4758145   30.74%
  34300 25774   303734.9884   129   309055.0000   214209.0217  4832478   30.69%
  34890 26429   308526.4286   118   309055.0000   214371.2499  4923056   30.64%
* 35292+26408                       307278.0000   214518.5144            30.19%
  35343 26718   259763.3290   181   307278.0000   214558.2358  5029821   30.17%
  35936 26779   245955.3567   157   307278.0000   214600.6719  5039178   30.16%
Elapsed time = 1522.43 sec. (273873.13 ticks, tree = 3026.50 MB, solutions = 16)
Nodefile size = 959.31 MB (586.77 MB after compression)
  36543 27630   296300.1667    90   307278.0000   214918.1016  5168478   30.06%
  37180 28111   261383.5000   124   307278.0000   215041.8204  5238124   30.02%
  37836 28587   280517.0238   183   307278.0000   215163.5762  5306562   29.98%
  38537 29206   232525.0024   139   307278.0000   215334.0251  5394948   29.92%
  39171 29630   234636.0680   165   307278.0000   215472.7000  5455324   29.88%
  39784 30230   242923.4730   155   307278.0000   215621.6119  5536861   29.83%
  40463 31016   288317.8394   161   307278.0000   215748.3543  5655811   29.79%
  41044 30898   282659.0489   137   307278.0000   215947.7113  5639910   29.72%
  41659 31777   240318.7660   178   307278.0000   216143.9047  5770221   29.66%
  42372 32090   304581.6923   143   307278.0000   216354.8880  5818972   29.59%
Elapsed time = 1756.22 sec. (312056.92 ticks, tree = 3767.10 MB, solutions = 16)
Nodefile size = 1680.79 MB (1028.51 MB after compression)
  43047 32695   304641.7788   116   307278.0000   216447.7325  5917207   29.56%
  43565 33211   239306.6320   156   307278.0000   216482.7870  5990001   29.55%
  44118 34214   277511.6337   157   307278.0000   216804.6167  6137709   29.44%
  44691 34234   239087.1500   122   307278.0000   216848.7933  6139328   29.43%
  45261 34777   265614.9471   155   307278.0000   216977.9808  6211006   29.39%
  45920 35447        cutoff         307278.0000   217111.9673  6311641   29.34%
  46594 35827   293407.0926   116   307278.0000   217138.7396  6363535   29.33%
  47188 36120   298847.7986   129   307278.0000   217210.2416  6410825   29.31%
  47768 37070   252803.9000   122   307278.0000   217456.4417  6543257   29.23%
  48539 37932   261539.3333   100   307278.0000   217572.6317  6663892   29.19%
Elapsed time = 1977.49 sec. (350267.02 ticks, tree = 4482.22 MB, solutions = 16)
Nodefile size = 2420.08 MB (1481.67 MB after compression)
  49150 38498   254551.0461   167   307278.0000   217649.2049  6744204   29.17%
  49785 38976   290743.8259   156   307278.0000   217849.1835  6809826   29.10%
  50381 39047   287714.6906   153   307278.0000   218002.2432  6821074   29.05%
  50937 40150   291682.4202   166   307278.0000   218115.7055  6988561   29.02%
  51548 40316   233064.9951   160   307278.0000   218257.3433  7014257   28.97%
  52110 40756   279990.2235   172   307278.0000   218266.7392  7079894   28.97%
  52701 41638   269174.7333   127   307278.0000   218266.7392  7209277   28.97%
  53345 42277   282802.9393   176   307278.0000   218465.8962  7304755   28.90%
  53862 42765   269656.1620   185   307278.0000   218664.7986  7377203   28.84%
  54544 42911   285906.0000    85   307278.0000   218809.8614  7396491   28.79%
Elapsed time = 2195.82 sec. (388463.11 ticks, tree = 5223.76 MB, solutions = 16)
Nodefile size = 3159.31 MB (1935.29 MB after compression)
  55237 43420   226728.0344   168   307278.0000   218984.6970  7462916   28.73%
  55899 44457        cutoff         307278.0000   219130.0000  7617832   28.69%
  56643 44369   268824.5049   140   307278.0000   219210.5176  7599149   28.66%
  57361 45545   235228.7287   139   307278.0000   219352.9043  7758938   28.61%
  58062 45894   256995.2442   140   307278.0000   219449.6606  7798000   28.58%
  58769 46045   237405.6055   136   307278.0000   219530.2314  7820959   28.56%
  59440 47379   291040.9242   144   307278.0000   219672.6667  8002262   28.51%
  60050 47890   296832.7446   164   307278.0000   219822.0506  8074245   28.46%
  60740 48424   295454.5000   101   307278.0000   219849.6809  8149516   28.45%
  61314 48648   293656.8571   105   307278.0000   219937.2432  8186804   28.42%
Elapsed time = 2427.67 sec. (426654.93 ticks, tree = 5903.52 MB, solutions = 16)
Nodefile size = 3829.85 MB (2344.43 MB after compression)
  61964 49439   253483.8000   118   307278.0000   220124.4687  8286791   28.36%
  62587 49549   271123.5197   168   307278.0000   220208.9295  8304044   28.34%
  63302 50454   266671.8333   141   307278.0000   220288.5582  8432159   28.31%
  63979 51209   264143.1277   124   307278.0000   220382.9838  8538773   28.28%
  64669 51628        cutoff         307278.0000   220490.4280  8593080   28.24%
  65325 51912   283746.2111   131   307278.0000   220652.0714  8628717   28.19%
  65982 52640   233432.7676   146   307278.0000   220777.6250  8742906   28.15%
  66630 53176   301573.3214   121   307278.0000   220856.0997  8823254   28.12%
  67331 53915   251266.5514   135   307278.0000   220976.1818  8930863   28.09%
  67964 54618   294961.5000    76   307278.0000   221051.4786  9028723   28.06%
Elapsed time = 2662.58 sec. (464833.81 ticks, tree = 6592.53 MB, solutions = 16)
Nodefile size = 4519.15 MB (2765.74 MB after compression)
* 67982+54122                       303272.0000   221051.4786            27.11%
  68541 53258   299530.2083   105   303272.0000   221097.8333  9101741   27.10%
  69152 53666   232040.6583   188   303272.0000   221257.7767  9161671   27.04%
  69769 54233   265360.1132   148   303272.0000   221310.6434  9232772   27.03%
  70482 54585   302346.9167    99   303272.0000   221438.2002  9274912   26.98%
  71109 55815   244974.8533   134   303272.0000   221520.2736  9452478   26.96%
  71763 55976   273353.3468   159   303272.0000   221569.5716  9478174   26.94%
  72420 56817   249441.8571   128   303272.0000   221680.3750  9599453   26.90%
  73116 56956   257791.9631   171   303272.0000   221821.1173  9619290   26.86%
  73862 58042   279933.7817   127   303272.0000   221846.5000  9772861   26.85%
  74488 58710   236136.8065   153   303272.0000   221973.1000  9859684   26.81%
Elapsed time = 2889.49 sec. (503041.11 ticks, tree = 7153.06 MB, solutions = 17)
Nodefile size = 5091.88 MB (3116.42 MB after compression)
  75097 59490   243368.7917   189   303272.0000   222126.1861  9972048   26.76%
  75709 59617   263787.7840   148   303272.0000   222167.5288  9991249   26.74%
  76212 59729   269999.3333   111   303272.0000   222205.2627 10012216   26.73%
  76887 60230   253181.5938   111   303272.0000   222287.0667 10083584   26.70%
  77582 60741   264853.3634   146   303272.0000   222339.1298 10147589   26.69%
  78199 61495   233981.2856   169   303272.0000   222386.3197 10255216   26.67%
  78841 62494   298241.1429    93   303272.0000   222479.2509 10386439   26.64%
  79523 62564   240795.5482   200   303272.0000   222546.3354 10396452   26.62%
  80249 63630   258757.4227   168   303272.0000   222621.7016 10545739   26.59%
  80889 64040   299142.0139   135   303272.0000   222722.6432 10600292   26.56%
Elapsed time = 3110.86 sec. (541271.19 ticks, tree = 7864.77 MB, solutions = 17)
Nodefile size = 5802.96 MB (3553.74 MB after compression)
  81563 64387   292299.0137   152   303272.0000   222808.7503 10653737   26.53%
  82241 64770   284875.4697   124   303272.0000   222853.5849 10706025   26.52%
  82902 66029   251459.2392   166   303272.0000   222960.0745 10871278   26.48%
  83599 66333   243409.5000   148   303272.0000   223039.0405 10914036   26.46%
  84255 66607   288276.0541   148   303272.0000   223115.0948 10953481   26.43%
  84893 67524   301478.5000    80   303272.0000   223136.7022 11062631   26.42%
Starting limited solution polishing.
  85553 68230   269138.7778   128   303272.0000   223234.5339 11174580   26.39%
  86168 68511   285163.7935   163   303272.0000   223326.4828 11211286   26.36%
  86827 69185   270788.8333   112   303272.0000   223401.9037 11308975   26.34%
  87178 69540   264283.8837   161   303272.0000   223401.9037 11355116   26.34%
Elapsed time = 3313.71 sec. (579465.44 ticks, tree = 8628.51 MB, solutions = 17)
Nodefile size = 6557.96 MB (4016.78 MB after compression)
  87576 69784   281902.5321   160   303272.0000   223538.4615 11396847   26.29%
  87954 70370   285969.7541   140   303272.0000   223587.3250 11468528   26.27%
  88387 70659   254973.6353   156   303272.0000   223613.7097 11507641   26.27%
  88824 71079   264000.9412   132   303272.0000   223640.1591 11563824   26.26%
  89092 71222   247856.8983   153   303272.0000   223653.6429 11586345   26.25%
* 89125+70749                       302373.0000   223653.6429            26.03%
  89542 71001   252294.9333   157   302373.0000   223732.1818 11643533   26.01%
  89988 70990   296514.7500    96   302373.0000   223773.8481 11643395   25.99%
  90329 71783   239398.8382   158   302373.0000   223785.2505 11755183   25.99%
  90638 71676   251482.1645   140   302373.0000   223794.6333 11737899   25.99%
* 90859+71872                       300457.0000   223794.6333            25.52%
  91146 70854   276950.2964   144   300457.0000   223888.9749 11854953   25.48%
Elapsed time = 3441.78 sec. (617776.54 ticks, tree = 8853.15 MB, solutions = 19)
Nodefile size = 6786.05 MB (4155.97 MB after compression)
  91529 71073   276263.6037   160   300457.0000   223912.1275 11881497   25.48%
  91847 71413   252867.4872   187   300457.0000   223937.2035 11927376   25.47%
  92261 71603   248709.7342   157   300457.0000   223943.1348 11962951   25.47%
  92483 71914   258878.8750   172   300457.0000   223971.9353 12001133   25.46%
  92903 72226   291851.1571   123   300457.0000   223975.8034 12044301   25.45%
  93231 72389        cutoff         300457.0000   224022.0080 12071939   25.44%
* 93251+72067                       300109.0000   224022.0080            25.35%
  93593 72362   283490.4333   120   300109.0000   224056.6451 12125390   25.34%
  93990 72710   298678.2000   144   300109.0000   224102.2051 12176816   25.33%
  94412 72761   268150.2531   149   300109.0000   224156.4145 12187378   25.31%
  94633 73364   261333.7016   141   300109.0000   224164.3509 12266152   25.31%
Elapsed time = 3558.41 sec. (656043.32 ticks, tree = 9152.54 MB, solutions = 20)
Nodefile size = 7082.74 MB (4336.78 MB after compression)
  94937 73475   288609.1126   136   300109.0000   224164.3509 12281922   25.31%
  95326 74028   246981.0000   129   300109.0000   224201.0349 12359140   25.29%
  95660 74185   242431.1313   151   300109.0000   224260.0302 12382240   25.27%
  95956 74322   245488.7060   181   300109.0000   224260.0302 12403660   25.27%

Zero-half cuts applied:  442
Lift and project cuts applied:  295

Root node processing (before b&c):
  Real time             =   19.95 sec. (8968.07 ticks)
Parallel b&c, 8 threads:
  Real time             = 3583.70 sec. (667540.94 ticks)
  Sync time (average)   =  576.54 sec.
  Wait time (average)   =    0.01 sec.
                          ------------
Total (root+branch&cut) = 3603.65 sec. (676509.00 ticks)
Status: Feasible
Obj: 300109

Instalacoes abertas:
Instalação 1 aberta
Instalação 4 aberta
Instalação 8 aberta
Instalação 9 aberta
Instalação 13 aberta
Instalação 16 aberta
Instalação 20 aberta
Instalação 22 aberta
Instalação 47 aberta

Atribuições (cliente -> instalação):
Cliente 0 -> Instalação 8
Cliente 1 -> Instalação 9
Cliente 2 -> Instalação 20
Cliente 3 -> Instalação 13
Cliente 4 -> Instalação 4
Cliente 5 -> Instalação 20
Cliente 6 -> Instalação 9
Cliente 7 -> Instalação 47
Cliente 8 -> Instalação 1
Cliente 9 -> Instalação 4
Cliente 10 -> Instalação 1
Cliente 11 -> Instalação 22
Cliente 12 -> Instalação 16
Cliente 13 -> Instalação 13
Cliente 14 -> Instalação 1
Cliente 15 -> Instalação 20
Cliente 16 -> Instalação 9
Cliente 17 -> Instalação 22
Cliente 18 -> Instalação 8
Cliente 19 -> Instalação 20
Cliente 20 -> Instalação 8
Cliente 21 -> Instalação 9
Cliente 22 -> Instalação 22
Cliente 23 -> Instalação 13
Cliente 24 -> Instalação 20
Cliente 25 -> Instalação 9
Cliente 26 -> Instalação 9
Cliente 27 -> Instalação 16
Cliente 28 -> Instalação 8
Cliente 29 -> Instalação 4
Cliente 30 -> Instalação 4
Cliente 31 -> Instalação 13
Cliente 32 -> Instalação 13
Cliente 33 -> Instalação 20
Cliente 34 -> Instalação 1
Cliente 35 -> Instalação 9
Cliente 36 -> Instalação 4
Cliente 37 -> Instalação 9
Cliente 38 -> Instalação 47
Cliente 39 -> Instalação 8
Cliente 40 -> Instalação 16
Cliente 41 -> Instalação 20
Cliente 42 -> Instalação 4
Cliente 43 -> Instalação 47
Cliente 44 -> Instalação 47
Cliente 45 -> Instalação 8
Cliente 46 -> Instalação 8
Cliente 47 -> Instalação 47
Cliente 48 -> Instalação 13
Cliente 49 -> Instalação 1
