Version identifier: 22.1.1.0 | 2022-11-28 | 9160aff4d
CPXPARAM_TimeLimit                               3600
Tried aggregator 1 time.
MIP Presolve eliminated 50 rows and 1 columns.
Reduced MIP has 26300 rows, 3025 columns, and 78800 nonzeros.
Reduced MIP has 3025 binaries, 0 generals, 0 SOSs, and 0 indicators.
Presolve time = 0.04 sec. (38.50 ticks)
Found incumbent of value 2.0799550e+07 after 0.05 sec. (48.65 ticks)
Probing time = 0.01 sec. (5.86 ticks)
Tried aggregator 1 time.
Detecting symmetries...
Reduced MIP has 26300 rows, 3025 columns, and 78800 nonzeros.
Reduced MIP has 3025 binaries, 0 generals, 0 SOSs, and 0 indicators.
Presolve time = 0.05 sec. (46.30 ticks)
Probing time = 0.02 sec. (5.86 ticks)
Clique table members: 2500.
MIP emphasis: balance optimality and feasibility.
MIP search method: dynamic search.
Parallel mode: deterministic, using up to 8 threads.
Root relaxation solution time = 0.06 sec. (39.64 ticks)

        Nodes                                         Cuts/
   Node  Left     Objective  IInf  Best Integer    Best Bound    ItCnt     Gap

*     0+    0                       2.07996e+07        0.0000           100.00%
*     0+    0                       1.51500e+07        0.0000           100.00%
*     0+    0                      1299687.0000        0.0000           100.00%
*     0+    0                       908105.0000        0.0000           100.00%
*     0+    0                       891673.0000        0.0000           100.00%
      0     0    93774.0000   100   891673.0000    93774.0000      182   89.48%
*     0+    0                       698353.0000    93774.0000            86.57%
      0     0   106217.5000   100   698353.0000    Cuts: 1165      410   84.79%
*     0+    0                       509475.0000   106217.5000            79.15%
      0     0   118774.0000    98   509475.0000    Cuts: 1151      715   76.69%
      0     0   129482.3182   176   509475.0000 ZeroHalf: 452     1789   74.59%
*     0+    0                       507998.0000   129482.3182            74.51%
      0     0  -1.00000e+75     0   507998.0000   129482.3182     1789   74.51%
*     0+    0                       354336.0000   129482.3182            63.46%
      0     0   132725.2606   225   354336.0000 ZeroHalf: 421     2297   62.54%
      0     0   141503.0061   183   354336.0000     Cuts: 580     3225   60.07%
Detecting symmetries...
*     0+    0                       331234.0000   141503.0061            57.28%
      0     0   144924.6390   185   331234.0000     Cuts: 249     3701   56.25%
      0     0   147593.4517   192   331234.0000     Cuts: 243     4200   55.44%
*     0+    0                       314137.0000   147593.4517            53.02%
      0     0   149499.8463   241   314137.0000     Cuts: 131     4672   52.41%
      0     0   150351.7622   213   314137.0000     Cuts: 422     4993   52.14%
      0     0   151301.6537   202   314137.0000      Cuts: 60     5102   51.84%
      0     0   152391.4785   184   314137.0000     Cuts: 286     5360   51.49%
      0     0   153417.1009   182   314137.0000      Cuts: 61     5595   51.16%
      0     0   153981.4215   182   314137.0000     Cuts: 109     5786   50.98%
      0     0   154388.9947   184   314137.0000      Cuts: 57     5930   50.85%
      0     0   154864.4206   175   314137.0000      Cuts: 59     6063   50.70%
      0     0   155169.8209   185   314137.0000      Cuts: 66     6234   50.60%
      0     0   155521.9453   183   314137.0000      Cuts: 64     6374   50.49%
      0     0   156067.5597   181   314137.0000      Cuts: 56     6506   50.32%
      0     0   156535.0810   183   314137.0000      Cuts: 80     6734   50.17%
      0     0   157096.9452   213   314137.0000      Cuts: 53     6916   49.99%
      0     0   157379.8753   184   314137.0000      Cuts: 92     7041   49.90%
      0     0   157725.0306   218   314137.0000      Cuts: 66     7252   49.79%
      0     0   158433.0471   214   314137.0000      Cuts: 71     7510   49.57%
      0     0   158886.7761   222   314137.0000     Cuts: 107     7716   49.42%
      0     0   159235.3568   188   314137.0000     Cuts: 198     7873   49.31%
      0     0   159490.7255   184   314137.0000      Cuts: 35     8024   49.23%
      0     0   159605.0850   180   314137.0000      Cuts: 55     8121   49.19%
      0     0   159748.2011   183   314137.0000      Cuts: 53     8231   49.15%
      0     0   160064.9165   185   314137.0000      Cuts: 62     8413   49.05%
      0     0   160307.3528   189   314137.0000      Cuts: 62     8551   48.97%
      0     0   160673.8421   185   314137.0000      Cuts: 35     8704   48.85%
      0     0   161131.9763   186   314137.0000      Cuts: 60     8918   48.71%
      0     0   161417.1331   185   314137.0000      Cuts: 34     9104   48.62%
      0     0   161693.5876   215   314137.0000      Cuts: 56     9304   48.53%
      0     0   162070.6922   218   314137.0000      Cuts: 83     9507   48.41%
      0     0   162417.3680   210   314137.0000      Cuts: 47     9695   48.30%
      0     0   162822.0003   186   314137.0000      Cuts: 52     9886   48.17%
      0     0   163068.4154   184   314137.0000      Cuts: 37     9991   48.09%
      0     0   163455.4158   217   314137.0000      Cuts: 52    10149   47.97%
      0     0   163680.3337   216   314137.0000      Cuts: 47    10282   47.90%
      0     0   163836.5512   184   314137.0000      Cuts: 76    10383   47.85%
      0     0   164011.9216   184   314137.0000      Cuts: 44    10478   47.79%
      0     0   164130.6556   189   314137.0000      Cuts: 33    10546   47.75%
      0     0   164193.6756   184   314137.0000      Cuts: 23    10590   47.73%
      0     0   164255.2804   190   314137.0000      Cuts: 39    10642   47.71%
Detecting symmetries...
      0     2   164255.2804   190   314137.0000   164255.2804    10642   47.71%
Elapsed time = 16.91 sec. (7896.40 ticks, tree = 0.02 MB, solutions = 11)
      6     6   175553.1008   164   314137.0000   164380.5970    11704   47.67%
     23    18   186529.9728   155   314137.0000   165389.1379    16382   47.35%
     50    45   189344.0261   151   314137.0000   165389.1379    24616   47.35%
     75    71   213673.5000   118   314137.0000   165389.1379    31803   47.35%
    104    95   229534.0000    99   314137.0000   165389.1379    37593   47.35%
    149   130   225202.7500   101   314137.0000   165389.1379    43002   47.35%
    215   178   213467.7500   128   314137.0000   165389.1379    51759   47.35%
    291   220   312440.7500    76   314137.0000   165389.1379    57633   47.35%
    348   283   259815.5000    83   314137.0000   165389.1379    68865   47.35%
    591   457   251930.2222   121   314137.0000   168244.7227    95506   46.44%
Elapsed time = 29.23 sec. (11047.85 ticks, tree = 3.91 MB, solutions = 11)
    777   621   283029.6667    89   314137.0000   168244.7227   124419   46.44%
   1011   847   292919.0294   155   314137.0000   168244.7227   159095   46.44%
   1204  1035   296407.0000    93   314137.0000   173034.1273   187432   44.92%
   1404  1155   198871.9353   157   314137.0000   173034.1273   205211   44.92%
   1638  1393   233835.4392   159   314137.0000   173078.7160   243841   44.90%

Performing restart 1

Repeating presolve.
Tried aggregator 2 times.
MIP Presolve eliminated 3430 rows and 253 columns.
Aggregator did 1 substitutions.
Reduced MIP has 22869 rows, 2771 columns, and 68508 nonzeros.
Reduced MIP has 2771 binaries, 0 generals, 0 SOSs, and 0 indicators.
Presolve time = 0.04 sec. (40.43 ticks)
Tried aggregator 1 time.
Reduced MIP has 22869 rows, 2771 columns, and 68508 nonzeros.
Reduced MIP has 2771 binaries, 0 generals, 0 SOSs, and 0 indicators.
Presolve time = 0.04 sec. (41.43 ticks)
Represolve time = 0.12 sec. (120.33 ticks)
   1656     0   164992.2931   224   314137.0000      Cuts: 57   265843   44.26%
*  1656+    0                       314102.0000   175104.9784            44.25%
   1656     0   165682.4077   219   314102.0000      Cuts: 52   266128   44.25%
*  1656+    0                       311867.0000   175104.9784            43.85%
   1656     0   166764.9696   211   311867.0000      Cuts: 59   266462   43.85%
   1656     0   168197.0839   217   311867.0000      Cuts: 89   266837   43.85%
   1656     0   168614.8256   188   311867.0000      Cuts: 55   267032   43.85%
*  1656+    0                       311581.0000   175104.9784            43.80%
   1656     0   169007.4715   185   311581.0000      Cuts: 52   267214   43.80%
   1656     0   169457.2113   189   311581.0000      Cuts: 63   267398   43.80%
   1656     0   169708.6101   188   311581.0000      Cuts: 48   267504   43.80%
   1656     2   169708.6101   188   311581.0000   175104.9784   267504   43.80%
   1657     3   170061.9154   211   311581.0000   175104.9784   267586   43.80%
   1661     7   171530.0783   178   311581.0000   175104.9784   269374   43.80%
   1679    18   189872.1372   181   311581.0000   175104.9784   276774   43.80%
   1698    27   175717.4878   201   311581.0000   175104.9784   283685   43.80%
Elapsed time = 97.84 sec. (33063.30 ticks, tree = 0.58 MB, solutions = 14)
   1769    91   188367.4401   173   311581.0000   175325.6990   304478   43.73%
   1839   159   204800.3774   158   311581.0000   175325.6990   319485   43.73%
   1892   190   196142.1997   154   311581.0000   175325.6990   327529   43.73%
   1956   265   226580.4015   166   311581.0000   175325.6990   341929   43.73%
   2067   333   211810.5783   173   311581.0000   175325.6990   353334   43.73%
   2119   380   222547.4350   194   311581.0000   175325.6990   363223   43.73%
   2201   498   261700.4141   129   311581.0000   175325.6990   376506   43.73%
   2292   560   220634.5494   181   311581.0000   175325.6990   387112   43.73%
   2378   626   256734.5833   131   311581.0000   175325.6990   393825   43.73%
   2498   719   207554.9859   195   311581.0000   175325.6990   406382   43.73%
Elapsed time = 150.79 sec. (42684.54 ticks, tree = 4.19 MB, solutions = 14)
   2618   782   296585.2500    87   311581.0000   175325.6990   411901   43.73%
   2746   940   268997.3200   157   311581.0000   175325.6990   425587   43.73%
   2894   965   219339.3587   185   311581.0000   175325.6990   430230   43.73%
   3041  1259   273909.7000   123   311581.0000   175325.6990   461352   43.73%
   3172  1346   211934.4553   163   311581.0000   175325.6990   479813   43.73%
   3318  1521   239003.4643   128   311581.0000   175338.0109   511307   43.73%
   3493  1544   271004.7000   131   311581.0000   177019.9007   515094   43.19%
   3641  1779   266984.2199   170   311581.0000   177019.9007   555416   43.19%
   3798  1836   238057.6364   152   311581.0000   178185.7068   567826   42.81%
   3972  2109   310827.4545   113   311581.0000   180639.0297   606456   42.03%
Elapsed time = 198.18 sec. (52292.43 ticks, tree = 9.21 MB, solutions = 14)
   4100  2117   204642.6500   195   311581.0000   180932.9845   610135   41.93%
   4223  2347   308309.9167   112   311581.0000   181877.3333   650482   41.63%
   4356  2386   226608.4988   231   311581.0000   181877.3333   659048   41.63%
   4502  2532   298837.9324   175   311581.0000   182264.5470   677682   41.50%
   4648  2650   268290.2040   166   311581.0000   182264.5470   699302   41.50%
   4773  2893   227936.5301   184   311581.0000   182472.7090   734964   41.44%
   4920  3010   274637.9333   182   311581.0000   182472.7090   757195   41.44%
   5081  3146   244994.9138   208   311581.0000   182472.7090   779054   41.44%
   5216  3165   259394.4887   197   311581.0000   182472.7090   781951   41.44%
   5367  3325   242176.4260   206   311581.0000   184623.4141   802000   40.75%
Elapsed time = 253.78 sec. (61873.87 ticks, tree = 13.79 MB, solutions = 14)
   5589  3565   247811.9214   180   311581.0000   184623.4141   842085   40.75%
   5726  3638   309965.1675   175   311581.0000   184623.4141   846266   40.75%
   5888  3791   258897.1450   215   311581.0000   184623.4141   860222   40.75%
   6039  4098   260942.8402   217   311581.0000   184623.4141   909258   40.75%
   6253  4096   237470.2895   199   311581.0000   184623.4141   910610   40.75%
   6441  4468   279923.9127   163   311581.0000   184623.4141   949362   40.75%
   6635  4453   272621.7308   166   311581.0000   185223.2233   948326   40.55%
   6802  4804   254105.8873   185   311581.0000   185702.5610   992270   40.40%
   6957  4867        cutoff         311581.0000   186103.9951  1002798   40.27%
   7175  5073   303908.5900   161   311581.0000   186103.9951  1030945   40.27%
Elapsed time = 305.88 sec. (71455.76 ticks, tree = 21.21 MB, solutions = 14)
   7354  5274   302570.9437   163   311581.0000   186224.1133  1058667   40.23%
   7527  5339   283441.2500    88   311581.0000   186361.6081  1066801   40.19%
   7666  5577   195202.7340   170   311581.0000   186401.6683  1099481   40.18%
   7821  5696   249164.0000    89   311581.0000   186401.6683  1123395   40.18%
   8000  5773   238237.6211   187   311581.0000   186478.4308  1138517   40.15%
   8162  5994   258085.7161   191   311581.0000   186668.3084  1172143   40.09%
   8292  6234   247829.3734   176   311581.0000   187125.5155  1213992   39.94%
   8451  6253   259064.6457   209   311581.0000   187125.5155  1216141   39.94%
   8659  6362   259344.6759   185   311581.0000   187125.5155  1236702   39.94%
   8797  6523   195685.4158   173   311581.0000   187125.5155  1255580   39.94%
Elapsed time = 355.92 sec. (81054.86 ticks, tree = 26.80 MB, solutions = 14)
   8928  6659   287104.9028   191   311581.0000   187448.5111  1274975   39.84%
*  9052+ 6707                       310509.0000   187448.5111            39.63%
   9078  6848   300582.6667   126   310509.0000   187448.5111  1304596   39.63%
*  9087+ 6707                       306579.0000   187448.5111            38.86%
   9248  6923   307251.0304   176   306579.0000   187448.5111  1311376   38.86%
   9381  6991   288724.7279   167   306579.0000   187546.0525  1357327   38.83%
   9542  7136   249740.8807   214   306579.0000   187733.4435  1384207   38.77%
   9711  7184   286191.6028   192   306579.0000   187733.4435  1391767   38.77%
   9871  7232   217106.7666   195   306579.0000   187733.4435  1404208   38.77%
  10003  7563   273282.9135   167   306579.0000   187776.4299  1448374   38.75%
  10146  7538   299739.1816   222   306579.0000   187776.4299  1442551   38.75%
  10279  7821   255928.3871   153   306579.0000   187955.2879  1488682   38.69%
Elapsed time = 405.13 sec. (90678.56 ticks, tree = 31.57 MB, solutions = 16)
  10412  7995   246352.9477   170   306579.0000   188053.2944  1526870   38.66%
  10593  8066   265532.2680   191   306579.0000   188053.2944  1537220   38.66%
  10787  8133   228669.1966   211   306579.0000   188053.2944  1544137   38.66%
  10957  8215   209184.7100   187   306579.0000   188317.6310  1560859   38.57%
  11134  8512   223776.4859   174   306579.0000   188317.6310  1594974   38.57%
  11299  8618   296197.1055   169   306579.0000   188689.1517  1609203   38.45%
  11497  8775   244716.9010   209   306579.0000   188689.1517  1625277   38.45%
  11682  9086   267790.0500   180   306579.0000   188845.9495  1664503   38.40%
  11859  9327   250666.7695   179   306579.0000   188973.6779  1688299   38.36%
  12051  9377   215753.1875   181   306579.0000   189194.0050  1696577   38.29%
Elapsed time = 463.39 sec. (100265.90 ticks, tree = 97.96 MB, solutions = 16)
  12237  9544   260781.8279   186   306579.0000   189194.0050  1714822   38.29%
  12439  9916   282813.5413   184   306579.0000   189322.4763  1747960   38.25%
  12626  9779   280935.7526   184   306579.0000   189431.2220  1739453   38.21%
  12785  9967   287293.0854   151   306579.0000   189781.1081  1756604   38.10%
  12938 10278   261156.7734   129   306579.0000   189827.9377  1789356   38.08%
  13132 10371   265724.2500   159   306579.0000   190098.7524  1797574   37.99%
  13386 10760   298792.1000   157   306579.0000   190098.7524  1836967   37.99%
  13568 10648   280603.6554   187   306579.0000   190098.7524  1832355   37.99%
  13725 11017   254535.5205   205   306579.0000   190643.0113  1862066   37.82%
  14553 11738   251445.4788   175   306579.0000   190728.2549  1935177   37.79%
Elapsed time = 540.47 sec. (112717.83 ticks, tree = 378.85 MB, solutions = 16)
  15326 12614   232613.9583   180   306579.0000   191751.4397  2013042   37.45%
  16055 13096        cutoff         306579.0000   192098.9998  2062748   37.34%
  16768 13903   293429.6705   158   306579.0000   192189.9439  2143867   37.31%
  17483 14455   295562.2378   166   306579.0000   192607.1863  2198143   37.18%
  18122 15262   301127.0000    87   306579.0000   193018.5063  2267480   37.04%
  18821 15670   281322.7857   180   306579.0000   193136.5180  2305354   37.00%
  19596 16480   273819.9283   167   306579.0000   193527.3454  2385228   36.88%
  20369 16972   247937.1875   147   306579.0000   193593.2442  2436561   36.85%
  21156 17873   287123.7500   171   306579.0000   193723.1791  2538797   36.81%
  21984 18568   273940.7775   187   306579.0000   194177.4474  2597675   36.66%
Elapsed time = 755.01 sec. (150907.34 ticks, tree = 1066.17 MB, solutions = 16)
  22894 19221   255341.1679   166   306579.0000   194236.1338  2657984   36.64%
  23708 20128   301414.0152   183   306579.0000   194393.6538  2733483   36.59%
  24468 20786   269718.0466   219   306579.0000   194699.0642  2800107   36.49%
  25212 21884   269641.3568   218   306579.0000   195058.8611  2917403   36.38%
  25899 22150   241797.7748   172   306579.0000   195248.2195  2956856   36.31%
  26747 23152   284963.1277   146   306579.0000   195391.5465  3051348   36.27%
* 26859+23036                       305689.0000   195391.5465            36.08%
  27671 23797   279093.7950   156   305689.0000   196068.6955  3113211   35.86%
  28394 24720   274489.6667   117   305689.0000   196092.6757  3194900   35.85%
  29326 25109   261104.7574   157   305689.0000   196346.5448  3246418   35.77%
  30259 25969   273289.8006   173   305689.0000   196428.2650  3313731   35.74%
Elapsed time = 982.35 sec. (189105.55 ticks, tree = 1931.82 MB, solutions = 17)
  31121 26876   290189.5371   194   305689.0000   196826.4942  3387447   35.61%
  32062 27638   279798.9330   174   305689.0000   197124.2278  3450712   35.51%
  32832 29099   243262.6401   167   305689.0000   197342.9937  3579482   35.44%
  33643 29562   279951.4263   170   305689.0000   197455.1946  3629023   35.41%
  34165 30140   270434.1947   192   305689.0000   197586.1398  3675688   35.36%
  34878 30593   302210.7305   161   305689.0000   197841.8203  3720000   35.28%
  35713 31021   263010.4988   154   305689.0000   198160.9493  3758407   35.18%
  36492 31877   298242.9333   143   305689.0000   198446.4709  3828182   35.08%
  37339 32852   287335.0408   170   305689.0000   198808.2196  3937838   34.96%
  38217 33433   287158.1008   212   305689.0000   198921.1327  3992888   34.93%
Elapsed time = 1185.07 sec. (227320.93 ticks, tree = 2910.09 MB, solutions = 17)
Nodefile size = 842.22 MB (523.35 MB after compression)
  39154 34198   247071.3136   187   305689.0000   199152.0941  4057622   34.85%
  39975 35462   264811.9694   192   305689.0000   199386.9663  4155548   34.77%
  40769 36298   270195.9853   150   305689.0000   199551.3662  4235234   34.72%
  41472 37016   279456.1936   209   305689.0000   199594.0840  4305769   34.71%
  42250 37569   238744.5385   171   305689.0000   199930.3748  4357116   34.60%
  43170 38120   301034.5500   109   305689.0000   200086.8134  4397069   34.55%
  43950 39250   304069.9948   180   305689.0000   200429.5917  4503471   34.43%
  44808 40218   245089.7114   211   305689.0000   200571.9096  4591066   34.39%
  45699 40451   292152.5000   167   305689.0000   200717.1051  4608336   34.34%
  46616 41516   294840.8333   150   305689.0000   200889.9738  4706315   34.28%
Elapsed time = 1398.35 sec. (265489.10 ticks, tree = 3892.51 MB, solutions = 17)
Nodefile size = 1826.48 MB (1133.70 MB after compression)
  47531 42369   279178.3333   146   305689.0000   200990.5417  4775444   34.25%
  48215 42741        cutoff         305689.0000   201139.3923  4803296   34.20%
  48979 43933   234363.1758   202   305689.0000   201329.6916  4912895   34.14%
  49865 44230   248824.4550   176   305689.0000   201439.0157  4941351   34.10%
  50586 45320   265119.1874   197   305689.0000   201463.2201  5033441   34.10%
  51336 45662   254027.4449   190   305689.0000   201644.3710  5068948   34.04%
  52164 46752        cutoff         305689.0000   201767.1321  5166307   34.00%
  53015 47368   230462.4573   198   305689.0000   201935.4519  5214514   33.94%
  53853 48546   274733.1279   178   305689.0000   202189.3544  5334055   33.86%
  54723 49413   287340.9434   176   305689.0000   202277.7589  5412374   33.83%
Elapsed time = 1602.56 sec. (303694.73 ticks, tree = 4746.97 MB, solutions = 17)
Nodefile size = 2689.40 MB (1668.18 MB after compression)
  55599 49427   295158.7418   199   305689.0000   202309.4574  5410370   33.82%
  56424 50855   287560.8774   137   305689.0000   202390.5424  5525903   33.79%
  57177 51500   246952.1754   170   305689.0000   202410.7089  5597898   33.79%
  57964 52770   264698.5133   161   305689.0000   202891.2932  5712396   33.63%
  58736 53132   260039.7094   182   305689.0000   203094.7336  5747086   33.56%
  59618 53587   295859.9214   173   305689.0000   203219.5844  5788002   33.52%
  60465 54395   253575.4977   186   305689.0000   203330.6837  5869402   33.48%
  61233 55135   238371.0264   149   305689.0000   203427.9928  5931428   33.45%
  62180 56120   266112.5747   154   305689.0000   203507.4314  6028230   33.43%
  63067 56734   288951.4318   185   305689.0000   203507.4314  6077128   33.43%
Elapsed time = 1814.98 sec. (341870.07 ticks, tree = 5812.92 MB, solutions = 17)
Nodefile size = 3753.70 MB (2327.23 MB after compression)
  63819 57518   219004.2709   163   305689.0000   203844.9902  6146328   33.32%
  64520 58570   235432.6019   179   305689.0000   203912.2673  6239931   33.29%

Performing restart 2

Repeating presolve.
Tried aggregator 1 time.
MIP Presolve eliminated 306 rows and 27 columns.
Reduced MIP has 22563 rows, 2744 columns, and 87455 nonzeros.
Reduced MIP has 2744 binaries, 0 generals, 0 SOSs, and 0 indicators.
Presolve time = 0.09 sec. (99.32 ticks)
Tried aggregator 1 time.
Reduced MIP has 22563 rows, 2744 columns, and 87455 nonzeros.
Reduced MIP has 2744 binaries, 0 generals, 0 SOSs, and 0 indicators.
Presolve time = 0.07 sec. (64.82 ticks)
Represolve time = 0.26 sec. (216.68 ticks)
  64834     0   172946.3117   225   305689.0000      Cuts: 55  6335416   33.24%
* 64834+    0                       304354.0000   204081.7744            32.95%
  64834     0   173999.0146   217   304354.0000      Cuts: 60  6335694   32.95%
  64834     0   174619.2701   211   304354.0000      Cuts: 70  6335974   32.95%
  64834     0   174961.9213   221   304354.0000      Cuts: 66  6336137   32.95%
  64834     0   175504.9599   210   304354.0000      Cuts: 61  6336364   32.95%
  64834     0   175869.0796   177   304354.0000      Cuts: 74  6336569   32.95%
  64834     0   176304.9721   205   304354.0000      Cuts: 90  6336721   32.95%
* 64834+    0                       303802.0000   204081.7744            32.82%
  64834     0   177014.0853   212   303802.0000      Cuts: 99  6337019   32.82%
  64834     0   177649.3175   213   303802.0000      Cuts: 62  6337273   32.82%
  64834     0   178088.4095   223   303802.0000      Cuts: 89  6337540   32.82%
  64834     2   178088.4095   223   303802.0000   204081.7744  6337540   32.82%
  64844     7   197966.5458   175   303802.0000   204081.7744  6339095   32.82%
  64881    36   205968.7687   160   303802.0000   204081.7744  6346431   32.82%
  65057   144   219275.6203   153   303802.0000   204081.7744  6376268   32.82%
  65381   419   297523.0000    73   303802.0000   204081.7744  6421711   32.82%
  65773   696   209803.7859   216   303802.0000   204081.7744  6474555   32.82%
  66334  1124   232670.1094   193   303802.0000   204081.7744  6551965   32.82%
  66699  1568   256813.9543   159   303802.0000   204081.7744  6626616   32.82%
Elapsed time = 2027.33 sec. (391699.00 ticks, tree = 5.78 MB, solutions = 19)
  67009  1864   220709.3550   190   303802.0000   204081.7744  6672732   32.82%
  67464  2151   283484.8113   205   303802.0000   204081.7744  6722563   32.82%
  67917  2743   221681.7666   220   303802.0000   204081.7744  6826459   32.82%
  68446  3048   301704.0505   208   303802.0000   204081.7744  6879485   32.82%
  68975  3560   278570.6213   176   303802.0000   204081.7744  6969157   32.82%
  69521  4152   245333.8611   157   303802.0000   204081.7744  7089563   32.82%
  70060  4548   292604.9904   161   303802.0000   204081.7744  7159380   32.82%
  70632  5096   254846.2963   153   303802.0000   204081.7744  7246554   32.82%
  71229  5641   216713.0891   173   303802.0000   204081.7744  7342348   32.82%
  71749  6247   282717.6389   167   303802.0000   204081.7744  7449237   32.82%
Elapsed time = 2244.30 sec. (429879.33 ticks, tree = 26.57 MB, solutions = 19)
  72275  6747   258919.2083   124   303802.0000   204081.7744  7538918   32.82%
  72761  7173   245702.0000    72   303802.0000   204081.7744  7631479   32.82%
  73423  7799   255652.3583   207   303802.0000   204081.7744  7735115   32.82%
  74004  8153   279922.6875   181   303802.0000   204081.7744  7805869   32.82%
  74574  8709   295825.9570   175   303802.0000   204081.7744  7890110   32.82%
  75085  9206   274457.6750   177   303802.0000   204081.7744  7985412   32.82%
  75626  9846   296197.3636   149   303802.0000   204081.7744  8121469   32.82%
  76207 10211   260093.5000   176   303802.0000   204081.7744  8186471   32.82%
  76825 10952   274070.9270   201   303802.0000   204081.7744  8323405   32.82%
  77461 11398   241989.3185   205   303802.0000   204081.7744  8390609   32.82%
Elapsed time = 2464.39 sec. (468114.58 ticks, tree = 48.28 MB, solutions = 19)
  78019 11908   279445.0665   185   303802.0000   204081.7744  8487079   32.82%
  78698 12603   241463.7500   130   303802.0000   204081.7744  8601575   32.82%
  79336 13132   277445.6373   175   303802.0000   204081.7744  8707533   32.82%
  79874 13796   221349.4944   176   303802.0000   204081.7744  8828063   32.82%
  80366 14027   278926.0000   118   303802.0000   204081.7744  8876441   32.82%
  80809 14425   296140.5690   156   303802.0000   204081.7744  8942225   32.82%
  81375 15195   238604.6166   198   303802.0000   204081.7744  9068504   32.82%
  81970 15702   296840.7633   165   303802.0000   204081.7744  9136910   32.82%
  82616 16216   293468.2477   214   303802.0000   204081.7744  9218355   32.82%
  83392 16877        cutoff         303802.0000   204081.7744  9293348   32.82%
Elapsed time = 2670.02 sec. (506305.98 ticks, tree = 269.31 MB, solutions = 19)
  84166 17555   283620.1513   167   303802.0000   204081.7744  9367054   32.82%
  84807 17966   250853.9037   214   303802.0000   204081.7744  9417711   32.82%
  85471 18749   253965.9439   203   303802.0000   204081.7744  9520856   32.82%
  86215 19154   303007.3929   158   303802.0000   204081.7744  9567122   32.82%
  86923 19901   291402.6362   158   303802.0000   204081.7744  9652363   32.82%
  87690 20759   209834.6548   181   303802.0000   204081.7744  9757967   32.82%
  88337 21335   293497.1795   170   303802.0000   204081.7744  9829653   32.82%
  89086 21783        cutoff         303802.0000   204081.7744  9884033   32.82%
  89732 22511   283926.2282   134   303802.0000   204081.7744  9968187   32.82%
  90310 22919   268167.7674   176   303802.0000   204241.9809 10025176   32.77%
Elapsed time = 2905.00 sec. (544507.24 ticks, tree = 1082.33 MB, solutions = 19)
  91038 23635   244043.7430   220   303802.0000   204552.7834 10126221   32.67%
  91752 24442   228785.8602   199   303802.0000   204699.2590 10220112   32.62%
  92480 24954   263968.2542   162   303802.0000   204899.4272 10280296   32.55%
  93133 25676   283989.9091   120   303802.0000   205269.1596 10367569   32.43%
  93843 26016   253478.8863   147   303802.0000   205426.8986 10416548   32.38%
  94478 26642   277702.5732   133   303802.0000   205547.7759 10493916   32.34%
* 94832+27173                       301980.0000   205611.8293            31.91%
  95202 27309   289062.3387   165   301980.0000   205632.9083 10571924   31.91%
  95982 27830   271270.3396   155   301980.0000   205815.5375 10715625   31.84%
  96732 28546   285258.5000   110   301980.0000   205864.7684 10787534   31.83%
* 96812+28296                       301783.0000   206046.2813            31.72%
  97351 28737   272350.7031   168   301783.0000   206107.8716 10807202   31.70%
Elapsed time = 3142.62 sec. (582699.12 ticks, tree = 1748.62 MB, solutions = 21)
  98040 29124        cutoff         301783.0000   206476.1937 10866043   31.58%
  98648 30278   293811.2044   147   301783.0000   206476.1937 11021555   31.58%
  99374 30150   268772.9375   149   301783.0000   206696.8806 11008083   31.51%
 100130 30549   281843.9908   137   301783.0000   206874.9336 11057092   31.45%
Starting limited solution polishing.
*100805+31479                       301227.0000   207194.0241            31.22%
 100854 32061   293660.6514   169   301227.0000   207194.0241 11221662   31.22%
 101478 32440   296843.4194   140   301227.0000   207322.8469 11301450   31.17%
 101882 32694   240161.3527   171   301227.0000   207436.9982 11329107   31.14%
 102345 33209   263627.2144   187   301227.0000   207566.2599 11396794   31.09%
 102786 33471   292015.0000    70   301227.0000   207589.8483 11425337   31.09%
 103364 33863   297755.5690   158   301227.0000   207735.7070 11475289   31.04%
Elapsed time = 3326.61 sec. (620903.77 ticks, tree = 2323.85 MB, solutions = 22)
Nodefile size = 257.67 MB (158.40 MB after compression)
 103806 34140   241417.4386   141   301227.0000   207735.7070 11506233   31.04%
 104171 34666   258736.9000   135   301227.0000   207871.6111 11574160   30.99%
 104607 35175   292816.3840   161   301227.0000   207927.1000 11628112   30.97%
 104983 35574   270782.8852   170   301227.0000   208173.5462 11681625   30.89%
 105339 35628   242770.2144   180   301227.0000   208174.7752 11687375   30.89%
 105751 35892   288915.4239   167   301227.0000   208218.8545 11723487   30.88%
*106089+36172                       300084.0000   208328.6000            30.58%
 106143 36494   296664.5270   174   300084.0000   208387.9096 11805827   30.56%
*106387+36435                       299082.0000   208387.9096            30.32%
 106550 35656   246618.0724   171   299082.0000   208450.8009 11864351   30.30%
 106979 35828   296458.7799   165   299082.0000   208572.3008 11878940   30.26%
 107397 36279   259642.6406   206   299082.0000   208572.3008 11940524   30.26%
Elapsed time = 3451.29 sec. (659136.98 ticks, tree = 2693.66 MB, solutions = 24)
Nodefile size = 629.66 MB (388.89 MB after compression)
 107673 36564   255115.3816   190   299082.0000   208700.6146 11979010   30.22%
 108065 37226   241299.3452   206   299082.0000   208765.7971 12067748   30.20%
 108461 37369   237585.5146   187   299082.0000   208834.4184 12089055   30.17%
 108967 37708   281710.0000   137   299082.0000   208955.7205 12124357   30.13%
*109109+37206                       292474.0000   208955.7205            28.56%
 109346 33569   235061.7210   173   292474.0000   209107.0534 12195444   28.50%
*109668+33493                       292187.0000   209160.9082            28.42%
 109862 33823   249445.0417   144   292187.0000   209197.5881 12230487   28.40%
 110415 34290   285376.6167   145   292187.0000   209377.4326 12322528   28.34%
*110539+33790                       282863.0000   209377.4326            25.98%
*110826+34427                       281942.0000   209453.6519            25.71%
 110918 34163   239627.3431   192   281942.0000   209559.3113 12301287   25.67%
 111428 27786   273981.4049   171   281942.0000   209692.0989 12402197   25.63%
 111823 28120   248621.5759   185   281942.0000   209692.0989 12457911   25.63%
Elapsed time = 3595.43 sec. (697332.75 ticks, tree = 2167.02 MB, solutions = 30)
Nodefile size = 110.80 MB (68.20 MB after compression)

Zero-half cuts applied:  353
Lift and project cuts applied:  243
Gomory fractional cuts applied:  1

Root node processing (before b&c):
  Real time             =   16.88 sec. (7854.54 ticks)
Parallel b&c, 8 threads:
  Real time             = 3584.68 sec. (692236.05 ticks)
  Sync time (average)   =  598.74 sec.
  Wait time (average)   =    0.01 sec.
                          ------------
Total (root+branch&cut) = 3601.56 sec. (700090.59 ticks)
Status: Feasible
Obj: 281942

Instalacoes abertas:
Instalação 1 aberta
Instalação 4 aberta
Instalação 8 aberta
Instalação 9 aberta
Instalação 13 aberta
Instalação 20 aberta
Instalação 22 aberta
Instalação 47 aberta

Atribuições (cliente -> instalação):
Cliente 0 -> Instalação 4
Cliente 1 -> Instalação 9
Cliente 2 -> Instalação 20
Cliente 3 -> Instalação 20
Cliente 4 -> Instalação 4
Cliente 5 -> Instalação 13
Cliente 6 -> Instalação 13
Cliente 7 -> Instalação 47
Cliente 8 -> Instalação 4
Cliente 9 -> Instalação 9
Cliente 10 -> Instalação 13
Cliente 11 -> Instalação 22
Cliente 12 -> Instalação 8
Cliente 13 -> Instalação 13
Cliente 14 -> Instalação 4
Cliente 15 -> Instalação 9
Cliente 16 -> Instalação 8
Cliente 17 -> Instalação 9
Cliente 18 -> Instalação 20
Cliente 19 -> Instalação 1
Cliente 20 -> Instalação 4
Cliente 21 -> Instalação 1
Cliente 22 -> Instalação 20
Cliente 23 -> Instalação 13
Cliente 24 -> Instalação 47
Cliente 25 -> Instalação 22
Cliente 26 -> Instalação 8
Cliente 27 -> Instalação 13
Cliente 28 -> Instalação 47
Cliente 29 -> Instalação 4
Cliente 30 -> Instalação 9
Cliente 31 -> Instalação 13
Cliente 32 -> Instalação 9
Cliente 33 -> Instalação 4
Cliente 34 -> Instalação 47
Cliente 35 -> Instalação 8
Cliente 36 -> Instalação 4
Cliente 37 -> Instalação 8
Cliente 38 -> Instalação 9
Cliente 39 -> Instalação 20
Cliente 40 -> Instalação 20
Cliente 41 -> Instalação 9
Cliente 42 -> Instalação 47
Cliente 43 -> Instalação 1
Cliente 44 -> Instalação 47
Cliente 45 -> Instalação 20
Cliente 46 -> Instalação 8
Cliente 47 -> Instalação 47
Cliente 48 -> Instalação 22
Cliente 49 -> Instalação 1
