Version identifier: 22.1.1.0 | 2022-11-28 | 9160aff4d
CPXPARAM_TimeLimit                               3600
Tried aggregator 1 time.
MIP Presolve eliminated 50 rows and 1 columns.
Reduced MIP has 33150 rows, 3162 columns, and 99350 nonzeros.
Reduced MIP has 3162 binaries, 0 generals, 0 SOSs, and 0 indicators.
Presolve time = 0.05 sec. (46.66 ticks)
Found incumbent of value 2.5672280e+07 after 0.06 sec. (59.29 ticks)
Probing time = 0.01 sec. (6.76 ticks)
Tried aggregator 1 time.
Detecting symmetries...
Reduced MIP has 33150 rows, 3162 columns, and 99350 nonzeros.
Reduced MIP has 3162 binaries, 0 generals, 0 SOSs, and 0 indicators.
Presolve time = 0.06 sec. (56.38 ticks)
Probing time = 0.02 sec. (6.76 ticks)
Clique table members: 2500.
MIP emphasis: balance optimality and feasibility.
MIP search method: dynamic search.
Parallel mode: deterministic, using up to 8 threads.
Root relaxation solution time = 0.11 sec. (50.01 ticks)

        Nodes                                         Cuts/
   Node  Left     Objective  IInf  Best Integer    Best Bound    ItCnt     Gap

*     0+    0                       2.56723e+07        0.0000           100.00%
*     0+    0                       1.88249e+07        0.0000           100.00%
*     0+    0                      1133880.0000        0.0000           100.00%
*     0+    0                      1034170.0000        0.0000           100.00%
      0     0    93774.0000   100  1034170.0000    93774.0000      184   90.93%
*     0+    0                       707257.0000    93774.0000            86.74%
      0     0   106217.5000   100   707257.0000    Cuts: 1592      411   84.98%
      0     0   118774.0000    98   707257.0000    Cuts: 1593      734   83.21%
*     0+    0                       534237.0000   118774.0000            77.77%
      0     0   131217.5000    98   534237.0000 ZeroHalf: 676     1835   75.44%
*     0+    0                       515210.0000   131217.5000            74.53%
      0     0  -1.00000e+75     0   515210.0000   131217.5000     1835   74.53%
*     0+    0                       475109.0000   131217.5000            72.38%
      0     0   136862.8043   174   475109.0000 ZeroHalf: 638     2791   71.19%
*     0+    0                       472034.0000   136862.8043            71.01%
      0     0   143549.1317   187   472034.0000     Cuts: 496     3497   69.59%
Detecting symmetries...
      0     0   148398.9709   180   472034.0000     Cuts: 472     3894   68.56%
      0     0   151942.8873   195   472034.0000     Cuts: 190     4359   67.81%
      0     0   155242.3441   217   472034.0000     Cuts: 351     4934   67.11%
      0     0   157014.2944   176   472034.0000     Cuts: 324     5297   66.74%
*     0+    0                       464408.0000   157014.2944            66.19%
      0     0   158507.7056   184   464408.0000     Cuts: 153     5636   65.87%
      0     0   160378.4097   177   464408.0000      Cuts: 96     6047   65.47%
      0     0   162332.2681   178   464408.0000      Cuts: 96     6393   65.05%
      0     0   163293.3992   182   464408.0000     Cuts: 105     6696   64.84%
      0     0   164043.6575   181   464408.0000      Cuts: 85     6905   64.68%
      0     0   164828.6411   211   464408.0000      Cuts: 97     7196   64.51%
      0     0   165273.4600   213   464408.0000      Cuts: 80     7462   64.41%
      0     0   165764.4215   212   464408.0000      Cuts: 67     7670   64.31%
      0     0   166310.9801   211   464408.0000     Cuts: 100     7878   64.19%
*     0+    0                       445183.0000   166310.9801            62.64%
      0     0   166699.4142   212   445183.0000      Cuts: 82     8092   62.55%
      0     0   167170.0050   207   445183.0000      Cuts: 48     8338   62.45%
*     0+    0                       440032.0000   167170.0050            62.01%
      0     0   167603.4371   177   440032.0000     Cuts: 229     8589   61.91%
      0     0   168416.0051   194   440032.0000      Cuts: 67     8827   61.73%
*     0+    0                       438656.0000   168416.0051            61.61%
      0     0   169113.6302   201   438656.0000      Cuts: 63     9098   61.45%
      0     0   169613.4462   184   438656.0000     Cuts: 178     9329   61.33%
      0     0   170227.2013   185   438656.0000      Cuts: 53     9613   61.19%
      0     0   170680.0497   211   438656.0000      Cuts: 64     9844   61.09%
      0     0   170917.5580   209   438656.0000      Cuts: 39     9979   61.04%
      0     0   171274.6418   208   438656.0000      Cuts: 47    10146   60.95%
      0     0   171756.8768   181   438656.0000     Cuts: 176    10336   60.84%
      0     0   172197.0284   182   438656.0000      Cuts: 43    10532   60.74%
      0     0   172675.8957   177   438656.0000      Cuts: 54    10690   60.64%
      0     0   172984.5187   185   438656.0000      Cuts: 39    10829   60.56%
      0     0   173235.6306   203   438656.0000      Cuts: 41    10944   60.51%
      0     0   173444.1340   206   438656.0000      Cuts: 32    11056   60.46%
      0     0   173729.0585   214   438656.0000      Cuts: 76    11282   60.40%
      0     0   174012.2361   207   438656.0000      Cuts: 54    11443   60.33%
      0     0   174369.8421   206   438656.0000      Cuts: 43    11590   60.25%
      0     0   174858.5050   206   438656.0000      Cuts: 37    11845   60.14%
      0     0   174918.1607   213   438656.0000      Cuts: 25    11926   60.12%
      0     0   175063.0846   214   438656.0000      Cuts: 39    12079   60.09%
      0     0   175147.6394   213   438656.0000      Cuts: 55    12169   60.07%
      0     0   175178.0169   214   438656.0000      Cuts: 21    12220   60.06%
Detecting symmetries...
      0     2   175178.0169   214   438656.0000   175178.0169    12220   60.06%
Elapsed time = 29.61 sec. (11056.97 ticks, tree = 0.02 MB, solutions = 13)
      4     5   190814.8041   181   438656.0000   175187.8097    12859   60.06%
     20    18   189026.4543   179   438656.0000   175261.8439    15660   60.05%
     29    31   213642.8374   142   438656.0000   175261.8439    18688   60.05%
     52    42   247878.5000   101   438656.0000   175261.8439    23132   60.05%
     77    75   259330.5000    99   438656.0000   175261.8439    31882   60.05%
    128    94   294993.5000    95   438656.0000   175261.8439    34969   60.05%
    197   146   322124.2857   116   438656.0000   175261.8439    41368   60.05%
    260   234   247872.4444   140   438656.0000   175261.8439    50725   60.05%
*   314   246      integral     0   402318.0000   175261.8439    51708   56.44%
    349   264   364363.7500    88   402318.0000   175261.8439    52079   56.44%
    573   466   308388.3333   118   402318.0000   175795.4509    73655   56.30%
Elapsed time = 46.10 sec. (14264.86 ticks, tree = 64.12 MB, solutions = 14)
    741   624   218913.7898   167   402318.0000   176179.9846   100691   56.21%
    917   731   222361.3196   149   402318.0000   176179.9846   116023   56.21%
   1117   935   306150.2222   100   402318.0000   176179.9846   146227   56.21%
   1290  1102   334736.9615   130   402318.0000   176179.9846   164527   56.21%
   1506  1336   389218.5485   129   402318.0000   176566.1473   185439   56.11%
   1661  1430   224596.8317   167   402318.0000   178183.2377   199344   55.71%

Performing restart 1

Repeating presolve.
Tried aggregator 1 time.
MIP Presolve eliminated 2387 rows and 138 columns.
Reduced MIP has 30763 rows, 3024 columns, and 92189 nonzeros.
Reduced MIP has 3024 binaries, 0 generals, 0 SOSs, and 0 indicators.
Presolve time = 0.05 sec. (45.40 ticks)
Tried aggregator 1 time.
Reduced MIP has 30763 rows, 3024 columns, and 92189 nonzeros.
Reduced MIP has 3024 binaries, 0 generals, 0 SOSs, and 0 indicators.
Presolve time = 0.06 sec. (53.97 ticks)
Represolve time = 0.16 sec. (149.35 ticks)
*  1687+    0                       401618.0000   178183.2377            55.63%
   1687     0   176393.0136   216   401618.0000      Cuts: 56   219603   55.63%
   1687     0   177524.6327   214   401618.0000      Cuts: 65   219911   55.63%
   1687     0   178624.8708   212   401618.0000      Cuts: 89   220217   55.52%
   1687     0   179288.7653   213   401618.0000      Cuts: 54   220368   55.36%
   1687     0   180182.0456   217   401618.0000      Cuts: 73   220588   55.14%
   1687     0   180989.0531   214   401618.0000      Cuts: 69   220836   54.94%
   1687     0   181758.7245   213   401618.0000      Cuts: 62   221077   54.74%
   1687     0   182180.4060   216   401618.0000      Cuts: 73   221206   54.64%
   1687     0   182670.5098   216   401618.0000      Cuts: 74   221374   54.52%
   1687     0   183353.9315   210   401618.0000      Cuts: 46   221647   54.35%
   1687     0   183818.5851   220   401618.0000      Cuts: 64   221851   54.23%
   1687     0   184280.9016   249   401618.0000      Cuts: 44   221993   54.12%
   1687     0   184523.3363   249   401618.0000      Cuts: 38   222121   54.06%
   1687     0   184731.6732   246   401618.0000      Cuts: 21   222209   54.00%
   1687     0   184824.3262   249   401618.0000      Cuts: 46   222309   53.98%
   1687     0   185054.0159   250   401618.0000      Cuts: 25   222445   53.92%
   1687     0   185178.3633   251   401618.0000      Cuts: 36   222561   53.89%
   1687     0   185232.0192   250   401618.0000      Cuts: 30   222626   53.88%
   1687     0   185325.1119   249   401618.0000      Cuts: 21   222748   53.86%
   1687     0   185361.8409   253   401618.0000      Cuts: 24   222800   53.85%
   1687     0   185404.5169   253   401618.0000      Cuts: 18   222862   53.84%
   1687     0   185462.5297   254   401618.0000      Cuts: 13   222969   53.82%
   1687     0   185608.8038   216   401618.0000      Cuts: 27   223101   53.78%
   1687     0   185801.7372   224   401618.0000      Cuts: 21   223199   53.74%
   1687     0   186083.0821   210   401618.0000      Cuts: 31   223298   53.67%
   1687     0   186219.2216   247   401618.0000      Cuts: 23   223398   53.63%
   1687     0   186291.3203   211   401618.0000      Cuts: 29   223472   53.61%
   1687     0   186345.2478   214   401618.0000      Cuts: 26   223540   53.60%
   1687     0   186447.2782   213   401618.0000      Cuts: 37   223625   53.58%
   1687     0   186548.0985   238   401618.0000      Cuts: 15   223726   53.55%
   1687     0   186656.6428   254   401618.0000      Cuts: 39   223848   53.52%
   1687     0   186772.9780   219   401618.0000      Cuts: 21   223937   53.49%
   1687     0   186867.7620   212   401618.0000      Cuts: 23   224023   53.47%
   1687     0   186975.5534   242   401618.0000      Cuts: 19   224120   53.44%
   1687     0   187140.5023   216   401618.0000      Cuts: 21   224207   53.40%
   1687     0   187231.7132   247   401618.0000      Cuts: 18   224287   53.38%
   1687     0   187310.6690   250   401618.0000      Cuts: 28   224358   53.36%
   1687     0   187448.3015   219   401618.0000       Cuts: 9   224417   53.33%
   1687     0   187516.4572   222   401618.0000      Cuts: 18   224493   53.31%
   1687     0   187629.5449   228   401618.0000      Cuts: 32   224550   53.28%
   1687     0   187753.7356   253   401618.0000      Cuts: 25   224644   53.25%
   1687     0   187800.7104   254   401618.0000      Cuts: 14   224738   53.24%
   1687     0   187869.2913   255   401618.0000      Cuts: 31   224812   53.22%
   1687     0   187959.3105   253   401618.0000      Cuts: 18   224890   53.20%
   1687     0   188023.6989   257   401618.0000      Cuts: 34   224980   53.18%
   1687     0   188174.5813   252   401618.0000      Cuts: 24   225042   53.15%
   1687     0   188242.1086   215   401618.0000      Cuts: 20   225099   53.13%
   1687     0   188370.3105   226   401618.0000      Cuts: 26   225204   53.10%
   1687     0   188436.7430   249   401618.0000      Cuts: 21   225283   53.08%
   1687     2   188436.7430   249   401618.0000   188436.7430   225283   53.08%
   1688     3   188458.2019   210   401618.0000   188458.5932   225317   53.08%
   1689     4   194250.3408   189   401618.0000   188458.5932   226111   53.08%
   1692     6   204113.2196   211   401618.0000   188472.8481   226986   53.07%
Elapsed time = 125.58 sec. (44158.26 ticks, tree = 0.02 MB, solutions = 15)
   1697     7   188831.4480   223   401618.0000   188831.6061   226937   52.98%
   1704    14   208463.0616   187   401618.0000   188835.9497   231575   52.98%
   1709    20   208718.8975   210   401618.0000   188835.9497   235175   52.98%
   1720    29   209194.8102   186   401618.0000   188835.9497   239909   52.98%
   1728    30   209937.3912   180   401618.0000   188835.9497   240111   52.98%
   1735    45   209193.6042   195   401618.0000   188835.9497   245716   52.98%
   1745    49   224691.4882   188   401618.0000   188835.9497   246666   52.98%
   1754    50   235213.6667   171   401618.0000   188835.9497   247427   52.98%
   1769    75   204957.3585   219   401618.0000   188835.9497   253351   52.98%
   1833    84   192303.8977   204   401618.0000   188835.9497   255404   52.98%
Elapsed time = 195.24 sec. (54427.02 ticks, tree = 2.33 MB, solutions = 15)
   1878   106   215608.1490   202   401618.0000   188835.9497   261973   52.98%
   1921   163   274314.6418   130   401618.0000   188835.9497   276309   52.98%
   1962   245   195825.5976   223   401618.0000   188835.9497   299363   52.98%
   2001   248   258210.8770   167   401618.0000   188835.9497   300488   52.98%
   2049   293   307259.4167    98   401618.0000   188835.9497   309304   52.98%
   2102   266   267293.4174   123   401618.0000   188835.9497   303265   52.98%
   2148   418   220571.9896   166   401618.0000   188835.9497   335987   52.98%
   2179   386   238421.5643   156   401618.0000   188835.9497   328732   52.98%
   2243   459   249095.8103   159   401618.0000   188835.9497   342347   52.98%
   2272   467   266610.7351   157   401618.0000   188835.9497   343690   52.98%
Elapsed time = 270.50 sec. (64373.34 ticks, tree = 26.87 MB, solutions = 15)
   2312   564   240064.9444   159   401618.0000   188835.9497   360508   52.98%
   2353   571   242451.5625   160   401618.0000   188835.9497   361925   52.98%
   2394   592   292933.0000   142   401618.0000   188835.9497   365506   52.98%
   2448   621   229911.3115   169   401618.0000   188835.9497   368862   52.98%
   2494   632   273421.3726   165   401618.0000   188835.9497   371665   52.98%
   2552   801   243604.6015   179   401618.0000   188835.9497   396411   52.98%
   2605   793   287292.9000   145   401618.0000   188835.9497   397225   52.98%
   2675   870   361729.0000    71   401618.0000   188835.9497   402534   52.98%
   2744   852   391287.5000    66   401618.0000   188835.9497   401933   52.98%
   2823   912   278329.0417   142   401618.0000   188835.9497   412984   52.98%
Elapsed time = 342.18 sec. (74152.86 ticks, tree = 27.03 MB, solutions = 15)
   2903  1006   230943.9584   175   401618.0000   188835.9497   420709   52.98%
   2975  1014   229570.7424   174   401618.0000   188835.9497   423900   52.98%
   3052  1184   394358.3000   100   401618.0000   188835.9497   435315   52.98%
   3115  1314   290218.5943   160   401618.0000   188835.9497   456625   52.98%
   3208  1260   267596.4976   192   401618.0000   188835.9497   449947   52.98%
   3288  1457   294991.3216   152   401618.0000   188835.9497   476327   52.98%
   3414  1517   343463.6250   118   401618.0000   188882.2792   483754   52.97%
   3523  1539   365983.0500   111   401618.0000   188882.2792   484786   52.97%
   3613  1602   334692.4643   108   401618.0000   188882.2792   495520   52.97%
   3699  1751   233631.0047   162   401618.0000   188882.2792   517508   52.97%
Elapsed time = 405.76 sec. (83767.69 ticks, tree = 31.91 MB, solutions = 15)
   3792  1899   325188.5949   145   401618.0000   188882.2792   526628   52.97%
   3861  1912   325777.9661   159   401618.0000   188882.2792   527135   52.97%
   3954  1978   321362.5294   132   401618.0000   188882.2792   544647   52.97%
   4048  2100   251607.4146   178   401618.0000   188882.2792   568082   52.97%
   4138  2181   358547.8889   112   401618.0000   188882.2792   579357   52.97%
   4240  2392   386534.5000    93   401618.0000   188882.2792   612386   52.97%
   4360  2309   326404.5676   154   401618.0000   190084.3203   599502   52.67%
   4456  2501   226439.2426   183   401618.0000   190084.3203   630936   52.67%
   4562  2461   220256.5564   182   401618.0000   190084.3203   628709   52.67%
   4684  2686   229053.7974   212   401618.0000   190084.3203   663191   52.67%
Elapsed time = 469.05 sec. (93375.98 ticks, tree = 35.14 MB, solutions = 15)
   4782  2765   225003.3704   214   401618.0000   190084.3203   669106   52.67%
   4899  2870   259902.1681   197   401618.0000   191894.7042   688690   52.22%
   5038  2921   232192.7477   175   401618.0000   191894.7042   702192   52.22%
   5129  3081   232937.3120   221   401618.0000   191894.7042   724300   52.22%
   5216  3092   243978.5678   202   401618.0000   195945.6464   726981   51.21%
   5299  3298   390575.1250   106   401618.0000   196012.5451   753295   51.19%
   5382  3412   247627.8922   199   401618.0000   196012.5451   784163   51.19%
   5476  3507   260264.5590   213   401618.0000   196012.5451   801449   51.19%
   5583  3499   289686.1322   173   401618.0000   196012.5451   798123   51.19%
   5668  3666   254312.3661   187   401618.0000   196012.5451   829689   51.19%
Elapsed time = 536.87 sec. (103044.43 ticks, tree = 41.79 MB, solutions = 15)
   5781  3742   301962.2267   174   401618.0000   196012.5451   840064   51.19%
   5891  3787   299567.1173   177   401618.0000   196012.5451   845405   51.19%
   5983  3849   263195.0852   193   401618.0000   196519.3899   857089   51.07%
   6077  3988   322939.7845   151   401618.0000   196519.3899   878448   51.07%
   6197  4105   209316.2710   211   401618.0000   196519.3899   894184   51.07%
   6303  4218   345950.9500   184   401618.0000   197375.6466   907272   50.85%
   6405  4422   291336.5918   189   401618.0000   197375.6466   938601   50.85%
   6516  4512   247461.6178   195   401618.0000   197375.6466   951079   50.85%
   6613  4597   265943.1446   187   401618.0000   198002.9270   965471   50.70%
   6706  4547   231788.5077   183   401618.0000   198002.9270   958804   50.70%
Elapsed time = 602.19 sec. (112691.91 ticks, tree = 46.46 MB, solutions = 15)
   6791  4645   279641.1575   215   401618.0000   198002.9270   975045   50.70%
   6891  4841   291470.4469   203   401618.0000   198002.9270  1005585   50.70%
   6994  4869   294380.1753   216   401618.0000   198002.9270  1012090   50.70%
   7065  5071   302212.7115   240   401618.0000   198002.9270  1045596   50.70%
   7157  5103   248427.8266   210   401618.0000   198002.9270  1052803   50.70%
   7235  5093   316643.7143   177   401618.0000   198002.9270  1049055   50.70%
   7335  5261   282436.3026   178   401618.0000   198002.9270  1078993   50.70%
   7451  5434   283216.3935   213   401618.0000   198002.9270  1104929   50.70%
   7558  5480   362780.4226   176   401618.0000   198002.9270  1110445   50.70%
   8027  5959   262295.8438   146   401618.0000   199665.1565  1176596   50.28%
Elapsed time = 707.13 sec. (125208.33 ticks, tree = 53.79 MB, solutions = 15)
   8431  6311   390585.0000    82   401618.0000   200045.5195  1240879   50.19%
   8778  6693   261516.6314   188   401618.0000   200045.5195  1311922   50.19%
   9258  6935   305457.8125   157   401618.0000   201507.6155  1351560   49.83%
   9804  7480   280503.3982   193   401618.0000   201507.6155  1439715   49.83%
*  9955+ 7500                       399316.0000   201537.2555            49.53%
  10252  7911   365920.4167   154   399316.0000   201761.7859  1487127   49.47%
  10690  8345   360170.1831   175   399316.0000   201761.7859  1532841   49.47%
  11082  8828   305131.2031   184   399316.0000   201761.7859  1612913   49.47%
  11487  9105   302652.4250   194   399316.0000   201930.2270  1658758   49.43%
  11969  9581   342165.8252   227   399316.0000   201930.2270  1730825   49.43%
  12400 10200   291723.1098   213   399316.0000   202210.3472  1816795   49.36%
Elapsed time = 997.02 sec. (163440.38 ticks, tree = 73.33 MB, solutions = 16)
  12832 10312   397567.3065   171   399316.0000   202320.5945  1828099   49.33%
  13253 10993   364011.4706   180   399316.0000   202719.7602  1928896   49.23%
  13721 11438   296121.2060   189   399316.0000   202719.7602  2002861   49.23%
  14128 11709   247446.8589   218   399316.0000   202785.6600  2043068   49.22%
  14558 12356   287111.1223   200   399316.0000   202841.0205  2143562   49.20%
  14992 12628   238709.0411   185   399316.0000   203005.1768  2183764   49.16%
  15430 12973   333743.4444   196   399316.0000   203020.5873  2233297   49.16%
  15836 13635   277847.3447   203   399316.0000   203107.7333  2351952   49.14%
  16275 13963   343236.5000   170   399316.0000   203292.9415  2410654   49.09%
  16658 14181   289555.2415   202   399316.0000   203823.9660  2449688   48.96%
Elapsed time = 1290.39 sec. (201676.97 ticks, tree = 92.45 MB, solutions = 16)
* 17049+14236                       397708.0000   203823.9660            48.75%
  17049 14828   293751.5000   145   397708.0000   203823.9660  2573991   48.75%
* 17254+14535                       391994.0000   203823.9660            48.00%
  17435 14837   331742.2179   164   391994.0000   203823.9660  2628457   48.00%
  17893 15047   385643.1393   193   391994.0000   203823.9660  2659476   48.00%
  18231 15405   273578.9286   220   391994.0000   204008.0583  2713801   47.96%
* 18504+15293                       384760.0000   204334.5579            46.89%
  18626 15691   266796.3243   183   384760.0000   204334.5579  2807571   46.89%
  19042 15743   295316.1965   199   384760.0000   204486.7240  2816196   46.85%
  19484 16304   359175.1980   181   384760.0000   204508.9445  2912837   46.85%
  19935 16451   365731.6048   181   384760.0000   204508.9445  2935206   46.85%
  20368 17142   369055.0584   195   384760.0000   204565.9781  3037240   46.83%
  20785 17762   328949.0952   191   384760.0000   205012.1861  3140004   46.72%
Elapsed time = 1565.15 sec. (239874.02 ticks, tree = 109.76 MB, solutions = 20)
  21196 18052   360962.0824   204   384760.0000   205012.1861  3185485   46.72%
  21626 18322   222846.2442   203   384760.0000   205083.8666  3233454   46.70%
  22066 18865   303450.9906   186   384760.0000   205396.2550  3326234   46.62%
  22531 18981   325546.0639   207   384760.0000   205511.3844  3345347   46.59%
  23015 19682   383931.7772   164   384760.0000   205588.2365  3448728   46.57%
  23431 19926   314085.6250   166   384760.0000   205653.5636  3493897   46.55%
  23845 20434   337367.8265   207   384760.0000   205913.6812  3566917   46.48%
  24299 20645   274103.1620   236   384760.0000   205913.6812  3616117   46.48%
  24747 21395   323536.8365   129   384760.0000   205990.0610  3745115   46.46%
  25144 21448   281131.6875   147   384760.0000   206165.9460  3757131   46.42%
Elapsed time = 1874.17 sec. (278070.35 ticks, tree = 128.43 MB, solutions = 20)
  25632 21885   336388.5500   220   384760.0000   206264.5931  3819305   46.39%
  26161 22442   356972.1311   241   384760.0000   206264.5931  3915895   46.39%
  26683 22915   383221.7895   185   384760.0000   206500.9180  3961587   46.33%
  27178 23578   354222.9804   183   384760.0000   206507.2829  4021781   46.33%
  27807 23771   355389.9518   235   384760.0000   206705.3532  4040924   46.28%
  28389 24205   354139.3567   175   384760.0000   206844.5987  4089831   46.24%
  28997 25174   267186.0246   185   384760.0000   206849.3990  4176166   46.24%
  29536 25465   289914.2938   191   384760.0000   207501.9252  4201838   46.07%
  30078 26277   350518.4910   200   384760.0000   207915.5299  4282557   45.96%
  30606 26545   307951.3484   196   384760.0000   208201.3980  4316204   45.89%
Elapsed time = 2191.37 sec. (316299.59 ticks, tree = 742.83 MB, solutions = 20)
  31211 27405   378513.5556   179   384760.0000   208525.4462  4399579   45.80%
  31788 28125   373140.2513   199   384760.0000   208525.4462  4478828   45.80%
  32506 28297   367339.5089   231   384760.0000   208630.7882  4494375   45.78%
  33159 29576   294533.2658   206   384760.0000   208918.6680  4597200   45.70%
  33729 29730   260287.6697   172   384760.0000   209028.6948  4612621   45.67%
  34298 30078   359871.3075   210   384760.0000   209028.6948  4637053   45.67%
* 34305+30627                       381204.0000   209158.5041            45.13%
* 34319+30789                       379746.0000   209158.5041            44.92%
* 34515+30789                       373765.0000   209158.5041            44.04%
  34657 28755   238115.0571   213   373765.0000   209158.5041  4731031   44.04%
  34928 28693   286812.9862   222   373765.0000   209167.0777  4728758   44.04%
  35322 28935   317750.8727   175   373765.0000   209197.6481  4752288   44.03%
  35486 29036   212874.8538   191   373765.0000   209197.6481  4758363   44.03%
Elapsed time = 2405.78 sec. (354752.27 ticks, tree = 1333.44 MB, solutions = 30)

Performing restart 2

Repeating presolve.
Tried aggregator 1 time.
MIP Presolve eliminated 664 rows and 43 columns.
Reduced MIP has 30099 rows, 2981 columns, and 117364 nonzeros.
Reduced MIP has 2981 binaries, 0 generals, 0 SOSs, and 0 indicators.
Presolve time = 0.15 sec. (153.84 ticks)
Tried aggregator 1 time.
Reduced MIP has 30099 rows, 2981 columns, and 117364 nonzeros.
Reduced MIP has 2981 binaries, 0 generals, 0 SOSs, and 0 indicators.
Presolve time = 0.09 sec. (86.04 ticks)
Represolve time = 0.32 sec. (293.54 ticks)
  35487     0   189782.6934   263   373765.0000      Cuts: 35  4832575   44.03%
  35487     0   190121.0926   226   373765.0000      Cuts: 38  4832755   44.03%
  35487     0   190271.1900   262   373765.0000      Cuts: 51  4832901   44.03%
* 35487+    0                       370019.0000   209202.1379            43.46%
* 35487+    0                       369740.0000   209202.1379            43.42%
  35487     0  -1.00000e+75     0   369740.0000   209202.1379  4832901   43.42%
* 35487+    0                       367616.0000   209202.1379            43.09%
  35487     0   190504.1910   253   367616.0000      Cuts: 49  4833046   43.09%
  35487     0   190896.9219   222   367616.0000      Cuts: 75  4833256   43.09%
  35487     0   191130.0204   225   367616.0000      Cuts: 77  4833454   43.09%
  35487     0   191262.1827   256   367616.0000      Cuts: 52  4833587   43.09%
  35487     0   191402.3067   226   367616.0000      Cuts: 48  4833687   43.09%
  35487     0   191587.3350   219   367616.0000      Cuts: 80  4833852   43.09%
  35487     0   191749.3349   224   367616.0000      Cuts: 79  4833979   43.09%
  35487     0   191843.3490   222   367616.0000      Cuts: 26  4834066   43.09%
  35487     2   191843.3490   222   367616.0000   209202.1379  4834066   43.09%
  35493     5   201620.3382   208   367616.0000   209202.1379  4834760   43.09%
  35520    22   206637.1005   195   367616.0000   209202.1379  4843732   43.09%
  35566    61   213490.8767   201   367616.0000   209202.1379  4860344   43.09%
  35717   158   289417.2060   128   367616.0000   209202.1379  4886002   43.09%
  35849   252   283109.9277   154   367616.0000   209202.1379  4901686   43.09%
  36061   453   211707.6793   202   367616.0000   209202.1379  4925886   43.09%
  36317   619   356798.1867   120   367616.0000   209202.1379  4945373   43.09%
  36540   799   256248.2504   176   367616.0000   209202.1379  4978930   43.09%
  36887  1022   243572.2576   149   367616.0000   209202.1379  5014047   43.09%
Elapsed time = 2674.24 sec. (403931.89 ticks, tree = 181.01 MB, solutions = 33)
  37254  1381   255786.7608   179   367616.0000   209202.1379  5058518   43.09%
  37730  1761   254330.1013   199   367616.0000   209202.1379  5097869   43.09%
  38250  2335   302308.9924   189   367616.0000   209202.1379  5136871   43.09%
  38643  2894   291472.5315   185   367616.0000   209202.1379  5188979   43.09%
  39156  3254   349854.0931   185   367616.0000   209202.1379  5217586   43.09%
  39664  3547   328142.2912   209   367616.0000   209202.1379  5247764   43.09%
  40312  4360   355810.7500   168   367616.0000   209202.1379  5315739   43.09%
  40938  4917   306526.6004   180   367616.0000   209202.1379  5358738   43.09%
  41529  5463   286968.8409   131   367616.0000   209202.1379  5395798   43.09%
  42071  6045   243827.9027   207   367616.0000   209202.1379  5450099   43.09%
Elapsed time = 2972.89 sec. (442155.00 ticks, tree = 949.36 MB, solutions = 33)
  42625  6544   256928.6737   182   367616.0000   209202.1379  5508394   43.09%
* 43043+ 7030                       365395.0000   209202.1379            42.75%
  43195  7018   345477.9946   166   365395.0000   209202.1379  5549770   42.75%
  43716  7422   340776.1927   188   365395.0000   209202.1379  5585157   42.75%
  44303  8062   314145.0226   179   365395.0000   209202.1379  5641279   42.75%
  45028  8821   312150.6037   191   365395.0000   209202.1379  5690673   42.75%
  45709  9301   247981.9270   188   365395.0000   209202.1379  5727526   42.75%
  46343  9944   285851.0564   178   365395.0000   209202.1379  5774941   42.75%
  46918 10487   335018.7285   219   365395.0000   209284.2387  5819205   42.72%
Starting limited solution polishing.
  47568 11134   330894.6087   196   365395.0000   209284.2387  5867000   42.72%
  48041 11660   297464.8025   188   365395.0000   209477.4393  5907103   42.67%
Elapsed time = 3276.98 sec. (480370.86 ticks, tree = 1599.77 MB, solutions = 34)
  48504 12231   268437.5628   234   365395.0000   209568.0223  5956383   42.65%
  48918 12495   282059.2325   188   365395.0000   209727.5881  5972873   42.60%
  49363 12817   294811.5566   216   365395.0000   209727.5881  5995560   42.60%
  49801 12564   260817.5515   161   365395.0000   209727.5881  5979518   42.60%
  50402 13817   287937.0114   172   365395.0000   210059.1292  6091184   42.51%
  51116 14543   334038.9375   154   365395.0000   210243.9341  6160875   42.46%
  51805 14967   315651.3681   214   365395.0000   210287.0098  6191959   42.45%
  52441 15843   330886.5977   179   365395.0000   210335.4387  6249349   42.44%
  53146 16323   344838.5365   185   365395.0000   210674.8901  6285484   42.34%
  53734 17254   297078.1333   173   365395.0000   210675.2826  6352443   42.34%
Elapsed time = 3499.70 sec. (518602.59 ticks, tree = 2215.53 MB, solutions = 34)
Nodefile size = 154.34 MB (96.74 MB after compression)
  54301 17469   305800.3198   209   365395.0000   210796.3075  6376908   42.31%
  54878 18201   262113.6531   207   365395.0000   210895.6067  6438873   42.28%
  55501 18568   259512.7299   210   365395.0000   210907.1136  6475054   42.28%
  55847 19378   355102.7556   148   365395.0000   210981.6519  6536349   42.26%

Implied bound cuts applied:  8
Zero-half cuts applied:  319
Lift and project cuts applied:  137

Root node processing (before b&c):
  Real time             =   29.57 sec. (11000.21 ticks)
Parallel b&c, 8 threads:
  Real time             = 3572.06 sec. (525018.75 ticks)
  Sync time (average)   =  625.53 sec.
  Wait time (average)   =    0.01 sec.
                          ------------
Total (root+branch&cut) = 3601.63 sec. (536018.96 ticks)
Status: Feasible
Obj: 365395

Instalacoes abertas:
Instalação 1 aberta
Instalação 4 aberta
Instalação 8 aberta
Instalação 9 aberta
Instalação 13 aberta
Instalação 16 aberta
Instalação 20 aberta
Instalação 22 aberta
Instalação 30 aberta
Instalação 31 aberta
Instalação 47 aberta

Atribuições (cliente -> instalação):
Cliente 0 -> Instalação 4
Cliente 1 -> Instalação 1
Cliente 2 -> Instalação 47
Cliente 3 -> Instalação 20
Cliente 4 -> Instalação 4
Cliente 5 -> Instalação 9
Cliente 6 -> Instalação 20
Cliente 7 -> Instalação 13
Cliente 8 -> Instalação 20
Cliente 9 -> Instalação 4
Cliente 10 -> Instalação 16
Cliente 11 -> Instalação 1
Cliente 12 -> Instalação 8
Cliente 13 -> Instalação 9
Cliente 14 -> Instalação 8
Cliente 15 -> Instalação 9
Cliente 16 -> Instalação 22
Cliente 17 -> Instalação 16
Cliente 18 -> Instalação 4
Cliente 19 -> Instalação 47
Cliente 20 -> Instalação 4
Cliente 21 -> Instalação 9
Cliente 22 -> Instalação 22
Cliente 23 -> Instalação 4
Cliente 24 -> Instalação 16
Cliente 25 -> Instalação 1
Cliente 26 -> Instalação 8
Cliente 27 -> Instalação 4
Cliente 28 -> Instalação 20
Cliente 29 -> Instalação 30
Cliente 30 -> Instalação 8
Cliente 31 -> Instalação 31
Cliente 32 -> Instalação 30
Cliente 33 -> Instalação 8
Cliente 34 -> Instalação 9
Cliente 35 -> Instalação 13
Cliente 36 -> Instalação 13
Cliente 37 -> Instalação 4
Cliente 38 -> Instalação 8
Cliente 39 -> Instalação 13
Cliente 40 -> Instalação 31
Cliente 41 -> Instalação 9
Cliente 42 -> Instalação 9
Cliente 43 -> Instalação 20
Cliente 44 -> Instalação 47
Cliente 45 -> Instalação 47
Cliente 46 -> Instalação 9
Cliente 47 -> Instalação 47
Cliente 48 -> Instalação 47
Cliente 49 -> Instalação 1
