Version identifier: 22.1.1.0 | 2022-11-28 | 9160aff4d
CPXPARAM_TimeLimit                               3600
Tried aggregator 1 time.
MIP Presolve eliminated 50 rows and 1 columns.
Reduced MIP has 20900 rows, 2917 columns, and 62600 nonzeros.
Reduced MIP has 2917 binaries, 0 generals, 0 SOSs, and 0 indicators.
Presolve time = 0.04 sec. (32.04 ticks)
Found incumbent of value 1.6184943e+07 after 0.05 sec. (40.24 ticks)
Probing time = 0.01 sec. (5.32 ticks)
Tried aggregator 1 time.
Detecting symmetries...
Reduced MIP has 20900 rows, 2917 columns, and 62600 nonzeros.
Reduced MIP has 2917 binaries, 0 generals, 0 SOSs, and 0 indicators.
Presolve time = 0.04 sec. (38.33 ticks)
Probing time = 0.01 sec. (5.32 ticks)
Clique table members: 2500.
MIP emphasis: balance optimality and feasibility.
MIP search method: dynamic search.
Parallel mode: deterministic, using up to 8 threads.
Root relaxation solution time = 0.10 sec. (31.16 ticks)

        Nodes                                         Cuts/
   Node  Left     Objective  IInf  Best Integer    Best Bound    ItCnt     Gap

*     0+    0                       1.61849e+07        0.0000           100.00%
*     0+    0                       1.18361e+07        0.0000           100.00%
*     0+    0                      1451646.0000        0.0000           100.00%
*     0+    0                       656383.0000        0.0000           100.00%
      0     0    93774.0000   100   656383.0000    93774.0000      169   85.71%
*     0+    0                       422976.0000    93774.0000            77.83%
      0     0   106217.5000   100   422976.0000     Cuts: 910      436   74.89%
      0     0   118774.0000    98   422976.0000     Cuts: 931      724   71.92%
*     0+    0                       360123.0000   118774.0000            67.02%
      0     0   130467.0000   218   360123.0000 ZeroHalf: 325     1879   63.77%
*     0+    0                       284141.0000   130467.0000            54.08%
      0     0  -1.00000e+75     0   284141.0000   130467.0000     1879   54.08%
      0     0   132333.6667   149   284141.0000 ZeroHalf: 273     2079   53.43%
      0     0   134920.7292   208   284141.0000     Cuts: 374     2450   52.52%
Detecting symmetries...
      0     0   139401.3886   193   284141.0000     Cuts: 443     2907   50.94%
      0     0   142692.4733   183   284141.0000     Cuts: 178     3250   49.78%
      0     0   145508.3958   213   284141.0000     Cuts: 138     3655   48.79%
      0     0   147123.5096   220   284141.0000     Cuts: 120     3985   48.22%
      0     0   148372.2744   201   284141.0000     Cuts: 112     4245   47.78%
      0     0   149938.7687   189   284141.0000     Cuts: 181     4706   47.23%
      0     0   150757.6442   188   284141.0000      Cuts: 86     4975   46.94%
      0     0   151147.9857   225   284141.0000      Cuts: 53     5061   46.81%
      0     0   151434.4484   220   284141.0000      Cuts: 56     5143   46.70%
      0     0   151738.0939   220   284141.0000      Cuts: 47     5264   46.60%
      0     0   152076.8389   189   284141.0000     Cuts: 174     5397   46.48%
      0     0   152242.7396   190   284141.0000      Cuts: 45     5493   46.42%
      0     0   152371.9263   193   284141.0000      Cuts: 41     5560   46.37%
      0     0   152541.3664   185   284141.0000      Cuts: 23     5652   46.31%
      0     0   152687.7862   188   284141.0000      Cuts: 48     5774   46.26%
      0     0   152917.1060   186   284141.0000      Cuts: 52     5887   46.18%
      0     0   153094.3291   189   284141.0000      Cuts: 51     5964   46.12%
      0     0   153175.7337   189   284141.0000      Cuts: 26     6011   46.09%
      0     0   153254.0565   185   284141.0000      Cuts: 23     6067   46.06%
      0     0   153327.3949   184   284141.0000      Cuts: 33     6129   46.04%
      0     0   153366.1070   187   284141.0000      Cuts: 27     6189   46.02%
      0     0   153436.4272   189   284141.0000      Cuts: 34     6274   46.00%
      0     0   153585.4634   184   284141.0000      Cuts: 26     6356   45.95%
      0     0   153893.0511   184   284141.0000      Cuts: 22     6474   45.84%
      0     0   154036.0877   188   284141.0000      Cuts: 42     6569   45.79%
      0     0   154127.8590   219   284141.0000      Cuts: 37     6642   45.76%
      0     0   154301.3939   212   284141.0000      Cuts: 28     6747   45.70%
      0     0   154464.6397   223   284141.0000      Cuts: 40     6829   45.64%
      0     0   154522.1936   223   284141.0000      Cuts: 46     6917   45.62%
      0     0   154701.6002   189   284141.0000      Cuts: 62     6972   45.55%
      0     0   154786.9426   192   284141.0000      Cuts: 33     7044   45.52%
      0     0   154942.5052   185   284141.0000      Cuts: 22     7158   45.47%
      0     0   155082.2167   190   284141.0000      Cuts: 56     7243   45.42%
      0     0   155165.3979   220   284141.0000      Cuts: 23     7307   45.39%
      0     0   155326.0004   186   284141.0000     Cuts: 145     7439   45.33%
      0     0   155528.2155   183   284141.0000      Cuts: 32     7533   45.26%
      0     0   155607.5309   182   284141.0000      Cuts: 43     7636   45.24%
      0     0   155795.2179   181   284141.0000      Cuts: 52     7747   45.17%
      0     0   155894.6540   185   284141.0000      Cuts: 60     7837   45.13%
      0     0   156143.2012   183   284141.0000      Cuts: 36     7982   45.05%
      0     0   156511.4529   181   284141.0000      Cuts: 42     8123   44.92%
      0     0   156842.0829   187   284141.0000      Cuts: 69     8300   44.80%
      0     0   157103.2497   186   284141.0000      Cuts: 44     8453   44.71%
      0     0   157297.5924   186   284141.0000      Cuts: 36     8556   44.64%
      0     0   157386.6875   187   284141.0000      Cuts: 23     8622   44.61%
      0     0   157461.6798   187   284141.0000      Cuts: 26     8695   44.58%
Detecting symmetries...
      0     2   157461.6798   187   284141.0000   157461.6798     8695   44.58%
Elapsed time = 13.28 sec. (6856.12 ticks, tree = 0.02 MB, solutions = 7)
      7     6   163026.9517   162   284141.0000   157510.7315     9791   44.57%
     30    22   162898.8980   187   284141.0000   160017.9653    15759   43.68%
     63    53   195453.3289   141   284141.0000   160017.9653    24058   43.68%
    109    96   231859.0000    72   284141.0000   160017.9653    35473   43.68%
    189   131   217436.5000    81   284141.0000   160017.9653    40999   43.68%
    287   228        cutoff         284141.0000   160017.9653    50711   43.68%
    381   313   227890.2000   107   284141.0000   160017.9653    58020   43.68%
*   458+  386                       275280.0000   160017.9653            41.87%
    463   376   266167.0000    62   275280.0000   160017.9653    67038   41.87%
*   492+  381                       273327.0000   160017.9653            41.46%
    545   441   212489.5769   124   273327.0000   160017.9653    74032   41.46%
*   651+  534                       252108.0000   160017.9653            36.53%
    833   537   189610.3515   174   252108.0000   162959.2588   101402   35.36%
Elapsed time = 24.20 sec. (9999.50 ticks, tree = 40.57 MB, solutions = 10)
   1127   855   239271.8750   111   252108.0000   162959.2588   138622   35.36%
   1409  1063   176297.5595   182   252108.0000   167014.5343   162802   33.75%
   1678  1243   227535.7727   139   252108.0000   167823.6931   186519   33.43%
   1927  1515   222971.5000    88   252108.0000   168884.2041   230005   33.01%
   2250  1795   238091.7000   101   252108.0000   169781.3330   265560   32.66%
   2584  1954   187770.0452   164   252108.0000   170449.2794   289206   32.39%
   2886  2276   221929.2083   134   252108.0000   171746.4563   329687   31.88%
   3162  2473   201427.8333   110   252108.0000   171911.4861   359486   31.81%

Performing restart 1

Repeating presolve.
Tried aggregator 2 times.
MIP Presolve eliminated 3973 rows and 397 columns.
Aggregator did 1 substitutions.
Reduced MIP has 16926 rows, 2519 columns, and 50679 nonzeros.
Reduced MIP has 2519 binaries, 0 generals, 0 SOSs, and 0 indicators.
Presolve time = 0.04 sec. (31.74 ticks)
Tried aggregator 1 time.
Reduced MIP has 16926 rows, 2519 columns, and 50679 nonzeros.
Reduced MIP has 2519 binaries, 0 generals, 0 SOSs, and 0 indicators.
Presolve time = 0.04 sec. (31.78 ticks)
Represolve time = 0.14 sec. (96.47 ticks)
   3250     0   159660.5948   189   252108.0000      Cuts: 59   397733   31.51%
   3250     0   160537.9054   189   252108.0000      Cuts: 47   397908   31.51%
   3250     0   160980.9140   195   252108.0000      Cuts: 53   398133   31.51%
   3250     0   161270.7186   218   252108.0000      Cuts: 61   398284   31.51%
   3250     0   161658.0778   213   252108.0000      Cuts: 69   398477   31.51%
   3250     0   161848.0106   222   252108.0000      Cuts: 51   398621   31.51%
   3250     2   161848.0106   222   252108.0000   172665.2515   398621   31.51%
   3252     4   162358.6196   217   252108.0000   172665.2515   398933   31.51%
Elapsed time = 75.96 sec. (28310.08 ticks, tree = 0.02 MB, solutions = 11)
   3268    14   173450.3790   193   252108.0000   172665.2515   403070   31.51%
   3308    54   185193.7063   163   252108.0000   172665.2515   428576   31.51%
   3376    93   197437.4701   143   252108.0000   172665.2515   440888   31.51%
   3467   198   188653.9154   159   252108.0000   172665.2515   464127   31.51%
   3601   277   210318.2222   135   252108.0000   172665.2515   479379   31.51%
   3748   418   243882.0000   105   252108.0000   172665.2515   497540   31.51%
   3912   582   248776.0000   100   252108.0000   172665.2515   520011   31.51%
   4080   638        cutoff         252108.0000   172665.2515   530395   31.51%
   4337   747        cutoff         252108.0000   172665.2515   553307   31.51%
   4529   955   186263.5469   153   252108.0000   172665.2515   586683   31.51%
Elapsed time = 113.48 sec. (37900.87 ticks, tree = 4.20 MB, solutions = 11)
   4715  1199   236249.5000    76   252108.0000   172665.2515   634329   31.51%
   4890  1334   228763.2818   168   252108.0000   172665.2515   651733   31.51%
   5127  1441   235646.5616   202   252108.0000   172665.2515   666684   31.51%
   5302  1646   239730.8175   168   252108.0000   172665.2515   690257   31.51%
   5536  1892        cutoff         252108.0000   172909.1435   719744   31.41%
   5679  2033   211308.4380   149   252108.0000   173098.6887   742882   31.34%
   5803  2163   241889.6488   186   252108.0000   173098.6887   773402   31.34%
   5954  2333   227476.5762   174   252108.0000   173098.6887   806150   31.34%
   6159  2393   222123.7000   137   252108.0000   173098.6887   817326   31.34%
   6463  2683   191637.8838   165   252108.0000   173881.3207   852808   31.03%
Elapsed time = 154.86 sec. (47465.11 ticks, tree = 9.07 MB, solutions = 11)
   6670  2937        cutoff         252108.0000   173881.3207   875922   31.03%
   6829  3180   236432.5003   194   252108.0000   175310.4708   928656   30.46%
   7024  3357   224432.0402   191   252108.0000   175310.4708   958217   30.46%
   7257  3448   226276.4286   155   252108.0000   175310.4708   972996   30.46%
   7465  3677   241681.6435   188   252108.0000   176587.7889  1001160   29.96%
   7699  3975   248230.1238   148   252108.0000   177228.7672  1052010   29.70%
   7915  4140   223204.4126   179   252108.0000   177316.8762  1082816   29.67%
   8129  4261   237344.1565   153   252108.0000   178471.8759  1101823   29.21%
   8382  4400   237773.4954   175   252108.0000   178471.8759  1120616   29.21%
   8614  4636   206836.9225   221   252108.0000   178471.8759  1152796   29.21%
Elapsed time = 194.78 sec. (57047.95 ticks, tree = 14.95 MB, solutions = 11)
   8846  4954   210632.0990   164   252108.0000   179030.2653  1198840   28.99%
   9045  5189   221035.4909   173   252108.0000   179092.7126  1234224   28.96%
   9286  5375        cutoff         252108.0000   179509.8129  1258855   28.80%
   9468  5624   211413.1143   190   252108.0000   179909.4993  1299067   28.64%
   9724  5799   244036.1111   105   252108.0000   179976.6285  1324223   28.61%
   9971  5954   214209.1964   181   252108.0000   179999.4962  1350646   28.60%
  10243  6207   231663.6390   141   252108.0000   180036.3756  1385996   28.59%
  10508  6481   247871.8621   158   252108.0000   180556.8429  1420407   28.38%
  10699  6653   212443.8690   144   252108.0000   180912.3516  1446312   28.24%
  10900  6817   245279.7656   146   252108.0000   180990.2995  1476776   28.21%
Elapsed time = 233.03 sec. (66610.24 ticks, tree = 21.76 MB, solutions = 11)
  11100  7029   226448.4167   182   252108.0000   181009.3458  1511532   28.20%
  11305  7133   210795.8072   177   252108.0000   181427.0328  1531686   28.04%
  11494  7412   214633.0476   143   252108.0000   181427.0328  1569741   28.04%
  11772  7461   235336.2931   166   252108.0000   181542.8752  1577734   27.99%
  11987  7686   246723.2381   177   252108.0000   181542.8752  1602546   27.99%
  12154  7981   218390.4667   129   252108.0000   181570.6688  1639272   27.98%
* 12202+ 8041                       245730.0000   181570.6688            26.11%
  12361  8186   197262.8108   163   245730.0000   181971.5424  1675368   25.95%
  12579  7210   217018.0000    83   245730.0000   182217.3499  1726713   25.85%
  12780  7373   243810.8200   157   245730.0000   182443.8826  1757229   25.75%
  13018  7308   240373.3500   135   245730.0000   182601.3214  1743667   25.69%
Elapsed time = 273.08 sec. (76186.27 ticks, tree = 23.44 MB, solutions = 12)
  13221  7694   222219.0500   161   245730.0000   182613.9064  1815567   25.69%
  13450  7788   225310.6875   179   245730.0000   182783.8671  1831743   25.62%
  13664  8020   237432.6486   154   245730.0000   182822.6819  1868662   25.60%
  13908  8224   244449.5556   131   245730.0000   183804.9618  1912637   25.20%
  14161  8373   202664.8117   191   245730.0000   184212.5150  1940340   25.03%
  14418  8630   210686.2110   171   245730.0000   184366.7778  1988836   24.97%
  14679  8976   196063.1525   153   245730.0000   184413.0536  2040446   24.95%
  14901  9083   215049.1843   146   245730.0000   184590.5765  2054247   24.88%
  15179  9157   199265.0082   183   245730.0000   184679.5362  2066864   24.84%
  15386  9640   226879.1799   182   245730.0000   184765.8335  2144426   24.81%
Elapsed time = 310.49 sec. (85766.25 ticks, tree = 31.04 MB, solutions = 12)
  15618  9787   224412.4524   135   245730.0000   185043.6123  2173842   24.70%
  15825 10048   244451.0365   159   245730.0000   185204.7412  2216030   24.63%
  16047 10246   212518.2167   166   245730.0000   185280.3646  2255158   24.60%
  16314 10299   244278.6304   166   245730.0000   185339.0882  2259546   24.58%
  16560 10413   215724.8379   159   245730.0000   185426.5785  2279313   24.54%
  16817 10827   217554.8163   188   245730.0000   185780.8448  2339904   24.40%
  17043 11010   240005.7571   139   245730.0000   185811.8814  2374701   24.38%
  17313 11245   220229.2778   128   245730.0000   185945.7876  2413273   24.33%
  17529 11507   235499.4827   161   245730.0000   185984.2255  2458316   24.31%
  17739 11556   222548.2965   147   245730.0000   186232.4979  2470051   24.21%
Elapsed time = 349.18 sec. (95356.03 ticks, tree = 36.54 MB, solutions = 12)
  17944 11729   218321.0316   128   245730.0000   186349.5388  2506323   24.16%
  18204 11965   230122.0602   160   245730.0000   186363.7046  2544014   24.16%
  18466 12304   209899.9461   154   245730.0000   186663.3906  2609069   24.04%
  18705 12525   214427.2394   194   245730.0000   186755.3000  2644498   24.00%
  18949 12889        cutoff         245730.0000   187077.8497  2697929   23.87%
* 19105+12669                       244082.0000   187129.2887            23.33%
  19140 12963   222659.2521   161   244082.0000   187217.8244  2710675   23.30%
  19332 12485   200599.6392   156   244082.0000   187217.8244  2722249   23.30%
  19451 12668   208396.7621   153   244082.0000   187234.4416  2751179   23.29%
  19656 12899   215911.6775   162   244082.0000   187485.9853  2792762   23.19%
  20649 13473   232825.4370   166   244082.0000   187843.9228  2879535   23.04%
Elapsed time = 394.85 sec. (107792.42 ticks, tree = 42.28 MB, solutions = 14)
  21612 14413   235815.1596   131   244082.0000   188424.0528  3047992   22.80%
  22529 15089   241877.0844   170   244082.0000   189027.5981  3164926   22.56%
  23511 15919   213467.2380   177   244082.0000   189246.1591  3317804   22.47%
  24625 16689   231311.1984   153   244082.0000   189687.3839  3439686   22.29%
  25548 17873   239234.9581   197   244082.0000   190016.9746  3629898   22.15%
  26458 18543   217575.6500   173   244082.0000   190492.7079  3759265   21.96%
  27495 19445   199548.2042   169   244082.0000   190688.8264  3911711   21.88%
  28495 20432   229839.4583   139   244082.0000   191237.1762  4065244   21.65%
  29480 21022   242681.1694   170   244082.0000   191531.1304  4162999   21.53%
  30519 22223   205629.4158   164   244082.0000   191747.9196  4354794   21.44%
Elapsed time = 547.45 sec. (145980.32 ticks, tree = 70.03 MB, solutions = 14)
  31439 22957   208543.0698   158   244082.0000   192204.2708  4486689   21.25%
  32470 24000   239840.4000    97   244082.0000   192418.2218  4666693   21.17%
  33610 24656   213047.1523   140   244082.0000   192942.4429  4768252   20.95%
  34584 25911   227048.5833   133   244082.0000   193275.2760  4974002   20.82%
  35483 26706   207724.8781   203   244082.0000   193572.6726  5112684   20.69%

Performing restart 2

Repeating presolve.
Tried aggregator 1 time.
MIP Presolve eliminated 711 rows and 68 columns.
Reduced MIP has 16215 rows, 2451 columns, and 62355 nonzeros.
Reduced MIP has 2451 binaries, 0 generals, 0 SOSs, and 0 indicators.
Presolve time = 0.08 sec. (87.55 ticks)
Tried aggregator 1 time.
Reduced MIP has 16215 rows, 2451 columns, and 62355 nonzeros.
Reduced MIP has 2451 binaries, 0 generals, 0 SOSs, and 0 indicators.
Presolve time = 0.05 sec. (46.93 ticks)
Represolve time = 0.18 sec. (174.97 ticks)
  35797     0   163755.6397   198   244082.0000      Cuts: 41  5212435   20.59%
* 35797+    0                       243128.0000   193821.9754            20.28%
  35797     0   163890.0033   197   243128.0000      Cuts: 30  5212532   20.28%
  35797     0   164053.7501   192   243128.0000      Cuts: 60  5212622   20.28%
  35797     0   164203.8203   190   243128.0000      Cuts: 53  5212717   20.28%
  35797     0   164298.0062   197   243128.0000      Cuts: 78  5212804   20.28%
  35797     0   164379.5768   194   243128.0000      Cuts: 59  5212903   20.28%
  35797     0   165213.9074   196   243128.0000      Cuts: 91  5213208   20.28%
  35797     0   165837.7822   190   243128.0000     Cuts: 113  5213472   20.28%
* 35797+    0                       242914.0000   193821.9754            20.21%
  35797     0  -1.00000e+75     0   242914.0000   193821.9754  5213472   20.21%

Repeating presolve.
Tried aggregator 1 time.
MIP Presolve eliminated 565 rows and 50 columns.
Reduced MIP has 15650 rows, 2401 columns, and 60145 nonzeros.
Reduced MIP has 2401 binaries, 0 generals, 0 SOSs, and 0 indicators.
Presolve time = 0.07 sec. (80.35 ticks)
Tried aggregator 1 time.
Reduced MIP has 15650 rows, 2401 columns, and 60145 nonzeros.
Reduced MIP has 2401 binaries, 0 generals, 0 SOSs, and 0 indicators.
Presolve time = 0.04 sec. (45.13 ticks)
Represolve time = 0.16 sec. (165.03 ticks)
  35797     0   166850.5256   195   242914.0000     Cuts: 117  5216876   20.21%
  35797     0   167332.1592   193   242914.0000      Cuts: 82  5217060   20.21%
  35797     0   167880.9713   188   242914.0000      Cuts: 93  5217224   20.21%
  35797     0   168353.1960   192   242914.0000      Cuts: 90  5217390   20.21%
  35797     0   169034.1591   215   242914.0000      Cuts: 72  5217665   20.21%
  35797     0   169445.8883   221   242914.0000      Cuts: 73  5217868   20.21%
  35797     0   169745.8210   219   242914.0000      Cuts: 67  5218100   20.21%
  35797     0   170090.6704   223   242914.0000      Cuts: 83  5218310   20.21%
  35797     2   170090.6704   223   242914.0000   193821.9754  5218310   20.21%
  35800     4   170223.8722   219   242914.0000   193821.9754  5218430   20.21%
  35826    21   179427.8270   143   242914.0000   193821.9754  5224323   20.21%
  36156   238   230341.3333   109   242914.0000   193821.9754  5275220   20.21%
  36823   673   217460.9750   173   242914.0000   193821.9754  5355161   20.21%
Elapsed time = 717.21 sec. (205550.46 ticks, tree = 5.76 MB, solutions = 16)
  37511  1364   198680.1327   151   242914.0000   193821.9754  5441963   20.21%
  38313  2086   237800.7000   110   242914.0000   193821.9754  5560561   20.21%
  39090  2737   225549.3798   185   242914.0000   193821.9754  5673240   20.21%
  39971  3477   240990.3030   129   242914.0000   193821.9754  5792372   20.21%
  40814  4260   229376.3668   174   242914.0000   193821.9754  5920859   20.21%
  41643  5009   240333.2782   196   242914.0000   193821.9754  6048038   20.21%
  42551  5868   235191.2474   153   242914.0000   193821.9754  6191067   20.21%
  43269  6492   227045.1148   168   242914.0000   193821.9754  6307106   20.21%
  44001  7178   216890.3258   186   242914.0000   193821.9754  6437359   20.21%
  44808  7807   217136.1555   152   242914.0000   193821.9754  6557973   20.21%
Elapsed time = 873.11 sec. (243722.22 ticks, tree = 29.27 MB, solutions = 16)
  45723  8579   238988.6066   130   242914.0000   193821.9754  6691945   20.21%
  46625  9222   216493.4534   167   242914.0000   193821.9754  6813712   20.21%
  47517 10203   238372.3950   186   242914.0000   193821.9754  6997931   20.21%
  48219 10680   233143.8571   128   242914.0000   193821.9754  7103672   20.21%
  49081 11369   239084.7037   148   242914.0000   193821.9754  7250830   20.21%
  49974 12164   210089.0101   179   242914.0000   193821.9754  7395894   20.21%
  50851 12920   230195.6818   173   242914.0000   193821.9754  7549118   20.21%
  51648 13706   226010.2686   145   242914.0000   193821.9754  7704081   20.21%
  52480 14484   233159.3333   114   242914.0000   193821.9754  7833313   20.21%
  53308 15280   238125.0090   170   242914.0000   193821.9754  7982754   20.21%
Elapsed time = 1017.05 sec. (281904.30 ticks, tree = 50.82 MB, solutions = 16)
  54136 15701   218852.7674   138   242914.0000   193821.9754  8078372   20.21%
  55119 16694   205429.3060   203   242914.0000   193821.9754  8248110   20.21%
  55962 17220   238720.0820   161   242914.0000   194050.2125  8353091   20.12%
  56876 18143   206679.2158   216   242914.0000   194287.7134  8532310   20.02%
  57821 19091   215627.4082   151   242914.0000   194644.7554  8705355   19.87%
  58747 19561        cutoff         242914.0000   194901.9954  8783566   19.77%
  59589 20529   241390.1300   157   242914.0000   195078.7892  8964221   19.69%
  60468 21035   233579.0588   145   242914.0000   195355.7198  9062594   19.58%
  61272 21745   235792.1510   129   242914.0000   195465.8093  9184076   19.53%
  62156 22630   226662.2187   159   242914.0000   196076.8834  9343480   19.28%
Elapsed time = 1167.22 sec. (320085.56 ticks, tree = 109.42 MB, solutions = 16)
  63013 23452   233045.2000   109   242914.0000   196404.5364  9508848   19.15%
  63863 24141   234337.0909   159   242914.0000   196653.5975  9651420   19.04%
  64819 25062   235545.8316   167   242914.0000   196950.8797  9823301   18.92%
  65732 25786   213557.8469   161   242914.0000   197317.5110  9968020   18.77%
  66638 26290   218081.7203   181   242914.0000   197538.9873 10072901   18.68%
  67427 26981   233501.0000   109   242914.0000   197795.1139 10202560   18.57%
  68257 27577   233008.0920   140   242914.0000   197997.4468 10330665   18.49%
  69160 28269   232393.4608   171   242914.0000   198141.7015 10480656   18.43%
  70043 29260   238589.5000    97   242914.0000   198340.6806 10680920   18.35%
  70936 29890   215032.1362   156   242914.0000   198627.8781 10812376   18.23%
Elapsed time = 1336.15 sec. (358257.04 ticks, tree = 130.26 MB, solutions = 16)
  71913 30410   227643.6066   138   242914.0000   198914.4152 10912337   18.11%
  72822 31041   228096.2328   151   242914.0000   199202.5308 11041791   17.99%
  73718 32063   229408.3124   186   242914.0000   199410.4266 11251051   17.91%
  74662 32542   214232.3950   187   242914.0000   199666.1426 11353010   17.80%
  75379 33720   226540.2522   159   242914.0000   199794.6635 11581875   17.75%
  76117 33790   225257.6029   149   242914.0000   199983.0457 11600722   17.67%
  76937 34532   242477.3230   157   242914.0000   200077.1920 11767949   17.63%
  77696 35363   231951.6905   153   242914.0000   200257.7150 11949011   17.56%
  78587 36115   205060.4061   167   242914.0000   200456.2386 12118593   17.48%
  79443 37104   233732.5714   115   242914.0000   200562.3618 12320636   17.43%
Elapsed time = 1491.68 sec. (396454.26 ticks, tree = 151.87 MB, solutions = 16)
  80377 37341   231721.4328   145   242914.0000   200785.7180 12371758   17.34%
  81291 38514   227287.4445   171   242914.0000   200928.4464 12617748   17.28%
  82117 39044   235587.0000    95   242914.0000   201096.5432 12725111   17.21%
  82961 39405   226236.2576   151   242914.0000   201282.8938 12803338   17.14%
  83681 40462   210569.0394   156   242914.0000   201459.0379 13029246   17.07%
  84472 41006   232166.9444   130   242914.0000   201594.1739 13136222   17.01%
  85392 41498   219392.7203   155   242914.0000   201686.5159 13248836   16.97%
  86157 42376   240032.6474   164   242914.0000   201779.3933 13429662   16.93%
  87036 42711   216488.3760   151   242914.0000   201983.5469 13496897   16.85%
  87945 43621   236265.7317   125   242914.0000   202100.6268 13693743   16.80%
Elapsed time = 1636.47 sec. (434642.10 ticks, tree = 179.95 MB, solutions = 16)
  88868 44251   238034.3043   183   242914.0000   202185.9000 13822621   16.77%
  89689 45176   232957.3705   130   242914.0000   202317.2867 14010186   16.71%
  90554 45884   242572.4429   121   242914.0000   202482.9256 14156046   16.64%
  91324 46793   219122.6250   140   242914.0000   202614.4432 14359831   16.59%
  92206 47249   241776.9583    99   242914.0000   202690.5893 14452484   16.56%
  93064 47635        cutoff         242914.0000   202838.4347 14532381   16.50%
  93894 48742        cutoff         242914.0000   203006.5211 14763148   16.43%
  94713 49531   222635.9957   155   242914.0000   203103.8718 14951629   16.39%
  95595 50137   223079.9911   185   242914.0000   203235.3896 15087412   16.33%
  96516 50718   235277.5158   169   242914.0000   203332.7173 15193939   16.29%
Elapsed time = 1780.87 sec. (472835.29 ticks, tree = 200.00 MB, solutions = 16)
  97358 51719   233358.4294   136   242914.0000   203467.1164 15403670   16.24%
  98188 52240   216132.3828   172   242914.0000   203590.3350 15527948   16.19%
  98992 52919   221546.9256   159   242914.0000   203689.0722 15680868   16.15%
  99693 53083   219966.7571   147   242914.0000   203866.5137 15717482   16.07%
 100502 54022   227804.8413   148   242914.0000   203989.4628 15918005   16.02%
 101319 54318   222084.7075   171   242914.0000   204066.1689 15961622   15.99%
 102153 55287   225389.1054   163   242914.0000   204220.2592 16146279   15.93%
 103043 55973   221049.0241   143   242914.0000   204304.3464 16256730   15.89%
 103959 56882   217079.4955   147   242914.0000   204410.6498 16389914   15.85%
 104767 57533   239844.2381   114   242914.0000   204507.5425 16486261   15.81%
Elapsed time = 1937.35 sec. (511028.71 ticks, tree = 459.31 MB, solutions = 16)
 105615 58073   241271.2222   108   242914.0000   204643.7012 16578565   15.75%
 106523 58819   216833.9305   181   242914.0000   204771.3355 16700887   15.70%
 107364 59214   241194.0294   156   242914.0000   204856.2168 16754149   15.67%
 108138 59724   230722.1618   181   242914.0000   204941.5377 16828249   15.63%
 108774 60471   225187.4372   142   242914.0000   205033.0329 16944035   15.59%
 109539 61189   234513.0120   151   242914.0000   205152.4138 17058962   15.55%
 110475 62148   240571.1250    94   242914.0000   205240.0408 17222200   15.51%
 111348 62562   236544.1043   156   242914.0000   205355.8990 17285936   15.46%
 112210 63182   227046.3430   171   242914.0000   205464.4976 17380749   15.42%
 113015 63645   221980.7755   144   242914.0000   205627.6614 17445678   15.35%
Elapsed time = 2107.75 sec. (549206.07 ticks, tree = 981.09 MB, solutions = 16)
 113837 64586   225074.3710   192   242914.0000   205705.9000 17601751   15.32%
 114819 65246   229032.0380   161   242914.0000   205808.3291 17703617   15.28%
 115728 66116   221609.2831   180   242914.0000   205957.4054 17827336   15.21%
 116476 66737   239483.5000   131   242914.0000   206022.6953 17920086   15.19%
 117149 67301   233677.5578   165   242914.0000   206071.9666 18022674   15.17%
 117986 67934   219765.2481   187   242914.0000   206252.3175 18122952   15.09%
 118990 68130   223332.3072   166   242914.0000   206336.7357 18150415   15.06%
 119895 69306   230170.3751   154   242914.0000   206396.7581 18312254   15.03%
 120734 70300   217600.7250   139   242914.0000   206529.7882 18469757   14.98%
 121598 70621   223691.7813   145   242914.0000   206580.8412 18523259   14.96%
Elapsed time = 2272.96 sec. (587397.11 ticks, tree = 1505.12 MB, solutions = 16)
 122588 71299   238288.7313   152   242914.0000   206674.3671 18619998   14.92%
 123416 71844        cutoff         242914.0000   206745.2507 18701379   14.89%
 124091 72598        cutoff         242914.0000   206835.1667 18812329   14.85%
 124943 73409   241987.9444   145   242914.0000   206904.8915 18945153   14.82%
 125885 73919   238986.4242   167   242914.0000   206977.9851 19025385   14.79%
 126854 74706   223834.1850   222   242914.0000   207052.9847 19140759   14.76%
 127674 74954   227884.7305   196   242914.0000   207125.1201 19177611   14.73%
 128520 76049   217697.0483   189   242914.0000   207224.1591 19348807   14.69%
 129339 76542   238073.1778   177   242914.0000   207336.1463 19427661   14.65%
 130253 77605        cutoff         242914.0000   207400.1667 19598070   14.62%
Elapsed time = 2441.99 sec. (625586.65 ticks, tree = 2083.16 MB, solutions = 16)
Nodefile size = 32.75 MB (19.93 MB after compression)
 131173 77695   237367.6125   187   242914.0000   207453.0095 19611372   14.60%
 131886 78311   237137.6715   132   242914.0000   207515.0585 19705291   14.57%
 132555 79111   236422.6053   138   242914.0000   207594.9360 19828961   14.54%
 133441 80048   218200.6184   162   242914.0000   207661.9183 19970631   14.51%
 134407 80448   226986.0225   156   242914.0000   207707.4777 20030064   14.49%
 135255 81181   222934.7152   146   242914.0000   207751.6698 20133372   14.48%
 136027 81844        cutoff         242914.0000   207792.2850 20233709   14.46%
 136975 82726   241350.9457   147   242914.0000   207858.1524 20391131   14.43%
 137841 83012   224513.3634   155   242914.0000   207957.8681 20426035   14.39%
 138706 84264   233208.6324   136   242914.0000   208047.8057 20611626   14.35%
Elapsed time = 2600.72 sec. (663770.99 ticks, tree = 2682.13 MB, solutions = 16)
Nodefile size = 633.22 MB (387.92 MB after compression)
 139533 84627        cutoff         242914.0000   208138.8044 20671999   14.32%
 140235 85042   230428.9333   146   242914.0000   208185.8467 20733295   14.30%
 141096 85644   232380.7124   201   242914.0000   208266.2636 20836733   14.26%
 141919 86058   237470.2500    91   242914.0000   208266.2636 20909577   14.26%
 142839 87303   227669.5185   153   242914.0000   208377.2772 21091067   14.22%
 143651 87963        cutoff         242914.0000   208438.8588 21188593   14.19%
 144543 88585   222172.6270   204   242914.0000   208489.5000 21290166   14.17%
 145477 88765   239354.4358   141   242914.0000   208584.9568 21316221   14.13%
 146362 89769   217882.1674   160   242914.0000   208663.1601 21477231   14.10%
 147236 90446   221427.7902   160   242914.0000   208714.7828 21573786   14.08%
Elapsed time = 2758.12 sec. (701961.02 ticks, tree = 3191.64 MB, solutions = 16)
Nodefile size = 1138.38 MB (699.37 MB after compression)
 148053 91321   232779.5366   149   242914.0000   208781.3121 21699422   14.05%
 148839 91672   241885.4141   174   242914.0000   208849.2243 21763053   14.02%
 149737 92342   227861.6265   154   242914.0000   208906.5169 21860539   14.00%
 150648 93340   232312.6895   158   242914.0000   208959.2981 22019177   13.98%
 151565 93438   225835.2626   140   242914.0000   209008.1264 22033197   13.96%
 152344 94393        cutoff         242914.0000   209068.3067 22181296   13.93%
 153121 94926   235159.1701   128   242914.0000   209142.0645 22270364   13.90%
 154110 95673   234191.5549   132   242914.0000   209206.9792 22403016   13.88%
 155040 96344   229707.9882   127   242914.0000   209237.6337 22496931   13.86%
 155912 96717   242738.1938   181   242914.0000   209295.4989 22551068   13.84%
Elapsed time = 2929.49 sec. (740136.85 ticks, tree = 3687.89 MB, solutions = 16)
Nodefile size = 1625.53 MB (1000.67 MB after compression)
 156586 97914   229259.1910   153   242914.0000   209335.6077 22728946   13.82%
 157355 98559   230805.9228   146   242914.0000   209393.7130 22842061   13.80%
 158243 98871   225606.2256   152   242914.0000   209477.5714 22893866   13.76%
 159153 99140   241672.2277   155   242914.0000   209501.8839 22935244   13.75%
 160042 100189   225486.1363   132   242914.0000   209573.6106 23094370   13.73%
 160830 100417   236687.1250   152   242914.0000   209632.3268 23133276   13.70%
 161586 101637   241927.2400   142   242914.0000   209702.3392 23326449   13.67%
 162494 101980        cutoff         242914.0000   209752.4799 23392622   13.65%
 163413 103061   239758.1123   157   242914.0000   209802.8049 23559796   13.63%
 164342 103455   241861.7083    90   242914.0000   209831.2341 23613783   13.62%
Elapsed time = 3092.71 sec. (778317.06 ticks, tree = 4281.01 MB, solutions = 16)
Nodefile size = 2224.17 MB (1371.94 MB after compression)
 165168 104358   240769.1392   163   242914.0000   209896.7696 23742493   13.59%
 165967 104897   232887.1514   134   242914.0000   209960.0655 23829473   13.57%
 166849 105304   232193.8571   108   242914.0000   209990.6542 23888850   13.55%
 167749 106334   236400.5208   126   242914.0000   210046.0653 24055197   13.53%
 168698 106729   230765.4667   135   242914.0000   210117.0000 24111444   13.50%
 169489 107186   236573.8500    98   242914.0000   210139.2959 24186489   13.49%
 170291 107803   228897.7309   198   242914.0000   210179.4467 24273338   13.48%
 171167 108730   220854.3122   171   242914.0000   210225.2667 24428166   13.46%
 172042 109387   224510.3305   162   242914.0000   210271.1459 24531402   13.44%
Starting limited solution polishing.
 172875 110109   236573.9442   154   242914.0000   210306.3617 24630571   13.42%
Elapsed time = 3251.14 sec. (816511.17 ticks, tree = 4820.05 MB, solutions = 16)
Nodefile size = 2760.76 MB (1704.67 MB after compression)
 173594 110961   227016.5255   160   242914.0000   210361.0986 24760191   13.40%
 174145 111127        cutoff         242914.0000   210391.0883 24791590   13.39%
 174648 111567   220376.2678   154   242914.0000   210426.7568 24863682   13.37%
 175222 112071   221608.4111   159   242914.0000   210465.2764 24954715   13.36%
 175705 112398   221260.2328   150   242914.0000   210511.0000 25005671   13.34%
 176126 112765   234216.8644   131   242914.0000   210539.9685 25055471   13.33%
 176727 112932   238873.5000   111   242914.0000   210562.0330 25077740   13.32%
 177168 113361   242692.8047   197   242914.0000   210589.3062 25140660   13.31%
 177592 113673   226449.7375   143   242914.0000   210604.9919 25188339   13.30%
 178059 114195   240935.4118   140   242914.0000   210642.4817 25270537   13.29%
Elapsed time = 3359.17 sec. (854769.52 ticks, tree = 5178.00 MB, solutions = 16)
Nodefile size = 3127.53 MB (1932.57 MB after compression)
 178663 114492   229130.8409   200   242914.0000   210675.5192 25326185   13.27%
 179216 114780   227761.8000   128   242914.0000   210693.8748 25369476   13.26%
 179763 115473   236630.4656   140   242914.0000   210722.8362 25474182   13.25%
 180260 116010   222449.2778   129   242914.0000   210751.2354 25555845   13.24%
 180793 116205   234771.2408   146   242914.0000   210779.6219 25585558   13.23%
 181216 116671   232617.6124   202   242914.0000   210798.0978 25664609   13.22%
 181812 117087   234630.2641   165   242914.0000   210833.7121 25732907   13.21%
 182211 117444   234966.5714   122   242914.0000   210856.5943 25785575   13.20%
 182614 117691   236047.8000   119   242914.0000   210874.8952 25822698   13.19%
 183146 118018   231120.3129   200   242914.0000   210885.2133 25873302   13.19%
Elapsed time = 3463.69 sec. (893008.74 ticks, tree = 5477.39 MB, solutions = 16)
Nodefile size = 3422.27 MB (2115.39 MB after compression)
 183600 118269   233509.1556   146   242914.0000   210920.5456 25909081   13.17%
 184174 118878   240151.1949   155   242914.0000   210934.9508 25993707   13.16%
 184792 119052   226325.5048   132   242914.0000   210977.6667 26020285   13.15%
 185238 119475   241720.6443   152   242914.0000   211006.4683 26089010   13.14%
 185761 120088   228895.4014   145   242914.0000   211024.8626 26186612   13.13%
 186200 120272   238694.4375   112   242914.0000   211030.7239 26211698   13.13%
 186649 120720   230532.0389   162   242914.0000   211066.2299 26285347   13.11%
 187122 121143   238244.1047   186   242914.0000   211066.2299 26335777   13.11%
 187549 121190   231069.6710   173   242914.0000   211129.8760 26342560   13.08%
 188010 121689   216290.9429   142   242914.0000   211146.2303 26421548   13.08%
Elapsed time = 3567.32 sec. (931221.90 ticks, tree = 5804.00 MB, solutions = 16)
Nodefile size = 3753.32 MB (2321.45 MB after compression)
 188570 122303   241189.5000    66   242914.0000   211164.2977 26514054   13.07%
 188940 122254   241718.0409   144   242914.0000   211188.0986 26511217   13.06%
 189330 122754   228173.0101   156   242914.0000   211188.6610 26585112   13.06%
 189374 121938   227057.8175   165   242914.0000   211188.6610 26462390   13.06%

Zero-half cuts applied:  395
Lift and project cuts applied:  395

Root node processing (before b&c):
  Real time             =   13.24 sec. (6822.89 ticks)
Parallel b&c, 8 threads:
  Real time             = 3588.00 sec. (940534.12 ticks)
  Sync time (average)   =  500.50 sec.
  Wait time (average)   =    0.01 sec.
                          ------------
Total (root+branch&cut) = 3601.25 sec. (947357.02 ticks)
Status: Feasible
Obj: 242914

Instalacoes abertas:
Instalação 1 aberta
Instalação 4 aberta
Instalação 8 aberta
Instalação 9 aberta
Instalação 20 aberta
Instalação 22 aberta
Instalação 47 aberta

Atribuições (cliente -> instalação):
Cliente 0 -> Instalação 4
Cliente 1 -> Instalação 47
Cliente 2 -> Instalação 20
Cliente 3 -> Instalação 8
Cliente 4 -> Instalação 4
Cliente 5 -> Instalação 47
Cliente 6 -> Instalação 4
Cliente 7 -> Instalação 20
Cliente 8 -> Instalação 8
Cliente 9 -> Instalação 8
Cliente 10 -> Instalação 9
Cliente 11 -> Instalação 9
Cliente 12 -> Instalação 22
Cliente 13 -> Instalação 9
Cliente 14 -> Instalação 4
Cliente 15 -> Instalação 9
Cliente 16 -> Instalação 4
Cliente 17 -> Instalação 4
Cliente 18 -> Instalação 4
Cliente 19 -> Instalação 1
Cliente 20 -> Instalação 20
Cliente 21 -> Instalação 1
Cliente 22 -> Instalação 20
Cliente 23 -> Instalação 47
Cliente 24 -> Instalação 47
Cliente 25 -> Instalação 8
Cliente 26 -> Instalação 9
Cliente 27 -> Instalação 22
Cliente 28 -> Instalação 20
Cliente 29 -> Instalação 47
Cliente 30 -> Instalação 9
Cliente 31 -> Instalação 4
Cliente 32 -> Instalação 1
Cliente 33 -> Instalação 9
Cliente 34 -> Instalação 8
Cliente 35 -> Instalação 47
Cliente 36 -> Instalação 9
Cliente 37 -> Instalação 1
Cliente 38 -> Instalação 47
Cliente 39 -> Instalação 20
Cliente 40 -> Instalação 1
Cliente 41 -> Instalação 4
Cliente 42 -> Instalação 47
Cliente 43 -> Instalação 1
Cliente 44 -> Instalação 8
Cliente 45 -> Instalação 8
Cliente 46 -> Instalação 8
Cliente 47 -> Instalação 20
Cliente 48 -> Instalação 20
Cliente 49 -> Instalação 8
