Version identifier: 22.1.1.0 | 2022-11-28 | 9160aff4d
CPXPARAM_TimeLimit                               3600
Tried aggregator 1 time.
MIP Presolve eliminated 50 rows and 1 columns.
Reduced MIP has 27000 rows, 3039 columns, and 80900 nonzeros.
Reduced MIP has 3039 binaries, 0 generals, 0 SOSs, and 0 indicators.
Presolve time = 0.04 sec. (39.31 ticks)
Found incumbent of value 2.1685176e+07 after 0.05 sec. (49.72 ticks)
Probing time = 0.01 sec. (6.19 ticks)
Tried aggregator 1 time.
Detecting symmetries...
Reduced MIP has 27000 rows, 3039 columns, and 80900 nonzeros.
Reduced MIP has 3039 binaries, 0 generals, 0 SOSs, and 0 indicators.
Presolve time = 0.05 sec. (47.31 ticks)
Probing time = 0.02 sec. (6.19 ticks)
Clique table members: 2500.
MIP emphasis: balance optimality and feasibility.
MIP search method: dynamic search.
Parallel mode: deterministic, using up to 8 threads.
Root relaxation solution time = 0.06 sec. (40.48 ticks)

        Nodes                                         Cuts/
   Node  Left     Objective  IInf  Best Integer    Best Bound    ItCnt     Gap

*     0+    0                       2.16852e+07        0.0000           100.00%
*     0+    0                       1.63124e+07        0.0000           100.00%
*     0+    0                       777394.0000        0.0000           100.00%
*     0+    0                       734376.0000        0.0000           100.00%
      0     0    93774.0000   100   734376.0000    93774.0000      179   87.23%
*     0+    0                       463075.0000    93774.0000            79.75%
      0     0   106217.5000   100   463075.0000    Cuts: 1289      400   77.06%
*     0+    0                       454556.0000   106217.5000            76.63%
      0     0   118774.0000    98   454556.0000    Cuts: 1314      665   73.87%
      0     0   131205.8810   216   454556.0000 ZeroHalf: 572     1953   71.14%
*     0+    0                       453896.0000   131205.8810            71.09%
*     0+    0                       452183.0000   131205.8810            70.98%
      0     0  -1.00000e+75     0   452183.0000   131205.8810     1953   70.98%
*     0+    0                       358142.0000   131205.8810            63.36%
*     0+    0                       351553.0000   131205.8810            62.68%
      0     0   136707.3220   218   351553.0000 ZeroHalf: 503     2643   61.11%
      0     0   140765.6234   189   351553.0000     Cuts: 438     3196   59.96%
Detecting symmetries...
      0     0   144634.4074   187   351553.0000     Cuts: 255     3653   58.86%
      0     0   149327.0845   197   351553.0000     Cuts: 271     4186   57.52%
      0     0   151522.1351   197   351553.0000     Cuts: 171     4674   56.90%
      0     0   153131.7371   210   351553.0000     Cuts: 292     4986   56.44%
      0     0   154866.1870   210   351553.0000     Cuts: 109     5353   55.95%
      0     0   156311.0283   187   351553.0000     Cuts: 193     5664   55.54%
      0     0   157865.2433   178   351553.0000      Cuts: 86     6080   55.09%
      0     0   159347.4636   179   351553.0000      Cuts: 82     6376   54.67%
      0     0   159668.7779   202   351553.0000      Cuts: 84     6528   54.58%
      0     0   159993.1304   203   351553.0000     Cuts: 100     6665   54.49%
      0     0   160562.1067   204   351553.0000      Cuts: 75     6853   54.33%
*     0+    0                       347131.0000   160562.1067            53.75%
      0     0   161263.7638   201   347131.0000      Cuts: 47     6993   53.54%
*     0+    0                       343621.0000   161263.7638            53.07%
      0     0   161752.1763   200   343621.0000      Cuts: 89     7203   52.93%
      0     0   162421.6259   194   343621.0000     Cuts: 100     7437   52.73%
      0     0   163155.9474   171   343621.0000     Cuts: 175     7677   52.52%
      0     0   163647.9204   169   343621.0000      Cuts: 41     7799   52.38%
      0     0   164431.0505   171   343621.0000      Cuts: 51     8046   52.15%
      0     0   165221.8516   168   343621.0000      Cuts: 69     8269   51.92%
      0     0   165848.3760   189   343621.0000      Cuts: 75     8522   51.74%
      0     0   166341.1570   188   343621.0000      Cuts: 70     8656   51.59%
      0     0   166769.1081   195   343621.0000     Cuts: 105     8820   51.47%
      0     0   167153.5172   193   343621.0000      Cuts: 67     9021   51.36%
      0     0   167565.6060   194   343621.0000      Cuts: 92     9204   51.24%
      0     0   167816.8116   196   343621.0000      Cuts: 66     9356   51.16%
      0     0   168107.1884   198   343621.0000     Cuts: 121     9537   51.08%
      0     0   168381.3132   202   343621.0000      Cuts: 44     9708   51.00%
      0     0   168548.1887   199   343621.0000      Cuts: 41     9791   50.95%
      0     0   168864.8887   198   343621.0000      Cuts: 67     9906   50.86%
      0     0   169284.5897   176   343621.0000      Cuts: 57    10056   50.74%
      0     0   169531.7116   177   343621.0000      Cuts: 46    10160   50.66%
      0     0   169859.5010   176   343621.0000      Cuts: 31    10357   50.57%
      0     0   170074.7059   192   343621.0000      Cuts: 25    10491   50.51%
      0     0   170234.2469   192   343621.0000      Cuts: 37    10607   50.46%
      0     0   170308.7885   197   343621.0000      Cuts: 40    10700   50.44%
      0     0   170394.6387   221   343621.0000      Cuts: 22    10743   50.41%
      0     0   170477.7270   202   343621.0000      Cuts: 21    10834   50.39%
      0     0   170532.7375   201   343621.0000      Cuts: 47    10914   50.37%
      0     0   170582.3295   194   343621.0000      Cuts: 21    10966   50.36%
Detecting symmetries...
      0     2   170582.3295   194   343621.0000   170582.3295    10966   50.36%
Elapsed time = 21.97 sec. (8210.53 ticks, tree = 0.02 MB, solutions = 12)
      4     4   180680.0960   178   343621.0000   170582.4077    11735   50.36%
     11     8   182361.8794   167   343621.0000   170803.4272    13490   50.29%
     37    28   208718.1023   145   343621.0000   171628.3741    20309   50.05%
     62    58   246037.8333   105   343621.0000   171628.3741    27776   50.05%
    109    84   262970.9655   137   343621.0000   171628.3741    33828   50.05%
    183   127   338224.8333    77   343621.0000   171628.3741    40403   50.05%
*   243+  175                       318416.0000   171628.3741            46.10%
    250   207   311530.0000    70   318416.0000   171628.3741    51803   46.10%
    301   235   309787.0000    52   318416.0000   171628.3741    57096   46.10%
    350   233   216281.2500   114   318416.0000   175831.9477    61180   44.78%
    571   416        cutoff         318416.0000   176505.8386    94379   44.57%
Elapsed time = 35.79 sec. (11342.88 ticks, tree = 16.36 MB, solutions = 13)
    771   599   232498.6367   162   318416.0000   176942.2595   125060   44.43%
    985   770   268551.2020   142   318416.0000   176942.2595   146154   44.43%
   1172   965   288048.8913   165   318416.0000   176942.2595   173998   44.43%
   1338  1087   293202.9590   181   318416.0000   176942.2595   191030   44.43%
   1568  1277   192883.2618   207   318416.0000   180404.0679   214098   43.34%

Performing restart 1

Repeating presolve.
Tried aggregator 2 times.
MIP Presolve eliminated 3525 rows and 256 columns.
Aggregator did 1 substitutions.
Reduced MIP has 23474 rows, 2782 columns, and 70323 nonzeros.
Reduced MIP has 2782 binaries, 0 generals, 0 SOSs, and 0 indicators.
Presolve time = 0.04 sec. (41.34 ticks)
Tried aggregator 1 time.
Reduced MIP has 23474 rows, 2782 columns, and 70323 nonzeros.
Reduced MIP has 2782 binaries, 0 generals, 0 SOSs, and 0 indicators.
Presolve time = 0.04 sec. (42.33 ticks)
Represolve time = 0.14 sec. (122.92 ticks)
   1663     0   171252.2504   198   318416.0000      Cuts: 62   241134   42.00%
   1663     0   172572.7355   202   318416.0000      Cuts: 82   241553   42.00%
   1663     0   173525.6151   232   318416.0000      Cuts: 70   241861   42.00%
   1663     0   174064.0383   212   318416.0000      Cuts: 81   242132   42.00%
   1663     0   174522.4409   208   318416.0000      Cuts: 66   242388   42.00%
   1663     0   174864.4388   211   318416.0000      Cuts: 67   242609   42.00%
   1663     2   174864.4388   211   318416.0000   184691.5908   242609   42.00%
   1664     3   175266.8288   238   318416.0000   184691.5908   242768   42.00%
   1665     4   175569.3501   238   318416.0000   184691.5908   242956   42.00%
   1668     4   186479.8482   175   318416.0000   184691.5908   243532   42.00%
   1671     6   187642.1341   188   318416.0000   184691.5908   244197   42.00%
Elapsed time = 104.12 sec. (32687.46 ticks, tree = 0.02 MB, solutions = 13)
   1680    15   207144.7632   172   318416.0000   184691.5908   249227   42.00%
   1689    16   189879.8838   205   318416.0000   184691.5908   250014   42.00%
   1699    20   198268.9256   187   318416.0000   184691.5908   251833   42.00%
   1709    40   190557.2988   180   318416.0000   184691.5908   266415   42.00%
   1721    53   191193.1664   173   318416.0000   184691.5908   270666   42.00%
   1769    73   241377.1875   111   318416.0000   184691.5908   275359   42.00%
   1818   112   251563.2500    87   318416.0000   184691.5908   287923   42.00%
   1852   145   220760.0455   171   318416.0000   184691.5908   296662   42.00%
   1907   205   263669.3333   125   318416.0000   184691.5908   309117   42.00%
   1962   263   247688.8061   168   318416.0000   184691.5908   323810   42.00%
Elapsed time = 158.88 sec. (42686.24 ticks, tree = 1.32 MB, solutions = 13)
   2028   282   255177.4394   146   318416.0000   184691.5908   327198   42.00%
   2085   337   234287.6322   174   318416.0000   184691.5908   338870   42.00%
   2167   401   260934.3557   183   318416.0000   184691.5908   349447   42.00%
   2238   447   238685.0733   155   318416.0000   184691.5908   358014   42.00%
   2316   461   274115.6875   146   318416.0000   184691.5908   360276   42.00%
   2375   570   279619.1667   125   318416.0000   184691.5908   379007   42.00%
   2457   644   250087.0746   153   318416.0000   184691.5908   390559   42.00%
   2528   677   229323.6053   168   318416.0000   184691.5908   399456   42.00%
   2605   725   205069.0558   203   318416.0000   184691.5908   411405   42.00%
   2661   886   216793.0334   208   318416.0000   184691.5908   444824   42.00%
Elapsed time = 217.02 sec. (52303.74 ticks, tree = 3.26 MB, solutions = 13)
   2758   901   227689.8944   224   318416.0000   184691.5908   447343   42.00%
   2840  1001   282197.7667   105   318416.0000   184691.5908   467997   42.00%
   2977  1022   212409.8444   168   318416.0000   184691.5908   471873   42.00%
   3082  1172   231353.3529   171   318416.0000   184691.5908   509505   42.00%
   3193  1243   252409.4630   196   318416.0000   184691.5908   518537   42.00%
   3349  1311   309708.0000   133   318416.0000   184691.5908   531180   42.00%
   3480  1461   296003.4000   160   318416.0000   186495.3353   555563   41.43%
   3608  1602   315843.3113   153   318416.0000   186495.3353   575188   41.43%
   3734  1679   217669.3488   168   318416.0000   187244.6268   588072   41.19%
   3834  1795   288127.6867   212   318416.0000   187244.6268   602831   41.19%
Elapsed time = 272.35 sec. (61974.14 ticks, tree = 28.43 MB, solutions = 13)
   3944  1892   295811.5000   137   318416.0000   187244.6268   617217   41.19%
   4057  2108   281520.7357   171   318416.0000   187244.6268   645198   41.19%
   4188  2220   311641.0643   159   318416.0000   187244.6268   656107   41.19%
   4339  2218   294474.3750   155   318416.0000   187244.6268   654808   41.19%
   4472  2435   240540.8255   193   318416.0000   188781.0291   676694   40.71%
   4623  2457   273000.2000   189   318416.0000   189046.0218   677149   40.63%
   4785  2721   245477.3150   178   318416.0000   189055.3520   704554   40.63%
   4991  2856   296034.8092   182   318416.0000   189879.8994   717161   40.37%
   5163  2825   222120.7407   209   318416.0000   189879.8994   716388   40.37%
   5368  3064   294125.9296   194   318416.0000   190334.2474   734190   40.22%
Elapsed time = 333.86 sec. (71574.68 ticks, tree = 179.49 MB, solutions = 13)
   5554  3403   266289.6533   174   318416.0000   190417.2654   763969   40.20%
   5730  3578   212057.2143   168   318416.0000   190596.3503   783939   40.14%
   5899  3620   316530.5714    89   318416.0000   190745.3032   791533   40.10%
   6007  3888   261690.6875   131   318416.0000   190832.7550   821679   40.07%
   6134  3963   311775.1875   165   318416.0000   192216.6343   829665   39.63%
   6247  4043   278869.4769   112   318416.0000   192216.6343   845794   39.63%
   6401  4112   289478.8333   152   318416.0000   192271.3500   858878   39.62%
   6580  4220   246855.6459   215   318416.0000   192271.3500   880840   39.62%
   6758  4392   317524.2917   152   318416.0000   192382.3220   899443   39.58%
   6913  4446   309680.5400   212   318416.0000   192382.3220   907592   39.58%
Elapsed time = 398.75 sec. (81168.51 ticks, tree = 316.79 MB, solutions = 13)
   7067  4664   267817.6004   221   318416.0000   193168.5641   927449   39.33%
   7236  4858   289071.1163   169   318416.0000   193415.3215   947174   39.26%
   7475  5130   315099.3421   153   318416.0000   193415.3215   976750   39.26%
   7679  5411   312603.4011   187   318416.0000   193924.0722  1000121   39.10%
   7849  5475   284525.6162   199   318416.0000   194031.7832  1006418   39.06%
   8043  5639   291604.9237   210   318416.0000   194031.7832  1021645   39.06%
   8282  5881        cutoff         318416.0000   194869.5667  1047397   38.80%
   8422  6044   307408.6307   156   318416.0000   194869.5667  1058976   38.80%
   8581  6117   298968.9091   145   318416.0000   194993.8609  1065308   38.76%
   8777  6248   313560.8333    95   318416.0000   195914.3428  1084087   38.47%
Elapsed time = 455.89 sec. (90770.59 ticks, tree = 534.57 MB, solutions = 13)
   8950  6328   307727.4067   180   318416.0000   195914.3428  1094269   38.47%
   9087  6611   293780.5000   165   318416.0000   195966.9063  1116747   38.46%
   9235  6891   211744.4061   168   318416.0000   196031.5531  1149063   38.44%
   9363  6977   216689.4215   204   318416.0000   196364.4207  1161814   38.33%
   9546  6931        cutoff         318416.0000   196364.4207  1156925   38.33%
   9742  7281   310793.7941   202   318416.0000   196869.8618  1203817   38.17%
   9893  7454   238232.3333   129   318416.0000   196939.8365  1222617   38.15%
  10068  7442   282225.7500   133   318416.0000   197203.5285  1219813   38.07%
  10246  7653   216924.4361   172   318416.0000   197203.5285  1249652   38.07%
  10416  7868   258117.4406   249   318416.0000   197558.2768  1276900   37.96%
Elapsed time = 517.97 sec. (100373.22 ticks, tree = 738.18 MB, solutions = 13)
  10630  7986   281865.8953   146   318416.0000   197558.2768  1287576   37.96%
  10819  8235   294453.5655   217   318416.0000   197962.8449  1312792   37.83%
  10991  8402   259386.1117   234   318416.0000   198251.9076  1327273   37.74%
  11194  8512        cutoff         318416.0000   198258.1628  1337480   37.74%
  11359  8777   311264.7437   204   318416.0000   198441.4151  1363235   37.68%
  11527  8948   238673.7483   220   318416.0000   198520.0270  1384397   37.65%
  11712  9000   263479.5877   190   318416.0000   198652.7541  1390812   37.61%
  11898  9294   283326.2393   174   318416.0000   198741.8408  1423484   37.58%
  12087  9428   248219.7833   179   318416.0000   198889.4484  1433537   37.54%
  12799 10107   210843.5983   206   318416.0000   199324.1900  1510193   37.40%
Elapsed time = 593.16 sec. (112805.08 ticks, tree = 946.17 MB, solutions = 13)
  13484 10628   305595.0093   165   318416.0000   199880.0430  1573269   37.23%
  14212 11041   271549.9778   192   318416.0000   201049.6587  1622282   36.86%
  14890 11936   238429.4353   214   318416.0000   201927.0514  1721593   36.58%
  15561 12640   260136.4903   169   318416.0000   202116.5740  1802746   36.52%
  16227 13164   266412.9245   196   318416.0000   202906.5409  1869917   36.28%
  16972 13807   309890.2567   216   318416.0000   203366.6531  1931060   36.13%
* 17634+14231                       318148.0000   203644.1202            35.99%
  17666 14496   288766.9969   187   318148.0000   203644.1202  2011121   35.99%
* 18027+14773                       315469.0000   203664.6888            35.44%
  18191 14784   296744.8986   211   315469.0000   203664.6888  2043019   35.44%
  18878 14875   229793.5827   207   315469.0000   204729.2760  2120081   35.10%
  19686 15637   310876.8941   166   315469.0000   205203.7204  2189444   34.95%
Elapsed time = 821.80 sec. (150982.31 ticks, tree = 1763.90 MB, solutions = 15)
  20414 16160   307492.4118   142   315469.0000   205374.7619  2242202   34.90%
  21147 17170   252124.3466   163   315469.0000   205764.9672  2358786   34.77%
  21915 17656   302723.2917   153   315469.0000   205963.0945  2415832   34.71%
  22704 18431   314098.9913   127   315469.0000   206586.7409  2495073   34.51%
  23490 18794   237336.5577   148   315469.0000   206611.3654  2537041   34.51%
  24208 19848   310927.3844   177   315469.0000   206959.0877  2655371   34.40%
  24998 20205   229984.9816   194   315469.0000   207409.3256  2692825   34.25%
  25657 21352   301196.4565   159   315469.0000   207690.9089  2821876   34.16%
  26278 21836   260871.8376   180   315469.0000   208025.3093  2879525   34.06%
  26945 22325        cutoff         315469.0000   208151.6875  2942703   34.02%
Elapsed time = 1055.17 sec. (189196.32 ticks, tree = 2379.06 MB, solutions = 15)
Nodefile size = 319.94 MB (197.54 MB after compression)
  27626 22746   255778.1317   174   315469.0000   208601.3860  2992078   33.88%
  28364 23722   305895.9286   147   315469.0000   209333.2675  3103601   33.64%
  29014 24397   298190.0735   133   315469.0000   209440.8704  3173614   33.61%
  29708 24918   235479.5073   217   315469.0000   209646.8616  3243671   33.54%
  30419 25453   301081.3853   193   315469.0000   209999.9913  3310919   33.43%
  31113 26084   290304.6500   151   315469.0000   210467.8217  3381125   33.28%
  31753 26571   233295.1621   166   315469.0000   210678.5610  3447977   33.22%
  32451 27120        cutoff         315469.0000   210942.1491  3519424   33.13%
  33013 27800   243469.5385   160   315469.0000   211169.9681  3605053   33.06%
* 33321+28088                       314868.0000   211417.1947            32.86%
  33536 28265   303541.5238   178   314868.0000   211529.8696  3691656   32.82%
Elapsed time = 1277.69 sec. (227384.39 ticks, tree = 3123.43 MB, solutions = 16)
Nodefile size = 1062.61 MB (654.25 MB after compression)
* 33582+28174                       312079.0000   211529.8696            32.22%
  34160 27515   279071.6667   102   312079.0000   211545.7474  3740374   32.21%
  34718 28142   291423.3913   158   312079.0000   211937.2723  3822759   32.09%
  35413 28400   278308.7500   125   312079.0000   212280.3003  3855826   31.98%
  36087 28904   231167.3622   198   312079.0000   212504.9676  3913543   31.91%
  36788 29531   289925.1474   231   312079.0000   212807.0863  3993534   31.81%
  37423 30671   271041.7562   189   312079.0000   213026.2241  4128207   31.74%
  38129 30619   303580.0185   141   312079.0000   213174.6718  4125765   31.69%
  38785 31616   245413.1750   147   312079.0000   213491.0024  4244838   31.59%
  39516 32254   296735.2833   124   312079.0000   213677.5290  4325289   31.53%
  40142 32661   267288.1851   211   312079.0000   213893.9300  4381054   31.46%
Elapsed time = 1500.18 sec. (265595.32 ticks, tree = 3836.18 MB, solutions = 17)
Nodefile size = 1775.83 MB (1091.53 MB after compression)
  40796 33222   298167.6770   124   312079.0000   214006.8019  4450958   31.43%
  41501 33687   258773.4424   174   312079.0000   214241.7043  4507838   31.35%
* 41809+33917                       295571.0000   214366.4671            27.47%
  42054 34589   285250.7500    95   295571.0000   214378.7108  4610324   27.47%
  42718 25486   285709.9694   149   295571.0000   214378.7108  4679075   27.47%
  43290 25680   218264.3604   183   295571.0000   214689.5185  4713690   27.36%
  43811 26421   257254.5962   172   295571.0000   214941.8134  4829917   27.28%
  44456 26853   294970.0625   144   295571.0000   215371.3813  4894807   27.13%
  45141 27018        cutoff         295571.0000   215517.8885  4915320   27.08%
  45728 27658   292837.0000   112   295571.0000   215710.7509  5001170   27.02%
  46331 28244   252804.9512   193   295571.0000   216070.6731  5085407   26.90%
Elapsed time = 1725.47 sec. (303821.43 ticks, tree = 3218.08 MB, solutions = 18)
Nodefile size = 1144.23 MB (700.67 MB after compression)
  46952 28798   282899.4189   163   295571.0000   216432.9896  5173590   26.77%
  47487 29363   272448.3529   195   295571.0000   216658.8378  5260242   26.70%
  48133 30125   267717.6796   198   295571.0000   216892.0818  5386847   26.62%
  48731 30593   281575.9782   193   295571.0000   216994.0039  5459214   26.58%
  49356 30853   239640.4889   195   295571.0000   217318.3333  5493163   26.48%
  49926 31089   291431.3333   114   295571.0000   217518.3162  5535493   26.41%
  50501 31595   267405.3335   197   295571.0000   217662.8773  5601723   26.36%
  51022 32122   292266.4359   154   295571.0000   218002.7655  5678507   26.24%
  51634 32969   241840.5000   123   295571.0000   218237.9589  5814848   26.16%
  52255 33596   293715.0390   184   295571.0000   218544.4808  5909811   26.06%
Elapsed time = 1964.46 sec. (342013.39 ticks, tree = 3802.58 MB, solutions = 18)
Nodefile size = 1738.41 MB (1063.56 MB after compression)
  52929 34165   273698.4074   132   295571.0000   218745.5328  5993672   25.99%
  53587 34742   231646.7037   139   295571.0000   218937.7899  6075744   25.93%
  54209 35050   247080.8537   224   295571.0000   219189.5555  6120423   25.84%
  54844 35657   288984.1833   140   295571.0000   219315.6829  6209312   25.80%
  55484 35821   259415.2500   112   295571.0000   219591.9788  6233545   25.71%
  56068 36740   280570.0307   185   295571.0000   219963.8936  6373718   25.58%
  56715 37039   258945.4231   154   295571.0000   220119.6111  6422939   25.53%
  57218 37710        cutoff         295571.0000   220285.5465  6515925   25.47%
  57798 38133   281228.6426   188   295571.0000   220608.4069  6579483   25.36%
  58401 38654   244725.2698   178   295571.0000   220687.7000  6656022   25.34%
Elapsed time = 2200.84 sec. (380261.72 ticks, tree = 4495.00 MB, solutions = 18)
Nodefile size = 2433.54 MB (1488.08 MB after compression)
  58989 39012   295203.6250   107   295571.0000   220809.0661  6718205   25.29%
  59655 39573   242046.2400   151   295571.0000   221043.1852  6810012   25.21%
  60329 40289   292150.2471   189   295571.0000   221129.8675  6912638   25.19%
  61026 40409   282316.3776   152   295571.0000   221307.9919  6934906   25.13%
  61679 41675        cutoff         295571.0000   221549.7062  7106309   25.04%
  62276 41870   260068.7561   172   295571.0000   221662.2902  7138743   25.01%
  62899 42011   266031.5659   215   295571.0000   221796.2207  7160965   24.96%
  63515 42656   289103.2333   145   295571.0000   222131.0159  7265619   24.85%
  64157 43400   257669.4237   159   295571.0000   222209.2999  7374006   24.82%
  64472 43559   259468.0754   191   295571.0000   222209.2999  7400166   24.82%
Elapsed time = 2416.59 sec. (418488.45 ticks, tree = 5032.54 MB, solutions = 18)
Nodefile size = 2953.76 MB (1804.62 MB after compression)

Performing restart 2

Repeating presolve.
Tried aggregator 1 time.
MIP Presolve eliminated 771 rows and 65 columns.
Reduced MIP has 22703 rows, 2717 columns, and 88042 nonzeros.
Reduced MIP has 2717 binaries, 0 generals, 0 SOSs, and 0 indicators.
Presolve time = 0.11 sec. (120.50 ticks)
Tried aggregator 1 time.
Reduced MIP has 22703 rows, 2717 columns, and 88042 nonzeros.
Reduced MIP has 2717 binaries, 0 generals, 0 SOSs, and 0 indicators.
Presolve time = 0.07 sec. (65.34 ticks)
Represolve time = 0.29 sec. (239.25 ticks)
  64503     0   175497.9398   223   295571.0000      Cuts: 51  7510043   24.76%
  64503     0   175773.8265   218   295571.0000      Cuts: 43  7510182   24.76%
* 64503+    0                       290289.0000   222396.2495            23.39%
  64503     0   176151.8747   213   290289.0000      Cuts: 57  7510333   23.39%
  64503     0   176571.1095   205   290289.0000      Cuts: 59  7510519   23.39%
  64503     0   176969.1784   202   290289.0000      Cuts: 86  7510693   23.39%
  64503     0   177491.2018   202   290289.0000      Cuts: 81  7510971   23.39%
  64503     0   177830.8704   219   290289.0000      Cuts: 84  7511121   23.39%
  64503     0   178254.0284   219   290289.0000      Cuts: 61  7511292   23.39%
  64503     0   178559.9360   220   290289.0000      Cuts: 54  7511439   23.39%
  64503     2   178559.9360   220   290289.0000   222396.2495  7511439   23.39%
  64628    90   229368.2745   149   290289.0000   222396.2495  7544797   23.39%
  65002   365   225981.3194   149   290289.0000   222396.2495  7608386   23.39%
  65404   603   246972.5645   168   290289.0000   222396.2495  7670732   23.39%
  65919  1032   257519.7454   184   290289.0000   222396.2495  7746738   23.39%
  66424  1611   269108.9375   146   290289.0000   222396.2495  7858689   23.39%
  66933  1915   263357.1210   168   290289.0000   222396.2495  7928162   23.39%
  67408  2392   273872.9444   191   290289.0000   222396.2495  8051334   23.39%
  67946  2960   268568.4261   186   290289.0000   222396.2495  8162779   23.39%
  68468  3380   279482.2061   146   290289.0000   222396.2495  8251834   23.39%
Elapsed time = 2645.05 sec. (466915.94 ticks, tree = 19.79 MB, solutions = 19)
  69013  3806   279881.3033   120   290289.0000   222396.2495  8349363   23.39%
  69569  4272   232235.9695   183   290289.0000   222396.2495  8450237   23.39%
  70108  4690   225041.4403   153   290289.0000   222396.2495  8537807   23.39%
  70683  5272   245002.1856   167   290289.0000   222396.2495  8664458   23.39%
  71200  5741   269185.7500   156   290289.0000   222396.2495  8779512   23.39%
  71780  6257   263829.5170   181   290289.0000   222396.2495  8891623   23.39%
  72334  6746   285151.2500   137   290289.0000   222396.2495  9005389   23.39%
  72926  7175   253123.9799   176   290289.0000   222396.2495  9096097   23.39%
  73518  7605   257534.6212   144   290289.0000   222396.2495  9193018   23.39%
  74084  8221   287882.0619   171   290289.0000   222396.2495  9325535   23.39%
Elapsed time = 2859.65 sec. (505100.11 ticks, tree = 42.61 MB, solutions = 19)
  74703  8645        cutoff         290289.0000   222396.2495  9417509   23.39%
  75268  9212   286611.4155   158   290289.0000   222396.2495  9550891   23.39%
  75830  9624   287189.0769   144   290289.0000   222396.2495  9651466   23.39%
  76389 10013   287363.0385   121   290289.0000   222396.2495  9731875   23.39%
  76990 10520   244291.2841   175   290289.0000   222396.2495  9854552   23.39%
  77572 11083   287372.9877   155   290289.0000   222396.2495  9979828   23.39%
  78180 11664   270880.7551   143   290289.0000   222396.2495 10114604   23.39%
  78823 12119   283878.2500   126   290289.0000   222396.2495 10210670   23.39%
  79398 12511   272988.2571   176   290289.0000   222396.2495 10300023   23.39%
  79980 13040   226798.2521   158   290289.0000   222396.2495 10418035   23.39%
Elapsed time = 3073.00 sec. (543308.32 ticks, tree = 59.73 MB, solutions = 19)
  80588 13721   271887.4286   146   290289.0000   222396.2495 10587959   23.39%
  81104 14172   271963.1500   154   290289.0000   222396.2495 10681934   23.39%
  81652 14327   238561.7832   178   290289.0000   222396.2495 10714409   23.39%
  82232 14919        cutoff         290289.0000   222396.2495 10857642   23.39%
  82827 15439        cutoff         290289.0000   222396.2495 10977775   23.39%
  83404 15934   284412.2345   137   290289.0000   222396.2495 11094930   23.39%
  84011 16198   282091.7500   123   290289.0000   222396.2495 11159619   23.39%
Starting limited solution polishing.
  84610 16880   260430.4375   125   290289.0000   222396.2495 11313302   23.39%
  85214 17408   287258.6923   158   290289.0000   222396.2495 11430469   23.39%
  85671 17872        cutoff         290289.0000   222396.2495 11523800   23.39%
Elapsed time = 3285.16 sec. (581523.64 ticks, tree = 79.42 MB, solutions = 19)
* 85692+17685                       290073.0000   222396.2495            23.33%
  86246 18367   240046.2109   168   290073.0000   222396.2495 11644489   23.33%
  86579 18540   276124.6981   206   290073.0000   222396.2495 11690576   23.33%
  86982 18851   268556.2516   177   290073.0000   222575.4217 11762773   23.27%
  87412 19324   283780.2961   163   290073.0000   222904.0099 11890574   23.16%
  87726 19594        cutoff         290073.0000   222904.0099 11949841   23.16%
  88162 19836   252800.8663   148   290073.0000   223269.0316 12005020   23.03%
  88696 20475   289440.2000    90   290073.0000   223533.3516 12150149   22.94%
  89046 20731   258349.2318   209   290073.0000   223678.3343 12210971   22.89%
  89461 20783   254866.2212   168   290073.0000   223719.1238 12225714   22.87%
  90046 21452   268087.7993   172   290073.0000   224104.3103 12378909   22.74%
Elapsed time = 3434.25 sec. (619740.60 ticks, tree = 92.40 MB, solutions = 20)
  90637 21739   238602.6478   186   290073.0000   224336.7508 12446902   22.66%
  91247 22524   288460.5556   124   290073.0000   224683.3524 12627568   22.54%
  91868 22687   259770.1494   193   290073.0000   224883.4107 12667554   22.47%
  92462 23157   276387.2805   124   290073.0000   225173.4858 12770858   22.37%
  93053 23495   269129.5316   152   290073.0000   225423.4222 12843584   22.29%
  93672 23953   259839.0546   170   290073.0000   225686.6000 12961830   22.20%
  94273 24771   285428.7688   157   290073.0000   226011.3985 13142430   22.08%
  94864 25021   284799.3636   126   290073.0000   226295.0000 13199029   21.99%
* 95086+25051                       289853.0000   226361.2857            21.90%

Implied bound cuts applied:  3
Zero-half cuts applied:  400
Lift and project cuts applied:  204
Gomory fractional cuts applied:  1

Root node processing (before b&c):
  Real time             =   21.93 sec. (8166.86 ticks)
Parallel b&c, 8 threads:
  Real time             = 3578.08 sec. (644487.15 ticks)
  Sync time (average)   =  535.14 sec.
  Wait time (average)   =    0.01 sec.
                          ------------
Total (root+branch&cut) = 3600.01 sec. (652654.01 ticks)
Status: Feasible
Obj: 289853

Instalacoes abertas:
Instalação 1 aberta
Instalação 4 aberta
Instalação 8 aberta
Instalação 9 aberta
Instalação 13 aberta
Instalação 20 aberta
Instalação 22 aberta
Instalação 47 aberta

Atribuições (cliente -> instalação):
Cliente 0 -> Instalação 9
Cliente 1 -> Instalação 47
Cliente 2 -> Instalação 22
Cliente 3 -> Instalação 20
Cliente 4 -> Instalação 4
Cliente 5 -> Instalação 9
Cliente 6 -> Instalação 4
Cliente 7 -> Instalação 4
Cliente 8 -> Instalação 9
Cliente 9 -> Instalação 4
Cliente 10 -> Instalação 8
Cliente 11 -> Instalação 9
Cliente 12 -> Instalação 4
Cliente 13 -> Instalação 8
Cliente 14 -> Instalação 47
Cliente 15 -> Instalação 47
Cliente 16 -> Instalação 13
Cliente 17 -> Instalação 22
Cliente 18 -> Instalação 20
Cliente 19 -> Instalação 1
Cliente 20 -> Instalação 20
Cliente 21 -> Instalação 47
Cliente 22 -> Instalação 4
Cliente 23 -> Instalação 8
Cliente 24 -> Instalação 13
Cliente 25 -> Instalação 9
Cliente 26 -> Instalação 47
Cliente 27 -> Instalação 20
Cliente 28 -> Instalação 4
Cliente 29 -> Instalação 9
Cliente 30 -> Instalação 1
Cliente 31 -> Instalação 20
Cliente 32 -> Instalação 20
Cliente 33 -> Instalação 9
Cliente 34 -> Instalação 1
Cliente 35 -> Instalação 9
Cliente 36 -> Instalação 13
Cliente 37 -> Instalação 20
Cliente 38 -> Instalação 8
Cliente 39 -> Instalação 13
Cliente 40 -> Instalação 4
Cliente 41 -> Instalação 20
Cliente 42 -> Instalação 8
Cliente 43 -> Instalação 47
Cliente 44 -> Instalação 9
Cliente 45 -> Instalação 8
Cliente 46 -> Instalação 20
Cliente 47 -> Instalação 1
Cliente 48 -> Instalação 22
Cliente 49 -> Instalação 8
