Version identifier: 22.1.1.0 | 2022-11-28 | 9160aff4d
CPXPARAM_TimeLimit                               3600
Tried aggregator 1 time.
MIP Presolve eliminated 50 rows and 1 columns.
Reduced MIP has 27000 rows, 3039 columns, and 80900 nonzeros.
Reduced MIP has 3039 binaries, 0 generals, 0 SOSs, and 0 indicators.
Presolve time = 0.04 sec. (39.34 ticks)
Found incumbent of value 2.1138582e+07 after 0.05 sec. (49.74 ticks)
Probing time = 0.01 sec. (5.95 ticks)
Tried aggregator 1 time.
Detecting symmetries...
Reduced MIP has 27000 rows, 3039 columns, and 80900 nonzeros.
Reduced MIP has 3039 binaries, 0 generals, 0 SOSs, and 0 indicators.
Presolve time = 0.05 sec. (47.33 ticks)
Probing time = 0.02 sec. (5.95 ticks)
Clique table members: 2500.
MIP emphasis: balance optimality and feasibility.
MIP search method: dynamic search.
Parallel mode: deterministic, using up to 8 threads.
Root relaxation solution time = 0.11 sec. (40.57 ticks)

        Nodes                                         Cuts/
   Node  Left     Objective  IInf  Best Integer    Best Bound    ItCnt     Gap

*     0+    0                       2.11386e+07        0.0000           100.00%
*     0+    0                       1.61064e+07        0.0000           100.00%
*     0+    0                       820305.0000        0.0000           100.00%
*     0+    0                       793079.0000        0.0000           100.00%
      0     0    93774.0000   100   793079.0000    93774.0000      182   88.18%
      0     0   106217.5000   100   793079.0000    Cuts: 1222      368   86.61%
*     0+    0                       530427.0000   106217.5000            79.98%
      0     0   118774.0000    98   530427.0000    Cuts: 1221      704   77.61%
*     0+    0                       363053.0000   118774.0000            67.28%
      0     0   130620.3333   168   363053.0000 ZeroHalf: 485     2046   64.02%
*     0+    0                       361101.0000   130620.3333            63.83%
*     0+    0                       358062.0000   130620.3333            63.52%
      0     0  -1.00000e+75     0   358062.0000   130620.3333     2046   63.52%
      0     0   133991.1333   193   358062.0000     Cuts: 566     2808   62.58%
      0     0   140401.8563   187   358062.0000     Cuts: 508     3629   60.79%
Detecting symmetries...
      0     0   144975.4949   184   358062.0000     Cuts: 286     4148   59.51%
      0     0   147787.1717   220   358062.0000     Cuts: 222     4558   58.73%
      0     0   150462.9699   192   358062.0000     Cuts: 192     5103   57.98%
      0     0   151944.9332   189   358062.0000     Cuts: 105     5448   57.56%
*     0+    0                       358042.0000   151944.9332            57.56%
*     0+    0                       351360.0000   151944.9332            56.76%
      0     0   153330.6392   185   351360.0000     Cuts: 118     5731   56.36%
      0     0   154023.8575   190   351360.0000     Cuts: 110     5899   55.65%
      0     0   156423.2865   213   351360.0000      Cuts: 98     6308   55.48%
      0     0   158704.1905   212   351360.0000     Cuts: 220     6802   54.83%
      0     0   160281.5612   217   351360.0000     Cuts: 218     7119   54.38%
      0     0   161361.4428   183   351360.0000     Cuts: 275     7403   54.08%
      0     0   162081.6439   209   351360.0000      Cuts: 73     7586   53.87%
      0     0   162567.5969   217   351360.0000      Cuts: 89     7738   53.73%
      0     0   162876.3668   185   351360.0000     Cuts: 153     7858   53.64%
      0     0   162950.5212   180   351360.0000      Cuts: 13     7894   53.62%
      0     0   163068.1462   185   351360.0000      Cuts: 26     7956   53.59%
      0     0   163362.1996   184   351360.0000      Cuts: 54     8094   53.51%
      0     0   164023.7761   205   351360.0000      Cuts: 43     8320   53.32%
      0     0   164464.5149   209   351360.0000      Cuts: 59     8503   53.19%
      0     0   164958.5354   203   351360.0000      Cuts: 62     8699   53.05%
      0     0   165211.6194   207   351360.0000      Cuts: 44     8841   52.98%
*     0+    0                       348260.0000   165211.6194            52.56%
      0     0   165665.0014   205   348260.0000      Cuts: 72     9034   52.43%
      0     0   166147.2070   191   348260.0000     Cuts: 121     9239   52.29%
      0     0   166781.7277   193   348260.0000      Cuts: 65     9435   52.11%
      0     0   167584.4959   195   348260.0000      Cuts: 76     9694   51.88%
      0     0   168129.5321   201   348260.0000      Cuts: 64     9923   51.72%
      0     0   168287.3026   199   348260.0000      Cuts: 36    10040   51.68%
      0     0   168455.9958   185   348260.0000      Cuts: 75    10153   51.63%
      0     0   168774.2662   189   348260.0000      Cuts: 44    10334   51.54%
      0     0   169095.7313   185   348260.0000      Cuts: 36    10531   51.45%
      0     0   169194.3841   187   348260.0000      Cuts: 21    10607   51.42%
      0     0   169310.0743   185   348260.0000      Cuts: 21    10707   51.38%
      0     0   169362.8454   185   348260.0000      Cuts: 14    10745   51.37%
      0     0   169441.3691   189   348260.0000      Cuts: 16    10840   51.35%
      0     0   169531.2136   220   348260.0000   ZeroHalf: 9    10929   51.32%
      0     0   169617.1028   188   348260.0000      Cuts: 26    10994   51.30%
      0     0   169712.4576   217   348260.0000      Cuts: 19    11074   51.27%
      0     0   169881.3303   195   348260.0000      Cuts: 33    11223   51.22%
      0     0   170002.7186   186   348260.0000      Cuts: 91    11356   51.19%
      0     0   170070.9913   218   348260.0000      Cuts: 26    11424   51.17%
Detecting symmetries...
      0     2   170070.9913   218   348260.0000   170070.9913    11424   51.17%
Elapsed time = 18.50 sec. (8422.91 ticks, tree = 0.02 MB, solutions = 11)
      2     3   170347.2327   208   348260.0000   170072.1359    11614   51.17%
     10     8   189078.1120   180   348260.0000   170347.6534    14169   51.09%
     25    19   197795.3103   147   348260.0000   170476.5497    18311   51.05%
     43    27   228292.7986   135   348260.0000   171023.1427    21616   50.89%
     62    49   192871.1933   157   348260.0000   171023.1427    29853   50.89%
     85    65   208765.6667    97   348260.0000   171023.1427    35589   50.89%
    129    89   231602.5000   123   348260.0000   171023.1427    43751   50.89%
    178   138   237150.3750   109   348260.0000   171023.1427    54805   50.89%
    255   196   240481.4167   106   348260.0000   171023.1427    63191   50.89%
*   472+  404                       327653.0000   171023.1427            47.80%
    552   398   279784.0000    66   327653.0000   172003.9614    91584   47.50%
Elapsed time = 31.85 sec. (11734.74 ticks, tree = 1.87 MB, solutions = 12)
*   624   513      integral     0   325270.0000   172305.6863   112989   47.03%
    742   604   295139.5000    72   325270.0000   174173.5363   131301   46.45%
    965   789   241199.5833   130   325270.0000   177193.1788   158543   45.52%
   1224   935   203745.9389   182   325270.0000   178400.1697   178477   45.15%
   1453  1175   243755.0000    92   325270.0000   178400.1697   214187   45.15%
   1688  1391   324659.0000    60   325270.0000   179089.9019   236297   44.94%

Performing restart 1

Repeating presolve.
Tried aggregator 2 times.
MIP Presolve eliminated 3480 rows and 247 columns.
Aggregator did 2 substitutions.
Reduced MIP has 23518 rows, 2790 columns, and 70456 nonzeros.
Reduced MIP has 2790 binaries, 0 generals, 0 SOSs, and 0 indicators.
Presolve time = 0.04 sec. (41.63 ticks)
Tried aggregator 1 time.
Reduced MIP has 23518 rows, 2790 columns, and 70456 nonzeros.
Reduced MIP has 2790 binaries, 0 generals, 0 SOSs, and 0 indicators.
Presolve time = 0.04 sec. (42.45 ticks)
Represolve time = 0.13 sec. (123.77 ticks)
   1692     0   170385.2851   227   325270.0000      Cuts: 43   254374   44.94%
   1692     0   170802.1948   189   325270.0000      Cuts: 48   254670   44.94%
   1692     0   171110.5502   224   325270.0000      Cuts: 62   254901   44.94%
*  1692+    0                       322553.0000   179089.9019            44.48%
   1692     0  -1.00000e+75     0   322553.0000   179089.9019   254901   44.48%
*  1692+    0                       322333.0000   179089.9019            44.44%
   1692     0   171637.6322   220   322333.0000      Cuts: 56   255170   44.44%
   1692     0   172115.5971   224   322333.0000      Cuts: 55   255413   44.44%
   1692     0   172438.4789   218   322333.0000      Cuts: 69   255555   44.44%
   1692     0   172576.1179   219   322333.0000      Cuts: 61   255730   44.44%
*  1692+    0                       321479.0000   179089.9019            44.29%
   1692     2   172576.1179   219   321479.0000   179089.9019   255730   44.29%
   1694     3   181272.4283   181   321479.0000   179089.9019   256380   44.29%
   1698     6   173490.1296   205   321479.0000   179089.9019   257087   44.29%
   1703     9   177673.8995   198   321479.0000   179089.9019   258571   44.29%
   1713    12   184536.6915   201   321479.0000   179089.9019   259366   44.29%
Elapsed time = 96.28 sec. (30736.51 ticks, tree = 0.02 MB, solutions = 16)
   1720    19   190999.5449   187   321479.0000   179089.9019   263550   44.29%
   1730    35   187073.7989   201   321479.0000   179089.9019   276717   44.29%
   1740    41   185579.5116   203   321479.0000   179089.9019   282099   44.29%
   1751    52   227003.5212   157   321479.0000   179089.9019   289554   44.29%
   1764    65   201103.9497   162   321479.0000   179089.9019   293881   44.29%
   1814    87   193643.6098   177   321479.0000   179089.9019   300825   44.29%
   1849   110   231387.3968   192   321479.0000   179089.9019   308299   44.29%
   1894   152   213007.0433   155   321479.0000   179089.9019   317865   44.29%
   1935   206   236995.9926   174   321479.0000   179089.9019   327508   44.29%
   1991   191   282823.5000    80   321479.0000   179089.9019   323272   44.29%
Elapsed time = 157.33 sec. (40729.20 ticks, tree = 8.40 MB, solutions = 16)
   2048   260   301938.0000   109   321479.0000   179089.9019   338351   44.29%
   2119   275   220334.9416   184   321479.0000   179089.9019   339763   44.29%
   2184   420   258338.3333   128   321479.0000   179089.9019   362287   44.29%
   2262   499   272358.5000    80   321479.0000   179089.9019   374612   44.29%
   2336   531   282639.2000   132   321479.0000   179089.9019   377923   44.29%
   2448   636   263001.8133   145   321479.0000   179089.9019   389710   44.29%
   2568   627   200774.6709   208   321479.0000   179089.9019   391669   44.29%
   2677   804   269142.6304   127   321479.0000   179089.9019   412448   44.29%
   2780   881   237349.9167   158   321479.0000   179089.9019   430029   44.29%
   2905   894   261951.5556   165   321479.0000   179089.9019   433059   44.29%
Elapsed time = 213.86 sec. (50385.29 ticks, tree = 63.21 MB, solutions = 16)
   3076  1010   311972.6250   108   321479.0000   179089.9019   452483   44.29%
   3257  1106   309561.8500   138   321479.0000   179089.9019   472414   44.29%
   3368  1319   214335.2755   195   321479.0000   180494.8341   506451   43.85%
   3433  1375   207133.3420   196   321479.0000   180494.8341   516611   43.85%
   3511  1525   230320.4868   167   321479.0000   180772.6130   555358   43.77%
   3612  1604   226446.9911   209   321479.0000   180772.6130   570982   43.77%
   3751  1637   251921.2163   185   321479.0000   180772.6130   577497   43.77%
   3861  1825   306196.2926   157   321479.0000   180772.6130   611984   43.77%
   3978  1936   247284.4208   226   321479.0000   180772.6130   626177   43.77%
   4101  2072   258715.3125   173   321479.0000   180772.6130   648831   43.77%
Elapsed time = 270.08 sec. (60047.77 ticks, tree = 73.48 MB, solutions = 16)
   4242  2152   245282.7185   183   321479.0000   180772.6130   661035   43.77%
   4379  2312   232109.2903   162   321479.0000   180772.6130   682580   43.77%
   4532  2481   314248.4000   168   321479.0000   180772.6130   697516   43.77%
   4655  2574   280945.7458   161   321479.0000   180772.6130   707370   43.77%
   4833  2631   240959.6848   180   321479.0000   180772.6130   714778   43.77%
   4949  2806   187020.2192   207   321479.0000   180772.6130   727333   43.77%
   5079  2888   232521.9398   213   321479.0000   182247.5242   737323   43.31%
   5214  3097   254114.2558   191   321479.0000   184246.6928   764209   42.69%
   5366  3084   255691.2296   202   321479.0000   184246.6928   764569   42.69%
   5509  3340   247208.6497   196   321479.0000   184454.1763   794438   42.62%
Elapsed time = 330.78 sec. (69682.25 ticks, tree = 208.20 MB, solutions = 16)
   5648  3435   277170.1549   206   321479.0000   184551.8776   804658   42.59%
   5819  3497   242460.8374   194   321479.0000   184648.9420   812904   42.56%
   5964  3736   263861.3750   187   321479.0000   184712.7975   837366   42.54%
   6144  3811   252181.6536   201   321479.0000   184712.7975   845865   42.54%
   6292  4008   233633.8511   217   321479.0000   184791.4286   867088   42.52%
   6430  4315   293031.3956   195   321479.0000   184951.0454   898884   42.47%
   6578  4441   311043.7500   115   321479.0000   185063.9152   917936   42.43%
   6730  4422   305387.0000    89   321479.0000   185297.6744   914452   42.36%
   6879  4650        cutoff         321479.0000   185624.6016   945729   42.26%
   6996  4742   301877.6760   205   321479.0000   185624.6016   954942   42.26%
Elapsed time = 391.79 sec. (79294.37 ticks, tree = 405.64 MB, solutions = 16)
   7172  4892   315262.7571   155   321479.0000   185624.6016   980378   42.26%
   7294  4961   208880.0055   186   321479.0000   185645.5417   995305   42.25%
   7404  5153   286293.4757   198   321479.0000   185645.5417  1020453   42.25%
   7530  5241   294868.6250   103   321479.0000   186540.1680  1037461   41.97%
   7727  5399   206314.2929   180   321479.0000   186540.1680  1070124   41.97%
   7875  5666   267854.6026   204   321479.0000   186953.9702  1098386   41.85%
   8004  5696   267765.1492   189   321479.0000   186953.9702  1103226   41.85%
   8143  5915   245957.0048   202   321479.0000   186953.9702  1130722   41.85%
   8328  5938   279981.5023   181   321479.0000   186953.9702  1132984   41.85%
   8531  6066   307490.4211   166   321479.0000   187633.0268  1143560   41.63%
Elapsed time = 451.20 sec. (88909.79 ticks, tree = 509.15 MB, solutions = 16)
   8742  6149   315359.7857   169   321479.0000   187704.9167  1153003   41.61%
   8898  6632   287498.7237   205   321479.0000   187937.1937  1198479   41.54%
   9059  6657   312511.3988   174   321479.0000   187995.2934  1200593   41.52%
   9258  6813   316009.1250   150   321479.0000   187995.2934  1216762   41.52%
   9401  6972   233438.7757   174   321479.0000   188011.0429  1236490   41.52%
   9529  7236   275233.2824   184   321479.0000   188051.8922  1259098   41.50%
   9690  7231   197387.7535   184   321479.0000   188137.4708  1258219   41.48%
   9828  7335   264956.9551   185   321479.0000   188267.3083  1275894   41.44%
   9996  7368   300127.3421   164   321479.0000   188456.9915  1281278   41.38%
  10160  7672   299669.0658   179   321479.0000   188456.9915  1311100   41.38%
Elapsed time = 507.02 sec. (98485.91 ticks, tree = 689.94 MB, solutions = 16)
  10331  7710   256293.5815   214   321479.0000   188588.4908  1318285   41.34%
  10438  8015   277567.0599   210   321479.0000   188742.5444  1356747   41.29%
  10623  8045   293223.6143   172   321479.0000   188742.5444  1358947   41.29%
  10762  8317   315173.8879   200   321479.0000   188742.5444  1395168   41.29%
  10896  8232   309943.1443   201   321479.0000   188956.7755  1383942   41.22%
  11046  8419   274850.3535   199   321479.0000   188956.7755  1409083   41.22%
  11217  8604   280127.9978   176   321479.0000   189177.1235  1434495   41.15%
  11429  8790   306782.6907   163   321479.0000   189283.3115  1454638   41.12%
  11593  8900   208078.5000   156   321479.0000   189300.5590  1474551   41.12%
  12284  9560   307881.8276   171   321479.0000   189640.2452  1544958   41.01%
Elapsed time = 584.19 sec. (110939.78 ticks, tree = 906.30 MB, solutions = 16)
  12918 10273   245493.3251   189   321479.0000   189976.3461  1618751   40.91%
  13603 10884   313656.8750   206   321479.0000   190147.9625  1683551   40.85%
  14283 11331   298532.1123   188   321479.0000   190563.0210  1735309   40.72%
  14931 12211   279716.2704   242   321479.0000   190975.3563  1842759   40.59%
  15663 12559   245409.1667   119   321479.0000   191121.1006  1876772   40.55%
  16400 13345   272250.8250   118   321479.0000   191666.8343  1963411   40.38%
  17026 14137   235909.2295   125   321479.0000   192151.4681  2059835   40.23%
  17496 14621   202563.3121   216   321479.0000   192268.3322  2118391   40.19%
  17928 14891   281151.8683   161   321479.0000   193042.4014  2155858   39.95%
  18566 15340   263242.4262   188   321479.0000   193067.4528  2207709   39.94%
Elapsed time = 800.61 sec. (149125.62 ticks, tree = 1511.27 MB, solutions = 16)
  19269 15949        cutoff         321479.0000   194035.1334  2280329   39.64%
  20008 16453   317607.2218   189   321479.0000   194423.0145  2332733   39.52%
  20734 17503   296380.6960   199   321479.0000   195089.5628  2446791   39.31%
  21429 18142   282843.8924   208   321479.0000   195095.0623  2503410   39.31%
  22236 18600   220405.6129   149   321479.0000   195582.4467  2564011   39.16%
  22900 19197   240637.4955   181   321479.0000   195992.8750  2634110   39.03%
  23657 20119   306454.7022   185   321479.0000   196082.0979  2728282   39.01%
* 24275+20370                       312964.0000   196173.0518            37.32%
  24423 20635   296224.2167   165   312964.0000   196390.7966  2778820   37.25%
  25101 18797   251598.6750   163   312964.0000   196850.4204  2837223   37.10%
  25819 19829   237825.1725   148   312964.0000   197418.2031  2950655   36.92%
Elapsed time = 1038.79 sec. (187333.26 ticks, tree = 1936.74 MB, solutions = 17)
  26465 20152   260935.9855   190   312964.0000   197508.1509  2983784   36.89%
  27273 20898   290782.0980   188   312964.0000   197583.8105  3060468   36.87%
  28048 21576   278882.5833   192   312964.0000   198036.6875  3125938   36.72%
  28937 22692   311662.5556   127   312964.0000   198474.4139  3222357   36.58%
  29653 23337   296208.0441   160   312964.0000   198587.4127  3294773   36.55%
  30446 23844   310923.5833   117   312964.0000   198660.6649  3347613   36.52%
  31223 24591   307193.3013   160   312964.0000   199128.0974  3430427   36.37%
  31870 25191   241293.2508   166   312964.0000   199409.7914  3494622   36.28%
  32516 26074   247706.3050   169   312964.0000   199491.7495  3598995   36.26%
  33184 26449   303152.3275   221   312964.0000   199585.4590  3640844   36.23%
Elapsed time = 1262.93 sec. (225537.18 ticks, tree = 2619.83 MB, solutions = 17)
Nodefile size = 555.74 MB (345.39 MB after compression)
  33732 27015   302038.5000    84   312964.0000   199886.5647  3703438   36.13%
  34494 27974   255995.4642   199   312964.0000   200159.8915  3793370   36.04%
  35187 28290   241400.9415   206   312964.0000   200236.2161  3823125   36.02%
  35872 28578   264847.1425   188   312964.0000   200392.5673  3860616   35.97%
  36747 29328   307063.4620   158   312964.0000   200581.5312  3938755   35.91%
  37571 30803   301067.5721   167   312964.0000   200775.2503  4081351   35.85%
  38380 30773   224605.8294   160   312964.0000   200997.9191  4077689   35.78%
  39131 32230   307710.7921   173   312964.0000   201172.8589  4228679   35.72%
  39818 32626   281775.6094   211   312964.0000   201233.3333  4270249   35.70%
  40468 33221   311213.1439   214   312964.0000   201380.0369  4332057   35.65%
Elapsed time = 1476.22 sec. (263739.32 ticks, tree = 3490.63 MB, solutions = 17)
Nodefile size = 1418.48 MB (880.55 MB after compression)
  41094 34195   271677.0759   151   312964.0000   201549.1688  4435063   35.60%
  41912 34736   310073.0833    83   312964.0000   201587.8772  4499906   35.59%
  42551 35330   261100.4500   153   312964.0000   201813.1407  4555165   35.52%
  43318 36164   236762.0909   138   312964.0000   201916.2632  4651582   35.48%
  44063 36186   296470.4605   146   312964.0000   201916.2632  4647486   35.48%
  44796 36781   296394.1648   163   312964.0000   202404.3518  4717786   35.33%
  45596 37826   291483.1351   163   312964.0000   202632.5432  4827731   35.25%
  46310 38467   289524.1667   198   312964.0000   202723.0257  4897249   35.22%
  46956 39346   312108.5254   175   312964.0000   202845.1884  4989330   35.19%
  47687 39483   231266.9838   202   312964.0000   202952.7047  5008248   35.15%
Elapsed time = 1693.72 sec. (301921.57 ticks, tree = 4198.27 MB, solutions = 17)
Nodefile size = 2120.32 MB (1313.56 MB after compression)
  48350 40254   269713.7167   162   312964.0000   203061.8333  5082908   35.12%
  48968 40793   276825.7110   151   312964.0000   203187.2934  5161029   35.08%
  49693 41660   310359.7496   186   312964.0000   203472.8662  5255075   34.99%
  50503 42434   300849.5000   115   312964.0000   203490.0250  5336643   34.98%
  51264 42494   281779.2500   144   312964.0000   203767.0223  5342182   34.89%
  51979 44293   309621.6442   156   312964.0000   203962.6389  5520810   34.83%
  52751 44927   294232.5440   186   312964.0000   204155.1562  5588186   34.77%
  53584 45583   283967.2919   160   312964.0000   204439.5741  5657798   34.68%
  54291 45892   290318.5000   135   312964.0000   204614.1735  5692756   34.62%
  54979 47144   250597.9000   154   312964.0000   204772.2353  5832831   34.57%
Elapsed time = 1906.58 sec. (340136.46 ticks, tree = 5056.34 MB, solutions = 17)
Nodefile size = 2994.47 MB (1851.36 MB after compression)
  55837 47524   242483.9496   167   312964.0000   204972.9394  5877929   34.51%
  56470 48095   268535.7230   158   312964.0000   205229.7731  5931843   34.42%
  57102 48646   298962.3468   181   312964.0000   205337.1508  5989355   34.39%
  57790 49291   249455.2273   165   312964.0000   205597.6235  6067300   34.31%
  58423 50187   293904.5408   163   312964.0000   205640.4957  6163868   34.29%
  59079 50715   263729.8125   163   312964.0000   205818.8390  6226271   34.24%
  59892 50783   292634.5962   150   312964.0000   206003.6875  6237096   34.18%
  60697 51732   297470.5357   163   312964.0000   206275.9484  6328245   34.09%
  61441 52544   303554.8333    94   312964.0000   206473.0822  6428001   34.03%
  62307 53051   292833.1667   121   312964.0000   206635.3526  6473760   33.97%
Elapsed time = 2115.92 sec. (378334.77 ticks, tree = 5757.16 MB, solutions = 17)
Nodefile size = 3670.89 MB (2267.12 MB after compression)
  63092 53941   251651.6390   173   312964.0000   206794.3921  6565775   33.92%
  63830 55040   310915.3717   163   312964.0000   206996.3024  6684241   33.86%
  64429 55104   244655.3438   203   312964.0000   207082.9338  6694396   33.83%
  64517 55460   236604.6250   163   312964.0000   207082.9338  6732630   33.83%

Performing restart 2

Repeating presolve.
Tried aggregator 1 time.
MIP Presolve eliminated 249 rows and 23 columns.
Reduced MIP has 23269 rows, 2767 columns, and 90256 nonzeros.
Reduced MIP has 2767 binaries, 0 generals, 0 SOSs, and 0 indicators.
Presolve time = 0.10 sec. (98.63 ticks)
Tried aggregator 1 time.
Reduced MIP has 23269 rows, 2767 columns, and 90256 nonzeros.
Reduced MIP has 2767 binaries, 0 generals, 0 SOSs, and 0 indicators.
Presolve time = 0.07 sec. (67.07 ticks)
Represolve time = 0.26 sec. (220.09 ticks)
  64518     0   174682.0186   231   312964.0000      Cuts: 56  6832040   33.78%
  64518     0   175299.3829   223   312964.0000      Cuts: 48  6832379   33.78%
  64518     0   175906.6913   219   312964.0000      Cuts: 87  6832674   33.78%
* 64518+    0                       312779.0000   207258.2210            33.74%
  64518     0  -1.00000e+75     0   312779.0000   207258.2210  6832674   33.74%
  64518     0   176772.5420   219   312779.0000      Cuts: 64  6832998   33.74%
  64518     0   177210.5770   249   312779.0000      Cuts: 98  6833215   33.74%
  64518     0   177419.0379   251   312779.0000      Cuts: 69  6833373   33.74%
  64518     0   177654.3202   244   312779.0000      Cuts: 77  6833530   33.74%
  64518     0   177835.9289   248   312779.0000      Cuts: 68  6833661   33.74%
  64518     0   177950.3467   252   312779.0000      Cuts: 48  6833787   33.74%
  64518     0   178046.4262   218   312779.0000      Cuts: 47  6833901   33.74%
  64518     0   178118.5898   254   312779.0000      Cuts: 35  6834022   33.74%
  64518     2   178118.5898   254   312779.0000   207258.2210  6834022   33.74%
  64527     8   202241.7298   160   312779.0000   207258.2210  6836762   33.74%
  64560    24   192710.0578   184   312779.0000   207258.2210  6843404   33.74%
  64637    86   247896.7813   128   312779.0000   207258.2210  6874086   33.74%
  64889   269   275354.1071   143   312779.0000   207258.2210  6910273   33.74%
  65282   522   203177.2659   183   312779.0000   207258.2210  6953694   33.74%
Elapsed time = 2315.38 sec. (427446.81 ticks, tree = 57.65 MB, solutions = 18)
  65644   877   230632.1379   183   312779.0000   207258.2210  7008380   33.74%
  66061  1097   232312.0824   210   312779.0000   207258.2210  7032027   33.74%
  66542  1528   295397.4667   163   312779.0000   207258.2210  7069594   33.74%
  67132  2019   216403.4801   197   312779.0000   207258.2210  7109520   33.74%
  67884  2773   305464.9857   149   312779.0000   207258.2210  7164903   33.74%
  68636  3464   292944.4750   135   312779.0000   207258.2210  7225479   33.74%
  69373  4174   201906.2813   200   312779.0000   207258.2210  7281703   33.74%
  70081  4832   290366.4359   150   312779.0000   207258.2210  7349113   33.74%
  70873  5586   306110.0097   160   312779.0000   207258.2210  7419768   33.74%
  71702  6269   292447.5595   171   312779.0000   207258.2210  7473095   33.74%
Elapsed time = 2550.09 sec. (465630.93 ticks, tree = 743.21 MB, solutions = 18)
  72505  7084   278101.4399   178   312779.0000   207258.2210  7539210   33.74%
  73161  7679   265605.7588   202   312779.0000   207258.2210  7588376   33.74%
  73916  8289   228790.7602   226   312779.0000   207258.2210  7636129   33.74%
  74538  9038   262367.9474   182   312779.0000   207258.2210  7710787   33.74%
  75237  9595   263998.5319   134   312779.0000   207258.2210  7780710   33.74%
  75971 10482   298215.8400   145   312779.0000   207258.2210  7868483   33.74%
  76809 10932   220111.0519   175   312779.0000   207258.2210  7914572   33.74%
  77600 11857   287337.7059   141   312779.0000   207258.2210  7996197   33.74%
  78276 12642   263249.4998   198   312779.0000   207258.2210  8066740   33.74%
  78926 13062   290001.6087   162   312779.0000   207258.2210  8116314   33.74%
Elapsed time = 2790.67 sec. (503825.88 ticks, tree = 1439.81 MB, solutions = 18)
  79606 13848   295809.0000   121   312779.0000   207258.2210  8210500   33.74%
  80261 14411   286014.4421   200   312779.0000   207258.2210  8272409   33.74%
  80866 14825   306397.0926   122   312779.0000   207258.2210  8315671   33.74%
  81500 15487   291261.5638   182   312779.0000   207258.2210  8368139   33.74%
  82398 16202   223046.3431   168   312779.0000   207258.2210  8431794   33.74%
  83225 17099   309687.8808   155   312779.0000   207258.2210  8519510   33.74%
  84009 17493   220998.4224   153   312779.0000   207258.2210  8563491   33.74%
  84851 18749   243221.6296   158   312779.0000   207258.2210  8671540   33.74%
  85574 19208   237595.3826   180   312779.0000   207258.2210  8717271   33.74%
  86208 19834   251721.0023   202   312779.0000   207258.2210  8791257   33.74%
Elapsed time = 3007.02 sec. (542024.12 ticks, tree = 2445.90 MB, solutions = 18)
Nodefile size = 384.03 MB (242.50 MB after compression)
  86879 20510   265168.4649   219   312779.0000   207258.2210  8866560   33.74%
  87800 21230   294401.7500   107   312779.0000   207258.2210  8941135   33.74%
  88639 22107   283747.0075   157   312779.0000   207258.2210  9013291   33.74%
  89361 22825   309473.7083    98   312779.0000   207258.2210  9082952   33.74%
  89971 23303   291013.6529   140   312779.0000   207258.2210  9130186   33.74%
  90716 23882   270076.9943   184   312779.0000   207258.2210  9190225   33.74%
  91521 25002   246145.9971   183   312779.0000   207258.2210  9305599   33.74%
  92366 25777   232035.8244   181   312779.0000   207258.2210  9373518   33.74%
  93025 26304   267696.6667   154   312779.0000   207258.2210  9426846   33.74%
  93959 26991   259182.7059   145   312779.0000   207258.2210  9499764   33.74%
Elapsed time = 3231.83 sec. (580219.61 ticks, tree = 3352.49 MB, solutions = 18)
Nodefile size = 1290.55 MB (814.09 MB after compression)
Starting limited solution polishing.
  94789 27491   280868.8750    99   312779.0000   207258.2210  9539391   33.74%
  95272 28458   289228.3770   142   312779.0000   207258.2210  9630270   33.74%
  95822 28860   305533.8158   207   312779.0000   207258.2210  9675533   33.74%
  96253 29212   283957.0596   187   312779.0000   207258.2210  9708355   33.74%
  96719 29476   304485.3333    60   312779.0000   207258.2210  9735309   33.74%
  97148 30125   224555.2619   156   312779.0000   207258.2210  9812294   33.74%
  97643 30662   261199.5116   163   312779.0000   207258.2210  9870638   33.74%
  98229 31018   242122.5556   193   312779.0000   207258.2210  9908177   33.74%
  98649 31315   303343.9898   160   312779.0000   207258.2210  9933939   33.74%
  99206 31868   296834.8750   106   312779.0000   207258.2210  9999479   33.74%
Elapsed time = 3381.25 sec. (618454.06 ticks, tree = 4008.08 MB, solutions = 18)
Nodefile size = 1941.26 MB (1223.82 MB after compression)
  99576 32280   284466.0625   185   312779.0000   207258.2210 10031148   33.74%
 100107 32835   283444.6272   201   312779.0000   207258.2210 10077094   33.74%
 100613 33445   298017.1787   160   312779.0000   207258.2210 10138781   33.74%
 101252 33923   282409.6500   121   312779.0000   207258.2210 10188424   33.74%
 101676 34461   264310.8000   139   312779.0000   207258.2210 10244491   33.74%
 102340 34650   282571.5417   136   312779.0000   207258.2210 10264345   33.74%
 102924 35370   288487.7222   131   312779.0000   207258.2210 10341783   33.74%
 103561 35801   259273.7920   204   312779.0000   207258.2210 10387323   33.74%
*103975+36069                       307074.0000   207471.0036            32.44%
 104283 36476   292026.5311   164   307074.0000   207471.0036 10454908   32.44%
 104686 33903   264979.0690   176   307074.0000   207471.0036 10486505   32.44%
Elapsed time = 3539.06 sec. (656645.63 ticks, tree = 4293.62 MB, solutions = 19)
Nodefile size = 2214.46 MB (1394.25 MB after compression)
 105171 34366   285288.7886   219   307074.0000   207500.6992 10514019   32.43%
*105183+33817                       305438.0000   207500.6992            32.06%
 105511 34132   279282.5000   131   305438.0000   207500.6992 10599086   32.06%
 105910 34306   275599.0794   138   305438.0000   207651.3376 10622474   32.02%
 106301 34802   249658.6856   200   305438.0000   207651.3376 10675847   32.02%
 106490 35007   278755.2125   176   305438.0000   207723.2902 10691390   31.99%
 106603 34346   268009.6068   166   305438.0000   207723.2902 10628130   31.99%

Zero-half cuts applied:  328
Lift and project cuts applied:  300

Root node processing (before b&c):
  Real time             =   18.47 sec. (8379.31 ticks)
Parallel b&c, 8 threads:
  Real time             = 3584.20 sec. (674339.93 ticks)
  Sync time (average)   =  604.05 sec.
  Wait time (average)   =    0.01 sec.
                          ------------
Total (root+branch&cut) = 3602.67 sec. (682719.25 ticks)
Status: Feasible
Obj: 305438

Instalacoes abertas:
Instalação 0 aberta
Instalação 1 aberta
Instalação 4 aberta
Instalação 8 aberta
Instalação 9 aberta
Instalação 13 aberta
Instalação 20 aberta
Instalação 22 aberta
Instalação 47 aberta

Atribuições (cliente -> instalação):
Cliente 0 -> Instalação 9
Cliente 1 -> Instalação 47
Cliente 2 -> Instalação 1
Cliente 3 -> Instalação 20
Cliente 4 -> Instalação 9
Cliente 5 -> Instalação 4
Cliente 6 -> Instalação 47
Cliente 7 -> Instalação 0
Cliente 8 -> Instalação 4
Cliente 9 -> Instalação 9
Cliente 10 -> Instalação 13
Cliente 11 -> Instalação 9
Cliente 12 -> Instalação 20
Cliente 13 -> Instalação 13
Cliente 14 -> Instalação 0
Cliente 15 -> Instalação 8
Cliente 16 -> Instalação 9
Cliente 17 -> Instalação 4
Cliente 18 -> Instalação 9
Cliente 19 -> Instalação 20
Cliente 20 -> Instalação 47
Cliente 21 -> Instalação 47
Cliente 22 -> Instalação 22
Cliente 23 -> Instalação 8
Cliente 24 -> Instalação 1
Cliente 25 -> Instalação 13
Cliente 26 -> Instalação 8
Cliente 27 -> Instalação 4
Cliente 28 -> Instalação 1
Cliente 29 -> Instalação 20
Cliente 30 -> Instalação 9
Cliente 31 -> Instalação 13
Cliente 32 -> Instalação 1
Cliente 33 -> Instalação 4
Cliente 34 -> Instalação 0
Cliente 35 -> Instalação 20
Cliente 36 -> Instalação 13
Cliente 37 -> Instalação 47
Cliente 38 -> Instalação 8
Cliente 39 -> Instalação 8
Cliente 40 -> Instalação 22
Cliente 41 -> Instalação 8
Cliente 42 -> Instalação 4
Cliente 43 -> Instalação 4
Cliente 44 -> Instalação 47
Cliente 45 -> Instalação 20
Cliente 46 -> Instalação 8
Cliente 47 -> Instalação 1
Cliente 48 -> Instalação 20
Cliente 49 -> Instalação 1
