Version identifier: 22.1.1.0 | 2022-11-28 | 9160aff4d
CPXPARAM_TimeLimit                               3600
Tried aggregator 1 time.
MIP Presolve eliminated 50 rows and 1 columns.
Reduced MIP has 33150 rows, 3162 columns, and 99350 nonzeros.
Reduced MIP has 3162 binaries, 0 generals, 0 SOSs, and 0 indicators.
Presolve time = 0.05 sec. (46.68 ticks)
Found incumbent of value 2.6082416e+07 after 0.06 sec. (59.31 ticks)
Probing time = 0.01 sec. (6.49 ticks)
Tried aggregator 1 time.
Detecting symmetries...
Reduced MIP has 33150 rows, 3162 columns, and 99350 nonzeros.
Reduced MIP has 3162 binaries, 0 generals, 0 SOSs, and 0 indicators.
Presolve time = 0.07 sec. (56.39 ticks)
Probing time = 0.02 sec. (6.49 ticks)
Clique table members: 2500.
MIP emphasis: balance optimality and feasibility.
MIP search method: dynamic search.
Parallel mode: deterministic, using up to 8 threads.
Root relaxation solution time = 0.07 sec. (49.08 ticks)

        Nodes                                         Cuts/
   Node  Left     Objective  IInf  Best Integer    Best Bound    ItCnt     Gap

*     0+    0                       2.60824e+07        0.0000           100.00%
*     0+    0                       1.90395e+07        0.0000           100.00%
*     0+    0                       977939.0000        0.0000           100.00%
*     0+    0                       964850.0000        0.0000           100.00%
*     0+    0                       889179.0000        0.0000           100.00%
      0     0    93774.0000   100   889179.0000    93774.0000      182   89.45%
*     0+    0                       621543.0000    93774.0000            84.91%
      0     0   106217.5000   100   621543.0000    Cuts: 1558      384   82.91%
*     0+    0                       536923.0000   106217.5000            80.22%
      0     0   118774.0000    98   536923.0000    Cuts: 1575      701   77.88%
      0     0   131136.1667   219   536923.0000 ZeroHalf: 586     2056   75.58%
*     0+    0                       469509.0000   131136.1667            72.07%
*     0+    0                       460541.0000   131136.1667            71.53%
      0     0   136595.6392   209   460541.0000 ZeroHalf: 533     2636   70.34%
      0     0   143618.7609   181   460541.0000     Cuts: 786     3485   68.82%
Detecting symmetries...
      0     0   147763.9978   181   460541.0000     Cuts: 284     4102   67.92%
      0     0   150126.9581   223   460541.0000     Cuts: 209     4580   67.40%
      0     0   151531.0749   188   460541.0000     Cuts: 286     4862   67.10%
      0     0   153445.3215   179   460541.0000     Cuts: 114     5193   66.68%
*     0+    0                       431954.0000   153445.3215            64.48%
      0     0   155198.6509   205   431954.0000     Cuts: 174     5530   64.07%
      0     0   156724.2802   240   431954.0000     Cuts: 104     5939   63.72%
      0     0   157972.8602   241   431954.0000     Cuts: 165     6234   63.43%
      0     0   158598.1041   211   431954.0000     Cuts: 231     6467   63.28%
      0     0   159352.6695   182   431954.0000     Cuts: 332     6749   63.11%
      0     0   160198.1161   177   431954.0000      Cuts: 56     7031   62.91%
*     0+    0                       404851.0000   160198.1161            60.43%
      0     0   161440.9973   209   404851.0000     Cuts: 103     7385   60.12%
      0     0   162450.7882   206   404851.0000      Cuts: 69     7596   59.87%
      0     0   163513.8454   178   404851.0000     Cuts: 257     8002   59.61%
      0     0   164286.9741   206   404851.0000      Cuts: 92     8239   59.42%
      0     0   165360.4258   209   404851.0000      Cuts: 81     8512   59.16%
      0     0   166440.6889   208   404851.0000     Cuts: 124     8781   58.89%
      0     0   167149.5810   205   404851.0000      Cuts: 82     8961   58.71%
      0     0   167914.9355   240   404851.0000     Cuts: 158     9228   58.52%
      0     0   168528.5001   236   404851.0000      Cuts: 50     9457   58.37%
      0     0   168864.0400   236   404851.0000      Cuts: 60     9567   58.29%
      0     0   169422.3723   209   404851.0000     Cuts: 168     9746   58.15%
      0     0   170178.5859   188   404851.0000      Cuts: 61     9999   57.97%
      0     0   170929.5891   202   404851.0000      Cuts: 63    10185   57.78%
      0     0   171334.3607   210   404851.0000      Cuts: 88    10400   57.68%
      0     0   171953.6416   207   404851.0000      Cuts: 38    10534   57.53%
      0     0   172460.4965   204   404851.0000      Cuts: 50    10734   57.40%
      0     0   172709.1151   205   404851.0000      Cuts: 60    10871   57.34%
      0     0   173156.3865   208   404851.0000      Cuts: 99    11095   57.23%
      0     0   173353.7796   216   404851.0000      Cuts: 79    11296   57.18%
      0     0   173591.9800   209   404851.0000      Cuts: 16    11450   57.12%
      0     0   173742.5984   210   404851.0000     Cuts: 138    11627   57.08%
      0     0   173934.1741   209   404851.0000      Cuts: 52    11819   57.04%
      0     0   174130.5163   207   404851.0000      Cuts: 43    11959   56.99%
      0     0   174350.5850   203   404851.0000      Cuts: 83    12176   56.93%
      0     0   174510.6839   209   404851.0000      Cuts: 45    12349   56.90%
      0     0   174757.3341   207   404851.0000      Cuts: 23    12541   56.83%
      0     0   174916.8565   204   404851.0000     Cuts: 101    12688   56.79%
      0     0   175071.2472   203   404851.0000      Cuts: 28    12795   56.76%
      0     0   175162.3863   214   404851.0000      Cuts: 29    12882   56.73%
      0     0   175237.2494   208   404851.0000      Cuts: 54    12976   56.72%
      0     0   175362.4058   210   404851.0000      Cuts: 25    13083   56.68%
      0     0   175602.1002   197   404851.0000      Cuts: 39    13206   56.63%
      0     0   175850.7248   210   404851.0000      Cuts: 90    13383   56.56%
      0     0   175984.3722   211   404851.0000      Cuts: 76    13564   56.53%
      0     0   176192.9489   213   404851.0000      Cuts: 56    13696   56.48%
      0     0   176261.5438   213   404851.0000  ZeroHalf: 40    13766   56.46%
Detecting symmetries...
      0     2   176261.5438   213   404851.0000   176261.5438    13766   56.46%
Elapsed time = 32.68 sec. (11222.70 ticks, tree = 0.02 MB, solutions = 11)
      2     4   182110.9566   177   404851.0000   176263.9486    14362   56.46%
      9    11   185778.2481   172   404851.0000   176322.0731    16104   56.45%
     31    27   210069.8668   150   404851.0000   176322.0731    22450   56.45%
     54    47   256523.2500    99   404851.0000   176322.0731    28875   56.45%
     90    75   249536.5000   129   404851.0000   176322.0731    37546   56.45%
    137   117   229719.0000    91   404851.0000   176322.0731    46075   56.45%
    196   176   324051.0000    73   404851.0000   176322.0731    54183   56.45%
    276   242   301753.6667    89   404851.0000   176322.0731    64102   56.45%
    358   292   326646.5000    72   404851.0000   176322.0731    69318   56.45%
    656   550   376855.5000    62   404851.0000   176467.7096    95301   56.41%
Elapsed time = 48.59 sec. (14358.58 ticks, tree = 7.62 MB, solutions = 11)
*   769   683      integral     0   382064.0000   176752.2555   116755   53.74%
    780   687   274189.0000    82   382064.0000   176752.2555   120294   53.74%
    930   757   317509.0000    81   382064.0000   176752.2555   142959   53.74%
   1125   910   369279.5000    68   382064.0000   176752.2555   165938   53.74%
   1275  1005   214802.8003   175   382064.0000   176752.2555   183208   53.74%
   1489  1159   306156.5000    86   382064.0000   176752.2555   210076   53.74%
   1682  1345   247418.6613   146   382064.0000   176752.2555   232058   53.74%

Performing restart 1

Repeating presolve.
Tried aggregator 1 time.
MIP Presolve eliminated 2782 rows and 157 columns.
Reduced MIP has 30368 rows, 3005 columns, and 91004 nonzeros.
Reduced MIP has 3005 binaries, 0 generals, 0 SOSs, and 0 indicators.
Presolve time = 0.05 sec. (45.01 ticks)
Tried aggregator 1 time.
Reduced MIP has 30368 rows, 3005 columns, and 91004 nonzeros.
Reduced MIP has 3005 binaries, 0 generals, 0 SOSs, and 0 indicators.
Presolve time = 0.06 sec. (53.30 ticks)
Represolve time = 0.17 sec. (148.77 ticks)
   1692     0   177836.8160   232   382064.0000      Cuts: 69   249803   53.45%
   1692     0   178839.2193   219   382064.0000      Cuts: 67   250127   53.19%
   1692     0   179461.7581   225   382064.0000      Cuts: 64   250356   53.03%
*  1692+    0                       376774.0000   179461.7581            52.37%
   1692     0  -1.00000e+75     0   376774.0000   179461.7581   250356   52.37%
   1692     0   179885.5774   223   376774.0000      Cuts: 53   250566   52.26%
   1692     0   180481.7638   221   376774.0000      Cuts: 74   250828   52.10%
   1692     0   180950.0672   230   376774.0000      Cuts: 72   251060   51.97%
   1692     0   181451.6576   225   376774.0000      Cuts: 59   251276   51.84%
   1692     0   181844.2325   228   376774.0000      Cuts: 86   251480   51.74%
   1692     0   182117.1208   229   376774.0000      Cuts: 68   251662   51.66%
   1692     0   182350.9265   228   376774.0000      Cuts: 62   251768   51.60%
   1692     0   182564.7945   226   376774.0000      Cuts: 42   251877   51.55%
   1692     0   182739.9354   226   376774.0000      Cuts: 39   252011   51.50%
   1692     0   182952.6656   227   376774.0000      Cuts: 37   252150   51.44%
   1692     0   183118.2622   230   376774.0000      Cuts: 50   252262   51.40%
   1692     0   183260.6551   226   376774.0000      Cuts: 19   252324   51.36%
   1692     0   183327.8083   231   376774.0000      Cuts: 32   252382   51.34%
   1692     0   183397.5055   225   376774.0000       Cuts: 8   252443   51.32%
   1692     0   183462.0776   227   376774.0000      Cuts: 45   252503   51.31%
   1692     0   183521.4654   225   376774.0000      Cuts: 22   252594   51.29%
   1692     0   183560.4777   228   376774.0000      Cuts: 31   252666   51.28%
   1692     0   184106.6518   222   376774.0000      Cuts: 20   252847   51.14%
   1692     0   184511.9568   230   376774.0000      Cuts: 54   253061   51.03%
   1692     0   184832.2952   228   376774.0000      Cuts: 31   253228   50.94%
   1692     0   185102.9429   230   376774.0000      Cuts: 62   253393   50.87%
   1692     0   185246.4332   225   376774.0000      Cuts: 20   253491   50.83%
   1692     0   185339.1936   229   376774.0000      Cuts: 15   253570   50.81%
   1692     0   185504.2473   229   376774.0000      Cuts: 34   253691   50.77%
   1692     0   185733.5193   227   376774.0000      Cuts: 43   253824   50.70%
   1692     0   185960.0982   224   376774.0000      Cuts: 11   253954   50.64%
   1692     0   186110.3206   225   376774.0000      Cuts: 38   254089   50.60%
   1692     0   186258.6800   226   376774.0000      Cuts: 25   254227   50.56%
   1692     0   186536.8865   221   376774.0000      Cuts: 29   254351   50.49%
   1692     0   186680.8194   223   376774.0000      Cuts: 30   254477   50.45%
   1692     0   186754.7395   224   376774.0000      Cuts: 17   254574   50.43%
   1692     0   186819.5980   222   376774.0000      Cuts: 27   254658   50.42%
   1692     0   187007.8941   221   376774.0000      Cuts: 27   254843   50.37%
   1692     0   187097.9402   218   376774.0000      Cuts: 34   254920   50.34%
   1692     0   187191.4020   219   376774.0000      Cuts: 30   255001   50.32%
   1692     0   187273.2025   224   376774.0000      Cuts: 34   255101   50.30%
   1692     0   187317.6727   224   376774.0000      Cuts: 31   255169   50.28%
   1692     0   187334.1299   222   376774.0000      Cuts: 21   255198   50.28%
   1692     0   187382.9388   223   376774.0000      Cuts: 34   255261   50.27%
   1692     0   187494.2677   227   376774.0000      Cuts: 34   255363   50.24%
   1692     0   187605.1971   219   376774.0000      Cuts: 30   255459   50.21%
   1692     0   187688.0179   224   376774.0000      Cuts: 27   255575   50.19%
   1692     0   187754.0259   222   376774.0000      Cuts: 38   255690   50.17%
   1692     2   187754.0259   222   376774.0000   187754.0259   255690   50.17%
   1693     3   187940.3045   214   376774.0000   187941.0946   255835   50.12%
   1695     3   194124.3869   190   376774.0000   187952.0472   256487   50.12%
   1698     6   198073.3461   192   376774.0000   188016.0662   257437   50.10%
Elapsed time = 125.49 sec. (45379.20 ticks, tree = 0.02 MB, solutions = 13)
   1700     7   188335.7658   214   376774.0000   188344.5638   257088   50.01%
   1705     6   206846.9173   194   376774.0000   188344.5638   257660   50.01%
   1716    19   215491.4700   184   376774.0000   188871.4159   265909   49.87%
   1726    23   216172.9465   179   376774.0000   188906.0742   269407   49.86%
   1735    19   200517.2995   226   376774.0000   188906.0742   264859   49.86%
   1745    38   190616.5839   215   376774.0000   188906.0742   281043   49.86%
   1753    50   200284.2880   214   376774.0000   188906.0742   285195   49.86%
   1762    62   211226.3241   205   376774.0000   188906.0742   289803   49.86%
   1804    70   224769.3762   186   376774.0000   188906.0742   292076   49.86%
   1848    92   226858.1680   167   376774.0000   188906.0742   297883   49.86%
Elapsed time = 197.71 sec. (55585.11 ticks, tree = 0.69 MB, solutions = 13)
   1891   116   197133.8901   194   376774.0000   188906.0742   304364   49.86%
   1936    99   230089.9628   193   376774.0000   188906.0742   299468   49.86%
   1984   199   272135.4865   127   376774.0000   188906.0742   325948   49.86%
   2013   289   268646.0345   132   376774.0000   188906.0742   348465   49.86%
   2042   323   270217.4969   125   376774.0000   188906.0742   356715   49.86%
   2074   313   257861.6923   137   376774.0000   188906.0742   354638   49.86%
   2128   383   291833.0000    78   376774.0000   188906.0742   370165   49.86%
   2167   432   252686.9845   168   376774.0000   188906.0742   378578   49.86%
   2206   393   300894.6667   128   376774.0000   188906.0742   372092   49.86%
   2250   426   242822.5826   179   376774.0000   188906.0742   378339   49.86%
Elapsed time = 275.10 sec. (65245.13 ticks, tree = 4.54 MB, solutions = 13)
   2296   549   320128.2444   127   376774.0000   188906.0742   399788   49.86%
   2370   555   333981.5556   130   376774.0000   188906.0742   400766   49.86%
   2404   578   322477.5000   112   376774.0000   188906.0742   402952   49.86%
   2460   648   357966.0625   108   376774.0000   188906.0742   414969   49.86%
   2510   741   330999.5000    89   376774.0000   188906.0742   430592   49.86%
   2570   726   367246.9000   104   376774.0000   188906.0742   425274   49.86%
   2637   831   372699.7692    96   376774.0000   188906.0742   442061   49.86%
   2713   823   253637.4964   162   376774.0000   188906.0742   442083   49.86%
   2809   939   317532.0281   139   376774.0000   188906.0742   458028   49.86%
   2871   901   332074.8718   125   376774.0000   188906.0742   454278   49.86%
Elapsed time = 346.53 sec. (74993.54 ticks, tree = 6.97 MB, solutions = 13)
   2944   998   225928.0947   176   376774.0000   188906.0742   471541   49.86%
   3019  1023   278940.6899   177   376774.0000   188906.0742   478905   49.86%
   3095  1221   235536.8023   173   376774.0000   188906.0742   513739   49.86%
   3180  1204   274744.9400   155   376774.0000   188906.0742   502924   49.86%
   3254  1243   309880.1500   122   376774.0000   188906.0742   519323   49.86%
   3345  1384   289656.6557   161   376774.0000   188906.0742   535361   49.86%
   3425  1531   227117.8273   151   376774.0000   188906.0742   564386   49.86%
   3492  1515   205286.4139   210   376774.0000   188906.0742   559974   49.86%
   3570  1593   326477.5342   190   376774.0000   188906.0742   574875   49.86%
   3651  1695   285980.8421   153   376774.0000   188906.0742   600555   49.86%
Elapsed time = 417.64 sec. (84682.76 ticks, tree = 11.07 MB, solutions = 13)
   3756  1780   367158.5000   118   376774.0000   188906.0742   615516   49.86%
   3850  1884   370227.7500    82   376774.0000   188906.0742   639576   49.86%
   3976  1979   234552.3031   212   376774.0000   188906.0742   660324   49.86%
   4077  1902   203277.0847   212   376774.0000   192728.5461   644016   48.85%
   4164  2052   364464.3000    89   376774.0000   194195.2140   668129   48.46%
   4279  2216   262977.0000   189   376774.0000   194709.2739   705243   48.32%
   4373  2273   295168.3682   192   376774.0000   194709.2739   710611   48.32%
   4456  2365   279099.7782   221   376774.0000   194709.2739   725542   48.32%
   4559  2536   270085.8511   236   376774.0000   194709.2739   760342   48.32%
   4650  2535   248920.4210   198   376774.0000   194709.2739   760971   48.32%
Elapsed time = 486.17 sec. (94287.44 ticks, tree = 15.21 MB, solutions = 13)
   4741  2608   305375.6791   190   376774.0000   195420.1913   767454   48.13%
   4855  2829   292472.2179   197   376774.0000   195420.1913   802585   48.13%
   4963  2875   259732.5529   214   376774.0000   195420.1913   815187   48.13%
   5043  2987   250195.8901   186   376774.0000   195662.3013   840777   48.07%
   5148  3073   241568.1245   207   376774.0000   195662.3013   852656   48.07%
   5261  3127   298520.0367   196   376774.0000   195662.3013   859698   48.07%
   5378  3228   257713.0676   163   376774.0000   195662.3013   882432   48.07%
   5477  3374   304370.0417   181   376774.0000   195662.3013   910112   48.07%
   5569  3398   247778.2967   174   376774.0000   195662.3013   920851   48.07%
   5699  3582   326063.7271   219   376774.0000   195662.3013   945701   48.07%
Elapsed time = 553.92 sec. (103938.50 ticks, tree = 20.24 MB, solutions = 13)
   5811  3640   323673.2243   210   376774.0000   195662.3013   951390   48.07%
   5944  3780   315128.7083   176   376774.0000   195662.3013   969703   48.07%
   6069  3811   307050.0576   202   376774.0000   195662.3013   976766   48.07%
   6162  3884   312647.8017   202   376774.0000   195662.3013   984907   48.07%
   6262  4020   304793.9027   168   376774.0000   195662.3013   999469   48.07%
   6367  4307   316338.6836   176   376774.0000   195662.3013  1026977   48.07%
   6471  4449   345726.7783   195   376774.0000   195662.3013  1044133   48.07%
   6580  4485   281287.3462   158   376774.0000   196690.9282  1049395   47.80%
   6697  4611   275955.2577   182   376774.0000   196690.9282  1064261   47.80%
   6859  4640   293830.1111   163   376774.0000   197134.9394  1066033   47.68%
Elapsed time = 620.65 sec. (113542.01 ticks, tree = 85.00 MB, solutions = 13)
   6993  4885   248850.2832   221   376774.0000   197196.1012  1092983   47.66%
   7152  4885   320716.1330   192   376774.0000   197565.8878  1089756   47.56%
   7350  4914   332637.4973   185   376774.0000   197565.8878  1091142   47.56%
   7579  5191   325021.9429   188   376774.0000   197565.8878  1117628   47.56%
   7760  5495   333949.4615   168   376774.0000   197786.4138  1139722   47.51%
   7903  5446   308571.9375   194   376774.0000   197786.4138  1136676   47.51%
   8001  5992   371487.0741   141   376774.0000   197970.2642  1167235   47.46%
   8095  5746   270243.8690   139   376774.0000   198008.8446  1156862   47.45%
   8225  6143   287503.6842   134   376774.0000   198008.8446  1194012   47.45%
   8714  6594   285402.4466   182   376774.0000   198269.6218  1256089   47.38%
Elapsed time = 714.57 sec. (126029.47 ticks, tree = 351.19 MB, solutions = 13)
   9248  6881   319397.2727   214   376774.0000   199026.1835  1297541   47.18%
   9931  7375   371811.7222   143   376774.0000   199026.1835  1348153   47.18%
  10511  8042   290266.2161   218   376774.0000   199336.3120  1401264   47.09%
  11298  8777   367312.5947   140   376774.0000   199336.3120  1466714   47.09%
  11994  9655   350711.2560   191   376774.0000   199538.4408  1528845   47.04%
  12632 10406   366219.1884   175   376774.0000   199722.5406  1588566   46.99%
  13299 10955   324737.2763   183   376774.0000   200040.1863  1633526   46.91%
  13996 11304   248835.2910   214   376774.0000   200141.2296  1657668   46.88%
  14642 12316   366701.9375   149   376774.0000   200330.5052  1735751   46.83%
  15261 12815   372637.7995   169   376774.0000   200517.4385  1782157   46.78%
Elapsed time = 1005.33 sec. (164215.40 ticks, tree = 1014.94 MB, solutions = 13)
  15784 13263   284486.6866   158   376774.0000   200682.6476  1831807   46.74%
  16351 13781   335911.0698   220   376774.0000   201176.9676  1893654   46.61%
  17003 14322   319790.5485   210   376774.0000   201318.3365  1955670   46.57%
  17525 15053   371050.5000    94   376774.0000   201390.8489  2010686   46.55%
  17919 15443   321256.3023   203   376774.0000   201633.1186  2053687   46.48%
* 17937+15257                       374958.0000   201633.1186            46.23%
* 18112+15454                       374200.0000   201633.1186            46.12%
  18465 15484   362548.4228   215   374200.0000   201819.6381  2076909   46.07%
  18988 16273   343129.6823   190   374200.0000   202037.2739  2140186   46.01%
  19729 16839   238194.7476   184   374200.0000   202155.8442  2190952   45.98%
  20376 17547   282248.2722   230   374200.0000   202482.1062  2244379   45.89%
  21011 17709   248649.9586   196   374200.0000   202878.1021  2254519   45.78%
Elapsed time = 1255.93 sec. (202396.57 ticks, tree = 1724.80 MB, solutions = 15)
  21638 18398   341677.7870   185   374200.0000   202926.5264  2312487   45.77%
  22319 18925   247613.0998   191   374200.0000   203132.2442  2360164   45.72%
  22964 19533   360914.2623   158   374200.0000   203551.0962  2416767   45.60%
  23540 20249   275191.7958   197   374200.0000   203590.4168  2484633   45.59%
  24048 21008   319263.4375   112   374200.0000   203745.1241  2562148   45.55%
  24677 21699   328869.3082   166   374200.0000   203789.9414  2635331   45.54%
  25405 21843   240310.6922   188   374200.0000   203959.8250  2647820   45.49%
  25766 22362   311422.1631   222   374200.0000   203959.8250  2683959   45.49%
  26393 23051   341178.0552   197   374200.0000   204347.0432  2744719   45.39%
  26939 23451   365235.6286   188   374200.0000   204385.8885  2777379   45.38%
Elapsed time = 1500.28 sec. (240591.76 ticks, tree = 2422.08 MB, solutions = 15)
Nodefile size = 367.85 MB (232.54 MB after compression)
  27388 24189   262848.4036   211   374200.0000   204847.4130  2854153   45.26%
  28000 24526   321280.8590   192   374200.0000   204980.6206  2884136   45.22%
  28629 25550   360406.4900   188   374200.0000   204980.6206  2986113   45.22%
  29248 25800   361063.0667   156   374200.0000   204991.2806  3005034   45.22%
  29744 26295   274730.0000    78   374200.0000   205579.3879  3074654   45.06%
  30401 26999   279603.4282   179   374200.0000   205586.7311  3151001   45.06%
  30979 27772   348262.1685   171   374200.0000   205943.1884  3223256   44.96%
  31593 28020   333243.5098   235   374200.0000   205947.4109  3244401   44.96%
  32200 28684   306100.5418   218   374200.0000   206075.1017  3306988   44.93%
  32789 29288   341392.6504   233   374200.0000   206075.1017  3358782   44.93%
Elapsed time = 1765.04 sec. (278788.39 ticks, tree = 3318.87 MB, solutions = 15)
Nodefile size = 1254.04 MB (790.18 MB after compression)
  33275 29737   364482.3024   200   374200.0000   206308.3236  3397860   44.87%
* 33386+29621                       373219.0000   206332.3581            44.72%
  33822 30110   295941.4985   193   373219.0000   206358.2687  3430175   44.71%
* 34170+30521                       371524.0000   206358.8110            44.46%
  34218 30290   309302.8129   155   371524.0000   206358.8110  3462127   44.46%
  34527 30787   292165.5781   230   371524.0000   206455.9012  3534942   44.43%
  35139 30995   335765.3214   152   371524.0000   206556.2480  3557037   44.40%
  35686 31282   355075.3084   162   371524.0000   206556.2480  3594693   44.40%
  36275 31906   227678.0651   176   371524.0000   206741.6265  3655967   44.35%
  36804 32550   276487.9568   201   371524.0000   206741.6265  3720606   44.35%
  37514 32946   343411.4666   192   371524.0000   206954.2351  3756331   44.30%
  38053 33346   266676.3260   218   371524.0000   207035.6466  3811586   44.27%
Elapsed time = 1998.93 sec. (317054.30 ticks, tree = 3873.54 MB, solutions = 18)
Nodefile size = 1796.24 MB (1129.00 MB after compression)
  38712 34469   306287.3182   166   371524.0000   207236.9726  3904339   44.22%
  39355 35116   293276.2778   213   371524.0000   207290.3439  3959670   44.21%
  39972 35696   332920.9444   169   371524.0000   207399.1817  4001008   44.18%
  40594 35967   261344.7989   160   371524.0000   207515.9602  4029459   44.14%
  41160 36836   327617.7301   215   371524.0000   207661.0235  4118521   44.11%
  41680 37353   284561.8689   204   371524.0000   207684.8966  4173159   44.10%
  42184 38064   341932.6598   169   371524.0000   207855.4268  4233116   44.05%
  42821 38142   274353.7322   168   371524.0000   207855.4268  4240076   44.05%
  43421 39130   312893.3793   198   371524.0000   207915.1827  4331538   44.04%
  44063 39476   367908.9167   189   371524.0000   208151.2411  4360502   43.97%
Elapsed time = 2239.28 sec. (355230.23 ticks, tree = 4983.66 MB, solutions = 18)
Nodefile size = 2920.83 MB (1835.99 MB after compression)
  44707 39967   367930.9106   191   371524.0000   208165.0857  4411118   43.97%
  45336 41003   285044.5803   210   371524.0000   208307.0679  4501708   43.93%
  46034 41095   351885.9352   178   371524.0000   208391.0539  4508447   43.91%
  46619 41401   360297.5517   183   371524.0000   208488.7899  4530094   43.88%
  47249 42938   269882.6967   198   371524.0000   208530.1559  4673946   43.87%
  47813 42669   238645.5000    91   371524.0000   208663.3368  4648419   43.84%
  48463 43864   322890.9929   212   371524.0000   208757.0913  4766798   43.81%
  49048 44662   285258.9787   185   371524.0000   208757.0913  4838626   43.81%
  49545 45216   360353.2009   202   371524.0000   209153.8072  4894269   43.70%
  49963 45476   256783.6855   212   371524.0000   209158.3824  4920890   43.70%
Elapsed time = 2496.55 sec. (393441.78 ticks, tree = 5663.66 MB, solutions = 18)
Nodefile size = 3597.31 MB (2256.45 MB after compression)
  50399 45369   341869.3097   186   371524.0000   209234.5378  4909210   43.68%
  50936 46157   274222.4080   166   371524.0000   209488.4551  4992389   43.61%
  51652 46820   280944.4129   178   371524.0000   209503.8160  5054681   43.61%
  52184 47763   330696.5419   183   371524.0000   209509.7621  5139606   43.61%
  52775 47724   332918.7163   220   371524.0000   209509.7621  5136735   43.61%
  53492 48345   341670.5500   163   371524.0000   209677.1847  5194957   43.56%
  54094 49573   322892.3074   187   371524.0000   209827.3196  5308648   43.52%
  54825 49515   349712.9502   159   371524.0000   209827.3196  5304141   43.52%
  55372 50710   340298.1602   160   371524.0000   210075.2388  5406586   43.46%
  56051 50527   356274.8269   168   371524.0000   210124.0160  5392653   43.44%
Elapsed time = 2752.51 sec. (431655.47 ticks, tree = 6452.71 MB, solutions = 18)
Nodefile size = 4355.76 MB (2728.62 MB after compression)
  56701 51836   359705.2500   110   371524.0000   210140.7243  5515628   43.44%
* 56832+51841                       365971.0000   210140.7243            42.58%
  57252 52031   296500.7758   192   365971.0000   210246.5162  5532122   42.55%
  57925 50638   329610.7474   183   365971.0000   210467.0520  5624614   42.49%
  58515 50728   251373.9062   186   365971.0000   210564.9294  5631411   42.46%
  59034 51506   307272.9483   239   365971.0000   210606.2117  5717219   42.45%
  59718 52321   355243.0950   143   365971.0000   210624.5115  5788406   42.45%
  60345 52393   317456.5810   177   365971.0000   210624.5115  5795771   42.45%
  60978 53109   276116.6585   169   365971.0000   210751.8982  5850809   42.41%
  61572 53993   323208.3296   220   365971.0000   211002.1784  5930786   42.34%
  62165 54057   277160.1255   219   365971.0000   211015.1223  5938111   42.34%
Elapsed time = 3004.17 sec. (469841.74 ticks, tree = 7177.15 MB, solutions = 19)
Nodefile size = 5093.45 MB (3188.25 MB after compression)
  62724 54969   336896.0461   204   365971.0000   211079.9375  6022671   42.32%
  63315 55509   327562.0925   225   365971.0000   211188.5624  6075857   42.29%
  63980 56519   293144.0357   208   365971.0000   211272.8073  6180716   42.27%
  64490 56701   289529.4800   176   365971.0000   211272.8073  6193524   42.27%
  64996 57545   323874.2258   127   365971.0000   211464.7316  6284026   42.22%
  65747 57767   358758.7973   186   365971.0000   211517.1212  6300234   42.20%
  66428 57974   276463.1009   180   365971.0000   211517.1212  6318041   42.20%

Performing restart 2

Repeating presolve.
Tried aggregator 1 time.
MIP Presolve eliminated 516 rows and 34 columns.
Reduced MIP has 29852 rows, 2971 columns, and 116386 nonzeros.
Reduced MIP has 2971 binaries, 0 generals, 0 SOSs, and 0 indicators.
Presolve time = 0.14 sec. (144.64 ticks)
Tried aggregator 1 time.
Reduced MIP has 29852 rows, 2971 columns, and 116386 nonzeros.
Reduced MIP has 2971 binaries, 0 generals, 0 SOSs, and 0 indicators.
Presolve time = 0.09 sec. (85.38 ticks)
Represolve time = 0.34 sec. (285.37 ticks)
  66627     0   188883.1017   237   365971.0000      Cuts: 32  6471578   42.12%
  66627     0   188976.1042   230   365971.0000      Cuts: 20  6471633   42.12%
  66627     0   189060.4389   232   365971.0000      Cuts: 49  6471715   42.12%
* 66627+    0                       364386.0000   211817.6056            41.87%
* 66627+    0                       363219.0000   211817.6056            41.68%
* 66627+    0                       362250.0000   211817.6056            41.53%
  66627     0  -1.00000e+75     0   362250.0000   211817.6056  6471715   41.53%
  66627     0   189144.9666   226   362250.0000      Cuts: 16  6471789   41.53%
  66627     0   189236.8048   228   362250.0000      Cuts: 57  6471865   41.53%
  66627     0   189442.2510   231   362250.0000      Cuts: 59  6471963   41.53%
  66627     0   189725.7000   227   362250.0000      Cuts: 65  6472171   41.53%
  66627     0   189953.0376   222   362250.0000      Cuts: 67  6472344   41.53%
  66627     2   189953.0376   222   362250.0000   211817.6056  6472344   41.53%
  66639    11   203668.8678   215   362250.0000   211817.6056  6475764   41.53%
  66672    26   216738.9290   188   362250.0000   211817.6056  6484366   41.53%
Elapsed time = 3254.13 sec. (519920.34 ticks, tree = 0.52 MB, solutions = 22)
  66727    75   208401.4797   184   362250.0000   211817.6056  6508803   41.53%
  66890   187   282837.3958   124   362250.0000   211817.6056  6530322   41.53%
  67067   407   208345.0558   178   362250.0000   211817.6056  6575432   41.53%
Starting limited solution polishing.
  67378   558   203123.1587   220   362250.0000   211817.6056  6606249   41.53%
  67742   846   321516.9944   120   362250.0000   211817.6056  6666423   41.53%
  68099  1109   207099.6623   225   362250.0000   211817.6056  6716646   41.53%
  68284  1319   235576.4073   202   362250.0000   211817.6056  6754101   41.53%
  68539  1546   240945.1322   174   362250.0000   211817.6056  6781966   41.53%
  68872  1868   285627.0445   176   362250.0000   211817.6056  6816474   41.53%
  69229  2247   280684.0227   183   362250.0000   211817.6056  6853791   41.53%
Elapsed time = 3490.75 sec. (558209.44 ticks, tree = 24.46 MB, solutions = 22)
  69527  2571   326314.8513   180   362250.0000   211817.6056  6880438   41.53%
  69894  2898   301752.6667   118   362250.0000   211817.6056  6919195   41.53%
  70268  3168   309240.3076   173   362250.0000   211817.6056  6968323   41.53%

Implied bound cuts applied:  8
Zero-half cuts applied:  278
Lift and project cuts applied:  73

Root node processing (before b&c):
  Real time             =   32.64 sec. (11167.76 ticks)
Parallel b&c, 8 threads:
  Real time             = 3567.37 sec. (562295.35 ticks)
  Sync time (average)   =  534.12 sec.
  Wait time (average)   =    0.01 sec.
                          ------------
Total (root+branch&cut) = 3600.01 sec. (573463.11 ticks)
Status: Feasible
Obj: 362250

Instalacoes abertas:
Instalação 0 aberta
Instalação 1 aberta
Instalação 4 aberta
Instalação 8 aberta
Instalação 9 aberta
Instalação 13 aberta
Instalação 20 aberta
Instalação 22 aberta
Instalação 47 aberta
Instalação 49 aberta

Atribuições (cliente -> instalação):
Cliente 0 -> Instalação 0
Cliente 1 -> Instalação 9
Cliente 2 -> Instalação 13
Cliente 3 -> Instalação 8
Cliente 4 -> Instalação 20
Cliente 5 -> Instalação 13
Cliente 6 -> Instalação 20
Cliente 7 -> Instalação 4
Cliente 8 -> Instalação 8
Cliente 9 -> Instalação 0
Cliente 10 -> Instalação 49
Cliente 11 -> Instalação 13
Cliente 12 -> Instalação 0
Cliente 13 -> Instalação 0
Cliente 14 -> Instalação 49
Cliente 15 -> Instalação 1
Cliente 16 -> Instalação 8
Cliente 17 -> Instalação 22
Cliente 18 -> Instalação 4
Cliente 19 -> Instalação 20
Cliente 20 -> Instalação 20
Cliente 21 -> Instalação 8
Cliente 22 -> Instalação 22
Cliente 23 -> Instalação 20
Cliente 24 -> Instalação 9
Cliente 25 -> Instalação 13
Cliente 26 -> Instalação 47
Cliente 27 -> Instalação 47
Cliente 28 -> Instalação 4
Cliente 29 -> Instalação 49
Cliente 30 -> Instalação 20
Cliente 31 -> Instalação 13
Cliente 32 -> Instalação 9
Cliente 33 -> Instalação 9
Cliente 34 -> Instalação 9
Cliente 35 -> Instalação 1
Cliente 36 -> Instalação 4
Cliente 37 -> Instalação 47
Cliente 38 -> Instalação 4
Cliente 39 -> Instalação 1
Cliente 40 -> Instalação 22
Cliente 41 -> Instalação 8
Cliente 42 -> Instalação 47
Cliente 43 -> Instalação 47
Cliente 44 -> Instalação 0
Cliente 45 -> Instalação 9
Cliente 46 -> Instalação 8
Cliente 47 -> Instalação 1
Cliente 48 -> Instalação 1
Cliente 49 -> Instalação 9
