Version identifier: 22.1.1.0 | 2022-11-28 | 9160aff4d
CPXPARAM_TimeLimit                               3600
Tried aggregator 1 time.
MIP Presolve eliminated 50 rows and 1 columns.
Reduced MIP has 33150 rows, 3162 columns, and 99350 nonzeros.
Reduced MIP has 3162 binaries, 0 generals, 0 SOSs, and 0 indicators.
Presolve time = 0.05 sec. (46.69 ticks)
Found incumbent of value 2.6258508e+07 after 0.06 sec. (59.32 ticks)
Probing time = 0.01 sec. (6.46 ticks)
Tried aggregator 1 time.
Detecting symmetries...
Reduced MIP has 33150 rows, 3162 columns, and 99350 nonzeros.
Reduced MIP has 3162 binaries, 0 generals, 0 SOSs, and 0 indicators.
Presolve time = 0.06 sec. (56.40 ticks)
Probing time = 0.02 sec. (6.46 ticks)
Clique table members: 2500.
MIP emphasis: balance optimality and feasibility.
MIP search method: dynamic search.
Parallel mode: deterministic, using up to 8 threads.
Root relaxation solution time = 0.11 sec. (49.35 ticks)

        Nodes                                         Cuts/
   Node  Left     Objective  IInf  Best Integer    Best Bound    ItCnt     Gap

*     0+    0                       2.62585e+07        0.0000           100.00%
*     0+    0                       1.98978e+07        0.0000           100.00%
*     0+    0                      1408628.0000        0.0000           100.00%
*     0+    0                      1319653.0000        0.0000           100.00%
      0     0    93774.0000   100  1319653.0000    93774.0000      184   92.89%
*     0+    0                       634401.0000    93774.0000            85.22%
      0     0   106217.5000   100   634401.0000    Cuts: 1442      438   83.26%
      0     0   118774.0000    98   634401.0000    Cuts: 1446      807   81.28%
*     0+    0                       529899.0000   118774.0000            77.59%
      0     0   129920.0263   217   529899.0000 ZeroHalf: 551     2246   75.48%
*     0+    0                       527691.0000   129920.0263            75.38%
*     0+    0                       527002.0000   129920.0263            75.35%
*     0+    0                       526558.0000   129920.0263            75.33%
      0     0  -1.00000e+75     0   526558.0000   129920.0263     2246   75.33%
*     0+    0                       419246.0000   129920.0263            69.01%
      0     0   136254.9583   221   419246.0000 ZeroHalf: 468     3004   67.50%
      0     0   143012.8354   185   419246.0000     Cuts: 759     3755   65.89%
Detecting symmetries...
      0     0   145128.4141   180   419246.0000     Cuts: 139     4121   65.38%
      0     0   149624.1378   181   419246.0000     Cuts: 302     4666   64.31%
      0     0   152008.7358   229   419246.0000     Cuts: 147     5014   63.74%
      0     0   153388.7181   209   419246.0000     Cuts: 418     5433   63.41%
      0     0   155218.1943   222   419246.0000     Cuts: 253     5783   62.98%
      0     0   156193.6984   212   419246.0000     Cuts: 144     6134   62.74%
      0     0   157343.9774   179   419246.0000     Cuts: 414     6493   62.47%
      0     0   158314.5860   177   419246.0000      Cuts: 59     6757   62.24%
      0     0   159926.7181   215   419246.0000     Cuts: 110     7153   61.85%
      0     0   161363.2632   201   419246.0000     Cuts: 105     7493   61.51%
      0     0   162428.5366   185   419246.0000     Cuts: 325     7830   61.26%
      0     0   163378.7436   197   419246.0000      Cuts: 73     8141   61.03%
      0     0   163831.3902   195   419246.0000      Cuts: 80     8324   60.92%
      0     0   164442.5975   206   419246.0000     Cuts: 106     8529   60.78%
      0     0   164665.4741   177   419246.0000      Cuts: 90     8658   60.72%
      0     0   165239.2553   199   419246.0000      Cuts: 50     8864   60.59%
      0     0   165908.5963   181   419246.0000     Cuts: 121     9098   60.43%
      0     0   166718.2615   205   419246.0000      Cuts: 66     9397   60.23%
      0     0   167518.5217   180   419246.0000     Cuts: 185     9757   60.04%
      0     0   167689.2807   180   419246.0000      Cuts: 49     9904   60.00%
      0     0   168018.7871   179   419246.0000      Cuts: 25    10076   59.92%
      0     0   168423.8542   179   419246.0000      Cuts: 79    10299   59.83%
      0     0   168677.8307   182   419246.0000      Cuts: 51    10452   59.77%
      0     0   169188.1853   185   419246.0000      Cuts: 79    10694   59.64%
      0     0   169442.0374   189   419246.0000      Cuts: 34    10806   59.58%
      0     0   169803.4311   181   419246.0000      Cuts: 49    10988   59.50%
      0     0   169990.3226   183   419246.0000      Cuts: 48    11140   59.45%
      0     0   170194.6542   201   419246.0000      Cuts: 46    11252   59.40%
      0     0   170299.6262   203   419246.0000      Cuts: 35    11327   59.38%
      0     0   170403.6756   184   419246.0000      Cuts: 54    11410   59.35%
      0     0   170500.5959   201   419246.0000      Cuts: 22    11520   59.33%
      0     0   170654.3466   205   419246.0000      Cuts: 38    11644   59.29%
      0     0   170719.1876   204   419246.0000      Cuts: 20    11691   59.28%
      0     0   170810.0386   185   419246.0000      Cuts: 39    11787   59.26%
      0     0   170949.7119   185   419246.0000      Cuts: 49    11861   59.22%
      0     0   171034.4430   184   419246.0000      Cuts: 46    11922   59.20%
      0     0   171165.1937   185   419246.0000      Cuts: 34    12012   59.17%
      0     0   171276.3803   204   419246.0000      Cuts: 23    12078   59.15%
      0     0   171341.5814   208   419246.0000      Cuts: 21    12145   59.13%
Detecting symmetries...
      0     2   171341.5814   208   419246.0000   171341.5814    12145   59.13%
Elapsed time = 25.36 sec. (9577.18 ticks, tree = 0.02 MB, solutions = 10)
      5     7   178744.9343   176   419246.0000   171719.8528    13550   59.04%
     18    12   186892.3849   180   419246.0000   172259.7919    16078   58.91%
     36    24   201072.6794   170   419246.0000   172273.3904    21517   58.91%
     56    49   214583.0000   126   419246.0000   172273.3904    30810   58.91%
     78    72   243773.2500   107   419246.0000   172273.3904    37364   58.91%
    109    91   262624.5000   112   419246.0000   172273.3904    43664   58.91%
    146   126   302827.5000   101   419246.0000   172273.3904    50270   58.91%
    183   142   255724.5000    88   419246.0000   172273.3904    54797   58.91%
    245   200   379651.5000    57   419246.0000   172273.3904    62490   58.91%
    473   419   360201.0000    93   419246.0000   172273.3904    88871   58.91%
Elapsed time = 42.01 sec. (12838.44 ticks, tree = 4.90 MB, solutions = 10)
    705   581   274631.1364   121   419246.0000   172273.3904   112778   58.91%
    979   853   379660.5000    66   419246.0000   172273.3904   147720   58.91%
*   995   840      integral     0   415326.0000   172273.3904   144862   58.52%
   1220   957   226794.4837   149   415326.0000   172273.3904   162910   58.52%
   1417  1300   304116.0000    76   415326.0000   175442.3965   204489   57.76%
   1649  1471   266406.2143   125   415326.0000   175442.3965   226394   57.76%

Performing restart 1

Repeating presolve.
Tried aggregator 1 time.
MIP Presolve eliminated 2130 rows and 117 columns.
Reduced MIP has 31020 rows, 3045 columns, and 92960 nonzeros.
Reduced MIP has 3045 binaries, 0 generals, 0 SOSs, and 0 indicators.
Presolve time = 0.05 sec. (45.72 ticks)
Tried aggregator 1 time.
Reduced MIP has 31020 rows, 3045 columns, and 92960 nonzeros.
Reduced MIP has 3045 binaries, 0 generals, 0 SOSs, and 0 indicators.
Presolve time = 0.06 sec. (54.47 ticks)
Represolve time = 0.16 sec. (150.37 ticks)
*  1713+    0                       405321.0000   175442.3965            56.72%
   1713     0   172486.0439   186   405321.0000      Cuts: 92   244165   56.72%
   1713     0   173773.7064   210   405321.0000      Cuts: 77   244497   56.72%
   1713     0   174793.7695   217   405321.0000      Cuts: 70   244917   56.72%
*  1713+    0                       404789.0000   175442.3965            56.66%
   1713     0  -1.00000e+75     0   404789.0000   175442.3965   244917   56.66%
   1713     0   175232.7072   216   404789.0000      Cuts: 81   245058   56.66%
   1713     0   175551.3864   215   404789.0000      Cuts: 77   245241   56.63%
   1713     0   177044.1130   213   404789.0000      Cuts: 73   245595   56.26%
   1713     0   177930.9959   217   404789.0000      Cuts: 90   245832   56.04%
   1713     0   178372.5588   222   404789.0000      Cuts: 62   246042   55.93%
   1713     0   178973.0966   219   404789.0000      Cuts: 76   246255   55.79%
   1713     0   179399.5654   212   404789.0000      Cuts: 75   246439   55.68%
   1713     0   179926.4761   217   404789.0000      Cuts: 62   246676   55.55%
   1713     0   180095.7591   214   404789.0000      Cuts: 43   246807   55.51%
   1713     0   180300.2794   227   404789.0000      Cuts: 44   246983   55.46%
   1713     0   180399.0740   228   404789.0000      Cuts: 26   247052   55.43%
   1713     0   180510.7506   230   404789.0000      Cuts: 54   247137   55.41%
   1713     0   180746.0938   223   404789.0000      Cuts: 35   247291   55.35%
   1713     0   181237.1396   223   404789.0000      Cuts: 64   247530   55.23%
   1713     0   181477.7549   221   404789.0000      Cuts: 43   247692   55.17%
   1713     0   181640.3860   225   404789.0000      Cuts: 25   247771   55.13%
   1713     0   181826.8186   223   404789.0000      Cuts: 41   247901   55.08%
   1713     0   182013.8992   230   404789.0000      Cuts: 40   248005   55.03%
   1713     0   182136.8106   228   404789.0000      Cuts: 32   248127   55.00%
   1713     0   182278.6529   229   404789.0000      Cuts: 28   248200   54.97%
   1713     0   182459.4301   228   404789.0000      Cuts: 31   248329   54.92%
   1713     0   182669.5967   223   404789.0000      Cuts: 19   248435   54.87%
   1713     0   182840.2121   208   404789.0000      Cuts: 34   248550   54.83%
   1713     0   182995.5724   222   404789.0000      Cuts: 41   248633   54.79%
   1713     0   183280.1971   213   404789.0000      Cuts: 28   248784   54.72%
   1713     0   183421.4497   225   404789.0000      Cuts: 38   248874   54.69%
   1713     0   183635.7957   218   404789.0000      Cuts: 12   248965   54.63%
   1713     0   184160.3494   219   404789.0000      Cuts: 46   249185   54.50%
   1713     0   184404.0912   223   404789.0000      Cuts: 29   249338   54.44%
   1713     0   184617.8891   221   404789.0000      Cuts: 35   249489   54.39%
   1713     0   184711.1833   208   404789.0000      Cuts: 17   249579   54.37%
   1713     0   184882.4843   216   404789.0000      Cuts: 48   249683   54.33%
   1713     0   184968.9453   223   404789.0000      Cuts: 46   249757   54.30%
   1713     0   185086.9801   214   404789.0000      Cuts: 14   249850   54.28%
   1713     0   185177.2789   223   404789.0000      Cuts: 62   249950   54.25%
   1713     0   185397.5389   215   404789.0000      Cuts: 30   250065   54.20%
   1713     0   185474.0302   222   404789.0000      Cuts: 41   250157   54.18%
   1713     0   185538.2059   219   404789.0000      Cuts: 22   250220   54.16%
   1713     0   185581.8514   222   404789.0000      Cuts: 31   250289   54.15%
   1713     0   185737.1926   222   404789.0000  ZeroHalf: 13   250390   54.12%
   1713     0   185782.0254   220   404789.0000      Cuts: 35   250445   54.10%
   1713     0   185820.2562   225   404789.0000      Cuts: 36   250489   54.09%
   1713     0   185882.1216   222   404789.0000      Cuts: 21   250544   54.08%
   1713     2   185882.1216   222   404789.0000   185882.1216   250544   54.08%
   1714     3   186088.7492   217   404789.0000   186089.2736   250658   54.03%
   1718     5   200331.5127   187   404789.0000   186658.1364   251892   53.89%
   1726     7   195271.9222   183   404789.0000   186658.1364   252000   53.89%
   1737    15   187817.2130   247   404789.0000   187110.6597   254957   53.78%
Elapsed time = 122.80 sec. (43056.90 ticks, tree = 0.51 MB, solutions = 13)
   1762    20   195643.7765   228   404789.0000   187110.6597   258261   53.78%
   1798    59   190287.5156   232   404789.0000   187110.6597   274663   53.78%
   1859    73   193724.8546   183   404789.0000   187110.6597   276754   53.78%
   1905   143   223853.8552   158   404789.0000   187110.6597   295166   53.78%
   1946   175   213911.9537   184   404789.0000   187110.6597   301810   53.78%
   2024   260   218652.8296   180   404789.0000   187110.6597   319211   53.78%
   2076   306   249574.6965   168   404789.0000   187110.6597   327907   53.78%
   2132   356   227703.9292   183   404789.0000   187110.6597   337072   53.78%
   2181   396   233279.8136   181   404789.0000   187110.6597   346129   53.78%
   2235   416   228977.0061   170   404789.0000   187110.6597   346210   53.78%
Elapsed time = 189.02 sec. (52671.02 ticks, tree = 4.82 MB, solutions = 13)
   2290   487   268621.4802   169   404789.0000   187110.6597   360243   53.78%
   2331   558   269862.4527   152   404789.0000   187110.6597   373487   53.78%
   2379   597   222456.3966   195   404789.0000   187110.6597   384653   53.78%
   2431   664   224789.7841   207   404789.0000   187110.6597   396368   53.78%
   2477   717   276312.1158   151   404789.0000   187110.6597   405503   53.78%
   2544   707   263218.0461   194   404789.0000   187110.6597   403969   53.78%
   2624   798   250617.4977   177   404789.0000   187110.6597   414511   53.78%
   2694   888   232462.5738   226   404789.0000   187110.6597   423657   53.78%
   2775   914   275088.6005   179   404789.0000   187110.6597   426477   53.78%
   2873   966   273115.4153   152   404789.0000   187110.6597   429862   53.78%
Elapsed time = 273.34 sec. (62416.16 ticks, tree = 45.85 MB, solutions = 13)
   2961  1072   279746.0385   154   404789.0000   187110.6597   438976   53.78%
   3044  1211   242843.3039   196   404789.0000   187110.6597   450404   53.78%
   3144  1195   290779.1461   206   404789.0000   187110.6597   449539   53.78%
   3227  1385   325074.2727   124   404789.0000   187110.6597   461671   53.78%
   3312  1476   297477.9020   187   404789.0000   187110.6597   470080   53.78%
   3428  1549   342341.1111   132   404789.0000   187110.6597   473030   53.78%
   3538  1738   275326.0000   151   404789.0000   187110.6597   484261   53.78%
   3654  1770   277918.7901   171   404789.0000   187110.6597   485343   53.78%
   3775  1910   210302.7418   167   404789.0000   187110.6597   493964   53.78%
   3883  2021   326827.7864   168   404789.0000   187110.6597   497416   53.78%
Elapsed time = 346.04 sec. (72122.49 ticks, tree = 305.29 MB, solutions = 13)
   3998  2095   403748.5000   122   404789.0000   187110.6597   503174   53.78%
   4123  2224   335665.0893   149   404789.0000   187110.6597   513814   53.78%
   4255  2352   319508.8333   144   404789.0000   187110.6597   525169   53.78%
   4413  2504   377590.1111   109   404789.0000   187110.6597   537024   53.78%
   4604  2472   435471.5208   153   404789.0000   187110.6597   530710   53.78%
   4756  2629   211265.5942   212   404789.0000   187827.6942   544808   53.60%
   4854  2720   203275.7502   171   404789.0000   191781.8946   556150   52.62%
   4974  2896   258314.2324   169   404789.0000   191781.8946   570753   52.62%
   5071  3038   274463.1438   215   404789.0000   192022.0685   587843   52.56%
   5167  3252   221702.0256   186   404789.0000   192535.9087   623689   52.44%
Elapsed time = 419.47 sec. (81734.29 ticks, tree = 593.26 MB, solutions = 13)
   5302  3287   328023.7273   131   404789.0000   192535.9087   628890   52.44%
   5470  3484   255821.0451   210   404789.0000   192535.9087   652523   52.44%
   5632  3616   313745.0211   153   404789.0000   192535.9087   666760   52.44%
   5815  3675   271756.2863   199   404789.0000   192535.9087   670178   52.44%
   5998  3934   279723.8214   199   404789.0000   192535.9087   688251   52.44%
   6205  3959   293078.8297   175   404789.0000   192535.9087   689752   52.44%
   6372  4334   306764.9167   157   404789.0000   192535.9087   716400   52.44%
   6443  4405   256359.6898   216   404789.0000   192535.9087   724167   52.44%
   6561  4525   252536.3496   192   404789.0000   192535.9087   732568   52.44%
   6702  4669   321654.4993   170   404789.0000   192535.9087   746598   52.44%
Elapsed time = 491.35 sec. (91320.31 ticks, tree = 868.72 MB, solutions = 13)
   6861  4822   289692.2601   197   404789.0000   192535.9087   763337   52.44%
   7000  4813   264177.4076   225   404789.0000   192535.9087   762744   52.44%
   7160  4988   266161.5153   209   404789.0000   194574.2906   777179   51.93%
   7304  5060   225498.5662   183   404789.0000   194574.2906   784341   51.93%
   7433  5426   298732.0053   180   404789.0000   194651.3796   814188   51.91%
   7578  5482   266797.5334   224   404789.0000   194651.3796   817876   51.91%
   7697  5699   290465.1865   201   404789.0000   194651.3796   842031   51.91%
   7839  5829   254521.7338   195   404789.0000   195291.4265   856565   51.75%
   8003  5840   270713.0845   181   404789.0000   195943.8535   857810   51.59%
   8213  5926   256851.6208   164   404789.0000   196060.2724   870206   51.56%
Elapsed time = 567.40 sec. (100915.20 ticks, tree = 992.91 MB, solutions = 13)
   8365  6282   283762.6548   165   404789.0000   196060.2724   895477   51.56%
   8520  6302   337739.0521   161   404789.0000   196463.2992   897406   51.47%
   8641  6575   252735.7367   172   404789.0000   196463.2992   917135   51.47%
   8798  6764   326925.0000   152   404789.0000   196629.6193   936254   51.42%
   8945  6803   317877.4333   136   404789.0000   196851.3738   946241   51.37%
   9116  7064   245652.1400   204   404789.0000   196959.3159   972953   51.34%
   9320  6964   400086.4118   112   404789.0000   196959.3159   959826   51.34%
   9449  7293   233875.3545   220   404789.0000   197018.4410   993301   51.33%
   9581  7314   250097.9700   209   404789.0000   197191.3360   995339   51.29%
*  9601+ 7227                       404233.0000   197191.3360            51.22%
   9703  7484   264001.7964   190   404233.0000   197191.3360  1012153   51.22%
Elapsed time = 638.10 sec. (110510.48 ticks, tree = 1357.95 MB, solutions = 13)
   9882  7772   332343.3631   170   404233.0000   197191.3360  1037081   51.22%
* 10044+ 7394                       403859.0000   197191.3360            51.17%
  10049  7396   273207.1419   254   403859.0000   197191.3360  1005268   51.17%
  10178  7913   281174.6079   204   403859.0000   197461.8988  1045494   51.11%
  10340  8167   271093.8661   207   403859.0000   197461.8988  1062752   51.11%
  10488  8353   291261.2651   203   403859.0000   197471.1451  1078866   51.10%
  10680  8268   264128.5269   239   403859.0000   197471.1451  1074826   51.10%
  10898  8497   303484.5307   218   403859.0000   197471.1451  1087269   51.10%
  11058  8559   364463.7110   212   403859.0000   197471.1451  1094533   51.10%
* 11184+ 8625                       402838.0000   197471.1451            50.98%
  11240  8996   302609.8184   198   402838.0000   197471.1451  1122116   50.98%
  11856  9389   263102.3162   176   402838.0000   198450.3689  1148096   50.74%
Elapsed time = 723.84 sec. (122940.46 ticks, tree = 1663.18 MB, solutions = 16)
  12525 10402   304088.3223   217   402838.0000   198450.3689  1231729   50.74%
  13176 10707   349172.1672   191   402838.0000   198963.8515  1255650   50.61%
  13775 11419   214661.1661   209   402838.0000   199147.2594  1309600   50.56%
  14406 12001   284820.1429   195   402838.0000   199236.4810  1357713   50.54%
  14942 12549   264711.5531   238   402838.0000   199591.8684  1401321   50.45%
  15583 13288   306156.1688   186   402838.0000   199617.3700  1467341   50.45%
  16163 13769   285169.7842   166   402838.0000   199700.3863  1511778   50.43%
  16636 14212   246071.7355   174   402838.0000   199996.7069  1557944   50.35%
  17139 14855   269350.7714   180   402838.0000   200042.2401  1641262   50.34%
* 17305+14641                       400611.0000   200042.2401            50.07%
  17633 15297   238765.9343   174   400611.0000   200042.2401  1685570   50.07%
Elapsed time = 984.33 sec. (161137.35 ticks, tree = 2791.81 MB, solutions = 17)
Nodefile size = 734.50 MB (459.61 MB after compression)
  17976 15500   365846.6250   108   400611.0000   200042.2401  1699537   50.07%
  18586 15892   249849.6171   188   400611.0000   200508.5113  1727658   49.95%
  19241 16681   267265.2943   208   400611.0000   200623.2982  1787731   49.92%
  19965 17448   296528.6703   204   400611.0000   200636.8509  1845002   49.92%
  20647 18157   293032.8775   163   400611.0000   200716.7412  1895435   49.90%
  21320 18499   327551.0312   202   400611.0000   201088.1987  1918624   49.80%
  21951 19148   260270.0596   167   400611.0000   201145.2643  1964185   49.79%
  22630 19807   274397.3659   205   400611.0000   201342.3606  2025653   49.74%
  23308 20655   322450.6360   234   400611.0000   201590.9196  2091146   49.68%
  23920 21144   338262.6302   213   400611.0000   201594.9889  2128665   49.68%
Elapsed time = 1263.63 sec. (199348.69 ticks, tree = 3873.61 MB, solutions = 17)
Nodefile size = 1796.24 MB (1130.84 MB after compression)
  24528 22023   339400.0128   199   400611.0000   201670.9524  2207332   49.66%
* 24893+22377                       400513.0000   201774.3093            49.62%
  25001 22553   318880.6667   134   400513.0000   202083.8553  2267132   49.54%
  25496 22808   331358.2844   202   400513.0000   202083.8553  2293441   49.54%
  26170 23263   358137.1573   168   400513.0000   202129.0417  2340592   49.53%
  26832 24128   377362.3386   197   400513.0000   202129.0417  2400515   49.53%
  27481 24742   346931.0365   244   400513.0000   202462.5876  2450583   49.45%
  28147 25048   279714.7271   193   400513.0000   202495.7054  2474094   49.44%
  28766 25779   334219.6197   186   400513.0000   202527.5530  2531451   49.43%
  29282 26404   319315.4041   190   400513.0000   202670.5239  2583021   49.40%
  29886 27362   345505.7083   165   400513.0000   202703.0842  2680573   49.39%
Elapsed time = 1530.02 sec. (237573.04 ticks, tree = 4774.89 MB, solutions = 18)
Nodefile size = 2708.89 MB (1705.48 MB after compression)
  30632 28020   341128.3956   184   400513.0000   202753.4417  2732124   49.38%
  31417 28158   313976.7500    99   400513.0000   202843.5360  2739299   49.35%
  32110 29297   378329.2766   179   400513.0000   203072.6285  2821168   49.30%
  32631 29640   314864.4167   203   400513.0000   203109.5553  2861475   49.29%
  33034 29981   263644.8686   218   400513.0000   203544.2448  2901692   49.18%
  33503 30787   329608.7364   204   400513.0000   203544.2448  2977991   49.18%
* 34038+30348                       390882.0000   203544.2448            47.93%
  34164 30805   226948.5879   165   390882.0000   203544.2448  2974285   47.93%
* 34246+30670                       388751.0000   203544.2448            47.64%
* 34315+31006                       377048.0000   203602.1070            46.00%
* 34348+30670                       374869.0000   203602.1070            45.69%
  34451 31181   342420.2524   228   374869.0000   203602.1070  3049097   45.69%
  34737 29756   276949.3249   175   374869.0000   203733.9836  3061088   45.65%

Performing restart 2

Repeating presolve.
Tried aggregator 1 time.
MIP Presolve eliminated 979 rows and 60 columns.
Reduced MIP has 30041 rows, 2985 columns, and 117128 nonzeros.
Reduced MIP has 2985 binaries, 0 generals, 0 SOSs, and 0 indicators.
Presolve time = 0.18 sec. (167.29 ticks)
Tried aggregator 1 time.
Reduced MIP has 30041 rows, 2985 columns, and 117128 nonzeros.
Reduced MIP has 2985 binaries, 0 generals, 0 SOSs, and 0 indicators.
Presolve time = 0.10 sec. (85.86 ticks)
Represolve time = 0.38 sec. (306.46 ticks)
  34863     0   186377.4730   237   374869.0000      Cuts: 39  3120323   45.65%
  34863     0   186620.0502   227   374869.0000      Cuts: 30  3120436   45.65%
  34863     0   186921.6127   225   374869.0000      Cuts: 59  3120525   45.65%
* 34863+    0                       373366.0000   203755.6698            45.43%
  34863     0  -1.00000e+75     0   373366.0000   203755.6698  3120525   45.43%
  34863     0   187172.5289   226   373366.0000      Cuts: 71  3120642   45.43%
  34863     0   187304.8769   233   373366.0000      Cuts: 56  3120766   45.43%
  34863     0   187492.6545   228   373366.0000      Cuts: 43  3120869   45.43%
  34863     0   187666.8373   233   373366.0000      Cuts: 62  3120972   45.43%
  34863     2   187666.8373   233   373366.0000   203755.6698  3120972   45.43%
Elapsed time = 1750.37 sec. (288070.33 ticks, tree = 0.02 MB, solutions = 29)
  34874     8   206611.5139   157   373366.0000   203755.6698  3122529   45.43%
  34898    31   188704.0858   216   373366.0000   203755.6698  3136848   45.43%
  34959    70   204567.7962   179   373366.0000   203755.6698  3149852   45.43%
  35111   200   262897.3624   151   373366.0000   203755.6698  3179682   45.43%
  35261   365   240979.9078   208   373366.0000   203755.6698  3218742   45.43%
  35452   494   221654.5015   182   373366.0000   203755.6698  3245419   45.43%
  35697   741   267822.2209   148   373366.0000   203755.6698  3294055   45.43%
  36059   934   243257.9048   170   373366.0000   203755.6698  3337303   45.43%
  36454  1250   214565.8657   188   373366.0000   203755.6698  3398430   45.43%
  36798  1623   325225.3516   158   373366.0000   203755.6698  3456364   45.43%
Elapsed time = 2019.45 sec. (326928.84 ticks, tree = 11.71 MB, solutions = 29)
  37165  1993   230417.7956   217   373366.0000   203755.6698  3519648   45.43%
  37525  2361   332409.5723   163   373366.0000   203755.6698  3571557   45.43%
  37841  2666   292917.8874   201   373366.0000   203755.6698  3621252   45.43%
  38130  2903   265253.0758   223   373366.0000   203755.6698  3671144   45.43%
  38461  3321   318613.3983   193   373366.0000   203755.6698  3748700   45.43%
  38864  3535   342317.3519   212   373366.0000   203755.6698  3785199   45.43%
  39252  3907   359157.1795   203   373366.0000   203755.6698  3836398   45.43%
  39619  4363   310176.7439   165   373366.0000   203755.6698  3901500   45.43%
  39958  4737   335759.2683   231   373366.0000   203755.6698  3975929   45.43%
  40389  5144   324918.6667   148   373366.0000   203755.6698  4033123   45.43%
Elapsed time = 2278.36 sec. (365156.65 ticks, tree = 29.14 MB, solutions = 29)
  40819  5538   327548.0000   131   373366.0000   203755.6698  4103448   45.43%
  41249  5769   347456.6731   126   373366.0000   203755.6698  4145972   45.43%
  41682  6357   289150.5086   194   373366.0000   203755.6698  4254931   45.43%
  42021  6709   372388.6250   214   373366.0000   203755.6698  4317977   45.43%
  42407  6972   231190.5022   192   373366.0000   203755.6698  4375707   45.43%
  42741  7458   297437.7097   182   373366.0000   203755.6698  4466246   45.43%
  43082  7761   319805.1860   183   373366.0000   203755.6698  4522967   45.43%
  43443  7899   355788.5062   221   373366.0000   203755.6698  4551308   45.43%
  43856  8362   358850.1454   219   373366.0000   203755.6698  4626076   45.43%
  44283  8888   367512.5000   148   373366.0000   203755.6698  4710250   45.43%
Elapsed time = 2530.21 sec. (403397.69 ticks, tree = 46.83 MB, solutions = 29)
  44628  9157   288343.2911   173   373366.0000   203755.6698  4758703   45.43%
  45024  9452   327953.5387   159   373366.0000   203755.6698  4815528   45.43%
  45407  9786   360170.4065   170   373366.0000   203755.6698  4873304   45.43%
  45773 10115   277595.3889   123   373366.0000   203755.6698  4930251   45.43%
  46193 10550   323922.4741   210   373366.0000   203755.6698  5007521   45.43%
  46667 11115        cutoff         373366.0000   203755.6698  5097359   45.43%
  47094 11445   347644.7353   181   373366.0000   203755.6698  5149102   45.43%
  47492 11924   295774.6038   193   373366.0000   203920.8889  5250833   45.38%
  47867 12198   294497.9286   184   373366.0000   204245.9287  5316678   45.30%
  48323 12571   335739.8750   138   373366.0000   204348.1260  5391423   45.27%
Elapsed time = 2784.11 sec. (441646.48 ticks, tree = 63.68 MB, solutions = 29)
  48756 12944   339432.4312   172   373366.0000   204422.3926  5462682   45.25%
  49198 13606   352291.8481   182   373366.0000   204694.7650  5570297   45.18%
  49626 13662   244412.9495   163   373366.0000   204871.0498  5579539   45.13%
  49983 14179   347365.1435   161   373366.0000   204875.7620  5665671   45.13%
  50395 14562   372657.0536   165   373366.0000   205186.2269  5740661   45.04%
  50713 14721   340547.2047   201   373366.0000   205186.2269  5767614   45.04%
  51184 15465   372168.4615   167   373366.0000   205357.9464  5863584   45.00%
  51697 15804   336947.5750   178   373366.0000   205508.0224  5898447   44.96%
  52364 16138   360415.6131   201   373366.0000   205765.8225  5935859   44.89%
  52819 16450   339647.6600   113   373366.0000   205984.9872  5973097   44.83%
Elapsed time = 3011.97 sec. (479865.23 ticks, tree = 361.89 MB, solutions = 29)
  53255 17171   302204.0208   163   373366.0000   206000.7505  6038063   44.83%
  53754 17885   368981.9565   154   373366.0000   206200.5262  6133103   44.77%
  54224 17960   310374.8137   172   373366.0000   206481.0256  6147834   44.70%
  54892 18529   363336.7647   169   373366.0000   206660.5871  6213534   44.65%
  55410 19211   239679.2346   209   373366.0000   206703.4961  6286241   44.64%
  56046 19846   314198.1183   215   373366.0000   206743.6566  6360683   44.63%
  56743 20567   362155.6305   188   373366.0000   207437.5720  6413783   44.44%
  57264 21044   348215.0085   185   373366.0000   207679.1486  6460155   44.38%
Starting limited solution polishing.
  57811 21204        cutoff         373366.0000   207790.9412  6477325   44.35%
  58360 21749        cutoff         373366.0000   208688.0838  6544519   44.11%
Elapsed time = 3271.44 sec. (518111.35 ticks, tree = 1097.17 MB, solutions = 29)
  58779 22473   350596.1296   189   373366.0000   208929.4915  6629374   44.04%
  59042 22906   242312.2631   216   373366.0000   208929.4915  6668521   44.04%
  59418 22974   280405.9665   169   373366.0000   208929.4915  6675034   44.04%
  59882 23160   341694.4623   202   373366.0000   209143.5361  6695146   43.98%
  60180 23807   265237.3757   232   373366.0000   209191.2811  6747478   43.97%
  60704 23993   319671.5952   206   373366.0000   209275.9995  6772076   43.95%
  61056 24959   369355.5789   156   373366.0000   209360.0082  6847604   43.93%
  61441 25040   360666.2561   173   373366.0000   209360.0082  6852869   43.93%
  61763 25463   366306.0538   160   373366.0000   209440.8275  6891615   43.90%
* 61785+25228                       370763.0000   209440.8275            43.51%
  62228 25110   227316.6338   189   370763.0000   209611.5409  6911668   43.46%
Elapsed time = 3433.95 sec. (556301.13 ticks, tree = 1948.19 MB, solutions = 30)
  62554 25617   339401.8457   169   370763.0000   209660.3867  6962567   43.45%
  62851 25860   362332.3655   174   370763.0000   209765.6407  6988978   43.42%
  63207 25968   326949.5035   217   370763.0000   209829.1908  7003344   43.41%
  63577 26514   350608.7179   179   370763.0000   209829.1908  7057003   43.41%
* 63788+26196                       363808.0000   209915.3927            42.30%
  63973 26724   308183.7819   164   363808.0000   209915.3927  7080125   42.30%
  64325 25203   334921.2086   166   363808.0000   210064.1679  7114348   42.26%
  64801 25592   285616.2997   232   363808.0000   210064.1679  7158848   42.26%
  65291 25951   329602.2524   204   363808.0000   210064.1679  7188564   42.26%
* 65529+25957                       363426.0000   210230.4906            42.15%
  65752 26436   228287.4195   192   363426.0000   210260.5436  7240486   42.14%
  66114 26569   285569.7213   201   363426.0000   210260.5436  7257878   42.14%
Elapsed time = 3600.78 sec. (594584.90 ticks, tree = 2306.87 MB, solutions = 32)
Nodefile size = 252.58 MB (157.67 MB after compression)

Implied bound cuts applied:  9
Zero-half cuts applied:  338
Lift and project cuts applied:  165

Root node processing (before b&c):
  Real time             =   25.32 sec. (9521.62 ticks)
Parallel b&c, 8 threads:
  Real time             = 3575.46 sec. (585628.38 ticks)
  Sync time (average)   =  533.23 sec.
  Wait time (average)   =    0.01 sec.
                          ------------
Total (root+branch&cut) = 3600.78 sec. (595150.00 ticks)
Status: Feasible
Obj: 363426

Instalacoes abertas:
Instalação 0 aberta
Instalação 1 aberta
Instalação 4 aberta
Instalação 8 aberta
Instalação 9 aberta
Instalação 13 aberta
Instalação 20 aberta
Instalação 22 aberta
Instalação 47 aberta

Atribuições (cliente -> instalação):
Cliente 0 -> Instalação 0
Cliente 1 -> Instalação 47
Cliente 2 -> Instalação 20
Cliente 3 -> Instalação 1
Cliente 4 -> Instalação 9
Cliente 5 -> Instalação 9
Cliente 6 -> Instalação 8
Cliente 7 -> Instalação 8
Cliente 8 -> Instalação 47
Cliente 9 -> Instalação 4
Cliente 10 -> Instalação 9
Cliente 11 -> Instalação 20
Cliente 12 -> Instalação 20
Cliente 13 -> Instalação 47
Cliente 14 -> Instalação 0
Cliente 15 -> Instalação 47
Cliente 16 -> Instalação 4
Cliente 17 -> Instalação 13
Cliente 18 -> Instalação 8
Cliente 19 -> Instalação 9
Cliente 20 -> Instalação 22
Cliente 21 -> Instalação 47
Cliente 22 -> Instalação 22
Cliente 23 -> Instalação 4
Cliente 24 -> Instalação 8
Cliente 25 -> Instalação 20
Cliente 26 -> Instalação 47
Cliente 27 -> Instalação 13
Cliente 28 -> Instalação 8
Cliente 29 -> Instalação 20
Cliente 30 -> Instalação 13
Cliente 31 -> Instalação 1
Cliente 32 -> Instalação 1
Cliente 33 -> Instalação 13
Cliente 34 -> Instalação 0
Cliente 35 -> Instalação 1
Cliente 36 -> Instalação 4
Cliente 37 -> Instalação 22
Cliente 38 -> Instalação 8
Cliente 39 -> Instalação 13
Cliente 40 -> Instalação 9
Cliente 41 -> Instalação 22
Cliente 42 -> Instalação 9
Cliente 43 -> Instalação 1
Cliente 44 -> Instalação 0
Cliente 45 -> Instalação 0
Cliente 46 -> Instalação 4
Cliente 47 -> Instalação 0
Cliente 48 -> Instalação 20
Cliente 49 -> Instalação 1
