Version identifier: 22.1.1.0 | 2022-11-28 | 9160aff4d
CPXPARAM_TimeLimit                               3600
Tried aggregator 1 time.
MIP Presolve eliminated 50 rows and 1 columns.
Reduced MIP has 40350 rows, 3306 columns, and 120950 nonzeros.
Reduced MIP has 3306 binaries, 0 generals, 0 SOSs, and 0 indicators.
Presolve time = 0.06 sec. (55.28 ticks)
Found incumbent of value 3.2305866e+07 after 0.08 sec. (70.52 ticks)
Probing time = 0.02 sec. (6.95 ticks)
Tried aggregator 1 time.
Detecting symmetries...
Reduced MIP has 40350 rows, 3306 columns, and 120950 nonzeros.
Reduced MIP has 3306 binaries, 0 generals, 0 SOSs, and 0 indicators.
Presolve time = 0.07 sec. (67.01 ticks)
Probing time = 0.02 sec. (7.02 ticks)
Clique table members: 2500.
MIP emphasis: balance optimality and feasibility.
MIP search method: dynamic search.
Parallel mode: deterministic, using up to 8 threads.
Root relaxation solution time = 0.09 sec. (59.51 ticks)

        Nodes                                         Cuts/
   Node  Left     Objective  IInf  Best Integer    Best Bound    ItCnt     Gap

*     0+    0                       3.23059e+07        0.0000           100.00%
*     0+    0                       2.46209e+07        0.0000           100.00%
*     0+    0                      1797428.0000        0.0000           100.00%
*     0+    0                      1548445.0000        0.0000           100.00%
      0     0    93774.0000   100  1548445.0000    93774.0000      185   93.94%
*     0+    0                      1547838.0000    93774.0000            93.94%
      0     0   106217.5000   100  1547838.0000    Cuts: 1885      372   93.14%
      0     0   118774.0000    98  1547838.0000    Cuts: 1911      712   92.33%
*     0+    0                       594254.0000   118774.0000            80.01%
      0     0   131217.5000    98   594254.0000 ZeroHalf: 844     1966   77.92%
*     0+    0                       568797.0000   131217.5000            76.93%
      0     0  -1.00000e+75     0   568797.0000   131217.5000     1966   76.93%
      0     0   136613.4583   206   568797.0000 ZeroHalf: 753     2863   75.98%
      0     0   141980.0897   187   568797.0000     Cuts: 409     3587   75.04%
Detecting symmetries...
      0     0   148072.8063   179   568797.0000     Cuts: 364     4347   73.97%
      0     0   152033.0565   216   568797.0000     Cuts: 285     4999   73.27%
      0     0   155474.1708   197   568797.0000     Cuts: 328     5606   72.67%
      0     0   158310.9222   194   568797.0000     Cuts: 180     6062   72.17%
      0     0   160236.3110   227   568797.0000     Cuts: 396     6479   71.83%
      0     0   162102.3784   187   568797.0000     Cuts: 322     6946   71.50%
      0     0   164162.0052   215   568797.0000     Cuts: 245     7546   71.14%
      0     0   165078.0465   211   568797.0000      Cuts: 86     7816   70.98%
      0     0   166111.8123   184   568797.0000     Cuts: 279     8194   70.80%
      0     0   167264.4364   207   568797.0000      Cuts: 74     8499   70.59%
      0     0   168057.7107   199   568797.0000      Cuts: 54     8803   70.45%
      0     0   168853.1010   201   568797.0000      Cuts: 90     9108   70.31%
      0     0   169490.9550   201   568797.0000     Cuts: 109     9382   70.20%
      0     0   169888.0522   215   568797.0000     Cuts: 129     9555   70.13%
      0     0   170090.3433   207   568797.0000      Cuts: 50     9672   70.10%
      0     0   170447.2884   180   568797.0000     Cuts: 128     9824   70.03%
      0     0   171269.2934   205   568797.0000      Cuts: 54    10176   69.89%
      0     0   172075.9793   206   568797.0000      Cuts: 84    10481   69.75%
      0     0   172557.4681   211   568797.0000      Cuts: 60    10706   69.66%
      0     0   173103.3855   215   568797.0000      Cuts: 90    10949   69.57%
      0     0   173733.3149   243   568797.0000      Cuts: 55    11265   69.46%
      0     0   173997.5865   208   568797.0000     Cuts: 137    11467   69.41%
      0     0   174193.4050   213   568797.0000      Cuts: 48    11648   69.38%
      0     0   174513.3102   206   568797.0000      Cuts: 39    11841   69.32%
      0     0   174799.9886   196   568797.0000     Cuts: 120    12089   69.27%
      0     0   175148.3254   202   568797.0000      Cuts: 61    12277   69.21%
      0     0   175576.0160   212   568797.0000      Cuts: 67    12606   69.13%
      0     0   176016.8564   233   568797.0000  ZeroHalf: 52    12808   69.05%
      0     0   176294.1496   204   568797.0000      Cuts: 37    12935   69.01%
      0     0   176415.9121   202   568797.0000      Cuts: 45    13041   68.98%
      0     0   176618.4474   210   568797.0000      Cuts: 51    13198   68.95%
*     0+    0                       547950.0000   176618.4474            67.77%
*     0+    0                       541927.0000   176618.4474            67.41%
      0     0   176757.8283   238   541927.0000      Cuts: 48    13305   67.38%
      0     0   176921.5489   206   541927.0000      Cuts: 96    13432   67.35%
      0     0   177101.7232   213   541927.0000     Cuts: 100    13566   67.32%
      0     0   177233.1013   215   541927.0000      Cuts: 59    13703   67.30%
      0     0   177312.3371   218   541927.0000      Cuts: 36    13805   67.28%
      0     0   177330.4969   221   541927.0000      Cuts: 18    13848   67.28%
      0     0   177528.8130   207   541927.0000     Cuts: 221    14008   67.24%
      0     0   177659.1417   205   541927.0000      Cuts: 23    14109   67.22%
      0     0   177711.5644   212   541927.0000  ZeroHalf: 42    14181   67.21%
Detecting symmetries...
      0     2   177711.5644   212   541927.0000   177711.5644    14181   67.21%
Elapsed time = 16.34 sec. (12961.96 ticks, tree = 0.02 MB, solutions = 9)
      4     4   190456.5676   174   541927.0000   177715.2680    15066   67.21%
      7     9   192362.1141   170   541927.0000   177937.1602    16934   67.17%
     15    15   200614.2327   172   541927.0000   178595.6759    22363   67.04%
*    20+    6                       530654.0000   178595.6759            66.34%
     26    19   219901.4294   168   530654.0000   178595.6759    24427   66.34%
*    30+    6                       525345.0000   178595.6759            66.00%
     40    32   206747.2038   174   525345.0000   182059.2912    28610   65.34%
     53    42   218215.1350   148   525345.0000   182059.2912    32506   65.34%
     70    61   252457.0000   110   525345.0000   182059.2912    40772   65.34%
     90    79   360169.5000    79   525345.0000   182059.2912    44526   65.34%
    122    98   361047.0000    74   525345.0000   182059.2912    48662   65.34%
    292   262   346014.5000    82   525345.0000   182059.2912    69205   65.34%
Elapsed time = 35.24 sec. (16385.73 ticks, tree = 21.44 MB, solutions = 11)
    475   420   357393.0000    85   525345.0000   182059.2912    83992   65.34%
    680   543   507517.5000    48   525345.0000   182059.2912    96098   65.34%
*   756   612      integral     0   522745.0000   182059.2912   101814   65.17%
    862   652   339607.9167   118   522745.0000   182059.2912   108647   65.17%
   1030   873   347147.0000    88   522745.0000   182059.2912   131735   65.17%
   1193  1095   437358.6667    74   522745.0000   184563.3534   154793   64.69%
   1303  1138   314447.3333   131   522745.0000   184569.5094   165997   64.69%
   1487  1323   480877.1667    82   522745.0000   185032.4652   186184   64.60%
   1671  1418   409122.5000    75   522745.0000   185032.4652   197646   64.60%

Performing restart 1

Repeating presolve.
Tried aggregator 1 time.
MIP Presolve eliminated 1339 rows and 56 columns.
Reduced MIP has 39011 rows, 3250 columns, and 116933 nonzeros.
Reduced MIP has 3250 binaries, 0 generals, 0 SOSs, and 0 indicators.
Presolve time = 0.06 sec. (55.50 ticks)
Tried aggregator 1 time.
Reduced MIP has 39011 rows, 3250 columns, and 116933 nonzeros.
Reduced MIP has 3250 binaries, 0 generals, 0 SOSs, and 0 indicators.
Presolve time = 0.07 sec. (66.95 ticks)
Represolve time = 0.19 sec. (172.61 ticks)
*  1684+    0                       521640.0000   185032.4652            64.53%
   1684     0   177868.1671   215   521640.0000      Cuts: 56   217182   64.53%
   1684     0   178320.5473   213   521640.0000      Cuts: 62   217416   64.53%
   1684     0   178797.2650   220   521640.0000      Cuts: 69   217762   64.53%
*  1684+    0                       521110.0000   185032.4652            64.49%
*  1684+    0                       520368.0000   185032.4652            64.44%
   1684     0  -1.00000e+75     0   520368.0000   185032.4652   217762   64.44%
   1684     0   179262.6721   220   520368.0000      Cuts: 77   218035   64.44%
   1684     0   180134.9893   215   520368.0000      Cuts: 66   218404   64.44%
   1684     0   180910.7438   216   520368.0000      Cuts: 78   218696   64.44%
   1684     0   181517.1541   212   520368.0000      Cuts: 76   218897   64.44%
   1684     0   181990.5917   215   520368.0000      Cuts: 74   219126   64.44%
   1684     0   182323.0570   217   520368.0000      Cuts: 64   219409   64.44%
   1684     0   182680.5203   213   520368.0000      Cuts: 92   219638   64.44%
   1684     0   183180.1437   214   520368.0000      Cuts: 47   219885   64.44%
   1684     0   183472.1569   212   520368.0000      Cuts: 29   220078   64.44%
   1684     0   183751.0188   213   520368.0000      Cuts: 54   220264   64.44%
   1684     0   183973.4133   220   520368.0000      Cuts: 51   220385   64.44%
   1684     0   184248.9749   213   520368.0000      Cuts: 38   220523   64.44%
   1684     0   184638.9695   237   520368.0000      Cuts: 42   220674   64.44%
   1684     0   184970.2755   235   520368.0000      Cuts: 33   220854   64.44%
   1684     0   185241.5450   243   520368.0000      Cuts: 42   221046   64.40%
   1684     0   185513.1388   246   520368.0000      Cuts: 52   221226   64.35%
   1684     0   185678.9281   214   520368.0000      Cuts: 33   221383   64.32%
   1684     0   185727.6384   216   520368.0000      Cuts: 26   221447   64.31%
   1684     0   186007.5557   240   520368.0000      Cuts: 51   221599   64.25%
   1684     0   186156.2428   214   520368.0000      Cuts: 28   221738   64.23%
   1684     0   186314.3872   209   520368.0000      Cuts: 24   221881   64.20%
   1684     0   186391.5637   215   520368.0000      Cuts: 22   221943   64.18%
   1684     0   186466.4192   238   520368.0000      Cuts: 18   222004   64.17%
   1684     0   186672.4871   211   520368.0000      Cuts: 42   222123   64.13%
   1684     0   186990.9166   212   520368.0000      Cuts: 40   222235   64.07%
   1684     0   187249.1657   216   520368.0000      Cuts: 61   222394   64.02%
   1684     0   187476.6717   211   520368.0000      Cuts: 39   222514   63.97%
   1684     0   187699.7327   214   520368.0000      Cuts: 37   222678   63.93%
   1684     0   187964.1008   218   520368.0000      Cuts: 20   222866   63.88%
   1684     0   188148.2284   243   520368.0000      Cuts: 29   222994   63.84%
   1684     0   188257.8042   241   520368.0000      Cuts: 18   223106   63.82%
   1684     0   188433.5411   243   520368.0000      Cuts: 25   223301   63.79%
   1684     0   188561.1037   245   520368.0000      Cuts: 24   223408   63.76%
   1684     0   188844.9567   211   520368.0000      Cuts: 28   223552   63.71%
   1684     0   188982.0324   243   520368.0000      Cuts: 34   223647   63.68%
   1684     0   189230.9115   244   520368.0000      Cuts: 37   223773   63.64%
   1684     0   189354.6605   245   520368.0000      Cuts: 33   223867   63.61%
   1684     0   189717.6526   236   520368.0000      Cuts: 26   224015   63.54%
   1684     0   189975.2649   214   520368.0000      Cuts: 25   224173   63.49%
   1684     0   190070.6146   215   520368.0000  ZeroHalf: 14   224265   63.47%
   1684     0   190110.7329   217   520368.0000      Cuts: 11   224322   63.47%
   1684     2   190110.7329   217   520368.0000   190110.7329   224322   63.47%
   1685     3   205590.5378   176   520368.0000   190112.0467   224893   63.47%
Elapsed time = 130.01 sec. (49600.59 ticks, tree = 0.02 MB, solutions = 17)
   1688     4   210881.7923   166   520368.0000   190201.0047   225286   63.45%
   1690     5   204703.6774   201   520368.0000   190304.6620   225751   63.43%
   1694     8   190415.8980   230   520368.0000   190416.1142   225964   63.41%
   1701    11   221525.4557   180   520368.0000   190416.1142   227659   63.41%
   1707    17   228205.0992   164   520368.0000   190421.2254   230885   63.41%
   1714    20   217452.3272   193   520368.0000   190421.2254   231749   63.41%
   1721    29   217981.9787   201   520368.0000   190421.2254   236728   63.41%
   1727    33   229419.5070   182   520368.0000   190421.2254   239606   63.41%
   1733    31   218717.0139   206   520368.0000   190421.2254   237015   63.41%
   1739    42   207518.8289   199   520368.0000   190421.2254   243037   63.41%
Elapsed time = 224.59 sec. (60844.73 ticks, tree = 0.68 MB, solutions = 17)
   1750    59   204912.3262   178   520368.0000   190421.2254   247884   63.41%
   1789    75   248719.8701   152   520368.0000   190421.2254   251508   63.41%
   1841    67   233819.5982   167   520368.0000   190421.2254   249611   63.41%
   1882   157   231680.6337   166   520368.0000   190421.2254   270281   63.41%
   1921   161   275519.7333   118   520368.0000   190421.2254   271608   63.41%
   1957   250   220334.1264   187   520368.0000   190421.2254   295119   63.41%
   1976   216   235033.8753   186   520368.0000   190421.2254   285338   63.41%
   1997   258   222068.9013   187   520368.0000   190421.2254   296502   63.41%
   2031   267   239165.7057   189   520368.0000   190421.2254   299545   63.41%
   2058   288   245110.1630   203   520368.0000   190421.2254   305758   63.41%
Elapsed time = 312.59 sec. (70707.27 ticks, tree = 7.02 MB, solutions = 17)
   2087   352   305728.9444   103   520368.0000   190421.2254   317907   63.41%
   2110   371   252726.4316   195   520368.0000   190421.2254   323836   63.41%
   2126   371   244537.8347   167   520368.0000   190421.2254   322034   63.41%
   2152   417   249078.2939   146   520368.0000   190421.2254   334467   63.41%
   2187   442   278265.8041   196   520368.0000   190421.2254   339856   63.41%
   2221   461   230571.2446   199   520368.0000   190421.2254   344909   63.41%
   2264   517   265321.3204   206   520368.0000   190421.2254   358922   63.41%
   2299   526   265817.5895   185   520368.0000   190421.2254   360559   63.41%
   2322   519   296634.2068   176   520368.0000   190421.2254   358728   63.41%
   2362   638   267748.6647   175   520368.0000   190421.2254   389553   63.41%
Elapsed time = 408.95 sec. (80553.28 ticks, tree = 18.33 MB, solutions = 17)
   2397   639   289751.4434   173   520368.0000   190421.2254   388509   63.41%
   2428   591   248225.6407   222   520368.0000   190421.2254   378420   63.41%
   2458   694   351359.7500    84   520368.0000   190421.2254   400274   63.41%
   2491   772   280356.2849   179   520368.0000   190421.2254   416223   63.41%
   2524   726   332774.8333   137   520368.0000   190421.2254   406611   63.41%
   2563   743   301998.5426   190   520368.0000   190421.2254   408685   63.41%
   2616   803   358618.6578   129   520368.0000   190421.2254   420504   63.41%
   2651   869   308401.1113   165   520368.0000   190421.2254   435817   63.41%
   2690   891   350581.9000    97   520368.0000   190421.2254   439698   63.41%
   2739   832   312320.0441   182   520368.0000   190421.2254   427695   63.41%
Elapsed time = 499.54 sec. (90293.51 ticks, tree = 22.43 MB, solutions = 17)
   2781   904   330183.9722   147   520368.0000   190421.2254   441115   63.41%
   2818  1015   332303.5067   140   520368.0000   190421.2254   459718   63.41%
   2873  1053   342053.3435   145   520368.0000   190421.2254   466668   63.41%
   2929  1118   456057.5000    74   520368.0000   190421.2254   477987   63.41%
   3001  1098   265961.5496   242   520368.0000   190421.2254   477392   63.41%
   3080  1144   431376.8750    88   520368.0000   190421.2254   479056   63.41%
   3139  1326   437045.5000    77   520368.0000   190421.2254   505803   63.41%
   3222  1425   423888.0000   100   520368.0000   190421.2254   517853   63.41%
   3293  1348   448991.0000   102   520368.0000   190421.2254   506334   63.41%
   3361  1377   434644.8750    82   520368.0000   190421.2254   510234   63.41%
Elapsed time = 591.83 sec. (100132.61 ticks, tree = 25.39 MB, solutions = 17)
   3452  1590   398693.0000    84   520368.0000   190421.2254   540348   63.41%
   3513  1523   373794.7930   171   520368.0000   190421.2254   530915   63.41%
   3593  1780   389746.8750   128   520368.0000   190421.2254   558419   63.41%
   3702  1810   456717.5000    75   520368.0000   190421.2254   560474   63.41%
   3839  1901   471152.5000    90   520368.0000   190421.2254   564392   63.41%
   3921  2050   215973.8442   166   520368.0000   190421.2254   578101   63.41%
   4010  2096   294070.8594   159   520368.0000   190421.2254   585736   63.41%
   4093  2180   515424.0000    93   520368.0000   190421.2254   591013   63.41%
   4167  2251   314688.7500   105   520368.0000   190421.2254   602316   63.41%
   4253  2306   369834.8047   167   520368.0000   190421.2254   604198   63.41%
Elapsed time = 665.46 sec. (109816.12 ticks, tree = 30.12 MB, solutions = 17)
   4364  2325   484266.7500    88   520368.0000   190421.2254   602685   63.41%
   4481  2552   376284.1250   148   520368.0000   190421.2254   643277   63.41%
   4598  2657   471772.5682   120   520368.0000   190421.2254   659920   63.41%
   4703  2702   345393.8000   144   520368.0000   190421.2254   670199   63.41%
   4789  2941   323685.0415   159   520368.0000   190421.2254   694550   63.41%
   4901  2737   227515.3769   172   520368.0000   190421.2254   673003   63.41%
   5008  3032   243701.0455   182   520368.0000   190421.2254   710912   63.41%
   5093  3177   473816.9890   132   520368.0000   190421.2254   728525   63.41%
   5196  3200   510307.8000   112   520368.0000   190421.2254   730628   63.41%
   5293  3294   258074.8611   165   520368.0000   190421.2254   744714   63.41%
Elapsed time = 733.87 sec. (119418.04 ticks, tree = 36.30 MB, solutions = 17)
   5403  3443   353257.8722   133   520368.0000   190421.2254   768013   63.41%
   5496  3584   471682.7500    76   520368.0000   190421.2254   792720   63.41%
   5596  3458   385396.4356   156   520368.0000   190421.2254   768637   63.41%
   5664  3668   198121.2881   184   520368.0000   190421.2254   803703   63.41%
   5729  3788   253479.1207   213   520368.0000   190421.2254   818376   63.41%
   5794  3695   422667.0781   148   520368.0000   190421.2254   806923   63.41%
   5866  3760   296163.1912   174   520368.0000   190421.2254   813206   63.41%
   5944  3952   317373.6805   205   520368.0000   190421.2254   848016   63.41%
   6046  4075   251193.0398   202   520368.0000   190421.2254   868715   63.41%
   6344  4286   283140.7000   161   520368.0000   190421.2254   903601   63.41%
Elapsed time = 835.63 sec. (131964.01 ticks, tree = 43.97 MB, solutions = 17)
   6694  4597   332997.8500   165   520368.0000   195264.2111   951936   62.48%
   7066  5168   342276.8804   246   520368.0000   198122.6356  1043559   61.93%
   7452  5312   321888.3170   213   520368.0000   198122.6356  1069992   61.93%
   7835  5672   325386.6250   116   520368.0000   198122.6356  1134086   61.93%
*  8348+ 6010                       514973.0000   199011.5309            61.35%
   8356  6072   240730.5639   200   514973.0000   199011.5309  1184845   61.35%
   8800  6701   298573.0000   206   514973.0000   201030.0858  1279317   60.96%
   9269  7035   334289.6154   245   514973.0000   201030.0858  1330273   60.96%
*  9484+ 7035                       513764.0000   201030.0858            60.87%
   9597  7374   222213.0759   206   513764.0000   202264.8571  1389822   60.63%
*  9844+ 7462                       508408.0000   202264.8571            60.22%
   9988  7726   319822.4864   197   508408.0000   202264.8571  1464984   60.22%
  10373  7910   366657.3677   194   508408.0000   202264.8571  1493266   60.22%
Elapsed time = 1168.94 sec. (170220.31 ticks, tree = 63.40 MB, solutions = 21)
  10752  8548   384009.3009   210   508408.0000   202777.2470  1580085   60.12%
  11166  8765   402982.6406   215   508408.0000   202777.2470  1606679   60.12%
  11518  9136   385339.1273   256   508408.0000   203887.5455  1652356   59.90%
  11901  9524   420633.9786   226   508408.0000   203887.5455  1710325   59.90%
  12320  9938   399440.0872   178   508408.0000   203943.6637  1767522   59.89%
  12675 10359   226489.3961   181   508408.0000   203961.8747  1826544   59.88%
  13047 10637   336805.5512   194   508408.0000   204074.3397  1871995   59.86%
  13444 11232   377300.0417   150   508408.0000   204222.3516  1963281   59.83%
  13818 11619   415487.9010   200   508408.0000   204222.3516  2021993   59.83%
  14203 12071   365034.0472   209   508408.0000   204222.3516  2091980   59.83%
Elapsed time = 1524.59 sec. (208490.68 ticks, tree = 89.54 MB, solutions = 21)
  14552 12228   249481.0533   218   508408.0000   204364.9400  2120207   59.80%
  14923 12659   401566.9323   218   508408.0000   204511.2266  2181171   59.77%
  15320 12999   342527.5000   168   508408.0000   204547.9410  2242631   59.77%
  15661 13322   355498.6250   181   508408.0000   204797.4758  2297422   59.72%
  16105 13555   237512.1332   182   508408.0000   204802.4429  2330799   59.72%
  16518 13871        cutoff         508408.0000   205020.8888  2389142   59.67%
  16964 14253   406461.8462   145   508408.0000   205279.9698  2429456   59.62%
  17454 14830   431721.0000    70   508408.0000   205279.9698  2507137   59.62%
* 17501+14537                       498989.0000   205653.9368            58.79%
  17869 15110   302813.2544   188   498989.0000   205653.9368  2540209   58.79%
* 17899+14912                       492444.0000   205653.9368            58.24%
  18257 15434   398305.6111   199   492444.0000   205653.9368  2587850   58.24%
Elapsed time = 1836.28 sec. (246716.58 ticks, tree = 430.96 MB, solutions = 23)
  18578 15979   343749.9894   191   492444.0000   205921.2615  2634960   58.18%
  19113 16097   392627.4079   216   492444.0000   206018.1907  2644545   58.16%
  19666 16760   444206.5784   181   492444.0000   206068.1978  2703181   58.15%
  20247 17036   389221.0595   212   492444.0000   206226.1196  2726688   58.12%
  20692 17823   291200.6850   195   492444.0000   206716.2185  2788542   58.02%
  21243 18173   392691.7000   175   492444.0000   206716.2185  2816174   58.02%
  21801 18393   406358.0357   179   492444.0000   207044.5394  2841007   57.96%
  22257 19143   455224.5769   183   492444.0000   207155.0402  2902128   57.93%
  22785 19714   342998.5583   162   492444.0000   207553.9000  2960598   57.85%
* 23312+19787                       487877.0000   207565.6555            57.46%
  23384 20327   411267.1757   175   487877.0000   207565.6555  3022436   57.46%
Elapsed time = 2213.88 sec. (284922.72 ticks, tree = 1271.99 MB, solutions = 24)
  23869 20996   349545.0437   195   487877.0000   207769.2689  3079881   57.41%
  24420 21425   334178.0917   233   487877.0000   208265.2946  3125558   57.31%
  24841 21423   262829.7559   225   487877.0000   208265.2946  3124765   57.31%
  25292 22269   252197.7800   239   487877.0000   208265.2946  3207234   57.31%
  25830 22880   345167.2080   173   487877.0000   208612.1297  3269854   57.24%
  26561 23053   353334.0667   190   487877.0000   208612.1297  3292681   57.24%
  27070 23944   475965.1561   192   487877.0000   208768.9615  3338798   57.21%
  27666 24265   251635.8982   174   487877.0000   208949.4003  3358518   57.17%
  28242 25088   239423.2748   173   487877.0000   209083.3360  3430968   57.14%
  28773 25480   458022.3750   121   487877.0000   209210.3308  3458146   57.12%
Elapsed time = 2575.06 sec. (323147.61 ticks, tree = 2544.66 MB, solutions = 24)
Nodefile size = 489.86 MB (303.18 MB after compression)
  29274 26125   479832.6736   160   487877.0000   209210.3308  3509035   57.12%
  29749 26790   228801.5318   194   487877.0000   209439.2139  3576208   57.07%
  30261 27198   324058.2452   195   487877.0000   209439.2139  3615468   57.07%
  30847 26965   330262.0909   179   487877.0000   209652.5908  3597712   57.03%
  31466 28000   477174.5000    60   487877.0000   209887.4623  3690457   56.98%
  32115 28289   453260.2462   191   487877.0000   210032.5753  3710749   56.95%
  32588 29434   324847.3333   115   487877.0000   210032.5753  3789577   56.95%
  33032 29351   385496.3953   133   487877.0000   210333.6603  3789147   56.89%
  33585 29769   371410.4348   180   487877.0000   210462.2641  3828964   56.86%
* 33891+30601                       487465.0000   210462.2641            56.83%
  33942 30371   451252.7971   193   487465.0000   210563.1254  3891820   56.80%
Elapsed time = 2863.98 sec. (361386.27 ticks, tree = 3407.07 MB, solutions = 24)
Nodefile size = 1322.48 MB (812.55 MB after compression)
* 34164+30795                       487280.0000   210666.8700            56.77%
  34170 31121   422826.4218   217   487280.0000   210666.8700  3958587   56.77%
* 34315+30393                       476484.0000   210666.8700            55.79%
  34424 31227   475783.7439   177   476484.0000   210666.8700  3963034   55.79%
  34782 31669   452457.3222   191   476484.0000   210666.8700  3995882   55.79%
  35167 31545   358940.8738   208   476484.0000   210666.8700  3987875   55.79%
  35655 31933   479528.4881   165   476484.0000   210666.8700  4014392   55.79%
  36084 32787   420224.9706   173   476484.0000   210666.8700  4081333   55.79%
  36495 33137   285642.0181   225   476484.0000   210666.8700  4114192   55.79%
  37000 33123   443423.5556   155   476484.0000   210666.8700  4109423   55.79%
* 37060+30393                       472360.0000   210666.8700            55.40%
  37431 33613   432975.7837   201   472360.0000   210666.8700  4152167   55.40%

Performing restart 2

Repeating presolve.
Tried aggregator 1 time.
MIP Presolve eliminated 805 rows and 36 columns.
Reduced MIP has 38206 rows, 3214 columns, and 149559 nonzeros.
Reduced MIP has 3214 binaries, 0 generals, 0 SOSs, and 0 indicators.
Presolve time = 0.21 sec. (200.75 ticks)
Tried aggregator 1 time.
Reduced MIP has 38206 rows, 3214 columns, and 149559 nonzeros.
Reduced MIP has 3214 binaries, 0 generals, 0 SOSs, and 0 indicators.
Presolve time = 0.12 sec. (108.70 ticks)
Represolve time = 0.44 sec. (375.82 ticks)
* 37502+    0                       472085.0000   211307.1742            55.24%
  37502     0   190351.1105   252   472085.0000      Cuts: 38  4245121   55.24%
  37502     0   190648.6413   241   472085.0000      Cuts: 46  4245289   55.24%
  37502     0   190812.2595   210   472085.0000      Cuts: 58  4245403   55.24%
* 37502+    0                       471699.0000   211307.1742            55.20%
  37502     0  -1.00000e+75     0   471699.0000   211307.1742  4245403   55.20%
  37502     0   190900.9483   239   471699.0000      Cuts: 47  4245491   55.20%
* 37502+    0                       471665.0000   211307.1742            55.20%
  37502     0   191155.6355   239   471665.0000      Cuts: 80  4245622   55.20%
  37502     0   191326.4010   238   471665.0000      Cuts: 73  4245767   55.20%
  37502     0   191490.2561   238   471665.0000      Cuts: 89  4245873   55.20%
  37502     0   191644.1861   239   471665.0000      Cuts: 71  4246001   55.20%
  37502     0   191763.1975   237   471665.0000      Cuts: 63  4246130   55.20%
  37502     2   191763.1975   237   471665.0000   211307.1742  4246130   55.20%
Elapsed time = 3078.62 sec. (415836.02 ticks, tree = 0.02 MB, solutions = 31)
  37512     7   224491.8730   179   471665.0000   211307.1742  4247113   55.20%
  37536    21   208124.1971   204   471665.0000   211307.1742  4252305   55.20%
  37563    54   244800.1152   154   471665.0000   211307.1742  4271335   55.20%
  37675    97   240539.1199   174   471665.0000   211307.1742  4285420   55.20%
  37769   246   303718.0000   106   471665.0000   211307.1742  4319812   55.20%
  37908   322   308099.6591   116   471665.0000   211307.1742  4335816   55.20%
Starting limited solution polishing.
  38131   419   406944.1250   107   471665.0000   211307.1742  4354714   55.20%
  38378   677   444352.7436   110   471665.0000   211307.1742  4395252   55.20%
  38639   903   287325.5000   137   471665.0000   211307.1742  4425671   55.20%
  38890  1135   239558.4464   147   471665.0000   211307.1742  4472648   55.20%
Elapsed time = 3371.92 sec. (454444.44 ticks, tree = 16.62 MB, solutions = 31)
  39258  1400   216121.1631   217   471665.0000   211307.1742  4519715   55.20%
  39579  1726   251197.7439   164   471665.0000   211307.1742  4572363   55.20%
  39931  2152   370226.5000    86   471665.0000   211307.1742  4639117   55.20%
  40232  2398   233327.8922   231   471665.0000   211307.1742  4686882   55.20%
  40558  2766        cutoff         471665.0000   211307.1742  4750884   55.20%
  40835  2906   263744.1786   221   471665.0000   211307.1742  4775097   55.20%
  41143  3268   278741.8884   188   471665.0000   211307.1742  4833555   55.20%
  41534  3539   256293.7138   209   471665.0000   211307.1742  4876126   55.20%

Implied bound cuts applied:  4
Zero-half cuts applied:  271
Lift and project cuts applied:  88

Root node processing (before b&c):
  Real time             =   16.28 sec. (12891.89 ticks)
Parallel b&c, 8 threads:
  Real time             = 3583.75 sec. (472651.26 ticks)
  Sync time (average)   =  667.62 sec.
  Wait time (average)   =    0.01 sec.
                          ------------
Total (root+branch&cut) = 3600.03 sec. (485543.15 ticks)
Status: Feasible
Obj: 471665

Instalacoes abertas:
Instalação 0 aberta
Instalação 1 aberta
Instalação 4 aberta
Instalação 8 aberta
Instalação 9 aberta
Instalação 13 aberta
Instalação 16 aberta
Instalação 19 aberta
Instalação 20 aberta
Instalação 22 aberta
Instalação 30 aberta
Instalação 31 aberta
Instalação 47 aberta

Atribuições (cliente -> instalação):
Cliente 0 -> Instalação 19
Cliente 1 -> Instalação 1
Cliente 2 -> Instalação 13
Cliente 3 -> Instalação 30
Cliente 4 -> Instalação 9
Cliente 5 -> Instalação 31
Cliente 6 -> Instalação 16
Cliente 7 -> Instalação 0
Cliente 8 -> Instalação 13
Cliente 9 -> Instalação 1
Cliente 10 -> Instalação 31
Cliente 11 -> Instalação 16
Cliente 12 -> Instalação 1
Cliente 13 -> Instalação 47
Cliente 14 -> Instalação 20
Cliente 15 -> Instalação 19
Cliente 16 -> Instalação 0
Cliente 17 -> Instalação 8
Cliente 18 -> Instalação 13
Cliente 19 -> Instalação 0
Cliente 20 -> Instalação 47
Cliente 21 -> Instalação 19
Cliente 22 -> Instalação 22
Cliente 23 -> Instalação 13
Cliente 24 -> Instalação 20
Cliente 25 -> Instalação 31
Cliente 26 -> Instalação 8
Cliente 27 -> Instalação 22
Cliente 28 -> Instalação 30
Cliente 29 -> Instalação 9
Cliente 30 -> Instalação 4
Cliente 31 -> Instalação 30
Cliente 32 -> Instalação 30
Cliente 33 -> Instalação 8
Cliente 34 -> Instalação 0
Cliente 35 -> Instalação 1
Cliente 36 -> Instalação 20
Cliente 37 -> Instalação 47
Cliente 38 -> Instalação 4
Cliente 39 -> Instalação 4
Cliente 40 -> Instalação 16
Cliente 41 -> Instalação 30
Cliente 42 -> Instalação 9
Cliente 43 -> Instalação 20
Cliente 44 -> Instalação 8
Cliente 45 -> Instalação 1
Cliente 46 -> Instalação 4
Cliente 47 -> Instalação 47
Cliente 48 -> Instalação 4
Cliente 49 -> Instalação 9
