Version identifier: 22.1.1.0 | 2022-11-28 | 9160aff4d
CPXPARAM_TimeLimit                               3600
Found incumbent of value 1871920.000000 after 0.00 sec. (4.10 ticks)
Tried aggregator 1 time.
MIP Presolve eliminated 50 rows and 1 columns.
Reduced MIP has 63750 rows, 3774 columns, and 191150 nonzeros.
Reduced MIP has 3774 binaries, 0 generals, 0 SOSs, and 0 indicators.
Presolve time = 0.11 sec. (83.25 ticks)
Probing time = 0.03 sec. (8.81 ticks)
Tried aggregator 1 time.
Detecting symmetries...
Reduced MIP has 63750 rows, 3774 columns, and 191150 nonzeros.
Reduced MIP has 3774 binaries, 0 generals, 0 SOSs, and 0 indicators.
Presolve time = 0.13 sec. (101.60 ticks)
Probing time = 0.04 sec. (8.88 ticks)
Clique table members: 2500.
MIP emphasis: balance optimality and feasibility.
MIP search method: dynamic search.
Parallel mode: deterministic, using up to 8 threads.
Root relaxation solution time = 0.16 sec. (92.62 ticks)

        Nodes                                         Cuts/
   Node  Left     Objective  IInf  Best Integer    Best Bound    ItCnt     Gap

*     0+    0                      1871920.0000        0.0000           100.00%
*     0+    0                      1852820.0000        0.0000           100.00%
*     0+    0                      1819652.0000        0.0000           100.00%
      0     0    93774.0000   100  1819652.0000    93774.0000      186   94.85%
*     0+    0                      1818402.0000    93774.0000            94.84%
      0     0   106217.5000   100  1818402.0000    Cuts: 3136      374   94.16%
      0     0   118774.0000    98  1818402.0000    Cuts: 3045      658   93.47%
      0     0   131111.1667   149  1818402.0000    Cuts: 1232     2028   92.79%
      0     0   135445.2619   216  1818402.0000 ZeroHalf: 1441     2563   92.55%
      0     0   143355.5625   174  1818402.0000     Cuts: 992     3490   92.12%
Detecting symmetries...
      0     0   151282.8544   182  1818402.0000    Cuts: 1491     4548   91.68%
      0     0   159479.3044   221  1818402.0000     Cuts: 367     5492   91.23%
      0     0   164910.8965   195  1818402.0000     Cuts: 597     6388   90.93%
      0     0   169629.6644   208  1818402.0000     Cuts: 685     7294   90.67%
*     0+    0                      1375667.0000   169629.6644            87.67%
      0     0   173998.2582   206  1375667.0000     Cuts: 450     8148   87.35%
      0     0   177021.2508   202  1375667.0000     Cuts: 209     8594   87.13%
      0     0   180150.2302   210  1375667.0000     Cuts: 262     9203   86.90%
      0     0   182443.6615   248  1375667.0000 ZeroHalf: 117     9731   86.74%
      0     0   185676.4858   237  1375667.0000     Cuts: 632    10434   86.50%
      0     0   187547.9842   199  1375667.0000     Cuts: 256    11023   86.37%
      0     0   188704.5781   201  1375667.0000     Cuts: 437    11510   86.28%
      0     0   190624.0767   194  1375667.0000     Cuts: 227    12048   86.14%
*     0+    0                      1360019.0000   190624.0767            85.98%
      0     0   192367.3462   227  1360019.0000     Cuts: 228    12585   85.86%
      0     0   194021.7049   197  1360019.0000      Cuts: 95    13014   85.73%
      0     0   195757.1577   193  1360019.0000     Cuts: 279    13570   85.61%
      0     0   198155.6554   231  1360019.0000     Cuts: 170    14271   85.43%
      0     0   199917.3909   217  1360019.0000     Cuts: 140    14686   85.30%
      0     0   201173.7347   197  1360019.0000     Cuts: 348    15120   85.21%
      0     0   203161.8623   196  1360019.0000     Cuts: 154    15549   85.06%
      0     0   204967.5243   225  1360019.0000 ZeroHalf: 107    16093   84.93%
      0     0   206338.5739   227  1360019.0000     Cuts: 122    16503   84.83%
      0     0   207575.5513   196  1360019.0000     Cuts: 194    16994   84.74%
      0     0   208531.6756   249  1360019.0000  ZeroHalf: 66    17436   84.67%
      0     0   209493.6054   237  1360019.0000     Cuts: 202    17825   84.60%
      0     0   210938.8070   204  1360019.0000     Cuts: 212    18430   84.49%
      0     0   212062.8477   244  1360019.0000     Cuts: 118    18861   84.41%
      0     0   212803.6216   220  1360019.0000     Cuts: 116    19128   84.35%
      0     0   213627.9778   221  1360019.0000     Cuts: 216    19489   84.29%
      0     0   214479.5706   230  1360019.0000     Cuts: 131    19845   84.23%
      0     0   215287.9079   230  1360019.0000      Cuts: 97    20244   84.17%
      0     0   215961.0994   224  1360019.0000      Cuts: 98    20462   84.12%
      0     0   216577.3857   213  1360019.0000     Cuts: 123    20868   84.08%
      0     0   217199.1131   224  1360019.0000     Cuts: 151    21222   84.03%
      0     0   218009.9130   227  1360019.0000     Cuts: 107    21616   83.97%
      0     0   218951.7596   224  1360019.0000     Cuts: 101    21977   83.90%
      0     0   219902.9067   225  1360019.0000      Cuts: 94    22374   83.83%
      0     0   220706.9695   243  1360019.0000     Cuts: 125    22775   83.77%
      0     0   221396.8327   249  1360019.0000     Cuts: 123    23113   83.72%
      0     0   221813.9128   243  1360019.0000      Cuts: 68    23295   83.69%
      0     0   222400.5985   218  1360019.0000     Cuts: 152    23617   83.65%
      0     0   223086.3635   231  1360019.0000     Cuts: 112    23935   83.60%
      0     0   223699.8749   219  1360019.0000      Cuts: 91    24285   83.55%
      0     0   224184.0809   233  1360019.0000     Cuts: 111    24565   83.52%
      0     0   224915.8994   239  1360019.0000  ZeroHalf: 68    24895   83.46%
      0     0   225341.9624   228  1360019.0000      Cuts: 90    25132   83.43%
      0     0   225600.3749   212  1360019.0000     Cuts: 164    25336   83.41%
      0     0   226219.5190   223  1360019.0000     Cuts: 145    25700   83.37%
      0     0   226780.7022   239  1360019.0000      Cuts: 59    25999   83.33%
      0     0   227236.6657   222  1360019.0000     Cuts: 193    26235   83.29%
      0     0   227882.7164   227  1360019.0000      Cuts: 77    26551   83.24%
      0     0   228647.3533   219  1360019.0000      Cuts: 45    26922   83.19%
      0     0   229147.7588   217  1360019.0000  ZeroHalf: 59    27144   83.15%
      0     0   229570.4244   228  1360019.0000      Cuts: 57    27410   83.12%
      0     0   230317.8114   244  1360019.0000      Cuts: 52    27808   83.07%
      0     0   230861.2430   243  1360019.0000      Cuts: 58    28159   83.03%
      0     0   231375.8131   225  1360019.0000     Cuts: 230    28556   82.99%
      0     0   231988.9319   217  1360019.0000      Cuts: 71    28939   82.94%
      0     0   232302.9234   214  1360019.0000      Cuts: 66    29182   82.92%
      0     0   232805.0376   220  1360019.0000      Cuts: 49    29436   82.88%
      0     0   233209.5086   212  1360019.0000      Cuts: 77    29679   82.85%
      0     0   233610.9841   216  1360019.0000      Cuts: 56    30008   82.82%
      0     0   233903.0578   220  1360019.0000      Cuts: 95    30245   82.80%
      0     0   234109.5403   218  1360019.0000      Cuts: 73    30489   82.79%
      0     0   234403.9181   249  1360019.0000      Cuts: 47    30682   82.76%
      0     0   234641.7647   257  1360019.0000      Cuts: 38    30945   82.75%
      0     0   234911.5019   232  1360019.0000      Cuts: 64    31215   82.73%
      0     0   235129.6799   250  1360019.0000     Cuts: 128    31482   82.71%
      0     0   235541.1958   234  1360019.0000     Cuts: 148    31792   82.68%
      0     0   235886.1917   245  1360019.0000      Cuts: 66    32048   82.66%
      0     0   236172.9214   230  1360019.0000      Cuts: 43    32289   82.63%
      0     0   236567.1049   218  1360019.0000      Cuts: 60    32593   82.61%
      0     0   236954.1246   222  1360019.0000      Cuts: 56    32866   82.58%
      0     0   237335.4103   225  1360019.0000      Cuts: 51    33119   82.55%
      0     0   237676.8651   247  1360019.0000      Cuts: 79    33377   82.52%
      0     0   238110.7373   226  1360019.0000      Cuts: 79    33662   82.49%
*     0+    0                      1353931.0000   238110.7373            82.41%
      0     0   238441.3053   223  1353931.0000      Cuts: 44    33905   82.39%
*     0+    0                      1348181.0000   238441.3053            82.31%
*     0+    0                      1347211.0000   238441.3053            82.30%
*     0+    0                      1346272.0000   238441.3053            82.29%
      0     0  -1.00000e+75     0  1346272.0000   238441.3053    33905   82.29%
      0     0   238985.9904   224  1346272.0000      Cuts: 65    34170   82.25%
      0     0   239382.8520   229  1346272.0000      Cuts: 70    34412   82.22%
      0     0   239676.4568   226  1346272.0000      Cuts: 37    34663   82.20%
      0     0   240166.7118   218  1346272.0000      Cuts: 50    35112   82.16%
      0     0   240515.8991   226  1346272.0000      Cuts: 64    35381   82.13%
      0     0   240787.0233   234  1346272.0000      Cuts: 64    35633   82.11%
      0     0   241164.9806   263  1346272.0000      Cuts: 49    35914   82.09%
      0     0   241555.5486   271  1346272.0000     Cuts: 104    36230   82.06%
      0     0   241995.0575   231  1346272.0000      Cuts: 80    36560   82.02%
      0     0   242539.9576   243  1346272.0000     Cuts: 219    36857   81.98%
      0     0   242959.3886   233  1346272.0000      Cuts: 80    37123   81.95%
      0     0   243458.9855   239  1346272.0000      Cuts: 89    37449   81.92%
      0     0   244053.6977   231  1346272.0000     Cuts: 144    37836   81.87%
      0     0   244392.7198   227  1346272.0000      Cuts: 57    38171   81.85%
      0     0   244805.5572   228  1346272.0000      Cuts: 82    38488   81.82%
      0     0   245319.1492   222  1346272.0000      Cuts: 41    38836   81.78%
      0     0   245644.6130   259  1346272.0000  ZeroHalf: 51    39184   81.75%
      0     0   246031.6728   247  1346272.0000  ZeroHalf: 59    39456   81.72%
      0     0   246433.4418   251  1346272.0000      Cuts: 52    39802   81.70%
      0     0   246865.1883   248  1346272.0000     Cuts: 171    40055   81.66%
      0     0   247385.8245   240  1346272.0000     Cuts: 112    40383   81.62%
      0     0   247884.2190   240  1346272.0000      Cuts: 51    40621   81.59%
      0     0   248304.9104   251  1346272.0000      Cuts: 64    40867   81.56%
      0     0   248580.5480   263  1346272.0000      Cuts: 44    41037   81.54%
      0     0   249188.2453   257  1346272.0000      Cuts: 44    41401   81.49%
      0     0   250050.1214   232  1346272.0000      Cuts: 59    41704   81.43%
      0     0   250665.1274   241  1346272.0000     Cuts: 159    41961   81.38%
      0     0   251166.5986   219  1346272.0000      Cuts: 78    42226   81.34%
      0     0   251559.8036   252  1346272.0000      Cuts: 34    42481   81.31%
      0     0   251814.0517   224  1346272.0000     Cuts: 200    42679   81.30%
      0     0   252061.6933   225  1346272.0000      Cuts: 25    42939   81.28%
*     0+    0                      1340432.0000   252061.6933            81.20%
      0     0  -1.00000e+75     0  1340432.0000   252061.6933    42939   81.20%
Detecting symmetries...
      0     2   252061.6933   225  1340432.0000   252061.6933    42939   81.20%
Elapsed time = 89.98 sec. (62916.99 ticks, tree = 0.02 MB, solutions = 11)
      1     3   288719.8133   200  1340432.0000   252063.6571    44015   81.20%
      2     4   335036.4075   229  1340432.0000   252063.6571    45366   81.20%
      4     6   335876.6516   224  1340432.0000   252063.6571    45866   81.20%
      6     8   337741.3804   211  1340432.0000   252063.6571    46422   81.20%
      8     3   252091.7727   235  1340432.0000   252063.6571    43027   81.20%
     11     5   375123.5979   198  1340432.0000   252095.1701    45924   81.19%
*    12+    6                      1339737.0000   252095.1701            81.18%
*    12+    6                      1334151.0000   252095.1701            81.10%
     13    14   376434.2960   199  1334151.0000   252095.1701    48131   81.10%
     17    15   293043.2349   222  1334151.0000   252098.0165    49056   81.10%
     22    18   377295.1586   202  1334151.0000   252098.0165    50121   81.10%
     33    23   373496.0532   202  1334151.0000   252098.0165    52216   81.10%
Elapsed time = 124.90 sec. (67905.86 ticks, tree = 0.12 MB, solutions = 11)
     53    48   550879.2500   108  1334151.0000   252098.0165    58751   81.10%
     98    94   761128.0000    74  1334151.0000   252098.0165    66099   81.10%
    165   148   854364.5000    67  1334151.0000   252098.0165    71841   81.10%
    278   224   900840.5000    54  1334151.0000   252098.0165    81355   81.10%
    400   347   898300.5000    66  1334151.0000   252098.0165    89256   81.10%
    570   456   726362.0000    94  1334151.0000   252098.0165    98483   81.10%
    776   673  1231402.0000    24  1334151.0000   252098.0165   108452   81.10%
    962   779   953094.5000    62  1334151.0000   252098.0165   115646   81.10%
   1170   912  1330376.0000    16  1334151.0000   252098.0165   121230   81.10%
   1361  1297        cutoff        1334151.0000   252280.4210   143276   81.09%
Elapsed time = 173.94 sec. (77514.60 ticks, tree = 358.16 MB, solutions = 13)
   1546  1416  1261463.0000    27  1334151.0000   252388.0452   148499   81.08%
   1720  1554   574960.2500   125  1334151.0000   252388.0452   158173   81.08%

Performing restart 1

Repeating presolve.
Tried aggregator 1 time.
MIP Presolve eliminated 285 rows and 6 columns.
Reduced MIP has 63465 rows, 3768 columns, and 190295 nonzeros.
Reduced MIP has 3768 binaries, 0 generals, 0 SOSs, and 0 indicators.
Presolve time = 0.09 sec. (85.31 ticks)
Tried aggregator 1 time.
Reduced MIP has 63465 rows, 3768 columns, and 190295 nonzeros.
Reduced MIP has 3768 binaries, 0 generals, 0 SOSs, and 0 indicators.
Presolve time = 0.11 sec. (104.68 ticks)
Represolve time = 0.33 sec. (284.18 ticks)
*  1761+    0                      1331739.0000   252388.0452            81.05%
   1761     0   252520.9278   230  1331739.0000      Cuts: 70   173089   81.04%
   1761     0   252823.6915   246  1331739.0000      Cuts: 59   173392   81.02%
   1761     0   253292.9648   251  1331739.0000      Cuts: 98   173715   80.98%
*  1761+    0                      1329805.0000   253292.9648            80.95%
   1761     0  -1.00000e+75     0  1329805.0000   253292.9648   173715   80.95%
   1761     0   253708.7877   250  1329805.0000      Cuts: 94   174005   80.92%
   1761     0   254235.7742   250  1329805.0000      Cuts: 82   174283   80.88%
   1761     0   254590.8035   250  1329805.0000     Cuts: 132   174535   80.86%
   1761     0   255125.5417   238  1329805.0000      Cuts: 97   174845   80.81%
   1761     0   255509.0008   235  1329805.0000      Cuts: 94   175054   80.79%
   1761     0   256044.2655   246  1329805.0000      Cuts: 94   175408   80.75%
   1761     0   256660.3694   243  1329805.0000     Cuts: 129   175827   80.70%
   1761     0   257523.7732   244  1329805.0000      Cuts: 74   176155   80.63%
   1761     0   258049.8016   252  1329805.0000     Cuts: 100   176599   80.59%
   1761     0   258293.6935   250  1329805.0000      Cuts: 47   176833   80.58%
   1761     0   258539.7429   258  1329805.0000      Cuts: 67   177071   80.56%
   1761     0   258907.5372   253  1329805.0000      Cuts: 52   177297   80.53%
   1761     0   259209.7335   252  1329805.0000      Cuts: 61   177571   80.51%
   1761     0   259703.6695   246  1329805.0000      Cuts: 60   177931   80.47%
   1761     0   260060.9225   251  1329805.0000      Cuts: 63   178133   80.44%
   1761     0   260511.6348   250  1329805.0000      Cuts: 35   178334   80.41%
   1761     0   260822.3465   245  1329805.0000      Cuts: 34   178630   80.39%
   1761     0   261086.2189   248  1329805.0000      Cuts: 56   178867   80.37%
   1761     0   261364.7136   251  1329805.0000      Cuts: 48   179067   80.35%
   1761     0   261547.3922   250  1329805.0000      Cuts: 52   179240   80.33%
   1761     0   261933.6188   254  1329805.0000      Cuts: 47   179552   80.30%
   1761     0   262730.2775   253  1329805.0000      Cuts: 63   179901   80.24%
   1761     0   263494.0087   248  1329805.0000      Cuts: 76   180316   80.19%
   1761     0   264022.8142   235  1329805.0000      Cuts: 75   180689   80.15%
   1761     0   264387.4476   246  1329805.0000      Cuts: 83   180954   80.12%
   1761     0   264973.5802   244  1329805.0000      Cuts: 61   181278   80.07%
   1761     0   265394.8958   251  1329805.0000      Cuts: 92   181561   80.04%
   1761     0   265786.3887   252  1329805.0000      Cuts: 68   181832   80.01%
   1761     0   265930.6118   246  1329805.0000  ZeroHalf: 31   181965   80.00%
   1761     0   266220.2277   248  1329805.0000      Cuts: 48   182164   79.98%
   1761     0   266600.7499   239  1329805.0000  ZeroHalf: 64   182448   79.95%
   1761     0   266828.8093   251  1329805.0000      Cuts: 89   182642   79.93%
   1761     0   267159.5165   241  1329805.0000      Cuts: 49   182853   79.91%
   1761     0   267367.5050   246  1329805.0000      Cuts: 39   183079   79.89%
   1761     0   267674.0142   261  1329805.0000      Cuts: 56   183274   79.87%
   1761     0   268001.3704   256  1329805.0000      Cuts: 53   183538   79.85%
   1761     0   268283.9607   261  1329805.0000      Cuts: 47   183828   79.83%
   1761     0   268523.9160   257  1329805.0000      Cuts: 42   184051   79.81%
   1761     0   268904.6504   246  1329805.0000  ZeroHalf: 38   184333   79.78%
   1761     0   269322.5142   260  1329805.0000      Cuts: 75   184637   79.75%
   1761     0   269889.5592   252  1329805.0000      Cuts: 84   184988   79.70%
   1761     0   270412.0771   244  1329805.0000      Cuts: 51   185290   79.67%
   1761     0   271162.3241   247  1329805.0000      Cuts: 78   185685   79.61%
   1761     0   271808.8295   245  1329805.0000      Cuts: 70   186030   79.56%
   1761     0   272331.7873   269  1329805.0000      Cuts: 72   186433   79.52%
   1761     0   272825.3448   274  1329805.0000      Cuts: 60   186781   79.48%
   1761     0   273246.1330   279  1329805.0000      Cuts: 82   187054   79.45%
   1761     0   273737.2881   270  1329805.0000      Cuts: 63   187295   79.42%
   1761     0   274082.3207   276  1329805.0000  ZeroHalf: 59   187529   79.39%
   1761     0   274546.4785   251  1329805.0000      Cuts: 83   187829   79.35%
   1761     0   274895.4319   277  1329805.0000      Cuts: 68   188073   79.33%
   1761     0   275165.9645   274  1329805.0000      Cuts: 57   188322   79.31%
   1761     0   275583.4655   268  1329805.0000      Cuts: 50   188589   79.28%
   1761     0   276068.3240   283  1329805.0000      Cuts: 64   188910   79.24%
   1761     0   276334.6517   286  1329805.0000      Cuts: 74   189165   79.22%
   1761     0   276531.5670   280  1329805.0000      Cuts: 42   189352   79.21%
   1761     0   276858.4110   246  1329805.0000      Cuts: 54   189606   79.18%
   1761     0   277095.1660   275  1329805.0000      Cuts: 41   189819   79.16%
   1761     0   277414.7373   275  1329805.0000      Cuts: 77   190112   79.14%
   1761     0   277611.0949   278  1329805.0000      Cuts: 61   190394   79.12%
   1761     0   277798.9388   277  1329805.0000      Cuts: 31   190590   79.11%
   1761     0   277992.8568   286  1329805.0000      Cuts: 47   190767   79.10%
   1761     0   278236.7154   252  1329805.0000      Cuts: 43   191000   79.08%
   1761     0   278537.1886   277  1329805.0000      Cuts: 40   191288   79.05%
   1761     0   278885.6953   289  1329805.0000      Cuts: 73   191596   79.03%
   1761     0   279182.1688   281  1329805.0000      Cuts: 45   191837   79.01%
   1761     0   279374.6994   284  1329805.0000      Cuts: 36   192016   78.99%
   1761     0   279607.1045   257  1329805.0000      Cuts: 56   192213   78.97%
   1761     0   279810.9057   279  1329805.0000  ZeroHalf: 43   192450   78.96%
   1761     0   280052.9031   273  1329805.0000      Cuts: 66   192696   78.94%
   1761     0   280249.2241   289  1329805.0000      Cuts: 48   192908   78.93%
   1761     0   280599.8289   281  1329805.0000      Cuts: 43   193190   78.90%
   1761     0   280954.2147   277  1329805.0000      Cuts: 66   193465   78.87%
   1761     0   281220.0116   282  1329805.0000      Cuts: 43   193693   78.85%
   1761     0   281514.3274   279  1329805.0000      Cuts: 70   193935   78.83%
   1761     0   281713.6135   282  1329805.0000      Cuts: 60   194091   78.82%
   1761     0   281979.0492   254  1329805.0000      Cuts: 73   194268   78.80%
   1761     0   282150.5171   278  1329805.0000      Cuts: 42   194423   78.78%
   1761     0   282420.2034   304  1329805.0000      Cuts: 45   194695   78.76%
   1761     0   282693.1837   280  1329805.0000  ZeroHalf: 57   194966   78.74%
   1761     0   282983.5164   300  1329805.0000  ZeroHalf: 52   195245   78.72%
   1761     0   283358.6479   300  1329805.0000      Cuts: 50   195588   78.69%
   1761     0   283588.1331   300  1329805.0000      Cuts: 55   195822   78.67%
   1761     0   283759.2345   301  1329805.0000      Cuts: 38   196017   78.66%
   1761     0   283837.8196   300  1329805.0000  ZeroHalf: 27   196152   78.66%
   1761     0   284170.7466   292  1329805.0000      Cuts: 33   196463   78.63%
   1761     0   284341.7352   292  1329805.0000      Cuts: 43   196652   78.62%
*  1761+    0                      1328561.0000   284341.7352            78.60%
   1761     2   284341.7352   292  1328561.0000   284341.7352   196652   78.60%
   1762     3   284421.1604   291  1328561.0000   284433.5698   196759   78.59%
   1763     3   303924.5896   260  1328561.0000   284433.5698   196932   78.59%
   1764     4   284542.1795   295  1328561.0000   284545.4716   196880   78.58%
   1766     4   306334.0559   252  1328561.0000   284545.4716   197702   78.58%
   1768     9   304105.3505   262  1328561.0000   284545.4716   198458   78.58%
   1774     6   284586.2343   262  1328561.0000   284586.5287   197260   78.58%
*  1777+    5                      1327824.0000   284669.8669            78.56%
   1782     8   307215.9556   263  1327824.0000   284737.0499   198645   78.56%
Elapsed time = 405.91 sec. (173689.75 ticks, tree = 0.02 MB, solutions = 16)
   1787    18   284830.4309   258  1327824.0000   284737.0499   200539   78.56%
   1795    24   285437.9144   270  1327824.0000   284737.0499   201337   78.56%
   1806    32   305383.5267   227  1327824.0000   284737.0499   202639   78.56%
   1819    40   308476.7461   258  1327824.0000   284737.0499   203629   78.56%
   1846    59   306369.9536   226  1327824.0000   284737.0499   208209   78.56%
   1870    67   307668.6217   221  1327824.0000   284737.0499   208699   78.56%
   1888   104   341406.5499   198  1327824.0000   284737.0499   213783   78.56%
   1918   138   329798.1240   224  1327824.0000   284737.0499   219997   78.56%
   1931   155   331015.5517   201  1327824.0000   284737.0499   221752   78.56%
   1949   156   367513.5004   207  1327824.0000   284737.0499   222485   78.56%
Elapsed time = 459.31 sec. (183767.37 ticks, tree = 30.35 MB, solutions = 17)
   1980   195   311954.3772   206  1327824.0000   284737.0499   229492   78.56%
   2011   202   313877.0312   194  1327824.0000   284737.0499   230159   78.56%
   2034   241   314021.8598   222  1327824.0000   284737.0499   242878   78.56%
   2063   168   330151.7541   220  1327824.0000   284737.0499   226520   78.56%
   2093   271   331676.1498   215  1327824.0000   284737.0499   253954   78.56%
   2129   286   318559.6383   249  1327824.0000   284737.0499   260350   78.56%
   2152   298   294978.6501   240  1327824.0000   284737.0499   265187   78.56%
   2194   322   330164.4701   219  1327824.0000   284737.0499   270454   78.56%
   2220   380   309865.1886   225  1327824.0000   284737.0499   281372   78.56%
   2283   395   322102.2075   258  1327824.0000   284737.0499   284871   78.56%
Elapsed time = 563.77 sec. (193683.83 ticks, tree = 62.75 MB, solutions = 17)
   2311   406   332037.4358   212  1327824.0000   284737.0499   287998   78.56%
   2336   515   339390.4679   187  1327824.0000   284737.0499   308338   78.56%
   2364   541   305216.6454   213  1327824.0000   284737.0499   317595   78.56%
   2406   432   337145.3009   202  1327824.0000   284737.0499   293386   78.56%
   2456   551   342648.7363   196  1327824.0000   284737.0499   314057   78.56%
   2489   600   343912.4214   194  1327824.0000   284737.0499   332802   78.56%
   2529   695   322013.6247   195  1327824.0000   284737.0499   344812   78.56%
   2548   676   328665.6543   225  1327824.0000   284737.0499   343094   78.56%
   2575   643   348990.5089   187  1327824.0000   284737.0499   336599   78.56%
   2606   798   338156.4392   240  1327824.0000   284737.0499   357886   78.56%
Elapsed time = 684.59 sec. (203477.70 ticks, tree = 149.49 MB, solutions = 17)
   2629   776   350856.4194   212  1327824.0000   284737.0499   356724   78.56%
   2653   780   351259.6061   216  1327824.0000   284737.0499   356907   78.56%
   2677   815   326021.9513   213  1327824.0000   284737.0499   361457   78.56%
   2705   854   367903.8135   216  1327824.0000   284737.0499   367593   78.56%
   2730   846   359112.5736   190  1327824.0000   284737.0499   367573   78.56%
   2771   865   353858.5077   237  1327824.0000   284737.0499   369222   78.56%
   2823   926   330100.4231   167  1327824.0000   284737.0499   378313   78.56%
   2848   972   344042.2983   217  1327824.0000   284737.0499   386624   78.56%
   2884   981   371061.3348   226  1327824.0000   284737.0499   387541   78.56%
   2926   990   347767.4425   251  1327824.0000   284737.0499   388333   78.56%
Elapsed time = 802.69 sec. (213272.14 ticks, tree = 212.00 MB, solutions = 17)
   2974  1105   364844.0145   246  1327824.0000   284737.0499   400293   78.56%
   3044  1121   367556.6428   202  1327824.0000   284737.0499   401026   78.56%
   3085  1174   325612.0071   220  1327824.0000   284737.0499   408375   78.56%
   3144  1244   367511.3385   242  1327824.0000   284737.0499   413055   78.56%
   3240  1295   383007.3797   242  1327824.0000   284737.0499   420959   78.56%
   3285  1346   356933.2179   244  1327824.0000   284737.0499   425836   78.56%
   3330  1351   371572.0756   177  1327824.0000   284737.0499   424730   78.56%
   3383  1323   385295.7062   196  1327824.0000   284737.0499   422292   78.56%
   3433  1526   377598.4160   199  1327824.0000   284737.0499   436606   78.56%
   3477  1583   374207.6178   175  1327824.0000   284737.0499   440310   78.56%
Elapsed time = 921.12 sec. (222945.67 ticks, tree = 505.86 MB, solutions = 17)
   3515  1569   387820.3576   213  1327824.0000   284737.0499   439279   78.56%
   3551  1712   382452.7516   187  1327824.0000   284737.0499   453617   78.56%
   3611  1711   390889.6643   202  1327824.0000   284737.0499   452618   78.56%
   3674  1693   361411.0580   247  1327824.0000   284737.0499   450621   78.56%
   3727  1752   388058.9595   198  1327824.0000   284737.0499   458582   78.56%
   3763  1837   365942.1681   249  1327824.0000   284737.0499   461898   78.56%
   3816  1974   401179.5625   199  1327824.0000   284737.0499   471451   78.56%
   3894  1899   405785.0765   169  1327824.0000   284737.0499   467778   78.56%
   3955  2035   377634.7089   256  1327824.0000   284737.0499   473911   78.56%
   3999  2117   401577.5906   240  1327824.0000   284737.0499   479237   78.56%
Elapsed time = 1032.04 sec. (232729.65 ticks, tree = 771.66 MB, solutions = 17)
   4068  2195   409031.4782   189  1327824.0000   284737.0499   483677   78.56%
   4105  2209   408686.6374   192  1327824.0000   284737.0499   484587   78.56%
   4162  2288   403958.4324   240  1327824.0000   284737.0499   490033   78.56%
   4224  2326   386517.0114   227  1327824.0000   284737.0499   494172   78.56%
   4265  2324   345796.8374   188  1327824.0000   284737.0499   493340   78.56%
   4330  2422   418883.7727   184  1327824.0000   284737.0499   500080   78.56%
   4400  2434   422620.4882   194  1327824.0000   284737.0499   500675   78.56%
   4482  2524   465914.0081   199  1327824.0000   284737.0499   506051   78.56%
   4532  2554   430403.3120   204  1327824.0000   284737.0499   508103   78.56%
   4768  2929   538966.9321   185  1327824.0000   284737.0499   532082   78.56%
Elapsed time = 1171.55 sec. (245367.55 ticks, tree = 1168.57 MB, solutions = 17)
   5002  3141   568064.2872   151  1327824.0000   284737.0499   545461   78.56%
   5332  3417   461103.3144   153  1327824.0000   284737.0499   560922   78.56%
   5654  3701   540009.5872   195  1327824.0000   284737.0499   575381   78.56%
   5946  3901   550666.1593   165  1327824.0000   284737.0499   586592   78.56%
   6242  4283   453881.0700   190  1327824.0000   284737.0499   604202   78.56%
   6500  4580   453587.8907   180  1327824.0000   284737.0499   620309   78.56%
   6876  4923   750432.5434   176  1327824.0000   284737.0499   639060   78.56%
   7232  5044   727540.1547   184  1327824.0000   284737.0499   644020   78.56%
   7611  5304   633580.0108   122  1327824.0000   284737.0499   656524   78.56%
   8029  5841  1060708.1667   102  1327824.0000   284737.0499   675212   78.56%
Elapsed time = 1592.86 sec. (283629.76 ticks, tree = 2606.48 MB, solutions = 17)
Nodefile size = 528.75 MB (349.97 MB after compression)
   8626  6096   883637.2500    92  1327824.0000   284737.0499   687907   78.56%
   9198  6566  1034331.6875   157  1327824.0000   284737.0499   700010   78.56%
*  9561+ 7381                      1322003.0000   284737.0499            78.46%
   9675  7485   356153.2431   178  1322003.0000   284737.0499   724635   78.46%
  10046  7983  1092704.3333   131  1322003.0000   284737.0499   734539   78.46%
  10380  8230  1125879.6667   143  1322003.0000   285710.0623   757104   78.39%
  10623  8634   354436.4040   214  1322003.0000   288067.9036   799990   78.21%
  10891  8801   325301.4503   243  1322003.0000   289004.3367   816082   78.14%
  11058  9121   425927.5395   198  1322003.0000   289004.3367   860556   78.14%
  11263  9349   479829.8307   182  1322003.0000   289004.3367   895566   78.14%
  11520  9494   598734.5959   160  1322003.0000   289004.3367   914362   78.14%
Elapsed time = 2016.62 sec. (321951.29 ticks, tree = 4407.50 MB, solutions = 18)
Nodefile size = 2336.03 MB (1552.13 MB after compression)
  11760  9650   430354.9628   237  1322003.0000   289004.3367   938191   78.14%
  12100  9997   765193.6667   105  1322003.0000   289004.3367   976093   78.14%
  12558 10190   912118.0000    98  1322003.0000   289004.3367   985435   78.14%
  12998 10447   881791.0000   153  1322003.0000   289004.3367  1005240   78.14%
  13470 11142  1166087.6500   124  1322003.0000   289004.3367  1038439   78.14%
  13990 11587  1232457.0000    74  1322003.0000   289004.3367  1066906   78.14%
  14373 11961   633577.7778   159  1322003.0000   289012.9534  1091959   78.14%
  14787 12356   511779.7111   228  1322003.0000   289012.9534  1110616   78.14%
  15203 12770   839217.0833   131  1322003.0000   289012.9534  1128162   78.14%
  15760 13104   871746.4286   129  1322003.0000   289012.9534  1154845   78.14%
Elapsed time = 2442.85 sec. (360163.07 ticks, tree = 6052.25 MB, solutions = 18)
Nodefile size = 3950.02 MB (2621.74 MB after compression)
  16106 13908   684296.7501   190  1322003.0000   289729.9522  1205345   78.08%
  16319 14263   991771.0000    78  1322003.0000   289740.9267  1219581   78.08%
  16425 14307   639576.7099   173  1322003.0000   289740.9267  1226473   78.08%
  16557 14585   792327.3705   156  1322003.0000   289740.9267  1261419   78.08%
  16772 14612   867746.7500   112  1322003.0000   289865.9180  1269591   78.07%
  17050 14916   940246.8750   101  1322003.0000   289865.9180  1309253   78.07%
  17356 15126  1071524.6667   114  1322003.0000   290033.8719  1322137   78.06%
  17515 15381   365688.8235   233  1322003.0000   290033.8719  1352109   78.06%
  17692 15517   487456.6061   168  1322003.0000   290033.8719  1374068   78.06%
  17992 15784   451662.2552   236  1322003.0000   290033.8719  1393264   78.06%
Elapsed time = 2783.50 sec. (398509.55 ticks, tree = 7149.85 MB, solutions = 18)
Nodefile size = 5085.11 MB (3308.06 MB after compression)
  18134 15915   611472.8258   148  1322003.0000   291617.0883  1416492   77.94%
  18244 16299   752996.9048   136  1322003.0000   293870.5313  1453802   77.77%
  18481 16421   427559.2066   197  1322003.0000   293870.5313  1470282   77.77%
  18701 16459   452928.4143   217  1322003.0000   293870.5313  1473694   77.77%
  18977 16708   436391.3710   246  1322003.0000   295965.7190  1497824   77.61%
* 19201+16867                      1320303.0000   296295.0333            77.56%
  19282 16941   317047.9075   208  1320303.0000   296295.0333  1528142   77.56%
  19546 17053   387367.8085   228  1320303.0000   296295.0333  1542356   77.56%
  19662 17377   316262.8217   236  1320303.0000   296295.0333  1566936   77.56%
  19795 17879   366403.9899   221  1320303.0000   297939.2529  1624746   77.43%
  19982 17805   448603.9689   270  1320303.0000   300643.8888  1612944   77.23%
Elapsed time = 3179.74 sec. (436790.80 ticks, tree = 7728.39 MB, solutions = 19)
Nodefile size = 5665.02 MB (3674.13 MB after compression)
  20243 18144   428110.2641   221  1320303.0000   300643.8888  1656847   77.23%
Starting limited solution polishing.
  20549 18265   414872.4891   228  1320303.0000   300643.8888  1670776   77.23%
* 20802+18591                      1320247.0000   301478.9876            77.16%
  20844 18534   453735.3149   227  1320247.0000   301478.9876  1694111   77.16%
  21068 18956   473280.1165   261  1320247.0000   301589.0916  1733736   77.16%
  21204 19060   351269.9293   223  1320247.0000   303077.0393  1744518   77.04%
* 21244+18922                      1319737.0000   303462.3433            77.01%
  21300 19182   375109.7546   213  1319737.0000   303462.3433  1756062   77.01%
  21406 19329   366619.5890   209  1319737.0000   303462.3433  1775039   77.01%
* 21409+18977                      1314379.0000   303462.3433            76.91%
  21539 19451   385005.5229   209  1314379.0000   303586.6868  1790618   76.90%
  21662 19552   411920.7753   218  1314379.0000   303586.6868  1803638   76.90%
  21765 19618   400313.2499   204  1314379.0000   303586.6868  1813010   76.90%
Elapsed time = 3493.67 sec. (475062.90 ticks, tree = 8353.30 MB, solutions = 22)
Nodefile size = 6289.23 MB (4070.38 MB after compression)
* 21896+19634                      1313787.0000   303698.3593            76.88%
* 21898+19634                      1313768.0000   303698.3593            76.88%
* 21901+19634                      1312987.0000   303698.3593            76.87%
  21941 19739   447680.1268   205  1312987.0000   303698.3593  1822074   76.87%
* 22143+19844                      1308919.0000   303698.3593            76.80%
  22178 20055   424429.2884   241  1308919.0000   303698.3593  1852930   76.80%
* 22188+19844                      1306785.0000   303698.3593            76.76%
* 22193+19844                      1288098.0000   303698.3593            76.42%
  22368 19944   454021.0357   249  1288098.0000   303698.3593  1843984   76.42%
  22585 20017   348704.0219   207  1288098.0000   303980.9365  1864146   76.40%
* 22596+20064                      1287648.0000   303980.9365            76.39%

Implied bound cuts applied:  529
Zero-half cuts applied:  403
Lift and project cuts applied:  11

Root node processing (before b&c):
  Real time             =   89.89 sec. (62807.20 ticks)
Parallel b&c, 8 threads:
  Real time             = 3512.73 sec. (431047.95 ticks)
  Sync time (average)   =  705.42 sec.
  Wait time (average)   =    0.01 sec.
                          ------------
Total (root+branch&cut) = 3602.62 sec. (493855.15 ticks)
Status: Feasible
Obj: 1287648

Instalacoes abertas:
Instalação 0 aberta
Instalação 1 aberta
Instalação 2 aberta
Instalação 4 aberta
Instalação 5 aberta
Instalação 8 aberta
Instalação 9 aberta
Instalação 12 aberta
Instalação 13 aberta
Instalação 16 aberta
Instalação 18 aberta
Instalação 19 aberta
Instalação 20 aberta
Instalação 21 aberta
Instalação 22 aberta
Instalação 24 aberta
Instalação 25 aberta
Instalação 28 aberta
Instalação 30 aberta
Instalação 31 aberta
Instalação 34 aberta
Instalação 35 aberta
Instalação 39 aberta
Instalação 41 aberta
Instalação 42 aberta
Instalação 43 aberta
Instalação 46 aberta
Instalação 47 aberta
Instalação 49 aberta

Atribuições (cliente -> instalação):
Cliente 0 -> Instalação 0
Cliente 1 -> Instalação 1
Cliente 2 -> Instalação 2
Cliente 3 -> Instalação 39
Cliente 4 -> Instalação 4
Cliente 5 -> Instalação 31
Cliente 6 -> Instalação 20
Cliente 7 -> Instalação 18
Cliente 8 -> Instalação 16
Cliente 9 -> Instalação 49
Cliente 10 -> Instalação 24
Cliente 11 -> Instalação 22
Cliente 12 -> Instalação 12
Cliente 13 -> Instalação 30
Cliente 14 -> Instalação 25
Cliente 15 -> Instalação 8
Cliente 16 -> Instalação 35
Cliente 17 -> Instalação 34
Cliente 18 -> Instalação 18
Cliente 19 -> Instalação 19
Cliente 20 -> Instalação 20
Cliente 21 -> Instalação 21
Cliente 22 -> Instalação 8
Cliente 23 -> Instalação 39
Cliente 24 -> Instalação 16
Cliente 25 -> Instalação 25
Cliente 26 -> Instalação 4
Cliente 27 -> Instalação 28
Cliente 28 -> Instalação 5
Cliente 29 -> Instalação 47
Cliente 30 -> Instalação 30
Cliente 31 -> Instalação 35
Cliente 32 -> Instalação 1
Cliente 33 -> Instalação 31
Cliente 34 -> Instalação 47
Cliente 35 -> Instalação 9
Cliente 36 -> Instalação 13
Cliente 37 -> Instalação 19
Cliente 38 -> Instalação 46
Cliente 39 -> Instalação 49
Cliente 40 -> Instalação 13
Cliente 41 -> Instalação 41
Cliente 42 -> Instalação 42
Cliente 43 -> Instalação 43
Cliente 44 -> Instalação 9
Cliente 45 -> Instalação 8
Cliente 46 -> Instalação 46
Cliente 47 -> Instalação 0
Cliente 48 -> Instalação 22
Cliente 49 -> Instalação 34
