Version identifier: 22.1.1.0 | 2022-11-28 | 9160aff4d
CPXPARAM_TimeLimit                               3600
Tried aggregator 1 time.
MIP Presolve eliminated 50 rows and 1 columns.
Reduced MIP has 39250 rows, 3284 columns, and 117650 nonzeros.
Reduced MIP has 3284 binaries, 0 generals, 0 SOSs, and 0 indicators.
Presolve time = 0.06 sec. (53.93 ticks)
Found incumbent of value 3.0324730e+07 after 0.07 sec. (68.77 ticks)
Probing time = 0.02 sec. (7.02 ticks)
Tried aggregator 1 time.
Detecting symmetries...
Reduced MIP has 39250 rows, 3284 columns, and 117650 nonzeros.
Reduced MIP has 3284 binaries, 0 generals, 0 SOSs, and 0 indicators.
Presolve time = 0.07 sec. (65.35 ticks)
Probing time = 0.03 sec. (7.18 ticks)
Clique table members: 2500.
MIP emphasis: balance optimality and feasibility.
MIP search method: dynamic search.
Parallel mode: deterministic, using up to 8 threads.
Root relaxation solution time = 0.14 sec. (57.73 ticks)

        Nodes                                         Cuts/
   Node  Left     Objective  IInf  Best Integer    Best Bound    ItCnt     Gap

*     0+    0                       3.03247e+07        0.0000           100.00%
*     0+    0                       2.28210e+07        0.0000           100.00%
*     0+    0                      1052893.0000        0.0000           100.00%
*     0+    0                       961988.0000        0.0000           100.00%
      0     0    93774.0000   100   961988.0000    93774.0000      177   90.25%
      0     0   106217.5000   100   961988.0000    Cuts: 1930      369   88.96%
*     0+    0                       809564.0000   106217.5000            86.88%
      0     0   118774.0000    98   809564.0000    Cuts: 1890      637   85.33%
*     0+    0                       574690.0000   118774.0000            79.33%
      0     0   131103.0294   218   574690.0000 ZeroHalf: 841     1944   77.19%
*     0+    0                       560078.0000   131103.0294            76.59%
      0     0  -1.00000e+75     0   560078.0000   131103.0294     1944   76.59%
      0     0   136781.8885   223   560078.0000 ZeroHalf: 942     2751   75.58%
      0     0   142698.5858   181   560078.0000     Cuts: 914     3328   74.52%
Detecting symmetries...
      0     0   148902.6148   182   560078.0000     Cuts: 497     4050   73.41%
      0     0   153115.7187   175   560078.0000     Cuts: 301     4633   72.66%
      0     0   156007.2044   212   560078.0000     Cuts: 249     5043   72.15%
      0     0   158467.0532   202   560078.0000     Cuts: 564     5477   71.71%
      0     0   160651.6272   183   560078.0000     Cuts: 314     5999   71.32%
      0     0   162871.4191   198   560078.0000     Cuts: 139     6509   70.92%
*     0+    0                       558347.0000   162871.4191            70.83%
      0     0   163969.3124   231   558347.0000      Cuts: 92     6821   70.63%
*     0+    0                       523636.0000   163969.3124            68.69%
      0     0  -1.00000e+75     0   523636.0000   163969.3124     6821   68.69%
      0     0   164986.1496   203   523636.0000     Cuts: 207     7105   68.49%
      0     0   166657.4023   175   523636.0000     Cuts: 337     7632   68.17%
      0     0   167252.0406   182   523636.0000      Cuts: 86     7843   68.06%
      0     0   168461.0034   198   523636.0000      Cuts: 51     8141   67.83%
      0     0   169073.2595   202   523636.0000     Cuts: 124     8369   67.71%
      0     0   169685.3051   201   523636.0000      Cuts: 43     8615   67.59%
      0     0   170107.3260   205   523636.0000      Cuts: 69     8822   67.51%
      0     0   170543.1592   205   523636.0000      Cuts: 65     8986   67.43%
      0     0   171163.6757   179   523636.0000     Cuts: 242     9234   67.31%
      0     0   171732.0853   183   523636.0000      Cuts: 60     9536   67.20%
      0     0   172317.6717   207   523636.0000      Cuts: 57     9725   67.09%
      0     0   172812.4495   210   523636.0000     Cuts: 222     9891   67.00%
      0     0   173222.9403   218   523636.0000     Cuts: 137    10058   66.92%
*     0+    0                       520661.0000   173222.9403            66.73%
      0     0   173810.5484   208   520661.0000      Cuts: 93    10298   66.62%
      0     0   174398.0115   210   520661.0000     Cuts: 177    10593   66.50%
      0     0   174770.8053   245   520661.0000      Cuts: 45    10825   66.43%
      0     0   174972.5757   208   520661.0000      Cuts: 64    10933   66.39%
      0     0   175315.9954   211   520661.0000     Cuts: 160    11141   66.33%
      0     0   175593.0952   212   520661.0000      Cuts: 52    11327   66.27%
      0     0   175845.2568   208   520661.0000      Cuts: 32    11468   66.23%
      0     0   176063.1911   216   520661.0000      Cuts: 56    11606   66.18%
      0     0   176466.2100   210   520661.0000      Cuts: 26    11821   66.11%
      0     0   176768.9823   210   520661.0000      Cuts: 76    12074   66.05%
      0     0   176934.2010   213   520661.0000      Cuts: 43    12192   66.02%
      0     0   177299.8275   204   520661.0000      Cuts: 90    12352   65.95%
      0     0   177512.9670   208   520661.0000      Cuts: 67    12490   65.91%
      0     0   177973.6556   207   520661.0000      Cuts: 41    12731   65.82%
      0     0   179205.2781   195   520661.0000      Cuts: 96    13134   65.58%
      0     0   179982.2729   205   520661.0000     Cuts: 148    13420   65.43%
      0     0   180466.7856   199   520661.0000      Cuts: 80    13695   65.34%
      0     0   180876.8698   210   520661.0000      Cuts: 95    13897   65.26%
      0     0   181241.2615   205   520661.0000      Cuts: 36    14097   65.19%
      0     0   181869.3185   205   520661.0000      Cuts: 79    14302   65.07%
      0     0   182208.7270   202   520661.0000      Cuts: 78    14467   65.00%
      0     0   182550.7438   200   520661.0000      Cuts: 46    14659   64.94%
      0     0   182971.2592   195   520661.0000      Cuts: 70    14909   64.86%
      0     0   183208.2487   206   520661.0000     Cuts: 110    15162   64.81%
      0     0   183426.5108   205   520661.0000      Cuts: 44    15353   64.77%
      0     0   183846.8471   202   520661.0000      Cuts: 52    15589   64.69%
      0     0   184187.7940   232   520661.0000      Cuts: 48    15824   64.62%
      0     0   184397.2902   226   520661.0000     Cuts: 109    15947   64.58%
      0     0   184695.5136   198   520661.0000     Cuts: 107    16110   64.53%
      0     0   184894.9573   210   520661.0000      Cuts: 54    16301   64.49%
      0     0   185099.0176   228   520661.0000      Cuts: 80    16464   64.45%
      0     0   185313.9333   212   520661.0000      Cuts: 51    16630   64.41%
      0     0   185472.7087   214   520661.0000      Cuts: 30    16758   64.38%
      0     0   185723.7687   209   520661.0000      Cuts: 28    16913   64.33%
      0     0   185900.1010   217   520661.0000      Cuts: 58    17082   64.30%
      0     0   186043.3304   208   520661.0000      Cuts: 39    17176   64.27%
      0     0   186287.3045   215   520661.0000      Cuts: 36    17344   64.22%
      0     0   186570.8765   217   520661.0000      Cuts: 55    17527   64.17%
      0     0   186788.6307   233   520661.0000      Cuts: 35    17681   64.12%
      0     0   186888.9797   234   520661.0000      Cuts: 43    17802   64.11%
      0     0   187012.1337   235   520661.0000      Cuts: 36    17903   64.08%
Detecting symmetries...
      0     2   187012.1337   235   520661.0000   187012.1337    17903   64.08%
Elapsed time = 22.80 sec. (17012.71 ticks, tree = 0.02 MB, solutions = 10)
      5     5   187300.2583   200   520661.0000   187012.7265    18200   64.08%
      8    10   213806.7241   174   520661.0000   187300.4117    20609   64.03%
     18    14   210493.6859   176   520661.0000   187309.5665    23218   64.02%
     23    24   206057.1371   167   520661.0000   187309.5665    26312   64.02%
     31    29   215087.2151   160   520661.0000   187309.5665    28475   64.02%
*    35+    5                       520067.0000   187309.5665            63.98%
     37    33   256115.1667   105   520067.0000   187309.5665    30185   63.98%
     45    46   289552.4375   118   520067.0000   187309.5665    34611   63.98%
*    55+    6                       502393.0000   187309.5665            62.72%
     59    58   294171.5000   113   502393.0000   187309.5665    37914   62.72%
*    60+    6                       499456.0000   187309.5665            62.50%
*    62+    6                       493987.0000   187309.5665            62.08%
     75    64   223546.4874   186   493987.0000   189333.7679    40072   61.67%
    177   142   420868.2500   106   493987.0000   189333.7679    53376   61.67%
Elapsed time = 40.87 sec. (20211.61 ticks, tree = 3.00 MB, solutions = 13)
    301   255   432494.0000    81   493987.0000   189333.7679    69527   61.67%
    419   361   465695.2500    73   493987.0000   189333.7679    85152   61.67%
    497   418   224334.7704   166   493987.0000   189333.7679   104287   61.67%
    559   472   276146.2500   132   493987.0000   189333.7679   120597   61.67%
    629   554   427588.0000    76   493987.0000   189333.7679   142788   61.67%
    781   657   448324.0000    79   493987.0000   189333.7679   170059   61.67%
    914   811   403033.5744   122   493987.0000   189333.7679   192272   61.67%
   1060   909   419912.7500    84   493987.0000   192830.7935   211451   60.96%
   1203  1026   218073.1365   181   493987.0000   193413.7526   225091   60.85%
   1294  1136   371453.9655   181   493987.0000   197900.7826   243593   59.94%
Elapsed time = 100.87 sec. (29847.24 ticks, tree = 63.44 MB, solutions = 15)
   1389  1243   274580.1625   202   493987.0000   198419.6734   263987   59.83%
   1538  1317   443913.5754   176   493987.0000   198419.6734   277626   59.83%
   1655  1422   427059.2500    80   493987.0000   198419.6734   289679   59.83%
   1740  1490   199809.8946   198   493987.0000   198436.9743   297419   59.83%

Performing restart 1

Repeating presolve.
Tried aggregator 1 time.
MIP Presolve eliminated 1591 rows and 68 columns.
Reduced MIP has 37659 rows, 3216 columns, and 112877 nonzeros.
Reduced MIP has 3216 binaries, 0 generals, 0 SOSs, and 0 indicators.
Presolve time = 0.06 sec. (53.85 ticks)
Tried aggregator 1 time.
Reduced MIP has 37659 rows, 3216 columns, and 112877 nonzeros.
Reduced MIP has 3216 binaries, 0 generals, 0 SOSs, and 0 indicators.
Presolve time = 0.07 sec. (64.80 ticks)
Represolve time = 0.20 sec. (170.42 ticks)
*  1742+    0                       493193.0000   198436.9743            59.76%
   1742     0   187095.9237   241   493193.0000      Cuts: 37   320738   59.76%
   1742     0   187516.8314   245   493193.0000      Cuts: 64   321097   59.76%
   1742     0   188008.6224   218   493193.0000      Cuts: 64   321403   59.76%
   1742     0   188612.6110   217   493193.0000      Cuts: 99   321730   59.76%
   1742     0   189205.3605   213   493193.0000      Cuts: 68   321951   59.76%
   1742     0   189634.3188   215   493193.0000      Cuts: 65   322171   59.76%
   1742     2   189634.3188   215   493193.0000   198436.9743   322171   59.76%
   1745     3   212653.4514   222   493193.0000   198436.9743   323090   59.76%
   1750     9   191136.0558   212   493193.0000   198436.9743   326049   59.76%
   1761    17   208299.4623   200   493193.0000   198436.9743   330366   59.76%
   1794    34   217363.0787   181   493193.0000   198436.9743   339568   59.76%
   1836    64   193242.4252   204   493193.0000   198436.9743   355608   59.76%
Elapsed time = 192.56 sec. (56041.22 ticks, tree = 0.77 MB, solutions = 16)
   1880   114   221696.3312   204   493193.0000   198436.9743   370722   59.76%
   1928   112   219477.4584   200   493193.0000   198436.9743   369793   59.76%
   1974   180   204405.8988   193   493193.0000   198436.9743   387464   59.76%
   2011   217   238658.8819   199   493193.0000   198436.9743   397662   59.76%
   2034   268   264344.0000    90   493193.0000   198436.9743   407594   59.76%
   2055   280   225337.3031   215   493193.0000   198436.9743   411060   59.76%
   2093   295   265399.6214   158   493193.0000   198436.9743   415150   59.76%
   2148   359   293684.9883   133   493193.0000   198436.9743   427532   59.76%
   2195   397   277829.4440   153   493193.0000   198436.9743   434019   59.76%
   2244   411   283598.8894   169   493193.0000   198436.9743   436570   59.76%
Elapsed time = 285.14 sec. (66152.74 ticks, tree = 8.30 MB, solutions = 16)
   2317   479   293742.5664   163   493193.0000   198436.9743   446316   59.76%
   2361   570   268621.0758   186   493193.0000   198436.9743   456220   59.76%
   2415   610   291035.3214   142   493193.0000   198436.9743   460306   59.76%
   2497   654   270408.6551   193   493193.0000   198436.9743   466639   59.76%
   2569   666   274848.7443   187   493193.0000   198436.9743   468120   59.76%
   2635   765   323377.2452   161   493193.0000   198436.9743   479998   59.76%
   2698   889   305355.5283   167   493193.0000   198436.9743   491622   59.76%
   2753   877   303907.6670   189   493193.0000   198436.9743   491215   59.76%
   2813  1020   312034.1469   167   493193.0000   198436.9743   505958   59.76%
   2883   984   315266.6667   161   493193.0000   198436.9743   502351   59.76%
Elapsed time = 363.73 sec. (75973.50 ticks, tree = 10.55 MB, solutions = 16)
   2970  1044   322009.4586   150   493193.0000   198436.9743   507643   59.76%
   3023  1124   350438.3750   138   493193.0000   198436.9743   514484   59.76%
   3097  1273   350826.0000   182   493193.0000   198436.9743   528414   59.76%
   3186  1309   339260.2381   158   493193.0000   198436.9743   534334   59.76%
   3286  1346   412154.6250   100   493193.0000   198436.9743   536739   59.76%
   3366  1434   340007.0000   146   493193.0000   198436.9743   544096   59.76%
   3481  1532   364271.0000   155   493193.0000   198436.9743   552460   59.76%
   3598  1702   362402.4800   168   493193.0000   198436.9743   564365   59.76%
   3691  1774   420463.6389   159   493193.0000   198436.9743   568027   59.76%
   3779  1766   389062.8141   172   493193.0000   198436.9743   568157   59.76%
Elapsed time = 439.71 sec. (85602.18 ticks, tree = 14.81 MB, solutions = 16)
   3882  2002   439268.9643   140   493193.0000   198436.9743   586988   59.76%
   4002  2006   457907.1667   115   493193.0000   198436.9743   586682   59.76%
   4074  2036   311840.2000   148   493193.0000   198436.9743   597431   59.76%

Performing restart 2

Repeating presolve.
Tried aggregator 1 time.
MIP Presolve eliminated 82 rows and 3 columns.
Reduced MIP has 37577 rows, 3213 columns, and 147044 nonzeros.
Reduced MIP has 3213 binaries, 0 generals, 0 SOSs, and 0 indicators.
Presolve time = 0.14 sec. (124.04 ticks)
Tried aggregator 1 time.
Reduced MIP has 37577 rows, 3213 columns, and 147044 nonzeros.
Reduced MIP has 3213 binaries, 0 generals, 0 SOSs, and 0 indicators.
Presolve time = 0.13 sec. (107.29 ticks)
Represolve time = 0.35 sec. (298.43 ticks)
   4080     0   190922.2089   220   493193.0000      Cuts: 59   620585   59.76%
   4080     0   191271.8696   242   493193.0000      Cuts: 55   620723   59.76%
   4080     0   191569.7402   243   493193.0000      Cuts: 88   620928   59.76%
   4080     0   191788.9864   248   493193.0000      Cuts: 72   621058   59.76%
   4080     0   191892.8858   221   493193.0000      Cuts: 80   621177   59.76%
   4080     0   192331.7207   240   493193.0000      Cuts: 73   621396   59.76%
   4080     0   192985.5358   215   493193.0000      Cuts: 93   621657   59.76%
   4080     0   193389.4060   214   493193.0000      Cuts: 77   621865   59.76%
   4080     2   193389.4060   214   493193.0000   198436.9743   621865   59.76%
   4090    11   252449.0556   168   493193.0000   198436.9743   624932   59.76%
   4113    26   210760.8029   208   493193.0000   198436.9743   633869   59.76%
   4166    66   347498.6111    86   493193.0000   198436.9743   650222   59.76%
   4255   132   322971.4773   153   493193.0000   198436.9743   671975   59.76%
   4359   208   463899.5000    63   493193.0000   198436.9743   686210   59.76%
   4488   342   380920.5000    80   493193.0000   198436.9743   715860   59.76%
Elapsed time = 516.33 sec. (107723.83 ticks, tree = 3.90 MB, solutions = 16)
   4583   418   254287.0107   154   493193.0000   198436.9743   730676   59.76%
   4672   472   368661.5000    81   493193.0000   198436.9743   742515   59.76%
   4762   591   445457.5000    61   493193.0000   198436.9743   773588   59.76%
   4864   674   412773.1667    87   493193.0000   198436.9743   796349   59.76%
   4990   731   342733.5600   126   493193.0000   198436.9743   811793   59.76%
   5063   819   291542.0333   150   493193.0000   198436.9743   833576   59.76%
   5169   896   345683.0000    81   493193.0000   198436.9743   853296   59.76%
   5230   951   224552.1808   200   493193.0000   198436.9743   869592   59.76%
   5324  1024        cutoff         493193.0000   198436.9743   884196   59.76%
   5411  1141   314712.8955   163   493193.0000   198890.9474   912500   59.67%
Elapsed time = 592.01 sec. (117337.98 ticks, tree = 15.24 MB, solutions = 16)
   5484  1224   393253.6368   142   493193.0000   198890.9474   926539   59.67%
   5559  1292   419161.2632   138   493193.0000   198890.9474   944137   59.67%
   5638  1342   304176.1589   215   493193.0000   198890.9474   958621   59.67%
   5726  1407   286950.3747   219   493193.0000   198890.9474   970512   59.67%
   5819  1483   220639.6351   213   493193.0000   198890.9474   983262   59.67%
   5882  1617   222879.8357   199   493193.0000   199062.0353  1008689   59.64%
   5952  1672   364939.3203   171   493193.0000   199062.0353  1022198   59.64%
   6017  1743   268323.8689   200   493193.0000   202141.5525  1040711   59.01%
   6072  1808   399947.6602   202   493193.0000   202141.5525  1061441   59.01%
   6108  1817   412397.0138   175   493193.0000   202141.5525  1063072   59.01%
Elapsed time = 667.76 sec. (127030.02 ticks, tree = 22.03 MB, solutions = 16)
   6153  1900   370556.0560   164   493193.0000   202141.5525  1089412   59.01%
   6214  1926   438554.2680   201   493193.0000   202141.5525  1097822   59.01%
   6283  1945   438264.8619   148   493193.0000   202141.5525  1102903   59.01%
   6369  2071   429301.0200   220   493193.0000   202141.5525  1133054   59.01%
   6454  2105   425645.4536   150   493193.0000   202141.5525  1139627   59.01%
   6548  2229   379504.2678   186   493193.0000   202463.6809  1164069   58.95%
   6625  2274   483307.1557   152   493193.0000   202463.6809  1171314   58.95%
   6685  2340   233753.6778   171   493193.0000   202463.6809  1190496   58.95%
   6759  2463   278334.5652   180   493193.0000   202710.9634  1216279   58.90%
   7054  2683   349442.0820   150   493193.0000   202929.4021  1270441   58.85%
Elapsed time = 765.59 sec. (139564.02 ticks, tree = 32.25 MB, solutions = 16)
   7350  2997   448709.3849   165   493193.0000   203866.2563  1342299   58.66%
   7656  3283   468064.6250   115   493193.0000   204064.2917  1404958   58.62%
   7974  3510   267961.8988   179   493193.0000   204997.4336  1463430   58.43%
   8331  3857   354807.2602   136   493193.0000   204997.4336  1534565   58.43%
   8636  4144   456677.3333   131   493193.0000   208468.4302  1602531   57.73%
   8978  4508   235568.9445   180   493193.0000   210706.5592  1702621   57.28%
   9228  4699   376263.1739   159   493193.0000   211487.7380  1756707   57.12%
   9578  5000   328256.6935   150   493193.0000   212104.2217  1822308   56.99%
   9920  5413   280394.4216   169   493193.0000   212859.0376  1907683   56.84%
  10268  5728   362846.6845   170   493193.0000   214260.6798  1971738   56.56%
Elapsed time = 1068.75 sec. (177835.25 ticks, tree = 50.40 MB, solutions = 16)
  10611  6027   358395.4225   158   493193.0000   215338.7211  2042074   56.34%
  10959  6237   439367.1250   144   493193.0000   215358.8242  2087241   56.33%
  11315  6705   303430.2107   185   493193.0000   216902.1251  2191491   56.02%
  11655  6952   368929.8062   219   493193.0000   217716.0103  2245078   55.86%
  12041  7396   295935.8541   166   493193.0000   218317.8373  2337194   55.73%
* 12324+ 7653                       490999.0000   218317.8373            55.54%
  12439  7629   465579.8846   135   490999.0000   218317.8373  2381715   55.54%
* 12626+ 7763                       490306.0000   218392.8985            55.46%
  12877  7924        cutoff         490306.0000   219293.8704  2430427   55.27%
  13334  8475   271923.6136   139   490306.0000   220153.5162  2516352   55.10%
  13732  8804   460805.0762   157   490306.0000   220555.5868  2555221   55.02%
  14169  9166   440890.4572   179   490306.0000   221360.8583  2606581   54.85%
Elapsed time = 1384.45 sec. (216110.95 ticks, tree = 407.36 MB, solutions = 18)
  14661  9506   341217.2400   135   490306.0000   222112.6933  2651552   54.70%
  15047 10114   484505.6980   124   490306.0000   222554.9687  2722394   54.61%
  15526 10381   476943.7429   121   490306.0000   222584.3428  2762031   54.60%
  15906 10759   350948.3333   131   490306.0000   223210.2939  2813072   54.48%
  16339 11147   248559.3375   168   490306.0000   223507.4930  2871376   54.41%
  16778 11499   397658.0000    74   490306.0000   224069.9884  2922853   54.30%
  17270 11793   406278.3088   130   490306.0000   224157.8239  2965581   54.28%
  17706 12407   471865.2941   130   490306.0000   224920.2407  3048106   54.13%
  18187 12810   412873.5557   167   490306.0000   225060.7445  3103769   54.10%
  18660 13280   392876.0000    77   490306.0000   225394.6615  3155034   54.03%
Elapsed time = 1689.53 sec. (254364.66 ticks, tree = 1127.76 MB, solutions = 18)
  19035 13835   321503.5915   166   490306.0000   225835.6526  3223393   53.94%
  19451 14178   435884.4902   182   490306.0000   225963.2423  3281533   53.91%
  19866 14407   473295.6000   112   490306.0000   226772.8669  3304082   53.75%
* 19929+14807                       488056.0000   226772.8669            53.54%
* 19933+14807                       478462.0000   226772.8669            52.60%
  20241 14255   240353.9448   197   478462.0000   226772.8669  3390713   52.60%
* 20584+14367                       475899.0000   227139.2213            52.27%
  20592 14477   317949.3284   146   475899.0000   227139.2213  3420430   52.27%
* 20890+14367                       470817.0000   227793.3303            51.62%
  20997 14847   370857.9722   181   470817.0000   227793.3303  3485054   51.62%
  21437 14402   454356.6974   139   470817.0000   228132.3845  3503427   51.55%
  21854 15135   350135.2904   187   470817.0000   228610.7176  3602110   51.44%
  22337 15181   456356.4400   129   470817.0000   228721.1044  3608487   51.42%
  22744 16076   395158.4012   167   470817.0000   229002.8562  3717503   51.36%
Elapsed time = 1974.10 sec. (292578.15 ticks, tree = 1668.01 MB, solutions = 23)
  23140 16360   420492.4025   180   470817.0000   229348.7402  3759075   51.29%
  23565 16468   438479.5755   150   470817.0000   229640.1541  3773929   51.23%
  23926 16905   320737.0580   163   470817.0000   229748.2407  3842435   51.20%
  24327 17253   283234.7809   173   470817.0000   229901.9694  3896296   51.17%
  24807 17828   414665.0907   159   470817.0000   230053.3611  3973827   51.14%
  25303 18032   356647.8688   154   470817.0000   230368.3431  4001891   51.07%
  25726 18313   377417.0342   174   470817.0000   230690.3425  4031724   51.00%
  26144 18927   387080.4821   146   470817.0000   230835.2254  4109335   50.97%
  26570 19509   325973.9564   170   470817.0000   231004.3920  4189544   50.94%
  27050 19744   384085.3499   199   470817.0000   231049.3768  4222358   50.93%
Elapsed time = 2275.52 sec. (330818.28 ticks, tree = 2275.28 MB, solutions = 23)
Nodefile size = 210.06 MB (127.05 MB after compression)
  27438 20014   357447.0668   161   470817.0000   231067.5912  4250145   50.92%
* 27560+20135                       468401.0000   231308.1599            50.62%
* 27665+20135                       467301.0000   231308.1599            50.50%
* 27695+20134                       463236.0000   231308.1599            50.07%
  27781 20682   461993.1250   131   463236.0000   231456.1974  4337776   50.03%
  28178 20132   248015.8865   176   463236.0000   231756.4259  4360982   49.97%
  28559 20737   390552.1460   167   463236.0000   231829.4650  4460265   49.95%
  29030 20797   356620.5584   141   463236.0000   232038.3051  4467358   49.91%
  29511 21280   288470.8402   198   463236.0000   232038.3051  4533071   49.91%
  29959 21518   310132.0231   154   463236.0000   232537.4954  4557507   49.80%
  30373 22265   251423.8954   154   463236.0000   232818.5012  4654368   49.74%
  30824 22731   346598.5872   194   463236.0000   232818.5012  4715303   49.74%
  31182 22979   289827.8265   178   463236.0000   233347.1402  4749405   49.63%
Elapsed time = 2569.67 sec. (369048.49 ticks, tree = 2806.92 MB, solutions = 26)
Nodefile size = 748.47 MB (453.06 MB after compression)
  31600 23397   357198.0000    79   463236.0000   233381.6400  4804051   49.62%
  32145 23721        cutoff         463236.0000   233381.6400  4845052   49.62%
  32551 24282   336970.1461   178   463236.0000   233655.2581  4930220   49.56%
  32935 24558   423382.1381   160   463236.0000   234154.1748  4964369   49.45%
  33339 24824   416012.5000   127   463236.0000   234584.4723  4992055   49.36%
  33740 25435   309826.1935   182   463236.0000   234665.3118  5077792   49.34%
  34209 25607   441384.7488   170   463236.0000   234756.5818  5106989   49.32%
  34599 25847   382957.5664   153   463236.0000   234909.3529  5145223   49.29%
  35070 26424   308114.7398   168   463236.0000   235102.2043  5231842   49.25%
  35540 27129   435707.7880   152   463236.0000   235212.8025  5322159   49.22%
Elapsed time = 2877.01 sec. (407247.80 ticks, tree = 3562.73 MB, solutions = 26)
Nodefile size = 1496.73 MB (904.36 MB after compression)
* 35874+26951                       463052.0000   235294.2001            49.19%
  35893 27419   268762.7903   166   463052.0000   235294.2001  5361041   49.19%
  36235 27627   418465.0081   128   463052.0000   235320.9014  5390658   49.18%
  36641 27958   378776.6762   136   463052.0000   235416.9911  5429702   49.16%
  37168 28572   457255.2375   153   463052.0000   235501.8153  5507077   49.14%
  37632 28729   320281.5535   172   463052.0000   235726.6589  5527269   49.09%
  38112 29052   382149.0000    80   463052.0000   235878.3480  5562980   49.06%
  38508 29778   400618.0000    87   463052.0000   236104.8081  5650044   49.01%
  38986 30378   383157.7827   162   463052.0000   236221.0045  5726444   48.99%
  39384 30234   444357.7053   169   463052.0000   236378.6268  5707590   48.95%
  39822 31120   386887.0833   173   463052.0000   236534.8212  5835434   48.92%
Elapsed time = 3166.46 sec. (445473.81 ticks, tree = 4365.68 MB, solutions = 27)
Nodefile size = 2298.28 MB (1389.25 MB after compression)
  40295 30974   360209.8256   146   463052.0000   236815.6567  5821115   48.86%
  40811 31474   374538.0000   113   463052.0000   237014.3910  5881977   48.81%
Starting limited solution polishing.
  41174 32541   300373.1560   177   463052.0000   237096.0543  6007810   48.80%
* 41530+32789                       461892.0000   237271.1958            48.63%
  41533 32932   323945.7591   159   461892.0000   237271.1958  6059577   48.63%
  41886 32910   413466.2500    98   461892.0000   237271.1958  6071490   48.63%
  42197 33258   446737.5000    73   461892.0000   237282.0717  6114000   48.63%
* 42311+33006                       461817.0000   237282.0717            48.62%
  42427 33554   366432.0417   197   461817.0000   237364.7109  6152845   48.60%
* 42612+33354                       461237.0000   237364.7109            48.54%
  42753 33669   320772.8551   172   461237.0000   237364.7109  6169570   48.54%
* 42762+33583                       460378.0000   237364.7109            48.44%
  43076 33862   353833.1630   197   460378.0000   237726.3684  6206402   48.36%
* 43174+33963                       460303.0000   237726.3684            48.35%
  43308 33936   426447.1436   189   460303.0000   237726.3684  6241112   48.35%
Elapsed time = 3443.69 sec. (483702.14 ticks, tree = 5016.26 MB, solutions = 33)
Nodefile size = 2934.13 MB (1775.68 MB after compression)
  43591 34221   331918.4569   166   460303.0000   237833.8355  6281831   48.33%
* 43753+34052                       459486.0000   237833.8355            48.24%
  43924 34191   426277.0653   177   459486.0000   237833.8355  6273280   48.24%
  44230 34647   260309.1303   161   459486.0000   237879.8133  6344073   48.23%
* 44392+34468                       458884.0000   237879.8133            48.16%
  44499 35192   327517.5079   218   458884.0000   237880.9697  6422448   48.16%
  44796 35128   332244.0462   170   458884.0000   237880.9697  6419557   48.16%
* 45056+35283                       451231.0000   238056.2462            47.24%
  45175 35615   445758.2090   119   451231.0000   238056.2462  6467299   47.24%
* 45208+35480                       446352.0000   238056.2462            46.67%
  45426 34567   323461.0000    89   446352.0000   238173.0938  6512415   46.64%
  45628 35665   337387.0000   173   446352.0000   238173.0938  6476332   46.64%

Zero-half cuts applied:  370
Lift and project cuts applied:  178

Root node processing (before b&c):
  Real time             =   22.75 sec. (16946.05 ticks)
Parallel b&c, 8 threads:
  Real time             = 3579.37 sec. (499221.82 ticks)
  Sync time (average)   =  468.13 sec.
  Wait time (average)   =    0.01 sec.
                          ------------
Total (root+branch&cut) = 3602.12 sec. (516167.88 ticks)
Status: Feasible
Obj: 446352

Instalacoes abertas:
Instalação 0 aberta
Instalação 1 aberta
Instalação 4 aberta
Instalação 8 aberta
Instalação 9 aberta
Instalação 13 aberta
Instalação 16 aberta
Instalação 19 aberta
Instalação 20 aberta
Instalação 22 aberta
Instalação 25 aberta
Instalação 39 aberta
Instalação 47 aberta

Atribuições (cliente -> instalação):
Cliente 0 -> Instalação 0
Cliente 1 -> Instalação 47
Cliente 2 -> Instalação 47
Cliente 3 -> Instalação 9
Cliente 4 -> Instalação 4
Cliente 5 -> Instalação 4
Cliente 6 -> Instalação 47
Cliente 7 -> Instalação 16
Cliente 8 -> Instalação 0
Cliente 9 -> Instalação 20
Cliente 10 -> Instalação 16
Cliente 11 -> Instalação 47
Cliente 12 -> Instalação 39
Cliente 13 -> Instalação 13
Cliente 14 -> Instalação 1
Cliente 15 -> Instalação 19
Cliente 16 -> Instalação 16
Cliente 17 -> Instalação 9
Cliente 18 -> Instalação 9
Cliente 19 -> Instalação 8
Cliente 20 -> Instalação 1
Cliente 21 -> Instalação 0
Cliente 22 -> Instalação 22
Cliente 23 -> Instalação 13
Cliente 24 -> Instalação 0
Cliente 25 -> Instalação 25
Cliente 26 -> Instalação 0
Cliente 27 -> Instalação 25
Cliente 28 -> Instalação 8
Cliente 29 -> Instalação 4
Cliente 30 -> Instalação 9
Cliente 31 -> Instalação 9
Cliente 32 -> Instalação 4
Cliente 33 -> Instalação 39
Cliente 34 -> Instalação 20
Cliente 35 -> Instalação 8
Cliente 36 -> Instalação 8
Cliente 37 -> Instalação 22
Cliente 38 -> Instalação 9
Cliente 39 -> Instalação 39
Cliente 40 -> Instalação 16
Cliente 41 -> Instalação 13
Cliente 42 -> Instalação 20
Cliente 43 -> Instalação 8
Cliente 44 -> Instalação 8
Cliente 45 -> Instalação 1
Cliente 46 -> Instalação 47
Cliente 47 -> Instalação 4
Cliente 48 -> Instalação 20
Cliente 49 -> Instalação 8
