Version identifier: 22.1.1.0 | 2022-11-28 | 9160aff4d
CPXPARAM_TimeLimit                               3600
Tried aggregator 1 time.
MIP Presolve eliminated 50 rows and 1 columns.
Reduced MIP has 44850 rows, 3396 columns, and 134450 nonzeros.
Reduced MIP has 3396 binaries, 0 generals, 0 SOSs, and 0 indicators.
Presolve time = 0.06 sec. (60.66 ticks)
Found incumbent of value 3.5324801e+07 after 0.08 sec. (77.53 ticks)
Probing time = 0.03 sec. (7.34 ticks)
Tried aggregator 1 time.
Detecting symmetries...
Reduced MIP has 44850 rows, 3396 columns, and 134450 nonzeros.
Reduced MIP has 3396 binaries, 0 generals, 0 SOSs, and 0 indicators.
Presolve time = 0.08 sec. (73.65 ticks)
Probing time = 0.03 sec. (7.41 ticks)
Clique table members: 2500.
MIP emphasis: balance optimality and feasibility.
MIP search method: dynamic search.
Parallel mode: deterministic, using up to 8 threads.
Root relaxation solution time = 0.17 sec. (66.48 ticks)

        Nodes                                         Cuts/
   Node  Left     Objective  IInf  Best Integer    Best Bound    ItCnt     Gap

*     0+    0                       3.53248e+07        0.0000           100.00%
*     0+    0                       2.74016e+07        0.0000           100.00%
*     0+    0                      1473106.0000        0.0000           100.00%
*     0+    0                      1283865.0000        0.0000           100.00%
      0     0    93774.0000   100  1283865.0000    93774.0000      185   92.70%
*     0+    0                      1039098.0000    93774.0000            90.98%
      0     0   106217.5000   100  1039098.0000    Cuts: 2084      490   89.78%
      0     0   118774.0000    98  1039098.0000    Cuts: 2152      776   88.57%
      0     0   131095.2778   149  1039098.0000 ZeroHalf: 799     2138   87.38%
*     0+    0                       830702.0000   131095.2778            84.22%
      0     0  -1.00000e+75     0   830702.0000   131095.2778     2138   84.22%
      0     0   138019.7279   219   830702.0000 ZeroHalf: 878     2908   83.39%
      0     0   145727.8043   182   830702.0000     Cuts: 777     3725   82.46%
Detecting symmetries...
      0     0   151556.7169   184   830702.0000     Cuts: 457     4689   81.76%
      0     0   156479.3462   204   830702.0000     Cuts: 353     5270   81.16%
*     0+    0                       640190.0000   156479.3462            75.56%
      0     0   159253.0295   218   640190.0000     Cuts: 515     5753   75.12%
      0     0   162520.1832   171   640190.0000     Cuts: 525     6334   74.61%
      0     0   164855.1931   188   640190.0000     Cuts: 152     6831   74.25%
      0     0   167202.4119   172   640190.0000      Cuts: 71     7261   73.88%
      0     0   169091.9859   209   640190.0000     Cuts: 142     7648   73.59%
      0     0   170254.4019   198   640190.0000      Cuts: 81     7960   73.41%
      0     0   171193.7937   189   640190.0000     Cuts: 289     8281   73.26%
      0     0   172151.9285   195   640190.0000      Cuts: 83     8691   73.11%
*     0+    0                       625613.0000   172151.9285            72.48%
*     0+    0                       624787.0000   172151.9285            72.45%
      0     0   173472.0278   203   624787.0000     Cuts: 149     9000   72.24%
*     0+    0                       620985.0000   173472.0278            72.07%
*     0+    0                       620159.0000   173472.0278            72.03%
      0     0   174589.6581   203   620159.0000      Cuts: 62     9402   71.85%
      0     0   175151.7350   207   620159.0000      Cuts: 93     9596   71.76%
      0     0   175940.5819   205   620159.0000      Cuts: 66     9831   71.63%
      0     0   176605.0609   207   620159.0000     Cuts: 150    10169   71.52%
      0     0   177041.8587   215   620159.0000      Cuts: 80    10451   71.45%
      0     0   177554.0403   240   620159.0000  ZeroHalf: 51    10657   71.37%
      0     0   177930.8791   235   620159.0000      Cuts: 37    10883   71.31%
      0     0   178681.9897   241   620159.0000      Cuts: 70    11192   71.19%
      0     0   179267.6955   230   620159.0000      Cuts: 45    11444   71.09%
      0     0   179738.1445   207   620159.0000     Cuts: 126    11691   71.02%
      0     0   179999.5031   210   620159.0000     Cuts: 170    11844   70.98%
      0     0   180281.0595   207   620159.0000      Cuts: 48    12025   70.93%
      0     0   180603.9730   210   620159.0000     Cuts: 138    12229   70.88%
      0     0   181169.4892   203   620159.0000      Cuts: 88    12508   70.79%
      0     0   181636.9227   210   620159.0000      Cuts: 51    12724   70.71%
      0     0   182418.2203   206   620159.0000      Cuts: 73    12975   70.59%
      0     0   182966.9087   215   620159.0000      Cuts: 99    13238   70.50%
      0     0   183442.3319   209   620159.0000      Cuts: 83    13456   70.42%
      0     0   183796.4555   212   620159.0000      Cuts: 94    13682   70.36%
      0     0   184107.6196   214   620159.0000      Cuts: 84    13909   70.31%
      0     0   185057.5923   205   620159.0000     Cuts: 137    14224   70.16%
      0     0   185832.6088   214   620159.0000      Cuts: 67    14515   70.03%
      0     0   186418.9970   235   620159.0000      Cuts: 67    14798   69.94%
      0     0   186938.1482   233   620159.0000      Cuts: 94    15103   69.86%
      0     0   187267.7131   232   620159.0000      Cuts: 53    15286   69.80%
      0     0   187438.0212   204   620159.0000     Cuts: 130    15477   69.78%
      0     0   187698.8411   204   620159.0000     Cuts: 110    15661   69.73%
      0     0   188096.7665   207   620159.0000     Cuts: 107    15938   69.67%
      0     0   188444.9428   211   620159.0000      Cuts: 65    16183   69.61%
      0     0   188745.3859   206   620159.0000      Cuts: 39    16395   69.57%
      0     0   189032.4477   214   620159.0000      Cuts: 93    16628   69.52%
      0     0   189238.5212   211   620159.0000      Cuts: 74    16750   69.49%
      0     0   189428.2533   228   620159.0000      Cuts: 53    16943   69.45%
      0     0   189645.9256   220   620159.0000  ZeroHalf: 27    17060   69.42%
      0     0   189878.2394   247   620159.0000      Cuts: 95    17240   69.38%
      0     0   190182.5927   233   620159.0000  ZeroHalf: 31    17378   69.33%
      0     0   190668.7845   203   620159.0000      Cuts: 60    17674   69.25%
      0     0   190965.7783   241   620159.0000      Cuts: 70    17911   69.21%
      0     0   191160.9850   244   620159.0000      Cuts: 54    18069   69.18%
      0     0   191350.6363   211   620159.0000      Cuts: 63    18226   69.14%
      0     0   191538.4309   244   620159.0000      Cuts: 45    18439   69.11%
      0     0   191776.3179   204   620159.0000      Cuts: 73    18566   69.08%
      0     0   192025.2995   215   620159.0000      Cuts: 89    18753   69.04%
      0     0   192165.5704   246   620159.0000      Cuts: 41    18893   69.01%
      0     0   192277.2144   209   620159.0000      Cuts: 37    19038   69.00%
      0     0   192489.5739   243   620159.0000      Cuts: 67    19261   68.96%
      0     0   192679.2579   246   620159.0000  ZeroHalf: 43    19468   68.93%
      0     0   192781.9079   252   620159.0000      Cuts: 74    19607   68.91%
Detecting symmetries...
      0     2   192781.9079   252   620159.0000   192781.9079    19607   68.91%
Elapsed time = 26.60 sec. (19969.56 ticks, tree = 0.02 MB, solutions = 11)
      2     3   209760.5533   213   620159.0000   192782.1444    20332   68.91%
      5     6   208864.4202   197   620159.0000   192862.2759    21472   68.90%
     15    14   235062.4943   157   620159.0000   193045.8705    24703   68.87%
     20    15   214817.9651   196   620159.0000   193045.8705    25315   68.87%
     26    25   231364.8777   170   620159.0000   193045.8705    28504   68.87%
*    33+    5                       616704.0000   193045.8705            68.70%
     34    26   217711.9930   199   616704.0000   193045.8705    29736   68.70%
*    36+    5                       614517.0000   193045.8705            68.59%
     39    36   227245.5560   176   614517.0000   193571.0723    33259   68.50%
     47    42   247312.4993   181   614517.0000   193571.0723    35727   68.50%
     53    41   228769.1314   174   614517.0000   194556.4122    35131   68.34%
     96    88   350088.0000    86   614517.0000   197474.9590    52409   67.87%
Elapsed time = 47.47 sec. (23475.31 ticks, tree = 4.46 MB, solutions = 13)
    169   143   284195.7500   107   614517.0000   197474.9590    67347   67.87%
    305   276   260686.5601   171   614517.0000   197474.9590    87144   67.87%
*   401+  360                       610503.0000   197474.9590            67.65%
*   414   370      integral     0   581407.0000   197474.9590   103485   66.03%
*   436   363      integral     0   578239.0000   197474.9590   103655   65.85%
    460   362   205940.0895   205   578239.0000   197474.9590   103816   65.85%
    622   483   383887.2500   110   578239.0000   197474.9590   120977   65.85%
    749   593   415477.2500    94   578239.0000   197474.9590   138740   65.85%
    828   754   459898.1667    99   578239.0000   197474.9590   163699   65.85%
    909   785   247275.3005   169   578239.0000   197474.9590   177402   65.85%
    973   849   231687.4724   160   578239.0000   197474.9590   191128   65.85%
   1022   902   285693.1768   154   578239.0000   197474.9590   211875   65.85%
   1126   976   356890.7500   108   578239.0000   197474.9590   225538   65.85%
Elapsed time = 117.31 sec. (33122.24 ticks, tree = 34.53 MB, solutions = 16)
   1263  1056   358659.0000    90   578239.0000   197474.9590   243240   65.85%
   1431  1178   519540.5000    70   578239.0000   197474.9590   265109   65.85%
   1547  1388   343166.0833   145   578239.0000   197474.9590   293213   65.85%
   1641  1443   246838.6738   205   578239.0000   197474.9590   306831   65.85%

Performing restart 1

Repeating presolve.
Tried aggregator 1 time.
MIP Presolve eliminated 1215 rows and 45 columns.
Reduced MIP has 43635 rows, 3351 columns, and 130805 nonzeros.
Reduced MIP has 3351 binaries, 0 generals, 0 SOSs, and 0 indicators.
Presolve time = 0.06 sec. (61.20 ticks)
Tried aggregator 1 time.
Reduced MIP has 43635 rows, 3351 columns, and 130805 nonzeros.
Reduced MIP has 3351 binaries, 0 generals, 0 SOSs, and 0 indicators.
Presolve time = 0.07 sec. (74.09 ticks)
Represolve time = 0.20 sec. (194.35 ticks)
*  1717+    0                       568935.0000   200481.2199            64.76%
   1717     0   193001.1447   254   568935.0000      Cuts: 68   337597   64.76%
   1717     0   193180.6141   261   568935.0000      Cuts: 58   337828   64.76%
   1717     0   193356.2233   252   568935.0000      Cuts: 65   337980   64.76%
*  1717+    0                       567318.0000   200481.2199            64.66%
   1717     0  -1.00000e+75     0   567318.0000   200481.2199   337980   64.66%
*  1717+    0                       566617.0000   200481.2199            64.62%
   1717     0   193670.7819   248   566617.0000      Cuts: 72   338285   64.62%
   1717     0   194026.8054   219   566617.0000      Cuts: 82   338551   64.62%
   1717     0   194354.5815   215   566617.0000      Cuts: 94   338749   64.62%
   1717     0   194611.0130   248   566617.0000      Cuts: 77   338989   64.62%
   1717     2   194611.0130   248   566617.0000   200481.2199   338989   64.62%
   1719     4   194911.9103   229   566617.0000   200481.2199   339177   64.62%
   1720     5   195092.7371   233   566617.0000   200481.2199   339398   64.62%
   1724     9   195991.7016   230   566617.0000   200481.2199   340000   64.62%
   1740    15   208062.2331   185   566617.0000   200481.2199   343381   64.62%
   1765    21   197975.0544   227   566617.0000   200481.2199   348427   64.62%
Elapsed time = 229.79 sec. (60487.76 ticks, tree = 0.39 MB, solutions = 19)
   1818    63   219044.4386   199   566617.0000   200481.2199   369451   64.62%
   1868   102   205169.5817   220   566617.0000   200481.2199   378237   64.62%
   1875   143   227387.0796   187   566617.0000   200481.2199   387397   64.62%
   1886   152   220073.6596   182   566617.0000   200481.2199   389721   64.62%
   1915   157   223980.6250   207   566617.0000   200481.2199   391439   64.62%
   1948   195   228913.2618   205   566617.0000   200481.2199   400835   64.62%
   1980   237   212970.0837   210   566617.0000   200481.2199   413423   64.62%
   2002   250   236318.0864   196   566617.0000   200481.2199   415878   64.62%
   2036   255   215124.9480   212   566617.0000   200481.2199   417081   64.62%
   2067   337   246478.3349   184   566617.0000   200481.2199   434896   64.62%
Elapsed time = 327.56 sec. (70622.79 ticks, tree = 9.10 MB, solutions = 19)
   2084   346   218697.7826   211   566617.0000   200481.2199   437354   64.62%
   2117   348   243364.2696   198   566617.0000   200481.2199   437791   64.62%
   2158   390   233491.8529   186   566617.0000   200481.2199   448920   64.62%
   2216   453   240664.7320   201   566617.0000   200481.2199   459498   64.62%
   2280   468   250706.3006   202   566617.0000   200481.2199   460442   64.62%
   2346   486   291960.9385   166   566617.0000   200481.2199   461660   64.62%
   2400   595   298184.5125   174   566617.0000   200481.2199   473508   64.62%
   2443   601   299481.6085   166   566617.0000   200481.2199   474057   64.62%
   2497   707   312801.7941   142   566617.0000   200481.2199   480901   64.62%
   2578   649   288388.3664   194   566617.0000   200481.2199   477637   64.62%
Elapsed time = 431.79 sec. (80572.10 ticks, tree = 76.07 MB, solutions = 19)
   2667   787   295725.9858   184   566617.0000   200481.2199   487969   64.62%
   2732   782   298511.7014   159   566617.0000   200481.2199   486960   64.62%
   2800  1003   301874.8631   191   566617.0000   200481.2199   498837   64.62%
   2860   903   314771.0833   162   566617.0000   200481.2199   493377   64.62%
   2943  1105   322167.7500    96   566617.0000   200481.2199   503040   64.62%
   3027  1119   335531.2917   154   566617.0000   200481.2199   503636   64.62%
   3131  1313   336970.8000   150   566617.0000   200481.2199   514485   64.62%
   3215  1292   280562.5520   135   566617.0000   200481.2199   514552   64.62%
   3284  1473   355434.2417   143   566617.0000   200481.2199   522491   64.62%
   3392  1500   350898.0435   160   566617.0000   200481.2199   523191   64.62%
Elapsed time = 519.77 sec. (90216.64 ticks, tree = 364.33 MB, solutions = 19)
   3489  1630   357159.5000   146   566617.0000   200481.2199   530647   64.62%
   3623  1674   389845.2727   148   566617.0000   200481.2199   532291   64.62%
   3720  1854   368639.9427   159   566617.0000   200481.2199   539765   64.62%
   3852  1784   427388.1667   130   566617.0000   200481.2199   536863   64.62%
   3974  1956   414416.3235   144   566617.0000   200481.2199   542593   64.62%
   4073  2153   428334.1364   152   566617.0000   200481.2199   547042   64.62%
   4185  2178   495328.1667   127   566617.0000   200481.2199   547683   64.62%
   4310  2433   451067.2500    88   566617.0000   200481.2199   554540   64.62%
   4446  2509   473618.5355   163   566617.0000   200481.2199   558507   64.62%
   4550  2576   494687.2500   114   566617.0000   200481.2199   559702   64.62%
Elapsed time = 604.62 sec. (99877.78 ticks, tree = 729.07 MB, solutions = 19)
   4680  2597   264738.0884   164   566617.0000   200481.2199   563521   64.62%
   4811  2930   430752.3333   145   566617.0000   200481.2199   580984   64.62%
   4924  2890   266278.6250   146   566617.0000   200481.2199   582593   64.62%
   5048  3176   466633.4048   136   566617.0000   200481.2199   597346   64.62%
   5134  3207   526880.0833   141   566617.0000   200481.2199   598123   64.62%
   5233  3258   304889.0385   128   566617.0000   200481.2199   617245   64.62%
   5322  3368   419112.5000   120   566617.0000   203903.5362   622806   64.01%
   5383  3414   433498.5000   108   566617.0000   206772.5492   627771   63.51%
   5468  3554   451239.4706   135   566617.0000   206772.5492   643220   63.51%
   5575  3583   278926.9898   151   566617.0000   206772.5492   652833   63.51%
Elapsed time = 695.49 sec. (109564.99 ticks, tree = 1011.42 MB, solutions = 19)
   5703  3732   458825.5714   120   566617.0000   206772.5492   668879   63.51%
   5857  3751   491911.3667   118   566617.0000   206772.5492   670079   63.51%
   6027  3768   338744.7500   128   566617.0000   206772.5492   673820   63.51%
   6163  4030   550699.2500    79   566617.0000   206772.5492   690743   63.51%
   6342  4310   460661.4583   157   566617.0000   206772.5492   707278   63.51%
   6496  4443   462073.2500    83   566617.0000   206810.6556   713371   63.50%
   6651  4514   562657.4000   136   566617.0000   206810.6556   714626   63.50%
   6724  4742   499928.3814   166   566617.0000   206810.6556   728544   63.50%
   6824  4812   531499.5093   138   566617.0000   206810.6556   735249   63.50%
   6915  4831   545987.0031   147   566617.0000   206810.6556   735785   63.50%
Elapsed time = 778.97 sec. (119173.82 ticks, tree = 1431.07 MB, solutions = 19)
   6997  5073   250443.2414   216   566617.0000   207609.9460   757733   63.36%
   7091  5015   418988.0000   122   566617.0000   207609.9460   749358   63.36%
   7173  5142   421370.1000   130   566617.0000   207609.9460   763707   63.36%
   7293  5163   429985.6250   140   566617.0000   207609.9460   764680   63.36%
   7410  5391   439039.1538   125   566617.0000   207609.9460   784221   63.36%
   7542  5373   316330.7880   191   566617.0000   207609.9460   784818   63.36%
   7637  5613   466655.3750   100   566617.0000   207609.9460   807118   63.36%
   7769  5749   289202.9833   212   566617.0000   207609.9460   819147   63.36%
   7865  5662   553107.7083   155   566617.0000   207609.9460   810346   63.36%
   8226  6179   323003.1564   161   566617.0000   208357.4911   866697   63.23%
Elapsed time = 894.92 sec. (131663.13 ticks, tree = 1801.14 MB, solutions = 19)
   8723  6500   367997.9694   200   566617.0000   210518.6513   906532   62.85%
   9273  6955   225335.9807   199   566617.0000   211435.3053   945526   62.68%
   9594  7541   340355.0149   198   566617.0000   211536.9026  1014190   62.67%
  10122  7854   379979.0909   157   566617.0000   211716.9434  1042354   62.63%
  10635  8333   379883.3194   190   566617.0000   211716.9434  1077319   62.63%
  11169  8976   244506.4800   186   566617.0000   211912.5484  1123908   62.60%
  11656  9527   371047.4177   210   566617.0000   212856.4175  1163408   62.43%
  12095  9918   367442.0953   211   566617.0000   212858.7766  1197317   62.43%
  12569 10445   240510.3098   188   566617.0000   212897.6447  1241191   62.43%
  12972 10794   329119.7188   198   566617.0000   212970.4372  1276476   62.41%
Elapsed time = 1229.35 sec. (169851.69 ticks, tree = 2956.90 MB, solutions = 19)
Nodefile size = 899.30 MB (543.88 MB after compression)
  13458 11135   358239.4028   182   566617.0000   213186.9035  1301970   62.38%
  13974 11643   328357.0997   203   566617.0000   213346.0223  1346404   62.35%
  14368 12183   400500.3108   185   566617.0000   213499.2753  1390310   62.32%
  14929 12501   352368.2551   180   566617.0000   213584.5941  1423470   62.31%
  15501 13331   371122.5483   163   566617.0000   213584.5941  1482050   62.31%
  15885 13600   314860.1667   144   566617.0000   214063.0283  1506648   62.22%
  16542 14311   565898.1667    89   566617.0000   214083.9950  1570996   62.22%
* 16990+14400                       552485.0000   214141.5175            61.24%
* 17016+14381                       525369.0000   214141.5175            59.24%
  17073 14693   251105.9094   177   525369.0000   214141.5175  1598451   59.24%
  17413 14426   310580.3846   197   525369.0000   214417.2587  1649459   59.19%
  17733 14610   358943.3292   205   525369.0000   214538.1402  1672072   59.16%
Elapsed time = 1546.65 sec. (208070.72 ticks, tree = 3695.61 MB, solutions = 22)
Nodefile size = 1623.04 MB (986.27 MB after compression)
* 17859+14185                       521287.0000   214538.1402            58.84%
  18213 14811   337448.3182   163   521287.0000   214538.1402  1707617   58.84%
* 18658+15534                       519443.0000   214538.1402            58.70%
  18732 15147   313710.9549   228   519443.0000   214538.1402  1735032   58.70%
  19234 16053   472738.8145   170   519443.0000   214568.2884  1793029   58.69%
  19655 16549   367598.7083   160   519443.0000   215026.4234  1834778   58.60%
  20175 16674   391449.0208   149   519443.0000   215026.4234  1843720   58.60%
  20671 17158   412839.0000    90   519443.0000   215026.4234  1878351   58.60%
  21148 17659   271394.2708   201   519443.0000   215506.7526  1920351   58.51%
  21628 18307   367728.8539   179   519443.0000   215520.9116  1971072   58.51%
  22144 18787   386810.0866   197   519443.0000   215663.5357  2007531   58.48%
  22619 19213   385189.1071   161   519443.0000   215767.7190  2039470   58.46%
Elapsed time = 1846.60 sec. (246303.68 ticks, tree = 4600.48 MB, solutions = 26)
Nodefile size = 2536.99 MB (1552.17 MB after compression)
  23103 19731   334775.8134   204   519443.0000   215910.2274  2086582   58.43%
  23604 20211   316938.6291   198   519443.0000   216000.5548  2128743   58.42%
  24130 20577   399264.0000   142   519443.0000   216265.2622  2153438   58.37%
  24603 21014   228407.8692   205   519443.0000   216394.8108  2193578   58.34%
  25021 21364   255287.1704   214   519443.0000   216394.8108  2232462   58.34%
  25576 21897   459847.7278   158   519443.0000   216640.5659  2275168   58.29%
  26115 22180   355951.5241   192   519443.0000   216700.5921  2315724   58.28%
* 26536+22650                       511795.0000   216783.8384            57.64%
  26675 22896   469230.7500   115   511795.0000   216986.0086  2360361   57.60%
  27088 23474   367885.4579   213   511795.0000   216986.0086  2412694   57.60%
  27697 23693   356594.0696   212   511795.0000   217009.7563  2431772   57.60%
Elapsed time = 2209.60 sec. (284529.99 ticks, tree = 5581.76 MB, solutions = 27)
Nodefile size = 3491.21 MB (2137.62 MB after compression)
  28269 24427   406023.1709   219   511795.0000   217087.8905  2483332   57.58%
  28678 24731   319678.7967   219   511795.0000   217087.8905  2505502   57.58%
  29183 25315   476640.6471   118   511795.0000   217402.9745  2547228   57.52%
  29777 25980   380189.2911   184   511795.0000   217422.8359  2614299   57.52%
  30157 26024   262177.9930   171   511795.0000   217490.6158  2619656   57.50%
  30627 26616   327601.0833   169   511795.0000   217670.5036  2663253   57.47%
  31195 27218   363830.5417   165   511795.0000   217693.4789  2720148   57.46%
  31686 27882   250908.9370   177   511795.0000   217700.6651  2769509   57.46%
  32025 28338   384540.1250    93   511795.0000   217742.6489  2809507   57.46%
  32554 28726   342165.9339   204   511795.0000   217874.7668  2857847   57.43%
Elapsed time = 2535.13 sec. (322728.27 ticks, tree = 6779.31 MB, solutions = 27)
Nodefile size = 4706.05 MB (2885.26 MB after compression)
  33079 29326   339910.5911   178   511795.0000   217900.7893  2906694   57.42%
  33578 29306   357556.9864   234   511795.0000   217931.5060  2902613   57.42%
* 34047+30142                       510048.0000   217931.5060            57.27%
  34139 30000   302771.7214   193   510048.0000   217931.5060  2958327   57.27%
* 34467+30142                       509084.0000   217931.5060            57.19%
  34538 30834   351592.0252   192   509084.0000   217931.5060  3018810   57.19%
  34946 31070   371746.2326   191   509084.0000   218124.0467  3043274   57.15%
  35523 31058   448522.7164   171   509084.0000   218201.3269  3040656   57.14%
  36098 31632   394782.6399   179   509084.0000   218303.4892  3089413   57.12%
  36667 32026   386172.4006   202   509084.0000   218312.2683  3115521   57.12%
  37227 33307   337893.0509   215   509084.0000   218575.6555  3207222   57.06%
  37777 33872   326699.9884   208   509084.0000   218579.3057  3239754   57.06%
Elapsed time = 2814.19 sec. (360950.40 ticks, tree = 8480.46 MB, solutions = 29)
Nodefile size = 6408.28 MB (3931.31 MB after compression)
  38262 34157   392788.3505   152   509084.0000   218676.6330  3259154   57.05%
  38770 34547   447766.7500   127   509084.0000   218871.4170  3285186   57.01%
  39303 34722   407468.5786   196   509084.0000   218983.6813  3306899   56.98%
  39730 35275   427606.6824   174   509084.0000   219022.5903  3352299   56.98%
  40173 35901   349275.9377   205   509084.0000   219081.4325  3404167   56.97%
  40650 36542   457260.0000   103   509084.0000   219152.1746  3462283   56.95%
  41269 36691   376508.8415   206   509084.0000   219330.8030  3476294   56.92%
  41765 37198   466829.4500   148   509084.0000   219330.8030  3512645   56.92%
  42216 37959   400648.3371   188   509084.0000   219367.2204  3579907   56.91%
  42846 38101   492642.9643   105   509084.0000   219829.9291  3583953   56.82%
Elapsed time = 3119.37 sec. (399175.35 ticks, tree = 9355.78 MB, solutions = 29)
Nodefile size = 7279.03 MB (4465.56 MB after compression)
  43325 39113   398266.2912   170   509084.0000   219829.9291  3661922   56.82%
  43760 39485   371001.7500   150   509084.0000   219974.2885  3689469   56.79%
  44277 40204   402215.5868   200   509084.0000   219977.0283  3737539   56.79%
  44849 39985   355747.4602   184   509084.0000   220090.5659  3725032   56.77%
Starting limited solution polishing.
  45473 41270   490382.9145   168   509084.0000   220090.5659  3804462   56.77%
  45941 41046   283535.6368   226   509084.0000   220090.5659  3794716   56.77%
  46419 42042   361358.0722   186   509084.0000   220309.8970  3867773   56.72%
  46813 42368   388023.9718   162   509084.0000   220410.4397  3895942   56.70%
  47206 42546   372465.7001   190   509084.0000   220410.4397  3912364   56.70%
  47226 43014   266084.5000   167   509084.0000   220410.4397  3946119   56.70%
Elapsed time = 3368.17 sec. (437502.80 ticks, tree = 10171.72 MB, solutions = 29)
Nodefile size = 8090.92 MB (4958.69 MB after compression)
  47327 43311   370396.3262   198   509084.0000   220410.4397  3960597   56.70%
* 47532+42873                       507955.0000   220445.2485            56.60%
  47754 43521   381062.0000    82   507955.0000   220445.2485  3981290   56.60%
  48055 43764   457644.5000   109   507955.0000   220445.2485  4010759   56.60%
  48288 44058   368948.6108   198   507955.0000   220445.2485  4037121   56.60%
  48530 44267   307512.2552   198   507955.0000   220518.8067  4055858   56.59%
  48910 44522   360448.0655   186   507955.0000   220732.1326  4076189   56.54%
  49191 44835   420863.2208   187   507955.0000   220732.1326  4104401   56.54%
  49523 45255   319617.6570   208   507955.0000   220732.1326  4149731   56.54%
* 49527+45071                       506728.0000   220732.1326            56.44%
  49907 45562   458603.1774   179   506728.0000   220732.1326  4169090   56.44%
* 50009+45179                       500939.0000   220759.5957            55.93%
  50031 45681   340663.1781   196   500939.0000   220759.5957  4179702   55.93%
Elapsed time = 3535.53 sec. (475789.70 ticks, tree = 10813.56 MB, solutions = 32)
Nodefile size = 8731.53 MB (5352.80 MB after compression)
  50345 45657   473532.0192   184   500939.0000   220759.5957  4205035   55.93%
  50677 45722   497856.6231   204   500939.0000   221021.3432  4207377   55.88%
  51040 46347   427008.0000   162   500939.0000   221021.3432  4246758   55.88%
  51232 46406   357961.0455   158   500939.0000   221021.3432  4255959   55.88%
  51338 46407   358924.6667   162   500939.0000   221243.9589  4256025   55.83%

Implied bound cuts applied:  3
Zero-half cuts applied:  410
Lift and project cuts applied:  77

Root node processing (before b&c):
  Real time             =   26.54 sec. (19892.12 ticks)
Parallel b&c, 8 threads:
  Real time             = 3577.31 sec. (478110.85 ticks)
  Sync time (average)   =  603.75 sec.
  Wait time (average)   =    0.01 sec.
                          ------------
Total (root+branch&cut) = 3603.85 sec. (498002.97 ticks)
Status: Feasible
Obj: 500939

Instalacoes abertas:
Instalação 0 aberta
Instalação 1 aberta
Instalação 4 aberta
Instalação 8 aberta
Instalação 9 aberta
Instalação 13 aberta
Instalação 16 aberta
Instalação 19 aberta
Instalação 20 aberta
Instalação 22 aberta
Instalação 25 aberta
Instalação 30 aberta
Instalação 31 aberta
Instalação 39 aberta
Instalação 47 aberta

Atribuições (cliente -> instalação):
Cliente 0 -> Instalação 19
Cliente 1 -> Instalação 9
Cliente 2 -> Instalação 25
Cliente 3 -> Instalação 20
Cliente 4 -> Instalação 1
Cliente 5 -> Instalação 25
Cliente 6 -> Instalação 13
Cliente 7 -> Instalação 20
Cliente 8 -> Instalação 4
Cliente 9 -> Instalação 19
Cliente 10 -> Instalação 16
Cliente 11 -> Instalação 39
Cliente 12 -> Instalação 47
Cliente 13 -> Instalação 9
Cliente 14 -> Instalação 20
Cliente 15 -> Instalação 8
Cliente 16 -> Instalação 1
Cliente 17 -> Instalação 8
Cliente 18 -> Instalação 47
Cliente 19 -> Instalação 47
Cliente 20 -> Instalação 0
Cliente 21 -> Instalação 30
Cliente 22 -> Instalação 22
Cliente 23 -> Instalação 13
Cliente 24 -> Instalação 8
Cliente 25 -> Instalação 31
Cliente 26 -> Instalação 1
Cliente 27 -> Instalação 22
Cliente 28 -> Instalação 30
Cliente 29 -> Instalação 9
Cliente 30 -> Instalação 20
Cliente 31 -> Instalação 31
Cliente 32 -> Instalação 47
Cliente 33 -> Instalação 39
Cliente 34 -> Instalação 16
Cliente 35 -> Instalação 4
Cliente 36 -> Instalação 13
Cliente 37 -> Instalação 39
Cliente 38 -> Instalação 4
Cliente 39 -> Instalação 20
Cliente 40 -> Instalação 30
Cliente 41 -> Instalação 16
Cliente 42 -> Instalação 8
Cliente 43 -> Instalação 19
Cliente 44 -> Instalação 4
Cliente 45 -> Instalação 8
Cliente 46 -> Instalação 9
Cliente 47 -> Instalação 0
Cliente 48 -> Instalação 9
Cliente 49 -> Instalação 0
