Version identifier: 22.1.1.0 | 2022-11-28 | 9160aff4d
CPXPARAM_TimeLimit                               3600
Tried aggregator 1 time.
MIP Presolve eliminated 50 rows and 1 columns.
Reduced MIP has 33150 rows, 3162 columns, and 99350 nonzeros.
Reduced MIP has 3162 binaries, 0 generals, 0 SOSs, and 0 indicators.
Presolve time = 0.05 sec. (46.64 ticks)
Found incumbent of value 2.6239034e+07 after 0.06 sec. (59.27 ticks)
Probing time = 0.01 sec. (6.75 ticks)
Tried aggregator 1 time.
Detecting symmetries...
Reduced MIP has 33150 rows, 3162 columns, and 99350 nonzeros.
Reduced MIP has 3162 binaries, 0 generals, 0 SOSs, and 0 indicators.
Presolve time = 0.06 sec. (56.36 ticks)
Probing time = 0.02 sec. (6.75 ticks)
Clique table members: 2500.
MIP emphasis: balance optimality and feasibility.
MIP search method: dynamic search.
Parallel mode: deterministic, using up to 8 threads.
Root relaxation solution time = 0.12 sec. (49.79 ticks)

        Nodes                                         Cuts/
   Node  Left     Objective  IInf  Best Integer    Best Bound    ItCnt     Gap

*     0+    0                       2.62390e+07        0.0000           100.00%
*     0+    0                       2.01823e+07        0.0000           100.00%
*     0+    0                      1288312.0000        0.0000           100.00%
*     0+    0                       973933.0000        0.0000           100.00%
      0     0    93774.0000   100   973933.0000    93774.0000      193   90.37%
*     0+    0                       609278.0000    93774.0000            84.61%
      0     0   106217.5000   100   609278.0000    Cuts: 1528      358   82.57%
      0     0   118774.0000    98   609278.0000    Cuts: 1485      637   80.51%
*     0+    0                       527335.0000   118774.0000            77.48%
      0     0   131217.5000    98   527335.0000 ZeroHalf: 682     2025   75.12%
*     0+    0                       422042.0000   131217.5000            68.91%
      0     0   135064.9169   212   422042.0000 ZeroHalf: 581     2569   68.00%
      0     0   142278.1913   181   422042.0000     Cuts: 442     3389   66.29%
Detecting symmetries...
      0     0   149042.0527   202   422042.0000     Cuts: 428     4095   64.69%
      0     0   154369.4636   196   422042.0000     Cuts: 323     4683   63.42%
      0     0   157620.2932   197   422042.0000     Cuts: 423     5284   62.65%
      0     0   160157.7388   200   422042.0000     Cuts: 174     5787   62.05%
      0     0   161524.8969   209   422042.0000     Cuts: 304     6124   61.73%
      0     0   162341.3315   179   422042.0000     Cuts: 264     6397   61.53%
      0     0   163982.1182   178   422042.0000      Cuts: 99     6721   61.15%
      0     0   164891.0137   178   422042.0000     Cuts: 129     7078   60.93%
      0     0   166337.0927   173   422042.0000      Cuts: 96     7424   60.59%
      0     0   167214.9034   206   422042.0000      Cuts: 84     7724   60.38%
      0     0   167787.1272   204   422042.0000      Cuts: 60     7931   60.24%
      0     0   168661.5899   196   422042.0000      Cuts: 74     8247   60.04%
      0     0   169519.7798   199   422042.0000      Cuts: 85     8514   59.83%
      0     0   170049.2929   176   422042.0000     Cuts: 187     8752   59.71%
      0     0   170277.8943   174   422042.0000      Cuts: 61     8912   59.65%
      0     0   170850.1990   202   422042.0000      Cuts: 43     9096   59.52%
      0     0   171120.1190   200   422042.0000      Cuts: 62     9212   59.45%
      0     0   171444.9506   208   422042.0000      Cuts: 89     9449   59.38%
      0     0   171928.9672   207   422042.0000      Cuts: 46     9670   59.26%
      0     0   172263.1237   202   422042.0000      Cuts: 60     9885   59.18%
      0     0   172549.8689   213   422042.0000     Cuts: 108    10120   59.12%
      0     0   172870.5476   204   422042.0000      Cuts: 54    10304   59.04%
      0     0   173003.3427   200   422042.0000      Cuts: 63    10483   59.01%
      0     0   173128.1650   176   422042.0000     Cuts: 116    10608   58.98%
      0     0   173462.3969   203   422042.0000      Cuts: 29    10826   58.90%
      0     0   173789.1538   205   422042.0000      Cuts: 38    11023   58.82%
      0     0   173971.6975   209   422042.0000      Cuts: 44    11199   58.78%
      0     0   174322.0122   226   422042.0000      Cuts: 50    11414   58.70%
      0     0   174674.1428   238   422042.0000      Cuts: 61    11631   58.61%
      0     0   174814.6995   192   422042.0000      Cuts: 72    11760   58.58%
      0     0   175105.6805   202   422042.0000      Cuts: 75    11933   58.51%
      0     0   175424.0270   208   422042.0000      Cuts: 48    12132   58.43%
      0     0   175574.5795   186   422042.0000      Cuts: 75    12248   58.40%
      0     0   175712.6054   181   422042.0000  ZeroHalf: 17    12321   58.37%
      0     0   175805.9530   184   422042.0000      Cuts: 28    12415   58.34%
      0     0   175918.0987   198   422042.0000      Cuts: 21    12517   58.32%
      0     0   176124.4548   200   422042.0000      Cuts: 27    12625   58.27%
      0     0   176346.6780   179   422042.0000      Cuts: 82    12767   58.22%
      0     0   176431.5033   187   422042.0000      Cuts: 30    12858   58.20%
      0     0   176638.2368   217   422042.0000  ZeroHalf: 24    12970   58.15%
      0     0   176851.3428   219   422042.0000      Cuts: 47    13124   58.10%
      0     0   177040.5658   216   422042.0000      Cuts: 36    13237   58.05%
      0     0   177397.5137   211   422042.0000     Cuts: 168    13470   57.97%
      0     0   177656.9242   198   422042.0000      Cuts: 72    13608   57.91%
      0     0   177960.5993   214   422042.0000     Cuts: 132    13786   57.83%
      0     0   178212.9007   207   422042.0000      Cuts: 45    13946   57.77%
      0     0   178337.5798   215   422042.0000      Cuts: 39    14087   57.74%
      0     0   178554.5962   219   422042.0000      Cuts: 58    14278   57.69%
      0     0   178801.9845   214   422042.0000      Cuts: 39    14424   57.63%
      0     0   179265.3574   205   422042.0000      Cuts: 51    14656   57.52%
      0     0   179439.0989   209   422042.0000      Cuts: 55    14868   57.48%
      0     0   179594.7280   213   422042.0000      Cuts: 22    14995   57.45%
      0     0   179838.9113   206   422042.0000      Cuts: 64    15175   57.39%
      0     0   180086.9458   213   422042.0000      Cuts: 48    15298   57.33%
      0     0   180225.1725   214   422042.0000      Cuts: 64    15443   57.30%
      0     0   180439.7900   218   422042.0000      Cuts: 43    15623   57.25%
      0     0   180504.6491   218   422042.0000      Cuts: 33    15702   57.23%
      0     0   180671.7681   229   422042.0000      Cuts: 32    15840   57.19%
      0     0   180828.4287   245   422042.0000      Cuts: 26    15979   57.15%
      0     0   180944.8020   262   422042.0000      Cuts: 32    16113   57.13%
Detecting symmetries...
      0     2   180944.8020   262   422042.0000   180944.8020    16113   57.13%
Elapsed time = 38.47 sec. (12412.36 ticks, tree = 0.02 MB, solutions = 7)
      3     4   181164.1960   253   422042.0000   180946.3320    16408   57.13%
     10    10   199559.7135   190   422042.0000   181167.0047    19310   57.07%
     28    21   238075.5313   144   422042.0000   181167.0047    22741   57.07%
     45    40   225850.1735   139   422042.0000   181167.0047    29040   57.07%
     65    48   184215.6427   219   422042.0000   181567.4884    31422   56.98%
     85    82   279154.0000   121   422042.0000   184219.5659    43165   56.35%
    113    89   263159.0000    91   422042.0000   187996.3036    44650   55.46%
    142   134   317244.0000    87   422042.0000   194157.3805    56126   54.00%
    168   118   284539.0208   115   422042.0000   194157.3805    53111   54.00%
    350   306   401541.0000    66   422042.0000   194157.3805    82122   54.00%
Elapsed time = 55.89 sec. (15633.64 ticks, tree = 11.23 MB, solutions = 7)
    524   410   349551.7500   100   422042.0000   194157.3805   103232   54.00%
    725   593   311863.5000    94   422042.0000   194157.3805   132215   54.00%
    924   766   320225.0000    85   422042.0000   194157.3805   153681   54.00%
   1081   925   220972.0463   147   422042.0000   194157.3805   182063   54.00%
   1334  1040   275542.8754   191   422042.0000   194426.0134   199515   53.93%
   1507  1323   198821.6326   189   422042.0000   194426.0134   236776   53.93%
   1685  1468   409900.9189   151   422042.0000   194426.0134   257268   53.93%

Performing restart 1

Repeating presolve.
Tried aggregator 1 time.
MIP Presolve eliminated 2238 rows and 119 columns.
Reduced MIP has 30912 rows, 3043 columns, and 92636 nonzeros.
Reduced MIP has 3043 binaries, 0 generals, 0 SOSs, and 0 indicators.
Presolve time = 0.04 sec. (45.58 ticks)
Tried aggregator 1 time.
Reduced MIP has 30912 rows, 3043 columns, and 92636 nonzeros.
Reduced MIP has 3043 binaries, 0 generals, 0 SOSs, and 0 indicators.
Presolve time = 0.05 sec. (54.26 ticks)
Represolve time = 0.15 sec. (150.55 ticks)
*  1710+    0                       419709.0000   194426.0134            53.68%
   1710     0   182449.5979   247   419709.0000      Cuts: 78   279131   53.68%
   1710     0   184446.0701   239   419709.0000     Cuts: 103   279648   53.68%
   1710     0   185655.8614   218   419709.0000      Cuts: 82   280037   53.68%
*  1710+    0                       417512.0000   194426.0134            53.43%
   1710     0  -1.00000e+75     0   417512.0000   194426.0134   280037   53.43%
   1710     0   186685.4575   242   417512.0000      Cuts: 94   280447   53.43%
   1710     0   187803.5630   219   417512.0000      Cuts: 74   280778   53.43%
   1710     0   188481.9815   226   417512.0000      Cuts: 93   281025   53.43%
   1710     0   188860.4396   221   417512.0000      Cuts: 62   281197   53.43%
   1710     0   189208.3348   247   417512.0000      Cuts: 66   281422   53.43%
   1710     0   189731.0300   246   417512.0000      Cuts: 85   281652   53.43%
   1710     0   189852.5223   247   417512.0000      Cuts: 86   281773   53.43%
   1710     0   189994.6371   245   417512.0000      Cuts: 36   281880   53.43%
   1710     2   189994.6371   245   417512.0000   194426.0134   281880   53.43%
   1711     3   190123.0229   245   417512.0000   194426.0134   282011   53.43%
   1713     5   190175.6170   209   417512.0000   194426.0134   282113   53.43%
Elapsed time = 127.89 sec. (42003.22 ticks, tree = 0.02 MB, solutions = 9)
   1718     4   207536.9920   201   417512.0000   194426.0134   283143   53.43%
   1735    17   210986.7541   198   417512.0000   194426.0134   286272   53.43%
   1753    26   209771.1515   202   417512.0000   194426.0134   292126   53.43%
   1790    53   214560.5536   189   417512.0000   194426.0134   304571   53.43%
   1821    85   218166.2772   207   417512.0000   194426.0134   319902   53.43%
   1855   129   240137.8820   199   417512.0000   194426.0134   334748   53.43%
   1891   147   208717.2740   198   417512.0000   194426.0134   340510   53.43%
   1936   173   258432.3515   160   417512.0000   194426.0134   347927   53.43%
   1997   232   261589.6667   110   417512.0000   194426.0134   364623   53.43%
   2059   267   225256.0463   192   417512.0000   194426.0134   373188   53.43%
Elapsed time = 194.36 sec. (51770.59 ticks, tree = 5.75 MB, solutions = 9)
   2091   329   268130.6667   149   417512.0000   194426.0134   385176   53.43%
   2122   378   232407.2088   189   417512.0000   194426.0134   396236   53.43%
   2161   389   250061.3847   185   417512.0000   194426.0134   398826   53.43%
   2223   438   240682.6112   178   417512.0000   194426.0134   407869   53.43%
   2302   512   312539.8182   121   417512.0000   194426.0134   421079   53.43%
   2381   552   295280.4192   151   417512.0000   194426.0134   425905   53.43%
   2430   579   286754.8333   155   417512.0000   194426.0134   430576   53.43%
   2497   716   289467.8750   158   417512.0000   194426.0134   449881   53.43%
   2552   752   299091.2253   192   417512.0000   194426.0134   454418   53.43%
   2609   794   286549.0659   149   417512.0000   194426.0134   459631   53.43%
Elapsed time = 272.23 sec. (61458.79 ticks, tree = 12.70 MB, solutions = 9)
   2687   864   267554.7500   156   417512.0000   194426.0134   468712   53.43%
   2757   931   277534.8527   145   417512.0000   194426.0134   475860   53.43%
   2835   974   267593.1244   169   417512.0000   194426.0134   480933   53.43%
   2929  1003   282905.9679   185   417512.0000   194426.0134   482698   53.43%
   3023  1076   327210.8947   141   417512.0000   194426.0134   490333   53.43%
   3112  1296   332272.0411   144   417512.0000   194426.0134   510635   53.43%
   3215  1405   348408.6894   146   417512.0000   194426.0134   520353   53.43%
   3309  1339   355116.3627   163   417512.0000   194426.0134   512599   53.43%
   3434  1515   212465.6253   214   417512.0000   194426.0134   528229   53.43%
   3560  1611   408529.9848   143   417512.0000   194426.0134   533282   53.43%
Elapsed time = 343.99 sec. (71113.84 ticks, tree = 16.75 MB, solutions = 9)
   3661  1676   377173.6429   119   417512.0000   198797.6469   547238   52.39%
   3765  1804   257550.8557   184   417512.0000   198797.6469   562478   52.39%
   3834  1877   362755.9583   132   417512.0000   198797.6469   578810   52.39%
   3950  2064   288968.5000   116   417512.0000   198797.6469   618530   52.39%
   4050  2153   218207.0845   193   417512.0000   204040.8806   633936   51.13%
   4184  2160   243269.4663   152   417512.0000   204040.8806   636696   51.13%
   4322  2334   242350.6501   183   417512.0000   204040.8806   660595   51.13%
   4454  2375   367009.0833   119   417512.0000   204040.8806   671396   51.13%
   4584  2692   414601.7500   110   417512.0000   204040.8806   712356   51.13%
   4704  2682   370215.6250   130   417512.0000   204405.4729   712979   51.04%
Elapsed time = 407.38 sec. (80714.10 ticks, tree = 22.07 MB, solutions = 9)
   4815  2838        cutoff         417512.0000   204405.4729   733220   51.04%
   4899  2851   222502.0602   182   417512.0000   204405.4729   740958   51.04%
   5010  2981   289394.6633   190   417512.0000   204707.5912   764280   50.97%
   5118  3113   386475.5625   153   417512.0000   204707.5912   794772   50.97%
   5248  3151   283581.7531   195   417512.0000   204707.5912   803261   50.97%
   5368  3243   297549.2944   182   417512.0000   206751.0641   820264   50.48%
   5477  3510   311084.2735   183   417512.0000   206751.0641   857013   50.48%
   5632  3546   295573.5417   161   417512.0000   206751.0641   865071   50.48%
   5774  3652   344679.0515   178   417512.0000   207051.0404   873934   50.41%
   5907  3728   285419.3114   176   417512.0000   207068.5696   886885   50.40%
Elapsed time = 477.02 sec. (90345.50 ticks, tree = 27.64 MB, solutions = 9)
   6068  4043   327873.7857   151   417512.0000   207068.5696   923639   50.40%
   6234  4003   303710.5819   167   417512.0000   207373.1410   920228   50.33%
   6354  4294   316841.2887   159   417512.0000   207506.7586   949409   50.30%
   6474  4441   289827.5417   160   417512.0000   207506.7586   971196   50.30%
   6597  4548   339998.5000    97   417512.0000   207559.5737   983243   50.29%
   6722  4765   352065.3095   173   417512.0000   207559.5737  1019828   50.29%
   6867  4733   305121.9297   209   417512.0000   207559.5737  1013305   50.29%
   6974  4895   357421.0000   129   417512.0000   207981.5864  1032865   50.19%
   7108  4959   305485.7945   199   417512.0000   208102.3230  1043367   50.16%
   7296  5036   299959.0614   213   417512.0000   208102.3230  1056445   50.16%
Elapsed time = 544.85 sec. (99927.77 ticks, tree = 32.51 MB, solutions = 9)
   7446  5246   320884.6264   176   417512.0000   208102.3230  1078784   50.16%
   7599  5563   367891.1788   200   417512.0000   208102.3230  1109559   50.16%
   7735  5631   355415.9134   174   417512.0000   208102.3230  1115899   50.16%
   7858  5875   366855.0547   157   417512.0000   208940.1117  1152703   49.96%
   8007  5977   372704.4375   124   417512.0000   208940.1117  1165439   49.96%
   8141  6126   257227.2207   185   417512.0000   209057.4635  1190344   49.93%
   8276  6119   396538.4375   108   417512.0000   209057.4635  1187712   49.93%
   8482  6223   393756.8903   160   417512.0000   209057.4635  1199669   49.93%
   8622  6347   329123.0000    84   417512.0000   209460.2729  1224269   49.83%
   8727  6610   260871.4051   179   417512.0000   209511.5942  1246101   49.82%
Elapsed time = 605.15 sec. (109533.17 ticks, tree = 42.16 MB, solutions = 9)
   8818  6685   298067.8288   162   417512.0000   209745.9889  1255308   49.76%
   8942  6785   361594.0735   152   417512.0000   209776.7458  1271502   49.76%
   9126  6921   322260.7082   173   417512.0000   209776.7458  1302398   49.76%
   9291  7116   294751.0605   159   417512.0000   209781.7553  1331110   49.75%
   9449  7330   393514.0000    71   417512.0000   209781.7553  1350399   49.75%
   9564  7486   305872.7696   203   417512.0000   209959.2334  1364414   49.71%
   9724  7402   280788.2318   181   417512.0000   209959.2334  1359690   49.71%
   9832  7700   255937.7361   200   417512.0000   210213.6481  1401541   49.65%
   9952  7816   351723.9375   160   417512.0000   210213.6481  1411011   49.65%
  10613  8261   407142.7500   113   417512.0000   210406.3424  1466798   49.60%
Elapsed time = 687.30 sec. (122008.97 ticks, tree = 48.84 MB, solutions = 9)
  11243  8992   273709.2383   211   417512.0000   210912.8436  1554219   49.48%
  11877  9447   322757.8333   135   417512.0000   211344.9685  1607389   49.38%
  12543 10229   407425.5000   143   417512.0000   211443.4248  1690403   49.36%
  13071 10772   330539.2500   123   417512.0000   211691.4745  1766421   49.30%
  13635 11344   367151.0231   182   417512.0000   212029.4199  1833461   49.22%
  14203 11885   233054.8705   174   417512.0000   212245.0369  1905115   49.16%
  14718 12442   368941.2500   104   417512.0000   212602.8876  1983879   49.08%
  15367 12915   404792.3333   125   417512.0000   212952.2228  2043058   48.99%
  15986 13543   370774.7500   102   417512.0000   213482.8659  2141200   48.87%
  16524 14035   396566.5000   114   417512.0000   214238.7918  2220973   48.69%
Elapsed time = 959.17 sec. (160199.31 ticks, tree = 75.49 MB, solutions = 9)
  17042 14390   368500.4394   218   417512.0000   214347.7500  2280551   48.66%
  17565 15149   410727.1327   161   417512.0000   214494.0697  2394795   48.63%
* 17644+15060                       411706.0000   214494.0697            47.90%
  17867 15111   320316.8251   176   411706.0000   214495.3439  2433352   47.90%
* 17919+15027                       410829.0000   214495.3439            47.79%
* 18115+15059                       409518.0000   214840.4652            47.54%
* 18208+15352                       409040.0000   214840.4652            47.48%
  18309 15388   384228.2593   191   409040.0000   214840.4652  2493701   47.48%
  18871 15602   357664.5515   160   409040.0000   215102.0330  2516284   47.41%
  19512 16419   360781.4885   163   409040.0000   215129.4612  2621141   47.41%
  20221 16699   335842.2556   158   409040.0000   215864.6528  2652837   47.23%
  20806 17734   390194.0385   155   409040.0000   216136.5951  2777984   47.16%
  21376 18031   377095.0000    93   409040.0000   216435.0882  2817247   47.09%
  21991 18786   258499.6529   160   409040.0000   216461.0222  2914098   47.08%
Elapsed time = 1212.82 sec. (198418.42 ticks, tree = 99.80 MB, solutions = 14)
  22532 19185   307953.2095   157   409040.0000   217465.3057  2981694   46.84%
  23104 19967   337825.2792   205   409040.0000   217526.4076  3102933   46.82%
  23772 20379   259510.4493   179   409040.0000   217552.5049  3152118   46.81%
  24400 20843   390514.0000   117   409040.0000   218166.6414  3202010   46.66%
* 24695+21020                       405189.0000   218369.6334            46.11%
  24930 21339   272838.2453   177   405189.0000   218554.8737  3319948   46.06%
  25532 21606   362738.6071   138   405189.0000   218896.0976  3368489   45.98%
  26138 22256   304442.3502   177   405189.0000   219154.7841  3460178   45.91%
  26728 22999   350088.8644   186   405189.0000   219228.9863  3548140   45.89%
  27328 23206   259968.0229   216   405189.0000   219427.2458  3581487   45.85%
  27829 23650   262066.4098   176   405189.0000   219428.6422  3639627   45.85%
Elapsed time = 1482.81 sec. (236627.65 ticks, tree = 123.57 MB, solutions = 15)
  28435 24516   269547.0733   163   405189.0000   219816.0068  3769315   45.75%
  29112 25215   329037.0000   123   405189.0000   220264.2378  3862014   45.64%
  29680 25758   301066.2760   185   405189.0000   220423.5037  3938308   45.60%
  30199 26252   336444.7784   205   405189.0000   220577.8211  4009850   45.56%
  30682 26781   359922.1404   185   405189.0000   220820.5192  4087106   45.50%
  31233 26864   281987.3777   197   405189.0000   220820.5192  4097091   45.50%
  31819 27720   329480.6113   163   405189.0000   220963.3747  4214991   45.47%
  32452 28048   329963.6092   201   405189.0000   220992.3471  4261548   45.46%
  33085 29169   348441.9252   192   405189.0000   221175.5502  4388865   45.41%
  33692 29304   360520.7500   146   405189.0000   221808.0108  4405898   45.26%
Elapsed time = 1753.36 sec. (274860.36 ticks, tree = 193.61 MB, solutions = 15)
  34233 29897   367581.4207   142   405189.0000   221857.0953  4452382   45.25%
  34763 30300   355824.8750   161   405189.0000   222150.7257  4487530   45.17%
  35344 30914   311746.4617   159   405189.0000   222696.1848  4546802   45.04%
  36120 31567   353259.1468   178   405189.0000   222847.2313  4602913   45.00%
  36884 31978   402039.0000   143   405189.0000   223022.3983  4649219   44.96%
  37682 33476   265166.7722   201   405189.0000   223270.8140  4764715   44.90%
  38465 33721   398871.9923   144   405189.0000   223270.8140  4780973   44.90%
  39306 34562   356924.2333   168   405189.0000   223489.6119  4837175   44.84%
  40167 35282   389541.3616   167   405189.0000   223699.3407  4888360   44.79%
  40950 35885   345412.8750   163   405189.0000   223844.8666  4927783   44.76%
Elapsed time = 2020.00 sec. (313058.44 ticks, tree = 931.14 MB, solutions = 15)
  41479 37101   329452.4500   124   405189.0000   224054.2467  5015554   44.70%
  42072 37810   387776.7500   142   405189.0000   224572.6284  5067067   44.58%
  42854 37777   359871.6268   160   405189.0000   224757.1634  5065289   44.53%
  43655 38550   279146.7406   203   405189.0000   224928.1444  5142842   44.49%
  44563 39310   380478.7758   181   405189.0000   225118.2667  5190190   44.44%
  45416 40602   341189.5000    91   405189.0000   225209.7929  5274337   44.42%
  46243 41243   374311.0377   165   405189.0000   225462.2346  5319128   44.36%
  47091 41346   320545.9118   123   405189.0000   225524.5765  5326082   44.34%
  47840 42578   334467.7500   130   405189.0000   225524.5765  5399713   44.34%
  48508 43895   289726.3845   160   405189.0000   225935.9976  5512596   44.24%
Elapsed time = 2296.68 sec. (351249.86 ticks, tree = 2406.14 MB, solutions = 15)
Nodefile size = 351.80 MB (211.35 MB after compression)
  49282 43699   336043.0000   131   405189.0000   225935.9976  5498760   44.24%
  49896 44952   354011.8390   179   405189.0000   226153.8729  5594701   44.19%
  50573 45497   318203.4445   167   405189.0000   226654.3412  5641448   44.06%
  51373 46140   310587.8694   155   405189.0000   226654.3412  5676797   44.06%
  52256 47408        cutoff         405189.0000   227082.0470  5764031   43.96%
  53105 48102   384458.2500    94   405189.0000   227167.3983  5809474   43.94%
  53754 48336   384322.6444   170   405189.0000   227268.2845  5828108   43.91%
  54687 49376   305288.1448   160   405189.0000   227372.8466  5913686   43.88%
  55499 50149   355198.8611   154   405189.0000   227506.9989  5959501   43.85%
  56202 51405   298815.6644   161   405189.0000   227506.9989  6043083   43.85%
Elapsed time = 2567.72 sec. (389426.53 ticks, tree = 3671.30 MB, solutions = 15)
Nodefile size = 1615.67 MB (978.14 MB after compression)
  57016 51535   384272.9180   139   405189.0000   227666.9584  6049070   43.81%
  57666 52248   375392.9600   158   405189.0000   227791.1524  6104202   43.78%
  58370 52751   305191.3887   166   405189.0000   227803.1729  6136041   43.78%
  59198 54157   291127.7133   175   405189.0000   227894.5889  6223034   43.76%
  59896 54537   308163.5486   187   405189.0000   227925.2141  6247767   43.75%
  60655 55434   340719.3048   176   405189.0000   228263.7260  6324241   43.66%
  61479 56117   382126.0978   174   405189.0000   228263.7260  6381780   43.66%
  62337 56866   326320.8340   188   405189.0000   228537.0802  6435193   43.60%
  63163 57086   273612.6497   173   405189.0000   228707.5954  6452569   43.56%
  64003 58990   364726.4531   161   405189.0000   228721.9521  6569377   43.55%
Elapsed time = 2819.62 sec. (427608.72 ticks, tree = 5241.57 MB, solutions = 15)
Nodefile size = 3185.94 MB (1939.71 MB after compression)
  64731 58656   399857.2917   134   405189.0000   228810.0563  6546946   43.53%
* 65302+59462                       401573.0000   228877.0938            43.00%
  65378 60299   354760.2222   162   401573.0000   228877.0938  6664584   43.00%
  66068 59741   395344.1912   153   401573.0000   229170.0241  6700784   42.93%
  66458 59788   280916.7701   200   401573.0000   229170.0241  6709711   42.93%

Performing restart 2

Repeating presolve.
Tried aggregator 1 time.
MIP Presolve eliminated 584 rows and 34 columns.
Reduced MIP has 30328 rows, 3009 columns, and 118252 nonzeros.
Reduced MIP has 3009 binaries, 0 generals, 0 SOSs, and 0 indicators.
Presolve time = 0.17 sec. (150.81 ticks)
Tried aggregator 1 time.
Reduced MIP has 30328 rows, 3009 columns, and 118252 nonzeros.
Reduced MIP has 3009 binaries, 0 generals, 0 SOSs, and 0 indicators.
Presolve time = 0.10 sec. (86.78 ticks)
Represolve time = 0.39 sec. (293.38 ticks)
  66486     0   190635.8732   229   401573.0000      Cuts: 38  6792976   42.93%
  66486     0   190934.0676   223   401573.0000      Cuts: 47  6793145   42.93%
  66486     0   191265.1627   220   401573.0000      Cuts: 81  6793311   42.93%
* 66486+    0                       401420.0000   229183.0089            42.91%
  66486     0   191527.9403   220   401420.0000      Cuts: 91  6793469   42.91%
  66486     0   191758.5012   226   401420.0000      Cuts: 54  6793626   42.91%
  66486     0   192007.1116   222   401420.0000     Cuts: 111  6793739   42.91%
  66486     0   192322.4925   223   401420.0000      Cuts: 54  6793882   42.91%
  66486     0   192564.4103   220   401420.0000      Cuts: 77  6794037   42.91%
  66486     0   192845.1436   220   401420.0000      Cuts: 72  6794168   42.91%
  66486     2   192845.1436   220   401420.0000   229183.0089  6794168   42.91%
  66500    14   232514.0441   168   401420.0000   229183.0089  6798319   42.91%
  66546    54   242568.6259   151   401420.0000   229183.0089  6814334   42.91%
  66696   153   310508.2623   127   401420.0000   229183.0089  6839204   42.91%
  66862   269   365639.5204   130   401420.0000   229183.0089  6861806   42.91%
  67156   531   391555.8571   127   401420.0000   229183.0089  6910853   42.91%
Elapsed time = 3058.01 sec. (476130.23 ticks, tree = 16.64 MB, solutions = 17)
  67590   793   304116.5000    92   401420.0000   229183.0089  6971202   42.91%
  68002  1306   270938.1022   169   401420.0000   229183.0089  7073433   42.91%
  68290  1604   296661.9815   167   401420.0000   229183.0089  7132284   42.91%
  68656  1892   310655.1013   194   401420.0000   229183.0089  7171511   42.91%
  69026  2243   351234.1157   160   401420.0000   229183.0089  7209018   42.91%
  69379  2634   375383.7866   166   401420.0000   229183.0089  7248802   42.91%
Starting limited solution polishing.
  69760  3046   234430.5677   219   401420.0000   229183.0089  7311158   42.91%
  70141  3420   313004.6724   171   401420.0000   229183.0089  7378070   42.91%
* 70142+ 3109                       401198.0000   229183.0089            42.88%
  70531  3786   351275.9875   147   401198.0000   229183.0089  7424947   42.88%
  70791  4029   388498.5000   133   401198.0000   229183.0089  7458422   42.88%
Elapsed time = 3331.73 sec. (514326.66 ticks, tree = 37.14 MB, solutions = 18)
  71180  4242   293780.4826   219   401198.0000   229183.0089  7499721   42.88%
  71624  4722   345049.6008   159   401198.0000   229183.0089  7588699   42.88%
  72157  5141   316634.8333   157   401198.0000   229183.0089  7642544   42.88%
  72556  5615   359740.6000   114   401198.0000   229183.0089  7725533   42.88%
* 72687+ 5783                       399508.0000   229183.0089            42.63%
  72832  5862   273155.3532   187   399508.0000   229183.0089  7776929   42.63%
  73311  6298   363328.0318   184   399508.0000   229183.0089  7848434   42.63%
* 73440+ 6290                       399339.0000   229183.0089            42.61%
* 73581+ 6551                       395198.0000   229183.0089            42.01%
  73773  6472   306596.2485   180   395198.0000   229183.0089  7918080   42.01%
  74244  6833   351078.6883   179   395198.0000   229183.0089  7982546   42.01%
* 74635+ 7256                       394750.0000   229183.0089            41.94%
  74733  7318   241982.4260   188   394750.0000   229183.0089  8055252   41.94%
* 75066+ 7525                       394269.0000   229183.0089            41.87%
  75190  7772   254499.2450   207   394269.0000   229183.0089  8125453   41.87%
Elapsed time = 3581.32 sec. (552553.79 ticks, tree = 52.16 MB, solutions = 24)
* 75259+ 7633                       393881.0000   229183.0089            41.81%

Zero-half cuts applied:  272
Lift and project cuts applied:  98

Root node processing (before b&c):
  Real time             =   38.43 sec. (12356.29 ticks)
Parallel b&c, 8 threads:
  Real time             = 3561.59 sec. (543499.53 ticks)
  Sync time (average)   =  713.04 sec.
  Wait time (average)   =    0.01 sec.
                          ------------
Total (root+branch&cut) = 3600.02 sec. (555855.82 ticks)
Status: Feasible
Obj: 393881

Instalacoes abertas:
Instalação 0 aberta
Instalação 1 aberta
Instalação 4 aberta
Instalação 8 aberta
Instalação 9 aberta
Instalação 13 aberta
Instalação 16 aberta
Instalação 20 aberta
Instalação 22 aberta
Instalação 30 aberta
Instalação 47 aberta

Atribuições (cliente -> instalação):
Cliente 0 -> Instalação 9
Cliente 1 -> Instalação 47
Cliente 2 -> Instalação 30
Cliente 3 -> Instalação 9
Cliente 4 -> Instalação 20
Cliente 5 -> Instalação 13
Cliente 6 -> Instalação 13
Cliente 7 -> Instalação 8
Cliente 8 -> Instalação 4
Cliente 9 -> Instalação 9
Cliente 10 -> Instalação 22
Cliente 11 -> Instalação 0
Cliente 12 -> Instalação 9
Cliente 13 -> Instalação 9
Cliente 14 -> Instalação 20
Cliente 15 -> Instalação 16
Cliente 16 -> Instalação 9
Cliente 17 -> Instalação 20
Cliente 18 -> Instalação 9
Cliente 19 -> Instalação 1
Cliente 20 -> Instalação 16
Cliente 21 -> Instalação 20
Cliente 22 -> Instalação 22
Cliente 23 -> Instalação 16
Cliente 24 -> Instalação 20
Cliente 25 -> Instalação 22
Cliente 26 -> Instalação 8
Cliente 27 -> Instalação 47
Cliente 28 -> Instalação 13
Cliente 29 -> Instalação 13
Cliente 30 -> Instalação 20
Cliente 31 -> Instalação 0
Cliente 32 -> Instalação 0
Cliente 33 -> Instalação 4
Cliente 34 -> Instalação 20
Cliente 35 -> Instalação 16
Cliente 36 -> Instalação 4
Cliente 37 -> Instalação 1
Cliente 38 -> Instalação 8
Cliente 39 -> Instalação 20
Cliente 40 -> Instalação 30
Cliente 41 -> Instalação 8
Cliente 42 -> Instalação 1
Cliente 43 -> Instalação 30
Cliente 44 -> Instalação 47
Cliente 45 -> Instalação 9
Cliente 46 -> Instalação 4
Cliente 47 -> Instalação 8
Cliente 48 -> Instalação 4
Cliente 49 -> Instalação 0
