Version identifier: 22.1.1.0 | 2022-11-28 | 9160aff4d
CPXPARAM_TimeLimit                               3600
Found incumbent of value 2099652.000000 after 0.00 sec. (3.30 ticks)
Tried aggregator 1 time.
MIP Presolve eliminated 50 rows and 1 columns.
Reduced MIP has 50950 rows, 3518 columns, and 152750 nonzeros.
Reduced MIP has 3518 binaries, 0 generals, 0 SOSs, and 0 indicators.
Presolve time = 0.07 sec. (67.93 ticks)
Probing time = 0.02 sec. (7.86 ticks)
Tried aggregator 1 time.
Detecting symmetries...
Reduced MIP has 50950 rows, 3518 columns, and 152750 nonzeros.
Reduced MIP has 3518 binaries, 0 generals, 0 SOSs, and 0 indicators.
Presolve time = 0.09 sec. (82.63 ticks)
Probing time = 0.03 sec. (7.93 ticks)
Clique table members: 2500.
MIP emphasis: balance optimality and feasibility.
MIP search method: dynamic search.
Parallel mode: deterministic, using up to 8 threads.
Root relaxation solution time = 0.18 sec. (75.35 ticks)

        Nodes                                         Cuts/
   Node  Left     Objective  IInf  Best Integer    Best Bound    ItCnt     Gap

*     0+    0                      2099652.0000        0.0000           100.00%
*     0+    0                      1207161.0000        0.0000           100.00%
*     0+    0                      1111933.0000        0.0000           100.00%
*     0+    0                      1096297.0000        0.0000           100.00%
      0     0    93774.0000   100  1096297.0000    93774.0000      181   91.45%
*     0+    0                      1095740.0000    93774.0000            91.44%
      0     0   106217.5000   100  1095740.0000    Cuts: 2466      413   90.31%
      0     0   118774.0000    98  1095740.0000    Cuts: 2466      791   89.16%
*     0+    0                       784754.0000   118774.0000            84.86%
      0     0   130332.7353   214   784754.0000 ZeroHalf: 1089     2281   83.39%
*     0+    0                       781873.0000   130332.7353            83.33%
      0     0  -1.00000e+75     0   781873.0000   130332.7353     2281   83.33%
      0     0   134184.3667   210   781873.0000 ZeroHalf: 882     3056   82.84%
      0     0   136695.0930   224   781873.0000     Cuts: 960     3422   82.52%
Detecting symmetries...
      0     0   144844.4568   183   781873.0000    Cuts: 1233     4285   81.47%
      0     0   152731.6082   178   781873.0000     Cuts: 410     5161   80.47%
      0     0   157772.2566   210   781873.0000     Cuts: 286     5822   79.82%
      0     0   161994.8175   205   781873.0000     Cuts: 894     6529   79.28%
      0     0   165260.5680   176   781873.0000     Cuts: 495     7135   78.86%
      0     0   168187.1829   210   781873.0000     Cuts: 176     7792   78.49%
      0     0   170868.0311   174   781873.0000     Cuts: 461     8315   78.15%
      0     0   173644.1382   226   781873.0000     Cuts: 142     8881   77.79%
      0     0   175134.7165   192   781873.0000     Cuts: 246     9278   77.60%
      0     0   176640.6146   198   781873.0000     Cuts: 266     9795   77.41%
      0     0   178151.4178   200   781873.0000     Cuts: 294    10249   77.21%
      0     0   179338.3087   212   781873.0000     Cuts: 197    10672   77.06%
      0     0   180988.3287   206   781873.0000     Cuts: 454    11356   76.85%
      0     0   181587.3744   208   781873.0000      Cuts: 86    11621   76.78%
      0     0   182500.4693   209   781873.0000      Cuts: 71    11957   76.66%
      0     0   183856.4297   200   781873.0000     Cuts: 141    12583   76.49%
      0     0   184779.5758   208   781873.0000     Cuts: 187    12970   76.37%
      0     0   185897.3858   241   781873.0000     Cuts: 115    13445   76.22%
*     0+    0                       745666.0000   185897.3858            75.07%
      0     0   186505.9907   217   745666.0000     Cuts: 275    13734   74.99%
*     0+    0                       711983.0000   186505.9907            73.80%
      0     0  -1.00000e+75     0   711983.0000   186505.9907    13734   73.80%
      0     0   187708.8160   200   711983.0000      Cuts: 88    14158   73.64%
      0     0   188657.1667   209   711983.0000     Cuts: 162    14525   73.50%
      0     0   189205.1775   199   711983.0000      Cuts: 96    14845   73.43%
      0     0   189727.3210   203   711983.0000      Cuts: 99    15112   73.35%
      0     0   190249.6519   234   711983.0000     Cuts: 129    15474   73.28%
      0     0   190658.7544   244   711983.0000     Cuts: 105    15682   73.22%
      0     0   190996.9373   210   711983.0000     Cuts: 137    15870   73.17%
      0     0   191318.8420   204   711983.0000      Cuts: 92    16087   73.13%
      0     0   191939.4847   203   711983.0000     Cuts: 103    16356   73.04%
      0     0   192301.0579   206   711983.0000      Cuts: 79    16563   72.99%
      0     0   192853.6368   243   711983.0000     Cuts: 110    16801   72.91%
      0     0   193566.5017   227   711983.0000     Cuts: 203    17182   72.81%
      0     0   194030.2776   227   711983.0000      Cuts: 45    17329   72.75%
      0     0   194455.4332   230   711983.0000      Cuts: 84    17554   72.69%
      0     0   195019.5411   204   711983.0000     Cuts: 120    17834   72.61%
      0     0   195439.4124   201   711983.0000      Cuts: 59    17997   72.55%
      0     0   195903.9884   203   711983.0000      Cuts: 72    18240   72.48%
      0     0   196352.2078   221   711983.0000      Cuts: 81    18397   72.42%
      0     0   196815.9090   224   711983.0000      Cuts: 77    18605   72.36%
      0     0   197347.8692   217   711983.0000      Cuts: 76    18844   72.28%
      0     0   197713.0404   216   711983.0000     Cuts: 193    19058   72.23%
      0     0   197994.6260   210   711983.0000      Cuts: 79    19318   72.19%
      0     0   198321.1600   202   711983.0000      Cuts: 75    19511   72.15%
      0     0   198421.9527   210   711983.0000     Cuts: 114    19664   72.13%
      0     0   198819.8566   219   711983.0000      Cuts: 44    19958   72.08%
      0     0   199051.5933   201   711983.0000     Cuts: 144    20223   72.04%
      0     0   199191.6655   206   711983.0000      Cuts: 42    20373   72.02%
      0     0   199558.5353   206   711983.0000      Cuts: 67    20631   71.97%
      0     0   200027.5207   206   711983.0000      Cuts: 82    20912   71.91%
      0     0   200482.8772   205   711983.0000      Cuts: 74    21188   71.84%
      0     0   200852.2819   204   711983.0000      Cuts: 70    21374   71.79%
      0     0   201193.7738   205   711983.0000      Cuts: 57    21600   71.74%
      0     0   201467.0463   205   711983.0000      Cuts: 47    21768   71.70%
      0     0   201668.6321   200   711983.0000      Cuts: 27    21891   71.68%
      0     0   202243.9254   231   711983.0000      Cuts: 53    22173   71.59%
      0     0   202537.3432   210   711983.0000      Cuts: 82    22351   71.55%
      0     0   202813.7747   208   711983.0000      Cuts: 56    22599   71.51%
      0     0   203327.0756   207   711983.0000      Cuts: 59    22863   71.44%
      0     0   203748.7708   205   711983.0000      Cuts: 71    23153   71.38%
      0     0   204041.8510   208   711983.0000      Cuts: 73    23360   71.34%
      0     0   204304.0559   207   711983.0000      Cuts: 55    23553   71.30%
      0     0   204560.2399   211   711983.0000      Cuts: 48    23695   71.27%
      0     0   204833.7226   232   711983.0000      Cuts: 27    23895   71.23%
      0     0   205095.6226   233   711983.0000      Cuts: 63    24081   71.19%
      0     0   205377.2082   240   711983.0000      Cuts: 41    24268   71.15%
      0     0   205672.9141   231   711983.0000      Cuts: 52    24564   71.11%
      0     0   206006.3100   235   711983.0000      Cuts: 71    24788   71.07%
      0     0   206311.1259   243   711983.0000     Cuts: 128    25030   71.02%
      0     0   206636.2971   238   711983.0000      Cuts: 63    25264   70.98%
      0     0   206865.6505   210   711983.0000     Cuts: 142    25466   70.95%
      0     0   207113.7351   214   711983.0000      Cuts: 47    25686   70.91%
      0     0   207315.5291   242   711983.0000      Cuts: 35    25839   70.88%
      0     0   207624.2624   239   711983.0000      Cuts: 41    25998   70.84%
      0     0   207751.3258   237   711983.0000      Cuts: 42    26109   70.82%
      0     0   207974.4379   235   711983.0000  ZeroHalf: 21    26239   70.79%
      0     0   208163.9261   239   711983.0000      Cuts: 41    26382   70.76%
      0     0   208310.6813   214   711983.0000      Cuts: 73    26538   70.74%
*     0+    0                       710279.0000   208310.6813            70.67%
Detecting symmetries...
      0     2   208310.6813   214   710279.0000   208310.6813    26538   70.67%
Elapsed time = 41.39 sec. (31662.31 ticks, tree = 0.02 MB, solutions = 10)
      1     3   229489.0161   202   710279.0000   208311.5331    27109   70.67%
      2     4   261353.2392   177   710279.0000   208311.5331    27851   70.67%
      9     9   208442.2370   201   710279.0000   208366.8180    28498   70.66%
     24    17   221609.5855   202   710279.0000   208447.5974    31090   70.65%
     37    27   317827.9286   154   710279.0000   208447.5974    34247   70.65%
     48    44   311446.2318   146   710279.0000   208447.5974    39352   70.65%
     59    57   328178.5000   110   710279.0000   208447.5974    44056   70.65%
     80    61   369581.2500    89   710279.0000   208447.5974    44951   70.65%
     98    83   295169.3430   151   710279.0000   208447.5974    52480   70.65%
    218   154   479090.0000    71   710279.0000   208447.5974    61291   70.65%
Elapsed time = 63.14 sec. (35009.54 ticks, tree = 0.69 MB, solutions = 10)
    426   345   584615.7500    64   710279.0000   208447.5974    82215   70.65%
    570   519   302935.4253   145   710279.0000   208447.5974   101056   70.65%
    641   561   422454.0000    84   710279.0000   208447.5974   110588   70.65%
    710   619   472994.5000    81   710279.0000   208447.5974   122691   70.65%
    872   753   619221.0000    66   710279.0000   208447.5974   142365   70.65%
   1055   839   668870.0000    32   710279.0000   208447.5974   149085   70.65%
   1190  1056   558764.3333   102   710279.0000   220334.8663   173790   68.98%
   1326  1184   375748.2261   141   710279.0000   220334.8663   191761   68.98%
   1485  1288   534822.0000    70   710279.0000   220334.8663   201732   68.98%
   1649  1485   495748.0000    68   710279.0000   220334.8663   224425   68.98%
Elapsed time = 130.59 sec. (44650.11 ticks, tree = 182.13 MB, solutions = 10)
   1741  1529   264514.5859   176   710279.0000   222120.9396   232775   68.73%

Performing restart 1

Repeating presolve.
Tried aggregator 1 time.
MIP Presolve eliminated 820 rows and 28 columns.
Reduced MIP has 50130 rows, 3490 columns, and 150290 nonzeros.
Reduced MIP has 3490 binaries, 0 generals, 0 SOSs, and 0 indicators.
Presolve time = 0.07 sec. (69.07 ticks)
Tried aggregator 1 time.
Reduced MIP has 50130 rows, 3490 columns, and 150290 nonzeros.
Reduced MIP has 3490 binaries, 0 generals, 0 SOSs, and 0 indicators.
Presolve time = 0.09 sec. (84.09 ticks)
Represolve time = 0.25 sec. (221.73 ticks)
*  1743+    0                       706804.0000   222120.9396            68.57%
   1743     0   208631.7327   217   706804.0000      Cuts: 82   252998   68.57%
   1743     0   208815.0093   243   706804.0000     Cuts: 105   253226   68.57%
   1743     0   209003.7215   243   706804.0000      Cuts: 97   253387   68.57%
   1743     0   209200.0010   240   706804.0000      Cuts: 78   253538   68.57%
   1743     2   209200.0010   240   706804.0000   222120.9396   253538   68.57%
   1744     3   209288.8234   229   706804.0000   222120.9396   253647   68.57%
   1745     4   209302.6932   232   706804.0000   222120.9396   253671   68.57%
   1747     4   227533.8858   192   706804.0000   222120.9396   254360   68.57%
   1750     7   229422.9843   203   706804.0000   222120.9396   255664   68.57%
   1754     8   231274.4042   201   706804.0000   222120.9396   256179   68.57%
   1759    12   209781.4292   205   706804.0000   222120.9396   258384   68.57%
   1765    17   235501.8630   185   706804.0000   222120.9396   262186   68.57%
   1767    24   232189.3934   202   706804.0000   222120.9396   265227   68.57%
Elapsed time = 255.32 sec. (72848.20 ticks, tree = 1.23 MB, solutions = 11)
   1775    25   232613.3859   198   706804.0000   222120.9396   266255   68.57%
   1779    26   259560.0248   188   706804.0000   222120.9396   267325   68.57%
   1785    38   260927.5153   190   706804.0000   222120.9396   276431   68.57%
   1792    40   233023.1985   190   706804.0000   222120.9396   277235   68.57%
   1800    41   233397.7663   193   706804.0000   222120.9396   277376   68.57%
   1810    54   265796.1916   176   706804.0000   222120.9396   282634   68.57%
   1839    55   289397.3533   145   706804.0000   222120.9396   283342   68.57%
   1885    92   270115.2083   181   706804.0000   222120.9396   291046   68.57%
   1924   101   274384.6528   152   706804.0000   222120.9396   293755   68.57%
   1957   116   215534.3938   225   706804.0000   222120.9396   298765   68.57%
Elapsed time = 358.98 sec. (83901.30 ticks, tree = 1.63 MB, solutions = 11)
   1977   133   267834.6778   181   706804.0000   222120.9396   302569   68.57%
   1992   199   278669.7466   162   706804.0000   222120.9396   321045   68.57%
   2036   205   248737.3218   182   706804.0000   222120.9396   321954   68.57%
   2076   241   274022.0873   167   706804.0000   222120.9396   332127   68.57%
   2116   293   250759.2975   162   706804.0000   222120.9396   343191   68.57%
   2165   303   287551.0398   156   706804.0000   222120.9396   345143   68.57%
   2196   392   261195.2641   151   706804.0000   222120.9396   364935   68.57%
   2226   375   223845.7624   182   706804.0000   222120.9396   362193   68.57%
   2251   403   266248.2060   192   706804.0000   222120.9396   368009   68.57%
   2277   491   290203.8867   187   706804.0000   222120.9396   390672   68.57%
Elapsed time = 447.68 sec. (93765.52 ticks, tree = 15.29 MB, solutions = 11)
   2301   488   227848.6835   212   706804.0000   222120.9396   388840   68.57%
   2338   518   285042.9124   193   706804.0000   222120.9396   398921   68.57%
   2362   558   271728.5889   146   706804.0000   222120.9396   407700   68.57%
   2384   583   286579.9333   188   706804.0000   222120.9396   413701   68.57%
   2419   636   327080.6394   145   706804.0000   222120.9396   427820   68.57%
   2444   586   287013.0498   228   706804.0000   222120.9396   414586   68.57%
   2466   659   276575.4268   172   706804.0000   222120.9396   431954   68.57%
   2492   682   317753.3400   153   706804.0000   222120.9396   437222   68.57%
   2519   694   317654.0458   166   706804.0000   222120.9396   440848   68.57%
   2539   732   298390.7470   194   706804.0000   222120.9396   449122   68.57%
Elapsed time = 545.22 sec. (103643.46 ticks, tree = 17.33 MB, solutions = 11)
   2564   739   317422.3973   168   706804.0000   222120.9396   451421   68.57%
   2592   737   285052.7094   179   706804.0000   222120.9396   450873   68.57%
   2620   813   309800.8652   173   706804.0000   222120.9396   470220   68.57%
   2646   783   354242.8054   163   706804.0000   222120.9396   460571   68.57%
   2669   768   290876.8543   231   706804.0000   222120.9396   457204   68.57%
   2689   853   287229.0139   181   706804.0000   222120.9396   480963   68.57%
   2724   904   317794.2269   187   706804.0000   222120.9396   493917   68.57%
   2755   839   339527.4863   180   706804.0000   222120.9396   478656   68.57%
   2785   871   293518.4145   189   706804.0000   222120.9396   484891   68.57%
   2814   989   304616.4490   163   706804.0000   222120.9396   511936   68.57%
Elapsed time = 646.71 sec. (113323.49 ticks, tree = 18.75 MB, solutions = 11)
   2835   938   363797.7397   173   706804.0000   222120.9396   501912   68.57%
   2865  1093   344706.7446   194   706804.0000   222120.9396   534650   68.57%
   2881   966   341291.8643   188   706804.0000   222120.9396   508940   68.57%
   2913  1025   355154.3938   159   706804.0000   222120.9396   520662   68.57%
   2956  1058   372601.2500   158   706804.0000   222120.9396   527045   68.57%
   2979  1133   334378.6668   149   706804.0000   222120.9396   544216   68.57%
   3007  1162   365815.2778   133   706804.0000   222120.9396   551658   68.57%
   3043  1193   399670.0201   164   706804.0000   222120.9396   557793   68.57%
   3088  1099   344368.5213   190   706804.0000   222120.9396   536993   68.57%
   3126  1214   398565.9444   133   706804.0000   222120.9396   559843   68.57%
Elapsed time = 741.43 sec. (123064.83 ticks, tree = 20.02 MB, solutions = 11)
   3169  1327   303491.9522   214   706804.0000   222120.9396   584551   68.57%
   3206  1369   406320.0833   119   706804.0000   222120.9396   591552   68.57%
   3240  1281   374467.7923   172   706804.0000   222120.9396   575343   68.57%
   3268  1449   374533.5492   142   706804.0000   222120.9396   605530   68.57%
   3314  1418   253614.3796   197   706804.0000   222120.9396   598346   68.57%
   3376  1437   391245.2890   173   706804.0000   222120.9396   601811   68.57%
   3414  1543   398501.7981   131   706804.0000   222120.9396   622853   68.57%
   3455  1459   386983.0938   160   706804.0000   222120.9396   608485   68.57%
   3492  1681   431325.9800   131   706804.0000   222120.9396   642182   68.57%
   3558  1691   433378.9583   124   706804.0000   222120.9396   642748   68.57%
Elapsed time = 835.00 sec. (132885.29 ticks, tree = 24.31 MB, solutions = 11)
   3599  1675   367763.7071   147   706804.0000   222120.9396   644088   68.57%
   3657  1737   263446.1420   177   706804.0000   222120.9396   651236   68.57%
   3702  1721   330019.1043   160   706804.0000   222120.9396   649408   68.57%
   3756  1824   402509.4651   146   706804.0000   222120.9396   664608   68.57%
   3820  1925   315454.9455   182   706804.0000   222120.9396   681570   68.57%
   3860  1956   287645.9492   199   706804.0000   222120.9396   685938   68.57%
   3921  1892   447700.0000    76   706804.0000   222120.9396   678556   68.57%
   3976  2066   409289.8618   182   706804.0000   222120.9396   700437   68.57%
   4016  2054   428461.5362   149   706804.0000   222120.9396   697064   68.57%

Performing restart 2

Repeating presolve.
Tried aggregator 1 time.
Reduced MIP has 50130 rows, 3490 columns, and 196979 nonzeros.
Reduced MIP has 3490 binaries, 0 generals, 0 SOSs, and 0 indicators.
Presolve time = 0.13 sec. (114.81 ticks)
Tried aggregator 1 time.
Reduced MIP has 50130 rows, 3490 columns, and 196979 nonzeros.
Reduced MIP has 3490 binaries, 0 generals, 0 SOSs, and 0 indicators.
Presolve time = 0.15 sec. (134.51 ticks)
Represolve time = 0.38 sec. (337.73 ticks)
   4054     0   210053.0322   256   706804.0000     Cuts: 100   742159   68.57%
   4054     0   210330.4165   253   706804.0000      Cuts: 94   742443   68.57%
   4054     0   210567.1200   251   706804.0000      Cuts: 78   742708   68.57%
*  4054+    0                       703325.0000   222120.9396            68.42%
   4054     0   210847.7337   248   703325.0000     Cuts: 114   743017   68.42%
   4054     0   211199.0922   252   703325.0000     Cuts: 106   743400   68.42%
   4054     0   211398.9517   253   703325.0000     Cuts: 100   743606   68.42%
   4054     0   211714.7683   240   703325.0000      Cuts: 96   743834   68.42%
   4054     0   211989.3882   251   703325.0000     Cuts: 152   744052   68.42%
   4054     2   211989.3882   251   703325.0000   222120.9396   744052   68.42%
Elapsed time = 957.17 sec. (164729.40 ticks, tree = 0.02 MB, solutions = 12)
   4163    87   306922.4907   162   703325.0000   222120.9396   785725   68.42%
   4435   288   454819.5000    82   703325.0000   222120.9396   849955   68.42%
   4829   602   388943.0000    87   703325.0000   222120.9396   908267   68.42%
   5122   931   435139.2083   126   703325.0000   222120.9396   991290   68.42%
   5486  1209   696042.6250    66   703325.0000   222120.9396  1042612   68.42%
   5713  1516   340412.8116   173   703325.0000   222120.9396  1120704   68.42%
   5987  1720   314522.1562   148   703325.0000   222120.9396  1176609   68.42%
   6220  1934   352116.0080   186   703325.0000   222120.9396  1225444   68.42%
   6455  2146   487395.4444   118   703325.0000   222120.9396  1271361   68.42%
   6663  2341   367598.1298   235   703325.0000   222120.9396  1323675   68.42%
Elapsed time = 1313.64 sec. (203001.12 ticks, tree = 17.34 MB, solutions = 12)
   6887  2645   415224.0931   212   703325.0000   222120.9396  1387609   68.42%
   7054  2735   585207.2513   185   703325.0000   228919.7491  1411805   67.45%
   7227  2937   266881.8269   190   703325.0000   228919.7491  1464986   67.45%
   7417  3078   645003.1077   159   703325.0000   228919.7491  1500297   67.45%
   7621  3341   315936.8240   181   703325.0000   231078.4935  1575351   67.14%
   7872  3529   459808.8777   156   703325.0000   232200.8625  1616588   66.99%
   8079  3759   326544.1230   184   703325.0000   232200.8625  1665088   66.99%
   8270  4018   469250.0911   156   703325.0000   232455.6848  1723097   66.95%
   8519  4120   476489.7511   172   703325.0000   232455.6848  1743662   66.95%
   8707  4363   478684.0331   178   703325.0000   232455.6848  1792921   66.95%
Elapsed time = 1695.99 sec. (241249.26 ticks, tree = 36.28 MB, solutions = 12)
   8941  4593   300197.3829   203   703325.0000   233058.2624  1838101   66.86%
   9147  4856   457068.4328   168   703325.0000   233058.2624  1898730   66.86%
   9369  4959   421819.8880   188   703325.0000   233058.2624  1926919   66.86%
   9567  5243   453917.4284   188   703325.0000   233058.2624  1993868   66.86%
   9800  5411   494437.5190   207   703325.0000   233058.2624  2035926   66.86%
  10049  5626   540466.5599   167   703325.0000   235940.9626  2073464   66.45%
  10337  5992   643203.5000    53   703325.0000   235940.9626  2144067   66.45%
  10602  6281   597465.8061   161   703325.0000   236497.7572  2200009   66.37%
  10884  6414   458732.5833   119   703325.0000   237066.6010  2241005   66.29%
  11205  6826   313639.8049   212   703325.0000   237240.9883  2341052   66.27%
Elapsed time = 2099.81 sec. (279569.25 ticks, tree = 56.72 MB, solutions = 12)
  11490  6961   383789.1704   234   703325.0000   237240.9883  2374871   66.27%
  11714  7386   316355.6871   175   703325.0000   237240.9883  2477851   66.27%
  11924  7443   450995.6183   229   703325.0000   237240.9883  2492014   66.27%
  12140  7712   507178.9415   160   703325.0000   237240.9883  2562464   66.27%
  12405  7891   569179.3590   161   703325.0000   237240.9883  2598996   66.27%
* 12626+ 8114                       690174.0000   237240.9883            65.63%
  12661  8266   690517.6250    92   690174.0000   237240.9883  2677088   65.63%
  12909  8356   674157.8696   120   690174.0000   239123.5203  2715715   65.35%
  13120  8452   560046.0005   133   690174.0000   239123.5203  2737463   65.35%
  13333  8660   587953.4937   177   690174.0000   239434.3060  2778952   65.31%
  13513  8885   641056.4702   142   690174.0000   239434.3060  2821900   65.31%
Elapsed time = 2491.82 sec. (317876.68 ticks, tree = 237.82 MB, solutions = 13)
  13717  9211   478730.8095   188   690174.0000   239434.3060  2907609   65.31%
  13940  9310   385567.0847   195   690174.0000   239434.3060  2935030   65.31%
  14205  9646   677109.5000   133   690174.0000   239434.3060  3003903   65.31%
  14418  9817   449954.2719   171   690174.0000   240151.3150  3038568   65.20%
  14640  9995   318957.3959   224   690174.0000   240448.9728  3084110   65.16%
  14863 10265   478049.0357   147   690174.0000   240448.9728  3157544   65.16%
  15087 10319   639519.7034   155   690174.0000   240448.9728  3168471   65.16%
  15314 10564   427331.2879   171   690174.0000   240667.9941  3233747   65.13%
  15522 10903   317333.5759   174   690174.0000   241015.0089  3307331   65.08%
  15754 11104   345837.5578   205   690174.0000   241015.0089  3361544   65.08%
Elapsed time = 2876.23 sec. (356280.48 ticks, tree = 256.32 MB, solutions = 13)
  15990 11235   454965.6162   143   690174.0000   241024.7851  3396167   65.08%
  16233 11529   582648.4741   142   690174.0000   241027.3015  3456046   65.08%
  16501 11862        cutoff         690174.0000   241109.7108  3516920   65.07%
* 16607+11784                       685959.0000   241109.7108            64.85%
  16761 12023   643289.7857   119   685959.0000   241109.7108  3540752   64.85%
  16993 12220   362268.2196   189   685959.0000   241440.4376  3588132   64.80%
  17268 12502   558512.7901   121   685959.0000   241590.5005  3628244   64.78%
  17592 12738   497018.0811   165   685959.0000   241716.3423  3668045   64.76%
  17841 12910   294005.5058   171   685959.0000   241719.5213  3692778   64.76%
Starting limited solution polishing.
  18163 13326   679483.1667   126   685959.0000   242232.9796  3762927   64.69%
* 18276+13337                       685920.0000   242232.9796            64.68%
  18471 13483   393365.5039   169   685920.0000   242568.8106  3792561   64.64%
Elapsed time = 3284.59 sec. (394504.86 ticks, tree = 650.43 MB, solutions = 15)
  18797 14009   494798.5000    71   685920.0000   242568.8106  3871145   64.64%
* 18975+14023                       684322.0000   243040.1585            64.48%
* 19012+14052                       683231.0000   243040.1585            64.43%
* 19087+14052                       666577.0000   243518.8397            63.47%
  19148 14027   311145.1525   213   666577.0000   243518.8397  3866754   63.47%
* 19377+14131                       666124.0000   243518.8397            63.44%
  19400 13797   308034.4599   172   666124.0000   243518.8397  3918121   63.44%
  19656 14298   665831.8949   152   666124.0000   243518.8397  3984551   63.44%
  19798 14405   404626.1715   204   666124.0000   244148.1880  4005464   63.35%
* 19805+14053                       661048.0000   244148.1880            63.07%
* 19953+14503                       660595.0000   244148.1880            63.04%
  20015 14506   443539.5571   170   660595.0000   244330.9675  4043259   63.01%
* 20156+14521                       655628.0000   244330.9675            62.73%
  20254 14554   343167.3109   194   655628.0000   244330.9675  4066637   62.73%
  20422 14740   557923.2002   188   655628.0000   244815.7424  4089724   62.66%
* 20558+14828                       652651.0000   244844.7482            62.48%
* 20564+14557                       651903.0000   244844.7482            62.44%
* 20608+14828                       651628.0000   244844.7482            62.43%
  20609 14807   355862.1850   145   651628.0000   244844.7482  4106526   62.43%
* 20642+14828                       650500.0000   244844.7482            62.36%
* 20761+14828                       649247.0000   244844.7482            62.29%
  20878 14835   438173.7684   183   649247.0000   244958.7391  4115218   62.27%
Elapsed time = 3574.17 sec. (432822.81 ticks, tree = 1121.12 MB, solutions = 34)
* 20895+15010                       646472.0000   244958.7391            62.11%
* 21107+15040                       643001.0000   244958.7391            61.90%
  21165 15002   562788.7029   136   643001.0000   244958.7391  4133799   61.90%

Zero-half cuts applied:  375
Lift and project cuts applied:  44

Root node processing (before b&c):
  Real time             =   41.33 sec. (31573.88 ticks)
Parallel b&c, 8 threads:
  Real time             = 3558.69 sec. (406305.46 ticks)
  Sync time (average)   =  685.07 sec.
  Wait time (average)   =    0.02 sec.
                          ------------
Total (root+branch&cut) = 3600.01 sec. (437879.34 ticks)
Status: Feasible
Obj: 643001

Instalacoes abertas:
Instalação 0 aberta
Instalação 1 aberta
Instalação 4 aberta
Instalação 8 aberta
Instalação 9 aberta
Instalação 13 aberta
Instalação 16 aberta
Instalação 18 aberta
Instalação 19 aberta
Instalação 20 aberta
Instalação 22 aberta
Instalação 23 aberta
Instalação 25 aberta
Instalação 31 aberta
Instalação 39 aberta
Instalação 46 aberta
Instalação 47 aberta
Instalação 49 aberta

Atribuições (cliente -> instalação):
Cliente 0 -> Instalação 47
Cliente 1 -> Instalação 49
Cliente 2 -> Instalação 19
Cliente 3 -> Instalação 4
Cliente 4 -> Instalação 46
Cliente 5 -> Instalação 49
Cliente 6 -> Instalação 19
Cliente 7 -> Instalação 13
Cliente 8 -> Instalação 9
Cliente 9 -> Instalação 20
Cliente 10 -> Instalação 22
Cliente 11 -> Instalação 31
Cliente 12 -> Instalação 16
Cliente 13 -> Instalação 23
Cliente 14 -> Instalação 9
Cliente 15 -> Instalação 20
Cliente 16 -> Instalação 47
Cliente 17 -> Instalação 39
Cliente 18 -> Instalação 4
Cliente 19 -> Instalação 19
Cliente 20 -> Instalação 31
Cliente 21 -> Instalação 13
Cliente 22 -> Instalação 22
Cliente 23 -> Instalação 23
Cliente 24 -> Instalação 8
Cliente 25 -> Instalação 9
Cliente 26 -> Instalação 47
Cliente 27 -> Instalação 4
Cliente 28 -> Instalação 25
Cliente 29 -> Instalação 1
Cliente 30 -> Instalação 1
Cliente 31 -> Instalação 9
Cliente 32 -> Instalação 0
Cliente 33 -> Instalação 8
Cliente 34 -> Instalação 0
Cliente 35 -> Instalação 18
Cliente 36 -> Instalação 9
Cliente 37 -> Instalação 25
Cliente 38 -> Instalação 4
Cliente 39 -> Instalação 13
Cliente 40 -> Instalação 16
Cliente 41 -> Instalação 18
Cliente 42 -> Instalação 0
Cliente 43 -> Instalação 47
Cliente 44 -> Instalação 46
Cliente 45 -> Instalação 8
Cliente 46 -> Instalação 20
Cliente 47 -> Instalação 8
Cliente 48 -> Instalação 39
Cliente 49 -> Instalação 23
