Version identifier: 22.1.1.0 | 2022-11-28 | 9160aff4d
CPXPARAM_TimeLimit                               3600
Found incumbent of value 1871920.000000 after 0.00 sec. (4.10 ticks)
Tried aggregator 1 time.
MIP Presolve eliminated 50 rows and 1 columns.
Reduced MIP has 63750 rows, 3774 columns, and 191150 nonzeros.
Reduced MIP has 3774 binaries, 0 generals, 0 SOSs, and 0 indicators.
Presolve time = 0.10 sec. (83.25 ticks)
Probing time = 0.03 sec. (8.81 ticks)
Tried aggregator 1 time.
Detecting symmetries...
Reduced MIP has 63750 rows, 3774 columns, and 191150 nonzeros.
Reduced MIP has 3774 binaries, 0 generals, 0 SOSs, and 0 indicators.
Presolve time = 0.13 sec. (101.60 ticks)
Probing time = 0.04 sec. (8.88 ticks)
Clique table members: 2500.
MIP emphasis: balance optimality and feasibility.
MIP search method: dynamic search.
Parallel mode: deterministic, using up to 8 threads.
Root relaxation solution time = 0.23 sec. (92.62 ticks)

        Nodes                                         Cuts/
   Node  Left     Objective  IInf  Best Integer    Best Bound    ItCnt     Gap

*     0+    0                      1871920.0000        0.0000           100.00%
      0     0    93774.0000   100  1871920.0000    93774.0000      186   94.99%
      0     0   106217.5000   100  1871920.0000    Cuts: 3136      374   94.33%
      0     0   118774.0000    98  1871920.0000    Cuts: 3045      658   93.65%
      0     0   131111.1667   149  1871920.0000    Cuts: 1232     2028   93.00%
*     0+    0                      1803732.0000   131111.1667            92.73%
*     0+    0                      1742377.0000   131111.1667            92.48%
*     0+    0                      1708257.0000   131111.1667            92.32%
*     0+    0                      1705949.0000   131111.1667            92.31%
*     0+    0                      1705538.0000   131111.1667            92.31%
      0     0  -1.00000e+75     0  1705538.0000   131111.1667     2028   92.31%
      0     0   135445.2619   216  1705538.0000 ZeroHalf: 1441     2563   92.06%
*     0+    0                      1567705.0000   135445.2619            91.36%
      0     0   143355.5625   174  1567705.0000     Cuts: 992     3490   90.86%
Detecting symmetries...
      0     0   151282.8544   182  1567705.0000    Cuts: 1492     4614   90.35%
*     0+    0                      1535349.0000   151282.8544            90.15%
*     0+    0                      1533906.0000   151282.8544            90.14%
      0     0  -1.00000e+75     0  1533906.0000   151282.8544     4614   90.14%
*     0+    0                      1475092.0000   151282.8544            89.74%
      0     0   159479.3044   221  1475092.0000     Cuts: 364     5602   89.19%
      0     0   164910.8965   195  1475092.0000     Cuts: 599     6452   88.82%
      0     0   169629.6644   208  1475092.0000     Cuts: 685     7325   88.50%
      0     0   173998.2582   206  1475092.0000     Cuts: 454     8332   88.20%
      0     0   177021.2508   202  1475092.0000     Cuts: 210     8911   88.00%
      0     0   180150.2302   210  1475092.0000     Cuts: 263     9589   87.79%
      0     0   182443.6615   248  1475092.0000 ZeroHalf: 117    10048   87.63%
*     0+    0                      1407897.0000   182443.6615            87.04%
      0     0   185676.4858   237  1407897.0000     Cuts: 632    10916   86.81%
      0     0   187682.1778   229  1407897.0000     Cuts: 256    11405   86.67%
      0     0   189121.6751   201  1407897.0000     Cuts: 688    11944   86.57%
      0     0   190734.7578   234  1407897.0000     Cuts: 233    12452   86.45%
      0     0   192314.4768   206  1407897.0000     Cuts: 377    13003   86.34%
      0     0   194439.3383   199  1407897.0000     Cuts: 193    13606   86.19%
      0     0   195800.2274   204  1407897.0000     Cuts: 194    14063   86.09%
      0     0   197090.4619   188  1407897.0000     Cuts: 121    14495   86.00%
      0     0   198311.3343   199  1407897.0000     Cuts: 170    15000   85.91%
      0     0   199462.2166   228  1407897.0000     Cuts: 149    15498   85.83%
      0     0   200430.3058   219  1407897.0000     Cuts: 100    15813   85.76%
*     0+    0                      1405392.0000   200430.3058            85.74%
      0     0   201700.3780   220  1405392.0000     Cuts: 264    16403   85.65%
*     0+    0                      1403152.0000   201700.3780            85.63%
*     0+    0                      1393181.0000   201700.3780            85.52%
      0     0  -1.00000e+75     0  1393181.0000   201700.3780    16403   85.52%
*     0+    0                      1380560.0000   201700.3780            85.39%
      0     0   202767.8375   230  1380560.0000     Cuts: 140    16905   85.31%
      0     0   203760.3928   201  1380560.0000     Cuts: 372    17314   85.24%
      0     0   205016.0472   216  1380560.0000     Cuts: 116    17823   85.15%
      0     0   206111.0295   225  1380560.0000     Cuts: 268    18277   85.07%
      0     0   207134.7424   244  1380560.0000     Cuts: 107    18673   85.00%
      0     0   208191.4061   231  1380560.0000      Cuts: 87    19109   84.92%
      0     0   208819.1741   202  1380560.0000     Cuts: 301    19535   84.87%
      0     0   209416.2836   225  1380560.0000  ZeroHalf: 68    19955   84.83%
      0     0   209973.1747   226  1380560.0000      Cuts: 78    20212   84.79%
      0     0   211264.7966   210  1380560.0000      Cuts: 48    20631   84.70%
      0     0   212427.1114   222  1380560.0000     Cuts: 315    21157   84.61%
      0     0   213132.3972   230  1380560.0000     Cuts: 210    21564   84.56%
      0     0   213855.9608   220  1380560.0000      Cuts: 75    21889   84.51%
*     0+    0                      1351136.0000   213855.9608            84.17%
      0     0   214729.4375   231  1351136.0000     Cuts: 164    22316   84.11%
      0     0   215360.2514   227  1351136.0000      Cuts: 94    22623   84.06%
      0     0   215952.9785   222  1351136.0000      Cuts: 45    22924   84.02%
      0     0   216358.3669   218  1351136.0000     Cuts: 137    23204   83.99%
      0     0   216938.5450   219  1351136.0000      Cuts: 80    23533   83.94%
      0     0   217512.6771   215  1351136.0000     Cuts: 133    23880   83.90%
      0     0   218152.1522   235  1351136.0000      Cuts: 89    24242   83.85%
      0     0   218933.9362   226  1351136.0000      Cuts: 93    24743   83.80%
      0     0   219412.3455   227  1351136.0000     Cuts: 143    25044   83.76%
      0     0   220064.9243   220  1351136.0000      Cuts: 89    25437   83.71%
      0     0   220900.7886   227  1351136.0000      Cuts: 89    25815   83.65%
      0     0   221683.3501   222  1351136.0000     Cuts: 134    26155   83.59%
      0     0   222478.2164   223  1351136.0000     Cuts: 108    26477   83.53%
      0     0   223244.7346   228  1351136.0000     Cuts: 200    26937   83.48%
      0     0   223779.4872   222  1351136.0000      Cuts: 81    27242   83.44%
      0     0   224326.4147   224  1351136.0000      Cuts: 60    27574   83.40%
      0     0   224886.7216   244  1351136.0000      Cuts: 81    27906   83.36%
      0     0   225296.1113   247  1351136.0000     Cuts: 144    28234   83.33%
      0     0   225669.9255   242  1351136.0000     Cuts: 270    28554   83.30%
      0     0   226300.3082   243  1351136.0000      Cuts: 57    28847   83.25%
      0     0   227248.2263   224  1351136.0000     Cuts: 203    29262   83.18%
      0     0   227815.1845   226  1351136.0000     Cuts: 198    29509   83.14%
      0     0   228316.5096   217  1351136.0000      Cuts: 56    29773   83.10%
      0     0   228735.6140   222  1351136.0000      Cuts: 57    29975   83.07%
      0     0   229176.8174   232  1351136.0000      Cuts: 59    30331   83.04%
      0     0   229854.3164   230  1351136.0000     Cuts: 106    30667   82.99%
      0     0   230554.0286   226  1351136.0000      Cuts: 70    31006   82.94%
      0     0   230931.2280   223  1351136.0000      Cuts: 99    31265   82.91%
      0     0   231466.2293   222  1351136.0000      Cuts: 72    31565   82.87%
      0     0   231808.2440   228  1351136.0000     Cuts: 145    31820   82.84%
      0     0   232177.5706   225  1351136.0000      Cuts: 47    32013   82.82%
      0     0   232674.9785   232  1351136.0000      Cuts: 66    32305   82.78%
      0     0   233214.0488   254  1351136.0000      Cuts: 92    32575   82.74%
      0     0   233912.0032   241  1351136.0000      Cuts: 56    32919   82.69%
      0     0   234388.4343   260  1351136.0000      Cuts: 71    33176   82.65%
      0     0   234792.8402   230  1351136.0000     Cuts: 147    33405   82.62%
      0     0   235390.8975   228  1351136.0000      Cuts: 61    33798   82.58%
      0     0   236109.2580   228  1351136.0000      Cuts: 45    34153   82.53%
      0     0   236787.3340   248  1351136.0000     Cuts: 173    34497   82.47%
      0     0   237144.3660   233  1351136.0000      Cuts: 69    34672   82.45%
      0     0   237685.6798   239  1351136.0000      Cuts: 58    34934   82.41%
      0     0   238199.3580   243  1351136.0000     Cuts: 118    35288   82.37%
      0     0   238517.5735   245  1351136.0000      Cuts: 92    35513   82.35%
      0     0   238971.6410   232  1351136.0000      Cuts: 86    35792   82.31%
      0     0   239302.2659   229  1351136.0000      Cuts: 67    36055   82.29%
      0     0   239567.4830   242  1351136.0000      Cuts: 59    36253   82.27%
      0     0   239887.2919   246  1351136.0000      Cuts: 56    36482   82.25%
      0     0   240511.3593   242  1351136.0000      Cuts: 73    36822   82.20%
      0     0   241272.5192   249  1351136.0000      Cuts: 72    37162   82.14%
      0     0   241818.5789   256  1351136.0000     Cuts: 228    37489   82.10%
      0     0   242136.0986   264  1351136.0000      Cuts: 49    37745   82.08%
      0     0   242686.8747   230  1351136.0000     Cuts: 211    38075   82.04%
      0     0   243139.1856   239  1351136.0000      Cuts: 63    38414   82.00%
      0     0   243640.2139   237  1351136.0000      Cuts: 87    38769   81.97%
      0     0   243949.4288   232  1351136.0000      Cuts: 42    39036   81.94%
      0     0   244252.9368   263  1351136.0000      Cuts: 63    39311   81.92%
      0     0   244666.7889   255  1351136.0000      Cuts: 44    39671   81.89%
      0     0   245204.7189   256  1351136.0000     Cuts: 142    39925   81.85%
      0     0   245606.6831   259  1351136.0000      Cuts: 29    40256   81.82%
      0     0   246214.6649   239  1351136.0000      Cuts: 64    40606   81.78%
      0     0   246800.5586   234  1351136.0000     Cuts: 137    41011   81.73%
      0     0   247488.4925   233  1351136.0000      Cuts: 64    41357   81.68%
      0     0   248252.5580   244  1351136.0000      Cuts: 77    41801   81.63%
      0     0   248771.8451   244  1351136.0000      Cuts: 46    42032   81.59%
      0     0   249327.8514   235  1351136.0000      Cuts: 79    42280   81.55%
      0     0   250303.8082   237  1351136.0000      Cuts: 45    42754   81.47%
      0     0   250866.0595   240  1351136.0000      Cuts: 65    43046   81.43%
      0     0   251356.1284   250  1351136.0000     Cuts: 102    43341   81.40%
      0     0   251722.1172   245  1351136.0000      Cuts: 67    43579   81.37%
      0     0   252068.0606   259  1351136.0000      Cuts: 55    43809   81.34%
      0     0   252239.3469   246  1351136.0000     Cuts: 104    43993   81.33%
      0     0   252541.4965   238  1351136.0000      Cuts: 28    44254   81.31%
      0     0   252768.0867   251  1351136.0000     Cuts: 191    44543   81.29%
*     0+    0                      1332784.0000   252768.0867            81.03%
      0     0  -1.00000e+75     0  1332784.0000   252768.0867    44543   81.03%
Detecting symmetries...
      0     2   252768.0867   251  1332784.0000   252768.0867    44543   81.03%
Elapsed time = 103.10 sec. (68611.21 ticks, tree = 0.02 MB, solutions = 17)
      1     3   252971.6501   246  1332784.0000   252771.4050    44816   81.03%
      3     4   253084.8082   250  1332784.0000   252771.4050    44937   81.03%
      4     5   324365.4162   199  1332784.0000   252980.5909    46488   81.02%
*     7+    4                      1332729.0000   252980.5909            81.02%
      8    10   325220.9038   198  1332729.0000   253087.3031    48054   81.01%
     12    13   326159.7306   190  1332729.0000   253087.3031    48539   81.01%
     19    17   327045.5546   203  1332729.0000   253087.3031    50071   81.01%
     25    18   352070.1381   169  1332729.0000   253087.3031    50451   81.01%
     28    21   354484.9946   188  1332729.0000   253087.3031    52002   81.01%
     32    30   325533.7583   205  1332729.0000   253087.3031    54083   81.01%
     49    48   289384.8195   212  1332729.0000   253087.3031    60678   81.01%
Elapsed time = 129.60 sec. (72240.97 ticks, tree = 4.68 MB, solutions = 17)
     63    59   517939.7500   157  1332729.0000   253087.3031    64310   81.01%
     70    62   478885.4500   172  1332729.0000   253087.3031    65818   81.01%
    107   106   565797.5000   117  1332729.0000   253087.3031    76971   81.01%
    146   146   717314.1250   113  1332729.0000   253087.3031    83343   81.01%
    189   181   928463.0000    59  1332729.0000   253222.6436    87543   81.00%
    259   235  1077166.0000    44  1332729.0000   253222.6436    95814   81.00%
    332   302   630615.7500   115  1332729.0000   253222.6436   112906   81.00%
    421   354   525944.1250   150  1332729.0000   253222.6436   116793   81.00%
    512   469   907478.1000    65  1332729.0000   253222.6436   133940   81.00%
    595   511  1095898.5000    40  1332729.0000   253222.6436   135870   81.00%
Elapsed time = 187.92 sec. (81936.37 ticks, tree = 14.98 MB, solutions = 18)
    684   593  1289265.5000    25  1332729.0000   253222.6436   147226   81.00%
    737   580   326715.2176   197  1332729.0000   253222.6436   152748   81.00%
    837   709   712106.0000    77  1332729.0000   253222.6436   167877   81.00%
    944   828   321921.4423   207  1332729.0000   253222.6436   190684   81.00%
   1087   893   766426.5000    95  1332729.0000   253222.6436   197094   81.00%
   1260  1024   935861.0000    54  1332729.0000   253222.6436   207400   81.00%
   1424  1073   882052.5000    66  1332729.0000   253222.6436   217364   81.00%
   1558  1417   974773.5000    54  1332729.0000   253222.6436   240127   81.00%
   1694  1520  1032825.0000    53  1332729.0000   253222.6436   249616   81.00%
   1771  1548  1089701.5000    44  1332729.0000   253222.6436   250587   81.00%
Elapsed time = 250.25 sec. (91665.85 ticks, tree = 25.42 MB, solutions = 18)

Performing restart 1

Repeating presolve.
Tried aggregator 1 time.
MIP Presolve eliminated 285 rows and 6 columns.
Reduced MIP has 63465 rows, 3768 columns, and 190295 nonzeros.
Reduced MIP has 3768 binaries, 0 generals, 0 SOSs, and 0 indicators.
Presolve time = 0.10 sec. (85.31 ticks)
Tried aggregator 1 time.
Reduced MIP has 63465 rows, 3768 columns, and 190295 nonzeros.
Reduced MIP has 3768 binaries, 0 generals, 0 SOSs, and 0 indicators.
Presolve time = 0.13 sec. (104.68 ticks)
Represolve time = 0.36 sec. (284.97 ticks)
*  1772+    0                      1330630.0000   253222.6436            80.97%
   1772     0   253186.4593   263  1330630.0000     Cuts: 124   275656   80.97%
   1772     0   253635.1617   261  1330630.0000     Cuts: 120   275950   80.94%
   1772     0   254130.6618   263  1330630.0000      Cuts: 93   276380   80.90%
*  1772+    0                      1328643.0000   254130.6618            80.87%
   1772     0  -1.00000e+75     0  1328643.0000   254130.6618   276380   80.87%
   1772     0   254644.3088   263  1328643.0000      Cuts: 97   276857   80.83%
   1772     0   255105.8187   260  1328643.0000     Cuts: 100   277212   80.80%
   1772     0   255375.7974   255  1328643.0000     Cuts: 125   277569   80.78%
   1772     0   255840.5778   253  1328643.0000     Cuts: 124   278019   80.74%
   1772     0   256138.5198   259  1328643.0000     Cuts: 105   278371   80.72%
   1772     0   256380.5894   261  1328643.0000     Cuts: 111   278668   80.70%
   1772     0   256765.9328   258  1328643.0000     Cuts: 104   279023   80.67%
   1772     0   257147.5048   269  1328643.0000      Cuts: 72   279323   80.65%
   1772     0   257758.6390   259  1328643.0000      Cuts: 82   279735   80.60%
   1772     0   258131.9580   257  1328643.0000      Cuts: 74   280055   80.57%
   1772     0   258575.9767   261  1328643.0000      Cuts: 85   280346   80.54%
   1772     0   258926.4792   259  1328643.0000      Cuts: 51   280702   80.51%
   1772     0   259439.9045   261  1328643.0000      Cuts: 92   281182   80.47%
   1772     0   259812.6520   256  1328643.0000      Cuts: 49   281429   80.45%
   1772     0   260261.5982   257  1328643.0000      Cuts: 78   281775   80.41%
   1772     0   260659.0045   257  1328643.0000      Cuts: 62   282040   80.38%
   1772     0   261168.9383   251  1328643.0000     Cuts: 101   282378   80.34%
   1772     0   261529.3841   258  1328643.0000      Cuts: 87   282682   80.32%
   1772     0   261998.9212   256  1328643.0000      Cuts: 53   283125   80.28%
   1772     0   262344.1533   258  1328643.0000     Cuts: 133   283445   80.25%
   1772     0   262704.4335   258  1328643.0000      Cuts: 58   283764   80.23%
   1772     0   263113.0188   264  1328643.0000      Cuts: 93   284065   80.20%
   1772     0   263327.1271   264  1328643.0000      Cuts: 69   284348   80.18%
   1772     0   263647.4084   261  1328643.0000      Cuts: 58   284665   80.16%
   1772     0   263992.6014   255  1328643.0000      Cuts: 58   284971   80.13%
   1772     0   264398.4555   250  1328643.0000      Cuts: 75   285284   80.10%
   1772     0   264589.8962   254  1328643.0000     Cuts: 104   285483   80.09%
   1772     0   264907.5661   265  1328643.0000      Cuts: 65   285810   80.06%
   1772     0   265112.5247   252  1328643.0000      Cuts: 92   286134   80.05%
   1772     0   265383.6218   254  1328643.0000  ZeroHalf: 49   286439   80.03%
   1772     0   265879.1411   270  1328643.0000     Cuts: 106   286824   79.99%
   1772     0   266305.2031   256  1328643.0000      Cuts: 70   287083   79.96%
   1772     0   266707.8941   251  1328643.0000  ZeroHalf: 77   287416   79.93%
   1772     0   267043.7685   260  1328643.0000     Cuts: 107   287723   79.90%
   1772     0   267406.8161   252  1328643.0000  ZeroHalf: 35   287990   79.87%
   1772     0   267896.2452   253  1328643.0000      Cuts: 52   288257   79.84%
   1772     0   268415.6406   245  1328643.0000      Cuts: 68   288509   79.80%
   1772     0   268916.2073   240  1328643.0000      Cuts: 63   288889   79.76%
   1772     0   269339.3700   243  1328643.0000     Cuts: 118   289138   79.73%
   1772     0   269715.8059   241  1328643.0000  ZeroHalf: 65   289457   79.70%
   1772     0   270172.9044   245  1328643.0000      Cuts: 72   289752   79.67%
   1772     0   270389.3323   245  1328643.0000      Cuts: 44   289895   79.65%
   1772     0   270596.9507   253  1328643.0000  ZeroHalf: 40   290113   79.63%
   1772     0   270896.7801   234  1328643.0000      Cuts: 48   290346   79.61%
   1772     0   271282.3705   240  1328643.0000      Cuts: 70   290634   79.58%
   1772     0   271728.7310   245  1328643.0000      Cuts: 69   290898   79.55%
   1772     0   272161.3406   243  1328643.0000      Cuts: 50   291191   79.52%
   1772     0   272614.1320   239  1328643.0000      Cuts: 85   291498   79.48%
   1772     0   273110.9468   237  1328643.0000      Cuts: 59   291887   79.44%
   1772     0   273513.2922   232  1328643.0000      Cuts: 65   292227   79.41%
   1772     0   273834.1914   242  1328643.0000      Cuts: 53   292487   79.39%
   1772     0   274112.6214   247  1328643.0000      Cuts: 57   292739   79.37%
   1772     0   274282.1886   248  1328643.0000  ZeroHalf: 56   292878   79.36%
   1772     0   274542.1603   253  1328643.0000  ZeroHalf: 43   293164   79.34%
   1772     0   274914.6733   249  1328643.0000      Cuts: 60   293491   79.31%
   1772     0   275181.9213   244  1328643.0000      Cuts: 63   293673   79.29%
   1772     0   275631.7507   246  1328643.0000      Cuts: 86   293981   79.25%
   1772     0   276009.3041   256  1328643.0000      Cuts: 60   294315   79.23%
   1772     0   276373.3054   262  1328643.0000  ZeroHalf: 73   294699   79.20%
   1772     0   276634.2814   261  1328643.0000      Cuts: 91   295003   79.18%
   1772     0   276924.8086   254  1328643.0000      Cuts: 61   295304   79.16%
   1772     0   277235.4576   249  1328643.0000      Cuts: 55   295567   79.13%
   1772     0   277672.5418   245  1328643.0000      Cuts: 66   295939   79.10%
   1772     0   277942.9760   249  1328643.0000      Cuts: 80   296188   79.08%
   1772     0   278253.1308   246  1328643.0000  ZeroHalf: 77   296482   79.06%
   1772     0   278677.5540   273  1328643.0000      Cuts: 85   296731   79.03%
   1772     0   278846.0803   248  1328643.0000      Cuts: 79   296936   79.01%
   1772     0   278967.3131   258  1328643.0000  ZeroHalf: 52   297066   79.00%
   1772     0   279073.3374   251  1328643.0000      Cuts: 40   297217   79.00%
   1772     0   279176.2289   259  1328643.0000      Cuts: 38   297370   78.99%
   1772     0   279338.6822   246  1328643.0000      Cuts: 28   297581   78.98%
   1772     2   279338.6822   246  1328643.0000   279338.6822   297581   78.98%
   1773     3   279479.7627   244  1328643.0000   279482.8672   297697   78.96%
   1774     3   312439.1156   232  1328643.0000   279482.8672   298636   78.96%
   1775     4   279629.6055   272  1328643.0000   279630.6793   297925   78.95%
   1777     4   300413.6720   242  1328643.0000   279744.6485   298369   78.95%
   1780     9   300965.3800   250  1328643.0000   279861.8352   300864   78.94%
   1788    15   301736.4455   237  1328643.0000   280138.2379   301672   78.92%
   1798    13   280635.8920   270  1328643.0000   280641.1765   303245   78.88%
   1806    30   303082.2940   235  1328643.0000   280641.1765   306542   78.88%
   1811    33   281251.1180   242  1328643.0000   281254.5816   309129   78.83%
Elapsed time = 508.53 sec. (185019.87 ticks, tree = 0.17 MB, solutions = 20)
   1826    33   335070.2568   243  1328643.0000   281795.5470   309720   78.79%
   1842    53   336950.0730   205  1328643.0000   282088.7765   314744   78.77%
   1866    74   303649.8973   227  1328643.0000   283373.5073   320110   78.67%
   1897   102   339485.7958   200  1328643.0000   284150.1749   324830   78.61%
   1927   104   286515.4596   217  1328643.0000   284150.1749   324692   78.61%
   1941   156   338135.6278   235  1328643.0000   284150.1749   333541   78.61%
   1954   160   319071.6903   249  1328643.0000   284150.1749   334572   78.61%
   1978   176   318157.8764   231  1328643.0000   284150.1749   337105   78.61%
   2025   201   340395.7554   199  1328643.0000   284150.1749   341344   78.61%
   2075   219   295681.4148   222  1328643.0000   284150.1749   344244   78.61%
Elapsed time = 611.87 sec. (194962.45 ticks, tree = 6.96 MB, solutions = 20)
   2119   198   342772.9695   227  1328643.0000   284150.1749   341078   78.61%
   2171   260   326280.8037   207  1328643.0000   284150.1749   350319   78.61%
   2219   334   328935.6293   236  1328643.0000   284150.1749   360776   78.61%
   2270   436   330636.7503   230  1328643.0000   284150.1749   376764   78.61%
   2315   441   333903.3678   227  1328643.0000   284150.1749   377920   78.61%
   2346   467   309406.6009   210  1328643.0000   284150.1749   381545   78.61%
   2363   523   312441.7933   207  1328643.0000   284150.1749   391459   78.61%
   2389   509   358932.4052   222  1328643.0000   284150.1749   388956   78.61%
   2431   583   336111.9634   233  1328643.0000   284150.1749   400687   78.61%
   2460   616   337149.0349   224  1328643.0000   284150.1749   405024   78.61%
Elapsed time = 723.15 sec. (204654.24 ticks, tree = 12.09 MB, solutions = 20)
   2484   668   339380.5281   233  1328643.0000   284150.1749   414093   78.61%
   2516   670   318185.9773   195  1328643.0000   284150.1749   413517   78.61%
   2538   624   378931.1326   216  1328643.0000   284150.1749   408544   78.61%
   2574   703   343936.7152   212  1328643.0000   284150.1749   420809   78.61%
   2592   757   322733.5871   187  1328643.0000   284150.1749   430671   78.61%
   2625   745   353974.9411   196  1328643.0000   284150.1749   429242   78.61%
   2662   802   380227.3154   200  1328643.0000   284150.1749   440186   78.61%
   2697   808   384453.6904   193  1328643.0000   284150.1749   440923   78.61%
   2756   916   359806.3312   206  1328643.0000   284150.1749   458658   78.61%
   2793   861   331353.5116   202  1328643.0000   284150.1749   452079   78.61%
Elapsed time = 843.08 sec. (214395.54 ticks, tree = 13.16 MB, solutions = 20)
   2825   878   378350.6097   187  1328643.0000   284150.1749   455324   78.61%
   2852   898   377046.8317   222  1328643.0000   284150.1749   458531   78.61%
   2879  1004   386486.1047   202  1328643.0000   284150.1749   471996   78.61%
   2904  1036   381379.3169   197  1328643.0000   284150.1749   476691   78.61%
   2932  1050   372130.3529   196  1328643.0000   284150.1749   478499   78.61%
   2961  1042   425966.1091   225  1328643.0000   284150.1749   478340   78.61%
   3000  1132   360732.3784   202  1328643.0000   284150.1749   487899   78.61%
   3034  1187   371742.5464   208  1328643.0000   284150.1749   498234   78.61%
   3081  1195   375654.7984   215  1328643.0000   284150.1749   499227   78.61%
   3124  1211   339915.2084   196  1328643.0000   284150.1749   500532   78.61%
Elapsed time = 962.22 sec. (224298.53 ticks, tree = 84.53 MB, solutions = 20)
   3169  1217   341606.8639   250  1328643.0000   284150.1749   501584   78.61%
   3209  1341   421132.9720   216  1328643.0000   284150.1749   515038   78.61%
   3239  1350   408135.5852   180  1328643.0000   284150.1749   516181   78.61%
   3277  1421   396173.7967   235  1328643.0000   284150.1749   527862   78.61%
   3315  1421   344161.3133   232  1328643.0000   284150.1749   525466   78.61%
   3362  1433   346714.7243   232  1328643.0000   284150.1749   526190   78.61%
   3397  1505   381417.2759   248  1328643.0000   284150.1749   540989   78.61%
   3432  1539   352766.5553   226  1328643.0000   284150.1749   544129   78.61%
   3467  1617   412428.0894   202  1328643.0000   284150.1749   554732   78.61%
   3511  1624   409214.3607   185  1328643.0000   284150.1749   555555   78.61%
Elapsed time = 1073.22 sec. (234098.12 ticks, tree = 161.92 MB, solutions = 20)
   3565  1627   411379.4683   182  1328643.0000   284150.1749   556713   78.61%
   3615  1641   414265.3929   129  1328643.0000   284150.1749   558136   78.61%
   3646  1675   444225.3056   187  1328643.0000   284150.1749   561537   78.61%
   3681  1801   390123.4189   177  1328643.0000   284150.1749   578831   78.61%
   3725  1777   397358.7571   199  1328643.0000   284150.1749   574526   78.61%
   3766  1849   429329.7432   178  1328643.0000   284150.1749   584946   78.61%
   3803  1818   408268.2271   238  1328643.0000   284150.1749   581809   78.61%
   3856  1962   362671.8117   225  1328643.0000   284150.1749   601376   78.61%
   3895  2058   447337.8249   196  1328643.0000   284150.1749   612153   78.61%
   4047  2147   466047.3012   209  1328643.0000   284150.1749   624912   78.61%
Elapsed time = 1228.95 sec. (246670.46 ticks, tree = 167.56 MB, solutions = 20)
   4183  2223   445318.4278   221  1328643.0000   284150.1749   632612   78.61%
   4345  2484   377059.3881   140  1328643.0000   284150.1749   662165   78.61%
   4510  2637   432093.4992   201  1328643.0000   284150.1749   678539   78.61%
   4659  2765   405387.8943   188  1328643.0000   284150.1749   697827   78.61%
   4850  2879   538341.3750   117  1328643.0000   284150.1749   708959   78.61%
   5050  3025   541022.7500   124  1328643.0000   284150.1749   725971   78.61%
   5322  3336   726615.3750   111  1328643.0000   284150.1749   749686   78.61%
   5617  3574   584132.3000   154  1328643.0000   284150.1749   770712   78.61%
   5914  3830   875243.0000    74  1328643.0000   284150.1749   788976   78.61%
   6321  4024   525597.1644   183  1328643.0000   284150.1749   807938   78.61%
Elapsed time = 1703.35 sec. (285098.23 ticks, tree = 184.65 MB, solutions = 20)
   6658  4708   696873.0000   140  1328643.0000   284150.1749   841728   78.61%
   7122  4792   638228.3269   183  1328643.0000   284150.1749   849265   78.61%
   7521  5187   668792.2778   173  1328643.0000   284150.1749   875101   78.61%
   7940  5628   727931.5000   155  1328643.0000   284150.1749   897257   78.61%
   8382  6064   388203.4934   196  1328643.0000   284150.1749   932177   78.61%
   8820  6497   865510.2500   108  1328643.0000   284150.1749   954672   78.61%
   9185  7205   395822.2295   181  1328643.0000   284150.1749  1021045   78.61%
   9593  7260   534146.8333   184  1328643.0000   284150.1749  1033507   78.61%
   9892  7650   575620.0000    86  1328643.0000   293142.0386  1074350   77.94%
  10102  8163  1010082.5000    64  1328643.0000   293142.0386  1135436   77.94%
Elapsed time = 2067.23 sec. (323333.82 ticks, tree = 216.52 MB, solutions = 20)
  10442  8282   741148.6167   128  1328643.0000   293142.0386  1152409   77.94%
* 10486+ 8222                      1328089.0000   293142.0386            77.93%
* 10490+ 8222                      1326587.0000   293142.0386            77.90%
  10872  8734   511224.6071   154  1326587.0000   293142.0386  1209451   77.90%
  11274  8786   831139.1667   116  1326587.0000   294760.1628  1206511   77.78%
  11684  9525   916145.2917   100  1326587.0000   294760.1628  1277488   77.78%
  12243  9774  1009316.0000    89  1326587.0000   294760.1628  1296856   77.78%
  12802 10438  1312016.0000    58  1326587.0000   294760.1628  1338108   77.78%
  13279 10970  1288497.0000    65  1326587.0000   294949.7607  1367409   77.77%
  13672 11462   926291.5312   127  1326587.0000   295354.4211  1402406   77.74%
  14033 11954  1083987.5000    63  1326587.0000   295354.4211  1445886   77.74%
  14347 12171   376460.1843   167  1326587.0000   295354.4211  1481121   77.74%
Elapsed time = 2450.85 sec. (361616.30 ticks, tree = 255.91 MB, solutions = 22)
  14606 12433   403889.8327   210  1326587.0000   295354.4211  1498697   77.74%
  14854 12683   891483.3036   137  1326587.0000   295354.4211  1538963   77.74%
  15153 12836   399029.3064   207  1326587.0000   295354.4211  1566823   77.74%
  15502 13177   419078.5799   209  1326587.0000   295354.4211  1621157   77.74%
  15861 13517   780162.2500   113  1326587.0000   300678.2180  1659687   77.33%
  16098 13664   438448.7986   267  1326587.0000   301950.2059  1688688   77.24%
  16377 14209   402168.2461   270  1326587.0000   301950.2059  1759275   77.24%
  16660 14493   885428.0000   116  1326587.0000   302242.5407  1800552   77.22%
  16952 14663   390859.6012   192  1326587.0000   302242.5407  1834721   77.22%
  17145 15070   413139.8515   198  1326587.0000   302429.8382  1893913   77.20%
Elapsed time = 2864.84 sec. (399943.62 ticks, tree = 282.56 MB, solutions = 22)
  17372 15102   362486.4232   207  1326587.0000   302811.6935  1899731   77.17%
  17629 15233   667612.6667   147  1326587.0000   303067.9121  1930719   77.15%
  17925 15583   813847.8000   120  1326587.0000   303067.9121  1984844   77.15%
  18161 15922   725111.9595   164  1326587.0000   303067.9121  2053054   77.15%
  18454 16076   381783.1889   209  1326587.0000   303067.9121  2082752   77.15%
  18723 16224   369192.3271   197  1326587.0000   303803.7843  2101511   77.10%
  18893 16743   396637.6497   207  1326587.0000   304615.5608  2171568   77.04%
  19128 17032   341982.0608   213  1326587.0000   304615.5608  2221686   77.04%
  19377 17178   404786.4848   216  1326587.0000   304983.3469  2251254   77.01%
Starting limited solution polishing.
  19640 17428   395335.9583   208  1326587.0000   304983.3469  2296477   77.01%
Elapsed time = 3251.45 sec. (438228.20 ticks, tree = 303.95 MB, solutions = 22)
* 19899+17408                      1325006.0000   305047.8683            76.98%
  19937 17755   413525.1895   262  1325006.0000   305047.8683  2350759   76.98%
  20190 18140   345912.7697   220  1325006.0000   305116.7187  2397630   76.97%
  20436 18055   383420.6277   239  1325006.0000   305665.4009  2388532   76.93%
  20600 18453   407144.1180   213  1325006.0000   305665.4009  2453333   76.93%
  20674 18563   329579.2978   226  1325006.0000   305665.4009  2475027   76.93%
  20704 18594   343853.1572   205  1325006.0000   305691.4889  2478907   76.93%
  20798 18613   322037.9966   226  1325006.0000   305691.4889  2481580   76.93%
  21004 18767   436743.5642   216  1325006.0000   305691.4889  2507108   76.93%
* 21215+18979                      1323881.0000   305993.8339            76.89%
* 21216+18979                      1322885.0000   305993.8339            76.87%
  21287 18913   436701.0855   238  1322885.0000   305993.8339  2536941   76.87%
* 21325+19069                      1322755.0000   305993.8339            76.87%
* 21389+18871                      1322143.0000   306020.3509            76.85%
  21533 19230   433793.1715   241  1322143.0000   306020.3509  2582320   76.85%
Elapsed time = 3568.32 sec. (476637.15 ticks, tree = 319.60 MB, solutions = 28)
* 21627+19410                      1321007.0000   306020.3509            76.83%
* 21627+19410                      1319711.0000   306020.3509            76.81%
* 21673+19512                      1316479.0000   306020.3509            76.75%
  21738 19402   463974.5862   222  1316479.0000   306020.3509  2608920   76.75%

Implied bound cuts applied:  535
Zero-half cuts applied:  380
Lift and project cuts applied:  6

Root node processing (before b&c):
  Real time             =  103.01 sec. (68500.31 ticks)
Parallel b&c, 8 threads:
  Real time             = 3497.01 sec. (412325.57 ticks)
  Sync time (average)   =  756.40 sec.
  Wait time (average)   =    0.02 sec.
                          ------------
Total (root+branch&cut) = 3600.02 sec. (480825.89 ticks)
Status: Feasible
Obj: 1316479

Instalacoes abertas:
Instalação 0 aberta
Instalação 1 aberta
Instalação 2 aberta
Instalação 4 aberta
Instalação 5 aberta
Instalação 8 aberta
Instalação 9 aberta
Instalação 13 aberta
Instalação 16 aberta
Instalação 18 aberta
Instalação 19 aberta
Instalação 20 aberta
Instalação 22 aberta
Instalação 23 aberta
Instalação 25 aberta
Instalação 27 aberta
Instalação 28 aberta
Instalação 30 aberta
Instalação 31 aberta
Instalação 34 aberta
Instalação 35 aberta
Instalação 39 aberta
Instalação 42 aberta
Instalação 43 aberta
Instalação 46 aberta
Instalação 47 aberta
Instalação 49 aberta

Atribuições (cliente -> instalação):
Cliente 0 -> Instalação 1
Cliente 1 -> Instalação 0
Cliente 2 -> Instalação 5
Cliente 3 -> Instalação 35
Cliente 4 -> Instalação 0
Cliente 5 -> Instalação 9
Cliente 6 -> Instalação 9
Cliente 7 -> Instalação 25
Cliente 8 -> Instalação 46
Cliente 9 -> Instalação 47
Cliente 10 -> Instalação 16
Cliente 11 -> Instalação 25
Cliente 12 -> Instalação 27
Cliente 13 -> Instalação 23
Cliente 14 -> Instalação 49
Cliente 15 -> Instalação 4
Cliente 16 -> Instalação 20
Cliente 17 -> Instalação 1
Cliente 18 -> Instalação 20
Cliente 19 -> Instalação 16
Cliente 20 -> Instalação 35
Cliente 21 -> Instalação 28
Cliente 22 -> Instalação 18
Cliente 23 -> Instalação 31
Cliente 24 -> Instalação 31
Cliente 25 -> Instalação 2
Cliente 26 -> Instalação 47
Cliente 27 -> Instalação 22
Cliente 28 -> Instalação 5
Cliente 29 -> Instalação 20
Cliente 30 -> Instalação 13
Cliente 31 -> Instalação 43
Cliente 32 -> Instalação 49
Cliente 33 -> Instalação 30
Cliente 34 -> Instalação 13
Cliente 35 -> Instalação 30
Cliente 36 -> Instalação 19
Cliente 37 -> Instalação 34
Cliente 38 -> Instalação 4
Cliente 39 -> Instalação 39
Cliente 40 -> Instalação 28
Cliente 41 -> Instalação 22
Cliente 42 -> Instalação 42
Cliente 43 -> Instalação 18
Cliente 44 -> Instalação 8
Cliente 45 -> Instalação 46
Cliente 46 -> Instalação 8
Cliente 47 -> Instalação 42
Cliente 48 -> Instalação 23
Cliente 49 -> Instalação 34
