Version identifier: 22.1.1.0 | 2022-11-28 | 9160aff4d
CPXPARAM_TimeLimit                               3600
Tried aggregator 1 time.
MIP Presolve eliminated 50 rows and 1 columns.
Reduced MIP has 43250 rows, 3364 columns, and 129650 nonzeros.
Reduced MIP has 3364 binaries, 0 generals, 0 SOSs, and 0 indicators.
Presolve time = 0.07 sec. (58.75 ticks)
Found incumbent of value 3.4069712e+07 after 0.09 sec. (75.03 ticks)
Probing time = 0.03 sec. (7.20 ticks)
Tried aggregator 1 time.
Detecting symmetries...
Reduced MIP has 43250 rows, 3364 columns, and 129650 nonzeros.
Reduced MIP has 3364 binaries, 0 generals, 0 SOSs, and 0 indicators.
Presolve time = 0.09 sec. (71.29 ticks)
Probing time = 0.03 sec. (7.27 ticks)
Clique table members: 2500.
MIP emphasis: balance optimality and feasibility.
MIP search method: dynamic search.
Parallel mode: deterministic, using up to 8 threads.
Root relaxation solution time = 0.10 sec. (63.57 ticks)

        Nodes                                         Cuts/
   Node  Left     Objective  IInf  Best Integer    Best Bound    ItCnt     Gap

*     0+    0                       3.40697e+07        0.0000           100.00%
*     0+    0                       2.59021e+07        0.0000           100.00%
*     0+    0                      1222430.0000        0.0000           100.00%
*     0+    0                      1198940.0000        0.0000           100.00%
*     0+    0                      1096002.0000        0.0000           100.00%
      0     0    93774.0000   100  1096002.0000    93774.0000      184   91.44%
*     0+    0                       836434.0000    93774.0000            88.79%
      0     0   106217.5000   100   836434.0000    Cuts: 1974      391   87.30%
      0     0   118774.0000    98   836434.0000    Cuts: 1974      703   85.80%
      0     0   131144.5714   224   836434.0000 ZeroHalf: 705     2136   84.32%
*     0+    0                       709070.0000   131144.5714            81.50%
*     0+    0                       637223.0000   131144.5714            79.42%
*     0+    0                       632795.0000   131144.5714            79.28%
      0     0  -1.00000e+75     0   632795.0000   131144.5714     2136   79.28%
*     0+    0                       599714.0000   131144.5714            78.13%
      0     0   138140.3534   226   599714.0000 ZeroHalf: 727     2953   76.97%
      0     0   144511.0474   190   599714.0000     Cuts: 857     3877   75.90%
Detecting symmetries...
      0     0   153195.7919   217   599714.0000     Cuts: 382     4766   74.46%
      0     0   157829.2803   215   599714.0000     Cuts: 299     5359   73.68%
      0     0   159927.4470   207   599714.0000     Cuts: 222     5744   73.33%
      0     0   162684.7584   211   599714.0000     Cuts: 413     6331   72.87%
      0     0   164866.6299   184   599714.0000     Cuts: 410     6897   72.51%
      0     0   166073.2055   181   599714.0000      Cuts: 82     7196   72.31%
      0     0   166728.4467   184   599714.0000      Cuts: 62     7381   72.20%
      0     0   167234.1033   218   599714.0000      Cuts: 56     7572   72.11%
      0     0   168141.1595   217   599714.0000      Cuts: 65     7855   71.96%
      0     0   168524.3836   214   599714.0000      Cuts: 64     8030   71.90%
      0     0   168860.8419   208   599714.0000      Cuts: 51     8189   71.84%
      0     0   169349.8840   181   599714.0000     Cuts: 255     8470   71.76%
      0     0   169808.4644   212   599714.0000      Cuts: 55     8649   71.69%
      0     0   170644.7358   211   599714.0000      Cuts: 65     8934   71.55%
      0     0   171183.0094   216   599714.0000     Cuts: 102     9152   71.46%
      0     0   171889.8664   209   599714.0000     Cuts: 116     9383   71.34%
      0     0   172433.7068   216   599714.0000      Cuts: 61     9639   71.25%
      0     0   172927.6863   207   599714.0000      Cuts: 55     9833   71.16%
      0     0   173492.7753   187   599714.0000     Cuts: 252    10136   71.07%
      0     0   174089.2280   226   599714.0000      Cuts: 42    10377   70.97%
      0     0   174456.2180   220   599714.0000      Cuts: 44    10542   70.91%
      0     0   175017.0707   247   599714.0000      Cuts: 59    10793   70.82%
      0     0   175222.0005   215   599714.0000      Cuts: 24    10917   70.78%
      0     0   175561.1190   214   599714.0000      Cuts: 56    11066   70.73%
      0     0   175692.7716   214   599714.0000      Cuts: 62    11189   70.70%
      0     0   175793.1321   214   599714.0000      Cuts: 23    11238   70.69%
      0     0   175988.0916   217   599714.0000      Cuts: 35    11357   70.65%
      0     0   176235.6148   208   599714.0000      Cuts: 56    11494   70.61%
      0     0   176419.7311   216   599714.0000      Cuts: 42    11599   70.58%
      0     0   176595.1372   197   599714.0000      Cuts: 79    11726   70.55%
      0     0   176782.5927   210   599714.0000     Cuts: 131    11880   70.52%
      0     0   177109.7937   215   599714.0000      Cuts: 62    12089   70.47%
      0     0   177273.9162   212   599714.0000      Cuts: 33    12169   70.44%
      0     0   177609.8565   245   599714.0000      Cuts: 67    12388   70.38%
      0     0   177811.4634   213   599714.0000     Cuts: 159    12553   70.35%
      0     0   178152.5943   209   599714.0000      Cuts: 84    12782   70.29%
      0     0   178370.7416   213   599714.0000      Cuts: 52    12966   70.26%
      0     0   178579.4014   218   599714.0000      Cuts: 96    13128   70.22%
      0     0   178710.5408   214   599714.0000      Cuts: 41    13227   70.20%
      0     0   179110.2697   210   599714.0000      Cuts: 52    13444   70.13%
      0     0   179463.0815   220   599714.0000     Cuts: 104    13762   70.08%
      0     0   179715.4143   223   599714.0000      Cuts: 42    13951   70.03%
      0     0   179927.9871   219   599714.0000      Cuts: 34    14110   70.00%
      0     0   180020.7413   219   599714.0000      Cuts: 38    14228   69.98%
      0     0   180139.0072   217   599714.0000      Cuts: 35    14312   69.96%
      0     0   180193.7782   214   599714.0000      Cuts: 27    14377   69.95%
      0     0   180314.1985   207   599714.0000      Cuts: 29    14476   69.93%
      0     0   180449.7670   218   599714.0000      Cuts: 79    14607   69.91%
      0     0   180599.8358   218   599714.0000      Cuts: 21    14708   69.89%
      0     0   180741.9689   212   599714.0000      Cuts: 72    14832   69.86%
      0     0   181021.0368   220   599714.0000      Cuts: 53    15012   69.82%
      0     0   181278.3029   252   599714.0000      Cuts: 87    15232   69.77%
      0     0   181479.6908   247   599714.0000      Cuts: 59    15412   69.74%
      0     0   181591.1678   220   599714.0000      Cuts: 63    15489   69.72%
      0     0   181681.4882   252   599714.0000      Cuts: 57    15572   69.71%
Detecting symmetries...
      0     2   181681.4882   252   599714.0000   181681.4882    15572   69.71%
Elapsed time = 21.43 sec. (16590.75 ticks, tree = 0.02 MB, solutions = 10)
      5     6   191715.5438   178   599714.0000   181741.2785    16132   69.70%
     14    12   194281.8562   190   599714.0000   181885.4042    18008   69.67%
*    18+    6                       595197.0000   181885.4042            69.44%
     21    21   198907.2980   193   595197.0000   181885.4042    21324   69.44%
     26    25   224602.6232   158   595197.0000   181885.4042    23244   69.44%
     31    28   233778.6250   145   595197.0000   181885.4042    24205   69.44%
     41    33   245241.7289   154   595197.0000   182351.7734    26460   69.36%
*    42+    7                       594332.0000   182351.7734            69.32%
*    43+    7                       589662.0000   182351.7734            69.08%
     46    42   200157.5546   201   589662.0000   182351.7734    30184   69.08%
     52    36   210902.8164   195   589662.0000   182351.7734    27668   69.08%
     59    52   270570.0833   147   589662.0000   182351.7734    34073   69.08%
    118    86   230088.4461   146   589662.0000   182351.7734    44566   69.08%
Elapsed time = 38.82 sec. (19869.24 ticks, tree = 5.69 MB, solutions = 11)
    201   173   208559.3717   168   589662.0000   182351.7734    64361   69.08%
    296   223   247181.0000   140   589662.0000   182351.7734    79409   69.08%
    432   352   287638.5000   105   589662.0000   182351.7734   100432   69.08%
    585   432   369525.0000    82   589662.0000   182351.7734   112344   69.08%
    769   597   565061.5000    37   589662.0000   182351.7734   129275   69.08%
*   925   776      integral     0   588977.0000   191135.9454   146866   67.55%
    940   847   369303.7500    86   588977.0000   191135.9454   157638   67.55%
   1047   903   328930.7500   106   588977.0000   191135.9454   168977   67.55%
   1188  1006   477404.5000    67   588977.0000   191135.9454   184997   67.55%
*  1199  1037      integral     0   554991.0000   191135.9454   187182   65.56%
   1286  1098   250415.9646   159   554991.0000   191135.9454   216637   65.56%
   1395  1195   461277.1667    80   554991.0000   191135.9454   239679   65.56%
Elapsed time = 102.45 sec. (29507.87 ticks, tree = 10.17 MB, solutions = 16)
   1568  1210   239017.9811   172   554991.0000   191135.9454   244484   65.56%
   1689  1383   259550.3278   193   554991.0000   191135.9454   269548   65.56%

Performing restart 1

Repeating presolve.
Tried aggregator 1 time.
MIP Presolve eliminated 1237 rows and 49 columns.
Reduced MIP has 42013 rows, 3315 columns, and 125939 nonzeros.
Reduced MIP has 3315 binaries, 0 generals, 0 SOSs, and 0 indicators.
Presolve time = 0.06 sec. (59.19 ticks)
Tried aggregator 1 time.
Reduced MIP has 42013 rows, 3315 columns, and 125939 nonzeros.
Reduced MIP has 3315 binaries, 0 generals, 0 SOSs, and 0 indicators.
Presolve time = 0.07 sec. (71.58 ticks)
Represolve time = 0.20 sec. (185.21 ticks)
*  1691+    0                       552222.0000   191135.9454            65.39%
   1691     0   181844.8810   260   552222.0000      Cuts: 45   291058   65.39%
   1691     0   182182.8884   222   552222.0000      Cuts: 66   291208   65.39%
   1691     0   182710.6496   221   552222.0000      Cuts: 76   291441   65.39%
*  1691+    0                       551624.0000   191135.9454            65.35%
   1691     0  -1.00000e+75     0   551624.0000   191135.9454   291441   65.35%
   1691     0   183097.9685   226   551624.0000      Cuts: 71   291640   65.35%
   1691     0   183389.6804   222   551624.0000      Cuts: 72   291780   65.35%
   1691     2   183389.6804   222   551624.0000   191135.9454   291780   65.35%
   1692     3   183688.0406   222   551624.0000   191135.9454   291917   65.35%
   1697     8   184817.7552   213   551624.0000   191135.9454   293034   65.35%
   1710    15   202631.1824   182   551624.0000   191135.9454   296495   65.35%
   1722    30   191402.5140   203   551624.0000   191405.4745   304803   65.30%
   1740    32   203157.7903   183   551624.0000   192826.1670   306153   65.04%
   1790    53   221588.4362   168   551624.0000   192826.1670   315410   65.04%
   1841   109   205208.2081   174   551624.0000   192826.1670   330689   65.04%
Elapsed time = 212.90 sec. (54803.13 ticks, tree = 2.60 MB, solutions = 18)
   1875   129   232450.1518   166   551624.0000   192826.1670   334767   65.04%
   1913   189   223799.0982   178   551624.0000   192826.1670   350257   65.04%
   1928   218   218549.1469   174   551624.0000   192826.1670   357583   65.04%
   1971   228   223619.2880   179   551624.0000   192826.1670   360897   65.04%
   2014   289   241348.4091   176   551624.0000   192826.1670   370293   65.04%
   2048   340   234285.9718   180   551624.0000   192826.1670   378346   65.04%
   2076   347   238628.8006   183   551624.0000   192826.1670   380035   65.04%
   2105   362   232172.9748   188   551624.0000   192826.1670   382322   65.04%
   2149   416   258144.2857   158   551624.0000   192826.1670   391510   65.04%
   2198   457   228245.1576   211   551624.0000   192826.1670   400414   65.04%
Elapsed time = 311.01 sec. (65045.20 ticks, tree = 11.08 MB, solutions = 18)
   2246   471   230391.0611   206   551624.0000   192826.1670   401407   65.04%
   2284   511   283427.5000    92   551624.0000   192826.1670   405330   65.04%
   2332   583   288612.0000   131   551624.0000   192826.1670   414886   65.04%
   2373   589   289347.6667   137   551624.0000   192826.1670   414932   65.04%
   2438   675   295135.5833   132   551624.0000   192826.1670   424771   65.04%
   2500   650   263118.7368   173   551624.0000   192826.1670   424388   65.04%
   2552   741   265862.0780   178   551624.0000   192826.1670   431229   65.04%
   2620   833   253262.6360   174   551624.0000   192826.1670   439822   65.04%
   2664   901   256491.8364   177   551624.0000   192826.1670   446130   65.04%
   2745   919   267678.8333   161   551624.0000   192826.1670   447915   65.04%
Elapsed time = 404.54 sec. (74710.11 ticks, tree = 13.50 MB, solutions = 18)
   2818   958   294815.5114   137   551624.0000   192826.1670   448565   65.04%
   2888  1094   286784.1582   214   551624.0000   192826.1670   461144   65.04%
   2949  1122   307836.0313   196   551624.0000   192826.1670   465407   65.04%
   3033  1249   345398.7500    96   551624.0000   192826.1670   474277   65.04%
   3092  1260   357926.2488   184   551624.0000   192826.1670   475372   65.04%
   3193  1240   295715.6848   178   551624.0000   192826.1670   472145   65.04%
   3268  1451   326838.2841   186   551624.0000   192826.1670   491417   65.04%
   3341  1391   304934.8968   208   551624.0000   192826.1670   485696   65.04%
   3422  1521   313869.5000   158   551624.0000   192826.1670   496355   65.04%
   3494  1732   297502.3769   153   551624.0000   192826.1670   510804   65.04%
Elapsed time = 504.39 sec. (84345.00 ticks, tree = 18.98 MB, solutions = 18)
   3580  1681   316902.3429   150   551624.0000   192826.1670   507406   65.04%
   3676  1768   431253.2194   175   551624.0000   192826.1670   513871   65.04%
   3761  1817   416477.7500    89   551624.0000   192826.1670   516944   65.04%
   3840  1885   383815.7500    99   551624.0000   192826.1670   520018   65.04%
   3931  1997   445630.0625   150   551624.0000   192826.1670   528254   65.04%
   4055  2122   403418.5357   159   551624.0000   192826.1670   535329   65.04%
   4204  2218   462335.5395   165   551624.0000   192826.1670   541787   65.04%
   4313  2352   359915.5000   104   551624.0000   192826.1670   550318   65.04%
   4451  2373   367853.5968   157   551624.0000   192826.1670   552070   65.04%
   4559  2629   460402.7188   141   551624.0000   192826.1670   562130   65.04%
Elapsed time = 583.53 sec. (93940.72 ticks, tree = 25.07 MB, solutions = 18)
   4700  2737   479309.6667   122   551624.0000   192826.1670   569622   65.04%
   4817  2915   440209.3667   136   551624.0000   192826.1670   575305   65.04%
   4919  2944   508560.5000    85   551624.0000   192826.1670   576874   65.04%
   5000  3135   232349.6250   138   551624.0000   192826.1670   599322   65.04%
   5076  3226   495315.0000    89   551624.0000   192826.1670   606454   65.04%
   5176  3282   288664.9000   101   551624.0000   192826.1670   630534   65.04%
   5254  3279   252376.1605   186   551624.0000   196195.3838   627317   64.43%
   5342  3420   331179.0000   116   551624.0000   196195.3838   653425   64.43%
   5419  3465   310862.4444   153   551624.0000   196195.3838   665104   64.43%
   5506  3600   365646.0602   154   551624.0000   196195.3838   690710   64.43%
Elapsed time = 664.77 sec. (103563.43 ticks, tree = 31.80 MB, solutions = 18)
   5611  3618   418942.2500    82   551624.0000   196195.3838   692884   64.43%
   5725  3730   455457.0000    68   551624.0000   196195.3838   708876   64.43%
   5873  3937   492081.5000    85   551624.0000   196195.3838   734103   64.43%
   6013  3961   526311.5000    61   551624.0000   196195.3838   735503   64.43%
   6176  4211   538977.3333    91   551624.0000   196195.3838   760561   64.43%
   6374  4222   501648.1429   112   551624.0000   196195.3838   760867   64.43%
   6535  4552   229320.1442   176   551624.0000   196195.3838   788420   64.43%
   6695  4562   542615.8750   111   551624.0000   196195.3838   786287   64.43%
   6809  4697   528200.0000    64   551624.0000   196606.4117   802437   64.36%
   6908  4943   251387.4549   167   551624.0000   196606.4117   829351   64.36%
Elapsed time = 748.33 sec. (113152.65 ticks, tree = 39.18 MB, solutions = 18)
   7002  5028   231550.2164   168   551624.0000   196606.4117   839315   64.36%
   7087  5065   274420.0444   192   551624.0000   196606.4117   846340   64.36%
   7185  5239   277549.1111   189   551624.0000   198802.9551   885346   63.96%
   7298  5286   293580.5488   211   551624.0000   198802.9551   892081   63.96%
   7409  5275   325554.2267   182   551624.0000   198802.9551   888633   63.96%
   7554  5441   288283.8405   199   551624.0000   198802.9551   916877   63.96%
   7676  5450   297773.0171   192   551624.0000   198802.9551   918662   63.96%
   7771  5748   325450.9878   185   551624.0000   198802.9551   952405   63.96%
   7852  5768   338013.5876   222   551624.0000   198802.9551   953977   63.96%
   8219  6197   334447.9167   136   551624.0000   199741.9034  1017707   63.79%
Elapsed time = 853.58 sec. (125639.67 ticks, tree = 47.62 MB, solutions = 18)
   8804  6584   222601.0525   189   551624.0000   199741.9034  1072647   63.79%
   9281  7119   452490.0000   106   551624.0000   204265.7889  1139220   62.97%
   9771  7526   510085.0000    66   551624.0000   204344.7002  1198459   62.96%
  10228  7931   391236.7222   153   551624.0000   204344.7002  1241677   62.96%
  10606  8589   342128.6083   176   551624.0000   204344.7002  1316983   62.96%
  11170  9029   439918.8235   172   551624.0000   204344.7002  1357203   62.96%
  11557  9514   320315.8283   205   551624.0000   204789.3897  1417746   62.88%
  11897  9816   279187.2724   194   551624.0000   205306.2628  1459903   62.78%
  12326 10265   365349.2240   195   551624.0000   205306.2628  1532441   62.78%
  12787 10615   223312.0712   172   551624.0000   205601.2115  1570406   62.73%
Elapsed time = 1191.14 sec. (163910.37 ticks, tree = 73.73 MB, solutions = 18)
  13204 11077   392575.5982   206   551624.0000   205601.2115  1625331   62.73%
  13644 11392   329858.3158   203   551624.0000   206096.6367  1663348   62.64%
  14094 11859   331915.7969   193   551624.0000   206232.1484  1735152   62.61%
  14644 12404   402019.0417   172   551624.0000   206553.9080  1794285   62.56%
  15047 12934   366548.4415   201   551624.0000   206639.6386  1855277   62.54%
  15531 13238   429269.1538   160   551624.0000   206811.6371  1899174   62.51%
  15967 13764   300664.6747   213   551624.0000   206832.5309  1965409   62.50%
  16267 13919   374592.0708   196   551624.0000   206983.1939  1985453   62.48%
  16696 14342   346696.8333   191   551624.0000   207034.0226  2053043   62.47%
  17106 14824   278299.7500   134   551624.0000   207079.8340  2119571   62.46%
Elapsed time = 1536.88 sec. (202137.90 ticks, tree = 100.75 MB, solutions = 18)
  17561 15214   464897.5000    85   551624.0000   207109.1573  2176944   62.45%
  17879 15484   318266.7899   205   551624.0000   207218.8897  2219901   62.43%
* 17953+15397                       539698.0000   207218.8897            61.60%
  18197 15695   387106.1053   192   539698.0000   207218.8897  2279276   61.60%
  18635 16076   433507.4250   177   539698.0000   207327.6228  2321398   61.58%
  19046 16466   266508.8666   188   539698.0000   207327.6228  2359109   61.58%
  19452 16928   293490.2676   204   539698.0000   207799.4837  2424570   61.50%
  19967 17214   458956.9875   175   539698.0000   207799.4837  2455787   61.50%
  20452 17961   402431.3888   204   539698.0000   207961.5139  2539167   61.47%
  20791 18382   314517.5000    97   539698.0000   208278.7436  2603753   61.41%
  21252 18697   373462.0283   188   539698.0000   208329.6592  2653651   61.40%
Elapsed time = 1845.57 sec. (240335.02 ticks, tree = 124.66 MB, solutions = 19)
  21709 18990   391577.9750   182   539698.0000   208329.6592  2689909   61.40%
  22094 19467   389529.7193   207   539698.0000   208373.9819  2744303   61.39%
  22508 19894   336426.5714   174   539698.0000   208506.4976  2808964   61.37%
  22898 20365   379412.4787   184   539698.0000   208571.4895  2881565   61.35%
  23340 20869   344001.0190   199   539698.0000   208796.9116  2951773   61.31%
  23701 21125   383096.8625   185   539698.0000   208845.8103  2981988   61.30%
  24149 21544   537975.5588    86   539698.0000   208845.8103  3040919   61.30%
  24638 21934   328369.9555   186   539698.0000   208845.8103  3096866   61.30%
  25059 22555   377572.6364   165   539698.0000   209060.3147  3174155   61.26%
  25458 22946   302193.2500   111   539698.0000   209067.7370  3238971   61.26%
Elapsed time = 2224.72 sec. (278536.05 ticks, tree = 149.70 MB, solutions = 19)
* 25504+22773                       538323.0000   209116.2964            61.15%
  25973 22993   339611.9306   206   538323.0000   209116.2964  3245660   61.15%
  26355 23610   301319.5286   172   538323.0000   209386.8440  3332198   61.10%
  26814 23979   328798.3958   176   538323.0000   209386.8440  3373354   61.10%
  27282 24434   281757.4172   202   538323.0000   209517.0276  3436492   61.08%
  27800 24697   251340.8201   172   538323.0000   209535.2343  3455759   61.08%
  28298 25274   327399.2654   183   538323.0000   209919.9164  3542344   61.00%
  28638 25471   341245.5521   200   538323.0000   209995.1950  3565055   60.99%
  29055 26273   332794.2419   220   538323.0000   210214.0579  3666438   60.95%
  29605 26798   429436.9167   161   538323.0000   210222.5961  3725177   60.95%
  30124 27060   357936.3333   137   538323.0000   210222.5961  3762452   60.95%
Elapsed time = 2577.11 sec. (316765.79 ticks, tree = 176.50 MB, solutions = 20)
  30747 27651   468813.0625   106   538323.0000   210390.8208  3827923   60.92%
  31266 27968   362429.6250   200   538323.0000   210608.1341  3855285   60.88%
  31904 28690   344391.0208   206   538323.0000   210797.6220  3910456   60.84%
  32588 29586   410637.2500   186   538323.0000   210799.1194  3972677   60.84%
  33101 30249   320175.3700   227   538323.0000   210799.1194  4015424   60.84%
  33487 30184   351831.1522   146   538323.0000   210802.9418  4014686   60.84%
  33882 30922   388817.1667   148   538323.0000   211028.4779  4063168   60.80%
  34232 31196   322486.8793   216   538323.0000   211195.0504  4097003   60.77%
  34767 31392   380201.4976   165   538323.0000   211195.0504  4107833   60.77%
  35422 32180   433956.5000    97   538323.0000   211195.0504  4173359   60.77%
Elapsed time = 2906.71 sec. (354979.40 ticks, tree = 1212.58 MB, solutions = 20)
  35975 32895   390856.9852   197   538323.0000   211218.0452  4218366   60.76%
  36639 33010   438312.5896   158   538323.0000   211630.6262  4222601   60.69%
  37177 34062   520885.0000    90   538323.0000   211630.6262  4290879   60.69%
  37707 34877   531893.7500   104   538323.0000   211642.0616  4352788   60.68%
  38343 35556   405629.0103   195   538323.0000   211737.1469  4400669   60.67%
  38959 35744   369712.6433   188   538323.0000   211769.9011  4414181   60.66%
  39566 36137   353614.0000   218   538323.0000   211900.9610  4441998   60.64%
Starting limited solution polishing.
  40028 36239   404837.3867   190   538323.0000   211900.9610  4446453   60.64%
  40560 37435   523224.1250    85   538323.0000   212191.1157  4531920   60.58%
  41062 37488   324122.6298   178   538323.0000   212191.1157  4538219   60.58%
Elapsed time = 3335.25 sec. (393187.57 ticks, tree = 1850.99 MB, solutions = 20)
* 41177+37815                       535703.0000   212294.9023            60.37%
  41212 38568   260198.7063   159   535703.0000   212423.9681  4634284   60.35%
  41470 38160   439962.9411   192   535703.0000   212459.6376  4592969   60.34%
  41994 38914   396724.8333   129   535703.0000   212459.6376  4661302   60.34%
  42479 38994   384663.5805   208   535703.0000   212480.5288  4670787   60.34%
  42748 39839   426560.0324   210   535703.0000   212480.5288  4743492   60.34%
  43044 40048   324058.1203   227   535703.0000   212588.0154  4768593   60.32%
  43533 40119   417019.8077   148   535703.0000   212588.0154  4766967   60.32%
* 43593+40259                       534667.0000   212588.0154            60.24%
* 43873+40167                       530210.0000   212630.9725            59.90%
  43924 40506   405060.2571   173   530210.0000   212630.9725  4798064   59.90%
  44297 41118   284910.2991   195   530210.0000   212630.9725  4834472   59.90%
* 44469+40424                       516798.0000   212630.9725            58.86%
  44736 41195   342022.2000   144   516798.0000   212630.9725  4839565   58.86%
Elapsed time = 3593.59 sec. (431573.49 ticks, tree = 2533.24 MB, solutions = 25)
Nodefile size = 448.64 MB (266.54 MB after compression)
* 44850+40826                       515380.0000   212630.9725            58.74%
  44862 40838   349723.8514   202   515380.0000   212630.9725  4864117   58.74%

Implied bound cuts applied:  4
Zero-half cuts applied:  388
Lift and project cuts applied:  80

Root node processing (before b&c):
  Real time             =   21.38 sec. (16515.29 ticks)
Parallel b&c, 8 threads:
  Real time             = 3580.27 sec. (421264.05 ticks)
  Sync time (average)   =  816.65 sec.
  Wait time (average)   =    0.01 sec.
                          ------------
Total (root+branch&cut) = 3601.65 sec. (437779.34 ticks)
Status: Feasible
Obj: 515380

Instalacoes abertas:
Instalação 0 aberta
Instalação 1 aberta
Instalação 4 aberta
Instalação 8 aberta
Instalação 9 aberta
Instalação 13 aberta
Instalação 16 aberta
Instalação 18 aberta
Instalação 20 aberta
Instalação 22 aberta
Instalação 30 aberta
Instalação 31 aberta
Instalação 47 aberta
Instalação 49 aberta

Atribuições (cliente -> instalação):
Cliente 0 -> Instalação 16
Cliente 1 -> Instalação 8
Cliente 2 -> Instalação 22
Cliente 3 -> Instalação 1
Cliente 4 -> Instalação 9
Cliente 5 -> Instalação 31
Cliente 6 -> Instalação 13
Cliente 7 -> Instalação 18
Cliente 8 -> Instalação 0
Cliente 9 -> Instalação 0
Cliente 10 -> Instalação 20
Cliente 11 -> Instalação 31
Cliente 12 -> Instalação 16
Cliente 13 -> Instalação 13
Cliente 14 -> Instalação 47
Cliente 15 -> Instalação 30
Cliente 16 -> Instalação 0
Cliente 17 -> Instalação 16
Cliente 18 -> Instalação 18
Cliente 19 -> Instalação 4
Cliente 20 -> Instalação 9
Cliente 21 -> Instalação 30
Cliente 22 -> Instalação 22
Cliente 23 -> Instalação 20
Cliente 24 -> Instalação 49
Cliente 25 -> Instalação 47
Cliente 26 -> Instalação 8
Cliente 27 -> Instalação 9
Cliente 28 -> Instalação 1
Cliente 29 -> Instalação 0
Cliente 30 -> Instalação 30
Cliente 31 -> Instalação 31
Cliente 32 -> Instalação 0
Cliente 33 -> Instalação 9
Cliente 34 -> Instalação 20
Cliente 35 -> Instalação 49
Cliente 36 -> Instalação 30
Cliente 37 -> Instalação 20
Cliente 38 -> Instalação 1
Cliente 39 -> Instalação 4
Cliente 40 -> Instalação 13
Cliente 41 -> Instalação 1
Cliente 42 -> Instalação 4
Cliente 43 -> Instalação 16
Cliente 44 -> Instalação 47
Cliente 45 -> Instalação 8
Cliente 46 -> Instalação 47
Cliente 47 -> Instalação 8
Cliente 48 -> Instalação 4
Cliente 49 -> Instalação 49
