Version identifier: 22.1.1.0 | 2022-11-28 | 9160aff4d
CPXPARAM_TimeLimit                               3600
Found incumbent of value 1871418.000000 after 0.00 sec. (3.71 ticks)
Tried aggregator 1 time.
MIP Presolve eliminated 50 rows and 1 columns.
Reduced MIP has 57650 rows, 3652 columns, and 172850 nonzeros.
Reduced MIP has 3652 binaries, 0 generals, 0 SOSs, and 0 indicators.
Presolve time = 0.09 sec. (75.95 ticks)
Probing time = 0.03 sec. (8.40 ticks)
Tried aggregator 1 time.
Detecting symmetries...
Reduced MIP has 57650 rows, 3652 columns, and 172850 nonzeros.
Reduced MIP has 3652 binaries, 0 generals, 0 SOSs, and 0 indicators.
Presolve time = 0.11 sec. (92.53 ticks)
Probing time = 0.04 sec. (8.43 ticks)
Clique table members: 2500.
MIP emphasis: balance optimality and feasibility.
MIP search method: dynamic search.
Parallel mode: deterministic, using up to 8 threads.
Root relaxation solution time = 0.11 sec. (85.29 ticks)

        Nodes                                         Cuts/
   Node  Left     Objective  IInf  Best Integer    Best Bound    ItCnt     Gap

*     0+    0                      1871418.0000        0.0000           100.00%
*     0+    0                      1459376.0000        0.0000           100.00%
*     0+    0                      1443005.0000        0.0000           100.00%
*     0+    0                      1301033.0000        0.0000           100.00%
      0     0    93774.0000   100  1301033.0000    93774.0000      201   92.79%
      0     0   106217.5000   100  1301033.0000    Cuts: 2788      435   91.84%
      0     0   118774.0000    98  1301033.0000    Cuts: 2829      664   90.87%
      0     0   131217.5000    98  1301033.0000 ZeroHalf: 1231     2258   89.91%
*     0+    0                      1226152.0000   131217.5000            89.30%
      0     0  -1.00000e+75     0  1226152.0000   131217.5000     2258   89.30%
*     0+    0                      1129536.0000   131217.5000            88.38%
      0     0   136594.2500   166  1129536.0000 ZeroHalf: 1254     3130   87.91%
      0     0   142677.4966   187  1129536.0000     Cuts: 908     3961   87.37%
Detecting symmetries...
      0     0   148507.2727   198  1129536.0000     Cuts: 499     4632   86.85%
      0     0   155638.5737   238  1129536.0000     Cuts: 560     5394   86.22%
      0     0   159670.7596   223  1129536.0000     Cuts: 297     5923   85.86%
      0     0   163219.4392   192  1129536.0000     Cuts: 894     6444   85.55%
      0     0   167356.3451   212  1129536.0000     Cuts: 554     7125   85.18%
      0     0   170153.7884   213  1129536.0000     Cuts: 200     7699   84.94%
      0     0   172241.5872   198  1129536.0000     Cuts: 167     8103   84.75%
      0     0   175321.9858   202  1129536.0000     Cuts: 419     8792   84.48%
      0     0   176970.7246   204  1129536.0000      Cuts: 90     9196   84.33%
*     0+    0                       880233.0000   176970.7246            79.90%
      0     0   179474.1037   215   880233.0000     Cuts: 345     9810   79.61%
*     0+    0                       862784.0000   179474.1037            79.20%
      0     0   181685.5632   192   862784.0000     Cuts: 137    10363   78.94%
      0     0   184178.0043   201   862784.0000     Cuts: 269    10926   78.65%
      0     0   186587.7095   222   862784.0000     Cuts: 187    11477   78.37%
      0     0   187867.4643   214   862784.0000     Cuts: 144    11811   78.23%
      0     0   189521.6610   231   862784.0000     Cuts: 372    12393   78.03%
      0     0   190840.4714   203   862784.0000     Cuts: 467    12958   77.88%
      0     0   192906.5218   204   862784.0000     Cuts: 153    13684   77.64%
      0     0   194530.6830   195   862784.0000     Cuts: 149    14161   77.45%
      0     0   195603.0347   219   862784.0000     Cuts: 190    14558   77.33%
      0     0   196503.8622   195   862784.0000     Cuts: 345    14981   77.22%
      0     0   197874.2019   187   862784.0000     Cuts: 111    15440   77.07%
      0     0   198778.7002   192   862784.0000     Cuts: 104    15811   76.96%
      0     0   199850.9213   197   862784.0000     Cuts: 145    16204   76.84%
      0     0   200551.6021   217   862784.0000     Cuts: 106    16448   76.76%
      0     0   201256.9128   191   862784.0000     Cuts: 260    16842   76.67%
      0     0   202442.9825   198   862784.0000      Cuts: 90    17311   76.54%
      0     0   203063.6858   198   862784.0000      Cuts: 82    17548   76.46%
      0     0   203565.1011   193   862784.0000      Cuts: 96    17779   76.41%
      0     0   204238.7345   230   862784.0000      Cuts: 75    18164   76.33%
      0     0   204815.8767   225   862784.0000      Cuts: 98    18464   76.26%
      0     0   205552.7510   200   862784.0000     Cuts: 221    18888   76.18%
      0     0   206531.9700   216   862784.0000      Cuts: 91    19361   76.06%
      0     0   207349.1404   213   862784.0000  ZeroHalf: 57    19703   75.97%
      0     0   208185.8998   222   862784.0000      Cuts: 96    20130   75.87%
      0     0   208495.4921   226   862784.0000      Cuts: 45    20280   75.83%
      0     0   208712.6175   223   862784.0000     Cuts: 148    20456   75.81%
      0     0   208940.6573   216   862784.0000      Cuts: 48    20609   75.78%
      0     0   209159.3746   233   862784.0000      Cuts: 82    20831   75.76%
      0     0   209523.4150   265   862784.0000      Cuts: 96    21064   75.72%
      0     0   209796.8209   238   862784.0000      Cuts: 59    21257   75.68%
      0     0   210171.2545   244   862784.0000     Cuts: 182    21541   75.64%
      0     0   210527.2539   227   862784.0000      Cuts: 66    21816   75.60%
      0     0   210987.0080   222   862784.0000     Cuts: 149    22144   75.55%
      0     0   211272.4752   237   862784.0000      Cuts: 60    22319   75.51%
      0     0   211560.6325   231   862784.0000      Cuts: 42    22493   75.48%
      0     0   211872.8581   231   862784.0000     Cuts: 138    22784   75.44%
      0     0   212114.6403   228   862784.0000      Cuts: 83    23009   75.42%
      0     0   212492.0148   237   862784.0000     Cuts: 187    23365   75.37%
      0     0   212660.8347   224   862784.0000      Cuts: 40    23565   75.35%
      0     0   213202.6173   226   862784.0000     Cuts: 136    23776   75.29%
      0     0   213526.8617   236   862784.0000      Cuts: 67    23992   75.25%
      0     0   213833.6171   266   862784.0000      Cuts: 76    24224   75.22%
      0     0   214156.3237   257   862784.0000      Cuts: 74    24491   75.18%
      0     0   214573.4639   252   862784.0000      Cuts: 46    24765   75.13%
      0     0   214884.9970   230   862784.0000     Cuts: 184    25053   75.09%
      0     0   215017.8332   227   862784.0000      Cuts: 32    25171   75.08%
      0     0   215230.5841   233   862784.0000     Cuts: 123    25449   75.05%
      0     0   215481.3045   230   862784.0000      Cuts: 32    25591   75.02%
      0     0   215729.4781   215   862784.0000     Cuts: 122    25858   75.00%
      0     0   216137.1711   227   862784.0000     Cuts: 101    26077   74.95%
      0     0   216278.6852   226   862784.0000  ZeroHalf: 32    26206   74.93%
      0     0   216420.8388   226   862784.0000      Cuts: 58    26356   74.92%
Detecting symmetries...
      0     2   216420.8388   226   862784.0000   216420.8388    26356   74.92%
Elapsed time = 52.26 sec. (34264.61 ticks, tree = 0.02 MB, solutions = 8)
      2     3   238267.9159   196   862784.0000   216423.0623    26896   74.92%
      5     6   243377.2480   201   862784.0000   216508.8117    27597   74.91%
     13    14   244349.3665   191   862784.0000   217043.5980    29512   74.84%
     20    16   244629.9631   207   862784.0000   217043.5980    30220   74.84%
     30    26   266254.3815   186   862784.0000   218008.4802    32928   74.73%
     40    29   269432.4049   177   862784.0000   218008.4802    36354   74.73%
     52    32   298058.5225   168   862784.0000   218008.4802    37580   74.73%
     61    55   301037.3980   172   862784.0000   218008.4802    46597   74.73%
     72    67   332487.8730   141   862784.0000   218008.4802    51884   74.73%
    102    87   285272.4503   164   862784.0000   218008.4802    60544   74.73%
Elapsed time = 83.84 sec. (37717.53 ticks, tree = 0.77 MB, solutions = 8)
    163   125   382720.7500   141   862784.0000   218008.4802    72851   74.73%
    280   210   367328.3960   133   862784.0000   218008.4802    85957   74.73%
    452   365   626157.0000    57   862784.0000   218008.4802    98748   74.73%
    647   479   801781.5000    27   862784.0000   218008.4802   107903   74.73%
    789   693   729149.0000    40   862784.0000   218008.4802   121525   74.73%
    902   790   365714.0035   149   862784.0000   218008.4802   136465   74.73%
   1011   893   526442.7500    96   862784.0000   221947.6845   147320   74.28%
   1177   982   748196.5000    44   862784.0000   221947.6845   157761   74.28%
   1386  1140   516682.7500   101   862784.0000   221947.6845   173294   74.28%
   1554  1295   646758.0000    61   862784.0000   237282.4396   183264   72.50%
Elapsed time = 160.69 sec. (47285.96 ticks, tree = 238.46 MB, solutions = 8)
   1680  1440   254246.5139   223   862784.0000   237282.4396   195946   72.50%

Performing restart 1

Repeating presolve.
Tried aggregator 1 time.
MIP Presolve eliminated 745 rows and 20 columns.
Reduced MIP has 56905 rows, 3632 columns, and 170615 nonzeros.
Reduced MIP has 3632 binaries, 0 generals, 0 SOSs, and 0 indicators.
Presolve time = 0.09 sec. (77.42 ticks)
Tried aggregator 1 time.
Reduced MIP has 56905 rows, 3632 columns, and 170615 nonzeros.
Reduced MIP has 3632 binaries, 0 generals, 0 SOSs, and 0 indicators.
Presolve time = 0.11 sec. (94.51 ticks)
Represolve time = 0.30 sec. (244.06 ticks)
*  1694+    0                       858430.0000   237282.4396            72.36%
   1694     0   217062.0193   237   858430.0000      Cuts: 97   211374   72.36%
   1694     0   217448.3704   240   858430.0000     Cuts: 110   211561   72.36%
   1694     0   217940.9322   243   858430.0000      Cuts: 98   211856   72.36%
*  1694+    0                       857630.0000   237282.4396            72.33%
   1694     0  -1.00000e+75     0   857630.0000   237282.4396   211856   72.33%
   1694     0   218940.8049   226   857630.0000     Cuts: 116   212189   72.33%
   1694     0   219516.6120   233   857630.0000      Cuts: 83   212432   72.33%
   1694     2   219516.6120   233   857630.0000   237282.4396   212432   72.33%
   1695     3   246946.1732   199   857630.0000   237282.4396   212914   72.33%
   1697     4   250404.5450   200   857630.0000   237282.4396   213386   72.33%
   1700     5   247219.1063   201   857630.0000   237282.4396   213995   72.33%
   1705     7   268798.0623   194   857630.0000   237282.4396   214752   72.33%
   1709    12   220167.7157   241   857630.0000   237282.4396   216133   72.33%
   1714    19   246214.8925   198   857630.0000   237282.4396   220766   72.33%
   1720    20   250223.1076   203   857630.0000   237282.4396   220095   72.33%
   1726    25   220487.5599   240   857630.0000   237282.4396   222273   72.33%
Elapsed time = 316.63 sec. (78489.07 ticks, tree = 2.27 MB, solutions = 10)
   1729    28   252987.7905   183   857630.0000   237282.4396   223207   72.33%
   1736    24   249771.3833   193   857630.0000   237282.4396   222236   72.33%
   1741    39   250930.2627   203   857630.0000   237282.4396   227222   72.33%
   1748    43   250313.8639   186   857630.0000   237282.4396   228706   72.33%
   1757    45   286626.8732   178   857630.0000   237282.4396   229669   72.33%
   1787    73   255692.1997   186   857630.0000   237282.4396   237414   72.33%
   1819    80   223849.8304   224   857630.0000   237282.4396   238419   72.33%
   1860    91   255103.8323   190   857630.0000   237282.4396   242330   72.33%
   1886   165   290150.5293   207   857630.0000   237282.4396   256669   72.33%
   1911   168   279642.3469   175   857630.0000   237282.4396   257615   72.33%
Elapsed time = 437.07 sec. (89264.95 ticks, tree = 16.93 MB, solutions = 10)
   1925   172   293338.5789   199   857630.0000   237282.4396   257610   72.33%
   1947   215   309951.3807   170   857630.0000   237282.4396   268003   72.33%
   1972   234   276158.1650   161   857630.0000   237282.4396   273256   72.33%
   2006   261   304186.5463   161   857630.0000   237282.4396   281121   72.33%
   2041   295   278938.9239   152   857630.0000   237282.4396   289611   72.33%
   2077   283   231591.0252   198   857630.0000   237282.4396   286164   72.33%
   2099   333   287246.7775   146   857630.0000   237282.4396   297817   72.33%
   2124   344   293497.8762   136   857630.0000   237282.4396   299070   72.33%
   2148   351   297657.3773   155   857630.0000   237282.4396   300620   72.33%
   2180   439   298354.5076   156   857630.0000   237282.4396   319326   72.33%
Elapsed time = 540.96 sec. (99034.45 ticks, tree = 43.54 MB, solutions = 10)
   2217   393   321987.7295   156   857630.0000   237282.4396   309708   72.33%
   2247   492   300198.9728   193   857630.0000   237282.4396   335214   72.33%
   2280   498   318532.7090   171   857630.0000   237282.4396   336241   72.33%
   2304   545   262080.6940   219   857630.0000   237282.4396   345165   72.33%
   2333   570   316909.8461   155   857630.0000   237282.4396   353360   72.33%
   2365   601   373943.4080   158   857630.0000   237282.4396   360706   72.33%
   2382   610   410339.7548   176   857630.0000   237282.4396   364585   72.33%
   2402   653   322550.8215   153   857630.0000   237282.4396   371455   72.33%
   2438   648   334612.2622   151   857630.0000   237282.4396   370589   72.33%
   2486   661   324392.6610   150   857630.0000   237282.4396   374190   72.33%
Elapsed time = 656.30 sec. (108918.04 ticks, tree = 45.65 MB, solutions = 10)
   2510   705   411242.9422   143   857630.0000   237282.4396   385724   72.33%
   2520   695   298003.8468   152   857630.0000   237282.4396   381235   72.33%
   2538   759   302117.9175   226   857630.0000   237282.4396   399627   72.33%
   2572   805   305859.1793   157   857630.0000   237282.4396   410526   72.33%
   2595   776   381970.0000    79   857630.0000   237282.4396   403455   72.33%
   2626   845   380515.1173   183   857630.0000   237282.4396   420939   72.33%
   2655   863   330086.1592   183   857630.0000   237282.4396   423656   72.33%
   2680   869   348904.1513   210   857630.0000   237282.4396   426858   72.33%
   2710   876   331281.1012   170   857630.0000   237282.4396   424976   72.33%
   2726   945   365731.8333   133   857630.0000   237282.4396   445481   72.33%
Elapsed time = 762.92 sec. (118959.73 ticks, tree = 45.64 MB, solutions = 10)
   2764   980   336059.4331   154   857630.0000   237282.4396   452534   72.33%
   2802   927   424004.2055   145   857630.0000   237282.4396   438552   72.33%
   2847  1065   383597.2949   125   857630.0000   237282.4396   470290   72.33%
   2871  1071   385253.6667   124   857630.0000   237282.4396   471368   72.33%
   2890  1139   341250.3503   151   857630.0000   237282.4396   487926   72.33%
   2922  1098   435424.6329   131   857630.0000   237282.4396   478478   72.33%
   2944  1146   366463.1042   152   857630.0000   237282.4396   490894   72.33%
   2970  1164   350121.7083   134   857630.0000   237282.4396   491590   72.33%
   3012  1172   332603.7396   152   857630.0000   237282.4396   492201   72.33%
   3053  1226   427566.6875   101   857630.0000   237282.4396   504114   72.33%
Elapsed time = 883.86 sec. (128742.48 ticks, tree = 51.02 MB, solutions = 10)
   3081  1231   447210.7083   144   857630.0000   237282.4396   506149   72.33%
   3117  1339   425841.0005   156   857630.0000   237282.4396   526552   72.33%
   3150  1244   495118.4286   103   857630.0000   237282.4396   508968   72.33%
   3176  1340   365095.0991   172   857630.0000   237282.4396   527015   72.33%
   3216  1377   389854.0284   152   857630.0000   237282.4396   534400   72.33%
   3265  1452   358705.0864   226   857630.0000   237282.4396   553411   72.33%
   3297  1481   475844.4062   125   857630.0000   237282.4396   556899   72.33%
   3342  1447   260397.0394   198   857630.0000   237282.4396   553351   72.33%
   3373  1543   372595.6612   158   857630.0000   237282.4396   571990   72.33%
   3409  1529   377137.1680   198   857630.0000   237282.4396   566355   72.33%
Elapsed time = 991.61 sec. (138403.85 ticks, tree = 51.76 MB, solutions = 10)
   3446  1581   492183.5833    99   857630.0000   237282.4396   575900   72.33%
   3479  1625   424266.9443   178   857630.0000   237282.4396   584078   72.33%
   3531  1691   497057.0000    86   857630.0000   237282.4396   593868   72.33%
   3572  1749   510069.2381   139   857630.0000   237282.4396   604795   72.33%
   3616  1756   540979.0000    73   857630.0000   237282.4396   605391   72.33%
   3677  1792   276446.3081   163   857630.0000   237282.4396   613184   72.33%
   3721  1869   429473.2073   135   857630.0000   237282.4396   622294   72.33%
   3771  1981   267169.3670   205   857630.0000   237282.4396   635863   72.33%
   3810  1959   502240.5667   152   857630.0000   237282.4396   633341   72.33%
   3934  2038   375252.1930   182   857630.0000   237282.4396   644572   72.33%
Elapsed time = 1115.87 sec. (151224.52 ticks, tree = 59.40 MB, solutions = 10)

Performing restart 2

Repeating presolve.
Tried aggregator 1 time.
Reduced MIP has 56905 rows, 3632 columns, and 223937 nonzeros.
Reduced MIP has 3632 binaries, 0 generals, 0 SOSs, and 0 indicators.
Presolve time = 0.15 sec. (131.28 ticks)
Tried aggregator 1 time.
Reduced MIP has 56905 rows, 3632 columns, and 223937 nonzeros.
Reduced MIP has 3632 binaries, 0 generals, 0 SOSs, and 0 indicators.
Presolve time = 0.18 sec. (153.62 ticks)
Represolve time = 0.46 sec. (383.37 ticks)
   3940     0   220626.3819   239   857630.0000      Cuts: 75   677509   72.33%
   3940     0   221093.8556   241   857630.0000     Cuts: 121   677802   72.33%
   3940     0   222048.6685   236   857630.0000     Cuts: 111   678158   72.33%
*  3940+    0                       857160.0000   237282.4396            72.32%
   3940     0  -1.00000e+75     0   857160.0000   237282.4396   678158   72.32%
   3940     0   222716.9215   237   857160.0000     Cuts: 109   678532   72.32%
   3940     0   223384.7541   242   857160.0000     Cuts: 140   678865   72.32%
   3940     0   223938.4299   248   857160.0000     Cuts: 102   679234   72.32%
   3940     0   224439.8838   239   857160.0000     Cuts: 112   679508   72.32%
   3940     0   224987.6935   243   857160.0000      Cuts: 98   679788   72.32%
*  3940+    0                       855272.0000   237282.4396            72.26%
   3940     0  -1.00000e+75     0   855272.0000   237282.4396   679788   72.26%
   3940     2   224987.6935   243   855272.0000   237282.4396   679788   72.26%
   4011    48   336258.2199   148   855272.0000   237282.4396   707567   72.26%
   4185   196   305669.8539   151   855272.0000   237282.4396   756773   72.26%
*  4397+  338                       854966.0000   237282.4396            72.25%
   4406   361   641483.0000    69   854966.0000   237282.4396   802836   72.25%
   4821   743   852276.1667    59   854966.0000   237282.4396   876434   72.25%
   5170  1094   700664.5000    46   854966.0000   242239.8387   945991   71.67%
   5364  1328   564986.6667    94   854966.0000   242626.1780  1021656   71.62%
   5593  1528   643744.5000    67   854966.0000   242626.1780  1083225   71.62%
   5901  1752   290292.0614   188   854966.0000   242642.8278  1128498   71.62%
   6169  1958   295523.6682   175   854966.0000   242642.8278  1171175   71.62%
Elapsed time = 1519.96 sec. (207176.32 ticks, tree = 37.12 MB, solutions = 13)
   6515  2329   277198.3539   195   854966.0000   243867.4311  1234783   71.48%
   6696  2545   443538.8263   190   854966.0000   243867.4311  1280771   71.48%
   6877  2769   398437.5483   195   854966.0000   243867.4311  1332284   71.48%
   7062  2926   582161.2254   150   854966.0000   243867.4311  1361557   71.48%
   7260  3140   358207.5936   188   854966.0000   243867.4311  1405420   71.48%
   7443  3310   363680.7815   192   854966.0000   247303.4207  1449902   71.07%
   7664  3548   395361.8930   181   854966.0000   247794.9313  1498536   71.02%
   7879  3675   464171.9278   149   854966.0000   247794.9313  1526956   71.02%
   8068  3928   400665.6095   146   854966.0000   247794.9313  1584622   71.02%
   8241  4070   439340.9415   158   854966.0000   247794.9313  1617727   71.02%
Elapsed time = 1945.01 sec. (245451.38 ticks, tree = 54.29 MB, solutions = 13)
   8410  4226   587438.8159   164   854966.0000   247917.2016  1650644   71.00%
   8608  4467   769826.3971   157   854966.0000   248045.4407  1708378   70.99%
   8844  4635   321593.0988   171   854966.0000   248528.6150  1738037   70.93%
   9008  4854   312469.7874   238   854966.0000   248753.0167  1786462   70.90%
   9172  4934   441080.3341   154   854966.0000   248753.0167  1803051   70.90%
   9359  5154   349436.6187   227   854966.0000   248753.0167  1857387   70.90%
   9582  5386   568353.2483   161   854966.0000   248753.0167  1903001   70.90%
   9793  5602   665985.3716   194   854966.0000   248753.0167  1940719   70.90%
  10001  5812   273426.2914   199   854966.0000   248753.0167  1987155   70.90%
  10232  5991   373610.0349   148   854966.0000   248753.0167  2034601   70.90%
Elapsed time = 2385.29 sec. (283786.41 ticks, tree = 92.18 MB, solutions = 13)
* 10307  6095      integral     0   852696.0000   248753.0167  2047132   70.83%
  10446  6126   507925.5455   143   852696.0000   248753.0167  2065540   70.83%
  10724  6346   353886.7832   177   852696.0000   248753.0167  2112914   70.83%
  11007  6625   605734.5238   112   852696.0000   248753.0167  2173862   70.83%
  11227  6900   605741.3200   161   852696.0000   249111.9284  2230792   70.79%
  11350  7078   341554.4475   169   852696.0000   249111.9284  2272647   70.79%
* 11358+ 7099                       843230.0000   249111.9284            70.46%
  11519  7201   551058.0000    64   843230.0000   250697.7350  2325038   70.27%
  11882  7304   434229.7536   202   843230.0000   250697.7350  2355076   70.27%
* 12078+ 7655                       838865.0000   250697.7350            70.11%
* 12081+ 7655                       838039.0000   250697.7350            70.09%
  12132  7691   350156.1382   175   838039.0000   250697.7350  2432946   70.09%
  12329  7943   386913.6822   163   838039.0000   250697.7350  2482479   70.09%
  12532  8135   710182.8809   161   838039.0000   250697.7350  2521317   70.09%
Elapsed time = 2769.90 sec. (322096.15 ticks, tree = 110.07 MB, solutions = 18)
  12748  8325   657110.7397   148   838039.0000   250697.7350  2558908   70.09%
  12934  8378   821275.7107   154   838039.0000   250697.7350  2570775   70.09%
  13121  8761   762007.0913   160   838039.0000   250707.7798  2648513   70.08%
  13304  8912   342196.0230   178   838039.0000   251001.0266  2684188   70.05%
  13469  9004   285300.6621   182   838039.0000   251001.0266  2707291   70.05%
  13690  9158   429589.1408   180   838039.0000   251001.0266  2744690   70.05%
  13862  9419   424773.8713   178   838039.0000   251001.0266  2809909   70.05%
  14051  9685   477144.1047   197   838039.0000   251001.0266  2867532   70.05%
  14206  9755   676377.5366   168   838039.0000   251001.0266  2890802   70.05%
  14398  9959   451994.5119   187   838039.0000   251001.0266  2937950   70.05%
Elapsed time = 3132.63 sec. (360510.69 ticks, tree = 136.50 MB, solutions = 18)
  14607 10016   419302.0700   163   838039.0000   251379.9530  2950845   70.00%
  14798 10350   411735.0447   138   838039.0000   251379.9530  3027075   70.00%
  14999 10527   470115.3653   149   838039.0000   252140.2024  3072039   69.91%
Starting limited solution polishing.
* 15148+10587                       822531.0000   252140.2024            69.35%
* 15156+10587                       822445.0000   252140.2024            69.34%
  15196 10671   652409.4726   218   822445.0000   252140.2024  3102058   69.34%
  15431 10781   477342.3302   170   822445.0000   252426.7907  3154660   69.31%
  15630 10891   701999.6082   142   822445.0000   252426.7907  3177943   69.31%
  15869 11144   404794.0347   157   822445.0000   252840.5515  3227247   69.26%
  16014 11349   563954.3750   172   822445.0000   252840.5515  3271871   69.26%
  16149 11533   437140.1093   179   822445.0000   253167.4914  3309489   69.22%
  16297 11703   476141.8897   192   822445.0000   253167.4914  3344791   69.22%
Elapsed time = 3460.08 sec. (398841.99 ticks, tree = 147.99 MB, solutions = 20)
  16429 11902   393053.5498   170   822445.0000   253167.4914  3399536   69.22%
  16589 12025   474769.7337   147   822445.0000   253167.4914  3430961   69.22%
* 16770+12031                       822116.0000   254458.3651            69.05%
  16784 12221   465191.7924   151   822116.0000   254458.3651  3471259   69.05%
  17006 12249   522207.5848   154   822116.0000   254478.2621  3476344   69.05%

Zero-half cuts applied:  270
Lift and project cuts applied:  39

Root node processing (before b&c):
  Real time             =   52.18 sec. (34164.37 ticks)
Parallel b&c, 8 threads:
  Real time             = 3547.83 sec. (381838.39 ticks)
  Sync time (average)   =  570.09 sec.
  Wait time (average)   =    0.02 sec.
                          ------------
Total (root+branch&cut) = 3600.02 sec. (416002.75 ticks)
Status: Feasible
Obj: 822116

Instalacoes abertas:
Instalação 0 aberta
Instalação 1 aberta
Instalação 4 aberta
Instalação 8 aberta
Instalação 9 aberta
Instalação 13 aberta
Instalação 16 aberta
Instalação 18 aberta
Instalação 19 aberta
Instalação 20 aberta
Instalação 22 aberta
Instalação 23 aberta
Instalação 25 aberta
Instalação 28 aberta
Instalação 30 aberta
Instalação 31 aberta
Instalação 34 aberta
Instalação 39 aberta
Instalação 46 aberta
Instalação 47 aberta
Instalação 49 aberta

Atribuições (cliente -> instalação):
Cliente 0 -> Instalação 49
Cliente 1 -> Instalação 47
Cliente 2 -> Instalação 30
Cliente 3 -> Instalação 31
Cliente 4 -> Instalação 4
Cliente 5 -> Instalação 1
Cliente 6 -> Instalação 25
Cliente 7 -> Instalação 13
Cliente 8 -> Instalação 8
Cliente 9 -> Instalação 0
Cliente 10 -> Instalação 34
Cliente 11 -> Instalação 18
Cliente 12 -> Instalação 30
Cliente 13 -> Instalação 31
Cliente 14 -> Instalação 47
Cliente 15 -> Instalação 18
Cliente 16 -> Instalação 20
Cliente 17 -> Instalação 22
Cliente 18 -> Instalação 46
Cliente 19 -> Instalação 1
Cliente 20 -> Instalação 46
Cliente 21 -> Instalação 0
Cliente 22 -> Instalação 23
Cliente 23 -> Instalação 20
Cliente 24 -> Instalação 25
Cliente 25 -> Instalação 31
Cliente 26 -> Instalação 19
Cliente 27 -> Instalação 22
Cliente 28 -> Instalação 22
Cliente 29 -> Instalação 4
Cliente 30 -> Instalação 39
Cliente 31 -> Instalação 28
Cliente 32 -> Instalação 47
Cliente 33 -> Instalação 49
Cliente 34 -> Instalação 8
Cliente 35 -> Instalação 16
Cliente 36 -> Instalação 23
Cliente 37 -> Instalação 20
Cliente 38 -> Instalação 9
Cliente 39 -> Instalação 39
Cliente 40 -> Instalação 34
Cliente 41 -> Instalação 9
Cliente 42 -> Instalação 0
Cliente 43 -> Instalação 28
Cliente 44 -> Instalação 8
Cliente 45 -> Instalação 13
Cliente 46 -> Instalação 20
Cliente 47 -> Instalação 9
Cliente 48 -> Instalação 39
Cliente 49 -> Instalação 16
