Version identifier: 22.1.1.0 | 2022-11-28 | 9160aff4d
CPXPARAM_TimeLimit                               3600
Tried aggregator 1 time.
MIP Presolve eliminated 50 rows and 1 columns.
Reduced MIP has 27000 rows, 3039 columns, and 80900 nonzeros.
Reduced MIP has 3039 binaries, 0 generals, 0 SOSs, and 0 indicators.
Presolve time = 0.04 sec. (39.32 ticks)
Found incumbent of value 2.1653813e+07 after 0.05 sec. (49.73 ticks)
Probing time = 0.01 sec. (6.15 ticks)
Tried aggregator 1 time.
Detecting symmetries...
Reduced MIP has 27000 rows, 3039 columns, and 80900 nonzeros.
Reduced MIP has 3039 binaries, 0 generals, 0 SOSs, and 0 indicators.
Presolve time = 0.05 sec. (47.32 ticks)
Probing time = 0.02 sec. (6.15 ticks)
Clique table members: 2500.
MIP emphasis: balance optimality and feasibility.
MIP search method: dynamic search.
Parallel mode: deterministic, using up to 8 threads.
Root relaxation solution time = 0.10 sec. (40.68 ticks)

        Nodes                                         Cuts/
   Node  Left     Objective  IInf  Best Integer    Best Bound    ItCnt     Gap

*     0+    0                       2.16538e+07        0.0000           100.00%
*     0+    0                       1.59335e+07        0.0000           100.00%
*     0+    0                      1052827.0000        0.0000           100.00%
*     0+    0                       931590.0000        0.0000           100.00%
      0     0    93774.0000   100   931590.0000    93774.0000      188   89.93%
*     0+    0                       634072.0000    93774.0000            85.21%
      0     0   106217.5000   100   634072.0000    Cuts: 1199      376   83.25%
*     0+    0                       621090.0000   106217.5000            82.90%
      0     0   118774.0000    98   621090.0000    Cuts: 1199      672   80.88%
      0     0   130660.4545   218   621090.0000 ZeroHalf: 462     1988   78.96%
*     0+    0                       496290.0000   130660.4545            73.67%
*     0+    0                       485990.0000   130660.4545            73.11%
*     0+    0                       467164.0000   130660.4545            72.03%
      0     0  -1.00000e+75     0   467164.0000   130660.4545     1988   72.03%
*     0+    0                       365772.0000   130660.4545            64.28%
*     0+    0                       360161.0000   130660.4545            63.72%
      0     0   134931.8457   225   360161.0000 ZeroHalf: 362     2500   62.54%
      0     0   140077.6076   216   360161.0000     Cuts: 532     3091   61.11%
Detecting symmetries...
      0     0   144130.2006   183   360161.0000     Cuts: 521     3727   59.98%
      0     0   147961.1358   183   360161.0000     Cuts: 247     4220   58.92%
      0     0   150792.5251   205   360161.0000     Cuts: 131     4622   58.13%
      0     0   152235.7325   188   360161.0000     Cuts: 107     4881   57.73%
      0     0   153085.4542   185   360161.0000     Cuts: 175     5173   57.50%
      0     0   153732.7933   207   360161.0000      Cuts: 85     5429   57.32%
      0     0   154367.8966   193   360161.0000     Cuts: 112     5734   57.14%
      0     0   155222.5842   182   360161.0000     Cuts: 266     6102   56.90%
      0     0   157046.6793   220   360161.0000     Cuts: 109     6540   56.40%
      0     0   158533.5654   212   360161.0000      Cuts: 87     6896   55.98%
      0     0   158963.6334   203   360161.0000     Cuts: 124     7084   55.86%
      0     0   159415.4866   181   360161.0000     Cuts: 104     7275   55.74%
      0     0   160193.9847   176   360161.0000      Cuts: 63     7491   55.52%
      0     0   160695.6304   180   360161.0000      Cuts: 68     7697   55.38%
      0     0   160900.4449   181   360161.0000      Cuts: 46     7810   55.33%
      0     0   161253.7645   180   360161.0000  ZeroHalf: 22     7965   55.23%
      0     0   161471.8452   184   360161.0000      Cuts: 37     8096   55.17%
      0     0   161677.3989   176   360161.0000      Cuts: 29     8150   55.11%
      0     0   162409.3614   205   360161.0000      Cuts: 53     8391   54.91%
      0     0   162829.7347   185   360161.0000      Cuts: 63     8613   54.79%
      0     0   163033.2848   184   360161.0000      Cuts: 41     8763   54.73%
      0     0   163229.7218   184   360161.0000      Cuts: 42     8920   54.68%
      0     0   163521.9056   179   360161.0000      Cuts: 47     9092   54.60%
      0     0   163734.5927   183   360161.0000      Cuts: 50     9222   54.54%
      0     0   163970.3445   179   360161.0000      Cuts: 43     9317   54.47%
      0     0   164085.6430   181   360161.0000      Cuts: 26     9424   54.44%
      0     0   164225.8069   206   360161.0000      Cuts: 50     9561   54.40%
      0     0   164342.9963   209   360161.0000      Cuts: 49     9659   54.37%
      0     0   164368.1543   209   360161.0000      Cuts: 41     9721   54.36%
      0     0   164414.3220   208   360161.0000      Cuts: 33     9778   54.35%
Detecting symmetries...
      0     2   164414.3220   208   360161.0000   164414.3220     9778   54.35%
Elapsed time = 16.88 sec. (6940.16 ticks, tree = 0.02 MB, solutions = 11)
      2     4   175268.5679   175   360161.0000   164418.4491    10425   54.35%
     12     6   190238.3450   145   360161.0000   164514.3943    11317   54.32%
     36    22   184936.1479   156   360161.0000   164700.0768    16660   54.27%
     69    61   286515.5000    83   360161.0000   164700.0768    26340   54.27%
    119    98   337845.0000    96   360161.0000   164700.0768    32541   54.27%
    168   131   267797.3846   119   360161.0000   164700.0768    39684   54.27%
*   220   179      integral     0   359763.0000   164700.0768    48032   54.22%
    228   191   237463.0000    91   359763.0000   164700.0768    49658   54.22%
*   244+  206                       359255.0000   164700.0768            54.16%
*   251   220      integral     0   340813.0000   164700.0768    52511   51.67%
    281   239   285413.0000    74   340813.0000   164700.0768    56256   51.67%
    356   282   282687.0000    83   340813.0000   164700.0768    61166   51.67%
*   494   401      integral     0   337116.0000   164700.0768    71518   51.14%
*   497   418      integral     0   336700.0000   164700.0768    76619   51.08%
    557   451   196067.1481   152   336700.0000   164700.0768    85382   51.08%
Elapsed time = 30.83 sec. (10076.25 ticks, tree = 30.06 MB, solutions = 16)
    852   640   236933.6667   130   336700.0000   164700.0768   115327   51.08%
   1113   920   178097.1393   172   336700.0000   173954.4138   149989   48.34%
   1336  1114   251471.6500   114   336700.0000   173976.0898   175542   48.33%
   1639  1315   317168.3333    89   336700.0000   176734.1494   199071   47.51%

Performing restart 1

Repeating presolve.
Tried aggregator 1 time.
MIP Presolve eliminated 2827 rows and 202 columns.
Reduced MIP has 24173 rows, 2837 columns, and 72419 nonzeros.
Reduced MIP has 2837 binaries, 0 generals, 0 SOSs, and 0 indicators.
Presolve time = 0.04 sec. (37.20 ticks)
Tried aggregator 1 time.
Reduced MIP has 24173 rows, 2837 columns, and 72419 nonzeros.
Reduced MIP has 2837 binaries, 0 generals, 0 SOSs, and 0 indicators.
Presolve time = 0.05 sec. (43.62 ticks)
Represolve time = 0.14 sec. (121.03 ticks)
*  1661+    0                       336159.0000   178120.7968            47.01%
   1661     0   164760.1659   190   336159.0000      Cuts: 64   223603   47.01%
   1661     0   165410.0932   181   336159.0000      Cuts: 58   223855   47.01%
   1661     0   165831.3786   185   336159.0000      Cuts: 64   224029   47.01%
*  1661+    0                       335705.0000   178120.7968            46.94%
   1661     0  -1.00000e+75     0   335705.0000   178120.7968   224029   46.94%
   1661     0   166488.2896   188   335705.0000      Cuts: 77   224243   46.94%
   1661     0   166756.8755   190   335705.0000      Cuts: 68   224400   46.94%
   1661     2   166756.8755   190   335705.0000   178120.7968   224400   46.94%
   1665     4   175439.9796   175   335705.0000   178120.7968   225226   46.94%
   1689    16   186657.3271   194   335705.0000   178120.7968   228786   46.94%
   1723    40   183156.5096   207   335705.0000   178120.7968   236738   46.94%
   1813   118   176481.3971   197   335705.0000   178120.7968   265362   46.94%
   1861   173   187431.3663   177   335705.0000   178120.7968   279644   46.94%
Elapsed time = 98.42 sec. (29713.60 ticks, tree = 1.30 MB, solutions = 18)
   1919   221   205063.2500   132   335705.0000   178120.7968   290926   46.94%
   1972   262   229282.4264   143   335705.0000   178120.7968   299018   46.94%
   2016   327   219179.0567   169   335705.0000   178120.7968   311651   46.94%
   2096   382   239207.7500   100   335705.0000   178120.7968   320690   46.94%
   2142   452   208870.5093   166   335705.0000   178120.7968   331386   46.94%
   2227   516   210699.1981   236   335705.0000   178120.7968   341448   46.94%
   2330   566   254632.7333   175   335705.0000   178120.7968   350465   46.94%
   2404   587   247396.8608   202   335705.0000   178120.7968   352450   46.94%
   2523   704   251849.3704   165   335705.0000   178120.7968   369212   46.94%
   2612   899   229235.8925   179   335705.0000   178120.7968   389839   46.94%
Elapsed time = 158.83 sec. (39407.14 ticks, tree = 6.19 MB, solutions = 18)
   2712   876   264618.3000   153   335705.0000   178120.7968   387436   46.94%
   2845  1084        cutoff         335705.0000   178120.7968   409996   46.94%
   2994  1262   296239.4762   182   335705.0000   178120.7968   430250   46.94%
   3123  1219   198492.1475   177   335705.0000   178120.7968   425281   46.94%
   3242  1421   286556.5918   163   335705.0000   178120.7968   449487   46.94%
   3410  1488   296651.5200   131   335705.0000   178120.7968   456669   46.94%
   3595  1693   308188.5714   137   335705.0000   178120.7968   483602   46.94%
   3731  1792   239263.8125   127   335705.0000   178120.7968   498521   46.94%
   3829  1900   208516.7152   179   335705.0000   178120.7968   513404   46.94%

Performing restart 2

Repeating presolve.
Tried aggregator 2 times.
MIP Presolve eliminated 89 rows and 7 columns.
Aggregator did 1 substitutions.
Reduced MIP has 24083 rows, 2829 columns, and 93453 nonzeros.
Reduced MIP has 2829 binaries, 0 generals, 0 SOSs, and 0 indicators.
Presolve time = 0.08 sec. (87.55 ticks)
Tried aggregator 1 time.
Reduced MIP has 24083 rows, 2829 columns, and 93453 nonzeros.
Reduced MIP has 2829 binaries, 0 generals, 0 SOSs, and 0 indicators.
Presolve time = 0.07 sec. (69.48 ticks)
Represolve time = 0.21 sec. (210.61 ticks)
   3845     0   167936.2795   194   335705.0000      Cuts: 59   543124   46.94%
   3845     0   169058.7163   213   335705.0000      Cuts: 42   543511   46.94%
   3845     0   169765.5311   210   335705.0000      Cuts: 56   543807   46.94%
   3845     0   170192.0463   215   335705.0000      Cuts: 75   544030   46.94%
   3845     0   170543.2120   189   335705.0000      Cuts: 71   544229   46.94%
   3845     0   171097.3597   216   335705.0000      Cuts: 81   544519   46.94%
   3845     0   171502.3582   215   335705.0000      Cuts: 93   544677   46.94%
   3845     0   172023.2986   215   335705.0000      Cuts: 67   544926   46.94%
   3845     0   172134.1095   215   335705.0000      Cuts: 84   545052   46.94%
   3845     2   172134.1095   215   335705.0000   178120.7968   545052   46.94%
Elapsed time = 232.22 sec. (59766.75 ticks, tree = 0.02 MB, solutions = 18)
   3869    19   239702.5000    88   335705.0000   178120.7968   557633   46.94%
   4013   126        cutoff         335705.0000   178120.7968   586166   46.94%
   4177   274   263921.9667   125   335705.0000   178120.7968   619191   46.94%
   4319   359   188419.0018   192   335705.0000   178120.7968   641023   46.94%
   4451   442   208493.3240   190   335705.0000   178120.7968   664969   46.94%
   4569   574        cutoff         335705.0000   178313.7709   691337   46.88%
   4684   674        cutoff         335705.0000   178338.5855   714404   46.88%
   4773   747   255372.7300   180   335705.0000   179986.1478   733973   46.39%
   4906   801   222584.8048   191   335705.0000   179986.1478   751799   46.39%
   5049   922   320188.6123   145   335705.0000   181967.8263   772606   45.80%
Elapsed time = 281.63 sec. (69365.05 ticks, tree = 25.67 MB, solutions = 18)
   5145  1093   202555.3593   166   335705.0000   184005.1185   808479   45.19%
   5290  1164   222290.6670   178   335705.0000   186185.0753   828156   44.54%
   5404  1280   333005.7500    78   335705.0000   186185.0753   845718   44.54%
   5511  1403   260251.5484   175   335705.0000   186908.5224   878832   44.32%
   5687  1472   301698.2385   190   335705.0000   187229.4893   898762   44.23%
   5807  1670   331979.7143    93   335705.0000   187229.4893   935934   44.23%
   5898  1759   262364.8014   179   335705.0000   188429.4890   959348   43.87%
   6041  1848   312837.6786   109   335705.0000   188429.4890   980928   43.87%
   6184  2012   297622.5000    76   335705.0000   188871.5186  1011222   43.74%
   6343  2073   306379.5000    51   335705.0000   189846.5069  1031309   43.45%
Elapsed time = 335.73 sec. (78963.89 ticks, tree = 37.43 MB, solutions = 18)
   6445  2196   201939.7263   204   335705.0000   190283.6904  1052237   43.32%
   6561  2306   283879.0000   169   335705.0000   191636.3560  1068424   42.92%
   6697  2470   328953.5909   111   335705.0000   192032.7913  1103569   42.80%
   6843  2515   225763.3772   200   335705.0000   192154.6667  1112260   42.76%
   6997  2660   314023.4444   127   335705.0000   194109.4918  1133272   42.18%
   7147  2841   255751.4294   206   335705.0000   194273.3939  1173865   42.13%
   7283  2892   266861.4286   131   335705.0000   194548.1391  1186361   42.05%
   7468  3039        cutoff         335705.0000   194548.1391  1212011   42.05%
   7597  3269   260898.0000    85   335705.0000   194559.1064  1252475   42.04%
   7704  3304   313178.0000    66   335705.0000   195171.4001  1261065   41.86%
Elapsed time = 388.60 sec. (88588.08 ticks, tree = 42.87 MB, solutions = 18)
   7811  3442   321976.0000    78   335705.0000   195538.7385  1291250   41.75%
   7932  3559   274265.6875   147   335705.0000   196546.0083  1324175   41.45%
   8102  3598   264254.2500   117   335705.0000   196546.0083  1337031   41.45%
   8275  3788   314567.6667   106   335705.0000   196647.7218  1367943   41.42%
   8441  4046   274848.0000    72   335705.0000   197235.2500  1419295   41.25%
   8598  4136   322810.5000    98   335705.0000   197414.4335  1441974   41.19%
   8735  4228   269845.6519   151   335705.0000   197436.6784  1460121   41.19%
   8886  4259   282037.1880   166   335705.0000   197759.6405  1465884   41.09%
   9014  4570   229535.7412   209   335705.0000   198634.8259  1528493   40.83%
   9144  4531   263745.8201   129   335705.0000   198634.8259  1523686   40.83%
Elapsed time = 439.68 sec. (98199.68 ticks, tree = 46.86 MB, solutions = 18)
   9289  4722   298310.5714   108   335705.0000   198727.8618  1556364   40.80%
   9441  4892   253417.9545   152   335705.0000   198977.5441  1590109   40.73%
   9573  4968   325580.5000    48   335705.0000   199905.4681  1604520   40.45%
   9727  5074   292367.9417   212   335705.0000   199905.4681  1633199   40.45%
   9897  5256   216357.4147   192   335705.0000   200057.0335  1664027   40.41%
  10058  5417   289969.1154   145   335705.0000   200207.0782  1692718   40.36%
  10200  5451   330409.5000    64   335705.0000   200457.9017  1702384   40.29%
  10353  5709   303841.1330   135   335705.0000   200805.1385  1754785   40.18%
  10519  5890   244363.0846   212   335705.0000   201009.4623  1790734   40.12%
  10641  5931   285201.5000    90   335705.0000   201268.4065  1798899   40.05%
Elapsed time = 493.76 sec. (107780.48 ticks, tree = 51.95 MB, solutions = 18)
  10790  5990   216884.5300   184   335705.0000   201387.9373  1811189   40.01%
  10948  6230   244712.9283   206   335705.0000   201947.7781  1865543   39.84%
  11117  6313   250763.8265   159   335705.0000   202371.9276  1881706   39.72%
  11300  6492   309000.5962   147   335705.0000   202545.4437  1911530   39.67%
  11439  6635   281672.5000    70   335705.0000   202650.2143  1933282   39.63%
  11646  6701   302732.8235   115   335705.0000   203114.9370  1948634   39.50%
  11804  7039   290382.7292   167   335705.0000   203114.9370  2007569   39.50%
  11984  7173   332714.5385   108   335705.0000   203150.3571  2035585   39.49%
  12117  7295   297007.3969   123   335705.0000   203600.5665  2063294   39.35%
  12683  7630   326181.6667    76   335705.0000   203981.0276  2138339   39.24%
Elapsed time = 558.86 sec. (120241.62 ticks, tree = 58.82 MB, solutions = 18)
  13278  8313   271274.5047   156   335705.0000   204724.9485  2276262   39.02%
  13920  8871   327469.7222   106   335705.0000   205420.2992  2386141   38.81%
  14556  9403   314026.0000    90   335705.0000   206101.9868  2486868   38.61%
* 14958  9605      integral     0   335235.0000   207087.6667  2524656   38.23%
  15211  9963   262276.4488   151   335235.0000   207118.5026  2587630   38.22%
  15893 10562   334553.9583   131   335235.0000   207627.5000  2698320   38.07%
  16552 11010   293883.8750   106   335235.0000   208662.5678  2781690   37.76%
  17134 11589   234845.1704   197   335235.0000   208916.6478  2893115   37.68%
  17799 12271   242451.4509   146   335235.0000   209527.0625  3030667   37.50%
  18508 12989   262497.4748   161   335235.0000   210167.7627  3161350   37.31%
  19171 13383   247924.0425   163   335235.0000   210485.0976  3231140   37.21%
Elapsed time = 769.68 sec. (158442.41 ticks, tree = 82.06 MB, solutions = 19)
  19740 14072   248118.4375   129   335235.0000   211280.1250  3363306   36.98%
  20321 14553   282554.0606   144   335235.0000   211555.3333  3447750   36.89%
* 20426+14505                       332266.0000   211555.3333            36.33%
* 20514+14505                       330720.0000   211555.3333            36.03%
  20766 15061   310673.6000    79   330720.0000   212030.1138  3543921   35.89%
  21438 15090   304830.9000   101   330720.0000   212030.1138  3632528   35.89%
* 22034 15794      integral     0   330595.0000   212796.7979  3763309   35.63%
  22060 15750   281409.2643   199   330595.0000   212796.7979  3755330   35.63%
  22710 16031   277499.2000   124   330595.0000   213389.7141  3817531   35.45%
* 23391+16778                       321846.0000   213747.0681            33.59%
  23475 16852   284612.0811   129   321846.0000   213778.7778  3968670   33.58%
  24128 15782   266775.9902   169   321846.0000   214246.8635  4032423   33.43%
  24757 16610   295519.0444   125   321846.0000   214606.0734  4184686   33.32%
  25407 16887   298082.2500    78   321846.0000   214825.7500  4249463   33.25%
Elapsed time = 969.57 sec. (196642.52 ticks, tree = 90.94 MB, solutions = 23)
  26123 17508   276215.2313   181   321846.0000   215280.3871  4371327   33.11%
  26829 18195   313131.2250   122   321846.0000   215560.7778  4488070   33.02%
  27476 19008   303628.3333   104   321846.0000   215943.9167  4647028   32.90%
* 27802+18811                       319156.0000   215996.7667            32.32%
  28129 19039   299894.0000    87   319156.0000   216239.6542  4739768   32.25%
  28789 19485   237946.8510   148   319156.0000   216479.4746  4823561   32.17%
  29459 20045   290223.1302   125   319156.0000   216750.2760  4913203   32.09%
  30117 20677   238620.5000    88   319156.0000   216781.4366  5027878   32.08%
  30895 21414   287094.1404   132   319156.0000   217334.9062  5149486   31.90%
  31582 22163   260896.3693   158   319156.0000   217748.6852  5290882   31.77%
  32316 22446        cutoff         319156.0000   217992.2852  5346416   31.70%
Elapsed time = 1180.42 sec. (234823.67 ticks, tree = 113.72 MB, solutions = 24)
  33104 23424   246801.1766   193   319156.0000   218327.6056  5518902   31.59%
  33828 23701   271058.9455   129   319156.0000   218553.2014  5556540   31.52%
  34561 24457   243626.2125   198   319156.0000   218692.0317  5688237   31.48%
  35241 25194   294414.8426   125   319156.0000   219103.0000  5811920   31.35%
  36043 25684   315059.7907   108   319156.0000   219278.2453  5888752   31.29%
* 36623 26208      integral     0   316785.0000   219675.5730  5970335   30.65%
  36749 26459   293220.3542   116   316785.0000   219675.5730  6010199   30.65%
  37481 26709   303417.5000   117   316785.0000   219786.2879  6145632   30.62%
  38200 27169   313050.7000   109   316785.0000   220061.5573  6221866   30.53%
  38945 27607   269045.8950   188   316785.0000   220193.7231  6300762   30.49%
  39752 28782   310682.1753   143   316785.0000   220404.5000  6493703   30.42%
Elapsed time = 1393.23 sec. (273012.57 ticks, tree = 139.29 MB, solutions = 25)
  40521 28870   276991.7300   152   316785.0000   220519.0588  6508707   30.39%
  41191 29798   269288.2956   156   316785.0000   220676.2372  6655462   30.34%
  41968 30486   296521.6978   129   316785.0000   220801.2500  6777442   30.30%
  42644 30925   271374.0246   154   316785.0000   221069.5928  6845836   30.21%
  43266 31846   269171.6667   136   316785.0000   221085.8241  6991085   30.21%
  43835 31903   234364.6639   177   316785.0000   221473.7200  7001264   30.09%
  44561 32832   228679.6141   167   316785.0000   221560.4040  7162644   30.06%
  45265 33743   314732.6463   161   316785.0000   221672.8054  7323913   30.02%
  45981 33826        cutoff         316785.0000   221788.2500  7338027   29.99%
  46682 34317   275968.1004   183   316785.0000   222000.6944  7434388   29.92%
Elapsed time = 1600.91 sec. (311210.11 ticks, tree = 162.62 MB, solutions = 25)
  47458 34822   273554.0559   154   316785.0000   222180.6305  7519195   29.86%
  48145 36322   251218.1925   172   316785.0000   222339.7895  7774089   29.81%
  48842 36831   310328.4697   115   316785.0000   222463.2701  7861967   29.77%
  49612 37272   295812.3636   102   316785.0000   222552.0130  7940089   29.75%
  50343 38080   258877.8984   174   316785.0000   222694.4762  8078618   29.70%
  51037 38766   252093.7417   203   316785.0000   222720.5080  8193553   29.69%
  51689 38762   284925.6364   148   316785.0000   223063.1567  8190235   29.59%
* 51843+38768                       314827.0000   223080.5882            29.14%
  52295 39604   251996.6130   236   314827.0000   223183.7089  8335014   29.11%
* 52311+39426                       310653.0000   223183.7089            28.16%
  52868 37825   277703.3217   151   310653.0000   223372.6825  8470382   28.10%
  53580 38084   257145.2065   137   310653.0000   223406.9361  8519136   28.08%
Elapsed time = 1815.54 sec. (349421.08 ticks, tree = 175.09 MB, solutions = 28)
  54393 38909   274645.3104   148   310653.0000   223538.1549  8677373   28.04%
  55040 39374   283058.7353   173   310653.0000   223712.3333  8752129   27.99%
  55759 39908   277968.5845   134   310653.0000   223828.4278  8838183   27.95%
  56453 40810   293728.4808   144   310653.0000   223936.6515  8999571   27.91%
  57134 40991   281740.9932   150   310653.0000   224150.3616  9034450   27.85%
  57870 41988   282012.8874   144   310653.0000   224352.8755  9199451   27.78%
  58540 42542   272875.5215   157   310653.0000   224396.1250  9313726   27.77%
  59222 42890   242026.5278   127   310653.0000   224577.3024  9374617   27.71%
  59839 43923   286779.0000   103   310653.0000   224786.0236  9583317   27.64%
  60614 44212   285988.9091   124   310653.0000   224924.1302  9634285   27.60%
Elapsed time = 2040.27 sec. (387608.80 ticks, tree = 200.61 MB, solutions = 28)
  61250 45108   259648.7870   174   310653.0000   225052.1429  9789859   27.56%
  61908 45503   255025.3333   130   310653.0000   225268.5616  9855543   27.49%
  62654 46757   289805.8750   112   310653.0000   225399.3156 10056875   27.44%
  63401 46943   279343.7515   182   310653.0000   225444.1298 10098824   27.43%
  64150 47560   257581.8571   116   310653.0000   225531.7206 10203152   27.40%
  64925 47858   273939.5945   146   310653.0000   225719.5406 10245189   27.34%
  65674 48645   285321.6890   173   310653.0000   225804.8000 10388766   27.31%
  66533 49359        cutoff         310653.0000   226005.0000 10503346   27.25%
  67339 50446   283029.7891   148   310653.0000   226121.7500 10680428   27.21%
  67889 50911   242832.2892   185   310653.0000   226259.9655 10759714   27.17%
Elapsed time = 2258.15 sec. (425793.09 ticks, tree = 227.74 MB, solutions = 28)
  68516 51509   262233.9605   156   310653.0000   226316.3290 10862505   27.15%
  69117 52155   263451.5000    80   310653.0000   226316.3290 10974969   27.15%
  69749 52321   302969.1067   141   310653.0000   226445.2561 11000657   27.11%
  70510 53196   284417.9750   136   310653.0000   226530.6792 11161768   27.08%
  71196 53181   309825.0000    84   310653.0000   226602.2858 11156196   27.06%
  71888 54321   265834.0505   160   310653.0000   226742.0495 11344935   27.01%
  72588 55118   249949.7000   143   310653.0000   226838.6330 11495937   26.98%
  73392 55668   288483.2348   177   310653.0000   226967.7395 11601758   26.94%
  74090 56404   309634.4898   119   310653.0000   227121.0000 11730488   26.89%
  74710 57277   283621.8000   137   310653.0000   227170.2403 11866080   26.87%
Elapsed time = 2463.64 sec. (463972.52 ticks, tree = 254.03 MB, solutions = 28)
  75389 56911   276697.6458   172   310653.0000   227187.5162 11815509   26.87%
  76032 58224   245865.0039   159   310653.0000   227416.9130 12039128   26.79%
  76711 58570   304989.6256   156   310653.0000   227529.7804 12099430   26.76%
  77398 58632        cutoff         310653.0000   227576.2265 12114450   26.74%
  78183 59441   282579.7879   115   310653.0000   227724.5000 12235299   26.69%
  78927 60046   303577.6667    93   310653.0000   227821.4783 12359400   26.66%
  79637 61194        cutoff         310653.0000   227898.5261 12551565   26.64%
  80302 61792   286042.7391   114   310653.0000   227969.4404 12649951   26.62%
  81060 62011   292189.9808   129   310653.0000   228037.5497 12681443   26.59%
  81775 63159   278646.2500    93   310653.0000   228157.3187 12894310   26.56%
Elapsed time = 2676.64 sec. (502180.73 ticks, tree = 278.34 MB, solutions = 28)
  82433 63474   270925.7588   171   310653.0000   228219.8336 12942681   26.54%
  83121 64265   299564.3333   145   310653.0000   228278.8750 13088099   26.52%
  83747 64575   230638.7333   142   310653.0000   228339.7244 13140975   26.50%
  84365 64799   278776.9048   130   310653.0000   228456.5045 13187325   26.46%
  85101 66083   283963.8714   127   310653.0000   228538.1314 13396788   26.43%
  85877 66633   305842.5714   111   310653.0000   228612.5000 13494375   26.41%
  86686 66617   294794.6000   108   310653.0000   228690.8394 13491132   26.38%
  87473 68000   297681.9306   120   310653.0000   228783.3313 13715532   26.35%
  88103 68506   296247.8242   141   310653.0000   228844.6651 13800463   26.33%
  88860 69177   259976.2935   165   310653.0000   228955.3570 13922446   26.30%
Elapsed time = 2897.04 sec. (540383.90 ticks, tree = 306.09 MB, solutions = 28)
  89619 69779   276981.6593   141   310653.0000   229018.5468 14030672   26.28%
  90342 70707   273171.2516   162   310653.0000   229116.6770 14192389   26.25%
  90955 71140   259774.1535   214   310653.0000   229259.8535 14272773   26.20%
  91534 71730   269260.8214   186   310653.0000   229376.7197 14366912   26.16%
  92166 72107   269982.5932   129   310653.0000   229424.0000 14445244   26.15%
  92858 72663   260590.5086   194   310653.0000   229545.2042 14552796   26.11%
  93520 72874   308202.5714   124   310653.0000   229568.9167 14581994   26.10%
* 93658+72706                       308343.0000   229568.9167            25.55%
  94310 71697   294246.0617   156   308343.0000   229622.6168 14697488   25.53%
  95128 73025   283092.1875   146   308343.0000   229744.8750 14918381   25.49%
  95919 73126   274739.7513   150   308343.0000   229759.8071 14931044   25.49%
Elapsed time = 3122.05 sec. (578563.93 ticks, tree = 322.13 MB, solutions = 29)
  96665 73978   289073.4444   108   308343.0000   229893.3619 15070681   25.44%
  97483 74858        cutoff         308343.0000   230004.7348 15211548   25.41%
* 98093+75028                       304744.0000   230026.9585            24.52%
  98132 75321        cutoff         304744.0000   230026.9585 15281669   24.52%
  98833 72532   232643.1769   165   304744.0000   230108.7161 15446980   24.49%
  99485 72958   252042.0278   147   304744.0000   230196.4000 15519169   24.46%
Starting limited solution polishing.
 100275 73445   278983.0933   156   304744.0000   230243.7938 15599804   24.45%
 100979 73964   277381.2482   175   304744.0000   230327.0000 15675971   24.42%
 101566 74963   243881.6395   151   304744.0000   230439.0004 15854112   24.38%
 102018 74878   249900.2527   197   304744.0000   230468.4710 15834776   24.37%
 102436 75561   301871.0500   111   304744.0000   230485.5869 15956485   24.37%
Elapsed time = 3325.35 sec. (616773.48 ticks, tree = 330.23 MB, solutions = 30)
 103002 75953   291592.6818   109   304744.0000   230575.9968 16020503   24.34%
*103107+75930                       303033.0000   230575.9968            23.91%
 103504 76328   283153.5000    80   303033.0000   230611.9776 16088965   23.90%
 103847 75069   275968.0886   155   303033.0000   230611.9776 16199414   23.90%
*103912+74807                       300369.0000   230649.2143            23.21%
 104295 72391   284755.0312   123   300369.0000   230723.7182 16260230   23.19%
 104845 72720   291383.0000    52   300369.0000   230776.2212 16325385   23.17%
 105080 73182   273902.8511   147   300369.0000   230776.2212 16405657   23.17%
 105582 73105   292468.4578   158   300369.0000   230887.0313 16393355   23.13%
 105969 73528   257502.0725   141   300369.0000   230908.8560 16474732   23.12%
 106388 74294   286429.5786   174   300369.0000   230990.3265 16604125   23.10%
 107014 74560   277887.3857   133   300369.0000   231020.1463 16652148   23.09%
Elapsed time = 3453.44 sec. (654981.12 ticks, tree = 325.38 MB, solutions = 33)
*107086+74188                       300158.0000   231020.1463            23.03%
 107433 74779   248695.8583   181   300158.0000   231098.8060 16696351   23.01%
*107528+74709                       299777.0000   231098.8060            22.91%
 107805 74738   270966.5009   144   299777.0000   231103.2839 16798938   22.91%
 108340 75120   283988.9012   136   299777.0000   231176.2333 16865994   22.88%
 108734 75430        cutoff         299777.0000   231217.6775 16917220   22.87%
*109196+75101                       299566.0000   231256.9781            22.80%
 109270 75637   234952.7500    92   299566.0000   231256.9781 16962665   22.80%
 109632 76028   277463.9382   153   299566.0000   231371.8571 17079217   22.76%
 109941 76290   269573.6111   140   299566.0000   231383.0462 17126120   22.76%
 110443 76243   280862.2123   165   299566.0000   231427.3057 17118362   22.75%
 110842 76950   295820.3203   153   299566.0000   231488.2574 17273424   22.73%
 111128 77182   253701.8151   166   299566.0000   231523.8893 17315003   22.71%
Elapsed time = 3575.09 sec. (693233.94 ticks, tree = 335.83 MB, solutions = 36)
 111352 77247   270250.8988   179   299566.0000   231569.2083 17330348   22.70%
 111685 77696   288577.1615   134   299566.0000   231569.2083 17409279   22.70%

Implied bound cuts applied:  1
Zero-half cuts applied:  385
Lift and project cuts applied:  255
Gomory fractional cuts applied:  2

Root node processing (before b&c):
  Real time             =   16.85 sec. (6895.85 ticks)
Parallel b&c, 8 threads:
  Real time             = 3583.17 sec. (698462.17 ticks)
  Sync time (average)   =  539.87 sec.
  Wait time (average)   =    0.01 sec.
                          ------------
Total (root+branch&cut) = 3600.02 sec. (705358.02 ticks)
Status: Feasible
Obj: 299566

Instalacoes abertas:
Instalação 1 aberta
Instalação 4 aberta
Instalação 8 aberta
Instalação 9 aberta
Instalação 13 aberta
Instalação 20 aberta
Instalação 22 aberta
Instalação 31 aberta
Instalação 47 aberta

Atribuições (cliente -> instalação):
Cliente 0 -> Instalação 47
Cliente 1 -> Instalação 8
Cliente 2 -> Instalação 20
Cliente 3 -> Instalação 8
Cliente 4 -> Instalação 4
Cliente 5 -> Instalação 8
Cliente 6 -> Instalação 20
Cliente 7 -> Instalação 4
Cliente 8 -> Instalação 1
Cliente 9 -> Instalação 4
Cliente 10 -> Instalação 20
Cliente 11 -> Instalação 22
Cliente 12 -> Instalação 13
Cliente 13 -> Instalação 20
Cliente 14 -> Instalação 47
Cliente 15 -> Instalação 9
Cliente 16 -> Instalação 1
Cliente 17 -> Instalação 9
Cliente 18 -> Instalação 20
Cliente 19 -> Instalação 13
Cliente 20 -> Instalação 20
Cliente 21 -> Instalação 4
Cliente 22 -> Instalação 22
Cliente 23 -> Instalação 47
Cliente 24 -> Instalação 4
Cliente 25 -> Instalação 8
Cliente 26 -> Instalação 8
Cliente 27 -> Instalação 22
Cliente 28 -> Instalação 31
Cliente 29 -> Instalação 47
Cliente 30 -> Instalação 13
Cliente 31 -> Instalação 31
Cliente 32 -> Instalação 1
Cliente 33 -> Instalação 4
Cliente 34 -> Instalação 1
Cliente 35 -> Instalação 20
Cliente 36 -> Instalação 8
Cliente 37 -> Instalação 20
Cliente 38 -> Instalação 4
Cliente 39 -> Instalação 13
Cliente 40 -> Instalação 47
Cliente 41 -> Instalação 4
Cliente 42 -> Instalação 1
Cliente 43 -> Instalação 8
Cliente 44 -> Instalação 9
Cliente 45 -> Instalação 9
Cliente 46 -> Instalação 4
Cliente 47 -> Instalação 47
Cliente 48 -> Instalação 9
Cliente 49 -> Instalação 9
