Version identifier: 22.1.1.0 | 2022-11-28 | 9160aff4d
CPXPARAM_TimeLimit                               3600
Found incumbent of value 1871920.000000 after 0.00 sec. (4.10 ticks)
Tried aggregator 1 time.
MIP Presolve eliminated 50 rows and 1 columns.
Reduced MIP has 63750 rows, 3774 columns, and 191150 nonzeros.
Reduced MIP has 3774 binaries, 0 generals, 0 SOSs, and 0 indicators.
Presolve time = 0.11 sec. (83.25 ticks)
Probing time = 0.03 sec. (8.81 ticks)
Tried aggregator 1 time.
Detecting symmetries...
Reduced MIP has 63750 rows, 3774 columns, and 191150 nonzeros.
Reduced MIP has 3774 binaries, 0 generals, 0 SOSs, and 0 indicators.
Presolve time = 0.13 sec. (101.60 ticks)
Probing time = 0.04 sec. (8.88 ticks)
Clique table members: 2500.
MIP emphasis: balance optimality and feasibility.
MIP search method: dynamic search.
Parallel mode: deterministic, using up to 8 threads.
Root relaxation solution time = 0.14 sec. (92.62 ticks)

        Nodes                                         Cuts/
   Node  Left     Objective  IInf  Best Integer    Best Bound    ItCnt     Gap

*     0+    0                      1871920.0000        0.0000           100.00%
      0     0    93774.0000   100  1871920.0000    93774.0000      186   94.99%
      0     0   106217.5000   100  1871920.0000    Cuts: 3136      374   94.33%
      0     0   118774.0000    98  1871920.0000    Cuts: 3045      658   93.65%
      0     0   131111.1667   149  1871920.0000    Cuts: 1232     2028   93.00%
*     0+    0                      1838268.0000   131111.1667            92.87%
*     0+    0                      1747997.0000   131111.1667            92.50%
*     0+    0                      1730672.0000   131111.1667            92.42%
*     0+    0                      1730275.0000   131111.1667            92.42%
*     0+    0                      1726717.0000   131111.1667            92.41%
*     0+    0                      1726174.0000   131111.1667            92.40%
      0     0  -1.00000e+75     0  1726174.0000   131111.1667     2028   92.40%
      0     0   135445.2619   216  1726174.0000 ZeroHalf: 1441     2563   92.15%
*     0+    0                      1571189.0000   135445.2619            91.38%
      0     0   143355.5625   174  1571189.0000     Cuts: 992     3490   90.88%
Detecting symmetries...
      0     0   151282.8544   182  1571189.0000    Cuts: 1492     4614   90.37%
      0     0   159479.3044   221  1571189.0000     Cuts: 364     5602   89.85%
      0     0   164910.8965   195  1571189.0000     Cuts: 599     6452   89.50%
      0     0   169629.6644   208  1571189.0000     Cuts: 685     7325   89.20%
      0     0   173998.2582   206  1571189.0000     Cuts: 454     8332   88.93%
      0     0   177021.2508   202  1571189.0000     Cuts: 210     8911   88.73%
      0     0   180150.2302   210  1571189.0000     Cuts: 263     9589   88.53%
      0     0   182443.6615   248  1571189.0000 ZeroHalf: 117    10048   88.39%
      0     0   185676.4858   237  1571189.0000     Cuts: 632    10916   88.18%
      0     0   187682.1778   229  1571189.0000     Cuts: 256    11405   88.05%
      0     0   189121.6751   201  1571189.0000     Cuts: 688    11944   87.96%
      0     0   190734.7578   234  1571189.0000     Cuts: 233    12452   87.86%
      0     0   192314.4768   206  1571189.0000     Cuts: 377    13003   87.76%
      0     0   194439.3383   199  1571189.0000     Cuts: 193    13606   87.62%
      0     0   195800.2274   204  1571189.0000     Cuts: 194    14063   87.54%
      0     0   197090.4619   188  1571189.0000     Cuts: 121    14495   87.46%
      0     0   198311.3343   199  1571189.0000     Cuts: 170    15000   87.38%
*     0+    0                      1326122.0000   198311.3343            85.05%
      0     0   199462.2166   228  1326122.0000     Cuts: 149    15498   84.96%
      0     0   200430.3058   219  1326122.0000     Cuts: 100    15813   84.89%
      0     0   201700.3780   220  1326122.0000     Cuts: 264    16403   84.79%
      0     0   202767.8375   230  1326122.0000     Cuts: 140    16905   84.71%
      0     0   203760.3928   201  1326122.0000     Cuts: 372    17314   84.63%
      0     0   205016.0472   216  1326122.0000     Cuts: 116    17823   84.54%
      0     0   206110.9575   228  1326122.0000     Cuts: 268    18298   84.46%
      0     0   207059.4720   240  1326122.0000     Cuts: 100    18754   84.39%
      0     0   208059.9529   230  1326122.0000     Cuts: 102    19226   84.31%
      0     0   208937.8983   222  1326122.0000     Cuts: 227    19639   84.24%
      0     0   209546.4552   200  1326122.0000     Cuts: 202    19961   84.20%
      0     0   210237.4409   220  1326122.0000  ZeroHalf: 76    20419   84.15%
      0     0   210960.8655   220  1326122.0000      Cuts: 94    20712   84.09%
      0     0   211456.7764   224  1326122.0000     Cuts: 107    21028   84.05%
      0     0   212397.9622   239  1326122.0000     Cuts: 104    21430   83.98%
      0     0   213106.5776   247  1326122.0000     Cuts: 102    21811   83.93%
*     0+    0                      1321095.0000   213106.5776            83.87%
      0     0   213618.9212   243  1321095.0000      Cuts: 98    22014   83.83%
*     0+    0                      1315938.0000   213618.9212            83.77%
      0     0   214181.4919   215  1315938.0000     Cuts: 155    22321   83.72%
      0     0   214708.4013   217  1315938.0000      Cuts: 79    22643   83.68%
      0     0   215509.5005   223  1315938.0000     Cuts: 171    22975   83.62%
      0     0   216570.4981   222  1315938.0000     Cuts: 206    23465   83.54%
      0     0   217280.0740   216  1315938.0000  ZeroHalf: 54    23733   83.49%
      0     0   217977.9357   207  1315938.0000     Cuts: 139    24145   83.44%
      0     0   218654.5634   223  1315938.0000     Cuts: 158    24455   83.38%
      0     0   219006.1673   232  1315938.0000      Cuts: 64    24751   83.36%
      0     0   219724.6515   223  1315938.0000      Cuts: 52    25092   83.30%
      0     0   220299.2922   235  1315938.0000      Cuts: 85    25364   83.26%
      0     0   220657.5502   245  1315938.0000     Cuts: 132    25612   83.23%
      0     0   220922.8142   253  1315938.0000      Cuts: 34    25777   83.21%
      0     0   221254.7570   241  1315938.0000      Cuts: 44    25957   83.19%
      0     0   221454.6284   219  1315938.0000     Cuts: 140    26112   83.17%
      0     0   221829.9235   237  1315938.0000     Cuts: 107    26332   83.14%
      0     0   222062.1283   225  1315938.0000     Cuts: 161    26479   83.13%
      0     0   222328.3403   219  1315938.0000      Cuts: 38    26697   83.10%
      0     0   222574.8427   231  1315938.0000      Cuts: 48    26859   83.09%
      0     0   222977.1561   233  1315938.0000      Cuts: 65    27093   83.06%
      0     0   223451.7484   232  1315938.0000      Cuts: 64    27389   83.02%
      0     0   223779.5500   220  1315938.0000     Cuts: 126    27574   82.99%
      0     0   224037.8499   218  1315938.0000     Cuts: 101    27696   82.98%
      0     0   224799.5252   216  1315938.0000     Cuts: 177    27975   82.92%
      0     0   225331.1691   215  1315938.0000     Cuts: 124    28322   82.88%
      0     0   226043.8850   215  1315938.0000     Cuts: 130    28623   82.82%
      0     0   226777.7043   253  1315938.0000      Cuts: 93    28999   82.77%
      0     0   227433.7683   246  1315938.0000  ZeroHalf: 69    29323   82.72%
      0     0   227833.9051   223  1315938.0000      Cuts: 67    29548   82.69%
      0     0   228343.7450   242  1315938.0000      Cuts: 86    29778   82.65%
      0     0   228863.9295   227  1315938.0000     Cuts: 125    30193   82.61%
      0     0   229263.5470   236  1315938.0000      Cuts: 62    30393   82.58%
      0     0   229583.2410   221  1315938.0000     Cuts: 145    30600   82.55%
      0     0   230003.7572   225  1315938.0000      Cuts: 70    30831   82.52%
      0     0   230337.4512   233  1315938.0000      Cuts: 88    31077   82.50%
      0     0   230673.3933   232  1315938.0000      Cuts: 50    31330   82.47%
      0     0   231012.1375   233  1315938.0000      Cuts: 52    31536   82.45%
      0     0   231605.6317   250  1315938.0000      Cuts: 65    31809   82.40%
      0     0   232185.8083   230  1315938.0000     Cuts: 121    32067   82.36%
      0     0   232532.9234   221  1315938.0000      Cuts: 33    32253   82.33%
      0     0   232953.1455   228  1315938.0000      Cuts: 67    32503   82.30%
      0     0   233352.5278   228  1315938.0000      Cuts: 44    32720   82.27%
      0     0   233584.6403   248  1315938.0000      Cuts: 48    32878   82.25%
      0     0   234002.1931   233  1315938.0000      Cuts: 56    33211   82.22%
      0     0   234507.6259   233  1315938.0000     Cuts: 154    33494   82.18%
      0     0   235124.7793   222  1315938.0000     Cuts: 141    33817   82.13%
      0     0   235630.9048   242  1315938.0000      Cuts: 45    34124   82.09%
      0     0   235901.1476   232  1315938.0000     Cuts: 127    34352   82.07%
      0     0   236302.7864   225  1315938.0000     Cuts: 106    34606   82.04%
      0     0   236871.1368   219  1315938.0000      Cuts: 72    34953   82.00%
      0     0   237201.8943   237  1315938.0000      Cuts: 36    35250   81.97%
      0     0   237777.7100   247  1315938.0000      Cuts: 72    35544   81.93%
      0     0   238448.0097   222  1315938.0000      Cuts: 74    35864   81.88%
      0     0   239028.1154   233  1315938.0000     Cuts: 122    36245   81.84%
      0     0   239729.2720   225  1315938.0000      Cuts: 46    36557   81.78%
      0     0   240246.4594   272  1315938.0000      Cuts: 84    36812   81.74%
      0     0   240790.0106   263  1315938.0000      Cuts: 89    37117   81.70%
      0     0   241094.7613   275  1315938.0000     Cuts: 155    37343   81.68%
      0     0   241352.4460   243  1315938.0000      Cuts: 55    37560   81.66%
      0     0   241687.3406   251  1315938.0000      Cuts: 43    37947   81.63%
      0     0   242055.1673   260  1315938.0000     Cuts: 117    38303   81.61%
      0     0   242462.3659   235  1315938.0000      Cuts: 55    38519   81.57%
      0     0   242861.2503   238  1315938.0000      Cuts: 86    38812   81.54%
      0     0   243421.8409   251  1315938.0000  ZeroHalf: 35    39093   81.50%
      0     0   243947.2862   226  1315938.0000      Cuts: 55    39375   81.46%
      0     0   244316.2575   242  1315938.0000      Cuts: 46    39598   81.43%
      0     0   244713.9896   244  1315938.0000     Cuts: 115    39840   81.40%
      0     0   245280.1423   242  1315938.0000     Cuts: 109    40192   81.36%
      0     0   245612.7517   253  1315938.0000      Cuts: 62    40431   81.34%
      0     0   246086.3933   256  1315938.0000     Cuts: 147    40722   81.30%
      0     0   246532.1654   268  1315938.0000      Cuts: 88    41058   81.27%
      0     0   247127.1835   248  1315938.0000      Cuts: 98    41403   81.22%
      0     0   247649.8844   263  1315938.0000     Cuts: 171    41700   81.18%
      0     0   247981.0168   271  1315938.0000      Cuts: 64    41957   81.16%
      0     0   248253.4699   256  1315938.0000     Cuts: 165    42191   81.13%
      0     0   248772.2485   238  1315938.0000  ZeroHalf: 41    42433   81.10%
      0     0   249320.2632   247  1315938.0000      Cuts: 79    42751   81.05%
      0     0   249853.0650   274  1315938.0000  ZeroHalf: 69    43060   81.01%
      0     0   250364.6853   245  1315938.0000     Cuts: 207    43351   80.97%
      0     0   250704.7825   239  1315938.0000      Cuts: 64    43623   80.95%
      0     0   251062.7589   241  1315938.0000      Cuts: 40    43970   80.92%
      0     0   251505.1947   251  1315938.0000      Cuts: 47    44259   80.89%
      0     0   251858.3391   232  1315938.0000      Cuts: 57    44486   80.86%
      0     0   252260.3417   240  1315938.0000  ZeroHalf: 40    44808   80.83%
      0     0   252557.7711   248  1315938.0000      Cuts: 56    45032   80.81%
*     0+    0                      1312999.0000   252557.7711            80.76%
      0     0  -1.00000e+75     0  1312999.0000   252557.7711    45032   80.76%
Detecting symmetries...
      0     2   252557.7711   248  1312999.0000   252557.7711    45032   80.76%
Elapsed time = 107.84 sec. (69122.88 ticks, tree = 0.02 MB, solutions = 12)
      1     3   252854.3035   245  1312999.0000   252560.2941    45282   80.76%
      2     3   294765.7533   210  1312999.0000   252560.2941    45709   80.76%
      4     4   252968.8822   241  1312999.0000   252855.0319    45480   80.74%
     10    11   336678.0043   226  1312999.0000   252855.0319    47630   80.74%
     16    15   338028.0497   225  1312999.0000   252855.0319    48295   80.74%
     20    17   364077.6257   182  1312999.0000   252969.3265    50156   80.73%
     27    23   331067.0313   196  1312999.0000   252969.3265    53097   80.73%
     31    30   293220.9905   201  1312999.0000   252969.3265    55077   80.73%
*    33+    4                      1308653.0000   252969.3265            80.67%
*    33+    4                      1304325.0000   252969.3265            80.61%
     33    27   377347.6853   182  1304325.0000   252969.3265    54740   80.61%
     49    49   333084.4988   203  1304325.0000   252969.3265    61888   80.61%
Elapsed time = 133.13 sec. (72919.38 ticks, tree = 3.74 MB, solutions = 12)
     66    63   379135.8279   186  1304325.0000   252969.3265    66066   80.61%
     81    70   426066.2612   202  1304325.0000   252969.3265    69666   80.61%
     99    90   447799.4238   189  1304325.0000   252969.3265    76434   80.61%
    115   103   423214.1901   168  1304325.0000   252969.3265    80656   80.61%
    139   133   454356.5455   141  1304325.0000   253325.7552    90236   80.58%
    201   151   607417.5000   129  1304325.0000   253482.6442    93667   80.57%
    293   216   762801.0000    98  1304325.0000   253482.6442   104570   80.57%
    425   356   611588.5000   117  1304325.0000   253482.6442   121218   80.57%
    560   495  1058551.0000    58  1304325.0000   253482.6442   131135   80.57%
    712   458   470119.0324   164  1304325.0000   253482.6442   131853   80.57%
Elapsed time = 194.65 sec. (82607.39 ticks, tree = 110.16 MB, solutions = 14)
    858   648  1222356.0000    23  1304325.0000   253482.6442   138366   80.57%
   1015   856   699655.2500   105  1304325.0000   253482.6442   153246   80.57%
   1140   955   378850.1243   222  1304325.0000   253482.6442   164035   80.57%
   1260  1081  1008880.0000    55  1304325.0000   253482.6442   167957   80.57%
   1346  1229  1146536.0000    43  1304325.0000   253482.6442   178200   80.57%
   1436  1322   759572.2500    89  1304325.0000   253482.6442   188180   80.57%
   1551  1380   611705.9167   135  1304325.0000   253482.6442   194249   80.57%
   1627  1556   929600.5000    71  1304325.0000   253482.6442   212783   80.57%
   1720  1549   840368.0000    82  1304325.0000   253482.6442   213830   80.57%

Performing restart 1

Repeating presolve.
Tried aggregator 1 time.
MIP Presolve eliminated 372 rows and 8 columns.
Reduced MIP has 63378 rows, 3766 columns, and 190034 nonzeros.
Reduced MIP has 3766 binaries, 0 generals, 0 SOSs, and 0 indicators.
Presolve time = 0.10 sec. (85.21 ticks)
Tried aggregator 1 time.
Reduced MIP has 63378 rows, 3766 columns, and 190034 nonzeros.
Reduced MIP has 3766 binaries, 0 generals, 0 SOSs, and 0 indicators.
Presolve time = 0.13 sec. (104.52 ticks)
Represolve time = 0.36 sec. (284.61 ticks)
   1742     0   253303.7906   247  1304325.0000     Cuts: 102   237519   80.57%
   1742     0   253723.7808   250  1304325.0000     Cuts: 101   237781   80.55%
   1742     0   254089.7638   251  1304325.0000      Cuts: 93   237983   80.52%
   1742     0   254323.2360   258  1304325.0000     Cuts: 132   238200   80.50%
   1742     0   254664.9385   257  1304325.0000     Cuts: 131   238465   80.48%
   1742     0   255150.0126   257  1304325.0000     Cuts: 132   238930   80.44%
   1742     0   255495.4750   256  1304325.0000      Cuts: 87   239168   80.41%
   1742     0   255824.7585   262  1304325.0000      Cuts: 90   239410   80.39%
   1742     0   256222.7862   265  1304325.0000     Cuts: 114   239739   80.36%
   1742     0   256421.9422   264  1304325.0000     Cuts: 105   239993   80.34%
   1742     0   256840.6130   267  1304325.0000      Cuts: 67   240276   80.31%
   1742     0   257293.1341   266  1304325.0000      Cuts: 80   240634   80.27%
   1742     0   257821.1718   263  1304325.0000      Cuts: 85   240949   80.23%
   1742     0   258295.7788   256  1304325.0000      Cuts: 57   241315   80.20%
   1742     0   258716.3636   262  1304325.0000      Cuts: 65   241657   80.16%
   1742     0   259010.0704   259  1304325.0000      Cuts: 80   242012   80.14%
   1742     0   259376.9515   253  1304325.0000      Cuts: 64   242312   80.11%
   1742     0   259848.2957   260  1304325.0000     Cuts: 101   242735   80.08%
   1742     0   260186.9968   245  1304325.0000      Cuts: 87   243005   80.05%
   1742     0   260537.7990   260  1304325.0000      Cuts: 66   243251   80.03%
   1742     0   261044.6382   259  1304325.0000      Cuts: 94   243531   79.99%
   1742     0   261445.1400   281  1304325.0000      Cuts: 41   243888   79.96%
   1742     0   261704.8044   292  1304325.0000     Cuts: 114   244132   79.94%
   1742     0   262055.6709   276  1304325.0000      Cuts: 41   244440   79.91%
   1742     0   262295.5922   279  1304325.0000      Cuts: 46   244644   79.89%
   1742     0   262597.1886   272  1304325.0000     Cuts: 112   244918   79.87%
   1742     0   263082.3346   256  1304325.0000      Cuts: 92   245174   79.83%
   1742     0   263490.9789   260  1304325.0000  ZeroHalf: 58   245461   79.80%
   1742     0   263906.5400   264  1304325.0000     Cuts: 136   245821   79.77%
   1742     0   264309.9234   260  1304325.0000     Cuts: 101   246172   79.74%
   1742     0   264705.8341   241  1304325.0000     Cuts: 128   246513   79.71%
   1742     0   264912.5964   264  1304325.0000      Cuts: 77   246722   79.69%
   1742     0   265339.7289   264  1304325.0000      Cuts: 43   246970   79.66%
   1742     0   265832.3075   262  1304325.0000      Cuts: 76   247280   79.62%
   1742     0   266192.5641   276  1304325.0000     Cuts: 108   247544   79.59%
   1742     0   266953.6355   273  1304325.0000      Cuts: 51   247897   79.53%
   1742     0   267338.4455   268  1304325.0000      Cuts: 66   248244   79.50%
   1742     0   267791.2182   250  1304325.0000     Cuts: 102   248496   79.47%
   1742     0   268184.3996   241  1304325.0000      Cuts: 45   248734   79.44%
   1742     0   268953.2744   256  1304325.0000      Cuts: 92   249171   79.38%
   1742     0   269629.6198   260  1304325.0000      Cuts: 72   249573   79.33%
   1742     0   270508.0923   261  1304325.0000      Cuts: 98   250065   79.26%
   1742     0   271072.9349   260  1304325.0000      Cuts: 75   250399   79.22%
   1742     0   271395.0638   260  1304325.0000      Cuts: 82   250665   79.19%
   1742     0   271569.4209   263  1304325.0000      Cuts: 53   250844   79.18%
   1742     0   271830.5377   265  1304325.0000      Cuts: 32   251119   79.16%
   1742     0   272044.7488   270  1304325.0000      Cuts: 84   251331   79.14%
   1742     0   272394.6863   246  1304325.0000      Cuts: 57   251652   79.12%
   1742     0   272803.0713   271  1304325.0000      Cuts: 53   252036   79.08%
   1742     0   273060.6106   246  1304325.0000      Cuts: 66   252312   79.06%
   1742     0   273487.4787   276  1304325.0000      Cuts: 63   252787   79.03%
   1742     0   274150.9219   265  1304325.0000      Cuts: 61   253139   78.98%
   1742     0   274434.0922   296  1304325.0000      Cuts: 66   253482   78.96%
   1742     0   274705.1518   278  1304325.0000      Cuts: 76   253794   78.94%
   1742     0   274995.1045   306  1304325.0000      Cuts: 92   254175   78.92%
   1742     0   275191.9622   297  1304325.0000  ZeroHalf: 48   254449   78.90%
   1742     0   275351.2565   297  1304325.0000      Cuts: 69   254671   78.89%
   1742     0   275556.6285   296  1304325.0000      Cuts: 59   254909   78.87%
   1742     0   275887.8569   271  1304325.0000      Cuts: 62   255150   78.85%
   1742     0   276275.8941   293  1304325.0000  ZeroHalf: 56   255556   78.82%
   1742     0   276640.0425   295  1304325.0000      Cuts: 70   255850   78.79%
   1742     0   276983.0021   284  1304325.0000  ZeroHalf: 65   256098   78.76%
   1742     0   277204.8810   292  1304325.0000      Cuts: 80   256314   78.75%
   1742     0   277419.4685   277  1304325.0000  ZeroHalf: 35   256539   78.73%
   1742     0   277838.4610   278  1304325.0000      Cuts: 62   256932   78.70%
   1742     0   278089.1598   291  1304325.0000      Cuts: 60   257241   78.68%
   1742     0   278455.8860   287  1304325.0000  ZeroHalf: 44   257596   78.65%
   1742     0   278735.2422   293  1304325.0000      Cuts: 65   257839   78.63%
   1742     0   278897.2072   300  1304325.0000      Cuts: 59   258030   78.62%
   1742     0   279151.1540   271  1304325.0000  ZeroHalf: 27   258267   78.60%
   1742     0   279441.4312   271  1304325.0000      Cuts: 61   258600   78.58%
   1742     0   279700.4295   286  1304325.0000      Cuts: 62   258908   78.56%
   1742     0   279924.3638   284  1304325.0000      Cuts: 42   259119   78.54%
   1742     0   280254.9029   266  1304325.0000      Cuts: 35   259452   78.51%
   1742     0   280687.9008   298  1304325.0000      Cuts: 51   259826   78.48%
   1742     0   280987.5421   257  1304325.0000      Cuts: 55   260146   78.46%
   1742     0   281394.9365   292  1304325.0000      Cuts: 60   260508   78.43%
   1742     0   281537.0585   298  1304325.0000      Cuts: 64   260731   78.42%
   1742     0   281781.0582   299  1304325.0000      Cuts: 39   260993   78.40%
   1742     0   282008.4395   296  1304325.0000      Cuts: 50   261201   78.38%
   1742     0   282324.6285   294  1304325.0000      Cuts: 43   261507   78.35%
   1742     0   282563.5276   289  1304325.0000  ZeroHalf: 58   261769   78.34%
   1742     0   282894.0938   288  1304325.0000      Cuts: 33   262020   78.31%
   1742     0   283459.0205   290  1304325.0000      Cuts: 72   262420   78.27%
   1742     0   283695.1690   270  1304325.0000      Cuts: 47   262615   78.25%
   1742     0   283928.8097   291  1304325.0000  ZeroHalf: 61   262810   78.23%
   1742     0   284288.3062   301  1304325.0000  ZeroHalf: 74   263125   78.20%
   1742     0   284724.9656   275  1304325.0000  ZeroHalf: 36   263429   78.17%
   1742     0   285142.2287   281  1304325.0000      Cuts: 58   263771   78.14%
   1742     0   285553.4624   273  1304325.0000      Cuts: 43   264022   78.11%
   1742     0   285743.6847   276  1304325.0000      Cuts: 64   264192   78.09%
   1742     0   286072.1799   272  1304325.0000  ZeroHalf: 45   264478   78.07%
   1742     0   286312.8399   282  1304325.0000      Cuts: 93   264679   78.05%
   1742     0   286636.4740   277  1304325.0000  ZeroHalf: 42   264913   78.02%
   1742     0   286944.0046   278  1304325.0000  ZeroHalf: 58   265164   78.00%
   1742     0   287172.6368   280  1304325.0000  ZeroHalf: 44   265420   77.98%
   1742     2   287172.6368   280  1304325.0000   287172.6368   265420   77.98%
Elapsed time = 440.17 sec. (178050.78 ticks, tree = 0.02 MB, solutions = 14)
   1743     3   287298.4410   267  1304325.0000   287298.4555   265581   77.97%
   1744     4   287307.1758   236  1304325.0000   287308.5625   265612   77.97%
   1745     5   287401.4965   271  1304325.0000   287401.9954   265729   77.97%
   1747     4   305404.6859   210  1304325.0000   287401.9954   266825   77.97%
   1748     6   287410.4065   244  1304325.0000   287411.8659   265759   77.96%
   1750     8   306844.9233   277  1304325.0000   287411.8659   268819   77.96%
   1751     9   311749.8496   239  1304325.0000   287411.8659   268907   77.96%
   1754     9   287605.1853   256  1304325.0000   287608.4793   268594   77.95%
   1757     7   344453.4049   253  1304325.0000   287608.4793   267237   77.95%
*  1758+    4                      1304272.0000   287608.4793            77.95%
*  1758+    4                      1303974.0000   287608.4793            77.94%
   1758    13   310393.3866   271  1303974.0000   287608.4793   271291   77.94%
Elapsed time = 557.57 sec. (199177.01 ticks, tree = 0.02 MB, solutions = 14)
   1761    14   307473.6389   289  1303974.0000   287608.4793   271049   77.94%
   1765    19   310610.1197   265  1303974.0000   287608.4793   274246   77.94%
   1766    16   287862.8370   274  1303974.0000   287608.4793   271975   77.94%
   1769    18   345179.7045   260  1303974.0000   287608.4793   273149   77.94%
   1772    18   344499.0847   240  1303974.0000   287608.4793   273156   77.94%
   1777    29   310946.7064   269  1303974.0000   287608.4793   282740   77.94%
   1780    32   344618.5220   219  1303974.0000   287608.4793   284566   77.94%
   1784    33   313108.6074   254  1303974.0000   287608.4793   286029   77.94%
   1787    31   311034.4426   267  1303974.0000   287608.4793   282954   77.94%
   1790    35   311906.3956   259  1303974.0000   287608.4793   286900   77.94%
Elapsed time = 657.06 sec. (211882.74 ticks, tree = 2.06 MB, solutions = 16)
   1796    44   311383.2227   262  1303974.0000   287608.4793   288916   77.94%
   1800    46   345795.1725   238  1303974.0000   287608.4793   289653   77.94%
   1803    43   288124.1122   287  1303974.0000   287608.4793   288470   77.94%
   1807    60   288124.9876   286  1303974.0000   287608.4793   295977   77.94%
   1814    51   313321.1331   259  1303974.0000   287608.4793   291414   77.94%
   1824    65   312966.7145   254  1303974.0000   287608.4793   299307   77.94%
   1847    77   311879.6499   269  1303974.0000   287608.4793   306431   77.94%
   1873    84   313089.4507   239  1303974.0000   287608.4793   307605   77.94%
   1879    85   348631.3559   223  1303974.0000   287608.4793   308606   77.94%
   1909   130   314688.8875   256  1303974.0000   287608.4793   322353   77.94%
Elapsed time = 759.29 sec. (222734.90 ticks, tree = 2.60 MB, solutions = 16)
   1927    91   347940.9060   228  1303974.0000   287608.4793   310129   77.94%
   1942    98   350592.6853   198  1303974.0000   287608.4793   310806   77.94%
   1953   114   326362.8332   267  1303974.0000   287608.4793   317544   77.94%
   1986   134   290364.2327   262  1303974.0000   287608.4793   321718   77.94%
   2008   152   314977.2290   233  1303974.0000   287608.4793   327995   77.94%
   2027   205   338749.2376   211  1303974.0000   287608.4793   341754   77.94%
   2052   175   291033.8582   263  1303974.0000   287608.4793   335374   77.94%
   2089   254   317667.4533   236  1303974.0000   287608.4793   350791   77.94%
   2109   227   356352.6173   234  1303974.0000   287608.4793   345646   77.94%
   2123   257   318432.3794   261  1303974.0000   287608.4793   352814   77.94%
Elapsed time = 877.74 sec. (232742.64 ticks, tree = 5.81 MB, solutions = 16)
   2147   260   318678.6993   263  1303974.0000   287608.4793   353799   77.94%
   2173   262   357712.0930   216  1303974.0000   287608.4793   355242   77.94%
   2204   316   321098.4600   230  1303974.0000   287608.4793   364785   77.94%
   2231   360   358910.0357   217  1303974.0000   287608.4793   374014   77.94%
   2249   449   330302.4367   234  1303974.0000   287608.4793   395202   77.94%
   2276   466   361173.1397   221  1303974.0000   287608.4793   398889   77.94%
   2307   442   322540.7220   232  1303974.0000   287608.4793   392202   77.94%
   2349   403   324546.7536   203  1303974.0000   287608.4793   383100   77.94%
   2378   495   324448.1768   223  1303974.0000   287608.4793   404117   77.94%
   2397   550   327373.0675   198  1303974.0000   287608.4793   419426   77.94%
Elapsed time = 978.89 sec. (242402.40 ticks, tree = 67.68 MB, solutions = 16)
   2428   476   363722.5571   219  1303974.0000   287608.4793   401897   77.94%
   2445   576   298578.8901   249  1303974.0000   287608.4793   424434   77.94%
   2464   568   330693.9778   226  1303974.0000   287608.4793   423017   77.94%
   2480   504   326323.4217   221  1303974.0000   287608.4793   406475   77.94%
   2491   648   350527.3800   200  1303974.0000   287608.4793   440926   77.94%
   2503   689   328756.1894   249  1303974.0000   287608.4793   453079   77.94%
   2513   697   330395.5494   253  1303974.0000   287608.4793   454207   77.94%
   2530   658   330666.3782   217  1303974.0000   287608.4793   444174   77.94%
   2551   755   300263.4217   220  1303974.0000   287608.4793   469938   77.94%
   2571   741   353237.9070   239  1303974.0000   287608.4793   466416   77.94%
Elapsed time = 1090.44 sec. (252662.23 ticks, tree = 74.70 MB, solutions = 16)
   2586   749   329587.5505   244  1303974.0000   287608.4793   467530   77.94%
   2609   754   332051.8277   228  1303974.0000   287608.4793   468456   77.94%
   2631   761   337658.9113   243  1303974.0000   287608.4793   472259   77.94%
   2653   766   333622.0197   261  1303974.0000   287608.4793   470599   77.94%
   2673   819   339414.4171   195  1303974.0000   287608.4793   484903   77.94%
   2683   820   357621.0066   221  1303974.0000   287608.4793   486105   77.94%
   2695   865   308347.8660   259  1303974.0000   287608.4793   496357   77.94%
   2707   830   365326.1887   235  1303974.0000   287608.4793   487912   77.94%
   2729   817   336301.3719   275  1303974.0000   287608.4793   483508   77.94%
   2795   972   341916.9198   248  1303974.0000   287608.4793   521599   77.94%
Elapsed time = 1229.87 sec. (265620.62 ticks, tree = 79.10 MB, solutions = 16)
   2876   963   382547.1711   233  1303974.0000   287608.4793   520458   77.94%
   2996  1056   390663.7358   235  1303974.0000   287608.4793   542882   77.94%
   3107  1187   342024.2659   234  1303974.0000   287608.4793   577015   77.94%
   3227  1271   344529.4259   228  1303974.0000   287608.4793   597770   77.94%
   3327  1383   318956.0991   212  1303974.0000   287608.4793   628276   77.94%
   3436  1537   366541.0967   260  1303974.0000   287608.4793   663332   77.94%
   3534  1640   364551.8308   237  1303974.0000   287608.4793   683901   77.94%
   3626  1717   381208.1127   208  1303974.0000   287608.4793   697353   77.94%
   3697  1778   386044.7603   230  1303974.0000   287608.4793   715064   77.94%
   3775  1952   439533.3069   221  1303974.0000   287608.4793   756258   77.94%
Elapsed time = 1642.35 sec. (304200.62 ticks, tree = 85.52 MB, solutions = 16)
   3836  1967   444767.1914   253  1303974.0000   287608.4793   759609   77.94%
   3941  2091   402132.1414   211  1303974.0000   287608.4793   787607   77.94%
   4041  2143   357257.6136   242  1303974.0000   287608.4793   802213   77.94%
   4134  2289   380786.9343   230  1303974.0000   287608.4793   837375   77.94%
   4252  2343   439214.4547   193  1303974.0000   287608.4793   848601   77.94%
   4361  2468   395152.1719   241  1303974.0000   287608.4793   876603   77.94%
   4485  2575   391848.9151   223  1303974.0000   287608.4793   900930   77.94%
   4606  2666   405525.4938   244  1303974.0000   287608.4793   919620   77.94%
   4715  2885   415986.5330   221  1303974.0000   287608.4793   960963   77.94%
   4825  2978   380339.0451   188  1303974.0000   287608.4793   979874   77.94%
Elapsed time = 2057.89 sec. (342632.67 ticks, tree = 94.33 MB, solutions = 16)
   4933  2949   405951.3627   248  1303974.0000   287608.4793   974578   77.94%
   5023  3035   565379.3273   186  1303974.0000   287608.4793   992335   77.94%
   5135  3190   491739.7137   225  1303974.0000   287608.4793  1019877   77.94%
   5276  3288   487205.2898   197  1303974.0000   287608.4793  1042615   77.94%
   5368  3473   442731.8886   252  1303974.0000   287608.4793  1074439   77.94%
   5475  3528   459454.1218   190  1303974.0000   287608.4793  1079028   77.94%
   5596  3569   428113.8009   179  1303974.0000   287608.4793  1088082   77.94%
   5769  3847   591498.0000    94  1303974.0000   287608.4793  1116191   77.94%
   5907  3991   595422.4021   202  1303974.0000   287608.4793  1130132   77.94%
   6068  3927   518664.4101   162  1303974.0000   287608.4793  1124945   77.94%
Elapsed time = 2486.03 sec. (381093.30 ticks, tree = 311.03 MB, solutions = 16)
   6264  4162   597140.8000   152  1303974.0000   287608.4793  1145234   77.94%
   6500  4252   542258.8360   151  1303974.0000   287608.4793  1151177   77.94%
   6720  4474   590594.5556   149  1303974.0000   287608.4793  1168372   77.94%
   6965  4737   580369.3333   174  1303974.0000   287608.4793  1186110   77.94%
   7177  5210   510528.5174   160  1303974.0000   287608.4793  1210548   77.94%
   7407  5320   745027.0000   118  1303974.0000   287608.4793  1213893   77.94%
   7667  5723   772148.7500    91  1303974.0000   287608.4793  1231099   77.94%
   7976  5530   732743.9107   173  1303974.0000   287608.4793  1222071   77.94%
   8291  6144   587329.1481   147  1303974.0000   287608.4793  1251132   77.94%
   8632  6678   969166.0000    84  1303974.0000   287608.4793  1268639   77.94%
Elapsed time = 2854.00 sec. (419396.99 ticks, tree = 1688.68 MB, solutions = 16)
   9014  6738  1072989.3125   117  1303974.0000   287608.4793  1269517   77.94%
   9375  6854   926466.5000    87  1303974.0000   287608.4793  1275653   77.94%
   9706  7127  1080590.1667   139  1303974.0000   287608.4793  1280958   77.94%
  10021  7771  1302306.5000    66  1303974.0000   287608.4793  1305256   77.94%
* 10034+ 7613                      1303732.0000   287608.4793            77.94%
  10301  7993   432638.2811   172  1303732.0000   287608.4793  1321112   77.94%
  10511  8518   881827.0833   122  1303732.0000   287608.4793  1363500   77.94%
  10722  8336   353874.9931   201  1303732.0000   287608.4793  1355278   77.94%
  10918  8717   651123.7771   165  1303732.0000   287608.4793  1389454   77.94%
  11138  8790   649720.8261   162  1303732.0000   288501.9190  1402870   77.87%
Starting limited solution polishing.
  11363  9049   496110.3816   167  1303732.0000   288501.9190  1438136   77.87%
Elapsed time = 3257.43 sec. (457653.97 ticks, tree = 2684.34 MB, solutions = 17)
Nodefile size = 615.88 MB (385.51 MB after compression)
* 11375+ 9202                      1303454.0000   288501.9190            77.87%
* 11389+ 9202                      1303026.0000   288501.9190            77.86%
  11713  9464   752099.5000   127  1303026.0000   288501.9190  1492402   77.86%
* 11790+ 9578                      1301228.0000   288501.9190            77.83%
  11964  9846   837837.7000    83  1301228.0000   288501.9190  1540325   77.83%
  12398  9933   672843.4423   175  1301228.0000   288501.9190  1550513   77.83%
* 12418+10147                      1298890.0000   288501.9190            77.79%
  12579 10245  1130371.5000    77  1298890.0000   288501.9190  1565781   77.79%
* 12643+ 9920                      1298847.0000   288501.9190            77.79%
  12749 10424  1135468.7778    90  1298847.0000   288501.9190  1578211   77.79%
* 12763+10286                      1294718.0000   288501.9190            77.72%
  13037 10747   851170.6111   132  1294718.0000   288501.9190  1612291   77.72%
* 13057+10537                      1290548.0000   288501.9190            77.65%
* 13067+10537                      1278438.0000   288501.9190            77.43%
* 13079+10537                      1278431.0000   288501.9190            77.43%
* 13105+10537                      1277516.0000   288501.9190            77.42%
  13544 11132   969837.2500    95  1277516.0000   288501.9190  1625789   77.42%
  13866 11372   886592.0556   121  1277516.0000   288501.9190  1642154   77.42%
* 14018+11409                      1273766.0000   288501.9190            77.35%
  14076 11487   950296.9000    94  1273766.0000   288501.9190  1655234   77.35%
  14252 11745  1182133.4524   122  1273766.0000   288501.9190  1661529   77.35%
Elapsed time = 3529.93 sec. (495913.12 ticks, tree = 4033.89 MB, solutions = 34)
Nodefile size = 1952.30 MB (1241.77 MB after compression)
* 14435+11787                      1270534.0000   288501.9190            77.29%
  14525 12115  1242750.9000    89  1270534.0000   288501.9190  1684316   77.29%
  14786 12429  1010736.3000    90  1270534.0000   288501.9190  1701664   77.29%
  15019 12576  1127856.0000    89  1270534.0000   288501.9190  1714765   77.29%
* 15076+12502                      1262694.0000   288501.9190            77.15%
* 15080+12502                      1259313.0000   288580.6610            77.08%

Implied bound cuts applied:  649
Zero-half cuts applied:  446
Lift and project cuts applied:  3

Root node processing (before b&c):
  Real time             =  107.75 sec. (69012.55 ticks)
Parallel b&c, 8 threads:
  Real time             = 3493.60 sec. (442151.30 ticks)
  Sync time (average)   =  659.08 sec.
  Wait time (average)   =    0.02 sec.
                          ------------
Total (root+branch&cut) = 3601.35 sec. (511163.85 ticks)
Status: Feasible
Obj: 1259313

Instalacoes abertas:
Instalação 0 aberta
Instalação 1 aberta
Instalação 2 aberta
Instalação 4 aberta
Instalação 5 aberta
Instalação 8 aberta
Instalação 9 aberta
Instalação 11 aberta
Instalação 13 aberta
Instalação 16 aberta
Instalação 18 aberta
Instalação 19 aberta
Instalação 20 aberta
Instalação 22 aberta
Instalação 23 aberta
Instalação 24 aberta
Instalação 25 aberta
Instalação 27 aberta
Instalação 28 aberta
Instalação 30 aberta
Instalação 31 aberta
Instalação 34 aberta
Instalação 35 aberta
Instalação 39 aberta
Instalação 46 aberta
Instalação 47 aberta
Instalação 49 aberta

Atribuições (cliente -> instalação):
Cliente 0 -> Instalação 20
Cliente 1 -> Instalação 1
Cliente 2 -> Instalação 2
Cliente 3 -> Instalação 46
Cliente 4 -> Instalação 4
Cliente 5 -> Instalação 5
Cliente 6 -> Instalação 39
Cliente 7 -> Instalação 22
Cliente 8 -> Instalação 8
Cliente 9 -> Instalação 49
Cliente 10 -> Instalação 23
Cliente 11 -> Instalação 39
Cliente 12 -> Instalação 18
Cliente 13 -> Instalação 23
Cliente 14 -> Instalação 34
Cliente 15 -> Instalação 49
Cliente 16 -> Instalação 18
Cliente 17 -> Instalação 11
Cliente 18 -> Instalação 16
Cliente 19 -> Instalação 19
Cliente 20 -> Instalação 20
Cliente 21 -> Instalação 0
Cliente 22 -> Instalação 11
Cliente 23 -> Instalação 9
Cliente 24 -> Instalação 24
Cliente 25 -> Instalação 27
Cliente 26 -> Instalação 8
Cliente 27 -> Instalação 28
Cliente 28 -> Instalação 30
Cliente 29 -> Instalação 13
Cliente 30 -> Instalação 0
Cliente 31 -> Instalação 31
Cliente 32 -> Instalação 5
Cliente 33 -> Instalação 31
Cliente 34 -> Instalação 34
Cliente 35 -> Instalação 35
Cliente 36 -> Instalação 25
Cliente 37 -> Instalação 22
Cliente 38 -> Instalação 4
Cliente 39 -> Instalação 25
Cliente 40 -> Instalação 35
Cliente 41 -> Instalação 24
Cliente 42 -> Instalação 1
Cliente 43 -> Instalação 30
Cliente 44 -> Instalação 19
Cliente 45 -> Instalação 9
Cliente 46 -> Instalação 46
Cliente 47 -> Instalação 47
Cliente 48 -> Instalação 47
Cliente 49 -> Instalação 13
