Version identifier: 22.1.1.0 | 2022-11-28 | 9160aff4d
CPXPARAM_TimeLimit                               3600
Tried aggregator 1 time.
MIP Presolve eliminated 50 rows and 1 columns.
Reduced MIP has 39250 rows, 3284 columns, and 117650 nonzeros.
Reduced MIP has 3284 binaries, 0 generals, 0 SOSs, and 0 indicators.
Presolve time = 0.07 sec. (53.95 ticks)
Found incumbent of value 3.0729138e+07 after 0.09 sec. (68.79 ticks)
Probing time = 0.02 sec. (6.88 ticks)
Tried aggregator 1 time.
Detecting symmetries...
Reduced MIP has 39250 rows, 3284 columns, and 117650 nonzeros.
Reduced MIP has 3284 binaries, 0 generals, 0 SOSs, and 0 indicators.
Presolve time = 0.08 sec. (65.37 ticks)
Probing time = 0.02 sec. (6.96 ticks)
Clique table members: 2500.
MIP emphasis: balance optimality and feasibility.
MIP search method: dynamic search.
Parallel mode: deterministic, using up to 8 threads.
Root relaxation solution time = 0.15 sec. (57.57 ticks)

        Nodes                                         Cuts/
   Node  Left     Objective  IInf  Best Integer    Best Bound    ItCnt     Gap

*     0+    0                       3.07291e+07        0.0000           100.00%
*     0+    0                       2.34931e+07        0.0000           100.00%
*     0+    0                      1108825.0000        0.0000           100.00%
*     0+    0                      1096581.0000        0.0000           100.00%
*     0+    0                       861137.0000        0.0000           100.00%
      0     0    93774.0000   100   861137.0000    93774.0000      169   89.11%
      0     0   106217.5000   100   861137.0000    Cuts: 1807      423   87.67%
*     0+    0                       670770.0000   106217.5000            84.16%
      0     0   118774.0000    98   670770.0000    Cuts: 1852      752   82.29%
      0     0   131217.5000    98   670770.0000 ZeroHalf: 722     1912   80.44%
*     0+    0                       604101.0000   131217.5000            78.28%
      0     0  -1.00000e+75     0   604101.0000   131217.5000     1912   78.28%
      0     0   136404.8477   177   604101.0000 ZeroHalf: 768     2650   77.42%
      0     0   143112.2792   185   604101.0000     Cuts: 586     3614   76.31%
Detecting symmetries...
*     0+    0                       567202.0000   143112.2792            74.77%
      0     0   149174.2510   169   567202.0000     Cuts: 343     4266   73.70%
*     0+    0                       556062.0000   149174.2510            73.17%
*     0+    0                       534687.0000   149174.2510            72.10%
*     0+    0                       511153.0000   149174.2510            70.82%
      0     0  -1.00000e+75     0   511153.0000   149174.2510     4266   70.82%
      0     0   152072.2094   212   511153.0000     Cuts: 323     4711   70.25%
      0     0   154771.5062   179   511153.0000     Cuts: 311     5257   69.72%
      0     0   156420.0034   180   511153.0000     Cuts: 205     5598   69.40%
      0     0   157591.0576   211   511153.0000     Cuts: 120     5887   69.17%
      0     0   158622.9799   204   511153.0000     Cuts: 284     6188   68.97%
      0     0   160453.5607   179   511153.0000     Cuts: 298     6645   68.61%
      0     0   161235.0755   178   511153.0000     Cuts: 147     6931   68.46%
      0     0   162337.1252   235   511153.0000      Cuts: 95     7298   68.24%
      0     0   163266.3537   214   511153.0000     Cuts: 217     7531   68.06%
      0     0   164105.0371   172   511153.0000     Cuts: 245     7769   67.90%
*     0+    0                       500232.0000   164105.0371            67.19%
      0     0   164807.6018   210   500232.0000      Cuts: 94     8015   67.05%
      0     0   165538.6035   202   500232.0000     Cuts: 100     8236   66.91%
      0     0   166161.3560   184   500232.0000     Cuts: 267     8506   66.78%
      0     0   166802.4723   187   500232.0000      Cuts: 90     8758   66.65%
      0     0   167554.8767   179   500232.0000     Cuts: 106     9123   66.50%
      0     0   168605.8464   215   500232.0000      Cuts: 87     9575   66.29%
      0     0   169372.7615   209   500232.0000     Cuts: 112     9858   66.14%
      0     0   169904.9263   210   500232.0000     Cuts: 129    10172   66.03%
      0     0   170562.5477   181   500232.0000     Cuts: 160    10507   65.90%
      0     0   170739.4973   186   500232.0000      Cuts: 50    10648   65.87%
      0     0   170971.9507   210   500232.0000      Cuts: 58    10777   65.82%
      0     0   171224.3604   208   500232.0000      Cuts: 81    10914   65.77%
      0     0   171419.0034   205   500232.0000      Cuts: 60    11056   65.73%
      0     0   171630.1689   206   500232.0000      Cuts: 21    11201   65.69%
      0     0   171880.8671   185   500232.0000     Cuts: 121    11342   65.64%
      0     0   172096.2202   216   500232.0000      Cuts: 43    11463   65.60%
      0     0   172375.6246   230   500232.0000      Cuts: 26    11595   65.54%
      0     0   172587.2976   209   500232.0000      Cuts: 59    11714   65.50%
      0     0   172814.2248   212   500232.0000      Cuts: 62    11850   65.45%
      0     0   173075.9574   211   500232.0000     Cuts: 150    12053   65.40%
      0     0   173400.2998   218   500232.0000      Cuts: 57    12236   65.34%
      0     0   173667.9961   210   500232.0000      Cuts: 22    12375   65.28%
      0     0   174194.3998   207   500232.0000     Cuts: 139    12631   65.18%
      0     0   174570.3576   211   500232.0000      Cuts: 40    12855   65.10%
      0     0   175008.9990   211   500232.0000     Cuts: 112    13099   65.01%
      0     0   175185.9128   209   500232.0000      Cuts: 23    13196   64.98%
      0     0   175430.3947   210   500232.0000     Cuts: 124    13376   64.93%
      0     0   175549.2905   212   500232.0000      Cuts: 36    13490   64.91%
      0     0   175744.7104   191   500232.0000      Cuts: 49    13622   64.87%
      0     0   176028.1119   234   500232.0000      Cuts: 86    13787   64.81%
      0     0   176192.2235   231   500232.0000      Cuts: 58    13907   64.78%
      0     0   176318.1385   220   500232.0000      Cuts: 47    14027   64.75%
      0     0   176657.9335   234   500232.0000      Cuts: 41    14227   64.68%
      0     0   176807.0705   231   500232.0000      Cuts: 51    14362   64.65%
      0     0   176877.4535   211   500232.0000     Cuts: 156    14447   64.64%
      0     0   176991.7077   214   500232.0000      Cuts: 39    14555   64.62%
      0     0   177218.7017   208   500232.0000      Cuts: 87    14720   64.57%
      0     0   177577.7276   216   500232.0000      Cuts: 54    14968   64.50%
      0     0   177879.8128   217   500232.0000      Cuts: 42    15175   64.44%
      0     0   178149.7164   212   500232.0000      Cuts: 96    15401   64.39%
      0     0   178331.6963   213   500232.0000     Cuts: 102    15592   64.35%
      0     0   178406.1445   208   500232.0000      Cuts: 38    15673   64.34%
Detecting symmetries...
      0     2   178406.1445   208   500232.0000   178406.1445    15673   64.34%
Elapsed time = 22.47 sec. (17022.48 ticks, tree = 0.02 MB, solutions = 12)
      3     5   213443.3531   183   500232.0000   178545.3130    17238   64.31%
      9     9   216555.5799   174   500232.0000   178545.3130    18427   64.31%
     19    16   191357.3046   177   500232.0000   178812.4167    21766   64.25%
     30    24   233734.2635   145   500232.0000   178812.4167    25413   64.25%
     45    40   254468.5882   138   500232.0000   178812.4167    31046   64.25%
     65    43   228029.2222   138   500232.0000   178812.4167    32629   64.25%
     91    75   245533.4615   121   500232.0000   178812.4167    41393   64.25%
    108    93   315662.1429   125   500232.0000   178812.4167    44824   64.25%
    152   133   269261.1350   145   500232.0000   179555.7728    51393   64.11%
*   308   247      integral     0   500086.0000   182811.8398    65169   63.44%
    423   355   485102.3333    68   500086.0000   182811.8398    76876   63.44%
Elapsed time = 44.46 sec. (20510.84 ticks, tree = 3.57 MB, solutions = 13)
    636   516   209912.3858   172   500086.0000   182811.8398    94037   63.44%
    754   683   266616.6250   122   500086.0000   182811.8398   122838   63.44%
    991   794   362383.5000    94   500086.0000   182811.8398   141433   63.44%
*  1042+  812                       493991.0000   182811.8398            62.99%
*  1184  1000      integral     0   469278.0000   182811.8398   162762   61.04%
   1218   970   194380.4683   193   469278.0000   182811.8398   169650   61.04%
   1307  1071   242878.6771   163   469278.0000   182811.8398   193308   61.04%
   1425  1141   269596.4907   173   469278.0000   184092.6858   207360   60.77%
   1550  1254   297611.0000    88   469278.0000   184092.6858   228232   60.77%
   1638  1352   347005.2500    76   469278.0000   184092.6858   244571   60.77%
   1666  1336   291960.6295   162   469278.0000   184092.6858   241793   60.77%

Performing restart 1

Repeating presolve.
Tried aggregator 1 time.
MIP Presolve eliminated 1893 rows and 82 columns.
Reduced MIP has 37357 rows, 3202 columns, and 111971 nonzeros.
Reduced MIP has 3202 binaries, 0 generals, 0 SOSs, and 0 indicators.
Presolve time = 0.05 sec. (53.56 ticks)
Tried aggregator 1 time.
Reduced MIP has 37357 rows, 3202 columns, and 111971 nonzeros.
Reduced MIP has 3202 binaries, 0 generals, 0 SOSs, and 0 indicators.
Presolve time = 0.07 sec. (64.29 ticks)
Represolve time = 0.18 sec. (165.30 ticks)
   1667     0   178873.6419   224   469278.0000      Cuts: 49   265114   60.77%
*  1667+    0                       468610.0000   184092.6858            60.72%
   1667     0   179337.2510   222   468610.0000      Cuts: 63   265369   60.72%
   1667     0   179707.8957   216   468610.0000      Cuts: 45   265553   60.72%
   1667     0   180067.0814   217   468610.0000      Cuts: 62   265763   60.72%
   1667     0   180322.0079   221   468610.0000      Cuts: 55   265939   60.72%
   1667     0   181114.8341   221   468610.0000      Cuts: 93   266222   60.72%
   1667     0   181824.0877   220   468610.0000     Cuts: 103   266562   60.72%
   1667     0   182734.3159   213   468610.0000      Cuts: 85   266860   60.72%
   1667     0   183380.1828   215   468610.0000     Cuts: 124   267146   60.72%
   1667     0   183862.2960   216   468610.0000      Cuts: 83   267437   60.72%
   1667     0   184650.6299   218   468610.0000      Cuts: 47   267733   60.60%
   1667     0   185110.4523   218   468610.0000      Cuts: 87   267971   60.50%
   1667     0   185568.5797   219   468610.0000      Cuts: 73   268240   60.40%
   1667     0   186029.2575   225   468610.0000      Cuts: 67   268499   60.30%
   1667     0   186282.6690   218   468610.0000      Cuts: 34   268611   60.25%
   1667     0   186400.7657   222   468610.0000      Cuts: 21   268686   60.22%
   1667     0   186552.6856   217   468610.0000      Cuts: 29   268779   60.19%
   1667     0   186922.7937   218   468610.0000      Cuts: 44   268923   60.11%
   1667     0   187103.5056   212   468610.0000      Cuts: 33   269029   60.07%
   1667     0   187284.6558   217   468610.0000      Cuts: 23   269149   60.03%
   1667     0   187501.2290   223   468610.0000      Cuts: 37   269279   59.99%
   1667     0   187748.1156   218   468610.0000      Cuts: 37   269408   59.94%
   1667     0   187978.0162   226   468610.0000      Cuts: 28   269538   59.89%
   1667     0   188239.6048   224   468610.0000      Cuts: 49   269693   59.83%
   1667     0   188506.8149   219   468610.0000      Cuts: 24   269811   59.77%
   1667     0   188745.5011   217   468610.0000      Cuts: 43   270051   59.72%
   1667     0   188882.2800   220   468610.0000      Cuts: 32   270186   59.69%
   1667     0   189043.4800   211   468610.0000      Cuts: 17   270311   59.66%
   1667     0   189319.2013   226   468610.0000      Cuts: 53   270444   59.60%
   1667     0   189529.9118   221   468610.0000      Cuts: 45   270558   59.55%
   1667     0   189701.4082   224   468610.0000      Cuts: 25   270650   59.52%
   1667     0   189903.5539   224   468610.0000      Cuts: 58   270803   59.48%
   1667     0   190159.8064   221   468610.0000      Cuts: 30   270936   59.42%
   1667     0   190312.4855   221   468610.0000      Cuts: 38   271018   59.39%
   1667     0   190406.2941   225   468610.0000      Cuts: 21   271095   59.37%
   1667     0   190539.7662   224   468610.0000      Cuts: 16   271200   59.34%
   1667     0   190713.8490   220   468610.0000      Cuts: 41   271334   59.30%
   1667     0   190846.6664   224   468610.0000      Cuts: 22   271408   59.27%
   1667     0   190904.2452   231   468610.0000      Cuts: 26   271466   59.26%
   1667     0   190952.4603   227   468610.0000      Cuts: 29   271534   59.25%
   1667     2   190952.4603   227   468610.0000   190952.4603   271534   59.25%
Elapsed time = 138.80 sec. (51993.22 ticks, tree = 0.02 MB, solutions = 16)
   1669     4   191265.4840   209   468610.0000   191266.0599   271795   59.18%
   1674     9   192807.4816   206   468610.0000   192809.1528   272726   58.86%
   1679     9   204807.9380   176   468610.0000   193082.1761   273078   58.80%
   1695    18   206065.5647   185   468610.0000   194404.3363   277767   58.51%
   1713    28   196132.8439   195   468610.0000   194887.3647   282137   58.41%
   1734    30   222431.3121   181   468610.0000   194887.3647   285500   58.41%
   1758    52   209215.1438   176   468610.0000   194887.3647   297419   58.41%
   1804   103   206292.9556   186   468610.0000   194887.3647   312597   58.41%
   1860   132   224888.7191   182   468610.0000   194887.3647   318740   58.41%
   1897    89   223239.1348   171   468610.0000   194887.3647   308478   58.41%
Elapsed time = 212.70 sec. (62573.65 ticks, tree = 3.46 MB, solutions = 16)
   1957   206   232982.0310   174   468610.0000   194887.3647   333903   58.41%
   1977   254   240054.0264   165   468610.0000   194887.3647   341793   58.41%
   2000   293   215521.8962   170   468610.0000   194887.3647   347696   58.41%
   2029   276   229432.0796   187   468610.0000   194887.3647   343812   58.41%
   2073   367   231341.1692   146   468610.0000   194887.3647   358960   58.41%
   2133   420   237003.2647   177   468610.0000   194887.3647   367326   58.41%
   2188   427   242060.8333   162   468610.0000   194887.3647   366286   58.41%
   2208   496   237046.9980   199   468610.0000   194887.3647   376319   58.41%
   2257   510   258080.7207   167   468610.0000   194887.3647   375580   58.41%
   2310   559   272721.6111   152   468610.0000   194887.3647   382575   58.41%
Elapsed time = 303.70 sec. (72416.00 ticks, tree = 88.30 MB, solutions = 16)
   2372   618   246130.8014   217   468610.0000   194887.3647   392794   58.41%
   2431   649   250170.9697   179   468610.0000   194887.3647   395228   58.41%
   2439   637   252600.2239   222   468610.0000   194887.3647   394161   58.41%
   2495   670   255938.2711   184   468610.0000   194887.3647   397132   58.41%
   2559   797   242751.4606   208   468610.0000   194887.3647   405134   58.41%
   2606   801   259984.1662   168   468610.0000   194887.3647   405696   58.41%
   2642   814   283899.0238   152   468610.0000   194887.3647   406743   58.41%
   2722   904   249647.7843   150   468610.0000   194887.3647   414814   58.41%
   2784   995   258744.9970   169   468610.0000   194887.3647   423795   58.41%
   2862  1022   259835.7447   159   468610.0000   194887.3647   424538   58.41%
Elapsed time = 398.47 sec. (82203.63 ticks, tree = 183.67 MB, solutions = 16)
   2937  1107   325132.9348   150   468610.0000   194887.3647   431751   58.41%
   3027  1263   261413.4089   171   468610.0000   194887.3647   439947   58.41%
   3139  1298   298784.5111   118   468610.0000   194887.3647   441495   58.41%
   3240  1312   310141.7000   136   468610.0000   194887.3647   441821   58.41%
   3331  1385   355005.5000    89   468610.0000   194887.3647   449360   58.41%
   3385  1632   262301.2193   176   468610.0000   194887.3647   458861   58.41%
   3471  1642   271065.5553   180   468610.0000   194887.3647   460219   58.41%
   3558  1661   302918.4065   202   468610.0000   194887.3647   461125   58.41%
   3687  1939   283823.0899   164   468610.0000   194887.3647   475529   58.41%
   3803  1874   374759.4545   116   468610.0000   194887.3647   472618   58.41%
Elapsed time = 481.94 sec. (91813.03 ticks, tree = 351.67 MB, solutions = 16)
   3916  1948   295954.0521   145   468610.0000   194887.3647   476243   58.41%
   4056  2251   445426.1176   133   468610.0000   194887.3647   487279   58.41%
   4178  2346   290563.1875   141   468610.0000   194887.3647   490549   58.41%
   4294  2400   341634.9029   212   468610.0000   195520.5969   493728   58.28%
   4368  2542   305138.3750   119   468610.0000   195520.5969   507475   58.28%
   4429  2645   243863.0281   176   468610.0000   195520.5969   522851   58.28%
   4508  2584   353700.3170   154   468610.0000   195520.5969   510656   58.28%
   4606  2726   326951.5303   126   468610.0000   195520.5969   525942   58.28%
   4696  2805   377789.3750   113   468610.0000   195520.5969   537324   58.28%
   4806  2912   417625.2188   130   468610.0000   195520.5969   553030   58.28%
Elapsed time = 573.97 sec. (101443.58 ticks, tree = 597.96 MB, solutions = 16)
   4892  2912   279603.3750   132   468610.0000   195520.5969   559284   58.28%
   4977  3066   247666.4589   141   468610.0000   195520.5969   571522   58.28%
   5101  3086   275887.4169   196   468610.0000   195520.5969   575934   58.28%
   5207  3299   378673.7500    89   468610.0000   199479.6234   603596   57.43%
   5316  3353   237848.0579   169   468610.0000   200526.2518   610180   57.21%
   5480  3576   400180.8864   137   468610.0000   200526.2518   627509   57.21%
   5642  3533   348684.8125   149   468610.0000   200526.2518   626670   57.21%
   5770  3708   437900.0000    74   468610.0000   200526.2518   639127   57.21%
   5890  3833   450351.6111   110   468610.0000   200526.2518   651738   57.21%
   6055  4075   449745.7500    75   468610.0000   200526.2518   662557   57.21%
Elapsed time = 657.38 sec. (111089.13 ticks, tree = 936.13 MB, solutions = 16)
   6154  4094   457632.0454   154   468610.0000   200526.2518   663541   57.21%
   6259  4196   379201.8333   113   468610.0000   200526.2518   675998   57.21%
   6375  4389   250368.3714   184   468610.0000   200526.2518   696088   57.21%
   6517  4380   225222.5590   183   468610.0000   202076.3988   692731   56.88%
   6630  4595   390829.0556   127   468610.0000   202076.3988   717429   56.88%
   6785  4615   287587.1143   171   468610.0000   202076.3988   724043   56.88%
   6929  4789   270728.1409   181   468610.0000   202076.3988   735265   56.88%
   7041  5012   295550.9826   218   468610.0000   202236.4584   752463   56.84%
   7115  4983   309112.8266   195   468610.0000   202236.4584   750867   56.84%
   7209  5205   298326.3261   197   468610.0000   202972.9467   768662   56.69%
Elapsed time = 743.86 sec. (120730.76 ticks, tree = 1132.59 MB, solutions = 16)
   7284  5318   302980.9222   199   468610.0000   203512.1144   781389   56.57%
   7367  5366   259718.4395   183   468610.0000   203512.1144   790939   56.57%
   7470  5435   321455.7025   207   468610.0000   203512.1144   797456   56.57%
   7578  5436   285161.0422   256   468610.0000   203512.1144   806064   56.57%
   7672  5529   271810.8035   202   468610.0000   203516.1289   817151   56.57%
   7751  5678   301393.3481   179   468610.0000   203760.1748   831976   56.52%
   7826  5807   313981.4275   214   468610.0000   204649.8833   845288   56.33%
   7921  5920   314063.7905   185   468610.0000   204649.8833   857583   56.33%
   8024  6004   240942.2305   151   468610.0000   204649.8833   874512   56.33%
   8537  6241   342980.0000   105   468610.0000   204649.8833   906264   56.33%
Elapsed time = 857.45 sec. (133238.36 ticks, tree = 1334.47 MB, solutions = 16)
   9069  6960   433354.4444   110   468610.0000   205359.2550   966819   56.18%
   9715  7467   261287.0808   181   468610.0000   205542.3322  1012182   56.14%
  10239  8080   360081.2529   158   468610.0000   205723.1729  1064274   56.10%
  10971  8492   329054.6228   186   468610.0000   205723.1729  1087780   56.10%
  11495  9250   403099.0906   171   468610.0000   206141.0999  1130103   56.01%
  12045  9710   304065.8098   217   468610.0000   206728.8065  1168326   55.88%
  12611 10461   222046.6472   188   468610.0000   206752.6402  1229346   55.88%
  13138 10659   294706.3557   190   468610.0000   206867.6940  1244243   55.86%
  13697 11505   297172.5447   175   468610.0000   207165.5455  1314217   55.79%
  14238 12050   269033.6186   210   468610.0000   207294.4922  1358391   55.76%
Elapsed time = 1170.94 sec. (171455.44 ticks, tree = 2478.34 MB, solutions = 16)
Nodefile size = 422.03 MB (261.09 MB after compression)
  14757 12353   292029.4474   201   468610.0000   207456.5361  1381751   55.73%
  15374 12799   288468.4512   200   468610.0000   207601.7127  1422269   55.70%
  15914 13491   386898.5000    81   468610.0000   207643.0353  1472037   55.69%
  16427 14016   240108.2292   181   468610.0000   207968.2995  1515537   55.62%
  16901 14635   364718.9787   141   468610.0000   207975.8729  1583703   55.62%
  17284 15016   290526.7524   188   468610.0000   208115.9118  1624547   55.59%
  17586 15335   331243.7097   160   468610.0000   208151.5542  1656664   55.58%
  17984 15804   369640.0486   185   468610.0000   208151.5542  1695439   55.58%
  18489 16282   410085.4958   183   468610.0000   208369.6884  1725824   55.53%
  19018 16772   277834.4967   185   468610.0000   208516.1464  1760138   55.50%
Elapsed time = 1429.91 sec. (209698.03 ticks, tree = 3606.29 MB, solutions = 16)
Nodefile size = 1545.37 MB (957.66 MB after compression)
  19610 17241   348330.8553   171   468610.0000   208596.3831  1792317   55.49%
  20174 17609   378281.3143   220   468610.0000   208636.9021  1821358   55.48%
  20708 18185   314438.2022   239   468610.0000   208691.7661  1861924   55.47%
  21280 18676   241209.5345   185   468610.0000   208814.3112  1904429   55.44%
  21820 19322   286002.2297   177   468610.0000   209014.8978  1957815   55.40%
  22355 20029   339124.2390   221   468610.0000   209057.5344  2015869   55.39%
  22943 20540   373286.3276   187   468610.0000   209279.1113  2053201   55.34%
  23418 20708   291670.1233   179   468610.0000   209463.8594  2069549   55.30%
  23961 21669   309167.7436   226   468610.0000   209504.7779  2157731   55.29%
  24483 21980   312812.3380   188   468610.0000   209603.9589  2187643   55.27%
Elapsed time = 1763.15 sec. (247902.68 ticks, tree = 4204.29 MB, solutions = 16)
Nodefile size = 2128.84 MB (1320.52 MB after compression)
  25014 22762   307841.6997   236   468610.0000   209911.9582  2254572   55.21%
  25579 23047   307662.3832   206   468610.0000   209946.4971  2287907   55.20%
  26131 23761   344933.2140   180   468610.0000   210021.6664  2339392   55.18%
  26695 23856   375081.5489   179   468610.0000   210137.9223  2343992   55.16%
  27321 24937   387411.8673   185   468610.0000   210364.4494  2432974   55.11%
  27927 25314   369297.7189   211   468610.0000   210570.4596  2460968   55.06%
  28504 25478   362066.3065   218   468610.0000   210690.1561  2473934   55.04%
  29152 26011   334100.9655   168   468610.0000   210963.8998  2508390   54.98%
  29732 27375   274261.1667   154   468610.0000   211577.3403  2618670   54.85%
  30296 27522   307425.1629   192   468610.0000   211609.1860  2630154   54.84%
Elapsed time = 2049.87 sec. (286124.88 ticks, tree = 5452.82 MB, solutions = 16)
Nodefile size = 3384.16 MB (2108.58 MB after compression)
  30886 28125   248807.4195   203   468610.0000   211609.1860  2677109   54.84%
  31354 28497   275367.0427   178   468610.0000   211627.7142  2712341   54.84%
  31933 29097   439074.1905   190   468610.0000   211748.3337  2755972   54.81%
  32513 29357   295595.9576   180   468610.0000   211960.0876  2788719   54.77%
* 32552+29462                       468243.0000   211960.0876            54.73%
  32942 30063   246192.7860   149   468243.0000   212075.4018  2844953   54.71%
  33448 30570   434533.5312   160   468243.0000   212100.0361  2888000   54.70%
* 33790+31322                       463015.0000   212100.0361            54.19%
  33821 31101   351924.7969   226   463015.0000   212100.0361  2948007   54.19%
  34075 31811   314277.5881   187   463015.0000   212100.0361  3000365   54.19%
* 34245+31435                       461854.0000   212100.0361            54.08%
* 34303+31435                       456667.0000   212100.0361            53.55%
* 34305+31435                       452190.0000   212100.0361            53.09%
* 34317+31435                       448012.0000   212454.5486            52.58%
  34375 31958   343578.6125   188   448012.0000   212454.5486  3011397   52.58%
  34713 31648   321459.5587   199   448012.0000   212454.5486  2988687   52.58%
Elapsed time = 2294.35 sec. (324361.55 ticks, tree = 6263.89 MB, solutions = 24)
Nodefile size = 4195.23 MB (2609.87 MB after compression)
  35097 31711   357538.5476   162   448012.0000   212454.5486  3052070   52.58%
  35656 32303   411974.0714   157   448012.0000   212454.5486  3098026   52.58%
  36146 32055   320230.6347   205   448012.0000   212484.9497  3090547   52.57%
  36673 33177   327367.3386   226   448012.0000   212681.6423  3168343   52.53%
  37289 33845   362614.7528   185   448012.0000   212820.5939  3222152   52.50%
  37758 34109        cutoff         448012.0000   212927.9607  3240585   52.47%
  38253 34636   336581.9676   184   448012.0000   213121.0246  3286770   52.43%
  38746 35329   268980.4322   162   448012.0000   213123.6576  3346905   52.43%
  39248 35870   311507.5624   211   448012.0000   213160.1764  3397351   52.42%
  39689 36017   332716.6748   176   448012.0000   213255.4893  3409127   52.40%
Elapsed time = 2560.93 sec. (362576.53 ticks, tree = 6607.76 MB, solutions = 27)
Nodefile size = 4525.05 MB (2813.96 MB after compression)
  40149 36070   346939.5000    80   448012.0000   213273.0842  3416189   52.40%
  40665 36516   312060.2714   191   448012.0000   213273.0842  3453625   52.40%
  41085 37475   291724.3447   231   448012.0000   213412.0420  3539929   52.36%
* 41404+37758                       447197.0000   213417.9112            52.28%
  41575 38014   337624.6250   213   447197.0000   213417.9112  3595775   52.28%
  42116 38102   405777.1450   227   447197.0000   213417.9112  3603223   52.28%
  42544 38919   238097.5464   207   447197.0000   213482.9908  3682430   52.26%
  43115 39348   394288.0000   191   447197.0000   213578.7131  3717950   52.24%
  43687 39511   436731.1316   203   447197.0000   213692.8704  3728488   52.22%
  44197 39875   358072.3103   162   447197.0000   213822.7096  3760242   52.19%
  44785 40987   284625.5639   210   447197.0000   213851.3072  3837952   52.18%
Elapsed time = 2867.14 sec. (400773.89 ticks, tree = 7582.29 MB, solutions = 28)
Nodefile size = 5501.11 MB (3423.63 MB after compression)
  45350 40938   314758.7671   201   447197.0000   214199.0050  3836323   52.10%
  45847 41945   355166.0901   193   447197.0000   214270.4033  3913394   52.09%
  46389 42688   261529.9678   187   447197.0000   214343.2439  3979287   52.07%
  46994 42590   325839.6870   169   447197.0000   214553.4182  3966601   52.02%
  47466 43023   379031.1743   190   447197.0000   214553.4182  4005096   52.02%
  48069 43680   352402.9857   177   447197.0000   214590.9544  4047702   52.01%
  48555 44574   399788.9194   216   447197.0000   214700.0635  4127162   51.99%
  49051 45105   409220.2222   119   447197.0000   214781.9905  4183921   51.97%
  49608 45485   240602.0357   175   447197.0000   214821.7041  4214245   51.96%
  50173 46342   382922.0478   186   447197.0000   214847.7001  4282179   51.96%
Elapsed time = 3170.49 sec. (438984.97 ticks, tree = 8500.90 MB, solutions = 28)
Nodefile size = 6417.45 MB (3993.32 MB after compression)
  50584 46710   430547.4841   200   447197.0000   214847.7001  4314714   51.96%
  51059 47393   367373.8984   197   447197.0000   215077.5095  4375801   51.91%
Starting limited solution polishing.
  51656 47542   341077.7727   172   447197.0000   215201.4492  4390438   51.88%
  52203 48417   299293.9913   186   447197.0000   215216.6028  4458664   51.87%
  52618 48719   275110.7289   213   447197.0000   215262.0039  4479743   51.86%
  52939 49309   339589.7630   199   447197.0000   215262.0039  4523314   51.86%
  53275 49471   411617.0615   211   447197.0000   215361.4501  4533349   51.84%
  53534 49884   282283.7221   177   447197.0000   215361.4501  4572464   51.84%
  53812 49808   270110.1480   219   447197.0000   215437.0898  4569858   51.83%
* 53911+49377                       445681.0000   215437.0898            51.66%
  54263 50372   341794.3390   179   445681.0000   215437.0898  4611301   51.66%
Elapsed time = 3373.31 sec. (477190.56 ticks, tree = 9419.70 MB, solutions = 29)
Nodefile size = 7347.19 MB (4577.44 MB after compression)
  54688 50465   434334.0000    89   445681.0000   215437.0898  4615904   51.66%
  54998 51069   369509.3420   194   445681.0000   215437.0898  4663418   51.66%
  55230 51097   281206.0278   157   445681.0000   215500.3239  4668522   51.65%
  55610 51725   381131.7494   184   445681.0000   215500.8898  4719144   51.65%
  56041 52185   339357.3333   141   445681.0000   215600.0721  4757301   51.62%
* 56052+51558                       443307.0000   215600.0721            51.37%
  56402 52271   378320.1364   167   443307.0000   215600.0721  4761125   51.37%
* 56513+52147                       441772.0000   215600.0721            51.20%
  56659 52665   358240.4565   225   441772.0000   215600.9099  4812664   51.20%
  56951 52542   313687.8887   220   441772.0000   215625.6720  4804317   51.19%
  57120 53073   302470.6519   187   441772.0000   215811.5325  4863756   51.15%
  57371 53158   347033.6014   210   441772.0000   215843.3041  4869477   51.14%
Elapsed time = 3540.09 sec. (515417.84 ticks, tree = 9723.64 MB, solutions = 31)
Nodefile size = 7622.16 MB (4743.26 MB after compression)
  57590 53395   389323.6044   203   441772.0000   215843.3041  4890554   51.14%
  57935 53641   374718.9000   148   441772.0000   215848.4433  4908645   51.14%
  58203 53846   333886.5125   160   441772.0000   215950.9554  4942300   51.12%
* 58352+53734                       440178.0000   215950.9554            50.94%
  58357 54028   347885.0666   226   440178.0000   215950.9554  4962863   50.94%
  58549 54127   223864.6252   185   440178.0000   215950.9554  4959047   50.94%
  58551 53901   257436.2709   189   440178.0000   215950.9554  4948428   50.94%

Implied bound cuts applied:  236
Zero-half cuts applied:  520
Lift and project cuts applied:  76

Root node processing (before b&c):
  Real time             =   22.42 sec. (16954.62 ticks)
Parallel b&c, 8 threads:
  Real time             = 3580.26 sec. (522925.50 ticks)
  Sync time (average)   =  702.11 sec.
  Wait time (average)   =    0.01 sec.
                          ------------
Total (root+branch&cut) = 3602.67 sec. (539880.12 ticks)
Status: Feasible
Obj: 440178

Instalacoes abertas:
Instalação 0 aberta
Instalação 1 aberta
Instalação 4 aberta
Instalação 8 aberta
Instalação 9 aberta
Instalação 13 aberta
Instalação 16 aberta
Instalação 18 aberta
Instalação 20 aberta
Instalação 22 aberta
Instalação 30 aberta
Instalação 47 aberta

Atribuições (cliente -> instalação):
Cliente 0 -> Instalação 0
Cliente 1 -> Instalação 4
Cliente 2 -> Instalação 20
Cliente 3 -> Instalação 47
Cliente 4 -> Instalação 8
Cliente 5 -> Instalação 30
Cliente 6 -> Instalação 1
Cliente 7 -> Instalação 16
Cliente 8 -> Instalação 8
Cliente 9 -> Instalação 1
Cliente 10 -> Instalação 18
Cliente 11 -> Instalação 22
Cliente 12 -> Instalação 22
Cliente 13 -> Instalação 13
Cliente 14 -> Instalação 20
Cliente 15 -> Instalação 9
Cliente 16 -> Instalação 20
Cliente 17 -> Instalação 1
Cliente 18 -> Instalação 8
Cliente 19 -> Instalação 0
Cliente 20 -> Instalação 18
Cliente 21 -> Instalação 30
Cliente 22 -> Instalação 22
Cliente 23 -> Instalação 9
Cliente 24 -> Instalação 20
Cliente 25 -> Instalação 30
Cliente 26 -> Instalação 47
Cliente 27 -> Instalação 13
Cliente 28 -> Instalação 18
Cliente 29 -> Instalação 9
Cliente 30 -> Instalação 13
Cliente 31 -> Instalação 0
Cliente 32 -> Instalação 30
Cliente 33 -> Instalação 13
Cliente 34 -> Instalação 4
Cliente 35 -> Instalação 47
Cliente 36 -> Instalação 47
Cliente 37 -> Instalação 16
Cliente 38 -> Instalação 9
Cliente 39 -> Instalação 22
Cliente 40 -> Instalação 20
Cliente 41 -> Instalação 4
Cliente 42 -> Instalação 9
Cliente 43 -> Instalação 1
Cliente 44 -> Instalação 4
Cliente 45 -> Instalação 4
Cliente 46 -> Instalação 20
Cliente 47 -> Instalação 8
Cliente 48 -> Instalação 16
Cliente 49 -> Instalação 16
