Version identifier: 22.1.1.0 | 2022-11-28 | 9160aff4d
CPXPARAM_TimeLimit                               3600
Tried aggregator 1 time.
MIP Presolve eliminated 50 rows and 1 columns.
Reduced MIP has 51500 rows, 3529 columns, and 154400 nonzeros.
Reduced MIP has 3529 binaries, 0 generals, 0 SOSs, and 0 indicators.
Presolve time = 0.08 sec. (68.61 ticks)
Found incumbent of value 4.0955326e+07 after 0.10 sec. (87.88 ticks)
Probing time = 0.03 sec. (7.90 ticks)
Tried aggregator 1 time.
Detecting symmetries...
Reduced MIP has 51500 rows, 3529 columns, and 154400 nonzeros.
Reduced MIP has 3529 binaries, 0 generals, 0 SOSs, and 0 indicators.
Presolve time = 0.09 sec. (83.45 ticks)
Probing time = 0.03 sec. (7.95 ticks)
Clique table members: 2500.
MIP emphasis: balance optimality and feasibility.
MIP search method: dynamic search.
Parallel mode: deterministic, using up to 8 threads.
Root relaxation solution time = 0.12 sec. (75.93 ticks)

        Nodes                                         Cuts/
   Node  Left     Objective  IInf  Best Integer    Best Bound    ItCnt     Gap

*     0+    0                       4.09553e+07        0.0000           100.00%
*     0+    0                       3.16066e+07        0.0000           100.00%
*     0+    0                      1521891.0000        0.0000           100.00%
*     0+    0                      1483006.0000        0.0000           100.00%
      0     0    93774.0000   100  1483006.0000    93774.0000      184   93.68%
*     0+    0                      1079296.0000    93774.0000            91.31%
      0     0   106217.5000   100  1079296.0000    Cuts: 2511      433   90.16%
      0     0   118774.0000    98  1079296.0000    Cuts: 2512      756   89.00%
      0     0   131217.5000    98  1079296.0000 ZeroHalf: 1093     2007   87.84%
*     0+    0                      1078120.0000   131217.5000            87.83%
*     0+    0                       912243.0000   131217.5000            85.62%
*     0+    0                       873063.0000   131217.5000            84.97%
      0     0  -1.00000e+75     0   873063.0000   131217.5000     2007   84.97%
*     0+    0                       708188.0000   131217.5000            81.47%
      0     0   137379.0000   140   708188.0000 ZeroHalf: 1090     2861   80.60%
      0     0   147334.8768   192   708188.0000     Cuts: 721     4042   79.20%
Detecting symmetries...
      0     0   153833.3348   219   708188.0000     Cuts: 403     4818   78.28%
      0     0   160067.2615   211   708188.0000     Cuts: 987     5641   77.40%
      0     0   164837.4211   181   708188.0000     Cuts: 360     6385   76.72%
      0     0   167650.7101   209   708188.0000     Cuts: 207     6953   76.33%
      0     0   170601.2499   176   708188.0000     Cuts: 368     7562   75.91%
      0     0   173447.9588   173   708188.0000     Cuts: 186     8127   75.51%
      0     0   175321.7668   197   708188.0000     Cuts: 122     8446   75.24%
      0     0   176692.9813   186   708188.0000     Cuts: 283     8790   75.05%
      0     0   178101.1645   202   708188.0000     Cuts: 267     9181   74.85%
      0     0   179963.5657   206   708188.0000     Cuts: 145     9745   74.59%
      0     0   180923.1143   203   708188.0000      Cuts: 84    10031   74.45%
      0     0   181866.2153   206   708188.0000     Cuts: 232    10434   74.32%
      0     0   183224.2063   206   708188.0000     Cuts: 242    10879   74.13%
      0     0   184905.0403   197   708188.0000     Cuts: 183    11508   73.89%
      0     0   185865.2270   199   708188.0000     Cuts: 173    11839   73.75%
      0     0   186732.6254   186   708188.0000     Cuts: 239    12175   73.63%
      0     0   187351.1358   199   708188.0000     Cuts: 153    12530   73.54%
      0     0   187955.6113   201   708188.0000  ZeroHalf: 53    12855   73.46%
      0     0   188640.3843   198   708188.0000     Cuts: 133    13227   73.36%
      0     0   189519.0178   229   708188.0000     Cuts: 123    13583   73.24%
      0     0   190604.0127   228   708188.0000     Cuts: 187    14021   73.09%
      0     0   191259.2401   239   708188.0000      Cuts: 68    14341   72.99%
      0     0   191822.0323   237   708188.0000      Cuts: 83    14696   72.91%
      0     0   192279.2728   241   708188.0000     Cuts: 109    14978   72.85%
      0     0   192987.9474   208   708188.0000     Cuts: 147    15281   72.75%
      0     0   193402.5642   231   708188.0000     Cuts: 102    15515   72.69%
      0     0   193884.8095   249   708188.0000     Cuts: 115    15794   72.62%
      0     0   194559.6398   242   708188.0000     Cuts: 130    16140   72.53%
      0     0   195069.6987   229   708188.0000     Cuts: 100    16397   72.46%
      0     0   195441.3054   225   708188.0000      Cuts: 71    16676   72.40%
      0     0   195836.0186   227   708188.0000      Cuts: 79    16968   72.35%
      0     0   196192.9341   210   708188.0000     Cuts: 275    17134   72.30%
      0     0   196516.8114   236   708188.0000      Cuts: 39    17373   72.25%
      0     0   196885.6050   208   708188.0000      Cuts: 93    17702   72.20%
      0     0   197098.1059   205   708188.0000      Cuts: 68    17914   72.17%
      0     0   197329.8947   234   708188.0000      Cuts: 52    18084   72.14%
      0     0   197613.7200   211   708188.0000     Cuts: 146    18356   72.10%
      0     0   197752.7395   214   708188.0000      Cuts: 71    18560   72.08%
      0     0   197990.2139   201   708188.0000     Cuts: 129    18747   72.04%
      0     0   198434.4536   216   708188.0000     Cuts: 122    18982   71.98%
      0     0   199020.5550   231   708188.0000      Cuts: 96    19379   71.90%
      0     0   199303.1993   224   708188.0000  ZeroHalf: 40    19634   71.86%
      0     0   199634.7098   208   708188.0000     Cuts: 136    19903   71.81%
      0     0   199959.9610   237   708188.0000      Cuts: 53    20129   71.76%
      0     0   200514.8210   220   708188.0000      Cuts: 76    20403   71.69%
      0     0   200839.0029   196   708188.0000      Cuts: 87    20630   71.64%
      0     0   201147.7461   203   708188.0000      Cuts: 67    20932   71.60%
      0     0   201471.1070   225   708188.0000      Cuts: 74    21207   71.55%
      0     0   201798.7534   217   708188.0000      Cuts: 91    21443   71.50%
      0     0   201933.6700   223   708188.0000      Cuts: 63    21570   71.49%
      0     0   202122.1002   240   708188.0000      Cuts: 44    21757   71.46%
      0     0   202352.1961   242   708188.0000      Cuts: 70    21949   71.43%
      0     0   202504.6540   211   708188.0000     Cuts: 126    22100   71.41%
      0     0   202838.9074   214   708188.0000      Cuts: 74    22389   71.36%
      0     0   203291.2092   230   708188.0000      Cuts: 72    22697   71.29%
      0     0   203552.2052   227   708188.0000      Cuts: 29    22889   71.26%
      0     0   203706.0310   227   708188.0000      Cuts: 93    23064   71.24%
      0     0   204131.9368   239   708188.0000     Cuts: 135    23327   71.18%
      0     0   204304.1513   238   708188.0000      Cuts: 78    23485   71.15%
      0     0   204449.7617   233   708188.0000      Cuts: 37    23636   71.13%
      0     0   204640.8451   238   708188.0000     Cuts: 118    23823   71.10%
      0     0   204836.5259   244   708188.0000      Cuts: 63    23991   71.08%
      0     0   205049.1757   203   708188.0000      Cuts: 66    24179   71.05%
      0     0   205144.3927   235   708188.0000  ZeroHalf: 31    24302   71.03%
      0     0   205301.2680   234   708188.0000      Cuts: 73    24449   71.01%
      0     0   205521.7669   234   708188.0000      Cuts: 59    24598   70.98%
      0     0   205690.3679   221   708188.0000      Cuts: 44    24817   70.96%
      0     0   205956.7275   244   708188.0000     Cuts: 111    25075   70.92%
      0     0   206157.2482   242   708188.0000      Cuts: 50    25249   70.89%
      0     0   206407.1046   238   708188.0000      Cuts: 63    25487   70.85%
      0     0   206687.1229   237   708188.0000      Cuts: 89    25780   70.81%
      0     0   206948.9276   237   708188.0000      Cuts: 48    25945   70.78%
      0     0   207202.4081   256   708188.0000      Cuts: 76    26211   70.74%
      0     0   207429.9711   242   708188.0000     Cuts: 165    26457   70.71%
      0     0   207605.3221   212   708188.0000      Cuts: 78    26623   70.68%
      0     0   207691.3625   208   708188.0000      Cuts: 60    26793   70.67%
Detecting symmetries...
      0     2   207691.3625   208   708188.0000   207691.3625    26793   70.67%
Elapsed time = 48.99 sec. (33165.76 ticks, tree = 0.02 MB, solutions = 9)
      3     4   207787.0910   207   708188.0000   207694.2561    26947   70.67%
      8     6   233124.1206   199   708188.0000   207725.9806    27815   70.67%
     16    16   247639.0434   164   708188.0000   208087.2955    31544   70.62%
     26    25   229162.8189   198   708188.0000   209196.3424    34840   70.46%
     36    28   237056.9334   205   708188.0000   209196.3424    36310   70.46%
     43    29   251267.3436   201   708188.0000   209196.3424    36995   70.46%
     53    44   255113.6034   195   708188.0000   209196.3424    43326   70.46%
     59    46   239337.2019   188   708188.0000   209196.3424    44412   70.46%
     70    66   268438.1747   160   708188.0000   209196.3424    53810   70.46%
    136   121   485263.5000    74   708188.0000   209196.3424    69353   70.46%
Elapsed time = 78.62 sec. (36589.90 ticks, tree = 12.03 MB, solutions = 9)
    285   233   506278.1667    99   708188.0000   209196.3424    86728   70.46%
    496   362   607351.0000    67   708188.0000   209196.3424    95539   70.46%
    656   558   587738.0000    76   708188.0000   209196.3424   106669   70.46%
    749   668   474798.5000    77   708188.0000   209196.3424   123515   70.46%
    847   774   562535.0000    67   708188.0000   209196.3424   136529   70.46%
   1041   909   702527.5000    63   708188.0000   209196.3424   149948   70.46%
   1220  1076   617853.5833    97   708188.0000   214030.8389   163682   69.78%
   1343  1214   557460.5000    70   708188.0000   214030.8389   174752   69.78%
   1440  1328   465841.7500    87   708188.0000   214030.8389   189993   69.78%
   1518  1399   626037.5000    76   708188.0000   214035.8850   200924   69.78%
Elapsed time = 157.00 sec. (46198.59 ticks, tree = 445.93 MB, solutions = 9)
   1639  1423   451123.6875   117   708188.0000   214134.1165   205818   69.76%
   1658  1445   263085.8740   175   708188.0000   214134.1165   209652   69.76%

Performing restart 1

Repeating presolve.
Tried aggregator 1 time.
MIP Presolve eliminated 831 rows and 28 columns.
Reduced MIP has 50669 rows, 3501 columns, and 151907 nonzeros.
Reduced MIP has 3501 binaries, 0 generals, 0 SOSs, and 0 indicators.
Presolve time = 0.07 sec. (69.77 ticks)
Tried aggregator 1 time.
Reduced MIP has 50669 rows, 3501 columns, and 151907 nonzeros.
Reduced MIP has 3501 binaries, 0 generals, 0 SOSs, and 0 indicators.
Presolve time = 0.09 sec. (84.93 ticks)
Represolve time = 0.25 sec. (221.35 ticks)
*  1659+    0                       704992.0000   214134.1165            69.63%
   1659     0   208081.8387   208   704992.0000     Cuts: 103   226065   69.63%
   1659     0   208434.3785   207   704992.0000      Cuts: 90   226361   69.63%
   1659     0   208756.2179   214   704992.0000     Cuts: 115   226627   69.63%
*  1659+    0                       704617.0000   214134.1165            69.61%
   1659     0  -1.00000e+75     0   704617.0000   214134.1165   226627   69.61%
   1659     0   209252.7135   213   704617.0000     Cuts: 143   227051   69.61%
   1659     2   209252.7135   213   704617.0000   214134.1165   227051   69.61%
   1660     3   209421.9649   227   704617.0000   214134.1165   227277   69.61%
   1661     3   234632.4255   191   704617.0000   214134.1165   227745   69.61%
   1663     6   209756.2635   211   704617.0000   214134.1165   228409   69.61%
   1666     8   237981.8279   195   704617.0000   214134.1165   229205   69.61%
   1670     9   239243.1607   230   704617.0000   214134.1165   230512   69.61%
   1674    13   230922.9928   225   704617.0000   214134.1165   232810   69.61%
   1678    18   231253.1566   203   704617.0000   214134.1165   235479   69.61%
Elapsed time = 277.87 sec. (75644.36 ticks, tree = 0.81 MB, solutions = 11)
   1683    20   236153.8988   224   704617.0000   214134.1165   237311   69.61%
   1687    21   241757.8638   223   704617.0000   214134.1165   237580   69.61%
   1690    24   243281.3558   189   704617.0000   214134.1165   239934   69.61%
   1696    29   240580.2632   203   704617.0000   214134.1165   242811   69.61%
   1700    35   242123.3131   218   704617.0000   214134.1165   247297   69.61%
   1703    30   255552.0716   178   704617.0000   214134.1165   243515   69.61%
   1708    38   243686.4724   188   704617.0000   214134.1165   249378   69.61%
   1714    48   242193.5752   215   704617.0000   214134.1165   255471   69.61%
   1718    47   257992.9072   189   704617.0000   214134.1165   255422   69.61%
   1728    67   244431.7754   207   704617.0000   214134.1165   261645   69.61%
Elapsed time = 374.78 sec. (86581.69 ticks, tree = 5.28 MB, solutions = 11)
   1752    58   242786.1767   212   704617.0000   214134.1165   258554   69.61%
   1788   101   246180.9595   203   704617.0000   214134.1165   270135   69.61%
   1837   110   249191.8186   198   704617.0000   214134.1165   271790   69.61%
   1872   151   250907.8796   172   704617.0000   214134.1165   279599   69.61%
   1915   147   268847.3748   175   704617.0000   214134.1165   278917   69.61%
   1951   179   266348.3346   176   704617.0000   214134.1165   287796   69.61%
   1988   107   255252.4021   183   704617.0000   214134.1165   271515   69.61%
   1995   291   262942.5752   181   704617.0000   214134.1165   313304   69.61%
   2019   325   277627.0403   159   704617.0000   214134.1165   318832   69.61%
   2037   305   299040.0377   161   704617.0000   214134.1165   316493   69.61%
Elapsed time = 480.07 sec. (96382.88 ticks, tree = 25.88 MB, solutions = 11)
   2060   296   299332.2031   173   704617.0000   214134.1165   314981   69.61%
   2081   373   281215.3270   176   704617.0000   214134.1165   331561   69.61%
   2111   396   308835.8614   170   704617.0000   214134.1165   337068   69.61%
   2140   403   332586.2582   143   704617.0000   214134.1165   338216   69.61%
   2181   431   282072.9554   172   704617.0000   214134.1165   348662   69.61%
   2221   480   306957.2766   153   704617.0000   214134.1165   359296   69.61%
   2253   459   320279.2873   142   704617.0000   214134.1165   357484   69.61%
   2284   439   278926.1210   180   704617.0000   214134.1165   348794   69.61%
   2301   567   296421.6675   169   704617.0000   214134.1165   380049   69.61%
   2312   612   295233.7363   179   704617.0000   214134.1165   390970   69.61%
Elapsed time = 582.35 sec. (106719.38 ticks, tree = 40.82 MB, solutions = 11)
   2332   569   298956.6706   157   704617.0000   214134.1165   380511   69.61%
   2357   667   297460.3093   165   704617.0000   214134.1165   400965   69.61%
   2377   651   302823.6273   180   704617.0000   214134.1165   398532   69.61%
   2405   687   307540.6270   148   704617.0000   214134.1165   405910   69.61%
   2436   679   303334.7553   155   704617.0000   214134.1165   403099   69.61%
   2450   681   303354.9717   142   704617.0000   214134.1165   403788   69.61%
   2463   704   352838.6667   168   704617.0000   214134.1165   408017   69.61%
   2486   756   309251.4910   178   704617.0000   214134.1165   423255   69.61%
   2522   826   351995.5201   138   704617.0000   214134.1165   437924   69.61%
   2539   738   285150.5411   201   704617.0000   214134.1165   418069   69.61%
Elapsed time = 687.06 sec. (116618.84 ticks, tree = 40.51 MB, solutions = 11)
   2572   798   319521.1181   171   704617.0000   214134.1165   428827   69.61%
   2585   769   316199.3710   173   704617.0000   214134.1165   425827   69.61%
   2603   867   316792.6793   165   704617.0000   214134.1165   446407   69.61%
   2619   858   291358.2883   201   704617.0000   214134.1165   443695   69.61%
   2641   865   295299.3256   158   704617.0000   214134.1165   444793   69.61%
   2658   913   403134.6552   158   704617.0000   214134.1165   456233   69.61%
   2684   930   335676.0784   158   704617.0000   214134.1165   458629   69.61%
   2694   953   320792.7416   187   704617.0000   214134.1165   463379   69.61%
   2717   998   344725.0098   196   704617.0000   214134.1165   473490   69.61%
   2756  1007   347251.5000   156   704617.0000   214134.1165   474889   69.61%
Elapsed time = 789.23 sec. (126557.62 ticks, tree = 40.48 MB, solutions = 11)
   2782  1032   300891.8594   206   704617.0000   214134.1165   482409   69.61%
   2813  1050   345118.3121   152   704617.0000   214134.1165   485491   69.61%
   2840  1047   304202.1634   161   704617.0000   214134.1165   484907   69.61%
   2878  1107   348323.3486   173   704617.0000   214134.1165   495770   69.61%
   2912  1136   335999.4716   136   704617.0000   214134.1165   504113   69.61%
   2942  1114   389419.8333   175   704617.0000   214134.1165   497063   69.61%
   2979  1122   344182.3523   175   704617.0000   214134.1165   500566   69.61%
   3032  1132   345549.0469   196   704617.0000   214134.1165   502046   69.61%
   3077  1173   388854.4424   154   704617.0000   214134.1165   509134   69.61%
   3122  1350   393830.3953   147   704617.0000   214134.1165   544915   69.61%
Elapsed time = 901.06 sec. (136489.32 ticks, tree = 41.90 MB, solutions = 11)
   3168  1340   347027.3659   147   704617.0000   214134.1165   543299   69.61%
   3218  1392   324351.7239   169   704617.0000   214134.1165   548676   69.61%
   3271  1358   349628.2441   170   704617.0000   214134.1165   545285   69.61%
   3302  1454   365547.5000   104   704617.0000   214134.1165   563718   69.61%
   3340  1552   371424.1086   153   704617.0000   214134.1165   578046   69.61%
   3395  1428   401817.5000   104   704617.0000   214134.1165   556856   69.61%
   3430  1625   447681.1892   159   704617.0000   214134.1165   589520   69.61%
   3475  1743   354883.9327   168   704617.0000   214134.1165   603069   69.61%
   3501  1725   351952.9524   148   704617.0000   214134.1165   600593   69.61%
   3645  1826   399393.5526   146   704617.0000   214134.1165   617146   69.61%
Elapsed time = 1037.50 sec. (149245.15 ticks, tree = 43.84 MB, solutions = 11)
   3861  2077   473396.5000    91   704617.0000   214134.1165   647192   69.61%
   4109  2045   432618.2772   135   704617.0000   214134.1165   643621   69.61%
   4340  2518   375300.1607   135   704617.0000   214134.1165   691693   69.61%
   4525  2748   484765.8382   146   704617.0000   214134.1165   712530   69.61%
   4811  2926   473095.7892   115   704617.0000   214134.1165   729290   69.61%
   5094  3111   423793.1667   133   704617.0000   214134.1165   742621   69.61%
   5319  3493   514216.1731   140   704617.0000   214134.1165   775341   69.61%
   5600  3700   478221.3125   124   704617.0000   214134.1165   798458   69.61%
   5969  4061   515637.0000    91   704617.0000   214134.1165   822628   69.61%
   6236  4163   637280.0000    99   704617.0000   214134.1165   829025   69.61%
Elapsed time = 1410.06 sec. (187489.59 ticks, tree = 60.46 MB, solutions = 11)
   6558  4717   647417.5000    78   704617.0000   214134.1165   895955   69.61%
   6866  4862   461694.0000    80   704617.0000   214134.1165   933909   69.61%
   7196  5294   617607.5000    62   704617.0000   214134.1165   980622   69.61%
   7576  5415   389206.2547   156   704617.0000   214134.1165  1007580   69.61%
   7866  5925   652590.0714   125   704617.0000   218412.0969  1068785   69.00%
   8230  5979   507027.9531   136   704617.0000   218412.0969  1084902   69.00%
   8637  6310   306125.6282   168   704617.0000   218412.0969  1147269   69.00%
   9066  7073   695134.9375    92   704617.0000   218412.0969  1253878   69.00%
   9395  7243   484719.0000   127   704617.0000   228230.0238  1292859   67.61%
   9704  7620   627402.2500    86   704617.0000   228669.5429  1341984   67.55%
Elapsed time = 1791.53 sec. (225729.52 ticks, tree = 90.83 MB, solutions = 11)
   9962  8066   339586.9657   209   704617.0000   228692.4685  1444072   67.54%
  10219  7961   316011.7874   220   704617.0000   228959.4986  1417830   67.51%
  10534  8321   401898.2097   198   704617.0000   228959.4986  1482380   67.51%
  10830  8597   390740.8902   214   704617.0000   228972.9165  1528598   67.50%
  11100  9096   353837.7279   211   704617.0000   229538.1047  1595176   67.42%
  11355  9421   310711.9480   244   704617.0000   230287.6230  1666949   67.32%
  11633  9410   402282.3681   205   704617.0000   230287.6230  1661200   67.32%
  11949  9784   373103.8131   175   704617.0000   230844.5590  1735291   67.24%
  12218 10097   405774.2868   235   704617.0000   230927.8614  1782878   67.23%
  12539 10433   430922.7298   227   704617.0000   230938.6124  1837061   67.22%
Elapsed time = 2165.28 sec. (263943.44 ticks, tree = 109.01 MB, solutions = 11)
  12830 10798   423650.2779   247   704617.0000   231262.5395  1900593   67.18%
  13032 11130   298553.7971   179   704617.0000   233603.3000  1964679   66.85%
  13292 11297   387724.1083   204   704617.0000   233603.3000  1997096   66.85%
  13598 11270   319826.2559   219   704617.0000   233603.3000  1996135   66.85%
  13909 11624   418307.5944   221   704617.0000   233603.3000  2052029   66.85%
  14168 12096   448300.4375   228   704617.0000   233911.9528  2119851   66.80%
  14444 12268   365987.3214   192   704617.0000   234516.2547  2155020   66.72%
  14750 12561   366162.3584   208   704617.0000   234660.0329  2210473   66.70%
  15073 12824   413465.4188   225   704617.0000   234660.0329  2254826   66.70%
  15375 12935   421701.6040   225   704617.0000   234685.4908  2276236   66.69%
Elapsed time = 2560.03 sec. (302317.18 ticks, tree = 129.24 MB, solutions = 11)
  15678 13697   447984.1322   204   704617.0000   234685.4908  2390412   66.69%
  15959 13828   442735.0352   243   704617.0000   235014.5451  2410262   66.65%
  16257 13762   347540.5621   179   704617.0000   235512.6533  2408532   66.58%
  16669 14371   659014.0000    90   704617.0000   235807.0616  2529418   66.53%
  17032 14731   690956.9286   115   704617.0000   235878.0492  2587432   66.52%
  17260 15022   317408.4136   239   704617.0000   235878.0492  2633272   66.52%
  17470 15356   363740.6500   203   704617.0000   235878.0492  2678041   66.52%
  17673 15321   288606.5686   176   704617.0000   235892.4356  2673718   66.52%
  18041 15913   441400.0583   209   704617.0000   236065.3454  2784080   66.50%
  18360 16082   406428.1854   222   704617.0000   236065.3454  2817588   66.50%
Elapsed time = 2894.31 sec. (340575.89 ticks, tree = 151.60 MB, solutions = 11)
* 18647+15886                       697304.0000   236066.7730            66.15%
  18662 16223   462316.3292   215   697304.0000   236066.7730  2832180   66.15%
  18916 16625   470159.7500   208   697304.0000   236153.5610  2894755   66.13%
  19177 16948   455894.2444   210   697304.0000   236153.5610  2958881   66.13%
  19380 16964   274638.0666   234   697304.0000   236257.3182  2965401   66.12%
  19602 17405   417351.1749   201   697304.0000   236375.3574  3047601   66.10%
  19911 17459   445181.0385   181   697304.0000   236420.0430  3052996   66.10%
  20189 17601   340905.5049   211   697304.0000   236469.8717  3102469   66.09%
  20468 17913   512398.9943   196   697304.0000   236469.8717  3143429   66.09%
  20749 18626   406278.4753   204   697304.0000   236486.0242  3263437   66.09%
Starting limited solution polishing.
  20963 18530   367719.4186   223   697304.0000   236486.0242  3253228   66.09%
Elapsed time = 3261.12 sec. (378845.06 ticks, tree = 169.02 MB, solutions = 12)
* 20979+18682                       696434.0000   236486.0242            66.04%
  21173 18739   349070.3941   239   696434.0000   236715.1882  3294257   66.01%
* 21411+19090                       679271.0000   236715.1882            65.15%
  21415 18968   408264.4090   205   679271.0000   236715.1882  3385579   65.15%
  21745 19079   397419.0425   212   679271.0000   236727.7144  3415078   65.15%
  22028 19319   431407.1568   210   679271.0000   236727.7144  3456415   65.15%
  22173 19648   256198.1365   195   679271.0000   236727.9545  3506375   65.15%
* 22209+19323                       670771.0000   236727.9545            64.71%
  22236 19762   273074.8632   245   670771.0000   236727.9545  3522089   64.71%
  22380 19914   276620.9469   208   670771.0000   236727.9545  3551219   64.71%
  22654 19940   307474.2182   239   670771.0000   236727.9545  3556056   64.71%
* 22884+20088                       667276.0000   237255.9923            64.44%
  22890 20492   370876.2638   213   667276.0000   237255.9923  3666115   64.44%
  23131 20156   396525.5626   225   667276.0000   237255.9923  3625695   64.44%
Elapsed time = 3552.51 sec. (417204.43 ticks, tree = 184.70 MB, solutions = 18)
* 23272+20280                       666336.0000   237255.9923            64.39%
  23379 20596   391976.3913   199   666336.0000   237255.9923  3697893   64.39%
  23574 20636   416540.2614   227   666336.0000   237255.9923  3703154   64.39%
* 23633+20738                       665691.0000   237255.9923            64.36%
* 23639+20601                       664255.0000   237255.9923            64.28%
  23690 20779   310687.1509   177   664255.0000   237255.9923  3737345   64.28%

Implied bound cuts applied:  5
Zero-half cuts applied:  386
Lift and project cuts applied:  53

Root node processing (before b&c):
  Real time             =   48.93 sec. (33075.70 ticks)
Parallel b&c, 8 threads:
  Real time             = 3551.08 sec. (396251.80 ticks)
  Sync time (average)   =  648.97 sec.
  Wait time (average)   =    0.01 sec.
                          ------------
Total (root+branch&cut) = 3600.01 sec. (429327.50 ticks)
Status: Feasible
Obj: 664255

Instalacoes abertas:
Instalação 0 aberta
Instalação 1 aberta
Instalação 4 aberta
Instalação 8 aberta
Instalação 9 aberta
Instalação 13 aberta
Instalação 16 aberta
Instalação 18 aberta
Instalação 19 aberta
Instalação 20 aberta
Instalação 22 aberta
Instalação 23 aberta
Instalação 25 aberta
Instalação 30 aberta
Instalação 31 aberta
Instalação 34 aberta
Instalação 35 aberta
Instalação 46 aberta
Instalação 47 aberta

Atribuições (cliente -> instalação):
Cliente 0 -> Instalação 19
Cliente 1 -> Instalação 34
Cliente 2 -> Instalação 8
Cliente 3 -> Instalação 9
Cliente 4 -> Instalação 4
Cliente 5 -> Instalação 30
Cliente 6 -> Instalação 4
Cliente 7 -> Instalação 25
Cliente 8 -> Instalação 4
Cliente 9 -> Instalação 0
Cliente 10 -> Instalação 47
Cliente 11 -> Instalação 8
Cliente 12 -> Instalação 22
Cliente 13 -> Instalação 23
Cliente 14 -> Instalação 47
Cliente 15 -> Instalação 20
Cliente 16 -> Instalação 16
Cliente 17 -> Instalação 13
Cliente 18 -> Instalação 18
Cliente 19 -> Instalação 1
Cliente 20 -> Instalação 1
Cliente 21 -> Instalação 1
Cliente 22 -> Instalação 22
Cliente 23 -> Instalação 13
Cliente 24 -> Instalação 18
Cliente 25 -> Instalação 30
Cliente 26 -> Instalação 0
Cliente 27 -> Instalação 31
Cliente 28 -> Instalação 25
Cliente 29 -> Instalação 23
Cliente 30 -> Instalação 31
Cliente 31 -> Instalação 19
Cliente 32 -> Instalação 20
Cliente 33 -> Instalação 47
Cliente 34 -> Instalação 34
Cliente 35 -> Instalação 35
Cliente 36 -> Instalação 18
Cliente 37 -> Instalação 4
Cliente 38 -> Instalação 9
Cliente 39 -> Instalação 8
Cliente 40 -> Instalação 13
Cliente 41 -> Instalação 16
Cliente 42 -> Instalação 46
Cliente 43 -> Instalação 35
Cliente 44 -> Instalação 19
Cliente 45 -> Instalação 9
Cliente 46 -> Instalação 46
Cliente 47 -> Instalação 0
Cliente 48 -> Instalação 8
Cliente 49 -> Instalação 20
