Version identifier: 22.1.1.0 | 2022-11-28 | 9160aff4d
CPXPARAM_TimeLimit                               3600
Found incumbent of value 2143705.000000 after 0.00 sec. (3.71 ticks)
Tried aggregator 1 time.
MIP Presolve eliminated 50 rows and 1 columns.
Reduced MIP has 57650 rows, 3652 columns, and 172850 nonzeros.
Reduced MIP has 3652 binaries, 0 generals, 0 SOSs, and 0 indicators.
Presolve time = 0.08 sec. (75.95 ticks)
Probing time = 0.03 sec. (8.43 ticks)
Tried aggregator 1 time.
Detecting symmetries...
Reduced MIP has 57650 rows, 3652 columns, and 172850 nonzeros.
Reduced MIP has 3652 binaries, 0 generals, 0 SOSs, and 0 indicators.
Presolve time = 0.11 sec. (92.52 ticks)
Probing time = 0.04 sec. (8.51 ticks)
Clique table members: 2500.
MIP emphasis: balance optimality and feasibility.
MIP search method: dynamic search.
Parallel mode: deterministic, using up to 8 threads.
Root relaxation solution time = 0.21 sec. (84.51 ticks)

        Nodes                                         Cuts/
   Node  Left     Objective  IInf  Best Integer    Best Bound    ItCnt     Gap

*     0+    0                      2143705.0000        0.0000           100.00%
*     0+    0                      1957373.0000        0.0000           100.00%
*     0+    0                      1808761.0000        0.0000           100.00%
*     0+    0                      1778558.0000        0.0000           100.00%
      0     0    93774.0000   100  1778558.0000    93774.0000      182   94.73%
      0     0   106217.5000   100  1778558.0000    Cuts: 2823      440   94.03%
      0     0   118774.0000    98  1778558.0000    Cuts: 2808      776   93.32%
      0     0   131217.5000    98  1778558.0000    Cuts: 1263     1900   92.62%
*     0+    0                      1778116.0000   131217.5000            92.62%
      0     0  -1.00000e+75     0  1778116.0000   131217.5000     1900   92.62%
      0     0   138082.7917   177  1778116.0000 ZeroHalf: 1268     3284   92.23%
      0     0   143768.7989   189  1778116.0000     Cuts: 888     4067   91.91%
Detecting symmetries...
*     0+    0                      1271647.0000   143768.7989            88.69%
      0     0   150524.2171   184  1271647.0000     Cuts: 528     4932   88.16%
*     0+    0                      1173307.0000   150524.2171            87.17%
      0     0  -1.00000e+75     0  1173307.0000   150524.2171     4932   87.17%
      0     0   155257.5646   203  1173307.0000     Cuts: 403     5717   86.77%
      0     0   160275.1908   207  1173307.0000     Cuts: 641     6357   86.34%
      0     0   165898.6799   173  1173307.0000     Cuts: 729     7162   85.86%
      0     0   169968.7833   209  1173307.0000     Cuts: 224     8127   85.51%
      0     0   172316.5297   207  1173307.0000     Cuts: 248     8603   85.31%
      0     0   173565.4015   215  1173307.0000     Cuts: 368     9099   85.21%
      0     0   175546.2508   199  1173307.0000 ZeroHalf: 103     9523   85.04%
      0     0   178025.3632   204  1173307.0000     Cuts: 429    10346   84.83%
      0     0   179838.8546   233  1173307.0000 ZeroHalf: 138    10804   84.67%
*     0+    0                      1044878.0000   179838.8546            82.79%
      0     0   181277.6118   201  1044878.0000     Cuts: 246    11129   82.65%
      0     0   183303.0423   198  1044878.0000     Cuts: 472    11727   82.46%
*     0+    0                      1028407.0000   183303.0423            82.18%
      0     0   184705.9685   216  1028407.0000     Cuts: 275    12224   82.04%
      0     0   185783.4387   202  1028407.0000     Cuts: 215    12565   81.93%
*     0+    0                       963746.0000   185783.4387            80.72%
      0     0   187376.7387   201   963746.0000     Cuts: 226    13089   80.56%
      0     0   188622.4294   209   963746.0000     Cuts: 124    13601   80.43%
      0     0   189946.5978   242   963746.0000     Cuts: 213    14024   80.29%
      0     0   190941.9077   205   963746.0000     Cuts: 262    14351   80.19%
      0     0   191973.5241   200   963746.0000     Cuts: 163    14774   80.08%
      0     0   193055.0508   211   963746.0000     Cuts: 112    15129   79.97%
      0     0   193873.3184   191   963746.0000      Cuts: 99    15500   79.88%
      0     0   194389.2046   210   963746.0000     Cuts: 104    15781   79.83%
      0     0   195111.4111   204   963746.0000      Cuts: 88    16149   79.75%
      0     0   195928.5016   237   963746.0000     Cuts: 142    16513   79.67%
      0     0   196880.3959   236   963746.0000      Cuts: 58    16938   79.57%
      0     0   197494.0009   240   963746.0000      Cuts: 89    17262   79.51%
      0     0   198115.8624   240   963746.0000      Cuts: 78    17524   79.44%
      0     0   198474.0679   211   963746.0000     Cuts: 206    17751   79.41%
      0     0   199086.5057   208   963746.0000      Cuts: 54    18035   79.34%
      0     0   199602.9612   206   963746.0000  ZeroHalf: 30    18276   79.29%
      0     0   199969.1748   198   963746.0000      Cuts: 55    18539   79.25%
      0     0   200426.9634   238   963746.0000      Cuts: 55    18873   79.20%
      0     0   200781.0966   235   963746.0000      Cuts: 70    19100   79.17%
      0     0   201129.2711   206   963746.0000      Cuts: 79    19336   79.13%
      0     0   201407.0079   235   963746.0000      Cuts: 58    19549   79.10%
      0     0   201795.7883   201   963746.0000      Cuts: 87    19793   79.06%
      0     0   202057.3842   241   963746.0000      Cuts: 53    20050   79.03%
*     0+    0                       957561.0000   202057.3842            78.90%
      0     0   202341.8574   214   957561.0000     Cuts: 102    20340   78.87%
      0     0   202606.4035   222   957561.0000      Cuts: 71    20615   78.84%
*     0+    0                       956312.0000   202606.4035            78.81%
      0     0   202796.9219   210   956312.0000     Cuts: 158    20805   78.79%
      0     0   203057.6350   237   956312.0000      Cuts: 64    21032   78.77%
      0     0   203383.3712   237   956312.0000      Cuts: 80    21279   78.73%
      0     0   203559.4519   241   956312.0000      Cuts: 54    21496   78.71%
      0     0   203848.4540   212   956312.0000      Cuts: 99    21779   78.68%
      0     0   204220.0886   226   956312.0000      Cuts: 57    21982   78.65%
      0     0   204396.9504   256   956312.0000      Cuts: 48    22197   78.63%
      0     0   204884.3583   234   956312.0000      Cuts: 70    22439   78.58%
      0     0   205259.6919   239   956312.0000      Cuts: 85    22648   78.54%
      0     0   205599.6108   235   956312.0000      Cuts: 56    22837   78.50%
      0     0   205939.3105   221   956312.0000      Cuts: 81    23038   78.47%
      0     0   206311.6943   206   956312.0000     Cuts: 109    23297   78.43%
      0     0   206609.3673   243   956312.0000      Cuts: 40    23509   78.40%
      0     0   206906.4619   235   956312.0000      Cuts: 63    23660   78.36%
      0     0   207031.5502   237   956312.0000      Cuts: 41    23807   78.35%
      0     0   207421.7901   232   956312.0000      Cuts: 43    24044   78.31%
      0     0   207731.1142   205   956312.0000     Cuts: 178    24298   78.28%
      0     0   208271.5209   221   956312.0000      Cuts: 51    24595   78.22%
      0     0   208596.3657   206   956312.0000      Cuts: 51    24809   78.19%
      0     0   208832.9755   228   956312.0000      Cuts: 51    25012   78.16%
      0     0   208901.1961   228   956312.0000      Cuts: 37    25097   78.16%
      0     0   209049.0313   201   956312.0000     Cuts: 175    25237   78.14%
      0     0   209198.2324   208   956312.0000  ZeroHalf: 35    25451   78.12%
      0     0   209475.2021   237   956312.0000     Cuts: 103    25697   78.10%
      0     0   209739.0653   233   956312.0000      Cuts: 49    25896   78.07%
      0     0   209966.8645   232   956312.0000      Cuts: 36    26086   78.04%
      0     0   210107.4765   242   956312.0000      Cuts: 54    26191   78.03%
Detecting symmetries...
      0     2   210107.4765   242   956312.0000   210107.4765    26191   78.03%
Elapsed time = 47.00 sec. (35599.33 ticks, tree = 0.02 MB, solutions = 12)
      2     4   210297.9558   237   956312.0000   210109.4741    26468   78.03%
      5     4   229914.0574   226   956312.0000   210117.6625    27240   78.03%
      8    10   262172.5531   193   956312.0000   210378.4323    30301   78.00%
     15     7   241022.5461   191   956312.0000   210378.4323    27571   78.00%
     24    16   264333.6848   191   956312.0000   210378.4323    33702   78.00%
     32    19   263206.1321   159   956312.0000   210722.4346    34787   77.97%
     44    27   316660.8333   137   956312.0000   210722.4346    37342   77.97%
     56    37   234172.1103   218   956312.0000   210722.4346    40868   77.97%
     65    59   287616.7540   170   956312.0000   210722.4346    49130   77.97%
    112    98   315759.2983   150   956312.0000   210722.4346    65107   77.97%
Elapsed time = 78.62 sec. (39240.38 ticks, tree = 2.62 MB, solutions = 12)
    176   125   426862.5000    83   956312.0000   210722.4346    72282   77.97%
    260   231   500976.0000    71   956312.0000   210722.4346    93519   77.97%
    353   322   600437.0000    61   956312.0000   210722.4346   104705   77.97%
    546   369   586540.0000    72   956312.0000   210722.4346   111095   77.97%
*   759+  505                       955442.0000   210722.4346            77.95%
    767   675   790078.5000    53   955442.0000   210722.4346   137363   77.95%
    970   871   764790.0000    43   955442.0000   210722.4346   150479   77.95%
*  1037+  808                       944166.0000   210722.4346            77.68%
   1145   914   466690.5000    84   944166.0000   210722.4346   154635   77.68%
   1286  1142   711834.0000    52   944166.0000   210722.4346   173226   77.68%
   1419  1300   809058.5000    38   944166.0000   210722.4346   186731   77.68%
   1527  1395   396008.7500    90   944166.0000   210722.4346   201422   77.68%
Elapsed time = 143.99 sec. (48831.37 ticks, tree = 20.29 MB, solutions = 14)
   1603  1491   367085.0000    87   944166.0000   211751.5052   220912   77.57%
   1669  1512   444520.0000    77   944166.0000   211751.5052   222124   77.57%

Performing restart 1

Repeating presolve.
Tried aggregator 1 time.
MIP Presolve eliminated 608 rows and 16 columns.
Reduced MIP has 57042 rows, 3636 columns, and 171026 nonzeros.
Reduced MIP has 3636 binaries, 0 generals, 0 SOSs, and 0 indicators.
Presolve time = 0.08 sec. (77.51 ticks)
Tried aggregator 1 time.
Reduced MIP has 57042 rows, 3636 columns, and 171026 nonzeros.
Reduced MIP has 3636 binaries, 0 generals, 0 SOSs, and 0 indicators.
Presolve time = 0.10 sec. (94.72 ticks)
Represolve time = 0.27 sec. (247.07 ticks)
*  1672+    0                       940279.0000   211751.5052            77.48%
   1672     0   210332.4781   234   940279.0000      Cuts: 88   244735   77.48%
   1672     0   210510.9931   237   940279.0000     Cuts: 127   244927   77.48%
   1672     0   210819.0452   241   940279.0000     Cuts: 108   245181   77.48%
*  1672+    0                       938948.0000   211751.5052            77.45%
   1672     0  -1.00000e+75     0   938948.0000   211751.5052   245181   77.45%
   1672     0   210949.1036   247   938948.0000     Cuts: 127   245367   77.45%
   1672     0   211167.9447   245   938948.0000     Cuts: 119   245684   77.45%
   1672     0   211569.6253   213   938948.0000     Cuts: 103   246025   77.45%
   1672     0   211917.1595   259   938948.0000     Cuts: 172   246352   77.43%
   1672     0   212173.7284   246   938948.0000     Cuts: 135   246652   77.40%
   1672     0   212512.5654   243   938948.0000     Cuts: 136   246914   77.37%
   1672     0   212842.1113   247   938948.0000     Cuts: 141   247112   77.33%
   1672     0   213294.9068   236   938948.0000      Cuts: 46   247336   77.28%
   1672     0   213730.0304   235   938948.0000      Cuts: 73   247688   77.24%
   1672     0   214086.8672   231   938948.0000     Cuts: 177   247954   77.20%
   1672     0   214242.4478   236   938948.0000      Cuts: 69   248185   77.18%
   1672     0   214424.3501   241   938948.0000      Cuts: 57   248403   77.16%
   1672     0   214628.5861   240   938948.0000      Cuts: 58   248592   77.14%
   1672     0   214946.7571   241   938948.0000      Cuts: 74   248843   77.11%
   1672     0   215088.8638   243   938948.0000      Cuts: 67   249015   77.09%
   1672     0   215359.5935   240   938948.0000      Cuts: 82   249226   77.06%
   1672     0   215849.5213   258   938948.0000      Cuts: 70   249665   77.01%
   1672     0   216140.2519   247   938948.0000      Cuts: 95   249956   76.98%
   1672     0   216547.4137   246   938948.0000      Cuts: 83   250220   76.94%
   1672     0   216894.6965   240   938948.0000      Cuts: 86   250499   76.90%
   1672     0   217233.0931   243   938948.0000     Cuts: 107   250758   76.86%
   1672     0   217592.4852   247   938948.0000     Cuts: 101   251090   76.83%
   1672     0   217878.8834   249   938948.0000      Cuts: 70   251333   76.80%
   1672     0   218259.3283   249   938948.0000      Cuts: 59   251624   76.75%
   1672     0   218552.7362   242   938948.0000      Cuts: 29   251902   76.72%
   1672     0   218823.0789   247   938948.0000     Cuts: 111   252225   76.69%
   1672     0   219029.8759   245   938948.0000  ZeroHalf: 27   252399   76.67%
   1672     0   219155.8908   252   938948.0000      Cuts: 34   252495   76.66%
   1672     0   219325.3669   249   938948.0000      Cuts: 64   252653   76.64%
   1672     0   219562.9655   273   938948.0000      Cuts: 42   252886   76.62%
   1672     0   220027.0371   240   938948.0000      Cuts: 98   253104   76.57%
   1672     0   220402.0390   266   938948.0000      Cuts: 84   253322   76.53%
   1672     0   220716.1675   271   938948.0000     Cuts: 127   253580   76.49%
   1672     0   221060.1885   274   938948.0000      Cuts: 65   253778   76.46%
   1672     0   221419.5826   260   938948.0000  ZeroHalf: 25   254014   76.42%
   1672     0   221764.9824   259   938948.0000      Cuts: 80   254249   76.38%
   1672     0   222196.3128   269   938948.0000      Cuts: 60   254534   76.34%
   1672     0   222521.6135   243   938948.0000      Cuts: 58   254836   76.30%
   1672     0   222872.8168   238   938948.0000      Cuts: 38   255018   76.26%
   1672     0   223128.0481   245   938948.0000      Cuts: 93   255250   76.24%
   1672     0   223492.7440   235   938948.0000      Cuts: 80   255472   76.20%
   1672     0   223770.5114   242   938948.0000     Cuts: 112   255665   76.17%
   1672     0   224120.1536   240   938948.0000      Cuts: 51   255911   76.13%
   1672     0   224562.7228   267   938948.0000      Cuts: 91   256117   76.08%
   1672     0   225016.2202   271   938948.0000      Cuts: 45   256440   76.04%
   1672     0   225307.6840   265   938948.0000      Cuts: 58   256655   76.00%
   1672     0   225549.3783   261   938948.0000      Cuts: 68   256918   75.98%
   1672     0   225777.2428   266   938948.0000  ZeroHalf: 68   257150   75.95%
   1672     0   226005.9746   266   938948.0000     Cuts: 108   257321   75.93%
   1672     0   226403.2788   246   938948.0000      Cuts: 78   257594   75.89%
   1672     0   226621.5986   270   938948.0000      Cuts: 73   257818   75.86%
   1672     0   227002.0082   244   938948.0000      Cuts: 54   258069   75.82%
   1672     0   227213.4776   272   938948.0000      Cuts: 81   258310   75.80%
   1672     0   227512.0215   265   938948.0000  ZeroHalf: 47   258516   75.77%
   1672     0   227782.7553   259   938948.0000      Cuts: 47   258675   75.74%
   1672     0   228113.5501   243   938948.0000      Cuts: 59   258911   75.71%
   1672     0   228335.8421   244   938948.0000      Cuts: 54   259146   75.68%
   1672     0   228526.1336   248   938948.0000      Cuts: 80   259331   75.66%
   1672     0   228794.4774   251   938948.0000  ZeroHalf: 40   259529   75.63%
   1672     0   229150.6704   243   938948.0000      Cuts: 74   259745   75.59%
   1672     0   229468.4226   264   938948.0000      Cuts: 83   260008   75.56%
   1672     0   229767.0607   236   938948.0000      Cuts: 61   260215   75.53%
   1672     0   229955.0361   254   938948.0000  ZeroHalf: 43   260336   75.51%
   1672     0   230127.0974   259   938948.0000      Cuts: 35   260546   75.49%
   1672     0   230471.5156   262   938948.0000      Cuts: 75   260772   75.45%
   1672     0   230696.4150   234   938948.0000      Cuts: 64   260935   75.43%
   1672     0   230998.5949   272   938948.0000      Cuts: 55   261220   75.40%
   1672     0   231271.0471   241   938948.0000      Cuts: 68   261433   75.37%
   1672     0   231512.9676   265   938948.0000      Cuts: 60   261663   75.34%
   1672     0   231721.3266   265   938948.0000      Cuts: 78   261839   75.32%
   1672     0   232050.7402   269   938948.0000      Cuts: 40   262163   75.29%
   1672     0   232317.1760   275   938948.0000      Cuts: 51   262442   75.26%
   1672     0   232500.0718   246   938948.0000      Cuts: 38   262657   75.24%
   1672     0   232698.3732   271   938948.0000  ZeroHalf: 58   262914   75.22%
   1672     0   232920.5561   265   938948.0000      Cuts: 34   263139   75.19%
   1672     0   233091.1782   245   938948.0000      Cuts: 46   263264   75.18%
   1672     0   233281.8788   273   938948.0000  ZeroHalf: 52   263464   75.15%
   1672     0   233469.2673   265   938948.0000      Cuts: 65   263701   75.14%
   1672     0   233790.2731   262   938948.0000      Cuts: 44   263924   75.10%
   1672     0   234251.1688   257   938948.0000      Cuts: 63   264197   75.05%
   1672     0   234484.1993   258   938948.0000      Cuts: 26   264387   75.03%
   1672     0   234671.5825   266   938948.0000      Cuts: 43   264641   75.01%
   1672     0   234830.1379   266   938948.0000      Cuts: 79   264883   74.99%
   1672     0   235054.1739   257   938948.0000      Cuts: 31   265093   74.97%
   1672     0   235315.7634   268   938948.0000     Cuts: 112   265408   74.94%
   1672     0   235454.8483   264   938948.0000      Cuts: 57   265542   74.92%
   1672     0   235676.5359   264   938948.0000      Cuts: 48   265788   74.90%
   1672     0   235821.0227   237   938948.0000      Cuts: 43   265976   74.88%
   1672     0   235959.2292   266   938948.0000      Cuts: 45   266139   74.87%
   1672     2   235959.2292   266   938948.0000   235959.2292   266139   74.87%
   1673     3   236098.9172   259   938948.0000   236102.6373   266293   74.85%
   1676     6   236194.0174   245   938948.0000   236195.0512   266441   74.84%
   1678     8   236496.6195   242   938948.0000   236501.1553   266972   74.81%
   1682     3   255893.9756   216   938948.0000   236531.2339   266586   74.81%
   1686    15   237407.1960   247   938948.0000   236531.2339   268855   74.81%
   1696     6   259908.5727   222   938948.0000   236531.2339   267108   74.81%
   1716    27   264196.9216   219   938948.0000   236531.2339   274178   74.81%
Elapsed time = 361.31 sec. (126958.93 ticks, tree = 0.57 MB, solutions = 16)
   1751    47   239678.7530   216   938948.0000   236531.2339   279177   74.81%
   1813    81   263272.9249   225   938948.0000   236531.2339   285464   74.81%
   1878   114   265175.6046   216   938948.0000   236531.2339   291519   74.81%
   1909   219   270493.3398   180   938948.0000   236531.2339   307413   74.81%
   1926   227   253205.9928   221   938948.0000   236531.2339   309399   74.81%
   1954   144   267151.7261   222   938948.0000   236531.2339   296579   74.81%
   1985   250   270346.6924   218   938948.0000   236531.2339   312901   74.81%
   2033   286   271463.5499   224   938948.0000   236531.2339   318641   74.81%
   2093   342   294475.4307   226   938948.0000   236531.2339   327823   74.81%
   2135   337   283350.9460   215   938948.0000   236531.2339   327078   74.81%
Elapsed time = 457.91 sec. (136729.16 ticks, tree = 9.65 MB, solutions = 16)
   2153   424   299830.1547   192   938948.0000   236531.2339   341919   74.81%
   2170   394   284673.1593   223   938948.0000   236531.2339   336587   74.81%
   2185   489   276628.6652   191   938948.0000   236531.2339   353382   74.81%
   2215   493   276885.7585   203   938948.0000   236531.2339   353935   74.81%
   2232   431   329576.2320   204   938948.0000   236531.2339   343612   74.81%
   2251   532   287459.2177   212   938948.0000   236531.2339   361003   74.81%
   2293   541   282913.9791   215   938948.0000   236531.2339   363356   74.81%
   2314   566   294343.7520   206   938948.0000   236531.2339   368986   74.81%
   2374   577   268348.2348   235   938948.0000   236531.2339   368288   74.81%
   2403   656   270878.3539   201   938948.0000   236531.2339   383156   74.81%
Elapsed time = 557.03 sec. (146671.93 ticks, tree = 12.45 MB, solutions = 16)
   2427   679   286604.8552   184   938948.0000   236531.2339   387680   74.81%
   2452   724   292237.1743   196   938948.0000   236531.2339   394559   74.81%
   2471   748   290563.0651   190   938948.0000   236531.2339   397263   74.81%
   2498   765   272320.9228   213   938948.0000   236531.2339   401639   74.81%
   2524   764   310909.1043   205   938948.0000   236531.2339   400308   74.81%
   2563   802   289415.5786   201   938948.0000   236531.2339   408023   74.81%
   2585   797   326386.3191   189   938948.0000   236531.2339   405912   74.81%
   2628   861   319844.2219   186   938948.0000   236531.2339   419030   74.81%
   2692   936   317595.1038   183   938948.0000   236531.2339   432908   74.81%
   2723   942   322277.8717   183   938948.0000   236531.2339   437108   74.81%
Elapsed time = 670.06 sec. (156685.01 ticks, tree = 37.90 MB, solutions = 16)
   2740   998   302262.1928   188   938948.0000   236531.2339   443855   74.81%
   2766   986   332679.0290   223   938948.0000   236531.2339   442498   74.81%
   2794  1044   325955.8339   183   938948.0000   236531.2339   450035   74.81%
   2823  1051   304798.8471   231   938948.0000   236531.2339   451955   74.81%
   2885  1054   329968.9479   168   938948.0000   236531.2339   451019   74.81%
   2930  1119   335643.7550   229   938948.0000   236531.2339   459577   74.81%
   2970  1194   334797.1964   144   938948.0000   236531.2339   466976   74.81%
   3000  1238   320225.8464   174   938948.0000   236531.2339   473898   74.81%
   3038  1300   304255.7962   190   938948.0000   236531.2339   483498   74.81%
   3073  1208   361566.1250   144   938948.0000   236531.2339   469973   74.81%
Elapsed time = 773.91 sec. (166541.58 ticks, tree = 51.95 MB, solutions = 16)
   3107  1374   338453.1511   169   938948.0000   236531.2339   497129   74.81%
   3164  1423   353071.9688   145   938948.0000   236531.2339   504556   74.81%
   3226  1452   328310.8185   167   938948.0000   236531.2339   509724   74.81%
   3272  1425   356979.8750   186   938948.0000   236531.2339   504456   74.81%
   3329  1552   354592.4717   160   938948.0000   236531.2339   525443   74.81%
   3367  1555   355611.9226   193   938948.0000   236531.2339   526349   74.81%
   3429  1504   340145.4223   214   938948.0000   236531.2339   518372   74.81%
   3478  1639   372061.1027   167   938948.0000   236531.2339   534817   74.81%
   3507  1648   340931.4659   208   938948.0000   236531.2339   537439   74.81%
   3532  1712   361833.8575   245   938948.0000   236531.2339   548688   74.81%
Elapsed time = 870.29 sec. (176220.85 ticks, tree = 56.07 MB, solutions = 16)
   3564  1818   389518.9566   178   938948.0000   236531.2339   562776   74.81%
   3580  1720   362871.2746   245   938948.0000   236531.2339   549136   74.81%
   3603  1864   345183.6815   192   938948.0000   236531.2339   569138   74.81%
   3653  1918   400428.9762   148   938948.0000   236531.2339   575835   74.81%
   3694  1900   393147.9412   125   938948.0000   236531.2339   573549   74.81%
   3752  1965   388694.8530   181   938948.0000   236531.2339   583779   74.81%
   3790  1947   347334.7410   172   938948.0000   236531.2339   580128   74.81%
   3823  2038   401742.3899   172   938948.0000   236531.2339   590027   74.81%
   3861  1991   388740.7407   189   938948.0000   236531.2339   586423   74.81%
   3899  2127   398200.5701   180   938948.0000   236531.2339   598565   74.81%
Elapsed time = 965.98 sec. (185885.70 ticks, tree = 59.47 MB, solutions = 16)
   3949  2177   359230.5526   164   938948.0000   236531.2339   605696   74.81%
   4002  2104   366533.0581   174   938948.0000   236531.2339   599305   74.81%
   4066  2235   420839.0000   119   938948.0000   236531.2339   609004   74.81%
   4141  2301   373004.9569   211   938948.0000   236531.2339   618560   74.81%
   4194  2304   433003.0601   207   938948.0000   236531.2339   621497   74.81%
   4267  2412   488825.7141   175   938948.0000   236531.2339   630757   74.81%
   4338  2363   408877.8859   129   938948.0000   236531.2339   628949   74.81%
   4411  2556   391503.2671   185   938948.0000   236531.2339   642418   74.81%
   4482  2664   503927.6698   151   938948.0000   236531.2339   655366   74.81%
   4733  2917   474538.5000    96   938948.0000   236531.2339   676529   74.81%
Elapsed time = 1092.72 sec. (198437.61 ticks, tree = 63.84 MB, solutions = 16)
   5023  3006   527204.5000    92   938948.0000   236531.2339   683124   74.81%
   5350  3333   482600.8868   165   938948.0000   236531.2339   709179   74.81%
   5769  3726   514296.4444   177   938948.0000   236531.2339   735284   74.81%
   6189  4188   771708.0000    76   938948.0000   236531.2339   757494   74.81%
   6728  4786   549786.2083   126   938948.0000   236531.2339   782544   74.81%
   7160  5273   894612.5000    77   938948.0000   236531.2339   805443   74.81%
   7452  5561   730317.3333   128   938948.0000   236531.2339   840741   74.81%
   7831  5911   320989.2094   184   938948.0000   247001.9694   904669   73.69%
   8170  6131   607269.2000   117   938948.0000   247001.9694   928388   73.69%
   8521  6528   469381.1250   143   938948.0000   247001.9694   991797   73.69%
Elapsed time = 1447.06 sec. (236722.76 ticks, tree = 95.42 MB, solutions = 16)
   9044  7146   867840.5000    50   938948.0000   247001.9694  1052086   73.69%
   9588  7251   619575.1667   110   938948.0000   247001.9694  1070521   73.69%
  10064  7828   716040.5000    69   938948.0000   249171.0941  1115735   73.46%
  10617  8559   798826.8333   107   938948.0000   249171.0941  1175746   73.46%
* 10939+ 8482                       929048.0000   249171.0941            73.18%
  11110  8473   287635.6537   180   929048.0000   249385.5699  1173119   73.16%
  11425  9172   294535.4314   208   929048.0000   251978.0545  1239513   72.88%
  11743  9543   376680.2120   203   929048.0000   252483.6096  1282246   72.82%
  11956  9905   290329.3814   214   929048.0000   252916.4120  1335945   72.78%
  12210 10189   391979.6327   200   929048.0000   252916.4120  1390624   72.78%
  12478 10415   364390.4939   224   929048.0000   253686.3583  1428764   72.69%
Elapsed time = 1807.20 sec. (274963.00 ticks, tree = 124.11 MB, solutions = 17)
  12742 10742   289202.1082   212   929048.0000   254364.6880  1484283   72.62%
  12997 10859   384878.5065   231   929048.0000   254949.9467  1499901   72.56%
  13286 11065   411102.3537   213   929048.0000   256040.4412  1530582   72.44%
  13511 11497   435789.8473   233   929048.0000   256040.4412  1601776   72.44%
  13783 11678   395740.4434   233   929048.0000   256126.3050  1632957   72.43%
  14078 12007   421312.5175   220   929048.0000   256910.6232  1683493   72.35%
  14372 12112   443101.4236   228   929048.0000   256924.5933  1698618   72.35%
  14589 12537   378955.4058   234   929048.0000   256960.5500  1765978   72.34%
  14880 12747   359468.5625   162   929048.0000   257091.9554  1802847   72.33%
  15149 13036   283451.8039   210   929048.0000   257160.3017  1850016   72.32%
Elapsed time = 2173.73 sec. (313269.05 ticks, tree = 145.38 MB, solutions = 17)
  15420 13326   435129.0000   115   929048.0000   257434.9475  1896441   72.29%
  15723 13708   397964.2500   183   929048.0000   257767.3655  1962310   72.25%
  16138 13748   417518.8997   213   929048.0000   257784.7261  1967326   72.25%
  16378 13939   419064.2648   233   929048.0000   258088.4247  2004987   72.22%
  16700 14388   323810.5714   196   929048.0000   258088.4247  2065393   72.22%
  17031 14793   290229.0135   192   929048.0000   258176.4186  2130563   72.21%
* 17254+14748                       928167.0000   258176.4186            72.18%
  17354 15109   818322.5000    42   928167.0000   258212.9587  2164296   72.18%
* 17438+15115                       914282.0000   258270.5422            71.75%
* 17460+15115                       878678.0000   258270.5422            70.61%
* 17496+15115                       871644.0000   258270.5422            70.37%
* 17507+15115                       870087.0000   258270.5422            70.32%
  17566 15275   371301.1820   188   870087.0000   258270.5422  2199760   70.32%
  17872 15193   457132.9624   199   870087.0000   258314.8722  2282443   70.31%
  18209 15305   711284.7778   123   870087.0000   258449.2601  2304242   70.30%
Elapsed time = 2518.38 sec. (351500.20 ticks, tree = 163.70 MB, solutions = 22)
* 18414+15589                       866993.0000   258663.2493            70.17%
  18541 15889   412972.3045   168   866993.0000   258783.9589  2390899   70.15%
  18819 15687   345908.9830   173   866993.0000   258783.9589  2373996   70.15%
  19072 16111   419860.4170   188   866993.0000   258783.9589  2427945   70.15%
  19386 16781   428221.5556   177   866993.0000   258873.5966  2537301   70.14%
  19673 16665   432250.2115   201   866993.0000   258909.1145  2517274   70.14%
  19953 16930   380029.9280   205   866993.0000   259010.5351  2564959   70.13%
  20211 17333   382219.5967   200   866993.0000   259077.3025  2625891   70.12%
  20478 17778   426709.7692   206   866993.0000   259077.3025  2706201   70.12%
  20804 17800   441892.6929   182   866993.0000   259077.3025  2703964   70.12%
  21058 18306   328367.4589   188   866993.0000   259309.1222  2785594   70.09%
Elapsed time = 2901.98 sec. (389795.71 ticks, tree = 187.03 MB, solutions = 23)
  21357 18283   351439.1731   210   866993.0000   259336.0430  2783662   70.09%
  21600 18776   392543.6049   211   866993.0000   259387.5581  2863175   70.08%
  21870 19100   420350.2681   230   866993.0000   259387.5581  2915956   70.08%
  22173 19439   372496.2827   198   866993.0000   259572.8273  2977008   70.06%
  22488 19365   426506.9667   197   866993.0000   259572.8273  2963248   70.06%
  22759 19661   302512.3520   172   866993.0000   259572.8273  3007440   70.06%
  23040 20146   339643.0212   207   866993.0000   259604.2353  3089918   70.06%
  23293 20368   315055.5059   225   866993.0000   259799.1550  3122640   70.03%
Starting limited solution polishing.
  23621 20505   440836.6630   195   866993.0000   259817.1415  3138829   70.03%
  23937 21192   415314.2838   229   866993.0000   259852.5580  3263751   70.03%
Elapsed time = 3301.03 sec. (428080.86 ticks, tree = 211.84 MB, solutions = 23)
* 24075+20810                       866912.0000   259930.8496            70.02%
* 24106+21084                       857368.0000   259930.8496            69.68%
  24251 21224   431167.8632   268   857368.0000   259930.8496  3268430   69.68%
  24676 21745   664256.5000    71   857368.0000   259941.2856  3363220   69.68%
* 24827+21512                       856088.0000   259941.2856            69.64%
  24871 21981   432558.2535   216   856088.0000   259941.2856  3397705   69.64%
  25047 22073   408628.5272   217   856088.0000   259941.2856  3417216   69.64%
  25149 22302   302677.4744   193   856088.0000   259942.3585  3440776   69.64%
  25261 22434   322068.3099   202   856088.0000   259942.3585  3450054   69.64%
  25506 22474   350120.5424   193   856088.0000   259942.3585  3456134   69.64%
* 25737+22518                       852918.0000   260090.0453            69.51%
  25776 22741   389312.2900   207   852918.0000   260090.0453  3525299   69.51%
* 25789+22518                       852603.0000   260090.0453            69.49%
  26001 23120   407661.4183   213   852603.0000   260145.7206  3583505   69.49%
* 26114+23166                       851729.0000   260145.7206            69.46%
  26262 23212   350212.4608   230   851729.0000   260145.7206  3608678   69.46%
Elapsed time = 3561.41 sec. (466408.16 ticks, tree = 224.35 MB, solutions = 30)
* 26311+23294                       850124.0000   260145.7206            69.40%
* 26316+23294                       849983.0000   260145.7206            69.39%
  26486 23445   329333.3743   206   849983.0000   260145.7206  3650799   69.39%
* 26568+23404                       849403.0000   260198.6708            69.37%
  26602 23362   348460.0494   205   849403.0000   260198.6708  3633137   69.37%
  26604 23495   408808.7434   231   849403.0000   260198.6708  3651014   69.37%

Implied bound cuts applied:  143
Zero-half cuts applied:  428
Lift and project cuts applied:  10

Root node processing (before b&c):
  Real time             =   46.94 sec. (35500.19 ticks)
Parallel b&c, 8 threads:
  Real time             = 3553.07 sec. (445554.25 ticks)
  Sync time (average)   =  611.59 sec.
  Wait time (average)   =    0.01 sec.
                          ------------
Total (root+branch&cut) = 3600.01 sec. (481054.44 ticks)
Status: Feasible
Obj: 849403

Instalacoes abertas:
Instalação 0 aberta
Instalação 1 aberta
Instalação 4 aberta
Instalação 8 aberta
Instalação 9 aberta
Instalação 13 aberta
Instalação 16 aberta
Instalação 18 aberta
Instalação 19 aberta
Instalação 20 aberta
Instalação 22 aberta
Instalação 23 aberta
Instalação 25 aberta
Instalação 30 aberta
Instalação 31 aberta
Instalação 34 aberta
Instalação 35 aberta
Instalação 39 aberta
Instalação 42 aberta
Instalação 46 aberta
Instalação 47 aberta
Instalação 49 aberta

Atribuições (cliente -> instalação):
Cliente 0 -> Instalação 4
Cliente 1 -> Instalação 9
Cliente 2 -> Instalação 47
Cliente 3 -> Instalação 30
Cliente 4 -> Instalação 16
Cliente 5 -> Instalação 1
Cliente 6 -> Instalação 13
Cliente 7 -> Instalação 1
Cliente 8 -> Instalação 42
Cliente 9 -> Instalação 19
Cliente 10 -> Instalação 47
Cliente 11 -> Instalação 31
Cliente 12 -> Instalação 39
Cliente 13 -> Instalação 39
Cliente 14 -> Instalação 1
Cliente 15 -> Instalação 19
Cliente 16 -> Instalação 31
Cliente 17 -> Instalação 34
Cliente 18 -> Instalação 20
Cliente 19 -> Instalação 0
Cliente 20 -> Instalação 35
Cliente 21 -> Instalação 0
Cliente 22 -> Instalação 22
Cliente 23 -> Instalação 18
Cliente 24 -> Instalação 16
Cliente 25 -> Instalação 25
Cliente 26 -> Instalação 47
Cliente 27 -> Instalação 13
Cliente 28 -> Instalação 39
Cliente 29 -> Instalação 4
Cliente 30 -> Instalação 9
Cliente 31 -> Instalação 23
Cliente 32 -> Instalação 23
Cliente 33 -> Instalação 30
Cliente 34 -> Instalação 25
Cliente 35 -> Instalação 49
Cliente 36 -> Instalação 9
Cliente 37 -> Instalação 19
Cliente 38 -> Instalação 20
Cliente 39 -> Instalação 23
Cliente 40 -> Instalação 31
Cliente 41 -> Instalação 18
Cliente 42 -> Instalação 4
Cliente 43 -> Instalação 0
Cliente 44 -> Instalação 8
Cliente 45 -> Instalação 46
Cliente 46 -> Instalação 8
Cliente 47 -> Instalação 46
Cliente 48 -> Instalação 20
Cliente 49 -> Instalação 49
