Version identifier: 22.1.1.0 | 2022-11-28 | 9160aff4d
CPXPARAM_TimeLimit                               3600
Found incumbent of value 1871920.000000 after 0.00 sec. (4.10 ticks)
Tried aggregator 1 time.
MIP Presolve eliminated 50 rows and 1 columns.
Reduced MIP has 63750 rows, 3774 columns, and 191150 nonzeros.
Reduced MIP has 3774 binaries, 0 generals, 0 SOSs, and 0 indicators.
Presolve time = 0.10 sec. (83.25 ticks)
Probing time = 0.03 sec. (8.81 ticks)
Tried aggregator 1 time.
Detecting symmetries...
Reduced MIP has 63750 rows, 3774 columns, and 191150 nonzeros.
Reduced MIP has 3774 binaries, 0 generals, 0 SOSs, and 0 indicators.
Presolve time = 0.12 sec. (101.60 ticks)
Probing time = 0.04 sec. (8.88 ticks)
Clique table members: 2500.
MIP emphasis: balance optimality and feasibility.
MIP search method: dynamic search.
Parallel mode: deterministic, using up to 8 threads.
Root relaxation solution time = 0.14 sec. (92.62 ticks)

        Nodes                                         Cuts/
   Node  Left     Objective  IInf  Best Integer    Best Bound    ItCnt     Gap

*     0+    0                      1871920.0000        0.0000           100.00%
      0     0    93774.0000   100  1871920.0000    93774.0000      186   94.99%
      0     0   106217.5000   100  1871920.0000    Cuts: 3136      374   94.33%
      0     0   118774.0000    98  1871920.0000    Cuts: 3045      658   93.65%
      0     0   131111.1667   149  1871920.0000    Cuts: 1232     2028   93.00%
*     0+    0                      1870617.0000   131111.1667            92.99%
*     0+    0                      1740235.0000   131111.1667            92.47%
*     0+    0                      1738783.0000   131111.1667            92.46%
*     0+    0                      1738586.0000   131111.1667            92.46%
*     0+    0                      1738362.0000   131111.1667            92.46%
*     0+    0                      1735627.0000   131111.1667            92.45%
      0     0  -1.00000e+75     0  1735627.0000   131111.1667     2028   92.45%
      0     0   135445.2619   216  1735627.0000 ZeroHalf: 1441     2563   92.20%
*     0+    0                      1590385.0000   135445.2619            91.48%
      0     0   143355.5625   174  1590385.0000     Cuts: 992     3490   90.99%
Detecting symmetries...
      0     0   151282.8544   182  1590385.0000    Cuts: 1491     4548   90.49%
*     0+    0                      1587019.0000   151282.8544            90.47%
*     0+    0                      1562325.0000   151282.8544            90.32%
      0     0  -1.00000e+75     0  1562325.0000   151282.8544     4548   90.32%
      0     0   159479.3044   221  1562325.0000     Cuts: 367     5492   89.79%
      0     0   164910.8965   195  1562325.0000     Cuts: 597     6388   89.44%
      0     0   169629.6644   208  1562325.0000     Cuts: 685     7294   89.14%
      0     0   173998.2582   206  1562325.0000     Cuts: 450     8148   88.86%
      0     0   177021.2508   202  1562325.0000     Cuts: 209     8594   88.67%
      0     0   180150.2302   210  1562325.0000     Cuts: 262     9203   88.47%
      0     0   182443.6615   248  1562325.0000 ZeroHalf: 117     9731   88.32%
      0     0   185676.4858   237  1562325.0000     Cuts: 632    10434   88.12%
      0     0   187547.9842   199  1562325.0000     Cuts: 256    11023   88.00%
      0     0   188704.5781   201  1562325.0000     Cuts: 437    11510   87.92%
      0     0   190624.0767   194  1562325.0000     Cuts: 227    12048   87.80%
      0     0   192367.3462   227  1562325.0000     Cuts: 228    12585   87.69%
*     0+    0                      1441968.0000   192367.3462            86.66%
      0     0   194021.7049   197  1441968.0000      Cuts: 95    13014   86.54%
*     0+    0                      1339692.0000   194021.7049            85.52%
      0     0   195757.1577   193  1339692.0000     Cuts: 279    13556   85.39%
      0     0   198087.8320   198  1339692.0000     Cuts: 169    14278   85.21%
      0     0   200165.1163   219  1339692.0000     Cuts: 129    14834   85.06%
      0     0   201956.4172   200  1339692.0000     Cuts: 273    15433   84.93%
      0     0   203910.5537   205  1339692.0000     Cuts: 132    16070   84.78%
      0     0   205569.3611   199  1339692.0000     Cuts: 118    16586   84.66%
      0     0   207383.2756   189  1339692.0000      Cuts: 99    17137   84.52%
      0     0   209109.5972   215  1339692.0000     Cuts: 185    17739   84.39%
      0     0   210104.2297   235  1339692.0000     Cuts: 298    18174   84.32%
      0     0   211148.2777   210  1339692.0000      Cuts: 84    18532   84.24%
      0     0   212154.4810   217  1339692.0000     Cuts: 243    19004   84.16%
*     0+    0                      1323862.0000   212154.4810            83.97%
      0     0   213187.2722   210  1323862.0000      Cuts: 87    19370   83.90%
      0     0   214336.5953   214  1323862.0000     Cuts: 244    19865   83.81%
      0     0   215200.2982   226  1323862.0000     Cuts: 247    20302   83.74%
      0     0   216132.5352   209  1323862.0000     Cuts: 119    20682   83.67%
      0     0   217279.0593   227  1323862.0000     Cuts: 139    21180   83.59%
      0     0   218148.9717   226  1323862.0000     Cuts: 113    21665   83.52%
      0     0   219111.5363   225  1323862.0000     Cuts: 106    22032   83.45%
      0     0   220232.4383   219  1323862.0000     Cuts: 116    22427   83.36%
      0     0   221277.5751   221  1323862.0000     Cuts: 151    22921   83.29%
      0     0   222112.1277   217  1323862.0000     Cuts: 102    23304   83.22%
      0     0   222960.1902   244  1323862.0000     Cuts: 167    23741   83.16%
      0     0   223646.7329   235  1323862.0000     Cuts: 125    24058   83.11%
      0     0   224033.2384   222  1323862.0000     Cuts: 161    24293   83.08%
      0     0   224591.8114   214  1323862.0000     Cuts: 116    24594   83.04%
      0     0   225162.7435   226  1323862.0000 ZeroHalf: 105    24954   82.99%
      0     0   225551.0816   220  1323862.0000     Cuts: 146    25249   82.96%
      0     0   226192.4623   246  1323862.0000      Cuts: 78    25705   82.91%
      0     0   226666.5877   215  1323862.0000      Cuts: 63    26010   82.88%
      0     0   226910.0859   223  1323862.0000      Cuts: 67    26196   82.86%
      0     0   227301.8669   233  1323862.0000      Cuts: 72    26436   82.83%
      0     0   227651.8329   226  1323862.0000     Cuts: 171    26717   82.80%
      0     0   227972.8985   218  1323862.0000      Cuts: 62    26985   82.78%
      0     0   228491.5951   219  1323862.0000      Cuts: 62    27292   82.74%
      0     0   229202.4300   239  1323862.0000     Cuts: 129    27695   82.69%
      0     0   229641.2243   236  1323862.0000      Cuts: 82    27992   82.65%
      0     0   230112.1692   225  1323862.0000     Cuts: 176    28301   82.62%
      0     0   230526.7825   219  1323862.0000      Cuts: 69    28613   82.59%
      0     0   231201.0379   227  1323862.0000      Cuts: 62    28937   82.54%
      0     0   232016.9555   225  1323862.0000      Cuts: 84    29417   82.47%
      0     0   232555.9601   217  1323862.0000      Cuts: 83    29680   82.43%
      0     0   233033.4647   219  1323862.0000      Cuts: 69    29884   82.40%
      0     0   233442.3159   213  1323862.0000      Cuts: 61    30116   82.37%
      0     0   233854.9302   216  1323862.0000      Cuts: 43    30347   82.34%
      0     0   234324.3104   229  1323862.0000      Cuts: 69    30641   82.30%
      0     0   234873.4209   215  1323862.0000     Cuts: 162    30994   82.26%
      0     0   235255.1822   216  1323862.0000      Cuts: 67    31256   82.23%
      0     0   235663.9348   222  1323862.0000      Cuts: 80    31523   82.20%
      0     0   236133.1761   221  1323862.0000      Cuts: 32    31798   82.16%
      0     0   236510.0663   238  1323862.0000      Cuts: 64    32078   82.13%
      0     0   237168.7224   220  1323862.0000      Cuts: 86    32414   82.09%
      0     0   237528.5855   229  1323862.0000      Cuts: 77    32640   82.06%
      0     0   237871.9656   228  1323862.0000      Cuts: 53    32872   82.03%
      0     0   238243.9332   225  1323862.0000      Cuts: 82    33134   82.00%
      0     0   238568.9747   237  1323862.0000      Cuts: 64    33318   81.98%
      0     0   238920.4817   227  1323862.0000      Cuts: 90    33607   81.95%
      0     0   239263.9175   242  1323862.0000     Cuts: 170    33845   81.93%
      0     0   239693.2132   233  1323862.0000      Cuts: 68    34179   81.89%
      0     0   239974.0222   213  1323862.0000      Cuts: 81    34382   81.87%
      0     0   240417.6354   224  1323862.0000      Cuts: 39    34700   81.84%
      0     0   240799.3168   223  1323862.0000     Cuts: 105    35003   81.81%
      0     0   241199.9291   216  1323862.0000      Cuts: 34    35327   81.78%
      0     0   241621.5840   253  1323862.0000      Cuts: 58    35603   81.75%
      0     0   242050.2029   244  1323862.0000      Cuts: 38    35852   81.72%
      0     0   242333.4853   238  1323862.0000      Cuts: 30    36046   81.69%
      0     0   242543.5637   248  1323862.0000      Cuts: 32    36242   81.68%
      0     0   242895.0688   223  1323862.0000     Cuts: 106    36508   81.65%
      0     0   243357.8259   228  1323862.0000      Cuts: 45    36824   81.62%
      0     0   243530.8568   252  1323862.0000      Cuts: 45    36963   81.60%
      0     0   243877.0402   244  1323862.0000  ZeroHalf: 43    37169   81.58%
      0     0   244238.2700   227  1323862.0000     Cuts: 111    37395   81.55%
      0     0   244668.1224   221  1323862.0000      Cuts: 49    37697   81.52%
      0     0   245162.4745   233  1323862.0000      Cuts: 67    38019   81.48%
      0     0   245594.3826   231  1323862.0000     Cuts: 128    38350   81.45%
      0     0   245991.1774   235  1323862.0000      Cuts: 66    38609   81.42%
      0     0   246385.5274   240  1323862.0000     Cuts: 147    38913   81.39%
      0     0   246760.6772   230  1323862.0000      Cuts: 96    39184   81.36%
      0     0   247106.7514   239  1323862.0000      Cuts: 62    39496   81.33%
      0     0   247347.8645   232  1323862.0000      Cuts: 64    39687   81.32%
*     0+    0                      1322295.0000   247347.8645            81.29%
*     0+    0                      1321452.0000   247347.8645            81.28%
*     0+    0                      1320999.0000   247347.8645            81.28%
      0     0  -1.00000e+75     0  1320999.0000   247347.8645    39687   81.28%
Detecting symmetries...
      0     2   247347.8645   232  1320999.0000   247347.8645    39687   81.28%
Elapsed time = 89.42 sec. (56687.26 ticks, tree = 0.02 MB, solutions = 16)
      1     3   287847.4510   218  1320999.0000   247348.5948    40430   81.28%
      2     4   318902.5632   185  1320999.0000   247348.5948    41164   81.28%
      6     7   321296.7267   188  1320999.0000   247348.5948    41728   81.28%
     10    10   288518.3737   209  1320999.0000   247421.6827    42337   81.27%
*    11+    4                      1310299.0000   247421.6827            81.12%
     16    15   289155.8302   209  1310299.0000   247421.6827    43771   81.12%
*    20+    7                      1309125.0000   247421.6827            81.10%
     22    15   332923.4249   187  1309125.0000   247421.6827    44320   81.10%
     27    17   350751.3925   182  1309125.0000   247421.6827    45250   81.10%
     31    30   354583.6482   171  1309125.0000   247421.6827    48561   81.10%
     33    24   319717.8231   198  1309125.0000   247421.6827    47280   81.10%
     46    45   353324.3010   176  1309125.0000   247421.6827    55384   81.10%
Elapsed time = 112.04 sec. (60700.79 ticks, tree = 2.69 MB, solutions = 16)
     56    52   389732.7084   184  1309125.0000   247421.6827    58458   81.10%
     68    63   400969.7159   150  1309125.0000   247421.6827    63659   81.10%
     95    85   382777.4515   174  1309125.0000   247421.6827    70661   81.10%
    138   118   383944.3265   196  1309125.0000   247602.4604    79590   81.09%
    185   157   672031.2500   106  1309125.0000   247701.6751    85845   81.08%
    256   171   490907.9000   140  1309125.0000   247846.0328    93508   81.07%
    330   275   408230.1357   186  1309125.0000   248324.6190   111254   81.03%
    446   368   647476.7500   100  1309125.0000   248324.6190   118851   81.03%
    583   473   730550.5000    77  1309125.0000   248324.6190   127957   81.03%
    712   619   848778.0000    71  1309125.0000   248658.4243   143277   81.01%
Elapsed time = 184.19 sec. (70403.87 ticks, tree = 15.73 MB, solutions = 21)
    900   707  1194029.0000    32  1309125.0000   248850.3484   147944   80.99%
   1059   946   618128.5000   118  1309125.0000   248850.3484   171187   80.99%
   1249   978   772318.0000    66  1309125.0000   248850.3484   172785   80.99%
   1487  1218   945352.0000    65  1309125.0000   248850.3484   191520   80.99%
   1709  1382  1121305.5000    52  1309125.0000   248850.3484   199476   80.99%

Performing restart 1

Repeating presolve.
Tried aggregator 1 time.
MIP Presolve eliminated 372 rows and 8 columns.
Reduced MIP has 63378 rows, 3766 columns, and 190034 nonzeros.
Reduced MIP has 3766 binaries, 0 generals, 0 SOSs, and 0 indicators.
Presolve time = 0.10 sec. (85.21 ticks)
Tried aggregator 1 time.
Reduced MIP has 63378 rows, 3766 columns, and 190034 nonzeros.
Reduced MIP has 3766 binaries, 0 generals, 0 SOSs, and 0 indicators.
Presolve time = 0.12 sec. (104.53 ticks)
Represolve time = 0.34 sec. (278.84 ticks)
*  1817+    0                      1307565.0000   248850.3484            80.97%
   1817     0   247720.1470   243  1307565.0000      Cuts: 99   235653   80.97%
   1817     0   248090.4530   238  1307565.0000      Cuts: 90   235957   80.97%
   1817     0   248635.9014   252  1307565.0000     Cuts: 127   236341   80.97%
*  1817+    0                      1307243.0000   248850.3484            80.96%
*  1817+    0                      1307186.0000   248850.3484            80.96%
   1817     0  -1.00000e+75     0  1307186.0000   248850.3484   236341   80.96%
   1817     0   249122.4774   252  1307186.0000      Cuts: 89   236667   80.94%
   1817     0   249399.5801   256  1307186.0000     Cuts: 121   236939   80.92%
   1817     0   249773.7985   258  1307186.0000     Cuts: 105   237276   80.89%
   1817     0   250127.7642   253  1307186.0000      Cuts: 94   237507   80.87%
   1817     0   250721.5780   263  1307186.0000      Cuts: 89   237821   80.82%
   1817     0   251209.4830   264  1307186.0000     Cuts: 111   238175   80.78%
   1817     0   251484.2092   266  1307186.0000      Cuts: 94   238469   80.76%
   1817     0   251908.7431   251  1307186.0000      Cuts: 58   238795   80.73%
   1817     0   252187.1748   229  1307186.0000      Cuts: 34   239014   80.71%
   1817     0   252516.7992   253  1307186.0000      Cuts: 96   239317   80.68%
   1817     0   252840.8931   266  1307186.0000      Cuts: 54   239554   80.66%
   1817     0   253254.8160   250  1307186.0000      Cuts: 79   239827   80.63%
   1817     0   253578.7907   256  1307186.0000      Cuts: 55   240102   80.60%
   1817     0   254042.2732   247  1307186.0000      Cuts: 59   240439   80.57%
   1817     0   254560.7297   259  1307186.0000      Cuts: 77   240737   80.53%
   1817     0   254825.3590   260  1307186.0000      Cuts: 45   240928   80.51%
   1817     0   255000.5079   269  1307186.0000      Cuts: 57   241131   80.49%
   1817     0   255235.9229   260  1307186.0000      Cuts: 84   241361   80.47%
   1817     0   255522.8326   255  1307186.0000      Cuts: 58   241587   80.45%
   1817     0   255873.6363   260  1307186.0000      Cuts: 42   241847   80.43%
   1817     0   256082.5612   259  1307186.0000      Cuts: 65   242050   80.41%
   1817     0   256259.4145   262  1307186.0000      Cuts: 72   242232   80.40%
   1817     0   256475.1019   258  1307186.0000      Cuts: 57   242462   80.38%
   1817     0   256720.3415   257  1307186.0000      Cuts: 37   242657   80.36%
   1817     0   256850.4879   268  1307186.0000      Cuts: 58   242829   80.35%
   1817     0   257104.7600   265  1307186.0000  ZeroHalf: 42   243005   80.33%
   1817     0   257510.1883   251  1307186.0000  ZeroHalf: 31   243371   80.30%
   1817     0   257815.1035   251  1307186.0000      Cuts: 92   243710   80.28%
   1817     0   258138.6052   255  1307186.0000  ZeroHalf: 29   243994   80.25%
   1817     0   258381.9421   250  1307186.0000      Cuts: 70   244329   80.23%
   1817     0   258604.5960   255  1307186.0000      Cuts: 52   244575   80.22%
   1817     0   258748.9226   258  1307186.0000      Cuts: 35   244798   80.21%
   1817     0   258965.7106   246  1307186.0000      Cuts: 60   245010   80.19%
   1817     0   259233.2392   265  1307186.0000  ZeroHalf: 56   245243   80.17%
   1817     0   259628.7100   281  1307186.0000      Cuts: 81   245524   80.14%
   1817     0   259762.6133   291  1307186.0000      Cuts: 43   245651   80.13%
   1817     0   259923.9634   267  1307186.0000      Cuts: 44   245863   80.12%
   1817     0   260067.6057   281  1307186.0000      Cuts: 42   246059   80.10%
   1817     0   260236.4745   262  1307186.0000      Cuts: 77   246312   80.09%
   1817     0   260525.3674   284  1307186.0000     Cuts: 114   246586   80.07%
   1817     0   260799.3205   285  1307186.0000  ZeroHalf: 26   246841   80.05%
   1817     0   261212.7042   281  1307186.0000      Cuts: 80   247244   80.02%
   1817     0   261518.7907   279  1307186.0000      Cuts: 72   247507   79.99%
   1817     0   261795.9922   282  1307186.0000  ZeroHalf: 88   247748   79.97%
   1817     0   262099.1298   277  1307186.0000  ZeroHalf: 50   248031   79.95%
   1817     0   262464.6578   251  1307186.0000      Cuts: 79   248340   79.92%
   1817     0   262857.9947   283  1307186.0000      Cuts: 88   248655   79.89%
   1817     0   263487.3148   277  1307186.0000  ZeroHalf: 73   249064   79.84%
   1817     0   263955.0266   273  1307186.0000      Cuts: 76   249389   79.81%
   1817     0   264884.8016   268  1307186.0000      Cuts: 90   249937   79.74%
   1817     0   265290.8697   272  1307186.0000     Cuts: 105   250250   79.71%
   1817     0   265588.3101   281  1307186.0000     Cuts: 117   250546   79.68%
   1817     0   266024.7817   271  1307186.0000  ZeroHalf: 73   250880   79.65%
   1817     0   266464.6295   243  1307186.0000     Cuts: 100   251162   79.62%
   1817     0   266772.7029   255  1307186.0000      Cuts: 76   251395   79.59%
   1817     0   267201.8224   278  1307186.0000  ZeroHalf: 58   251712   79.56%
   1817     0   267687.4937   276  1307186.0000     Cuts: 119   252137   79.52%
   1817     0   267911.0770   279  1307186.0000  ZeroHalf: 68   252395   79.50%
   1817     0   268335.8788   270  1307186.0000      Cuts: 61   252720   79.47%
   1817     0   268743.0938   271  1307186.0000      Cuts: 62   253095   79.44%
   1817     0   269284.0853   278  1307186.0000  ZeroHalf: 73   253460   79.40%
   1817     0   269567.9311   285  1307186.0000      Cuts: 62   253740   79.38%
   1817     0   269733.1678   287  1307186.0000      Cuts: 94   253990   79.37%
   1817     0   269935.5472   260  1307186.0000      Cuts: 37   254248   79.35%
   1817     0   270246.6202   261  1307186.0000  ZeroHalf: 95   254665   79.33%
   1817     0   270492.0997   254  1307186.0000      Cuts: 45   254901   79.31%
   1817     0   270803.0008   287  1307186.0000      Cuts: 64   255201   79.28%
   1817     0   271245.7596   275  1307186.0000  ZeroHalf: 48   255538   79.25%
   1817     0   271635.4562   261  1307186.0000 ZeroHalf: 136   255862   79.22%
   1817     0   271884.2662   279  1307186.0000      Cuts: 81   256139   79.20%
   1817     0   272103.3611   290  1307186.0000     Cuts: 109   256429   79.18%
   1817     0   272495.7037   271  1307186.0000      Cuts: 86   256797   79.15%
   1817     0   273104.7852   291  1307186.0000      Cuts: 95   257209   79.11%
   1817     0   273515.2443   287  1307186.0000      Cuts: 76   257427   79.08%
   1817     0   273829.0918   288  1307186.0000      Cuts: 75   257699   79.05%
   1817     0   274215.1521   259  1307186.0000  ZeroHalf: 69   257989   79.02%
   1817     0   274714.2483   286  1307186.0000     Cuts: 103   258356   78.98%
   1817     0   274946.4344   290  1307186.0000      Cuts: 63   258578   78.97%
   1817     0   275373.1001   285  1307186.0000  ZeroHalf: 46   258936   78.93%
   1817     0   275684.1344   285  1307186.0000      Cuts: 72   259291   78.91%
   1817     0   275969.7266   290  1307186.0000      Cuts: 42   259567   78.89%
   1817     0   276158.2429   274  1307186.0000      Cuts: 84   259805   78.87%
   1817     0   276449.9455   287  1307186.0000  ZeroHalf: 66   260127   78.85%
   1817     0   276808.3197   283  1307186.0000  ZeroHalf: 81   260433   78.82%
   1817     0   277136.4562   251  1307186.0000      Cuts: 43   260686   78.80%
   1817     0   277490.5796   285  1307186.0000      Cuts: 74   261099   78.77%
   1817     0   277763.2036   279  1307186.0000      Cuts: 69   261324   78.75%
   1817     0   278117.9815   306  1307186.0000      Cuts: 54   261699   78.72%
   1817     0   278410.3081   308  1307186.0000     Cuts: 112   262004   78.70%
   1817     0   278730.6504   263  1307186.0000      Cuts: 46   262202   78.68%
   1817     0   279053.2468   299  1307186.0000      Cuts: 71   262500   78.65%
   1817     0   279298.1876   280  1307186.0000  ZeroHalf: 86   262681   78.63%
   1817     0   279549.6803   308  1307186.0000  ZeroHalf: 51   262952   78.61%
   1817     0   279731.5411   305  1307186.0000      Cuts: 80   263220   78.60%
   1817     0   279863.0795   281  1307186.0000  ZeroHalf: 34   263400   78.59%
   1817     0   280208.4746   299  1307186.0000  ZeroHalf: 55   263712   78.56%
   1817     0   280452.6919   296  1307186.0000     Cuts: 124   263884   78.55%
   1817     2   280452.6919   296  1307186.0000   280452.6919   263884   78.55%
   1818     3   304683.1244   238  1307186.0000   280464.7327   264426   78.54%
   1820     4   305491.7172   233  1307186.0000   280549.2992   264613   78.54%
   1822     5   301662.3641   231  1307186.0000   280559.7775   265260   78.54%
   1823     4   327394.3668   206  1307186.0000   280559.7775   265249   78.54%
Elapsed time = 463.92 sec. (173850.70 ticks, tree = 0.02 MB, solutions = 24)
   1827     8   302444.6264   254  1307186.0000   280602.3905   265936   78.53%
   1828     7   305575.3944   220  1307186.0000   280602.3905   265335   78.53%
   1830    11   280620.4489   292  1307186.0000   280622.5171   266717   78.53%
   1833     9   327606.5279   207  1307186.0000   280622.5171   266500   78.53%
   1836     9   360450.8665   186  1307186.0000   280622.5171   267469   78.53%
   1842    20   325583.3691   227  1307186.0000   280750.8039   270347   78.52%
   1844    17   280782.0394   299  1307186.0000   280782.5039   269070   78.52%
   1849    18   306561.9319   239  1307186.0000   280782.5039   269869   78.52%
   1851    25   280813.5352   297  1307186.0000   280782.5039   272549   78.52%
   1856    29   306730.5253   237  1307186.0000   280782.5039   274558   78.52%
Elapsed time = 595.34 sec. (185860.33 ticks, tree = 1.57 MB, solutions = 24)
   1859    31   307421.2894   231  1307186.0000   280782.5039   274711   78.52%
   1862    35   327579.9581   234  1307186.0000   280782.5039   276042   78.52%
   1867    39   327368.9907   227  1307186.0000   280782.5039   276362   78.52%
   1871    46   331093.1331   232  1307186.0000   280782.5039   279211   78.52%
   1875    45   307084.4246   241  1307186.0000   280782.5039   279096   78.52%
   1880    53   328141.3835   208  1307186.0000   280782.5039   283232   78.52%
   1885    65   328320.8075   209  1307186.0000   280782.5039   286313   78.52%
   1891    68   280938.8750   292  1307186.0000   280782.5039   287120   78.52%
   1897    62   411019.7530   196  1307186.0000   280782.5039   286141   78.52%
   1910    75   308724.9549   225  1307186.0000   280782.5039   289475   78.52%
Elapsed time = 704.43 sec. (197468.64 ticks, tree = 1.27 MB, solutions = 24)
   1932    75   308655.6777   230  1307186.0000   280782.5039   288072   78.52%
   1943    88   357027.5355   195  1307186.0000   280782.5039   292596   78.52%
   1957   100   309655.8726   228  1307186.0000   280782.5039   294134   78.52%
   1993    97   332157.6100   213  1307186.0000   280782.5039   293997   78.52%
   2011   124   311447.2685   246  1307186.0000   280782.5039   299864   78.52%
   2025    98   370773.0762   213  1307186.0000   280782.5039   295158   78.52%
   2037   130   312539.9416   243  1307186.0000   280782.5039   301569   78.52%
   2064   171   330426.4630   222  1307186.0000   280782.5039   309713   78.52%
   2100   154   335343.1705   204  1307186.0000   280782.5039   306736   78.52%
   2118   177   310911.4959   218  1307186.0000   280782.5039   311180   78.52%
Elapsed time = 815.29 sec. (207299.20 ticks, tree = 17.56 MB, solutions = 24)
   2142   156   376562.3660   220  1307186.0000   280782.5039   307484   78.52%
   2173   220   314380.8171   266  1307186.0000   280782.5039   318778   78.52%
   2199   248   338123.0267   201  1307186.0000   280782.5039   325688   78.52%
   2221   267   312719.7887   222  1307186.0000   280782.5039   328650   78.52%
   2247   270   312810.2718   222  1307186.0000   280782.5039   329780   78.52%
   2273   298   311691.8492   197  1307186.0000   280782.5039   336326   78.52%
   2298   385   313766.8229   219  1307186.0000   280782.5039   354722   78.52%
   2312   392   347512.6818   235  1307186.0000   280782.5039   356358   78.52%
   2348   451   358123.9659   176  1307186.0000   280782.5039   372315   78.52%
   2383   461   337065.4853   218  1307186.0000   280782.5039   373533   78.52%
Elapsed time = 922.60 sec. (217085.21 ticks, tree = 49.84 MB, solutions = 24)
   2419   471   343414.5066   203  1307186.0000   280782.5039   378023   78.52%
   2459   509   319237.6429   236  1307186.0000   280782.5039   389929   78.52%
   2488   495   320948.0411   259  1307186.0000   280782.5039   384757   78.52%
   2501   566   482965.6136   181  1307186.0000   280782.5039   404214   78.52%
   2521   611   340668.9559   219  1307186.0000   280782.5039   414526   78.52%
   2537   618   345886.1758   220  1307186.0000   280782.5039   418372   78.52%
   2555   620   345975.8592   220  1307186.0000   280782.5039   419587   78.52%
   2585   625   342921.6602   193  1307186.0000   280782.5039   417209   78.52%
   2612   632   343283.2408   190  1307186.0000   280782.5039   418074   78.52%
   2627   725   322859.5421   226  1307186.0000   280782.5039   445690   78.52%
Elapsed time = 1039.97 sec. (227001.95 ticks, tree = 58.40 MB, solutions = 24)
   2654   752   363008.5046   206  1307186.0000   280782.5039   453964   78.52%
   2675   687   370617.3819   190  1307186.0000   280782.5039   436790   78.52%
   2712   816   299452.6531   209  1307186.0000   280782.5039   464544   78.52%
   2742   778   333668.6954   204  1307186.0000   280782.5039   457698   78.52%
   2759   830   399353.8490   233  1307186.0000   280782.5039   468855   78.52%
   2760   820   345864.6112   229  1307186.0000   280782.5039   468006   78.52%
   2783   867   327556.7645   221  1307186.0000   280782.5039   478266   78.52%
   2802   829   302442.0230   221  1307186.0000   280782.5039   470392   78.52%
   2829   892   323774.8898   221  1307186.0000   280782.5039   484242   78.52%
   2863   956   355769.5662   206  1307186.0000   280782.5039   498172   78.52%
Elapsed time = 1154.53 sec. (237004.98 ticks, tree = 73.52 MB, solutions = 24)
   2886   901   354968.4727   204  1307186.0000   280782.5039   483927   78.52%
   2900   899   368919.3449   270  1307186.0000   280782.5039   486796   78.52%
   2948  1024   327082.9018   224  1307186.0000   280782.5039   516123   78.52%
   2977   953   347246.1305   233  1307186.0000   280782.5039   491214   78.52%
   2990  1044   347611.6147   223  1307186.0000   280782.5039   519164   78.52%
   3015  1108   307897.5116   183  1307186.0000   280782.5039   531112   78.52%
   3040  1087   359689.8738   217  1307186.0000   280782.5039   526832   78.52%
   3052  1174   339315.6850   207  1307186.0000   280782.5039   548891   78.52%
   3081  1155   357592.4868   220  1307186.0000   280782.5039   544864   78.52%
   3143  1276   359242.5948   223  1307186.0000   280782.5039   570317   78.52%
Elapsed time = 1299.49 sec. (249694.40 ticks, tree = 78.37 MB, solutions = 24)
   3249  1269   311515.5686   193  1307186.0000   280782.5039   565781   78.52%
   3362  1321   387024.6186   255  1307186.0000   280782.5039   583778   78.52%
   3435  1511   474393.3543   176  1307186.0000   280782.5039   629215   78.52%
   3514  1630   343900.8454   209  1307186.0000   280782.5039   659186   78.52%
   3568  1691   324213.6273   252  1307186.0000   280782.5039   675229   78.52%
   3673  1703   362931.5359   204  1307186.0000   280782.5039   673572   78.52%
   3813  1758   379549.8405   221  1307186.0000   280782.5039   694662   78.52%
   3949  1896   378753.0743   229  1307186.0000   280782.5039   716870   78.52%
   4077  2161   395276.7395   194  1307186.0000   280782.5039   763172   78.52%
   4204  2222   553864.2460   167  1307186.0000   280782.5039   767410   78.52%
Elapsed time = 1762.84 sec. (288115.21 ticks, tree = 231.39 MB, solutions = 24)
   4296  2306   413868.6045   209  1307186.0000   280782.5039   781026   78.52%
   4415  2341   399860.0729   203  1307186.0000   280782.5039   785052   78.52%
   4581  2524   430925.9641   201  1307186.0000   280782.5039   802112   78.52%
   4747  2711   470182.0020   191  1307186.0000   280782.5039   823140   78.52%
   4940  2877   407700.0178   202  1307186.0000   280782.5039   839223   78.52%
   5085  3070   644364.0382   150  1307186.0000   280782.5039   855472   78.52%
   5285  3171   425460.6720   198  1307186.0000   280782.5039   865248   78.52%
   5470  3459   466266.3693   191  1307186.0000   280782.5039   888366   78.52%
   5663  3475   471413.4093   202  1307186.0000   280782.5039   889638   78.52%
   5832  3793   439751.6163   174  1307186.0000   280782.5039   919043   78.52%
Elapsed time = 2223.79 sec. (326477.85 ticks, tree = 965.87 MB, solutions = 24)
   6063  3978   791921.0500   114  1307186.0000   280782.5039   929161   78.52%
   6263  4279   474403.7436   183  1307186.0000   280782.5039   950561   78.52%
   6456  4208   558296.8482   176  1307186.0000   280782.5039   947856   78.52%
   6748  4664   511485.9275   187  1307186.0000   280782.5039   971807   78.52%
   6995  4839   561184.1057   185  1307186.0000   280782.5039   981459   78.52%
   7307  5040  1084963.3333   118  1307186.0000   280782.5039   986956   78.52%
   7558  5481  1146391.0000   104  1307186.0000   280782.5039  1007180   78.52%
   7842  5789   751749.3333   168  1307186.0000   280782.5039  1021296   78.52%
   8241  5813   960417.7083   160  1307186.0000   280782.5039  1020372   78.52%
   8625  6154  1131968.0000    66  1307186.0000   280782.5039  1036156   78.52%
Elapsed time = 2634.28 sec. (364720.02 ticks, tree = 2141.29 MB, solutions = 24)
Nodefile size = 67.68 MB (42.02 MB after compression)
   8972  6386  1017109.0000    85  1307186.0000   280782.5039  1042680   78.52%
*  9235+ 6932                      1303864.0000   280782.5039            78.47%
   9322  7281  1205049.0303   122  1303864.0000   280782.5039  1080817   78.47%
   9684  7274        cutoff        1303864.0000   280782.5039  1078897   78.47%
   9889  7666   786407.2500   140  1303864.0000   280823.8276  1101153   78.46%
  10168  7917  1238879.7857   106  1303864.0000   280823.8276  1109821   78.46%
* 10335+ 8146                      1303114.0000   280910.5762            78.44%
  10387  8180   530778.9306   154  1303114.0000   280910.5762  1150461   78.44%
  10569  8532   554646.8220   139  1303114.0000   280910.5762  1198107   78.44%
  10795  8505   410864.0827   174  1303114.0000   281582.4153  1196180   78.39%
  11018  8680   498442.4236   184  1303114.0000   281582.4153  1223399   78.39%
  11282  8949   551993.2266   182  1303114.0000   281582.4153  1265977   78.39%
Elapsed time = 3045.14 sec. (402974.81 ticks, tree = 3453.05 MB, solutions = 26)
Nodefile size = 1386.61 MB (874.82 MB after compression)
  11571  9383   685958.6458   164  1303114.0000   281582.4153  1323054   78.39%
  11956  9374   698476.1818   146  1303114.0000   281582.4153  1320975   78.39%
  12360 10099   543868.8615   228  1303114.0000   281582.4153  1390082   78.39%
  12892 10232   795162.6181   173  1303114.0000   281582.4153  1396806   78.39%
Starting limited solution polishing.
  13392 10686  1008086.2500    74  1303114.0000   281582.4153  1418717   78.39%
* 13507+11051                      1302321.0000   281582.4153            78.38%
* 13566+10933                      1301075.0000   281582.4153            78.36%
* 13572+10933                      1298885.0000   281582.4153            78.32%
  13891 11245   758712.8944   129  1298885.0000   281582.4153  1455678   78.32%
* 14163+11623                      1295489.0000   281582.4153            78.26%
  14255 11302   797256.2500   126  1295489.0000   281582.4153  1455436   78.26%
  14518 11880   896473.5000    82  1295489.0000   281582.4153  1473645   78.26%
* 14746+12351                      1295381.0000   281582.4153            78.26%
  14746 12378  1072661.8333    86  1295381.0000   281582.4153  1496490   78.26%
* 14759+12033                      1290886.0000   281582.4153            78.19%
* 15283+12474                      1286147.0000   281582.4153            78.11%
* 15286+12474                      1279895.0000   281582.4153            78.00%
  15301 12902   346015.0019   227  1279895.0000   281582.4153  1526980   78.00%
Elapsed time = 3371.03 sec. (441252.00 ticks, tree = 5402.13 MB, solutions = 33)
Nodefile size = 3344.58 MB (2131.67 MB after compression)
* 15304+12474                      1269949.0000   281582.4153            77.83%
* 15360+12750                      1266998.0000   281582.4153            77.78%
* 15362+12750                      1265371.0000   281582.4153            77.75%
* 15570+12870                      1260311.0000   281582.4153            77.66%
  15622 13177   957078.5000    94  1260311.0000   281582.4153  1542471   77.66%
  15818 13247  1008217.3333    96  1260311.0000   281582.4153  1544056   77.66%
* 15845+13165                      1253922.0000   281582.4153            77.54%
* 15854+13165                      1250066.0000   281582.4153            77.47%
* 15895+13165                      1241263.0000   281582.4153            77.31%
* 15932+13165                      1239038.0000   281582.4153            77.27%
  16106 13449  1212623.0000    77  1239038.0000   281582.4153  1555212   77.27%
  16213 13483   321583.5342   219  1239038.0000   281949.2168  1574258   77.24%
  16382 13836   314546.2996   239  1239038.0000   282110.1710  1594451   77.23%
* 16541+13842                      1238686.0000   282110.1710            77.23%
  16588 14029   921079.5000    65  1238686.0000   282110.1710  1613599   77.23%
* 16706+14082                      1235642.0000   282110.1710            77.17%
  16751 14247   396625.3676   234  1235642.0000   282110.1710  1652362   77.17%
* 16762+14048                      1235179.0000   282110.1710            77.16%
* 16790+14219                      1231662.0000   282110.1710            77.10%
* 16800+14219                      1229035.0000   282110.1710            77.05%
  16845 14385   511866.5625   145  1229035.0000   283930.3657  1666665   76.90%
  17135 14446   871891.2308   135  1229035.0000   283930.3657  1663336   76.90%

Implied bound cuts applied:  335
Zero-half cuts applied:  409
Lift and project cuts applied:  7

Root node processing (before b&c):
  Real time             =   89.35 sec. (56577.66 ticks)
Parallel b&c, 8 threads:
  Real time             = 3513.21 sec. (420254.79 ticks)
  Sync time (average)   =  598.83 sec.
  Wait time (average)   =    0.02 sec.
                          ------------
Total (root+branch&cut) = 3602.55 sec. (476832.46 ticks)
Status: Feasible
Obj: 1229035

Instalacoes abertas:
Instalação 0 aberta
Instalação 1 aberta
Instalação 4 aberta
Instalação 8 aberta
Instalação 9 aberta
Instalação 11 aberta
Instalação 13 aberta
Instalação 16 aberta
Instalação 18 aberta
Instalação 19 aberta
Instalação 20 aberta
Instalação 22 aberta
Instalação 23 aberta
Instalação 24 aberta
Instalação 25 aberta
Instalação 27 aberta
Instalação 28 aberta
Instalação 30 aberta
Instalação 31 aberta
Instalação 34 aberta
Instalação 35 aberta
Instalação 42 aberta
Instalação 43 aberta
Instalação 46 aberta
Instalação 47 aberta
Instalação 49 aberta

Atribuições (cliente -> instalação):
Cliente 0 -> Instalação 19
Cliente 1 -> Instalação 16
Cliente 2 -> Instalação 23
Cliente 3 -> Instalação 1
Cliente 4 -> Instalação 42
Cliente 5 -> Instalação 35
Cliente 6 -> Instalação 31
Cliente 7 -> Instalação 20
Cliente 8 -> Instalação 4
Cliente 9 -> Instalação 35
Cliente 10 -> Instalação 16
Cliente 11 -> Instalação 11
Cliente 12 -> Instalação 11
Cliente 13 -> Instalação 25
Cliente 14 -> Instalação 34
Cliente 15 -> Instalação 0
Cliente 16 -> Instalação 22
Cliente 17 -> Instalação 13
Cliente 18 -> Instalação 18
Cliente 19 -> Instalação 0
Cliente 20 -> Instalação 46
Cliente 21 -> Instalação 30
Cliente 22 -> Instalação 27
Cliente 23 -> Instalação 13
Cliente 24 -> Instalação 24
Cliente 25 -> Instalação 47
Cliente 26 -> Instalação 8
Cliente 27 -> Instalação 18
Cliente 28 -> Instalação 22
Cliente 29 -> Instalação 30
Cliente 30 -> Instalação 49
Cliente 31 -> Instalação 28
Cliente 32 -> Instalação 49
Cliente 33 -> Instalação 28
Cliente 34 -> Instalação 34
Cliente 35 -> Instalação 8
Cliente 36 -> Instalação 9
Cliente 37 -> Instalação 25
Cliente 38 -> Instalação 46
Cliente 39 -> Instalação 31
Cliente 40 -> Instalação 27
Cliente 41 -> Instalação 24
Cliente 42 -> Instalação 42
Cliente 43 -> Instalação 43
Cliente 44 -> Instalação 9
Cliente 45 -> Instalação 20
Cliente 46 -> Instalação 4
Cliente 47 -> Instalação 47
Cliente 48 -> Instalação 23
Cliente 49 -> Instalação 1
