Version identifier: 22.1.1.0 | 2022-11-28 | 9160aff4d
CPXPARAM_TimeLimit                               3600
Found incumbent of value 1871920.000000 after 0.00 sec. (4.10 ticks)
Tried aggregator 1 time.
MIP Presolve eliminated 50 rows and 1 columns.
Reduced MIP has 63750 rows, 3774 columns, and 191150 nonzeros.
Reduced MIP has 3774 binaries, 0 generals, 0 SOSs, and 0 indicators.
Presolve time = 0.10 sec. (83.25 ticks)
Probing time = 0.03 sec. (8.81 ticks)
Tried aggregator 1 time.
Detecting symmetries...
Reduced MIP has 63750 rows, 3774 columns, and 191150 nonzeros.
Reduced MIP has 3774 binaries, 0 generals, 0 SOSs, and 0 indicators.
Presolve time = 0.14 sec. (101.60 ticks)
Probing time = 0.04 sec. (8.88 ticks)
Clique table members: 2500.
MIP emphasis: balance optimality and feasibility.
MIP search method: dynamic search.
Parallel mode: deterministic, using up to 8 threads.
Root relaxation solution time = 0.17 sec. (92.62 ticks)

        Nodes                                         Cuts/
   Node  Left     Objective  IInf  Best Integer    Best Bound    ItCnt     Gap

*     0+    0                      1871920.0000        0.0000           100.00%
      0     0    93774.0000   100  1871920.0000    93774.0000      186   94.99%
      0     0   106217.5000   100  1871920.0000    Cuts: 3136      374   94.33%
      0     0   118774.0000    98  1871920.0000    Cuts: 3045      658   93.65%
      0     0   131111.1667   149  1871920.0000    Cuts: 1232     2028   93.00%
*     0+    0                      1854329.0000   131111.1667            92.93%
*     0+    0                      1745481.0000   131111.1667            92.49%
*     0+    0                      1744138.0000   131111.1667            92.48%
*     0+    0                      1734707.0000   131111.1667            92.44%
      0     0  -1.00000e+75     0  1734707.0000   131111.1667     2028   92.44%
      0     0   135445.2619   216  1734707.0000 ZeroHalf: 1441     2563   92.19%
*     0+    0                      1564314.0000   135445.2619            91.34%
      0     0   143355.5625   174  1564314.0000     Cuts: 992     3490   90.84%
Detecting symmetries...
      0     0   151282.8544   182  1564314.0000    Cuts: 1492     4614   90.33%
*     0+    0                      1559228.0000   151282.8544            90.30%
*     0+    0                      1530547.0000   151282.8544            90.12%
      0     0  -1.00000e+75     0  1530547.0000   151282.8544     4614   90.12%
      0     0   159479.3044   221  1530547.0000     Cuts: 364     5602   89.58%
      0     0   164910.8965   195  1530547.0000     Cuts: 599     6452   89.23%
      0     0   169629.6644   208  1530547.0000     Cuts: 685     7325   88.92%
*     0+    0                      1398264.0000   169629.6644            87.87%
      0     0   173998.2582   206  1398264.0000     Cuts: 454     8332   87.56%
      0     0   177021.2508   202  1398264.0000     Cuts: 210     8911   87.34%
      0     0   180150.2302   210  1398264.0000     Cuts: 263     9589   87.12%
      0     0   182443.6615   248  1398264.0000 ZeroHalf: 117    10048   86.95%
      0     0   185676.4858   237  1398264.0000     Cuts: 632    10916   86.72%
      0     0   187682.1778   229  1398264.0000     Cuts: 256    11405   86.58%
      0     0   189121.6751   201  1398264.0000     Cuts: 688    11944   86.47%
      0     0   190734.7578   234  1398264.0000     Cuts: 233    12452   86.36%
      0     0   192314.4768   206  1398264.0000     Cuts: 377    13003   86.25%
      0     0   194439.3383   199  1398264.0000     Cuts: 193    13606   86.09%
      0     0   195800.2274   204  1398264.0000     Cuts: 194    14063   86.00%
*     0+    0                      1371473.0000   195800.2274            85.72%
      0     0   197090.4619   188  1371473.0000     Cuts: 121    14495   85.63%
*     0+    0                      1370081.0000   197090.4619            85.61%
*     0+    0                      1369079.0000   197090.4619            85.60%
*     0+    0                      1368991.0000   197090.4619            85.60%
      0     0  -1.00000e+75     0  1368991.0000   197090.4619    14495   85.60%
*     0+    0                      1358786.0000   197090.4619            85.50%
      0     0   198311.3343   199  1358786.0000     Cuts: 170    15000   85.41%
      0     0   199462.2166   228  1358786.0000     Cuts: 149    15496   85.32%
      0     0   200430.3058   219  1358786.0000     Cuts: 100    15827   85.25%
      0     0   201700.3780   220  1358786.0000     Cuts: 264    16356   85.16%
      0     0   202767.7816   231  1358786.0000     Cuts: 140    16869   85.08%
      0     0   204016.2042   199  1358786.0000     Cuts: 377    17326   84.99%
      0     0   205316.0377   236  1358786.0000      Cuts: 94    17940   84.89%
      0     0   206175.8499   229  1358786.0000     Cuts: 119    18374   84.83%
      0     0   207233.2905   251  1358786.0000     Cuts: 188    18951   84.75%
      0     0   208025.4343   212  1358786.0000     Cuts: 200    19300   84.69%
      0     0   208731.6084   191  1358786.0000     Cuts: 314    19663   84.64%
      0     0   209414.2167   216  1358786.0000  ZeroHalf: 81    20072   84.59%
      0     0   210058.7353   206  1358786.0000     Cuts: 218    20444   84.54%
      0     0   210725.9506   230  1358786.0000  ZeroHalf: 74    20745   84.49%
      0     0   211287.9330   200  1358786.0000     Cuts: 161    21074   84.45%
      0     0   212304.1685   225  1358786.0000  ZeroHalf: 66    21648   84.38%
      0     0   212963.6336   221  1358786.0000      Cuts: 63    21979   84.33%
*     0+    0                      1353989.0000   212963.6336            84.27%
      0     0   213789.2120   217  1353989.0000     Cuts: 164    22422   84.21%
*     0+    0                      1332939.0000   213789.2120            83.96%
*     0+    0                      1332663.0000   213789.2120            83.96%
*     0+    0                      1331998.0000   213789.2120            83.95%
*     0+    0                      1329441.0000   213789.2120            83.92%
      0     0  -1.00000e+75     0  1329441.0000   213789.2120    22422   83.92%
      0     0   214454.1779   219  1329441.0000      Cuts: 87    22731   83.87%
      0     0   215482.8860   212  1329441.0000     Cuts: 102    23134   83.79%
      0     0   216497.5137   223  1329441.0000     Cuts: 158    23602   83.72%
      0     0   217149.0520   246  1329441.0000      Cuts: 99    23980   83.67%
      0     0   217846.7517   222  1329441.0000     Cuts: 264    24336   83.61%
      0     0   218635.2637   216  1329441.0000     Cuts: 130    24740   83.55%
      0     0   219549.8528   213  1329441.0000     Cuts: 100    25103   83.49%
      0     0   220508.5166   216  1329441.0000     Cuts: 148    25529   83.41%
      0     0   221148.0764   218  1329441.0000     Cuts: 122    25855   83.37%
      0     0   222308.1860   213  1329441.0000     Cuts: 110    26180   83.28%
      0     0   223131.1269   225  1329441.0000     Cuts: 132    26555   83.22%
      0     0   224113.4625   219  1329441.0000     Cuts: 121    26870   83.14%
      0     0   224890.6917   214  1329441.0000     Cuts: 112    27178   83.08%
      0     0   225732.7413   216  1329441.0000      Cuts: 95    27562   83.02%
      0     0   226397.0186   217  1329441.0000      Cuts: 93    27941   82.97%
      0     0   227300.5133   248  1329441.0000     Cuts: 176    28271   82.90%
      0     0   228257.5957   233  1329441.0000     Cuts: 117    28645   82.83%
      0     0   228790.3907   240  1329441.0000     Cuts: 101    28927   82.79%
      0     0   229264.7014   218  1329441.0000     Cuts: 265    29283   82.75%
      0     0   229756.5531   233  1329441.0000     Cuts: 139    29590   82.72%
      0     0   230456.1909   211  1329441.0000     Cuts: 165    29968   82.67%
      0     0   231226.8029   252  1329441.0000     Cuts: 190    30269   82.61%
      0     0   231863.4274   216  1329441.0000      Cuts: 46    30593   82.56%
      0     0   232362.8110   235  1329441.0000      Cuts: 65    30894   82.52%
      0     0   232971.9456   225  1329441.0000     Cuts: 155    31249   82.48%
      0     0   233463.1218   221  1329441.0000      Cuts: 58    31501   82.44%
      0     0   233854.4212   215  1329441.0000      Cuts: 58    31719   82.41%
      0     0   234239.1984   219  1329441.0000      Cuts: 76    31919   82.38%
      0     0   234942.5251   219  1329441.0000      Cuts: 52    32259   82.33%
      0     0   235671.8443   232  1329441.0000      Cuts: 78    32563   82.27%
      0     0   236232.5616   228  1329441.0000     Cuts: 159    32832   82.23%
      0     0   236857.1625   215  1329441.0000  ZeroHalf: 58    33129   82.18%
      0     0   237392.8422   231  1329441.0000      Cuts: 55    33380   82.14%
      0     0   238060.2143   216  1329441.0000     Cuts: 114    33729   82.09%
      0     0   238808.8313   214  1329441.0000      Cuts: 54    34130   82.04%
      0     0   239754.4905   239  1329441.0000     Cuts: 106    34475   81.97%
      0     0   240261.2337   235  1329441.0000      Cuts: 66    34737   81.93%
      0     0   240820.7567   217  1329441.0000     Cuts: 140    35007   81.89%
      0     0   241149.4207   224  1329441.0000  ZeroHalf: 39    35169   81.86%
      0     0   241657.9555   214  1329441.0000      Cuts: 53    35494   81.82%
      0     0   242029.3186   239  1329441.0000      Cuts: 61    35796   81.79%
      0     0   242374.9680   240  1329441.0000      Cuts: 65    36044   81.77%
      0     0   242846.9809   219  1329441.0000     Cuts: 165    36413   81.73%
      0     0   243253.4618   248  1329441.0000      Cuts: 56    36665   81.70%
      0     0   243539.4702   217  1329441.0000     Cuts: 105    36888   81.68%
      0     0   243829.4024   219  1329441.0000      Cuts: 47    37053   81.66%
      0     0   244150.0903   211  1329441.0000      Cuts: 69    37285   81.64%
*     0+    0                      1325614.0000   244150.0903            81.58%
      0     0   244462.4377   218  1325614.0000      Cuts: 44    37511   81.56%
      0     0   245094.7547   247  1325614.0000      Cuts: 46    37923   81.51%
      0     0   245543.6283   256  1325614.0000      Cuts: 44    38192   81.48%
      0     0   245815.4048   262  1325614.0000      Cuts: 60    38421   81.46%
      0     0   246015.2887   254  1325614.0000      Cuts: 68    38587   81.44%
      0     0   246176.1331   245  1325614.0000  ZeroHalf: 25    38704   81.43%
Detecting symmetries...
      0     2   246176.1331   245  1325614.0000   246176.1331    38704   81.43%
Elapsed time = 84.11 sec. (56451.13 ticks, tree = 0.02 MB, solutions = 20)
      2     4   246309.1730   218  1325614.0000   246176.4015    38859   81.43%
      5     4   287691.7185   216  1325614.0000   246176.4015    39478   81.43%
     10     6   286739.4992   210  1325614.0000   246310.0229    39877   81.42%
     17    10   283023.0715   215  1325614.0000   246834.7718    41743   81.38%
     25    21   304011.6957   214  1325614.0000   246834.7718    47645   81.38%
     30    23   309305.8108   198  1325614.0000   246834.7718    48708   81.38%
     44    33   308933.8980   200  1325614.0000   246834.7718    52048   81.38%
     53    27   340645.3141   180  1325614.0000   246834.7718    50831   81.38%
     61    46   289480.5939   238  1325614.0000   246834.7718    58635   81.38%
     84    75   352548.8579   173  1325614.0000   246834.7718    70491   81.38%
Elapsed time = 120.24 sec. (60234.53 ticks, tree = 3.26 MB, solutions = 20)
    107    89   346489.5587   184  1325614.0000   246834.7718    76297   81.38%
    146   133   312412.2921   197  1325614.0000   246834.7718    93761   81.38%
    187   157   472003.3556   179  1325614.0000   246834.7718   100017   81.38%
    229   200   649325.2500   105  1325614.0000   246834.7718   110768   81.38%
    330   297   719380.5000    77  1325614.0000   246834.7718   133915   81.38%
    415   346   849662.0000    60  1325614.0000   246834.7718   136636   81.38%
    530   414   826932.5000    70  1325614.0000   246834.7718   144490   81.38%
    669   490   487715.9088   155  1325614.0000   246834.7718   156051   81.38%
    840   624   830247.0000    74  1325614.0000   246834.7718   164443   81.38%
   1027   931   778187.0000    74  1325614.0000   246834.7718   188875   81.38%
Elapsed time = 203.76 sec. (69848.12 ticks, tree = 14.54 MB, solutions = 20)
*  1033   811      integral     0  1306550.0000   246834.7718   180190   81.11%
   1215   970   847772.0000    68  1306550.0000   246834.7718   190677   81.11%
   1413  1105   917709.0000    60  1306550.0000   246834.7718   201467   81.11%
   1615  1462  1058174.5000    42  1306550.0000   246834.7718   224495   81.11%
   1779  1557   997025.5000    50  1306550.0000   246834.7718   231831   81.11%

Performing restart 1

Repeating presolve.
Tried aggregator 1 time.
MIP Presolve eliminated 372 rows and 8 columns.
Reduced MIP has 63378 rows, 3766 columns, and 190034 nonzeros.
Reduced MIP has 3766 binaries, 0 generals, 0 SOSs, and 0 indicators.
Presolve time = 0.10 sec. (85.21 ticks)
Tried aggregator 1 time.
Reduced MIP has 63378 rows, 3766 columns, and 190034 nonzeros.
Reduced MIP has 3766 binaries, 0 generals, 0 SOSs, and 0 indicators.
Presolve time = 0.13 sec. (104.53 ticks)
Represolve time = 0.35 sec. (280.12 ticks)
*  1816+    0                      1301081.0000   246834.7718            81.03%
   1816     0   246594.1555   240  1301081.0000      Cuts: 91   255954   81.03%
   1816     0   246935.0990   242  1301081.0000      Cuts: 63   256208   81.02%
   1816     0   247504.5315   258  1301081.0000      Cuts: 98   256509   80.98%
   1816     0   248205.3884   253  1301081.0000     Cuts: 135   256915   80.92%
   1816     0   248691.2929   240  1301081.0000     Cuts: 107   257200   80.89%
   1816     0   249373.5481   230  1301081.0000     Cuts: 100   257525   80.83%
   1816     0   249900.8022   249  1301081.0000      Cuts: 95   257756   80.79%
   1816     0   250421.1307   254  1301081.0000     Cuts: 108   258167   80.75%
   1816     0   250822.0371   257  1301081.0000     Cuts: 107   258429   80.72%
   1816     0   251290.8620   258  1301081.0000      Cuts: 84   258718   80.69%
   1816     0   251802.9055   250  1301081.0000      Cuts: 90   259045   80.65%
   1816     0   252294.0207   249  1301081.0000      Cuts: 86   259284   80.61%
   1816     0   252702.1837   250  1301081.0000      Cuts: 72   259498   80.58%
   1816     0   253004.8319   248  1301081.0000      Cuts: 75   259750   80.55%
   1816     0   253329.1028   251  1301081.0000      Cuts: 98   260052   80.53%
   1816     0   253879.5778   250  1301081.0000      Cuts: 93   260361   80.49%
   1816     0   254230.9396   252  1301081.0000      Cuts: 66   260645   80.46%
   1816     0   254602.9494   251  1301081.0000      Cuts: 93   260905   80.43%
   1816     0   255297.3796   238  1301081.0000      Cuts: 53   261367   80.38%
   1816     0   255851.4808   259  1301081.0000     Cuts: 161   261773   80.34%
   1816     0   256483.6197   263  1301081.0000      Cuts: 54   262147   80.29%
   1816     0   257004.5358   251  1301081.0000      Cuts: 84   262485   80.25%
   1816     0   257523.4381   244  1301081.0000      Cuts: 61   262858   80.21%
   1816     0   258099.5394   260  1301081.0000     Cuts: 127   263291   80.16%
   1816     0   258444.7190   263  1301081.0000      Cuts: 62   263599   80.14%
   1816     0   258825.4745   255  1301081.0000     Cuts: 102   263866   80.11%
   1816     0   259185.6464   256  1301081.0000      Cuts: 47   264090   80.08%
   1816     0   259513.5366   258  1301081.0000      Cuts: 91   264357   80.05%
   1816     0   260102.6964   241  1301081.0000      Cuts: 56   264726   80.01%
   1816     0   260371.1235   245  1301081.0000     Cuts: 111   264967   79.99%
   1816     0   260786.5516   252  1301081.0000      Cuts: 86   265245   79.96%
   1816     0   261228.2804   256  1301081.0000      Cuts: 70   265558   79.92%
   1816     0   261598.2087   252  1301081.0000      Cuts: 43   265753   79.89%
   1816     0   261865.5165   260  1301081.0000  ZeroHalf: 62   265952   79.87%
   1816     0   262660.8845   250  1301081.0000      Cuts: 69   266289   79.81%
   1816     0   263306.0540   253  1301081.0000      Cuts: 65   266655   79.76%
   1816     0   263593.0690   249  1301081.0000      Cuts: 50   266884   79.74%
   1816     0   264166.4282   253  1301081.0000      Cuts: 48   267259   79.70%
   1816     0   264792.6151   262  1301081.0000      Cuts: 94   267545   79.65%
   1816     0   265073.9041   252  1301081.0000      Cuts: 53   267747   79.63%
   1816     0   265404.4689   249  1301081.0000  ZeroHalf: 40   267935   79.60%
   1816     0   265784.0190   251  1301081.0000      Cuts: 59   268186   79.57%
   1816     0   266070.0696   260  1301081.0000      Cuts: 43   268451   79.55%
   1816     0   266364.5664   255  1301081.0000      Cuts: 48   268683   79.53%
   1816     0   266775.0009   252  1301081.0000      Cuts: 91   268967   79.50%
   1816     0   267089.7569   252  1301081.0000      Cuts: 43   269229   79.47%
   1816     0   267334.5786   256  1301081.0000      Cuts: 72   269464   79.45%
   1816     0   267742.3457   247  1301081.0000  ZeroHalf: 61   269654   79.42%
   1816     0   267977.9605   247  1301081.0000      Cuts: 32   269840   79.40%
   1816     0   268460.7005   236  1301081.0000      Cuts: 69   270115   79.37%
   1816     0   268653.6229   244  1301081.0000      Cuts: 61   270329   79.35%
   1816     0   268965.9210   243  1301081.0000      Cuts: 99   270637   79.33%
   1816     0   269216.4352   238  1301081.0000      Cuts: 38   270821   79.31%
   1816     0   269524.8116   247  1301081.0000  ZeroHalf: 63   271110   79.28%
   1816     0   269918.7988   248  1301081.0000      Cuts: 59   271367   79.25%
   1816     0   270238.2591   259  1301081.0000      Cuts: 71   271623   79.23%
   1816     0   270481.5359   248  1301081.0000      Cuts: 38   271877   79.21%
   1816     0   270687.0867   251  1301081.0000      Cuts: 85   272118   79.20%
   1816     0   271114.8186   253  1301081.0000      Cuts: 59   272451   79.16%
   1816     0   271498.7394   255  1301081.0000      Cuts: 59   272728   79.13%
   1816     0   272090.6396   253  1301081.0000      Cuts: 91   273068   79.09%
   1816     0   272522.1800   248  1301081.0000      Cuts: 40   273353   79.05%
   1816     0   272838.3348   237  1301081.0000      Cuts: 61   273566   79.03%
   1816     0   273261.5904   250  1301081.0000      Cuts: 68   273863   79.00%
   1816     0   273704.8085   238  1301081.0000      Cuts: 59   274202   78.96%
   1816     0   273908.1976   246  1301081.0000      Cuts: 57   274434   78.95%
   1816     0   274170.3370   243  1301081.0000      Cuts: 44   274696   78.93%
   1816     0   274737.1483   248  1301081.0000      Cuts: 77   275048   78.88%
   1816     0   274912.2268   251  1301081.0000      Cuts: 42   275226   78.87%
   1816     0   275123.1633   253  1301081.0000  ZeroHalf: 33   275506   78.85%
   1816     0   275360.7790   254  1301081.0000      Cuts: 79   275760   78.84%
   1816     0   275699.8592   249  1301081.0000      Cuts: 72   276009   78.81%
   1816     0   276213.5973   253  1301081.0000      Cuts: 82   276340   78.77%
   1816     0   276467.6193   263  1301081.0000      Cuts: 60   276613   78.75%
   1816     0   276612.3092   259  1301081.0000      Cuts: 40   276766   78.74%
   1816     0   276786.8462   266  1301081.0000  ZeroHalf: 54   276970   78.73%
   1816     0   277009.1147   257  1301081.0000  ZeroHalf: 49   277182   78.71%
   1816     0   277315.0005   260  1301081.0000  ZeroHalf: 56   277376   78.69%
   1816     0   277611.9918   246  1301081.0000  ZeroHalf: 61   277617   78.66%
   1816     0   277845.1100   252  1301081.0000  ZeroHalf: 36   277826   78.65%
   1816     0   278149.1259   255  1301081.0000  ZeroHalf: 36   278083   78.62%
   1816     0   278435.3138   259  1301081.0000      Cuts: 71   278282   78.60%
   1816     0   278735.2975   257  1301081.0000      Cuts: 37   278519   78.58%
   1816     0   278964.7680   258  1301081.0000      Cuts: 55   278730   78.56%
   1816     0   279164.4111   257  1301081.0000      Cuts: 64   278932   78.54%
   1816     0   279435.4082   263  1301081.0000      Cuts: 70   279166   78.52%
   1816     0   279588.2457   265  1301081.0000      Cuts: 53   279326   78.51%
   1816     2   279588.2457   265  1301081.0000   279588.2457   279326   78.51%
   1817     3   279684.3421   258  1301081.0000   279684.8010   279438   78.50%
   1818     3   299650.0478   261  1301081.0000   279684.8010   279706   78.50%
   1819     4   279760.5934   252  1301081.0000   279762.1125   279551   78.50%
   1821     5   299748.6682   278  1301081.0000   279762.1125   279916   78.50%
   1822     5   336000.0346   208  1301081.0000   279762.1125   280647   78.50%
Elapsed time = 445.93 sec. (161366.36 ticks, tree = 0.02 MB, solutions = 22)
   1825     9   337298.9126   229  1301081.0000   279812.9788   281975   78.49%
   1829    15   302465.0926   249  1301081.0000   279967.4040   282766   78.48%
   1832    12   337385.9837   210  1301081.0000   279988.7240   282262   78.48%
   1834    14   280006.4978   269  1301081.0000   280004.0552   282443   78.48%
   1837    17   302702.6728   238  1301081.0000   280004.0552   282930   78.48%
   1838    18   280225.6815   251  1301081.0000   280004.0552   282947   78.48%
   1843    19   280576.4295   247  1301081.0000   280004.0552   283123   78.48%
   1847    24   302873.5490   221  1301081.0000   280004.0552   283341   78.48%
   1851    28   281134.1719   253  1301081.0000   280004.0552   285263   78.48%
   1856    26   300400.2007   245  1301081.0000   280004.0552   284541   78.48%
Elapsed time = 531.99 sec. (175651.53 ticks, tree = 3.52 MB, solutions = 22)
   1861    37   362056.8268   208  1301081.0000   280004.0552   290019   78.48%
   1865    37   339683.7340   215  1301081.0000   280004.0552   288842   78.48%
   1868    43   281556.4902   246  1301081.0000   280004.0552   290907   78.48%
   1874    48   303603.6826   228  1301081.0000   280004.0552   292622   78.48%
   1881    48   300479.5382   240  1301081.0000   280004.0552   291860   78.48%
   1890    64   300628.1364   224  1301081.0000   280004.0552   297964   78.48%
   1908    54   363906.4718   200  1301081.0000   280004.0552   295019   78.48%
   1924    71   300867.0831   241  1301081.0000   280004.0552   299924   78.48%
   1933    93   305308.6674   222  1301081.0000   280004.0552   305148   78.48%
   1951    95   361195.8070   206  1301081.0000   280004.0552   307429   78.48%
Elapsed time = 641.73 sec. (186540.62 ticks, tree = 11.68 MB, solutions = 22)
   1964   114   342338.5855   242  1301081.0000   280004.0552   315469   78.48%
   1985   122   335581.9588   216  1301081.0000   280004.0552   319878   78.48%
   2014   107   382725.5070   182  1301081.0000   280004.0552   310430   78.48%
   2046   153   302121.0077   218  1301081.0000   280004.0552   326741   78.48%
   2065   138   306667.1288   226  1301081.0000   280004.0552   322099   78.48%
   2101   207   345554.5784   231  1301081.0000   280004.0552   341184   78.48%
   2129   227   284912.6430   204  1301081.0000   280004.0552   345988   78.48%
   2162   266   305269.5449   222  1301081.0000   280004.0552   354007   78.48%
   2195   183   345320.5997   210  1301081.0000   280004.0552   334483   78.48%
   2216   274   310488.8954   225  1301081.0000   280004.0552   355850   78.48%
Elapsed time = 748.61 sec. (196416.78 ticks, tree = 14.24 MB, solutions = 22)
   2255   277   311786.1834   213  1301081.0000   280004.0552   356450   78.48%
   2285   344   377751.4862   194  1301081.0000   280004.0552   374138   78.48%
   2311   347   354365.3770   189  1301081.0000   280004.0552   375192   78.48%
   2335   322   396450.4364   216  1301081.0000   280004.0552   370222   78.48%
   2359   422   315024.0726   199  1301081.0000   280004.0552   391867   78.48%
   2392   427   340633.6908   201  1301081.0000   280004.0552   393399   78.48%
   2420   477   362482.1316   204  1301081.0000   280004.0552   409086   78.48%
   2454   522   378875.4754   212  1301081.0000   280004.0552   420698   78.48%
   2472   484   365450.2872   181  1301081.0000   280004.0552   410010   78.48%
   2495   609   322244.9811   243  1301081.0000   280004.0552   439672   78.48%
Elapsed time = 869.97 sec. (206510.78 ticks, tree = 19.80 MB, solutions = 22)
   2524   569   354402.2391   223  1301081.0000   280004.0552   432025   78.48%
   2539   594   366943.8094   183  1301081.0000   280004.0552   437575   78.48%
   2557   575   359314.7785   227  1301081.0000   280004.0552   434736   78.48%
   2585   677   361421.7718   188  1301081.0000   280004.0552   456850   78.48%
   2600   671   358746.1432   215  1301081.0000   280004.0552   454921   78.48%
   2619   702   382697.3401   212  1301081.0000   280004.0552   462283   78.48%
   2643   684   363957.9296   231  1301081.0000   280004.0552   458646   78.48%
   2663   681   362702.0544   265  1301081.0000   280004.0552   456942   78.48%
   2687   761   297508.2505   231  1301081.0000   280004.0552   475148   78.48%
   2704   767   330044.5530   216  1301081.0000   280004.0552   476483   78.48%
Elapsed time = 988.73 sec. (216357.40 ticks, tree = 34.35 MB, solutions = 22)
   2732   779   362316.5851   218  1301081.0000   280004.0552   481340   78.48%
   2749   808   381430.6503   186  1301081.0000   280004.0552   490467   78.48%
   2769   874   301118.7768   223  1301081.0000   280004.0552   508760   78.48%
   2786   815   384219.2030   209  1301081.0000   280004.0552   491467   78.48%
   2814   923   341915.3013   229  1301081.0000   280004.0552   520355   78.48%
   2823   799   334996.3984   215  1301081.0000   280004.0552   489741   78.48%
   2852   910   371717.8487   230  1301081.0000   280004.0552   521380   78.48%
   2876   953   339373.4735   199  1301081.0000   280004.0552   529336   78.48%
   2898   987   387087.8405   200  1301081.0000   280004.0552   540210   78.48%
   2917  1017   323828.9626   243  1301081.0000   280004.0552   544911   78.48%
Elapsed time = 1090.18 sec. (226453.09 ticks, tree = 37.45 MB, solutions = 22)
   2934  1056   379723.4969   228  1301081.0000   280004.0552   555478   78.48%
   2953  1018   323856.3651   228  1301081.0000   280004.0552   544974   78.48%
   2961   962   388780.7489   216  1301081.0000   280004.0552   532701   78.48%
   2974  1102   343738.5350   209  1301081.0000   280004.0552   567719   78.48%
   3000  1066   389661.5578   181  1301081.0000   280004.0552   557665   78.48%
   3017  1077   386177.1304   234  1301081.0000   280004.0552   559233   78.48%
   3043  1121   380952.2198   288  1301081.0000   280004.0552   573233   78.48%
   3071  1095   400864.2358   201  1301081.0000   280004.0552   565865   78.48%
   3078  1115   347964.8685   233  1301081.0000   280004.0552   571168   78.48%
   3148  1262   308309.1094   241  1301081.0000   280004.0552   609110   78.48%
Elapsed time = 1248.20 sec. (239427.00 ticks, tree = 51.41 MB, solutions = 22)
   3243  1271   337013.9100   210  1301081.0000   280004.0552   614556   78.48%
   3328  1398   314009.9867   258  1301081.0000   280004.0552   642568   78.48%
   3438  1438   409882.8067   229  1301081.0000   280004.0552   651485   78.48%
   3508  1638   342814.6262   229  1301081.0000   280004.0552   701276   78.48%
   3566  1552   435689.8845   213  1301081.0000   280004.0552   682305   78.48%
   3646  1758   416389.3221   198  1301081.0000   280004.0552   731449   78.48%
   3785  1759   346709.2247   233  1301081.0000   280004.0552   731841   78.48%
   3897  1849   474164.0965   230  1301081.0000   280004.0552   749106   78.48%
   4027  2010   456958.3799   157  1301081.0000   280004.0552   775469   78.48%
   4157  2176   460773.7100   156  1301081.0000   280004.0552   815497   78.48%
Elapsed time = 1694.19 sec. (278131.20 ticks, tree = 60.08 MB, solutions = 22)
   4262  2338   360984.1945   214  1301081.0000   280004.0552   844583   78.48%
   4388  2466   361448.8232   192  1301081.0000   280004.0552   868507   78.48%
   4524  2537   374619.5180   194  1301081.0000   280004.0552   876613   78.48%
   4680  2631   447200.1947   235  1301081.0000   280004.0552   894303   78.48%
   4839  2890   474060.0012   215  1301081.0000   280004.0552   919053   78.48%
   4988  2969   479306.6640   156  1301081.0000   280004.0552   928443   78.48%
   5125  3233   385970.3136   192  1301081.0000   280004.0552   951450   78.48%
   5277  3153   486865.5152   249  1301081.0000   280004.0552   946034   78.48%
   5401  3376   451574.1630   209  1301081.0000   280004.0552   963039   78.48%
   5562  3532   614051.7656   156  1301081.0000   280004.0552   973980   78.48%
Elapsed time = 2137.46 sec. (316508.58 ticks, tree = 529.56 MB, solutions = 22)
   5752  3698   521836.5882   175  1301081.0000   280004.0552   987210   78.48%
   5981  3837   628902.3342   199  1301081.0000   280004.0552   999131   78.48%
   6183  4078   462400.2675   169  1301081.0000   280004.0552  1016535   78.48%
   6399  4289   475875.9373   172  1301081.0000   280004.0552  1029785   78.48%
   6601  4563   708623.7500    94  1301081.0000   280004.0552  1043303   78.48%
   6794  4509   592182.6330   157  1301081.0000   280004.0552  1040659   78.48%
   7009  5045   653081.1000   122  1301081.0000   280004.0552  1068502   78.48%
   7308  5271   769234.5000   106  1301081.0000   280004.0552  1079761   78.48%
   7648  5500   716290.8000   149  1301081.0000   280004.0552  1090683   78.48%
   7957  5724   883668.0833   115  1301081.0000   280004.0552  1099660   78.48%
Elapsed time = 2529.95 sec. (354755.65 ticks, tree = 1620.62 MB, solutions = 22)
   8353  6047   895622.8500   140  1301081.0000   280004.0552  1113912   78.48%
   8748  6568   746081.6333   127  1301081.0000   280004.0552  1131132   78.48%
*  9032+ 6845                      1295539.0000   280004.0552            78.39%
   9043  6665  1015650.2500   152  1295539.0000   280004.0552  1135530   78.39%
   9466  7171   946529.1500   114  1295539.0000   280004.0552  1156706   78.39%
*  9866+ 7288                      1290218.0000   280004.0552            78.30%
   9953  7536  1292106.0000    65  1290218.0000   280004.0552  1168046   78.30%
* 10126+ 8047                      1289992.0000   280004.0552            78.29%
  10393  7739  1265155.5000    51  1289992.0000   280583.5200  1178160   78.25%
* 10561+ 8156                      1289877.0000   280583.5200            78.25%
  10793  8242   638021.6500   141  1289877.0000   280583.5200  1205262   78.25%
  11024  8816   349161.9179   226  1289877.0000   280583.5200  1221010   78.25%
  11315  9168  1199769.0000    70  1289877.0000   281799.1949  1242863   78.15%
  11607  9209   512286.8333   138  1289877.0000   281799.1949  1256257   78.15%
Elapsed time = 2882.98 sec. (393001.19 ticks, tree = 3340.09 MB, solutions = 27)
Nodefile size = 1262.98 MB (803.64 MB after compression)
  11933  9617   482986.8207   152  1289877.0000   282549.2387  1285675   78.09%
  12263  9927   989884.5625   154  1289877.0000   282549.2387  1314212   78.09%
  12535 10240   811792.5000   122  1289877.0000   282549.2387  1351575   78.09%
  12809 10686   560943.3121   152  1289877.0000   282596.1362  1401094   78.09%
  13138 10947  1099440.7500    72  1289877.0000   282596.1362  1424866   78.09%
  13556 10898   624835.1870   150  1289877.0000   282596.1362  1426679   78.09%
  14010 11245  1031543.6875   102  1289877.0000   282618.0472  1449019   78.09%
  14430 12166   860843.0000   106  1289877.0000   282618.0472  1517450   78.09%
Starting limited solution polishing.
  14872 12309   802336.4028   121  1289877.0000   282618.0472  1524895   78.09%
* 14921+12682                      1285827.0000   282618.0472            78.02%
* 15175+12608                      1284593.0000   282618.0472            78.00%
  15407 12381   867348.5000   132  1284593.0000   282618.0472  1527091   78.00%
Elapsed time = 3285.82 sec. (431233.08 ticks, tree = 4895.12 MB, solutions = 30)
Nodefile size = 2790.71 MB (1795.52 MB after compression)
  15735 13286   850687.1250   119  1284593.0000   282618.0472  1589578   78.00%
* 15743+13091                      1283511.0000   282618.0472            77.98%
* 15898+13127                      1282731.0000   282618.0472            77.97%
* 16053+13463                      1280234.0000   282618.0472            77.92%
  16128 13698  1050338.2500    86  1280234.0000   282618.0472  1608677   77.92%
* 16212+13829                      1279201.0000   282618.0472            77.91%
  16568 14154   924588.7500    87  1279201.0000   282618.0472  1628701   77.91%
  16739 14216   997299.8750   106  1279201.0000   282618.0472  1631529   77.91%
  17000 14674  1077576.2500   105  1279201.0000   282618.0472  1670194   77.91%
* 17219+14988                      1275852.0000   282618.0472            77.85%
  17236 14982  1288079.0000    61  1275852.0000   282618.0472  1691087   77.85%
* 17241+15035                      1273438.0000   282618.0472            77.81%
  17395 15192   585075.6744   155  1273438.0000   282618.0472  1710733   77.81%
* 17462+15202                      1273243.0000   282618.0472            77.80%
  17541 15247   310996.7688   221  1273243.0000   282618.0472  1717981   77.80%
* 17771+15323                      1269269.0000   282618.0472            77.73%
  17786 15480   807833.1667   110  1269269.0000   282618.0472  1739355   77.73%
  18029 15504   331763.7916   210  1269269.0000   284048.7247  1743433   77.62%
Elapsed time = 3542.85 sec. (469490.51 ticks, tree = 5957.30 MB, solutions = 38)
Nodefile size = 3899.38 MB (2454.00 MB after compression)
* 18135+15684                      1263952.0000   284048.7247            77.53%
* 18142+15684                      1261943.0000   284048.7247            77.49%
* 18173+15684                      1259122.0000   284048.7247            77.44%
  18181 15563   451842.9470   182  1259122.0000   284048.7247  1756933   77.44%
  18331 15793   344460.9144   221  1259122.0000   284609.3471  1777973   77.40%
  18396 15877   389659.2315   217  1259122.0000   284609.3471  1783166   77.40%

Implied bound cuts applied:  348
Zero-half cuts applied:  364
Lift and project cuts applied:  14

Root node processing (before b&c):
  Real time             =   84.03 sec. (56341.32 ticks)
Parallel b&c, 8 threads:
  Real time             = 3517.19 sec. (429637.37 ticks)
  Sync time (average)   =  661.66 sec.
  Wait time (average)   =    0.02 sec.
                          ------------
Total (root+branch&cut) = 3601.22 sec. (485978.68 ticks)
Status: Feasible
Obj: 1259122

Instalacoes abertas:
Instalação 0 aberta
Instalação 1 aberta
Instalação 4 aberta
Instalação 5 aberta
Instalação 7 aberta
Instalação 8 aberta
Instalação 9 aberta
Instalação 11 aberta
Instalação 13 aberta
Instalação 15 aberta
Instalação 16 aberta
Instalação 18 aberta
Instalação 19 aberta
Instalação 20 aberta
Instalação 22 aberta
Instalação 23 aberta
Instalação 24 aberta
Instalação 25 aberta
Instalação 28 aberta
Instalação 30 aberta
Instalação 31 aberta
Instalação 34 aberta
Instalação 35 aberta
Instalação 39 aberta
Instalação 42 aberta
Instalação 46 aberta
Instalação 47 aberta
Instalação 49 aberta

Atribuições (cliente -> instalação):
Cliente 0 -> Instalação 1
Cliente 1 -> Instalação 20
Cliente 2 -> Instalação 31
Cliente 3 -> Instalação 39
Cliente 4 -> Instalação 35
Cliente 5 -> Instalação 5
Cliente 6 -> Instalação 30
Cliente 7 -> Instalação 7
Cliente 8 -> Instalação 8
Cliente 9 -> Instalação 42
Cliente 10 -> Instalação 49
Cliente 11 -> Instalação 11
Cliente 12 -> Instalação 20
Cliente 13 -> Instalação 28
Cliente 14 -> Instalação 9
Cliente 15 -> Instalação 0
Cliente 16 -> Instalação 31
Cliente 17 -> Instalação 22
Cliente 18 -> Instalação 18
Cliente 19 -> Instalação 49
Cliente 20 -> Instalação 8
Cliente 21 -> Instalação 13
Cliente 22 -> Instalação 11
Cliente 23 -> Instalação 34
Cliente 24 -> Instalação 24
Cliente 25 -> Instalação 25
Cliente 26 -> Instalação 19
Cliente 27 -> Instalação 34
Cliente 28 -> Instalação 28
Cliente 29 -> Instalação 23
Cliente 30 -> Instalação 30
Cliente 31 -> Instalação 22
Cliente 32 -> Instalação 1
Cliente 33 -> Instalação 4
Cliente 34 -> Instalação 42
Cliente 35 -> Instalação 16
Cliente 36 -> Instalação 0
Cliente 37 -> Instalação 39
Cliente 38 -> Instalação 9
Cliente 39 -> Instalação 5
Cliente 40 -> Instalação 24
Cliente 41 -> Instalação 35
Cliente 42 -> Instalação 16
Cliente 43 -> Instalação 18
Cliente 44 -> Instalação 47
Cliente 45 -> Instalação 46
Cliente 46 -> Instalação 4
Cliente 47 -> Instalação 47
Cliente 48 -> Instalação 13
Cliente 49 -> Instalação 15
