Version identifier: 22.1.1.0 | 2022-11-28 | 9160aff4d
CPXPARAM_TimeLimit                               3600
Found incumbent of value 2480850.000000 after 0.00 sec. (3.71 ticks)
Tried aggregator 1 time.
MIP Presolve eliminated 50 rows and 1 columns.
Reduced MIP has 57650 rows, 3652 columns, and 172850 nonzeros.
Reduced MIP has 3652 binaries, 0 generals, 0 SOSs, and 0 indicators.
Presolve time = 0.09 sec. (75.96 ticks)
Probing time = 0.03 sec. (8.37 ticks)
Tried aggregator 1 time.
Detecting symmetries...
Reduced MIP has 57650 rows, 3652 columns, and 172850 nonzeros.
Reduced MIP has 3652 binaries, 0 generals, 0 SOSs, and 0 indicators.
Presolve time = 0.11 sec. (92.53 ticks)
Probing time = 0.04 sec. (8.46 ticks)
Clique table members: 2500.
MIP emphasis: balance optimality and feasibility.
MIP search method: dynamic search.
Parallel mode: deterministic, using up to 8 threads.
Root relaxation solution time = 0.21 sec. (83.72 ticks)

        Nodes                                         Cuts/
   Node  Left     Objective  IInf  Best Integer    Best Bound    ItCnt     Gap

*     0+    0                      2480850.0000        0.0000           100.00%
*     0+    0                      2407123.0000        0.0000           100.00%
*     0+    0                      2278249.0000        0.0000           100.00%
      0     0    93774.0000   100  2278249.0000    93774.0000      175   95.88%
      0     0   106217.5000   100  2278249.0000    Cuts: 2842      428   95.34%
      0     0   118774.0000    98  2278249.0000    Cuts: 2855      722   94.79%
      0     0   131217.5000    98  2278249.0000    Cuts: 1177     1942   94.24%
*     0+    0                      2278105.0000   131217.5000            94.24%
      0     0  -1.00000e+75     0  2278105.0000   131217.5000     1942   94.24%
      0     0   138265.7500   178  2278105.0000 ZeroHalf: 1212     3251   93.93%
      0     0   147581.6944   181  2278105.0000     Cuts: 750     4414   93.52%
Detecting symmetries...
*     0+    0                      1357267.0000   147581.6944            89.13%
      0     0   153847.5325   198  1357267.0000     Cuts: 524     5024   88.66%
*     0+    0                      1199653.0000   153847.5325            87.18%
      0     0  -1.00000e+75     0  1199653.0000   153847.5325     5024   87.18%
      0     0   158092.4334   229  1199653.0000     Cuts: 427     5538   86.82%
      0     0   162698.3695   214  1199653.0000     Cuts: 680     6189   86.44%
      0     0   165867.4660   202  1199653.0000     Cuts: 471     6776   86.17%
      0     0   168128.7049   195  1199653.0000     Cuts: 174     7105   85.99%
      0     0   171394.6957   221  1199653.0000     Cuts: 480     7768   85.71%
      0     0   173422.8272   218  1199653.0000     Cuts: 181     8185   85.54%
      0     0   175728.8982   194  1199653.0000     Cuts: 249     8645   85.35%
*     0+    0                       914854.0000   175728.8982            80.79%
      0     0   177932.0169   237   914854.0000     Cuts: 321     9221   80.55%
      0     0   179537.1733   232   914854.0000     Cuts: 110     9606   80.38%
      0     0   181233.8486   199   914854.0000     Cuts: 183    10011   80.19%
      0     0   182441.1913   231   914854.0000     Cuts: 269    10514   80.06%
      0     0   183726.2312   194   914854.0000     Cuts: 112    10939   79.92%
      0     0   185040.1942   206   914854.0000     Cuts: 377    11305   79.77%
      0     0   186538.7590   197   914854.0000     Cuts: 118    11740   79.61%
      0     0   188646.0955   194   914854.0000     Cuts: 102    12204   79.38%
      0     0   189780.0974   208   914854.0000     Cuts: 118    12574   79.26%
      0     0   190684.5269   229   914854.0000      Cuts: 93    12967   79.16%
      0     0   191841.0365   226   914854.0000     Cuts: 145    13347   79.03%
      0     0   192984.7659   195   914854.0000     Cuts: 351    13719   78.91%
      0     0   194258.3844   231   914854.0000     Cuts: 115    14205   78.77%
      0     0   195423.1088   225   914854.0000     Cuts: 121    14669   78.64%
      0     0   196482.6888   216   914854.0000     Cuts: 152    14972   78.52%
      0     0   197469.4035   226   914854.0000     Cuts: 152    15298   78.42%
      0     0   198626.9757   195   914854.0000     Cuts: 152    15714   78.29%
      0     0   199645.0670   220   914854.0000     Cuts: 104    16061   78.18%
      0     0   200069.2877   227   914854.0000      Cuts: 60    16219   78.13%
      0     0   200834.2999   227   914854.0000      Cuts: 90    16531   78.05%
      0     0   201768.0065   221   914854.0000     Cuts: 186    16897   77.95%
      0     0   202646.1639   213   914854.0000      Cuts: 91    17259   77.85%
      0     0   203379.3339   238   914854.0000     Cuts: 206    17672   77.77%
      0     0   203876.9030   216   914854.0000     Cuts: 125    17976   77.71%
      0     0   204357.3657   212   914854.0000  ZeroHalf: 40    18183   77.66%
      0     0   205017.9777   225   914854.0000     Cuts: 139    18581   77.59%
      0     0   205623.5328   222   914854.0000      Cuts: 42    18863   77.52%
      0     0   206246.4823   236   914854.0000     Cuts: 157    19169   77.46%
      0     0   206904.9072   205   914854.0000     Cuts: 151    19464   77.38%
      0     0   207660.5261   224   914854.0000     Cuts: 149    19824   77.30%
      0     0   208048.9835   229   914854.0000     Cuts: 126    20119   77.26%
      0     0   208541.5684   232   914854.0000      Cuts: 44    20330   77.20%
      0     0   208991.9247   233   914854.0000      Cuts: 88    20532   77.16%
      0     0   209373.4954   231   914854.0000      Cuts: 52    20773   77.11%
      0     0   210054.8278   233   914854.0000      Cuts: 56    21135   77.04%
      0     0   210566.0462   223   914854.0000     Cuts: 106    21476   76.98%
      0     0   210959.0030   236   914854.0000      Cuts: 55    21769   76.94%
      0     0   211331.9040   228   914854.0000      Cuts: 80    22086   76.90%
      0     0   211781.3185   221   914854.0000      Cuts: 69    22300   76.85%
      0     0   212077.9403   232   914854.0000      Cuts: 51    22524   76.82%
      0     0   212541.2992   235   914854.0000      Cuts: 77    22795   76.77%
      0     0   212974.8310   227   914854.0000      Cuts: 91    23035   76.72%
      0     0   213255.5026   229   914854.0000      Cuts: 67    23277   76.69%
      0     0   213561.5195   231   914854.0000      Cuts: 94    23515   76.66%
      0     0   214050.8540   226   914854.0000      Cuts: 42    23731   76.60%
      0     0   214557.5551   226   914854.0000      Cuts: 76    24012   76.55%
      0     0   214866.0396   227   914854.0000      Cuts: 77    24193   76.51%
      0     0   215243.0301   260   914854.0000      Cuts: 72    24479   76.47%
      0     0   215520.4116   242   914854.0000     Cuts: 137    24671   76.44%
      0     0   215770.2397   217   914854.0000     Cuts: 125    24835   76.41%
      0     0   216066.2172   230   914854.0000      Cuts: 88    25030   76.38%
      0     0   216654.3172   219   914854.0000  ZeroHalf: 56    25340   76.32%
      0     0   217142.0768   222   914854.0000      Cuts: 75    25634   76.26%
      0     0   217616.4420   227   914854.0000     Cuts: 128    25944   76.21%
      0     0   217923.9773   227   914854.0000      Cuts: 61    26162   76.18%
      0     0   218280.7401   222   914854.0000     Cuts: 103    26477   76.14%
      0     0   218707.5734   223   914854.0000  ZeroHalf: 61    26768   76.09%
      0     0   219085.1234   229   914854.0000      Cuts: 69    27080   76.05%
      0     0   219282.4545   235   914854.0000      Cuts: 80    27251   76.03%
      0     0   219429.0563   224   914854.0000      Cuts: 32    27360   76.01%
      0     0   219695.7598   231   914854.0000      Cuts: 56    27512   75.99%
      0     0   219910.3384   224   914854.0000      Cuts: 95    27754   75.96%
      0     0   220108.5336   246   914854.0000      Cuts: 54    27968   75.94%
      0     0   220363.4061   232   914854.0000      Cuts: 54    28182   75.91%
      0     0   220672.9602   232   914854.0000      Cuts: 84    28452   75.88%
      0     0   220862.6123   233   914854.0000      Cuts: 51    28577   75.86%
      0     0   221137.9820   231   914854.0000      Cuts: 37    28809   75.83%
      0     0   221452.5620   249   914854.0000      Cuts: 77    29075   75.79%
*     0+    0                       889696.0000   221452.5620            75.11%
      0     0   221747.9071   220   889696.0000     Cuts: 110    29308   75.08%
      0     0   222119.3830   229   889696.0000      Cuts: 80    29495   75.03%
      0     0   222370.5076   228   889696.0000      Cuts: 33    29707   75.01%
      0     0   222693.2158   231   889696.0000      Cuts: 48    29950   74.97%
      0     0   223051.8395   235   889696.0000      Cuts: 66    30145   74.93%
      0     0   223191.3173   237   889696.0000      Cuts: 52    30262   74.91%
Detecting symmetries...
      0     2   223191.3173   237   889696.0000   223191.3173    30262   74.91%
Elapsed time = 57.79 sec. (41133.40 ticks, tree = 0.02 MB, solutions = 8)
      2     4   223373.5711   242   889696.0000   223193.3992    30469   74.91%
      6     5   236127.7351   194   889696.0000   223196.3630    31084   74.91%
     11    13   258022.4654   190   889696.0000   223569.4420    34874   74.87%
     18    14   271480.9556   175   889696.0000   223569.4420    34661   74.87%
     26    16   257979.8653   173   889696.0000   223569.4420    36399   74.87%
     31    31   264708.7638   180   889696.0000   223569.4420    40558   74.87%
     34    26   285760.4499   158   889696.0000   223569.4420    39801   74.87%
     39    38   274754.2812   165   889696.0000   223569.4420    43983   74.87%
     44    45   283650.0992   188   889696.0000   223729.0598    47116   74.85%
     70    42   262056.8728   186   889696.0000   224106.8944    45513   74.81%
Elapsed time = 95.65 sec. (44838.25 ticks, tree = 0.16 MB, solutions = 8)
    105    95   236968.8620   185   889696.0000   224356.5205    68526   74.78%
    138   120   444958.0000    80   889696.0000   224356.5205    77870   74.78%
    205   195   361748.2750   131   889696.0000   224356.5205    98966   74.78%
    324   267   855007.5000    29   889696.0000   224356.5205   108679   74.78%
*   442+  271                       885176.0000   224356.5205            74.65%
    447   400   690626.5000    52   885176.0000   224356.5205   128095   74.65%
    597   508   861056.0000    25   885176.0000   224356.5205   139511   74.65%
    710   646   295205.5200   169   885176.0000   224356.5205   155365   74.65%
    813   715   740423.5000    51   885176.0000   224356.5205   166419   74.65%
    889   757   400451.3056   150   885176.0000   224356.5205   171552   74.65%
    936   873   529966.8889   108   885176.0000   224356.5205   186330   74.65%
Elapsed time = 185.25 sec. (54447.80 ticks, tree = 121.12 MB, solutions = 9)
   1010   870   273141.9648   189   885176.0000   224356.5205   189738   74.65%
   1087   943   332534.6174   181   885176.0000   224356.5205   202008   74.65%
   1139  1048   416899.6084   151   885176.0000   224356.5205   224728   74.65%
   1195  1132   636709.7500    83   885176.0000   224356.5205   242482   74.65%
   1289  1175   859594.0000    28   885176.0000   224356.5205   244654   74.65%
   1348  1218   261152.5675   209   885176.0000   224356.5205   260295   74.65%
   1437  1360   444207.0625   153   885176.0000   224356.5205   294256   74.65%
   1577  1368   540148.0000   136   885176.0000   224356.5205   294060   74.65%
   1700  1488   786241.7500    66   885176.0000   224356.5205   307668   74.65%

Performing restart 1

Repeating presolve.
Tried aggregator 1 time.
MIP Presolve eliminated 668 rows and 18 columns.
Reduced MIP has 56982 rows, 3634 columns, and 170846 nonzeros.
Reduced MIP has 3634 binaries, 0 generals, 0 SOSs, and 0 indicators.
Presolve time = 0.08 sec. (77.47 ticks)
Tried aggregator 1 time.
Reduced MIP has 56982 rows, 3634 columns, and 170846 nonzeros.
Reduced MIP has 3634 binaries, 0 generals, 0 SOSs, and 0 indicators.
Presolve time = 0.10 sec. (94.63 ticks)
Represolve time = 0.29 sec. (248.12 ticks)
*  1753+    0                       882671.0000   224356.5205            74.58%
   1753     0   223633.9981   241   882671.0000     Cuts: 132   340026   74.58%
   1753     0   224061.8589   241   882671.0000     Cuts: 101   340354   74.58%
   1753     0   224524.9826   236   882671.0000     Cuts: 105   340723   74.56%
   1753     0   225055.4985   241   882671.0000     Cuts: 155   341042   74.50%
   1753     0   225835.8216   233   882671.0000     Cuts: 130   341389   74.41%
   1753     0   226230.0187   237   882671.0000     Cuts: 131   341690   74.37%
   1753     0   226665.1164   246   882671.0000     Cuts: 123   341934   74.32%
   1753     0   227304.7151   234   882671.0000     Cuts: 137   342264   74.25%
   1753     0   227822.4226   229   882671.0000     Cuts: 118   342677   74.19%
   1753     0   228287.9960   263   882671.0000      Cuts: 98   343020   74.14%
   1753     0   228633.0968   253   882671.0000      Cuts: 71   343362   74.10%
   1753     0   229230.6086   257   882671.0000     Cuts: 107   343789   74.03%
   1753     0   229815.7580   250   882671.0000      Cuts: 91   344066   73.96%
   1753     0   230416.5883   261   882671.0000     Cuts: 120   344396   73.90%
   1753     0   231601.4128   238   882671.0000      Cuts: 60   344782   73.76%
   1753     0   232583.7373   237   882671.0000     Cuts: 105   345254   73.65%
   1753     0   233191.3026   234   882671.0000     Cuts: 100   345541   73.58%
   1753     0   234027.3307   237   882671.0000      Cuts: 99   345954   73.49%
   1753     0   234610.7001   237   882671.0000      Cuts: 97   346258   73.42%
   1753     0   235489.6764   237   882671.0000     Cuts: 107   346710   73.32%
   1753     0   236206.1684   233   882671.0000     Cuts: 126   346982   73.24%
   1753     0   236765.1138   226   882671.0000      Cuts: 81   347272   73.18%
   1753     0   237331.2413   222   882671.0000      Cuts: 86   347609   73.11%
   1753     0   238128.5623   220   882671.0000      Cuts: 91   347883   73.02%
   1753     0   238834.8331   224   882671.0000     Cuts: 103   348215   72.94%
   1753     0   239228.0498   224   882671.0000     Cuts: 116   348531   72.90%
   1753     0   239623.7147   236   882671.0000      Cuts: 96   348815   72.85%
   1753     0   240099.9066   225   882671.0000      Cuts: 90   349131   72.80%
   1753     0   240699.2158   240   882671.0000      Cuts: 92   349424   72.73%
   1753     0   241172.9035   235   882671.0000      Cuts: 43   349743   72.68%
   1753     0   241503.8913   223   882671.0000     Cuts: 112   349990   72.64%
   1753     0   242067.4552   243   882671.0000      Cuts: 68   350340   72.58%
   1753     0   242787.5812   228   882671.0000      Cuts: 96   350843   72.49%
   1753     0   243224.1117   225   882671.0000     Cuts: 113   351166   72.44%
   1753     0   243618.2666   234   882671.0000      Cuts: 86   351475   72.40%
   1753     0   244153.1741   244   882671.0000      Cuts: 96   351860   72.34%
   1753     0   244508.3225   252   882671.0000      Cuts: 79   352155   72.30%
   1753     0   244756.0791   247   882671.0000      Cuts: 65   352395   72.27%
   1753     0   245003.8324   252   882671.0000      Cuts: 59   352649   72.24%
   1753     0   245148.0696   248   882671.0000      Cuts: 88   352831   72.23%
   1753     0   245354.4698   230   882671.0000      Cuts: 44   353079   72.20%
   1753     0   245609.5368   250   882671.0000      Cuts: 91   353330   72.17%
   1753     0   245870.1672   240   882671.0000      Cuts: 58   353563   72.14%
   1753     0   246192.4797   232   882671.0000      Cuts: 52   353840   72.11%
   1753     0   246377.5679   237   882671.0000      Cuts: 78   354032   72.09%
   1753     0   246516.0660   235   882671.0000      Cuts: 61   354184   72.07%
   1753     0   246650.4514   231   882671.0000      Cuts: 40   354401   72.06%
   1753     0   246896.6494   258   882671.0000      Cuts: 93   354649   72.03%
   1753     0   247203.6354   260   882671.0000  ZeroHalf: 44   354922   71.99%
   1753     0   247456.7061   251   882671.0000      Cuts: 72   355171   71.97%
   1753     0   247906.1197   246   882671.0000      Cuts: 60   355443   71.91%
   1753     0   248168.6734   249   882671.0000      Cuts: 56   355685   71.88%
   1753     0   248486.8392   243   882671.0000      Cuts: 71   355926   71.85%
   1753     0   248802.9369   253   882671.0000      Cuts: 55   356208   71.81%
   1753     0   249064.8941   232   882671.0000      Cuts: 71   356407   71.78%
   1753     0   249397.7334   228   882671.0000  ZeroHalf: 49   356682   71.75%
   1753     0   249899.6125   232   882671.0000      Cuts: 97   357083   71.69%
   1753     0   250292.9368   247   882671.0000      Cuts: 81   357470   71.64%
   1753     0   250468.4921   258   882671.0000      Cuts: 77   357654   71.62%
   1753     0   250721.3844   248   882671.0000  ZeroHalf: 53   357910   71.60%
   1753     0   250899.0125   247   882671.0000  ZeroHalf: 58   358086   71.58%
   1753     0   251054.7685   251   882671.0000      Cuts: 74   358259   71.56%
   1753     0   251269.3973   247   882671.0000      Cuts: 34   358520   71.53%
   1753     0   251499.6247   245   882671.0000      Cuts: 70   358746   71.51%
   1753     0   251752.8111   250   882671.0000      Cuts: 57   358943   71.48%
   1753     0   252026.7104   255   882671.0000      Cuts: 50   359156   71.45%
   1753     0   252324.3397   245   882671.0000      Cuts: 50   359418   71.41%
   1753     0   252586.8435   250   882671.0000      Cuts: 54   359692   71.38%
   1753     0   252811.1789   249   882671.0000      Cuts: 79   359926   71.36%
   1753     0   253028.3352   245   882671.0000      Cuts: 34   360063   71.33%
   1753     0   253396.2324   246   882671.0000      Cuts: 84   360350   71.29%
   1753     0   253913.8088   243   882671.0000  ZeroHalf: 81   360688   71.23%
   1753     0   254172.6308   241   882671.0000      Cuts: 58   360910   71.20%
   1753     0   254311.9942   250   882671.0000  ZeroHalf: 42   361137   71.19%
   1753     0   254409.2230   244   882671.0000  ZeroHalf: 41   361270   71.18%
   1753     0   254566.1402   251   882671.0000      Cuts: 39   361406   71.16%
   1753     0   254746.7677   250   882671.0000  ZeroHalf: 36   361611   71.14%
   1753     0   254960.0667   255   882671.0000  ZeroHalf: 70   361783   71.11%
   1753     0   255101.1988   249   882671.0000      Cuts: 52   361930   71.10%
   1753     2   255101.1988   249   882671.0000   255101.1988   361930   71.10%
Elapsed time = 403.15 sec. (126839.65 ticks, tree = 0.02 MB, solutions = 10)
   1754     3   255379.4295   238   882671.0000   255381.3662   362115   71.07%
   1756     5   255588.1922   233   882671.0000   255589.5141   362436   71.04%
   1759     8   255962.2567   236   882671.0000   255962.3678   363476   71.00%
   1768    13   277825.8302   214   882671.0000   255964.8692   364385   71.00%
   1785    16   257047.6380   231   882671.0000   255964.8692   364259   71.00%
   1805    44   283994.7776   201   882671.0000   255964.8692   369957   71.00%
   1842    74   283460.5882   196   882671.0000   255964.8692   374830   71.00%
   1879   110   260980.2266   229   882671.0000   255964.8692   380347   71.00%
   1944   142   286346.7707   201   882671.0000   262593.9995   385838   70.25%
   2008   215   280022.1727   219   882671.0000   262593.9995   396657   70.25%
Elapsed time = 490.54 sec. (139469.25 ticks, tree = 2.71 MB, solutions = 10)
   2054   243   269505.3180   202   882671.0000   262593.9995   400618   70.25%
   2101   288   290216.5983   188   882671.0000   262593.9995   405783   70.25%
   2155   373   291330.2064   223   882671.0000   262593.9995   418669   70.25%
   2237   401   303174.3681   202   882671.0000   262593.9995   422480   70.25%
   2292   457   298052.8617   208   882671.0000   262593.9995   430101   70.25%
   2325   461   299790.1342   205   882671.0000   262593.9995   430576   70.25%
   2349   525   286053.3186   201   882671.0000   262593.9995   439648   70.25%
   2364   577   307147.4184   155   882671.0000   262593.9995   451016   70.25%
   2395   584   302722.7973   218   882671.0000   262593.9995   451565   70.25%
   2455   620   324083.3386   176   882671.0000   262593.9995   456964   70.25%
Elapsed time = 578.67 sec. (149274.64 ticks, tree = 5.61 MB, solutions = 10)
   2483   639   322750.8357   178   882671.0000   262593.9995   459920   70.25%
   2504   715   315461.7385   206   882671.0000   262593.9995   473337   70.25%
   2534   667   324404.6247   162   882671.0000   262593.9995   466127   70.25%
   2537   741   331597.3200   190   882671.0000   262593.9995   477435   70.25%
   2552   646   311957.0994   207   882671.0000   262593.9995   464192   70.25%
   2583   803   320413.7405   201   882671.0000   262593.9995   486759   70.25%
   2613   790   324956.6724   186   882671.0000   262593.9995   484500   70.25%
   2639   770   338604.8169   184   882671.0000   262593.9995   482949   70.25%
   2666   836   315309.1040   206   882671.0000   262593.9995   493207   70.25%
   2693   889   328498.6499   181   882671.0000   262593.9995   500033   70.25%
Elapsed time = 682.84 sec. (159229.07 ticks, tree = 7.63 MB, solutions = 10)
   2733   917   328759.5099   244   882671.0000   262593.9995   504682   70.25%
   2779   956   320141.7442   218   882671.0000   262593.9995   509507   70.25%
   2803   905   325289.5093   196   882671.0000   262593.9995   501832   70.25%
   2837  1024   329924.8497   207   882671.0000   262593.9995   518367   70.25%
   2872  1036   334144.8290   172   882671.0000   262593.9995   519504   70.25%
   2895  1050   337502.0772   186   882671.0000   262593.9995   522422   70.25%
   2926  1082   310570.0912   191   882671.0000   262593.9995   526661   70.25%
   2950  1137   353478.4782   167   882671.0000   262593.9995   535334   70.25%
   2972  1153   352416.6283   203   882671.0000   262593.9995   539224   70.25%
   3011  1218   343425.8015   190   882671.0000   262593.9995   548685   70.25%
Elapsed time = 785.05 sec. (169122.67 ticks, tree = 10.34 MB, solutions = 10)
   3053  1231   346905.0588   220   882671.0000   262593.9995   549471   70.25%
   3104  1253   356690.0908   221   882671.0000   262593.9995   559274   70.25%
   3146  1239   372943.9797   238   882671.0000   262593.9995   550454   70.25%
   3179  1256   372103.0530   208   882671.0000   262593.9995   558398   70.25%
   3228  1392   357832.9107   166   882671.0000   262593.9995   578444   70.25%
   3267  1377   347370.3973   201   882671.0000   262593.9995   580260   70.25%
   3292  1438   369284.2845   190   882671.0000   262593.9995   585833   70.25%
   3322  1413   390323.0696   172   882671.0000   262593.9995   581540   70.25%
   3348  1532   355463.0481   184   882671.0000   262593.9995   596118   70.25%
   3382  1521   337388.0959   224   882671.0000   262593.9995   595152   70.25%
Elapsed time = 896.51 sec. (179002.58 ticks, tree = 31.28 MB, solutions = 10)
   3459  1582   358281.5504   209   882671.0000   262593.9995   602227   70.25%
   3530  1599   379471.3915   225   882671.0000   262593.9995   606316   70.25%
   3593  1641   414329.7500   109   882671.0000   262593.9995   610456   70.25%
   3655  1771   383688.6143   202   882671.0000   262593.9995   621960   70.25%
   3735  1719   409956.1429   183   882671.0000   262593.9995   617221   70.25%
   3793  1719   412896.3688   181   882671.0000   262593.9995   615878   70.25%
   3844  1828   436190.2134   167   882671.0000   262593.9995   628199   70.25%
   3885  1998   415292.2787   146   882671.0000   262593.9995   643355   70.25%
   3959  2006   437561.5000    97   882671.0000   262593.9995   642491   70.25%
   4040  2130   466050.0000    98   882671.0000   262593.9995   653392   70.25%
Elapsed time = 1001.31 sec. (188677.17 ticks, tree = 230.63 MB, solutions = 10)
   4121  2170   424971.5931   151   882671.0000   262593.9995   655390   70.25%
   4205  2160   472075.2500   111   882671.0000   262593.9995   654252   70.25%
   4296  2174   428426.3405   199   882671.0000   262593.9995   660217   70.25%
   4393  2295   439758.1742   191   882671.0000   262593.9995   663981   70.25%
   4472  2465   452446.3500   151   882671.0000   262593.9995   670739   70.25%
   4538  2548   396989.5409   215   882671.0000   262593.9995   677551   70.25%
   4642  2523   438835.8563   200   882671.0000   262593.9995   675842   70.25%
   4710  2681   511713.0519   163   882671.0000   262593.9995   679761   70.25%
   4788  2804   504502.0000    91   882671.0000   262593.9995   688814   70.25%
   5077  3094   490364.0000   101   882671.0000   262593.9995   703388   70.25%
Elapsed time = 1132.26 sec. (201144.22 ticks, tree = 660.28 MB, solutions = 10)
   5410  3427   541078.2500   116   882671.0000   262593.9995   716136   70.25%
   5804  3891   640009.5000    91   882671.0000   262593.9995   731851   70.25%
   6351  4174   722999.5000    85   882671.0000   262593.9995   738546   70.25%
   6963  4621   714284.5000    85   882671.0000   263579.9692   751383   70.14%
   7428  5145   674257.3698   197   882671.0000   265602.2440   770179   69.91%
   7707  5664   330208.1668   172   882671.0000   265602.2440   803775   69.91%
   8052  5847   405540.3333   169   882671.0000   266289.5789   820659   69.83%
   8365  6295   662811.7500    92   882671.0000   267792.3097   866788   69.66%
   8736  6680   660709.8235   131   882671.0000   267792.3097   910177   69.66%
   9194  7099   689664.0000    80   882671.0000   267792.3097   950664   69.66%
Elapsed time = 1506.46 sec. (239490.98 ticks, tree = 2335.19 MB, solutions = 10)
Nodefile size = 276.53 MB (169.37 MB after compression)
   9803  7507   780466.5000    90   882671.0000   267792.3097   974945   69.66%
  10496  8105   760631.1667    97   882671.0000   267792.3097  1003019   69.66%
  10896  8498   320062.5404   181   882671.0000   268628.0551  1025345   69.57%
  11139  9123   320069.8401   201   882671.0000   269531.6620  1070815   69.46%
  11388  9148   342253.5928   201   882671.0000   271307.9341  1073304   69.26%
  11652  9589   333973.5603   220   882671.0000   271307.9341  1130210   69.26%
  12000  9822   369818.8166   207   882671.0000   271307.9341  1158655   69.26%
  12368 10110   307421.5393   199   882671.0000   271307.9341  1186421   69.26%
  12695 10549   444434.2901   194   882671.0000   272774.5458  1223515   69.10%
  13028 10893   364117.0918   220   882671.0000   273253.1897  1259884   69.04%
Elapsed time = 1859.01 sec. (277721.53 ticks, tree = 3791.47 MB, solutions = 10)
Nodefile size = 1734.59 MB (1082.00 MB after compression)
  13328 11263   340314.0775   213   882671.0000   273253.1897  1293467   69.04%
  13635 11417   420611.6910   228   882671.0000   273581.5271  1305680   69.01%
  13942 11627   444776.4773   220   882671.0000   273732.1403  1325931   68.99%
  14245 12080   417228.1152   232   882671.0000   273732.1403  1363756   68.99%
  14532 12305   353788.6971   187   882671.0000   273847.7505  1385815   68.98%
  14866 12819   392383.0502   189   882671.0000   274450.0699  1442042   68.91%
  15221 12978   428263.1980   208   882671.0000   274450.0699  1456536   68.91%
  15540 13194   480188.9092   249   882671.0000   274450.0699  1476253   68.91%
  15862 13650   279971.3633   211   882671.0000   275110.4573  1516958   68.83%
  16135 13773   327979.1169   213   882671.0000   275586.2541  1534234   68.78%
Elapsed time = 2243.55 sec. (315946.61 ticks, tree = 4574.26 MB, solutions = 10)
Nodefile size = 2513.41 MB (1553.43 MB after compression)
  16452 14234   374537.5015   190   882671.0000   275602.2902  1584742   68.78%
* 16736+14472                       856161.0000   275647.9968            67.80%
  16770 14427   670189.5000    68   856161.0000   275647.9968  1604708   67.80%
  17136 14661   792369.0000    54   856161.0000   275731.4287  1652508   67.79%
  17508 14943   346194.8891   218   856161.0000   275747.0859  1691471   67.79%
  17876 15251   804189.8333    84   856161.0000   275779.6320  1711637   67.79%
* 18034+15285                       849760.0000   275779.6320            67.55%
  18162 15498   386275.2165   225   849760.0000   275779.6320  1743643   67.55%
  18482 15944   419877.6239   256   849760.0000   276111.4025  1782711   67.51%
  18798 15997   453911.6327   216   849760.0000   276193.9168  1786429   67.50%
  19120 16646   438674.1566   242   849760.0000   276193.9168  1853110   67.50%
  19418 16850   438338.7188   207   849760.0000   276193.9168  1875557   67.50%
Elapsed time = 2587.23 sec. (354216.86 ticks, tree = 5744.85 MB, solutions = 14)
Nodefile size = 3685.99 MB (2282.55 MB after compression)
  19775 17087   502617.5756   207   849760.0000   276403.8380  1900794   67.47%
  20117 17453   361642.3714   188   849760.0000   276500.8300  1940217   67.46%
  20374 17997   384399.7170   219   849760.0000   276706.1511  1989635   67.44%
  20699 18077   428472.8125   215   849760.0000   276742.2802  1999027   67.43%
  21047 18217   452938.9405   188   849760.0000   276831.0773  2014353   67.42%
  21389 18594   482260.9073   207   849760.0000   276960.5731  2051388   67.41%
  21680 18867   363288.7899   205   849760.0000   277057.5392  2080267   67.40%
  21951 19416   390629.9731   247   849760.0000   277126.5313  2131836   67.39%
  22267 19619   371272.1293   250   849760.0000   277235.6250  2157680   67.37%
  22568 19940   427502.8847   244   849760.0000   277289.1307  2190178   67.37%
Elapsed time = 2971.84 sec. (392488.39 ticks, tree = 6733.86 MB, solutions = 14)
Nodefile size = 4660.62 MB (2885.26 MB after compression)
  22896 20486   463727.9989   197   849760.0000   277289.1307  2243632   67.37%
  23182 20634   300130.8140   205   849760.0000   277301.3241  2257693   67.37%
  23466 20790   452542.9484   195   849760.0000   277306.4355  2272523   67.37%
  23765 20935   469004.6667   136   849760.0000   277444.3012  2298992   67.35%
  24119 21445   784248.0000    62   849760.0000   277444.3012  2350917   67.35%
  24469 21975   309437.5723   212   849760.0000   277711.1815  2405258   67.32%
  24812 22096   500263.0289   216   849760.0000   277714.3970  2415382   67.32%
Starting limited solution polishing.
  25145 22214   777303.0000    89   849760.0000   277741.7838  2427638   67.32%
* 25151+22321                       833006.0000   277741.7838            66.66%
  25433 22598   319843.8753   213   833006.0000   277774.3884  2492565   66.65%
  25932 22962   462653.2085   219   833006.0000   277774.3884  2535429   66.65%
Elapsed time = 3348.92 sec. (430692.50 ticks, tree = 7517.28 MB, solutions = 15)
Nodefile size = 5441.56 MB (3368.49 MB after compression)
  26187 23247   337991.9935   213   833006.0000   277785.8942  2570455   66.65%
* 26253+23102                       827358.0000   277785.8942            66.42%
  26253 23089   452435.6027   245   827358.0000   277785.8942  2550751   66.42%
  26466 23472   482667.7386   188   827358.0000   277785.8942  2589874   66.42%
  26738 23649   408661.6773   203   827358.0000   277785.8942  2616758   66.42%
  26963 24149   440792.8488   233   827358.0000   278034.5178  2662295   66.39%
* 26988+23931                       826145.0000   278034.5178            66.35%
  27274 24303   433455.0698   242   826145.0000   278034.5178  2681338   66.35%
  27607 24460   488658.4606   265   826145.0000   278034.5178  2695911   66.35%
* 27626+24505                       823036.0000   278034.5178            66.22%
* 27631+24505                       821935.0000   278034.5178            66.17%
  27770 24578   322585.6373   200   821935.0000   278034.5178  2717040   66.17%
  27905 24790   346174.3189   175   821935.0000   278034.5178  2731825   66.17%
  28143 24954   473895.3543   241   821935.0000   278058.8219  2741631   66.17%
Elapsed time = 3602.78 sec. (469181.10 ticks, tree = 8356.50 MB, solutions = 23)
Nodefile size = 6264.69 MB (3879.66 MB after compression)

Implied bound cuts applied:  172
Zero-half cuts applied:  450
Lift and project cuts applied:  12

Root node processing (before b&c):
  Real time             =   57.73 sec. (41033.98 ticks)
Parallel b&c, 8 threads:
  Real time             = 3545.05 sec. (429116.94 ticks)
  Sync time (average)   =  539.65 sec.
  Wait time (average)   =    0.01 sec.
                          ------------
Total (root+branch&cut) = 3602.78 sec. (470150.92 ticks)
Status: Feasible
Obj: 821935

Instalacoes abertas:
Instalação 0 aberta
Instalação 1 aberta
Instalação 4 aberta
Instalação 5 aberta
Instalação 8 aberta
Instalação 9 aberta
Instalação 13 aberta
Instalação 16 aberta
Instalação 18 aberta
Instalação 19 aberta
Instalação 20 aberta
Instalação 22 aberta
Instalação 23 aberta
Instalação 25 aberta
Instalação 30 aberta
Instalação 31 aberta
Instalação 34 aberta
Instalação 39 aberta
Instalação 42 aberta
Instalação 46 aberta
Instalação 47 aberta
Instalação 49 aberta

Atribuições (cliente -> instalação):
Cliente 0 -> Instalação 9
Cliente 1 -> Instalação 19
Cliente 2 -> Instalação 8
Cliente 3 -> Instalação 30
Cliente 4 -> Instalação 20
Cliente 5 -> Instalação 5
Cliente 6 -> Instalação 20
Cliente 7 -> Instalação 39
Cliente 8 -> Instalação 20
Cliente 9 -> Instalação 0
Cliente 10 -> Instalação 31
Cliente 11 -> Instalação 22
Cliente 12 -> Instalação 5
Cliente 13 -> Instalação 39
Cliente 14 -> Instalação 1
Cliente 15 -> Instalação 4
Cliente 16 -> Instalação 16
Cliente 17 -> Instalação 18
Cliente 18 -> Instalação 18
Cliente 19 -> Instalação 49
Cliente 20 -> Instalação 42
Cliente 21 -> Instalação 30
Cliente 22 -> Instalação 46
Cliente 23 -> Instalação 13
Cliente 24 -> Instalação 49
Cliente 25 -> Instalação 13
Cliente 26 -> Instalação 4
Cliente 27 -> Instalação 30
Cliente 28 -> Instalação 49
Cliente 29 -> Instalação 25
Cliente 30 -> Instalação 9
Cliente 31 -> Instalação 4
Cliente 32 -> Instalação 31
Cliente 33 -> Instalação 23
Cliente 34 -> Instalação 25
Cliente 35 -> Instalação 16
Cliente 36 -> Instalação 13
Cliente 37 -> Instalação 22
Cliente 38 -> Instalação 46
Cliente 39 -> Instalação 1
Cliente 40 -> Instalação 34
Cliente 41 -> Instalação 47
Cliente 42 -> Instalação 47
Cliente 43 -> Instalação 0
Cliente 44 -> Instalação 42
Cliente 45 -> Instalação 8
Cliente 46 -> Instalação 9
Cliente 47 -> Instalação 19
Cliente 48 -> Instalação 23
Cliente 49 -> Instalação 34
