Version identifier: 22.1.1.0 | 2022-11-28 | 9160aff4d
CPXPARAM_TimeLimit                               3600
Tried aggregator 1 time.
MIP Presolve eliminated 50 rows and 1 columns.
Reduced MIP has 27000 rows, 3039 columns, and 80900 nonzeros.
Reduced MIP has 3039 binaries, 0 generals, 0 SOSs, and 0 indicators.
Presolve time = 0.04 sec. (39.32 ticks)
Found incumbent of value 2.1360023e+07 after 0.05 sec. (49.73 ticks)
Probing time = 0.01 sec. (5.93 ticks)
Tried aggregator 1 time.
Detecting symmetries...
Reduced MIP has 27000 rows, 3039 columns, and 80900 nonzeros.
Reduced MIP has 3039 binaries, 0 generals, 0 SOSs, and 0 indicators.
Presolve time = 0.05 sec. (47.32 ticks)
Probing time = 0.02 sec. (5.93 ticks)
Clique table members: 2500.
MIP emphasis: balance optimality and feasibility.
MIP search method: dynamic search.
Parallel mode: deterministic, using up to 8 threads.
Root relaxation solution time = 0.09 sec. (41.10 ticks)

        Nodes                                         Cuts/
   Node  Left     Objective  IInf  Best Integer    Best Bound    ItCnt     Gap

*     0+    0                       2.13600e+07        0.0000           100.00%
*     0+    0                       1.59408e+07        0.0000           100.00%
*     0+    0                       957250.0000        0.0000           100.00%
*     0+    0                       775518.0000        0.0000           100.00%
      0     0    93774.0000   100   775518.0000    93774.0000      192   87.91%
*     0+    0                       617215.0000    93774.0000            84.81%
      0     0   106217.5000   100   617215.0000    Cuts: 1251      400   82.79%
      0     0   118774.0000    98   617215.0000    Cuts: 1215      668   80.76%
*     0+    0                       372135.0000   118774.0000            68.08%
      0     0   129778.3333   168   372135.0000 ZeroHalf: 535     1711   65.13%
*     0+    0                       364986.0000   129778.3333            64.44%
*     0+    0                       364790.0000   129778.3333            64.42%
      0     0  -1.00000e+75     0   364790.0000   129778.3333     1711   64.42%
      0     0   134794.2333   192   364790.0000     Cuts: 617     2467   63.05%
      0     0   138636.0525   183   364790.0000     Cuts: 503     2977   62.00%
Detecting symmetries...
      0     0   144779.0432   183   364790.0000     Cuts: 410     3531   60.31%
      0     0   149136.0442   218   364790.0000     Cuts: 260     4153   59.12%
      0     0   151851.0109   211   364790.0000     Cuts: 252     4595   58.37%
      0     0   153121.9132   229   364790.0000     Cuts: 158     4882   58.02%
*     0+    0                       363059.0000   153121.9132            57.82%
*     0+    0                       359894.0000   153121.9132            57.45%
      0     0   154456.3473   187   359894.0000     Cuts: 262     5215   57.08%
      0     0   155390.9594   188   359894.0000     Cuts: 129     5485   56.82%
      0     0   155981.7524   180   359894.0000      Cuts: 69     5692   56.66%
      0     0   156566.0885   184   359894.0000     Cuts: 109     5868   56.50%
      0     0   157169.3143   215   359894.0000      Cuts: 54     6024   56.33%
      0     0   157423.4790   221   359894.0000      Cuts: 80     6156   56.26%
      0     0   157661.3152   211   359894.0000      Cuts: 53     6263   56.19%
      0     0   158107.5459   185   359894.0000     Cuts: 130     6462   56.07%
      0     0   158542.0554   188   359894.0000      Cuts: 58     6612   55.95%
      0     0   159212.3308   186   359894.0000      Cuts: 50     6845   55.76%
*     0+    0                       359561.0000   159212.3308            55.72%
      0     0   159682.6187   184   359561.0000      Cuts: 53     7035   55.59%
      0     0   160545.2442   186   359561.0000      Cuts: 64     7279   55.35%
      0     0   161369.6563   187   359561.0000      Cuts: 65     7460   55.12%
      0     0   161711.9619   189   359561.0000      Cuts: 69     7602   55.03%
      0     0   162232.7934   190   359561.0000      Cuts: 51     7787   54.88%
      0     0   162944.9488   182   359561.0000      Cuts: 51     7942   54.68%
      0     0   163253.7888   213   359561.0000      Cuts: 62     8114   54.60%
      0     0   163641.5120   187   359561.0000      Cuts: 74     8293   54.49%
      0     0   164101.4684   215   359561.0000      Cuts: 76     8522   54.36%
      0     0   164407.1790   213   359561.0000      Cuts: 90     8677   54.28%
      0     0   164707.8025   208   359561.0000      Cuts: 63     8783   54.19%
      0     0   165220.2810   211   359561.0000      Cuts: 88     8960   54.05%
      0     0   165740.7040   199   359561.0000      Cuts: 59     9147   53.90%
      0     0   166154.2665   215   359561.0000      Cuts: 73     9284   53.79%
      0     0   166451.3486   205   359561.0000      Cuts: 36     9381   53.71%
      0     0   166726.7938   209   359561.0000      Cuts: 64     9513   53.63%
      0     0   166863.8417   215   359561.0000      Cuts: 38     9594   53.59%
      0     0   167100.2813   213   359561.0000      Cuts: 26     9738   53.53%
      0     0   167342.7195   209   359561.0000      Cuts: 85     9904   53.46%
      0     0   167709.5879   209   359561.0000     Cuts: 129    10139   53.36%
      0     0   168026.1742   216   359561.0000      Cuts: 47    10274   53.27%
      0     0   168284.2509   214   359561.0000      Cuts: 54    10378   53.20%
      0     0   168591.8450   183   359561.0000      Cuts: 43    10514   53.11%
      0     0   168951.4555   214   359561.0000      Cuts: 48    10729   53.01%
      0     0   169164.8902   218   359561.0000      Cuts: 83    10842   52.95%
      0     0   169441.6763   188   359561.0000     Cuts: 139    10985   52.88%
      0     0   169955.1194   180   359561.0000      Cuts: 55    11206   52.73%
      0     0   170353.7053   212   359561.0000      Cuts: 37    11386   52.62%
      0     0   170676.7118   241   359561.0000      Cuts: 37    11498   52.53%
      0     0   170881.6623   210   359561.0000      Cuts: 43    11595   52.47%
      0     0   170962.7653   239   359561.0000      Cuts: 13    11643   52.45%
      0     0   171062.3211   218   359561.0000      Cuts: 47    11707   52.42%
      0     0   171260.1912   212   359561.0000      Cuts: 40    11804   52.37%
      0     0   171464.6986   188   359561.0000      Cuts: 87    11943   52.31%
      0     0   171512.8807   213   359561.0000      Cuts: 23    11977   52.30%
Detecting symmetries...
      0     2   171512.8807   213   359561.0000   171512.8807    11977   52.30%
Elapsed time = 22.06 sec. (9399.16 ticks, tree = 0.02 MB, solutions = 11)
      5     4   177666.8169   183   359561.0000   171520.0321    12812   52.30%
     19    17   180246.8979   170   359561.0000   172302.0066    17839   52.08%
     34    23   197676.9269   172   359561.0000   172302.0066    20631   52.08%
     47    41   189994.1120   176   359561.0000   172302.0066    28118   52.08%
     65    53   190197.6543   154   359561.0000   172302.0066    32823   52.08%
     90    80   193356.6070   155   359561.0000   172302.0066    43282   52.08%
    121    96   206733.5635   148   359561.0000   172302.0066    48940   52.08%
    155   118   212947.5298   164   359561.0000   172302.0066    54916   52.08%
    193   160   250402.8333   103   359561.0000   172302.0066    64294   52.08%
*   456   365      integral     0   355148.0000   172302.0066    92958   51.48%
    472   332   179172.0244   184   355148.0000   172302.0066    91678   51.48%
Elapsed time = 37.75 sec. (12606.81 ticks, tree = 2.23 MB, solutions = 12)
    580   477   277357.5833    81   355148.0000   174521.8258   119296   50.86%
*   643+  514                       333507.0000   177172.9054            46.88%
*   650   507      integral     0   326571.0000   177172.9054   131792   45.75%
    783   624   301987.7500    63   326571.0000   178738.1691   156946   45.27%
*   908   677      integral     0   326271.0000   178739.3705   161809   45.22%
    988   755   265399.5000    85   326271.0000   178739.3705   177862   45.22%
   1196   951   198624.4821   157   326271.0000   180298.8342   207516   44.74%
   1446  1166   300461.5000    86   326271.0000   180928.3921   245448   44.55%
   1714  1372   295215.4259   128   326271.0000   181456.1623   265121   44.38%
   1996  1654   260990.0000    86   326271.0000   182696.0337   296372   44.00%
   2234  1903   238621.6454   144   326271.0000   184370.1330   317275   43.49%
   2570  2221   307782.0000    90   326271.0000   184433.5248   345549   43.47%
   2833  2331   290055.0000    87   326271.0000   184489.9416   358422   43.45%
Elapsed time = 83.54 sec. (22170.35 ticks, tree = 151.76 MB, solutions = 15)
   3097  2636   314945.0000    81   326271.0000   185289.4257   395234   43.21%

Performing restart 1

Repeating presolve.
Tried aggregator 2 times.
MIP Presolve eliminated 3462 rows and 247 columns.
Aggregator did 2 substitutions.
Reduced MIP has 23536 rows, 2790 columns, and 70510 nonzeros.
Reduced MIP has 2790 binaries, 0 generals, 0 SOSs, and 0 indicators.
Presolve time = 0.04 sec. (41.65 ticks)
Tried aggregator 1 time.
Reduced MIP has 23536 rows, 2790 columns, and 70510 nonzeros.
Reduced MIP has 2790 binaries, 0 generals, 0 SOSs, and 0 indicators.
Presolve time = 0.05 sec. (42.47 ticks)
Represolve time = 0.15 sec. (125.01 ticks)
   3342     0   172683.7499   211   326271.0000      Cuts: 84   434942   43.21%
   3342     0   173519.4606   216   326271.0000      Cuts: 74   435215   43.21%
*  3342+    0                       324694.0000   185289.4257            42.93%
   3342     0   174044.7095   215   324694.0000      Cuts: 60   435414   42.93%
*  3342+    0                       324650.0000   185289.4257            42.93%
   3342     0   174946.4101   215   324650.0000      Cuts: 69   435663   42.93%
   3342     2   174946.4101   215   324650.0000   185289.4257   435663   42.93%
   3343     3   175241.1225   212   324650.0000   185289.4257   436195   42.93%
   3345     4   175735.4483   207   324650.0000   185289.4257   436539   42.93%
   3347     4   182586.5060   190   324650.0000   185289.4257   436962   42.93%
   3352     7   190748.3866   175   324650.0000   185289.4257   438506   42.93%
   3359    13   193967.2896   209   324650.0000   185289.4257   441782   42.93%
   3369    21   190683.3835   198   324650.0000   185289.4257   446031   42.93%
   3380    22   207633.3779   157   324650.0000   185289.4257   445936   42.93%
   3389    42   197578.7223   173   324650.0000   185289.4257   452161   42.93%
Elapsed time = 151.41 sec. (42656.92 ticks, tree = 0.24 MB, solutions = 17)
   3410    56   190433.3603   190   324650.0000   185289.4257   458141   42.93%
   3438    75   220471.4405   148   324650.0000   185289.4257   463604   42.93%
   3495    99   245334.0000    78   324650.0000   185289.4257   469053   42.93%
   3534   103   229468.3800   138   324650.0000   185289.4257   475289   42.93%
   3590   186   235371.7500   129   324650.0000   185289.4257   501630   42.93%
   3635   260   241682.4845   159   324650.0000   185289.4257   520423   42.93%
   3677   263   248904.0833   157   324650.0000   185289.4257   520964   42.93%
   3724   251   240111.1426   160   324650.0000   185289.4257   519413   42.93%
   3777   334   235383.2295   177   324650.0000   185289.4257   534715   42.93%
   3861   465   311796.0568   119   324650.0000   185289.4257   555525   42.93%
Elapsed time = 207.49 sec. (52461.80 ticks, tree = 11.35 MB, solutions = 17)
   3947   493   275099.9459   143   324650.0000   185289.4257   558164   42.93%
   4015   563   269592.4242   173   324650.0000   185289.4257   565864   42.93%
   4122   614   285373.0000    82   324650.0000   185289.4257   572871   42.93%
   4224   643   272249.7255   157   324650.0000   185289.4257   578907   42.93%
   4337   728   230507.8669   153   324650.0000   185289.4257   601491   42.93%
   4438   745   270830.1298   135   324650.0000   185289.4257   605866   42.93%
   4574   880   319874.7255   134   324650.0000   185289.4257   634887   42.93%
   4680   892   190030.2260   183   324650.0000   185289.4257   637435   42.93%
   4768  1162   317492.0000    78   324650.0000   185289.4257   689176   42.93%
   4885  1178   216185.9286   151   324650.0000   185289.4257   693198   42.93%
Elapsed time = 262.03 sec. (62090.58 ticks, tree = 15.69 MB, solutions = 17)
   5038  1308   312667.7429   120   324650.0000   185289.4257   718906   42.93%
   5156  1397   205103.8758   161   324650.0000   185289.4257   735167   42.93%
   5261  1494   250994.3281   251   324650.0000   185289.4257   758826   42.93%
   5366  1688   263825.5943   201   324650.0000   185289.4257   789436   42.93%
   5487  1698   256690.1071   170   324650.0000   185289.4257   796506   42.93%
   5613  1940   305589.3000   154   324650.0000   185289.4257   830876   42.93%
   5758  2052   308493.5833   156   324650.0000   185289.4257   844583   42.93%
   5867  2205        cutoff         324650.0000   185289.4257   861027   42.93%
   5989  2181   289099.2895   199   324650.0000   185289.4257   860270   42.93%
   6129  2404   300463.2686   196   324650.0000   185289.4257   885372   42.93%
Elapsed time = 318.88 sec. (71713.82 ticks, tree = 21.00 MB, solutions = 17)
   6232  2427   258830.3714   175   324650.0000   185289.4257   893691   42.93%
   6354  2543   246313.7122   208   324650.0000   185289.4257   912881   42.93%
   6478  2791   285594.3775   175   324650.0000   186146.4001   962747   42.66%
   6582  2803   307135.5303   172   324650.0000   186146.4001   964815   42.66%
   6703  2943   257575.5659   169   324650.0000   186318.1189   993967   42.61%
   6824  3065   288016.9011   199   324650.0000   186318.1189  1011454   42.61%
   6977  3175   292348.0651   186   324650.0000   186318.1189  1031922   42.61%
   7117  3336   316219.5668   164   324650.0000   186318.1189  1054163   42.61%
   7258  3444   193577.2560   183   324650.0000   186377.0889  1067077   42.59%
   7395  3557   308760.5769   160   324650.0000   186377.0889  1081060   42.59%
Elapsed time = 377.20 sec. (81381.89 ticks, tree = 26.07 MB, solutions = 17)
   7546  3581   322245.9167   189   324650.0000   186774.7001  1083555   42.47%
   7655  3879   264028.6872   183   324650.0000   186788.6840  1139669   42.46%
   7753  3937   235523.7520   159   324650.0000   186788.6840  1148768   42.46%
   7900  4088   294274.4919   154   324650.0000   187591.5155  1182864   42.22%
   8043  4266   291223.4164   189   324650.0000   187591.5155  1217849   42.22%
   8185  4165   282131.2925   211   324650.0000   187591.5155  1203152   42.22%
   8333  4540   312588.7222   136   324650.0000   187591.5155  1253004   42.22%
   8498  4523   274172.4617   187   324650.0000   188159.0813  1252107   42.04%
   8635  4726   296707.0000    90   324650.0000   188207.1028  1284542   42.03%
   8806  4819   283909.8889   114   324650.0000   188207.1028  1299699   42.03%
Elapsed time = 435.88 sec. (90977.81 ticks, tree = 30.82 MB, solutions = 17)
   8988  4949   294860.1776   167   324650.0000   188281.2565  1323367   42.00%
   9111  5151   258349.0325   206   324650.0000   188281.2565  1358047   42.00%
   9241  5250   245576.3829   176   324650.0000   188281.2565  1371548   42.00%
   9347  5466   257328.5352   205   324650.0000   189214.3400  1412739   41.72%
   9473  5581   282538.4737   148   324650.0000   189743.7531  1433793   41.55%
   9617  5605   297452.6000   132   324650.0000   189743.7531  1436180   41.55%
   9768  5828   308266.6905   140   324650.0000   189743.7531  1476898   41.55%
   9905  5850   218624.4222   161   324650.0000   189743.7531  1480477   41.55%
  10042  6101   290678.5907   221   324650.0000   189941.6337  1527546   41.49%
  10170  6190   314665.0626   143   324650.0000   189941.6337  1537702   41.49%
Elapsed time = 494.85 sec. (100586.51 ticks, tree = 36.21 MB, solutions = 17)
  10317  6306   277724.9000   152   324650.0000   189941.6337  1554658   41.49%
  10468  6345   274653.6147   199   324650.0000   189995.0618  1561126   41.48%
  10588  6587   301278.6471   173   324650.0000   190042.2392  1599309   41.46%
  10716  6780   287224.9762   145   324650.0000   190575.9866  1637502   41.30%
  10844  6894   316620.2460   176   324650.0000   190576.6520  1656204   41.30%
  10984  6910   206439.9771   183   324650.0000   190576.6520  1659412   41.30%
  11113  7074   306800.3235   180   324650.0000   190695.3123  1685094   41.26%
  11299  7118   238451.6067   227   324650.0000   190748.8303  1692101   41.24%
  11495  7377   323654.8333   137   324650.0000   190748.8303  1725597   41.24%
  12076  7923   266578.1818   148   324650.0000   191387.6012  1815366   41.05%
Elapsed time = 570.29 sec. (113047.49 ticks, tree = 43.75 MB, solutions = 17)
  12667  8531   258087.2114   162   324650.0000   191873.5493  1909478   40.90%
  13279  8888   229445.5604   155   324650.0000   192030.5975  1969574   40.85%
  13833  9597   297275.5000   171   324650.0000   192794.6206  2086858   40.61%
  14442 10233   259678.1857   207   324650.0000   192807.6022  2209267   40.61%
  15066 10760   283272.9293   169   324650.0000   193117.3040  2275378   40.52%
  15838 11477   319050.6786   129   324650.0000   193776.6033  2353842   40.31%
  16533 12027   239975.1117   185   324650.0000   193911.5529  2406794   40.27%
  17395 12984   321221.2727   124   324650.0000   194014.9409  2496947   40.24%
  18084 13686   230869.5659   221   324650.0000   194580.7491  2577899   40.06%
* 18575+13526                       324308.0000   194608.1918            39.99%
  18773 14265   302738.8491   229   324308.0000   194705.9843  2624506   39.96%
Elapsed time = 803.78 sec. (151242.08 ticks, tree = 522.53 MB, solutions = 18)
  19278 14849   295147.1438   195   324308.0000   195047.4837  2700913   39.86%
  19802 15135   269980.4054   169   324308.0000   195368.5347  2738460   39.76%
  20369 15895   282907.2500   158   324308.0000   195519.0477  2818081   39.71%
  21171 16107   264336.9167   129   324308.0000   195833.2487  2838340   39.62%
  21935 16756   277912.6777   174   324308.0000   196220.4353  2908466   39.50%
  22579 17707   286145.9559   134   324308.0000   196438.2534  3009755   39.43%
  23350 18516   284264.5933   169   324308.0000   196899.3431  3094030   39.29%
  24170 19209   291781.3059   166   324308.0000   197046.4132  3160425   39.24%
  24961 19786   290526.0000    79   324308.0000   197661.4886  3223002   39.05%
* 25372 20191      integral     0   324263.0000   197787.0941  3265846   39.00%
  25683 20901   245150.0176   174   324263.0000   197855.1614  3326898   38.98%
Elapsed time = 1025.31 sec. (189446.20 ticks, tree = 1383.09 MB, solutions = 19)
  26394 21251   270593.1949   150   324263.0000   197855.1614  3362759   38.98%
* 26801+21935                       320380.0000   198093.4153            38.17%
  27135 21807   317317.4848   156   320380.0000   198250.5496  3412789   38.12%
  27745 21363   294521.7317   132   320380.0000   198367.5506  3472342   38.08%
  28372 21909   272965.9969   185   320380.0000   198666.5225  3523792   37.99%
  29173 22747   305418.5125   170   320380.0000   199030.7547  3627682   37.88%
  29951 23332   309164.6502   183   320380.0000   199168.9624  3680737   37.83%
  30677 24110   248268.5164   209   320380.0000   199593.5811  3754208   37.70%
  31396 25325   237624.3043   171   320380.0000   199893.2944  3880898   37.61%
  32219 25569   313151.5116   191   320380.0000   200053.7905  3904996   37.56%
  32935 26524   282709.6389   148   320380.0000   200196.1274  4006456   37.51%
Elapsed time = 1246.50 sec. (227629.49 ticks, tree = 2074.29 MB, solutions = 20)
Nodefile size = 15.61 MB (9.67 MB after compression)
  33733 27354   271757.2904   201   320380.0000   200341.0602  4092300   37.47%
  34518 27927   283434.7792   190   320380.0000   200572.3695  4155134   37.40%
* 34807+27638                       319374.0000   200703.1558            37.16%
  35033 28226   274480.8800   187   319374.0000   200889.1667  4185794   37.10%
  35710 28727   313326.6556   142   319374.0000   201105.5061  4274179   37.03%
  36391 29114   242218.4069   194   319374.0000   201164.3737  4317404   37.01%
  37078 29769   295261.3259   158   319374.0000   201212.0314  4392480   37.00%
  37811 30297   310112.1898   168   319374.0000   201586.4566  4441177   36.88%
  38555 31100   284956.0000   134   319374.0000   201653.7364  4519672   36.86%
  39365 32147   235668.9241   168   319374.0000   202026.0599  4636979   36.74%
  40171 32874   230807.5798   186   319374.0000   202053.3712  4713679   36.73%
Elapsed time = 1463.71 sec. (265806.20 ticks, tree = 2821.57 MB, solutions = 21)
Nodefile size = 764.88 MB (478.57 MB after compression)
  40966 33855   314676.0660   141   319374.0000   202426.6445  4799136   36.62%
  41775 33939   299125.2273   135   319374.0000   202609.8395  4807947   36.56%
  42574 35003   256206.3358   165   319374.0000   202640.3286  4910174   36.55%
  43239 35604   232561.1429   141   319374.0000   202814.5850  4958810   36.50%
* 43920+36097                       319051.0000   202822.8490            36.43%
  43925 36065   293987.4231   159   319051.0000   202822.8490  5009067   36.43%
  44603 36596   290514.6040   192   319051.0000   202890.6374  5071438   36.41%
  45318 36930   317824.9048   162   319051.0000   203222.4044  5105241   36.30%
  46140 37891        cutoff         319051.0000   203330.8300  5193481   36.27%
  47017 38860   257620.3265   140   319051.0000   203519.5210  5283134   36.21%
  47909 40120   297954.3500   131   319051.0000   203661.6243  5398775   36.17%
Elapsed time = 1669.76 sec. (304004.80 ticks, tree = 3956.77 MB, solutions = 22)
Nodefile size = 1898.21 MB (1190.48 MB after compression)
  48639 40331   239813.9524   156   319051.0000   203812.6768  5417203   36.12%
  49288 41097   302576.8333   121   319051.0000   203870.1875  5485949   36.10%
  50090 42128   313148.3179   184   319051.0000   204254.9014  5596491   35.98%
  50882 42810   268140.6364   168   319051.0000   204537.9838  5673583   35.89%
  51588 43449   208821.1742   190   319051.0000   204543.0120  5725333   35.89%
  52331 43782   262964.8351   156   319051.0000   204754.0924  5761474   35.82%
  53152 44501   229255.8119   172   319051.0000   204895.7482  5831905   35.78%
  53985 45958   289587.9444   141   319051.0000   205024.8600  5965492   35.74%
  54858 46205   301213.2500    87   319051.0000   205117.0405  5987676   35.71%
  55725 46687   300135.5583   156   319051.0000   205327.4860  6032912   35.64%
Elapsed time = 1889.49 sec. (342176.30 ticks, tree = 4713.84 MB, solutions = 22)
Nodefile size = 2636.05 MB (1649.90 MB after compression)
  56497 48153   294343.5852   170   319051.0000   205563.4992  6168470   35.57%
  57455 48627   283636.4096   215   319051.0000   205647.3206  6217119   35.54%
  58143 49928   263572.9444   166   319051.0000   205961.0977  6323762   35.45%
  58790 50022   273438.3212   163   319051.0000   205977.5361  6333207   35.44%
  59571 50525   251409.8381   168   319051.0000   205977.5361  6383138   35.44%
* 59699+50406                       318891.0000   205977.5361            35.41%
* 59713+50404                       316289.0000   205977.5361            34.88%
  60336 51388   254720.3571   162   316289.0000   206194.9687  6473222   34.81%
  61137 51092   311243.2051   157   316289.0000   206318.7727  6588141   34.77%
  61963 51079        cutoff         316289.0000   206427.6253  6584614   34.73%
* 62040+51877                       316166.0000   206440.6321            34.70%
  62770 51985   234456.9258   191   316166.0000   206484.4822  6688915   34.69%
  63583 52775   275357.6250   135   316166.0000   206664.7500  6763989   34.63%
Elapsed time = 2103.30 sec. (380373.65 ticks, tree = 5651.25 MB, solutions = 25)
Nodefile size = 3591.83 MB (2244.81 MB after compression)
  64448 54028   265857.6885   201   316166.0000   206906.4784  6879012   34.56%
  65268 54497   314403.0000    90   316166.0000   207020.6049  6928529   34.52%
  66026 55090   283266.3023   186   316166.0000   207135.8529  6994185   34.49%
* 66372+55036                       315070.0000   207207.1173            34.23%
  66598 56027   296944.4962   146   315070.0000   207224.3221  7078452   34.23%
  67211 55833   249397.2169   196   315070.0000   207225.8516  7144673   34.23%
  67940 55917   261553.0562   144   315070.0000   207381.5335  7154495   34.18%
  68701 57041   242980.5811   155   315070.0000   207537.7055  7259365   34.13%
  69595 57169   250090.2600   142   315070.0000   207593.4772  7268605   34.11%
  70373 58423   256411.3789   165   315070.0000   207809.1552  7394141   34.04%
  71203 58959   306938.9988   181   315070.0000   207955.4104  7449544   34.00%
Elapsed time = 2312.58 sec. (418548.07 ticks, tree = 6295.28 MB, solutions = 26)
Nodefile size = 4211.66 MB (2628.64 MB after compression)
  72025 60401   287913.4286   170   315070.0000   208102.5556  7586290   33.95%
  72913 61228   277118.1086   201   315070.0000   208180.2314  7672474   33.93%
  73533 61825   241926.4102   205   315070.0000   208236.7709  7729365   33.91%
  74221 62351   300006.2500    85   315070.0000   208404.3430  7781927   33.85%
  74829 63028   307855.7500   104   315070.0000   208404.3430  7858147   33.85%
  75610 63925   251782.1667   149   315070.0000   208573.7500  7951029   33.80%
  76476 63944   307691.1607   165   315070.0000   208672.9293  7949565   33.77%
  77325 64319   305608.0000    99   315070.0000   208713.3411  7988420   33.76%
  78040 65485   314418.4167   123   315070.0000   208924.4345  8100429   33.69%
  78716 66621   307455.1667   140   315070.0000   209048.5705  8222669   33.65%
Elapsed time = 2522.91 sec. (456729.15 ticks, tree = 7342.15 MB, solutions = 26)
Nodefile size = 5273.53 MB (3288.34 MB after compression)
  79477 67129   251936.2681   192   315070.0000   209171.1473  8282882   33.61%
  80272 67710   292488.6111   124   315070.0000   209240.9666  8343471   33.59%
  81154 68819        cutoff         315070.0000   209400.5285  8456681   33.54%
  81919 69444   305746.0556   152   315070.0000   209503.9377  8513480   33.51%
  82596 70024   310791.3632   160   315070.0000   209534.5110  8575684   33.50%
  83337 70942   262343.5377   166   315070.0000   209558.0576  8651118   33.49%
  84088 71229   307092.7753   177   315070.0000   209695.5261  8683224   33.44%
  84794 71776   285364.0104   144   315070.0000   209903.0759  8741053   33.38%
  85642 72475   289912.6197   169   315070.0000   209943.3662  8803000   33.37%
  86445 73566   273639.7132   182   315070.0000   210047.8088  8915655   33.33%
Elapsed time = 2736.26 sec. (494934.72 ticks, tree = 8237.72 MB, solutions = 26)
Nodefile size = 6176.92 MB (3849.14 MB after compression)
  87157 74597   282546.6537   137   315070.0000   210273.2645  9020502   33.26%
  87897 74683   249944.8570   189   315070.0000   210305.2754  9030996   33.25%
  88650 76140   266876.2585   166   315070.0000   210396.9049  9188313   33.22%
  89339 76088   284206.5080   196   315070.0000   210467.6750  9186061   33.20%
  90038 77113   245688.4186   146   315070.0000   210551.2375  9294757   33.17%
  90709 77732   245526.2667   144   315070.0000   210708.5417  9366137   33.12%
  91324 78255   264629.9640   186   315070.0000   210756.1327  9406775   33.11%
  92220 78427   283358.4474   163   315070.0000   210788.5000  9423057   33.10%
  93065 79713   234325.7270   170   315070.0000   210905.5741  9545435   33.06%
  93900 80107   236397.7647   178   315070.0000   210992.7927  9579170   33.03%
Elapsed time = 2939.33 sec. (533129.06 ticks, tree = 8934.58 MB, solutions = 26)
Nodefile size = 6849.49 MB (4265.17 MB after compression)
  94677 81428   303117.2800   134   315070.0000   211127.2399  9705029   32.99%
  95471 82224   277438.2759   158   315070.0000   211186.4247  9791274   32.97%
  96278 82395   271075.5750   185   315070.0000   211276.5303  9811819   32.94%
  97151 83675   287951.3532   147   315070.0000   211345.7599  9935808   32.92%
  97984 83769   302112.5833   130   315070.0000   211409.6736  9945563   32.90%
  98649 85117   214224.0934   193   315070.0000   211510.2464 10059560   32.87%
  99416 85270   295170.5000   129   315070.0000   211578.6595 10076520   32.85%
 100203 86501   299748.0000   140   315070.0000   211578.6595 10197005   32.85%
 100970 86811   274023.6789   184   315070.0000   211798.3386 10228256   32.78%
 101678 87529   264728.3332   199   315070.0000   211875.3789 10316168   32.75%
Elapsed time = 3156.67 sec. (571314.87 ticks, tree = 9873.09 MB, solutions = 26)
Nodefile size = 7812.87 MB (4863.37 MB after compression)
 102461 88555   291712.2944   174   315070.0000   211936.7510 10420546   32.73%
 103214 89005   274485.2368   188   315070.0000   212053.1429 10479633   32.70%
 104043 90057        cutoff         315070.0000   212116.7614 10587718   32.68%
 104729 90133   239360.7475   163   315070.0000   212140.5291 10596606   32.67%
Starting limited solution polishing.
*105054+91293                       314879.0000   212140.5291            32.63%
 105300 91585   269716.0095   187   314879.0000   212275.4718 10753705   32.59%
 105892 91790   243381.2359   165   314879.0000   212323.2706 10790802   32.57%
 106288 92396   298090.0578   178   314879.0000   212406.0257 10851243   32.54%
 106855 92605   287381.2553   156   314879.0000   212439.6362 10870614   32.53%
 107350 93053   247613.6604   177   314879.0000   212444.9449 10921785   32.53%
 107864 93558   265359.7763   205   314879.0000   212444.9449 10977015   32.53%
Elapsed time = 3327.47 sec. (609506.94 ticks, tree = 10698.30 MB, solutions = 27)
Nodefile size = 8624.72 MB (5366.61 MB after compression)
*107866+92921                       310685.0000   212444.9449            31.62%
 108053 88424   283545.0326   169   310685.0000   212518.9167 11036003   31.60%
 108592 88680   302115.3182   126   310685.0000   212542.5630 11063925   31.59%
 109101 88934   294807.2878   172   310685.0000   212643.0508 11096042   31.56%
 109717 89257   299192.7361   187   310685.0000   212697.9432 11125790   31.54%
 110173 89855   303866.2353   129   310685.0000   212712.9020 11193358   31.53%
 110584 90415   248442.8171   180   310685.0000   212875.3911 11260281   31.48%
 111044 90959   270684.1235   140   310685.0000   212878.0880 11324075   31.48%
 111467 91437   245568.7826   196   310685.0000   212946.3445 11375854   31.46%
 111925 91640   226636.2832   169   310685.0000   212975.5156 11397203   31.45%
 112186 91916   310037.7032   160   310685.0000   212975.5156 11431085   31.45%
Elapsed time = 3452.96 sec. (647734.71 ticks, tree = 10579.87 MB, solutions = 28)
Nodefile size = 8514.73 MB (5292.71 MB after compression)
 112830 92350   236599.4317   148   310685.0000   213176.3296 11486069   31.39%
 113064 92651   251227.1409   174   310685.0000   213176.3296 11512436   31.39%
 113540 93091   305135.1357   167   310685.0000   213298.3331 11557444   31.35%
 113812 93378   288935.5353   196   310685.0000   213298.3331 11595235   31.35%
 114153 93920   274120.9686   169   310685.0000   213352.5000 11649902   31.33%
 114614 94273   294246.1538   141   310685.0000   213372.0359 11686575   31.32%
 114885 94497   299769.1091   159   310685.0000   213372.0359 11706844   31.32%
 115276 94826   279160.6032   178   310685.0000   213372.0359 11748174   31.32%
 115704 95262   253699.3852   172   310685.0000   213506.1178 11793880   31.28%
 115952 95387   236783.3677   172   310685.0000   213548.3215 11804890   31.27%
Elapsed time = 3571.51 sec. (686032.41 ticks, tree = 11082.49 MB, solutions = 28)
Nodefile size = 9012.40 MB (5600.25 MB after compression)
 116193 95627   295021.6303   152   310685.0000   213548.3215 11827698   31.27%
 116376 95721   256193.5417   183   310685.0000   213548.3215 11838985   31.27%
 116789 96107   261946.8329   171   310685.0000   213615.2500 11881866   31.24%
 116802 95763   234522.7648   177   310685.0000   213615.2500 11843976   31.24%

Implied bound cuts applied:  7
Zero-half cuts applied:  521
Lift and project cuts applied:  93
Gomory fractional cuts applied:  1

Root node processing (before b&c):
  Real time             =   22.02 sec. (9354.70 ticks)
Parallel b&c, 8 threads:
  Real time             = 3580.16 sec. (693304.76 ticks)
  Sync time (average)   =  621.36 sec.
  Wait time (average)   =    0.00 sec.
                          ------------
Total (root+branch&cut) = 3602.19 sec. (702659.46 ticks)
Status: Feasible
Obj: 310685

Instalacoes abertas:
Instalação 0 aberta
Instalação 1 aberta
Instalação 4 aberta
Instalação 8 aberta
Instalação 9 aberta
Instalação 13 aberta
Instalação 20 aberta
Instalação 22 aberta
Instalação 47 aberta

Atribuições (cliente -> instalação):
Cliente 0 -> Instalação 9
Cliente 1 -> Instalação 20
Cliente 2 -> Instalação 20
Cliente 3 -> Instalação 47
Cliente 4 -> Instalação 9
Cliente 5 -> Instalação 13
Cliente 6 -> Instalação 4
Cliente 7 -> Instalação 0
Cliente 8 -> Instalação 1
Cliente 9 -> Instalação 8
Cliente 10 -> Instalação 1
Cliente 11 -> Instalação 20
Cliente 12 -> Instalação 20
Cliente 13 -> Instalação 13
Cliente 14 -> Instalação 4
Cliente 15 -> Instalação 8
Cliente 16 -> Instalação 4
Cliente 17 -> Instalação 13
Cliente 18 -> Instalação 8
Cliente 19 -> Instalação 9
Cliente 20 -> Instalação 4
Cliente 21 -> Instalação 9
Cliente 22 -> Instalação 22
Cliente 23 -> Instalação 8
Cliente 24 -> Instalação 1
Cliente 25 -> Instalação 13
Cliente 26 -> Instalação 47
Cliente 27 -> Instalação 13
Cliente 28 -> Instalação 0
Cliente 29 -> Instalação 13
Cliente 30 -> Instalação 20
Cliente 31 -> Instalação 9
Cliente 32 -> Instalação 47
Cliente 33 -> Instalação 20
Cliente 34 -> Instalação 1
Cliente 35 -> Instalação 47
Cliente 36 -> Instalação 47
Cliente 37 -> Instalação 22
Cliente 38 -> Instalação 4
Cliente 39 -> Instalação 9
Cliente 40 -> Instalação 1
Cliente 41 -> Instalação 20
Cliente 42 -> Instalação 8
Cliente 43 -> Instalação 47
Cliente 44 -> Instalação 8
Cliente 45 -> Instalação 8
Cliente 46 -> Instalação 4
Cliente 47 -> Instalação 0
Cliente 48 -> Instalação 9
Cliente 49 -> Instalação 0
