Version identifier: 22.1.1.0 | 2022-11-28 | 9160aff4d
CPXPARAM_TimeLimit                               3600
Tried aggregator 1 time.
MIP Presolve eliminated 50 rows and 1 columns.
Reduced MIP has 44300 rows, 3385 columns, and 132800 nonzeros.
Reduced MIP has 3385 binaries, 0 generals, 0 SOSs, and 0 indicators.
Presolve time = 0.07 sec. (60.00 ticks)
Found incumbent of value 3.4979970e+07 after 0.08 sec. (76.67 ticks)
Probing time = 0.02 sec. (7.27 ticks)
Tried aggregator 1 time.
Detecting symmetries...
Reduced MIP has 44300 rows, 3385 columns, and 132800 nonzeros.
Reduced MIP has 3385 binaries, 0 generals, 0 SOSs, and 0 indicators.
Presolve time = 0.08 sec. (72.84 ticks)
Probing time = 0.03 sec. (7.35 ticks)
Clique table members: 2500.
MIP emphasis: balance optimality and feasibility.
MIP search method: dynamic search.
Parallel mode: deterministic, using up to 8 threads.
Root relaxation solution time = 0.17 sec. (64.45 ticks)

        Nodes                                         Cuts/
   Node  Left     Objective  IInf  Best Integer    Best Bound    ItCnt     Gap

*     0+    0                       3.49800e+07        0.0000           100.00%
*     0+    0                       2.68588e+07        0.0000           100.00%
*     0+    0                      1742526.0000        0.0000           100.00%
*     0+    0                      1461067.0000        0.0000           100.00%
      0     0    93774.0000   100  1461067.0000    93774.0000      175   93.58%
*     0+    0                      1022645.0000    93774.0000            90.83%
      0     0   106217.5000   100  1022645.0000    Cuts: 2071      384   89.61%
      0     0   118774.0000    98  1022645.0000    Cuts: 2092      726   88.39%
      0     0   130609.9444   178  1022645.0000 ZeroHalf: 735     2093   87.23%
*     0+    0                       812176.0000   130609.9444            83.92%
*     0+    0                       786938.0000   130609.9444            83.40%
      0     0  -1.00000e+75     0   786938.0000   130609.9444     2093   83.40%
*     0+    0                       655994.0000   130609.9444            80.09%
      0     0   140317.6281   183   655994.0000    Cuts: 1303     3337   78.61%
      0     0   144493.5944   175   655994.0000     Cuts: 215     3736   77.97%
Detecting symmetries...
*     0+    0                       574843.0000   144493.5944            74.86%
*     0+    0                       563154.0000   144493.5944            74.34%
      0     0   151627.8973   216   563154.0000     Cuts: 559     4467   73.08%
      0     0   156731.5985   178   563154.0000     Cuts: 447     5108   72.17%
      0     0   160697.9389   233   563154.0000     Cuts: 182     5655   71.46%
      0     0   163519.6639   211   563154.0000     Cuts: 656     6236   70.96%
      0     0   164999.4653   213   563154.0000     Cuts: 151     6687   70.70%
      0     0   166984.0825   172   563154.0000     Cuts: 467     7223   70.35%
      0     0   168379.6543   208   563154.0000     Cuts: 116     7485   70.10%
      0     0   169381.6676   177   563154.0000     Cuts: 351     7766   69.92%
      0     0   170627.9562   177   563154.0000     Cuts: 102     8145   69.70%
      0     0   171800.1123   178   563154.0000      Cuts: 82     8507   69.49%
      0     0   173046.8115   207   563154.0000      Cuts: 68     8914   69.27%
      0     0   173768.4908   208   563154.0000      Cuts: 76     9137   69.14%
      0     0   174804.3371   196   563154.0000     Cuts: 153     9453   68.96%
      0     0   175336.3822   198   563154.0000      Cuts: 39     9607   68.87%
      0     0   176302.2916   208   563154.0000     Cuts: 150     9886   68.69%
*     0+    0                       551838.0000   176302.2916            68.05%
      0     0   177115.3639   212   551838.0000      Cuts: 51    10185   67.90%
      0     0   177904.8255   216   551838.0000     Cuts: 130    10485   67.76%
      0     0   178426.2245   211   551838.0000      Cuts: 58    10741   67.67%
      0     0   179031.2032   200   551838.0000      Cuts: 78    10972   67.56%
      0     0   179720.4682   206   551838.0000     Cuts: 199    11260   67.43%
      0     0   180018.0428   211   551838.0000      Cuts: 41    11442   67.38%
      0     0   180527.6332   217   551838.0000     Cuts: 141    11725   67.29%
      0     0   181010.7315   201   551838.0000     Cuts: 101    11975   67.20%
      0     0   181329.9984   205   551838.0000     Cuts: 116    12120   67.14%
      0     0   181898.7091   209   551838.0000      Cuts: 78    12419   67.04%
      0     0   182234.2170   205   551838.0000     Cuts: 102    12607   66.98%
      0     0   182402.4900   217   551838.0000  ZeroHalf: 50    12761   66.95%
      0     0   182732.4789   210   551838.0000      Cuts: 63    12951   66.89%
      0     0   183155.9909   211   551838.0000      Cuts: 59    13148   66.81%
      0     0   183417.5573   236   551838.0000      Cuts: 44    13281   66.76%
      0     0   183628.8977   235   551838.0000      Cuts: 52    13465   66.72%
      0     0   184119.2028   204   551838.0000      Cuts: 37    13670   66.64%
      0     0   184385.0485   209   551838.0000     Cuts: 248    13860   66.59%
      0     0   184702.8825   195   551838.0000     Cuts: 114    14035   66.53%
      0     0   185122.6565   213   551838.0000     Cuts: 118    14235   66.45%
      0     0   185491.0789   211   551838.0000  ZeroHalf: 56    14468   66.39%
      0     0   185913.6413   211   551838.0000      Cuts: 57    14689   66.31%
      0     0   186316.9307   207   551838.0000      Cuts: 44    14939   66.24%
      0     0   186777.4416   202   551838.0000      Cuts: 49    15213   66.15%
      0     0   187272.2046   232   551838.0000     Cuts: 105    15527   66.06%
      0     0   187564.0309   234   551838.0000      Cuts: 84    15763   66.01%
      0     0   188019.1519   233   551838.0000      Cuts: 33    15963   65.93%
      0     0   188405.4724   201   551838.0000      Cuts: 67    16121   65.86%
      0     0   188876.8484   212   551838.0000     Cuts: 134    16416   65.77%
      0     0   189464.8118   209   551838.0000      Cuts: 42    16677   65.67%
      0     0   189669.5260   209   551838.0000      Cuts: 45    16810   65.63%
      0     0   189809.4787   203   551838.0000     Cuts: 150    16948   65.60%
      0     0   190166.8289   207   551838.0000     Cuts: 145    17203   65.54%
      0     0   190473.8273   208   551838.0000      Cuts: 57    17430   65.48%
      0     0   190696.3343   208   551838.0000      Cuts: 34    17615   65.44%
      0     0   190976.9194   203   551838.0000      Cuts: 63    17863   65.39%
      0     0   191158.5973   206   551838.0000      Cuts: 37    18055   65.36%
      0     0   191281.5442   207   551838.0000  ZeroHalf: 35    18217   65.34%
      0     0   191436.6519   208   551838.0000      Cuts: 21    18356   65.31%
      0     0   191648.9440   236   551838.0000      Cuts: 44    18510   65.27%
      0     0   191914.7917   237   551838.0000  ZeroHalf: 33    18690   65.22%
      0     0   192146.6065   235   551838.0000      Cuts: 96    18872   65.18%
      0     0   192279.3809   208   551838.0000      Cuts: 53    18978   65.16%
      0     0   192411.9950   243   551838.0000      Cuts: 48    19093   65.13%
      0     0   192597.5068   249   551838.0000  ZeroHalf: 27    19315   65.10%
      0     0   192810.9046   217   551838.0000      Cuts: 79    19474   65.06%
      0     0   192965.0900   209   551838.0000      Cuts: 26    19604   65.03%
      0     0   193098.4957   208   551838.0000      Cuts: 30    19752   65.01%
      0     0   193252.7785   215   551838.0000      Cuts: 51    19894   64.98%
      0     0   193408.1071   217   551838.0000      Cuts: 36    20032   64.95%
      0     0   193530.4652   237   551838.0000      Cuts: 30    20168   64.93%
      0     0   193619.2655   237   551838.0000      Cuts: 34    20253   64.91%
Detecting symmetries...
      0     2   193619.2655   237   551838.0000   193619.2655    20253   64.91%
Elapsed time = 29.50 sec. (22101.96 ticks, tree = 0.02 MB, solutions = 11)
      3     4   202865.6450   199   551838.0000   193631.2112    20510   64.91%
     16    15   203960.1095   194   551838.0000   193871.7073    22562   64.87%
     29    18   228825.2644   174   551838.0000   193871.7073    24145   64.87%
     46    38   243655.5903   163   551838.0000   193871.7073    29991   64.87%
     55    46   279721.2500   111   551838.0000   194009.2309    34271   64.84%
     72    54   268734.1111   143   551838.0000   194009.2309    36766   64.84%
     85    75   206261.2409   191   551838.0000   194009.2309    43326   64.84%
     97    91   313343.8750   116   551838.0000   194009.2309    46820   64.84%
    115   106   310202.7500   102   551838.0000   194009.2309    51925   64.84%
    202   170   306679.6667   132   551838.0000   194009.2309    67726   64.84%
Elapsed time = 54.99 sec. (25388.00 ticks, tree = 8.40 MB, solutions = 11)
    350   282   424989.5000    75   551838.0000   194009.2309    86832   64.84%
    516   421   226269.3860   169   551838.0000   194009.2309   103509   64.84%
    571   539   285220.9682   191   551838.0000   194009.2309   125563   64.84%
    667   592   412858.0000    71   551838.0000   194009.2309   138646   64.84%
    828   707   551167.0000    39   551838.0000   194009.2309   156930   64.84%
    985   834   361776.0000   125   551838.0000   194009.2309   180866   64.84%
   1151   975   491351.5000    73   551838.0000   202561.3843   192073   63.29%
*  1316+ 1131                       540694.0000   202561.3843            62.54%
   1317  1095   255309.0349   153   540694.0000   202561.3843   209910   62.54%
   1396  1183   252335.2989   149   540694.0000   203702.3935   214519   62.33%
   1530  1296   333256.0000   106   540694.0000   203703.9716   245189   62.33%
Elapsed time = 124.51 sec. (34970.70 ticks, tree = 114.66 MB, solutions = 12)
   1679  1441   449344.5000    50   540694.0000   203703.9716   261993   62.33%

Performing restart 1

Repeating presolve.
Tried aggregator 1 time.
MIP Presolve eliminated 1401 rows and 54 columns.
Reduced MIP has 42899 rows, 3331 columns, and 128597 nonzeros.
Reduced MIP has 3331 binaries, 0 generals, 0 SOSs, and 0 indicators.
Presolve time = 0.06 sec. (60.33 ticks)
Tried aggregator 1 time.
Reduced MIP has 42899 rows, 3331 columns, and 128597 nonzeros.
Reduced MIP has 3331 binaries, 0 generals, 0 SOSs, and 0 indicators.
Presolve time = 0.07 sec. (72.92 ticks)
Represolve time = 0.21 sec. (192.74 ticks)
*  1714+    0                       538189.0000   203703.9716            62.15%
   1714     0   193867.5430   213   538189.0000      Cuts: 53   279001   62.15%
   1714     0   194067.8952   214   538189.0000      Cuts: 70   279181   62.15%
   1714     0   194327.2729   216   538189.0000      Cuts: 66   279460   62.15%
   1714     0   194637.8549   218   538189.0000      Cuts: 71   279780   62.15%
   1714     0   194907.6851   245   538189.0000      Cuts: 68   279992   62.15%
   1714     2   194907.6851   245   538189.0000   203703.9716   279992   62.15%
   1716     4   195188.6954   246   538189.0000   203703.9716   280424   62.15%
   1719     3   208398.9693   208   538189.0000   203703.9716   280610   62.15%
   1732    15   196544.9262   236   538189.0000   203703.9716   283450   62.15%
   1808    64   215935.6295   201   538189.0000   203703.9716   291032   62.15%
   1862   133   219891.9201   203   538189.0000   203703.9716   305040   62.15%
   1886   147   230079.5731   172   538189.0000   203703.9716   310265   62.15%
   1913   180   208050.8115   214   538189.0000   203703.9716   314285   62.15%
   1963   213   223073.7333   205   538189.0000   203703.9716   319784   62.15%
Elapsed time = 247.62 sec. (61252.75 ticks, tree = 14.91 MB, solutions = 13)
   1997   261   226071.9048   179   538189.0000   203703.9716   329655   62.15%
   2028   283   248627.9528   199   538189.0000   203703.9716   335474   62.15%
   2051   311   245912.1158   190   538189.0000   203703.9716   340499   62.15%
   2086   336   243498.8865   175   538189.0000   203703.9716   347726   62.15%
   2132   381   249622.4313   168   538189.0000   203703.9716   352517   62.15%
   2171   410   244012.4390   191   538189.0000   203703.9716   354775   62.15%
   2223   370   256806.3019   205   538189.0000   203703.9716   351726   62.15%
   2301   517   258603.3646   172   538189.0000   203703.9716   363893   62.15%
   2370   575   289138.4701   149   538189.0000   203703.9716   368690   62.15%
   2473   636   263755.3711   169   538189.0000   203703.9716   371198   62.15%
Elapsed time = 337.76 sec. (71002.48 ticks, tree = 54.24 MB, solutions = 13)
   2528   680   262550.9547   176   538189.0000   203703.9716   373533   62.15%
   2595   759   282489.4653   157   538189.0000   203703.9716   377700   62.15%
   2650   804   293175.6667   116   538189.0000   203703.9716   381448   62.15%
   2726   855   288951.7018   194   538189.0000   203703.9716   382605   62.15%
   2811   954   291104.6667   100   538189.0000   203703.9716   388733   62.15%
   2865  1071   282911.9118   136   538189.0000   203703.9716   396315   62.15%
   2945  1151   304868.1651   182   538189.0000   203703.9716   398805   62.15%
   3007  1184   331398.9550   174   538189.0000   203703.9716   400094   62.15%
   3075  1197   334667.8500   115   538189.0000   203703.9716   400558   62.15%
   3147  1311   305012.2055   180   538189.0000   203703.9716   408800   62.15%
Elapsed time = 434.22 sec. (80714.35 ticks, tree = 274.70 MB, solutions = 13)
   3251  1339   302178.7531   179   538189.0000   203703.9716   409024   62.15%
   3345  1543   324481.9022   196   538189.0000   203703.9716   417740   62.15%
   3461  1543   350109.1838   170   538189.0000   203703.9716   417699   62.15%
   3564  1659   335765.3812   176   538189.0000   203703.9716   422795   62.15%
   3700  1881   364181.6795   168   538189.0000   203703.9716   430542   62.15%
   3825  1851   358071.4828   160   538189.0000   203703.9716   429117   62.15%
   3947  2043   377742.0000   127   538189.0000   203703.9716   436279   62.15%
   4018  2022   468196.4286   132   538189.0000   203703.9716   435316   62.15%

Performing restart 2

Repeating presolve.
Tried aggregator 1 time.
MIP Presolve eliminated 42 rows and 2 columns.
Reduced MIP has 42857 rows, 3329 columns, and 168048 nonzeros.
Reduced MIP has 3329 binaries, 0 generals, 0 SOSs, and 0 indicators.
Presolve time = 0.12 sec. (109.69 ticks)
Tried aggregator 1 time.
Reduced MIP has 42857 rows, 3329 columns, and 168048 nonzeros.
Reduced MIP has 3329 binaries, 0 generals, 0 SOSs, and 0 indicators.
Presolve time = 0.14 sec. (121.74 ticks)
Represolve time = 0.35 sec. (306.81 ticks)
   4031     0   195811.9052   260   538189.0000      Cuts: 78   449380   62.15%
   4031     0   196178.9829   244   538189.0000      Cuts: 53   449606   62.15%
   4031     0   196492.4657   254   538189.0000      Cuts: 79   449840   62.15%
   4031     0   196641.3458   260   538189.0000      Cuts: 61   450017   62.15%
   4031     0   196801.3659   252   538189.0000      Cuts: 59   450178   62.15%
   4031     0   196871.2813   221   538189.0000      Cuts: 42   450251   62.15%
   4031     0   197000.3994   254   538189.0000      Cuts: 81   450351   62.15%
   4031     0   197330.3433   255   538189.0000      Cuts: 81   450542   62.15%
   4031     0   197720.8215   255   538189.0000      Cuts: 81   450767   62.15%
   4031     2   197720.8215   255   538189.0000   203703.9716   450767   62.15%
   4040     6   244631.5584   142   538189.0000   203703.9716   452861   62.15%
Elapsed time = 519.34 sec. (107213.87 ticks, tree = 0.02 MB, solutions = 13)
   4066    27   265786.3333   142   538189.0000   203703.9716   464922   62.15%
   4107    53   332934.5000    87   538189.0000   203703.9716   481770   62.15%
   4153    97   256624.1197   162   538189.0000   203703.9716   500705   62.15%
   4219   155   338275.5000    82   538189.0000   203703.9716   521423   62.15%
   4296   216   251501.9992   161   538189.0000   203703.9716   536657   62.15%
   4410   331   482310.0000    50   538189.0000   203703.9716   558536   62.15%
   4544   436   514226.9167    92   538189.0000   203703.9716   579098   62.15%
   4609   485   291104.5000   109   538189.0000   203703.9716   591508   62.15%
   4660   535   253594.4839   137   538189.0000   203703.9716   603397   62.15%
   4727   576   252881.8590   172   538189.0000   203703.9716   616095   62.15%
Elapsed time = 600.68 sec. (116891.79 ticks, tree = 3.49 MB, solutions = 13)
   4810   712   533695.6667    77   538189.0000   203703.9716   643547   62.15%
   4914   717   229743.3081   184   538189.0000   203703.9716   645872   62.15%
   5013   781   360125.1429   147   538189.0000   203703.9716   666392   62.15%
   5114   897   398661.0000    84   538189.0000   203703.9716   692377   62.15%
   5199  1000   467688.0000    63   538189.0000   203703.9716   715482   62.15%
   5304  1080   467334.7000   104   538189.0000   203703.9716   732907   62.15%
   5410  1184   485325.5000    64   538189.0000   203703.9716   752387   62.15%
   5502  1317   251875.5634   138   538189.0000   203703.9716   778662   62.15%
   5553  1345   352206.8318   181   538189.0000   203703.9716   786116   62.15%
   5612  1432   362025.0821   197   538189.0000   203703.9716   807239   62.15%
Elapsed time = 680.43 sec. (126548.82 ticks, tree = 9.31 MB, solutions = 13)
   5680  1449   308107.0826   162   538189.0000   203703.9716   815128   62.15%
   5745  1581   528419.3750    91   538189.0000   203703.9716   845719   62.15%
   5818  1604   344193.6452   175   538189.0000   203703.9716   850449   62.15%
   5879  1703   453845.7500   111   538189.0000   203703.9716   871485   62.15%
   5960  1764   430342.9473   186   538189.0000   203703.9716   889083   62.15%
   6023  1758   308789.2526   194   538189.0000   203703.9716   885384   62.15%
   6088  1905   212345.3819   215   538189.0000   203703.9716   910085   62.15%
   6160  1978   448600.0303   181   538189.0000   203703.9716   926865   62.15%
   6218  1998   367935.7143   177   538189.0000   203703.9716   931968   62.15%
   6261  1936   335923.3820   180   538189.0000   203703.9716   917715   62.15%
Elapsed time = 775.35 sec. (136202.32 ticks, tree = 12.84 MB, solutions = 13)
   6322  2048   378289.0075   170   538189.0000   203703.9716   942033   62.15%
   6378  2184   460993.8750   105   538189.0000   203703.9716   974971   62.15%
   6444  2238   409778.8788   209   538189.0000   203703.9716   989160   62.15%
   6521  2296   529241.5000   112   538189.0000   203703.9716   997033   62.15%
   6590  2281   222737.9977   201   538189.0000   203703.9716  1001277   62.15%
   6640  2306   302354.1222   188   538189.0000   203703.9716  1005589   62.15%
   6690  2506   452381.6676   166   538189.0000   203703.9716  1054855   62.15%
   6743  2497   249788.9233   218   538189.0000   203703.9716  1052712   62.15%
   6814  2538   267525.2759   177   538189.0000   203703.9716  1062965   62.15%
   7042  2778   349581.9242   152   538189.0000   203703.9716  1123630   62.15%
Elapsed time = 894.22 sec. (148672.08 ticks, tree = 21.91 MB, solutions = 13)
   7264  3025   431424.7600   146   538189.0000   204667.5961  1186838   61.97%
   7556  3279   537766.1250   107   538189.0000   204667.5961  1239791   61.97%
   7792  3465   288911.9101   207   538189.0000   204667.5961  1283336   61.97%
   8092  3780   475938.4757   188   538189.0000   212351.7203  1351821   60.54%
   8348  3994   308764.3162   183   538189.0000   214151.8187  1402932   60.21%
   8635  4257   300649.6570   223   538189.0000   214163.0790  1464165   60.21%
   8904  4565   420208.5000    74   538189.0000   215290.9073  1521285   60.00%
   9184  4761   523486.5562   126   538189.0000   215290.9073  1572650   60.00%
   9550  4985   274177.0625   134   538189.0000   215720.1187  1627609   59.92%
   9872  5456   234366.4565   172   538189.0000   215958.5550  1726353   59.87%
Elapsed time = 1262.88 sec. (186919.77 ticks, tree = 38.84 MB, solutions = 13)
  10098  5704   382061.7904   173   538189.0000   216430.8845  1791083   59.79%
  10393  5952   388914.6427   166   538189.0000   216430.8845  1863221   59.79%
  10635  6182   514218.1980   153   538189.0000   216435.5664  1902539   59.78%
  10823  6402   352172.7117   183   538189.0000   216869.0817  1962842   59.70%
  11087  6606   396684.4093   154   538189.0000   216890.2521  2014749   59.70%
  11391  6921   416971.2671   197   538189.0000   216890.2521  2082483   59.70%
* 11546+ 6889                       531617.0000   216890.2521            59.20%
* 11588+ 7085                       529540.0000   216890.2521            59.04%
  11705  7007   457558.3701   172   529540.0000   216890.2521  2129879   59.04%
* 11857+ 7020                       523042.0000   217776.0056            58.36%
* 12011+ 7123                       512509.0000   217793.7524            57.50%
  12047  7173   241643.2249   176   512509.0000   217793.7524  2161243   57.50%
  12317  7124   234887.2077   182   512509.0000   218298.6944  2225781   57.41%
  12644  7329   475707.8758   177   512509.0000   218298.6944  2256721   57.41%
Elapsed time = 1622.87 sec. (225137.62 ticks, tree = 257.02 MB, solutions = 17)
  13028  7774   238741.6872   183   512509.0000   218507.6089  2317548   57.37%
  13408  8089   384147.8190   166   512509.0000   219187.9711  2354073   57.23%
  13743  8367   332237.3268   176   512509.0000   219431.6874  2391437   57.18%
  14176  8832   470737.1481   142   512509.0000   219508.1943  2446124   57.17%
  14490  9229   404221.0196   193   512509.0000   219946.6562  2500778   57.08%
  14887  9594   479454.5720   152   512509.0000   220119.2946  2551169   57.05%
  15248  9846   333375.6451   168   512509.0000   220427.7335  2590553   56.99%
  15625 10241   442064.8599   165   512509.0000   220590.6924  2644635   56.96%
  15988 10539   501140.1016   171   512509.0000   220928.1515  2684988   56.89%
  16343 10823   292220.3275   152   512509.0000   221279.4940  2725298   56.82%
Elapsed time = 2032.94 sec. (263366.22 ticks, tree = 880.32 MB, solutions = 17)
  16684 10951   361247.6359   172   512509.0000   221488.5568  2742528   56.78%
  17050 11385   310665.5786   185   512509.0000   221598.9572  2796525   56.76%
  17399 11893   357490.2795   155   512509.0000   221926.4682  2857576   56.70%
  17712 12277   356961.4412   174   512509.0000   222115.3275  2906968   56.66%
  18070 12608   501273.7251   154   512509.0000   222317.7111  2951024   56.62%
  18440 12979   274396.5498   181   512509.0000   222517.0895  3001375   56.58%
  18787 13275   449801.4579   166   512509.0000   222771.7740  3035037   56.53%
  19135 13407   452106.0473   139   512509.0000   222927.9002  3052545   56.50%
  19483 13943   246501.0481   176   512509.0000   223238.9244  3124652   56.44%
  19759 13869   319409.6250   132   512509.0000   223615.4169  3119327   56.37%
Elapsed time = 2387.80 sec. (301606.55 ticks, tree = 1487.92 MB, solutions = 17)
  20056 14558   252486.9675   180   512509.0000   224165.8391  3220649   56.26%
  20329 14873   336710.0000    87   512509.0000   224815.2362  3267150   56.13%
  20731 15116   431445.8972   191   512509.0000   224822.9362  3315081   56.13%
  21081 15406   433074.6098   151   512509.0000   225320.4302  3361097   56.04%
  21393 15607   321833.3299   212   512509.0000   225652.3998  3388544   55.97%
  21751 15868   315839.5619   202   512509.0000   226223.4472  3421143   55.86%
  22121 16263   373555.4176   166   512509.0000   226980.0793  3474049   55.71%
  22502 16881   392241.1372   153   512509.0000   227009.3382  3543646   55.71%
  22904 16951   288826.1404   203   512509.0000   227123.5379  3557087   55.68%
  23218 17481   292648.7890   177   512509.0000   227664.0123  3629187   55.58%
Elapsed time = 2733.03 sec. (339859.57 ticks, tree = 2288.00 MB, solutions = 17)
Nodefile size = 226.71 MB (138.18 MB after compression)
  23547 17579   391412.5528   177   512509.0000   227717.8169  3638207   55.57%
  23901 17983   247095.4060   214   512509.0000   227793.4934  3700244   55.55%
  24272 18272   462955.9405   130   512509.0000   228370.8109  3739179   55.44%
  24617 18908   327654.9246   185   512509.0000   228893.0959  3832155   55.34%
  25012 18721   478455.9000    98   512509.0000   229207.1984  3813966   55.28%
  25436 19474   267820.5987   194   512509.0000   229459.0955  3922821   55.23%
  25861 19765   474229.0000   140   512509.0000   229459.0955  3961273   55.23%
  26175 20077   395916.5283   184   512509.0000   230128.5871  3994365   55.10%
  26587 20527   455040.2898   187   512509.0000   230242.8416  4051516   55.08%
  26933 20984   297106.5716   187   512509.0000   230527.6897  4105336   55.02%
Elapsed time = 3099.52 sec. (378082.64 ticks, tree = 3160.85 MB, solutions = 17)
Nodefile size = 1103.84 MB (673.36 MB after compression)
  27342 21040   401220.6920   147   512509.0000   230793.0928  4110772   54.97%
  27732 21357   467367.3370   145   512509.0000   230793.0928  4147525   54.97%
  28093 21723   277303.6973   195   512509.0000   230978.0826  4192082   54.93%
  28471 22377   367094.1713   162   512509.0000   231418.2046  4272828   54.85%
Starting limited solution polishing.
  28846 22424   429050.0930   175   512509.0000   231422.1722  4278089   54.85%
  29265 23166   302335.0973   205   512509.0000   231422.1722  4365306   54.85%
* 29501+23035                       511172.0000   231594.5883            54.69%
  29620 23537   296381.3082   184   511172.0000   231594.5883  4420613   54.69%
* 29859+23178                       508209.0000   231724.3046            54.40%
  29901 23646   375368.9206   167   508209.0000   231726.2666  4437227   54.40%
  30095 23650   324107.9521   185   508209.0000   231841.2718  4464184   54.38%
  30289 23866   491222.0000    72   508209.0000   231887.5617  4499296   54.37%
Elapsed time = 3400.03 sec. (416364.91 ticks, tree = 3636.21 MB, solutions = 19)
Nodefile size = 1576.36 MB (962.02 MB after compression)
  30458 24115   453775.9396   200   508209.0000   231887.5617  4528335   54.37%
  30689 24324   481788.3218   134   508209.0000   231903.2606  4551769   54.37%
  30931 24462   403254.9547   162   508209.0000   231903.2606  4571272   54.37%
  31113 24545   397367.2856   184   508209.0000   232180.5934  4581831   54.31%
  31382 24960   381884.2341   158   508209.0000   232180.5934  4631684   54.31%
  31642 25147   470549.8000   121   508209.0000   232303.4175  4650278   54.29%
  31895 25543   445395.5656   147   508209.0000   232341.3387  4704305   54.28%
  32179 25744   349617.2042   156   508209.0000   232341.3387  4729027   54.28%
  32406 25780   486619.0491   159   508209.0000   232397.4518  4733797   54.27%
  32600 26175   282512.1228   199   508209.0000   232397.4518  4781816   54.27%
Elapsed time = 3591.52 sec. (454639.81 ticks, tree = 4141.28 MB, solutions = 19)
Nodefile size = 2077.65 MB (1267.59 MB after compression)
  32714 25589   259502.9187   228   508209.0000   232559.9415  4709727   54.24%

Zero-half cuts applied:  351
Lift and project cuts applied:  105

Root node processing (before b&c):
  Real time             =   29.45 sec. (22025.10 ticks)
Parallel b&c, 8 threads:
  Real time             = 3572.63 sec. (436948.90 ticks)
  Sync time (average)   =  748.50 sec.
  Wait time (average)   =    0.01 sec.
                          ------------
Total (root+branch&cut) = 3602.08 sec. (458974.00 ticks)
Status: Feasible
Obj: 508209

Instalacoes abertas:
Instalação 0 aberta
Instalação 1 aberta
Instalação 4 aberta
Instalação 8 aberta
Instalação 9 aberta
Instalação 13 aberta
Instalação 16 aberta
Instalação 19 aberta
Instalação 20 aberta
Instalação 22 aberta
Instalação 23 aberta
Instalação 30 aberta
Instalação 47 aberta
Instalação 49 aberta

Atribuições (cliente -> instalação):
Cliente 0 -> Instalação 47
Cliente 1 -> Instalação 4
Cliente 2 -> Instalação 30
Cliente 3 -> Instalação 8
Cliente 4 -> Instalação 16
Cliente 5 -> Instalação 23
Cliente 6 -> Instalação 4
Cliente 7 -> Instalação 20
Cliente 8 -> Instalação 47
Cliente 9 -> Instalação 1
Cliente 10 -> Instalação 30
Cliente 11 -> Instalação 20
Cliente 12 -> Instalação 9
Cliente 13 -> Instalação 20
Cliente 14 -> Instalação 47
Cliente 15 -> Instalação 49
Cliente 16 -> Instalação 16
Cliente 17 -> Instalação 20
Cliente 18 -> Instalação 8
Cliente 19 -> Instalação 0
Cliente 20 -> Instalação 49
Cliente 21 -> Instalação 19
Cliente 22 -> Instalação 23
Cliente 23 -> Instalação 30
Cliente 24 -> Instalação 20
Cliente 25 -> Instalação 22
Cliente 26 -> Instalação 47
Cliente 27 -> Instalação 22
Cliente 28 -> Instalação 30
Cliente 29 -> Instalação 23
Cliente 30 -> Instalação 9
Cliente 31 -> Instalação 13
Cliente 32 -> Instalação 16
Cliente 33 -> Instalação 9
Cliente 34 -> Instalação 1
Cliente 35 -> Instalação 1
Cliente 36 -> Instalação 13
Cliente 37 -> Instalação 49
Cliente 38 -> Instalação 20
Cliente 39 -> Instalação 1
Cliente 40 -> Instalação 13
Cliente 41 -> Instalação 8
Cliente 42 -> Instalação 9
Cliente 43 -> Instalação 19
Cliente 44 -> Instalação 8
Cliente 45 -> Instalação 4
Cliente 46 -> Instalação 16
Cliente 47 -> Instalação 0
Cliente 48 -> Instalação 4
Cliente 49 -> Instalação 9
