Version identifier: 22.1.1.0 | 2022-11-28 | 9160aff4d
CPXPARAM_TimeLimit                               3600
Tried aggregator 1 time.
MIP Presolve eliminated 50 rows and 1 columns.
Reduced MIP has 20350 rows, 2906 columns, and 60950 nonzeros.
Reduced MIP has 2906 binaries, 0 generals, 0 SOSs, and 0 indicators.
Presolve time = 0.04 sec. (31.41 ticks)
Found incumbent of value 1.5716737e+07 after 0.05 sec. (39.41 ticks)
Probing time = 0.01 sec. (5.31 ticks)
Tried aggregator 1 time.
Detecting symmetries...
Reduced MIP has 20350 rows, 2906 columns, and 60950 nonzeros.
Reduced MIP has 2906 binaries, 0 generals, 0 SOSs, and 0 indicators.
Presolve time = 0.05 sec. (37.55 ticks)
Probing time = 0.02 sec. (5.31 ticks)
Clique table members: 2500.
MIP emphasis: balance optimality and feasibility.
MIP search method: dynamic search.
Parallel mode: deterministic, using up to 8 threads.
Root relaxation solution time = 0.06 sec. (30.76 ticks)

        Nodes                                         Cuts/
   Node  Left     Objective  IInf  Best Integer    Best Bound    ItCnt     Gap

*     0+    0                       1.57167e+07        0.0000           100.00%
*     0+    0                       1.16258e+07        0.0000           100.00%
*     0+    0                       869577.0000        0.0000           100.00%
*     0+    0                       482569.0000        0.0000           100.00%
      0     0    93774.0000   100   482569.0000    93774.0000      182   80.57%
*     0+    0                       343072.0000    93774.0000            72.67%
      0     0   106217.5000   100   343072.0000     Cuts: 925      370   69.04%
*     0+    0                       310508.0000   106217.5000            65.79%
      0     0   118774.0000    98   310508.0000     Cuts: 948      574   61.75%
      0     0   129299.5308   217   310508.0000 ZeroHalf: 379     1726   58.36%
*     0+    0                       265375.0000   129299.5308            51.28%
      0     0  -1.00000e+75     0   265375.0000   129299.5308     1726   51.28%
      0     0   131678.5000   217   265375.0000 ZeroHalf: 330     2014   50.38%
      0     0   136313.1871   221   265375.0000     Cuts: 424     2461   48.63%
Detecting symmetries...
      0     0   139364.1875   173   265375.0000     Cuts: 306     2863   47.48%
      0     0   143326.4226   187   265375.0000     Cuts: 221     3403   45.99%
      0     0   145473.6250   190   265375.0000     Cuts: 182     3749   45.18%
      0     0   147170.4502   207   265375.0000     Cuts: 153     4101   44.54%
      0     0   148505.4869   205   265375.0000     Cuts: 115     4410   44.04%
      0     0   149147.1532   212   265375.0000     Cuts: 217     4659   43.80%
      0     0   149764.2246   219   265375.0000      Cuts: 78     4845   43.57%
      0     0   150502.8757   218   265375.0000      Cuts: 94     5156   43.29%
      0     0   151281.8494   188   265375.0000     Cuts: 105     5418   42.99%
      0     0   151889.2909   182   265375.0000      Cuts: 66     5590   42.76%
      0     0   152224.2171   184   265375.0000      Cuts: 49     5730   42.64%
      0     0   152611.5669   183   265375.0000      Cuts: 54     5917   42.49%
      0     0   152876.3537   187   265375.0000      Cuts: 87     6040   42.39%
      0     0   153310.8418   206   265375.0000      Cuts: 63     6240   42.23%
      0     0   153739.5318   206   265375.0000     Cuts: 117     6472   42.07%
      0     0   153967.6615   219   265375.0000      Cuts: 89     6604   41.98%
      0     0   154527.2642   185   265375.0000     Cuts: 121     6823   41.77%
      0     0   154766.3334   182   265375.0000      Cuts: 52     6956   41.68%
      0     0   155036.8901   195   265375.0000      Cuts: 41     7130   41.58%
      0     0   155423.4233   197   265375.0000      Cuts: 88     7275   41.43%
      0     0   156066.2654   199   265375.0000      Cuts: 58     7492   41.19%
      0     0   156554.0375   221   265375.0000      Cuts: 65     7643   41.01%
      0     0   157031.1005   225   265375.0000      Cuts: 77     7843   40.83%
      0     0   157371.0919   204   265375.0000      Cuts: 74     7992   40.70%
      0     0   157692.9890   212   265375.0000      Cuts: 81     8103   40.58%
      0     0   157869.6276   212   265375.0000      Cuts: 56     8194   40.51%
      0     0   158014.4314   190   265375.0000      Cuts: 62     8296   40.46%
      0     0   158176.7168   213   265375.0000      Cuts: 44     8393   40.40%
      0     0   158427.9522   217   265375.0000      Cuts: 88     8518   40.30%
      0     0   158671.1595   214   265375.0000      Cuts: 42     8691   40.21%
      0     0   158993.8813   185   265375.0000     Cuts: 125     8853   40.09%
      0     0   159150.7546   186   265375.0000      Cuts: 51     8972   40.03%
      0     0   159350.7508   186   265375.0000      Cuts: 50     9091   39.95%
      0     0   159483.9856   188   265375.0000      Cuts: 43     9187   39.90%
      0     0   159770.6433   188   265375.0000      Cuts: 62     9366   39.79%
      0     0   159985.5484   193   265375.0000      Cuts: 41     9488   39.71%
      0     0   160098.5095   191   265375.0000      Cuts: 23     9567   39.67%
      0     0   160179.4066   186   265375.0000      Cuts: 16     9631   39.64%
      0     0   160276.9840   188   265375.0000      Cuts: 51     9717   39.60%
      0     0   160378.6696   185   265375.0000      Cuts: 34     9802   39.57%
      0     0   160475.9740   188   265375.0000      Cuts: 45     9883   39.53%
      0     0   160559.5810   208   265375.0000      Cuts: 33     9964   39.50%
      0     0   160594.7561   186   265375.0000      Cuts: 26    10022   39.48%
      0     0   160608.1044   212   265375.0000      Cuts: 16    10056   39.48%
Detecting symmetries...
      0     2   160608.1044   212   265375.0000   160608.1044    10056   39.48%
Elapsed time = 11.35 sec. (6320.36 ticks, tree = 0.02 MB, solutions = 7)
     11    10   162134.9097   163   265375.0000   160909.4204    12008   39.37%
     34    30   193055.6789   163   265375.0000   160909.4204    17700   39.37%
     64    61   208268.5000    84   265375.0000   161014.0850    28129   39.33%
    112    97   212100.3333   101   265375.0000   161014.0850    36747   39.33%
    188   139   257960.0000    74   265375.0000   161014.0850    42514   39.33%
    261   216   167455.8487   175   265375.0000   161014.0850    54743   39.33%
    343   293   186200.6105   148   265375.0000   161014.0850    64227   39.33%
*   391   333      integral     0   263204.0000   161014.0850    71651   38.83%
    397   346   261771.2500   104   263204.0000   161014.0850    74447   38.83%
    447   385   174039.4600   130   263204.0000   161014.0850    84014   38.83%
*   682   559      integral     0   257782.0000   164377.1285   112542   36.23%
    777   571   214935.5000    96   257782.0000   165695.6905   115762   35.72%
Elapsed time = 21.04 sec. (9449.67 ticks, tree = 1.92 MB, solutions = 9)
   1083   820   210569.5000   125   257782.0000   165695.6905   153665   35.72%
   1407  1088   254802.2019   116   257782.0000   167242.8859   194057   35.12%
   1705  1393   181921.8125   118   257782.0000   170827.6828   234382   33.73%
   2066  1747   176852.3956   159   257782.0000   171561.9736   285617   33.45%
   2373  1937   246272.5000   110   257782.0000   172275.0937   313409   33.17%
   2683  2196   197657.0000   118   257782.0000   173224.8581   354867   32.80%
*  2986  2419      integral     0   252034.0000   173753.7961   386912   31.06%
   3016  2350   241034.9000   115   252034.0000   173907.2300   406503   31.00%
   3334  2543   229519.5000    84   252034.0000   174476.8517   441504   30.77%

Performing restart 1

Repeating presolve.
Tried aggregator 2 times.
MIP Presolve eliminated 4166 rows and 416 columns.
Aggregator did 1 substitutions.
Reduced MIP has 16183 rows, 2489 columns, and 48450 nonzeros.
Reduced MIP has 2489 binaries, 0 generals, 0 SOSs, and 0 indicators.
Presolve time = 0.04 sec. (30.78 ticks)
Tried aggregator 1 time.
Reduced MIP has 16183 rows, 2489 columns, and 48450 nonzeros.
Reduced MIP has 2489 binaries, 0 generals, 0 SOSs, and 0 indicators.
Presolve time = 0.04 sec. (30.59 ticks)
Represolve time = 0.13 sec. (92.28 ticks)
   3390     0   161081.5511   222   252034.0000      Cuts: 47   471505   30.65%
*  3390+    0                       250005.0000   174789.4275            30.09%
   3390     0   161583.0647   222   250005.0000      Cuts: 56   471785   30.09%
   3390     0   162507.2301   223   250005.0000      Cuts: 65   472108   30.09%
*  3390+    0                       249181.0000   174789.4275            29.85%
   3390     0   163080.7038   194   249181.0000      Cuts: 63   472352   29.85%
   3390     0   163511.0874   195   249181.0000      Cuts: 58   472532   29.85%
   3390     2   163511.0874   195   249181.0000   174789.4275   472532   29.85%
   3398     7   172118.6038   164   249181.0000   174789.4275   473628   29.85%
Elapsed time = 65.89 sec. (26229.66 ticks, tree = 0.02 MB, solutions = 13)
   3417    20   179805.8026   183   249181.0000   174789.4275   480162   29.85%
   3465    54   189707.3462   155   249181.0000   174789.4275   495722   29.85%
   3536   102   195161.3984   168   249181.0000   174789.4275   507805   29.85%
   3615   198   207530.2986   156   249181.0000   174789.4275   526897   29.85%
   3708   289   211275.1190   143   249181.0000   174789.4275   544495   29.85%
   3817   363   193799.8909   157   249181.0000   174789.4275   556167   29.85%
*  3834+  320                       243526.0000   174789.4275            28.23%
   3926   418   193984.1158   188   243526.0000   174789.4275   565363   28.23%
   4069   486   225524.9828   139   243526.0000   174789.4275   573813   28.23%
   4265   710   225493.8085   125   243526.0000   174789.4275   602473   28.23%
   4453   852   208412.4458   194   243526.0000   174789.4275   623189   28.23%
Elapsed time = 104.96 sec. (35849.81 ticks, tree = 5.89 MB, solutions = 14)
   4615   903   198738.8239   192   243526.0000   174789.4275   633389   28.23%
   4809  1124   218542.4330   167   243526.0000   174789.4275   674400   28.23%
   5023  1283   229596.0165   158   243526.0000   174789.4275   702960   28.23%
   5263  1388   199583.4002   188   243526.0000   174789.4275   721530   28.23%
   5496  1718   228312.1667   146   243526.0000   174789.4275   765121   28.23%
   5708  1890   232752.0443   174   243526.0000   174789.4275   785204   28.23%
   5958  2038   232646.8445   155   243526.0000   174789.4275   804245   28.23%
   6170  2246   191139.4378   172   243526.0000   174789.4275   825786   28.23%
   6384  2497   212473.3260   187   243526.0000   175413.3391   867769   27.97%
   6651  2755   218940.8000   108   243526.0000   175413.3391   899894   27.97%
Elapsed time = 142.33 sec. (45417.50 ticks, tree = 10.77 MB, solutions = 14)
   6897  3012   192405.5898   194   243526.0000   175516.7561   928258   27.93%
   7139  3247   195952.5565   163   243526.0000   176087.9751   965608   27.69%
   7437  3465        cutoff         243526.0000   176773.0133   991513   27.41%
   7797  3806   229667.8750   110   243526.0000   176773.0133  1030016   27.41%
   8108  4021   229075.9725   165   243526.0000   176773.0133  1055231   27.41%
   8319  4230   229485.8095   168   243526.0000   177034.6998  1080140   27.30%
   8564  4501   217102.6865   170   243526.0000   177814.9152  1112287   26.98%
   8793  4647   210316.0608   150   243526.0000   178272.2996  1141690   26.80%
   9072  5009   204595.5083   149   243526.0000   178307.0138  1190079   26.78%
   9371  5246   230914.7606   169   243526.0000   178548.0901  1217873   26.68%
Elapsed time = 182.48 sec. (55002.03 ticks, tree = 18.19 MB, solutions = 14)
   9680  5460   243137.8043   180   243526.0000   178581.0056  1244710   26.67%
   9907  5781   216779.9628   164   243526.0000   178758.5984  1282928   26.60%
  10166  5935   232003.8069   182   243526.0000   178758.5984  1302188   26.60%
  10446  6155   190280.1871   171   243526.0000   178758.5984  1337531   26.60%
  10647  6407   214019.5311   162   243526.0000   179426.2663  1381596   26.32%
* 10727+ 6225                       243324.0000   179426.2663            26.26%
  10928  6487   241074.3571   141   243324.0000   179717.0455  1394857   26.14%
  11176  6879   201824.2830   148   243324.0000   179717.0455  1441748   26.14%
  11374  7050   210343.9674   209   243324.0000   180197.3234  1468147   25.94%
  11649  7262   235523.2266   153   243324.0000   180296.7450  1493870   25.90%
  11908  7665   226246.2082   162   243324.0000   180342.6797  1544694   25.88%
Elapsed time = 219.24 sec. (64584.07 ticks, tree = 24.99 MB, solutions = 15)
  12119  7802   225990.1753   170   243324.0000   180624.6502  1564016   25.77%
  12360  7882   241912.2500   120   243324.0000   180896.1526  1575973   25.66%
  12585  8190   231357.7534   162   243324.0000   180920.2430  1619052   25.65%
  12844  8509   214788.2852   143   243324.0000   181153.9615  1682991   25.55%
  13152  8521   201651.5256   169   243324.0000   181415.1929  1682483   25.44%
  13393  8662   238805.6500   124   243324.0000   181430.8666  1704471   25.44%
  13655  9165   240859.3915   191   243324.0000   181595.0417  1766214   25.37%
  13892  9428   234001.3858   206   243324.0000   181919.2559  1806662   25.24%
  14102  9563   214988.7115   155   243324.0000   181919.2559  1829008   25.24%
  14360  9703   241006.7985   167   243324.0000   182388.1816  1856769   25.04%
Elapsed time = 258.55 sec. (74152.79 ticks, tree = 30.63 MB, solutions = 15)
  14634 10043   235766.5252   194   243324.0000   182388.1816  1901688   25.04%
  14833 10277   232988.1545   148   243324.0000   182726.4435  1947253   24.90%
  15076 10292   225986.3351   179   243324.0000   182726.4435  1944068   24.90%
  15404 10641   217274.9952   152   243324.0000   182844.5219  2003034   24.86%
  15693 10916   242711.9934   189   243324.0000   182876.5808  2041441   24.84%
  15971 11145   238000.6888   185   243324.0000   183198.5755  2070980   24.71%
  16194 11422   239340.3810   149   243324.0000   183411.9129  2109538   24.62%
  16471 11702   194509.2067   183   243324.0000   183699.5055  2149428   24.50%
  16737 11876   225781.9062   134   243324.0000   183699.5055  2171767   24.50%
  17001 11922   212348.4497   178   243324.0000   183734.8957  2178522   24.49%
Elapsed time = 298.44 sec. (83720.77 ticks, tree = 37.99 MB, solutions = 15)
  17300 12414   204613.0000   183   243324.0000   184342.2636  2245802   24.24%
  17583 12409   226110.2965   181   243324.0000   184342.2636  2243409   24.24%
  17861 12928   219689.7660   151   243324.0000   184583.5180  2319050   24.14%
  18129 13127   228640.1985   194   243324.0000   184591.2336  2345545   24.14%
  18418 13302   231118.8261   162   243324.0000   184952.5606  2371036   23.99%
  18690 13559   222957.5396   197   243324.0000   185076.2090  2407154   23.94%
  18917 13665   225975.8388   158   243324.0000   185076.2090  2424694   23.94%
* 19072+13607                       241091.0000   185076.2090            23.23%
  19166 13356   229072.8295   139   241091.0000   185076.2090  2496891   23.23%
  19421 14173   224492.1036   163   241091.0000   185093.0032  2482971   23.23%
  19596 13730        cutoff         241091.0000   185093.0032  2547161   23.23%
Elapsed time = 334.56 sec. (93280.34 ticks, tree = 43.40 MB, solutions = 16)
  19786 13787   229038.7276   189   241091.0000   185455.5135  2553887   23.08%
  20070 13932   207961.0779   134   241091.0000   185456.5814  2573825   23.08%
  20355 14182   238900.6832   185   241091.0000   186002.3616  2607238   22.85%
  20629 14357   203995.9853   186   241091.0000   186135.4327  2636965   22.79%
  20977 14676   203919.9429   198   241091.0000   186384.9500  2686022   22.69%
  21276 15126   208334.5954   198   241091.0000   186428.8917  2739937   22.67%
  21588 15266   227789.8000   118   241091.0000   186653.5563  2759327   22.58%
  21869 15668   203393.6745   171   241091.0000   186672.4277  2804960   22.57%
  22129 15822   235891.0000    89   241091.0000   186777.2888  2826175   22.53%
  23308 16786   225679.5362   167   241091.0000   187322.6023  2965109   22.30%
Elapsed time = 381.59 sec. (105704.98 ticks, tree = 51.75 MB, solutions = 16)
  24476 17795   229028.3000   168   241091.0000   187964.3284  3111742   22.04%
  25772 18682   209245.3125   160   241091.0000   188467.0378  3238526   21.83%
  26860 19933   232275.0000    80   241091.0000   188907.8622  3409444   21.64%
  27947 20847   213836.0736   165   241091.0000   189067.0281  3534126   21.58%
  29025 22022   206522.1167   168   241091.0000   189442.7184  3681779   21.42%
  30178 22745   224179.4118   142   241091.0000   190015.7684  3783919   21.19%
  31316 23733   223887.9444   118   241091.0000   190592.0337  3936941   20.95%
  32517 24774   219995.4638   163   241091.0000   191017.0250  4083843   20.77%
  33659 25901   210959.6476   190   241091.0000   191384.9234  4244195   20.62%
  34844 27105   234275.1250    95   241091.0000   191979.8129  4420718   20.37%
Elapsed time = 524.93 sec. (143891.68 ticks, tree = 82.28 MB, solutions = 16)
  36040 27599   216362.8708   195   241091.0000   192192.9568  4487877   20.28%
  36793 28607   219461.6250   106   241091.0000   192381.9624  4640338   20.20%

Performing restart 2

Repeating presolve.
Tried aggregator 1 time.
MIP Presolve eliminated 1000 rows and 96 columns.
Reduced MIP has 15183 rows, 2393 columns, and 58285 nonzeros.
Reduced MIP has 2393 binaries, 0 generals, 0 SOSs, and 0 indicators.
Presolve time = 0.09 sec. (89.67 ticks)
Tried aggregator 1 time.
Reduced MIP has 15183 rows, 2393 columns, and 58285 nonzeros.
Reduced MIP has 2393 binaries, 0 generals, 0 SOSs, and 0 indicators.
Presolve time = 0.05 sec. (43.62 ticks)
Represolve time = 0.18 sec. (170.77 ticks)
  36855     0   164573.9246   200   241091.0000      Cuts: 39  4760177   20.06%
* 36855+    0                       239813.0000   192727.6848            19.63%
  36855     0   164803.1687   194   239813.0000      Cuts: 29  4760344   19.63%
  36855     0   165386.4819   219   239813.0000      Cuts: 72  4760545   19.63%
  36855     0   165955.7566   221   239813.0000      Cuts: 86  4760750   19.63%
  36855     0   166464.8857   223   239813.0000      Cuts: 83  4760997   19.63%
  36855     0   166833.5502   220   239813.0000      Cuts: 68  4761239   19.63%
  36855     0   167284.8882   211   239813.0000      Cuts: 70  4761432   19.63%
  36855     0   167764.9789   215   239813.0000      Cuts: 98  4761613   19.63%

Repeating presolve.
Tried aggregator 1 time.
MIP Presolve eliminated 512 rows and 50 columns.
Reduced MIP has 14671 rows, 2343 columns, and 56287 nonzeros.
Reduced MIP has 2343 binaries, 0 generals, 0 SOSs, and 0 indicators.
Presolve time = 0.07 sec. (73.90 ticks)
Tried aggregator 1 time.
Reduced MIP has 14671 rows, 2343 columns, and 56287 nonzeros.
Reduced MIP has 2343 binaries, 0 generals, 0 SOSs, and 0 indicators.
Presolve time = 0.05 sec. (42.13 ticks)
Represolve time = 0.16 sec. (152.65 ticks)
  36855     0   168486.6827   186   239813.0000      Cuts: 58  4764874   19.63%
  36855     0   168967.8073   221   239813.0000      Cuts: 86  4765110   19.63%
  36855     0   169539.3097   216   239813.0000      Cuts: 94  4765308   19.63%
  36855     0   169794.4009   214   239813.0000      Cuts: 63  4765469   19.63%
  36855     0   169990.5813   215   239813.0000      Cuts: 63  4765622   19.63%
  36855     0   170304.2231   212   239813.0000      Cuts: 75  4765787   19.63%
  36855     0   170455.9517   192   239813.0000      Cuts: 58  4765888   19.63%
  36855     0   170782.5390   216   239813.0000      Cuts: 67  4766041   19.63%
  36855     0   171090.4748   214   239813.0000      Cuts: 58  4766126   19.63%
  36855     2   171090.4748   214   239813.0000   192727.6848  4766126   19.63%
  37046   131   229647.2787   141   239813.0000   192727.6848  4805167   19.63%
  37616   450   229877.1532   143   239813.0000   192727.6848  4877945   19.63%
  38320  1039   215422.3584   178   239813.0000   192727.6848  4967790   19.63%
  39242  1876   234871.9017   153   239813.0000   192727.6848  5080884   19.63%
  40124  2599   211367.8571   129   239813.0000   192727.6848  5204310   19.63%
  41074  3576   238815.5313   154   239813.0000   192727.6848  5360101   19.63%
  41991  4356   237303.0000   126   239813.0000   192727.6848  5486476   19.63%
Elapsed time = 690.17 sec. (196375.85 ticks, tree = 11.70 MB, solutions = 17)
  42898  5134   211220.4268   168   239813.0000   192727.6848  5635851   19.63%
  43939  6005   203562.7481   148   239813.0000   192727.6848  5786037   19.63%
  44901  6724   198223.3452   161   239813.0000   192727.6848  5925220   19.63%
  45837  7659        cutoff         239813.0000   192727.6848  6096160   19.63%
  46954  8556   212396.1515   129   239813.0000   193124.0593  6243114   19.47%
  48004  9335   228648.1111   147   239813.0000   193898.0580  6383352   19.15%
  48999 10206   213237.9755   145   239813.0000   194583.0490  6526298   18.86%
  49959 11038   229411.5086   215   239813.0000   195057.2044  6685294   18.66%
  50969 12039   201624.9510   154   239813.0000   195446.4432  6875876   18.50%
  51987 12664   207175.3495   160   239813.0000   195907.9239  6995220   18.31%
Elapsed time = 829.95 sec. (234573.30 ticks, tree = 40.83 MB, solutions = 17)
  52853 13483   207067.1939   164   239813.0000   196289.5955  7133741   18.15%
  53684 14300   238369.5625   128   239813.0000   196739.0272  7279856   17.96%
  54701 15056   213444.3333   109   239813.0000   196995.3473  7421172   17.85%
  55715 16033   235404.4564   154   239813.0000   197726.7369  7611452   17.55%
  56688 16695   217834.9405   152   239813.0000   198184.7221  7734416   17.36%
  57667 17623   210676.7722   183   239813.0000   198567.0517  7911196   17.20%
  58631 18222        cutoff         239813.0000   198981.9398  8038150   17.03%
  59744 19156   206821.9805   157   239813.0000   199244.8333  8204424   16.92%
  60767 20065   213865.8632   184   239813.0000   199665.1745  8372692   16.74%
  61801 20808   217415.7793   177   239813.0000   199870.3257  8496973   16.66%
Elapsed time = 964.41 sec. (272744.03 ticks, tree = 69.06 MB, solutions = 17)
  62859 21756   234927.9545   131   239813.0000   200184.9109  8663789   16.52%
  63964 22510   223495.4444   141   239813.0000   200368.1814  8797441   16.45%
  64994 23654        cutoff         239813.0000   200777.5143  9013527   16.28%
  66054 24170   228431.0000   150   239813.0000   201021.3688  9107584   16.18%
  67059 24938   226520.1400   148   239813.0000   201330.4000  9249891   16.05%
  68090 25825   235156.3462   134   239813.0000   201578.0952  9421403   15.94%
  69062 26841   232913.6667   115   239813.0000   201777.7406  9619446   15.86%
  70172 27581        cutoff         239813.0000   202094.4765  9752635   15.73%
  71128 28348   221713.4000   165   239813.0000   202309.4807  9883437   15.64%
  72134 29395   224286.1328   171   239813.0000   202476.7259 10090505   15.57%
Elapsed time = 1107.41 sec. (310938.04 ticks, tree = 92.44 MB, solutions = 17)
  73173 30088   237894.3580   186   239813.0000   202696.9000 10230052   15.48%
  74191 30671   232886.0643   173   239813.0000   202913.5011 10341929   15.39%
  75211 31903   226186.8293   198   239813.0000   203110.8446 10589317   15.30%
  76212 32645   228356.6952   179   239813.0000   203298.8606 10733202   15.23%
  77138 33539   222955.5367   173   239813.0000   203440.4226 10909759   15.17%
  78110 33881        cutoff         239813.0000   203584.4474 10984551   15.11%
  79043 34547   225985.4146   150   239813.0000   203728.6667 11117503   15.05%
  79986 35367   205341.7287   142   239813.0000   203893.9335 11284352   14.98%
  81099 36341   219776.3168   157   239813.0000   204032.8984 11477486   14.92%
  82157 37099   218859.9171   153   239813.0000   204177.1792 11617046   14.86%
Elapsed time = 1245.43 sec. (349112.47 ticks, tree = 120.11 MB, solutions = 17)
  83185 37652   222896.7221   169   239813.0000   204355.6590 11718693   14.79%
  84142 38627   231390.0000   103   239813.0000   204506.4342 11904722   14.72%
  85191 39445   221776.0313   146   239813.0000   204680.3394 12072251   14.65%
  86095 40492   218567.4944   142   239813.0000   204767.9590 12264016   14.61%
* 86102+39949                       239266.0000   204767.9590            14.42%
  87134 40779   222924.0838   164   239266.0000   204888.9385 12395360   14.37%
  88146 41424   237127.8333   153   239266.0000   205001.1212 12516484   14.32%
  89204 42157   237518.7379   147   239266.0000   205118.5000 12662363   14.27%
  90305 43645   226372.3291   154   239266.0000   205353.6138 12934627   14.17%
  91141 44271   223201.3072   168   239266.0000   205454.4288 13070883   14.13%
  92141 44551   224895.3079   169   239266.0000   205592.0583 13127518   14.07%
Elapsed time = 1378.83 sec. (387287.08 ticks, tree = 140.79 MB, solutions = 18)
  93205 45685   231317.5667   148   239266.0000   205689.2282 13347908   14.03%
* 93894+45630                       238068.0000   205790.1556            13.56%
  94146 46282   216565.3333   156   238068.0000   205889.0401 13469461   13.52%
  95242 45277   233132.0881   135   238068.0000   206018.6215 13644756   13.46%
  96231 46092   237265.8000   128   238068.0000   206143.2683 13802227   13.41%
  97307 46585   222842.1351   181   238068.0000   206263.8781 13913973   13.36%
  98361 47525   227682.8000   114   238068.0000   206397.9166 14092978   13.30%
  99319 48648   229675.2814   146   238068.0000   206555.6987 14322218   13.24%
 100381 48808   231609.2743   143   238068.0000   206705.1429 14354798   13.17%
 101413 49789   218187.9163   153   238068.0000   206873.4848 14542010   13.10%
 102404 50557   227046.3649   150   238068.0000   206948.1591 14695203   13.07%
Elapsed time = 1509.70 sec. (425479.26 ticks, tree = 157.26 MB, solutions = 19)
 103428 51384   221269.4348   126   238068.0000   207105.0727 14857888   13.01%
 104482 52212   232622.9057   182   238068.0000   207204.7471 15035185   12.96%
 105486 52905   225604.1085   187   238068.0000   207326.5346 15175722   12.91%
 106543 53992   224496.6429   133   238068.0000   207478.0722 15392957   12.85%
 107535 54845   233123.6970   125   238068.0000   207577.6736 15567672   12.81%
 108600 55146   232158.4724   194   238068.0000   207694.6548 15629844   12.76%
 109609 55967   224222.7500   122   238068.0000   207811.4490 15805999   12.71%
 110634 57034   220116.2449   196   238068.0000   207940.8068 16010204   12.65%
 111713 57735   221014.4592   158   238068.0000   208030.3549 16154847   12.62%
*112503 58030      integral     0   236503.0000   208079.3558 16217223   12.02%
 112748 54934   224413.1908   149   236503.0000   208104.8333 16346533   12.01%
Elapsed time = 1646.39 sec. (463679.10 ticks, tree = 166.86 MB, solutions = 20)
 113794 55631   220813.5730   159   236503.0000   208215.2143 16499550   11.96%
*114374+56270                       233945.0000   208278.5631            10.97%
 114780 49630   224170.8176   172   233945.0000   208292.5000 16683388   10.97%
 115775 49885   221636.4975   154   233945.0000   208456.3571 16755395   10.90%
 116742 50435   230262.5765   128   233945.0000   208576.0001 16870652   10.84%
 117745 51579   230822.6528   201   233945.0000   208700.3557 17132900   10.79%
 118717 52334        cutoff         233945.0000   208781.7077 17304561   10.76%
 119790 52853   229425.2105   131   233945.0000   208901.3864 17417900   10.70%
 120803 53649   220558.0000   142   233945.0000   209019.3967 17597025   10.65%
 121819 54433   219776.4177   143   233945.0000   209133.6883 17767142   10.61%
 122882 54669   221632.3208   155   233945.0000   209220.5766 17818633   10.57%
Elapsed time = 1776.86 sec. (501864.00 ticks, tree = 166.26 MB, solutions = 21)
 123971 55767   218707.4550   174   233945.0000   209331.5418 18065163   10.52%
 125066 56659        cutoff         233945.0000   209492.9882 18266749   10.45%
 126086 57077   226102.0576   150   233945.0000   209594.9783 18357620   10.41%
 127220 57851   233924.0488   122   233945.0000   209703.3228 18538554   10.36%
 128292 58627   228211.2190   190   233945.0000   209790.3182 18704784   10.32%
 129384 59185   226025.0365   165   233945.0000   209889.4634 18833611   10.28%
 130355 59992   224183.8739   132   233945.0000   209990.5069 19024871   10.24%
 131421 60753   226439.2705   181   233945.0000   210092.4110 19199955   10.20%
 132568 61512   229865.7702   148   233945.0000   210173.3663 19383999   10.16%
 133670 62386   230812.0800   155   233945.0000   210246.1429 19571147   10.13%
Elapsed time = 1910.33 sec. (540039.15 ticks, tree = 188.30 MB, solutions = 21)
 134701 63174   228870.7958   148   233945.0000   210346.2551 19759579   10.09%
 135743 63389   230913.5575   154   233945.0000   210461.0000 19814342   10.04%
 136831 63996        cutoff         233945.0000   210560.9196 19963260   10.00%
 137843 65053        cutoff         233945.0000   210645.2095 20208206    9.96%
 138922 65566   224484.5519   140   233945.0000   210735.7973 20333093    9.92%
 140011 66040   225486.1779   179   233945.0000   210819.2208 20447595    9.89%
 141048 66849   231566.1766   178   233945.0000   210897.0861 20637663    9.85%
 142074 67825   218157.9089   163   233945.0000   210995.4205 20856364    9.81%
 143139 68390   219802.8503   129   233945.0000   211098.5462 20983319    9.77%
 144234 69283   230040.9750   152   233945.0000   211174.7059 21199392    9.73%
Elapsed time = 2044.75 sec. (578232.48 ticks, tree = 210.48 MB, solutions = 21)
 145415 69531   230016.4444   139   233945.0000   211242.9156 21260435    9.70%
 146498 70376   218690.1053   114   233945.0000   211303.3421 21458403    9.68%
 147546 71284   218284.8835   146   233945.0000   211382.5642 21656873    9.64%
 148693 72200   229141.1481   165   233945.0000   211477.8323 21868461    9.60%
 149779 72584   218606.6500   141   233945.0000   211530.6538 21948184    9.58%
 150874 73448        cutoff         233945.0000   211602.0137 22152197    9.55%
 152023 73771   224170.6530   157   233945.0000   211682.6044 22230375    9.52%
 153194 74510   227657.3636   138   233945.0000   211744.4487 22379478    9.49%
 154292 75227   219911.8113   168   233945.0000   211826.1059 22553025    9.45%
 155439 76095   218270.8958   141   233945.0000   211891.8784 22747190    9.43%
Elapsed time = 2183.78 sec. (616398.31 ticks, tree = 230.88 MB, solutions = 21)
 156456 76850   228508.6262   128   233945.0000   211952.3946 22921461    9.40%
 157529 77279   222872.1526   194   233945.0000   212036.6373 23038284    9.36%
 158596 78023   223650.3929   140   233945.0000   212094.1632 23232358    9.34%
 159641 78897        cutoff         233945.0000   212162.8045 23458796    9.31%
 160806 79825   230963.7191   170   233945.0000   212238.7569 23694816    9.28%
 161896 80418        cutoff         233945.0000   212272.8673 23829796    9.26%
 163043 80828        cutoff         233945.0000   212371.9231 23919923    9.22%
 164172 81567   229544.2333   134   233945.0000   212444.8512 24096763    9.19%
 165232 82127   226063.6074   176   233945.0000   212506.4016 24235504    9.16%
 166302 83053   227593.0936   174   233945.0000   212559.3000 24454638    9.14%
Elapsed time = 2321.66 sec. (654578.24 ticks, tree = 250.91 MB, solutions = 21)
 167384 83722   229588.7500   123   233945.0000   212635.0769 24633007    9.11%
 168492 84342   218258.8462   149   233945.0000   212694.8947 24789110    9.08%
*169146 84541      integral     0   233506.0000   212732.8768 24842631    8.90%
 169587 84667   227784.4211   147   233506.0000   212771.3480 24870453    8.88%
 170612 83958        cutoff         233506.0000   212820.5385 25080658    8.86%
 171731 84552   225584.7729   142   233506.0000   212883.7561 25232921    8.83%
 172782 85501   222317.8290   147   233506.0000   212945.1250 25471223    8.81%
 173892 86142   225299.7512   148   233506.0000   212991.1111 25647422    8.79%
 174907 86321   228598.4500   128   233506.0000   213051.2690 25690077    8.76%
 176062 87439   227418.7506   159   233506.0000   213112.2592 25980135    8.73%
 177184 88157   230716.3333   110   233506.0000   213184.0123 26161076    8.70%
Elapsed time = 2457.79 sec. (692756.65 ticks, tree = 265.03 MB, solutions = 22)
 178212 88307   228845.0795   172   233506.0000   213236.8704 26200722    8.68%
 179244 89232   225266.7714   156   233506.0000   213302.2558 26448831    8.65%
 180318 89795   215085.3056   145   233506.0000   213364.3889 26590085    8.63%
 181457 90207   223616.6250   111   233506.0000   213426.5000 26702957    8.60%
 182645 91104   220696.8558   163   233506.0000   213490.6781 26929730    8.57%
 183807 91431        cutoff         233506.0000   213552.5945 27007115    8.55%
 184884 92527   231157.2005   142   233506.0000   213616.7928 27290753    8.52%
 185939 92885   218822.6585   177   233506.0000   213688.9626 27389518    8.49%
 187056 93832   230665.9298   139   233506.0000   213753.5470 27643109    8.46%
 188136 93840   227519.7570   144   233506.0000   213807.6429 27647812    8.44%
Elapsed time = 2595.29 sec. (730964.33 ticks, tree = 280.84 MB, solutions = 22)
 189145 94690   220885.1290   158   233506.0000   213860.0050 27882810    8.41%
 190266 95002   226287.5569   151   233506.0000   213921.0916 27965065    8.39%
 191416 95945        cutoff         233506.0000   213974.0000 28227871    8.36%
 192583 96741   222352.8722   163   233506.0000   214014.2059 28434648    8.35%
 193736 97377        cutoff         233506.0000   214073.6111 28598358    8.32%
 194807 97817   216047.1066   149   233506.0000   214132.1271 28714300    8.30%
 195903 98510   225473.6798   151   233506.0000   214185.5778 28897335    8.27%
 197005 98921   232400.1795   115   233506.0000   214239.4571 29030136    8.25%
 198141 99608   219295.9688   139   233506.0000   214290.2895 29215064    8.23%
 199239 100165   226499.5250   131   233506.0000   214350.0845 29375699    8.20%
Elapsed time = 2732.87 sec. (769145.18 ticks, tree = 298.98 MB, solutions = 22)
 200374 100394   222178.0708   161   233506.0000   214393.0699 29437238    8.19%
 201531 101182   221975.8273   180   233506.0000   214453.4425 29668039    8.16%
 202734 101962   223949.2137   159   233506.0000   214507.7266 29874408    8.14%
 203784 102438        cutoff         233506.0000   214564.0161 29999441    8.11%
 204783 103220        cutoff         233506.0000   214618.8282 30210209    8.09%
 205708 103552   232718.2927   166   233506.0000   214680.7888 30306967    8.06%
 206757 104312        cutoff         233506.0000   214737.6404 30477890    8.04%
 207766 104600   227904.4282   173   233506.0000   214785.6757 30533342    8.02%
 208808 105077   224427.6667   127   233506.0000   214832.6950 30629997    8.00%
 209744 105768   218162.2000   150   233506.0000   214867.5941 30769446    7.98%
Elapsed time = 2882.70 sec. (807322.15 ticks, tree = 510.80 MB, solutions = 22)
 210683 106416        cutoff         233506.0000   214916.3000 30915699    7.96%
 211825 106606   229659.5913   146   233506.0000   214969.1082 30959528    7.94%
 212910 107563   226617.0249   147   233506.0000   215009.5285 31139618    7.92%
 213848 108076        cutoff         233506.0000   215050.4368 31238422    7.90%
 214801 108395   222356.0627   152   233506.0000   215085.0323 31309788    7.89%
 215813 108981   224063.3347   144   233506.0000   215133.8100 31434159    7.87%
 216851 109679   229832.8281   149   233506.0000   215176.0041 31575413    7.85%
 217806 110124   232323.8158   136   233506.0000   215208.6662 31672792    7.84%
 218759 110768   230207.3208   126   233506.0000   215251.2500 31818733    7.82%
 219739 111021   226998.1869   156   233506.0000   215291.2500 31876816    7.80%
Elapsed time = 3043.73 sec. (845510.29 ticks, tree = 902.81 MB, solutions = 22)
 220816 111345        cutoff         233506.0000   215344.2765 31946132    7.78%
 221823 111965   232940.8697   141   233506.0000   215381.3333 32069589    7.76%
 222739 112842        cutoff         233506.0000   215421.1379 32255485    7.74%
 223694 113060   232890.2222   136   233506.0000   215453.5798 32314397    7.73%
 224761 113803   230348.1176   128   233506.0000   215517.2021 32488621    7.70%
 225801 114376   220610.5714   152   233506.0000   215556.2048 32605939    7.69%
 226736 114859   231703.3608   131   233506.0000   215592.8159 32705444    7.67%
 227703 115405        cutoff         233506.0000   215634.4059 32819758    7.65%
 228703 115737        cutoff         233506.0000   215689.0374 32904611    7.63%
 229817 116151   229667.9925   149   233506.0000   215732.2929 32988390    7.61%
Elapsed time = 3205.83 sec. (883687.01 ticks, tree = 1326.45 MB, solutions = 22)
 230857 116738   227337.4506   184   233506.0000   215763.9429 33107833    7.60%
 231798 117262   228434.7955   141   233506.0000   215803.8984 33211572    7.58%
Starting limited solution polishing.
 232807 117698   227757.3823   150   233506.0000   215836.4478 33312493    7.57%
 233746 118367   230456.8529   151   233506.0000   215887.3024 33453562    7.55%
 234673 118998        cutoff         233506.0000   215934.6554 33583964    7.53%
 235474 119320   232776.8921   164   233506.0000   215974.9253 33655941    7.51%
 236111 119645   228262.7218   164   233506.0000   215980.4375 33733210    7.51%
 236703 119986        cutoff         233506.0000   216036.2927 33804583    7.48%
 237471 120122   222492.3480   172   233506.0000   216063.5000 33835214    7.47%
 238079 120587        cutoff         233506.0000   216090.5714 33928457    7.46%
Elapsed time = 3339.89 sec. (921876.72 ticks, tree = 1694.91 MB, solutions = 22)
 238967 120907   225129.2273   176   233506.0000   216129.3440 34004465    7.44%
 239408 121389   231544.2117   160   233506.0000   216133.7372 34113596    7.44%
 240230 121620   221981.9464   127   233506.0000   216187.2157 34174783    7.42%
 240934 122007        cutoff         233506.0000   216227.3731 34259993    7.40%
 241641 122563   233290.7865   168   233506.0000   216233.1458 34366413    7.40%
 242022 122715   222666.5694   138   233506.0000   216257.8824 34411178    7.39%
 242716 122853   229621.3636   165   233506.0000   216283.2806 34442136    7.38%
 243466 123178   231375.8463   127   233506.0000   216306.8276 34529322    7.37%
 244266 123446   228338.1429   116   233506.0000   216331.0000 34589584    7.36%
 244893 124057   227168.5020   149   233506.0000   216352.6300 34733396    7.35%
Elapsed time = 3453.42 sec. (960098.33 ticks, tree = 1995.90 MB, solutions = 22)
 245402 124111        cutoff         233506.0000   216372.3426 34743426    7.34%
 246006 124687   233114.2500   115   233506.0000   216400.4755 34865313    7.33%
 246703 124879   226069.4480   168   233506.0000   216422.6579 34915037    7.32%
 247443 125405   232444.9020   143   233506.0000   216477.9663 35023013    7.29%
 248047 125551   231082.6024   130   233506.0000   216482.8439 35051409    7.29%
 248571 125750   222937.8846   152   233506.0000   216486.6429 35103878    7.29%
 249302 126201   221907.8835   169   233506.0000   216523.6745 35201595    7.27%
 249842 126462   221185.4101   158   233506.0000   216537.7468 35266665    7.27%
 250335 126657   225028.3333   132   233506.0000   216548.0233 35324259    7.26%
 250741 126767   225718.6667   124   233506.0000   216573.8493 35347853    7.25%
Elapsed time = 3555.40 sec. (998293.81 ticks, tree = 2187.84 MB, solutions = 22)
Nodefile size = 132.34 MB (76.55 MB after compression)
 251451 127154   229019.0108   130   233506.0000   216604.9000 35429292    7.24%
 251928 127558        cutoff         233506.0000   216625.4559 35518226    7.23%
 252515 127723   225325.4021   168   233506.0000   216649.4993 35558237    7.22%
 253075 127958   225897.7949   138   233506.0000   216662.1214 35607091    7.21%
 253257 127648   219075.5797   155   233506.0000   216662.1214 35541839    7.21%

Zero-half cuts applied:  381
Lift and project cuts applied:  380

Root node processing (before b&c):
  Real time             =   11.31 sec. (6288.80 ticks)
Parallel b&c, 8 threads:
  Real time             = 3589.48 sec. (1011533.97 ticks)
  Sync time (average)   =  416.18 sec.
  Wait time (average)   =    0.01 sec.
                          ------------
Total (root+branch&cut) = 3600.79 sec. (1017822.77 ticks)
Status: Feasible
Obj: 233506

Instalacoes abertas:
Instalação 1 aberta
Instalação 4 aberta
Instalação 8 aberta
Instalação 9 aberta
Instalação 20 aberta
Instalação 22 aberta
Instalação 47 aberta

Atribuições (cliente -> instalação):
Cliente 0 -> Instalação 9
Cliente 1 -> Instalação 1
Cliente 2 -> Instalação 47
Cliente 3 -> Instalação 4
Cliente 4 -> Instalação 4
Cliente 5 -> Instalação 47
Cliente 6 -> Instalação 4
Cliente 7 -> Instalação 9
Cliente 8 -> Instalação 20
Cliente 9 -> Instalação 8
Cliente 10 -> Instalação 8
Cliente 11 -> Instalação 20
Cliente 12 -> Instalação 9
Cliente 13 -> Instalação 4
Cliente 14 -> Instalação 20
Cliente 15 -> Instalação 1
Cliente 16 -> Instalação 1
Cliente 17 -> Instalação 4
Cliente 18 -> Instalação 20
Cliente 19 -> Instalação 4
Cliente 20 -> Instalação 9
Cliente 21 -> Instalação 47
Cliente 22 -> Instalação 22
Cliente 23 -> Instalação 9
Cliente 24 -> Instalação 9
Cliente 25 -> Instalação 8
Cliente 26 -> Instalação 9
Cliente 27 -> Instalação 20
Cliente 28 -> Instalação 9
Cliente 29 -> Instalação 20
Cliente 30 -> Instalação 47
Cliente 31 -> Instalação 1
Cliente 32 -> Instalação 9
Cliente 33 -> Instalação 20
Cliente 34 -> Instalação 8
Cliente 35 -> Instalação 47
Cliente 36 -> Instalação 20
Cliente 37 -> Instalação 9
Cliente 38 -> Instalação 4
Cliente 39 -> Instalação 20
Cliente 40 -> Instalação 4
Cliente 41 -> Instalação 8
Cliente 42 -> Instalação 47
Cliente 43 -> Instalação 8
Cliente 44 -> Instalação 8
Cliente 45 -> Instalação 20
Cliente 46 -> Instalação 8
Cliente 47 -> Instalação 47
Cliente 48 -> Instalação 1
Cliente 49 -> Instalação 1
