Version identifier: 22.1.1.0 | 2022-11-28 | 9160aff4d
CPXPARAM_TimeLimit                               3600
Tried aggregator 1 time.
MIP Presolve eliminated 50 rows and 1 columns.
Reduced MIP has 20900 rows, 2917 columns, and 62600 nonzeros.
Reduced MIP has 2917 binaries, 0 generals, 0 SOSs, and 0 indicators.
Presolve time = 0.03 sec. (32.04 ticks)
Found incumbent of value 1.6628278e+07 after 0.04 sec. (40.24 ticks)
Probing time = 0.01 sec. (5.43 ticks)
Tried aggregator 1 time.
Detecting symmetries...
Reduced MIP has 20900 rows, 2917 columns, and 62600 nonzeros.
Reduced MIP has 2917 binaries, 0 generals, 0 SOSs, and 0 indicators.
Presolve time = 0.04 sec. (38.34 ticks)
Probing time = 0.01 sec. (5.43 ticks)
Clique table members: 2500.
MIP emphasis: balance optimality and feasibility.
MIP search method: dynamic search.
Parallel mode: deterministic, using up to 8 threads.
Root relaxation solution time = 0.05 sec. (31.67 ticks)

        Nodes                                         Cuts/
   Node  Left     Objective  IInf  Best Integer    Best Bound    ItCnt     Gap

*     0+    0                       1.66283e+07        0.0000           100.00%
*     0+    0                       1.25061e+07        0.0000           100.00%
*     0+    0                       535710.0000        0.0000           100.00%
*     0+    0                       512693.0000        0.0000           100.00%
*     0+    0                       491380.0000        0.0000           100.00%
      0     0    93774.0000   100   491380.0000    93774.0000      179   80.92%
*     0+    0                       400636.0000    93774.0000            76.59%
      0     0   106217.5000   100   400636.0000     Cuts: 926      342   73.49%
*     0+    0                       366439.0000   106217.5000            71.01%
      0     0   118774.0000    98   366439.0000     Cuts: 963      601   67.59%
      0     0   129399.6429   208   366439.0000     Cuts: 263     1781   64.69%
*     0+    0                       340448.0000   129399.6429            61.99%
*     0+    0                       317373.0000   129399.6429            59.23%
*     0+    0                       301072.0000   129399.6429            57.02%
      0     0  -1.00000e+75     0   301072.0000   129399.6429     1781   57.02%
*     0+    0                       251908.0000   129399.6429            48.63%
      0     0   132342.9277   220   251908.0000 ZeroHalf: 369     2135   47.46%
      0     0   138201.9358   218   251908.0000     Cuts: 369     2577   45.14%
Detecting symmetries...
      0     0   142116.2436   221   251908.0000     Cuts: 281     3074   43.58%
      0     0   144577.0127   187   251908.0000     Cuts: 366     3473   42.61%
      0     0   146179.6604   188   251908.0000     Cuts: 120     3772   41.97%
      0     0   147355.1635   187   251908.0000      Cuts: 71     3970   41.50%
      0     0   148800.9375   184   251908.0000      Cuts: 91     4228   40.93%
      0     0   149997.6941   183   251908.0000      Cuts: 73     4457   40.46%
      0     0   150900.1706   188   251908.0000      Cuts: 80     4647   40.10%
      0     0   151840.1851   212   251908.0000      Cuts: 69     4847   39.72%
      0     0   152360.2918   224   251908.0000      Cuts: 65     4979   39.52%
      0     0   152913.9117   221   251908.0000     Cuts: 104     5169   39.30%
      0     0   153253.0214   188   251908.0000     Cuts: 144     5258   39.16%
      0     0   153764.4106   212   251908.0000      Cuts: 52     5429   38.96%
      0     0   154457.9149   207   251908.0000      Cuts: 67     5578   38.68%
      0     0   155268.7218   186   251908.0000     Cuts: 192     5785   38.36%
      0     0   156444.4551   178   251908.0000      Cuts: 58     6033   37.90%
      0     0   156942.7735   182   251908.0000      Cuts: 90     6249   37.70%
      0     0   157443.4604   212   251908.0000      Cuts: 48     6453   37.50%
      0     0   157677.8663   186   251908.0000      Cuts: 46     6589   37.41%
      0     0   157889.2011   188   251908.0000      Cuts: 36     6717   37.32%
      0     0   158055.0531   186   251908.0000      Cuts: 48     6784   37.26%
      0     0   158302.7204   216   251908.0000      Cuts: 29     6905   37.16%
      0     0   158879.8616   211   251908.0000      Cuts: 69     7140   36.93%
      0     0   159180.1976   209   251908.0000      Cuts: 35     7230   36.81%
      0     0   159490.4571   182   251908.0000     Cuts: 139     7360   36.69%
      0     0   159847.1374   181   251908.0000      Cuts: 42     7516   36.55%
      0     0   160238.6594   183   251908.0000      Cuts: 34     7661   36.39%
      0     0   160496.1661   177   251908.0000      Cuts: 44     7794   36.29%
      0     0   160771.1565   182   251908.0000      Cuts: 49     7922   36.18%
      0     0   161101.6080   177   251908.0000      Cuts: 49     8040   36.05%
      0     0   161367.9409   192   251908.0000      Cuts: 50     8160   35.94%
      0     0   161520.9988   195   251908.0000      Cuts: 38     8251   35.88%
      0     0   161725.2343   178   251908.0000      Cuts: 71     8386   35.80%
      0     0   161822.8799   183   251908.0000      Cuts: 42     8458   35.76%
      0     0   161914.9567   184   251908.0000      Cuts: 35     8528   35.72%
      0     0   162041.6106   186   251908.0000      Cuts: 28     8636   35.67%
      0     0   162116.4913   186   251908.0000      Cuts: 34     8699   35.64%
      0     0   162254.3419   185   251908.0000      Cuts: 22     8830   35.59%
      0     0   162418.2022   186   251908.0000      Cuts: 32     8929   35.52%
      0     0   162445.0207   185   251908.0000      Cuts: 28     8977   35.51%
      0     0   162491.6030   187   251908.0000      Cuts: 25     9014   35.50%
Detecting symmetries...
      0     2   162491.6030   187   251908.0000   164577.9719     9014   34.67%
Elapsed time = 14.03 sec. (5874.64 ticks, tree = 0.02 MB, solutions = 11)
      7     7   178583.5974   170   251908.0000   164577.9719    10687   34.67%
     20    15   188322.6946   173   251908.0000   164577.9719    14294   34.67%
     41    37   204779.5000    88   251908.0000   164577.9719    20787   34.67%
     91    78   249159.5000    67   251908.0000   164577.9719    30112   34.67%
    134   112   242199.0000    54   251908.0000   164577.9719    37209   34.67%
    191   151   192614.7685   138   251908.0000   165777.6094    48393   34.19%
    258   200   228112.5000    91   251908.0000   165777.6094    57845   34.19%
    333   214   174397.7076   170   251908.0000   171247.5823    61279   32.02%
    397   322   251600.6667    92   251908.0000   171247.5823    80187   32.02%
    644   497   219474.3990   157   251908.0000   174261.7599   113362   30.82%
Elapsed time = 25.21 sec. (9029.18 ticks, tree = 4.16 MB, solutions = 11)
    905   692   216792.7500   109   251908.0000   175883.1964   142217   30.18%
   1134   894   234208.5000    70   251908.0000   175883.1964   177012   30.18%
   1345  1092   195847.6304   171   251908.0000   177534.2570   216070   29.52%
   1614  1330   241967.1154   119   251908.0000   178492.5000   257787   29.14%
   1945  1539   217747.6429   140   251908.0000   179285.9179   289363   28.83%
   2180  1774   246344.0000    92   251908.0000   180816.4347   324826   28.22%
   2413  1970   204807.6667   136   251908.0000   181578.1111   359297   27.92%
   2671  2199   237652.2500    96   251908.0000   181864.0904   400564   27.81%
   2903  2392   248884.5000    91   251908.0000   182802.8450   439406   27.43%
   3157  2523   235647.7727   153   251908.0000   182959.2253   465914   27.37%
Elapsed time = 59.71 sec. (18612.48 ticks, tree = 28.43 MB, solutions = 11)

Performing restart 1

Repeating presolve.
Tried aggregator 1 time.
MIP Presolve eliminated 4437 rows and 437 columns.
Reduced MIP has 16463 rows, 2480 columns, and 49289 nonzeros.
Reduced MIP has 2480 binaries, 0 generals, 0 SOSs, and 0 indicators.
Presolve time = 0.03 sec. (27.51 ticks)
Tried aggregator 1 time.
Reduced MIP has 16463 rows, 2480 columns, and 49289 nonzeros.
Reduced MIP has 2480 binaries, 0 generals, 0 SOSs, and 0 indicators.
Presolve time = 0.03 sec. (30.92 ticks)
Represolve time = 0.09 sec. (88.26 ticks)
   3238     0   168336.3529   215   251908.0000      Cuts: 67   512438   26.92%
   3238     0   169662.1386   184   251908.0000      Cuts: 66   512771   26.92%
   3238     0   170559.6872   217   251908.0000      Cuts: 63   513044   26.92%
   3238     0   170915.5260   219   251908.0000      Cuts: 57   513191   26.92%
   3238     0   171361.9503   186   251908.0000      Cuts: 54   513363   26.92%
   3238     0   171928.0959   184   251908.0000      Cuts: 57   513670   26.92%
*  3238+    0                       251782.0000   184082.8922            26.89%
   3238     0   172648.1505   205   251782.0000      Cuts: 66   513880   26.89%
   3238     2   172648.1505   205   251782.0000   184082.8922   513880   26.89%
   3239     3   173024.9306   202   251782.0000   184082.8922   513993   26.89%
   3255     4   179290.1350   186   251782.0000   184082.8922   514545   26.89%
   3308    60   186239.7330   167   251782.0000   184082.8922   545687   26.89%
   3363    45   187387.3026   198   251782.0000   184082.8922   539934   26.89%
   3444   181   216916.7826   135   251782.0000   184082.8922   570292   26.89%
   3511   244   219838.8322   158   251782.0000   184082.8922   584388   26.89%
   3618   306   229096.2727   102   251782.0000   184082.8922   593548   26.89%
   3754   386   249694.7500   127   251782.0000   184082.8922   611610   26.89%
   3927   485   216760.6000   133   251782.0000   184082.8922   628605   26.89%
Elapsed time = 108.32 sec. (36378.76 ticks, tree = 3.77 MB, solutions = 12)
   4091   639   217967.6667   132   251782.0000   184082.8922   651529   26.89%
   4301   792   235024.3750   140   251782.0000   184082.8922   677965   26.89%
   4591  1035   206927.0000   115   251782.0000   184082.8922   713840   26.89%
   4801  1216   246892.5980   181   251782.0000   184082.8922   737440   26.89%
   5038  1491   244558.5000   147   251782.0000   184082.8922   777222   26.89%
   5278  1578   249695.2500   136   251782.0000   184082.8922   789312   26.89%
   5516  1889   238606.7710   154   251782.0000   185894.2318   834102   26.17%
   5710  2084   213012.9430   197   251782.0000   185894.2318   859198   26.17%
   5925  2239   229776.8899   187   251782.0000   185894.2318   888062   26.17%
   6102  2414   226521.1974   178   251782.0000   185894.2318   919462   26.17%
Elapsed time = 143.97 sec. (45963.76 ticks, tree = 10.38 MB, solutions = 12)
   6322  2581   245094.2790   175   251782.0000   185894.2318   943792   26.17%
   6573  2754   217001.4758   178   251782.0000   187207.7468   973084   25.65%
   6823  3037   250070.4593   141   251782.0000   188007.0509  1020198   25.33%
   7036  3244   224644.0476   139   251782.0000   188047.2665  1053670   25.31%
   7272  3423   226866.1836   160   251782.0000   189235.3330  1083036   24.84%
   7519  3533   236731.0000   101   251782.0000   189235.3330  1104308   24.84%
   7683  3789   225589.2000   140   251782.0000   189235.3330  1139811   24.84%
   7913  4044   207374.5769   166   251782.0000   190998.3552  1184637   24.14%
   8101  4217   229300.3333   109   251782.0000   191653.7187  1215855   23.88%
   8384  4271   219742.6824   190   251782.0000   192006.9897  1229659   23.74%
Elapsed time = 181.10 sec. (55554.38 ticks, tree = 15.44 MB, solutions = 12)
   8605  4656   245242.9286   135   251782.0000   192013.8915  1276328   23.74%
   8798  4722   246301.7442   170   251782.0000   192733.1134  1285568   23.45%
   9019  4967   250513.9689   146   251782.0000   192975.0246  1316205   23.36%
   9225  5054   246812.0000   141   251782.0000   193326.5807  1331001   23.22%
   9431  5276   233215.8750   121   251782.0000   193424.0388  1366798   23.18%
   9653  5508   249215.3684   138   251782.0000   193869.0419  1401668   23.00%
   9853  5619   210079.2808   188   251782.0000   194038.3318  1428660   22.93%
   9990  5874   221635.0028   172   251782.0000   194241.0825  1479921   22.85%
  10241  5940   202672.5049   161   251782.0000   194431.9194  1499655   22.78%
  10437  6199   225037.2950   163   251782.0000   194465.4064  1546625   22.76%
Elapsed time = 219.33 sec. (65146.55 ticks, tree = 68.28 MB, solutions = 12)
  10678  6394   240724.5000    85   251782.0000   194650.1174  1581598   22.69%
  10897  6567   206172.0318   165   251782.0000   194733.6049  1612729   22.66%
* 11022+ 6637                       250472.0000   195123.9674            22.10%
  11113  6706   217652.0707   212   250472.0000   195387.5941  1638594   21.99%
  11381  6807   213299.8095   152   250472.0000   195399.2490  1683355   21.99%
  11624  6832   219143.6980   153   250472.0000   195682.0579  1688372   21.87%
  11828  7041   220119.6491   183   250472.0000   195923.1134  1726307   21.78%
  12065  7396   231506.9211   126   250472.0000   196046.5944  1791076   21.73%
  12325  7649   246752.4000   124   250472.0000   196071.1807  1834166   21.72%
  12587  7766   245840.5000   109   250472.0000   196589.6901  1855070   21.51%
  12821  7920   228559.5776   122   250472.0000   196679.2843  1880599   21.48%
Elapsed time = 254.04 sec. (74723.62 ticks, tree = 73.32 MB, solutions = 13)
  13078  8126   228451.7778   113   250472.0000   197125.7338  1914853   21.30%
* 13372  8441      integral     0   234261.0000   197266.3510  1967851   15.79%
  13374  8345   206838.6579   142   234261.0000   197343.9373  1949059   15.76%
  13569  4745   226115.3651   148   234261.0000   197353.3977  1990860   15.75%
  13828  4849   223346.0000   151   234261.0000   197651.5773  2015642   15.63%
  14036  4960   216429.8999   181   234261.0000   197710.2724  2058187   15.60%
  14236  5082        cutoff         234261.0000   197900.4448  2079964   15.52%
  14454  5412   216352.1370   179   234261.0000   198025.5707  2157744   15.47%
  14643  5504   231740.8653   153   234261.0000   198375.2248  2179464   15.32%
  14848  5720   217227.4537   141   234261.0000   198606.6159  2230858   15.22%
  15065  5802        cutoff         234261.0000   198791.0404  2251480   15.14%
Elapsed time = 288.93 sec. (84301.14 ticks, tree = 45.46 MB, solutions = 14)
  15264  5920   211520.4982   167   234261.0000   199040.0315  2280808   15.03%
  15489  6162   229198.1892   167   234261.0000   199202.5088  2338696   14.97%
  15695  6409   210656.1630   170   234261.0000   199490.6003  2397415   14.84%
  15953  6468   218719.2353   127   234261.0000   199631.1452  2409049   14.78%
  16189  6590   231266.8523   160   234261.0000   199802.7927  2441570   14.71%
  16382  6865   231829.3750   117   234261.0000   199900.3863  2494415   14.67%
  16627  6903   218543.2308   136   234261.0000   199974.4439  2507796   14.64%
  16869  7074   214752.2569   164   234261.0000   200246.8360  2544775   14.52%
  17089  7255   223322.6671   166   234261.0000   200262.4728  2589104   14.51%
  17323  7414   223991.1452   149   234261.0000   200521.4661  2630431   14.40%
Elapsed time = 325.35 sec. (93882.43 ticks, tree = 49.27 MB, solutions = 14)
  17520  7601   208684.7897   181   234261.0000   200702.9397  2668138   14.33%
  17743  7914   228886.7500   112   234261.0000   200938.5119  2744051   14.22%
  17980  8120   229373.0238   140   234261.0000   201199.3836  2793311   14.11%
  18185  7992   213138.7522   173   234261.0000   201250.0758  2765785   14.09%
  18390  8409   232939.0303   139   234261.0000   201549.5994  2865514   13.96%
  18616  8324   226020.7620   143   234261.0000   201650.5942  2845162   13.92%
  18858  8601   212491.6667   112   234261.0000   201840.1728  2912669   13.84%
  19081  8784   233715.0000   124   234261.0000   201908.4595  2960102   13.81%
  19331  8822   221845.3393   145   234261.0000   202075.9989  2970271   13.74%
  20200  9449   228012.3111   117   234261.0000   202729.2500  3120137   13.46%
Elapsed time = 369.30 sec. (106317.08 ticks, tree = 55.35 MB, solutions = 14)
  21127 10148   220961.2847   162   234261.0000   203152.8526  3288335   13.28%
  22177 10898   222411.0785   163   234261.0000   203803.7545  3457835   13.00%
  23110 11543   224647.3917   162   234261.0000   204294.6307  3612551   12.79%
  23969 12028   223028.9710   184   234261.0000   204710.0177  3743160   12.61%
* 24785 12705      integral     0   233188.0000   205016.2969  3924262   12.08%
  24907 12772   215682.2352   224   233188.0000   205027.9192  3933946   12.08%
  25801 12879   229207.2857   115   233188.0000   205375.6922  4063832   11.93%
  26715 13296   213815.3889   149   233188.0000   205729.2849  4176190   11.78%
  27599 14055   221430.6333   136   233188.0000   206098.1699  4377122   11.62%
  28479 14388   224339.8333   163   233188.0000   206382.5676  4465126   11.50%
  29499 14898   227823.5185   150   233188.0000   206739.0323  4602655   11.34%
Elapsed time = 515.28 sec. (144509.86 ticks, tree = 102.45 MB, solutions = 15)
  30433 15681        cutoff         233188.0000   207028.0377  4817917   11.22%
  31403 16175   211668.2438   168   233188.0000   207402.0552  4950608   11.06%
  32278 16630   224914.4651   159   233188.0000   207650.9759  5087334   10.95%
  33261 17440   232448.0617   131   233188.0000   207969.5899  5329567   10.81%
  34176 17888   228982.8085   172   233188.0000   208116.9109  5459566   10.75%
  35040 18312   224437.0789   136   233188.0000   208551.3171  5576858   10.57%

Performing restart 2

Repeating presolve.
Tried aggregator 1 time.
MIP Presolve eliminated 4000 rows and 291 columns.
MIP Presolve modified 29 coefficients.
Reduced MIP has 12463 rows, 2189 columns, and 49113 nonzeros.
Reduced MIP has 2189 binaries, 0 generals, 0 SOSs, and 0 indicators.
Presolve time = 0.10 sec. (94.15 ticks)
Tried aggregator 1 time.
Reduced MIP has 12463 rows, 2189 columns, and 49113 nonzeros.
Reduced MIP has 2189 binaries, 0 generals, 0 SOSs, and 0 indicators.
Presolve time = 0.04 sec. (36.70 ticks)
Represolve time = 0.18 sec. (163.61 ticks)
* 35467+    0                       232712.0000   208887.2193            10.24%
  35467     0   175929.2555   223   232712.0000      Cuts: 70  5789886   10.24%
  35467     0   176983.4979   212   232712.0000      Cuts: 43  5790081   10.24%
  35467     0   177476.1924   214   232712.0000      Cuts: 59  5790188   10.24%
  35467     0   177879.2342   211   232712.0000      Cuts: 78  5790315   10.24%
  35467     0   178459.4355   208   232712.0000      Cuts: 76  5790474   10.24%
  35467     0   178919.0632   203   232712.0000      Cuts: 68  5790597   10.24%
  35467     0   179497.6291   204   232712.0000      Cuts: 75  5790748   10.24%

Repeating presolve.
Tried aggregator 2 times.
MIP Presolve eliminated 1161 rows and 142 columns.
MIP Presolve modified 129 coefficients.
Aggregator did 1 substitutions.
Reduced MIP has 11301 rows, 2046 columns, and 44218 nonzeros.
Reduced MIP has 2046 binaries, 0 generals, 0 SOSs, and 0 indicators.
Presolve time = 0.07 sec. (74.10 ticks)
Tried aggregator 1 time.
Reduced MIP has 11301 rows, 2046 columns, and 44218 nonzeros.
Reduced MIP has 2046 binaries, 0 generals, 0 SOSs, and 0 indicators.
Presolve time = 0.04 sec. (39.93 ticks)
Represolve time = 0.15 sec. (144.92 ticks)
  35467     0   181078.0258   211   232712.0000      Cuts: 67  5793656   10.24%
  35467     0   181657.3007   220   232712.0000      Cuts: 63  5793809   10.24%
  35467     0   182090.2717   219   232712.0000      Cuts: 58  5793928   10.24%
  35467     0   182540.6830   220   232712.0000      Cuts: 39  5794053   10.24%
  35467     0   182942.9255   225   232712.0000      Cuts: 56  5794164   10.24%
  35467     0   183478.7737   220   232712.0000      Cuts: 47  5794296   10.24%
  35467     0   183773.4531   228   232712.0000      Cuts: 56  5794409   10.24%
  35467     2   183773.4531   228   232712.0000   208887.2193  5794409   10.24%
  35639   119   226488.1444   167   232712.0000   208887.2193  5834791   10.24%
  36336   565   204803.4967   173   232712.0000   208887.2193  5913987   10.24%
  37205  1266   217974.7426   172   232712.0000   208887.2193  6027279   10.24%
Elapsed time = 680.81 sec. (199543.86 ticks, tree = 69.69 MB, solutions = 16)
  38203  1915        cutoff         232712.0000   208887.2193  6124223   10.24%
  39172  2547   231974.4091   130   232712.0000   208887.2193  6228037   10.24%
  40170  3314   227906.1302   181   232712.0000   208887.2193  6360031   10.24%
  41232  3933   226456.2308   155   232712.0000   208887.2193  6467769   10.24%
  42238  4540   227582.5321   134   232712.0000   209567.5994  6595017    9.95%
  43206  5083   223295.8479   159   232712.0000   210469.2022  6713256    9.56%
  44121  5631   220879.4532   178   232712.0000   211193.3788  6824836    9.25%
  45142  6203        cutoff         232712.0000   212090.7781  6941582    8.86%
  46238  6751   230634.2315   164   232712.0000   212901.1579  7055883    8.51%
  47280  7325        cutoff         232712.0000   213662.4641  7182326    8.19%
Elapsed time = 809.92 sec. (237737.40 ticks, tree = 459.37 MB, solutions = 16)
  48277  7825   221429.3280   160   232712.0000   214416.3636  7306084    7.86%
  49351  8212   228840.4000   115   232712.0000   214938.1325  7419745    7.64%
  50408  8821   230732.7037   129   232712.0000   215464.5558  7554509    7.41%
  51495  9315   227778.3184   172   232712.0000   216134.9897  7678109    7.12%
  52507  9769   231032.7374   161   232712.0000   216716.5772  7800319    6.87%
  53661 10135        cutoff         232712.0000   217144.1642  7885817    6.69%
  54615 10628   230859.7647   145   232712.0000   217632.9352  8041022    6.48%
  55762 10913        cutoff         232712.0000   218098.6957  8138863    6.28%
  56756 11346   222864.0625   126   232712.0000   218501.0517  8291307    6.11%
  57925 11759   231123.6351   148   232712.0000   219016.9159  8406530    5.88%
Elapsed time = 946.26 sec. (275919.28 ticks, tree = 711.81 MB, solutions = 16)
  59014 12096   230924.7500    83   232712.0000   219359.3319  8501085    5.74%
  60157 12427   231433.2204   140   232712.0000   219807.7270  8627465    5.55%
  61377 12909        cutoff         232712.0000   220247.5238  8771219    5.36%
  62453 13175   222151.3830   139   232712.0000   220553.8346  8876999    5.22%
  63736 13443   224912.1902   139   232712.0000   220840.9508  8969501    5.10%
  64838 13811   227398.3588   167   232712.0000   221188.1196  9094740    4.95%
  66041 14085   228022.8125   135   232712.0000   221605.5596  9227362    4.77%
  67267 14327        cutoff         232712.0000   221988.3795  9352374    4.61%
  68317 14520   226793.3535   156   232712.0000   222235.7472  9476975    4.50%
  69590 14652   230043.6078   172   232712.0000   222612.1034  9591830    4.34%
Elapsed time = 1075.31 sec. (314113.42 ticks, tree = 846.27 MB, solutions = 16)
  70821 14870   231029.5263   120   232712.0000   222887.3794  9770981    4.22%
  71979 14965   228838.1290   138   232712.0000   223172.8340  9849061    4.10%
  73327 15050   228775.7727   147   232712.0000   223507.3410  9980884    3.96%
  74652 15195   232194.6829   126   232712.0000   223756.0909 10120412    3.85%
  75833 15178   228495.2121   147   232712.0000   224014.1328 10222424    3.74%
  77159 15179        cutoff         232712.0000   224324.2447 10327331    3.60%
  78478 15170        cutoff         232712.0000   224602.9498 10440708    3.48%
  79716 14935        cutoff         232712.0000   225005.1667 10631815    3.31%
  81145 14893        cutoff         232712.0000   225300.5652 10708512    3.18%
  82505 14649        cutoff         232712.0000   225645.0204 10832401    3.04%
Elapsed time = 1203.42 sec. (352287.19 ticks, tree = 839.55 MB, solutions = 16)
  83879 14257   226625.3103   180   232712.0000   226073.9339 10999312    2.85%
  85467 13936        cutoff         232712.0000   226448.4106 11090626    2.69%
  86973 13306        cutoff         232712.0000   226875.2468 11222354    2.51%
  88449 12896        cutoff         232712.0000   227266.1121 11324355    2.34%
  90202 12045   231304.1939   187   232712.0000   227722.0209 11448951    2.14%
  91992 11040        cutoff         232712.0000   228179.4762 11567678    1.95%
  93937  9926        cutoff         232712.0000   228735.9899 11664024    1.71%
  96007  8348        cutoff         232712.0000   229325.5418 11769670    1.46%
  98557  6268        cutoff         232712.0000   230056.1562 11862962    1.14%
 101546  3576        cutoff         232712.0000   230956.3411 11939714    0.75%
Elapsed time = 1321.35 sec. (390447.68 ticks, tree = 171.06 MB, solutions = 16)

Implied bound cuts applied:  9
Zero-half cuts applied:  371
Lift and project cuts applied:  269

Root node processing (before b&c):
  Real time             =   14.00 sec. (5844.31 ticks)
Parallel b&c, 8 threads:
  Real time             = 1318.84 sec. (388019.79 ticks)
  Sync time (average)   =  141.18 sec.
  Wait time (average)   =    0.01 sec.
                          ------------
Total (root+branch&cut) = 1332.84 sec. (393864.10 ticks)
Status: Optimal
Obj: 232712

Instalacoes abertas:
Instalação 4 aberta
Instalação 8 aberta
Instalação 9 aberta
Instalação 13 aberta
Instalação 20 aberta
Instalação 22 aberta
Instalação 47 aberta

Atribuições (cliente -> instalação):
Cliente 0 -> Instalação 47
Cliente 1 -> Instalação 9
Cliente 2 -> Instalação 47
Cliente 3 -> Instalação 13
Cliente 4 -> Instalação 9
Cliente 5 -> Instalação 20
Cliente 6 -> Instalação 4
Cliente 7 -> Instalação 8
Cliente 8 -> Instalação 8
Cliente 9 -> Instalação 4
Cliente 10 -> Instalação 13
Cliente 11 -> Instalação 22
Cliente 12 -> Instalação 4
Cliente 13 -> Instalação 4
Cliente 14 -> Instalação 47
Cliente 15 -> Instalação 9
Cliente 16 -> Instalação 9
Cliente 17 -> Instalação 8
Cliente 18 -> Instalação 20
Cliente 19 -> Instalação 47
Cliente 20 -> Instalação 8
Cliente 21 -> Instalação 4
Cliente 22 -> Instalação 22
Cliente 23 -> Instalação 8
Cliente 24 -> Instalação 20
Cliente 25 -> Instalação 13
Cliente 26 -> Instalação 47
Cliente 27 -> Instalação 9
Cliente 28 -> Instalação 13
Cliente 29 -> Instalação 4
Cliente 30 -> Instalação 9
Cliente 31 -> Instalação 47
Cliente 32 -> Instalação 9
Cliente 33 -> Instalação 20
Cliente 34 -> Instalação 20
Cliente 35 -> Instalação 4
Cliente 36 -> Instalação 9
Cliente 37 -> Instalação 9
Cliente 38 -> Instalação 4
Cliente 39 -> Instalação 13
Cliente 40 -> Instalação 9
Cliente 41 -> Instalação 47
Cliente 42 -> Instalação 8
Cliente 43 -> Instalação 20
Cliente 44 -> Instalação 4
Cliente 45 -> Instalação 20
Cliente 46 -> Instalação 4
Cliente 47 -> Instalação 47
Cliente 48 -> Instalação 13
Cliente 49 -> Instalação 8
