Version identifier: 22.1.1.0 | 2022-11-28 | 9160aff4d
CPXPARAM_TimeLimit                               3600
Tried aggregator 1 time.
MIP Presolve eliminated 50 rows and 1 columns.
Reduced MIP has 45400 rows, 3407 columns, and 136100 nonzeros.
Reduced MIP has 3407 binaries, 0 generals, 0 SOSs, and 0 indicators.
Presolve time = 0.07 sec. (61.31 ticks)
Found incumbent of value 3.6076656e+07 after 0.08 sec. (78.37 ticks)
Probing time = 0.03 sec. (7.34 ticks)
Tried aggregator 1 time.
Detecting symmetries...
Reduced MIP has 45400 rows, 3407 columns, and 136100 nonzeros.
Reduced MIP has 3407 binaries, 0 generals, 0 SOSs, and 0 indicators.
Presolve time = 0.08 sec. (74.45 ticks)
Probing time = 0.03 sec. (7.44 ticks)
Clique table members: 2500.
MIP emphasis: balance optimality and feasibility.
MIP search method: dynamic search.
Parallel mode: deterministic, using up to 8 threads.
Root relaxation solution time = 0.10 sec. (67.12 ticks)

        Nodes                                         Cuts/
   Node  Left     Objective  IInf  Best Integer    Best Bound    ItCnt     Gap

*     0+    0                       3.60767e+07        0.0000           100.00%
*     0+    0                       2.77818e+07        0.0000           100.00%
*     0+    0                      1295576.0000        0.0000           100.00%
*     0+    0                      1194660.0000        0.0000           100.00%
      0     0    93774.0000   100  1194660.0000    93774.0000      185   92.15%
*     0+    0                      1005757.0000    93774.0000            90.68%
      0     0   106217.5000   100  1005757.0000    Cuts: 2071      376   89.44%
      0     0   118774.0000    98  1005757.0000    Cuts: 2070      701   88.19%
      0     0   130857.5000   221  1005757.0000 ZeroHalf: 792     2169   86.99%
*     0+    0                       922718.0000   130857.5000            85.82%
*     0+    0                       863431.0000   130857.5000            84.84%
*     0+    0                       860816.0000   130857.5000            84.80%
*     0+    0                       860649.0000   130857.5000            84.80%
      0     0  -1.00000e+75     0   860649.0000   130857.5000     2169   84.80%
*     0+    0                       579396.0000   130857.5000            77.41%
      0     0   136364.7647   219   579396.0000 ZeroHalf: 972     2922   76.46%
      0     0   144216.8348   189   579396.0000     Cuts: 887     3678   75.11%
Detecting symmetries...
      0     0   149067.7368   190   579396.0000     Cuts: 356     4612   74.27%
      0     0   153636.4652   227   579396.0000     Cuts: 301     5152   73.48%
      0     0   155869.4152   208   579396.0000     Cuts: 160     5538   73.10%
      0     0   158013.0030   202   579396.0000     Cuts: 552     5936   72.73%
      0     0   159781.0710   207   579396.0000     Cuts: 158     6260   72.42%
      0     0   161378.0521   185   579396.0000     Cuts: 328     6601   72.15%
      0     0   164014.0796   214   579396.0000     Cuts: 114     7097   71.69%
      0     0   165603.6620   206   579396.0000     Cuts: 147     7429   71.42%
      0     0   167663.8654   181   579396.0000     Cuts: 303     7919   71.06%
      0     0   168188.1229   175   579396.0000      Cuts: 81     8117   70.97%
      0     0   168862.3079   200   579396.0000      Cuts: 52     8324   70.86%
      0     0   169524.4453   203   579396.0000      Cuts: 73     8537   70.74%
      0     0   170302.4002   218   579396.0000     Cuts: 210     8859   70.61%
      0     0   171488.9770   225   579396.0000      Cuts: 75     9177   70.40%
      0     0   172465.7283   225   579396.0000     Cuts: 184     9548   70.23%
*     0+    0                       576321.0000   172465.7283            70.07%
      0     0   173363.9296   190   576321.0000     Cuts: 177     9849   69.92%
      0     0   174081.8202   212   576321.0000     Cuts: 189    10087   69.79%
      0     0   175110.5420   219   576321.0000     Cuts: 130    10436   69.62%
      0     0   175657.9283   214   576321.0000      Cuts: 74    10670   69.52%
      0     0   175985.8577   210   576321.0000      Cuts: 33    10791   69.46%
      0     0   176562.2684   202   576321.0000     Cuts: 116    11021   69.36%
      0     0   177027.6212   208   576321.0000     Cuts: 182    11297   69.28%
      0     0   177462.6497   209   576321.0000     Cuts: 231    11599   69.21%
      0     0   177829.9178   210   576321.0000     Cuts: 141    11914   69.14%
      0     0   178250.4584   210   576321.0000  ZeroHalf: 31    12120   69.07%
      0     0   178908.8859   213   576321.0000     Cuts: 142    12430   68.96%
      0     0   179557.2526   237   576321.0000      Cuts: 99    12688   68.84%
      0     0   179882.7861   243   576321.0000      Cuts: 28    12849   68.79%
      0     0   180149.8285   213   576321.0000      Cuts: 95    12990   68.74%
      0     0   180721.3356   211   576321.0000     Cuts: 282    13267   68.64%
      0     0   181210.1010   210   576321.0000      Cuts: 59    13445   68.56%
      0     0   181602.7675   205   576321.0000      Cuts: 42    13682   68.49%
      0     0   181953.5888   208   576321.0000     Cuts: 135    13882   68.43%
      0     0   182203.4222   204   576321.0000  ZeroHalf: 20    14054   68.39%
      0     0   182388.4065   246   576321.0000      Cuts: 79    14202   68.35%
      0     0   182553.9482   244   576321.0000      Cuts: 54    14335   68.32%
      0     0   182904.8954   220   576321.0000     Cuts: 157    14554   68.26%
      0     0   183187.6146   238   576321.0000     Cuts: 125    14729   68.21%
      0     0   183438.1706   212   576321.0000      Cuts: 98    14898   68.17%
      0     0   183645.7650   216   576321.0000     Cuts: 206    15081   68.13%
      0     0   183804.0292   212   576321.0000      Cuts: 64    15226   68.11%
      0     0   184116.0539   241   576321.0000     Cuts: 105    15473   68.05%
      0     0   184421.1365   245   576321.0000      Cuts: 64    15723   68.00%
      0     0   184636.0678   241   576321.0000      Cuts: 94    15902   67.96%
      0     0   184752.4654   210   576321.0000      Cuts: 44    16069   67.94%
      0     0   184937.4122   216   576321.0000     Cuts: 159    16261   67.91%
      0     0   185319.3661   215   576321.0000     Cuts: 115    16417   67.84%
      0     0   185545.9837   212   576321.0000      Cuts: 61    16522   67.81%
      0     0   185829.3920   219   576321.0000      Cuts: 65    16670   67.76%
      0     0   185996.7084   213   576321.0000      Cuts: 37    16825   67.73%
      0     0   186101.6442   233   576321.0000      Cuts: 69    16965   67.71%
      0     0   186155.3208   246   576321.0000      Cuts: 25    17020   67.70%
      0     0   186278.8283   231   576321.0000      Cuts: 36    17143   67.68%
      0     0   186469.7053   218   576321.0000     Cuts: 134    17334   67.64%
      0     0   186699.4483   225   576321.0000      Cuts: 56    17518   67.60%
      0     0   186888.3360   214   576321.0000      Cuts: 37    17720   67.57%
      0     0   187123.3055   236   576321.0000     Cuts: 140    17926   67.53%
      0     0   187314.0257   213   576321.0000     Cuts: 131    18072   67.50%
      0     0   187479.2306   253   576321.0000      Cuts: 75    18252   67.47%
      0     0   187540.7007   248   576321.0000      Cuts: 24    18338   67.46%
*     0+    0                       573267.0000   187540.7007            67.29%
Detecting symmetries...
      0     2   187540.7007   248   573267.0000   187540.7007    18338   67.29%
Elapsed time = 31.87 sec. (22788.27 ticks, tree = 0.02 MB, solutions = 12)
      1     3   195108.6547   179   573267.0000   187545.1759    19028   67.28%
      3     4   195819.2479   182   573267.0000   187545.1759    19453   67.28%
      8     9   215481.2371   211   573267.0000   187563.0718    22183   67.28%
     17     7   203217.5998   181   573267.0000   187649.0855    20612   67.27%
     23    17   205090.3917   172   573267.0000   187813.9542    27412   67.24%
     35     9   236489.1070   162   573267.0000   188488.0849    22696   67.12%
     44    38   200969.7110   195   573267.0000   188488.0849    36708   67.12%
     56    48   286455.4091   139   573267.0000   188488.0849    41913   67.12%
     67     6   211623.4938   182   573267.0000   188488.0849    20434   67.12%
    121   103   395881.0000    95   573267.0000   188488.0849    61364   67.12%
Elapsed time = 60.82 sec. (26670.91 ticks, tree = 8.07 MB, solutions = 12)
    208   198   322799.2143   130   573267.0000   188488.0849    82364   67.12%
    320   278   485440.8333    82   573267.0000   188488.0849    97339   67.12%
    427   368   247332.7455   145   573267.0000   188488.0849   109981   67.12%
    533   450   274740.3776   150   573267.0000   188488.0849   127592   67.12%
    689   543   434110.6667    92   573267.0000   188488.0849   144781   67.12%
    897   697   400816.7500    96   573267.0000   188488.0849   161294   67.12%
   1077   877   422088.0000    71   573267.0000   188488.0849   175329   67.12%
   1193  1022   569120.7500    58   573267.0000   190557.3742   183180   66.76%
   1268  1138   223472.3698   173   573267.0000   190557.3742   207828   66.76%
   1361  1200   229706.2769   185   573267.0000   190557.3742   220316   66.76%
Elapsed time = 136.33 sec. (36311.09 ticks, tree = 119.09 MB, solutions = 12)
   1440  1256   301735.0000   141   573267.0000   190557.3742   231385   66.76%
   1567  1360   297387.0649   167   573267.0000   190557.3742   246719   66.76%
   1679  1506   324085.4849   178   573267.0000   190557.3742   267691   66.76%

Performing restart 1

Repeating presolve.
Tried aggregator 1 time.
MIP Presolve eliminated 1201 rows and 45 columns.
Reduced MIP has 44199 rows, 3362 columns, and 132497 nonzeros.
Reduced MIP has 3362 binaries, 0 generals, 0 SOSs, and 0 indicators.
Presolve time = 0.06 sec. (61.87 ticks)
Tried aggregator 1 time.
Reduced MIP has 44199 rows, 3362 columns, and 132497 nonzeros.
Reduced MIP has 3362 binaries, 0 generals, 0 SOSs, and 0 indicators.
Presolve time = 0.08 sec. (74.94 ticks)
Represolve time = 0.22 sec. (196.90 ticks)
   1717     0   187771.1755   217   573267.0000      Cuts: 66   287037   66.76%
   1717     0   188108.6139   218   573267.0000      Cuts: 77   287230   66.76%
   1717     0   188412.2525   218   573267.0000      Cuts: 73   287426   66.76%
*  1717+    0                       568060.0000   190557.3742            66.45%
   1717     0   188713.7716   218   568060.0000      Cuts: 63   287587   66.45%
   1717     0   190126.2794   212   568060.0000      Cuts: 78   288062   66.37%
   1717     0   191780.6942   217   568060.0000     Cuts: 122   288485   66.24%
   1717     0   192908.6242   212   568060.0000     Cuts: 107   288882   66.04%
   1717     0   193993.7379   212   568060.0000      Cuts: 77   289224   65.85%
   1717     0   195301.9978   250   568060.0000     Cuts: 113   289702   65.62%
   1717     0   196554.7029   210   568060.0000      Cuts: 89   290104   65.40%
   1717     0   197231.7291   204   568060.0000      Cuts: 44   290363   65.28%
   1717     0   197726.6835   204   568060.0000      Cuts: 42   290577   65.19%
   1717     0   198180.7028   204   568060.0000      Cuts: 33   290787   65.11%
   1717     0   198515.9247   206   568060.0000      Cuts: 45   290946   65.05%
   1717     0   198713.2390   200   568060.0000      Cuts: 43   291089   65.02%
   1717     0   198847.8932   209   568060.0000      Cuts: 53   291193   65.00%
   1717     0   199119.7739   203   568060.0000      Cuts: 38   291387   64.95%
   1717     0   199471.3592   205   568060.0000      Cuts: 52   291542   64.89%
   1717     0   199790.3275   201   568060.0000      Cuts: 35   291708   64.83%
   1717     0   199951.3976   204   568060.0000      Cuts: 38   291835   64.80%
   1717     0   200168.2414   201   568060.0000      Cuts: 25   291998   64.76%
   1717     0   200377.1635   238   568060.0000      Cuts: 31   292177   64.73%
   1717     0   200560.3670   235   568060.0000      Cuts: 49   292377   64.69%
   1717     0   200770.9965   239   568060.0000      Cuts: 59   292567   64.66%
   1717     0   200949.2878   241   568060.0000      Cuts: 36   292742   64.63%
   1717     0   201144.0588   208   568060.0000      Cuts: 43   292910   64.59%
   1717     0   201245.4802   213   568060.0000      Cuts: 47   293073   64.57%
   1717     0   201369.9606   235   568060.0000      Cuts: 25   293202   64.55%
   1717     0   201591.0138   248   568060.0000      Cuts: 32   293321   64.51%
   1717     0   201894.7617   238   568060.0000      Cuts: 45   293552   64.46%
   1717     0   202020.7025   240   568060.0000      Cuts: 33   293674   64.44%
   1717     0   202120.3923   208   568060.0000      Cuts: 36   293809   64.42%
   1717     0   202246.6853   233   568060.0000      Cuts: 18   293922   64.40%
   1717     0   202423.8286   206   568060.0000      Cuts: 38   294044   64.37%
   1717     0   202626.1822   210   568060.0000      Cuts: 39   294173   64.33%
   1717     0   202788.0264   202   568060.0000      Cuts: 30   294308   64.30%
   1717     0   202999.9930   211   568060.0000      Cuts: 27   294459   64.26%
   1717     0   203093.1746   242   568060.0000      Cuts: 23   294577   64.25%
   1717     0   203150.4623   241   568060.0000      Cuts: 39   294665   64.24%
   1717     0   203180.3608   236   568060.0000       Cuts: 9   294711   64.23%
   1717     0   203223.2718   207   568060.0000      Cuts: 32   294770   64.23%
   1717     0   203306.6844   235   568060.0000      Cuts: 22   294854   64.21%
   1717     0   203419.7460   238   568060.0000      Cuts: 30   294937   64.19%
   1717     0   203581.4787   235   568060.0000      Cuts: 22   295061   64.16%
   1717     0   203868.1351   234   568060.0000      Cuts: 23   295261   64.11%
   1717     0   204082.3412   236   568060.0000      Cuts: 35   295410   64.07%
   1717     0   204257.3945   207   568060.0000  ZeroHalf: 25   295538   64.04%
   1717     0   204322.0953   208   568060.0000      Cuts: 36   295649   64.03%
   1717     2   204322.0953   208   568060.0000   204322.0953   295649   64.03%
   1718     3   204485.9126   202   568060.0000   204486.4476   295800   64.00%
   1720     3   219355.7755   212   568060.0000   204612.8682   296586   63.98%
   1723     7   205283.3205   224   568060.0000   205283.9263   297355   63.86%
   1729    13   230928.6748   201   568060.0000   206380.2572   302046   63.67%
   1736    16   219338.3086   202   568060.0000   206733.7046   306558   63.61%
   1746    19   222346.4220   202   568060.0000   206733.7046   305669   63.61%
Elapsed time = 274.14 sec. (76062.88 ticks, tree = 0.73 MB, solutions = 13)
   1768    22   230782.2679   209   568060.0000   206733.7046   308708   63.61%
   1803    49   225279.0985   200   568060.0000   206733.7046   325221   63.61%
   1846    80   238093.4972   206   568060.0000   206733.7046   335798   63.61%
   1900   111   237118.2366   177   568060.0000   206733.7046   347454   63.61%
   1957   195   243367.1003   175   568060.0000   206733.7046   365532   63.61%
   1981   230   242516.8285   206   568060.0000   206733.7046   372617   63.61%
   2005   250   251382.9829   166   568060.0000   206733.7046   375946   63.61%
   2031   235   243934.1924   203   568060.0000   206733.7046   373320   63.61%
   2080   310   248157.6802   193   568060.0000   206733.7046   391168   63.61%
   2132   371   257787.5778   210   568060.0000   206733.7046   403127   63.61%
Elapsed time = 361.50 sec. (85843.46 ticks, tree = 4.01 MB, solutions = 13)
   2173   353   283405.1714   162   568060.0000   206733.7046   399852   63.61%
   2222   414   238975.9844   186   568060.0000   206733.7046   410547   63.61%
   2275   505   245825.1579   180   568060.0000   206733.7046   426879   63.61%
   2314   483   267695.4908   198   568060.0000   206733.7046   423623   63.61%
   2351   560   284221.4692   155   568060.0000   206733.7046   434561   63.61%
   2374   563   273276.1416   172   568060.0000   206733.7046   435089   63.61%
   2405   571   271559.2780   191   568060.0000   206733.7046   436304   63.61%
   2437   637   285233.1358   158   568060.0000   206733.7046   449834   63.61%
   2456   677   294298.6136   168   568060.0000   206733.7046   458443   63.61%
   2489   709   287371.9387   169   568060.0000   206733.7046   463471   63.61%
Elapsed time = 455.86 sec. (95768.22 ticks, tree = 6.42 MB, solutions = 13)
   2530   769   273268.6697   195   568060.0000   206733.7046   475202   63.61%
   2588   773   279592.6612   168   568060.0000   206733.7046   477087   63.61%
   2627   782   286640.2337   173   568060.0000   206733.7046   478957   63.61%
   2660   791   287599.1619   208   568060.0000   206733.7046   479598   63.61%
   2712   933   323235.5452   176   568060.0000   206733.7046   498170   63.61%
   2755   947   285394.1841   191   568060.0000   206733.7046   502837   63.61%
   2812   950   325572.9136   189   568060.0000   206733.7046   501217   63.61%
   2864  1084   328467.7750   146   568060.0000   206733.7046   518836   63.61%
   2914  1126   333615.5700   135   568060.0000   206733.7046   525801   63.61%
   2951  1027   288777.2272   194   568060.0000   206733.7046   512461   63.61%
Elapsed time = 556.35 sec. (105428.15 ticks, tree = 8.11 MB, solutions = 13)
   2988  1185   346855.3278   198   568060.0000   206733.7046   535518   63.61%
   3050  1264   353600.5313   149   568060.0000   206733.7046   544651   63.61%
   3093  1298   325825.2748   177   568060.0000   206733.7046   548052   63.61%
   3161  1278   359594.3354   158   568060.0000   206733.7046   546309   63.61%
   3202  1284   340905.1572   179   568060.0000   206733.7046   546830   63.61%
   3244  1289   357428.0938   173   568060.0000   206733.7046   548053   63.61%
   3316  1485   361796.9859   187   568060.0000   206733.7046   573018   63.61%
   3374  1552   379478.7619   165   568060.0000   206733.7046   580263   63.61%
   3436  1563   397671.7667   131   568060.0000   206733.7046   583563   63.61%
   3510  1570   404403.5000   120   568060.0000   206733.7046   584722   63.61%
Elapsed time = 648.96 sec. (115240.19 ticks, tree = 11.74 MB, solutions = 13)
   3601  1736   348532.3713   159   568060.0000   206733.7046   601085   63.61%
   3672  1780   432424.8750   140   568060.0000   206733.7046   605243   63.61%
   3744  1910   310438.8333   167   568060.0000   206733.7046   616453   63.61%
   3852  1798   460932.9046   164   568060.0000   206733.7046   607280   63.61%
   3906  1914   418446.5000    81   568060.0000   206733.7046   617500   63.61%
   3978  2128   379339.0625   150   568060.0000   206733.7046   638445   63.61%
   4077  2138   443793.0000    94   568060.0000   206733.7046   638856   63.61%
   4179  2266   555320.9444   135   568060.0000   206733.7046   645311   63.61%
   4268  2398   404411.1121   149   568060.0000   206733.7046   656073   63.61%
   4363  2371   509885.0000    91   568060.0000   206733.7046   654572   63.61%
Elapsed time = 737.29 sec. (124940.76 ticks, tree = 17.12 MB, solutions = 13)
   4440  2579   555875.0000    87   568060.0000   206733.7046   671833   63.61%
   4546  2583   225971.0072   184   568060.0000   206733.7046   673163   63.61%
   4622  2758   566802.0991   155   568060.0000   206733.7046   694086   63.61%
   4699  2821   252463.8526   159   568060.0000   206733.7046   713086   63.61%
   4801  2859   447993.7000   136   568060.0000   206733.7046   715606   63.61%
   4859  2982   412669.7500   114   568060.0000   206733.7046   738738   63.61%
   4927  3030   332856.2241   136   568060.0000   206733.7046   753590   63.61%
   5004  3040   352720.5000    84   568060.0000   206733.7046   755938   63.61%
   5112  3193   416611.0000   106   568060.0000   206733.7046   772172   63.61%
   5270  3355   388422.5000    92   568060.0000   206733.7046   793919   63.61%
Elapsed time = 817.44 sec. (134617.76 ticks, tree = 23.57 MB, solutions = 13)
   5427  3392   411280.1111   178   568060.0000   206733.7046   795766   63.61%
   5589  3561   382715.0000    79   568060.0000   206733.7046   814957   63.61%
   5692  3453   466535.8448   129   568060.0000   210434.3957   798571   62.96%
   5810  3855   477613.7500   101   568060.0000   210434.3957   830469   62.96%
   5934  3942   404977.5000   137   568060.0000   210434.3957   844310   62.96%
   6030  4078   600041.5000    73   568060.0000   215404.4728   857342   62.08%
   6178  4201   460058.2750   147   568060.0000   215404.4728   865436   62.08%
   6275  4213   246398.5855   167   568060.0000   215404.4728   873685   62.08%
   6373  4219   274297.6693   182   568060.0000   216276.7387   876093   61.93%
   6721  4802   533118.0476   121   568060.0000   216908.3235   965071   61.82%
Elapsed time = 925.55 sec. (147118.68 ticks, tree = 32.59 MB, solutions = 13)
   7075  5008   326366.4776   209   568060.0000   217114.0486  1003851   61.78%
   7484  5418   371551.5357   192   568060.0000   217642.5720  1053025   61.69%
   7806  5816   401818.3716   190   568060.0000   218191.7114  1113904   61.59%
   8136  6102   288596.6667   140   568060.0000   218400.5584  1168421   61.55%
   8485  6358   432199.5625   118   568060.0000   219351.5160  1212303   61.39%
*  8644+ 6532                       558508.0000   219351.5160            60.73%
   8969  6599   282103.9045   201   558508.0000   219351.5160  1256235   60.73%
   9328  7112   518819.6552   126   558508.0000   219804.3187  1315668   60.64%
   9655  7542   246272.7022   191   558508.0000   220665.6381  1401708   60.49%
  10004  7749   362704.9916   212   558508.0000   220665.6381  1441076   60.49%
  10345  8034   401810.8960   201   558508.0000   220665.6381  1487000   60.49%
Elapsed time = 1285.87 sec. (185381.44 ticks, tree = 65.06 MB, solutions = 14)
  10618  8418   308667.3428   188   558508.0000   220665.6381  1542570   60.49%
  10946  8685   342842.9708   212   558508.0000   220665.6381  1591500   60.49%
  11295  9137   248921.6597   199   558508.0000   221068.2849  1658213   60.42%
  11617  9314   397033.2814   207   558508.0000   221580.6035  1684818   60.33%
  12009  9677   339581.0006   210   558508.0000   221669.2310  1740751   60.31%
  12357 10104   268787.8189   180   558508.0000   221814.0403  1800396   60.28%
  12656 10493   348088.6156   224   558508.0000   221814.0403  1862556   60.28%
  13076 10678   346823.2472   194   558508.0000   222213.8179  1884234   60.21%
  13483 11094   379872.2500    97   558508.0000   222699.1655  1914665   60.13%
  13884 11463   363072.9731   213   558508.0000   223131.1219  1951557   60.05%
Elapsed time = 1700.52 sec. (223682.62 ticks, tree = 250.60 MB, solutions = 14)
  14422 12021   274999.4547   192   558508.0000   223284.6106  2006661   60.02%
  14854 12422   410688.2632   186   558508.0000   223388.3919  2040941   60.00%
  15304 12986   377305.9433   165   558508.0000   223388.3919  2088356   60.00%
  15717 13369   496735.4286   129   558508.0000   223422.7625  2131189   60.00%
  16226 13531   347365.7756   236   558508.0000   223795.9618  2142637   59.93%
  16679 14169   400094.1282   210   558508.0000   223795.9618  2199190   59.93%
  17150 14557   483182.3000   116   558508.0000   224304.4742  2239307   59.84%
  17595 15001   368703.6707   214   558508.0000   224509.1424  2282061   59.80%
  18089 15759   319172.7525   227   558508.0000   224509.1424  2363509   59.80%
* 18339+15590                       556369.0000   224667.3266            59.62%
  18468 15976   400647.0556   145   556369.0000   224678.4002  2378900   59.62%
Elapsed time = 2060.81 sec. (261956.99 ticks, tree = 1452.39 MB, solutions = 15)
  18802 16308   319295.8081   208   556369.0000   224902.6879  2415304   59.58%
  19306 16560   366815.9696   210   556369.0000   224902.6879  2432310   59.58%
  19851 16981   385027.9048   217   556369.0000   224902.6879  2461193   59.58%
  20399 17616   391343.1488   196   556369.0000   225111.2574  2505761   59.54%
  20928 18638   342713.8188   198   556369.0000   225283.4487  2578120   59.51%
  21412 18742   361774.1429   189   556369.0000   225629.5507  2588185   59.45%
  21904 19300   271044.5306   210   556369.0000   225665.6299  2634458   59.44%
  22378 19790   362628.2034   197   556369.0000   225960.4900  2674138   59.39%
  22784 20034   421943.3750    86   556369.0000   226516.3379  2697585   59.29%
  23337 20800   362620.8607   184   556369.0000   226651.1515  2762096   59.26%
Elapsed time = 2372.27 sec. (300181.15 ticks, tree = 2627.48 MB, solutions = 15)
Nodefile size = 567.00 MB (341.24 MB after compression)
  23762 21216   326787.8367   189   556369.0000   226651.1515  2803920   59.26%
  24175 21463   390351.7690   218   556369.0000   226824.3185  2825902   59.23%
  24682 22109   414343.4843   206   556369.0000   226824.3185  2876806   59.23%
  25051 22403   338207.3333   170   556369.0000   227136.8861  2900142   59.18%
  25568 23093   344468.4487   197   556369.0000   227743.1371  2971001   59.07%
* 25842+23110                       528851.0000   227743.1371            56.94%
  26034 23512   412641.7869   211   528851.0000   227808.6360  3013541   56.92%
  26451 23713   320644.1964   185   528851.0000   227833.6914  3033618   56.92%
  26974 23290   364839.5588   185   528851.0000   227956.1714  3056068   56.90%
  27610 24309   451847.0000    91   528851.0000   227956.1714  3138498   56.90%
  28156 24321   411394.7917   147   528851.0000   227999.5755  3134967   56.89%
Elapsed time = 2682.72 sec. (338403.90 ticks, tree = 3675.11 MB, solutions = 16)
Nodefile size = 1575.09 MB (964.23 MB after compression)
  28608 25387   341330.1845   175   528851.0000   228068.2019  3208029   56.87%
  29166 25692   383895.0417   204   528851.0000   228368.8330  3234403   56.82%
  29729 25981   389940.7083   157   528851.0000   228486.7331  3263799   56.80%
  30278 26706   321698.5427   182   528851.0000   228900.3343  3320621   56.72%
  30697 27201   414348.1083   182   528851.0000   228900.3343  3354610   56.72%
  31271 27556   508675.1667   130   528851.0000   228920.9759  3384539   56.71%
  31841 27984   482535.1667   124   528851.0000   228942.0518  3435740   56.71%
  32259 28602   353468.2901   178   528851.0000   229194.0283  3485394   56.66%
  32734 29241   382770.0833   190   528851.0000   229266.9970  3530627   56.65%
* 32941+28937                       523022.0000   229266.9970            56.16%
  33212 29316   428031.8395   202   523022.0000   229266.9970  3534736   56.16%
Elapsed time = 3010.29 sec. (376637.39 ticks, tree = 4932.57 MB, solutions = 16)
Nodefile size = 2838.19 MB (1747.67 MB after compression)
  33530 29982   314843.3102   216   523022.0000   229447.1966  3605967   56.13%
  34010 29967   397784.9646   183   523022.0000   229447.1966  3607484   56.13%
  34458 30584   323488.5905   200   523022.0000   229596.3053  3695855   56.10%
  34817 31154   321593.6236   178   523022.0000   229596.3053  3731140   56.10%
* 34828+30644                       512317.0000   229596.3053            55.18%
  35240 31303   327724.4812   193   512317.0000   230094.2579  3775741   55.09%
  35702 31452   390663.6481   173   512317.0000   230094.2579  3782925   55.09%
  36122 32111   318548.4517   254   512317.0000   230113.0280  3840554   55.08%
  36617 31842   487050.7973   162   512317.0000   230113.0280  3809386   55.08%
Starting limited solution polishing.
  37123 32497   450020.9636   194   512317.0000   230361.3199  3873834   55.04%
* 37491+32857                       510430.0000   230361.3199            54.87%
  37628 33114   327312.0804   203   510430.0000   230361.3199  3925089   54.87%
Elapsed time = 3287.56 sec. (414867.02 ticks, tree = 5612.76 MB, solutions = 19)
Nodefile size = 3535.74 MB (2174.79 MB after compression)
* 37710+32822                       507719.0000   230385.6229            54.62%
  37964 33681   349664.5750   182   507719.0000   230443.4754  3978308   54.61%
* 38234+33723                       506750.0000   230443.4754            54.53%
  38335 33653   465210.1960   215   506750.0000   230443.4754  3971737   54.53%
  38650 34155   353177.5833   221   506750.0000   230443.4754  4025432   54.53%
  38815 34319   480835.0000    72   506750.0000   230443.4754  4048264   54.53%
  39009 34740   375270.3231   197   506750.0000   230498.9418  4084436   54.51%
  39410 34544   373176.0000    84   506750.0000   230498.9418  4057921   54.51%
* 39512+34554                       502110.0000   230498.9418            54.09%
  39631 34924   440669.2556   163   502110.0000   230658.7960  4100289   54.06%
  39840 35071   313892.9641   219   502110.0000   230658.7960  4126368   54.06%
  40060 35362   364818.3750   113   502110.0000   230690.1032  4155476   54.06%
* 40104+34930                       500289.0000   230690.1032            53.89%
  40187 35529   308234.6415   178   500289.0000   230690.1032  4184359   53.89%
Elapsed time = 3464.66 sec. (453268.16 ticks, tree = 6488.94 MB, solutions = 24)
Nodefile size = 4428.41 MB (2723.43 MB after compression)
  40414 35877   359337.5833   180   500289.0000   230943.6364  4231104   53.84%
  40825 35955   407335.1940   200   500289.0000   230943.6364  4235571   53.84%
  41086 36127   488222.0104   189   500289.0000   230943.6364  4248470   53.84%
  41372 35974   416340.4476   224   500289.0000   230943.6364  4236462   53.84%
  41578 36712   372872.9286   119   500289.0000   230943.6364  4297249   53.84%
  41830 37060   490956.6214   199   500289.0000   230943.6364  4323921   53.84%
* 41878+36604                       499364.0000   230943.6364            53.75%
  42077 37375   254546.3613   177   499364.0000   230979.0031  4351701   53.75%
  42314 37214   345139.0015   204   499364.0000   230979.0031  4335532   53.75%
  42470 36993   385679.8611   204   499364.0000   230979.0031  4321864   53.75%

Implied bound cuts applied:  117
Zero-half cuts applied:  466
Lift and project cuts applied:  71

Root node processing (before b&c):
  Real time             =   31.81 sec. (22709.44 ticks)
Parallel b&c, 8 threads:
  Real time             = 3571.50 sec. (467737.08 ticks)
  Sync time (average)   =  751.19 sec.
  Wait time (average)   =    0.01 sec.
                          ------------
Total (root+branch&cut) = 3603.31 sec. (490446.52 ticks)
Status: Feasible
Obj: 499364

Instalacoes abertas:
Instalação 0 aberta
Instalação 1 aberta
Instalação 4 aberta
Instalação 8 aberta
Instalação 9 aberta
Instalação 13 aberta
Instalação 16 aberta
Instalação 18 aberta
Instalação 20 aberta
Instalação 22 aberta
Instalação 30 aberta
Instalação 39 aberta
Instalação 47 aberta
Instalação 49 aberta

Atribuições (cliente -> instalação):
Cliente 0 -> Instalação 20
Cliente 1 -> Instalação 8
Cliente 2 -> Instalação 30
Cliente 3 -> Instalação 13
Cliente 4 -> Instalação 8
Cliente 5 -> Instalação 20
Cliente 6 -> Instalação 30
Cliente 7 -> Instalação 39
Cliente 8 -> Instalação 9
Cliente 9 -> Instalação 16
Cliente 10 -> Instalação 49
Cliente 11 -> Instalação 8
Cliente 12 -> Instalação 22
Cliente 13 -> Instalação 39
Cliente 14 -> Instalação 1
Cliente 15 -> Instalação 0
Cliente 16 -> Instalação 4
Cliente 17 -> Instalação 0
Cliente 18 -> Instalação 18
Cliente 19 -> Instalação 8
Cliente 20 -> Instalação 18
Cliente 21 -> Instalação 4
Cliente 22 -> Instalação 22
Cliente 23 -> Instalação 9
Cliente 24 -> Instalação 49
Cliente 25 -> Instalação 47
Cliente 26 -> Instalação 49
Cliente 27 -> Instalação 13
Cliente 28 -> Instalação 16
Cliente 29 -> Instalação 13
Cliente 30 -> Instalação 13
Cliente 31 -> Instalação 49
Cliente 32 -> Instalação 9
Cliente 33 -> Instalação 4
Cliente 34 -> Instalação 1
Cliente 35 -> Instalação 20
Cliente 36 -> Instalação 18
Cliente 37 -> Instalação 47
Cliente 38 -> Instalação 9
Cliente 39 -> Instalação 39
Cliente 40 -> Instalação 47
Cliente 41 -> Instalação 16
Cliente 42 -> Instalação 47
Cliente 43 -> Instalação 20
Cliente 44 -> Instalação 20
Cliente 45 -> Instalação 8
Cliente 46 -> Instalação 4
Cliente 47 -> Instalação 1
Cliente 48 -> Instalação 30
Cliente 49 -> Instalação 47
