Version identifier: 22.1.1.0 | 2022-11-28 | 9160aff4d
CPXPARAM_TimeLimit                               3600
Tried aggregator 1 time.
MIP Presolve eliminated 50 rows and 1 columns.
Reduced MIP has 50400 rows, 3507 columns, and 151100 nonzeros.
Reduced MIP has 3507 binaries, 0 generals, 0 SOSs, and 0 indicators.
Presolve time = 0.07 sec. (67.29 ticks)
Found incumbent of value 3.9623123e+07 after 0.09 sec. (86.16 ticks)
Probing time = 0.02 sec. (7.80 ticks)
Tried aggregator 1 time.
Detecting symmetries...
Reduced MIP has 50400 rows, 3507 columns, and 151100 nonzeros.
Reduced MIP has 3507 binaries, 0 generals, 0 SOSs, and 0 indicators.
Presolve time = 0.09 sec. (81.83 ticks)
Probing time = 0.03 sec. (7.86 ticks)
Clique table members: 2500.
MIP emphasis: balance optimality and feasibility.
MIP search method: dynamic search.
Parallel mode: deterministic, using up to 8 threads.
Root relaxation solution time = 0.12 sec. (74.11 ticks)

        Nodes                                         Cuts/
   Node  Left     Objective  IInf  Best Integer    Best Bound    ItCnt     Gap

*     0+    0                       3.96231e+07        0.0000           100.00%
*     0+    0                       3.03452e+07        0.0000           100.00%
*     0+    0                      1293826.0000        0.0000           100.00%
*     0+    0                      1203231.0000        0.0000           100.00%
      0     0    93774.0000   100  1203231.0000    93774.0000      181   92.21%
*     0+    0                      1202999.0000    93774.0000            92.20%
      0     0   106217.5000   100  1202999.0000    Cuts: 2378      412   91.17%
      0     0   118774.0000    98  1202999.0000    Cuts: 2375      718   90.13%
      0     0   130254.2333   223  1202999.0000 ZeroHalf: 988     2177   89.17%
*     0+    0                      1067188.0000   130254.2333            87.79%
*     0+    0                      1042041.0000   130254.2333            87.50%
      0     0  -1.00000e+75     0  1042041.0000   130254.2333     2177   87.50%
      0     0   137002.1499   232  1042041.0000 ZeroHalf: 997     3016   86.85%
      0     0   144736.0351   188  1042041.0000     Cuts: 934     3760   86.11%
Detecting symmetries...
      0     0   151377.2221   187  1042041.0000     Cuts: 442     4481   85.47%
      0     0   155120.6779   220  1042041.0000     Cuts: 320     4849   85.11%
      0     0   159237.2457   181  1042041.0000     Cuts: 919     5532   84.72%
      0     0   162206.3059   216  1042041.0000     Cuts: 183     6069   84.43%
*     0+    0                       785084.0000   162206.3059            79.34%
      0     0   165573.2695   227   785084.0000     Cuts: 543     6727   78.91%
*     0+    0                       713690.0000   165573.2695            76.80%
*     0+    0                       701515.0000   165573.2695            76.40%
      0     0   168338.8590   211   701515.0000     Cuts: 356     7210   76.00%
      0     0   170601.9466   205   701515.0000     Cuts: 427     7973   75.68%
      0     0   172244.5820   209   701515.0000     Cuts: 377     8541   75.45%
      0     0   174235.5238   204   701515.0000      Cuts: 85     8958   75.16%
      0     0   176027.0896   199   701515.0000     Cuts: 176     9415   74.91%
      0     0   177658.0470   213   701515.0000     Cuts: 267     9959   74.68%
      0     0   178887.8649   206   701515.0000     Cuts: 285    10408   74.50%
      0     0   180567.0918   200   701515.0000     Cuts: 233    10986   74.26%
      0     0   182292.3141   229   701515.0000     Cuts: 209    11548   74.01%
      0     0   183081.8182   215   701515.0000     Cuts: 269    11929   73.90%
      0     0   184052.1887   206   701515.0000     Cuts: 269    12280   73.76%
      0     0   185438.3130   208   701515.0000     Cuts: 169    12833   73.57%
      0     0   186476.0203   204   701515.0000     Cuts: 120    13277   73.42%
      0     0   187386.4875   211   701515.0000     Cuts: 176    13637   73.29%
      0     0   187897.9795   200   701515.0000      Cuts: 75    13951   73.22%
      0     0   188473.5499   197   701515.0000     Cuts: 211    14211   73.13%
      0     0   189141.8749   204   701515.0000     Cuts: 111    14505   73.04%
      0     0   189974.8413   203   701515.0000      Cuts: 79    14819   72.92%
      0     0   190739.3103   199   701515.0000      Cuts: 94    15136   72.81%
      0     0   191117.8216   211   701515.0000      Cuts: 75    15350   72.76%
      0     0   191570.8370   208   701515.0000      Cuts: 78    15588   72.69%
      0     0   192052.3904   236   701515.0000      Cuts: 82    15893   72.62%
      0     0   192540.0594   229   701515.0000     Cuts: 219    16127   72.55%
      0     0   193257.8537   202   701515.0000     Cuts: 151    16403   72.45%
      0     0   193702.3300   201   701515.0000      Cuts: 62    16698   72.39%
      0     0   194312.6403   201   701515.0000     Cuts: 151    16995   72.30%
      0     0   194945.8086   201   701515.0000     Cuts: 114    17341   72.21%
      0     0   195470.4130   202   701515.0000      Cuts: 76    17608   72.14%
      0     0   195964.3710   206   701515.0000      Cuts: 69    17864   72.07%
      0     0   196645.1991   212   701515.0000      Cuts: 72    18242   71.97%
      0     0   197174.9355   209   701515.0000      Cuts: 96    18480   71.89%
      0     0   197704.7915   205   701515.0000      Cuts: 66    18776   71.82%
      0     0   198211.4168   208   701515.0000      Cuts: 73    19094   71.75%
      0     0   198630.2394   234   701515.0000      Cuts: 60    19366   71.69%
      0     0   199230.7447   206   701515.0000     Cuts: 225    19699   71.60%
      0     0   199638.3680   233   701515.0000      Cuts: 63    19988   71.54%
      0     0   200064.6815   227   701515.0000      Cuts: 73    20257   71.48%
      0     0   200374.8434   232   701515.0000      Cuts: 72    20488   71.44%
      0     0   200765.2326   229   701515.0000      Cuts: 63    20690   71.38%
      0     0   201302.1625   210   701515.0000      Cuts: 50    20886   71.30%
      0     0   201839.2875   206   701515.0000      Cuts: 44    21162   71.23%
      0     0   202204.3362   230   701515.0000      Cuts: 56    21424   71.18%
      0     0   202507.6503   228   701515.0000      Cuts: 77    21673   71.13%
      0     0   203014.6654   200   701515.0000      Cuts: 54    21940   71.06%
      0     0   203405.7290   233   701515.0000     Cuts: 103    22224   71.00%
      0     0   203570.5184   222   701515.0000      Cuts: 34    22387   70.98%
      0     0   203714.7410   227   701515.0000  ZeroHalf: 43    22532   70.96%
      0     0   203919.3837   227   701515.0000      Cuts: 39    22777   70.93%
      0     0   204165.1451   261   701515.0000      Cuts: 58    22972   70.90%
      0     0   204389.5847   258   701515.0000      Cuts: 39    23105   70.86%
      0     0   204721.2647   198   701515.0000     Cuts: 136    23312   70.82%
      0     0   205007.1760   196   701515.0000  ZeroHalf: 51    23469   70.78%
      0     0   205299.2743   202   701515.0000      Cuts: 38    23677   70.73%
      0     0   205526.9853   230   701515.0000      Cuts: 37    23827   70.70%
      0     0   205674.4299   234   701515.0000      Cuts: 31    23988   70.68%
      0     0   205783.0726   228   701515.0000  ZeroHalf: 15    24090   70.67%
      0     0   205846.5544   230   701515.0000      Cuts: 38    24154   70.66%
*     0+    0                       698691.0000   205846.5544            70.54%
*     0+    0                       698163.0000   205846.5544            70.52%
      0     0  -1.00000e+75     0   698163.0000   205846.5544    24154   70.52%
Detecting symmetries...
      0     2   205846.5544   230   698163.0000   205846.5544    24154   70.52%
Elapsed time = 37.97 sec. (26664.98 ticks, tree = 0.02 MB, solutions = 12)
      3     3   228393.2294   194   698163.0000   205848.6827    24676   70.52%
      6     5   221500.9021   202   698163.0000   205848.6827    24946   70.52%
     10    10   246064.4781   153   698163.0000   206202.8183    27302   70.46%
*    14+    5                       698111.0000   206202.8183            70.46%
     21    17   226222.7941   193   698111.0000   206202.8183    29905   70.46%
     26    18   247031.7110   164   698111.0000   206202.8183    30608   70.46%
     33    32   259818.3358   188   698111.0000   206202.8183    35213   70.46%
*    35+    4                       697857.0000   206202.8183            70.45%
     39    39   247301.5039   161   697857.0000   206202.8183    37897   70.45%
     41    40   319737.7500   104   697857.0000   206202.8183    38546   70.45%
     55    44   341564.7857   129   697857.0000   206202.8183    39388   70.45%
    120   109   473385.0000    62   697857.0000   206202.8183    49492   70.45%
Elapsed time = 55.03 sec. (30116.58 ticks, tree = 6.76 MB, solutions = 13)
    191   177   583345.1667    57   697857.0000   206935.4196    59303   70.35%
    312   241   459459.5000    76   697857.0000   219281.0996    67160   68.58%
    388   348   625905.7500    55   697857.0000   219600.2795    83597   68.53%
    464   393   307576.3819   144   697857.0000   219600.2795    94344   68.53%
    543   488   440423.2500    78   697857.0000   219600.2795   120603   68.53%
    688   564   496689.5000    69   697857.0000   219600.2795   136009   68.53%
    876   687   592846.0000    54   697857.0000   219600.2795   146918   68.53%
    999   798   268141.0404   178   697857.0000   219600.2795   163710   68.53%
   1093  1004        cutoff         697857.0000   219600.2795   188428   68.53%
   1181  1041   225386.0921   198   697857.0000   219600.2795   193787   68.53%
Elapsed time = 129.20 sec. (39737.96 ticks, tree = 25.26 MB, solutions = 15)
   1263  1149   523642.0000    76   697857.0000   219600.2795   219243   68.53%
   1385  1216   515437.5000    74   697857.0000   219600.2795   229251   68.53%
   1514  1330   551902.0000    63   697857.0000   219600.2795   243526   68.53%
   1662  1484   550479.4000    95   697857.0000   219600.2795   261848   68.53%
   1741  1517   251959.0724   189   697857.0000   220118.9916   264572   68.46%

Performing restart 1

Repeating presolve.
Tried aggregator 1 time.
MIP Presolve eliminated 845 rows and 29 columns.
Reduced MIP has 49555 rows, 3478 columns, and 148565 nonzeros.
Reduced MIP has 3478 binaries, 0 generals, 0 SOSs, and 0 indicators.
Presolve time = 0.07 sec. (68.39 ticks)
Tried aggregator 1 time.
Reduced MIP has 49555 rows, 3478 columns, and 148565 nonzeros.
Reduced MIP has 3478 binaries, 0 generals, 0 SOSs, and 0 indicators.
Presolve time = 0.09 sec. (83.20 ticks)
Represolve time = 0.23 sec. (217.12 ticks)
   1743     0   206088.4975   248   697857.0000     Cuts: 100   290254   68.46%
   1743     0   206299.2590   237   697857.0000      Cuts: 83   290479   68.46%
   1743     0   206573.4206   243   697857.0000      Cuts: 99   290720   68.46%
*  1743+    0                       697797.0000   220118.9916            68.46%
   1743     0  -1.00000e+75     0   697797.0000   220118.9916   290720   68.46%
   1743     0   206869.7231   241   697797.0000      Cuts: 99   290957   68.46%
   1743     0   207135.3832   245   697797.0000     Cuts: 134   291228   68.46%
   1743     2   207135.3832   245   697797.0000   220118.9916   291228   68.46%
   1744     3   207241.9910   236   697797.0000   220118.9916   291333   68.46%
   1748     6   207839.8215   226   697797.0000   220118.9916   291802   68.46%
   1753     5   233056.4474   188   697797.0000   220118.9916   292079   68.46%
   1767    18   229815.8004   205   697797.0000   220118.9916   299165   68.46%
Elapsed time = 251.12 sec. (67974.86 ticks, tree = 0.81 MB, solutions = 16)
   1805    21   236240.4930   194   697797.0000   220118.9916   300746   68.46%
   1854    62   228267.1476   193   697797.0000   220118.9916   313580   68.46%
   1888   112   228556.1702   203   697797.0000   220118.9916   321786   68.46%
   1947   158   245283.8045   178   697797.0000   220118.9916   331008   68.46%
   1989   207   262195.4193   188   697797.0000   220118.9916   337442   68.46%
   2000   229   252794.9971   163   697797.0000   220118.9916   340835   68.46%
   2024   270   250358.1017   173   697797.0000   220118.9916   352081   68.46%
   2047   275   264879.8557   183   697797.0000   220118.9916   357219   68.46%
   2065   297   259892.9460   194   697797.0000   220118.9916   361973   68.46%
   2095   329   252274.3228   197   697797.0000   220118.9916   366685   68.46%
Elapsed time = 343.97 sec. (77857.61 ticks, tree = 2.23 MB, solutions = 16)
   2129   333   234481.0948   219   697797.0000   220118.9916   366565   68.46%
   2168   354   258672.4219   199   697797.0000   220118.9916   368025   68.46%
   2213   414   273663.2646   173   697797.0000   220118.9916   373678   68.46%
   2248   404   287546.7579   189   697797.0000   220118.9916   372974   68.46%
   2298   485   260010.5437   199   697797.0000   220118.9916   378197   68.46%
   2344   497   254029.2782   185   697797.0000   220118.9916   378504   68.46%
   2399   580   292283.9318   143   697797.0000   220118.9916   383377   68.46%
   2441   608   273522.3862   185   697797.0000   220118.9916   385191   68.46%
   2487   666   250805.3311   178   697797.0000   220118.9916   387964   68.46%
   2524   692   280011.2588   162   697797.0000   220118.9916   390287   68.46%
Elapsed time = 437.06 sec. (87558.42 ticks, tree = 104.43 MB, solutions = 16)
   2583   706   303600.5614   154   697797.0000   220118.9916   391156   68.46%
   2619   799   309647.1352   160   697797.0000   220118.9916   395963   68.46%
   2679   803   311965.4848   160   697797.0000   220118.9916   396703   68.46%
   2725   818   290601.3893   165   697797.0000   220118.9916   397977   68.46%
   2767   922   314818.0637   164   697797.0000   220118.9916   403829   68.46%
   2814   967   315936.2250   191   697797.0000   220118.9916   406731   68.46%
   2866  1005   297447.9799   188   697797.0000   220118.9916   409763   68.46%
   2940  1018   297667.9736   160   697797.0000   220118.9916   408841   68.46%
   3004  1138   322647.2500   172   697797.0000   220118.9916   417174   68.46%
   3095  1248   298401.6456   161   697797.0000   220118.9916   422178   68.46%
Elapsed time = 539.67 sec. (97514.22 ticks, tree = 317.10 MB, solutions = 16)
   3173  1316   332764.5287   179   697797.0000   220118.9916   425273   68.46%
   3231  1278   304830.6154   160   697797.0000   220118.9916   423048   68.46%
   3323  1374   348286.2500   161   697797.0000   220118.9916   429737   68.46%
   3431  1479   324200.0167   154   697797.0000   220118.9916   433658   68.46%
   3511  1514   357126.6296   199   697797.0000   220118.9916   436852   68.46%
   3578  1711   354944.8392   171   697797.0000   220118.9916   444545   68.46%
   3668  1810   424358.5132   203   697797.0000   220118.9916   449011   68.46%
   3739  1850   387682.6157   178   697797.0000   220118.9916   451032   68.46%
   3798  1912   397820.8750   109   697797.0000   220118.9916   453911   68.46%
   3880  1951   373547.4167   170   697797.0000   220118.9916   456240   68.46%
Elapsed time = 628.97 sec. (107233.12 ticks, tree = 587.58 MB, solutions = 16)
   3959  1997   356044.9681   185   697797.0000   220118.9916   460187   68.46%
   4005  2027   509771.0000   139   697797.0000   220118.9916   461074   68.46%
   4051  2115   418274.7500   101   697797.0000   220118.9916   465184   68.46%

Performing restart 2

Repeating presolve.
Tried aggregator 1 time.
Reduced MIP has 49555 rows, 3478 columns, and 194691 nonzeros.
Reduced MIP has 3478 binaries, 0 generals, 0 SOSs, and 0 indicators.
Presolve time = 0.14 sec. (122.18 ticks)
Tried aggregator 1 time.
Reduced MIP has 49555 rows, 3478 columns, and 194691 nonzeros.
Reduced MIP has 3478 binaries, 0 generals, 0 SOSs, and 0 indicators.
Presolve time = 0.16 sec. (140.41 ticks)
Represolve time = 0.41 sec. (350.07 ticks)
   4052     0   208106.9698   220   697797.0000      Cuts: 89   480437   68.46%
   4052     0   208553.1818   209   697797.0000      Cuts: 73   480681   68.46%
   4052     0   208866.4326   212   697797.0000     Cuts: 148   480880   68.46%
   4052     0   209199.4614   208   697797.0000      Cuts: 94   481150   68.46%
   4052     0   209551.3193   245   697797.0000     Cuts: 111   481411   68.46%
   4052     0   209991.6472   249   697797.0000     Cuts: 134   481773   68.46%
   4052     0   210239.8520   250   697797.0000     Cuts: 118   482029   68.46%
   4052     0   210621.1256   211   697797.0000     Cuts: 122   482342   68.46%
   4052     0   211182.8145   239   697797.0000     Cuts: 114   482653   68.46%
   4052     2   211182.8145   239   697797.0000   220118.9916   482653   68.46%
   4058     8   259095.9287   187   697797.0000   220118.9916   484756   68.46%
   4074    17   277995.0325   160   697797.0000   220118.9916   490917   68.46%
   4121    52   337620.3523   131   697797.0000   220118.9916   505646   68.46%
   4163    97   249241.8590   172   697797.0000   220118.9916   522588   68.46%
   4224   153   247299.3425   187   697797.0000   220118.9916   540109   68.46%
   4302   196   369678.4077   126   697797.0000   220118.9916   556068   68.46%
Elapsed time = 723.40 sec. (135206.26 ticks, tree = 3.00 MB, solutions = 16)
   4383   300   432851.5000    79   697797.0000   220118.9916   576026   68.46%
   4546   346   647741.6111    68   697797.0000   220118.9916   584938   68.46%
*  4562   384      integral     0   692097.0000   220118.9916   589126   68.20%
   4642   504   653020.0000    80   692097.0000   220118.9916   606660   68.20%
   4740   590   564045.0000    63   692097.0000   220118.9916   624030   68.20%
   4840   674   487383.5000    68   692097.0000   220118.9916   638647   68.20%
   4927   781   274422.3917   157   692097.0000   220118.9916   661780   68.20%
   5008   796   319777.1057   162   692097.0000   220118.9916   666896   68.20%
   5079   947   482837.2500    94   692097.0000   220118.9916   702746   68.20%
   5145   973   469670.0000   106   692097.0000   220118.9916   710477   68.20%
   5235  1049   487112.0000    71   692097.0000   220118.9916   732083   68.20%
Elapsed time = 811.60 sec. (144871.87 ticks, tree = 8.85 MB, solutions = 17)
   5356  1181   503591.5000    65   692097.0000   220118.9916   762651   68.20%
   5499  1258   484697.0000    74   692097.0000   220118.9916   775561   68.20%
   5628  1256   645078.5000    46   692097.0000   220118.9916   775390   68.20%
   5750  1466   684590.8333    67   692097.0000   220118.9916   804032   68.20%
   5831  1612   263231.8203   176   692097.0000   220118.9916   833680   68.20%
   5887  1672   262156.3559   196   692097.0000   220118.9916   845729   68.20%
   5933  1717   267776.0580   165   692097.0000   220118.9916   857482   68.20%
   5974  1745   307664.4943   149   692097.0000   220118.9916   866426   68.20%
   6002  1815   343468.1544   179   692097.0000   220118.9916   887273   68.20%
   6216  1966   377954.7155   165   692097.0000   220118.9916   923315   68.20%
Elapsed time = 934.47 sec. (157394.92 ticks, tree = 17.08 MB, solutions = 17)
   6509  2210   424720.9714   210   692097.0000   220118.9916   969308   68.20%
   6728  2495   477297.8159   191   692097.0000   220118.9916  1022824   68.20%
   6986  2704   527761.0659   219   692097.0000   220118.9916  1063847   68.20%
   7207  3003   293377.6376   193   692097.0000   220118.9916  1130202   68.20%
*  7288+ 3043                       691742.0000   220118.9916            68.18%
   7402  3159   267271.9973   223   691742.0000   220118.9916  1172441   68.18%
   7645  3354   420609.0737   172   691742.0000   220118.9916  1213624   68.18%
   7901  3577   580439.1889   139   691742.0000   220118.9916  1260977   68.18%
   8190  3816   495279.6132   154   691742.0000   220118.9916  1312378   68.18%
   8422  4103   319146.6824   183   691742.0000   220118.9916  1365450   68.18%
   8628  4342   307330.2890   198   691742.0000   220118.9916  1423734   68.18%
Elapsed time = 1307.88 sec. (195786.47 ticks, tree = 43.41 MB, solutions = 18)
   8847  4564   451987.0587   158   691742.0000   220118.9916  1468058   68.18%
   9095  4775   554276.8767   140   691742.0000   225524.7525  1513551   67.40%
   9364  5076   553627.0732   126   691742.0000   225524.7525  1577499   67.40%
   9643  5351   257796.3254   181   691742.0000   225524.7525  1636858   67.40%
   9954  5536   436091.1793   165   691742.0000   225524.7525  1670276   67.40%
  10205  5917   440881.6723   163   691742.0000   225524.7525  1742884   67.40%
  10554  6077   387213.7322   159   691742.0000   225524.7525  1785978   67.40%
  10910  6425   612923.1667    92   691742.0000   236008.5262  1850963   65.88%
* 10931+ 6558                       688032.0000   236008.5262            65.70%
  11132  6839   314217.0681   189   688032.0000   236428.8266  1937823   65.64%
  11461  7118   684351.0000    34   688032.0000   236894.9391  1999355   65.57%
Elapsed time = 1707.54 sec. (234016.30 ticks, tree = 96.77 MB, solutions = 19)
* 11508+ 7017                       686043.0000   236894.9391            65.47%
  11815  7393   497855.8434   151   686043.0000   237184.8594  2055603   65.43%
* 11906+ 7573                       682880.0000   237930.6767            65.16%
  12055  7572   392942.6246   182   682880.0000   237930.6767  2098190   65.16%
  12362  7851   255453.0876   193   682880.0000   238150.4040  2160125   65.13%
  12614  8186   433517.3397   151   682880.0000   238150.4040  2232146   65.13%
  12871  8282   334492.5245   203   682880.0000   238150.4040  2252451   65.13%
  13115  8487   676225.2845   100   682880.0000   238150.4040  2294070   65.13%
  13411  8729   412615.0380   197   682880.0000   239014.2962  2347335   65.00%
  13684  9101   274435.3377   173   682880.0000   239014.2962  2415472   65.00%
  13917  9245   439486.2877   153   682880.0000   240396.9102  2447282   64.80%
  14156  9557   382091.8860   167   682880.0000   240396.9102  2515661   64.80%
Elapsed time = 2126.51 sec. (272241.45 ticks, tree = 113.56 MB, solutions = 21)
  14450  9856   378954.6073   169   682880.0000   240396.9102  2578666   64.80%
  14722 10086   562591.2831   155   682880.0000   240396.9102  2623164   64.80%
  15004 10488   298025.5295   191   682880.0000   240612.7913  2696214   64.76%
  15236 10685   576518.8126   179   682880.0000   241438.5790  2725226   64.64%
  15505 10837   418483.4319   239   682880.0000   241438.5790  2759236   64.64%
  15768 11317   511354.8105   185   682880.0000   244416.2879  2854847   64.21%
  16058 11518   399268.6581   143   682880.0000   244416.2879  2893599   64.21%
  16335 11698   599646.7960   143   682880.0000   244416.2879  2925456   64.21%
  16613 12069   257001.8853   197   682880.0000   244416.2879  3002273   64.21%
  16879 12220   547884.7674   173   682880.0000   244416.2879  3024933   64.21%
Elapsed time = 2533.72 sec. (310494.77 ticks, tree = 269.10 MB, solutions = 21)
  17149 12383   400790.5901   181   682880.0000   244738.9908  3065292   64.16%
  17415 12843   654586.5000    57   682880.0000   245135.5007  3154085   64.10%
  17722 13002   443521.5239   172   682880.0000   245711.2888  3189697   64.02%
  18010 13211   344950.2597   232   682880.0000   245711.2888  3229866   64.02%
  18252 13630   584543.8877   150   682880.0000   245814.0086  3308100   64.00%
  18598 13979   660510.4595   183   682880.0000   245814.0086  3381635   64.00%
* 18668+13873                       675792.0000   246036.8337            63.59%
  18855 14172   359648.9719   211   675792.0000   246036.8337  3423972   63.59%
  19165 14422   331605.1430   173   675792.0000   246574.7892  3475632   63.51%
  19500 14696   409839.5839   162   675792.0000   246574.7892  3562877   63.51%
  19793 14969   473288.3333    88   675792.0000   246574.7892  3618254   63.51%
Elapsed time = 2885.19 sec. (348727.17 ticks, tree = 285.20 MB, solutions = 22)
  20034 15250   350394.5509   203   675792.0000   247209.3063  3667104   63.42%
  20216 15373   498323.5316   152   675792.0000   247209.3063  3688685   63.42%
  20598 15604   562316.4151   115   675792.0000   247209.3063  3732636   63.42%
  20860 15685   649122.4405   114   675792.0000   247209.3063  3749028   63.42%
  21137 16261   400106.0282   172   675792.0000   247629.2906  3830659   63.36%
  21392 16323   456053.0000    80   675792.0000   247710.6596  3845309   63.35%
  21697 16705   505790.7578   155   675792.0000   247747.0205  3913135   63.34%
  22041 16804   459435.5780   135   675792.0000   247747.0205  3933218   63.34%
  22410 17407   628192.1556   109   675792.0000   247757.3711  4038441   63.34%
  22712 17476   364686.2497   182   675792.0000   247757.3711  4055543   63.34%
Elapsed time = 3227.17 sec. (387001.56 ticks, tree = 306.33 MB, solutions = 22)
Starting limited solution polishing.
  22981 18110   500139.9354   142   675792.0000   248057.9139  4167220   63.29%
* 23175+18068                       675519.0000   248149.7579            63.27%
  23291 18325   406169.0133   142   675519.0000   248149.7579  4213911   63.27%
  23659 18675   559265.9570   128   675519.0000   248149.7579  4274110   63.27%
* 23820+18382                       665960.0000   248149.7579            62.74%
* 23902+18523                       660271.0000   248149.7579            62.42%
  23902 18878   618426.2951   133   660271.0000   248149.7579  4312095   62.42%
  24119 18825   582623.8538   145   660271.0000   248149.7579  4300702   62.42%
  24319 18766   293940.7450   169   660271.0000   248168.1962  4376183   62.41%
  24537 19171   364839.5516   157   660271.0000   248295.8913  4467981   62.39%
  24762 19213   438933.1667   120   660271.0000   248613.2594  4475081   62.35%
  25026 19366   428044.3123   185   660271.0000   248613.2594  4513748   62.35%
  25218 19501   386270.5000    84   660271.0000   248690.7842  4544787   62.34%
Elapsed time = 3540.18 sec. (425289.48 ticks, tree = 314.80 MB, solutions = 27)
* 25328+19573                       654960.0000   248690.7842            62.03%
* 25367+19573                       646474.0000   248690.7842            61.53%
  25530 19811   606986.4849   127   646474.0000   248744.1077  4584173   61.52%
  25838 20030   424251.0000    84   646474.0000   248744.1077  4630539   61.52%

Zero-half cuts applied:  295
Lift and project cuts applied:  57

Root node processing (before b&c):
  Real time             =   37.91 sec. (26578.70 ticks)
Parallel b&c, 8 threads:
  Real time             = 3562.11 sec. (407743.48 ticks)
  Sync time (average)   =  731.47 sec.
  Wait time (average)   =    0.02 sec.
                          ------------
Total (root+branch&cut) = 3600.01 sec. (434322.17 ticks)
Status: Feasible
Obj: 646474

Instalacoes abertas:
Instalação 0 aberta
Instalação 1 aberta
Instalação 4 aberta
Instalação 8 aberta
Instalação 9 aberta
Instalação 13 aberta
Instalação 16 aberta
Instalação 19 aberta
Instalação 20 aberta
Instalação 22 aberta
Instalação 23 aberta
Instalação 25 aberta
Instalação 30 aberta
Instalação 31 aberta
Instalação 34 aberta
Instalação 47 aberta
Instalação 49 aberta

Atribuições (cliente -> instalação):
Cliente 0 -> Instalação 20
Cliente 1 -> Instalação 31
Cliente 2 -> Instalação 31
Cliente 3 -> Instalação 23
Cliente 4 -> Instalação 4
Cliente 5 -> Instalação 30
Cliente 6 -> Instalação 20
Cliente 7 -> Instalação 1
Cliente 8 -> Instalação 8
Cliente 9 -> Instalação 1
Cliente 10 -> Instalação 22
Cliente 11 -> Instalação 4
Cliente 12 -> Instalação 0
Cliente 13 -> Instalação 13
Cliente 14 -> Instalação 1
Cliente 15 -> Instalação 4
Cliente 16 -> Instalação 16
Cliente 17 -> Instalação 47
Cliente 18 -> Instalação 9
Cliente 19 -> Instalação 20
Cliente 20 -> Instalação 19
Cliente 21 -> Instalação 19
Cliente 22 -> Instalação 31
Cliente 23 -> Instalação 9
Cliente 24 -> Instalação 19
Cliente 25 -> Instalação 25
Cliente 26 -> Instalação 47
Cliente 27 -> Instalação 22
Cliente 28 -> Instalação 23
Cliente 29 -> Instalação 1
Cliente 30 -> Instalação 30
Cliente 31 -> Instalação 25
Cliente 32 -> Instalação 49
Cliente 33 -> Instalação 8
Cliente 34 -> Instalação 34
Cliente 35 -> Instalação 16
Cliente 36 -> Instalação 47
Cliente 37 -> Instalação 4
Cliente 38 -> Instalação 9
Cliente 39 -> Instalação 13
Cliente 40 -> Instalação 34
Cliente 41 -> Instalação 23
Cliente 42 -> Instalação 0
Cliente 43 -> Instalação 47
Cliente 44 -> Instalação 9
Cliente 45 -> Instalação 20
Cliente 46 -> Instalação 8
Cliente 47 -> Instalação 13
Cliente 48 -> Instalação 49
Cliente 49 -> Instalação 30
