Version identifier: 22.1.1.0 | 2022-11-28 | 9160aff4d
CPXPARAM_TimeLimit                               3600
Tried aggregator 1 time.
MIP Presolve eliminated 50 rows and 1 columns.
Reduced MIP has 20900 rows, 2917 columns, and 62600 nonzeros.
Reduced MIP has 2917 binaries, 0 generals, 0 SOSs, and 0 indicators.
Presolve time = 0.03 sec. (32.04 ticks)
Found incumbent of value 1.6665662e+07 after 0.04 sec. (40.24 ticks)
Probing time = 0.01 sec. (5.36 ticks)
Tried aggregator 1 time.
Detecting symmetries...
Reduced MIP has 20900 rows, 2917 columns, and 62600 nonzeros.
Reduced MIP has 2917 binaries, 0 generals, 0 SOSs, and 0 indicators.
Presolve time = 0.04 sec. (38.33 ticks)
Probing time = 0.01 sec. (5.36 ticks)
Clique table members: 2500.
MIP emphasis: balance optimality and feasibility.
MIP search method: dynamic search.
Parallel mode: deterministic, using up to 8 threads.
Root relaxation solution time = 0.04 sec. (31.81 ticks)

        Nodes                                         Cuts/
   Node  Left     Objective  IInf  Best Integer    Best Bound    ItCnt     Gap

*     0+    0                       1.66657e+07        0.0000           100.00%
*     0+    0                       1.16874e+07        0.0000           100.00%
*     0+    0                      1325113.0000        0.0000           100.00%
*     0+    0                       567091.0000        0.0000           100.00%
      0     0    93774.0000   100   567091.0000    93774.0000      176   83.46%
*     0+    0                       469769.0000    93774.0000            80.04%
      0     0   106217.5000   100   469769.0000     Cuts: 914      356   77.39%
      0     0   118774.0000    98   469769.0000     Cuts: 935      673   74.72%
*     0+    0                       323551.0000   118774.0000            63.29%
      0     0   130330.0000   170   323551.0000 ZeroHalf: 388     1881   59.72%
*     0+    0                       317322.0000   130330.0000            58.93%
*     0+    0                       316902.0000   130330.0000            58.87%
*     0+    0                       307707.0000   130330.0000            57.64%
      0     0  -1.00000e+75     0   307707.0000   130330.0000     1881   57.64%
*     0+    0                       276727.0000   130330.0000            52.90%
*     0+    0                       274404.0000   130330.0000            52.50%
      0     0   134658.8264   196   274404.0000     Cuts: 524     2794   50.93%
      0     0   139227.5417   183   274404.0000     Cuts: 277     3199   49.26%
Detecting symmetries...
      0     0   142391.6730   194   274404.0000     Cuts: 289     3596   48.11%
*     0+    0                       268268.0000   142391.6730            46.92%
      0     0  -1.00000e+75     0   268268.0000   142391.6730     3596   46.92%
      0     0   145624.5612   186   268268.0000     Cuts: 136     4122   45.72%
      0     0   147624.0745   186   268268.0000     Cuts: 113     4387   44.97%
      0     0   149305.2539   208   268268.0000      Cuts: 90     4708   44.34%
      0     0   150245.7007   178   268268.0000     Cuts: 283     4977   43.99%
      0     0   151193.1881   179   268268.0000      Cuts: 89     5255   43.64%
      0     0   152276.1007   204   268268.0000     Cuts: 119     5487   43.24%
      0     0   152815.0241   198   268268.0000      Cuts: 85     5621   43.04%
      0     0   153552.8023   199   268268.0000      Cuts: 69     5863   42.76%
      0     0   154484.3088   201   268268.0000     Cuts: 113     6083   42.41%
      0     0   155748.1549   183   268268.0000     Cuts: 170     6436   41.94%
      0     0   156163.8039   183   268268.0000      Cuts: 61     6643   41.79%
      0     0   156587.7133   183   268268.0000      Cuts: 45     6772   41.63%
      0     0   157130.1685   184   268268.0000      Cuts: 41     6933   41.43%
      0     0   157678.7228   180   268268.0000      Cuts: 55     7144   41.22%
      0     0   157954.9707   175   268268.0000      Cuts: 51     7255   41.12%
      0     0   158272.8390   178   268268.0000      Cuts: 54     7389   41.00%
      0     0   158532.5620   181   268268.0000      Cuts: 41     7510   40.91%
      0     0   158753.0086   179   268268.0000      Cuts: 38     7612   40.82%
      0     0   159013.8128   176   268268.0000      Cuts: 30     7700   40.73%
      0     0   159236.3636   180   268268.0000      Cuts: 49     7788   40.64%
      0     0   159428.8624   177   268268.0000      Cuts: 22     7847   40.57%
      0     0   159553.7064   180   268268.0000      Cuts: 31     7905   40.52%
      0     0   159726.4967   179   268268.0000      Cuts: 45     8014   40.46%
      0     0   159889.9055   176   268268.0000      Cuts: 43     8125   40.40%
      0     0   160045.6939   183   268268.0000      Cuts: 46     8236   40.34%
      0     0   160137.7358   184   268268.0000      Cuts: 24     8287   40.31%
      0     0   160179.3612   183   268268.0000      Cuts: 10     8329   40.29%
      0     0   160253.2453   184   268268.0000      Cuts: 14     8396   40.26%
      0     0   160338.6919   186   268268.0000      Cuts: 28     8456   40.23%
      0     0   160438.0407   182   268268.0000      Cuts: 22     8512   40.19%
      0     0   160550.2152   211   268268.0000      Cuts: 23     8568   40.15%
      0     0   160672.9077   210   268268.0000      Cuts: 21     8643   40.11%
      0     0   160743.9608   215   268268.0000      Cuts: 29     8713   40.08%
      0     0   160844.5424   213   268268.0000      Cuts: 23     8817   40.04%
      0     0   160903.6690   213   268268.0000      Cuts: 54     8911   40.02%
Detecting symmetries...
      0     2   160903.6690   213   268268.0000   160903.6690     8911   40.02%
Elapsed time = 11.47 sec. (6029.40 ticks, tree = 0.02 MB, solutions = 12)
      7     6   168152.1177   148   268268.0000   160945.2723    10323   40.01%
     34    21   177759.7444   187   268268.0000   161590.0275    16250   39.77%
     66    50   187156.8461   149   268268.0000   161590.0275    26356   39.77%
    104    93   215895.1667    91   268268.0000   161590.0275    37915   39.77%
*   139+  100                       267469.0000   161590.0275            39.59%
*   157   121      integral     0   243217.0000   161590.0275    43727   33.56%
    167   145   233888.2500    79   243217.0000   161590.0275    47562   33.56%
    243   167   184168.1398   141   243217.0000   161590.0275    53414   33.56%
    320   253   239480.0000    68   243217.0000   161590.0275    64595   33.56%
    368   303   236422.5000    54   243217.0000   161590.0275    75691   33.56%
    435   347   183209.3422   162   243217.0000   161590.0275    85002   33.56%
    679   546   240592.5000    82   243217.0000   167225.5548   123566   31.24%
Elapsed time = 21.72 sec. (9183.66 ticks, tree = 3.64 MB, solutions = 14)
    920   706   215518.3250   127   243217.0000   171710.8982   156468   29.40%
   1147   905   176784.0081   156   243217.0000   174226.2391   193773   28.37%
   1432  1126   220433.5000   129   243217.0000   175404.3391   236926   27.88%
   1719  1350   213993.5000    95   243217.0000   176566.5455   273847   27.40%
   1988  1602   214264.6667   119   243217.0000   177981.1800   318210   26.82%
   2323  1819        cutoff         243217.0000   178458.9032   353738   26.63%
   2629  2046   195548.1000   125   243217.0000   179521.7500   390616   26.19%
   2891  2348   234970.5636   143   243217.0000   180166.7260   441305   25.92%
   3181  2502   199123.1238   163   243217.0000   180928.4515   470842   25.61%

Performing restart 1

Repeating presolve.
Tried aggregator 1 time.
MIP Presolve eliminated 4809 rows and 467 columns.
Reduced MIP has 16091 rows, 2450 columns, and 48173 nonzeros.
Reduced MIP has 2450 binaries, 0 generals, 0 SOSs, and 0 indicators.
Presolve time = 0.03 sec. (27.08 ticks)
Tried aggregator 1 time.
Reduced MIP has 16091 rows, 2450 columns, and 48173 nonzeros.
Reduced MIP has 2450 binaries, 0 generals, 0 SOSs, and 0 indicators.
Presolve time = 0.03 sec. (30.23 ticks)
Represolve time = 0.09 sec. (86.26 ticks)
   3247     0   161128.2097   189   243217.0000      Cuts: 47   507826   25.50%
*  3247+    0                       241280.0000   181193.0641            24.90%
   3247     0   161228.9221   192   241280.0000      Cuts: 44   507946   24.90%
   3247     0   161795.9906   188   241280.0000      Cuts: 64   508235   24.90%
   3247     0   162004.9520   186   241280.0000      Cuts: 48   508401   24.90%
   3247     0   162514.3862   220   241280.0000      Cuts: 70   508649   24.90%
   3247     2   162514.3862   220   241280.0000   181193.0641   508649   24.90%
Elapsed time = 69.12 sec. (25700.61 ticks, tree = 0.02 MB, solutions = 15)
   3249     3   171062.9904   158   241280.0000   181193.0641   509613   24.90%
   3276    16   177375.6425   164   241280.0000   181193.0641   513271   24.90%
   3315    51   178027.8885   164   241280.0000   181193.0641   527562   24.90%
   3388   118   198708.2143   141   241280.0000   181193.0641   547518   24.90%
   3475   171   228734.2143   127   241280.0000   181193.0641   559637   24.90%
   3570   248   205296.1311   156   241280.0000   181193.0641   573624   24.90%
   3712   330   237006.5000   173   241280.0000   181193.0641   587677   24.90%
   3870   446   203281.7500   163   241280.0000   181193.0641   606434   24.90%
   4052   523   222561.6471   144   241280.0000   181193.0641   618533   24.90%
   4294   749   222233.8333   109   241280.0000   181193.0641   658236   24.90%
Elapsed time = 103.97 sec. (35618.63 ticks, tree = 4.29 MB, solutions = 15)
   4493   879   202808.1358   188   241280.0000   181193.0641   678064   24.90%
   4739  1119   215013.2101   186   241280.0000   181193.0641   715514   24.90%
   4982  1245   174491.0841   149   241280.0000   181193.0641   727103   24.90%
   5183  1525   222923.5285   201   241280.0000   181193.0641   761551   24.90%
   5405  1704   228420.4628   171   241280.0000   181193.0641   795772   24.90%
   5564  1924   230250.2157   194   241280.0000   181193.0641   835642   24.90%
   5758  2001   220087.6500   143   241280.0000   181193.0641   853086   24.90%
   5998  2159   192449.5941   163   241280.0000   181193.0641   887709   24.90%
   6230  2453   189928.5200   207   241280.0000   181193.0641   942065   24.90%
   6425  2589   204947.3077   167   241280.0000   181193.0641   960633   24.90%
Elapsed time = 141.60 sec. (45235.43 ticks, tree = 8.44 MB, solutions = 15)
   6643  2794   222601.0400   163   241280.0000   181193.0641  1004296   24.90%
   6898  2915   214235.7500   147   241280.0000   181193.0641  1025539   24.90%
   7090  3181   231871.2500    97   241280.0000   181193.0641  1067838   24.90%
   7284  3370   227918.8922   167   241280.0000   181193.0641  1099726   24.90%

Performing restart 2

Repeating presolve.
Tried aggregator 1 time.
MIP Presolve eliminated 490 rows and 43 columns.
Reduced MIP has 15601 rows, 2407 columns, and 59943 nonzeros.
Reduced MIP has 2407 binaries, 0 generals, 0 SOSs, and 0 indicators.
Presolve time = 0.10 sec. (77.87 ticks)
Tried aggregator 1 time.
Reduced MIP has 15601 rows, 2407 columns, and 59943 nonzeros.
Reduced MIP has 2407 binaries, 0 generals, 0 SOSs, and 0 indicators.
Presolve time = 0.06 sec. (45.10 ticks)
Represolve time = 0.21 sec. (159.29 ticks)
   7320     0   164585.2732   224   241280.0000      Cuts: 40  1132802   24.90%
   7320     0   165162.5948   218   241280.0000      Cuts: 44  1133023   24.90%
   7320     0   165500.9385   212   241280.0000      Cuts: 70  1133202   24.90%
   7320     0   165802.3168   219   241280.0000      Cuts: 60  1133384   24.90%
   7320     0   166041.5974   217   241280.0000      Cuts: 66  1133540   24.90%
   7320     0   166337.8588   214   241280.0000      Cuts: 67  1133675   24.90%
   7320     0   166623.3541   180   241280.0000      Cuts: 64  1133804   24.90%
   7320     0   166946.5299   209   241280.0000      Cuts: 74  1133963   24.90%
   7320     0   167095.7084   182   241280.0000      Cuts: 53  1134046   24.90%
   7320     0   167236.2061   213   241280.0000      Cuts: 72  1134153   24.90%
   7320     0   167359.2636   210   241280.0000      Cuts: 20  1134213   24.90%

Repeating presolve.
Tried aggregator 1 time.
MIP Presolve eliminated 381 rows and 37 columns.
Reduced MIP has 15220 rows, 2370 columns, and 58456 nonzeros.
Reduced MIP has 2370 binaries, 0 generals, 0 SOSs, and 0 indicators.
Presolve time = 0.07 sec. (72.11 ticks)
Tried aggregator 1 time.
Reduced MIP has 15220 rows, 2370 columns, and 58456 nonzeros.
Reduced MIP has 2370 binaries, 0 generals, 0 SOSs, and 0 indicators.
Presolve time = 0.04 sec. (43.91 ticks)
Represolve time = 0.14 sec. (151.96 ticks)
   7320     0   167570.3462   214   241280.0000      Cuts: 78  1137449   24.90%
   7320     0   167702.6779   214   241280.0000      Cuts: 97  1137557   24.90%
   7320     0   167855.7106   215   241280.0000      Cuts: 74  1137702   24.90%
   7320     0   167974.4251   188   241280.0000      Cuts: 47  1137802   24.90%
   7320     0   168085.2808   215   241280.0000      Cuts: 64  1137880   24.90%
   7320     0   168222.4463   215   241280.0000      Cuts: 68  1137963   24.90%
*  7320+    0                       240024.0000   181193.0641            24.51%
   7320     0   168327.8727   215   240024.0000      Cuts: 52  1138044   24.51%
   7320     2   168327.8727   215   240024.0000   181193.0641  1138044   24.51%
   7331    12   176703.7453   186   240024.0000   181193.0641  1139575   24.51%
   7362    28   193908.7467   150   240024.0000   181193.0641  1146920   24.51%
   7397    66   180736.1427   196   240024.0000   181193.0641  1160242   24.51%
   7476   144   193211.5862   161   240024.0000   181193.0641  1176105   24.51%
   7565   200   218185.1667   123   240024.0000   181193.0641  1190553   24.51%
Elapsed time = 205.91 sec. (70135.08 ticks, tree = 2.08 MB, solutions = 16)
   7680   287   220001.8846   142   240024.0000   181193.0641  1203247   24.51%
   7813   314   199239.2714   169   240024.0000   181193.0641  1207847   24.51%
   8007   460   235047.7469   151   240024.0000   181193.0641  1237941   24.51%
   8168   497   217521.6672   185   240024.0000   181193.0641  1243831   24.51%
   8364   734   221203.9718   157   240024.0000   181193.0641  1291801   24.51%
   8532   798   231361.9500   134   240024.0000   181193.0641  1304851   24.51%
   8784  1028   236653.0000   135   240024.0000   181193.0641  1346335   24.51%
   8994  1182   227165.4921   155   240024.0000   181193.0641  1369191   24.51%
   9267  1498   225886.5171   149   240024.0000   181193.0641  1413302   24.51%
   9480  1610   203298.7492   156   240024.0000   181193.0641  1430461   24.51%
Elapsed time = 242.73 sec. (79705.76 ticks, tree = 6.09 MB, solutions = 16)
   9623  1834   213236.8462   129   240024.0000   181193.0641  1463332   24.51%
   9786  1972        cutoff         240024.0000   181193.0641  1496676   24.51%
  10008  2063   203708.8421   121   240024.0000   181193.0641  1515509   24.51%
  10224  2314   201229.3885   159   240024.0000   181193.0641  1557849   24.51%
  10409  2479   209410.4749   150   240024.0000   181193.0641  1586656   24.51%
  10660  2667   236297.3636   137   240024.0000   181193.0641  1613977   24.51%
  10843  2757   221009.5172   142   240024.0000   181193.0641  1631526   24.51%
  11130  2979   237464.5729   158   240024.0000   181193.0641  1672383   24.51%
  11339  3223   239479.3846   121   240024.0000   181606.4355  1704870   24.34%
  11543  3427   209842.7730   194   240024.0000   182019.0629  1737622   24.17%
Elapsed time = 282.09 sec. (89303.26 ticks, tree = 11.43 MB, solutions = 16)
  11704  3561   202684.9091   146   240024.0000   182019.0629  1756742   24.17%
  11930  3805   225609.9091   138   240024.0000   182305.8596  1798812   24.05%
  12153  3894   217888.3636   127   240024.0000   182351.3470  1814540   24.03%
  12325  4222   238725.8802   222   240024.0000   183151.6195  1866266   23.69%
  12514  4275   225750.4282   176   240024.0000   184176.3393  1884878   23.27%
  12740  4490   218325.9167   127   240024.0000   184542.3620  1924197   23.12%
  12940  4722   225344.8571   103   240024.0000   184629.0431  1956309   23.08%
* 12967+ 4722                       234904.0000   185363.8496            21.09%
* 12996+ 4063                       234532.0000   185363.8496            20.96%
  13158  4056   228259.9527   190   234532.0000   185535.2222  1984988   20.89%
  13384  4168   227503.7692   136   234532.0000   185580.1436  2006013   20.87%
  13529  4357   227145.4519   186   234532.0000   186347.6649  2044257   20.54%
Elapsed time = 321.57 sec. (98865.47 ticks, tree = 13.18 MB, solutions = 18)
  13723  4489   205734.1822   195   234532.0000   186498.7603  2074446   20.48%
  13907  4714   220116.0455   133   234532.0000   186895.3029  2122292   20.31%
  14079  4791   211114.7424   156   234532.0000   186896.5793  2140155   20.31%
  14250  4974   229760.4167   121   234532.0000   187301.3556  2175428   20.14%
  14436  5126   232681.0746   164   234532.0000   187431.4054  2211455   20.08%
  14680  5259   223505.0049   170   234532.0000   187725.9654  2234731   19.96%
  14876  5401   213171.3750   140   234532.0000   188018.8389  2263264   19.83%
  15039  5592   207330.8821   136   234532.0000   188102.0466  2302126   19.80%
  15240  5773   213478.0488   136   234532.0000   188808.6398  2339950   19.50%
  15487  5943   230170.8269   142   234532.0000   188808.6398  2373262   19.50%
Elapsed time = 362.26 sec. (108424.70 ticks, tree = 17.55 MB, solutions = 18)
  15690  6044   203293.6550   212   234532.0000   188808.6398  2381243   19.50%
  15861  6086   226033.6772   172   234532.0000   188808.6398  2388348   19.50%
* 15965+ 6314                       233498.0000   189847.9962            18.69%
  16007  6296   227150.5251   198   233498.0000   189847.9962  2429373   18.69%
  16168  6177   229155.3598   159   233498.0000   189921.8059  2460415   18.66%
  16359  6295   223960.2308   136   233498.0000   190390.7717  2488465   18.46%
  16575  6560   232282.8571   153   233498.0000   190845.7334  2549857   18.27%
  16755  6591   209126.3915   145   233498.0000   190927.0268  2558904   18.23%
  16964  6834   225160.1324   131   233498.0000   191342.3290  2606014   18.05%
  17150  7018   228608.3000   130   233498.0000   191342.3290  2639024   18.05%
  17870  7650   217806.3734   241   233498.0000   192646.5168  2792789   17.50%
Elapsed time = 415.27 sec. (120871.38 ticks, tree = 22.26 MB, solutions = 19)
  18848  8202   231723.0170   157   233498.0000   193744.5226  2899604   17.03%
  19881  9152   206599.4911   203   233498.0000   194885.4857  3084926   16.54%
  20857  9695   227692.0000   120   233498.0000   195598.8037  3204920   16.23%
  21925 10393   225887.1754   136   233498.0000   196404.3143  3342481   15.89%
  22882 11364   230292.6757   145   233498.0000   197182.3885  3543563   15.55%
* 23113+11525                       232956.0000   197391.0647            15.27%
  23817 11765   223073.0928   153   232956.0000   197637.4421  3694679   15.16%
  24874 12627   208403.5495   154   232956.0000   198475.9451  3858171   14.80%
  25829 13125   220871.5851   158   232956.0000   198954.8221  3952560   14.60%
  26808 14095   216871.0091   161   232956.0000   199446.8478  4147387   14.38%
  27892 14724   215512.2308   170   232956.0000   200097.0667  4283000   14.11%
Elapsed time = 553.05 sec. (159052.09 ticks, tree = 42.26 MB, solutions = 20)
  28845 15522   215480.5938   155   232956.0000   200530.8179  4437388   13.92%
  29776 16277   211826.2619   152   232956.0000   201081.9600  4610272   13.68%
  30726 16962   221791.6133   142   232956.0000   201654.3537  4779981   13.44%
  31698 17358   229414.5190   143   232956.0000   202048.5714  4875360   13.27%
  32632 18250   222154.2368   170   232956.0000   202588.3750  5087670   13.04%
  33564 18956   215767.6667   137   232956.0000   202944.6000  5256620   12.88%
* 34028 19134      integral     0   232458.0000   203247.9801  5296862   12.57%
  34521 19300        cutoff         232458.0000   203366.9479  5417889   12.51%
  35448 19946   222329.3740   142   232458.0000   203912.3815  5586676   12.28%
  36478 20272   227814.3519   131   232458.0000   204247.3684  5672973   12.14%
  37397 21242        cutoff         232458.0000   204703.3000  5906851   11.94%
Elapsed time = 693.97 sec. (197222.48 ticks, tree = 61.33 MB, solutions = 21)
  38266 21605   226837.1196   177   232458.0000   205057.4000  6011486   11.79%
* 39165+21910                       232125.0000   205272.5556            11.57%
  39182 22157   230720.1579   145   232125.0000   205272.5556  6151120   11.57%
  40094 22656   228031.3006   184   232125.0000   205585.6806  6386688   11.43%
  41103 23009   226508.3333   145   232125.0000   205907.3956  6483835   11.29%
  42098 23435   227410.4625   231   232125.0000   206146.1143  6608590   11.19%
  43070 24219   223261.5785   159   232125.0000   206478.8033  6805280   11.05%
  44088 24784   232085.5938   147   232125.0000   206685.6923  6953139   10.96%
  45036 25575   212192.9881   162   232125.0000   207009.3812  7159925   10.82%
  46001 25908   220972.2766   167   232125.0000   207264.3247  7266130   10.71%
  46999 26696   228516.1940   145   232125.0000   207464.2667  7467826   10.62%
Elapsed time = 832.07 sec. (235407.54 ticks, tree = 78.06 MB, solutions = 22)
  47972 27139   217600.5775   137   232125.0000   207686.8142  7608187   10.53%
  48997 27815        cutoff         232125.0000   207912.3115  7786776   10.43%
  49999 28317   216061.0735   164   232125.0000   208160.7500  7939818   10.32%
  50843 28816   228846.3398   127   232125.0000   208349.6000  8086301   10.24%
  51848 29467   219573.2857   125   232125.0000   208593.9118  8296693   10.14%
  52892 29878        cutoff         232125.0000   208824.6618  8410524   10.04%
  53788 30626        cutoff         232125.0000   209031.3002  8591156    9.95%
  54677 30890   227989.8409   145   232125.0000   209261.0694  8652231    9.85%
  55485 31651        cutoff         232125.0000   209504.0758  8821777    9.75%
  56451 31964   229378.0000   107   232125.0000   209665.3000  8896725    9.68%
Elapsed time = 978.01 sec. (273575.42 ticks, tree = 217.41 MB, solutions = 22)
  57198 32267   225759.7003   128   232125.0000   209889.5000  8971990    9.58%
  58055 32839   217166.7227   217   232125.0000   210048.7273  9136200    9.51%
  58985 33067   222669.5584   137   232125.0000   210283.5099  9185951    9.41%
  59878 33959        cutoff         232125.0000   210474.9300  9384383    9.33%
  60693 34275   218257.7895   141   232125.0000   210652.4585  9487314    9.25%
  61580 34574   227810.3913   141   232125.0000   210867.5758  9554253    9.16%
* 62368+35075                       231864.0000   210960.2581             9.02%
  62589 34781   213951.0625   134   231864.0000   211010.3857  9692657    8.99%
  63503 35294        cutoff         231864.0000   211210.0000  9810790    8.91%
  64215 35614   230492.6572   123   231864.0000   211376.4286  9903048    8.84%
  65125 35942        cutoff         231864.0000   211533.7826 10002790    8.77%
Elapsed time = 1141.51 sec. (311778.54 ticks, tree = 590.88 MB, solutions = 23)
  66096 36267   228598.5000   116   231864.0000   211711.9217 10092069    8.69%
  66999 36924        cutoff         231864.0000   211927.4286 10270660    8.60%
  67874 37157   223525.8964   168   231864.0000   212071.8636 10340803    8.54%
  68862 37540   229580.9143   146   231864.0000   212273.0000 10448271    8.45%
  69794 37860   220092.1794   162   231864.0000   212433.1000 10539945    8.38%
  70566 38423   224473.7059   131   231864.0000   212590.6885 10668609    8.31%
  71311 38813   220236.5833   128   231864.0000   212756.1160 10777502    8.24%
* 71343+38882                       231809.0000   212756.1160             8.22%
  72222 38934   231727.1895   185   231809.0000   212865.2333 10842668    8.17%
  73170 39455        cutoff         231809.0000   213008.9341 11015953    8.11%
  74108 39810        cutoff         231809.0000   213154.0417 11121209    8.05%
Elapsed time = 1298.42 sec. (349966.32 ticks, tree = 979.02 MB, solutions = 24)
  75045 40158   228915.1250   136   231809.0000   213324.4102 11213887    7.97%
  75959 40614        cutoff         231809.0000   213496.2704 11336331    7.90%
  76991 41284   230790.4047   128   231809.0000   213694.9820 11510474    7.81%
  77910 41566   230739.0393   156   231809.0000   213809.9244 11596246    7.76%
  78774 41836   223167.2473   172   231809.0000   213922.7500 11686252    7.72%
  79624 42088   224366.3137   139   231809.0000   214034.3000 11768973    7.67%
  80615 42254   229575.2945   162   231809.0000   214173.3089 11837644    7.61%
  81618 42812   220812.2655   178   231809.0000   214331.2705 12017422    7.54%
  82455 43091   230698.1250   135   231809.0000   214419.3333 12086281    7.50%
  83344 43387   221608.3536   143   231809.0000   214608.4718 12181133    7.42%
Elapsed time = 1463.41 sec. (388165.76 ticks, tree = 1286.96 MB, solutions = 24)
  84267 43985   230225.9032   133   231809.0000   214760.8571 12379352    7.35%
  85199 44233        cutoff         231809.0000   214872.5000 12455066    7.31%
  86033 44404   228677.9668   141   231809.0000   215005.5883 12503224    7.25%
  86988 44919   222428.4103   152   231809.0000   215147.6000 12707971    7.19%
  87934 45214   229927.0905   168   231809.0000   215262.2143 12769747    7.14%
  88863 45747   231430.5556   139   231809.0000   215412.0000 12927086    7.07%
  89815 45866   230652.8000   127   231809.0000   215525.6250 12991840    7.02%
  90717 46263   223048.0000   140   231809.0000   215631.1371 13133710    6.98%
  91720 46620   230524.9048   134   231809.0000   215774.9752 13254582    6.92%
  92638 46776   230059.8333   119   231809.0000   215889.0000 13305391    6.87%
Elapsed time = 1618.56 sec. (426362.61 ticks, tree = 1621.52 MB, solutions = 24)
  93511 47077   228853.5714   127   231809.0000   216042.0833 13435778    6.80%
  94395 47389   228691.7385   152   231809.0000   216147.3450 13560465    6.76%
  95331 47771        cutoff         231809.0000   216266.7143 13703750    6.70%
  96369 47996   229818.8302   142   231809.0000   216394.2186 13772341    6.65%
  97298 48393        cutoff         231809.0000   216544.5500 13916987    6.58%
  98211 48608   226913.8040   155   231809.0000   216662.4054 13999487    6.53%
  99180 48915        cutoff         231809.0000   216806.7500 14153722    6.47%
 100193 49193   231365.2778   115   231809.0000   216906.5172 14231006    6.43%
 101195 49543   228873.4400   115   231809.0000   217051.5833 14375297    6.37%
 102083 49626   229983.0317   162   231809.0000   217141.5146 14402999    6.33%
Elapsed time = 1773.03 sec. (464559.02 ticks, tree = 1919.42 MB, solutions = 24)
 103041 50098        cutoff         231809.0000   217284.1250 14594541    6.27%
 104111 50227        cutoff         231809.0000   217388.5000 14650017    6.22%
 105097 50466   231123.3867   143   231809.0000   217532.7278 14713371    6.16%
 106036 50676   227251.9130   141   231809.0000   217636.0508 14835228    6.11%
 107003 50948        cutoff         231809.0000   217748.8045 14975840    6.07%
 107993 51383   230904.3683   125   231809.0000   217871.3500 15152554    6.01%
 108951 51401   229505.9058   148   231809.0000   217980.5600 15166065    5.97%
 109868 51712   227738.9271   140   231809.0000   218126.2778 15355887    5.90%
 110853 51849   231591.7742   112   231809.0000   218228.6526 15426771    5.86%
 111804 51963        cutoff         231809.0000   218337.8522 15498718    5.81%
Elapsed time = 1927.05 sec. (502739.93 ticks, tree = 2121.54 MB, solutions = 24)
Nodefile size = 72.44 MB (43.67 MB after compression)
 112755 52231   228680.9845   157   231809.0000   218445.1667 15586834    5.77%
 113679 52587        cutoff         231809.0000   218567.5000 15759690    5.71%
 114617 52697   230386.6041   154   231809.0000   218669.7067 15845711    5.67%
 115625 52993        cutoff         231809.0000   218796.0939 16014041    5.61%
 116682 53161   223048.7156   145   231809.0000   218897.1016 16074577    5.57%
 117666 53429        cutoff         231809.0000   218996.4921 16195353    5.53%
 118523 53568   225888.6744   144   231809.0000   219093.5000 16267230    5.49%
 119465 53679   226471.5019   145   231809.0000   219191.6634 16407598    5.44%
 120510 53714   226179.8707   158   231809.0000   219279.3043 16507013    5.41%
 121476 53862   228177.3750   139   231809.0000   219380.6154 16588263    5.36%
Elapsed time = 2079.34 sec. (540905.36 ticks, tree = 2366.06 MB, solutions = 24)
Nodefile size = 308.53 MB (187.12 MB after compression)
 122408 53993        cutoff         231809.0000   219481.4511 16722487    5.32%
 123339 54147   231672.7662   137   231809.0000   219574.7408 16849921    5.28%
 124353 54366        cutoff         231809.0000   219716.3083 17012262    5.22%
 125374 54395   231295.5704   135   231809.0000   219822.7671 17038557    5.17%
*126204+54508                       231462.0000   219918.3000             4.99%
 126259 53596   230233.6645   197   231462.0000   219918.3000 17227554    4.99%
 127153 54568        cutoff         231462.0000   219999.0000 17233434    4.95%
 128189 53712        cutoff         231462.0000   220086.6809 17381427    4.91%
 129312 53808        cutoff         231462.0000   220184.3827 17469662    4.87%
 130273 53906   226250.6667   107   231462.0000   220314.3392 17595781    4.82%
 131240 53966        cutoff         231462.0000   220416.3352 17726040    4.77%
Elapsed time = 2235.28 sec. (579092.19 ticks, tree = 2512.36 MB, solutions = 25)
Nodefile size = 463.05 MB (281.86 MB after compression)
 132198 54060   225178.2243   148   231462.0000   220509.1705 17839328    4.73%
 133268 54145        cutoff         231462.0000   220603.0500 17904591    4.69%
 134252 54234        cutoff         231462.0000   220697.7497 18067802    4.65%
 135173 54232   229675.6024   151   231462.0000   220820.0121 18079357    4.60%
 136181 54258   229623.7814   186   231462.0000   220943.7485 18202021    4.54%
 137258 54221        cutoff         231462.0000   221030.9730 18336114    4.51%
 138344 54266   227604.6508   208   231462.0000   221143.3944 18452079    4.46%
 139314 54306        cutoff         231462.0000   221242.6852 18633776    4.42%
 140306 54305        cutoff         231462.0000   221366.4075 18663578    4.36%
 141363 54269   224312.3000   122   231462.0000   221453.0000 18821208    4.32%
Elapsed time = 2387.50 sec. (617267.67 ticks, tree = 2605.18 MB, solutions = 25)
Nodefile size = 565.31 MB (344.15 MB after compression)
 142352 54180        cutoff         231462.0000   221543.4706 18918372    4.29%
 143452 54242   230298.0714   123   231462.0000   221652.9288 18998916    4.24%
 144469 54252   228762.4476   174   231462.0000   221761.0000 19099245    4.19%
 145478 54155        cutoff         231462.0000   221875.5000 19278868    4.14%
 146628 54092        cutoff         231462.0000   221999.4566 19363808    4.09%
 147818 54075   230546.3148   139   231462.0000   222080.9750 19462942    4.05%
 148877 53986   229440.7778   147   231462.0000   222185.4490 19570571    4.01%
 149825 53946   230073.1667   167   231462.0000   222303.0000 19687022    3.96%
 150868 53855   226568.3542   131   231462.0000   222426.0000 19786684    3.90%
 152030 53722        cutoff         231462.0000   222516.8676 19925867    3.86%
Elapsed time = 2537.81 sec. (655462.89 ticks, tree = 2686.12 MB, solutions = 25)
Nodefile size = 648.86 MB (395.37 MB after compression)
 153168 53658        cutoff         231462.0000   222635.5664 19981284    3.81%
 154257 53591   227735.0000   122   231462.0000   222730.4964 20048882    3.77%
 155291 53453   230043.2857   110   231462.0000   222821.0889 20197167    3.73%
 156381 53103        cutoff         231462.0000   222937.9057 20376129    3.68%
 157497 53003   229962.7225   134   231462.0000   223050.3333 20429253    3.63%
 158581 52844   230629.1287   143   231462.0000   223152.0000 20511401    3.59%
 159603 52444        cutoff         231462.0000   223261.2500 20655504    3.54%
 160694 52334        cutoff         231462.0000   223372.0000 20715403    3.50%
 161873 51998        cutoff         231462.0000   223446.5690 20844452    3.46%
 163091 51616        cutoff         231462.0000   223572.2456 20999749    3.41%
Elapsed time = 2688.17 sec. (693631.65 ticks, tree = 2642.24 MB, solutions = 25)
Nodefile size = 661.39 MB (403.05 MB after compression)
 164208 51349        cutoff         231462.0000   223712.3856 21094118    3.35%
 165284 50957   229933.7857   106   231462.0000   223833.0714 21224685    3.30%
 166487 50601        cutoff         231462.0000   223920.2667 21345379    3.26%
 167697 50305   229347.1111   135   231462.0000   224011.7486 21442329    3.22%
 168871 49879        cutoff         231462.0000   224102.7083 21537917    3.18%
 169992 49447        cutoff         231462.0000   224247.5198 21666967    3.12%
 171141 49361        cutoff         231462.0000   224366.0000 21695039    3.07%
 172427 48621   226348.3833   129   231462.0000   224458.4615 21877390    3.03%
 173745 48347        cutoff         231462.0000   224560.2752 21942461    2.98%
 174939 47999   228840.6742   149   231462.0000   224677.8440 22010232    2.93%
Elapsed time = 2838.01 sec. (731800.05 ticks, tree = 2514.41 MB, solutions = 25)
Nodefile size = 661.39 MB (403.05 MB after compression)
 176112 47126   231458.5469   154   231462.0000   224777.6667 22187458    2.89%
 177364 47052        cutoff         231462.0000   224888.9832 22215166    2.84%
 178680 46316        cutoff         231462.0000   225004.8028 22380113    2.79%
 179992 45723        cutoff         231462.0000   225113.9375 22483570    2.74%
 181316 45347        cutoff         231462.0000   225231.0682 22537542    2.69%
 182598 44866        cutoff         231462.0000   225331.8333 22609735    2.65%
 183985 44260        cutoff         231462.0000   225457.6775 22725983    2.59%
 185404 42962   228823.9000   136   231462.0000   225583.5833 22920785    2.54%
 186806 42714        cutoff         231462.0000   225710.5245 22951216    2.48%
 188152 41729   230519.5852   143   231462.0000   225862.9762 23078890    2.42%
Elapsed time = 2989.10 sec. (769979.22 ticks, tree = 2244.29 MB, solutions = 25)
Nodefile size = 661.39 MB (403.05 MB after compression)
 189535 41240        cutoff         231462.0000   226014.1429 23154629    2.35%
 190992 39786        cutoff         231462.0000   226153.7391 23349660    2.29%
 192464 38571        cutoff         231462.0000   226312.2361 23469304    2.22%
 194005 37495        cutoff         231462.0000   226547.6782 23563412    2.12%
 195597 36846        cutoff         231462.0000   226676.7801 23618564    2.07%
 197254 35541   229153.6000   118   231462.0000   226906.3761 23731675    1.97%
 198980 34266        cutoff         231462.0000   227077.3333 23825434    1.89%
 200717 32726        cutoff         231462.0000   227270.7689 23923095    1.81%
 202487 31540        cutoff         231462.0000   227443.0214 23999147    1.74%
 204296 30857        cutoff         231462.0000   227615.3627 24037651    1.66%
Elapsed time = 3124.54 sec. (808148.83 ticks, tree = 1686.79 MB, solutions = 25)
Nodefile size = 661.39 MB (403.05 MB after compression)
 206212 29119        cutoff         231462.0000   227818.7500 24137385    1.57%
 208107 27466        cutoff         231462.0000   228009.5813 24224413    1.49%
 210044 25782        cutoff         231462.0000   228229.9000 24302939    1.40%
 212067 23999        cutoff         231462.0000   228460.7647 24375085    1.30%
 214194 21900        cutoff         231462.0000   228688.5825 24453882    1.20%
 216360 19970        cutoff         231462.0000   228906.7500 24516119    1.10%
 218693 17830        cutoff         231462.0000   229147.1348 24578266    1.00%
 220892 15711        cutoff         231462.0000   229390.1667 24629907    0.90%
 223052 13776        cutoff         231462.0000   229620.5000 24672779    0.80%
Starting limited solution polishing.
 225257 11473        cutoff         231462.0000   229854.3333 24715434    0.69%
Elapsed time = 3249.53 sec. (846313.14 ticks, tree = 484.54 MB, solutions = 25)
Nodefile size = 302.98 MB (184.04 MB after compression)
 227561  9407        cutoff         231462.0000   230119.4681 24746618    0.58%
 229963  6872        cutoff         231462.0000   230398.5000 24775608    0.46%
 232440  4384        cutoff         231462.0000   230721.5531 24797455    0.32%
 234946  1740        cutoff         231462.0000   231119.0000 24812515    0.15%

Zero-half cuts applied:  390
Lift and project cuts applied:  407
Gomory fractional cuts applied:  2

Root node processing (before b&c):
  Real time             =   11.44 sec. (5997.69 ticks)
Parallel b&c, 8 threads:
  Real time             = 3300.61 sec. (857915.13 ticks)
  Sync time (average)   =  343.14 sec.
  Wait time (average)   =    0.01 sec.
                          ------------
Total (root+branch&cut) = 3312.05 sec. (863912.82 ticks)
Status: Optimal
Obj: 231462

Instalacoes abertas:
Instalação 1 aberta
Instalação 4 aberta
Instalação 8 aberta
Instalação 9 aberta
Instalação 20 aberta
Instalação 22 aberta
Instalação 47 aberta

Atribuições (cliente -> instalação):
Cliente 0 -> Instalação 47
Cliente 1 -> Instalação 4
Cliente 2 -> Instalação 20
Cliente 3 -> Instalação 9
Cliente 4 -> Instalação 4
Cliente 5 -> Instalação 1
Cliente 6 -> Instalação 4
Cliente 7 -> Instalação 9
Cliente 8 -> Instalação 8
Cliente 9 -> Instalação 9
Cliente 10 -> Instalação 1
Cliente 11 -> Instalação 9
Cliente 12 -> Instalação 8
Cliente 13 -> Instalação 8
Cliente 14 -> Instalação 1
Cliente 15 -> Instalação 1
Cliente 16 -> Instalação 4
Cliente 17 -> Instalação 20
Cliente 18 -> Instalação 20
Cliente 19 -> Instalação 8
Cliente 20 -> Instalação 4
Cliente 21 -> Instalação 9
Cliente 22 -> Instalação 22
Cliente 23 -> Instalação 20
Cliente 24 -> Instalação 8
Cliente 25 -> Instalação 47
Cliente 26 -> Instalação 47
Cliente 27 -> Instalação 22
Cliente 28 -> Instalação 8
Cliente 29 -> Instalação 47
Cliente 30 -> Instalação 9
Cliente 31 -> Instalação 9
Cliente 32 -> Instalação 20
Cliente 33 -> Instalação 20
Cliente 34 -> Instalação 47
Cliente 35 -> Instalação 4
Cliente 36 -> Instalação 20
Cliente 37 -> Instalação 9
Cliente 38 -> Instalação 8
Cliente 39 -> Instalação 20
Cliente 40 -> Instalação 8
Cliente 41 -> Instalação 1
Cliente 42 -> Instalação 4
Cliente 43 -> Instalação 47
Cliente 44 -> Instalação 8
Cliente 45 -> Instalação 4
Cliente 46 -> Instalação 20
Cliente 47 -> Instalação 4
Cliente 48 -> Instalação 4
Cliente 49 -> Instalação 4
