Version identifier: 22.1.1.0 | 2022-11-28 | 9160aff4d
CPXPARAM_TimeLimit                               3600
Tried aggregator 1 time.
MIP Presolve eliminated 50 rows and 1 columns.
Reduced MIP has 33150 rows, 3162 columns, and 99350 nonzeros.
Reduced MIP has 3162 binaries, 0 generals, 0 SOSs, and 0 indicators.
Presolve time = 0.05 sec. (46.69 ticks)
Found incumbent of value 2.5773271e+07 after 0.06 sec. (59.32 ticks)
Probing time = 0.01 sec. (6.75 ticks)
Tried aggregator 1 time.
Detecting symmetries...
Reduced MIP has 33150 rows, 3162 columns, and 99350 nonzeros.
Reduced MIP has 3162 binaries, 0 generals, 0 SOSs, and 0 indicators.
Presolve time = 0.07 sec. (56.41 ticks)
Probing time = 0.02 sec. (6.75 ticks)
Clique table members: 2500.
MIP emphasis: balance optimality and feasibility.
MIP search method: dynamic search.
Parallel mode: deterministic, using up to 8 threads.
Root relaxation solution time = 0.13 sec. (48.68 ticks)

        Nodes                                         Cuts/
   Node  Left     Objective  IInf  Best Integer    Best Bound    ItCnt     Gap

*     0+    0                       2.57733e+07        0.0000           100.00%
*     0+    0                       1.88753e+07        0.0000           100.00%
*     0+    0                      1686330.0000        0.0000           100.00%
*     0+    0                      1401120.0000        0.0000           100.00%
      0     0    93774.0000   100  1401120.0000    93774.0000      174   93.31%
*     0+    0                      1049451.0000    93774.0000            91.06%
      0     0   106217.5000   100  1049451.0000    Cuts: 1438      368   89.88%
*     0+    0                       676222.0000   106217.5000            84.29%
      0     0   118774.0000    98   676222.0000    Cuts: 1461      708   82.44%
      0     0   131127.8529   220   676222.0000     Cuts: 585     2156   80.61%
*     0+    0                       562666.0000   131127.8529            76.70%
      0     0  -1.00000e+75     0   562666.0000   131127.8529     2156   76.70%
*     0+    0                       446304.0000   131127.8529            70.62%
      0     0   136152.2846   220   446304.0000 ZeroHalf: 435     2683   69.49%
      0     0   142805.7004   186   446304.0000     Cuts: 680     3427   68.00%
Detecting symmetries...
      0     0   146659.6898   186   446304.0000     Cuts: 304     3843   67.14%
      0     0   150752.2871   203   446304.0000     Cuts: 291     4339   66.22%
      0     0   152927.0022   239   446304.0000     Cuts: 183     4825   65.73%
      0     0   153960.1568   219   446304.0000     Cuts: 182     5091   65.50%
      0     0   155627.5043   185   446304.0000     Cuts: 387     5424   65.13%
      0     0   157275.1456   187   446304.0000      Cuts: 84     5730   64.76%
      0     0   158445.7178   178   446304.0000     Cuts: 103     6092   64.50%
*     0+    0                       432610.0000   158445.7178            63.37%
      0     0   159661.2752   208   432610.0000     Cuts: 113     6461   63.09%
      0     0   161012.5793   175   432610.0000     Cuts: 260     6769   62.78%
      0     0   162212.6979   182   432610.0000     Cuts: 106     7087   62.50%
      0     0   162946.0431   182   432610.0000     Cuts: 146     7346   62.33%
      0     0   163744.1615   180   432610.0000      Cuts: 90     7645   62.15%
      0     0   164428.5587   183   432610.0000      Cuts: 75     7902   61.99%
      0     0   165271.3944   175   432610.0000      Cuts: 70     8159   61.80%
      0     0   165864.5063   184   432610.0000      Cuts: 92     8409   61.66%
      0     0   166441.2413   205   432610.0000      Cuts: 78     8594   61.53%
      0     0   166832.8470   210   432610.0000      Cuts: 58     8774   61.44%
      0     0   167428.1528   181   432610.0000     Cuts: 178     9073   61.30%
      0     0   167741.5537   179   432610.0000      Cuts: 31     9227   61.23%
      0     0   168186.6184   185   432610.0000      Cuts: 42     9408   61.12%
      0     0   168449.5002   174   432610.0000      Cuts: 39     9523   61.06%
      0     0   168661.7199   178   432610.0000      Cuts: 44     9632   61.01%
      0     0   168981.1085   205   432610.0000      Cuts: 39     9772   60.94%
      0     0   169093.2311   198   432610.0000      Cuts: 36     9851   60.91%
*     0+    0                       429296.0000   169093.2311            60.61%
      0     0   169400.7950   201   429296.0000      Cuts: 19    10017   60.54%
      0     0   169949.2322   201   429296.0000     Cuts: 262    10263   60.41%
      0     0   170613.4615   218   429296.0000     Cuts: 111    10516   60.26%
      0     0   170861.6754   209   429296.0000      Cuts: 46    10617   60.20%
      0     0   171212.3641   211   429296.0000      Cuts: 34    10726   60.12%
      0     0   171629.0000   203   429296.0000      Cuts: 44    10914   60.02%
      0     0   171823.5559   199   429296.0000      Cuts: 31    11033   59.98%
      0     0   172177.2888   202   429296.0000      Cuts: 67    11198   59.89%
      0     0   172565.1833   198   429296.0000      Cuts: 68    11384   59.80%
      0     0   172996.3933   201   429296.0000     Cuts: 149    11634   59.70%
      0     0   173423.5406   205   429296.0000      Cuts: 50    11837   59.60%
      0     0   173620.0529   199   429296.0000      Cuts: 31    12007   59.56%
      0     0   173760.6446   202   429296.0000      Cuts: 38    12115   59.52%
      0     0   173904.3848   200   429296.0000      Cuts: 21    12221   59.49%
      0     0   174306.3395   191   429296.0000      Cuts: 36    12468   59.40%
      0     0   174641.6801   204   429296.0000     Cuts: 166    12671   59.32%
      0     0   174805.1446   204   429296.0000      Cuts: 47    12813   59.28%
      0     0   175055.6349   209   429296.0000      Cuts: 37    13015   59.22%
      0     0   175211.5900   203   429296.0000  ZeroHalf: 15    13105   59.19%
      0     0   175398.5302   217   429296.0000     Cuts: 117    13273   59.14%
      0     0   175649.5010   215   429296.0000  ZeroHalf: 37    13431   59.08%
      0     0   175820.4026   194   429296.0000      Cuts: 41    13573   59.04%
      0     0   175974.6474   214   429296.0000      Cuts: 97    13705   59.01%
      0     0   176063.2649   206   429296.0000      Cuts: 71    13805   58.99%
      0     0   176229.8371   197   429296.0000      Cuts: 76    13929   58.95%
      0     0   176420.4929   216   429296.0000      Cuts: 44    14098   58.90%
      0     0   176517.9616   210   429296.0000      Cuts: 32    14269   58.88%
Detecting symmetries...
      0     2   176517.9616   210   429296.0000   176517.9616    14269   58.88%
Elapsed time = 33.93 sec. (11651.96 ticks, tree = 0.02 MB, solutions = 10)
      3     3   190798.4923   174   429296.0000   176519.7818    15077   58.88%
     14    11   201003.3728   176   429296.0000   176567.9186    17600   58.87%
     31    31   197404.7863   154   429296.0000   176567.9186    24498   58.87%
     43    36   210402.7938   148   429296.0000   176567.9186    26492   58.87%
     60    54   198146.6133   169   429296.0000   176952.8886    33968   58.78%
     70    62   218445.4056   150   429296.0000   181366.4026    38258   57.75%
     87    81   248029.0000    87   429296.0000   181366.4026    44581   57.75%
    110    98   279004.3125   135   429296.0000   181366.4026    49858   57.75%
    150   129   360221.9167   105   429296.0000   181366.4026    54897   57.75%
*   280   249      integral     0   424725.0000   181366.4026    74663   57.30%
    361   251   200037.5214   178   424725.0000   181366.4026    75338   57.30%
Elapsed time = 52.65 sec. (14912.18 ticks, tree = 2.58 MB, solutions = 11)
*   519   407      integral     0   408783.0000   181366.4026    97835   55.63%
    565   434   218882.7584   154   408783.0000   181366.4026   104685   55.63%
    674   549   255071.5982   154   408783.0000   188960.8199   129192   53.77%
    904   718   371459.4167   112   408783.0000   188960.8199   161403   53.77%
   1148   913   222592.4993   158   408783.0000   188960.8199   183976   53.77%
   1308  1095   254974.8006   155   408783.0000   189521.4606   200813   53.64%
   1465  1248   283805.4500   154   408783.0000   189521.4606   218674   53.64%
   1659  1444   349481.1922   165   408783.0000   189521.4606   235676   53.64%

Performing restart 1

Repeating presolve.
Tried aggregator 1 time.
MIP Presolve eliminated 2311 rows and 128 columns.
Reduced MIP has 30839 rows, 3034 columns, and 92417 nonzeros.
Reduced MIP has 3034 binaries, 0 generals, 0 SOSs, and 0 indicators.
Presolve time = 0.04 sec. (45.53 ticks)
Tried aggregator 1 time.
Reduced MIP has 30839 rows, 3034 columns, and 92417 nonzeros.
Reduced MIP has 3034 binaries, 0 generals, 0 SOSs, and 0 indicators.
Presolve time = 0.06 sec. (54.15 ticks)
Represolve time = 0.15 sec. (150.63 ticks)
   1718     0   177078.4022   216   408783.0000      Cuts: 86   252901   53.35%
   1718     0   177857.4949   216   408783.0000      Cuts: 85   253273   53.35%
   1718     0   178353.5321   215   408783.0000      Cuts: 72   253465   53.35%
*  1718+    0                       405904.0000   190678.3342            53.02%
   1718     0  -1.00000e+75     0   405904.0000   190678.3342   253465   53.02%
   1718     0   178879.1761   208   405904.0000      Cuts: 62   253639   53.02%
   1718     0   179520.5479   218   405904.0000      Cuts: 89   253870   53.02%
   1718     0   180163.4829   221   405904.0000      Cuts: 68   254152   53.02%
   1718     2   180163.4829   221   405904.0000   190678.3342   254152   53.02%
   1719     3   180390.4484   206   405904.0000   190678.3342   254280   53.02%
   1722     5   202438.9494   169   405904.0000   190678.3342   255614   53.02%
Elapsed time = 123.25 sec. (36332.92 ticks, tree = 0.02 MB, solutions = 13)
   1727     9   181100.3803   205   405904.0000   190678.3342   256646   53.02%
   1733     8   200188.1749   183   405904.0000   190678.3342   256433   53.02%
   1738    18   201369.2577   183   405904.0000   190678.3342   261204   53.02%
   1744    22   208792.0394   197   405904.0000   190678.3342   263759   53.02%
   1754    19   202178.5254   207   405904.0000   190678.3342   262023   53.02%
   1762    36   195679.0499   191   405904.0000   190678.3342   276820   53.02%
   1768    37   196184.5335   186   405904.0000   190678.3342   277040   53.02%
   1777    49   208744.2422   177   405904.0000   190678.3342   288076   53.02%
   1786    62   210695.0943   171   405904.0000   190678.3342   292245   53.02%
   1803    70   249645.1000   138   405904.0000   190678.3342   295006   53.02%
Elapsed time = 203.29 sec. (46903.02 ticks, tree = 0.63 MB, solutions = 13)
   1829    86   218924.9316   171   405904.0000   190678.3342   300953   53.02%
   1859   100   205261.6916   198   405904.0000   190678.3342   305806   53.02%
   1875    88   234441.3590   179   405904.0000   190678.3342   301173   53.02%
   1894   125   270342.7071   151   405904.0000   190678.3342   313452   53.02%
   1922   103   209132.1981   197   405904.0000   190678.3342   307073   53.02%
   1964   137   322777.5156   143   405904.0000   190678.3342   314819   53.02%
   2001   197   245435.6876   160   405904.0000   190678.3342   332853   53.02%
   2046   300   322133.0000    77   405904.0000   190678.3342   350303   53.02%
   2085   312   233806.9259   162   405904.0000   190678.3342   352432   53.02%
   2129   336   282220.0667   155   405904.0000   190678.3342   356231   53.02%
Elapsed time = 273.57 sec. (56730.12 ticks, tree = 15.54 MB, solutions = 13)
   2178   365   345924.5000    99   405904.0000   190678.3342   356951   53.02%
   2242   397   287242.0137   120   405904.0000   190678.3342   366773   53.02%
   2291   520   294731.1343   142   405904.0000   190678.3342   380140   53.02%
   2344   526   296872.1250   130   405904.0000   190678.3342   380685   53.02%
   2372   559   296235.7075   172   405904.0000   190678.3342   385155   53.02%
   2417   664   359717.6483   121   405904.0000   190678.3342   398609   53.02%
   2483   656   300140.5000   144   405904.0000   190678.3342   398346   53.02%
   2570   679   307920.7222   133   405904.0000   190678.3342   399727   53.02%
   2639   748   309669.9496   137   405904.0000   190678.3342   408526   53.02%
   2720   758   339667.1852   117   405904.0000   190678.3342   409269   53.02%
Elapsed time = 355.88 sec. (66388.99 ticks, tree = 88.53 MB, solutions = 13)
   2787   872   387634.2500    78   405904.0000   190678.3342   416716   53.02%
   2871   994   384586.5000   107   405904.0000   190678.3342   426988   53.02%
   2972  1034   398086.2000    76   405904.0000   190678.3342   431071   53.02%
   3042  1083   286241.7000   147   405904.0000   190678.3342   438646   53.02%
   3102  1155   241654.3585   148   405904.0000   190678.3342   445699   53.02%
   3176  1157   403263.6667   105   405904.0000   190678.3342   442584   53.02%
   3277  1359   326912.2778   128   405904.0000   190678.3342   478375   53.02%
   3360  1240   257179.4692   170   405904.0000   190678.3342   457122   53.02%
   3455  1460   283101.1220   178   405904.0000   190678.3342   499419   53.02%
   3560  1477   325749.5000    86   405904.0000   190678.3342   501530   53.02%
Elapsed time = 424.62 sec. (76021.65 ticks, tree = 228.89 MB, solutions = 13)
   3673  1626   361075.7500    88   405904.0000   190678.3342   522022   53.02%
   3804  1700   394529.9890   130   405904.0000   190678.3342   536761   53.02%
   3918  1926   293766.0526   196   405904.0000   190906.8130   563827   52.97%
   4018  1867   343593.0000   103   405904.0000   190906.8130   559835   52.97%
   4140  1979   261775.4808   182   405904.0000   192073.6029   572814   52.68%
   4269  2124   396751.9500   106   405904.0000   192073.6029   589421   52.68%
   4427  2243   324254.5792   203   405904.0000   192264.2915   602151   52.63%
   4543  2436   306372.9452   182   405904.0000   192264.2915   620316   52.63%
   4665  2420   313625.0623   188   405904.0000   192264.2915   617983   52.63%
   4758  2542   307103.0000   159   405904.0000   192264.2915   627780   52.63%
Elapsed time = 502.51 sec. (85633.26 ticks, tree = 329.03 MB, solutions = 13)
   4875  2691   336756.9299   204   405904.0000   192264.2915   643506   52.63%
   4958  2662   302915.0000   162   405904.0000   192264.2915   642141   52.63%
   5057  2913   351573.2999   157   405904.0000   193095.2371   662078   52.43%
   5171  2974   243629.2985   186   405904.0000   193095.2371   670509   52.43%
   5262  3079   341567.5566   172   405904.0000   194367.6357   677660   52.11%
   5403  3176   275157.4298   188   405904.0000   194367.6357   694564   52.11%
   5547  3453   268048.6575   208   405904.0000   194947.3174   725750   51.97%
   5727  3343   210796.0757   179   405904.0000   194947.3174   710176   51.97%
   5874  3646   345410.9957   169   405904.0000   195071.9728   739178   51.94%
   6060  3910   353857.5029   179   405904.0000   195071.9728   754967   51.94%
Elapsed time = 589.22 sec. (95222.21 ticks, tree = 458.57 MB, solutions = 13)
   6245  3744   329059.7917   161   405904.0000   195071.9728   745878   51.94%
   6422  4250   358316.7372   197   405904.0000   195121.8598   778052   51.93%
   6537  4065   216625.6241   161   405904.0000   195121.8598   768382   51.93%
   6669  4405   364289.1538   206   405904.0000   195439.4043   788331   51.85%
   6775  4689   387919.6190   199   405904.0000   195499.8028   811334   51.84%
   6897  4735   319655.7885   161   405904.0000   195499.8028   816224   51.84%
   7037  4876   299027.6538   190   405904.0000   196186.8209   833106   51.67%
   7194  4881   317018.3088   199   405904.0000   196558.5303   830576   51.58%
   7324  5189   337644.8000   156   405904.0000   196558.5303   861628   51.58%
   7505  5281   275545.2432   145   405904.0000   196558.5303   874805   51.58%
Elapsed time = 671.55 sec. (104830.00 ticks, tree = 574.94 MB, solutions = 13)
   7676  5544   350294.9697   168   405904.0000   196558.5303   890456   51.58%
   7818  5428   303998.7725   180   405904.0000   196558.5303   885969   51.58%
   7953  5758   274386.4870   151   405904.0000   196763.1966   912597   51.52%
   8077  5773   334023.3125   137   405904.0000   197201.9395   914864   51.42%
   8221  6017   258790.5000    85   405904.0000   197215.9614   937580   51.41%
   8373  6083   317324.9667   128   405904.0000   197330.6516   949616   51.38%
   8477  6192   401796.5000    76   405904.0000   197330.6516   960869   51.38%
   8617  6338   327126.9277   191   405904.0000   198874.3317   972708   51.00%
   8757  6549   312418.8696   169   405904.0000   198925.8283   999172   50.99%
   9331  6813   294469.0909   147   405904.0000   198925.8283  1034812   50.99%
Elapsed time = 769.57 sec. (117279.99 ticks, tree = 833.08 MB, solutions = 13)
  10059  7466   398476.5333   156   405904.0000   199317.2749  1080538   50.90%
  10749  8263   312480.4574   164   405904.0000   199377.6419  1148638   50.88%
  11527  8882   402859.5735   153   405904.0000   199833.8325  1181324   50.77%
  12090  9650   328070.9739   195   405904.0000   199835.8270  1246694   50.77%
  12792 10019   366321.4202   203   405904.0000   199835.8270  1275511   50.77%
  13456 10722   386342.5000   136   405904.0000   199835.8270  1325776   50.77%
  14124 11362   281424.9447   168   405904.0000   200961.5281  1377748   50.49%
  14675 12143   332437.0909   147   405904.0000   201014.0938  1438996   50.48%
  15378 12677   242803.7293   188   405904.0000   201523.9271  1495177   50.35%
* 15798 13195      integral     0   400155.0000   201639.5941  1544073   49.61%
* 15833 12958      integral     0   398949.0000   201639.5941  1554998   49.46%
  16010 13120   347159.5583   194   398949.0000   202519.2824  1578959   49.24%
Elapsed time = 1051.96 sec. (155482.65 ticks, tree = 1632.18 MB, solutions = 15)
  16720 13473   392337.0833   174   398949.0000   202661.3360  1616267   49.20%
* 17126+13746                       397494.0000   203000.1471            48.93%
  17216 13816   355854.2571   204   397494.0000   203000.1471  1639122   48.93%
  17681 14330   309223.6200   162   397494.0000   203032.6170  1700364   48.92%
  18235 15051   349237.6667   203   397494.0000   203273.6751  1757591   48.86%
  18692 15393   334350.7500   110   397494.0000   203444.3944  1783470   48.82%
  19451 15688   309398.1463   148   397494.0000   203499.8618  1810611   48.80%
  20047 16409   396683.5546   157   397494.0000   203777.7237  1855593   48.73%
  20698 17167   238595.7385   190   397494.0000   203951.3744  1930215   48.69%
  21307 17635   270315.4643   162   397494.0000   204005.7717  1974659   48.68%
* 21430+18173                       393096.0000   204044.9574            48.09%
  21885 18243   361269.9815   106   393096.0000   204509.5155  2025636   47.97%
Elapsed time = 1307.65 sec. (193729.79 ticks, tree = 2218.10 MB, solutions = 18)
Nodefile size = 153.14 MB (95.71 MB after compression)
  22481 18130   341031.7981   185   393096.0000   204779.4248  2068630   47.91%
  23044 19047   392654.7083   106   393096.0000   205307.4340  2160413   47.77%
  23675 19503   368329.4727   171   393096.0000   205363.8057  2203095   47.76%
  24310 20097   295127.5556   145   393096.0000   205368.9557  2260328   47.76%
* 24373+20188                       382846.0000   205368.9557            46.36%
* 24464+20188                       381823.0000   205991.1152            46.05%
  24930 19222   307164.6018   171   381823.0000   206250.6825  2328488   45.98%
  25478 19351   232827.7323   186   381823.0000   206292.6016  2339048   45.97%
  26013 20378   337474.5306   166   381823.0000   206534.1900  2439322   45.91%
  26708 20948   367391.1711   154   381823.0000   206663.9819  2495390   45.87%
  27306 21206   356154.6957   178   381823.0000   207388.9548  2515236   45.68%
  27848 21896   343728.7143   139   381823.0000   207469.3380  2587021   45.66%
Elapsed time = 1582.49 sec. (231940.87 ticks, tree = 2669.86 MB, solutions = 20)
Nodefile size = 605.63 MB (378.13 MB after compression)
  28466 22255   372556.7322   196   381823.0000   207578.6141  2626714   45.63%
  29057 22955   300796.2240   193   381823.0000   208057.0727  2700143   45.51%
  29713 23668   366858.5556   167   381823.0000   208096.0779  2754319   45.50%
  30212 24244   358066.2229   200   381823.0000   208231.0812  2815428   45.46%
  30895 24890   289075.8721   146   381823.0000   208331.1207  2882652   45.44%
  31437 24893   342222.9260   195   381823.0000   208412.3274  2881252   45.42%
  32033 25828   355272.1953   169   381823.0000   208797.6295  2962916   45.32%
  32589 26266   372092.8910   257   381823.0000   208830.1803  3010298   45.31%
  33049 27136   311704.2084   234   381823.0000   209152.7087  3104912   45.22%
  33766 27559   278803.4276   166   381823.0000   209152.7087  3158028   45.22%
Elapsed time = 1866.69 sec. (270135.40 ticks, tree = 3617.39 MB, solutions = 20)
Nodefile size = 1558.99 MB (971.16 MB after compression)
  34232 27769   348700.1791   196   381823.0000   209263.4086  3172654   45.19%
  34787 28721   367150.5100   169   381823.0000   209263.4086  3251575   45.19%
  35186 28945   260176.5744   214   381823.0000   209786.4930  3277317   45.06%

Performing restart 2

Repeating presolve.
Tried aggregator 1 time.
MIP Presolve eliminated 632 rows and 35 columns.
Reduced MIP has 30207 rows, 2999 columns, and 117778 nonzeros.
Reduced MIP has 2999 binaries, 0 generals, 0 SOSs, and 0 indicators.
Presolve time = 0.15 sec. (153.51 ticks)
Tried aggregator 1 time.
Reduced MIP has 30207 rows, 2999 columns, and 117778 nonzeros.
Reduced MIP has 2999 binaries, 0 generals, 0 SOSs, and 0 indicators.
Presolve time = 0.09 sec. (86.35 ticks)
Represolve time = 0.33 sec. (293.46 ticks)
  35290     0   182347.0835   230   381823.0000      Cuts: 52  3341441   44.99%
  35290     0   182924.9181   220   381823.0000      Cuts: 43  3341612   44.99%
  35290     0   183222.7773   218   381823.0000      Cuts: 54  3341726   44.99%
* 35290+    0                       381786.0000   210023.0156            44.99%
  35290     0   183532.4863   216   381786.0000      Cuts: 51  3341846   44.99%
  35290     0   183769.4765   221   381786.0000      Cuts: 88  3342000   44.99%
  35290     0   184301.1494   208   381786.0000      Cuts: 74  3342168   44.99%
  35290     0   184582.2753   219   381786.0000      Cuts: 92  3342328   44.99%
  35290     0   184775.4055   218   381786.0000      Cuts: 76  3342520   44.99%
  35290     2   184775.4055   218   381786.0000   210023.0156  3342520   44.99%
  35302     7   199312.8077   186   381786.0000   210023.0156  3344777   44.99%
  35329    28   216385.5456   177   381786.0000   210023.0156  3357438   44.99%
  35364    66   234253.3511   147   381786.0000   210023.0156  3374390   44.99%
  35508   131   270447.8750    96   381786.0000   210023.0156  3388935   44.99%
  35666   300   295464.3750    92   381786.0000   210023.0156  3424147   44.99%
  35938   510   315295.0208   132   381786.0000   210023.0156  3452020   44.99%
Elapsed time = 2112.39 sec. (321219.53 ticks, tree = 66.50 MB, solutions = 21)
  36234   725   330350.5600   124   381786.0000   210023.0156  3488430   44.99%
  36659  1114   354493.0000   116   381786.0000   210023.0156  3548241   44.99%
  37058  1370   231825.8840   199   381786.0000   210023.0156  3581830   44.99%
  37607  1779   347544.6250   156   381786.0000   210023.0156  3616227   44.99%
  38105  2316   381517.5000    98   381786.0000   210023.0156  3650173   44.99%
  38509  2823   216387.1610   224   381786.0000   210023.0156  3687276   44.99%
  39021  3233   312375.5134   179   381786.0000   210023.0156  3731972   44.99%
  39727  3862   327202.0000   145   381786.0000   210023.0156  3772491   44.99%
  40249  4457   274514.5061   179   381786.0000   210023.0156  3819236   44.99%
  40964  5161   356506.0455   145   381786.0000   210023.0156  3872285   44.99%
Elapsed time = 2396.85 sec. (359433.31 ticks, tree = 1091.03 MB, solutions = 21)
  41517  5765   355762.5635   182   381786.0000   210023.0156  3909149   44.99%
  42002  6180   242889.2103   172   381786.0000   210023.0156  3969747   44.99%
  42567  6667   292946.8757   185   381786.0000   210023.0156  4030333   44.99%
  43192  7046   331109.0502   180   381786.0000   210023.0156  4060476   44.99%
* 43747+ 7470                       375855.0000   210023.0156            44.12%
  43762  7652   250698.2201   200   375855.0000   210023.0156  4112645   44.12%
  44250  8035   291989.0615   203   375855.0000   210023.0156  4166307   44.12%
  44943  8462   339088.7648   161   375855.0000   210023.0156  4199496   44.12%
  45429  9084   293316.8818   170   375855.0000   210023.0156  4252347   44.12%
  46090  9687   318329.1595   160   375855.0000   210023.0156  4315096   44.12%
  46697 10315   304726.8192   172   375855.0000   210023.0156  4364663   44.12%
Elapsed time = 2677.92 sec. (397635.87 ticks, tree = 2078.67 MB, solutions = 22)
Nodefile size = 22.49 MB (14.27 MB after compression)
  47347 10970   306074.1512   199   375855.0000   210023.0156  4420364   44.12%
  47944 11677   370434.0578   168   375855.0000   210023.0156  4475019   44.12%
  48476 11840   256775.6931   173   375855.0000   210023.0156  4508110   44.12%
  49045 12322   275515.5000   176   375855.0000   210023.0156  4571005   44.12%
  49653 12900   373557.4228   192   375855.0000   210023.0156  4624022   44.12%
  50262 13617   361468.5861   191   375855.0000   210023.0156  4684496   44.12%
  50861 13932   295321.6477   183   375855.0000   210023.0156  4715656   44.12%
  51456 14789   329173.7800   160   375855.0000   210023.0156  4785632   44.12%
  52068 15306   286625.2938   165   375855.0000   210023.0156  4831614   44.12%
  52534 15919   344221.5926   177   375855.0000   210023.0156  4878195   44.12%
Elapsed time = 2958.14 sec. (435833.03 ticks, tree = 2967.99 MB, solutions = 22)
Nodefile size = 903.33 MB (570.82 MB after compression)
  53161 16294   309059.1511   261   375855.0000   210023.0156  4910162   44.12%
  53716 16900   289065.1790   174   375855.0000   210023.0156  4971982   44.12%
  54310 17322   277489.5942   223   375855.0000   210023.0156  5009985   44.12%
  54950 17867   288693.5113   204   375855.0000   210023.0156  5071078   44.12%
  55557 18825   361379.1818   154   375855.0000   210118.0827  5148545   44.10%
  56212 19502   357511.1667   154   375855.0000   210629.2302  5211406   43.96%
  56809 20049   353999.4476   177   375855.0000   210915.0727  5259154   43.88%
  57431 20574   292424.5805   183   375855.0000   211301.1686  5321163   43.78%
  57982 21078   262802.8673   196   375855.0000   211469.4034  5372595   43.74%
  58537 21541   253348.7192   179   375855.0000   212219.9159  5411452   43.54%
Elapsed time = 3226.72 sec. (474038.72 ticks, tree = 3978.00 MB, solutions = 22)
Nodefile size = 1906.85 MB (1201.79 MB after compression)
Starting limited solution polishing.
  59085 21785   278700.6355   182   375855.0000   212404.3604  5437623   43.49%
* 59289+22048                       375485.0000   212638.5391            43.37%
  59593 22359   331594.6633   170   375485.0000   212696.9524  5500241   43.35%
  60089 22824   294838.6004   164   375485.0000   212868.3852  5553826   43.31%
  60463 23465   324733.1638   161   375485.0000   212899.7095  5607977   43.30%
  60946 23449   370602.2000   176   375485.0000   213461.5784  5600100   43.15%
  61249 24115   289551.0000   154   375485.0000   213461.5784  5659775   43.15%
  61606 24537   330051.2500   147   375485.0000   213555.3006  5695350   43.13%
  62056 24727   305153.5849   166   375485.0000   213654.3470  5709443   43.10%
  62417 25019   305277.3915   170   375485.0000   213681.1406  5729533   43.09%
* 62718+25411                       374576.0000   213681.1406            42.95%
  62747 25536   333289.3664   191   374576.0000   213681.1406  5779358   42.95%
Elapsed time = 3393.94 sec. (512261.72 ticks, tree = 4763.72 MB, solutions = 24)
Nodefile size = 2696.18 MB (1698.04 MB after compression)
* 63016+25772                       374235.0000   213681.1406            42.90%
  63041 25899   354207.3815   180   374235.0000   213681.1406  5813602   42.90%
  63417 25935   333376.5147   191   374235.0000   214358.3833  5822196   42.72%
  63804 26287   350437.8718   165   374235.0000   214368.6114  5853344   42.72%
  64249 26805   243389.5224   186   374235.0000   214397.1724  5894739   42.71%
  64606 27145   366366.1206   187   374235.0000   214397.1724  5923018   42.71%
  65238 27628   305200.4623   173   374235.0000   214682.2370  5970867   42.63%
* 65637+27798                       363639.0000   214682.2370            40.96%
  65820 25912   332602.0889   187   363639.0000   214682.2370  6044147   40.96%
  66281 28513   314381.7334   179   363639.0000   215126.5682  6050803   40.84%
* 66344+26013                       358285.0000   215126.5682            39.96%
  66639 25129   326031.4000   163   358285.0000   215182.9985  6100241   39.94%
* 66669+25042                       357928.0000   215182.9985            39.88%
  67291 25621   271406.1161   182   357928.0000   215226.9973  6152473   39.87%
Elapsed time = 3579.07 sec. (550510.59 ticks, tree = 4738.89 MB, solutions = 31)
Nodefile size = 2668.73 MB (1676.21 MB after compression)
  67791 25910   336459.2326   209   357928.0000   215750.3002  6177212   39.72%
* 67884+25362                       356522.0000   215750.3002            39.48%
  67885 25266   273097.7392   195   356522.0000   215750.3002  6121783   39.48%

Zero-half cuts applied:  388
Lift and project cuts applied:  138

Root node processing (before b&c):
  Real time             =   33.87 sec. (11596.26 ticks)
Parallel b&c, 8 threads:
  Real time             = 3568.78 sec. (547290.35 ticks)
  Sync time (average)   =  595.17 sec.
  Wait time (average)   =    0.01 sec.
                          ------------
Total (root+branch&cut) = 3602.65 sec. (558886.61 ticks)
Status: Feasible
Obj: 356522

Instalacoes abertas:
Instalação 0 aberta
Instalação 1 aberta
Instalação 4 aberta
Instalação 8 aberta
Instalação 9 aberta
Instalação 13 aberta
Instalação 20 aberta
Instalação 22 aberta
Instalação 30 aberta
Instalação 47 aberta

Atribuições (cliente -> instalação):
Cliente 0 -> Instalação 20
Cliente 1 -> Instalação 1
Cliente 2 -> Instalação 9
Cliente 3 -> Instalação 13
Cliente 4 -> Instalação 4
Cliente 5 -> Instalação 4
Cliente 6 -> Instalação 9
Cliente 7 -> Instalação 13
Cliente 8 -> Instalação 8
Cliente 9 -> Instalação 4
Cliente 10 -> Instalação 22
Cliente 11 -> Instalação 13
Cliente 12 -> Instalação 20
Cliente 13 -> Instalação 13
Cliente 14 -> Instalação 20
Cliente 15 -> Instalação 8
Cliente 16 -> Instalação 20
Cliente 17 -> Instalação 47
Cliente 18 -> Instalação 1
Cliente 19 -> Instalação 4
Cliente 20 -> Instalação 20
Cliente 21 -> Instalação 13
Cliente 22 -> Instalação 22
Cliente 23 -> Instalação 1
Cliente 24 -> Instalação 9
Cliente 25 -> Instalação 47
Cliente 26 -> Instalação 9
Cliente 27 -> Instalação 1
Cliente 28 -> Instalação 8
Cliente 29 -> Instalação 30
Cliente 30 -> Instalação 8
Cliente 31 -> Instalação 22
Cliente 32 -> Instalação 30
Cliente 33 -> Instalação 20
Cliente 34 -> Instalação 0
Cliente 35 -> Instalação 47
Cliente 36 -> Instalação 8
Cliente 37 -> Instalação 9
Cliente 38 -> Instalação 47
Cliente 39 -> Instalação 4
Cliente 40 -> Instalação 20
Cliente 41 -> Instalação 13
Cliente 42 -> Instalação 4
Cliente 43 -> Instalação 9
Cliente 44 -> Instalação 47
Cliente 45 -> Instalação 0
Cliente 46 -> Instalação 9
Cliente 47 -> Instalação 4
Cliente 48 -> Instalação 8
Cliente 49 -> Instalação 30
