Version identifier: 22.1.1.0 | 2022-11-28 | 9160aff4d
CPXPARAM_TimeLimit                               3600
Tried aggregator 1 time.
MIP Presolve eliminated 50 rows and 1 columns.
Reduced MIP has 39250 rows, 3284 columns, and 117650 nonzeros.
Reduced MIP has 3284 binaries, 0 generals, 0 SOSs, and 0 indicators.
Presolve time = 0.06 sec. (53.97 ticks)
Found incumbent of value 3.0526640e+07 after 0.08 sec. (68.80 ticks)
Probing time = 0.02 sec. (6.85 ticks)
Tried aggregator 1 time.
Detecting symmetries...
Reduced MIP has 39250 rows, 3284 columns, and 117650 nonzeros.
Reduced MIP has 3284 binaries, 0 generals, 0 SOSs, and 0 indicators.
Presolve time = 0.07 sec. (65.39 ticks)
Probing time = 0.02 sec. (6.95 ticks)
Clique table members: 2500.
MIP emphasis: balance optimality and feasibility.
MIP search method: dynamic search.
Parallel mode: deterministic, using up to 8 threads.
Root relaxation solution time = 0.15 sec. (57.95 ticks)

        Nodes                                         Cuts/
   Node  Left     Objective  IInf  Best Integer    Best Bound    ItCnt     Gap

*     0+    0                       3.05266e+07        0.0000           100.00%
*     0+    0                       2.31354e+07        0.0000           100.00%
*     0+    0                       897331.0000        0.0000           100.00%
*     0+    0                       882550.0000        0.0000           100.00%
      0     0    93774.0000   100   882550.0000    93774.0000      184   89.37%
*     0+    0                       771990.0000    93774.0000            87.85%
      0     0   106217.5000   100   771990.0000    Cuts: 1732      378   86.24%
      0     0   118774.0000    98   771990.0000    Cuts: 1762      609   84.61%
      0     0   131195.2500   192   771990.0000 ZeroHalf: 642     2096   83.01%
*     0+    0                       687307.0000   131195.2500            80.91%
*     0+    0                       677137.0000   131195.2500            80.63%
*     0+    0                       674548.0000   131195.2500            80.55%
      0     0  -1.00000e+75     0   674548.0000   131195.2500     2096   80.55%
      0     0   140119.5800   221   674548.0000 ZeroHalf: 916     3104   79.23%
      0     0   145774.9011   185   674548.0000     Cuts: 683     3949   78.39%
Detecting symmetries...
*     0+    0                       560108.0000   145774.9011            73.97%
      0     0   150827.6069   192   560108.0000     Cuts: 396     4637   73.07%
*     0+    0                       546056.0000   150827.6069            72.38%
      0     0   154369.3908   216   546056.0000     Cuts: 213     5190   71.73%
      0     0   156253.3532   216   546056.0000     Cuts: 152     5534   71.39%
      0     0   157431.7668   198   546056.0000     Cuts: 291     5877   71.17%
      0     0   159327.8237   222   546056.0000     Cuts: 288     6368   70.82%
      0     0   160363.5557   220   546056.0000     Cuts: 128     6618   70.63%
      0     0   161160.4384   222   546056.0000     Cuts: 147     6871   70.49%
      0     0   161960.1235   216   546056.0000     Cuts: 125     7150   70.34%
      0     0   163110.0580   173   546056.0000     Cuts: 373     7487   70.13%
      0     0   164403.4711   179   546056.0000     Cuts: 108     7816   69.89%
      0     0   165790.3252   180   546056.0000      Cuts: 97     8269   69.64%
      0     0   166672.7765   182   546056.0000      Cuts: 85     8586   69.48%
      0     0   167197.8483   219   546056.0000      Cuts: 63     8816   69.38%
      0     0   167815.1415   212   546056.0000      Cuts: 81     9030   69.27%
      0     0   168126.7765   216   546056.0000      Cuts: 57     9205   69.21%
      0     0   168598.8589   215   546056.0000      Cuts: 61     9447   69.12%
      0     0   169168.2913   214   546056.0000      Cuts: 85     9745   69.02%
      0     0   169789.6065   178   546056.0000     Cuts: 290    10043   68.91%
      0     0   170241.4320   211   546056.0000      Cuts: 58    10280   68.82%
      0     0   170539.7462   217   546056.0000  ZeroHalf: 37    10421   68.77%
      0     0   170854.8624   208   546056.0000      Cuts: 53    10556   68.71%
      0     0   171177.9724   211   546056.0000      Cuts: 65    10702   68.65%
      0     0   171615.4549   211   546056.0000  ZeroHalf: 24    10896   68.57%
      0     0   172015.6710   215   546056.0000      Cuts: 98    11138   68.50%
      0     0   172371.7250   212   546056.0000      Cuts: 63    11346   68.43%
      0     0   172837.8051   215   546056.0000      Cuts: 77    11519   68.35%
      0     0   173242.1574   186   546056.0000     Cuts: 165    11804   68.27%
      0     0   173461.9893   227   546056.0000      Cuts: 45    11985   68.23%
      0     0   173618.5100   220   546056.0000      Cuts: 39    12081   68.20%
      0     0   173831.2647   219   546056.0000      Cuts: 38    12177   68.17%
      0     0   173913.6837   221   546056.0000      Cuts: 59    12274   68.15%
      0     0   173953.2344   222   546056.0000  ZeroHalf: 17    12325   68.14%
      0     0   173985.9310   216   546056.0000      Cuts: 20    12358   68.14%
Detecting symmetries...
      0     2   173985.9310   216   546056.0000   173985.9310    12358   68.14%
Elapsed time = 17.39 sec. (13136.67 ticks, tree = 0.02 MB, solutions = 10)
      1     3   182379.9968   181   546056.0000   173988.5692    13038   68.14%
      2     4   182943.9264   179   546056.0000   173988.5692    13317   68.14%
      8     7   184369.9884   185   546056.0000   174022.5160    14898   68.13%
     15     5   197988.3951   158   546056.0000   174022.5160    14103   68.13%
     26    21   224605.8178   159   546056.0000   174022.5160    20415   68.13%
     36    27   216173.5230   158   546056.0000   174022.5160    22785   68.13%
     49    44   242817.2222   167   546056.0000   174080.8559    28082   68.12%
     69    69   257220.0000   121   546056.0000   174615.5717    36102   68.02%
    101    92   297479.0000    87   546056.0000   174615.5717    40594   68.02%
    343   277   237085.9444   169   546056.0000   176744.2001    64839   67.63%
Elapsed time = 34.43 sec. (16351.26 ticks, tree = 30.94 MB, solutions = 10)
*   434   298      integral     0   506173.0000   176744.2001    65962   65.08%
    630   523   495992.6667    38   506173.0000   176744.2001    80368   65.08%
    758   658   207137.3309   165   506173.0000   176744.2001    96619   65.08%
    877   738   232472.9375   128   506173.0000   176744.2001   115307   65.08%
   1137   921   357734.0000    73   506173.0000   176744.2001   137079   65.08%
   1429  1195   495762.6667    54   506173.0000   176744.2001   163198   65.08%
*  1448+ 1194                       497584.0000   176744.2001            64.48%
*  1470  1286      integral     0   495172.0000   176744.2001   170998   64.31%
   1675  1405   184795.0261   190   495172.0000   177639.5518   181564   64.13%

Performing restart 1

Repeating presolve.
Tried aggregator 1 time.
MIP Presolve eliminated 1437 rows and 62 columns.
Reduced MIP has 37813 rows, 3222 columns, and 113339 nonzeros.
Reduced MIP has 3222 binaries, 0 generals, 0 SOSs, and 0 indicators.
Presolve time = 0.06 sec. (54.03 ticks)
Tried aggregator 1 time.
Reduced MIP has 37813 rows, 3222 columns, and 113339 nonzeros.
Reduced MIP has 3222 binaries, 0 generals, 0 SOSs, and 0 indicators.
Presolve time = 0.07 sec. (65.09 ticks)
Represolve time = 0.20 sec. (167.40 ticks)
   1689     0   174178.4189   179   495172.0000      Cuts: 49   198869   64.13%
   1689     0   174776.7625   188   495172.0000      Cuts: 88   199103   64.13%
   1689     0   175682.4667   217   495172.0000      Cuts: 59   199485   64.13%
   1689     0   176009.1391   220   495172.0000      Cuts: 77   199740   64.13%
   1689     0   176287.4068   218   495172.0000      Cuts: 75   199953   64.13%
   1689     0   176570.0304   214   495172.0000      Cuts: 60   200213   64.13%
   1689     0   176784.4593   232   495172.0000      Cuts: 86   200366   64.13%
   1689     0   177081.1161   231   495172.0000      Cuts: 86   200553   64.13%
   1689     0   177310.4250   229   495172.0000      Cuts: 72   200735   64.13%
   1689     0   177824.4339   226   495172.0000      Cuts: 78   201063   63.99%
   1689     0   178551.6250   223   495172.0000      Cuts: 51   201378   63.94%
   1689     0   179588.5517   227   495172.0000     Cuts: 106   201680   63.73%
   1689     0   180213.2226   221   495172.0000      Cuts: 51   201976   63.61%
   1689     0   180444.8792   231   495172.0000      Cuts: 33   202146   63.56%
   1689     0   180740.8920   234   495172.0000      Cuts: 37   202292   63.50%
   1689     0   181106.0659   234   495172.0000      Cuts: 39   202443   63.43%
   1689     0   181459.0122   234   495172.0000      Cuts: 25   202599   63.35%
   1689     0   181662.3608   232   495172.0000      Cuts: 39   202749   63.31%
   1689     0   181892.7126   235   495172.0000      Cuts: 30   202856   63.27%
   1689     0   182056.1700   227   495172.0000      Cuts: 31   202965   63.23%
   1689     0   182093.8829   231   495172.0000      Cuts: 22   203011   63.23%
   1689     0   182236.3367   230   495172.0000      Cuts: 16   203107   63.20%
   1689     0   182394.3074   232   495172.0000      Cuts: 29   203216   63.17%
   1689     0   182572.7930   231   495172.0000      Cuts: 37   203342   63.13%
   1689     0   182679.9837   230   495172.0000      Cuts: 16   203442   63.11%
   1689     0   182771.2632   231   495172.0000      Cuts: 20   203491   63.09%
   1689     0   182832.3313   229   495172.0000      Cuts: 18   203568   63.08%
   1689     0   182961.5413   233   495172.0000      Cuts: 33   203651   63.05%
   1689     0   182996.8431   233   495172.0000       Cuts: 8   203676   63.04%
   1689     0   183081.6717   233   495172.0000      Cuts: 16   203752   63.03%
   1689     0   183260.9028   226   495172.0000      Cuts: 30   203846   62.99%
   1689     0   183420.6023   227   495172.0000      Cuts: 22   203948   62.96%
   1689     0   183561.5488   223   495172.0000      Cuts: 30   204021   62.93%
   1689     0   183883.3193   217   495172.0000      Cuts: 31   204234   62.86%
   1689     0   184122.2836   219   495172.0000      Cuts: 80   204404   62.82%
   1689     0   184210.9438   219   495172.0000      Cuts: 25   204484   62.80%
   1689     0   184432.5195   218   495172.0000      Cuts: 42   204653   62.75%
   1689     0   184590.3391   219   495172.0000  ZeroHalf: 16   204751   62.72%
   1689     0   184693.6342   216   495172.0000      Cuts: 27   204825   62.70%
   1689     0   184759.7104   218   495172.0000      Cuts: 26   204878   62.69%
   1689     0   184828.2807   221   495172.0000      Cuts: 24   204916   62.67%
   1689     0   184871.3700   224   495172.0000       Cuts: 8   204978   62.67%
   1689     0   184934.4868   219   495172.0000      Cuts: 13   205022   62.65%
   1689     0   185010.3150   221   495172.0000      Cuts: 19   205075   62.64%
   1689     0   185167.6965   218   495172.0000      Cuts: 20   205182   62.61%
   1689     0   185259.9200   223   495172.0000      Cuts: 32   205270   62.59%
   1689     0   185473.4492   225   495172.0000      Cuts: 34   205365   62.54%
   1689     0   185647.2321   222   495172.0000      Cuts: 24   205465   62.51%
   1689     0   185766.0945   225   495172.0000      Cuts: 26   205573   62.48%
   1689     0   185812.2872   226   495172.0000      Cuts: 28   205639   62.48%
   1689     0   185938.2116   220   495172.0000      Cuts: 17   205760   62.45%
   1689     0   186034.7660   225   495172.0000      Cuts: 41   205847   62.43%
   1689     0   186073.7032   224   495172.0000       Cuts: 9   205894   62.42%
   1689     0   186088.6159   228   495172.0000      Cuts: 15   205923   62.42%
   1689     2   186088.6159   228   495172.0000   186088.6159   205923   62.42%
   1690     3   186206.1114   224   495172.0000   186206.6751   206001   62.40%
   1692     5   186616.2990   219   495172.0000   186618.6789   206298   62.31%
   1694     3   196041.2162   188   495172.0000   186618.6789   206437   62.31%
Elapsed time = 128.60 sec. (50308.08 ticks, tree = 0.02 MB, solutions = 14)
   1697     7   200587.8747   180   495172.0000   186726.3594   207340   62.29%
   1700     8   203342.9014   174   495172.0000   186726.3594   208004   62.29%
   1706    13   204503.4203   178   495172.0000   187576.8845   209960   62.12%
   1710     9   199598.4380   192   495172.0000   187576.8845   208477   62.12%
   1718    18   207880.7141   203   495172.0000   187603.1563   212676   62.11%
   1725    25   201883.7913   173   495172.0000   187603.1563   218236   62.11%
   1733    25   189067.5000   247   495172.0000   187603.1563   217197   62.11%
   1738    36   207192.9416   169   495172.0000   187603.1563   225455   62.11%
   1745    31   210032.2554   210   495172.0000   187603.1563   221448   62.11%
   1752    62   221248.5920   179   495172.0000   187603.1563   237325   62.11%
Elapsed time = 219.78 sec. (61398.96 ticks, tree = 1.31 MB, solutions = 14)
   1786    72   225913.8793   170   495172.0000   187603.1563   239333   62.11%
   1826    70   224871.1578   171   495172.0000   187603.1563   239128   62.11%
   1866    96   211337.3221   182   495172.0000   187603.1563   246786   62.11%
   1901   158   224523.2227   171   495172.0000   187603.1563   263084   62.11%
   1940   148   213565.4518   211   495172.0000   187603.1563   260165   62.11%
   1983   220   237656.7952   185   495172.0000   187603.1563   281692   62.11%
   2015   259   227548.3337   186   495172.0000   187603.1563   291991   62.11%
   2047   287   247321.1876   180   495172.0000   187603.1563   300100   62.11%
   2074   307   230779.1595   166   495172.0000   187603.1563   305723   62.11%
   2095   367   253417.0645   181   495172.0000   187603.1563   321022   62.11%
Elapsed time = 298.19 sec. (71153.08 ticks, tree = 2.28 MB, solutions = 14)
   2142   387   267946.8088   190   495172.0000   187603.1563   325913   62.11%
   2167   427   293503.9706   133   495172.0000   187603.1563   333131   62.11%
   2193   429   297901.7500   142   495172.0000   187603.1563   333331   62.11%
   2215   418   321642.7585   136   495172.0000   187603.1563   331875   62.11%
   2245   517   290138.8043   152   495172.0000   187603.1563   351582   62.11%
   2282   551   256661.9460   163   495172.0000   187603.1563   360746   62.11%
   2327   515   299894.8182   150   495172.0000   187603.1563   350646   62.11%
   2351   564   241116.5009   210   495172.0000   187603.1563   364788   62.11%
   2383   642   299282.0294   150   495172.0000   187603.1563   375866   62.11%
   2415   621   295203.0426   165   495172.0000   187603.1563   372660   62.11%
Elapsed time = 395.15 sec. (81095.41 ticks, tree = 31.98 MB, solutions = 14)
   2454   599   324227.2500   107   495172.0000   187603.1563   368838   62.11%
   2499   745   326834.5000    77   495172.0000   187603.1563   391905   62.11%
   2544   780   295614.0813   153   495172.0000   187603.1563   398724   62.11%
   2596   801   335164.8903   133   495172.0000   187603.1563   403488   62.11%
   2627   807   335926.9333   132   495172.0000   187603.1563   404355   62.11%
   2672   849   335480.9583   147   495172.0000   187603.1563   410887   62.11%
   2724   949   347310.5500   135   495172.0000   187603.1563   422494   62.11%
   2774   881   310408.4969   159   495172.0000   187603.1563   415405   62.11%
   2817   999   350444.3333   100   495172.0000   187603.1563   428611   62.11%
   2885   983   384141.9306   118   495172.0000   187603.1563   425315   62.11%
Elapsed time = 493.68 sec. (90821.23 ticks, tree = 102.55 MB, solutions = 14)
   2951  1028   348280.7152   143   495172.0000   187603.1563   430742   62.11%
   3016  1077   271882.8899   143   495172.0000   187603.1563   438738   62.11%
   3091  1176   361857.3571   115   495172.0000   187603.1563   444557   62.11%
   3164  1343   398652.0918   134   495172.0000   187603.1563   463307   62.11%
   3237  1423   407733.3500   105   495172.0000   187603.1563   466842   62.11%
   3304  1471   386261.8148   115   495172.0000   187603.1563   472655   62.11%
   3371  1501   366281.6000   129   495172.0000   187603.1563   474021   62.11%
   3435  1588   489147.2857    98   495172.0000   187603.1563   478789   62.11%
   3508  1596   205873.6173   199   495172.0000   187603.1563   480273   62.11%
   3582  1669   431058.2133   133   495172.0000   187603.1563   483155   62.11%
Elapsed time = 575.64 sec. (100527.86 ticks, tree = 303.53 MB, solutions = 14)
   3680  1687   441908.9257   110   495172.0000   187603.1563   483914   62.11%
   3747  1752   317882.9938   165   495172.0000   187603.1563   487563   62.11%
   3820  1941   391203.7167   133   495172.0000   187603.1563   500237   62.11%
   3940  1988   460580.1250    98   495172.0000   187603.1563   500841   62.11%
   4047  1971   428607.4160   145   495172.0000   187603.1563   500906   62.11%
   4166  2179   415741.5455   120   495172.0000   187603.1563   513095   62.11%
   4260  2187   441065.3448   124   495172.0000   187603.1563   513494   62.11%
   4398  2459        cutoff         495172.0000   187603.1563   534761   62.11%
   4531  2310   438347.1250    88   495172.0000   187603.1563   516667   62.11%
   4629  2614   446212.9118    87   495172.0000   187603.1563   544276   62.11%
Elapsed time = 654.22 sec. (110201.62 ticks, tree = 582.20 MB, solutions = 14)
   4704  2707   222506.7893   218   495172.0000   187603.1563   550266   62.11%
   4795  2812   492077.5000   114   495172.0000   187603.1563   555838   62.11%
   4886  2982   371781.4010   165   495172.0000   187603.1563   579034   62.11%
   5008  2922   269076.7481   195   495172.0000   187603.1563   577341   62.11%
   5094  3015   382691.2436   196   495172.0000   187603.1563   581115   62.11%
   5195  3161   400836.5000    79   495172.0000   187603.1563   601559   62.11%
   5315  3171   336710.5000   121   495172.0000   187603.1563   608565   62.11%
   5487  3427   490391.5000    64   495172.0000   187603.1563   631290   62.11%
   5616  3343   309089.7275   153   495172.0000   187603.1563   628133   62.11%
   5743  3546   434534.5000    76   495172.0000   187603.1563   646464   62.11%
Elapsed time = 740.19 sec. (119775.90 ticks, tree = 838.94 MB, solutions = 14)
   5908  3572   470865.4167   100   495172.0000   187603.1563   648020   62.11%
   6044  3825   225882.1604   170   495172.0000   187603.1563   664988   62.11%
   6122  3839   250287.8278   173   495172.0000   187603.1563   666858   62.11%
   6255  4153   272232.5357   173   495172.0000   187603.1563   692505   62.11%
   6354  4174   287101.5000   158   495172.0000   187603.1563   693916   62.11%
   6468  4224   226653.6537   193   495172.0000   194480.7078   698203   60.72%
   6567  4558   311449.4674   187   495172.0000   194480.7078   732389   60.72%
   6666  4528   255439.1540   198   495172.0000   196518.4187   730535   60.31%
   6759  4702   270072.3810   192   495172.0000   196518.4187   748611   60.31%
   7280  5292   259686.1637   190   495172.0000   196518.4187   808365   60.31%
Elapsed time = 849.49 sec. (132228.77 ticks, tree = 1168.90 MB, solutions = 14)
   7806  5562   289912.7982   176   495172.0000   199107.3974   830653   59.79%
   8303  6073   346026.0441   171   495172.0000   200058.6456   865998   59.60%
   8733  6653   380875.9627   142   495172.0000   201695.3428   937754   59.27%
*  9157+ 6860                       491948.0000   201717.4484            59.00%
   9265  7051   492928.5000    55   491948.0000   201717.4484   985067   59.00%
*  9697+ 7258                       489200.0000   201736.8916            58.76%
   9773  7432   320873.4695   189   489200.0000   201736.8916  1029560   58.76%
*  9936+ 7610                       486923.0000   201736.8916            58.57%
  10360  7928   317047.4172   173   486923.0000   201736.8916  1070491   58.57%
  10954  8513   342701.7205   197   486923.0000   202002.1216  1106243   58.51%
  11468  9126   314146.4661   202   486923.0000   202217.2710  1140088   58.47%
  11966  9624   305134.4443   233   486923.0000   202690.1339  1186421   58.37%
  12617  9967   344466.4823   192   486923.0000   202691.3370  1221363   58.37%
Elapsed time = 1172.40 sec. (170438.24 ticks, tree = 2021.76 MB, solutions = 17)
  13169 10552   329071.8523   196   486923.0000   202707.8373  1260608   58.37%
  13730 11292   357026.5489   180   486923.0000   203357.8331  1320128   58.24%
  14408 11990   358042.4961   199   486923.0000   203400.7378  1374514   58.23%
  14867 12417   287774.2376   175   486923.0000   203440.2723  1404546   58.22%
  15370 12884   342270.3065   192   486923.0000   203749.3326  1444472   58.16%
  15963 13563   271635.8333   133   486923.0000   203773.8428  1511589   58.15%
  16516 13861   358699.7414   167   486923.0000   203798.9911  1534719   58.15%
* 16744+14093                       467547.0000   203820.5535            56.41%
  16977 14518   477174.0000   115   467547.0000   203987.5191  1595790   56.37%
  17390 14866   252317.8204   182   467547.0000   203987.5191  1642214   56.37%
* 17629+14771                       461531.0000   203987.5191            55.80%
  17777 15045   345952.9167   188   461531.0000   203987.5191  1691904   55.80%
Elapsed time = 1466.76 sec. (208637.29 ticks, tree = 3328.12 MB, solutions = 18)
Nodefile size = 1262.06 MB (774.30 MB after compression)
  18154 15223   373408.7273   156   461531.0000   204195.8029  1706241   55.76%
  18777 15693   414054.2626   166   461531.0000   204239.7740  1734480   55.75%
  19416 16419   453939.7544   160   461531.0000   204239.7740  1782497   55.75%
  19997 17159   268949.9868   151   461531.0000   204569.6399  1839660   55.68%
  20689 17449   389221.0263   175   461531.0000   204589.4164  1861968   55.67%
* 20987+17927                       460367.0000   204609.0673            55.56%
  21267 17990   347191.0125   195   460367.0000   204799.1984  1904175   55.51%
  21784 18662   400440.5704   230   460367.0000   204822.3828  1948878   55.51%
  22412 19163   279369.5743   222   460367.0000   205060.3046  2002383   55.46%
  22995 19885   358688.0777   172   460367.0000   205137.0220  2055425   55.44%
  23521 20337   402832.9823   201   460367.0000   205356.9863  2094741   55.39%
Elapsed time = 1754.79 sec. (246840.04 ticks, tree = 3940.11 MB, solutions = 20)
Nodefile size = 1860.00 MB (1146.03 MB after compression)
  24145 20838   371963.7574   190   460367.0000   205356.9863  2137234   55.39%
  24634 21483   269584.8426   143   460367.0000   205477.4671  2198198   55.37%
* 24840+21299                       456140.0000   205477.4671            54.95%
  25171 22003   399499.2917   166   456140.0000   205485.1072  2240133   54.95%
  25727 21976   301213.9763   167   456140.0000   205485.1072  2257577   54.95%
* 26214+22658                       441895.0000   205520.5331            53.49%
  26277 22784   295192.5553   162   441895.0000   205520.5331  2339071   53.49%
* 26390+22658                       434978.0000   205681.2448            52.71%
* 26737+22612                       429445.0000   205921.9721            52.05%
  26917 22567   417592.2321   172   429445.0000   206009.8175  2412251   52.03%
  27495 22617   266458.4250   196   429445.0000   206045.2406  2418809   52.02%
  28013 23398   412973.3868   158   429445.0000   206045.2406  2481536   52.02%
  28656 24057   405204.8308   192   429445.0000   206081.1545  2534008   52.01%
  29136 24784   287847.1946   178   429445.0000   206165.1706  2591594   51.99%
Elapsed time = 2044.69 sec. (285056.31 ticks, tree = 4976.40 MB, solutions = 24)
Nodefile size = 2913.90 MB (1797.03 MB after compression)
  29631 25003   342482.2424   187   429445.0000   206269.9329  2614347   51.97%
  30264 25284   428898.0000    63   429445.0000   206603.3108  2649300   51.89%
  30946 26008   288686.5961   164   429445.0000   206603.3108  2716559   51.89%
  31499 26474   383742.4514   187   429445.0000   206696.8302  2742542   51.87%
  32015 27400   296430.5222   181   429445.0000   206886.3354  2814579   51.82%
  32550 27500   364356.0809   175   429445.0000   206886.3354  2820277   51.82%
  33158 28368   316522.0243   162   429445.0000   206933.8090  2923633   51.81%
  33752 28721   367524.0750   188   429445.0000   207228.8546  2952268   51.74%
* 34162+29319                       420510.0000   207228.8546            50.72%
  34218 29018   343211.1810   192   420510.0000   207228.8546  2973057   50.72%
  34658 30036   427332.5789   159   420510.0000   207228.8546  3034848   50.72%
Elapsed time = 2325.68 sec. (323260.00 ticks, tree = 5532.36 MB, solutions = 24)
Nodefile size = 3464.82 MB (2135.35 MB after compression)
  35114 30081   350266.7070   186   420510.0000   207460.2652  3045066   50.66%
  35389 30510   220672.4159   190   420510.0000   207460.2652  3072505   50.66%

Performing restart 2

Repeating presolve.
Tried aggregator 1 time.
MIP Presolve eliminated 1308 rows and 65 columns.
Reduced MIP has 36505 rows, 3157 columns, and 142812 nonzeros.
Reduced MIP has 3157 binaries, 0 generals, 0 SOSs, and 0 indicators.
Presolve time = 0.22 sec. (210.19 ticks)
Tried aggregator 1 time.
Reduced MIP has 36505 rows, 3157 columns, and 142812 nonzeros.
Reduced MIP has 3157 binaries, 0 generals, 0 SOSs, and 0 indicators.
Presolve time = 0.11 sec. (103.65 ticks)
Represolve time = 0.42 sec. (376.75 ticks)
* 35390+    0                       414540.0000   207541.2610            49.93%
  35390     0   187909.6147   237   414540.0000      Cuts: 36  3134535   49.93%
  35390     0   188304.8870   230   414540.0000      Cuts: 35  3134703   49.93%
  35390     0   188560.8884   226   414540.0000      Cuts: 75  3134830   49.93%
* 35390+    0                       413523.0000   207541.2610            49.81%
  35390     0  -1.00000e+75     0   413523.0000   207541.2610  3134830   49.81%
  35390     0   188876.8450   222   413523.0000      Cuts: 56  3134955   49.81%
  35390     0   189059.7111   220   413523.0000      Cuts: 64  3135077   49.81%
  35390     0   189317.4806   217   413523.0000     Cuts: 110  3135212   49.81%
  35390     0   189513.0511   225   413523.0000      Cuts: 88  3135349   49.81%
  35390     0   189599.0174   229   413523.0000      Cuts: 79  3135413   49.81%
  35390     0   189753.1013   228   413523.0000      Cuts: 58  3135492   49.81%
  35390     2   189753.1013   228   413523.0000   207541.2610  3135492   49.81%
  35400     8   225293.1139   189   413523.0000   207541.2610  3137485   49.81%
  35422    21   205234.0799   223   413523.0000   207541.2610  3146150   49.81%
  35462    57   207504.8134   173   413523.0000   207541.2610  3163415   49.81%
  35569   136   253624.9524   158   413523.0000   207541.2610  3183376   49.81%
  35738   283   267496.3796   142   413523.0000   207541.2610  3216558   49.81%
  35855   401   361245.1842   131   413523.0000   207541.2610  3244268   49.81%
  36041   532   407092.3333   114   413523.0000   207541.2610  3274481   49.81%
Elapsed time = 2591.63 sec. (375181.23 ticks, tree = 11.23 MB, solutions = 27)
  36300   647   356448.5179   122   413523.0000   207541.2610  3295045   49.81%
  36606   950   222420.1373   193   413523.0000   207541.2610  3364550   49.81%
  36939  1252   384981.8000   116   413523.0000   207541.2610  3426910   49.81%
  37268  1564   297102.0309   177   413523.0000   207541.2610  3484908   49.81%
  37633  1926   271173.7014   169   413523.0000   207541.2610  3555595   49.81%
  37997  2186   332186.3750   170   413523.0000   207541.2610  3591104   49.81%
  38368  2698   334417.5899   183   413523.0000   207541.2610  3641297   49.81%
  38711  3055   236437.8437   212   413523.0000   207541.2610  3685031   49.81%
  39027  3397   313739.0500   146   413523.0000   207541.2610  3752596   49.81%
  39356  3530   278554.0500   248   413523.0000   207541.2610  3776039   49.81%
Elapsed time = 2909.91 sec. (413387.11 ticks, tree = 27.37 MB, solutions = 27)
  39669  3978   303384.5722   234   413523.0000   207541.2610  3848430   49.81%
  40062  4163   282724.0921   175   413523.0000   207541.2610  3879296   49.81%
  40386  4581   384009.0556   165   413523.0000   207541.2610  3932579   49.81%
  40829  5009   337128.9100   191   413523.0000   207541.2610  3992624   49.81%
  41352  5391        cutoff         413523.0000   207541.2610  4025743   49.81%
  41850  6025   353732.7992   193   413523.0000   207541.2610  4084316   49.81%
  42299  6386   398294.4162   181   413523.0000   207541.2610  4122293   49.81%
  42778  6973   352502.7146   211   413523.0000   207541.2610  4195280   49.81%
  43270  7236   236103.1890   172   413523.0000   207541.2610  4224987   49.81%
  43799  7803   396218.4286   154   413523.0000   207541.2610  4278949   49.81%
Elapsed time = 3223.51 sec. (451609.66 ticks, tree = 664.89 MB, solutions = 27)
Starting limited solution polishing.
  44438  8295   411619.2390   154   413523.0000   207541.2610  4317243   49.81%
  44920  9015   247684.2297   179   413523.0000   207541.2610  4372624   49.81%
  45335  9197   321101.8929   177   413523.0000   207541.2610  4395256   49.81%
  45770  9879   375683.2727   162   413523.0000   207541.2610  4449807   49.81%
  46061 10081   397405.5417   157   413523.0000   207541.2610  4469083   49.81%
  46242 10385   372230.1728   218   413523.0000   207541.2610  4498331   49.81%
  46431 10511   302978.1004   192   413523.0000   207541.2610  4508882   49.81%
  46711 10566   287270.5423   212   413523.0000   207541.2610  4520217   49.81%
  47047 10967   412613.3438   158   413523.0000   207541.2610  4548986   49.81%
  47518 11258   365140.5352   199   413523.0000   207541.2610  4577522   49.81%
Elapsed time = 3435.09 sec. (489847.13 ticks, tree = 1352.20 MB, solutions = 27)
  48083 11720   247276.9233   148   413523.0000   207541.2610  4613392   49.81%
  48575 12384   263268.5453   165   413523.0000   207541.2610  4669564   49.81%
  49061 12964   383384.6879   187   413523.0000   207541.2610  4734965   49.81%
  49554 13381   406266.1354   184   413523.0000   207541.2610  4777988   49.81%
  49980 13622   359951.6609   212   413523.0000   207541.2610  4797371   49.81%

Implied bound cuts applied:  7
Zero-half cuts applied:  296
Lift and project cuts applied:  141

Root node processing (before b&c):
  Real time             =   17.34 sec. (13069.10 ticks)
Parallel b&c, 8 threads:
  Real time             = 3582.67 sec. (499271.34 ticks)
  Sync time (average)   =  631.45 sec.
  Wait time (average)   =    0.01 sec.
                          ------------
Total (root+branch&cut) = 3600.01 sec. (512340.43 ticks)
Status: Feasible
Obj: 413523

Instalacoes abertas:
Instalação 0 aberta
Instalação 1 aberta
Instalação 4 aberta
Instalação 8 aberta
Instalação 9 aberta
Instalação 13 aberta
Instalação 16 aberta
Instalação 20 aberta
Instalação 22 aberta
Instalação 39 aberta
Instalação 47 aberta
Instalação 49 aberta

Atribuições (cliente -> instalação):
Cliente 0 -> Instalação 47
Cliente 1 -> Instalação 49
Cliente 2 -> Instalação 13
Cliente 3 -> Instalação 13
Cliente 4 -> Instalação 4
Cliente 5 -> Instalação 13
Cliente 6 -> Instalação 1
Cliente 7 -> Instalação 0
Cliente 8 -> Instalação 13
Cliente 9 -> Instalação 16
Cliente 10 -> Instalação 20
Cliente 11 -> Instalação 9
Cliente 12 -> Instalação 4
Cliente 13 -> Instalação 13
Cliente 14 -> Instalação 47
Cliente 15 -> Instalação 9
Cliente 16 -> Instalação 16
Cliente 17 -> Instalação 20
Cliente 18 -> Instalação 20
Cliente 19 -> Instalação 0
Cliente 20 -> Instalação 8
Cliente 21 -> Instalação 49
Cliente 22 -> Instalação 22
Cliente 23 -> Instalação 0
Cliente 24 -> Instalação 49
Cliente 25 -> Instalação 13
Cliente 26 -> Instalação 9
Cliente 27 -> Instalação 39
Cliente 28 -> Instalação 4
Cliente 29 -> Instalação 4
Cliente 30 -> Instalação 20
Cliente 31 -> Instalação 9
Cliente 32 -> Instalação 20
Cliente 33 -> Instalação 1
Cliente 34 -> Instalação 8
Cliente 35 -> Instalação 9
Cliente 36 -> Instalação 8
Cliente 37 -> Instalação 4
Cliente 38 -> Instalação 47
Cliente 39 -> Instalação 39
Cliente 40 -> Instalação 16
Cliente 41 -> Instalação 16
Cliente 42 -> Instalação 4
Cliente 43 -> Instalação 1
Cliente 44 -> Instalação 47
Cliente 45 -> Instalação 20
Cliente 46 -> Instalação 8
Cliente 47 -> Instalação 47
Cliente 48 -> Instalação 39
Cliente 49 -> Instalação 0
