Version identifier: 22.1.1.0 | 2022-11-28 | 9160aff4d
CPXPARAM_TimeLimit                               3600
Tried aggregator 1 time.
MIP Presolve eliminated 50 rows and 1 columns.
Reduced MIP has 21450 rows, 2928 columns, and 64250 nonzeros.
Reduced MIP has 2928 binaries, 0 generals, 0 SOSs, and 0 indicators.
Presolve time = 0.03 sec. (32.71 ticks)
Found incumbent of value 1.6673784e+07 after 0.04 sec. (41.11 ticks)
Probing time = 0.01 sec. (5.41 ticks)
Tried aggregator 1 time.
Detecting symmetries...
Reduced MIP has 21450 rows, 2928 columns, and 64250 nonzeros.
Reduced MIP has 2928 binaries, 0 generals, 0 SOSs, and 0 indicators.
Presolve time = 0.04 sec. (39.16 ticks)
Probing time = 0.01 sec. (5.41 ticks)
Clique table members: 2500.
MIP emphasis: balance optimality and feasibility.
MIP search method: dynamic search.
Parallel mode: deterministic, using up to 8 threads.
Root relaxation solution time = 0.04 sec. (32.53 ticks)

        Nodes                                         Cuts/
   Node  Left     Objective  IInf  Best Integer    Best Bound    ItCnt     Gap

*     0+    0                       1.66738e+07        0.0000           100.00%
*     0+    0                       1.20766e+07        0.0000           100.00%
*     0+    0                      1041924.0000        0.0000           100.00%
*     0+    0                      1017394.0000        0.0000           100.00%
*     0+    0                       896159.0000        0.0000           100.00%
      0     0    93774.0000   100   896159.0000    93774.0000      181   89.54%
*     0+    0                       498809.0000    93774.0000            81.20%
*     0+    0                       489730.0000    93774.0000            80.85%
      0     0   106217.5000   100   489730.0000     Cuts: 935      426   78.31%
*     0+    0                       411937.0000   106217.5000            74.22%
      0     0   118774.0000    98   411937.0000     Cuts: 931      777   71.17%
*     0+    0                       366175.0000   118774.0000            67.56%
      0     0   130114.3000   216   366175.0000 ZeroHalf: 329     1805   64.47%
*     0+    0                       321776.0000   130114.3000            59.56%
*     0+    0                       318669.0000   130114.3000            59.17%
      0     0  -1.00000e+75     0   318669.0000   130114.3000     1805   59.17%
*     0+    0                       268834.0000   130114.3000            51.60%
      0     0   132426.7778   150   268834.0000     Cuts: 366     2050   50.74%
      0     0   137292.0972   188   268834.0000     Cuts: 387     2589   48.93%
Detecting symmetries...
      0     0   141647.5182   189   268834.0000     Cuts: 341     3343   47.31%
      0     0   143831.5865   204   268834.0000     Cuts: 103     3659   46.50%
      0     0   146626.2448   213   268834.0000     Cuts: 193     4187   45.46%
      0     0   147953.2003   220   268834.0000     Cuts: 152     4496   44.96%
      0     0   149435.8488   183   268834.0000     Cuts: 280     4831   44.41%
      0     0   151045.6121   185   268834.0000     Cuts: 102     5148   43.81%
      0     0   151919.4327   181   268834.0000      Cuts: 75     5359   43.49%
      0     0   152687.2812   203   268834.0000     Cuts: 104     5599   43.20%
      0     0   153413.1267   206   268834.0000      Cuts: 91     5821   42.93%
      0     0   154278.7920   181   268834.0000     Cuts: 129     6062   42.61%
      0     0   155434.0275   215   268834.0000      Cuts: 96     6375   42.18%
      0     0   155962.8097   187   268834.0000     Cuts: 154     6552   41.99%
      0     0   156691.9810   189   268834.0000      Cuts: 64     6751   41.71%
      0     0   157306.0377   188   268834.0000      Cuts: 56     6875   41.49%
      0     0   157718.8669   210   268834.0000      Cuts: 31     7079   41.33%
      0     0   158125.1499   215   268834.0000      Cuts: 65     7242   41.18%
      0     0   159751.5695   210   268834.0000     Cuts: 154     7607   40.58%
      0     0   160489.9144   202   268834.0000      Cuts: 87     7827   40.30%
      0     0   161026.3628   196   268834.0000      Cuts: 52     7994   40.10%
      0     0   161460.5034   182   268834.0000     Cuts: 101     8192   39.94%
      0     0   161871.0174   183   268834.0000      Cuts: 61     8316   39.79%
      0     0   162203.0320   183   268834.0000      Cuts: 66     8478   39.66%
      0     0   162507.0453   184   268834.0000      Cuts: 48     8625   39.55%
      0     0   162786.6125   207   268834.0000      Cuts: 47     8735   39.45%
      0     0   162900.1271   190   268834.0000      Cuts: 36     8812   39.40%
      0     0   163016.1959   187   268834.0000      Cuts: 32     8873   39.36%
      0     0   163096.9581   209   268834.0000      Cuts: 23     8944   39.33%
      0     0   163272.1769   207   268834.0000      Cuts: 40     9019   39.27%
      0     0   163397.3767   232   268834.0000      Cuts: 31     9121   39.22%
      0     0   163629.3486   181   268834.0000     Cuts: 113     9256   39.13%
      0     0   163795.2617   181   268834.0000      Cuts: 45     9369   39.07%
      0     0   164125.9911   185   268834.0000      Cuts: 42     9476   38.95%
      0     0   164209.2977   185   268834.0000      Cuts: 28     9551   38.92%
      0     0   164233.8010   185   268834.0000      Cuts: 21     9600   38.91%
      0     0   164272.9439   185   268834.0000       Cuts: 7     9668   38.89%
Detecting symmetries...
      0     2   164272.9439   185   268834.0000   164272.9439     9668   38.89%
Elapsed time = 10.75 sec. (5941.36 ticks, tree = 0.02 MB, solutions = 12)
     13    10   172202.3478   156   268834.0000   164640.0548    11655   38.76%
     39    36   179979.5000   135   268834.0000   165331.2983    20378   38.50%
     63    54   197788.7376   125   268834.0000   165331.2983    27191   38.50%
     99    87   215701.5000    95   268834.0000   165331.2983    36857   38.50%
    165   120   203486.2885   130   268834.0000   165331.2983    43593   38.50%
    267   202   247176.0000    74   268834.0000   165331.2983    56250   38.50%
    338   297   260664.0000    82   268834.0000   165331.2983    69540   38.50%
*   343   306      integral     0   268362.0000   165331.2983    70288   38.39%
    383   308   177788.4862   190   268362.0000   165759.4615    71322   38.23%
    420   352   181980.0566   152   268362.0000   169673.2591    84877   36.77%
    733   530        cutoff         268362.0000   170481.1907   120802   36.47%
Elapsed time = 22.32 sec. (9092.02 ticks, tree = 3.01 MB, solutions = 13)
   1078   814   263384.5000    71   268362.0000   173231.7734   156889   35.45%
   1377  1083   267409.2500    89   268362.0000   173606.5000   187298   35.31%
   1672  1426   218003.5000   123   268362.0000   174020.7368   231351   35.15%
   1973  1674   241180.0000    66   268362.0000   174924.6577   269061   34.82%
   2368  1978   267164.9394   135   268362.0000   176600.2500   303162   34.19%
   2702  2296   217889.7000    90   268362.0000   177310.1944   343630   33.93%
   2967  2544   252666.9286   112   268362.0000   177811.7645   378608   33.74%
   3283  2779   262585.6667    75   268362.0000   177892.9788   410110   33.71%

Performing restart 1

Repeating presolve.
Tried aggregator 2 times.
MIP Presolve eliminated 3761 rows and 363 columns.
Aggregator did 1 substitutions.
Reduced MIP has 17688 rows, 2564 columns, and 52965 nonzeros.
Reduced MIP has 2564 binaries, 0 generals, 0 SOSs, and 0 indicators.
Presolve time = 0.03 sec. (32.87 ticks)
Tried aggregator 1 time.
Reduced MIP has 17688 rows, 2564 columns, and 52965 nonzeros.
Reduced MIP has 2564 binaries, 0 generals, 0 SOSs, and 0 indicators.
Presolve time = 0.03 sec. (33.09 ticks)
Represolve time = 0.11 sec. (98.04 ticks)
   3301     0   164633.2598   191   268362.0000      Cuts: 46   432403   33.61%
   3301     0   164944.0370   189   268362.0000      Cuts: 42   432541   33.61%
   3301     0   165302.7815   188   268362.0000      Cuts: 71   432674   33.61%
*  3301+    0                       268224.0000   178178.4194            33.57%
*  3301+    0                       267953.0000   178178.4194            33.50%
   3301     0  -1.00000e+75     0   267953.0000   178178.4194   432674   33.50%
   3301     0   165589.4812   193   267953.0000      Cuts: 53   432853   33.50%
   3301     0   165882.6258   190   267953.0000      Cuts: 48   433010   33.50%
   3301     2   165882.6258   190   267953.0000   178178.4194   433010   33.50%
   3302     3   166346.5463   210   267953.0000   178178.4194   433157   33.50%
Elapsed time = 68.83 sec. (26080.69 ticks, tree = 0.02 MB, solutions = 15)
   3318    19   179281.1222   179   267953.0000   178178.4194   439694   33.50%
   3363    48   182125.3689   195   267953.0000   178178.4194   454646   33.50%
   3462   116   197844.8695   186   267953.0000   178178.4194   474585   33.50%
   3532   200   194744.0822   154   267953.0000   178178.4194   495982   33.50%
   3583   213   192006.0839   189   267953.0000   178178.4194   499553   33.50%
   3663   300   198294.5956   159   267953.0000   178178.4194   519658   33.50%
   3740   390   234145.2727   126   267953.0000   178178.4194   535413   33.50%
   3826   470   212568.5263   145   267953.0000   178178.4194   545742   33.50%
   3927   536   255651.6027   134   267953.0000   178178.4194   555525   33.50%
   4085   656   236265.6467   152   267953.0000   178178.4194   573185   33.50%
Elapsed time = 111.15 sec. (35752.73 ticks, tree = 3.28 MB, solutions = 15)
   4215   839   246592.5728   145   267953.0000   178178.4194   597478   33.50%
   4436   889   238646.0714   118   267953.0000   178178.4194   608889   33.50%
   4597  1085   262620.6552   139   267953.0000   178178.4194   631698   33.50%
   4761  1280   210409.9678   188   267953.0000   178178.4194   664123   33.50%
   4919  1333   223556.4097   158   267953.0000   178178.4194   678435   33.50%
   5176  1523   225048.1146   171   267953.0000   178178.4194   705910   33.50%
   5433  1736   245368.0407   153   267953.0000   178178.4194   736891   33.50%
   5621  2006   217666.2326   159   267953.0000   178178.4194   771253   33.50%
   5829  2173   256550.8182   155   267953.0000   178178.4194   794600   33.50%
   6033  2368   217457.8611   142   267953.0000   178178.4194   821977   33.50%
Elapsed time = 151.58 sec. (45330.35 ticks, tree = 8.16 MB, solutions = 15)
   6295  2608   238537.3750   150   267953.0000   178178.4194   855717   33.50%
   6512  2730   197286.2803   189   267953.0000   178178.4194   869702   33.50%
   6721  3124   232891.9000   144   267953.0000   178178.4194   916718   33.50%
   6980  3333   258721.4030   148   267953.0000   178178.4194   946597   33.50%
   7205  3379   236617.9877   181   267953.0000   178178.4194   954178   33.50%
   7380  3687   235109.0714   164   267953.0000   178178.4194   990158   33.50%

Performing restart 2

Repeating presolve.
Tried aggregator 1 time.
MIP Presolve eliminated 93 rows and 8 columns.
Reduced MIP has 17595 rows, 2556 columns, and 67772 nonzeros.
Reduced MIP has 2556 binaries, 0 generals, 0 SOSs, and 0 indicators.
Presolve time = 0.06 sec. (60.97 ticks)
Tried aggregator 1 time.
Reduced MIP has 17595 rows, 2556 columns, and 67772 nonzeros.
Reduced MIP has 2556 binaries, 0 generals, 0 SOSs, and 0 indicators.
Presolve time = 0.06 sec. (51.15 ticks)
Represolve time = 0.17 sec. (153.86 ticks)
   7443     0   167457.3340   195   267953.0000      Cuts: 53  1018994   33.50%
   7443     0   167669.0935   215   267953.0000      Cuts: 43  1019135   33.50%
   7443     0   167856.6260   217   267953.0000      Cuts: 42  1019270   33.50%
   7443     0   168040.5404   219   267953.0000      Cuts: 57  1019412   33.50%
   7443     0   168162.3269   224   267953.0000      Cuts: 52  1019505   33.50%
   7443     0   168332.0205   220   267953.0000      Cuts: 50  1019606   33.50%
   7443     0   168396.3211   221   267953.0000      Cuts: 44  1019692   33.50%
   7443     2   168396.3211   221   267953.0000   178178.4194  1019692   33.50%
   7467    18   191981.5927   166   267953.0000   178178.4194  1030714   33.50%
   7639   143   254798.0000    73   267953.0000   178178.4194  1064603   33.50%
   7819   303   194759.1585   157   267953.0000   178178.4194  1101608   33.50%
Elapsed time = 203.26 sec. (62244.87 ticks, tree = 1.67 MB, solutions = 15)
   7976   401   195586.5096   163   267953.0000   178178.4194  1126756   33.50%
   8210   591   229950.5000    83   267953.0000   178178.4194  1164358   33.50%
   8383   747   194261.2813   161   267953.0000   178178.4194  1201067   33.50%
*  8410+  740                       260187.0000   178178.4194            31.52%
   8546   790   205085.5913   125   260187.0000   178178.4194  1224021   31.52%
   8752   985   254140.5714   149   260187.0000   178178.4194  1257104   31.52%
   8943  1112   186745.1189   217   260187.0000   178178.4194  1287725   31.52%
   9139  1338   219598.1667   112   260187.0000   178178.4194  1331739   31.52%
   9313  1474   252293.6923   131   260187.0000   178178.4194  1356403   31.52%
   9481  1621   245710.8800   116   260187.0000   178804.2342  1391264   31.28%
   9674  1750   207052.4214   146   260187.0000   181787.7926  1419750   30.13%
Elapsed time = 240.42 sec. (71841.23 ticks, tree = 19.64 MB, solutions = 16)
   9863  1887   231029.5000   105   260187.0000   183120.5345  1448648   29.62%
  10077  2130   233851.1818   115   260187.0000   183587.3333  1494627   29.44%
  10280  2273   209911.7692   177   260187.0000   183871.6884  1523588   29.33%
  10477  2378   248362.7037   126   260187.0000   184435.5333  1547320   29.11%
  10709  2615        cutoff         260187.0000   185070.7942  1592512   28.87%
  10931  2827   260139.0000    62   260187.0000   185404.7017  1633555   28.74%
  11179  3048   220042.2667   126   260187.0000   185932.1803  1678991   28.54%
  11385  3157   251288.0154   120   260187.0000   186545.2450  1702255   28.30%
  11564  3314   245645.2764   123   260187.0000   186700.0690  1734099   28.24%
  11761  3553   233343.7500   118   260187.0000   187282.4607  1789165   28.02%
Elapsed time = 277.72 sec. (81443.46 ticks, tree = 32.22 MB, solutions = 16)
  11974  3747   236440.5000    88   260187.0000   187941.9826  1828992   27.77%
  12195  3883   230260.9286   118   260187.0000   187976.0568  1854925   27.75%
* 12251  3893      integral     0   257971.0000   188139.2094  1856299   27.07%
* 12388  3951      integral     0   256848.0000   188335.5267  1896201   26.67%
  12407  3879   243282.4000   123   256848.0000   188335.5267  1880575   26.67%
  12641  4000   226736.5000   124   256848.0000   188898.3232  1920690   26.46%
  12843  4246   245454.2222   115   256848.0000   189032.1249  1973907   26.40%
  13049  4397   254853.6000   122   256848.0000   189709.9248  2007910   26.14%
  13266  4650   212155.7336   161   256848.0000   190501.3539  2062197   25.83%
  13477  4692   200902.3421   149   256848.0000   191231.8239  2070567   25.55%
  13688  4877   230435.5832   134   256848.0000   191242.1682  2114704   25.54%
  13894  5115   241457.3125    94   256848.0000   191371.7289  2164354   25.49%
Elapsed time = 314.21 sec. (91029.59 ticks, tree = 39.13 MB, solutions = 18)
  14123  5178   218374.8697   151   256848.0000   191789.2857  2180002   25.33%
  14308  5340   211161.3444   153   256848.0000   192193.9685  2213159   25.17%
  14504  5609   252056.5546   185   256848.0000   192364.5533  2274302   25.11%
  14695  5714   252082.3455   114   256848.0000   192634.0396  2300424   25.00%
  14903  5816   235085.8333   121   256848.0000   192822.7228  2323848   24.93%
* 15016  6067      integral     0   256534.0000   192822.7228  2372204   24.84%
  15126  6094   212533.9271   165   256534.0000   192898.9555  2385561   24.81%
  15332  6212   221162.5000   106   256534.0000   193240.6605  2415433   24.67%
  15558  6439   244820.8956   139   256534.0000   193313.2300  2461811   24.64%
* 15596+ 6459                       253985.0000   193331.3997            23.88%
  15787  6341   240858.6111   113   253985.0000   193336.6443  2500106   23.88%
  15930  6373   229551.8649   161   253985.0000   193871.3562  2506683   23.67%
Elapsed time = 352.16 sec. (100594.40 ticks, tree = 47.00 MB, solutions = 20)
* 15934  6440      integral     0   247330.0000   193871.3562  2521026   21.61%
  16146  5760   220849.8384   141   247330.0000   193939.0588  2562891   21.59%
  16381  5822   238390.5000   126   247330.0000   194227.4000  2576305   21.47%
  16625  6075   241224.0312   125   247330.0000   194332.8660  2630798   21.43%
  16867  6269   231647.1429   144   247330.0000   194720.8636  2670925   21.27%
  17113  6417   224296.4220   137   247330.0000   195046.1464  2706536   21.14%
  17318  6636   245331.3290   159   247330.0000   195243.7674  2750776   21.06%
  17540  6731   245810.3049   147   247330.0000   195415.6876  2775330   20.99%
  17747  7061   229904.4231   138   247330.0000   195762.9118  2851186   20.85%
  17924  7045   203153.0581   156   247330.0000   195866.6605  2849697   20.81%
  18810  7697   231159.4000   127   247330.0000   196510.0840  3003527   20.55%
Elapsed time = 398.81 sec. (113068.89 ticks, tree = 47.31 MB, solutions = 21)
  19698  8590   225866.8387   114   247330.0000   197257.5517  3205601   20.25%
  20528  9193   229049.4444   106   247330.0000   197859.1465  3339857   20.00%
  21488  9930   220485.1507   137   247330.0000   198394.9130  3503261   19.79%
  22452 10601   237186.4928   173   247330.0000   198836.7701  3645326   19.61%
  23340 11271   220408.2000   133   247330.0000   199370.9186  3782965   19.39%
* 23919 11793      integral     0   241653.0000   199628.6428  3892344   17.39%
  24083 11946   222904.0864   145   241653.0000   199628.6428  3925208   17.39%
* 24348+10624                       236243.0000   199755.1949            15.45%
  24958  9655   234097.4327   148   236243.0000   200112.9971  4109475   15.29%
  25861 10106   216932.0957   124   236243.0000   200545.6022  4218435   15.11%
  26729 10969   212924.6667    99   236243.0000   200909.7925  4428318   14.96%
  27698 11335   233102.7500   103   236243.0000   201200.9798  4516978   14.83%
Elapsed time = 540.15 sec. (151250.82 ticks, tree = 54.01 MB, solutions = 23)
  28600 12138   206275.5000   111   236243.0000   201598.1864  4705177   14.66%
  29396 12895   227349.3636   121   236243.0000   201947.7126  4898647   14.52%
  30322 13262   229387.7500   110   236243.0000   202227.1077  4992276   14.40%
  31256 13993   213909.7201   168   236243.0000   202521.5280  5171991   14.27%
  32012 14465   212334.4054   139   236243.0000   202809.4444  5289434   14.15%
  32786 14968   225540.2051   135   236243.0000   203008.2143  5405943   14.07%
  33681 15701        cutoff         236243.0000   203255.5568  5584422   13.96%
  34574 16357   228492.2810   146   236243.0000   203638.2273  5752989   13.80%
  35526 17111   222180.2083   152   236243.0000   203935.7050  5950943   13.68%
  36469 17505   234365.5920   166   236243.0000   204181.7037  6052136   13.57%
Elapsed time = 679.18 sec. (189461.87 ticks, tree = 72.56 MB, solutions = 23)
  37373 18193   209006.6865   149   236243.0000   204475.9122  6226697   13.45%
  38205 18934        cutoff         236243.0000   204755.8195  6417966   13.33%
  39109 19313   211573.4102   156   236243.0000   205035.5791  6518671   13.21%
  40069 19977   222120.4706   137   236243.0000   205224.4921  6670829   13.13%
  40961 20703   233877.5000   118   236243.0000   205432.2459  6835800   13.04%
  41794 21334   233893.0329   144   236243.0000   205700.5909  6968333   12.93%
  42677 21921   230396.6111   118   236243.0000   205920.7046  7099184   12.84%
  43548 22121   235555.7824   144   236243.0000   206099.0696  7133591   12.76%
  44324 22993   212623.8731   139   236243.0000   206224.5515  7298137   12.71%
  45202 23588   208246.7466   169   236243.0000   206411.9940  7429945   12.63%
Elapsed time = 840.62 sec. (227637.73 ticks, tree = 309.87 MB, solutions = 23)
  46170 23972   234557.1250   119   236243.0000   206544.0477  7493968   12.57%
  47109 24508   227376.5645   155   236243.0000   206713.4109  7596693   12.50%
  47899 25260   230906.0315   122   236243.0000   206899.1458  7731147   12.42%
  48717 25677   221783.2475   207   236243.0000   207061.0670  7803751   12.35%
  49563 26358   213311.2948   150   236243.0000   207217.0240  7940115   12.29%
  50525 26658        cutoff         236243.0000   207350.3042  8002244   12.23%
  51387 27597   232334.3318   136   236243.0000   207571.2372  8181290   12.14%
  52373 28153   216811.0000   147   236243.0000   207758.2632  8288037   12.06%
* 52708 28580      integral     0   234348.0000   207795.5811  8359624   11.33%
  53344 27160   225716.7073   136   234348.0000   207905.9003  8382445   11.28%
  54255 27628   218266.6667   113   234348.0000   208049.1756  8476573   11.22%
Elapsed time = 1014.27 sec. (265816.14 ticks, tree = 833.71 MB, solutions = 24)
  55044 28346   219806.3163   155   234348.0000   208188.7821  8620801   11.16%
  55830 28707   226806.4286   118   234348.0000   208390.3943  8700390   11.08%
  56693 29160   227751.2958   136   234348.0000   208562.1500  8796386   11.00%
  57622 30019   228419.4138   151   234348.0000   208722.0663  8956500   10.93%
  58457 30292   230210.4259   127   234348.0000   208887.5497  9008635   10.86%
  59381 31166   230517.7000    98   234348.0000   209007.3068  9202974   10.81%
  60364 31361   216472.1650   151   234348.0000   209123.0000  9245102   10.76%
  61292 32007   221409.3309   174   234348.0000   209252.0000  9368564   10.71%
  62103 32492        cutoff         234348.0000   209377.9703  9474109   10.66%
  62890 32844   220867.4872   126   234348.0000   209533.7981  9555542   10.59%
Elapsed time = 1182.34 sec. (303993.27 ticks, tree = 1319.63 MB, solutions = 24)
  63793 33555   229600.7671   149   234348.0000   209676.8937  9714723   10.53%
  64549 34325   229977.4462   132   234348.0000   209802.4385  9847518   10.47%
  65462 34465   219904.9154   130   234348.0000   209923.2917  9881694   10.42%
  66342 34935   234179.9491   149   234348.0000   210010.8778  9979503   10.39%
  67345 35519        cutoff         234348.0000   210137.3103 10121889   10.33%
  68278 36196   215911.6563   156   234348.0000   210234.9046 10260727   10.29%
  69140 36951   232247.6889   153   234348.0000   210398.6250 10429669   10.22%
  69930 37209   230004.5000   131   234348.0000   210541.8319 10480972   10.16%
  70812 37818        cutoff         234348.0000   210654.9678 10615395   10.11%
  71766 38211   228794.8333   144   234348.0000   210745.1712 10705106   10.07%
Elapsed time = 1358.24 sec. (342177.80 ticks, tree = 1810.97 MB, solutions = 24)
  72611 38609   230363.5852   129   234348.0000   210820.2159 10795261   10.04%
  73501 38974   225445.5457   148   234348.0000   210925.7388 10887927    9.99%
  74384 39314   231467.6000   138   234348.0000   211031.1312 10972835    9.95%
  75318 39976   231963.4750   141   234348.0000   211162.6087 11130095    9.89%
  76153 40369   228954.1250   115   234348.0000   211303.0490 11224151    9.83%
  76988 41147   230638.8641   111   234348.0000   211438.6148 11415909    9.78%
  77926 41281   221264.6948   144   234348.0000   211571.3125 11441371    9.72%
  78844 41859   226147.8548   135   234348.0000   211682.4108 11566823    9.67%
  79641 42510   223156.4103   160   234348.0000   211783.5128 11701565    9.63%
* 80162+42684                       234270.0000   211829.5167             9.58%
  80410 42818   233098.4088   164   234270.0000   211841.0000 11788175    9.57%
Elapsed time = 1541.61 sec. (380373.52 ticks, tree = 2222.59 MB, solutions = 25)
Nodefile size = 170.42 MB (101.70 MB after compression)
  81355 43238   233821.0000    71   234270.0000   211947.0116 11924782    9.53%
  82352 43661        cutoff         234270.0000   212017.2727 12022713    9.50%
  83334 43972   224319.0633   133   234270.0000   212090.1250 12076945    9.47%
  84120 44545   216705.1805   143   234270.0000   212200.9048 12199296    9.42%
  85089 45236   230577.8333   116   234270.0000   212294.0160 12345922    9.38%
  86046 45949        cutoff         234270.0000   212419.3639 12512983    9.33%
  86995 46342   221138.0076   162   234270.0000   212493.6401 12596914    9.30%
  87891 46879   231208.5294   126   234270.0000   212587.3273 12725928    9.26%
  88761 47096   229208.9214   145   234270.0000   212661.8596 12783575    9.22%
  89754 47813        cutoff         234270.0000   212799.0000 12953744    9.17%
Elapsed time = 1719.37 sec. (418554.55 ticks, tree = 2654.25 MB, solutions = 25)
Nodefile size = 599.49 MB (358.66 MB after compression)
  90733 47938   228855.2000   113   234270.0000   212842.1667 12985043    9.15%
  91591 48640   233678.0000    83   234270.0000   212940.6250 13138906    9.10%
  92503 49133   216623.1789   168   234270.0000   213047.3684 13254987    9.06%
  93550 49551   222622.6359   150   234270.0000   213170.7436 13350795    9.01%
  94621 50362   226966.9701   143   234270.0000   213265.2771 13523064    8.97%
  95522 50566   232814.2024   138   234270.0000   213337.1797 13578403    8.94%
  96399 51027   232808.6884   154   234270.0000   213389.7500 13693111    8.91%
  97293 51524   226200.4058   149   234270.0000   213466.0926 13836152    8.88%
  98305 51874   231460.4867   147   234270.0000   213570.7778 13920446    8.84%
  99191 52571   226999.0818   160   234270.0000   213647.9341 14077228    8.80%
Elapsed time = 1890.46 sec. (456743.39 ticks, tree = 3124.74 MB, solutions = 25)
Nodefile size = 1071.88 MB (642.70 MB after compression)
 100157 53002   226961.8051   144   234270.0000   213755.3030 14178329    8.76%
 101073 53262   233168.2524   127   234270.0000   213855.3607 14232776    8.71%
 102068 53683   221634.6000   139   234270.0000   213956.4939 14339737    8.67%
 103010 54404        cutoff         234270.0000   214025.0000 14509966    8.64%
 103951 54798   229846.7857   122   234270.0000   214081.5870 14604902    8.62%
*104208+54740                       233655.0000   214113.5634             8.36%
 104833 54291   224292.1670   146   233655.0000   214176.2000 14734342    8.34%
 105814 54623   222509.9259   139   233655.0000   214254.5438 14826680    8.30%
 106727 54959   233438.8148   151   233655.0000   214338.8743 14909435    8.27%
 107609 55641   233080.1818   133   233655.0000   214445.8739 15084316    8.22%
 108555 55926        cutoff         233655.0000   214543.8667 15167158    8.18%
Elapsed time = 2057.07 sec. (494913.43 ticks, tree = 3442.67 MB, solutions = 26)
Nodefile size = 1391.86 MB (835.52 MB after compression)
 109504 56252   227883.2286   157   233655.0000   214628.4920 15251929    8.14%
 110516 56880   226807.5444   141   233655.0000   214690.7333 15419328    8.12%
 111472 56990   226803.1613   161   233655.0000   214770.5601 15446273    8.08%
 112395 57499   222145.9579   163   233655.0000   214855.0000 15576226    8.05%
 113243 58056   232240.9133   131   233655.0000   214922.6044 15715425    8.02%
 114119 58572   222142.6324   159   233655.0000   215025.7372 15875157    7.97%
 115064 58968        cutoff         233655.0000   215114.5498 15984428    7.93%
 115967 59327        cutoff         233655.0000   215187.3711 16076634    7.90%
 116877 59656   226458.1250   125   233655.0000   215265.6847 16199688    7.87%
 117760 60041        cutoff         233655.0000   215351.7531 16312561    7.83%
Elapsed time = 2226.00 sec. (533097.22 ticks, tree = 3741.14 MB, solutions = 26)
Nodefile size = 1692.90 MB (1016.48 MB after compression)
 118764 60149   229140.0145   151   233655.0000   215408.4998 16359178    7.81%
 119758 60734   225647.2249   132   233655.0000   215483.9286 16526284    7.78%
 120649 61082   228269.3687   125   233655.0000   215571.6659 16622696    7.74%
 121488 61567   232221.0046   160   233655.0000   215635.1305 16767970    7.71%
 122340 61881   232867.3955   183   233655.0000   215746.8183 16868056    7.66%
 123363 62277   223026.4619   163   233655.0000   215813.0500 16972706    7.64%
 124331 62621        cutoff         233655.0000   215867.1442 17089502    7.61%
 125262 62715        cutoff         233655.0000   215926.8182 17120117    7.59%
 126247 63185   221464.1092   138   233655.0000   216005.5351 17257303    7.55%
 127239 63762   232268.8846   151   233655.0000   216085.1429 17429346    7.52%
Elapsed time = 2393.99 sec. (571299.54 ticks, tree = 4033.72 MB, solutions = 26)
Nodefile size = 1985.27 MB (1192.46 MB after compression)
 128170 63975   229621.1364   121   233655.0000   216171.0968 17505175    7.48%
 129161 64336   233379.5000    66   233655.0000   216233.1598 17606330    7.46%
 130013 64900   228231.3143   125   233655.0000   216300.2500 17765224    7.43%
 130918 65271   223158.1145   155   233655.0000   216384.1124 17891193    7.39%
 131944 65492        cutoff         233655.0000   216465.5000 17960789    7.36%
 132955 65892        cutoff         233655.0000   216548.3021 18079838    7.32%
 133826 66223   232911.5385   130   233655.0000   216613.4286 18175550    7.29%
 134722 66508        cutoff         233655.0000   216656.1776 18287179    7.28%
 135738 67086   232370.9904   107   233655.0000   216735.5086 18485647    7.24%
 136718 67283        cutoff         233655.0000   216805.3333 18538828    7.21%
Elapsed time = 2561.05 sec. (609486.11 ticks, tree = 4352.17 MB, solutions = 26)
Nodefile size = 2288.92 MB (1374.37 MB after compression)
 137691 67553   224143.3953   133   233655.0000   216892.5147 18611526    7.17%
 138452 68093   229555.1094   152   233655.0000   216961.2222 18757761    7.14%
 139335 68300   221758.9463   141   233655.0000   217034.1413 18852377    7.11%
 140415 68653        cutoff         233655.0000   217080.2245 18994017    7.09%
 141428 69181        cutoff         233655.0000   217149.3485 19141179    7.06%
 142307 69550   233353.4898   101   233655.0000   217216.2727 19267368    7.04%
 143217 69688   233190.0000   110   233655.0000   217276.6587 19341061    7.01%
 144223 69895        cutoff         233655.0000   217346.0930 19418109    6.98%
 145220 70306        cutoff         233655.0000   217421.5714 19571209    6.95%
 146144 70705   226168.4545   117   233655.0000   217469.0000 19711426    6.93%
Elapsed time = 2727.46 sec. (647653.43 ticks, tree = 4729.41 MB, solutions = 26)
Nodefile size = 2673.34 MB (1606.51 MB after compression)
 147018 70931   228339.0000   125   233655.0000   217537.0211 19784426    6.90%
 148027 71372   229371.8733   143   233655.0000   217606.2367 19945431    6.87%
 149107 71740   225674.2083   117   233655.0000   217693.2742 20074182    6.83%
 150098 72116   229012.5000    78   233655.0000   217762.9583 20181763    6.80%
 151188 72505        cutoff         233655.0000   217805.9357 20303390    6.78%
 152072 72432   226740.5312   132   233655.0000   217851.2857 20303041    6.76%
 153033 73096   224315.7292   134   233655.0000   217931.0000 20513840    6.73%
 154014 73277        cutoff         233655.0000   218013.5000 20585748    6.69%
 155008 73877   233375.7143   122   233655.0000   218081.3084 20775437    6.67%
 155994 73992   232938.7951   164   233655.0000   218139.2353 20817249    6.64%
Elapsed time = 2896.36 sec. (685850.12 ticks, tree = 4992.88 MB, solutions = 26)
Nodefile size = 2936.82 MB (1764.92 MB after compression)
 156907 74228        cutoff         233655.0000   218184.5000 20900351    6.62%
 157905 74513   231291.3750   136   233655.0000   218253.2000 20994257    6.59%
 159016 75194   225350.8333   117   233655.0000   218349.1563 21232803    6.55%
 160000 75472   233415.7222   117   233655.0000   218403.5870 21309262    6.53%
 160959 75802   228707.2222   120   233655.0000   218460.8723 21429973    6.50%
 161888 76019        cutoff         233655.0000   218502.0451 21514961    6.49%
 162895 76227   228543.8667   116   233655.0000   218559.8437 21609848    6.46%
 163928 76550   221175.8391   144   233655.0000   218640.1691 21725169    6.43%
 164957 76954   222873.9023   161   233655.0000   218705.4400 21860070    6.40%
 165980 77179   224069.1683   129   233655.0000   218771.0000 21951138    6.37%
Elapsed time = 3069.07 sec. (724035.21 ticks, tree = 5320.88 MB, solutions = 26)
Nodefile size = 3264.99 MB (1962.86 MB after compression)
 166916 77595   233060.5176   142   233655.0000   218816.8750 22116003    6.35%
 167955 77793   225012.5069   151   233655.0000   218888.3333 22186467    6.32%
 168926 78310   231363.3600   148   233655.0000   218961.0749 22380216    6.29%
 169844 78593   231807.9651   130   233655.0000   219041.4615 22462925    6.25%
 170815 78722   230400.2597   116   233655.0000   219085.6190 22541126    6.24%
 171851 78911   227371.9620   155   233655.0000   219115.6003 22620972    6.22%
 172798 79147   233035.8285   150   233655.0000   219196.6183 22711967    6.19%
 173819 79488   231112.5021   166   233655.0000   219259.3197 22856015    6.16%
 174802 79763        cutoff         233655.0000   219335.9740 22972974    6.13%
 175716 79970        cutoff         233655.0000   219381.6599 23057858    6.11%
Elapsed time = 3235.68 sec. (762215.74 ticks, tree = 5538.18 MB, solutions = 26)
Nodefile size = 3485.26 MB (2095.16 MB after compression)
Starting limited solution polishing.
 176787 80353   232322.1982   146   233655.0000   219443.5203 23241554    6.08%
 177860 80509   222621.7808   172   233655.0000   219517.2550 23314978    6.05%
 178777 80862        cutoff         233655.0000   219585.8403 23470438    6.02%
 179625 81120   225814.4241   116   233655.0000   219614.4952 23575673    6.01%
 180502 81347   227505.1667   115   233655.0000   219689.3819 23690928    5.98%
 181144 81437        cutoff         233655.0000   219736.9342 23731135    5.96%
*181843+81618                       232932.0000   219793.6842             5.64%
 181966 79479   230707.1300   129   232932.0000   219802.6040 23886356    5.64%
 182632 79500        cutoff         232932.0000   219865.0000 23901081    5.61%
 183216 79631   229645.5000    86   232932.0000   219865.0000 23956542    5.61%
 183708 79822   231664.5596   146   232932.0000   219917.0857 24064553    5.59%
Elapsed time = 3367.83 sec. (800406.01 ticks, tree = 5591.79 MB, solutions = 27)
Nodefile size = 3536.94 MB (2126.83 MB after compression)
 184617 79827        cutoff         232932.0000   219999.3876 24078407    5.55%
 185356 80199   230463.7040   140   232932.0000   220032.5833 24264075    5.54%
 186161 80377   230629.8654   123   232932.0000   220090.0110 24357665    5.51%
 186817 80366   229259.5676   137   232932.0000   220090.0110 24345454    5.51%
 187489 80576        cutoff         232932.0000   220141.7059 24462144    5.49%
 188096 80705        cutoff         232932.0000   220155.7335 24576342    5.48%
 188820 80873   228872.9478   132   232932.0000   220238.5833 24642149    5.45%
 189462 80965        cutoff         232932.0000   220304.0000 24721388    5.42%
 190248 81013   225901.7437   154   232932.0000   220333.5000 24761024    5.41%
 191081 81154   230217.4167   150   232932.0000   220382.0000 24830342    5.39%
Elapsed time = 3488.01 sec. (838600.08 ticks, tree = 5686.14 MB, solutions = 27)
Nodefile size = 3621.59 MB (2177.57 MB after compression)
 191691 81430   227473.3610   185   232932.0000   220424.6131 24975357    5.37%
 192349 81518   225711.3626   142   232932.0000   220448.6364 25024578    5.36%
 192900 81563   228355.4619   146   232932.0000   220448.6364 25054593    5.36%
 193596 81677   228723.5835   178   232932.0000   220538.1250 25126093    5.32%
 194101 81873   227633.6897   151   232932.0000   220557.3437 25218889    5.31%
 194694 81944   225672.0588   153   232932.0000   220614.6786 25317930    5.29%
 195177 82038   228895.7167   119   232932.0000   220623.6905 25383476    5.28%
 195736 82024        cutoff         232932.0000   220634.8203 25379344    5.28%
 196257 82155        cutoff         232932.0000   220697.4851 25487509    5.25%
 197010 82170        cutoff         232932.0000   220747.0000 25501772    5.23%
Elapsed time = 3594.65 sec. (876826.21 ticks, tree = 5764.24 MB, solutions = 27)
Nodefile size = 3714.93 MB (2233.50 MB after compression)

Zero-half cuts applied:  390
Lift and project cuts applied:  276

Root node processing (before b&c):
  Real time             =   10.72 sec. (5909.17 ticks)
Parallel b&c, 8 threads:
  Real time             = 3591.05 sec. (876169.17 ticks)
  Sync time (average)   =  480.42 sec.
  Wait time (average)   =    0.01 sec.
                          ------------
Total (root+branch&cut) = 3601.77 sec. (882078.34 ticks)
Status: Feasible
Obj: 232932

Instalacoes abertas:
Instalação 1 aberta
Instalação 4 aberta
Instalação 8 aberta
Instalação 9 aberta
Instalação 20 aberta
Instalação 22 aberta
Instalação 47 aberta

Atribuições (cliente -> instalação):
Cliente 0 -> Instalação 20
Cliente 1 -> Instalação 8
Cliente 2 -> Instalação 1
Cliente 3 -> Instalação 20
Cliente 4 -> Instalação 4
Cliente 5 -> Instalação 1
Cliente 6 -> Instalação 4
Cliente 7 -> Instalação 4
Cliente 8 -> Instalação 4
Cliente 9 -> Instalação 8
Cliente 10 -> Instalação 9
Cliente 11 -> Instalação 20
Cliente 12 -> Instalação 4
Cliente 13 -> Instalação 47
Cliente 14 -> Instalação 1
Cliente 15 -> Instalação 8
Cliente 16 -> Instalação 1
Cliente 17 -> Instalação 4
Cliente 18 -> Instalação 47
Cliente 19 -> Instalação 47
Cliente 20 -> Instalação 4
Cliente 21 -> Instalação 9
Cliente 22 -> Instalação 22
Cliente 23 -> Instalação 9
Cliente 24 -> Instalação 1
Cliente 25 -> Instalação 20
Cliente 26 -> Instalação 8
Cliente 27 -> Instalação 22
Cliente 28 -> Instalação 9
Cliente 29 -> Instalação 9
Cliente 30 -> Instalação 8
Cliente 31 -> Instalação 20
Cliente 32 -> Instalação 4
Cliente 33 -> Instalação 20
Cliente 34 -> Instalação 1
Cliente 35 -> Instalação 8
Cliente 36 -> Instalação 4
Cliente 37 -> Instalação 20
Cliente 38 -> Instalação 8
Cliente 39 -> Instalação 9
Cliente 40 -> Instalação 47
Cliente 41 -> Instalação 9
Cliente 42 -> Instalação 8
Cliente 43 -> Instalação 1
Cliente 44 -> Instalação 9
Cliente 45 -> Instalação 4
Cliente 46 -> Instalação 8
Cliente 47 -> Instalação 47
Cliente 48 -> Instalação 47
Cliente 49 -> Instalação 47
