Version identifier: 22.1.1.0 | 2022-11-28 | 9160aff4d
CPXPARAM_TimeLimit                               3600
Tried aggregator 1 time.
MIP Presolve eliminated 50 rows and 1 columns.
Reduced MIP has 21250 rows, 2924 columns, and 63650 nonzeros.
Reduced MIP has 2924 binaries, 0 generals, 0 SOSs, and 0 indicators.
Presolve time = 0.03 sec. (32.46 ticks)
Found incumbent of value 1.7024066e+07 after 0.04 sec. (40.79 ticks)
Probing time = 0.01 sec. (5.36 ticks)
Tried aggregator 1 time.
Detecting symmetries...
Reduced MIP has 21250 rows, 2924 columns, and 63650 nonzeros.
Reduced MIP has 2924 binaries, 0 generals, 0 SOSs, and 0 indicators.
Presolve time = 0.04 sec. (38.85 ticks)
Probing time = 0.01 sec. (5.36 ticks)
Clique table members: 2500.
MIP emphasis: balance optimality and feasibility.
MIP search method: dynamic search.
Parallel mode: deterministic, using up to 8 threads.
Root relaxation solution time = 0.10 sec. (32.54 ticks)

        Nodes                                         Cuts/
   Node  Left     Objective  IInf  Best Integer    Best Bound    ItCnt     Gap

*     0+    0                       1.70241e+07        0.0000           100.00%
*     0+    0                       1.26911e+07        0.0000           100.00%
*     0+    0                       837928.0000        0.0000           100.00%
*     0+    0                       702733.0000        0.0000           100.00%
      0     0    93774.0000   100   702733.0000    93774.0000      194   86.66%
*     0+    0                       367730.0000    93774.0000            74.50%
      0     0   106217.5000   100   367730.0000     Cuts: 932      414   71.12%
      0     0   118774.0000    98   367730.0000     Cuts: 933      666   67.70%
*     0+    0                       305708.0000   118774.0000            61.15%
      0     0   129354.3611   177   305708.0000 ZeroHalf: 391     1565   57.69%
*     0+    0                       305539.0000   129354.3611            57.66%
      0     0  -1.00000e+75     0   305539.0000   129354.3611     1565   57.66%
*     0+    0                       282765.0000   129354.3611            54.25%
*     0+    0                       260460.0000   129354.3611            50.34%
      0     0   134337.4292   195   260460.0000     Cuts: 466     2316   48.42%
      0     0   138541.1604   190   260460.0000     Cuts: 334     2881   46.81%
Detecting symmetries...
      0     0   143212.6252   205   260460.0000     Cuts: 290     3358   45.02%
      0     0   145196.1026   198   260460.0000     Cuts: 190     3700   44.25%
      0     0   147431.0377   228   260460.0000     Cuts: 205     4137   43.40%
      0     0   148659.3281   206   260460.0000     Cuts: 150     4359   42.92%
      0     0   149497.9597   209   260460.0000     Cuts: 117     4571   42.60%
      0     0   149996.3333   188   260460.0000     Cuts: 185     4796   42.41%
      0     0   150500.2762   187   260460.0000      Cuts: 82     5024   42.22%
      0     0   150990.3208   184   260460.0000      Cuts: 89     5241   42.03%
      0     0   151378.1432   188   260460.0000      Cuts: 70     5375   41.88%
      0     0   152231.0188   183   260460.0000      Cuts: 61     5561   41.55%
      0     0   153160.5995   213   260460.0000      Cuts: 83     5855   41.20%
      0     0   153902.3422   216   260460.0000     Cuts: 125     6078   40.91%
      0     0   154592.4106   207   260460.0000     Cuts: 134     6257   40.65%
      0     0   155435.8527   215   260460.0000     Cuts: 112     6514   40.32%
      0     0   156362.8832   215   260460.0000      Cuts: 97     6691   39.97%
      0     0   156957.6684   204   260460.0000     Cuts: 181     6936   39.74%
      0     0   157282.0739   201   260460.0000      Cuts: 57     7067   39.61%
      0     0   157720.3314   215   260460.0000     Cuts: 110     7200   39.45%
      0     0   158055.3463   208   260460.0000      Cuts: 47     7313   39.32%
      0     0   158601.8892   187   260460.0000     Cuts: 112     7524   39.11%
      0     0   158825.2771   186   260460.0000      Cuts: 44     7651   39.02%
      0     0   159045.1338   191   260460.0000      Cuts: 66     7816   38.94%
      0     0   159435.4050   187   260460.0000      Cuts: 32     7999   38.79%
      0     0   159597.9038   205   260460.0000      Cuts: 49     8102   38.72%
      0     0   159751.7738   189   260460.0000      Cuts: 78     8184   38.67%
      0     0   159913.2998   186   260460.0000      Cuts: 27     8296   38.60%
      0     0   160088.6378   180   260460.0000      Cuts: 33     8385   38.54%
      0     0   160123.7138   189   260460.0000      Cuts: 30     8430   38.52%
      0     0   160212.6885   186   260460.0000      Cuts: 22     8523   38.49%
      0     0   160352.3266   187   260460.0000      Cuts: 29     8689   38.43%
      0     0   160559.4476   210   260460.0000      Cuts: 40     8814   38.36%
      0     0   160759.1296   206   260460.0000      Cuts: 28     8895   38.28%
      0     0   161042.1574   182   260460.0000      Cuts: 64     9029   38.17%
      0     0   161211.2774   206   260460.0000      Cuts: 37     9120   38.11%
      0     0   161392.6322   209   260460.0000      Cuts: 35     9224   38.04%
      0     0   161606.5668   208   260460.0000      Cuts: 39     9353   37.95%
      0     0   161807.7444   207   260460.0000      Cuts: 32     9443   37.88%
      0     0   161949.7854   209   260460.0000      Cuts: 25     9510   37.82%
      0     0   162037.1391   210   260460.0000      Cuts: 26     9578   37.79%
      0     0   162106.4088   203   260460.0000      Cuts: 14     9624   37.76%
Detecting symmetries...
      0     2   162106.4088   203   260460.0000   162106.4088     9624   37.76%
Elapsed time = 11.30 sec. (5978.71 ticks, tree = 0.02 MB, solutions = 9)
      5     5   182015.5797   141   260460.0000   162108.4292    10999   37.76%
     34    19   175430.8963   156   260460.0000   162171.3260    14759   37.74%
     92    79   207801.8214   109   260460.0000   163122.7717    25197   37.37%
    154   139   233805.5000    83   260460.0000   163122.7717    34529   37.37%
    244   183   213039.1000   116   260460.0000   163122.7717    39948   37.37%
    305   246   239465.0000    69   260460.0000   163122.7717    47845   37.37%
    381   335   201715.0000    84   260460.0000   163122.7717    61083   37.37%
    443   352   183942.9242   133   260460.0000   163122.7717    65915   37.37%
    509   396        cutoff         260460.0000   163122.7717    73523   37.37%
    791   634   190290.9394   134   260460.0000   169584.3195   112218   34.89%
Elapsed time = 22.00 sec. (9120.88 ticks, tree = 9.79 MB, solutions = 9)
   1036   831   227067.0000   125   260460.0000   169584.3195   140571   34.89%
   1296  1086   216854.2500    98   260460.0000   169985.9755   175303   34.74%
   1599  1363        cutoff         260460.0000   169985.9755   210663   34.74%
   1888  1567   201202.0170   159   260460.0000   174651.5337   241841   32.94%
   2206  1812   214440.0000    95   260460.0000   175212.9511   274302   32.73%
   2514  2128   253919.5000   145   260460.0000   175575.9375   313592   32.59%
   2902  2380   198093.3222   143   260460.0000   176878.2047   339926   32.09%
   3276  2675   210352.0000   101   260460.0000   177322.0242   370032   31.92%

Performing restart 1

Repeating presolve.
Tried aggregator 2 times.
MIP Presolve eliminated 4014 rows and 384 columns.
Aggregator did 1 substitutions.
Reduced MIP has 17235 rows, 2539 columns, and 51606 nonzeros.
Reduced MIP has 2539 binaries, 0 generals, 0 SOSs, and 0 indicators.
Presolve time = 0.03 sec. (32.30 ticks)
Tried aggregator 1 time.
Reduced MIP has 17235 rows, 2539 columns, and 51606 nonzeros.
Reduced MIP has 2539 binaries, 0 generals, 0 SOSs, and 0 indicators.
Presolve time = 0.03 sec. (32.31 ticks)
Represolve time = 0.10 sec. (96.25 ticks)
   3293     0   162721.8456   195   260460.0000      Cuts: 55   393722   31.84%
*  3293+    0                       259124.0000   177540.9228            31.48%
   3293     0   163187.7597   191   259124.0000      Cuts: 50   393954   31.48%
   3293     0   163763.6900   187   259124.0000      Cuts: 56   394135   31.48%
   3293     0   164076.7053   187   259124.0000      Cuts: 56   394308   31.48%
   3293     0   164671.5133   209   259124.0000      Cuts: 70   394489   31.48%
   3293     0   165274.9322   190   259124.0000      Cuts: 55   394708   31.48%
   3293     0   165766.6069   216   259124.0000      Cuts: 66   394949   31.48%
*  3293+    0                       254050.0000   177540.9228            30.12%
   3293     0  -1.00000e+75     0   254050.0000   177540.9228   394949   30.12%
   3293     2   165766.6069   216   254050.0000   177540.9228   394949   30.12%
   3295     3   172856.5504   180   254050.0000   177540.9228   395610   30.12%
Elapsed time = 74.65 sec. (27975.50 ticks, tree = 0.02 MB, solutions = 12)
   3301    10   189975.4889   161   254050.0000   177540.9228   398318   30.12%
   3314    17   167890.2014   188   254050.0000   177540.9228   402030   30.12%
   3327    23   182476.6018   193   254050.0000   177540.9228   406588   30.12%
   3339    45   197358.6720   181   254050.0000   177540.9228   423164   30.12%
   3357    51   189233.8441   172   254050.0000   177540.9228   426832   30.12%
   3429    91   182088.2000   134   254050.0000   177540.9228   440575   30.12%
   3505   154   201226.9023   141   254050.0000   177540.9228   454595   30.12%
   3593   177   213297.2727   137   254050.0000   177540.9228   457772   30.12%
   3718   284   240322.0417   152   254050.0000   177540.9228   472760   30.12%
   3818   327   187980.4828   158   254050.0000   177540.9228   478223   30.12%
Elapsed time = 118.99 sec. (38441.85 ticks, tree = 20.68 MB, solutions = 12)
   3947   471   224491.7681   121   254050.0000   177540.9228   491601   30.12%
   4096   510   191588.1272   170   254050.0000   177540.9228   498161   30.12%
   4235   647   202097.3144   165   254050.0000   177540.9228   523720   30.12%
   4384   811   242977.1071   143   254050.0000   177540.9228   542757   30.12%
   4509   900   231537.1690   173   254050.0000   177540.9228   557713   30.12%
   4702  1012   221644.0772   220   254050.0000   177540.9228   571358   30.12%
   4903  1078   196528.6030   199   254050.0000   177540.9228   575768   30.12%
   5077  1317   220159.8764   209   254050.0000   177540.9228   599014   30.12%
   5243  1589   193846.0784   175   254050.0000   177540.9228   621702   30.12%
   5471  1718   253679.4511   166   254050.0000   177540.9228   628949   30.12%
Elapsed time = 165.63 sec. (48078.13 ticks, tree = 172.86 MB, solutions = 12)
   5637  1852   194582.1559   144   254050.0000   177540.9228   641608   30.12%
   5853  1984   233747.7287   167   254050.0000   177540.9228   654187   30.12%
   6083  2191   222590.7500   133   254050.0000   177540.9228   674188   30.12%
   6331  2425   241335.0431   150   254050.0000   177540.9228   689300   30.12%
   6625  2709   229184.5822   139   254050.0000   177540.9228   714873   30.12%
   6840  2967   223240.8086   170   254050.0000   177540.9228   734581   30.12%
   7049  3031        cutoff         254050.0000   177540.9228   741689   30.12%
   7204  3342   233124.8302   197   254050.0000   177540.9228   775744   30.12%
   7459  3436   249243.3200   137   254050.0000   178225.1407   788474   29.85%
   7650  3585   213018.4453   160   254050.0000   178396.1794   810659   29.78%
Elapsed time = 212.05 sec. (57657.34 ticks, tree = 358.60 MB, solutions = 12)
   7908  3784   232659.6358   187   254050.0000   178878.3958   833323   29.59%
   8185  4187   252616.2763   163   254050.0000   178878.3958   863677   29.59%
   8414  4220   199145.1897   174   254050.0000   178898.2011   866183   29.58%
   8609  4461   229128.5447   229   254050.0000   178939.1720   882350   29.57%
   8815  4690   243691.4506   206   254050.0000   179605.4404   908900   29.30%
   9014  4763   195556.1460   144   254050.0000   179605.4404   916398   29.30%
   9223  5149   240271.7366   150   254050.0000   179611.4902   953267   29.30%
   9447  5192   232518.6964   220   254050.0000   180429.8472   959488   28.98%
   9685  5475   252254.9348   195   254050.0000   180437.3146   989507   28.98%
   9933  5767   228448.3335   189   254050.0000   180834.7831  1022269   28.82%
Elapsed time = 258.75 sec. (67237.23 ticks, tree = 528.45 MB, solutions = 12)
*  9969  5590      integral     0   252542.0000   180834.7831  1006272   28.39%
  10163  5716   218987.1399   170   252542.0000   180835.3711  1018151   28.39%
  10415  6044        cutoff         252542.0000   181446.7313  1070503   28.15%
  10606  6073   226099.2491   171   252542.0000   181446.7313  1073647   28.15%
  10824  6442   207030.3769   159   252542.0000   181446.7313  1105753   28.15%
  11032  6592   217822.9042   176   252542.0000   181446.7313  1123137   28.15%
* 11206+ 6622                       241952.0000   181884.7842            24.83%
  11248  6692   239754.9524   147   241952.0000   181884.7842  1134110   24.83%
  11424  5338   229230.3015   159   241952.0000   182373.8233  1155496   24.62%
  11595  5409   234776.4807   174   241952.0000   182373.8233  1166158   24.62%
  11837  5567        cutoff         241952.0000   182686.6299  1185757   24.49%
  12043  5898   218158.1354   158   241952.0000   183142.9145  1223238   24.31%
Elapsed time = 301.59 sec. (76815.46 ticks, tree = 517.25 MB, solutions = 15)
  12263  5879   238715.4167   108   241952.0000   183276.4063  1221199   24.25%
  12533  6151   206573.1208   167   241952.0000   183443.2767  1258546   24.18%
  12788  6311   232711.0256   159   241952.0000   183977.4409  1276819   23.96%
  12973  6647   239723.4000   103   241952.0000   184096.3633  1308668   23.91%
  13154  6777   225771.1741   149   241952.0000   184496.6116  1323940   23.75%
  13367  6968   220177.1958   149   241952.0000   184695.1368  1349357   23.66%
  13625  7087   213368.6000   151   241952.0000   184710.3997  1365956   23.66%
  13847  7185   211105.7245   206   241952.0000   185030.4452  1380015   23.53%
  14113  7652   214511.3680   168   241952.0000   185361.4448  1435583   23.39%
  14341  7780   187900.8929   190   241952.0000   185426.7639  1448069   23.36%
Elapsed time = 348.27 sec. (86377.37 ticks, tree = 689.25 MB, solutions = 15)
  14564  8140   214910.3185   208   241952.0000   185790.7627  1488688   23.21%
  14830  8064   226951.5720   163   241952.0000   185790.7627  1476894   23.21%
  15082  8490   227985.2257   149   241952.0000   186197.2421  1525697   23.04%
  15336  8532   220168.9078   139   241952.0000   186197.2421  1534462   23.04%
  15629  8729   228123.5000    68   241952.0000   186419.0312  1550364   22.95%
  15862  9332   218152.4915   170   241952.0000   186576.3709  1610949   22.89%
  16073  9392   203824.7500   167   241952.0000   186606.3288  1620912   22.87%
  16330  9613   216397.9763   184   241952.0000   187257.5955  1651943   22.61%
  16590  9513   193779.0259   182   241952.0000   187316.3779  1637832   22.58%
  16825 10096   233634.5000   155   241952.0000   187454.1513  1700740   22.52%
Elapsed time = 394.51 sec. (95982.20 ticks, tree = 843.39 MB, solutions = 15)
  17021 10341   215237.7500   100   241952.0000   187560.2583  1731832   22.48%
  17265 10349   240821.6667    87   241952.0000   187560.2583  1728594   22.48%
  17550 10444   216299.8975   179   241952.0000   187835.9034  1743602   22.37%
  17790 10726        cutoff         241952.0000   187844.6250  1772797   22.36%
  18002 10855   198563.9323   168   241952.0000   188126.3231  1788584   22.25%
  18225 11051   212337.0932   142   241952.0000   188150.5989  1810471   22.24%
  18533 11444   238084.1399   141   241952.0000   188354.8852  1860241   22.15%
  18767 11533   235789.6614   157   241952.0000   188388.0861  1868417   22.14%
  19005 12070   228335.5556   129   241952.0000   188388.0861  1922061   22.14%
* 19369+12022                       233810.0000   188862.9033            19.22%
  19759  9743        cutoff         233810.0000   189083.8705  1985511   19.13%
Elapsed time = 450.59 sec. (108427.32 ticks, tree = 808.12 MB, solutions = 17)
  20580 10497   211315.8793   160   233810.0000   189481.9372  2118494   18.96%
  21487 11219   207448.5934   154   233810.0000   190364.2021  2231763   18.58%
  22378 11794   208441.5313   162   233810.0000   190906.2077  2315975   18.35%
  23347 12521   226795.7483   148   233810.0000   191274.0663  2403195   18.19%
  24255 13383   209948.1157   180   233810.0000   191838.7787  2505223   17.95%
  25262 14219   232893.0085   178   233810.0000   192150.2284  2618430   17.82%
  26086 14968   229691.8800   146   233810.0000   192490.5556  2713071   17.67%
  26936 15790   228829.7083   164   233810.0000   192893.5625  2835407   17.50%
  27870 16257   222542.8750   128   233810.0000   193252.8424  2899906   17.35%
  28924 17274   229920.7461   178   233810.0000   193831.2591  3020547   17.10%
Elapsed time = 632.90 sec. (146641.26 ticks, tree = 1483.48 MB, solutions = 18)
  29774 18126   208875.0000   115   233810.0000   194218.6978  3142295   16.93%
  30606 18809   224753.2143   143   233810.0000   194605.2500  3248043   16.77%
  31639 19511   223006.4779   159   233810.0000   194929.4930  3321012   16.63%
  32565 19873   218163.2500   154   233810.0000   195305.5524  3379787   16.47%
  33448 20825   233686.5291   170   233810.0000   195548.3988  3510324   16.36%
  34268 21338   208916.6538   130   233810.0000   195840.5100  3590166   16.24%
  35039 21991   216127.2759   155   233810.0000   196183.2604  3686942   16.09%

Performing restart 2

Repeating presolve.
Tried aggregator 1 time.
MIP Presolve eliminated 2624 rows and 213 columns.
Reduced MIP has 14611 rows, 2326 columns, and 56779 nonzeros.
Reduced MIP has 2326 binaries, 0 generals, 0 SOSs, and 0 indicators.
Presolve time = 0.09 sec. (103.54 ticks)
Tried aggregator 1 time.
Reduced MIP has 14611 rows, 2326 columns, and 56779 nonzeros.
Reduced MIP has 2326 binaries, 0 generals, 0 SOSs, and 0 indicators.
Presolve time = 0.04 sec. (40.88 ticks)
Represolve time = 0.20 sec. (180.50 ticks)
  35284     0   167679.8340   227   233810.0000      Cuts: 45  3816393   15.94%
  35284     0   168058.8611   188   233810.0000      Cuts: 50  3816533   15.94%
  35284     0   168311.8238   187   233810.0000      Cuts: 75  3816652   15.94%
* 35284+    0                       233667.0000   196534.3827            15.89%
  35284     0   168614.3436   214   233667.0000      Cuts: 65  3816853   15.89%
  35284     0   169049.8972   214   233667.0000      Cuts: 74  3817065   15.89%
  35284     0   169236.9918   216   233667.0000      Cuts: 72  3817212   15.89%
  35284     0   169552.5772   215   233667.0000      Cuts: 44  3817404   15.89%

Repeating presolve.
Tried aggregator 1 time.
MIP Presolve eliminated 1610 rows and 103 columns.
Reduced MIP has 13001 rows, 2223 columns, and 51021 nonzeros.
Reduced MIP has 2223 binaries, 0 generals, 0 SOSs, and 0 indicators.
Presolve time = 0.08 sec. (89.14 ticks)
Tried aggregator 1 time.
Reduced MIP has 13001 rows, 2223 columns, and 51021 nonzeros.
Reduced MIP has 2223 binaries, 0 generals, 0 SOSs, and 0 indicators.
Presolve time = 0.04 sec. (38.41 ticks)
Represolve time = 0.15 sec. (160.05 ticks)
  35284     0   169979.9200   214   233667.0000      Cuts: 63  3820254   15.89%
  35284     0   170427.0063   213   233667.0000      Cuts: 51  3820376   15.89%
  35284     0   170711.8917   212   233667.0000      Cuts: 64  3820484   15.89%
  35284     0   170836.8161   217   233667.0000      Cuts: 56  3820548   15.89%
  35284     0   171027.0765   218   233667.0000      Cuts: 70  3820603   15.89%
  35284     0   171093.4109   216   233667.0000      Cuts: 46  3820652   15.89%
  35284     0   171191.1507   215   233667.0000      Cuts: 61  3820726   15.89%
  35284     2   171191.1507   215   233667.0000   196534.3827  3820726   15.89%
  35508   170   213557.3158   128   233667.0000   196534.3827  3874184   15.89%
  36057   481   224114.0000   145   233667.0000   196534.3827  3955777   15.89%
Elapsed time = 826.25 sec. (200366.57 ticks, tree = 6.27 MB, solutions = 19)
  36925  1185   189566.2984   179   233667.0000   196534.3827  4042715   15.89%
  37791  1917   229819.2010   161   233667.0000   196534.3827  4141922   15.89%
  38823  2761   195002.6975   177   233667.0000   196534.3827  4236914   15.89%
  39736  3510   232800.3500   132   233667.0000   196534.3827  4339182   15.89%
  40753  4215   223439.0860   159   233667.0000   196534.3827  4426529   15.89%
  41678  5024   218403.0769   125   233667.0000   196534.3827  4541546   15.89%
  42545  5749   230305.4949   167   233667.0000   196534.3827  4652031   15.89%
  43482  6398        cutoff         233667.0000   196534.3827  4737058   15.89%
  44322  7164   230847.8085   170   233667.0000   196913.0657  4858382   15.73%
  45220  7873   233588.2917   129   233667.0000   197875.6597  4980579   15.32%
Elapsed time = 983.36 sec. (238551.90 ticks, tree = 528.46 MB, solutions = 19)
  46131  8361   227913.0556   188   233667.0000   198439.1551  5064063   15.08%
  47016  9294   228222.8500   136   233667.0000   198988.9963  5210865   14.84%
  47950  9778   227118.5441   163   233667.0000   199773.6913  5285478   14.50%
  48824 10441   232525.4891   186   233667.0000   200356.6348  5397097   14.26%
  49807 11340   233437.9439   140   233667.0000   200868.3034  5539545   14.04%
  50764 11895   226357.7772   151   233667.0000   201342.5614  5618413   13.83%
* 51008+12158                       231895.0000   201451.0466            13.13%
  51625 11684   212034.4531   160   231895.0000   201678.3528  5724038   13.03%
  52573 12467   215168.0558   151   231895.0000   202059.2693  5830357   12.87%
  53431 13114   227823.8347   159   231895.0000   202543.4016  5944689   12.66%
  54305 13597   226790.5211   137   231895.0000   202914.2515  6031920   12.50%
Elapsed time = 1140.27 sec. (276750.18 ticks, tree = 924.50 MB, solutions = 20)
  55215 14389   219903.7263   137   231895.0000   203382.0726  6180689   12.30%
  56024 14795   219856.8750   130   231895.0000   203842.6494  6258248   12.10%
  56881 15421   219498.7674   153   231895.0000   204224.5518  6385179   11.93%
  57775 15967   228803.0588   128   231895.0000   204663.4291  6501989   11.74%
  58676 16552   231070.0323   134   231895.0000   205039.8342  6609849   11.58%
  59497 17284   211853.0346   227   231895.0000   205472.0347  6746769   11.39%
  60223 17722   227711.1818   131   231895.0000   205682.9566  6823525   11.30%
  61215 18380   229182.7358   137   231895.0000   205906.2299  6953696   11.21%
  62097 18851   230056.4779   142   231895.0000   206268.1208  7040221   11.05%
  63032 19554        cutoff         231895.0000   206523.0810  7180842   10.94%
Elapsed time = 1295.25 sec. (314945.22 ticks, tree = 1315.40 MB, solutions = 20)
  63986 20187   219033.9272   164   231895.0000   206846.4444  7296345   10.80%
  64905 20572   230926.9037   158   231895.0000   207042.8293  7368064   10.72%
  65802 21119   213725.5028   239   231895.0000   207355.9738  7478431   10.58%
  66716 21794   228685.6164   166   231895.0000   207628.8328  7617399   10.46%
  67616 22175   219997.8614   172   231895.0000   207796.7846  7706629   10.39%
  68473 23120   217637.7495   232   231895.0000   208070.7481  7896402   10.27%
  69479 23547   229638.4967   140   231895.0000   208298.4984  7976156   10.18%
  70454 23850   224629.7967   152   231895.0000   208522.4087  8041285   10.08%
  71365 24619   223013.7029   130   231895.0000   208771.6612  8182436    9.97%
  72400 25185   221174.2778   134   231895.0000   208976.1578  8298114    9.88%
Elapsed time = 1453.78 sec. (353128.85 ticks, tree = 1645.37 MB, solutions = 20)
  73460 25909   231735.2823   173   231895.0000   209204.8125  8431202    9.78%
  74358 26516   218193.7109   181   231895.0000   209367.7971  8529481    9.71%
  75229 27159   217930.1667   133   231895.0000   209584.1881  8676994    9.62%
  76216 27556   223613.0889   154   231895.0000   209835.0235  8749292    9.51%
  77188 28151   224076.7191   141   231895.0000   209982.3485  8872552    9.45%
  78134 28610   221448.0000    96   231895.0000   210130.5714  8992197    9.39%
  79061 29386   217491.4118   154   231895.0000   210291.4667  9205250    9.32%
  80008 29967   217531.8571   138   231895.0000   210511.4919  9332481    9.22%
  81032 30440        cutoff         231895.0000   210642.0146  9424912    9.16%
  82071 31189   218924.3976   136   231895.0000   210781.9596  9565556    9.10%
Elapsed time = 1602.52 sec. (391321.96 ticks, tree = 1965.34 MB, solutions = 20)
  82943 31684   227782.5367   144   231895.0000   210951.2583  9659809    9.03%
  83743 32171        cutoff         231895.0000   211099.4513  9775612    8.97%
  84803 32876   229092.5926   125   231895.0000   211263.4760  9919015    8.90%
  85800 33110   218951.9595   136   231895.0000   211426.0516  9960126    8.83%
  86695 33551   227873.6322   140   231895.0000   211536.8045 10048546    8.78%
  87593 34428   224755.2029   163   231895.0000   211664.5172 10240200    8.72%
  88627 34929   229646.5211   171   231895.0000   211822.0842 10345728    8.66%
  89618 35269        cutoff         231895.0000   211962.0000 10410320    8.60%
  90469 36062        cutoff         231895.0000   212110.6992 10578004    8.53%
  91433 36291   225218.1946   177   231895.0000   212224.0000 10626336    8.48%
Elapsed time = 1753.41 sec. (429487.39 ticks, tree = 2267.70 MB, solutions = 20)
Nodefile size = 210.56 MB (135.47 MB after compression)
  92407 37005   230081.0769   137   231895.0000   212365.8601 10775836    8.42%
  93475 37614        cutoff         231895.0000   212511.8636 10899396    8.36%
  94363 37956   230952.8000   116   231895.0000   212598.6252 10963171    8.32%
  95328 38602   227917.1201   182   231895.0000   212735.6237 11118871    8.26%
  96328 39031   220186.3333   109   231895.0000   212901.0925 11229422    8.19%
  97334 39644   222799.3172   133   231895.0000   213043.9261 11357038    8.13%
  98245 40288        cutoff         231895.0000   213179.0000 11503463    8.07%
  99155 40630        cutoff         231895.0000   213298.7669 11581400    8.02%
 100141 40967   228697.6866   151   231895.0000   213405.5000 11652346    7.97%
 101145 41526        cutoff         231895.0000   213546.1748 11774526    7.91%
Elapsed time = 1898.15 sec. (467663.00 ticks, tree = 2615.37 MB, solutions = 20)
Nodefile size = 559.67 MB (359.17 MB after compression)
 102104 41802   229582.9681   136   231895.0000   213661.0000 11836729    7.86%
 102994 42391   226154.7556   187   231895.0000   213741.5107 11970530    7.83%
 104061 43019   225291.5140   165   231895.0000   213879.4848 12127422    7.77%
 105140 43473        cutoff         231895.0000   213991.7068 12221034    7.72%
 106075 44057   221311.6562   209   231895.0000   214097.4514 12340202    7.67%
 106950 44432   220068.0764   173   231895.0000   214187.4099 12445148    7.64%
 107994 44994        cutoff         231895.0000   214318.8172 12583865    7.58%
 108993 45249   220492.9858   171   231895.0000   214409.3316 12636652    7.54%
 109961 45898   223890.6331   157   231895.0000   214527.2368 12794457    7.49%
 110866 46395   225020.2175   171   231895.0000   214622.0000 12929381    7.45%
Elapsed time = 2051.11 sec. (505852.31 ticks, tree = 2920.95 MB, solutions = 20)
Nodefile size = 869.99 MB (557.72 MB after compression)
 111888 46790   228065.1827   167   231895.0000   214750.9304 13023373    7.39%
 112969 47014   218335.2987   147   231895.0000   214872.8037 13074886    7.34%
 113920 47866   224873.1875   140   231895.0000   214983.0392 13279446    7.29%
 114901 48332   221369.9245   156   231895.0000   215069.9280 13403130    7.26%
 115961 48827   228641.1139   142   231895.0000   215176.0081 13519635    7.21%
 116949 48937   229872.2000   117   231895.0000   215263.1042 13548794    7.17%
 117926 49614   229376.5833   127   231895.0000   215357.0000 13719322    7.13%
 118888 49893   230543.0747   150   231895.0000   215439.9211 13800416    7.10%
 119987 50538   229055.0147   162   231895.0000   215547.2500 13967257    7.05%
 121067 50706   229901.8820   171   231895.0000   215654.7820 14007519    7.00%
Elapsed time = 2199.52 sec. (544044.85 ticks, tree = 3172.10 MB, solutions = 20)
Nodefile size = 1108.74 MB (709.96 MB after compression)
 122074 51344   222508.8448   166   231895.0000   215787.7407 14154744    6.95%
 122971 51790   229074.2612   135   231895.0000   215886.1257 14276581    6.90%
 123919 52100        cutoff         231895.0000   215940.8095 14363907    6.88%
 124957 52749   220752.0879   136   231895.0000   216062.9664 14514862    6.83%
 125927 53043        cutoff         231895.0000   216161.9391 14597580    6.78%
 126870 53549   226330.6316   142   231895.0000   216219.2165 14731629    6.76%
 127900 53769        cutoff         231895.0000   216324.8392 14798873    6.71%
 128945 54230        cutoff         231895.0000   216449.0385 14935467    6.66%
 129922 54489        cutoff         231895.0000   216530.0000 15001797    6.63%
 130931 55111   231165.1523   167   231895.0000   216619.5364 15163624    6.59%
Elapsed time = 2355.45 sec. (582233.49 ticks, tree = 3464.99 MB, solutions = 20)
Nodefile size = 1413.76 MB (904.71 MB after compression)
 131894 55507        cutoff         231895.0000   216731.2228 15270438    6.54%
 132985 55829   227509.4327   148   231895.0000   216834.5656 15350638    6.49%
 134102 56448   231589.3623   158   231895.0000   216921.8022 15511433    6.46%
 135106 56786        cutoff         231895.0000   217001.6917 15609213    6.42%
 136132 57312        cutoff         231895.0000   217095.4810 15746893    6.38%
 137194 57686   231049.4559   125   231895.0000   217182.7692 15860942    6.34%
 138220 57996   229731.0963   151   231895.0000   217278.3023 15941297    6.30%
 139192 58535        cutoff         231895.0000   217367.3207 16088655    6.26%
 140167 58842   225204.8056   122   231895.0000   217449.0417 16182093    6.23%
 141261 59326   228702.1584   144   231895.0000   217553.3333 16319778    6.18%
Elapsed time = 2504.16 sec. (620424.04 ticks, tree = 3669.83 MB, solutions = 20)
Nodefile size = 1611.49 MB (1030.72 MB after compression)
 142342 59725   220146.5215   135   231895.0000   217628.5000 16424471    6.15%
 143462 59943        cutoff         231895.0000   217715.3898 16482203    6.11%
 144421 60679   230733.8474   172   231895.0000   217792.6510 16689265    6.08%
 145475 61007   221450.7000   163   231895.0000   217886.2069 16801826    6.04%
 146540 61313        cutoff         231895.0000   217956.4697 16897005    6.01%
 147622 61550   229650.7083   160   231895.0000   218029.8567 16962438    5.98%
 148573 61885   227314.0000   116   231895.0000   218117.1491 17054614    5.94%
 149577 62244   231428.2500   127   231895.0000   218183.7467 17152513    5.91%
 150717 62715        cutoff         231895.0000   218268.1765 17331252    5.88%
 151865 63098   220765.9835   166   231895.0000   218348.0000 17457168    5.84%
Elapsed time = 2654.06 sec. (658602.55 ticks, tree = 3961.74 MB, solutions = 20)
Nodefile size = 1902.92 MB (1216.61 MB after compression)
 152927 63327   225337.2086   149   231895.0000   218430.6000 17527624    5.81%
 153973 63594   230131.4468   131   231895.0000   218502.0093 17612345    5.78%
 155029 64170        cutoff         231895.0000   218580.0138 17797321    5.74%
 156074 64597        cutoff         231895.0000   218660.6071 17931333    5.71%
 157093 64747        cutoff         231895.0000   218744.3333 17971345    5.67%
 158065 65233   226776.6495   150   231895.0000   218814.7122 18137180    5.64%
 159077 65574   228325.6427   166   231895.0000   218883.5000 18260126    5.61%
 160227 65746   230823.3859   139   231895.0000   218961.7533 18315096    5.58%
 161362 66237   230334.1747   134   231895.0000   219047.2522 18464682    5.54%
 162438 66583        cutoff         231895.0000   219110.6444 18575968    5.51%
Elapsed time = 2799.32 sec. (696774.40 ticks, tree = 4190.87 MB, solutions = 20)
Nodefile size = 2136.48 MB (1365.39 MB after compression)
 163485 66837   229930.6667   115   231895.0000   219182.6667 18678644    5.48%
 164626 67037   229728.4204   172   231895.0000   219250.7668 18736708    5.45%
 165727 67418        cutoff         231895.0000   219331.2469 18872693    5.42%
 166788 67848   224937.7595   179   231895.0000   219403.9020 19007267    5.39%
 167789 68157        cutoff         231895.0000   219465.2922 19125563    5.36%
 168968 68478        cutoff         231895.0000   219536.3158 19238754    5.33%
 170150 68754   230717.5550   124   231895.0000   219606.4556 19337304    5.30%
 171195 69308   231369.4048   124   231895.0000   219683.3866 19521250    5.27%
 172223 69637   231404.6667    94   231895.0000   219749.0000 19634475    5.24%
 173298 69735   225000.2000   123   231895.0000   219816.3613 19676293    5.21%
Elapsed time = 2945.35 sec. (734946.65 ticks, tree = 4349.05 MB, solutions = 20)
Nodefile size = 2300.56 MB (1469.47 MB after compression)
 174464 70190        cutoff         231895.0000   219878.9577 19844340    5.18%
 175651 70478   231238.0000    56   231895.0000   219955.1000 19942714    5.15%
 176760 70630   224212.7152   140   231895.0000   220014.6694 19986291    5.12%
 177896 71130        cutoff         231895.0000   220083.7121 20160184    5.09%
 179003 71532        cutoff         231895.0000   220150.2113 20288852    5.06%
 180152 71822   226605.0123   188   231895.0000   220231.8647 20402124    5.03%
 181178 72114        cutoff         231895.0000   220301.3748 20528995    5.00%
 182213 72346        cutoff         231895.0000   220366.8704 20611909    4.97%
 183367 72570   228308.4232   145   231895.0000   220428.6826 20730162    4.94%
 184591 73046   225049.8728   165   231895.0000   220501.6915 20888387    4.91%
Elapsed time = 3104.65 sec. (773121.50 ticks, tree = 4524.74 MB, solutions = 20)
Nodefile size = 2468.10 MB (1575.63 MB after compression)
 185773 73267   230920.0714   109   231895.0000   220576.4500 20988486    4.88%
 186859 73297   230014.1732   148   231895.0000   220633.7200 21003183    4.86%
 187919 73786   228212.1000   115   231895.0000   220704.5415 21214387    4.83%
 189015 73938   227488.2764   157   231895.0000   220790.9016 21254267    4.79%
 190252 74232        cutoff         231895.0000   220854.2500 21372948    4.76%
 191426 74763   229579.0028   130   231895.0000   220932.6190 21570990    4.73%
 192535 74960        cutoff         231895.0000   220982.7899 21673912    4.71%
 193655 75043        cutoff         231895.0000   221034.7393 21703456    4.68%
Starting limited solution polishing.
 194818 75268   229515.6560   128   231895.0000   221092.5748 21821921    4.66%
 195871 75547   228840.1049   183   231895.0000   221163.1801 21965569    4.63%
Elapsed time = 3258.21 sec. (811305.87 ticks, tree = 4646.12 MB, solutions = 20)
Nodefile size = 2590.06 MB (1653.12 MB after compression)
 196903 75868        cutoff         231895.0000   221229.9422 22121269    4.60%
 197827 75951   228201.4041   158   231895.0000   221287.1133 22174095    4.57%
 198832 76265   231103.7391   152   231895.0000   221366.0000 22303229    4.54%
 199607 76354        cutoff         231895.0000   221374.9811 22358661    4.54%
 200485 76417   231448.9552   159   231895.0000   221447.8252 22387772    4.51%
 201402 76735   229726.3587   127   231895.0000   221513.3851 22554372    4.48%
 202292 76744   228724.1333   120   231895.0000   221531.0133 22569313    4.47%
 203111 77033   230908.1241   137   231895.0000   221597.1111 22691272    4.44%
 203893 77268        cutoff         231895.0000   221613.7768 22790350    4.43%
 204713 77366        cutoff         231895.0000   221677.5714 22835396    4.41%
Elapsed time = 3374.35 sec. (849484.68 ticks, tree = 4732.54 MB, solutions = 20)
Nodefile size = 2677.37 MB (1708.30 MB after compression)
 205564 77474        cutoff         231895.0000   221700.7713 22902275    4.40%
 206433 77591   230561.3911   144   231895.0000   221757.6034 22958500    4.37%
 207226 77945   228973.7222   125   231895.0000   221787.1049 23117695    4.36%
 208132 78057   230579.9182   168   231895.0000   221859.5025 23212504    4.33%
 208834 78067   227658.1111   132   231895.0000   221865.5000 23228648    4.33%
 209550 78252   227936.3729   163   231895.0000   221921.0000 23341958    4.30%
 210359 78279        cutoff         231895.0000   221952.0119 23360272    4.29%
 211126 78461   230586.1763   175   231895.0000   222012.6667 23434805    4.26%
 212077 78612        cutoff         231895.0000   222058.8771 23551507    4.24%
 213092 78907        cutoff         231895.0000   222119.6133 23707732    4.22%
Elapsed time = 3489.02 sec. (887699.77 ticks, tree = 4801.03 MB, solutions = 20)
Nodefile size = 2766.42 MB (1764.71 MB after compression)
 213938 78949   230417.4000   105   231895.0000   222146.7397 23741297    4.20%
 214839 78994   230213.9399   140   231895.0000   222170.8171 23825036    4.19%
 215551 79112   230226.3077   138   231895.0000   222201.1739 23900688    4.18%
 216320 79188        cutoff         231895.0000   222247.9905 23975038    4.16%
 216978 79338        cutoff         231895.0000   222321.4163 24081534    4.13%
 217522 79377        cutoff         231895.0000   222343.8605 24112777    4.12%
 218353 79445        cutoff         231895.0000   222389.5000 24161069    4.10%
 219059 79489        cutoff         231895.0000   222423.0290 24223527    4.08%
 219836 79682   230882.9138   115   231895.0000   222427.7121 24333337    4.08%
 220743 79731   230451.2898   189   231895.0000   222502.3913 24373398    4.05%
Elapsed time = 3595.90 sec. (925886.76 ticks, tree = 4842.08 MB, solutions = 20)
Nodefile size = 2795.00 MB (1782.67 MB after compression)

Zero-half cuts applied:  421
Lift and project cuts applied:  366
Gomory fractional cuts applied:  2

Root node processing (before b&c):
  Real time             =   11.27 sec. (5946.96 ticks)
Parallel b&c, 8 threads:
  Real time             = 3589.88 sec. (922358.85 ticks)
  Sync time (average)   =  441.16 sec.
  Wait time (average)   =    0.01 sec.
                          ------------
Total (root+branch&cut) = 3601.16 sec. (928305.80 ticks)
Status: Feasible
Obj: 231895

Instalacoes abertas:
Instalação 1 aberta
Instalação 4 aberta
Instalação 8 aberta
Instalação 9 aberta
Instalação 20 aberta
Instalação 22 aberta
Instalação 47 aberta

Atribuições (cliente -> instalação):
Cliente 0 -> Instalação 1
Cliente 1 -> Instalação 1
Cliente 2 -> Instalação 4
Cliente 3 -> Instalação 47
Cliente 4 -> Instalação 4
Cliente 5 -> Instalação 8
Cliente 6 -> Instalação 4
Cliente 7 -> Instalação 8
Cliente 8 -> Instalação 8
Cliente 9 -> Instalação 9
Cliente 10 -> Instalação 4
Cliente 11 -> Instalação 22
Cliente 12 -> Instalação 20
Cliente 13 -> Instalação 47
Cliente 14 -> Instalação 1
Cliente 15 -> Instalação 20
Cliente 16 -> Instalação 9
Cliente 17 -> Instalação 8
Cliente 18 -> Instalação 47
Cliente 19 -> Instalação 9
Cliente 20 -> Instalação 4
Cliente 21 -> Instalação 47
Cliente 22 -> Instalação 22
Cliente 23 -> Instalação 9
Cliente 24 -> Instalação 20
Cliente 25 -> Instalação 9
Cliente 26 -> Instalação 47
Cliente 27 -> Instalação 20
Cliente 28 -> Instalação 8
Cliente 29 -> Instalação 47
Cliente 30 -> Instalação 20
Cliente 31 -> Instalação 4
Cliente 32 -> Instalação 8
Cliente 33 -> Instalação 20
Cliente 34 -> Instalação 47
Cliente 35 -> Instalação 8
Cliente 36 -> Instalação 4
Cliente 37 -> Instalação 8
Cliente 38 -> Instalação 9
Cliente 39 -> Instalação 9
Cliente 40 -> Instalação 1
Cliente 41 -> Instalação 20
Cliente 42 -> Instalação 4
Cliente 43 -> Instalação 20
Cliente 44 -> Instalação 8
Cliente 45 -> Instalação 8
Cliente 46 -> Instalação 9
Cliente 47 -> Instalação 9
Cliente 48 -> Instalação 20
Cliente 49 -> Instalação 1
