Version identifier: 22.1.1.0 | 2022-11-28 | 9160aff4d
CPXPARAM_TimeLimit                               3600
Found incumbent of value 1871920.000000 after 0.00 sec. (4.10 ticks)
Tried aggregator 1 time.
MIP Presolve eliminated 50 rows and 1 columns.
Reduced MIP has 63750 rows, 3774 columns, and 191150 nonzeros.
Reduced MIP has 3774 binaries, 0 generals, 0 SOSs, and 0 indicators.
Presolve time = 0.10 sec. (83.25 ticks)
Probing time = 0.03 sec. (8.81 ticks)
Tried aggregator 1 time.
Detecting symmetries...
Reduced MIP has 63750 rows, 3774 columns, and 191150 nonzeros.
Reduced MIP has 3774 binaries, 0 generals, 0 SOSs, and 0 indicators.
Presolve time = 0.12 sec. (101.60 ticks)
Probing time = 0.04 sec. (8.88 ticks)
Clique table members: 2500.
MIP emphasis: balance optimality and feasibility.
MIP search method: dynamic search.
Parallel mode: deterministic, using up to 8 threads.
Root relaxation solution time = 0.22 sec. (92.62 ticks)

        Nodes                                         Cuts/
   Node  Left     Objective  IInf  Best Integer    Best Bound    ItCnt     Gap

*     0+    0                      1871920.0000        0.0000           100.00%
      0     0    93774.0000   100  1871920.0000    93774.0000      186   94.99%
      0     0   106217.5000   100  1871920.0000    Cuts: 3136      374   94.33%
      0     0   118774.0000    98  1871920.0000    Cuts: 3045      658   93.65%
      0     0   131111.1667   149  1871920.0000    Cuts: 1232     2028   93.00%
*     0+    0                      1869930.0000   131111.1667            92.99%
*     0+    0                      1733311.0000   131111.1667            92.44%
*     0+    0                      1732228.0000   131111.1667            92.43%
      0     0  -1.00000e+75     0  1732228.0000   131111.1667     2028   92.43%
      0     0   135445.2619   216  1732228.0000 ZeroHalf: 1441     2563   92.18%
*     0+    0                      1631465.0000   135445.2619            91.70%
      0     0   143355.5625   174  1631465.0000     Cuts: 992     3490   91.21%
Detecting symmetries...
      0     0   151282.8544   182  1631465.0000    Cuts: 1491     4548   90.73%
      0     0   159479.3044   221  1631465.0000     Cuts: 367     5492   90.22%
      0     0   164910.8965   195  1631465.0000     Cuts: 597     6388   89.89%
      0     0   169629.6644   208  1631465.0000     Cuts: 685     7294   89.60%
      0     0   173998.2582   206  1631465.0000     Cuts: 450     8148   89.33%
      0     0   177021.2508   202  1631465.0000     Cuts: 209     8594   89.15%
      0     0   180150.2302   210  1631465.0000     Cuts: 262     9203   88.96%
*     0+    0                      1513037.0000   180150.2302            88.09%
      0     0   182443.6615   248  1513037.0000 ZeroHalf: 117     9731   87.94%
      0     0   185676.4858   237  1513037.0000     Cuts: 632    10434   87.73%
      0     0   187547.9842   199  1513037.0000     Cuts: 256    11023   87.60%
      0     0   188704.5781   201  1513037.0000     Cuts: 437    11510   87.53%
*     0+    0                      1429007.0000   188704.5781            86.79%
      0     0   190624.0767   194  1429007.0000     Cuts: 227    12048   86.66%
      0     0   192367.3462   227  1429007.0000     Cuts: 228    12585   86.54%
      0     0   194021.7049   197  1429007.0000      Cuts: 95    13014   86.42%
      0     0   195757.1577   193  1429007.0000     Cuts: 279    13556   86.30%
      0     0   198087.8320   198  1429007.0000     Cuts: 169    14278   86.14%
*     0+    0                      1353837.0000   198087.8320            85.37%
      0     0   200165.1163   219  1353837.0000     Cuts: 129    14834   85.21%
      0     0   201956.4172   200  1353837.0000     Cuts: 273    15433   85.08%
      0     0   203910.5537   205  1353837.0000     Cuts: 132    16070   84.94%
      0     0   205569.3611   199  1353837.0000     Cuts: 118    16586   84.82%
      0     0   207383.2756   189  1353837.0000      Cuts: 99    17124   84.68%
*     0+    0                      1302561.0000   207383.2756            84.08%
      0     0   209109.5972   215  1302561.0000     Cuts: 185    17684   83.95%
*     0+    0                      1302540.0000   209109.5972            83.95%
*     0+    0                      1300814.0000   209109.5972            83.92%
      0     0  -1.00000e+75     0  1300814.0000   209109.5972    17684   83.92%
      0     0   210104.2297   235  1300814.0000     Cuts: 298    18107   83.85%
      0     0   211148.2777   210  1300814.0000      Cuts: 84    18524   83.77%
      0     0   212162.1783   215  1300814.0000     Cuts: 243    18974   83.69%
      0     0   213165.1455   211  1300814.0000      Cuts: 84    19301   83.61%
      0     0   214410.0363   212  1300814.0000     Cuts: 206    19792   83.52%
      0     0   215519.9103   213  1300814.0000     Cuts: 204    20217   83.43%
      0     0   216856.7564   212  1300814.0000     Cuts: 193    20709   83.33%
      0     0   217914.6020   214  1300814.0000     Cuts: 216    21085   83.25%
      0     0   218935.4365   199  1300814.0000     Cuts: 209    21502   83.17%
      0     0   219787.0500   214  1300814.0000     Cuts: 143    21937   83.10%
      0     0   220577.8766   224  1300814.0000      Cuts: 95    22285   83.04%
      0     0   221621.4571   216  1300814.0000      Cuts: 89    22788   82.96%
      0     0   222743.9746   210  1300814.0000     Cuts: 165    23178   82.88%
      0     0   223413.4726   224  1300814.0000     Cuts: 101    23487   82.83%
      0     0   224469.7703   240  1300814.0000     Cuts: 158    23861   82.74%
      0     0   225442.3912   235  1300814.0000      Cuts: 76    24290   82.67%
      0     0   226193.9144   228  1300814.0000     Cuts: 266    24646   82.61%
      0     0   226975.8520   221  1300814.0000     Cuts: 296    25115   82.55%
      0     0   227560.8152   221  1300814.0000  ZeroHalf: 78    25445   82.51%
      0     0   228119.3641   226  1300814.0000     Cuts: 107    25839   82.46%
      0     0   228713.3677   241  1300814.0000  ZeroHalf: 87    26223   82.42%
      0     0   229341.1132   227  1300814.0000     Cuts: 252    26682   82.37%
      0     0   230115.9766   242  1300814.0000      Cuts: 59    27103   82.31%
      0     0   231065.0153   241  1300814.0000     Cuts: 113    27505   82.24%
      0     0   231736.4403   224  1300814.0000     Cuts: 291    27858   82.19%
      0     0   232707.7502   223  1300814.0000      Cuts: 71    28307   82.11%
      0     0   233448.6933   225  1300814.0000     Cuts: 110    28664   82.05%
      0     0   234584.2251   227  1300814.0000      Cuts: 54    29228   81.97%
      0     0   235348.8962   218  1300814.0000     Cuts: 127    29543   81.91%
      0     0   236115.0929   224  1300814.0000      Cuts: 63    29885   81.85%
      0     0   236733.8853   236  1300814.0000      Cuts: 87    30156   81.80%
      0     0   237090.9484   244  1300814.0000     Cuts: 104    30461   81.77%
      0     0   237839.5222   224  1300814.0000     Cuts: 194    30791   81.72%
      0     0   238414.7230   228  1300814.0000      Cuts: 74    31103   81.67%
      0     0   239126.8238   225  1300814.0000      Cuts: 66    31555   81.62%
      0     0   239824.9241   233  1300814.0000      Cuts: 86    31876   81.56%
      0     0   240529.2221   221  1300814.0000      Cuts: 51    32317   81.51%
      0     0   241390.9543   254  1300814.0000      Cuts: 96    32645   81.44%
      0     0   241803.1222   259  1300814.0000     Cuts: 256    32964   81.41%
      0     0   242200.6962   249  1300814.0000  ZeroHalf: 42    33184   81.38%
      0     0   242493.7139   244  1300814.0000      Cuts: 79    33394   81.36%
      0     0   242746.0949   220  1300814.0000     Cuts: 211    33576   81.34%
      0     0   243220.2716   223  1300814.0000      Cuts: 55    33941   81.30%
      0     0   243530.4827   234  1300814.0000      Cuts: 78    34257   81.28%
      0     0   243929.0193   223  1300814.0000      Cuts: 54    34578   81.25%
      0     0   244146.8015   223  1300814.0000      Cuts: 89    34755   81.23%
      0     0   244390.6075   256  1300814.0000      Cuts: 38    34954   81.21%
      0     0   244604.3888   227  1300814.0000      Cuts: 57    35172   81.20%
      0     0   244959.1241   236  1300814.0000      Cuts: 60    35546   81.17%
      0     0   245289.2868   256  1300814.0000      Cuts: 52    35809   81.14%
      0     0   245603.7998   235  1300814.0000      Cuts: 79    36092   81.12%
      0     0   245964.4641   238  1300814.0000     Cuts: 105    36368   81.09%
      0     0   246174.0203   231  1300814.0000      Cuts: 53    36578   81.08%
      0     0   246413.1335   252  1300814.0000      Cuts: 40    36764   81.06%
      0     0   246689.5224   231  1300814.0000     Cuts: 174    36957   81.04%
      0     0   246881.3781   229  1300814.0000      Cuts: 32    37110   81.02%
      0     0   247062.0816   249  1300814.0000      Cuts: 43    37288   81.01%
*     0+    0                      1300442.0000   247062.0816            81.00%
      0     0  -1.00000e+75     0  1300442.0000   247062.0816    37288   81.00%
Detecting symmetries...
      0     2   247062.0816   249  1300442.0000   247062.0816    37288   81.00%
Elapsed time = 82.04 sec. (50047.52 ticks, tree = 0.02 MB, solutions = 12)
      1     3   247293.8356   242  1300442.0000   247066.8376    37474   81.00%
      3     5   247621.5341   239  1300442.0000   247066.8376    37727   81.00%
      6     6   279764.2331   215  1300442.0000   247066.8376    38470   81.00%
*     9+    4                      1299964.0000   247383.2348            80.97%
     11    12   303110.0163   190  1299964.0000   247383.2348    41054   80.97%
     15    13   339310.6638   191  1299964.0000   247383.2348    41591   80.97%
     19    13   302885.7686   184  1299964.0000   247691.3936    44102   80.95%
     25    22   308424.9240   218  1299964.0000   247691.3936    48293   80.95%
     29    19   340849.0037   190  1299964.0000   247691.3936    46376   80.95%
     36    32   345314.5295   184  1299964.0000   247691.3936    51450   80.95%
     48    48   369494.0922   190  1299964.0000   247691.3936    58240   80.95%
Elapsed time = 105.31 sec. (53937.08 ticks, tree = 2.23 MB, solutions = 12)
     69    64   369385.2641   156  1299964.0000   247691.3936    63429   80.95%
     95    86   404415.0492   178  1299964.0000   247691.3936    71213   80.95%
    112   102   431518.0498   164  1299964.0000   247691.3936    75673   80.95%
    135     7   277609.3990   204  1299964.0000   247691.3936    38520   80.95%
    165   133   306864.5918   203  1299964.0000   248628.3525    86255   80.87%
    203   179   560789.0000   150  1299964.0000   248628.3525   106148   80.87%
    266   209   662148.0000   114  1299964.0000   248628.3525   107361   80.87%
    345   305   743802.0000    73  1299964.0000   248628.3525   125477   80.87%
    431   374   798384.0000    67  1299964.0000   248628.3525   137479   80.87%
    547   461   935305.5000    63  1299964.0000   248628.3525   147238   80.87%
Elapsed time = 175.01 sec. (63612.04 ticks, tree = 112.35 MB, solutions = 14)
    666   566   735604.0000    84  1299964.0000   248628.3525   154522   80.87%
    808   673   995654.5000    51  1299964.0000   248628.3525   165422   80.87%
    961   706  1095363.5000    39  1299964.0000   248628.3525   166615   80.87%
   1117   916  1226354.5000    25  1299964.0000   248628.3525   181571   80.87%
   1277  1109   825134.0000    70  1299964.0000   248628.3525   191915   80.87%
   1434  1315   892798.0000    68  1299964.0000   248628.3525   205327   80.87%
   1574  1449   822748.0000    67  1299964.0000   248628.3525   212297   80.87%
   1641  1477   882262.0000    65  1299964.0000   248628.3525   213317   80.87%
   1702  1536   379185.7426   183  1299964.0000   248628.3525   222994   80.87%

Performing restart 1

Repeating presolve.
Tried aggregator 1 time.
MIP Presolve eliminated 372 rows and 8 columns.
Reduced MIP has 63378 rows, 3766 columns, and 190034 nonzeros.
Reduced MIP has 3766 binaries, 0 generals, 0 SOSs, and 0 indicators.
Presolve time = 0.10 sec. (85.21 ticks)
Tried aggregator 1 time.
Reduced MIP has 63378 rows, 3766 columns, and 190034 nonzeros.
Reduced MIP has 3766 binaries, 0 generals, 0 SOSs, and 0 indicators.
Presolve time = 0.13 sec. (104.53 ticks)
Represolve time = 0.34 sec. (279.49 ticks)
   1716     0   247522.4318   254  1299964.0000      Cuts: 95   246821   80.87%
   1716     0   247901.7117   255  1299964.0000      Cuts: 81   247113   80.87%
   1716     0   248202.4228   234  1299964.0000      Cuts: 84   247364   80.87%
*  1716+    0                      1299591.0000   248628.3525            80.87%
   1716     0  -1.00000e+75     0  1299591.0000   248628.3525   247364   80.87%
   1716     0   248669.7244   231  1299591.0000      Cuts: 96   247698   80.87%
   1716     0   248932.0029   237  1299591.0000     Cuts: 121   247944   80.85%
   1716     0   249160.8672   251  1299591.0000     Cuts: 101   248189   80.83%
   1716     0   249602.3841   257  1299591.0000     Cuts: 144   248571   80.79%
   1716     0   249965.7728   259  1299591.0000     Cuts: 137   248871   80.77%
   1716     0   250527.0280   254  1299591.0000     Cuts: 101   249375   80.72%
   1716     0   250890.9284   255  1299591.0000     Cuts: 139   249634   80.69%
   1716     0   251334.9797   250  1299591.0000      Cuts: 97   250008   80.66%
   1716     0   251705.8450   228  1299591.0000     Cuts: 117   250295   80.63%
   1716     0   252011.9364   228  1299591.0000      Cuts: 77   250515   80.61%
   1716     0   252559.6407   227  1299591.0000      Cuts: 82   250874   80.57%
   1716     0   253108.4550   227  1299591.0000      Cuts: 85   251178   80.52%
   1716     0   253582.3367   233  1299591.0000      Cuts: 92   251536   80.49%
   1716     0   254134.9055   225  1299591.0000      Cuts: 75   251867   80.45%
   1716     0   254652.6474   231  1299591.0000     Cuts: 100   252223   80.41%
   1716     0   254972.1442   230  1299591.0000      Cuts: 84   252541   80.38%
   1716     0   255371.7596   248  1299591.0000      Cuts: 89   252885   80.35%
   1716     0   255943.4333   223  1299591.0000      Cuts: 82   253311   80.31%
   1716     0   256266.4412   255  1299591.0000      Cuts: 82   253694   80.28%
   1716     0   256610.0690   244  1299591.0000      Cuts: 88   254065   80.25%
   1716     0   257121.3705   251  1299591.0000     Cuts: 108   254433   80.22%
   1716     0   257685.7230   252  1299591.0000      Cuts: 67   254813   80.17%
   1716     0   258132.1483   250  1299591.0000      Cuts: 98   255198   80.14%
   1716     0   258690.5864   251  1299591.0000      Cuts: 73   255606   80.09%
   1716     0   259110.2188   255  1299591.0000      Cuts: 60   255887   80.06%
   1716     0   259621.9425   252  1299591.0000      Cuts: 76   256267   80.02%
   1716     0   260222.6039   230  1299591.0000     Cuts: 106   256720   79.98%
   1716     0   260751.0946   253  1299591.0000      Cuts: 89   257079   79.94%
   1716     0   261098.0415   253  1299591.0000      Cuts: 68   257404   79.91%
   1716     0   261625.5964   248  1299591.0000      Cuts: 91   257780   79.87%
   1716     0   262228.4381   245  1299591.0000 ZeroHalf: 110   258165   79.82%
   1716     0   262992.4565   247  1299591.0000      Cuts: 99   258608   79.76%
   1716     0   263829.4123   240  1299591.0000     Cuts: 133   259103   79.70%
   1716     0   264345.9440   241  1299591.0000      Cuts: 86   259465   79.66%
   1716     0   264962.7350   249  1299591.0000      Cuts: 85   259840   79.61%
   1716     0   265357.4618   256  1299591.0000      Cuts: 78   260170   79.58%
   1716     0   265840.0474   244  1299591.0000      Cuts: 88   260465   79.54%
   1716     0   266272.7779   255  1299591.0000     Cuts: 105   260780   79.51%
   1716     0   266658.4255   253  1299591.0000      Cuts: 74   261069   79.48%
   1716     0   266917.5999   267  1299591.0000     Cuts: 111   261280   79.46%
   1716     0   267332.6982   248  1299591.0000      Cuts: 47   261594   79.43%
   1716     0   267942.1008   250  1299591.0000      Cuts: 85   261993   79.38%
   1716     0   268309.6286   241  1299591.0000  ZeroHalf: 79   262377   79.35%
   1716     0   268920.6816   239  1299591.0000  ZeroHalf: 51   262750   79.31%
   1716     0   269350.9959   248  1299591.0000     Cuts: 114   263104   79.27%
   1716     0   269742.2795   255  1299591.0000  ZeroHalf: 56   263416   79.24%
   1716     0   270094.6590   250  1299591.0000      Cuts: 51   263651   79.22%
   1716     0   270501.0282   250  1299591.0000  ZeroHalf: 47   263978   79.19%
   1716     0   270918.7798   239  1299591.0000      Cuts: 53   264259   79.15%
   1716     0   271445.1668   244  1299591.0000      Cuts: 71   264564   79.11%
   1716     0   271810.2166   245  1299591.0000      Cuts: 74   264900   79.08%
   1716     0   272381.6437   249  1299591.0000     Cuts: 100   265316   79.04%
   1716     0   272751.4458   251  1299591.0000      Cuts: 54   265538   79.01%
   1716     0   273363.2689   238  1299591.0000      Cuts: 47   265911   78.97%
   1716     0   273676.1896   254  1299591.0000     Cuts: 109   266260   78.94%
   1716     0   274023.1628   241  1299591.0000      Cuts: 63   266501   78.91%
   1716     0   274391.7098   255  1299591.0000      Cuts: 93   266887   78.89%
   1716     0   274586.6044   250  1299591.0000  ZeroHalf: 83   267152   78.87%
   1716     0   274941.4285   247  1299591.0000      Cuts: 59   267452   78.84%
   1716     0   275481.7231   255  1299591.0000  ZeroHalf: 81   267770   78.80%
   1716     0   275686.0115   258  1299591.0000      Cuts: 76   267999   78.79%
   1716     0   276049.9740   259  1299591.0000      Cuts: 82   268216   78.76%
   1716     0   276735.5459   249  1299591.0000  ZeroHalf: 67   268595   78.71%
   1716     0   277100.6452   247  1299591.0000      Cuts: 83   268795   78.68%
   1716     0   277450.0395   252  1299591.0000  ZeroHalf: 43   269024   78.65%
   1716     0   277907.3237   248  1299591.0000      Cuts: 91   269345   78.62%
   1716     0   278390.1567   252  1299591.0000      Cuts: 68   269649   78.58%
   1716     0   278852.4118   246  1299591.0000      Cuts: 61   269997   78.54%
   1716     0   279360.3326   251  1299591.0000      Cuts: 90   270280   78.50%
   1716     0   279897.6480   250  1299591.0000      Cuts: 88   270663   78.46%
   1716     0   280426.0725   244  1299591.0000      Cuts: 60   270974   78.42%
   1716     0   280821.2140   274  1299591.0000      Cuts: 82   271286   78.39%
   1716     0   281329.1182   280  1299591.0000      Cuts: 57   271679   78.35%
   1716     0   281591.6790   276  1299591.0000      Cuts: 58   271978   78.33%
   1716     0   281844.3149   287  1299591.0000      Cuts: 47   272287   78.31%
   1716     0   282183.4645   285  1299591.0000      Cuts: 68   272623   78.29%
   1716     0   282360.9129   279  1299591.0000  ZeroHalf: 43   272847   78.27%
   1716     0   282581.7825   276  1299591.0000      Cuts: 85   273138   78.26%
   1716     0   282817.0844   280  1299591.0000      Cuts: 55   273396   78.24%
   1716     0   283125.8922   286  1299591.0000      Cuts: 67   273664   78.21%
   1716     0   283320.0657   245  1299591.0000      Cuts: 87   273915   78.20%
   1716     0   283512.6396   243  1299591.0000      Cuts: 54   274142   78.18%
   1716     0   283724.7787   247  1299591.0000  ZeroHalf: 52   274409   78.17%
   1716     2   283724.7787   247  1299591.0000   283724.7787   274409   78.17%
Elapsed time = 426.64 sec. (157612.33 ticks, tree = 0.02 MB, solutions = 15)
   1717     3   283939.6201   256  1299591.0000   283940.6017   274626   78.15%
   1719     4   283943.0163   257  1299591.0000   283943.0503   274644   78.15%
   1721     4   311800.6485   210  1299591.0000   283943.0503   276368   78.15%
   1722     6   306754.4553   217  1299591.0000   283943.0503   275599   78.15%
   1726     8   333616.4950   206  1299591.0000   284072.8621   277761   78.14%
   1729     8   312564.9562   241  1299591.0000   284072.8621   277572   78.14%
   1733    13   333976.9321   208  1299591.0000   284082.5566   280612   78.14%
   1737    19   342637.3460   210  1299591.0000   284082.5566   284447   78.14%
   1741    20   334922.6105   230  1299591.0000   284082.5566   284415   78.14%
   1745    22   307709.5100   223  1299591.0000   284082.5566   284569   78.14%
Elapsed time = 560.90 sec. (175511.43 ticks, tree = 1.54 MB, solutions = 15)
   1750    23   307712.3439   230  1299591.0000   284082.5566   284680   78.14%
   1754    33   284600.5909   270  1299591.0000   284082.5566   291961   78.14%
   1758    27   308179.1629   223  1299591.0000   284082.5566   287706   78.14%
   1764    37   307908.0670   216  1299591.0000   284082.5566   292472   78.14%
   1768    32   344036.5134   230  1299591.0000   284082.5566   290761   78.14%
   1772    31   336289.7345   237  1299591.0000   284082.5566   290169   78.14%
   1776    52   314657.8679   259  1299591.0000   284082.5566   297483   78.14%
   1781    53   337015.6533   235  1299591.0000   284082.5566   297794   78.14%
   1785    64   345337.1767   198  1299591.0000   284082.5566   300068   78.14%
   1800    55   336422.9584   230  1299591.0000   284082.5566   298874   78.14%
Elapsed time = 695.58 sec. (187433.07 ticks, tree = 1.18 MB, solutions = 15)
   1810    79   315822.7957   234  1299591.0000   284082.5566   304848   78.14%
   1834    79   309342.4135   225  1299591.0000   284082.5566   303478   78.14%
   1846    86   317118.2888   233  1299591.0000   284082.5566   305632   78.14%
   1862   114   319743.7660   243  1299591.0000   284082.5566   315318   78.14%
   1876   110   344835.5511   201  1299591.0000   284082.5566   315806   78.14%
   1888    94   337821.1066   235  1299591.0000   284082.5566   310238   78.14%
   1912   125   310073.9247   220  1299591.0000   284082.5566   319640   78.14%
   1934   158   338333.3489   204  1299591.0000   284082.5566   324668   78.14%
   1957   208   324131.1175   247  1299591.0000   284082.5566   335376   78.14%
   1997   231   286744.0522   238  1299591.0000   284082.5566   343166   78.14%
Elapsed time = 818.68 sec. (197661.61 ticks, tree = 39.34 MB, solutions = 15)
   2024   190   323013.9762   193  1299591.0000   284082.5566   331775   78.14%
   2059   220   327962.5252   219  1299591.0000   284082.5566   337259   78.14%
   2094   309   315175.6302   205  1299591.0000   284082.5566   359224   78.14%
   2138   346   288032.8352   254  1299591.0000   284082.5566   367233   78.14%
   2170   355   288460.7143   209  1299591.0000   284082.5566   368621   78.14%
   2188   373   314518.7756   213  1299591.0000   284082.5566   375811   78.14%
   2208   382   343763.0553   220  1299591.0000   284082.5566   378153   78.14%
   2234   465   317991.4326   211  1299591.0000   284082.5566   401376   78.14%
   2256   435   352367.7886   198  1299591.0000   284082.5566   395003   78.14%
   2283   438   360532.3171   222  1299591.0000   284082.5566   396650   78.14%
Elapsed time = 934.50 sec. (207963.16 ticks, tree = 79.13 MB, solutions = 15)
   2313   449   335869.6567   202  1299591.0000   284082.5566   397654   78.14%
   2347   542   325598.8406   192  1299591.0000   284082.5566   420621   78.14%
   2373   584   326404.1078   201  1299591.0000   284082.5566   430299   78.14%
   2397   591   352797.7064   182  1299591.0000   284082.5566   435226   78.14%
   2413   618   301954.8499   208  1299591.0000   284082.5566   441637   78.14%
   2428   627   302755.7966   243  1299591.0000   284082.5566   442254   78.14%
   2436   559   338262.3799   223  1299591.0000   284082.5566   427344   78.14%
   2443   640   359924.4184   211  1299591.0000   284082.5566   449121   78.14%
   2459   687   325901.3598   196  1299591.0000   284082.5566   462975   78.14%
   2470   645   339819.1176   207  1299591.0000   284082.5566   450037   78.14%
Elapsed time = 1068.89 sec. (218085.27 ticks, tree = 89.13 MB, solutions = 15)
   2499   705   329193.4282   197  1299591.0000   284082.5566   466176   78.14%
   2511   668   340269.5126   218  1299591.0000   284082.5566   457025   78.14%
   2531   674   365076.5968   193  1299591.0000   284082.5566   458496   78.14%
   2557   722   361216.7899   201  1299591.0000   284082.5566   471512   78.14%
   2590   731   363202.0451   198  1299591.0000   284082.5566   472570   78.14%
   2598   771   370028.1776   198  1299591.0000   284082.5566   481713   78.14%
   2610   801   330749.3039   172  1299591.0000   284082.5566   490062   78.14%
   2624   793   333140.5988   212  1299591.0000   284082.5566   486615   78.14%
   2644   675   342225.3018   250  1299591.0000   284082.5566   459011   78.14%
   2655   815   371432.9584   196  1299591.0000   284082.5566   498101   78.14%
Elapsed time = 1191.38 sec. (228052.72 ticks, tree = 92.52 MB, solutions = 15)
   2676   833   366723.9042   244  1299591.0000   284082.5566   500089   78.14%
   2691   825   374150.5420   213  1299591.0000   284082.5566   500729   78.14%
   2707   907   308890.7452   218  1299591.0000   284082.5566   515603   78.14%
   2737   917   309669.9531   211  1299591.0000   284082.5566   516095   78.14%
   2754   949   343532.3495   197  1299591.0000   284082.5566   530375   78.14%
   2782   932   312235.4469   239  1299591.0000   284082.5566   517177   78.14%
   2794  1002   368665.4696   232  1299591.0000   284082.5566   549483   78.14%
   2813   928   377023.8212   227  1299591.0000   284082.5566   522608   78.14%
   2836  1008   369291.2305   181  1299591.0000   284082.5566   550323   78.14%
   2910  1103   393546.7798   218  1299591.0000   284082.5566   572562   78.14%
Elapsed time = 1349.46 sec. (240810.28 ticks, tree = 97.50 MB, solutions = 15)
   3018  1117   394335.1645   178  1299591.0000   284082.5566   576354   78.14%
   3134  1352   340433.9376   199  1299591.0000   284082.5566   630229   78.14%
   3226  1394   367497.8861   154  1299591.0000   284082.5566   638546   78.14%
   3333  1516   406934.3607   199  1299591.0000   284082.5566   669619   78.14%
   3440  1618   393195.0461   237  1299591.0000   284082.5566   688694   78.14%
   3537  1635   441174.3259   200  1299591.0000   284082.5566   690657   78.14%
   3634  1792   352417.6319   195  1299591.0000   284082.5566   720566   78.14%
   3777  1809   356508.6693   207  1299591.0000   284082.5566   724339   78.14%
   3927  1980   453296.1821   189  1299591.0000   284082.5566   759300   78.14%
   4069  2217   365793.9113   196  1299591.0000   284082.5566   807832   78.14%
Elapsed time = 1840.83 sec. (279337.94 ticks, tree = 105.57 MB, solutions = 15)
   4179  2341   478291.8912   182  1299591.0000   284082.5566   828038   78.14%
   4313  2493   444928.3931   166  1299591.0000   284082.5566   853258   78.14%
   4415  2616   510920.5425   189  1299591.0000   284082.5566   872338   78.14%
   4527  2628   542837.6436   163  1299591.0000   284082.5566   873977   78.14%
   4695  2751   504498.0741   183  1299591.0000   284082.5566   894073   78.14%
   4837  2962   486229.4886   192  1299591.0000   284082.5566   917803   78.14%
   5026  3135   470775.8911   176  1299591.0000   284082.5566   945349   78.14%
   5163  3159   485529.8376   180  1299591.0000   284082.5566   947913   78.14%
   5316  3413   547605.2520   160  1299591.0000   284082.5566   985886   78.14%
   5458  3480   464870.8440   211  1299591.0000   284082.5566   994992   78.14%
Elapsed time = 2310.84 sec. (317768.77 ticks, tree = 116.54 MB, solutions = 15)
   5664  3766   469189.0408   187  1299591.0000   284082.5566  1033153   78.14%
   5842  3599   577664.9514   157  1299591.0000   284082.5566  1009736   78.14%
   6038  4035   575010.7001   166  1299591.0000   284082.5566  1063219   78.14%
   6231  4333   718147.5588   137  1299591.0000   284082.5566  1097856   78.14%
   6494  4607   449484.6028   182  1299591.0000   284082.5566  1122684   78.14%
   6716  4735   644280.2023   165  1299591.0000   284082.5566  1133615   78.14%
   7031  4777   691163.4643   125  1299591.0000   284082.5566  1138287   78.14%
   7345  5072   561996.4549   175  1299591.0000   284082.5566  1164458   78.14%
   7661  5475   813150.7500   106  1299591.0000   284082.5566  1190961   78.14%
   7926  5922   963054.6640   134  1299591.0000   284082.5566  1215452   78.14%
Elapsed time = 2731.27 sec. (356115.57 ticks, tree = 133.99 MB, solutions = 15)
   8244  6116   653571.7284   158  1299591.0000   284082.5566  1227422   78.14%
   8582  6417  1139911.0833   115  1299591.0000   284082.5566  1256464   78.14%
   8860  6700   772674.0823   145  1299591.0000   284082.5566  1280696   78.14%
   9087  7053   452198.5806   181  1299591.0000   284082.5566  1320437   78.14%
*  9376+ 7325                      1295134.0000   284610.5294            78.02%
   9376  7181   696257.6364   148  1295134.0000   284610.5294  1335267   78.02%
*  9378+ 7325                      1293340.0000   284610.5294            77.99%
   9562  7617   715475.9561   159  1293340.0000   285511.6379  1389616   77.92%
   9739  7826   492660.9286   147  1293340.0000   285511.6379  1448943   77.92%
*  9828+ 7739                      1292993.0000   285511.6379            77.92%
   9959  7984   511249.9676   176  1292993.0000   285511.6379  1487772   77.92%
  10213  8069   463301.7356   210  1292993.0000   285511.6379  1510363   77.92%
* 10463+ 8407                      1291277.0000   285511.6379            77.89%
* 10480+ 8085                      1285500.0000   285511.6379            77.79%
  10491  8393   752158.7500   102  1285500.0000   285511.6379  1552986   77.79%
Elapsed time = 3156.84 sec. (394386.64 ticks, tree = 153.84 MB, solutions = 22)
  10820  8887   664339.0000   152  1285500.0000   285511.6379  1641557   77.79%
  11167  9097   696303.6579   179  1285500.0000   285511.6379  1680385   77.79%
Starting limited solution polishing.
  11554  9476   828045.7500   118  1285500.0000   285511.6379  1712250   77.79%
  11882  9770   881759.6250   103  1285500.0000   285521.8472  1750415   77.79%
  12190  9555   656390.9286   137  1285500.0000   285521.8472  1732058   77.79%
* 12282+ 9827                      1285402.0000   285521.8472            77.79%
  12357 10055   912885.0000    81  1285402.0000   285521.8472  1776921   77.79%
  12607 10383   969338.3333   107  1285402.0000   285521.8472  1813783   77.79%
* 12801+10504                      1282791.0000   285521.8472            77.74%
  13013 10730  1030300.6951   142  1282791.0000   285521.8472  1836220   77.74%
* 13318+10892                      1282275.0000   285521.8472            77.73%
* 13335+10892                      1281423.0000   285521.8472            77.72%
* 13377+10892                      1276523.0000   285521.8472            77.63%
  13405 11065   623746.8141   213  1276523.0000   285521.8472  1866504   77.63%
* 13471+10802                      1273748.0000   285521.8472            77.58%
* 13494+10892                      1272208.0000   285521.8472            77.56%
  13775 11462  1227163.5000    60  1272208.0000   285521.8472  1875128   77.56%
Elapsed time = 3502.21 sec. (432685.06 ticks, tree = 181.17 MB, solutions = 32)
  13958 11814  1108822.8333    92  1272208.0000   285521.8472  1911908   77.56%
  14153 11888  1228391.3333    69  1272208.0000   285521.8472  1913201   77.56%
  14215 11671   453189.1591   171  1272208.0000   285680.2021  1892461   77.54%
* 14322+12219                      1266048.0000   285680.2021            77.44%
  14341 12359  1138913.2500    76  1266048.0000   285680.2021  1947321   77.44%
* 14359+12367                      1265064.0000   285680.2021            77.42%
  14515 12286   337367.2094   228  1265064.0000   285680.2021  1953935   77.42%
  14620 12468   316477.7508   242  1265064.0000   285898.0767  1952962   77.40%
  14622 11889   329173.6324   209  1265064.0000   285898.0767  1921256   77.40%

Implied bound cuts applied:  438
Zero-half cuts applied:  382
Lift and project cuts applied:  5

Root node processing (before b&c):
  Real time             =   81.96 sec. (49938.03 ticks)
Parallel b&c, 8 threads:
  Real time             = 3518.06 sec. (413832.26 ticks)
  Sync time (average)   =  723.24 sec.
  Wait time (average)   =    0.02 sec.
                          ------------
Total (root+branch&cut) = 3600.02 sec. (463770.29 ticks)
Status: Feasible
Obj: 1265064

Instalacoes abertas:
Instalação 0 aberta
Instalação 1 aberta
Instalação 4 aberta
Instalação 5 aberta
Instalação 8 aberta
Instalação 9 aberta
Instalação 11 aberta
Instalação 13 aberta
Instalação 16 aberta
Instalação 18 aberta
Instalação 19 aberta
Instalação 20 aberta
Instalação 22 aberta
Instalação 23 aberta
Instalação 25 aberta
Instalação 27 aberta
Instalação 30 aberta
Instalação 31 aberta
Instalação 34 aberta
Instalação 35 aberta
Instalação 39 aberta
Instalação 42 aberta
Instalação 46 aberta
Instalação 47 aberta
Instalação 49 aberta

Atribuições (cliente -> instalação):
Cliente 0 -> Instalação 34
Cliente 1 -> Instalação 18
Cliente 2 -> Instalação 5
Cliente 3 -> Instalação 39
Cliente 4 -> Instalação 1
Cliente 5 -> Instalação 5
Cliente 6 -> Instalação 9
Cliente 7 -> Instalação 20
Cliente 8 -> Instalação 4
Cliente 9 -> Instalação 0
Cliente 10 -> Instalação 18
Cliente 11 -> Instalação 11
Cliente 12 -> Instalação 22
Cliente 13 -> Instalação 23
Cliente 14 -> Instalação 35
Cliente 15 -> Instalação 0
Cliente 16 -> Instalação 35
Cliente 17 -> Instalação 16
Cliente 18 -> Instalação 13
Cliente 19 -> Instalação 9
Cliente 20 -> Instalação 8
Cliente 21 -> Instalação 30
Cliente 22 -> Instalação 27
Cliente 23 -> Instalação 13
Cliente 24 -> Instalação 47
Cliente 25 -> Instalação 25
Cliente 26 -> Instalação 8
Cliente 27 -> Instalação 31
Cliente 28 -> Instalação 22
Cliente 29 -> Instalação 16
Cliente 30 -> Instalação 25
Cliente 31 -> Instalação 23
Cliente 32 -> Instalação 1
Cliente 33 -> Instalação 31
Cliente 34 -> Instalação 34
Cliente 35 -> Instalação 42
Cliente 36 -> Instalação 20
Cliente 37 -> Instalação 39
Cliente 38 -> Instalação 46
Cliente 39 -> Instalação 30
Cliente 40 -> Instalação 11
Cliente 41 -> Instalação 49
Cliente 42 -> Instalação 49
Cliente 43 -> Instalação 19
Cliente 44 -> Instalação 4
Cliente 45 -> Instalação 46
Cliente 46 -> Instalação 42
Cliente 47 -> Instalação 19
Cliente 48 -> Instalação 20
Cliente 49 -> Instalação 47
