Version identifier: 22.1.1.0 | 2022-11-28 | 9160aff4d
CPXPARAM_TimeLimit                               3600
Tried aggregator 1 time.
MIP Presolve eliminated 50 rows and 1 columns.
Reduced MIP has 51500 rows, 3529 columns, and 154400 nonzeros.
Reduced MIP has 3529 binaries, 0 generals, 0 SOSs, and 0 indicators.
Presolve time = 0.08 sec. (68.61 ticks)
Found incumbent of value 4.0165094e+07 after 0.10 sec. (87.88 ticks)
Probing time = 0.02 sec. (7.91 ticks)
Tried aggregator 1 time.
Detecting symmetries...
Reduced MIP has 51500 rows, 3529 columns, and 154400 nonzeros.
Reduced MIP has 3529 binaries, 0 generals, 0 SOSs, and 0 indicators.
Presolve time = 0.09 sec. (83.46 ticks)
Probing time = 0.03 sec. (7.96 ticks)
Clique table members: 2500.
MIP emphasis: balance optimality and feasibility.
MIP search method: dynamic search.
Parallel mode: deterministic, using up to 8 threads.
Root relaxation solution time = 0.13 sec. (75.88 ticks)

        Nodes                                         Cuts/
   Node  Left     Objective  IInf  Best Integer    Best Bound    ItCnt     Gap

*     0+    0                       4.01651e+07        0.0000           100.00%
*     0+    0                       3.05673e+07        0.0000           100.00%
*     0+    0                      1785489.0000        0.0000           100.00%
*     0+    0                      1761578.0000        0.0000           100.00%
      0     0    93774.0000   100  1761578.0000    93774.0000      171   94.68%
*     0+    0                      1506697.0000    93774.0000            93.78%
      0     0   106217.5000   100  1506697.0000    Cuts: 2472      406   92.95%
      0     0   118774.0000    98  1506697.0000    Cuts: 2472      770   92.12%
      0     0   131217.5000    98  1506697.0000 ZeroHalf: 1116     2118   91.29%
*     0+    0                      1308221.0000   131217.5000            89.97%
*     0+    0                      1307073.0000   131217.5000            89.96%
      0     0  -1.00000e+75     0  1307073.0000   131217.5000     2118   89.96%
      0     0   137694.8571   169  1307073.0000 ZeroHalf: 1109     3092   89.47%
      0     0   145835.8113   190  1307073.0000     Cuts: 788     4104   88.84%
Detecting symmetries...
*     0+    0                       870347.0000   145835.8113            83.24%
      0     0   150685.9722   183   870347.0000     Cuts: 427     4802   82.69%
*     0+    0                       680636.0000   150685.9722            77.86%
      0     0   156263.6863   217   680636.0000     Cuts: 335     5459   77.04%
      0     0   160060.8726   209   680636.0000     Cuts: 623     6205   76.48%
      0     0   163504.4111   203   680636.0000     Cuts: 259     6792   75.98%
      0     0   166374.4556   219   680636.0000     Cuts: 460     7343   75.56%
      0     0   168506.8920   210   680636.0000     Cuts: 158     7879   75.24%
      0     0   170865.3057   185   680636.0000     Cuts: 474     8447   74.90%
      0     0   173781.3304   235   680636.0000      Cuts: 97     9144   74.47%
      0     0   174701.0685   201   680636.0000     Cuts: 229     9379   74.33%
      0     0   176240.1752   202   680636.0000     Cuts: 316     9878   74.11%
      0     0   177646.2101   236   680636.0000  ZeroHalf: 54    10147   73.90%
      0     0   178853.8070   209   680636.0000     Cuts: 119    10559   73.72%
      0     0   180210.0947   226   680636.0000     Cuts: 246    10948   73.52%
      0     0   180965.3721   204   680636.0000      Cuts: 85    11276   73.41%
      0     0   182044.5302   194   680636.0000     Cuts: 151    11695   73.25%
      0     0   183206.4167   196   680636.0000     Cuts: 271    12133   73.08%
      0     0   184133.9698   201   680636.0000  ZeroHalf: 90    12546   72.95%
      0     0   184763.7192   193   680636.0000     Cuts: 153    12777   72.85%
      0     0   185433.1882   211   680636.0000     Cuts: 153    13013   72.76%
      0     0   186137.6212   201   680636.0000      Cuts: 82    13305   72.65%
      0     0   187213.2701   238   680636.0000     Cuts: 139    13695   72.49%
      0     0   188118.5491   226   680636.0000     Cuts: 186    14085   72.36%
      0     0   188993.1704   201   680636.0000     Cuts: 289    14464   72.23%
      0     0   190481.0863   206   680636.0000     Cuts: 126    14909   72.01%
      0     0   191604.7092   211   680636.0000     Cuts: 105    15345   71.85%
      0     0   192248.8242   206   680636.0000     Cuts: 108    15663   71.75%
      0     0   192713.7509   207   680636.0000     Cuts: 210    15903   71.69%
      0     0   193154.0897   208   680636.0000      Cuts: 67    16169   71.62%
      0     0   193638.6632   225   680636.0000      Cuts: 90    16479   71.55%
      0     0   194179.9342   205   680636.0000     Cuts: 281    16775   71.47%
      0     0   194597.8215   235   680636.0000      Cuts: 74    17129   71.41%
      0     0   195086.1646   221   680636.0000  ZeroHalf: 78    17369   71.34%
      0     0   195448.5008   203   680636.0000     Cuts: 148    17661   71.28%
      0     0   195989.4532   208   680636.0000      Cuts: 67    17988   71.20%
      0     0   196595.6797   209   680636.0000      Cuts: 82    18337   71.12%
      0     0   197465.5262   246   680636.0000      Cuts: 80    18899   70.99%
      0     0   197968.7655   241   680636.0000     Cuts: 116    19149   70.91%
      0     0   198528.8296   223   680636.0000      Cuts: 72    19409   70.83%
      0     0   198917.1285   203   680636.0000     Cuts: 137    19636   70.77%
      0     0   199206.8910   201   680636.0000      Cuts: 83    19832   70.73%
      0     0   199513.4191   204   680636.0000      Cuts: 44    20106   70.69%
      0     0   199708.1054   244   680636.0000      Cuts: 75    20284   70.66%
      0     0   199995.4674   239   680636.0000  ZeroHalf: 27    20440   70.62%
      0     0   200313.4531   233   680636.0000      Cuts: 62    20748   70.57%
      0     0   200697.8177   231   680636.0000      Cuts: 73    20980   70.51%
      0     0   200996.3992   205   680636.0000     Cuts: 123    21166   70.47%
      0     0   201360.0657   236   680636.0000      Cuts: 59    21440   70.42%
      0     0   201669.2960   241   680636.0000      Cuts: 63    21698   70.37%
      0     0   201949.1172   236   680636.0000     Cuts: 120    21977   70.33%
      0     0   202301.7228   216   680636.0000      Cuts: 37    22207   70.28%
      0     0   202488.5603   212   680636.0000      Cuts: 71    22363   70.25%
      0     0   202966.3676   207   680636.0000      Cuts: 38    22643   70.18%
      0     0   203183.2807   215   680636.0000      Cuts: 53    22814   70.15%
      0     0   203309.4551   210   680636.0000      Cuts: 65    22968   70.13%
      0     0   203485.1400   213   680636.0000  ZeroHalf: 37    23087   70.10%
      0     0   203770.9491   209   680636.0000      Cuts: 31    23270   70.06%
      0     0   204015.2601   212   680636.0000  ZeroHalf: 40    23430   70.03%
      0     0   204172.5620   210   680636.0000      Cuts: 54    23598   70.00%
      0     0   204266.5539   240   680636.0000      Cuts: 35    23700   69.99%
      0     0   204372.3184   213   680636.0000      Cuts: 37    23817   69.97%
*     0+    0                       678406.0000   204372.3184            69.87%
Detecting symmetries...
      0     2   204372.3184   213   678406.0000   204372.3184    23817   69.87%
Elapsed time = 41.92 sec. (28283.98 ticks, tree = 0.02 MB, solutions = 10)
      3     3   226770.2179   203   678406.0000   204372.7781    24466   69.87%
      7     6   227192.2214   202   678406.0000   204433.0690    24966   69.87%
     21    15   253719.6506   185   678406.0000   204954.2243    28222   69.79%
     38    21   254208.9851   193   678406.0000   205529.5221    30787   69.70%
     44    23   263752.2451   195   678406.0000   205529.5221    31925   69.70%
     56    53   253916.4652   178   678406.0000   205529.5221    41767   69.70%
     64    48   303166.2308   155   678406.0000   205529.5221    39369   69.70%
     75    72   296338.4974   146   678406.0000   205529.5221    49853   69.70%
     83    82   324545.0777   130   678406.0000   205529.5221    54312   69.70%
    115    87   306343.5133   163   678406.0000   205529.5221    58593   69.70%
Elapsed time = 67.78 sec. (31701.45 ticks, tree = 1.51 MB, solutions = 10)
    189   154   321293.3363   135   678406.0000   205529.5221    79848   69.70%
    373   265   482884.0000   106   678406.0000   205529.5221    92529   69.70%
    627   529   608767.1667    82   678406.0000   205529.5221   112007   69.70%
    755   640   243176.5514   190   678406.0000   205529.5221   121335   69.70%
    834   758   424460.0000    86   678406.0000   205529.5221   142102   69.70%
    935   768   371975.5556   125   678406.0000   205529.5221   144095   69.70%
   1094   887   564735.5000    86   678406.0000   205529.5221   155885   69.70%
   1260  1057   631405.5000    44   678406.0000   207727.5089   179123   69.38%
   1404  1169   588557.0000    60   678406.0000   207727.5089   187763   69.38%
   1554  1391        cutoff         678406.0000   207727.5089   208062   69.38%
Elapsed time = 141.87 sec. (41327.58 ticks, tree = 213.15 MB, solutions = 10)
   1654  1470   314645.7691   187   678406.0000   207727.5089   215207   69.38%

Performing restart 1

Repeating presolve.
Tried aggregator 1 time.
MIP Presolve eliminated 958 rows and 32 columns.
Reduced MIP has 50542 rows, 3497 columns, and 151526 nonzeros.
Reduced MIP has 3497 binaries, 0 generals, 0 SOSs, and 0 indicators.
Presolve time = 0.07 sec. (69.65 ticks)
Tried aggregator 1 time.
Reduced MIP has 50542 rows, 3497 columns, and 151526 nonzeros.
Reduced MIP has 3497 binaries, 0 generals, 0 SOSs, and 0 indicators.
Presolve time = 0.09 sec. (84.71 ticks)
Represolve time = 0.25 sec. (222.16 ticks)
   1663     0   204653.2793   217   678406.0000     Cuts: 108   231885   69.38%
   1663     0   205140.4740   211   678406.0000     Cuts: 145   232152   69.38%
   1663     0   205985.5540   213   678406.0000     Cuts: 161   232582   69.38%
   1663     0   206855.7456   239   678406.0000     Cuts: 149   233061   69.33%
   1663     0   208442.5372   233   678406.0000     Cuts: 192   233747   69.14%
   1663     0   209959.2107   233   678406.0000     Cuts: 188   234373   69.04%
   1663     0   211097.0489   211   678406.0000     Cuts: 184   234832   68.88%
   1663     0   211909.4090   212   678406.0000     Cuts: 165   235216   68.73%
   1663     0   212966.3383   244   678406.0000     Cuts: 127   235695   68.60%
   1663     0   214413.2042   233   678406.0000     Cuts: 181   236239   68.39%
   1663     0   215498.8059   238   678406.0000     Cuts: 185   236629   68.23%
   1663     0   216348.8146   242   678406.0000     Cuts: 164   237067   68.11%
   1663     0   216818.9610   238   678406.0000      Cuts: 98   237307   68.04%
   1663     0   217456.7934   231   678406.0000      Cuts: 65   237603   67.95%
   1663     0   217832.5689   235   678406.0000     Cuts: 140   237785   67.89%
   1663     0   218453.2349   241   678406.0000      Cuts: 79   238054   67.80%
   1663     0   218982.5639   239   678406.0000     Cuts: 104   238301   67.72%
   1663     0   219414.2023   238   678406.0000      Cuts: 64   238595   67.66%
   1663     0   219694.4279   242   678406.0000      Cuts: 57   238805   67.62%
   1663     0   219997.7246   245   678406.0000      Cuts: 51   239083   67.57%
   1663     0   220344.4084   239   678406.0000     Cuts: 101   239329   67.52%
   1663     0   220584.4738   234   678406.0000      Cuts: 77   239568   67.48%
   1663     0   220774.9384   247   678406.0000      Cuts: 74   239772   67.46%
   1663     0   221044.5685   242   678406.0000      Cuts: 26   240025   67.42%
   1663     0   221312.3057   246   678406.0000      Cuts: 76   240207   67.38%
   1663     0   221568.9187   242   678406.0000      Cuts: 37   240423   67.34%
   1663     0   221680.2146   247   678406.0000      Cuts: 76   240502   67.32%
   1663     0   221843.0881   246   678406.0000      Cuts: 23   240647   67.30%
   1663     0   222034.5874   243   678406.0000      Cuts: 62   240801   67.27%
   1663     0   222189.8983   248   678406.0000      Cuts: 64   240939   67.25%
   1663     0   222452.1734   247   678406.0000      Cuts: 76   241153   67.21%
   1663     0   222714.2576   244   678406.0000      Cuts: 62   241327   67.17%
   1663     0   223040.1354   238   678406.0000      Cuts: 93   241598   67.12%
   1663     0   223388.8687   234   678406.0000      Cuts: 73   241871   67.07%
   1663     0   223615.7575   235   678406.0000      Cuts: 48   242080   67.04%
   1663     0   223813.3969   241   678406.0000      Cuts: 62   242266   67.01%
   1663     0   224031.6271   234   678406.0000      Cuts: 56   242451   66.98%
   1663     0   224265.6731   237   678406.0000      Cuts: 85   242611   66.94%
   1663     0   224559.0289   238   678406.0000      Cuts: 58   242791   66.90%
   1663     0   225152.4553   231   678406.0000      Cuts: 67   243070   66.81%
   1663     0   225486.0605   232   678406.0000      Cuts: 82   243287   66.76%
   1663     0   225739.5144   235   678406.0000      Cuts: 78   243483   66.73%
   1663     0   226114.4152   230   678406.0000     Cuts: 123   243734   66.67%
   1663     0   226370.2361   241   678406.0000     Cuts: 107   243946   66.63%
   1663     0   226594.1904   239   678406.0000      Cuts: 56   244126   66.60%
   1663     0   226833.8102   244   678406.0000      Cuts: 57   244391   66.56%
   1663     0   227105.8235   243   678406.0000      Cuts: 58   244602   66.52%
   1663     0   227305.5690   238   678406.0000      Cuts: 60   244821   66.49%
   1663     0   227537.3344   241   678406.0000      Cuts: 97   245020   66.46%
   1663     0   227786.6037   244   678406.0000      Cuts: 67   245223   66.42%
   1663     0   228111.6142   235   678406.0000  ZeroHalf: 47   245395   66.38%
   1663     0   228803.3577   237   678406.0000     Cuts: 111   245756   66.27%
   1663     0   229086.0230   239   678406.0000      Cuts: 56   245959   66.23%
   1663     0   229323.8978   228   678406.0000      Cuts: 51   246140   66.20%
   1663     0   229776.9101   229   678406.0000      Cuts: 83   246469   66.13%
   1663     0   229985.0008   233   678406.0000      Cuts: 54   246657   66.10%
   1663     0   230207.3501   238   678406.0000  ZeroHalf: 65   246848   66.07%
   1663     0   230487.0520   232   678406.0000      Cuts: 55   247060   66.03%
   1663     0   230590.6034   233   678406.0000      Cuts: 24   247214   66.01%
   1663     0   230763.6065   238   678406.0000      Cuts: 40   247381   65.98%
   1663     0   231021.6008   236   678406.0000      Cuts: 46   247563   65.95%
   1663     0   231383.6145   216   678406.0000      Cuts: 67   247843   65.89%
   1663     0   231615.9277   236   678406.0000      Cuts: 81   248093   65.86%
   1663     0   231879.4469   236   678406.0000      Cuts: 64   248253   65.82%
   1663     0   232070.1512   239   678406.0000      Cuts: 63   248432   65.79%
   1663     0   232329.6669   231   678406.0000      Cuts: 78   248645   65.75%
   1663     0   232463.8498   235   678406.0000      Cuts: 38   248820   65.73%
   1663     0   233069.8215   251   678406.0000 ZeroHalf: 104   249169   65.64%
   1663     0   233321.3383   254   678406.0000      Cuts: 73   249360   65.61%
   1663     0   233628.9502   236   678406.0000  ZeroHalf: 63   249573   65.56%
   1663     0   233893.2166   232   678406.0000      Cuts: 74   249738   65.52%
   1663     0   234186.8979   246   678406.0000      Cuts: 68   249983   65.48%
   1663     0   234404.8557   250   678406.0000      Cuts: 50   250149   65.45%
   1663     0   234648.4562   246   678406.0000      Cuts: 93   250467   65.41%
   1663     0   234854.0014   239   678406.0000     Cuts: 104   250707   65.38%
   1663     0   235185.5565   239   678406.0000      Cuts: 75   250975   65.33%
   1663     0   235315.3214   236   678406.0000      Cuts: 59   251094   65.31%
   1663     0   235512.4164   233   678406.0000      Cuts: 60   251263   65.28%
   1663     0   235783.3120   236   678406.0000  ZeroHalf: 41   251456   65.24%
   1663     0   236075.9347   248   678406.0000      Cuts: 63   251671   65.20%
   1663     0   236198.0451   250   678406.0000      Cuts: 84   251815   65.18%
   1663     2   236198.0451   250   678406.0000   236198.0451   251815   65.18%
   1664     3   251312.8772   195   678406.0000   236198.6118   252184   65.18%
   1666     4   253113.1938   217   678406.0000   236287.7217   252863   65.17%
   1668     4   269659.8824   197   678406.0000   236923.6407   253566   65.08%
   1669     6   266493.2119   184   678406.0000   236923.6407   253682   65.08%
   1674    11   237764.5229   254   678406.0000   236947.3588   257557   65.07%
   1680    15   275092.2898   205   678406.0000   236947.3588   258578   65.07%
   1685    18   276188.5720   181   678406.0000   236947.3588   260081   65.07%
   1690    19   277634.5092   182   678406.0000   236947.3588   260945   65.07%
Elapsed time = 352.75 sec. (107069.88 ticks, tree = 1.21 MB, solutions = 10)
   1696    19   272073.9668   193   678406.0000   236947.3588   260800   65.07%
   1700    26   260772.6638   197   678406.0000   236947.3588   263397   65.07%
   1706    32   289019.8849   176   678406.0000   236947.3588   267880   65.07%
   1708    37   255444.2215   218   678406.0000   236947.3588   271141   65.07%
   1714    33   273046.0479   195   678406.0000   236947.3588   268102   65.07%
   1719    49   282193.1258   193   678406.0000   236947.3588   277110   65.07%
   1724    43   256050.3166   217   678406.0000   236947.3588   274910   65.07%
   1731    57   280829.0075   182   678406.0000   236947.3588   280454   65.07%
   1740    66   251763.8593   195   678406.0000   236947.3588   281701   65.07%
   1756    82   262390.1199   212   678406.0000   236947.3588   284994   65.07%
Elapsed time = 454.94 sec. (117890.90 ticks, tree = 1.06 MB, solutions = 10)
   1781    56   298056.0501   175   678406.0000   236947.3588   280362   65.07%
   1811   110   265955.6401   186   678406.0000   236947.3588   293183   65.07%
   1829   118   256939.8853   216   678406.0000   236947.3588   295092   65.07%
   1842   106   289259.6937   220   678406.0000   236947.3588   292462   65.07%
   1866   178   286575.7793   184   678406.0000   236947.3588   312883   65.07%
   1880   166   312853.7468   164   678406.0000   236947.3588   309281   65.07%
   1901   156   276425.7645   199   678406.0000   236947.3588   305033   65.07%
   1921   201   288839.7386   187   678406.0000   236947.3588   318013   65.07%
   1940   231   288309.8788   187   678406.0000   236947.3588   332170   65.07%
   1961   241   289867.0015   228   678406.0000   236947.3588   334892   65.07%
Elapsed time = 565.58 sec. (127878.98 ticks, tree = 4.09 MB, solutions = 10)
   1992   203   296500.3690   198   678406.0000   236947.3588   321367   65.07%
   2022   263   298945.5261   170   678406.0000   236947.3588   342227   65.07%
   2043   247   336506.3017   180   678406.0000   236947.3588   336533   65.07%
   2066   361   322204.8905   168   678406.0000   236947.3588   364447   65.07%
   2098   376   264982.9961   196   678406.0000   236947.3588   369234   65.07%
   2127   393   333230.4346   180   678406.0000   236947.3588   375783   65.07%
   2143   418   318001.6390   225   678406.0000   236947.3588   385425   65.07%
   2162   383   299809.8529   224   678406.0000   236947.3588   372075   65.07%
   2174   424   349659.8170   229   678406.0000   236947.3588   387453   65.07%
   2201   439   342757.9533   155   678406.0000   236947.3588   391722   65.07%
Elapsed time = 676.22 sec. (137707.84 ticks, tree = 23.72 MB, solutions = 10)
   2236   424   354691.8693   175   678406.0000   236947.3588   384527   65.07%
   2256   529   341498.3804   170   678406.0000   236947.3588   414847   65.07%
   2276   476   326771.3468   175   678406.0000   236947.3588   399289   65.07%
   2300   569   343874.9984   170   678406.0000   236947.3588   423680   65.07%
   2316   575   273181.5442   191   678406.0000   236947.3588   426582   65.07%
   2340   591   402490.5517   141   678406.0000   236947.3588   430475   65.07%
   2367   635   348153.3181   164   678406.0000   236947.3588   441179   65.07%
   2391   617   332150.9294   174   678406.0000   236947.3588   436408   65.07%
   2410   581   373191.9974   165   678406.0000   236947.3588   426910   65.07%
   2428   709   413090.0358   170   678406.0000   236947.3588   462714   65.07%
Elapsed time = 771.39 sec. (147531.63 ticks, tree = 24.02 MB, solutions = 10)
   2445   754   321924.6064   165   678406.0000   236947.3588   473121   65.07%
   2465   752   359768.0610   147   678406.0000   236947.3588   473812   65.07%
   2482   768   410474.7640   158   678406.0000   236947.3588   476318   65.07%
   2518   688   382711.9622   146   678406.0000   236947.3588   456678   65.07%
   2536   759   310938.1745   162   678406.0000   236947.3588   473998   65.07%
   2555   819   351927.1305   196   678406.0000   236947.3588   486318   65.07%
   2573   835   360193.2898   177   678406.0000   236947.3588   489465   65.07%
   2596   800   417551.5772   149   678406.0000   236947.3588   482491   65.07%
   2614   875   314948.7491   186   678406.0000   236947.3588   501825   65.07%
   2646   899   418872.5243   158   678406.0000   236947.3588   506205   65.07%
Elapsed time = 885.83 sec. (157437.89 ticks, tree = 23.78 MB, solutions = 10)
   2665   872   445036.2956   135   678406.0000   236947.3588   500670   65.07%
   2687   878   432733.3113   156   678406.0000   236947.3588   502632   65.07%
   2734   957   357997.8397   187   678406.0000   236947.3588   520757   65.07%
   2764   962   364287.6537   192   678406.0000   236947.3588   521597   65.07%
   2799  1039   446860.4835   150   678406.0000   236947.3588   537418   65.07%
   2827   931   282543.7200   180   678406.0000   236947.3588   515394   65.07%
   2863  1067   433490.1687   152   678406.0000   236947.3588   543637   65.07%
   2886  1059   363636.2759   208   678406.0000   236947.3588   541243   65.07%
   2906  1064   366407.1050   175   678406.0000   236947.3588   542488   65.07%
   2931  1078   452287.4583   120   678406.0000   236947.3588   546087   65.07%
Elapsed time = 986.69 sec. (167265.84 ticks, tree = 27.43 MB, solutions = 10)
   2969  1093   440316.2722   166   678406.0000   236947.3588   548503   65.07%
   3009  1099   442560.5667   154   678406.0000   236947.3588   549382   65.07%
   3045  1220   579231.5000    56   678406.0000   236947.3588   574772   65.07%
   3087  1179   290859.9359   182   678406.0000   236947.3588   566496   65.07%
   3126  1396   348236.5000   140   678406.0000   236947.3588   614759   65.07%
   3168  1296   445176.5186   149   678406.0000   236947.3588   592697   65.07%
   3209  1421   379359.3254   213   678406.0000   236947.3588   619480   65.07%
   3244  1480   483616.0000   123   678406.0000   236947.3588   630628   65.07%
   3282  1431   383120.7527   204   678406.0000   236947.3588   622024   65.07%
   3459  1606   358858.3889   185   678406.0000   236947.3588   656418   65.07%
Elapsed time = 1124.26 sec. (179979.62 ticks, tree = 29.43 MB, solutions = 10)
   3585  1730   536988.2708   140   678406.0000   236947.3588   674621   65.07%
   3724  1864   571798.4765   135   678406.0000   236947.3588   695036   65.07%
   3867  1979   499804.8437   140   678406.0000   236947.3588   717103   65.07%
   4025  2142   593793.1620   144   678406.0000   236947.3588   739604   65.07%
   4226  2317   516008.2905   165   678406.0000   236947.3588   757897   65.07%
   4444  2595   613159.3565   137   678406.0000   236947.3588   789795   65.07%
   4652  2838   618597.8214   113   678406.0000   236947.3588   815242   65.07%
   4822  3011   507778.8750   141   678406.0000   236947.3588   844674   65.07%
   5034  3149   606342.7081   164   678406.0000   236947.3588   860592   65.07%
   5279  3210   494079.1976   151   678406.0000   236947.3588   870331   65.07%
Elapsed time = 1509.22 sec. (218366.18 ticks, tree = 40.96 MB, solutions = 10)
   5522  3627   354495.6494   178   678406.0000   236947.3588   935344   65.07%
   5770  3874   497456.0000   114   678406.0000   236947.3588   962721   65.07%
   6050  4135   265398.0611   211   678406.0000   236947.3588  1004721   65.07%
   6279  4308   626206.5000   120   678406.0000   236947.3588  1028161   65.07%
   6552  4441   473503.8571   169   678406.0000   236947.3588  1052472   65.07%
   6838  4661   561720.7500   109   678406.0000   236947.3588  1089891   65.07%
   7240  4879   603421.5000    89   678406.0000   236947.3588  1131364   65.07%
   7547  5229   519644.5000   101   678406.0000   236947.3588  1180426   65.07%
   7846  5558   591014.7000   127   678406.0000   236947.3588  1223977   65.07%
   8127  5877   332964.5148   220   678406.0000   236947.3588  1280816   65.07%
Elapsed time = 1878.32 sec. (256663.56 ticks, tree = 61.96 MB, solutions = 10)
   8440  6305   571596.5000    66   678406.0000   252983.1616  1357765   62.71%
   8777  6640   457705.0833   158   678406.0000   252983.1616  1428140   62.71%
   9162  6900   300371.6191   194   678406.0000   252983.1616  1474558   62.71%
   9477  7031   340730.8126   195   678406.0000   252983.1616  1494457   62.71%
   9726  7660   379213.4644   188   678406.0000   254577.5100  1596400   62.47%
   9979  7728   385921.2242   183   678406.0000   254784.4395  1618541   62.44%
  10293  8053   392377.4948   210   678406.0000   254784.4395  1672816   62.44%
  10613  8180   670410.0000    71   678406.0000   254784.4395  1688382   62.44%
  10822  8483   428572.9194   155   678406.0000   254784.4395  1736388   62.44%
  11091  8875   338347.8773   185   678406.0000   254784.4395  1796293   62.44%
Elapsed time = 2213.34 sec. (294884.66 ticks, tree = 86.28 MB, solutions = 10)
  11331  8965   315290.9095   192   678406.0000   254968.6526  1811492   62.42%
  11541  9270   398036.4613   203   678406.0000   256943.1072  1859681   62.13%
  11759  9459   340174.3713   219   678406.0000   256953.1517  1902549   62.12%
  11989  9654   404991.8776   184   678406.0000   257043.9472  1944533   62.11%
  12204  9938   387088.3171   173   678406.0000   257043.9472  1999294   62.11%
  12398 10151   385536.6108   208   678406.0000   257043.9472  2039992   62.11%
  12590 10294   433550.4643   200   678406.0000   257043.9472  2062762   62.11%
  12822 10505   357168.8605   238   678406.0000   257210.3015  2109332   62.09%
  13037 10913   309858.0255   194   678406.0000   257267.7875  2180840   62.08%
  13243 11021   368484.5132   176   678406.0000   257486.4844  2201021   62.05%
Elapsed time = 2587.52 sec. (333165.89 ticks, tree = 102.40 MB, solutions = 10)
  13447 11122   381970.3522   199   678406.0000   257486.4844  2222385   62.05%
  13655 11420   359249.9507   226   678406.0000   257486.8942  2290263   62.05%
  13895 11519   340358.6948   188   678406.0000   257486.8942  2312583   62.05%
  14111 11882   364061.5999   207   678406.0000   257495.9115  2378969   62.04%
  14311 11964   482480.9456   178   678406.0000   257672.7063  2392124   62.02%
  14557 12398   384770.5883   212   678406.0000   257757.7869  2476204   62.01%
  14788 12649   442117.1782   208   678406.0000   257757.7869  2524700   62.01%
  15032 12835   419180.9016   186   678406.0000   257824.3325  2563981   62.00%
  15240 12826   456187.8351   192   678406.0000   258167.6264  2559914   61.94%
  15481 12998   416877.1309   170   678406.0000   258167.6264  2595890   61.94%
Elapsed time = 2978.27 sec. (371434.34 ticks, tree = 114.94 MB, solutions = 10)
  15740 13507   670876.7500    50   678406.0000   258310.4203  2691834   61.92%
  15954 13606   443802.4151   188   678406.0000   258310.4203  2710704   61.92%
  16218 13809   284697.4117   177   678406.0000   258477.0861  2752341   61.90%
  16519 14182   611234.4333    97   678406.0000   258525.8362  2824663   61.89%
* 16733+14224                       673204.0000   258602.3633            61.59%
* 16757+14222                       671012.0000   258602.3633            61.46%
  16762 14465   306406.7676   192   671012.0000   258602.3633  2891901   61.46%
* 16786+14218                       662068.0000   258602.3633            60.94%
  16981 14564   511136.6875   154   662068.0000   258782.5139  2957733   60.91%
  17192 14496   311315.1804   201   662068.0000   258782.5139  2942874   60.91%
Starting limited solution polishing.
  17434 14724   365728.0190   200   662068.0000   259118.2417  3005711   60.86%
  17668 14980   338164.4499   210   662068.0000   259118.2417  3052876   60.86%
  17941 15260   352283.2031   218   662068.0000   259118.2417  3106083   60.86%
Elapsed time = 3332.10 sec. (409736.11 ticks, tree = 131.13 MB, solutions = 13)
* 18098+15387                       662011.0000   259118.2417            60.86%
  18179 15697   448007.5840   203   662011.0000   259118.2417  3182485   60.86%
  18382 15494   504862.9572   165   662011.0000   259118.2417  3152270   60.86%
* 18423+15767                       655002.0000   259118.2417            60.44%
  18536 15757   444208.8238   199   655002.0000   259118.2417  3225225   60.44%
  18799 15991   339696.9986   174   655002.0000   259639.3837  3257465   60.36%
  19012 16073   440472.5907   190   655002.0000   259639.3837  3266709   60.36%
  19230 16128   467096.1971   217   655002.0000   259719.5056  3271519   60.35%
  19411 16527   421442.8258   191   655002.0000   259719.5056  3339337   60.35%
  19570 16568   450667.2308   199   655002.0000   259828.3535  3344349   60.33%
  19715 16908   306760.4815   189   655002.0000   259882.1824  3402733   60.32%
* 19811+16703                       653033.0000   259882.1824            60.20%
* 19814+16703                       652801.0000   259882.1824            60.19%
  19835 16898   472665.5962   191   652801.0000   259882.1824  3397640   60.19%
Elapsed time = 3545.78 sec. (447980.67 ticks, tree = 143.13 MB, solutions = 17)
  20038 17104   413199.8509   206   652801.0000   259923.2918  3444901   60.18%
* 20119+17004                       639781.0000   259923.2918            59.37%
  20251 17196   460968.8250   173   639781.0000   259923.2918  3497130   59.37%
  20320 17325   399682.9792   180   639781.0000   259923.2918  3481802   59.37%

Implied bound cuts applied:  130
Zero-half cuts applied:  506
Lift and project cuts applied:  16

Root node processing (before b&c):
  Real time             =   41.86 sec. (28195.20 ticks)
Parallel b&c, 8 threads:
  Real time             = 3558.15 sec. (434470.79 ticks)
  Sync time (average)   =  545.89 sec.
  Wait time (average)   =    0.01 sec.
                          ------------
Total (root+branch&cut) = 3600.01 sec. (462665.98 ticks)
Status: Feasible
Obj: 639781

Instalacoes abertas:
Instalação 0 aberta
Instalação 1 aberta
Instalação 4 aberta
Instalação 8 aberta
Instalação 9 aberta
Instalação 13 aberta
Instalação 16 aberta
Instalação 18 aberta
Instalação 19 aberta
Instalação 20 aberta
Instalação 22 aberta
Instalação 25 aberta
Instalação 27 aberta
Instalação 30 aberta
Instalação 31 aberta
Instalação 39 aberta
Instalação 47 aberta
Instalação 49 aberta

Atribuições (cliente -> instalação):
Cliente 0 -> Instalação 13
Cliente 1 -> Instalação 20
Cliente 2 -> Instalação 47
Cliente 3 -> Instalação 8
Cliente 4 -> Instalação 0
Cliente 5 -> Instalação 27
Cliente 6 -> Instalação 4
Cliente 7 -> Instalação 30
Cliente 8 -> Instalação 1
Cliente 9 -> Instalação 18
Cliente 10 -> Instalação 1
Cliente 11 -> Instalação 27
Cliente 12 -> Instalação 22
Cliente 13 -> Instalação 30
Cliente 14 -> Instalação 1
Cliente 15 -> Instalação 4
Cliente 16 -> Instalação 4
Cliente 17 -> Instalação 0
Cliente 18 -> Instalação 0
Cliente 19 -> Instalação 19
Cliente 20 -> Instalação 20
Cliente 21 -> Instalação 19
Cliente 22 -> Instalação 31
Cliente 23 -> Instalação 39
Cliente 24 -> Instalação 9
Cliente 25 -> Instalação 25
Cliente 26 -> Instalação 4
Cliente 27 -> Instalação 8
Cliente 28 -> Instalação 31
Cliente 29 -> Instalação 13
Cliente 30 -> Instalação 13
Cliente 31 -> Instalação 16
Cliente 32 -> Instalação 1
Cliente 33 -> Instalação 39
Cliente 34 -> Instalação 4
Cliente 35 -> Instalação 18
Cliente 36 -> Instalação 25
Cliente 37 -> Instalação 31
Cliente 38 -> Instalação 9
Cliente 39 -> Instalação 16
Cliente 40 -> Instalação 49
Cliente 41 -> Instalação 8
Cliente 42 -> Instalação 8
Cliente 43 -> Instalação 13
Cliente 44 -> Instalação 9
Cliente 45 -> Instalação 47
Cliente 46 -> Instalação 20
Cliente 47 -> Instalação 47
Cliente 48 -> Instalação 39
Cliente 49 -> Instalação 49
