Version identifier: 22.1.1.0 | 2022-11-28 | 9160aff4d
CPXPARAM_TimeLimit                               3600
Tried aggregator 1 time.
MIP Presolve eliminated 50 rows and 1 columns.
Reduced MIP has 35150 rows, 3202 columns, and 105350 nonzeros.
Reduced MIP has 3202 binaries, 0 generals, 0 SOSs, and 0 indicators.
Presolve time = 0.05 sec. (49.07 ticks)
Found incumbent of value 2.8366527e+07 after 0.07 sec. (62.43 ticks)
Probing time = 0.02 sec. (6.51 ticks)
Tried aggregator 1 time.
Detecting symmetries...
Reduced MIP has 35150 rows, 3202 columns, and 105350 nonzeros.
Reduced MIP has 3202 binaries, 0 generals, 0 SOSs, and 0 indicators.
Presolve time = 0.06 sec. (59.35 ticks)
Probing time = 0.02 sec. (6.55 ticks)
Clique table members: 2500.
MIP emphasis: balance optimality and feasibility.
MIP search method: dynamic search.
Parallel mode: deterministic, using up to 8 threads.
Root relaxation solution time = 0.14 sec. (52.28 ticks)

        Nodes                                         Cuts/
   Node  Left     Objective  IInf  Best Integer    Best Bound    ItCnt     Gap

*     0+    0                       2.83665e+07        0.0000           100.00%
*     0+    0                       2.09975e+07        0.0000           100.00%
*     0+    0                      1235129.0000        0.0000           100.00%
*     0+    0                       891383.0000        0.0000           100.00%
      0     0    93774.0000   100   891383.0000    93774.0000      190   89.48%
      0     0   106217.5000   100   891383.0000    Cuts: 1678      433   88.08%
      0     0   118774.0000    98   891383.0000    Cuts: 1678      768   86.68%
      0     0   130528.7222   220   891383.0000 ZeroHalf: 733     2007   85.36%
*     0+    0                       593978.0000   130528.7222            78.02%
*     0+    0                       465102.0000   130528.7222            71.94%
      0     0  -1.00000e+75     0   465102.0000   130528.7222     2007   71.94%
*     0+    0                       445470.0000   130528.7222            70.70%
      0     0   135562.8571   209   445470.0000 ZeroHalf: 676     2462   69.57%
      0     0   142905.9822   192   445470.0000     Cuts: 809     3531   67.92%
Detecting symmetries...
      0     0   148129.3182   187   445470.0000     Cuts: 313     4207   66.75%
      0     0   151583.3816   214   445470.0000     Cuts: 144     4766   65.97%
      0     0   154582.4818   193   445470.0000     Cuts: 320     5302   65.30%
      0     0   156875.3818   177   445470.0000      Cuts: 87     5710   64.78%
      0     0   157663.5769   192   445470.0000     Cuts: 145     5910   64.61%
      0     0   159181.9933   212   445470.0000     Cuts: 365     6271   64.27%
      0     0   160300.6750   176   445470.0000     Cuts: 287     6575   64.02%
      0     0   161552.1025   175   445470.0000     Cuts: 128     6923   63.73%
      0     0   162562.0102   172   445470.0000      Cuts: 75     7169   63.51%
      0     0   163311.1415   179   445470.0000      Cuts: 70     7393   63.34%
      0     0   164160.2478   220   445470.0000     Cuts: 102     7609   63.15%
      0     0   164732.6438   186   445470.0000     Cuts: 246     7913   63.02%
      0     0   165747.5601   183   445470.0000      Cuts: 58     8287   62.79%
      0     0   166350.8199   211   445470.0000      Cuts: 49     8483   62.66%
      0     0   167278.8568   211   445470.0000      Cuts: 85     8667   62.45%
      0     0   167805.3715   204   445470.0000      Cuts: 54     8843   62.33%
      0     0   168198.2367   215   445470.0000      Cuts: 68     9025   62.24%
      0     0   168783.5967   216   445470.0000      Cuts: 90     9252   62.11%
      0     0   169188.9418   182   445470.0000      Cuts: 71     9474   62.02%
      0     0   169516.9158   178   445470.0000      Cuts: 23     9611   61.95%
      0     0   169749.2712   216   445470.0000      Cuts: 33     9728   61.89%
      0     0   170055.7258   184   445470.0000      Cuts: 34     9860   61.83%
      0     0   170331.9751   215   445470.0000      Cuts: 51    10014   61.76%
      0     0   170815.2610   203   445470.0000      Cuts: 42    10185   61.66%
      0     0   171250.0519   191   445470.0000      Cuts: 86    10379   61.56%
      0     0   171456.2765   227   445470.0000      Cuts: 34    10541   61.51%
      0     0   171715.6286   220   445470.0000      Cuts: 41    10678   61.45%
      0     0   172013.8466   217   445470.0000      Cuts: 30    10861   61.39%
      0     0   172254.9541   221   445470.0000      Cuts: 52    11003   61.33%
      0     0   172384.5925   186   445470.0000      Cuts: 61    11155   61.30%
      0     0   172518.9983   213   445470.0000      Cuts: 36    11295   61.27%
      0     0   172593.1469   212   445470.0000      Cuts: 41    11369   61.26%
      0     0   172789.2297   209   445470.0000      Cuts: 27    11474   61.21%
      0     0   173005.4115   205   445470.0000     Cuts: 138    11675   61.16%
      0     0   173273.4481   200   445470.0000      Cuts: 36    11916   61.10%
      0     0   173511.4929   199   445470.0000      Cuts: 31    12050   61.05%
      0     0   173787.6357   203   445470.0000      Cuts: 36    12218   60.99%
      0     0   173977.6867   203   445470.0000      Cuts: 36    12360   60.95%
      0     0   174236.2748   222   445470.0000     Cuts: 151    12559   60.89%
      0     0   174353.3073   215   445470.0000      Cuts: 24    12655   60.86%
      0     0   174539.2009   221   445470.0000      Cuts: 71    12869   60.82%
      0     0   174730.1632   219   445470.0000      Cuts: 25    12985   60.78%
      0     0   174913.7328   215   445470.0000      Cuts: 27    13101   60.74%
      0     0   175162.3820   222   445470.0000      Cuts: 28    13241   60.68%
      0     0   175340.8704   213   445470.0000      Cuts: 31    13377   60.64%
      0     0   175507.5958   214   445470.0000      Cuts: 69    13554   60.60%
      0     0   175643.5602   217   445470.0000      Cuts: 44    13684   60.57%
      0     0   175757.4998   184   445470.0000     Cuts: 142    13793   60.55%
      0     0   175884.9463   216   445470.0000  ZeroHalf: 31    13947   60.52%
      0     0   175970.7609   210   445470.0000      Cuts: 39    14013   60.50%
      0     0   176063.8957   212   445470.0000      Cuts: 18    14107   60.48%
Detecting symmetries...
      0     2   176063.8957   212   445470.0000   176063.8957    14107   60.48%
Elapsed time = 14.40 sec. (11526.95 ticks, tree = 0.02 MB, solutions = 7)
      4     6   176544.6348   241   445470.0000   176135.2483    14948   60.46%
     14    15   183971.3299   210   445470.0000   177054.6251    18496   60.25%
     28    18   195823.3888   182   445470.0000   177054.6251    20277   60.25%
     39    34   214910.6852   159   445470.0000   177054.6251    25955   60.25%
     47     5   182342.1591   184   445470.0000   178715.1290    14873   59.88%
     59    47   195123.7591   155   445470.0000   178715.1290    34669   59.88%
     72    60   210847.5682   150   445470.0000   178715.1290    42209   59.88%
    104    82   194050.6469   180   445470.0000   178715.1290    49471   59.88%
    134    94   290804.5000   111   445470.0000   178715.1290    51975   59.88%
*   312+  261                       440609.0000   178715.1290            59.44%
    313   279   388927.0000    57   440609.0000   178715.1290    84049   59.44%
Elapsed time = 32.81 sec. (14911.70 ticks, tree = 2.82 MB, solutions = 8)
*   328   281      integral     0   403101.0000   178715.1290    84210   55.66%
    516   376   339526.0000    76   403101.0000   178715.1290   101614   55.66%
    738   595   307398.5000    88   403101.0000   180523.7749   132453   55.22%
    924   741        cutoff         403101.0000   186872.8093   155579   53.64%
   1143   921   320472.1667    94   403101.0000   186872.8093   183632   53.64%
   1324  1078   218063.6732   157   403101.0000   187228.0930   207007   53.55%
   1480  1260   250525.1184   154   403101.0000   187228.0930   230601   53.55%
   1597  1363   241470.5090   185   403101.0000   187228.0930   246586   53.55%

Performing restart 1

Repeating presolve.
Tried aggregator 1 time.
MIP Presolve eliminated 2572 rows and 138 columns.
Reduced MIP has 32578 rows, 3064 columns, and 97634 nonzeros.
Reduced MIP has 3064 binaries, 0 generals, 0 SOSs, and 0 indicators.
Presolve time = 0.05 sec. (47.73 ticks)
Tried aggregator 1 time.
Reduced MIP has 32578 rows, 3064 columns, and 97634 nonzeros.
Reduced MIP has 3064 binaries, 0 generals, 0 SOSs, and 0 indicators.
Presolve time = 0.06 sec. (56.77 ticks)
Represolve time = 0.17 sec. (157.37 ticks)
   1683     0   176311.4321   228   403101.0000      Cuts: 43   276714   53.55%
   1683     0   176494.6751   226   403101.0000      Cuts: 53   276875   53.55%
*  1683+    0                       402638.0000   187228.0930            53.50%
   1683     0   176732.9479   233   402638.0000      Cuts: 55   277089   53.50%
   1683     0   176903.3764   231   402638.0000      Cuts: 62   277283   53.50%
   1683     0   176953.6388   235   402638.0000      Cuts: 68   277391   53.50%
   1683     2   176953.6388   235   402638.0000   187228.0930   277391   53.50%
   1684     3   177068.8525   229   402638.0000   187228.0930   277576   53.50%
   1697    14   188349.3541   185   402638.0000   187228.0930   280218   53.50%
Elapsed time = 108.34 sec. (37258.29 ticks, tree = 0.54 MB, solutions = 10)
   1722    36   190763.8053   175   402638.0000   187228.0930   283854   53.50%
   1764    73   199494.1628   165   402638.0000   187228.0930   292400   53.50%
   1805   106   190459.7326   194   402638.0000   187228.0930   302502   53.50%
   1834   132   194671.5434   203   402638.0000   187228.0930   309192   53.50%
   1895   102   211348.4956   180   402638.0000   187228.0930   300471   53.50%
   1947   246   213739.6612   181   402638.0000   187228.0930   329228   53.50%
   1969   263   199899.4814   187   402638.0000   187228.0930   333337   53.50%
   2010   291   223055.0390   152   402638.0000   187228.0930   337798   53.50%
   2035   335   214597.1818   187   402638.0000   187228.0930   346237   53.50%
   2087   346   222696.9562   148   402638.0000   187228.0930   347148   53.50%
Elapsed time = 188.13 sec. (47192.15 ticks, tree = 2.62 MB, solutions = 10)
   2137   384   230492.1189   205   402638.0000   187228.0930   357640   53.50%
   2210   394   211820.3235   177   402638.0000   187228.0930   357541   53.50%
   2283   463   233512.7133   169   402638.0000   187228.0930   367523   53.50%
   2336   535   225429.5598   168   402638.0000   187228.0930   376929   53.50%
   2379   579   219448.4176   189   402638.0000   187228.0930   381700   53.50%
   2447   709   259868.6833   161   402638.0000   187228.0930   394817   53.50%
   2517   739   258845.9375   148   402638.0000   187228.0930   397971   53.50%
   2593   840   273669.6000   146   402638.0000   187228.0930   405940   53.50%
   2677   786   228750.4565   190   402638.0000   187228.0930   402454   53.50%
   2758   924   238869.4304   177   402638.0000   187228.0930   411105   53.50%
Elapsed time = 267.15 sec. (56916.13 ticks, tree = 42.81 MB, solutions = 10)
   2848   949   285250.3023   158   402638.0000   187228.0930   412981   53.50%
   2950  1209   283918.5351   146   402638.0000   187228.0930   422674   53.50%
   3062  1078   255362.6696   180   402638.0000   187228.0930   419041   53.50%
   3220  1380   344026.5000    90   402638.0000   187228.0930   428095   53.50%
   3389  1374   329544.7500   112   402638.0000   187228.0930   427368   53.50%
   3515  1430   319632.4426   144   402638.0000   187228.0930   429533   53.50%
   3653  1723   324347.1375   149   402638.0000   187228.0930   436462   53.50%
   3794  1739   330851.8595   162   402638.0000   187228.0930   436930   53.50%
   3885  1937   334180.2414   139   402638.0000   187228.0930   448060   53.50%

Performing restart 2

Repeating presolve.
Tried aggregator 1 time.
Reduced MIP has 32578 rows, 3064 columns, and 127197 nonzeros.
Reduced MIP has 3064 binaries, 0 generals, 0 SOSs, and 0 indicators.
Presolve time = 0.09 sec. (81.05 ticks)
Tried aggregator 1 time.
Reduced MIP has 32578 rows, 3064 columns, and 127197 nonzeros.
Reduced MIP has 3064 binaries, 0 generals, 0 SOSs, and 0 indicators.
Presolve time = 0.10 sec. (92.95 ticks)
Represolve time = 0.26 sec. (229.77 ticks)
   3902     0   177400.4016   230   402638.0000      Cuts: 58   473340   53.50%
   3902     0   177735.7988   216   402638.0000      Cuts: 45   473602   53.50%
   3902     0   178044.7455   222   402638.0000      Cuts: 89   473907   53.50%
   3902     0   178390.4491   223   402638.0000      Cuts: 81   474178   53.50%
   3902     0   178585.0712   229   402638.0000      Cuts: 74   474377   53.50%
   3902     0   178973.2349   224   402638.0000      Cuts: 96   474587   53.50%
   3902     0   179176.8984   222   402638.0000      Cuts: 89   474736   53.50%
   3902     0   179324.3436   230   402638.0000      Cuts: 74   474884   53.50%
   3902     2   179324.3436   230   402638.0000   187228.0930   474884   53.50%
Elapsed time = 354.64 sec. (79942.06 ticks, tree = 0.02 MB, solutions = 10)
   3911     7   239172.0000    90   402638.0000   187228.0930   478333   53.50%
   3953    28   247172.1250   108   402638.0000   187228.0930   493159   53.50%
   4017    99   363023.5000    62   402638.0000   187228.0930   518217   53.50%
   4117   176   367927.0000    67   402638.0000   187228.0930   540929   53.50%
   4220   257        cutoff         402638.0000   187228.0930   558278   53.50%
   4299   342   342165.0000    78   402638.0000   187228.0930   585305   53.50%
   4401   368   277011.4691   139   402638.0000   187228.0930   596519   53.50%
   4497   490   337722.8333   118   402638.0000   187228.0930   626811   53.50%
   4627   573   383136.5000    65   402638.0000   187228.0930   646033   53.50%
   4716   675   190053.3304   222   402638.0000   187228.0930   673840   53.50%
Elapsed time = 413.28 sec. (89550.01 ticks, tree = 6.50 MB, solutions = 10)
   4785   697   285092.2006   143   402638.0000   187228.0930   681370   53.50%
   4889   762   215007.5239   174   402638.0000   187228.0930   699227   53.50%
   4988   870   354158.2500   102   402638.0000   187228.0930   727510   53.50%
   5073   999   220236.4695   188   402638.0000   187228.0930   761817   53.50%
   5137  1039   212496.3485   182   402638.0000   187228.0930   772002   53.50%
   5257  1134   329877.7500   121   402638.0000   187228.0930   790081   53.50%
   5365  1181   296097.4469   139   402638.0000   187228.0930   798522   53.50%
   5475  1318   232859.3472   183   402638.0000   187228.0930   824291   53.50%
   5589  1438   205263.3279   154   402638.0000   187228.0930   843844   53.50%
   5698  1535   259364.4183   160   402638.0000   191754.0796   864832   52.38%
Elapsed time = 479.94 sec. (99153.23 ticks, tree = 12.04 MB, solutions = 10)
   5802  1695   273054.8218   143   402638.0000   191774.1657   897754   52.37%
   5893  1745   246393.3218   175   402638.0000   191774.1657   910702   52.37%
   6034  1848   399776.0000    76   402638.0000   191774.1657   928108   52.37%
   6128  1940   221254.1784   217   402638.0000   191774.1657   952825   52.37%
   6216  2088   327761.5000   125   402638.0000   191774.1657   973007   52.37%
   6299  2104   258654.7855   155   402638.0000   191774.1657   978915   52.37%
   6412  2275   278880.3138   177   402638.0000   194432.2466  1013408   51.71%
   6500  2281   382623.3000   105   402638.0000   194432.2466  1011512   51.71%
   6595  2438   334082.0000    72   402638.0000   194908.9451  1043462   51.59%
   6714  2466        cutoff         402638.0000   194908.9451  1051218   51.59%
Elapsed time = 548.08 sec. (108794.88 ticks, tree = 18.02 MB, solutions = 10)
   6863  2586   361157.1667    84   402638.0000   195333.7455  1073156   51.49%
   6965  2777   361027.0000    64   402638.0000   195333.7455  1111288   51.49%
   7075  2755   320138.2500   137   402638.0000   196272.0946  1107132   51.25%
   7203  3007   381050.5000    92   402638.0000   196272.0946  1161890   51.25%
   7350  3017   232180.5204   150   402638.0000   196272.0946  1168167   51.25%
   7454  3191   260595.1250   130   402638.0000   196272.0946  1201680   51.25%
   7545  3305   283864.2483   141   402638.0000   196272.0946  1227465   51.25%
   7655  3413   290625.1875   137   402638.0000   197330.3876  1253375   50.99%
   7791  3414   354847.3333    94   402638.0000   197444.9327  1248201   50.96%
   7916  3525   363684.5000    80   402638.0000   197444.9327  1273602   50.96%
Elapsed time = 613.35 sec. (118432.24 ticks, tree = 22.68 MB, solutions = 10)
   8038  3647   314805.6689   166   402638.0000   197713.9201  1290079   50.90%
   8147  3769   254942.9840   178   402638.0000   197956.1392  1306787   50.84%
   8258  3882   304056.6667   102   402638.0000   197956.1392  1325487   50.84%
   8409  4053   331939.6167   132   402638.0000   197956.1392  1354077   50.84%
   8533  4147   229597.4258   161   402638.0000   199678.9967  1373389   50.41%
   8615  4290   253457.4300   165   402638.0000   199940.6501  1392154   50.34%
   8708  4421   365155.3420   123   402638.0000   199940.6501  1417146   50.34%
   8849  4435        cutoff         402638.0000   199940.6501  1419696   50.34%
   8983  4530   365182.8556   152   402638.0000   200231.2016  1438453   50.27%
   9408  4949   246800.6071   102   402638.0000   200651.6387  1521186   50.17%
Elapsed time = 702.47 sec. (130908.92 ticks, tree = 43.95 MB, solutions = 10)
   9808  5314   249092.5091   154   402638.0000   201569.5164  1603704   49.94%
  10177  5722   232383.8760   169   402638.0000   201661.2148  1698767   49.92%
  10607  6061   347085.8333   124   402638.0000   202254.5898  1771988   49.77%
  11078  6539   358287.9000    91   402638.0000   202711.7476  1864477   49.65%
  11526  6905   351291.8333   103   402638.0000   202982.1711  1945954   49.59%
  12024  7256   321408.4200   149   402638.0000   203472.6975  2014904   49.47%
  12545  7801   402235.5000    71   402638.0000   204107.6816  2118757   49.31%
  13021  8299   386014.3571   124   402638.0000   204423.0314  2209543   49.23%
  13472  8654   227505.8008   164   402638.0000   204848.8788  2279497   49.12%
  13987  9010   340199.3385   127   402638.0000   205639.0711  2355118   48.93%
Elapsed time = 965.13 sec. (169137.98 ticks, tree = 64.84 MB, solutions = 10)
  14394  9537   213192.4877   187   402638.0000   206015.7256  2454784   48.83%
  14872  9978        cutoff         402638.0000   206230.5164  2540239   48.78%
  15312 10424   332877.3414   143   402638.0000   206656.7376  2640920   48.67%
  15774 10819   391046.5000    62   402638.0000   207200.0829  2722812   48.54%
  16179 11127   331752.0923   189   402638.0000   207307.9135  2783132   48.51%
  16620 11587   333109.5000    66   402638.0000   207945.2985  2886092   48.35%
  17069 11995        cutoff         402638.0000   208481.8285  2962021   48.22%
  17603 12540   256955.6591   122   402638.0000   208605.9164  3067503   48.19%
  18088 12769   385442.5000    62   402638.0000   209212.8692  3107807   48.04%
  18507 13239   322192.4771   174   402638.0000   209651.3038  3211914   47.93%
Elapsed time = 1227.31 sec. (207399.54 ticks, tree = 86.03 MB, solutions = 10)
  18937 13627   334069.0000   122   402638.0000   209744.3304  3291477   47.91%
  19336 14083   313081.1273   148   402638.0000   210161.7783  3386555   47.80%
  19832 14647   244784.9063   138   402638.0000   210204.5620  3501867   47.79%
  20305 15068   317746.2500    87   402638.0000   210250.2269  3573037   47.78%
  20783 15307   296186.0000   185   402638.0000   210882.0470  3623910   47.62%
  21177 15821   400665.3750    89   402638.0000   210882.0470  3723204   47.62%
  21622 16054   262005.9585   169   402638.0000   211081.0799  3765557   47.58%
  22117 16717   332349.2982   136   402638.0000   211773.8461  3896063   47.40%
  22575 17153   238502.1628   156   402638.0000   211785.6159  3982921   47.40%
  23094 17626   270213.2170   188   402638.0000   211943.0027  4081061   47.36%
Elapsed time = 1481.79 sec. (245607.27 ticks, tree = 108.98 MB, solutions = 10)
  23564 17821   333625.5143   171   402638.0000   212306.2191  4116324   47.27%
  23973 18283   362344.0000   100   402638.0000   212306.2191  4208200   47.27%
  24419 18826   393071.2500    85   402638.0000   212515.6065  4319883   47.22%
  24831 19022   257936.7733   215   402638.0000   212736.0741  4368205   47.16%
  25304 19490   397743.1500   113   402638.0000   213003.1492  4453789   47.10%
  25746 19985   401066.2000    94   402638.0000   213427.2599  4547722   46.99%
  26185 20303   399428.5000    40   402638.0000   213689.3532  4621945   46.93%
  26740 20553   269137.2188   130   402638.0000   213832.7439  4664498   46.89%
  27291 21153   287752.5000    96   402638.0000   214025.2500  4767022   46.84%
  27863 22017   352772.1974   172   402638.0000   214375.1570  4869120   46.76%
Elapsed time = 1808.30 sec. (283838.24 ticks, tree = 308.74 MB, solutions = 10)
  28400 22352   279111.4340   161   402638.0000   214732.4341  4906015   46.67%
  28940 23137   369519.1765   124   402638.0000   214919.5624  5010324   46.62%
  29441 23445   374725.0000   110   402638.0000   215114.6439  5052389   46.57%
  29975 23710   322864.8125   106   402638.0000   215336.7731  5088352   46.52%
  30530 24533   339749.0000   138   402638.0000   215528.4571  5193006   46.47%
  31088 24593   289146.5654   181   402638.0000   215748.8756  5200855   46.42%
  31627 25212   371853.2885   106   402638.0000   215839.0741  5274217   46.39%
  32159 25466   355697.7813   110   402638.0000   216089.0166  5311286   46.33%
  32805 26223   343450.6364   136   402638.0000   216484.2419  5406821   46.23%
  33286 27023   351408.3333   114   402638.0000   216575.3337  5504273   46.21%
Elapsed time = 2140.33 sec. (322062.48 ticks, tree = 1071.55 MB, solutions = 10)
  33859 27024   333596.7667   156   402638.0000   216705.6201  5503421   46.18%
  34359 27591   377444.1212   128   402638.0000   216968.6895  5581843   46.11%
  34871 28576   365782.8284   142   402638.0000   217162.1173  5698235   46.07%
  35308 28868   260304.5643   158   402638.0000   217164.6621  5745773   46.06%
  35899 29098   378356.5000    87   402638.0000   217380.0964  5771540   46.01%
  36418 29909   288446.6712   150   402638.0000   217476.2500  5875107   45.99%
  36980 30058   339384.8750   127   402638.0000   217621.0515  5898351   45.95%
* 37067+29672                       400008.0000   217621.0515            45.60%
  37492 30515   358530.8274   124   400008.0000   217776.8882  5989891   45.56%
  38001 30469   289430.2914   180   400008.0000   218014.8571  5984094   45.50%
  38568 31607   309507.8667   132   400008.0000   218265.7052  6129807   45.43%
Elapsed time = 2459.03 sec. (360277.48 ticks, tree = 1788.17 MB, solutions = 11)
  39156 32226   289689.8415   133   400008.0000   218356.1411  6207319   45.41%
  39809 32599   235616.4167   125   400008.0000   218565.3512  6244936   45.36%
  40329 33238   357151.1772   152   400008.0000   218565.3512  6312855   45.36%
  40829 33408   293275.1538   141   400008.0000   218879.0447  6344341   45.28%
  41425 33943   372994.7500    82   400008.0000   219177.0011  6400451   45.21%
  41940 34766   279658.3441   205   400008.0000   219255.2680  6499067   45.19%
  42491 34641   344300.7344   167   400008.0000   219298.7646  6478967   45.18%
  43067 35368   338782.0000    85   400008.0000   219496.3280  6576446   45.13%
  43656 35579   385508.0000    64   400008.0000   219539.5207  6596574   45.12%
  44218 36523   335441.0000    74   400008.0000   219698.9710  6710213   45.08%
Elapsed time = 2739.34 sec. (398521.52 ticks, tree = 2689.99 MB, solutions = 11)
Nodefile size = 626.01 MB (373.95 MB after compression)
  44720 37161   375206.9962   142   400008.0000   219785.2743  6775697   45.05%
  45264 37776   376976.7500    96   400008.0000   219796.8811  6837254   45.05%
  45772 37731   357413.3398   156   400008.0000   220018.7430  6830798   45.00%
* 45883+37906                       399910.0000   220059.0328            44.97%
  46279 38789   392154.5658   113   399910.0000   220120.8815  6958667   44.96%
  46916 38528   394444.0000    60   399910.0000   220218.7889  6934415   44.93%
  47403 39809   375693.8333   109   399910.0000   220494.9765  7078410   44.86%
  47940 40138   377522.6250   125   399910.0000   220573.6102  7121000   44.84%
  48442 40838   398315.8272   134   399910.0000   220877.7841  7197666   44.77%
  49014 41083   256457.8076   192   399910.0000   221042.0587  7225865   44.73%
  49542 41674   360806.7422   142   399910.0000   221055.4027  7301356   44.72%
Elapsed time = 3023.66 sec. (436744.88 ticks, tree = 3559.28 MB, solutions = 12)
Nodefile size = 1503.20 MB (901.55 MB after compression)
  50150 42054   322429.6360   164   399910.0000   221156.9333  7355298   44.70%
  50708 42868   340119.6917   190   399910.0000   221254.5223  7443479   44.67%
  51209 43331   295709.0000    85   399910.0000   221267.6136  7504853   44.67%
* 51360+43227                       399284.0000   221422.0935            44.55%
  51754 43805   368645.7273   118   399284.0000   221527.2636  7553302   44.52%
  52292 44252   296159.8202   173   399284.0000   221623.7399  7612047   44.49%
  52916 44082   345498.0500   162   399284.0000   221646.7368  7596980   44.49%
* 53341+45120                       398807.0000   221646.7368            44.42%
  53499 45044   372849.2000    95   398807.0000   221797.2308  7696897   44.38%
  53978 45225   297973.6070   210   398807.0000   221978.0556  7730913   44.34%
Starting limited solution polishing.
  54585 45657   289322.2211   179   398807.0000   222081.8299  7773557   44.31%
  55145 46311   382158.7500    73   398807.0000   222141.6031  7857059   44.30%
Elapsed time = 3282.34 sec. (474952.45 ticks, tree = 4311.79 MB, solutions = 14)
Nodefile size = 2253.62 MB (1354.22 MB after compression)
  55474 47275   385878.1818   105   398807.0000   222198.6155  7956710   44.28%
  55802 47611   258902.8784   157   398807.0000   222298.6148  8001512   44.26%
  56030 47778   287890.8277   157   398807.0000   222298.6148  8020381   44.26%
  56327 47871   315646.6138   176   398807.0000   222336.9754  8029274   44.25%
  56635 48355   388415.4807   139   398807.0000   222540.1534  8107217   44.20%
  57075 48332   251361.0257   218   398807.0000   222540.1534  8103966   44.20%
* 57191+48421                       393609.0000   222540.1534            43.46%
  57267 48910   368592.0364   100   393609.0000   222540.1534  8181089   43.46%
  57603 47916   307394.2340   226   393609.0000   222702.8170  8210043   43.42%
* 57912+48270                       387139.0000   222804.1033            42.45%
  57970 48400   333711.0000   147   387139.0000   222804.1033  8273988   42.45%
  58164 47260   315693.8679   134   387139.0000   222872.9172  8298371   42.43%
Elapsed time = 3442.64 sec. (513264.65 ticks, tree = 4601.84 MB, solutions = 17)
Nodefile size = 2543.41 MB (1530.09 MB after compression)
  58599 46886   254101.9000   140   387139.0000   222906.0417  8323637   42.42%
* 58717+47343                       384891.0000   222906.0417            42.09%
  58822 46956   377002.4000   108   384891.0000   223000.3636  8333131   42.06%
* 58855+47355                       384861.0000   223000.3636            42.06%
  59176 46417   234842.3053   133   384861.0000   223016.9025  8370339   42.05%
* 59401+46942                       383413.0000   223016.9025            41.83%
  59401 46942   383413.0000     0   383413.0000   223016.9025  8330452   41.83%
  59777 46518   272159.5833   149   383413.0000   223136.2531  8441970   41.80%
* 60030+46556                       382452.0000   223136.2531            41.66%
  60093 46638   302712.8333   121   382452.0000   223136.2531  8474977   41.66%
* 60159+46470                       379562.0000   223170.0525            41.20%
  60422 45785   372194.5000   131   379562.0000   223215.5841  8507577   41.19%
  60739 46123   256298.9855   204   379562.0000   223297.9331  8558596   41.17%
  61043 46310   373116.6623   130   379562.0000   223457.4206  8578903   41.13%
  61421 46797   293463.7576   125   379562.0000   223538.3054  8644262   41.11%
Elapsed time = 3601.91 sec. (551720.82 ticks, tree = 4698.53 MB, solutions = 26)
Nodefile size = 2640.97 MB (1589.23 MB after compression)

Implied bound cuts applied:  2
Zero-half cuts applied:  418
Lift and project cuts applied:  190

Root node processing (before b&c):
  Real time             =   14.36 sec. (11467.41 ticks)
Parallel b&c, 8 threads:
  Real time             = 3587.95 sec. (542623.09 ticks)
  Sync time (average)   =  699.24 sec.
  Wait time (average)   =    0.01 sec.
                          ------------
Total (root+branch&cut) = 3602.31 sec. (554090.49 ticks)
Status: Feasible
Obj: 379562

Instalacoes abertas:
Instalação 0 aberta
Instalação 1 aberta
Instalação 4 aberta
Instalação 8 aberta
Instalação 9 aberta
Instalação 13 aberta
Instalação 16 aberta
Instalação 20 aberta
Instalação 22 aberta
Instalação 31 aberta
Instalação 47 aberta

Atribuições (cliente -> instalação):
Cliente 0 -> Instalação 9
Cliente 1 -> Instalação 8
Cliente 2 -> Instalação 1
Cliente 3 -> Instalação 20
Cliente 4 -> Instalação 1
Cliente 5 -> Instalação 8
Cliente 6 -> Instalação 9
Cliente 7 -> Instalação 20
Cliente 8 -> Instalação 8
Cliente 9 -> Instalação 0
Cliente 10 -> Instalação 22
Cliente 11 -> Instalação 20
Cliente 12 -> Instalação 13
Cliente 13 -> Instalação 8
Cliente 14 -> Instalação 0
Cliente 15 -> Instalação 4
Cliente 16 -> Instalação 16
Cliente 17 -> Instalação 16
Cliente 18 -> Instalação 1
Cliente 19 -> Instalação 20
Cliente 20 -> Instalação 20
Cliente 21 -> Instalação 9
Cliente 22 -> Instalação 22
Cliente 23 -> Instalação 31
Cliente 24 -> Instalação 31
Cliente 25 -> Instalação 20
Cliente 26 -> Instalação 47
Cliente 27 -> Instalação 31
Cliente 28 -> Instalação 47
Cliente 29 -> Instalação 4
Cliente 30 -> Instalação 0
Cliente 31 -> Instalação 31
Cliente 32 -> Instalação 4
Cliente 33 -> Instalação 9
Cliente 34 -> Instalação 1
Cliente 35 -> Instalação 4
Cliente 36 -> Instalação 13
Cliente 37 -> Instalação 9
Cliente 38 -> Instalação 8
Cliente 39 -> Instalação 4
Cliente 40 -> Instalação 16
Cliente 41 -> Instalação 13
Cliente 42 -> Instalação 8
Cliente 43 -> Instalação 0
Cliente 44 -> Instalação 47
Cliente 45 -> Instalação 1
Cliente 46 -> Instalação 4
Cliente 47 -> Instalação 47
Cliente 48 -> Instalação 13
Cliente 49 -> Instalação 47
