Version identifier: 22.1.1.0 | 2022-11-28 | 9160aff4d
CPXPARAM_TimeLimit                               3600
Tried aggregator 1 time.
MIP Presolve eliminated 50 rows and 1 columns.
Reduced MIP has 33150 rows, 3162 columns, and 99350 nonzeros.
Reduced MIP has 3162 binaries, 0 generals, 0 SOSs, and 0 indicators.
Presolve time = 0.05 sec. (46.64 ticks)
Found incumbent of value 2.5818802e+07 after 0.06 sec. (59.27 ticks)
Probing time = 0.01 sec. (6.83 ticks)
Tried aggregator 1 time.
Detecting symmetries...
Reduced MIP has 33150 rows, 3162 columns, and 99350 nonzeros.
Reduced MIP has 3162 binaries, 0 generals, 0 SOSs, and 0 indicators.
Presolve time = 0.06 sec. (56.36 ticks)
Probing time = 0.02 sec. (6.83 ticks)
Clique table members: 2500.
MIP emphasis: balance optimality and feasibility.
MIP search method: dynamic search.
Parallel mode: deterministic, using up to 8 threads.
Root relaxation solution time = 0.08 sec. (48.99 ticks)

        Nodes                                         Cuts/
   Node  Left     Objective  IInf  Best Integer    Best Bound    ItCnt     Gap

*     0+    0                       2.58188e+07        0.0000           100.00%
*     0+    0                       1.88458e+07        0.0000           100.00%
*     0+    0                      1069949.0000        0.0000           100.00%
*     0+    0                       972684.0000        0.0000           100.00%
      0     0    93774.0000   100   972684.0000    93774.0000      173   90.36%
*     0+    0                       786338.0000    93774.0000            88.07%
      0     0   106217.5000   100   786338.0000    Cuts: 1565      434   86.49%
      0     0   118774.0000    98   786338.0000    Cuts: 1565      756   84.90%
*     0+    0                       605692.0000   118774.0000            80.39%
      0     0   130264.2857   208   605692.0000 ZeroHalf: 577     1859   78.49%
*     0+    0                       605643.0000   130264.2857            78.49%
      0     0  -1.00000e+75     0   605643.0000   130264.2857     1859   78.49%
*     0+    0                       447498.0000   130264.2857            70.89%
      0     0   137415.5247   226   447498.0000 ZeroHalf: 606     2889   69.29%
*     0+    0                       445340.0000   137415.5247            69.14%
      0     0   147553.2228   190   445340.0000    Cuts: 1004     4054   66.87%
Detecting symmetries...
      0     0   152850.8983   218   445340.0000     Cuts: 250     4635   65.68%
*     0+    0                       443211.0000   152850.8983            65.51%
*     0+    0                       434347.0000   152850.8983            64.81%
      0     0   155329.7306   209   434347.0000     Cuts: 435     4990   64.24%
      0     0   158561.7574   184   434347.0000     Cuts: 287     5586   63.49%
      0     0   160050.9247   186   434347.0000      Cuts: 93     5864   63.15%
      0     0   161029.3723   180   434347.0000     Cuts: 127     6136   62.93%
      0     0   162189.4218   181   434347.0000     Cuts: 136     6428   62.66%
      0     0   163007.4244   185   434347.0000      Cuts: 64     6724   62.47%
      0     0   163698.8941   227   434347.0000      Cuts: 62     6877   62.31%
      0     0   164634.7798   227   434347.0000      Cuts: 68     7106   62.10%
      0     0   165437.2734   211   434347.0000     Cuts: 144     7336   61.91%
      0     0   166427.9312   185   434347.0000     Cuts: 219     7685   61.68%
*     0+    0                       432275.0000   166427.9312            61.50%
      0     0   167115.1956   185   432275.0000      Cuts: 59     7869   61.34%
      0     0   167631.9681   182   432275.0000      Cuts: 53     8074   61.22%
      0     0   168231.0139   182   432275.0000      Cuts: 81     8302   61.08%
      0     0   168699.9982   206   432275.0000      Cuts: 64     8545   60.97%
      0     0   169309.7890   207   432275.0000      Cuts: 85     8774   60.83%
      0     0   170200.2446   185   432275.0000      Cuts: 89     9074   60.63%
      0     0   170990.1756   179   432275.0000      Cuts: 61     9317   60.44%
      0     0   171509.6714   207   432275.0000      Cuts: 44     9589   60.32%
      0     0   171945.7233   203   432275.0000      Cuts: 61     9757   60.22%
      0     0   172388.7673   206   432275.0000      Cuts: 28     9903   60.12%
      0     0   173188.7269   204   432275.0000     Cuts: 141    10124   59.94%
      0     0   173592.7371   207   432275.0000      Cuts: 69    10319   59.84%
      0     0   173857.2168   204   432275.0000      Cuts: 46    10495   59.78%
      0     0   174027.4681   203   432275.0000      Cuts: 70    10627   59.74%
      0     0   174248.2892   208   432275.0000      Cuts: 43    10731   59.69%
      0     0   174499.6565   227   432275.0000      Cuts: 49    10866   59.63%
      0     0   174822.2561   225   432275.0000      Cuts: 53    10988   59.56%
      0     0   175126.1287   230   432275.0000      Cuts: 58    11127   59.49%
      0     0   175477.8591   229   432275.0000      Cuts: 42    11252   59.41%
      0     0   175946.2945   209   432275.0000     Cuts: 173    11454   59.30%
      0     0   176421.8406   206   432275.0000     Cuts: 193    11735   59.19%
      0     0   176799.6524   204   432275.0000      Cuts: 45    11905   59.10%
      0     0   176991.3951   206   432275.0000      Cuts: 40    12061   59.06%
      0     0   177165.0161   206   432275.0000      Cuts: 61    12164   59.02%
      0     0   177452.5331   207   432275.0000      Cuts: 38    12314   58.95%
      0     0   177625.1814   208   432275.0000      Cuts: 68    12447   58.91%
      0     0   177856.4057   238   432275.0000      Cuts: 34    12540   58.86%
      0     0   178095.9149   236   432275.0000      Cuts: 47    12699   58.80%
      0     0   178319.5349   211   432275.0000      Cuts: 44    12822   58.75%
      0     0   178442.0447   208   432275.0000      Cuts: 23    12937   58.72%
      0     0   178500.5519   207   432275.0000      Cuts: 19    13007   58.71%
      0     0   178630.9505   207   432275.0000      Cuts: 18    13144   58.68%
      0     0   178845.3393   211   432275.0000     Cuts: 150    13263   58.63%
      0     0   178950.4590   209   432275.0000      Cuts: 23    13337   58.60%
      0     0   179057.7116   209   432275.0000      Cuts: 25    13418   58.58%
      0     0   179278.4458   213   432275.0000      Cuts: 41    13550   58.53%
      0     0   179398.0305   217   432275.0000      Cuts: 25    13645   58.50%
      0     0   179649.8967   198   432275.0000      Cuts: 68    13811   58.44%
      0     0   179792.8980   196   432275.0000      Cuts: 21    13897   58.41%
      0     0   180104.1263   185   432275.0000      Cuts: 87    14080   58.34%
      0     0   180293.9273   195   432275.0000  ZeroHalf: 25    14194   58.29%
      0     0   180456.2033   205   432275.0000  ZeroHalf: 23    14323   58.25%
      0     0   180620.2462   208   432275.0000      Cuts: 28    14430   58.22%
      0     0   180852.4825   225   432275.0000      Cuts: 21    14579   58.16%
      0     0   181070.7040   204   432275.0000      Cuts: 27    14691   58.11%
      0     0   181378.0258   235   432275.0000  ZeroHalf: 32    14840   58.04%
      0     0   181501.9976   200   432275.0000      Cuts: 17    14906   58.01%
      0     0   181552.5087   206   432275.0000  ZeroHalf: 12    14943   58.00%
Detecting symmetries...
      0     2   181552.5087   206   432275.0000   183630.4710    14943   57.52%
Elapsed time = 41.63 sec. (14510.31 ticks, tree = 0.02 MB, solutions = 12)
      4     4   201003.9409   175   432275.0000   183630.4710    15587   57.52%
     15    15   202693.9163   191   432275.0000   183630.4710    19277   57.52%
     35    26   217493.6031   175   432275.0000   186762.3230    23890   56.80%
     56    48   215366.5279   166   432275.0000   186762.3230    31474   56.80%
     75    59   230449.5495   168   432275.0000   186762.3230    35277   56.80%
    103    99   287875.5000   123   432275.0000   186762.3230    46977   56.80%
    144   121   281981.6667   105   432275.0000   186762.3230    51558   56.80%
    188   157   308232.0000   113   432275.0000   186762.3230    58333   56.80%
    251   182   369620.0000    69   432275.0000   186762.3230    61577   56.80%
*   329   257      integral     0   424084.0000   186762.3230    68623   55.96%
    468   400   408618.5000    68   424084.0000   186762.3230    82860   55.96%
Elapsed time = 58.25 sec. (17697.26 ticks, tree = 5.30 MB, solutions = 13)
    594   512   391467.5000    72   424084.0000   198377.6184   102167   53.22%
    781   650   319389.7500    96   424084.0000   198377.6184   125491   53.22%
   1051   825   240166.5538   151   424084.0000   198377.6184   152626   53.22%
   1151   966   219252.3553   190   424084.0000   199598.7062   170814   52.93%
   1254  1080   251477.9335   164   424084.0000   199598.7062   191686   52.93%
   1391  1212   246101.4043   179   424084.0000   199598.7062   212566   52.93%
   1538  1328   376220.2778   125   424084.0000   199598.7062   228207   52.93%
   1692  1470   330883.7465   144   424084.0000   199598.7062   250590   52.93%

Performing restart 1

Repeating presolve.
Tried aggregator 1 time.
MIP Presolve eliminated 2069 rows and 117 columns.
Reduced MIP has 31081 rows, 3045 columns, and 93143 nonzeros.
Reduced MIP has 3045 binaries, 0 generals, 0 SOSs, and 0 indicators.
Presolve time = 0.05 sec. (45.73 ticks)
Tried aggregator 1 time.
Reduced MIP has 31081 rows, 3045 columns, and 93143 nonzeros.
Reduced MIP has 3045 binaries, 0 generals, 0 SOSs, and 0 indicators.
Presolve time = 0.06 sec. (54.52 ticks)
Represolve time = 0.17 sec. (152.71 ticks)
*  1695+    0                       422155.0000   199598.7062            52.72%
   1695     0   184646.9537   217   422155.0000      Cuts: 89   267112   52.72%
   1695     0   188232.7685   218   422155.0000     Cuts: 116   267828   52.72%
   1695     0   189186.8885   206   422155.0000      Cuts: 74   268167   52.72%
*  1695+    0                       421705.0000   199598.7062            52.67%
   1695     0   190930.1673   237   421705.0000      Cuts: 78   268617   52.67%
   1695     0   191800.6673   237   421705.0000      Cuts: 80   268893   52.67%
   1695     0   192530.0409   218   421705.0000      Cuts: 57   269156   52.67%
   1695     0   193093.7735   247   421705.0000      Cuts: 70   269370   52.67%
   1695     0   193523.0808   246   421705.0000      Cuts: 67   269570   52.67%
   1695     0   194061.5340   243   421705.0000      Cuts: 64   269742   52.67%
   1695     0   194848.9418   247   421705.0000      Cuts: 67   270015   52.67%
   1695     0   195350.7467   239   421705.0000      Cuts: 46   270266   52.67%
   1695     0   195650.5262   245   421705.0000      Cuts: 46   270443   52.67%
   1695     2   195650.5262   245   421705.0000   199598.7062   270443   52.67%
   1697     4   196099.1729   227   421705.0000   199598.7062   270717   52.67%
Elapsed time = 135.18 sec. (41761.36 ticks, tree = 0.02 MB, solutions = 15)
   1703    10   197235.4632   218   421705.0000   199598.7062   271609   52.67%
   1718    20   212850.4166   185   421705.0000   199598.7062   276588   52.67%
   1751    23   229747.6623   158   421705.0000   199598.7062   279073   52.67%
   1781    68   220606.0736   210   421705.0000   199598.7062   297156   52.67%
   1818    94   207349.9423   210   421705.0000   199598.7062   303839   52.67%
   1867   125   219056.6122   175   421705.0000   199598.7062   311101   52.67%
   1905   180   247829.4091   117   421705.0000   199598.7062   324673   52.67%
   1935   216   228993.6878   180   421705.0000   199598.7062   334294   52.67%
   1965   242   260653.7146   160   421705.0000   199598.7062   340097   52.67%
   2012   274   285136.3182   130   421705.0000   199598.7062   346707   52.67%
Elapsed time = 201.73 sec. (51495.99 ticks, tree = 8.45 MB, solutions = 15)
   2065   335   230682.7963   191   421705.0000   199598.7062   357400   52.67%
   2120   367   252916.5385   171   421705.0000   199598.7062   365699   52.67%
   2191   443   257717.6731   179   421705.0000   199598.7062   379171   52.67%
   2266   460   277153.5000   152   421705.0000   199598.7062   382803   52.67%
   2324   577   302150.5761   144   421705.0000   199598.7062   397775   52.67%
   2381   624   263184.4040   176   421705.0000   199598.7062   405203   52.67%
   2432   597   286485.6510   192   421705.0000   199598.7062   402601   52.67%
   2498   699   265317.8203   194   421705.0000   199598.7062   415208   52.67%
   2581   758   315868.8000   137   421705.0000   199598.7062   418961   52.67%
   2659   893   275686.4500   177   421705.0000   199598.7062   432701   52.67%
Elapsed time = 277.26 sec. (61194.69 ticks, tree = 10.60 MB, solutions = 15)
   2729   960   304184.5074   149   421705.0000   199598.7062   440779   52.67%
   2811  1003   323116.2083   126   421705.0000   199598.7062   445295   52.67%
   2898  1024   292119.8167   173   421705.0000   199598.7062   450252   52.67%
   3017  1066   296513.2555   191   421705.0000   199598.7062   454839   52.67%
   3127  1318   327488.3214   151   421705.0000   199598.7062   474621   52.67%
   3230  1422   351126.2353   144   421705.0000   199598.7062   482982   52.67%
   3362  1397        cutoff         421705.0000   199598.7062   480223   52.67%
   3548  1532   386041.2500   106   421705.0000   199598.7062   489164   52.67%
   3685  1740   409858.0000    94   421705.0000   199598.7062   505932   52.67%
   3784  1911   344944.1007   153   421705.0000   199598.7062   523632   52.67%
Elapsed time = 347.74 sec. (70848.07 ticks, tree = 15.66 MB, solutions = 15)
   3885  1937   377757.9000   127   421705.0000   199598.7062   527119   52.67%
   4009  2107   417345.5000    85   421705.0000   199598.7062   545634   52.67%
   4089  2202   307941.7500   105   421705.0000   199598.7062   570683   52.67%
   4168  2279   252873.0837   150   421705.0000   202019.4296   586969   52.09%
   4263  2391   307965.3750   132   421705.0000   207414.9277   618846   50.82%
   4358  2408   314285.0000    93   421705.0000   207414.9277   620950   50.82%
   4460  2580   318034.8092   178   421705.0000   207414.9277   652180   50.82%
   4572  2535   317885.4167   138   421705.0000   207414.9277   650089   50.82%
   4684  2582   214572.6429   218   421705.0000   207414.9277   651563   50.82%
   4821  2807   377335.4714   126   421705.0000   207414.9277   689068   50.82%
Elapsed time = 420.21 sec. (80523.25 ticks, tree = 19.44 MB, solutions = 15)
   4939  3057   384793.0000    78   421705.0000   207428.4915   712628   50.81%
   5069  3036   372601.6696   142   421705.0000   207428.4915   711137   50.81%
   5183  3106   260813.3812   235   421705.0000   207428.4915   724637   50.81%
   5330  3205   240561.0617   202   421705.0000   207428.4915   738489   50.81%
   5445  3396   414563.3333   101   421705.0000   207428.4915   758530   50.81%
   5567  3598   233373.9933   158   421705.0000   207428.4915   790035   50.81%
   5664  3701   317785.5833   179   421705.0000   207428.4915   805017   50.81%
   5755  3744   239911.4694   197   421705.0000   207692.0074   811421   50.75%
   5826  3861   331202.1103   174   421705.0000   209589.8497   828230   50.30%
   5913  3904   307559.2434   227   421705.0000   209589.8497   839335   50.30%
Elapsed time = 487.58 sec. (90132.83 ticks, tree = 26.29 MB, solutions = 15)
   5997  3955   296827.8908   210   421705.0000   209589.8497   853885   50.30%
   6106  4028   300441.8750   208   421705.0000   209589.8497   867468   50.30%
   6184  4132   311976.1364   145   421705.0000   209589.8497   885939   50.30%
   6282  4247   343548.6462   183   421705.0000   209589.8497   907323   50.30%
   6390  4364   356774.9757   187   421705.0000   209622.7838   925810   50.29%
   6487  4386   380149.5000    94   421705.0000   209622.7838   928255   50.29%
   6580  4582   335101.4538   186   421705.0000   209622.7838   964615   50.29%
   6676  4650   237099.3480   172   421705.0000   209622.7838   974595   50.29%
   6775  4706   238619.3829   151   421705.0000   210565.9774   982863   50.07%
   6850  4843   293724.5151   238   421705.0000   210678.8707  1013786   50.04%
Elapsed time = 559.25 sec. (99737.61 ticks, tree = 30.05 MB, solutions = 15)
   6922  4970   336409.6729   202   421705.0000   211321.7598  1035583   49.89%
   6985  4986   344569.7489   188   421705.0000   211321.7598  1037705   49.89%
   7080  5131   288461.1209   141   421705.0000   211321.7598  1069432   49.89%
   7196  5103   363098.6223   190   421705.0000   211321.7598  1058023   49.89%
   7302  5363   304064.7121   201   421705.0000   211321.7598  1104473   49.89%
   7407  5376   312121.3258   191   421705.0000   211497.1671  1106590   49.85%
   7527  5424   322198.1424   186   421705.0000   211497.1671  1112813   49.85%
   7658  5606   328999.2889   188   421705.0000   211497.1671  1139146   49.85%
   7762  5721   372683.5319   191   421705.0000   211497.1671  1150093   49.85%
   7886  5876   382433.0526   136   421705.0000   211497.1671  1170519   49.85%
Elapsed time = 627.12 sec. (109342.27 ticks, tree = 34.65 MB, solutions = 15)
   7989  5973   251850.7204   166   421705.0000   211497.1671  1187746   49.85%
   8101  6140   384674.3289   167   421705.0000   211497.1671  1209680   49.85%
   8213  5997   326753.0000    87   421705.0000   211554.2544  1194379   49.83%
   8316  6354   239359.1001   187   421705.0000   212552.9598  1247337   49.60%
   8410  6276   407650.9286   130   421705.0000   212552.9598  1226635   49.60%
   8561  6458   411522.0000    64   421705.0000   212552.9598  1257368   49.60%
   8690  6603   301889.9348   146   421705.0000   212552.9598  1293518   49.60%
   8792  6763   256085.5674   183   421705.0000   212552.9598  1317085   49.60%
   8911  6737   392534.7500    91   421705.0000   212552.9598  1310863   49.60%
*  9048+ 6711                       394814.0000   212856.2092            46.09%
   9345  6722   323806.1141   161   394814.0000   213103.7407  1390020   46.02%
Elapsed time = 719.43 sec. (121851.86 ticks, tree = 40.15 MB, solutions = 16)
   9789  7131   370683.1837   176   394814.0000   213177.3378  1456610   46.01%
  10278  7687   367487.9991   192   394814.0000   213200.1304  1529876   46.00%
  10761  7912   324343.0379   206   394814.0000   213606.3237  1562761   45.90%
  11154  8524   289596.4763   215   394814.0000   213679.5592  1653886   45.88%
  11580  8840   349423.1419   177   394814.0000   213679.5592  1697248   45.88%
  12097  9454   390317.7961   143   394814.0000   213679.5592  1782301   45.88%
  12556  9696   379820.4524   138   394814.0000   213817.8739  1809899   45.84%
  12988 10155   339699.0472   188   394814.0000   214001.2664  1880543   45.80%
  13489 10605   327275.6778   194   394814.0000   214041.1671  1953454   45.79%
  13974 11123   378121.6129   181   394814.0000   214472.3764  2018477   45.68%
Elapsed time = 996.36 sec. (160109.94 ticks, tree = 61.63 MB, solutions = 16)
  14336 11425   341302.4689   177   394814.0000   214604.3898  2067915   45.64%
  14782 11789   334585.9894   170   394814.0000   214604.3898  2131038   45.64%
  15385 12511   373971.3406   163   394814.0000   214660.9722  2220693   45.63%
  15968 13189   283618.5460   207   394814.0000   214986.5913  2314494   45.55%
  16413 13546   294789.7456   199   394814.0000   215274.6616  2377965   45.47%
  16849 14013   353854.5510   157   394814.0000   215274.6616  2450629   45.47%
  17270 14364   316620.9741   227   394814.0000   215274.6616  2509577   45.47%
* 17535+14305                       392536.0000   215327.8675            45.14%
  17615 14643   372085.9138   186   392536.0000   215327.8675  2549702   45.14%
  18026 14805   343061.1094   166   392536.0000   215327.8675  2574833   45.14%
  18516 15516   254300.8196   170   392536.0000   215689.3624  2680610   45.05%
Elapsed time = 1250.56 sec. (198328.19 ticks, tree = 82.23 MB, solutions = 17)
  19004 15621   345041.5548   170   392536.0000   215741.1359  2695824   45.04%
  19578 16087   380512.4286   177   392536.0000   215809.6222  2768687   45.02%
  20098 17072        cutoff         392536.0000   215835.1559  2891364   45.02%
  20486 17379   349701.1532   196   392536.0000   215835.2515  2941056   45.02%
  20964 17664   338511.0000    97   392536.0000   216008.6130  2989335   44.97%
  21466 18296   368016.5115   150   392536.0000   216101.1362  3070606   44.95%
  22014 18610   319761.0507   213   392536.0000   216333.8511  3124987   44.89%
  22403 19247   340498.2083   181   392536.0000   216562.3229  3215937   44.83%
  22911 19666   378479.7785   177   392536.0000   216562.3229  3283966   44.83%
  23372 19981   345193.9788   144   392536.0000   216935.9258  3326598   44.73%
Elapsed time = 1520.28 sec. (236542.31 ticks, tree = 105.34 MB, solutions = 17)
  23884 20311   354540.4401   167   392536.0000   217184.9812  3377394   44.67%
  24445 20772   323766.7268   170   392536.0000   217273.6933  3436797   44.65%
  25128 21254   348332.3462   163   392536.0000   217434.3285  3489023   44.61%
  25681 22108   387688.4167   135   392536.0000   217954.3921  3567867   44.48%
  26322 22757   282744.6491   236   392536.0000   218012.8309  3632001   44.46%
  26929 22992   317686.6624   259   392536.0000   218194.5717  3651231   44.41%
* 26935+23504                       391167.0000   218194.5717            44.22%
  27509 23672   376320.6855   196   391167.0000   218339.4694  3699353   44.18%
  28050 24164   334106.4355   219   391167.0000   218382.5213  3767251   44.17%
  28694 24791   388635.0000    86   391167.0000   218597.1262  3814717   44.12%
  29296 25062   258637.1999   180   391167.0000   218764.0144  3853873   44.07%
Elapsed time = 1829.40 sec. (274749.15 ticks, tree = 785.25 MB, solutions = 18)
  29825 26244   305491.5739   174   391167.0000   219334.6367  3969579   43.93%
  30400 26121   363327.6418   161   391167.0000   219340.4570  3954704   43.93%
  30988 26637   334840.2814   220   391167.0000   219609.7933  4010304   43.86%
  31669 27584   356627.8270   199   391167.0000   219705.0681  4096247   43.83%
  32247 27647   280389.3324   232   391167.0000   219766.8691  4103360   43.82%
  32929 28518   375875.6200   133   391167.0000   219901.5257  4168955   43.78%
  33476 29503   339662.5287   158   391167.0000   220036.9435  4244620   43.75%
  34032 29799   378667.2089   161   391167.0000   220295.0585  4268597   43.68%
  34475 30532   334232.2427   173   391167.0000   220477.9382  4329639   43.64%
  35014 30610   290916.1121   200   391167.0000   220477.9382  4337920   43.64%
Elapsed time = 2125.72 sec. (312961.38 ticks, tree = 1683.89 MB, solutions = 18)

Performing restart 2

Repeating presolve.
Tried aggregator 1 time.
MIP Presolve eliminated 854 rows and 51 columns.
Reduced MIP has 30227 rows, 2994 columns, and 117863 nonzeros.
Reduced MIP has 2994 binaries, 0 generals, 0 SOSs, and 0 indicators.
Presolve time = 0.16 sec. (163.95 ticks)
Tried aggregator 1 time.
Reduced MIP has 30227 rows, 2994 columns, and 117863 nonzeros.
Reduced MIP has 2994 binaries, 0 generals, 0 SOSs, and 0 indicators.
Presolve time = 0.09 sec. (86.40 ticks)
Represolve time = 0.33 sec. (304.92 ticks)
  35109     0   196332.5041   254   391167.0000      Cuts: 43  4438896   43.51%
  35109     0   196602.7461   246   391167.0000      Cuts: 50  4439049   43.51%
* 35109+    0                       384930.0000   220954.0217            42.60%
  35109     0   196916.7646   225   384930.0000      Cuts: 51  4439210   42.60%
* 35109+    0                       381354.0000   220954.0217            42.06%
  35109     0  -1.00000e+75     0   381354.0000   220954.0217  4439210   42.06%
  35109     0   197257.9507   247   381354.0000      Cuts: 58  4439394   42.06%
  35109     0   197498.3016   221   381354.0000      Cuts: 57  4439546   42.06%
  35109     0   197711.9255   223   381354.0000      Cuts: 60  4439703   42.06%
  35109     0   197936.0063   244   381354.0000      Cuts: 71  4439870   42.06%
  35109     0   198179.0539   215   381354.0000      Cuts: 74  4440028   42.06%
  35109     0   198385.3393   220   381354.0000     Cuts: 100  4440151   42.06%
  35109     0   198567.9583   214   381354.0000      Cuts: 67  4440240   42.06%
  35109     2   198567.9583   214   381354.0000   220954.0217  4440240   42.06%
  35112     5   212147.0194   176   381354.0000   220954.0217  4441199   42.06%
  35128     9   227817.2820   161   381354.0000   220954.0217  4443108   42.06%
  35165    45   214063.1819   195   381354.0000   220954.0217  4449856   42.06%
  35291   105   233586.3179   173   381354.0000   220954.0217  4465365   42.06%
  35421   239   297812.7059   157   381354.0000   220954.0217  4499788   42.06%
  35631   388   234358.2812   148   381354.0000   220954.0217  4532734   42.06%
  35957   649   236426.3421   179   381354.0000   220954.0217  4589929   42.06%
  36295   947   279971.6500   152   381354.0000   220954.0217  4646518   42.06%
  36660  1247   281806.6030   197   381354.0000   220954.0217  4709246   42.06%
Elapsed time = 2374.87 sec. (366405.13 ticks, tree = 21.08 MB, solutions = 20)
  37043  1622   303623.0000   179   381354.0000   220954.0217  4771115   42.06%
  37299  1906   264625.7381   175   381354.0000   220954.0217  4817093   42.06%
  37648  2116   316224.4805   186   381354.0000   220954.0217  4844145   42.06%
  38018  2539   342176.5455   169   381354.0000   220954.0217  4876517   42.06%
  38503  2882   298329.9667   173   381354.0000   220954.0217  4903223   42.06%
  39132  3369   330310.8836   162   381354.0000   220954.0217  4939351   42.06%
  39642  4088   361900.1947   177   381354.0000   220954.0217  4992626   42.06%
  40163  4606   237945.5289   236   381354.0000   220954.0217  5043612   42.06%
  40787  4917   311110.5386   193   381354.0000   220954.0217  5075230   42.06%
  41416  5671   356515.1786   162   381354.0000   220954.0217  5120704   42.06%
Elapsed time = 2650.01 sec. (404608.88 ticks, tree = 467.48 MB, solutions = 20)
  41884  6199   231661.2265   169   381354.0000   220954.0217  5170017   42.06%
  42360  6554   328094.1111   171   381354.0000   220954.0217  5223236   42.06%
  42959  7255   346233.1111   138   381354.0000   220954.0217  5285369   42.06%
  43644  7810   380244.0000    89   381354.0000   220954.0217  5320900   42.06%
  44278  8236   349913.7790   197   381354.0000   220954.0217  5350489   42.06%
  45011  9276   295706.5722   182   381354.0000   220954.0217  5423776   42.06%
  45643  9774   332505.5000   105   381354.0000   220954.0217  5473690   42.06%
  46455 10592   366533.6632   182   381354.0000   220954.0217  5524063   42.06%
  47115 11020   323468.6211   179   381354.0000   220954.0217  5561395   42.06%
  47808 11811   278118.0000   145   381354.0000   220954.0217  5626441   42.06%
Elapsed time = 2923.93 sec. (442815.10 ticks, tree = 1416.79 MB, solutions = 20)
  48357 12249   318091.5586   230   381354.0000   220954.0217  5664285   42.06%
  49044 13040   364027.0000   167   381354.0000   220954.0217  5749954   42.06%
  49735 13526   330448.3092   171   381354.0000   220954.0217  5781073   42.06%
  50341 14339   338586.7340   166   381354.0000   220954.0217  5859240   42.06%
  50821 14668   358545.8005   181   381354.0000   220954.0217  5889301   42.06%
* 51088+14796                       380172.0000   220954.0217            41.88%
* 51106+14796                       378269.0000   220954.0217            41.59%
* 51280+14796                       377095.0000   220954.0217            41.41%
  51345 15207   310721.7116   185   377095.0000   220954.0217  5940778   41.41%
  51999 15258   285545.9825   176   377095.0000   220954.0217  5970690   41.41%
  52616 16148   370729.0000   130   377095.0000   220954.0217  6039087   41.41%
  53315 16562   344421.7880   204   377095.0000   220954.0217  6075763   41.41%
  53855 17302   286335.6172   165   377095.0000   221040.8097  6142137   41.38%
Elapsed time = 3213.19 sec. (481048.51 ticks, tree = 2183.85 MB, solutions = 23)
Nodefile size = 126.29 MB (78.84 MB after compression)
  54499 17802   356424.7000   162   377095.0000   221739.1311  6191366   41.20%
Starting limited solution polishing.
  55106 18279   245389.1917   193   377095.0000   221739.1311  6233275   41.20%
  55605 18596   307432.7034   170   377095.0000   222200.6724  6259418   41.08%
  56149 19352   341265.5314   188   377095.0000   223319.3790  6329117   40.78%
  56569 19559   251614.0682   198   377095.0000   223508.3224  6348030   40.73%
  56812 20078   269924.2901   178   377095.0000   224005.8859  6391368   40.60%
  57165 20476   318526.0000   158   377095.0000   224085.3908  6430158   40.58%
  57495 20634   359186.5766   157   377095.0000   224085.3908  6445344   40.58%
  57826 20845   370324.8889   118   377095.0000   224148.1027  6465295   40.56%
  58427 21179   282299.0329   194   377095.0000   224784.9576  6493389   40.39%
Elapsed time = 3408.36 sec. (519283.85 ticks, tree = 2746.69 MB, solutions = 23)
Nodefile size = 679.03 MB (422.12 MB after compression)
  59015 22190        cutoff         377095.0000   225104.3617  6587722   40.31%
  59620 22626   345469.9025   176   377095.0000   225631.2770  6627365   40.17%
  60180 23280   320507.0797   180   377095.0000   225857.9238  6695229   40.11%
  60737 23420   285637.2500   150   377095.0000   226048.9696  6707201   40.06%
  61295 24302   333898.8230   176   377095.0000   226122.2215  6783025   40.04%
  61523 24381   262913.0973   205   377095.0000   226228.8984  6788947   40.01%
  61739 24818   310035.1667   180   377095.0000   226228.8984  6829751   40.01%
  62055 25079        cutoff         377095.0000   226310.0760  6845700   39.99%
  62385 25357   338226.9744   165   377095.0000   226310.0760  6872245   39.99%
* 62557+24858                       375839.0000   226310.0760            39.79%
* 62707+25399                       372086.0000   226569.2165            39.11%
* 62782+24611                       367441.0000   226626.6093            38.32%
  62824 25399   371058.6307   165   367441.0000   226626.6093  6884723   38.32%
Elapsed time = 3594.73 sec. (557480.66 ticks, tree = 3290.62 MB, solutions = 26)
Nodefile size = 1230.42 MB (763.71 MB after compression)
  62935 25107   318824.8750   103   367441.0000   226626.6093  6852494   38.32%

Implied bound cuts applied:  4
Zero-half cuts applied:  305
Lift and project cuts applied:  90
Gomory fractional cuts applied:  1

Root node processing (before b&c):
  Real time             =   41.58 sec. (14453.95 ticks)
Parallel b&c, 8 threads:
  Real time             = 3559.68 sec. (550049.85 ticks)
  Sync time (average)   =  601.48 sec.
  Wait time (average)   =    0.01 sec.
                          ------------
Total (root+branch&cut) = 3601.27 sec. (564503.80 ticks)
Status: Feasible
Obj: 367441

Instalacoes abertas:
Instalação 0 aberta
Instalação 1 aberta
Instalação 4 aberta
Instalação 8 aberta
Instalação 9 aberta
Instalação 13 aberta
Instalação 16 aberta
Instalação 20 aberta
Instalação 22 aberta
Instalação 30 aberta
Instalação 47 aberta

Atribuições (cliente -> instalação):
Cliente 0 -> Instalação 9
Cliente 1 -> Instalação 8
Cliente 2 -> Instalação 4
Cliente 3 -> Instalação 47
Cliente 4 -> Instalação 20
Cliente 5 -> Instalação 4
Cliente 6 -> Instalação 47
Cliente 7 -> Instalação 13
Cliente 8 -> Instalação 9
Cliente 9 -> Instalação 4
Cliente 10 -> Instalação 8
Cliente 11 -> Instalação 30
Cliente 12 -> Instalação 8
Cliente 13 -> Instalação 16
Cliente 14 -> Instalação 13
Cliente 15 -> Instalação 9
Cliente 16 -> Instalação 9
Cliente 17 -> Instalação 20
Cliente 18 -> Instalação 1
Cliente 19 -> Instalação 20
Cliente 20 -> Instalação 20
Cliente 21 -> Instalação 47
Cliente 22 -> Instalação 9
Cliente 23 -> Instalação 9
Cliente 24 -> Instalação 20
Cliente 25 -> Instalação 13
Cliente 26 -> Instalação 4
Cliente 27 -> Instalação 22
Cliente 28 -> Instalação 20
Cliente 29 -> Instalação 13
Cliente 30 -> Instalação 30
Cliente 31 -> Instalação 1
Cliente 32 -> Instalação 4
Cliente 33 -> Instalação 20
Cliente 34 -> Instalação 4
Cliente 35 -> Instalação 16
Cliente 36 -> Instalação 9
Cliente 37 -> Instalação 9
Cliente 38 -> Instalação 8
Cliente 39 -> Instalação 1
Cliente 40 -> Instalação 22
Cliente 41 -> Instalação 16
Cliente 42 -> Instalação 0
Cliente 43 -> Instalação 20
Cliente 44 -> Instalação 8
Cliente 45 -> Instalação 8
Cliente 46 -> Instalação 8
Cliente 47 -> Instalação 4
Cliente 48 -> Instalação 47
Cliente 49 -> Instalação 9
