Version identifier: 22.1.1.0 | 2022-11-28 | 9160aff4d
CPXPARAM_TimeLimit                               3600
Tried aggregator 1 time.
MIP Presolve eliminated 50 rows and 1 columns.
Reduced MIP has 39250 rows, 3284 columns, and 117650 nonzeros.
Reduced MIP has 3284 binaries, 0 generals, 0 SOSs, and 0 indicators.
Presolve time = 0.07 sec. (53.93 ticks)
Found incumbent of value 3.0446791e+07 after 0.08 sec. (68.77 ticks)
Probing time = 0.02 sec. (7.03 ticks)
Tried aggregator 1 time.
Detecting symmetries...
Reduced MIP has 39250 rows, 3284 columns, and 117650 nonzeros.
Reduced MIP has 3284 binaries, 0 generals, 0 SOSs, and 0 indicators.
Presolve time = 0.07 sec. (65.35 ticks)
Probing time = 0.02 sec. (7.18 ticks)
Clique table members: 2500.
MIP emphasis: balance optimality and feasibility.
MIP search method: dynamic search.
Parallel mode: deterministic, using up to 8 threads.
Root relaxation solution time = 0.13 sec. (58.64 ticks)

        Nodes                                         Cuts/
   Node  Left     Objective  IInf  Best Integer    Best Bound    ItCnt     Gap

*     0+    0                       3.04468e+07        0.0000           100.00%
*     0+    0                       2.24925e+07        0.0000           100.00%
*     0+    0                       878594.0000        0.0000           100.00%
*     0+    0                       864683.0000        0.0000           100.00%
      0     0    93774.0000   100   864683.0000    93774.0000      196   89.16%
*     0+    0                       662102.0000    93774.0000            85.84%
*     0+    0                       661696.0000    93774.0000            85.83%
      0     0   106217.5000   100   661696.0000    Cuts: 1846      433   83.95%
      0     0   118774.0000    98   661696.0000    Cuts: 1926      784   82.05%
      0     0   130875.6333   226   661696.0000 ZeroHalf: 785     2259   80.22%
*     0+    0                       633005.0000   130875.6333            79.32%
*     0+    0                       597824.0000   130875.6333            78.11%
*     0+    0                       574028.0000   130875.6333            77.20%
      0     0  -1.00000e+75     0   574028.0000   130875.6333     2259   77.20%
      0     0   136684.1344   218   574028.0000 ZeroHalf: 942     2875   76.19%
*     0+    0                       523466.0000   136684.1344            73.89%
      0     0   142256.9302   220   523466.0000     Cuts: 797     3583   72.82%
Detecting symmetries...
      0     0   149637.8976   184   523466.0000     Cuts: 802     4384   71.41%
      0     0   153269.8414   182   523466.0000     Cuts: 319     4919   70.72%
      0     0   156694.3740   176   523466.0000     Cuts: 237     5592   70.07%
      0     0   159948.9499   217   523466.0000     Cuts: 248     6108   69.44%
      0     0   161696.1749   210   523466.0000     Cuts: 212     6557   69.11%
      0     0   163640.4925   177   523466.0000     Cuts: 467     7001   68.74%
      0     0   165815.9011   200   523466.0000     Cuts: 134     7466   68.32%
      0     0   166873.8228   197   523466.0000     Cuts: 110     7790   68.12%
      0     0   167886.0429   181   523466.0000     Cuts: 354     8122   67.93%
      0     0   169080.1452   184   523466.0000      Cuts: 75     8501   67.70%
      0     0   170018.8659   218   523466.0000      Cuts: 53     8786   67.52%
      0     0   171398.0477   215   523466.0000      Cuts: 74     9197   67.26%
      0     0   172354.8345   176   523466.0000     Cuts: 349     9534   67.07%
      0     0   173260.4083   198   523466.0000      Cuts: 51     9855   66.90%
      0     0   173872.4469   202   523466.0000      Cuts: 69    10095   66.78%
      0     0   174416.1141   220   523466.0000      Cuts: 47    10297   66.68%
      0     0   174991.7223   216   523466.0000     Cuts: 211    10547   66.57%
      0     0   175440.1977   218   523466.0000      Cuts: 64    10697   66.48%
      0     0   176174.0192   214   523466.0000     Cuts: 106    10942   66.34%
      0     0   176923.3993   202   523466.0000      Cuts: 50    11143   66.20%
      0     0   177402.1843   215   523466.0000      Cuts: 52    11426   66.11%
      0     0   177970.1618   204   523466.0000      Cuts: 62    11674   66.00%
      0     0   178387.7239   217   523466.0000     Cuts: 225    11917   65.92%
      0     0   178871.1771   221   523466.0000  ZeroHalf: 59    12215   65.83%
      0     0   179177.6026   221   523466.0000  ZeroHalf: 45    12450   65.77%
      0     0   179432.2718   221   523466.0000      Cuts: 71    12600   65.72%
      0     0   179730.6865   219   523466.0000     Cuts: 159    12845   65.67%
      0     0   180076.7703   244   523466.0000  ZeroHalf: 41    13067   65.60%
      0     0   180347.6050   212   523466.0000      Cuts: 96    13282   65.55%
      0     0   180628.1403   210   523466.0000  ZeroHalf: 33    13414   65.49%
      0     0   180910.9179   206   523466.0000     Cuts: 101    13616   65.44%
      0     0   181232.6147   224   523466.0000     Cuts: 169    13844   65.38%
      0     0   181641.4152   220   523466.0000      Cuts: 38    14052   65.30%
      0     0   181898.1395   248   523466.0000      Cuts: 36    14248   65.25%
      0     0   182130.5715   250   523466.0000  ZeroHalf: 38    14472   65.21%
      0     0   182311.8763   253   523466.0000      Cuts: 52    14580   65.17%
      0     0   182382.5369   250   523466.0000      Cuts: 22    14636   65.16%
      0     0   182605.4659   215   523466.0000      Cuts: 19    14787   65.12%
      0     0   182663.3173   210   523466.0000     Cuts: 154    14866   65.11%
Detecting symmetries...
      0     2   182663.3173   210   523466.0000   182663.3173    14866   65.11%
Elapsed time = 20.72 sec. (15448.01 ticks, tree = 0.02 MB, solutions = 10)
      2     3   182707.9899   205   523466.0000   182665.8956    14946   65.10%
      7     9   198790.2631   169   523466.0000   182712.6431    17173   65.10%
     18    15   229419.2151   184   523466.0000   182805.3337    19144   65.08%
     35    22   195917.3272   193   523466.0000   183231.9007    22566   65.00%
     49    43   221643.6517   165   523466.0000   183231.9007    29124   65.00%
     62    60   247522.3115   124   523466.0000   183231.9007    36492   65.00%
     80    68   332505.8333   113   523466.0000   183231.9007    39073   65.00%
     97    91   323957.0000   100   523466.0000   183231.9007    47215   65.00%
    114   109   354285.5000    82   523466.0000   183231.9007    57154   65.00%
    315   248   398097.8333    86   523466.0000   183231.9007    76564   65.00%
Elapsed time = 39.52 sec. (18815.18 ticks, tree = 3.92 MB, solutions = 10)
*   530   407      integral     0   522858.0000   183231.9007    91948   64.96%
*   532   453      integral     0   522703.0000   183231.9007    96524   64.95%
    563   498   457754.0000    90   522703.0000   183231.9007   102230   64.95%
    667   587   199284.1253   164   522703.0000   198838.4468   123315   61.96%
    769   663   344781.8333   121   522703.0000   198838.4468   141457   61.96%
    956   747   518790.2500    29   522703.0000   198838.4468   156715   61.96%
   1147   891        cutoff         522703.0000   198838.4468   175494   61.96%
   1220  1056   227222.5847   188   522703.0000   200098.4685   199881   61.72%
   1295  1126   281635.4418   150   522703.0000   201462.3683   216547   61.46%
   1390  1195   315532.2366   140   522703.0000   201462.3683   229946   61.46%
   1516  1301   289340.2955   170   522703.0000   201462.3683   250743   61.46%
   1633  1416   316667.2748   151   522703.0000   201462.3683   268235   61.46%
Elapsed time = 103.73 sec. (28410.81 ticks, tree = 11.08 MB, solutions = 12)
   1665  1439   270596.6076   185   522703.0000   201462.3683   271687   61.46%

Performing restart 1

Repeating presolve.
Tried aggregator 1 time.
MIP Presolve eliminated 1305 rows and 57 columns.
Reduced MIP has 37945 rows, 3227 columns, and 113735 nonzeros.
Reduced MIP has 3227 binaries, 0 generals, 0 SOSs, and 0 indicators.
Presolve time = 0.06 sec. (54.13 ticks)
Tried aggregator 1 time.
Reduced MIP has 37945 rows, 3227 columns, and 113735 nonzeros.
Reduced MIP has 3227 binaries, 0 generals, 0 SOSs, and 0 indicators.
Presolve time = 0.07 sec. (65.28 ticks)
Represolve time = 0.20 sec. (169.30 ticks)
*  1666+    0                       522115.0000   201462.3683            61.41%
   1666     0   182953.7214   218   522115.0000      Cuts: 50   290273   61.41%
   1666     0   183200.6155   219   522115.0000      Cuts: 66   290444   61.41%
   1666     0   183509.0249   212   522115.0000      Cuts: 82   290619   61.41%
   1666     0   183884.8636   222   522115.0000      Cuts: 79   290813   61.41%
   1666     0   184349.6190   223   522115.0000      Cuts: 92   291104   61.41%
   1666     2   184349.6190   223   522115.0000   201462.3683   291104   61.41%
   1667     3   184518.8963   223   522115.0000   201462.3683   291231   61.41%
   1674     4   204294.0478   181   522115.0000   201462.3683   292165   61.41%
   1682     9   185075.5413   221   522115.0000   201462.3683   291901   61.41%
   1689    16   209025.0259   202   522115.0000   201462.3683   296592   61.41%
   1717    26   210730.0441   170   522115.0000   201462.3683   302636   61.41%
   1732    33   208002.1924   198   522115.0000   201462.3683   306214   61.41%
   1742    34   213314.0736   193   522115.0000   201462.3683   308880   61.41%
   1773    80   219775.8815   194   522115.0000   201462.3683   326770   61.41%
Elapsed time = 208.45 sec. (51819.46 ticks, tree = 1.10 MB, solutions = 13)
   1801   104   218928.6241   168   522115.0000   201462.3683   333859   61.41%
   1835   132   238350.3753   199   522115.0000   201462.3683   341925   61.41%
   1861   176   233290.0446   191   522115.0000   201462.3683   351048   61.41%
   1896   155   235099.9086   209   522115.0000   201462.3683   347155   61.41%
   1921   199   229422.5674   221   522115.0000   201462.3683   356344   61.41%
   1962   233   255711.3594   176   522115.0000   201462.3683   364532   61.41%
   2006   253   212926.0915   202   522115.0000   201462.3683   368408   61.41%
   2057   313   243542.0301   191   522115.0000   201462.3683   376310   61.41%
   2118   388   232943.3295   162   522115.0000   201462.3683   386205   61.41%
   2195   415   277515.6667   131   522115.0000   201462.3683   387807   61.41%
Elapsed time = 298.18 sec. (61798.08 ticks, tree = 38.16 MB, solutions = 13)
   2240   472   279208.4444   157   522115.0000   201462.3683   394994   61.41%
   2289   446   253651.9861   198   522115.0000   201462.3683   391366   61.41%
   2333   612   272079.9944   195   522115.0000   201462.3683   402908   61.41%
   2397   644   277192.8451   184   522115.0000   201462.3683   405439   61.41%
   2469   623   255317.7404   171   522115.0000   201462.3683   405993   61.41%
   2538   794   279254.5857   158   522115.0000   201462.3683   418486   61.41%
   2613   725   292790.6282   196   522115.0000   201462.3683   409552   61.41%
   2651   833   298864.2518   198   522115.0000   201462.3683   421828   61.41%
   2714   886   321510.6944   164   522115.0000   201462.3683   425860   61.41%
   2843  1012   303686.2368   149   522115.0000   201462.3683   434747   61.41%
Elapsed time = 384.01 sec. (71465.75 ticks, tree = 200.28 MB, solutions = 13)
   2930  1089   327710.0000    73   522115.0000   201462.3683   439571   61.41%
   3016  1015   300570.8875   201   522115.0000   201462.3683   435894   61.41%
   3148  1164   330348.4749   155   522115.0000   201462.3683   443891   61.41%
   3255  1371   398056.2500   108   522115.0000   201462.3683   453144   61.41%
   3379  1471   391043.5000    80   522115.0000   201462.3683   459869   61.41%
   3501  1676   392302.8000   126   522115.0000   201462.3683   467977   61.41%
   3587  1726   329997.1250   119   522115.0000   201462.3683   469787   61.41%
   3729  1744   375235.3750   174   522115.0000   201462.3683   470834   61.41%
   3837  1960   344915.4390   139   522115.0000   201462.3683   480119   61.41%
   3883  1997   413980.2917   127   522115.0000   201462.3683   481183   61.41%
Elapsed time = 452.04 sec. (81074.42 ticks, tree = 490.15 MB, solutions = 13)

Performing restart 2

Repeating presolve.
Tried aggregator 1 time.
MIP Presolve eliminated 38 rows and 1 columns.
Reduced MIP has 37907 rows, 3226 columns, and 148351 nonzeros.
Reduced MIP has 3226 binaries, 0 generals, 0 SOSs, and 0 indicators.
Presolve time = 0.12 sec. (115.03 ticks)
Tried aggregator 1 time.
Reduced MIP has 37907 rows, 3226 columns, and 148351 nonzeros.
Reduced MIP has 3226 binaries, 0 generals, 0 SOSs, and 0 indicators.
Presolve time = 0.12 sec. (108.12 ticks)
Represolve time = 0.32 sec. (287.07 ticks)
*  3899+    0                       521062.0000   201462.3683            61.34%
   3899     0   184852.9809   225   521062.0000      Cuts: 54   492546   61.34%
   3899     0   185211.5094   219   521062.0000      Cuts: 43   492712   61.34%
   3899     0   185610.6282   218   521062.0000      Cuts: 71   492905   61.34%
   3899     0   186082.1628   221   521062.0000      Cuts: 59   493144   61.34%
   3899     0   186670.1754   221   521062.0000      Cuts: 64   493476   61.34%
   3899     0   187031.1466   225   521062.0000      Cuts: 70   493701   61.34%
   3899     0   187248.8361   221   521062.0000      Cuts: 70   493882   61.34%
   3899     0   187543.6916   222   521062.0000      Cuts: 59   494120   61.34%
   3899     2   187543.6916   222   521062.0000   201462.3683   494120   61.34%
   3909     6   251868.8711   132   521062.0000   201462.3683   496287   61.34%
   3940    31   189193.6738   225   521062.0000   201462.3683   511775   61.34%
   3986    77   263259.3491   176   521062.0000   201462.3683   537390   61.34%
   4044   126   427365.5000    77   521062.0000   201462.3683   551076   61.34%
   4104   180   415155.5000    78   521062.0000   201462.3683   563392   61.34%
   4195   241   464094.5000    72   521062.0000   201462.3683   574647   61.34%
   4309   339   208807.0557   214   521062.0000   201462.3683   596470   61.34%
   4388   405   473964.0000    89   521062.0000   201462.3683   611181   61.34%
   4487   505   392752.5000    82   521062.0000   201462.3683   638522   61.34%
Elapsed time = 541.03 sec. (103123.86 ticks, tree = 7.12 MB, solutions = 14)
   4578   564   451356.5000    59   521062.0000   201462.3683   652675   61.34%
   4674   614   330720.0000    86   521062.0000   201462.3683   667163   61.34%
*  4765   746      integral     0   498340.0000   206372.2450   695458   58.59%
   4788   751   519108.0000    37   498340.0000   206372.2450   693972   58.59%
   4869   733   392531.6667   110   498340.0000   206372.2450   706589   58.59%
   4975   845   496451.5000    63   498340.0000   206372.2450   734375   58.59%
   5082   943   212335.0938   179   498340.0000   207206.6154   760075   58.42%
   5154   998   218088.4587   194   498340.0000   207604.7723   772897   58.34%
   5227  1115   447118.5000    70   498340.0000   207604.7723   795223   58.34%
   5306  1218   316670.6881   185   498340.0000   207604.7723   815015   58.34%
   5374  1237   268533.6434   194   498340.0000   207604.7723   819654   58.34%
Elapsed time = 620.02 sec. (112817.32 ticks, tree = 13.90 MB, solutions = 15)
   5439  1261   351243.1062   161   498340.0000   207604.7723   826155   58.34%
   5500  1345   385556.3785   131   498340.0000   207604.7723   845144   58.34%
   5545  1421   287072.6964   180   498340.0000   207604.7723   866558   58.34%
   5597  1465   390878.7586   151   498340.0000   207604.7723   876198   58.34%
   5662  1523   354146.6295   177   498340.0000   207604.7723   888767   58.34%
   5728  1575   333922.3205   192   498340.0000   207604.7723   899650   58.34%
   5799  1665   365553.6245   178   498340.0000   207604.7723   915458   58.34%
   5881  1698   349179.1588   202   498340.0000   207604.7723   923063   58.34%
   5986  1800   389628.2887   127   498340.0000   207604.7723   943247   58.34%
   6054  1854   292412.2302   161   498340.0000   207604.7723   953383   58.34%
Elapsed time = 694.84 sec. (122445.90 ticks, tree = 28.83 MB, solutions = 15)
   6125  1967   308288.4979   193   498340.0000   207604.7723   980604   58.34%
   6205  1984   326248.6150   172   498340.0000   207604.7723   985832   58.34%
   6274  2052   443274.1609   187   498340.0000   207604.7723  1000401   58.34%
   6369  2134   240947.4983   160   498340.0000   207889.1617  1018627   58.28%
   6467  2237   393441.0000    82   498340.0000   207889.1617  1037961   58.28%
   6556  2233   264488.6895   179   498340.0000   207889.1617  1039606   58.28%
   6624  2467   440281.1147   137   498340.0000   209013.6128  1084024   58.06%
   6705  2457   283447.8210   202   498340.0000   209013.6128  1082290   58.06%
   6786  2610   490056.9167   113   498340.0000   209216.1032  1110299   58.02%
   7065  2838   361398.5238   125   498340.0000   210214.4131  1162751   57.82%
Elapsed time = 796.76 sec. (134970.03 ticks, tree = 40.41 MB, solutions = 15)
   7385  3125   348295.2197   174   498340.0000   210286.4934  1219868   57.80%
   7780  3515   445457.5196   183   498340.0000   210383.1105  1274157   57.78%
   8108  3849   304865.4241   159   498340.0000   210383.1105  1324761   57.78%
   8498  4130        cutoff         498340.0000   210383.1105  1362313   57.78%
   8906  4468   358932.8161   160   498340.0000   211408.9207  1414578   57.58%
   9390  4923   429369.0000    70   498340.0000   212288.1593  1477450   57.40%
   9779  5281   293208.5670   220   498340.0000   213038.9599  1511424   57.25%
  10241  5836   231441.1433   212   498340.0000   215921.9526  1575638   56.67%
  10689  6145   266270.7577   188   498340.0000   216596.9286  1614653   56.54%
  11071  6693   248658.0036   179   498340.0000   217620.8782  1684233   56.33%
Elapsed time = 1133.63 sec. (173219.19 ticks, tree = 572.01 MB, solutions = 15)
* 11234+ 6553                       497223.0000   217620.8782            56.23%
  11547  6896   428321.8333   146   497223.0000   217620.8782  1707844   56.23%
  11980  7314   348937.3731   147   497223.0000   219338.8948  1754720   55.89%
  12440  7964   414258.8605   160   497223.0000   220038.6245  1824113   55.75%
  12845  8400   492068.0000    52   497223.0000   221990.9498  1886347   55.35%
  13199  8604   290689.8648   200   497223.0000   223856.8999  1920364   54.98%
  13650  8897   383112.3333   136   497223.0000   223856.8999  1958286   54.98%
  14088  9266   382723.0082   176   497223.0000   225643.4118  1998273   54.62%
* 14369  9755      integral     0   495451.0000   226139.8162  2058309   54.36%
  14441  9733   458834.3435   148   495451.0000   226139.8162  2052731   54.36%
  14811 10174   325862.7587   185   495451.0000   226430.2657  2122129   54.30%
  15270 10443   457673.8295   169   495451.0000   226645.3409  2153868   54.25%
Elapsed time = 1449.27 sec. (211479.09 ticks, tree = 1100.85 MB, solutions = 17)
  15714 10793   334332.6012   173   495451.0000   227386.0324  2199327   54.11%
  16225 11205   350595.6071   158   495451.0000   227842.1187  2244383   54.01%
  16677 11704   413456.2718   154   495451.0000   228010.4510  2289122   53.98%
  17105 12305   414452.0000   150   495451.0000   228252.4212  2358633   53.93%
  17631 12713   382162.0000    97   495451.0000   228437.3277  2404329   53.89%
  18075 13061   320072.3932   160   495451.0000   228814.1852  2441709   53.82%
  18616 13629   468974.0475   125   495451.0000   228814.1852  2514505   53.82%
  19142 13884   270238.8583   212   495451.0000   229381.4762  2537395   53.70%
  19577 14310   329678.3674   147   495451.0000   229640.6990  2583131   53.65%
  19881 14848   358164.9000   130   495451.0000   229753.5468  2632092   53.63%
Elapsed time = 1760.27 sec. (249680.51 ticks, tree = 1871.04 MB, solutions = 17)
  20256 15125   310904.4672   117   495451.0000   229753.5468  2654053   53.63%
  20714 15569   282419.3184   172   495451.0000   230154.0789  2703958   53.55%
  21177 16142   278951.0446   163   495451.0000   230224.6579  2766894   53.53%
  21618 16534   286516.6476   160   495451.0000   230471.5497  2808174   53.48%
* 21906 16567      integral     0   491302.0000   230484.7097  2813559   53.09%
  22133 16683   300696.3444   180   491302.0000   230484.7097  2849793   53.09%
  22600 17206   417384.1247   142   491302.0000   231052.4977  2910286   52.97%
  23065 17479   343519.9462   202   491302.0000   231077.6987  2952542   52.97%
  23567 17842   318465.5102   167   491302.0000   231238.5084  2988838   52.93%
  24133 18663   385744.7771   148   491302.0000   231312.4454  3067638   52.92%
  24655 18794   348205.1468   172   491302.0000   231411.1747  3080172   52.90%
Elapsed time = 2067.12 sec. (287921.83 ticks, tree = 2289.97 MB, solutions = 18)
Nodefile size = 217.76 MB (132.38 MB after compression)
  25154 19418   449917.2704   135   491302.0000   231569.9476  3135985   52.87%
  25680 20205   466008.1107   149   491302.0000   231783.8378  3216002   52.82%
  26191 20525   437343.5377   162   491302.0000   231898.3902  3246593   52.80%
  26717 20687   479580.5000    50   491302.0000   232002.4874  3268931   52.78%
  27108 21398   379752.5000    79   491302.0000   232201.0334  3335336   52.74%
  27628 21877   426784.4295   133   491302.0000   232317.7670  3391670   52.71%
* 27917+22220                       490876.0000   232367.1988            52.66%
  28114 22375   389383.1342   137   490876.0000   232367.1988  3457148   52.66%
  28568 22548   467175.8000   125   490876.0000   232661.8393  3475564   52.60%
  29037 23160   326054.4809   182   490876.0000   232776.8931  3536583   52.58%
  29487 23398   290903.4635   174   490876.0000   232999.6939  3565497   52.53%
Elapsed time = 2375.32 sec. (326169.31 ticks, tree = 3114.28 MB, solutions = 19)
Nodefile size = 1053.29 MB (640.27 MB after compression)
  30028 23954   375278.1939   174   490876.0000   233076.0430  3623121   52.52%
  30572 24407   393254.6628   131   490876.0000   233266.3331  3674777   52.48%
  31033 24973   340079.2694   208   490876.0000   233341.3737  3728010   52.46%
  31541 25099   410613.2173   146   490876.0000   233407.3521  3741263   52.45%
  31961 25590   278316.3169   242   490876.0000   233428.4537  3792816   52.45%
  32427 26198   328981.3598   151   490876.0000   233554.7954  3853724   52.42%
  33009 26811   256675.9800   191   490876.0000   233709.9509  3932879   52.39%
  33494 27206   390694.0637   125   490876.0000   233728.5098  3971733   52.39%
  34033 27786   330167.9112   159   490876.0000   233840.1243  4028618   52.36%
  34527 27972   406559.4173   143   490876.0000   233840.1243  4039110   52.36%
Elapsed time = 2680.03 sec. (364406.30 ticks, tree = 3962.38 MB, solutions = 19)
Nodefile size = 1869.71 MB (1134.91 MB after compression)
  35050 28824   409454.8611   165   490876.0000   234049.4085  4120370   52.32%
  35494 29436   334164.8587   260   490876.0000   234049.4085  4198596   52.32%
  35854 29859   374025.5000    79   490876.0000   234274.3465  4240236   52.27%
* 36237+29700                       486311.0000   234287.7280            51.82%
  36314 30150   270297.1504   208   486311.0000   234287.7280  4268599   51.82%
  36788 30192   441151.2333   129   486311.0000   234378.0747  4302710   51.80%
  37156 30740   383291.0000    91   486311.0000   234577.9721  4369606   51.76%
  37688 31130   261934.7788   200   486311.0000   234844.3033  4411987   51.71%
  38208 31519   327767.7622   196   486311.0000   234974.0267  4456840   51.68%
  38724 31596   434773.0579   143   486311.0000   235203.7960  4462260   51.64%
  39267 32453   303509.8319   225   486311.0000   235511.0476  4545021   51.57%
Elapsed time = 2947.13 sec. (402648.37 ticks, tree = 5015.70 MB, solutions = 20)
Nodefile size = 2950.00 MB (1791.01 MB after compression)
  39788 32547   454444.3518   210   486311.0000   235675.6848  4550479   51.54%
  40245 33448   360480.1899   181   486311.0000   235675.6848  4644684   51.54%
  40853 34055   393032.3349   187   486311.0000   235859.0941  4701310   51.50%
  41286 33893   385563.2050   205   486311.0000   236115.9336  4687343   51.45%
  41796 34796   291021.6935   192   486311.0000   236286.2791  4789360   51.41%
  42337 35088   420001.9915   164   486311.0000   236408.8999  4820644   51.39%
* 42515+35170                       485179.0000   236408.8999            51.27%
  42809 35623   347335.7500   158   485179.0000   236408.8999  4874934   51.27%
  43220 36509   291237.1935   195   485179.0000   236806.9011  4972070   51.19%
  43709 36563   379547.4445   228   485179.0000   236835.6084  4977090   51.19%
* 43841+36142                       482225.0000   236835.6084            50.89%
Starting limited solution polishing.
  44188 36640   469480.9865   157   482225.0000   236887.6928  5018032   50.88%
Elapsed time = 3241.10 sec. (440842.53 ticks, tree = 5725.45 MB, solutions = 22)
Nodefile size = 3659.04 MB (2220.46 MB after compression)
* 44426+36994                       480892.0000   236887.6928            50.74%
* 44541+36681                       469015.0000   236887.6928            49.49%
* 44543+36681                       468683.0000   236887.6928            49.46%
  44559 37138   332594.7483   156   468683.0000   236887.6928  5076409   49.46%
  45083 35631   463871.7725   175   468683.0000   236887.6928  5091229   49.46%
* 45362+35748                       467446.0000   236887.6928            49.32%
  45363 35991   431845.0000   119   467446.0000   236887.6928  5141993   49.32%
  45668 36311   369609.3625   177   467446.0000   237250.6333  5206519   49.25%
  46009 36377   260082.0803   175   467446.0000   237276.5982  5212654   49.24%
  46358 36939   372013.7583   150   467446.0000   237276.5982  5268724   49.24%
* 46750+36660                       461131.0000   237276.5982            48.54%
  46762 36739   297573.2091   210   461131.0000   237276.5982  5247571   48.54%
  46987 37271   329401.7067   196   461131.0000   237367.4568  5310521   48.52%
  47315 37742   305324.1110   159   461131.0000   237532.0033  5357711   48.49%
  47687 37754   451187.1725   154   461131.0000   237690.9630  5351499   48.45%
Elapsed time = 3444.41 sec. (479093.13 ticks, tree = 5904.37 MB, solutions = 31)
Nodefile size = 3837.32 MB (2327.70 MB after compression)
  48002 37209   296022.1287   207   461131.0000   237708.5075  5402765   48.45%
  48377 37707   294562.9708   232   461131.0000   237708.5075  5442655   48.45%
  48725 38203   324844.1496   190   461131.0000   237873.4629  5484807   48.42%
* 48968+38211                       459155.0000   237901.9483            48.19%
  48977 37944   386856.3971   157   459155.0000   237901.9483  5463208   48.19%
* 49104+38048                       459017.0000   237944.2608            48.16%
  49232 38152   413775.7269   160   459017.0000   237956.1151  5506299   48.16%
* 49482+38475                       456474.0000   237956.1151            47.87%
  49525 38408   302152.3297   210   456474.0000   237956.1151  5533965   47.87%
* 49707+38432                       455741.0000   238122.9233            47.75%
  49799 38157   282026.4461   199   455741.0000   238122.9233  5552573   47.75%
* 49833+38432                       455464.0000   238122.9233            47.72%
* 49844+38432                       455146.0000   238122.9233            47.68%
  50134 38508   413108.5668   170   455146.0000   238391.9686  5613998   47.62%
  50426 38609   419853.8485   102   455146.0000   238391.9686  5624297   47.62%
  50477 38650   269334.2848   160   455146.0000   238391.9686  5610121   47.62%
Elapsed time = 3602.93 sec. (518232.52 ticks, tree = 5865.81 MB, solutions = 45)
Nodefile size = 3771.66 MB (2284.25 MB after compression)

Zero-half cuts applied:  367
Lift and project cuts applied:  133

Root node processing (before b&c):
  Real time             =   20.67 sec. (15380.12 ticks)
Parallel b&c, 8 threads:
  Real time             = 3582.26 sec. (503944.93 ticks)
  Sync time (average)   =  668.71 sec.
  Wait time (average)   =    0.01 sec.
                          ------------
Total (root+branch&cut) = 3602.93 sec. (519325.05 ticks)
Status: Feasible
Obj: 455146

Instalacoes abertas:
Instalação 0 aberta
Instalação 1 aberta
Instalação 4 aberta
Instalação 8 aberta
Instalação 9 aberta
Instalação 13 aberta
Instalação 18 aberta
Instalação 20 aberta
Instalação 22 aberta
Instalação 25 aberta
Instalação 30 aberta
Instalação 39 aberta
Instalação 47 aberta
Instalação 49 aberta

Atribuições (cliente -> instalação):
Cliente 0 -> Instalação 49
Cliente 1 -> Instalação 4
Cliente 2 -> Instalação 20
Cliente 3 -> Instalação 47
Cliente 4 -> Instalação 4
Cliente 5 -> Instalação 9
Cliente 6 -> Instalação 47
Cliente 7 -> Instalação 20
Cliente 8 -> Instalação 4
Cliente 9 -> Instalação 9
Cliente 10 -> Instalação 8
Cliente 11 -> Instalação 25
Cliente 12 -> Instalação 8
Cliente 13 -> Instalação 9
Cliente 14 -> Instalação 1
Cliente 15 -> Instalação 0
Cliente 16 -> Instalação 49
Cliente 17 -> Instalação 4
Cliente 18 -> Instalação 18
Cliente 19 -> Instalação 4
Cliente 20 -> Instalação 9
Cliente 21 -> Instalação 47
Cliente 22 -> Instalação 25
Cliente 23 -> Instalação 13
Cliente 24 -> Instalação 1
Cliente 25 -> Instalação 20
Cliente 26 -> Instalação 4
Cliente 27 -> Instalação 22
Cliente 28 -> Instalação 1
Cliente 29 -> Instalação 30
Cliente 30 -> Instalação 25
Cliente 31 -> Instalação 1
Cliente 32 -> Instalação 9
Cliente 33 -> Instalação 47
Cliente 34 -> Instalação 4
Cliente 35 -> Instalação 20
Cliente 36 -> Instalação 13
Cliente 37 -> Instalação 8
Cliente 38 -> Instalação 9
Cliente 39 -> Instalação 39
Cliente 40 -> Instalação 22
Cliente 41 -> Instalação 13
Cliente 42 -> Instalação 0
Cliente 43 -> Instalação 20
Cliente 44 -> Instalação 8
Cliente 45 -> Instalação 8
Cliente 46 -> Instalação 8
Cliente 47 -> Instalação 9
Cliente 48 -> Instalação 13
Cliente 49 -> Instalação 49
